ASTRAL for PaRalogs and Orthologs III (ASTRAL-Pro3)
*** NOW with integrated CASTLES-Pro ***
Version: v1.22.3.6
Read 512 genetrees and found 100 species.
#Genetrees: 999
#Duploss: 5777
#Species: 100
#Rounds: 4
#Samples: 4
#Threads: 1
Use two-step algorithm!
Guide Tree 0/16
#NNI moves:0/152
Guide Tree 1/16
#NNI moves:0/152
Guide Tree 2/16
#NNI moves:0/152
Guide Tree 3/16
#NNI moves:0/152
Guide Tree 4/16
#NNI moves:0/152
Guide Tree 5/16
#NNI moves:0/152
Guide Tree 6/16
#NNI moves:0/152
Guide Tree 7/16
#NNI moves:0/152
Guide Tree 8/16
#NNI moves:0/152
Guide Tree 9/16
#NNI moves:0/152
Guide Tree 10/16
#NNI moves:0/152
Guide Tree 11/16
#NNI moves:0/152
Guide Tree 12/16
#NNI moves:0/152
Guide Tree 13/16
#NNI moves:0/152
Guide Tree 14/16
#NNI moves:0/152
Guide Tree 15/16
#NNI moves:0/152
Remaining: 0
#NNI moves:0/152
#NNI moves:0/152
((((((((((((((((((59,84),(74,73)),((85,46),(48,22))),(((((95,92),100),(13,43)),(((45,((27,60),29)),(53,(56,26))),80)),((64,72),78))),(54,98)),((((((69,55),35),34),(70,(40,86))),(65,24)),(75,(((21,90),87),79)))),((49,89),((32,96),57))),((37,38),(((81,88),(62,82)),(((((66,28),(99,14)),83),61),(67,42))))),((((52,47),(31,25)),(20,93)),((19,58),63))),((((36,(30,94)),91),(77,(((16,71),(44,(50,23))),97))),(((76,(68,15)),(51,18)),((41,33),(17,39))))),(2,(4,5))),7),(3,12)),10),(6,9)),8),1),11);
Guide Tree 0/16
#NNI moves:0/152
Guide Tree 1/16
#NNI moves:0/152
Guide Tree 2/16
#NNI moves:0/152
Guide Tree 3/16
#NNI moves:0/152
Guide Tree 4/16
#NNI moves:0/152
Guide Tree 5/16
#NNI moves:0/152
Guide Tree 6/16
#NNI moves:0/152
Guide Tree 7/16
#NNI moves:0/152
Guide Tree 8/16
#NNI moves:0/152
Guide Tree 9/16
#NNI moves:0/152
Guide Tree 10/16
#NNI moves:0/152
Guide Tree 11/16
#NNI moves:0/152
Guide Tree 12/16
#NNI moves:0/152
Guide Tree 13/16
#NNI moves:0/152
Guide Tree 14/16
#NNI moves:0/152
Guide Tree 15/16
#NNI moves:0/152
Remaining: 0
#NNI moves:0/152
#NNI moves:0/152
((((((((((((((((((((95,92),100),(43,13)),(((45,((60,27),29)),((26,56),53)),80)),(78,(72,64))),(((59,84),(73,74)),((22,48),(85,46)))),(54,98)),(((((86,40),70),(((69,55),35),34)),(65,24)),(((87,(21,90)),79),75))),((57,(96,32)),(89,49))),((((42,67),(61,(((14,99),(28,66)),83))),((81,88),(62,82))),(38,37))),((((31,25),(52,47)),(93,20)),((58,19),63))),((((97,(((50,23),44),(71,16))),77),(((94,30),36),91)),(((18,51),((68,15),76)),((17,39),(41,33))))),((5,4),2)),7),(3,12)),10),(9,6)),8),1),11);
Guide Tree 0/16
#NNI moves:0/152
Guide Tree 1/16
#NNI moves:0/152
Guide Tree 2/16
#NNI moves:0/152
Guide Tree 3/16
#NNI moves:0/152
Guide Tree 4/16
#NNI moves:0/152
Guide Tree 5/16
#NNI moves:0/152
Guide Tree 6/16
#NNI moves:0/152
Guide Tree 7/16
#NNI moves:0/152
Guide Tree 8/16
#NNI moves:0/152
Guide Tree 9/16
#NNI moves:0/152
Guide Tree 10/16
#NNI moves:0/152
Guide Tree 11/16
#NNI moves:0/152
Guide Tree 12/16
#NNI moves:0/152
Guide Tree 13/16
#NNI moves:0/152
Guide Tree 14/16
#NNI moves:0/152
Guide Tree 15/16
#NNI moves:0/152
Remaining: 0
#NNI moves:0/152
#NNI moves:0/152
((((((((((((((((((21,90),87),79),75),(((((55,69),35),34),((86,40),70)),(24,65))),(((((80,(((56,26),53),((29,(60,27)),45))),((13,43),((92,95),100))),(78,(72,64))),(((74,73),(84,59)),((46,85),(48,22)))),(98,54))),(((32,96),57),(89,49))),((((81,88),(82,62)),((61,(83,((28,66),(14,99)))),(42,67))),(37,38))),((((52,47),(25,31)),(93,20)),((58,19),63))),((((97,((16,71),(44,(23,50)))),77),(((94,30),36),91)),(((39,17),(33,41)),((18,51),(76,(68,15)))))),((5,4),2)),7),(3,12)),10),(6,9)),8),1),11);
Guide Tree 0/16
#NNI moves:0/152
Guide Tree 1/16
#NNI moves:0/152
Guide Tree 2/16
#NNI moves:0/152
Guide Tree 3/16
#NNI moves:0/152
Guide Tree 4/16
#NNI moves:0/152
Guide Tree 5/16
#NNI moves:0/152
Guide Tree 6/16
#NNI moves:0/152
Guide Tree 7/16
#NNI moves:0/152
Guide Tree 8/16
#NNI moves:0/152
Guide Tree 9/16
#NNI moves:0/152
Guide Tree 10/16
#NNI moves:0/152
Guide Tree 11/16
#NNI moves:0/152
Guide Tree 12/16
#NNI moves:0/152
Guide Tree 13/16
#NNI moves:0/152
Guide Tree 14/16
#NNI moves:0/152
Guide Tree 15/16
#NNI moves:0/152
Remaining: 0
#NNI moves:0/152
#NNI moves:0/152
(((((((((((((((((((43,13),((92,95),100)),(((((60,27),29),45),(53,(26,56))),80)),((72,64),78)),(((48,22),(85,46)),((59,84),(73,74)))),(98,54)),(((((35,(55,69)),34),((40,86),70)),(65,24)),((((90,21),87),79),75))),(((96,32),57),(49,89))),((((88,81),(62,82)),((42,67),((((66,28),(99,14)),83),61))),(37,38))),(((58,19),63),(((52,47),(31,25)),(20,93)))),(((((15,68),76),(51,18)),((17,39),(33,41))),((((30,94),36),91),(77,(((16,71),((23,50),44)),97))))),((4,5),2)),7),(12,3)),10),(9,6)),8),1),11);
Initial score: 2.33868e+09
Initial tree: (((((((((((((((((((43,13),((92,95),100)),(((((60,27),29),45),(53,(26,56))),80)),((72,64),78)),(((48,22),(85,46)),((59,84),(73,74)))),(98,54)),(((((35,(55,69)),34),((40,86),70)),(65,24)),((((90,21),87),79),75))),(((96,32),57),(49,89))),((((88,81),(62,82)),((42,67),((((66,28),(99,14)),83),61))),(37,38))),(((58,19),63),(((52,47),(31,25)),(20,93)))),(((((15,68),76),(51,18)),((17,39),(33,41))),((((30,94),36),91),(77,(((16,71),((23,50),44)),97))))),((4,5),2)),7),(12,3)),10),(9,6)),8),1),11);
*** Subsample Process ***
Use two-step algorithm!
#NNI moves:0/152
Remaining: 0
#NNI moves:0/152
#NNI moves:0/152
((((((((((((((((((30,94),36),91),((((16,71),(44,(50,23))),97),77)),((((68,15),76),(18,51)),((17,39),(33,41)))),(((((((1,11),8),(6,9)),10),(12,3)),7),((4,5),2))),((((52,47),(25,31)),(93,20)),(63,(19,58)))),((((88,81),(62,82)),(((((66,28),(14,99)),83),61),(67,42))),(38,37))),((49,89),(57,(96,32)))),((((((55,69),35),34),((40,86),70)),(24,65)),((((90,21),87),79),75))),(98,54)),(((84,59),(73,74)),((48,22),(85,46)))),(78,(72,64))),((((56,26),53),((29,(60,27)),45)),80)),(13,43)),100),92),95);
#NNI moves:0/152
Remaining: 0
#NNI moves:0/152
#NNI moves:0/152
((((((((((((((((((22,48),(46,85)),((84,59),(73,74))),(((((92,95),100),(13,43)),(80,(((29,(60,27)),45),((56,26),53)))),(78,(72,64)))),(98,54)),((((((69,55),35),34),((86,40),70)),(65,24)),(75,(79,((21,90),87))))),((49,89),(57,(32,96)))),((((81,88),(62,82)),(((((66,28),(99,14)),83),61),(67,42))),(38,37))),(((19,58),63),((20,93),((31,25),(47,52))))),(((((15,68),76),(51,18)),((33,41),(17,39))),((91,((30,94),36)),((((16,71),((23,50),44)),97),77)))),((5,4),2)),7),(3,12)),10),(6,9)),8),11),1);
#NNI moves:0/152
Remaining: 0
#NNI moves:0/152
#NNI moves:0/152
((((((((((((((91,((30,94),36)),((((16,71),((23,50),44)),97),77)),(((17,39),(33,41)),((76,(15,68)),(18,51)))),((((3,12),(10,(((11,1),8),(9,6)))),7),((4,5),2))),((((47,52),(25,31)),(20,93)),((58,19),63))),((((88,81),(82,62)),(((((99,14),(66,28)),83),61),(42,67))),(38,37))),((89,49),((32,96),57))),(((((35,(69,55)),34),((86,40),70)),(65,24)),(((87,(90,21)),79),75))),(54,98)),(((((95,92),100),(13,43)),((((26,56),53),(((27,60),29),45)),80)),((64,72),78))),((85,46),(48,22))),(73,74)),59),84);
#NNI moves:0/152
Remaining: 0
#NNI moves:0/152
#NNI moves:0/152
(((((((((((((((((((95,92),100),(43,13)),(((53,(56,26)),((29,(27,60)),45)),80)),((72,64),78)),(((46,85),(48,22)),((74,73),(84,59)))),(54,98)),(((((90,21),87),79),75),((65,24),((((55,69),35),34),(70,(40,86)))))),(((32,96),57),(49,89))),(((((((66,28),(99,14)),83),61),(67,42)),((62,82),(88,81))),(38,37))),((((52,47),(31,25)),(20,93)),((58,19),63))),((((39,17),(41,33)),((76,(68,15)),(18,51))),((((((50,23),44),(71,16)),97),77),(((30,94),36),91)))),((5,4),2)),7),(3,12)),10),(8,(1,11))),9),6);
Current score: 2.33868e+09
Current tree: ((1,(8,(((((((((((((((((95,92),100),(43,13)),(((53,(56,26)),((29,(27,60)),45)),80)),((72,64),78)),(((46,85),(48,22)),((74,73),(84,59)))),(54,98)),(((((90,21),87),79),75),((65,24),((((55,69),35),34),(70,(40,86)))))),(((32,96),57),(49,89))),(((((((66,28),(99,14)),83),61),(67,42)),((62,82),(88,81))),(38,37))),((((52,47),(31,25)),(20,93)),((58,19),63))),((((39,17),(41,33)),((76,(68,15)),(18,51))),((((((50,23),44),(71,16)),97),77),(((30,94),36),91)))),((5,4),2)),7),(3,12)),10),(9,6)))),11);
Final Tree: ((1,(8,(((((((((((((((((95,92),100),(43,13)),(((53,(56,26)),((29,(27,60)),45)),80)),((72,64),78)),(((46,85),(48,22)),((74,73),(84,59)))),(54,98)),(((((90,21),87),79),75),((65,24),((((55,69),35),34),(70,(40,86)))))),(((32,96),57),(49,89))),(((((((66,28),(99,14)),83),61),(67,42)),((62,82),(88,81))),(38,37))),((((52,47),(31,25)),(20,93)),((58,19),63))),((((39,17),(41,33)),((76,(68,15)),(18,51))),((((((50,23),44),(71,16)),97),77),(((30,94),36),91)))),((5,4),2)),7),(3,12)),10),(9,6)))),11);
#EqQuartets: 2343864526
Score: 2338682485
ASTRAL for PaRalogs and Orthologs III (ASTRAL-Pro3)
*** NOW with integrated CASTLES-Pro ***
Version: v1.22.3.6
Read 512 genetrees and found 100 species.
#Genetrees: 1000
#Duploss: 5524
#Species: 100
#Rounds: 4
#Samples: 4
#Threads: 1
Use two-step algorithm!
Guide Tree 0/16
#NNI moves:0/152
Guide Tree 1/16
#NNI moves:0/152
Guide Tree 2/16
#NNI moves:0/152
Guide Tree 3/16
#NNI moves:0/152
Guide Tree 4/16
#NNI moves:0/152
Guide Tree 5/16
#NNI moves:0/152
Guide Tree 6/16
#NNI moves:0/152
Guide Tree 7/16
#NNI moves:0/152
Guide Tree 8/16
#NNI moves:0/152
Guide Tree 9/16
#NNI moves:0/152
Guide Tree 10/16
#NNI moves:0/152
Guide Tree 11/16
#NNI moves:0/152
Guide Tree 12/16
#NNI moves:0/152
Guide Tree 13/16
#NNI moves:0/152
Guide Tree 14/16
#NNI moves:0/152
Guide Tree 15/16
#NNI moves:0/152
Remaining: 0
#NNI moves:0/152
#NNI moves:0/152
(((((((((((((((((((8,3),25),13),(15,72)),((1,61),(((((42,28),(11,76)),39),12),(37,29)))),((54,33),((7,49),9))),(57,5)),(((38,51),52),((75,65),(36,71)))),(14,(((67,56),17),48))),((24,21),(50,18))),((((58,((73,43),69)),44),(10,(31,(46,41)))),((((20,6),((53,22),((35,63),60))),((32,19),62)),(((4,(27,26)),(2,(66,68))),74)))),(((((40,16),55),(64,47)),(30,70)),((45,23),(59,34)))),((((99,93),78),(95,(91,88))),(87,80))),((100,((98,77),85)),(83,86))),(((89,92),81),94)),((82,96),90)),97),79),84);
Guide Tree 0/16
#NNI moves:0/152
Guide Tree 1/16
#NNI moves:0/152
Guide Tree 2/16
#NNI moves:0/152
Guide Tree 3/16
#NNI moves:0/152
Guide Tree 4/16
#NNI moves:0/152
Guide Tree 5/16
#NNI moves:0/152
Guide Tree 6/16
#NNI moves:0/152
Guide Tree 7/16
#NNI moves:0/152
Guide Tree 8/16
#NNI moves:0/152
Guide Tree 9/16
#NNI moves:0/152
Guide Tree 10/16
#NNI moves:0/152
Guide Tree 11/16
#NNI moves:0/152
Guide Tree 12/16
#NNI moves:0/152
Guide Tree 13/16
#NNI moves:0/152
Guide Tree 14/16
#NNI moves:0/152
Guide Tree 15/16
#NNI moves:0/152
Remaining: 0
#NNI moves:0/152
#NNI moves:0/152
((((((((((((((((((12,(39,((76,11),(42,28)))),(29,37)),(1,61)),((((8,3),25),13),(15,72))),(((7,49),9),(54,33))),(57,5)),(((38,51),52),((71,36),(65,75)))),((48,(17,(56,67))),14)),((18,50),(24,21))),(((((19,32),62),((20,6),((60,(63,35)),(22,53)))),((((26,27),4),((66,68),2)),74)),((((69,(73,43)),58),44),((31,(46,41)),10)))),((((64,47),(55,(40,16))),(70,30)),((59,34),(23,45)))),(((95,(91,88)),(78,(99,93))),(80,87))),((((77,98),85),100),(83,86))),(94,((89,92),81))),((82,96),90)),97),79),84);
Guide Tree 0/16
#NNI moves:0/152
Guide Tree 1/16
#NNI moves:0/152
Guide Tree 2/16
#NNI moves:0/152
Guide Tree 3/16
#NNI moves:0/152
Guide Tree 4/16
#NNI moves:0/152
Guide Tree 5/16
#NNI moves:0/152
Guide Tree 6/16
#NNI moves:0/152
Guide Tree 7/16
#NNI moves:0/152
Guide Tree 8/16
#NNI moves:0/152
Guide Tree 9/16
#NNI moves:0/152
Guide Tree 10/16
#NNI moves:0/152
Guide Tree 11/16
#NNI moves:0/152
Guide Tree 12/16
#NNI moves:0/152
Guide Tree 13/16
#NNI moves:0/152
Guide Tree 14/16
#NNI moves:0/152
Guide Tree 15/16
#NNI moves:0/152
Remaining: 0
#NNI moves:0/152
#NNI moves:0/152
(((((((((((((((((7,49),9),(54,33)),((((25,(3,8)),13),(72,15)),((61,1),(((((28,42),(11,76)),39),12),(37,29))))),(57,5)),(((65,75),(71,36)),((38,51),52))),((((67,56),17),48),14)),((50,18),(21,24))),(((((20,6),(((63,35),60),(22,53))),((19,32),62)),((((27,26),4),(2,(68,66))),74)),((44,((69,(73,43)),58)),(((46,41),31),10)))),(((30,70),(((40,16),55),(47,64))),((59,34),(45,23)))),((((99,93),78),((88,91),95)),(80,87))),((((77,98),85),100),(86,83))),(94,((92,89),81))),((96,82),90)),97),79),84);
Guide Tree 0/16
#NNI moves:0/152
Guide Tree 1/16
#NNI moves:0/152
Guide Tree 2/16
#NNI moves:0/152
Guide Tree 3/16
#NNI moves:0/152
Guide Tree 4/16
#NNI moves:0/152
Guide Tree 5/16
#NNI moves:0/152
Guide Tree 6/16
#NNI moves:0/152
Guide Tree 7/16
#NNI moves:0/152
Guide Tree 8/16
#NNI moves:0/152
Guide Tree 9/16
#NNI moves:0/152
Guide Tree 10/16
#NNI moves:0/152
Guide Tree 11/16
#NNI moves:0/152
Guide Tree 12/16
#NNI moves:0/152
Guide Tree 13/16
#NNI moves:0/152
Guide Tree 14/16
#NNI moves:0/152
Guide Tree 15/16
#NNI moves:0/152
Remaining: 0
#NNI moves:0/152
#NNI moves:0/152
((((((((((((((((((37,29),((((11,76),(42,28)),39),12)),(1,61)),((((3,8),25),13),(15,72))),(((49,7),9),(54,33))),(5,57)),((52,(38,51)),((65,75),(71,36)))),(14,(48,((67,56),17)))),((21,24),(50,18))),(((((6,20),((53,22),((35,63),60))),((32,19),62)),((((68,66),2),((26,27),4)),74)),((((69,(43,73)),58),44),(10,(31,(46,41)))))),(((34,59),(23,45)),((((40,16),55),(47,64)),(30,70)))),(((78,(99,93)),((91,88),95)),(80,87))),((86,83),((85,(98,77)),100))),(((89,92),81),94)),(90,(96,82))),97),79),84);
Initial score: 2.3166e+09
Initial tree: ((((((((((((((((((37,29),((((11,76),(42,28)),39),12)),(1,61)),((((3,8),25),13),(15,72))),(((49,7),9),(54,33))),(5,57)),((52,(38,51)),((65,75),(71,36)))),(14,(48,((67,56),17)))),((21,24),(50,18))),(((((6,20),((53,22),((35,63),60))),((32,19),62)),((((68,66),2),((26,27),4)),74)),((((69,(43,73)),58),44),(10,(31,(46,41)))))),(((34,59),(23,45)),((((40,16),55),(47,64)),(30,70)))),(((78,(99,93)),((91,88),95)),(80,87))),((86,83),((85,(98,77)),100))),(((89,92),81),94)),(90,(96,82))),97),79),84);
*** Subsample Process ***
Use two-step algorithm!
#NNI moves:0/152
Remaining: 0
#NNI moves:0/152
#NNI moves:0/152
(((((((((((((((((40,16),55),(64,47)),(30,70)),((59,34),(45,23))),((((94,((92,89),81)),(((79,84),97),(90,(96,82)))),((86,83),(((98,77),85),100))),((((99,93),78),((88,91),95)),(87,80)))),(((((6,20),((53,22),((63,35),60))),((19,32),62)),((((27,26),4),(2,(68,66))),74)),(((((73,43),69),58),44),((31,(41,46)),10)))),((21,24),(18,50))),((((56,67),17),48),14)),(((75,65),(71,36)),((51,38),52))),(57,5)),((33,54),((49,7),9))),((((8,3),25),13),(15,72))),(61,1)),(12,(((11,76),(42,28)),39))),29),37);
#NNI moves:0/152
Remaining: 0
#NNI moves:0/152
#NNI moves:0/152
(((((((((((((((((((((76,11),(28,42)),39),12),(29,37)),(61,1)),((((3,8),25),13),(72,15))),((54,33),(9,(7,49)))),(5,57)),(((75,65),(71,36)),((38,51),52))),((((67,56),17),48),14)),((24,21),(18,50))),(((((20,6),((53,22),((63,35),60))),((32,19),62)),((((27,26),4),(2,(68,66))),74)),((((41,46),31),10),((((73,43),69),58),44)))),(((34,59),(23,45)),((30,70),((47,64),(55,(16,40)))))),((87,80),((78,(93,99)),(95,(91,88))))),((83,86),(((77,98),85),100))),(((92,89),81),94)),((82,96),90)),97),84),79);
#NNI moves:0/152
Remaining: 0
#NNI moves:0/152
#NNI moves:0/152
(((((((((((((((((6,20),(((35,63),60),(53,22))),(62,(19,32))),((((66,68),2),(4,(27,26))),74)),(((((73,43),69),58),44),((31,(41,46)),10))),((((30,70),(((16,40),55),(47,64))),((34,59),(23,45))),(((((93,99),78),((88,91),95)),(80,87)),(((((82,96),90),((84,79),97)),((81,(89,92)),94)),((83,86),(((98,77),85),100)))))),((50,18),(24,21))),(((17,(67,56)),48),14)),(((75,65),(71,36)),((38,51),52))),(5,57)),(((49,7),9),(33,54))),((((8,3),25),13),(72,15))),(61,1)),(29,37)),12),((42,28),(11,76))),39);
#NNI moves:0/152
Remaining: 0
#NNI moves:0/152
#NNI moves:0/152
(((((((((((((((((((8,3),25),13),(15,72)),((((((28,42),(11,76)),39),12),(37,29)),(61,1))),(((49,7),9),(54,33))),(5,57)),((52,(51,38)),((75,65),(36,71)))),((48,((56,67),17)),14)),((50,18),(21,24))),((((((53,22),((35,63),60)),(6,20)),((32,19),62)),(((2,(66,68)),(4,(27,26))),74)),((((46,41),31),10),((((43,73),69),58),44)))),(((((40,16),55),(64,47)),(70,30)),((45,23),(59,34)))),((((99,93),78),((91,88),95)),(80,87))),(((85,(77,98)),100),(86,83))),(((92,89),81),94)),(97,(79,84))),90),96),82);
Current score: 2.3166e+09
Current tree: ((79,(97,((((((((((((((((8,3),25),13),(15,72)),((((((28,42),(11,76)),39),12),(37,29)),(61,1))),(((49,7),9),(54,33))),(5,57)),((52,(51,38)),((75,65),(36,71)))),((48,((56,67),17)),14)),((50,18),(21,24))),((((((53,22),((35,63),60)),(6,20)),((32,19),62)),(((2,(66,68)),(4,(27,26))),74)),((((46,41),31),10),((((43,73),69),58),44)))),(((((40,16),55),(64,47)),(70,30)),((45,23),(59,34)))),((((99,93),78),((91,88),95)),(80,87))),(((85,(77,98)),100),(86,83))),(((92,89),81),94)),(90,(96,82))))),84);
Final Tree: ((79,(97,((((((((((((((((8,3),25),13),(15,72)),((((((28,42),(11,76)),39),12),(37,29)),(61,1))),(((49,7),9),(54,33))),(5,57)),((52,(51,38)),((75,65),(36,71)))),((48,((56,67),17)),14)),((50,18),(21,24))),((((((53,22),((35,63),60)),(6,20)),((32,19),62)),(((2,(66,68)),(4,(27,26))),74)),((((46,41),31),10),((((43,73),69),58),44)))),(((((40,16),55),(64,47)),(70,30)),((45,23),(59,34)))),((((99,93),78),((91,88),95)),(80,87))),(((85,(77,98)),100),(86,83))),(((92,89),81),94)),(90,(96,82))))),84);
#EqQuartets: 2336373729
Score: 2316595734
ASTRAL for PaRalogs and Orthologs III (ASTRAL-Pro3)
*** NOW with integrated CASTLES-Pro ***
Version: v1.22.3.6
Read 512 genetrees and found 100 species.
#Genetrees: 1000
#Duploss: 4944
#Species: 100
#Rounds: 4
#Samples: 4
#Threads: 1
Use two-step algorithm!
Guide Tree 0/16
#NNI moves:0/152
Guide Tree 1/16
#NNI moves:0/152
Guide Tree 2/16
#NNI moves:0/152
Guide Tree 3/16
#NNI moves:0/152
Guide Tree 4/16
#NNI moves:0/152
Guide Tree 5/16
#NNI moves:0/152
Guide Tree 6/16
#NNI moves:0/152
Guide Tree 7/16
#NNI moves:0/152
Guide Tree 8/16
#NNI moves:0/152
Guide Tree 9/16
#NNI moves:0/152
Guide Tree 10/16
#NNI moves:0/152
Guide Tree 11/16
#NNI moves:0/152
Guide Tree 12/16
#NNI moves:0/152
Guide Tree 13/16
#NNI moves:0/152
Guide Tree 14/16
#NNI moves:0/152
Guide Tree 15/16
#NNI moves:0/152
Remaining: 0
#NNI moves:0/152
#NNI moves:0/152
((((((((((((((35,40),(6,(23,(15,44)))),((37,30),(5,45))),52),((11,(43,49)),50)),(57,12)),(47,((36,22),2))),56),(((8,20),25),((51,14),55))),((((13,21),(46,4)),28),((18,1),31))),(((19,((32,54),(9,(53,24)))),(26,27)),(3,10))),(((((91,62),88),((98,96),((71,80),97))),((((59,85),(((58,87),((83,(90,75)),(63,(79,61)))),81)),(100,(86,73))),(93,74))),((((((99,76),64),77),(89,(92,94))),((69,(82,(65,(67,70)))),68)),((((60,84),95),78),(66,72))))),(((7,((29,(34,(48,17))),16)),39),(42,(33,38)))),41);
Guide Tree 0/16
#NNI moves:0/152
Guide Tree 1/16
#NNI moves:0/152
Guide Tree 2/16
#NNI moves:0/152
Guide Tree 3/16
#NNI moves:0/152
Guide Tree 4/16
#NNI moves:0/152
Guide Tree 5/16
#NNI moves:0/152
Guide Tree 6/16
#NNI moves:0/152
Guide Tree 7/16
#NNI moves:0/152
Guide Tree 8/16
#NNI moves:0/152
Guide Tree 9/16
#NNI moves:0/152
Guide Tree 10/16
#NNI moves:0/152
Guide Tree 11/16
#NNI moves:0/152
Guide Tree 12/16
#NNI moves:0/152
Guide Tree 13/16
#NNI moves:0/152
Guide Tree 14/16
#NNI moves:0/152
Guide Tree 15/16
#NNI moves:0/152
Remaining: 0
#NNI moves:0/152
#NNI moves:0/152
((((((((((((((35,40),(((44,15),23),6)),((45,5),(30,37))),52),(50,(11,(49,43)))),(57,12)),(((36,22),2),47)),56),((55,(14,51)),((8,20),25))),((((4,46),(13,21)),28),((1,18),31))),(((((54,32),((53,24),9)),19),(27,26)),(10,3))),(((((96,98),(97,(71,80))),(88,(62,91))),(((100,(73,86)),((85,59),(((((90,75),83),(63,(79,61))),(87,58)),81))),(74,93))),((((((99,76),64),77),((92,94),89)),(((((67,70),65),82),69),68)),((72,66),(78,(95,(84,60))))))),(((((((17,48),34),29),16),7),39),((38,33),42))),41);
Guide Tree 0/16
#NNI moves:0/152
Guide Tree 1/16
#NNI moves:0/152
Guide Tree 2/16
#NNI moves:0/152
Guide Tree 3/16
#NNI moves:0/152
Guide Tree 4/16
#NNI moves:0/152
Guide Tree 5/16
#NNI moves:0/152
Guide Tree 6/16
#NNI moves:0/152
Guide Tree 7/16
#NNI moves:0/152
Guide Tree 8/16
#NNI moves:0/152
Guide Tree 9/16
#NNI moves:0/152
Guide Tree 10/16
#NNI moves:0/152
Guide Tree 11/16
#NNI moves:0/152
Guide Tree 12/16
#NNI moves:0/152
Guide Tree 13/16
#NNI moves:0/152
Guide Tree 14/16
#NNI moves:0/152
Guide Tree 15/16
#NNI moves:0/152
Remaining: 0
#NNI moves:0/152
#NNI moves:0/152
((((((((((((((5,45),(37,30)),(((23,(15,44)),6),(35,40))),52),(50,((43,49),11))),(57,12)),(47,(2,(36,22)))),56),(((20,8),25),(55,(51,14)))),((((46,4),(21,13)),28),((1,18),31))),((3,10),((19,((9,(24,53)),(54,32))),(27,26)))),(((((((99,76),64),77),((94,92),89)),(68,((82,((70,67),65)),69))),((((60,84),95),78),(72,66))),(((((73,86),100),((((((79,61),63),((75,90),83)),(58,87)),81),(59,85))),(93,74)),(((96,98),((71,80),97)),(88,(62,91)))))),(((((((17,48),34),29),16),7),39),((38,33),42))),41);
Guide Tree 0/16
#NNI moves:0/152
Guide Tree 1/16
#NNI moves:0/152
Guide Tree 2/16
#NNI moves:0/152
Guide Tree 3/16
#NNI moves:0/152
Guide Tree 4/16
#NNI moves:0/152
Guide Tree 5/16
#NNI moves:0/152
Guide Tree 6/16
#NNI moves:0/152
Guide Tree 7/16
#NNI moves:0/152
Guide Tree 8/16
#NNI moves:0/152
Guide Tree 9/16
#NNI moves:0/152
Guide Tree 10/16
#NNI moves:0/152
Guide Tree 11/16
#NNI moves:0/152
Guide Tree 12/16
#NNI moves:0/152
Guide Tree 13/16
#NNI moves:0/152
Guide Tree 14/16
#NNI moves:0/152
Guide Tree 15/16
#NNI moves:0/152
Remaining: 0
#NNI moves:0/152
#NNI moves:0/152
((((((((((((((5,45),(37,30)),((((15,44),23),6),(35,40))),52),(50,(11,(49,43)))),(57,12)),(((22,36),2),47)),56),(((51,14),55),((8,20),25))),((31,(1,18)),(((21,13),(46,4)),28))),(((27,26),(19,(((53,24),9),(32,54)))),(10,3))),((((((((70,67),65),82),69),68),((((76,99),64),77),(89,(92,94)))),((72,66),(78,((60,84),95)))),(((((((((75,90),83),(63,(79,61))),(58,87)),81),(59,85)),(100,(73,86))),(93,74)),(((98,96),((80,71),97)),(88,(91,62)))))),((((16,(((48,17),34),29)),7),39),(42,(38,33)))),41);
Initial score: 2.34288e+09
Initial tree: ((((((((((((((5,45),(37,30)),((((15,44),23),6),(35,40))),52),(50,(11,(49,43)))),(57,12)),(((22,36),2),47)),56),(((51,14),55),((8,20),25))),((31,(1,18)),(((21,13),(46,4)),28))),(((27,26),(19,(((53,24),9),(32,54)))),(10,3))),((((((((70,67),65),82),69),68),((((76,99),64),77),(89,(92,94)))),((72,66),(78,((60,84),95)))),(((((((((75,90),83),(63,(79,61))),(58,87)),81),(59,85)),(100,(73,86))),(93,74)),(((98,96),((80,71),97)),(88,(91,62)))))),((((16,(((48,17),34),29)),7),39),(42,(38,33)))),41);
*** Subsample Process ***
Use two-step algorithm!
#NNI moves:0/152
Remaining: 0
#NNI moves:0/152
#NNI moves:0/152
((((((((((((((((((((76,99),64),77),((92,94),89)),(68,(((65,(70,67)),82),69))),((((84,60),95),78),(72,66))),(((((59,85),(((87,58),((63,(61,79)),((75,90),83))),81)),((86,73),100)),(74,93)),(((98,96),((71,80),97)),((62,91),88)))),(((42,(38,33)),(39,((16,((34,(17,48)),29)),7))),41)),(((19,((32,54),(9,(24,53)))),(26,27)),(10,3))),((((46,4),(13,21)),28),((1,18),31))),(((51,14),55),(25,(8,20)))),56),((2,(36,22)),47)),(12,57)),(((43,49),11),50)),52),(((23,(15,44)),6),(40,35))),(30,37)),5),45);
#NNI moves:0/152
Remaining: 0
#NNI moves:0/152
#NNI moves:0/152
(((((((((((((((((23,(44,15)),6),(35,40)),((37,30),(5,45))),52),(50,((43,49),11))),(12,57)),(((22,36),2),47)),56),(((14,51),55),((20,8),25))),((((13,21),(46,4)),28),((1,18),31))),(((((32,54),((53,24),9)),19),(26,27)),(3,10))),((((((((((75,90),83),((61,79),63)),(87,58)),81),(85,59)),((86,73),100)),(74,93)),(((98,96),((80,71),97)),((91,62),88))),((((((99,76),64),77),(89,(94,92))),((((65,(70,67)),82),69),68)),((((60,84),95),78),(72,66))))),41),((7,((((17,48),34),29),16)),39)),(33,38)),42);
#NNI moves:0/152
Remaining: 0
#NNI moves:0/152
#NNI moves:0/152
(((((((((((((((((((((76,99),64),77),(89,(94,92))),(((((67,70),65),82),69),68)),(((95,(60,84)),78),(66,72))),(((93,74),(((86,73),100),((((87,58),((63,(61,79)),((75,90),83))),81),(59,85)))),(((98,96),((80,71),97)),((91,62),88)))),((((7,(((34,(17,48)),29),16)),39),((38,33),42)),41)),(((((9,(24,53)),(54,32)),19),(27,26)),(3,10))),((((21,13),(4,46)),28),((1,18),31))),(((14,51),55),((20,8),25))),56),(((22,36),2),47)),(57,12)),(((49,43),11),50)),52),((30,37),(5,45))),(35,40)),6),(15,44)),23);
#NNI moves:0/152
Remaining: 0
#NNI moves:0/152
#NNI moves:0/152
((((((((((((((((43,49),11),50),((((37,30),(5,45)),((40,35),(((15,44),23),6))),52)),(57,12)),(((22,36),2),47)),56),(((8,20),25),(55,(51,14)))),((31,(18,1)),(((46,4),(13,21)),28))),(((19,(((53,24),9),(32,54))),(27,26)),(3,10))),((((((64,(76,99)),77),(89,(92,94))),(((82,(65,(67,70))),69),68)),((78,((84,60),95)),(66,72))),(((((((((79,61),63),(83,(90,75))),(87,58)),81),(59,85)),((86,73),100)),(93,74)),(((97,(71,80)),(96,98)),((91,62),88))))),41),((38,33),42)),39),((((48,17),34),29),16)),7);
Current score: 2.34288e+09
Current tree: (((((((((((((43,49),11),50),((((37,30),(5,45)),((40,35),(((15,44),23),6))),52)),(57,12)),(((22,36),2),47)),56),(((8,20),25),(55,(51,14)))),((31,(18,1)),(((46,4),(13,21)),28))),(((19,(((53,24),9),(32,54))),(27,26)),(3,10))),((((((64,(76,99)),77),(89,(92,94))),(((82,(65,(67,70))),69),68)),((78,((84,60),95)),(66,72))),(((((((((79,61),63),(83,(90,75))),(87,58)),81),(59,85)),((86,73),100)),(93,74)),(((97,(71,80)),(96,98)),((91,62),88))))),(((38,33),42),(39,(((((48,17),34),29),16),7)))),41);
Final Tree: (((((((((((((43,49),11),50),((((37,30),(5,45)),((40,35),(((15,44),23),6))),52)),(57,12)),(((22,36),2),47)),56),(((8,20),25),(55,(51,14)))),((31,(18,1)),(((46,4),(13,21)),28))),(((19,(((53,24),9),(32,54))),(27,26)),(3,10))),((((((64,(76,99)),77),(89,(92,94))),(((82,(65,(67,70))),69),68)),((78,((84,60),95)),(66,72))),(((((((((79,61),63),(83,(90,75))),(87,58)),81),(59,85)),((86,73),100)),(93,74)),(((97,(71,80)),(96,98)),((91,62),88))))),(((38,33),42),(39,(((((48,17),34),29),16),7)))),41);
#EqQuartets: 2352695326
Score: 2342882396
ASTRAL for PaRalogs and Orthologs III (ASTRAL-Pro3)
*** NOW with integrated CASTLES-Pro ***
Version: v1.22.3.6
Read 512 genetrees and found 100 species.
#Genetrees: 1000
#Duploss: 5509
#Species: 100
#Rounds: 4
#Samples: 4
#Threads: 1
Use two-step algorithm!
Guide Tree 0/16
#NNI moves:0/152
Guide Tree 1/16
#NNI moves:0/152
Guide Tree 2/16
#NNI moves:0/152
Guide Tree 3/16
#NNI moves:0/152
Guide Tree 4/16
#NNI moves:0/152
Guide Tree 5/16
#NNI moves:0/152
Guide Tree 6/16
#NNI moves:0/152
Guide Tree 7/16
#NNI moves:0/152
Guide Tree 8/16
#NNI moves:0/152
Guide Tree 9/16
#NNI moves:0/152
Guide Tree 10/16
#NNI moves:0/152
Guide Tree 11/16
#NNI moves:0/152
Guide Tree 12/16
#NNI moves:0/152
Guide Tree 13/16
#NNI moves:0/152
Guide Tree 14/16
#NNI moves:0/152
Guide Tree 15/16
#NNI moves:0/152
Remaining: 0
#NNI moves:0/152
#NNI moves:0/152
(((((((((((((12,((65,56),74)),(40,68)),66),(59,(9,2))),(64,(49,7))),(92,(((89,31),24),25))),((51,(27,61)),((((36,41),77),22),(29,63)))),(((((((84,((76,73),60)),5),93),((20,(6,16)),((91,26),44))),1),(87,43)),(((((((17,83),(47,88)),(50,55)),(86,72)),62),(((38,((3,94),10)),(69,13)),(((((39,((82,14),28)),37),(48,90)),23),(42,33)))),((((57,67),45),(34,95)),(((((35,53),11),32),46),((4,58),18)))))),(78,((54,8),52))),(((75,((15,81),(30,79))),((85,(71,21)),19)),(80,70))),(99,(96,97))),98),100);
Guide Tree 0/16
#NNI moves:0/152
Guide Tree 1/16
#NNI moves:0/152
Guide Tree 2/16
#NNI moves:0/152
Guide Tree 3/16
#NNI moves:0/152
Guide Tree 4/16
#NNI moves:0/152
Guide Tree 5/16
#NNI moves:0/152
Guide Tree 6/16
#NNI moves:0/152
Guide Tree 7/16
#NNI moves:0/152
Guide Tree 8/16
#NNI moves:0/152
Guide Tree 9/16
#NNI moves:0/152
Guide Tree 10/16
#NNI moves:0/152
Guide Tree 11/16
#NNI moves:0/152
Guide Tree 12/16
#NNI moves:0/152
Guide Tree 13/16
#NNI moves:0/152
Guide Tree 14/16
#NNI moves:0/152
Guide Tree 15/16
#NNI moves:0/152
Remaining: 0
#NNI moves:0/152
#NNI moves:0/152
(((((((((((((((39,((82,14),28)),37),(90,48)),23),(33,42)),(((10,(3,94)),38),(69,13))),(62,((72,86),(((83,17),(47,88)),(50,55))))),(((46,((11,(35,53)),32)),((4,58),18)),((95,34),(45,(57,67))))),((((93,((84,((73,76),60)),5)),((44,(26,91)),((16,6),20))),1),(43,87))),(((((((12,((56,65),74)),(40,68)),66),((2,9),59)),(64,(7,49))),((((31,89),24),25),92)),(((22,((41,36),77)),(29,63)),((61,27),51)))),((52,(54,8)),78)),(((((21,71),85),19),(((81,15),(30,79)),75)),(70,80))),(99,(97,96))),98),100);
Guide Tree 0/16
#NNI moves:0/152
Guide Tree 1/16
#NNI moves:0/152
Guide Tree 2/16
#NNI moves:0/152
Guide Tree 3/16
#NNI moves:0/152
Guide Tree 4/16
#NNI moves:0/152
Guide Tree 5/16
#NNI moves:0/152
Guide Tree 6/16
#NNI moves:0/152
Guide Tree 7/16
#NNI moves:0/152
Guide Tree 8/16
#NNI moves:0/152
Guide Tree 9/16
#NNI moves:0/152
Guide Tree 10/16
#NNI moves:0/152
Guide Tree 11/16
#NNI moves:0/152
Guide Tree 12/16
#NNI moves:0/152
Guide Tree 13/16
#NNI moves:0/152
Guide Tree 14/16
#NNI moves:0/152
Guide Tree 15/16
#NNI moves:0/152
Remaining: 0
#NNI moves:0/152
#NNI moves:0/152
(((((((((((((((39,(28,(14,82))),37),(90,48)),23),(33,42)),((13,69),(38,(10,(3,94))))),(((((17,83),(88,47)),(55,50)),(86,72)),62)),((((4,58),18),((((35,53),11),32),46)),((34,95),((67,57),45)))),(((((5,((60,(76,73)),84)),93),(((6,16),20),((91,26),44))),1),(87,43))),(((92,((24,(31,89)),25)),(((((((65,56),74),12),(68,40)),66),((9,2),59)),((49,7),64))),(((22,((36,41),77)),(29,63)),(51,(61,27))))),(((54,8),52),78)),(((((21,71),85),19),(((81,15),(30,79)),75)),(70,80))),((97,96),99)),98),100);
Guide Tree 0/16
#NNI moves:0/152
Guide Tree 1/16
#NNI moves:0/152
Guide Tree 2/16
#NNI moves:0/152
Guide Tree 3/16
#NNI moves:0/152
Guide Tree 4/16
#NNI moves:0/152
Guide Tree 5/16
#NNI moves:0/152
Guide Tree 6/16
#NNI moves:0/152
Guide Tree 7/16
#NNI moves:0/152
Guide Tree 8/16
#NNI moves:0/152
Guide Tree 9/16
#NNI moves:0/152
Guide Tree 10/16
#NNI moves:0/152
Guide Tree 11/16
#NNI moves:0/152
Guide Tree 12/16
#NNI moves:0/152
Guide Tree 13/16
#NNI moves:0/152
Guide Tree 14/16
#NNI moves:0/152
Guide Tree 15/16
#NNI moves:0/152
Remaining: 0
#NNI moves:0/152
#NNI moves:0/152
((((((((((((((88,47),(17,83)),(55,50)),(86,72)),62),(((((((28,(82,14)),39),37),(48,90)),23),(33,42)),(((10,(94,3)),38),(69,13)))),(((34,95),(45,(57,67))),(((4,58),18),((32,((35,53),11)),46)))),(((((((60,(76,73)),84),5),93),(((16,6),20),((91,26),44))),1),(43,87))),((((29,63),((77,(41,36)),22)),((61,27),51)),(((((31,89),24),25),92),((((((74,(56,65)),12),(40,68)),66),(59,(2,9))),(64,(49,7)))))),(((8,54),52),78)),(((((71,21),85),19),(((15,81),(30,79)),75)),(80,70))),((97,96),99)),98),100);
Initial score: 2.38621e+09
Initial tree: ((((((((((((((88,47),(17,83)),(55,50)),(86,72)),62),(((((((28,(82,14)),39),37),(48,90)),23),(33,42)),(((10,(94,3)),38),(69,13)))),(((34,95),(45,(57,67))),(((4,58),18),((32,((35,53),11)),46)))),(((((((60,(76,73)),84),5),93),(((16,6),20),((91,26),44))),1),(43,87))),((((29,63),((77,(41,36)),22)),((61,27),51)),(((((31,89),24),25),92),((((((74,(56,65)),12),(40,68)),66),(59,(2,9))),(64,(49,7)))))),(((8,54),52),78)),(((((71,21),85),19),(((15,81),(30,79)),75)),(80,70))),((97,96),99)),98),100);
*** Subsample Process ***
Use two-step algorithm!
#NNI moves:0/152
Remaining: 0
#NNI moves:0/152
#NNI moves:0/152
(((((((((((((((((12,((56,65),74)),(40,68)),66),((9,2),59)),((49,7),64)),(((24,(31,89)),25),92)),((51,(27,61)),(((77,(41,36)),22),(29,63)))),(((((((15,81),(79,30)),75),(19,((21,71),85))),(70,80)),((98,100),((97,96),99))),(((54,8),52),78))),(((((5,(84,((76,73),60))),93),(((91,26),44),(20,(16,6)))),1),(87,43))),((((((53,35),11),32),46),((58,4),18)),((34,95),(45,(57,67))))),(((((((28,(82,14)),39),37),(90,48)),23),(42,33)),((((3,94),10),38),(69,13)))),62),(72,86)),(55,50)),(88,47)),83),17);
#NNI moves:0/152
Remaining: 0
#NNI moves:0/152
#NNI moves:0/152
((((((((((((((88,47),(83,17)),(55,50)),(72,86)),62),((((((((82,14),28),39),37),(48,90)),23),(42,33)),((((3,94),10),38),(69,13)))),((((32,((35,53),11)),46),((58,4),18)),(((67,57),45),(34,95)))),((((((84,((76,73),60)),5),93),(((91,26),44),(20,(6,16)))),1),(43,87))),(((((49,7),64),(((((74,(56,65)),12),(68,40)),66),((9,2),59))),(((24,(31,89)),25),92)),(((27,61),51),((22,(77,(36,41))),(63,29))))),(((54,8),52),78)),(((((30,79),(15,81)),75),(19,((21,71),85))),(80,70))),((96,97),99)),100),98);
#NNI moves:0/152
Remaining: 0
#NNI moves:0/152
#NNI moves:0/152
(((((((((((((((30,79),(15,81)),75),((85,(21,71)),19)),(80,70)),((99,(97,96)),(100,98))),((52,(54,8)),78)),(((((49,7),64),((((12,((56,65),74)),(68,40)),66),((2,9),59))),(((24,(89,31)),25),92)),(((61,27),51),((((41,36),77),22),(29,63))))),((((((((76,73),60),84),5),93),(((91,26),44),((6,16),20))),1),(87,43))),(((95,34),((57,67),45)),(((32,((53,35),11)),46),(18,(4,58))))),((((((((14,82),28),39),37),(48,90)),23),(42,33)),((((3,94),10),38),(69,13)))),62),((55,50),((17,83),(88,47)))),72),86);
#NNI moves:0/152
Remaining: 0
#NNI moves:0/152
#NNI moves:0/152
(((((((((((((12,(74,(65,56))),(40,68)),66),(59,(9,2))),((7,49),64)),((25,((89,31),24)),92)),((51,(61,27)),((63,29),(22,(77,(36,41)))))),((((((((37,(((82,14),28),39)),(48,90)),23),(42,33)),((13,69),(((94,3),10),38))),(62,((((17,83),(47,88)),(50,55)),(86,72)))),(((34,95),((67,57),45)),(((32,((35,53),11)),46),((4,58),18)))),((((((6,16),20),((26,91),44)),((5,(((76,73),60),84)),93)),1),(43,87)))),(((54,8),52),78)),(((((71,21),85),19),(((15,81),(79,30)),75)),(80,70))),(98,100)),(97,96)),99);
Current score: 2.38621e+09
Current tree: ((98,(((((((((((12,(74,(65,56))),(40,68)),66),(59,(9,2))),((7,49),64)),((25,((89,31),24)),92)),((51,(61,27)),((63,29),(22,(77,(36,41)))))),((((((((37,(((82,14),28),39)),(48,90)),23),(42,33)),((13,69),(((94,3),10),38))),(62,((((17,83),(47,88)),(50,55)),(86,72)))),(((34,95),((67,57),45)),(((32,((35,53),11)),46),((4,58),18)))),((((((6,16),20),((26,91),44)),((5,(((76,73),60),84)),93)),1),(43,87)))),(((54,8),52),78)),(((((71,21),85),19),(((15,81),(79,30)),75)),(80,70))),((97,96),99))),100);
Final Tree: ((98,(((((((((((12,(74,(65,56))),(40,68)),66),(59,(9,2))),((7,49),64)),((25,((89,31),24)),92)),((51,(61,27)),((63,29),(22,(77,(36,41)))))),((((((((37,(((82,14),28),39)),(48,90)),23),(42,33)),((13,69),(((94,3),10),38))),(62,((((17,83),(47,88)),(50,55)),(86,72)))),(((34,95),((67,57),45)),(((32,((35,53),11)),46),((4,58),18)))),((((((6,16),20),((26,91),44)),((5,(((76,73),60),84)),93)),1),(43,87)))),(((54,8),52),78)),(((((71,21),85),19),(((15,81),(79,30)),75)),(80,70))),((97,96),99))),100);
#EqQuartets: 2432152181
Score: 2386208742
ASTRAL for PaRalogs and Orthologs III (ASTRAL-Pro3)
*** NOW with integrated CASTLES-Pro ***
Version: v1.22.3.6
Read 512 genetrees and found 100 species.
#Genetrees: 1000
#Duploss: 6144
#Species: 100
#Rounds: 4
#Samples: 4
#Threads: 1
Use two-step algorithm!
Guide Tree 0/16
#NNI moves:0/152
Guide Tree 1/16
#NNI moves:0/152
Guide Tree 2/16
#NNI moves:0/152
Guide Tree 3/16
#NNI moves:0/152
Guide Tree 4/16
#NNI moves:0/152
Guide Tree 5/16
#NNI moves:0/152
Guide Tree 6/16
#NNI moves:0/152
Guide Tree 7/16
#NNI moves:0/152
Guide Tree 8/16
#NNI moves:0/152
Guide Tree 9/16
#NNI moves:0/152
Guide Tree 10/16
#NNI moves:0/152
Guide Tree 11/16
#NNI moves:0/152
Guide Tree 12/16
#NNI moves:0/152
Guide Tree 13/16
#NNI moves:0/152
Guide Tree 14/16
#NNI moves:0/152
Guide Tree 15/16
#NNI moves:0/152
Remaining: 0
#NNI moves:0/152
#NNI moves:0/152
(((((((((((((81,10),6),13),((72,77),(37,75))),(18,58)),((1,43),25)),((54,3),((((((((84,49),23),21),20),31),68),87),(((46,52),71),24)))),(((((28,42),83),78),(63,38)),(((65,(85,7)),(32,12)),((59,(70,17)),((69,19),(80,5)))))),((((29,(88,55)),41),(((((53,(9,30)),35),(39,64)),(11,73)),((((22,47),60),67),66))),((((((33,34),57),(48,8)),27),(62,(2,74))),(79,(44,50))))),((((((97,(98,100)),89),91),96),(95,92)),(94,((90,93),99)))),((86,51),56)),(((16,((14,45),40)),(36,(26,15))),((76,4),61))),82);
Guide Tree 0/16
#NNI moves:0/152
Guide Tree 1/16
#NNI moves:0/152
Guide Tree 2/16
#NNI moves:0/152
Guide Tree 3/16
#NNI moves:0/152
Guide Tree 4/16
#NNI moves:0/152
Guide Tree 5/16
#NNI moves:0/152
Guide Tree 6/16
#NNI moves:0/152
Guide Tree 7/16
#NNI moves:0/152
Guide Tree 8/16
#NNI moves:0/152
Guide Tree 9/16
#NNI moves:0/152
Guide Tree 10/16
#NNI moves:0/152
Guide Tree 11/16
#NNI moves:0/152
Guide Tree 12/16
#NNI moves:0/152
Guide Tree 13/16
#NNI moves:0/152
Guide Tree 14/16
#NNI moves:0/152
Guide Tree 15/16
#NNI moves:0/152
Remaining: 0
#NNI moves:0/152
#NNI moves:0/152
(((((((((((28,42),83),78),(38,63)),(((65,(85,7)),(12,32)),(((17,70),59),((5,80),(19,69))))),(((((13,((10,81),6)),((72,77),(75,37))),(18,58)),((43,1),25)),((((71,(46,52)),24),(((((((49,84),23),21),20),31),68),87)),(3,54)))),((((((35,((9,30),53)),(64,39)),(11,73)),(66,((60,(22,47)),67))),(41,((55,88),29))),((((((33,34),57),(48,8)),27),((2,74),62)),((44,50),79)))),((((91,(((98,100),97),89)),96),(95,92)),(((93,90),99),94))),((51,86),56)),((((15,26),36),(16,(40,(14,45)))),((4,76),61))),82);
Guide Tree 0/16
#NNI moves:0/152
Guide Tree 1/16
#NNI moves:0/152
Guide Tree 2/16
#NNI moves:0/152
Guide Tree 3/16
#NNI moves:0/152
Guide Tree 4/16
#NNI moves:0/152
Guide Tree 5/16
#NNI moves:0/152
Guide Tree 6/16
#NNI moves:0/152
Guide Tree 7/16
#NNI moves:0/152
Guide Tree 8/16
#NNI moves:0/152
Guide Tree 9/16
#NNI moves:0/152
Guide Tree 10/16
#NNI moves:0/152
Guide Tree 11/16
#NNI moves:0/152
Guide Tree 12/16
#NNI moves:0/152
Guide Tree 13/16
#NNI moves:0/152
Guide Tree 14/16
#NNI moves:0/152
Guide Tree 15/16
#NNI moves:0/152
Remaining: 0
#NNI moves:0/152
#NNI moves:0/152
((((((((((((6,(10,81)),13),((37,75),(77,72))),(58,18)),(25,(43,1))),((((((20,(21,(23,(49,84)))),31),68),87),(24,(71,(46,52)))),(54,3))),(((((69,19),(5,80)),((70,17),59)),(((7,85),65),(12,32))),((63,38),(((42,28),83),78)))),(((((((33,34),57),(8,48)),27),(62,(74,2))),((50,44),79)),(((((64,39),((53,(9,30)),35)),(73,11)),(66,(((47,22),60),67))),((29,(88,55)),41)))),((((91,(((98,100),97),89)),96),(95,92)),(((93,90),99),94))),((86,51),56)),((((15,26),36),((40,(14,45)),16)),((76,4),61))),82);
Guide Tree 0/16
#NNI moves:0/152
Guide Tree 1/16
#NNI moves:0/152
Guide Tree 2/16
#NNI moves:0/152
Guide Tree 3/16
#NNI moves:0/152
Guide Tree 4/16
#NNI moves:0/152
Guide Tree 5/16
#NNI moves:0/152
Guide Tree 6/16
#NNI moves:0/152
Guide Tree 7/16
#NNI moves:0/152
Guide Tree 8/16
#NNI moves:0/152
Guide Tree 9/16
#NNI moves:0/152
Guide Tree 10/16
#NNI moves:0/152
Guide Tree 11/16
#NNI moves:0/152
Guide Tree 12/16
#NNI moves:0/152
Guide Tree 13/16
#NNI moves:0/152
Guide Tree 14/16
#NNI moves:0/152
Guide Tree 15/16
#NNI moves:0/152
Remaining: 0
#NNI moves:0/152
#NNI moves:0/152
(((((((((((57,(34,33)),(48,8)),27),((74,2),62)),(79,(44,50))),((((67,(60,(47,22))),66),(((35,(53,(30,9))),(64,39)),(11,73))),((29,(88,55)),41))),((((25,(1,43)),(((((10,81),6),13),((75,37),(72,77))),(58,18))),(((((((21,((84,49),23)),20),31),68),87),(((52,46),71),24)),(54,3))),(((((17,70),59),((5,80),(69,19))),((32,12),(65,(85,7)))),((38,63),(((28,42),83),78))))),(((((89,((98,100),97)),91),96),(92,95)),(94,((93,90),99)))),((51,86),56)),(((36,(26,15)),(((14,45),40),16)),(61,(4,76)))),82);
Initial score: 2.31335e+09
Initial tree: (((((((((((57,(34,33)),(48,8)),27),((74,2),62)),(79,(44,50))),((((67,(60,(47,22))),66),(((35,(53,(30,9))),(64,39)),(11,73))),((29,(88,55)),41))),((((25,(1,43)),(((((10,81),6),13),((75,37),(72,77))),(58,18))),(((((((21,((84,49),23)),20),31),68),87),(((52,46),71),24)),(54,3))),(((((17,70),59),((5,80),(69,19))),((32,12),(65,(85,7)))),((38,63),(((28,42),83),78))))),(((((89,((98,100),97)),91),96),(92,95)),(94,((93,90),99)))),((51,86),56)),(((36,(26,15)),(((14,45),40),16)),(61,(4,76)))),82);
*** Subsample Process ***
Use two-step algorithm!
#NNI moves:0/152
Remaining: 0
#NNI moves:0/152
#NNI moves:0/152
((((((((((((((70,17),59),((19,69),(5,80))),((65,(85,7)),(12,32))),((((42,28),83),78),(63,38))),((((43,1),25),((58,18),((((81,10),6),13),((37,75),(77,72))))),(((24,((46,52),71)),(((((21,((49,84),23)),20),31),68),87)),(54,3)))),((((96,((((100,98),97),89),91)),(95,92)),(94,((93,90),99))),(((86,51),56),((((((14,45),40),16),(36,(15,26))),(61,(4,76))),82)))),(((66,(67,((47,22),60))),(((((9,30),53),35),(39,64)),(11,73))),((29,(55,88)),41))),((44,50),79)),(62,(74,2))),27),(48,8)),(34,33)),57);
#NNI moves:0/152
Remaining: 0
#NNI moves:0/152
#NNI moves:0/152
(((((((((((((((((52,46),71),24),((((((23,(84,49)),21),20),31),68),87)),(54,3)),(((18,58),((((81,10),6),13),((72,77),(75,37)))),(25,(43,1)))),(((((42,28),83),78),(38,63)),((((7,85),65),(32,12)),(((70,17),59),((69,19),(5,80)))))),(((((((47,22),60),67),66),(((39,64),(((9,30),53),35)),(11,73))),(((55,88),29),41)),(((((48,8),((33,34),57)),27),(62,(74,2))),(79,(50,44))))),(((96,(((97,(98,100)),89),91)),(92,95)),(((90,93),99),94))),(56,(51,86))),82),(61,(76,4))),((15,26),36)),16),40),45),14);
#NNI moves:0/152
Remaining: 0
#NNI moves:0/152
#NNI moves:0/152
(((((((((((((((((((8,48),(57,(34,33))),27),((2,74),62)),(79,(50,44))),((((88,55),29),41),((((39,64),(((9,30),53),35)),(11,73)),((((47,22),60),67),66)))),(((((90,93),99),94),((96,(((97,(98,100)),89),91)),(92,95))),(((((16,(40,(14,45))),((15,26),36)),((4,76),61)),82),((51,86),56)))),(((((42,28),83),78),(38,63)),(((65,(7,85)),(12,32)),((59,(70,17)),((69,19),(80,5)))))),(((((37,75),(77,72)),((6,(10,81)),13)),(18,58)),(25,(43,1)))),(54,3)),(((52,46),71),24)),87),68),31),20),21),23),84),49);
#NNI moves:0/152
Remaining: 0
#NNI moves:0/152
#NNI moves:0/152
(((((((((((((((34,33),57),(48,8)),27),(62,(2,74))),(79,(44,50))),(((29,(88,55)),41),(((73,11),((((30,9),53),35),(39,64))),((((22,47),60),67),66)))),(((((65,(85,7)),(32,12)),(((5,80),(19,69)),(59,(70,17)))),((38,63),((83,(42,28)),78))),((((((((21,(23,(49,84))),20),31),68),87),(((52,46),71),24)),(54,3)),(((((6,(10,81)),13),((75,37),(77,72))),(58,18)),((1,43),25))))),(((((89,(97,(100,98))),91),96),(95,92)),(((93,90),99),94))),((86,51),56)),82),(61,(76,4))),((26,15),36)),(40,(45,14))),16);
Current score: 2.31335e+09
Current tree: ((((((((((((34,33),57),(48,8)),27),(62,(2,74))),(79,(44,50))),(((29,(88,55)),41),(((73,11),((((30,9),53),35),(39,64))),((((22,47),60),67),66)))),(((((65,(85,7)),(32,12)),(((5,80),(19,69)),(59,(70,17)))),((38,63),((83,(42,28)),78))),((((((((21,(23,(49,84))),20),31),68),87),(((52,46),71),24)),(54,3)),(((((6,(10,81)),13),((75,37),(77,72))),(58,18)),((1,43),25))))),(((((89,(97,(100,98))),91),96),(95,92)),(((93,90),99),94))),((86,51),56)),((61,(76,4)),(((26,15),36),((40,(45,14)),16)))),82);
Final Tree: ((((((((((((34,33),57),(48,8)),27),(62,(2,74))),(79,(44,50))),(((29,(88,55)),41),(((73,11),((((30,9),53),35),(39,64))),((((22,47),60),67),66)))),(((((65,(85,7)),(32,12)),(((5,80),(19,69)),(59,(70,17)))),((38,63),((83,(42,28)),78))),((((((((21,(23,(49,84))),20),31),68),87),(((52,46),71),24)),(54,3)),(((((6,(10,81)),13),((75,37),(77,72))),(58,18)),((1,43),25))))),(((((89,(97,(100,98))),91),96),(95,92)),(((93,90),99),94))),((86,51),56)),((61,(76,4)),(((26,15),36),((40,(45,14)),16)))),82);
#EqQuartets: 2329025745
Score: 2313352575
ASTRAL for PaRalogs and Orthologs III (ASTRAL-Pro3)
*** NOW with integrated CASTLES-Pro ***
Version: v1.22.3.6
Read 512 genetrees and found 100 species.
#Genetrees: 1000
#Duploss: 5383
#Species: 100
#Rounds: 4
#Samples: 4
#Threads: 1
Use two-step algorithm!
Guide Tree 0/16
#NNI moves:0/152
Guide Tree 1/16
#NNI moves:0/152
Guide Tree 2/16
#NNI moves:0/152
Guide Tree 3/16
#NNI moves:0/152
Guide Tree 4/16
#NNI moves:0/152
Guide Tree 5/16
#NNI moves:0/152
Guide Tree 6/16
#NNI moves:0/152
Guide Tree 7/16
#NNI moves:0/152
Guide Tree 8/16
#NNI moves:0/152
Guide Tree 9/16
#NNI moves:0/152
Guide Tree 10/16
#NNI moves:0/152
Guide Tree 11/16
#NNI moves:0/152
Guide Tree 12/16
#NNI moves:0/152
Guide Tree 13/16
#NNI moves:0/152
Guide Tree 14/16
#NNI moves:0/152
Guide Tree 15/16
#NNI moves:0/152
Remaining: 0
#NNI moves:0/152
#NNI moves:0/152
((((((((((((97,65),33),((90,(71,((43,89),35))),54)),69),(84,(12,77))),(((37,(30,79)),52),(60,47))),70),((((((50,(56,91)),((75,74),9)),((21,98),((((42,83),41),82),(85,58)))),(19,((((36,34),26),32),((55,27),(62,(8,(25,88))))))),(53,87)),(((((11,(80,(13,78))),46),(95,(17,23))),((((100,(68,59)),63),(((7,66),10),86)),(((22,20),57),81))),(28,96)))),(((((((61,67),(15,39)),(((40,51),49),99)),(18,48)),(94,((45,64),44))),(((29,73),(16,24)),72)),((31,(14,93)),((38,92),76)))),(1,5)),(6,(4,2))),3);
Guide Tree 0/16
#NNI moves:0/152
Guide Tree 1/16
#NNI moves:0/152
Guide Tree 2/16
#NNI moves:0/152
Guide Tree 3/16
#NNI moves:0/152
Guide Tree 4/16
#NNI moves:0/152
Guide Tree 5/16
#NNI moves:0/152
Guide Tree 6/16
#NNI moves:0/152
Guide Tree 7/16
#NNI moves:0/152
Guide Tree 8/16
#NNI moves:0/152
Guide Tree 9/16
#NNI moves:0/152
Guide Tree 10/16
#NNI moves:0/152
Guide Tree 11/16
#NNI moves:0/152
Guide Tree 12/16
#NNI moves:0/152
Guide Tree 13/16
#NNI moves:0/152
Guide Tree 14/16
#NNI moves:0/152
Guide Tree 15/16
#NNI moves:0/152
Remaining: 0
#NNI moves:0/152
#NNI moves:0/152
((((((((((((100,(59,68)),63),(((66,7),10),86)),(((20,22),57),81)),(((((78,13),80),11),46),((17,23),95))),(96,28)),(((((50,(56,91)),((74,75),9)),(((58,85),(82,(41,(83,42)))),(98,21))),(19,(((((88,25),8),62),(55,27)),((26,(34,36)),32)))),(53,87))),((((((33,(97,65)),(54,(((35,(43,89)),71),90))),69),((12,77),84)),((52,(37,(79,30))),(47,60))),70)),(((((((49,(51,40)),99),((61,67),(39,15))),(48,18)),(((45,64),44),94)),(((73,29),(16,24)),72)),(((93,14),31),((92,38),76)))),(1,5)),((2,4),6)),3);
Guide Tree 0/16
#NNI moves:0/152
Guide Tree 1/16
#NNI moves:0/152
Guide Tree 2/16
#NNI moves:0/152
Guide Tree 3/16
#NNI moves:0/152
Guide Tree 4/16
#NNI moves:0/152
Guide Tree 5/16
#NNI moves:0/152
Guide Tree 6/16
#NNI moves:0/152
Guide Tree 7/16
#NNI moves:0/152
Guide Tree 8/16
#NNI moves:0/152
Guide Tree 9/16
#NNI moves:0/152
Guide Tree 10/16
#NNI moves:0/152
Guide Tree 11/16
#NNI moves:0/152
Guide Tree 12/16
#NNI moves:0/152
Guide Tree 13/16
#NNI moves:0/152
Guide Tree 14/16
#NNI moves:0/152
Guide Tree 15/16
#NNI moves:0/152
Remaining: 0
#NNI moves:0/152
#NNI moves:0/152
((((((((((((((42,83),41),82),(85,58)),(98,21)),(((75,74),9),((91,56),50))),(((((8,(25,88)),62),(55,27)),(32,((36,34),26))),19)),(87,53)),((((((100,(59,68)),63),(86,(10,(7,66)))),(((20,22),57),81)),(((17,23),95),((11,((78,13),80)),46))),(96,28))),((((((54,(90,(71,((43,89),35)))),(33,(97,65))),69),(84,(12,77))),((52,((30,79),37)),(60,47))),70)),((((((((40,51),49),99),((67,61),(15,39))),(48,18)),(((64,45),44),94)),(((29,73),(24,16)),72)),(((93,14),31),((92,38),76)))),(1,5)),((2,4),6)),3);
Guide Tree 0/16
#NNI moves:0/152
Guide Tree 1/16
#NNI moves:0/152
Guide Tree 2/16
#NNI moves:0/152
Guide Tree 3/16
#NNI moves:0/152
Guide Tree 4/16
#NNI moves:0/152
Guide Tree 5/16
#NNI moves:0/152
Guide Tree 6/16
#NNI moves:0/152
Guide Tree 7/16
#NNI moves:0/152
Guide Tree 8/16
#NNI moves:0/152
Guide Tree 9/16
#NNI moves:0/152
Guide Tree 10/16
#NNI moves:0/152
Guide Tree 11/16
#NNI moves:0/152
Guide Tree 12/16
#NNI moves:0/152
Guide Tree 13/16
#NNI moves:0/152
Guide Tree 14/16
#NNI moves:0/152
Guide Tree 15/16
#NNI moves:0/152
Remaining: 0
#NNI moves:0/152
#NNI moves:0/152
((((((((((77,12),84),((((65,97),33),((90,(((89,43),35),71)),54)),69)),((60,47),((37,(79,30)),52))),70),(((((((10,(7,66)),86),(63,((68,59),100))),(((22,20),57),81)),(((((78,13),80),11),46),((17,23),95))),(96,28)),((((((((25,88),8),62),(55,27)),(((34,36),26),32)),19),((((58,85),(82,(41,(42,83)))),(21,98)),((9,(74,75)),(50,(56,91))))),(53,87)))),(((((((67,61),(15,39)),(((51,40),49),99)),(18,48)),((44,(45,64)),94)),(((73,29),(24,16)),72)),((76,(38,92)),((14,93),31)))),(5,1)),(6,(2,4))),3);
Initial score: 2.38907e+09
Initial tree: ((((((((((77,12),84),((((65,97),33),((90,(((89,43),35),71)),54)),69)),((60,47),((37,(79,30)),52))),70),(((((((10,(7,66)),86),(63,((68,59),100))),(((22,20),57),81)),(((((78,13),80),11),46),((17,23),95))),(96,28)),((((((((25,88),8),62),(55,27)),(((34,36),26),32)),19),((((58,85),(82,(41,(42,83)))),(21,98)),((9,(74,75)),(50,(56,91))))),(53,87)))),(((((((67,61),(15,39)),(((51,40),49),99)),(18,48)),((44,(45,64)),94)),(((73,29),(24,16)),72)),((76,(38,92)),((14,93),31)))),(5,1)),(6,(2,4))),3);
*** Subsample Process ***
Use two-step algorithm!
#NNI moves:0/152
Remaining: 0
#NNI moves:0/152
#NNI moves:0/152
((((((((((((((85,58),(((83,42),41),82)),(98,21)),((50,(56,91)),((74,75),9))),((((((25,88),8),62),(27,55)),(32,((34,36),26))),19)),(87,53)),(((((63,((68,59),100)),(((7,66),10),86)),((57,(22,20)),81)),((((80,(13,78)),11),46),((23,17),95))),(96,28))),(((((((99,(49,(51,40))),((61,67),(15,39))),(18,48)),(94,((64,45),44))),(((29,73),(24,16)),72)),(((92,38),76),((14,93),31))),(((6,(2,4)),3),(5,1)))),70),((60,47),(52,((30,79),37)))),((((90,(71,((43,89),35))),54),(33,(97,65))),69)),84),77),12);
#NNI moves:0/152
Remaining: 0
#NNI moves:0/152
#NNI moves:0/152
((((((((((((32,(26,(36,34))),((62,(8,(25,88))),(55,27))),19),(((9,(74,75)),((91,56),50)),(((85,58),(((42,83),41),82)),(21,98)))),(53,87)),((((((100,(68,59)),63),(((7,66),10),86)),((57,(20,22)),81)),(((23,17),95),(((80,(13,78)),11),46))),(96,28))),(((((((90,(((89,43),35),71)),54),(33,(97,65))),69),((77,12),84)),((47,60),(((30,79),37),52))),70)),(((((((61,67),(15,39)),(99,(49,(40,51)))),(48,18)),(94,((45,64),44))),(((16,24),(73,29)),72)),(((93,14),31),((38,92),76)))),(1,5)),3),(4,2)),6);
#NNI moves:0/152
Remaining: 0
#NNI moves:0/152
#NNI moves:0/152
(((((((((((((((90,(((89,43),35),71)),54),((97,65),33)),69),(84,(77,12))),((47,60),(((79,30),37),52))),70),((((((((67,61),(15,39)),(((40,51),49),99)),(48,18)),(((64,45),44),94)),(72,((73,29),(16,24)))),(((14,93),31),((38,92),76))),((1,5),(((2,4),6),3)))),(((((((66,7),10),86),(63,((68,59),100))),(((22,20),57),81)),((((80,(78,13)),11),46),((23,17),95))),(28,96))),(53,87)),(((50,(91,56)),((74,75),9)),((98,21),((85,58),(((42,83),41),82))))),19),((((88,25),8),62),(55,27))),((36,34),26)),32);
#NNI moves:0/152
Remaining: 0
#NNI moves:0/152
#NNI moves:0/152
(((((((((((50,(56,91)),(9,(75,74))),((21,98),((82,((83,42),41)),(85,58)))),((((((25,88),8),62),(55,27)),(((34,36),26),32)),19)),(53,87)),(((((((68,59),100),63),(((7,66),10),86)),(((22,20),57),81)),(((17,23),95),((((13,78),80),11),46))),(96,28))),(((((((((35,(43,89)),71),90),54),((65,97),33)),69),(84,(12,77))),((((30,79),37),52),(60,47))),70)),(((((29,73),(24,16)),72),((((((40,51),49),99),((15,39),(61,67))),(18,48)),((44,(64,45)),94))),((76,(38,92)),((93,14),31)))),(((2,4),6),3)),5),1);
Current score: 2.38907e+09
Current tree: ((((2,4),6),(((((((((50,(56,91)),(9,(75,74))),((21,98),((82,((83,42),41)),(85,58)))),((((((25,88),8),62),(55,27)),(((34,36),26),32)),19)),(53,87)),(((((((68,59),100),63),(((7,66),10),86)),(((22,20),57),81)),(((17,23),95),((((13,78),80),11),46))),(96,28))),(((((((((35,(43,89)),71),90),54),((65,97),33)),69),(84,(12,77))),((((30,79),37),52),(60,47))),70)),(((((29,73),(24,16)),72),((((((40,51),49),99),((15,39),(61,67))),(18,48)),((44,(64,45)),94))),((76,(38,92)),((93,14),31)))),(5,1))),3);
Final Tree: ((((2,4),6),(((((((((50,(56,91)),(9,(75,74))),((21,98),((82,((83,42),41)),(85,58)))),((((((25,88),8),62),(55,27)),(((34,36),26),32)),19)),(53,87)),(((((((68,59),100),63),(((7,66),10),86)),(((22,20),57),81)),(((17,23),95),((((13,78),80),11),46))),(96,28))),(((((((((35,(43,89)),71),90),54),((65,97),33)),69),(84,(12,77))),((((30,79),37),52),(60,47))),70)),(((((29,73),(24,16)),72),((((((40,51),49),99),((15,39),(61,67))),(18,48)),((44,(64,45)),94))),((76,(38,92)),((93,14),31)))),(5,1))),3);
#EqQuartets: 2392667335
Score: 2389065557
ASTRAL for PaRalogs and Orthologs III (ASTRAL-Pro3)
*** NOW with integrated CASTLES-Pro ***
Version: v1.22.3.6
Read 512 genetrees and found 100 species.
#Genetrees: 1000
#Duploss: 5562
#Species: 100
#Rounds: 4
#Samples: 4
#Threads: 1
Use two-step algorithm!
Guide Tree 0/16
#NNI moves:0/152
Guide Tree 1/16
#NNI moves:0/152
Guide Tree 2/16
#NNI moves:0/152
Guide Tree 3/16
#NNI moves:0/152
Guide Tree 4/16
#NNI moves:0/152
Guide Tree 5/16
#NNI moves:0/152
Guide Tree 6/16
#NNI moves:0/152
Guide Tree 7/16
#NNI moves:0/152
Guide Tree 8/16
#NNI moves:0/152
Guide Tree 9/16
#NNI moves:0/152
Guide Tree 10/16
#NNI moves:0/152
Guide Tree 11/16
#NNI moves:0/152
Guide Tree 12/16
#NNI moves:0/152
Guide Tree 13/16
#NNI moves:0/152
Guide Tree 14/16
#NNI moves:0/152
Guide Tree 15/16
#NNI moves:0/152
Remaining: 0
#NNI moves:0/152
#NNI moves:0/152
(((((((((((76,29),(59,64)),(69,89)),(62,(75,24))),(((54,(45,51)),((40,53),39)),67)),((((16,38),11),(((77,50),34),9)),(35,((((72,17),12),44),(22,32))))),((74,((86,68),(((15,92),(19,18)),4))),((((((((58,80),91),(57,8)),6),23),((7,(36,55)),49)),((26,73),(((10,84),30),(13,43)))),1))),((((82,52),(25,47)),((((48,46),28),2),65)),(((((((3,85),(79,63)),(71,(21,78))),66),((33,60),(61,87))),88),81))),((((((70,5),(41,14)),((56,31),20)),(27,90)),(42,83)),37)),((97,(94,(95,100))),((96,93),99))),98);
Guide Tree 0/16
#NNI moves:0/152
Guide Tree 1/16
#NNI moves:0/152
Guide Tree 2/16
#NNI moves:0/152
Guide Tree 3/16
#NNI moves:0/152
Guide Tree 4/16
#NNI moves:0/152
Guide Tree 5/16
#NNI moves:0/152
Guide Tree 6/16
#NNI moves:0/152
Guide Tree 7/16
#NNI moves:0/152
Guide Tree 8/16
#NNI moves:0/152
Guide Tree 9/16
#NNI moves:0/152
Guide Tree 10/16
#NNI moves:0/152
Guide Tree 11/16
#NNI moves:0/152
Guide Tree 12/16
#NNI moves:0/152
Guide Tree 13/16
#NNI moves:0/152
Guide Tree 14/16
#NNI moves:0/152
Guide Tree 15/16
#NNI moves:0/152
Remaining: 0
#NNI moves:0/152
#NNI moves:0/152
(((((((((((76,29),(64,59)),(69,89)),(62,(24,75))),((((51,45),54),((40,53),39)),67)),((((38,16),11),(((77,50),34),9)),(((((17,72),12),44),(22,32)),35))),(((((23,((((58,80),91),(57,8)),6)),(49,((36,55),7))),(((43,13),(30,(84,10))),(73,26))),1),(((((19,18),(92,15)),4),(86,68)),74))),(((((28,(48,46)),2),65),((25,47),(52,82))),(((((((21,78),71),((79,63),(3,85))),66),((61,87),(33,60))),88),81))),((((((5,70),(14,41)),(20,(56,31))),(90,27)),(42,83)),37)),((99,(96,93)),(97,((100,95),94)))),98);
Guide Tree 0/16
#NNI moves:0/152
Guide Tree 1/16
#NNI moves:0/152
Guide Tree 2/16
#NNI moves:0/152
Guide Tree 3/16
#NNI moves:0/152
Guide Tree 4/16
#NNI moves:0/152
Guide Tree 5/16
#NNI moves:0/152
Guide Tree 6/16
#NNI moves:0/152
Guide Tree 7/16
#NNI moves:0/152
Guide Tree 8/16
#NNI moves:0/152
Guide Tree 9/16
#NNI moves:0/152
Guide Tree 10/16
#NNI moves:0/152
Guide Tree 11/16
#NNI moves:0/152
Guide Tree 12/16
#NNI moves:0/152
Guide Tree 13/16
#NNI moves:0/152
Guide Tree 14/16
#NNI moves:0/152
Guide Tree 15/16
#NNI moves:0/152
Remaining: 0
#NNI moves:0/152
#NNI moves:0/152
((((((((((((((58,80),91),(8,57)),6),23),(49,((36,55),7))),((((10,84),30),(43,13)),(73,26))),1),(((((18,19),(92,15)),4),(86,68)),74)),((((((40,53),39),((45,51),54)),67),((((59,64),(29,76)),(89,69)),((75,24),62))),((((44,((17,72),12)),(32,22)),35),(((38,16),11),(((77,50),34),9))))),((((((46,48),28),2),65),((52,82),(47,25))),(((((87,61),(60,33)),((((3,85),(79,63)),(71,(78,21))),66)),88),81))),(((42,83),((((5,70),(41,14)),(20,(31,56))),(27,90))),37)),((99,(96,93)),(((100,95),94),97))),98);
Guide Tree 0/16
#NNI moves:0/152
Guide Tree 1/16
#NNI moves:0/152
Guide Tree 2/16
#NNI moves:0/152
Guide Tree 3/16
#NNI moves:0/152
Guide Tree 4/16
#NNI moves:0/152
Guide Tree 5/16
#NNI moves:0/152
Guide Tree 6/16
#NNI moves:0/152
Guide Tree 7/16
#NNI moves:0/152
Guide Tree 8/16
#NNI moves:0/152
Guide Tree 9/16
#NNI moves:0/152
Guide Tree 10/16
#NNI moves:0/152
Guide Tree 11/16
#NNI moves:0/152
Guide Tree 12/16
#NNI moves:0/152
Guide Tree 13/16
#NNI moves:0/152
Guide Tree 14/16
#NNI moves:0/152
Guide Tree 15/16
#NNI moves:0/152
Remaining: 0
#NNI moves:0/152
#NNI moves:0/152
(((((((((((((91,(80,58)),(57,8)),6),23),(((55,36),7),49)),(((43,13),(30,(10,84))),(26,73))),1),(((((19,18),(15,92)),4),(68,86)),74)),(((((39,(40,53)),(54,(45,51))),67),((((29,76),(64,59)),(69,89)),(62,(75,24)))),((((34,(77,50)),9),(11,(38,16))),(35,((22,32),(44,(12,(17,72)))))))),((((((((63,79),(3,85)),((78,21),71)),66),((61,87),(60,33))),88),81),((65,(((46,48),28),2)),((52,82),(25,47))))),(((((20,(31,56)),((41,14),(70,5))),(90,27)),(42,83)),37)),(((96,93),99),((94,(100,95)),97))),98);
Initial score: 2.42471e+09
Initial tree: (((((((((((((91,(80,58)),(57,8)),6),23),(((55,36),7),49)),(((43,13),(30,(10,84))),(26,73))),1),(((((19,18),(15,92)),4),(68,86)),74)),(((((39,(40,53)),(54,(45,51))),67),((((29,76),(64,59)),(69,89)),(62,(75,24)))),((((34,(77,50)),9),(11,(38,16))),(35,((22,32),(44,(12,(17,72)))))))),((((((((63,79),(3,85)),((78,21),71)),66),((61,87),(60,33))),88),81),((65,(((46,48),28),2)),((52,82),(25,47))))),(((((20,(31,56)),((41,14),(70,5))),(90,27)),(42,83)),37)),(((96,93),99),((94,(100,95)),97))),98);
*** Subsample Process ***
Use two-step algorithm!
#NNI moves:0/152
Remaining: 0
#NNI moves:0/152
#NNI moves:0/152
((((((((((((((((((41,14),(5,70)),((31,56),20)),(90,27)),(42,83)),37),((((94,(100,95)),97),((96,93),99)),98)),((((((((79,63),(3,85)),(71,(21,78))),66),((61,87),(60,33))),88),81),(((((46,48),28),2),65),((82,52),(47,25))))),((((((76,29),(64,59)),(69,89)),((75,24),62)),(((39,(53,40)),((51,45),54)),67)),(((11,(38,16)),(9,((50,77),34))),(((32,22),((12,(17,72)),44)),35)))),(((86,68),(((92,15),(18,19)),4)),74)),1),((((84,10),30),(43,13)),(73,26))),(49,((36,55),7))),23),6),(57,8)),(80,58)),91);
#NNI moves:0/152
Remaining: 0
#NNI moves:0/152
#NNI moves:0/152
(((((((((((((75,24),62),(((29,76),(64,59)),(89,69))),((((45,51),54),((53,40),39)),67)),((((22,32),(((17,72),12),44)),35),((11,(16,38)),(((50,77),34),9)))),((((((((57,8),((58,80),91)),6),23),(49,((36,55),7))),((((10,84),30),(43,13)),(26,73))),1),(((((92,15),(18,19)),4),(86,68)),74))),((((((((63,79),(85,3)),((78,21),71)),66),((60,33),(61,87))),88),81),(((((48,46),28),2),65),((82,52),(25,47))))),((((((14,41),(5,70)),((56,31),20)),(27,90)),(83,42)),37)),98),(99,(93,96))),97),(95,100)),94);
#NNI moves:0/152
Remaining: 0
#NNI moves:0/152
#NNI moves:0/152
(((((((((((((((14,41),(5,70)),(20,(56,31))),(90,27)),(83,42)),37),(((97,((100,95),94)),(99,(96,93))),98)),((((((((85,3),(63,79)),((78,21),71)),66),((61,87),(60,33))),88),81),((65,(2,((48,46),28))),((47,25),(52,82))))),((((((((8,57),(91,(80,58))),6),23),((7,(36,55)),49)),((73,26),(((10,84),30),(13,43)))),1),(((((15,92),(18,19)),4),(86,68)),74))),((35,((22,32),(((17,72),12),44))),((11,(16,38)),(((77,50),34),9)))),((((51,45),54),(39,(40,53))),67)),(((76,29),(64,59)),(89,69))),62),24),75);
#NNI moves:0/152
Remaining: 0
#NNI moves:0/152
#NNI moves:0/152
(((((((((((((45,51),54),(39,(40,53))),67),((((76,29),(59,64)),(69,89)),((24,75),62))),((((34,(50,77)),9),((16,38),11)),(((22,32),(44,((72,17),12))),35))),(((((((((80,58),91),(57,8)),6),23),(((36,55),7),49)),((26,73),((30,(84,10)),(13,43)))),1),(((68,86),(((15,92),(19,18)),4)),74))),((((((((3,85),(79,63)),((21,78),71)),66),((87,61),(33,60))),88),81),(((2,((46,48),28)),65),((52,82),(47,25))))),(((42,83),(((20,(31,56)),((41,14),(70,5))),(27,90))),37)),98),((93,96),99)),((100,95),94)),97);
Current score: 2.42471e+09
Current tree: (((((((((((45,51),54),(39,(40,53))),67),((((76,29),(59,64)),(69,89)),((24,75),62))),((((34,(50,77)),9),((16,38),11)),(((22,32),(44,((72,17),12))),35))),(((((((((80,58),91),(57,8)),6),23),(((36,55),7),49)),((26,73),((30,(84,10)),(13,43)))),1),(((68,86),(((15,92),(19,18)),4)),74))),((((((((3,85),(79,63)),((21,78),71)),66),((87,61),(33,60))),88),81),(((2,((46,48),28)),65),((52,82),(47,25))))),(((42,83),(((20,(31,56)),((41,14),(70,5))),(27,90))),37)),(((93,96),99),(((100,95),94),97))),98);
Final Tree: (((((((((((45,51),54),(39,(40,53))),67),((((76,29),(59,64)),(69,89)),((24,75),62))),((((34,(50,77)),9),((16,38),11)),(((22,32),(44,((72,17),12))),35))),(((((((((80,58),91),(57,8)),6),23),(((36,55),7),49)),((26,73),((30,(84,10)),(13,43)))),1),(((68,86),(((15,92),(19,18)),4)),74))),((((((((3,85),(79,63)),((21,78),71)),66),((87,61),(33,60))),88),81),(((2,((46,48),28)),65),((52,82),(47,25))))),(((42,83),(((20,(31,56)),((41,14),(70,5))),(27,90))),37)),(((93,96),99),(((100,95),94),97))),98);
#EqQuartets: 2428098948
Score: 2424706841
ASTRAL for PaRalogs and Orthologs III (ASTRAL-Pro3)
*** NOW with integrated CASTLES-Pro ***
Version: v1.22.3.6
Read 512 genetrees and found 100 species.
#Genetrees: 1000
#Duploss: 5664
#Species: 100
#Rounds: 4
#Samples: 4
#Threads: 1
Use two-step algorithm!
Guide Tree 0/16
#NNI moves:0/152
Guide Tree 1/16
#NNI moves:0/152
Guide Tree 2/16
#NNI moves:0/152
Guide Tree 3/16
#NNI moves:0/152
Guide Tree 4/16
#NNI moves:0/152
Guide Tree 5/16
#NNI moves:0/152
Guide Tree 6/16
#NNI moves:0/152
Guide Tree 7/16
#NNI moves:0/152
Guide Tree 8/16
#NNI moves:0/152
Guide Tree 9/16
#NNI moves:0/152
Guide Tree 10/16
#NNI moves:0/152
Guide Tree 11/16
#NNI moves:0/152
Guide Tree 12/16
#NNI moves:0/152
Guide Tree 13/16
#NNI moves:0/152
Guide Tree 14/16
#NNI moves:0/152
Guide Tree 15/16
#NNI moves:0/152
Remaining: 0
#NNI moves:0/152
#NNI moves:0/152
((((((((((((((((((69,(59,36)),((22,19),95)),(99,49)),((((40,65),44),62),41)),((57,(67,70)),88)),92),(18,(((85,91),97),79))),(60,100)),((80,43),34)),((((77,72),((48,52),20)),(61,55)),(87,58))),((((((98,29),(50,68)),38),81),((74,(((93,75),53),26)),24)),((((37,39),73),((90,35),(51,21))),45))),(((((83,(76,27)),(((82,64),46),42)),(47,56)),(((17,66),54),((25,84),89))),(32,31))),(((5,6),(((7,15),((1,3),12)),14)),(((2,(11,9)),16),((13,8),(10,4))))),63),(33,(71,28))),(23,30)),(96,(78,94))),86);
Guide Tree 0/16
#NNI moves:0/152
Guide Tree 1/16
#NNI moves:0/152
Guide Tree 2/16
#NNI moves:0/152
Guide Tree 3/16
#NNI moves:0/152
Guide Tree 4/16
#NNI moves:0/152
Guide Tree 5/16
#NNI moves:0/152
Guide Tree 6/16
#NNI moves:0/152
Guide Tree 7/16
#NNI moves:0/152
Guide Tree 8/16
#NNI moves:0/152
Guide Tree 9/16
#NNI moves:0/152
Guide Tree 10/16
#NNI moves:0/152
Guide Tree 11/16
#NNI moves:0/152
Guide Tree 12/16
#NNI moves:0/152
Guide Tree 13/16
#NNI moves:0/152
Guide Tree 14/16
#NNI moves:0/152
Guide Tree 15/16
#NNI moves:0/152
Remaining: 0
#NNI moves:0/152
#NNI moves:0/152
((((((((((((55,61),((77,72),(20,(52,48)))),(58,87)),(((((((41,(((40,65),44),62)),((((19,22),95),((36,59),69)),(49,99))),(((70,67),57),88)),92),(((97,(85,91)),79),18)),(100,60)),((43,80),34))),((((((98,29),(68,50)),38),81),((((53,(75,93)),26),74),24)),(((73,(39,37)),((21,51),(90,35))),45))),(((((42,((64,82),46)),(83,(27,76))),(47,56)),((89,(84,25)),(54,(66,17)))),(32,31))),((((4,10),(8,13)),(((9,11),2),16)),((6,5),(((15,7),((1,3),12)),14)))),63),((28,71),33)),(23,30)),((94,78),96)),86);
Guide Tree 0/16
#NNI moves:0/152
Guide Tree 1/16
#NNI moves:0/152
Guide Tree 2/16
#NNI moves:0/152
Guide Tree 3/16
#NNI moves:0/152
Guide Tree 4/16
#NNI moves:0/152
Guide Tree 5/16
#NNI moves:0/152
Guide Tree 6/16
#NNI moves:0/152
Guide Tree 7/16
#NNI moves:0/152
Guide Tree 8/16
#NNI moves:0/152
Guide Tree 9/16
#NNI moves:0/152
Guide Tree 10/16
#NNI moves:0/152
Guide Tree 11/16
#NNI moves:0/152
Guide Tree 12/16
#NNI moves:0/152
Guide Tree 13/16
#NNI moves:0/152
Guide Tree 14/16
#NNI moves:0/152
Guide Tree 15/16
#NNI moves:0/152
Remaining: 0
#NNI moves:0/152
#NNI moves:0/152
(((((((((((((((((99,49),((69,(59,36)),(95,(19,22)))),(((44,(65,40)),62),41)),(((70,67),57),88)),92),((((85,91),97),79),18)),(60,100)),((43,80),34)),((((72,77),((48,52),20)),(55,61)),(87,58))),((((((50,68),(98,29)),38),81),(((((93,75),53),26),74),24)),((((39,37),73),((90,35),(51,21))),45))),((32,31),(((89,(84,25)),((66,17),54)),(((42,((64,82),46)),((76,27),83)),(47,56))))),((((((3,1),12),(7,15)),14),(5,6)),(((13,8),(4,10)),((2,(11,9)),16)))),63),((28,71),33)),(23,30)),((94,78),96)),86);
Guide Tree 0/16
#NNI moves:0/152
Guide Tree 1/16
#NNI moves:0/152
Guide Tree 2/16
#NNI moves:0/152
Guide Tree 3/16
#NNI moves:0/152
Guide Tree 4/16
#NNI moves:0/152
Guide Tree 5/16
#NNI moves:0/152
Guide Tree 6/16
#NNI moves:0/152
Guide Tree 7/16
#NNI moves:0/152
Guide Tree 8/16
#NNI moves:0/152
Guide Tree 9/16
#NNI moves:0/152
Guide Tree 10/16
#NNI moves:0/152
Guide Tree 11/16
#NNI moves:0/152
Guide Tree 12/16
#NNI moves:0/152
Guide Tree 13/16
#NNI moves:0/152
Guide Tree 14/16
#NNI moves:0/152
Guide Tree 15/16
#NNI moves:0/152
Remaining: 0
#NNI moves:0/152
#NNI moves:0/152
(((((((((((((((((((65,40),44),62),41),((49,99),((69,(36,59)),((22,19),95)))),(88,((67,70),57))),92),((((91,85),97),79),18)),(60,100)),((43,80),34)),(((((52,48),20),(77,72)),(55,61)),(87,58))),(((((35,90),(51,21)),(73,(37,39))),45),(((((68,50),(98,29)),38),81),((74,((53,(93,75)),26)),24)))),((((56,47),((((82,64),46),42),(83,(27,76)))),(((17,66),54),((25,84),89))),(31,32))),(((14,((15,7),((1,3),12))),(5,6)),(((2,(9,11)),16),((4,10),(13,8))))),63),((71,28),33)),(30,23)),(96,(94,78))),86);
Initial score: 2.34734e+09
Initial tree: (((((((((((((((((((65,40),44),62),41),((49,99),((69,(36,59)),((22,19),95)))),(88,((67,70),57))),92),((((91,85),97),79),18)),(60,100)),((43,80),34)),(((((52,48),20),(77,72)),(55,61)),(87,58))),(((((35,90),(51,21)),(73,(37,39))),45),(((((68,50),(98,29)),38),81),((74,((53,(93,75)),26)),24)))),((((56,47),((((82,64),46),42),(83,(27,76)))),(((17,66),54),((25,84),89))),(31,32))),(((14,((15,7),((1,3),12))),(5,6)),(((2,(9,11)),16),((4,10),(13,8))))),63),((71,28),33)),(30,23)),(96,(94,78))),86);
*** Subsample Process ***
Use two-step algorithm!
#NNI moves:0/152
Remaining: 0
#NNI moves:0/152
#NNI moves:0/152
((((((((((((((((((((82,64),46),42),((76,27),83)),(47,56)),(((17,66),54),((84,25),89))),(31,32)),((((5,6),((((1,3),12),(7,15)),14)),(((8,13),(10,4)),(((11,9),2),16))),(((((96,(94,78)),86),(30,23)),(33,(28,71))),63))),((((((98,29),(50,68)),38),81),(((((75,93),53),26),74),24)),((((39,37),73),((51,21),(90,35))),45))),((58,87),((55,61),((72,77),((52,48),20))))),(34,(80,43))),(60,100)),((((91,85),97),79),18)),92),(((67,70),57),88)),(((69,(59,36)),((22,19),95)),(49,99))),41),62),(40,65)),44);
#NNI moves:0/152
Remaining: 0
#NNI moves:0/152
#NNI moves:0/152
((((((((((((((((((62,((40,65),44)),41),((((22,19),95),((36,59),69)),(99,49))),(88,((70,67),57))),92),(18,(79,((85,91),97)))),(60,100)),((80,43),34)),((((72,77),(20,(48,52))),(61,55)),(87,58))),((((((68,50),(29,98)),38),81),(((((93,75),53),26),74),24)),((((51,21),(90,35)),((39,37),73)),45))),((((((46,(82,64)),42),((76,27),83)),(47,56)),(((17,66),54),((84,25),89))),(32,31))),(((((12,(1,3)),(15,7)),14),(6,5)),(((8,13),(10,4)),(16,((11,9),2))))),63),((28,71),33)),(23,30)),86),(78,94)),96);
#NNI moves:0/152
Remaining: 0
#NNI moves:0/152
#NNI moves:0/152
((((((((((((((((((46,(82,64)),42),((27,76),83)),(47,56)),(((25,84),89),((17,66),54))),(31,32)),(((((2,(11,9)),16),((8,13),(4,10))),(((((1,3),12),(15,7)),14),(5,6))),((((23,30),(((94,78),96),86)),(33,(28,71))),63))),(((((21,51),(90,35)),((37,39),73)),45),(((((98,29),(68,50)),38),81),(((26,((93,75),53)),74),24)))),((((72,77),((48,52),20)),(61,55)),(87,58))),((43,80),34)),(60,100)),(((97,(91,85)),79),18)),92),(88,((70,67),57))),((((59,36),69),(95,(19,22))),(99,49))),41),((65,40),44)),62);
#NNI moves:0/152
Remaining: 0
#NNI moves:0/152
#NNI moves:0/152
((((((((((((((98,29),(68,50)),38),81),((((53,(75,93)),26),74),24)),((((90,35),(51,21)),((37,39),73)),45)),((((((((91,85),97),79),18),((((((69,(36,59)),(95,(22,19))),(99,49)),(((44,(40,65)),62),41)),(88,(57,(67,70)))),92)),(100,60)),((43,80),34)),((87,58),((((52,48),20),(72,77)),(61,55))))),((((((76,27),83),(42,((82,64),46))),(56,47)),(((17,66),54),((25,84),89))),(31,32))),((((((3,1),12),(7,15)),14),(5,6)),((((9,11),2),16),((10,4),(8,13))))),63),((71,28),33)),(((94,78),96),86)),30),23);
Current score: 2.34734e+09
Current tree: ((((94,78),96),((((((((((((98,29),(68,50)),38),81),((((53,(75,93)),26),74),24)),((((90,35),(51,21)),((37,39),73)),45)),((((((((91,85),97),79),18),((((((69,(36,59)),(95,(22,19))),(99,49)),(((44,(40,65)),62),41)),(88,(57,(67,70)))),92)),(100,60)),((43,80),34)),((87,58),((((52,48),20),(72,77)),(61,55))))),((((((76,27),83),(42,((82,64),46))),(56,47)),(((17,66),54),((25,84),89))),(31,32))),((((((3,1),12),(7,15)),14),(5,6)),((((9,11),2),16),((10,4),(8,13))))),63),((71,28),33)),(30,23))),86);
Final Tree: ((((94,78),96),((((((((((((98,29),(68,50)),38),81),((((53,(75,93)),26),74),24)),((((90,35),(51,21)),((37,39),73)),45)),((((((((91,85),97),79),18),((((((69,(36,59)),(95,(22,19))),(99,49)),(((44,(40,65)),62),41)),(88,(57,(67,70)))),92)),(100,60)),((43,80),34)),((87,58),((((52,48),20),(72,77)),(61,55))))),((((((76,27),83),(42,((82,64),46))),(56,47)),(((17,66),54),((25,84),89))),(31,32))),((((((3,1),12),(7,15)),14),(5,6)),((((9,11),2),16),((10,4),(8,13))))),63),((71,28),33)),(30,23))),86);
#EqQuartets: 2356460639
Score: 2347341916
ASTRAL for PaRalogs and Orthologs III (ASTRAL-Pro3)
*** NOW with integrated CASTLES-Pro ***
Version: v1.22.3.6
Read 512 genetrees and found 100 species.
#Genetrees: 991
#Duploss: 6185
#Species: 100
#Rounds: 4
#Samples: 4
#Threads: 1
Use two-step algorithm!
Guide Tree 0/16
#NNI moves:0/152
Guide Tree 1/16
#NNI moves:0/152
Guide Tree 2/16
#NNI moves:0/152
Guide Tree 3/16
#NNI moves:0/152
Guide Tree 4/16
#NNI moves:0/152
Guide Tree 5/16
#NNI moves:0/152
Guide Tree 6/16
#NNI moves:0/152
Guide Tree 7/16
#NNI moves:0/152
Guide Tree 8/16
#NNI moves:0/152
Guide Tree 9/16
#NNI moves:0/152
Guide Tree 10/16
#NNI moves:0/152
Guide Tree 11/16
#NNI moves:0/152
Guide Tree 12/16
#NNI moves:0/152
Guide Tree 13/16
#NNI moves:0/152
Guide Tree 14/16
#NNI moves:0/152
Guide Tree 15/16
#NNI moves:0/152
Remaining: 0
#NNI moves:0/152
#NNI moves:0/152
(((((((((((((((25,(((27,37),((49,62),(33,42))),16)),((((96,39),72),(21,41)),(((55,56),18),(71,70)))),(20,13)),((79,(51,47)),(((30,(87,73)),(43,64)),(97,(22,93))))),(((8,46),57),59)),((((((5,23),(74,9)),((75,(99,36)),(85,35))),((((61,7),60),19),11)),(((86,84),66),(76,81))),(((((((92,45),4),91),26),100),78),(((83,68),44),(29,(32,67)))))),(((88,94),(95,28)),10)),15),((63,((80,17),(31,38))),((90,(54,40)),(34,14)))),(2,(3,1))),(((89,82),(52,48)),(24,69))),((77,12),65)),98),((53,58),50)),6);
Guide Tree 0/16
#NNI moves:0/152
Guide Tree 1/16
#NNI moves:0/152
Guide Tree 2/16
#NNI moves:0/152
Guide Tree 3/16
#NNI moves:0/152
Guide Tree 4/16
#NNI moves:0/152
Guide Tree 5/16
#NNI moves:0/152
Guide Tree 6/16
#NNI moves:0/152
Guide Tree 7/16
#NNI moves:0/152
Guide Tree 8/16
#NNI moves:0/152
Guide Tree 9/16
#NNI moves:0/152
Guide Tree 10/16
#NNI moves:0/152
Guide Tree 11/16
#NNI moves:0/152
Guide Tree 12/16
#NNI moves:0/152
Guide Tree 13/16
#NNI moves:0/152
Guide Tree 14/16
#NNI moves:0/152
Guide Tree 15/16
#NNI moves:0/152
Remaining: 0
#NNI moves:0/152
#NNI moves:0/152
((((((((((((((((22,93),97),(((87,73),30),(64,43))),(79,(51,47))),((((16,(((33,42),(62,49)),(37,27))),25),((((39,96),72),(41,21)),(((56,55),18),(71,70)))),(20,13))),((57,(46,8)),59)),((((((5,23),(9,74)),((75,(99,36)),(35,85))),((19,(60,(61,7))),11)),((66,(86,84)),(76,81))),(((100,((91,((45,92),4)),26)),78),(((67,32),29),((68,83),44))))),(((28,95),(94,88)),10)),15),((((40,54),90),(14,34)),(((80,17),(38,31)),63))),(2,(1,3))),((69,24),((82,89),(52,48)))),(65,(77,12))),98),(50,(53,58))),6);
Guide Tree 0/16
#NNI moves:0/152
Guide Tree 1/16
#NNI moves:0/152
Guide Tree 2/16
#NNI moves:0/152
Guide Tree 3/16
#NNI moves:0/152
Guide Tree 4/16
#NNI moves:0/152
Guide Tree 5/16
#NNI moves:0/152
Guide Tree 6/16
#NNI moves:0/152
Guide Tree 7/16
#NNI moves:0/152
Guide Tree 8/16
#NNI moves:0/152
Guide Tree 9/16
#NNI moves:0/152
Guide Tree 10/16
#NNI moves:0/152
Guide Tree 11/16
#NNI moves:0/152
Guide Tree 12/16
#NNI moves:0/152
Guide Tree 13/16
#NNI moves:0/152
Guide Tree 14/16
#NNI moves:0/152
Guide Tree 15/16
#NNI moves:0/152
Remaining: 0
#NNI moves:0/152
#NNI moves:0/152
((((((((((((((((74,9),(5,23)),(((36,99),75),(85,35))),(11,(((7,61),60),19))),((66,(86,84)),(81,76))),(((29,(67,32)),(44,(68,83))),(((26,(((45,92),4),91)),100),78))),((((79,(51,47)),(((93,22),97),((64,43),((73,87),30)))),((((16,(((49,62),(42,33)),(27,37))),25),(((71,70),((55,56),18)),(((96,39),72),(21,41)))),(20,13))),((57,(8,46)),59))),(10,((88,94),(28,95)))),15),((((54,40),90),(34,14)),(((31,38),(17,80)),63))),((3,1),2)),(((89,82),(48,52)),(24,69))),(65,(77,12))),98),(50,(53,58))),6);
Guide Tree 0/16
#NNI moves:0/152
Guide Tree 1/16
#NNI moves:0/152
Guide Tree 2/16
#NNI moves:0/152
Guide Tree 3/16
#NNI moves:0/152
Guide Tree 4/16
#NNI moves:0/152
Guide Tree 5/16
#NNI moves:0/152
Guide Tree 6/16
#NNI moves:0/152
Guide Tree 7/16
#NNI moves:0/152
Guide Tree 8/16
#NNI moves:0/152
Guide Tree 9/16
#NNI moves:0/152
Guide Tree 10/16
#NNI moves:0/152
Guide Tree 11/16
#NNI moves:0/152
Guide Tree 12/16
#NNI moves:0/152
Guide Tree 13/16
#NNI moves:0/152
Guide Tree 14/16
#NNI moves:0/152
Guide Tree 15/16
#NNI moves:0/152
Remaining: 0
#NNI moves:0/152
#NNI moves:0/152
(((((((((((((((((72,(96,39)),(41,21)),(((55,56),18),(71,70))),((((27,37),((49,62),(42,33))),16),25)),(20,13)),(((51,47),79),(((22,93),97),((30,(87,73)),(43,64))))),(59,((8,46),57))),(((((((4,(45,92)),91),26),100),78),(((83,68),44),((67,32),29))),(((11,((60,(61,7)),19)),(((9,74),(5,23)),((85,35),(75,(99,36))))),((66,(86,84)),(76,81))))),(10,((88,94),(95,28)))),15),(((14,34),((54,40),90)),(((38,31),(80,17)),63))),(2,(1,3))),(((82,89),(48,52)),(69,24))),((77,12),65)),98),((53,58),50)),6);
Initial score: 2.40742e+09
Initial tree: (((((((((((((((((72,(96,39)),(41,21)),(((55,56),18),(71,70))),((((27,37),((49,62),(42,33))),16),25)),(20,13)),(((51,47),79),(((22,93),97),((30,(87,73)),(43,64))))),(59,((8,46),57))),(((((((4,(45,92)),91),26),100),78),(((83,68),44),((67,32),29))),(((11,((60,(61,7)),19)),(((9,74),(5,23)),((85,35),(75,(99,36))))),((66,(86,84)),(76,81))))),(10,((88,94),(95,28)))),15),(((14,34),((54,40),90)),(((38,31),(80,17)),63))),(2,(1,3))),(((82,89),(48,52)),(69,24))),((77,12),65)),98),((53,58),50)),6);
*** Subsample Process ***
Use two-step algorithm!
#NNI moves:0/152
Remaining: 0
#NNI moves:0/152
#NNI moves:0/152
((((((((((((((((75,(99,36)),(85,35)),((23,5),(74,9))),(11,((60,(61,7)),19))),((81,76),((84,86),66))),((((26,(((45,92),4),91)),100),78),((44,(68,83)),((67,32),29)))),((((((((89,82),(48,52)),(69,24)),(((((53,58),50),6),98),((77,12),65))),((3,1),2)),((((54,40),90),(14,34)),(63,((31,38),(17,80))))),15),(((95,28),(88,94)),10))),(((8,46),57),59)),(((51,47),79),(((30,(87,73)),(64,43)),(97,(93,22))))),(13,20)),(((((49,62),(33,42)),(37,27)),16),25)),(((56,55),18),(70,71))),(21,41)),72),39),96);
#NNI moves:0/152
Remaining: 0
#NNI moves:0/152
#NNI moves:0/152
((((((((((((((((((85,35),((36,99),75)),((9,74),(5,23))),((((7,61),60),19),11)),((76,81),((86,84),66))),((78,((26,(((45,92),4),91)),100)),((29,(67,32)),(44,(83,68))))),(((((((41,21),(72,(39,96))),((70,71),((56,55),18))),(((((49,62),(42,33)),(37,27)),16),25)),(20,13)),((79,(51,47)),(((30,(73,87)),(64,43)),((93,22),97)))),(((46,8),57),59))),(((88,94),(28,95)),10)),15),(((90,(54,40)),(34,14)),(63,((80,17),(38,31))))),((3,1),2)),(((52,48),(82,89)),(24,69))),(65,(12,77))),98),6),50),58),53);
#NNI moves:0/152
Remaining: 0
#NNI moves:0/152
#NNI moves:0/152
(((((((((((((51,47),79),(((43,64),(30,(73,87))),((93,22),97))),(((((((49,62),(42,33)),(27,37)),16),25),((((56,55),18),(70,71)),(((96,39),72),(41,21)))),(20,13))),(((46,8),57),59)),((((88,94),(28,95)),10),((((((31,38),(17,80)),63),((34,14),(90,(40,54)))),((((98,((50,(53,58)),6)),(65,(77,12))),(((82,89),(52,48)),(69,24))),((1,3),2))),15))),(((((91,((92,45),4)),26),100),78),(((68,83),44),(29,(32,67))))),((76,81),((86,84),66))),((19,((61,7),60)),11)),((5,23),(9,74))),(75,(36,99))),35),85);
#NNI moves:0/152
Remaining: 0
#NNI moves:0/152
#NNI moves:0/152
((((((((((((((((7,61),60),19),11),(((9,74),(23,5)),((75,(99,36)),(35,85)))),((76,81),((86,84),66))),((((83,68),44),((67,32),29)),((((((45,92),4),91),26),100),78))),(((((((71,70),((56,55),18)),(((96,39),72),(21,41))),(((((33,42),(62,49)),(27,37)),16),25)),(13,20)),((((30,(87,73)),(43,64)),(97,(22,93))),((47,51),79))),(59,(57,(8,46))))),(((88,94),(95,28)),10)),15),(((34,14),((54,40),90)),(((38,31),(17,80)),63))),((3,1),2)),(((89,82),(48,52)),(24,69))),((12,77),65)),((50,(58,53)),6)),98);
Current score: 2.40742e+09
Current tree: (((50,(58,53)),(((((((((((((((7,61),60),19),11),(((9,74),(23,5)),((75,(99,36)),(35,85)))),((76,81),((86,84),66))),((((83,68),44),((67,32),29)),((((((45,92),4),91),26),100),78))),(((((((71,70),((56,55),18)),(((96,39),72),(21,41))),(((((33,42),(62,49)),(27,37)),16),25)),(13,20)),((((30,(87,73)),(43,64)),(97,(22,93))),((47,51),79))),(59,(57,(8,46))))),(((88,94),(95,28)),10)),15),(((34,14),((54,40),90)),(((38,31),(17,80)),63))),((3,1),2)),(((89,82),(48,52)),(24,69))),((12,77),65)),98)),6);
Final Tree: (((50,(58,53)),(((((((((((((((7,61),60),19),11),(((9,74),(23,5)),((75,(99,36)),(35,85)))),((76,81),((86,84),66))),((((83,68),44),((67,32),29)),((((((45,92),4),91),26),100),78))),(((((((71,70),((56,55),18)),(((96,39),72),(21,41))),(((((33,42),(62,49)),(27,37)),16),25)),(13,20)),((((30,(87,73)),(43,64)),(97,(22,93))),((47,51),79))),(59,(57,(8,46))))),(((88,94),(95,28)),10)),15),(((34,14),((54,40),90)),(((38,31),(17,80)),63))),((3,1),2)),(((89,82),(48,52)),(24,69))),((12,77),65)),98)),6);
#EqQuartets: 2414099924
Score: 2407415022
ASTRAL for PaRalogs and Orthologs III (ASTRAL-Pro3)
*** NOW with integrated CASTLES-Pro ***
Version: v1.22.3.6
Read 512 genetrees and found 100 species.
#Genetrees: 1000
#Duploss: 4862
#Species: 100
#Rounds: 4
#Samples: 4
#Threads: 1
Use two-step algorithm!
Guide Tree 0/16
#NNI moves:0/152
Guide Tree 1/16
#NNI moves:0/152
Guide Tree 2/16
#NNI moves:0/152
Guide Tree 3/16
#NNI moves:0/152
Guide Tree 4/16
#NNI moves:0/152
Guide Tree 5/16
#NNI moves:0/152
Guide Tree 6/16
#NNI moves:0/152
Guide Tree 7/16
#NNI moves:0/152
Guide Tree 8/16
#NNI moves:0/152
Guide Tree 9/16
#NNI moves:0/152
Guide Tree 10/16
#NNI moves:0/152
Guide Tree 11/16
#NNI moves:0/152
Guide Tree 12/16
#NNI moves:0/152
Guide Tree 13/16
#NNI moves:0/152
Guide Tree 14/16
#NNI moves:0/152
Guide Tree 15/16
#NNI moves:0/152
Remaining: 0
#NNI moves:0/152
#NNI moves:0/152
(((((((((((66,((77,(72,23)),80)),34),((((30,65),76),99),(((73,68),53),57))),(74,(45,36))),((61,((86,94),24)),(82,38))),(((((((((59,50),92),98),71),(((((25,78),70),(64,69)),((88,44),33)),84)),((27,56),((((31,95),35),(58,91)),48))),(((43,54),(((89,39),52),((32,83),79))),((51,(((((((93,62),87),40),100),47),(28,55)),(63,96))),81))),((49,85),(37,42))),(((((75,97),90),41),((26,(67,29)),60)),46))),((((11,(9,13)),12),((20,5),(1,14))),((2,19),(6,16)))),(7,15)),(((21,(4,8)),(18,10)),22)),17),3);
Guide Tree 0/16
#NNI moves:0/152
Guide Tree 1/16
#NNI moves:0/152
Guide Tree 2/16
#NNI moves:0/152
Guide Tree 3/16
#NNI moves:0/152
Guide Tree 4/16
#NNI moves:0/152
Guide Tree 5/16
#NNI moves:0/152
Guide Tree 6/16
#NNI moves:0/152
Guide Tree 7/16
#NNI moves:0/152
Guide Tree 8/16
#NNI moves:0/152
Guide Tree 9/16
#NNI moves:0/152
Guide Tree 10/16
#NNI moves:0/152
Guide Tree 11/16
#NNI moves:0/152
Guide Tree 12/16
#NNI moves:0/152
Guide Tree 13/16
#NNI moves:0/152
Guide Tree 14/16
#NNI moves:0/152
Guide Tree 15/16
#NNI moves:0/152
Remaining: 0
#NNI moves:0/152
#NNI moves:0/152
(((((((((((((((95,31),35),(91,58)),48),(56,27)),(((((59,50),92),98),71),((((69,64),(70,(25,78))),(33,(88,44))),84))),(((43,54),((79,(83,32)),(52,(89,39)))),((51,((96,63),(((100,(((62,93),87),40)),47),(28,55)))),81))),((85,49),(37,42))),(((41,((97,75),90)),(((67,29),26),60)),46)),(((((66,(((72,23),77),80)),34),(((76,(30,65)),99),(57,(53,(68,73))))),(74,(45,36))),(((24,(86,94)),61),(82,38)))),((((5,20),(14,1)),((11,(13,9)),12)),((16,6),(2,19)))),(15,7)),(((21,(4,8)),(10,18)),22)),17),3);
Guide Tree 0/16
#NNI moves:0/152
Guide Tree 1/16
#NNI moves:0/152
Guide Tree 2/16
#NNI moves:0/152
Guide Tree 3/16
#NNI moves:0/152
Guide Tree 4/16
#NNI moves:0/152
Guide Tree 5/16
#NNI moves:0/152
Guide Tree 6/16
#NNI moves:0/152
Guide Tree 7/16
#NNI moves:0/152
Guide Tree 8/16
#NNI moves:0/152
Guide Tree 9/16
#NNI moves:0/152
Guide Tree 10/16
#NNI moves:0/152
Guide Tree 11/16
#NNI moves:0/152
Guide Tree 12/16
#NNI moves:0/152
Guide Tree 13/16
#NNI moves:0/152
Guide Tree 14/16
#NNI moves:0/152
Guide Tree 15/16
#NNI moves:0/152
Remaining: 0
#NNI moves:0/152
#NNI moves:0/152
((((((((((((((33,(88,44)),((64,69),((78,25),70))),84),(((92,(59,50)),98),71)),((((35,(95,31)),(91,58)),48),(56,27))),((((((((((62,93),87),40),100),47),(28,55)),(96,63)),51),81),((((32,83),79),((39,89),52)),(43,54)))),((42,37),(49,85))),(((41,((97,75),90)),(60,((29,67),26))),46)),(((((((65,30),76),99),(((68,73),53),57)),((66,(((23,72),77),80)),34)),((36,45),74)),((((86,94),24),61),(38,82)))),((((5,20),(1,14)),(((9,13),11),12)),((2,19),(6,16)))),(15,7)),(((10,18),(21,(4,8))),22)),17),3);
Guide Tree 0/16
#NNI moves:0/152
Guide Tree 1/16
#NNI moves:0/152
Guide Tree 2/16
#NNI moves:0/152
Guide Tree 3/16
#NNI moves:0/152
Guide Tree 4/16
#NNI moves:0/152
Guide Tree 5/16
#NNI moves:0/152
Guide Tree 6/16
#NNI moves:0/152
Guide Tree 7/16
#NNI moves:0/152
Guide Tree 8/16
#NNI moves:0/152
Guide Tree 9/16
#NNI moves:0/152
Guide Tree 10/16
#NNI moves:0/152
Guide Tree 11/16
#NNI moves:0/152
Guide Tree 12/16
#NNI moves:0/152
Guide Tree 13/16
#NNI moves:0/152
Guide Tree 14/16
#NNI moves:0/152
Guide Tree 15/16
#NNI moves:0/152
Remaining: 0
#NNI moves:0/152
#NNI moves:0/152
(((((((((((((((((40,(87,(93,62))),100),47),(28,55)),(96,63)),51),81),((((89,39),52),(79,(32,83))),(43,54))),((((((64,69),(70,(25,78))),(33,(88,44))),84),(71,(((59,50),92),98))),(((((95,31),35),(58,91)),48),(27,56)))),((49,85),(37,42))),(((((29,67),26),60),(((75,97),90),41)),46)),(((((((68,73),53),57),(((65,30),76),99)),(34,((80,(77,(72,23))),66))),((45,36),74)),(((24,(86,94)),61),(38,82)))),(((2,19),(16,6)),(((11,(13,9)),12),((1,14),(5,20))))),(7,15)),((((4,8),21),(10,18)),22)),17),3);
Initial score: 2.42284e+09
Initial tree: (((((((((((((((((40,(87,(93,62))),100),47),(28,55)),(96,63)),51),81),((((89,39),52),(79,(32,83))),(43,54))),((((((64,69),(70,(25,78))),(33,(88,44))),84),(71,(((59,50),92),98))),(((((95,31),35),(58,91)),48),(27,56)))),((49,85),(37,42))),(((((29,67),26),60),(((75,97),90),41)),46)),(((((((68,73),53),57),(((65,30),76),99)),(34,((80,(77,(72,23))),66))),((45,36),74)),(((24,(86,94)),61),(38,82)))),(((2,19),(16,6)),(((11,(13,9)),12),((1,14),(5,20))))),(7,15)),((((4,8),21),(10,18)),22)),17),3);
*** Subsample Process ***
Use two-step algorithm!
#NNI moves:0/152
Remaining: 0
#NNI moves:0/152
#NNI moves:0/152
((((((((((((((((((((((65,30),76),99),(((73,68),53),57)),((((77,(23,72)),80),66),34)),((36,45),74)),((((86,94),24),61),(38,82))),((((2,19),(6,16)),(((1,14),(5,20)),(((9,13),11),12))),(((17,3),(22,(((4,8),21),(10,18)))),(7,15)))),(((((75,97),90),41),(((29,67),26),60)),46)),((85,49),(37,42))),(((27,56),(((91,58),((31,95),35)),48)),(((((64,69),(70,(25,78))),((44,88),33)),84),((98,((50,59),92)),71)))),((43,54),(((83,32),79),(52,(89,39))))),81),51),(96,63)),(28,55)),47),100),40),87),93),62);
#NNI moves:0/152
Remaining: 0
#NNI moves:0/152
#NNI moves:0/152
((((((((((((((((78,25),70),(64,69)),((88,44),33)),84),((98,((59,50),92)),71)),((27,56),(((91,58),(35,(31,95))),48))),(((51,(((47,((((62,93),87),40),100)),(28,55)),(96,63))),81),((((39,89),52),((32,83),79)),(54,43)))),((85,49),(37,42))),(((((29,67),26),60),((90,(75,97)),41)),46)),(((((((30,65),76),99),(((73,68),53),57)),((((77,(72,23)),80),66),34)),((45,36),74)),((82,38),((24,(94,86)),61)))),((((1,14),(20,5)),(((9,13),11),12)),((6,16),(19,2)))),(15,7)),(((18,10),(21,(8,4))),22)),3),17);
#NNI moves:0/152
Remaining: 0
#NNI moves:0/152
#NNI moves:0/152
((((((((((((((((((73,68),53),57),(99,((30,65),76))),(((((23,72),77),80),66),34)),((45,36),74)),((((94,86),24),61),(82,38))),(((((1,14),(20,5)),(12,((13,9),11))),((19,2),(6,16))),(((((21,(4,8)),(10,18)),22),(3,17)),(7,15)))),((((90,(75,97)),41),(60,((29,67),26))),46)),((85,49),(37,42))),((((((28,55),((100,(((93,62),87),40)),47)),(63,96)),51),81),((43,54),((52,(39,89)),((32,83),79))))),((((58,91),(35,(95,31))),48),(27,56))),((98,((59,50),92)),71)),84),((88,44),33)),((25,78),70)),64),69);
#NNI moves:0/152
Remaining: 0
#NNI moves:0/152
#NNI moves:0/152
((((((((((((((((89,39),52),(79,(83,32))),(43,54)),((((((((87,(93,62)),40),100),47),(55,28)),(63,96)),51),81)),(((((((78,25),70),(64,69)),((88,44),33)),84),(71,((92,(50,59)),98))),((27,56),((((31,95),35),(58,91)),48)))),((42,37),(85,49))),((((26,(67,29)),60),(41,((75,97),90))),46)),(((((86,94),24),61),(38,82)),((((99,((65,30),76)),(((73,68),53),57)),(((80,((23,72),77)),66),34)),((45,36),74)))),(((2,19),(16,6)),((((9,13),11),12),((14,1),(20,5))))),(15,7)),(17,3)),22),(10,18)),(8,4)),21);
Current score: 2.42284e+09
Current tree: ((17,((((((((((((89,39),52),(79,(83,32))),(43,54)),((((((((87,(93,62)),40),100),47),(55,28)),(63,96)),51),81)),(((((((78,25),70),(64,69)),((88,44),33)),84),(71,((92,(50,59)),98))),((27,56),((((31,95),35),(58,91)),48)))),((42,37),(85,49))),((((26,(67,29)),60),(41,((75,97),90))),46)),(((((86,94),24),61),(38,82)),((((99,((65,30),76)),(((73,68),53),57)),(((80,((23,72),77)),66),34)),((45,36),74)))),(((2,19),(16,6)),((((9,13),11),12),((14,1),(20,5))))),(15,7)),(22,((10,18),((8,4),21))))),3);
Final Tree: ((17,((((((((((((89,39),52),(79,(83,32))),(43,54)),((((((((87,(93,62)),40),100),47),(55,28)),(63,96)),51),81)),(((((((78,25),70),(64,69)),((88,44),33)),84),(71,((92,(50,59)),98))),((27,56),((((31,95),35),(58,91)),48)))),((42,37),(85,49))),((((26,(67,29)),60),(41,((75,97),90))),46)),(((((86,94),24),61),(38,82)),((((99,((65,30),76)),(((73,68),53),57)),(((80,((23,72),77)),66),34)),((45,36),74)))),(((2,19),(16,6)),((((9,13),11),12),((14,1),(20,5))))),(15,7)),(22,((10,18),((8,4),21))))),3);
#EqQuartets: 2469140348
Score: 2422840346
