ASTRAL for PaRalogs and Orthologs III (ASTRAL-Pro3)
*** NOW with integrated CASTLES-Pro ***
Version: v1.22.3.6
Read 512 genetrees and found 100 species.
#Genetrees: 995
#Duploss: 26802
#Species: 100
#Rounds: 4
#Samples: 4
#Threads: 1
Use two-step algorithm!
Guide Tree 0/16
#NNI moves:0/152
Guide Tree 1/16
#NNI moves:0/152
Guide Tree 2/16
#NNI moves:0/152
Guide Tree 3/16
#NNI moves:0/152
Guide Tree 4/16
#NNI moves:0/152
Guide Tree 5/16
#NNI moves:0/152
Guide Tree 6/16
#NNI moves:0/152
Guide Tree 7/16
#NNI moves:0/152
Guide Tree 8/16
#NNI moves:0/152
Guide Tree 9/16
#NNI moves:0/152
Guide Tree 10/16
#NNI moves:0/152
Guide Tree 11/16
#NNI moves:0/152
Guide Tree 12/16
#NNI moves:0/152
Guide Tree 13/16
#NNI moves:0/152
Guide Tree 14/16
#NNI moves:0/152
Guide Tree 15/16
#NNI moves:0/152
Remaining: 0
#NNI moves:0/152
#NNI moves:0/152
(((((((((((((24,65),(((86,40),70),(((69,55),35),34))),(((87,(90,21)),79),75)),(((((73,74),(59,84)),((22,48),(46,85))),(((80,(((26,56),53),(((27,60),29),45))),((13,43),(100,(95,92)))),((64,72),78))),(54,98))),((49,89),((32,96),57))),(((((((14,99),(66,28)),83),61),(67,42)),((81,88),(82,62))),(37,38))),(((58,19),63),(((52,47),(25,31)),(20,93)))),((((((9,6),((11,1),8)),10),(12,3)),7),((4,5),2))),(((97,((71,16),(44,(50,23)))),77),(((94,30),36),91))),(((68,15),76),(18,51))),(41,33)),17),39);
Guide Tree 0/16
#NNI moves:0/152
Guide Tree 1/16
#NNI moves:0/152
Guide Tree 2/16
#NNI moves:0/152
Guide Tree 3/16
#NNI moves:0/152
Guide Tree 4/16
#NNI moves:0/152
Guide Tree 5/16
#NNI moves:0/152
Guide Tree 6/16
#NNI moves:0/152
Guide Tree 7/16
#NNI moves:0/152
Guide Tree 8/16
#NNI moves:0/152
Guide Tree 9/16
#NNI moves:0/152
Guide Tree 10/16
#NNI moves:0/152
Guide Tree 11/16
#NNI moves:0/152
Guide Tree 12/16
#NNI moves:0/152
Guide Tree 13/16
#NNI moves:0/152
Guide Tree 14/16
#NNI moves:0/152
Guide Tree 15/16
#NNI moves:0/152
Remaining: 0
#NNI moves:0/152
#NNI moves:0/152
(((((((((((((((72,64),78),((((95,92),100),(13,43)),(((45,((27,60),29)),((56,26),53)),80))),(((73,74),(84,59)),((85,46),(22,48)))),(54,98)),(((79,((21,90),87)),75),(((70,(40,86)),(((55,69),35),34)),(24,65)))),((57,(32,96)),(89,49))),((((62,82),(88,81)),(((83,((66,28),(14,99))),61),(67,42))),(38,37))),(((58,19),63),((93,20),((47,52),(31,25))))),((((((8,(1,11)),(6,9)),10),(3,12)),7),((5,4),2))),(((((16,71),(44,(50,23))),97),77),((36,(30,94)),91))),(((68,15),76),(51,18))),(41,33)),17),39);
Guide Tree 0/16
#NNI moves:0/152
Guide Tree 1/16
#NNI moves:0/152
Guide Tree 2/16
#NNI moves:0/152
Guide Tree 3/16
#NNI moves:0/152
Guide Tree 4/16
#NNI moves:0/152
Guide Tree 5/16
#NNI moves:0/152
Guide Tree 6/16
#NNI moves:0/152
Guide Tree 7/16
#NNI moves:0/152
Guide Tree 8/16
#NNI moves:0/152
Guide Tree 9/16
#NNI moves:0/152
Guide Tree 10/16
#NNI moves:0/152
Guide Tree 11/16
#NNI moves:0/152
Guide Tree 12/16
#NNI moves:0/152
Guide Tree 13/16
#NNI moves:0/152
Guide Tree 14/16
#NNI moves:0/152
Guide Tree 15/16
#NNI moves:0/152
Remaining: 0
#NNI moves:0/152
#NNI moves:0/152
(((((((((((((((((((27,60),29),45),(53,(56,26))),80),(((95,92),100),(13,43))),((72,64),78)),(((59,84),(74,73)),((48,22),(46,85)))),(54,98)),(((((90,21),87),79),75),((65,24),((((69,55),35),34),((86,40),70))))),((89,49),((96,32),57))),((((62,82),(81,88)),(((((14,99),(28,66)),83),61),(42,67))),(37,38))),((((25,31),(47,52)),(93,20)),(63,(58,19)))),((7,((3,12),(((9,6),((11,1),8)),10))),((4,5),2))),(((36,(30,94)),91),(((((50,23),44),(16,71)),97),77))),((51,18),(76,(68,15)))),(41,33)),17),39);
Guide Tree 0/16
#NNI moves:0/152
Guide Tree 1/16
#NNI moves:0/152
Guide Tree 2/16
#NNI moves:0/152
Guide Tree 3/16
#NNI moves:0/152
Guide Tree 4/16
#NNI moves:0/152
Guide Tree 5/16
#NNI moves:0/152
Guide Tree 6/16
#NNI moves:0/152
Guide Tree 7/16
#NNI moves:0/152
Guide Tree 8/16
#NNI moves:0/152
Guide Tree 9/16
#NNI moves:0/152
Guide Tree 10/16
#NNI moves:0/152
Guide Tree 11/16
#NNI moves:0/152
Guide Tree 12/16
#NNI moves:0/152
Guide Tree 13/16
#NNI moves:0/152
Guide Tree 14/16
#NNI moves:0/152
Guide Tree 15/16
#NNI moves:0/152
Remaining: 0
#NNI moves:0/152
#NNI moves:0/152
(((((((((((((65,24),((((69,55),35),34),((86,40),70))),((((21,90),87),79),75)),(((((((((60,27),29),45),((26,56),53)),80),(((92,95),100),(13,43))),((72,64),78)),(((46,85),(22,48)),((73,74),(84,59)))),(98,54))),((57,(96,32)),(49,89))),((((61,(((14,99),(66,28)),83)),(42,67)),((82,62),(88,81))),(37,38))),(((20,93),((52,47),(25,31))),((58,19),63))),((((10,((9,6),((11,1),8))),(3,12)),7),(2,(5,4)))),((((((50,23),44),(71,16)),97),77),(91,((30,94),36)))),(((15,68),76),(51,18))),(41,33)),17),39);
Initial score: 5.45012e+08
Initial tree: (((((((((((((65,24),((((69,55),35),34),((86,40),70))),((((21,90),87),79),75)),(((((((((60,27),29),45),((26,56),53)),80),(((92,95),100),(13,43))),((72,64),78)),(((46,85),(22,48)),((73,74),(84,59)))),(98,54))),((57,(96,32)),(49,89))),((((61,(((14,99),(66,28)),83)),(42,67)),((82,62),(88,81))),(37,38))),(((20,93),((52,47),(25,31))),((58,19),63))),((((10,((9,6),((11,1),8))),(3,12)),7),(2,(5,4)))),((((((50,23),44),(71,16)),97),77),(91,((30,94),36)))),(((15,68),76),(51,18))),(41,33)),17),39);
*** Subsample Process ***
Use two-step algorithm!
#NNI moves:0/152
Remaining: 0
#NNI moves:0/152
#NNI moves:0/152
(((((((((((((((((((50,23),44),(71,16)),97),77),((36,(30,94)),91)),(((51,18),((15,68),76)),((17,39),(33,41)))),((((((9,6),((1,11),8)),10),(3,12)),7),((4,5),2))),(((58,19),63),(((31,25),(47,52)),(93,20)))),(((((((14,99),(28,66)),83),61),(42,67)),((88,81),(62,82))),(37,38))),(((96,32),57),(89,49))),(((((80,((((60,27),29),45),((56,26),53))),((43,13),(100,(92,95)))),((64,72),78)),(((74,73),(84,59)),((46,85),(22,48)))),(54,98))),(75,((87,(21,90)),79))),(24,65)),((86,40),70)),34),35),69),55);
#NNI moves:0/152
Remaining: 0
#NNI moves:0/152
#NNI moves:0/152
(((((((((((((((85,46),(48,22)),((74,73),(84,59))),(((((92,95),100),(13,43)),(80,(((29,(27,60)),45),((26,56),53)))),(78,(64,72)))),(54,98)),(((24,65),(((86,40),70),(((55,69),35),34))),(((87,(90,21)),79),75))),(((96,32),57),(49,89))),((38,37),(((67,42),(61,(83,((66,28),(99,14))))),((62,82),(81,88))))),((63,(19,58)),(((25,31),(52,47)),(93,20)))),((((10,(((1,11),8),(6,9))),(3,12)),7),((4,5),2))),(((((44,(50,23)),(71,16)),97),77),((36,(30,94)),91))),((18,51),((68,15),76))),(41,33)),39),17);
#NNI moves:0/152
Remaining: 0
#NNI moves:0/152
#NNI moves:0/152
((((((((((((((((((50,23),44),(71,16)),97),77),(((94,30),36),91)),((((68,15),76),(51,18)),((39,17),(41,33)))),(((((((11,1),8),(9,6)),10),(12,3)),7),(2,(5,4)))),(((58,19),63),(((47,52),(25,31)),(93,20)))),((38,37),((((((99,14),(28,66)),83),61),(67,42)),((88,81),(62,82))))),(((96,32),57),(89,49))),(((65,24),(((86,40),70),(((55,69),35),34))),((((90,21),87),79),75))),(54,98)),(((((45,((60,27),29)),((26,56),53)),80),((100,(95,92)),(43,13))),((72,64),78))),((22,48),(46,85))),(84,59)),73),74);
#NNI moves:0/152
Remaining: 0
#NNI moves:0/152
#NNI moves:0/152
((((((((((((((((((((60,27),29),45),((26,56),53)),80),(((92,95),100),(13,43))),((64,72),78)),(((48,22),(46,85)),((59,84),(74,73)))),(98,54)),(((((90,21),87),79),75),(((((55,69),35),34),((86,40),70)),(24,65)))),((89,49),((32,96),57))),(((((((14,99),(66,28)),83),61),(42,67)),((82,62),(81,88))),(37,38))),((((52,47),(31,25)),(20,93)),((58,19),63))),((((((8,(11,1)),(9,6)),10),(12,3)),7),((4,5),2))),((((30,94),36),91),((((44,(23,50)),(16,71)),97),77))),((33,41),(17,39))),(51,18)),76),15),68);
Current score: 5.45012e+08
Current tree: ((17,((33,41),((((((((((((((((60,27),29),45),((26,56),53)),80),(((92,95),100),(13,43))),((64,72),78)),(((48,22),(46,85)),((59,84),(74,73)))),(98,54)),(((((90,21),87),79),75),(((((55,69),35),34),((86,40),70)),(24,65)))),((89,49),((32,96),57))),(((((((14,99),(66,28)),83),61),(42,67)),((82,62),(81,88))),(37,38))),((((52,47),(31,25)),(20,93)),((58,19),63))),((((((8,(11,1)),(9,6)),10),(12,3)),7),((4,5),2))),((((30,94),36),91),((((44,(23,50)),(16,71)),97),77))),((51,18),(76,(15,68)))))),39);
Final Tree: ((17,((33,41),((((((((((((((((60,27),29),45),((26,56),53)),80),(((92,95),100),(13,43))),((64,72),78)),(((48,22),(46,85)),((59,84),(74,73)))),(98,54)),(((((90,21),87),79),75),(((((55,69),35),34),((86,40),70)),(24,65)))),((89,49),((32,96),57))),(((((((14,99),(66,28)),83),61),(42,67)),((82,62),(81,88))),(37,38))),((((52,47),(31,25)),(20,93)),((58,19),63))),((((((8,(11,1)),(9,6)),10),(12,3)),7),((4,5),2))),((((30,94),36),91),((((44,(23,50)),(16,71)),97),77))),((51,18),(76,(15,68)))))),39);
#EqQuartets: 547043494
Score: 545011761
ASTRAL for PaRalogs and Orthologs III (ASTRAL-Pro3)
*** NOW with integrated CASTLES-Pro ***
Version: v1.22.3.6
Read 512 genetrees and found 100 species.
#Genetrees: 996
#Duploss: 25645
#Species: 100
#Rounds: 4
#Samples: 4
#Threads: 1
Use two-step algorithm!
Guide Tree 0/16
#NNI moves:0/152
Guide Tree 1/16
#NNI moves:0/152
Guide Tree 2/16
#NNI moves:0/152
Guide Tree 3/16
#NNI moves:0/152
Guide Tree 4/16
#NNI moves:0/152
Guide Tree 5/16
#NNI moves:0/152
Guide Tree 6/16
#NNI moves:0/152
Guide Tree 7/16
#NNI moves:0/152
Guide Tree 8/16
#NNI moves:0/152
Guide Tree 9/16
#NNI moves:0/152
Guide Tree 10/16
#NNI moves:0/152
Guide Tree 11/16
#NNI moves:0/152
Guide Tree 12/16
#NNI moves:0/152
Guide Tree 13/16
#NNI moves:0/152
Guide Tree 14/16
#NNI moves:0/152
Guide Tree 15/16
#NNI moves:0/152
Remaining: 0
#NNI moves:0/152
#NNI moves:0/152
((((((((((((((((74,32),77),(75,95)),(((68,66),35),93)),(90,48)),(43,(33,73))),(99,89)),(((98,64),84),58)),(36,70)),((((31,44),(97,94)),((92,((91,53),57)),(((100,(40,63)),83),34))),(((37,(69,80)),((76,62),56)),(((46,79),((((96,72),42),((30,82),38)),49)),60)))),((((((59,((87,61),67)),52),(45,85)),47),39),((((54,51),81),(88,71)),(65,(((78,41),29),(55,(86,50))))))),(7,25)),((((((3,16),(11,18)),(((20,(26,(22,19))),(17,(8,12))),27)),((1,13),(24,5))),((21,2),6)),((23,28),(10,4)))),14),15),9);
Guide Tree 0/16
#NNI moves:0/152
Guide Tree 1/16
#NNI moves:0/152
Guide Tree 2/16
#NNI moves:0/152
Guide Tree 3/16
#NNI moves:0/152
Guide Tree 4/16
#NNI moves:0/152
Guide Tree 5/16
#NNI moves:0/152
Guide Tree 6/16
#NNI moves:0/152
Guide Tree 7/16
#NNI moves:0/152
Guide Tree 8/16
#NNI moves:0/152
Guide Tree 9/16
#NNI moves:0/152
Guide Tree 10/16
#NNI moves:0/152
Guide Tree 11/16
#NNI moves:0/152
Guide Tree 12/16
#NNI moves:0/152
Guide Tree 13/16
#NNI moves:0/152
Guide Tree 14/16
#NNI moves:0/152
Guide Tree 15/16
#NNI moves:0/152
Remaining: 0
#NNI moves:0/152
#NNI moves:0/152
(((((((((((((53,91),57),92),((83,((40,63),100)),34)),((94,97),(44,31))),(((37,(80,69)),((62,76),56)),(((((38,(30,82)),(42,(72,96))),49),(79,46)),60))),((((((33,73),43),(((((66,68),35),93),((95,75),((74,32),77))),(90,48))),(89,99)),(58,((98,64),84))),(70,36))),(((((54,51),81),(88,71)),((((50,86),55),(29,(78,41))),65)),(((((59,((87,61),67)),52),(85,45)),47),39))),(25,7)),(((((27,((20,((19,22),26)),((12,8),17))),((16,3),(11,18))),((5,24),(13,1))),((2,21),6)),((28,23),(10,4)))),14),15),9);
Guide Tree 0/16
#NNI moves:0/152
Guide Tree 1/16
#NNI moves:0/152
Guide Tree 2/16
#NNI moves:0/152
Guide Tree 3/16
#NNI moves:0/152
Guide Tree 4/16
#NNI moves:0/152
Guide Tree 5/16
#NNI moves:0/152
Guide Tree 6/16
#NNI moves:0/152
Guide Tree 7/16
#NNI moves:0/152
Guide Tree 8/16
#NNI moves:0/152
Guide Tree 9/16
#NNI moves:0/152
Guide Tree 10/16
#NNI moves:0/152
Guide Tree 11/16
#NNI moves:0/152
Guide Tree 12/16
#NNI moves:0/152
Guide Tree 13/16
#NNI moves:0/152
Guide Tree 14/16
#NNI moves:0/152
Guide Tree 15/16
#NNI moves:0/152
Remaining: 0
#NNI moves:0/152
#NNI moves:0/152
((((((((((((((((68,66),35),93),(((32,74),77),(95,75))),(90,48)),(43,(33,73))),(89,99)),(((98,64),84),58)),(70,36)),(((((79,46),((((30,82),38),((96,72),42)),49)),60),((37,(80,69)),(56,(62,76)))),((((57,(53,91)),92),((((63,40),100),83),34)),((44,31),(94,97))))),(((47,(((((61,87),67),59),52),(45,85))),39),(((((86,50),55),((41,78),29)),65),(((54,51),81),(88,71))))),(25,7)),(((((27,((((19,22),26),20),((12,8),17))),((3,16),(18,11))),((1,13),(24,5))),((2,21),6)),((23,28),(10,4)))),14),15),9);
Guide Tree 0/16
#NNI moves:0/152
Guide Tree 1/16
#NNI moves:0/152
Guide Tree 2/16
#NNI moves:0/152
Guide Tree 3/16
#NNI moves:0/152
Guide Tree 4/16
#NNI moves:0/152
Guide Tree 5/16
#NNI moves:0/152
Guide Tree 6/16
#NNI moves:0/152
Guide Tree 7/16
#NNI moves:0/152
Guide Tree 8/16
#NNI moves:0/152
Guide Tree 9/16
#NNI moves:0/152
Guide Tree 10/16
#NNI moves:0/152
Guide Tree 11/16
#NNI moves:0/152
Guide Tree 12/16
#NNI moves:0/152
Guide Tree 13/16
#NNI moves:0/152
Guide Tree 14/16
#NNI moves:0/152
Guide Tree 15/16
#NNI moves:0/152
Remaining: 0
#NNI moves:0/152
#NNI moves:0/152
(((((((((((((((82,30),38),(42,(72,96))),49),(46,79)),60),(((69,80),37),((76,62),56))),(((((53,91),57),92),(((100,(40,63)),83),34)),((94,97),(31,44)))),(((((((((32,74),77),(95,75)),((35,(68,66)),93)),(48,90)),((33,73),43)),(99,89)),((84,(98,64)),58)),(36,70))),((((81,(51,54)),(88,71)),(65,((29,(78,41)),(55,(86,50))))),((((52,(((87,61),67),59)),(85,45)),47),39))),(7,25)),(((((((17,(8,12)),((26,(19,22)),20)),27),((18,11),(16,3))),((13,1),(5,24))),((21,2),6)),((4,10),(28,23)))),14),15),9);
Initial score: 5.71869e+08
Initial tree: (((((((((((((((82,30),38),(42,(72,96))),49),(46,79)),60),(((69,80),37),((76,62),56))),(((((53,91),57),92),(((100,(40,63)),83),34)),((94,97),(31,44)))),(((((((((32,74),77),(95,75)),((35,(68,66)),93)),(48,90)),((33,73),43)),(99,89)),((84,(98,64)),58)),(36,70))),((((81,(51,54)),(88,71)),(65,((29,(78,41)),(55,(86,50))))),((((52,(((87,61),67),59)),(85,45)),47),39))),(7,25)),(((((((17,(8,12)),((26,(19,22)),20)),27),((18,11),(16,3))),((13,1),(5,24))),((21,2),6)),((4,10),(28,23)))),14),15),9);
*** Subsample Process ***
Use two-step algorithm!
#NNI moves:0/152
Remaining: 0
#NNI moves:0/152
#NNI moves:0/152
(((((((((((((((67,(87,61)),59),52),(45,85)),47),39),((65,((55,(86,50)),(29,(78,41)))),((81,(54,51)),(71,88)))),((((((((((26,(19,22)),20),(17,(12,8))),27),((18,11),(16,3))),((1,13),(24,5))),((21,2),6)),((23,28),(10,4))),((15,9),14)),(7,25))),(((((((93,((66,68),35)),(((74,32),77),(95,75))),(90,48)),((73,33),43)),(99,89)),((84,(64,98)),58)),(70,36))),((((83,((40,63),100)),34),(((91,53),57),92)),((44,31),(94,97)))),(((69,80),37),(56,(62,76)))),60),((((96,72),42),((30,82),38)),49)),46),79);
#NNI moves:0/152
Remaining: 0
#NNI moves:0/152
#NNI moves:0/152
((((((((((((((((((((((74,32),77),(95,75)),(93,((66,68),35))),(48,90)),(43,(33,73))),(99,89)),(((64,98),84),58)),(36,70)),((((37,(69,80)),(56,(76,62))),(((((42,(96,72)),((30,82),38)),49),(79,46)),60)),(((34,(83,(100,(40,63)))),((57,(91,53)),92)),((44,31),(94,97))))),((((((86,50),55),((41,78),29)),65),((81,(51,54)),(71,88))),((((52,(((61,87),67),59)),(45,85)),47),39))),(7,25)),((15,9),14)),((4,10),(23,28))),(6,(21,2))),((13,1),(5,24))),((11,18),(3,16))),27),((8,12),17)),20),(22,19)),26);
#NNI moves:0/152
Remaining: 0
#NNI moves:0/152
#NNI moves:0/152
((((((((((((((38,(30,82)),((72,96),42)),49),(46,79)),60),(((76,62),56),((69,80),37))),((((83,((40,63),100)),34),((57,(53,91)),92)),((97,94),(31,44)))),(((((((((32,74),77),(95,75)),(((68,66),35),93)),(48,90)),((73,33),43)),(89,99)),(58,(84,(98,64)))),(36,70))),((((((86,50),55),((78,41),29)),65),(((54,51),81),(88,71))),(((((59,((61,87),67)),52),(85,45)),47),39))),(7,25)),(((6,(21,2)),(((24,5),(13,1)),((((20,((19,22),26)),((12,8),17)),27),((11,18),(16,3))))),((4,10),(23,28)))),14),9),15);
#NNI moves:0/152
Remaining: 0
#NNI moves:0/152
#NNI moves:0/152
(((((((((((((((((59,((87,61),67)),52),(45,85)),47),39),(((((41,78),29),(55,(50,86))),65),((71,88),((51,54),81)))),(((((((((20,((19,22),26)),((8,12),17)),27),((18,11),(3,16))),((1,13),(5,24))),((21,2),6)),((28,23),(10,4))),(14,(15,9))),(25,7))),((((84,(98,64)),58),((((33,73),43),(((((68,66),35),93),((77,(74,32)),(75,95))),(48,90))),(99,89))),(36,70))),((((((63,40),100),83),34),(((91,53),57),92)),((44,31),(97,94)))),(((69,80),37),((76,62),56))),60),(46,79)),49),((96,72),42)),38),82),30);
Current score: 5.71869e+08
Current tree: ((15,(14,((((((((20,((19,22),26)),((8,12),17)),27),((18,11),(3,16))),((1,13),(5,24))),((21,2),6)),((28,23),(10,4))),((25,7),(((((((59,((87,61),67)),52),(45,85)),47),39),(((((41,78),29),(55,(50,86))),65),((71,88),((51,54),81)))),(((((84,(98,64)),58),((((33,73),43),(((((68,66),35),93),((77,(74,32)),(75,95))),(48,90))),(99,89))),(36,70)),(((((((63,40),100),83),34),(((91,53),57),92)),((44,31),(97,94))),((((69,80),37),((76,62),56)),(60,((46,79),(49,(((96,72),42),(38,(82,30)))))))))))))),9);
Final Tree: ((15,(14,((((((((20,((19,22),26)),((8,12),17)),27),((18,11),(3,16))),((1,13),(5,24))),((21,2),6)),((28,23),(10,4))),((25,7),(((((((59,((87,61),67)),52),(45,85)),47),39),(((((41,78),29),(55,(50,86))),65),((71,88),((51,54),81)))),(((((84,(98,64)),58),((((33,73),43),(((((68,66),35),93),((77,(74,32)),(75,95))),(48,90))),(99,89))),(36,70)),(((((((63,40),100),83),34),(((91,53),57),92)),((44,31),(97,94))),((((69,80),37),((76,62),56)),(60,((46,79),(49,(((96,72),42),(38,(82,30)))))))))))))),9);
#EqQuartets: 574346853
Score: 571868740
ASTRAL for PaRalogs and Orthologs III (ASTRAL-Pro3)
*** NOW with integrated CASTLES-Pro ***
Version: v1.22.3.6
Read 512 genetrees and found 100 species.
#Genetrees: 999
#Duploss: 30884
#Species: 100
#Rounds: 4
#Samples: 4
#Threads: 1
Use two-step algorithm!
Guide Tree 0/16
#NNI moves:0/152
Guide Tree 1/16
#NNI moves:0/152
Guide Tree 2/16
#NNI moves:0/152
Guide Tree 3/16
#NNI moves:0/152
Guide Tree 4/16
#NNI moves:0/152
Guide Tree 5/16
#NNI moves:0/152
Guide Tree 6/16
#NNI moves:0/152
Guide Tree 7/16
#NNI moves:0/152
Guide Tree 8/16
#NNI moves:0/152
Guide Tree 9/16
#NNI moves:0/152
Guide Tree 10/16
#NNI moves:0/152
Guide Tree 11/16
#NNI moves:0/152
Guide Tree 12/16
#NNI moves:0/152
Guide Tree 13/16
#NNI moves:0/152
Guide Tree 14/16
#NNI moves:0/152
Guide Tree 15/16
#NNI moves:0/152
Remaining: 0
#NNI moves:0/152
#NNI moves:0/152
(((((((((((((((((91,97),(49,77)),(73,58)),((((83,51),59),((69,89),93)),70)),(50,(43,42))),(((75,95),85),((92,56),68))),((((((65,54),(40,87)),(81,(60,76))),53),(82,57)),(((((48,84),98),38),(45,64)),(((61,(63,44)),((99,67),39)),(71,86))))),((((((35,100),(74,80)),(36,90)),78),(((79,46),52),(66,94))),(((((72,47),37),(62,41)),88),(96,55)))),(((((((5,2),34),13),(22,((21,20),26))),((27,14),((33,7),3))),((8,4),9)),((10,12),(30,25)))),((18,1),(15,6))),24),(28,31)),16),19),(32,(11,29))),17),23);
Guide Tree 0/16
#NNI moves:0/152
Guide Tree 1/16
#NNI moves:0/152
Guide Tree 2/16
#NNI moves:0/152
Guide Tree 3/16
#NNI moves:0/152
Guide Tree 4/16
#NNI moves:0/152
Guide Tree 5/16
#NNI moves:0/152
Guide Tree 6/16
#NNI moves:0/152
Guide Tree 7/16
#NNI moves:0/152
Guide Tree 8/16
#NNI moves:0/152
Guide Tree 9/16
#NNI moves:0/152
Guide Tree 10/16
#NNI moves:0/152
Guide Tree 11/16
#NNI moves:0/152
Guide Tree 12/16
#NNI moves:0/152
Guide Tree 13/16
#NNI moves:0/152
Guide Tree 14/16
#NNI moves:0/152
Guide Tree 15/16
#NNI moves:0/152
Remaining: 0
#NNI moves:0/152
#NNI moves:0/152
((((((((((((((((((89,69),93),((83,51),59)),70),(((97,91),(49,77)),(58,73))),((42,43),50)),(((56,92),68),((95,75),85))),((((((63,44),61),(39,(99,67))),(86,71)),((((48,84),98),38),(64,45))),(((((76,60),81),((54,65),(40,87))),53),(82,57)))),((((((35,100),(80,74)),(90,36)),78),(((46,79),52),(66,94))),(((((47,72),37),(62,41)),88),(96,55)))),(((25,30),(10,12)),((((((20,21),26),22),(((2,5),34),13)),(((33,7),3),(14,27))),((4,8),9)))),((18,1),(6,15))),24),(31,28)),16),19),(32,(29,11))),17),23);
Guide Tree 0/16
#NNI moves:0/152
Guide Tree 1/16
#NNI moves:0/152
Guide Tree 2/16
#NNI moves:0/152
Guide Tree 3/16
#NNI moves:0/152
Guide Tree 4/16
#NNI moves:0/152
Guide Tree 5/16
#NNI moves:0/152
Guide Tree 6/16
#NNI moves:0/152
Guide Tree 7/16
#NNI moves:0/152
Guide Tree 8/16
#NNI moves:0/152
Guide Tree 9/16
#NNI moves:0/152
Guide Tree 10/16
#NNI moves:0/152
Guide Tree 11/16
#NNI moves:0/152
Guide Tree 12/16
#NNI moves:0/152
Guide Tree 13/16
#NNI moves:0/152
Guide Tree 14/16
#NNI moves:0/152
Guide Tree 15/16
#NNI moves:0/152
Remaining: 0
#NNI moves:0/152
#NNI moves:0/152
(((((((((((((((((48,84),98),38),(64,45)),((((44,63),61),(39,(67,99))),(86,71))),(((((60,76),81),((40,87),(65,54))),53),(57,82))),(((50,(42,43)),((((77,49),(97,91)),(73,58)),(((59,(83,51)),((89,69),93)),70))),(((75,95),85),((92,56),68)))),((((66,94),(52,(79,46))),(78,(((74,80),(35,100)),(36,90)))),((((62,41),((47,72),37)),88),(55,96)))),(((((((21,20),26),22),(((5,2),34),13)),((27,14),((7,33),3))),((8,4),9)),((25,30),(10,12)))),((1,18),(6,15))),24),(31,28)),16),19),((29,11),32)),17),23);
Guide Tree 0/16
#NNI moves:0/152
Guide Tree 1/16
#NNI moves:0/152
Guide Tree 2/16
#NNI moves:0/152
Guide Tree 3/16
#NNI moves:0/152
Guide Tree 4/16
#NNI moves:0/152
Guide Tree 5/16
#NNI moves:0/152
Guide Tree 6/16
#NNI moves:0/152
Guide Tree 7/16
#NNI moves:0/152
Guide Tree 8/16
#NNI moves:0/152
Guide Tree 9/16
#NNI moves:0/152
Guide Tree 10/16
#NNI moves:0/152
Guide Tree 11/16
#NNI moves:0/152
Guide Tree 12/16
#NNI moves:0/152
Guide Tree 13/16
#NNI moves:0/152
Guide Tree 14/16
#NNI moves:0/152
Guide Tree 15/16
#NNI moves:0/152
Remaining: 0
#NNI moves:0/152
#NNI moves:0/152
((((((((((((((57,82),((((87,40),(65,54)),((76,60),81)),53)),(((((84,48),98),38),(45,64)),((((63,44),61),((67,99),39)),(71,86)))),((((70,((59,(83,51)),((69,89),93))),(((91,97),(49,77)),(58,73))),((42,43),50)),(((75,95),85),((92,56),68)))),((((52,(79,46)),(66,94)),(((90,36),((35,100),(74,80))),78)),((96,55),(88,((62,41),(37,(47,72))))))),(((((((2,5),34),13),((26,(21,20)),22)),((3,(33,7)),(14,27))),(9,(4,8))),((12,10),(25,30)))),((6,15),(1,18))),24),(28,31)),16),19),((29,11),32)),17),23);
Initial score: 4.80721e+08
Initial tree: ((((((((((((((57,82),((((87,40),(65,54)),((76,60),81)),53)),(((((84,48),98),38),(45,64)),((((63,44),61),((67,99),39)),(71,86)))),((((70,((59,(83,51)),((69,89),93))),(((91,97),(49,77)),(58,73))),((42,43),50)),(((75,95),85),((92,56),68)))),((((52,(79,46)),(66,94)),(((90,36),((35,100),(74,80))),78)),((96,55),(88,((62,41),(37,(47,72))))))),(((((((2,5),34),13),((26,(21,20)),22)),((3,(33,7)),(14,27))),(9,(4,8))),((12,10),(25,30)))),((6,15),(1,18))),24),(28,31)),16),19),((29,11),32)),17),23);
*** Subsample Process ***
Use two-step algorithm!
#NNI moves:0/152
Remaining: 0
#NNI moves:0/152
#NNI moves:0/152
(((((((((((((((83,51),59),((69,89),93)),70),(((97,91),(49,77)),(73,58))),((42,43),50)),(((75,95),85),(68,(92,56)))),(((((1,18),(15,6)),((((((17,23),((29,11),32)),19),16),(31,28)),24)),(((((((5,2),34),13),(22,((20,21),26))),((27,14),((7,33),3))),(9,(4,8))),((25,30),(10,12)))),(((((41,62),(37,(47,72))),88),(96,55)),(((52,(46,79)),(94,66)),((((74,80),(100,35)),(90,36)),78))))),(((((84,48),98),38),(45,64)),(((39,(67,99)),(61,(44,63))),(86,71)))),(57,82)),53),((60,76),81)),(40,87)),65),54);
#NNI moves:0/152
Remaining: 0
#NNI moves:0/152
#NNI moves:0/152
(((((((((((((((((48,84),98),38),(45,64)),((((67,99),39),((44,63),61)),(71,86))),((57,82),((((60,76),81),((54,65),(40,87))),53))),((((((59,(51,83)),((69,89),93)),70),(((77,49),(97,91)),(73,58))),(50,(42,43))),((85,(95,75)),(68,(56,92))))),((((((74,80),(35,100)),(36,90)),78),(((79,46),52),(94,66))),((88,(((47,72),37),(62,41))),(96,55)))),(((((22,((20,21),26)),(13,((2,5),34))),((27,14),((33,7),3))),(9,(8,4))),((30,25),(10,12)))),((18,1),(15,6))),24),(28,31)),16),19),((11,29),32)),23),17);
#NNI moves:0/152
Remaining: 0
#NNI moves:0/152
#NNI moves:0/152
(((((((((((((15,6),(18,1)),((((((32,(29,11)),(23,17)),19),16),(28,31)),24)),((((((34,(2,5)),13),(((21,20),26),22)),(((7,33),3),(14,27))),((4,8),9)),((30,25),(10,12)))),((((((74,80),(35,100)),(36,90)),78),(((46,79),52),(66,94))),((88,((41,62),((47,72),37))),(96,55)))),(((((((83,51),59),((69,89),93)),70),((58,73),((77,49),(97,91)))),(50,(43,42))),(((92,56),68),(85,(75,95))))),((53,(((54,65),(40,87)),(81,(60,76)))),(57,82))),((71,86),((39,(67,99)),((44,63),61)))),(45,64)),38),98),48),84);
#NNI moves:0/152
Remaining: 0
#NNI moves:0/152
#NNI moves:0/152
((((((((((((((((((83,51),59),(93,(89,69))),70),(((49,77),(91,97)),(73,58))),((42,43),50)),(((56,92),68),((75,95),85))),((((((40,87),(54,65)),(81,(60,76))),53),(82,57)),(((45,64),(38,(98,(84,48)))),((((99,67),39),(61,(63,44))),(71,86))))),(((((79,46),52),(66,94)),(78,(((100,35),(80,74)),(90,36)))),((55,96),(88,((62,41),((72,47),37)))))),(((((((5,2),34),13),(((21,20),26),22)),((27,14),(3,(7,33)))),(9,(8,4))),((12,10),(25,30)))),((1,18),(15,6))),24),(28,31)),16),19),(17,23)),(29,11)),32);
Current score: 4.80721e+08
Current tree: ((17,((((((((((((((((83,51),59),(93,(89,69))),70),(((49,77),(91,97)),(73,58))),((42,43),50)),(((56,92),68),((75,95),85))),((((((40,87),(54,65)),(81,(60,76))),53),(82,57)),(((45,64),(38,(98,(84,48)))),((((99,67),39),(61,(63,44))),(71,86))))),(((((79,46),52),(66,94)),(78,(((100,35),(80,74)),(90,36)))),((55,96),(88,((62,41),((72,47),37)))))),(((((((5,2),34),13),(((21,20),26),22)),((27,14),(3,(7,33)))),(9,(8,4))),((12,10),(25,30)))),((1,18),(15,6))),24),(28,31)),16),19),((29,11),32))),23);
Final Tree: ((17,((((((((((((((((83,51),59),(93,(89,69))),70),(((49,77),(91,97)),(73,58))),((42,43),50)),(((56,92),68),((75,95),85))),((((((40,87),(54,65)),(81,(60,76))),53),(82,57)),(((45,64),(38,(98,(84,48)))),((((99,67),39),(61,(63,44))),(71,86))))),(((((79,46),52),(66,94)),(78,(((100,35),(80,74)),(90,36)))),((55,96),(88,((62,41),((72,47),37)))))),(((((((5,2),34),13),(((21,20),26),22)),((27,14),(3,(7,33)))),(9,(8,4))),((12,10),(25,30)))),((1,18),(15,6))),24),(28,31)),16),19),((29,11),32))),23);
#EqQuartets: 484227441
Score: 480721403
ASTRAL for PaRalogs and Orthologs III (ASTRAL-Pro3)
*** NOW with integrated CASTLES-Pro ***
Version: v1.22.3.6
Read 512 genetrees and found 100 species.
#Genetrees: 1000
#Duploss: 30398
#Species: 100
#Rounds: 4
#Samples: 4
#Threads: 1
Use two-step algorithm!
Guide Tree 0/16
#NNI moves:0/152
Guide Tree 1/16
#NNI moves:0/152
Guide Tree 2/16
#NNI moves:0/152
Guide Tree 3/16
#NNI moves:0/152
Guide Tree 4/16
#NNI moves:0/152
Guide Tree 5/16
#NNI moves:0/152
Guide Tree 6/16
#NNI moves:0/152
Guide Tree 7/16
#NNI moves:0/152
Guide Tree 8/16
#NNI moves:0/152
Guide Tree 9/16
#NNI moves:0/152
Guide Tree 10/16
#NNI moves:0/152
Guide Tree 11/16
#NNI moves:0/152
Guide Tree 12/16
#NNI moves:0/152
Guide Tree 13/16
#NNI moves:0/152
Guide Tree 14/16
#NNI moves:0/152
Guide Tree 15/16
#NNI moves:0/152
Remaining: 0
#NNI moves:0/152
#NNI moves:0/152
(((((((((((86,6),(82,(53,48))),(36,20)),(((75,28),59),(61,(65,63)))),((18,21),78)),((17,14),((((((23,83),74),66),62),(2,7)),((((38,67),45),(27,80)),76)))),(((96,(92,100)),97),(((95,94),(99,93)),98))),((((((29,41),((3,32),50)),((11,57),60)),((42,(13,(30,9))),(68,35))),(((73,26),(81,77)),((24,87),(91,((43,12),((56,8),52)))))),((((47,49),51),((4,33),34)),((55,39),1)))),(((((((((79,46),40),(58,(22,90))),31),((72,5),84)),(69,70)),((44,88),15)),((10,(85,71)),89)),(((37,25),64),54))),16),19);
Guide Tree 0/16
#NNI moves:0/152
Guide Tree 1/16
#NNI moves:0/152
Guide Tree 2/16
#NNI moves:0/152
Guide Tree 3/16
#NNI moves:0/152
Guide Tree 4/16
#NNI moves:0/152
Guide Tree 5/16
#NNI moves:0/152
Guide Tree 6/16
#NNI moves:0/152
Guide Tree 7/16
#NNI moves:0/152
Guide Tree 8/16
#NNI moves:0/152
Guide Tree 9/16
#NNI moves:0/152
Guide Tree 10/16
#NNI moves:0/152
Guide Tree 11/16
#NNI moves:0/152
Guide Tree 12/16
#NNI moves:0/152
Guide Tree 13/16
#NNI moves:0/152
Guide Tree 14/16
#NNI moves:0/152
Guide Tree 15/16
#NNI moves:0/152
Remaining: 0
#NNI moves:0/152
#NNI moves:0/152
(((((((((((75,28),59),((63,65),61)),(((82,(53,48)),(86,6)),(20,36))),((21,18),78)),((((2,7),((((83,23),74),66),62)),(((45,(38,67)),(27,80)),76)),(17,14))),((((100,92),96),97),(((94,95),(93,99)),98))),(((((73,26),(77,81)),((((12,43),((56,8),52)),91),(24,87))),((((50,(32,3)),(29,41)),((11,57),60)),((35,68),((13,(30,9)),42)))),((1,(55,39)),(((33,4),34),(51,(49,47)))))),(((((70,69),((((58,(90,22)),((46,79),40)),31),(84,(72,5)))),((88,44),15)),((10,(85,71)),89)),(((37,25),64),54))),16),19);
Guide Tree 0/16
#NNI moves:0/152
Guide Tree 1/16
#NNI moves:0/152
Guide Tree 2/16
#NNI moves:0/152
Guide Tree 3/16
#NNI moves:0/152
Guide Tree 4/16
#NNI moves:0/152
Guide Tree 5/16
#NNI moves:0/152
Guide Tree 6/16
#NNI moves:0/152
Guide Tree 7/16
#NNI moves:0/152
Guide Tree 8/16
#NNI moves:0/152
Guide Tree 9/16
#NNI moves:0/152
Guide Tree 10/16
#NNI moves:0/152
Guide Tree 11/16
#NNI moves:0/152
Guide Tree 12/16
#NNI moves:0/152
Guide Tree 13/16
#NNI moves:0/152
Guide Tree 14/16
#NNI moves:0/152
Guide Tree 15/16
#NNI moves:0/152
Remaining: 0
#NNI moves:0/152
#NNI moves:0/152
((((((((((((56,8),52),(43,12)),91),(24,87)),((26,73),(81,77))),(((60,(57,11)),((29,41),((3,32),50))),((42,((9,30),13)),(35,68)))),(((51,(49,47)),((4,33),34)),(1,(39,55)))),(((((18,21),78),(((59,(75,28)),((63,65),61)),((20,36),((82,(48,53)),(86,6))))),((((7,2),(62,(((23,83),74),66))),(((45,(67,38)),(80,27)),76)),(17,14))),((98,((99,93),(94,95))),(((100,92),96),97)))),((((((((58,(22,90)),((79,46),40)),31),((72,5),84)),(70,69)),(15,(88,44))),(89,((85,71),10))),((64,(37,25)),54))),16),19);
Guide Tree 0/16
#NNI moves:0/152
Guide Tree 1/16
#NNI moves:0/152
Guide Tree 2/16
#NNI moves:0/152
Guide Tree 3/16
#NNI moves:0/152
Guide Tree 4/16
#NNI moves:0/152
Guide Tree 5/16
#NNI moves:0/152
Guide Tree 6/16
#NNI moves:0/152
Guide Tree 7/16
#NNI moves:0/152
Guide Tree 8/16
#NNI moves:0/152
Guide Tree 9/16
#NNI moves:0/152
Guide Tree 10/16
#NNI moves:0/152
Guide Tree 11/16
#NNI moves:0/152
Guide Tree 12/16
#NNI moves:0/152
Guide Tree 13/16
#NNI moves:0/152
Guide Tree 14/16
#NNI moves:0/152
Guide Tree 15/16
#NNI moves:0/152
Remaining: 0
#NNI moves:0/152
#NNI moves:0/152
((((((((((57,11),60),((29,41),((3,32),50))),((42,((30,9),13)),(35,68))),(((((52,(56,8)),(43,12)),91),(24,87)),((81,77),(73,26)))),(((39,55),1),(((33,4),34),((49,47),51)))),(((((((80,27),(45,(67,38))),76),((2,7),((((23,83),74),66),62))),(14,17)),((((61,(63,65)),((75,28),59)),((20,36),((86,6),(82,(53,48))))),((21,18),78))),((((92,100),96),97),(((95,94),(93,99)),98)))),(((((((((46,79),40),((90,22),58)),31),((5,72),84)),(69,70)),(15,(44,88))),(((85,71),10),89)),(((25,37),64),54))),16),19);
Initial score: 4.69693e+08
Initial tree: ((((((((((57,11),60),((29,41),((3,32),50))),((42,((30,9),13)),(35,68))),(((((52,(56,8)),(43,12)),91),(24,87)),((81,77),(73,26)))),(((39,55),1),(((33,4),34),((49,47),51)))),(((((((80,27),(45,(67,38))),76),((2,7),((((23,83),74),66),62))),(14,17)),((((61,(63,65)),((75,28),59)),((20,36),((86,6),(82,(53,48))))),((21,18),78))),((((92,100),96),97),(((95,94),(93,99)),98)))),(((((((((46,79),40),((90,22),58)),31),((5,72),84)),(69,70)),(15,(44,88))),(((85,71),10),89)),(((25,37),64),54))),16),19);
*** Subsample Process ***
Use two-step algorithm!
#NNI moves:0/152
Remaining: 0
#NNI moves:0/152
#NNI moves:0/152
((((((((((((((75,28),59),(61,(63,65))),((36,20),((82,(53,48)),(86,6)))),(78,(21,18))),(((((45,(67,38)),(80,27)),76),(((((83,23),74),66),62),(7,2))),(17,14))),((((92,100),96),97),(((99,93),(94,95)),98))),((((((((((79,46),40),((22,90),58)),31),((5,72),84)),(70,69)),((44,88),15)),(((85,71),10),89)),(((25,37),64),54)),(16,19))),(((51,(49,47)),((4,33),34)),(1,(39,55)))),(((((52,(8,56)),(12,43)),91),(87,24)),((26,73),(81,77)))),((((9,30),13),42),(35,68))),((29,41),((32,3),50))),(11,57)),60);
#NNI moves:0/152
Remaining: 0
#NNI moves:0/152
#NNI moves:0/152
(((((((((((80,27),((67,38),45)),76),(((((83,23),74),66),62),(7,2))),(17,14)),(((((65,63),61),(59,(28,75))),((20,36),((6,86),((48,53),82)))),(78,(21,18)))),((((92,100),96),97),(98,((99,93),(95,94))))),(((((26,73),(77,81)),((((43,12),((8,56),52)),91),(24,87))),(((((30,9),13),42),(35,68)),(((11,57),60),((41,29),((32,3),50))))),((((4,33),34),(51,(49,47))),(1,(39,55))))),((((((((58,(90,22)),(40,(46,79))),31),((5,72),84)),(70,69)),((44,88),15)),((10,(85,71)),89)),(54,((37,25),64)))),19),16);
#NNI moves:0/152
Remaining: 0
#NNI moves:0/152
#NNI moves:0/152
((((((((((((((26,73),(81,77)),((((12,43),(52,(56,8))),91),(24,87))),((((57,11),60),(((3,32),50),(41,29))),((42,((30,9),13)),(35,68)))),(((55,39),1),(((47,49),51),(34,(4,33))))),((((((85,71),10),89),(((((((22,90),58),((46,79),40)),31),(84,(5,72))),(70,69)),((88,44),15))),(((37,25),64),54)),(19,16))),((((92,100),96),97),(((93,99),(95,94)),98))),(((((((83,23),74),66),62),(7,2)),((((67,38),45),(80,27)),76)),(17,14))),(78,(21,18))),(((6,86),((48,53),82)),(36,20))),((75,28),59)),61),63),65);
#NNI moves:0/152
Remaining: 0
#NNI moves:0/152
#NNI moves:0/152
((((((((((((((((((36,20),((6,86),((53,48),82))),(((75,28),59),((63,65),61))),((18,21),78)),((((62,(66,((83,23),74))),(2,7)),((((38,67),45),(27,80)),76)),(14,17))),((97,(96,(100,92))),(((95,94),(99,93)),98))),(((((((43,12),(52,(56,8))),91),(87,24)),((81,77),(26,73))),((((50,(3,32)),(29,41)),(60,(11,57))),((((30,9),13),42),(68,35)))),((((49,47),51),((4,33),34)),((55,39),1)))),(16,19)),(((37,25),64),54)),((10,(71,85)),89)),(15,(44,88))),(69,70)),((5,72),84)),31),((90,22),58)),40),46),79);
Current score: 4.69693e+08
Current tree: ((16,((((((((36,20),((6,86),((53,48),82))),(((75,28),59),((63,65),61))),((18,21),78)),((((62,(66,((83,23),74))),(2,7)),((((38,67),45),(27,80)),76)),(14,17))),((97,(96,(100,92))),(((95,94),(99,93)),98))),(((((((43,12),(52,(56,8))),91),(87,24)),((81,77),(26,73))),((((50,(3,32)),(29,41)),(60,(11,57))),((((30,9),13),42),(68,35)))),((((49,47),51),((4,33),34)),((55,39),1)))),((((37,25),64),54),(((10,(71,85)),89),((15,(44,88)),((69,70),(((5,72),84),(31,(((90,22),58),(40,(46,79))))))))))),19);
Final Tree: ((16,((((((((36,20),((6,86),((53,48),82))),(((75,28),59),((63,65),61))),((18,21),78)),((((62,(66,((83,23),74))),(2,7)),((((38,67),45),(27,80)),76)),(14,17))),((97,(96,(100,92))),(((95,94),(99,93)),98))),(((((((43,12),(52,(56,8))),91),(87,24)),((81,77),(26,73))),((((50,(3,32)),(29,41)),(60,(11,57))),((((30,9),13),42),(68,35)))),((((49,47),51),((4,33),34)),((55,39),1)))),((((37,25),64),54),(((10,(71,85)),89),((15,(44,88)),((69,70),(((5,72),84),(31,(((90,22),58),(40,(46,79))))))))))),19);
#EqQuartets: 471419715
Score: 469693083
ASTRAL for PaRalogs and Orthologs III (ASTRAL-Pro3)
*** NOW with integrated CASTLES-Pro ***
Version: v1.22.3.6
Read 512 genetrees and found 100 species.
#Genetrees: 954
#Duploss: 29092
#Species: 100
#Rounds: 4
#Samples: 4
#Threads: 1
Use two-step algorithm!
Guide Tree 0/16
#NNI moves:0/152
Guide Tree 1/16
#NNI moves:0/152
Guide Tree 2/16
#NNI moves:0/152
Guide Tree 3/16
#NNI moves:0/152
Guide Tree 4/16
#NNI moves:0/152
Guide Tree 5/16
#NNI moves:0/152
Guide Tree 6/16
#NNI moves:0/152
Guide Tree 7/16
#NNI moves:0/152
Guide Tree 8/16
#NNI moves:0/152
Guide Tree 9/16
#NNI moves:0/152
Guide Tree 10/16
#NNI moves:0/152
Guide Tree 11/16
#NNI moves:0/152
Guide Tree 12/16
#NNI moves:0/152
Guide Tree 13/16
#NNI moves:0/152
Guide Tree 14/16
#NNI moves:0/152
Guide Tree 15/16
#NNI moves:0/152
Remaining: 0
#NNI moves:0/152
#NNI moves:0/152
((((((((((((((((((86,41),83),10),((87,26),30)),(63,(66,88))),43),(61,97)),28),27),(((57,52),((59,70),(67,39))),47)),32),(((45,60),(51,22)),89)),((79,(55,((21,5),96))),94)),((65,(((72,58),77),34)),(69,48))),((((78,74),53),(33,50)),((((((4,84),36),((85,62),25)),19),15),(((17,(44,(40,23))),(49,37)),(8,((14,90),7)))))),(((((((((98,18),(13,75)),31),((20,95),80)),(((11,68),(56,38)),54)),((12,42),(93,(6,99)))),(((82,(71,76)),24),35)),(81,(92,100))),((((29,46),16),91),((9,64),73)))),(1,2)),3);
Guide Tree 0/16
#NNI moves:0/152
Guide Tree 1/16
#NNI moves:0/152
Guide Tree 2/16
#NNI moves:0/152
Guide Tree 3/16
#NNI moves:0/152
Guide Tree 4/16
#NNI moves:0/152
Guide Tree 5/16
#NNI moves:0/152
Guide Tree 6/16
#NNI moves:0/152
Guide Tree 7/16
#NNI moves:0/152
Guide Tree 8/16
#NNI moves:0/152
Guide Tree 9/16
#NNI moves:0/152
Guide Tree 10/16
#NNI moves:0/152
Guide Tree 11/16
#NNI moves:0/152
Guide Tree 12/16
#NNI moves:0/152
Guide Tree 13/16
#NNI moves:0/152
Guide Tree 14/16
#NNI moves:0/152
Guide Tree 15/16
#NNI moves:0/152
Remaining: 0
#NNI moves:0/152
#NNI moves:0/152
(((((((((((((43,((((26,87),30),(((41,86),83),10)),((66,88),63))),(97,61)),28),27),((((39,67),(59,70)),(52,57)),47)),32),(((45,60),(51,22)),89)),(((((5,21),96),55),79),94)),((65,((77,(58,72)),34)),(48,69))),((((((36,(4,84)),((62,85),25)),19),15),((((90,14),7),8),((((40,23),44),17),(49,37)))),((50,33),(53,(78,74))))),(((((((((98,18),(75,13)),31),((20,95),80)),(((38,56),(68,11)),54)),(((99,6),93),(12,42))),((24,((76,71),82)),35)),((92,100),81)),((73,(64,9)),(91,((46,29),16))))),(1,2)),3);
Guide Tree 0/16
#NNI moves:0/152
Guide Tree 1/16
#NNI moves:0/152
Guide Tree 2/16
#NNI moves:0/152
Guide Tree 3/16
#NNI moves:0/152
Guide Tree 4/16
#NNI moves:0/152
Guide Tree 5/16
#NNI moves:0/152
Guide Tree 6/16
#NNI moves:0/152
Guide Tree 7/16
#NNI moves:0/152
Guide Tree 8/16
#NNI moves:0/152
Guide Tree 9/16
#NNI moves:0/152
Guide Tree 10/16
#NNI moves:0/152
Guide Tree 11/16
#NNI moves:0/152
Guide Tree 12/16
#NNI moves:0/152
Guide Tree 13/16
#NNI moves:0/152
Guide Tree 14/16
#NNI moves:0/152
Guide Tree 15/16
#NNI moves:0/152
Remaining: 0
#NNI moves:0/152
#NNI moves:0/152
(((((((((((((67,39),(70,59)),(52,57)),47),((((43,(((((86,41),83),10),((87,26),30)),(63,(88,66)))),(61,97)),28),27)),32),(89,((60,45),(51,22)))),((((96,(5,21)),55),79),94)),((65,(((58,72),77),34)),(48,69))),(((((7,(90,14)),8),((49,37),(((23,40),44),17))),((((36,(4,84)),((62,85),25)),19),15)),(((74,78),53),(50,33)))),((((((12,42),(93,(99,6))),(((((13,75),(98,18)),31),(80,(20,95))),(((56,38),(11,68)),54))),((24,(82,(71,76))),35)),((92,100),81)),(((9,64),73),((16,(46,29)),91)))),(1,2)),3);
Guide Tree 0/16
#NNI moves:0/152
Guide Tree 1/16
#NNI moves:0/152
Guide Tree 2/16
#NNI moves:0/152
Guide Tree 3/16
#NNI moves:0/152
Guide Tree 4/16
#NNI moves:0/152
Guide Tree 5/16
#NNI moves:0/152
Guide Tree 6/16
#NNI moves:0/152
Guide Tree 7/16
#NNI moves:0/152
Guide Tree 8/16
#NNI moves:0/152
Guide Tree 9/16
#NNI moves:0/152
Guide Tree 10/16
#NNI moves:0/152
Guide Tree 11/16
#NNI moves:0/152
Guide Tree 12/16
#NNI moves:0/152
Guide Tree 13/16
#NNI moves:0/152
Guide Tree 14/16
#NNI moves:0/152
Guide Tree 15/16
#NNI moves:0/152
Remaining: 0
#NNI moves:0/152
#NNI moves:0/152
((((((((((((((((((41,86),83),10),((26,87),30)),((66,88),63)),43),(97,61)),28),27),(47,((52,57),((70,59),(67,39))))),32),(((51,22),(60,45)),89)),(((((5,21),96),55),79),94)),(((((72,58),77),34),65),(69,48))),(((((((23,40),44),17),(49,37)),(((90,14),7),8)),(((((84,4),36),((85,62),25)),19),15)),(((78,74),53),(33,50)))),((((((93,(6,99)),(12,42)),((((68,11),(56,38)),54),((31,((98,18),(75,13))),(80,(20,95))))),(((82,(71,76)),24),35)),((92,100),81)),((91,((29,46),16)),(73,(9,64))))),(1,2)),3);
Initial score: 5.66815e+08
Initial tree: ((((((((((((((((((41,86),83),10),((26,87),30)),((66,88),63)),43),(97,61)),28),27),(47,((52,57),((70,59),(67,39))))),32),(((51,22),(60,45)),89)),(((((5,21),96),55),79),94)),(((((72,58),77),34),65),(69,48))),(((((((23,40),44),17),(49,37)),(((90,14),7),8)),(((((84,4),36),((85,62),25)),19),15)),(((78,74),53),(33,50)))),((((((93,(6,99)),(12,42)),((((68,11),(56,38)),54),((31,((98,18),(75,13))),(80,(20,95))))),(((82,(71,76)),24),35)),((92,100),81)),((91,((29,46),16)),(73,(9,64))))),(1,2)),3);
*** Subsample Process ***
Use two-step algorithm!
#NNI moves:0/152
Remaining: 0
#NNI moves:0/152
#NNI moves:0/152
(((((((((((((((((((((((((20,95),80),(((18,98),(75,13)),31)),(((56,38),(68,11)),54)),((93,(99,6)),(42,12))),(((82,(76,71)),24),35)),((100,92),81)),((73,(64,9)),(91,((46,29),16)))),((1,2),3)),(((((49,37),((44,(23,40)),17)),((7,(90,14)),8)),(((((85,62),25),(36,(4,84))),19),15)),((33,50),((74,78),53)))),(((((72,58),77),34),65),(48,69))),(((55,((21,5),96)),79),94)),(((51,22),(60,45)),89)),32),((((70,59),(39,67)),(57,52)),47)),27),28),(61,97)),43),(63,(88,66))),(30,(26,87))),10),83),41),86);
#NNI moves:0/152
Remaining: 0
#NNI moves:0/152
#NNI moves:0/152
((((((((((((((59,70),(39,67)),(57,52)),47),((((97,61),((((30,(87,26)),((83,(41,86)),10)),((66,88),63)),43)),28),27)),32),(((45,60),(22,51)),89)),(((55,(96,(21,5))),79),94)),((65,(((72,58),77),34)),(48,69))),((((((44,(23,40)),17),(49,37)),((7,(90,14)),8)),((((25,(85,62)),(36,(4,84))),19),15)),((53,(74,78)),(50,33)))),((((((((56,38),(11,68)),54),((80,(95,20)),(31,((98,18),(75,13))))),((42,12),((6,99),93))),((24,((76,71),82)),35)),((92,100),81)),((91,(16,(29,46))),((9,64),73)))),3),2),1);
#NNI moves:0/152
Remaining: 0
#NNI moves:0/152
#NNI moves:0/152
((((((((((((((((80,(20,95)),(((98,18),(75,13)),31)),(((56,38),(11,68)),54)),(((99,6),93),(12,42))),((((71,76),82),24),35)),((100,92),81)),((((46,29),16),91),((9,64),73))),(3,(1,2))),(((((49,37),(((40,23),44),17)),(8,(7,(14,90)))),((((25,(85,62)),((4,84),36)),19),15)),((53,(78,74)),(50,33)))),((69,48),((((72,58),77),34),65))),(((55,(96,(5,21))),79),94)),(((45,60),(51,22)),89)),32),(((((((30,(26,87)),(((41,86),83),10)),(63,(88,66))),43),(97,61)),28),27)),(((67,39),(59,70)),(52,57))),47);
#NNI moves:0/152
Remaining: 0
#NNI moves:0/152
#NNI moves:0/152
(((((((((((((((((45,60),(22,51)),89),(((((((((((86,41),83),10),(30,(87,26))),((66,88),63)),43),(61,97)),28),27),((((67,39),(70,59)),(52,57)),47)),32)),(((((21,5),96),55),79),94)),(((((72,58),77),34),65),(69,48))),(((((((84,4),36),((85,62),25)),19),15),((8,((14,90),7)),((17,(44,(40,23))),(37,49)))),(((74,78),53),(33,50)))),((2,1),3)),((((29,46),16),91),((64,9),73))),((92,100),81)),(((82,(71,76)),24),35)),((93,(99,6)),(12,42))),(54,((68,11),(38,56)))),(31,((13,75),(18,98)))),80),95),20);
Current score: 5.66815e+08
Current tree: (((2,1),((((((((45,60),(22,51)),89),(((((((((((86,41),83),10),(30,(87,26))),((66,88),63)),43),(61,97)),28),27),((((67,39),(70,59)),(52,57)),47)),32)),(((((21,5),96),55),79),94)),(((((72,58),77),34),65),(69,48))),(((((((84,4),36),((85,62),25)),19),15),((8,((14,90),7)),((17,(44,(40,23))),(37,49)))),(((74,78),53),(33,50)))),(((((29,46),16),91),((64,9),73)),(((92,100),81),((((82,(71,76)),24),35),(((93,(99,6)),(12,42)),((54,((68,11),(38,56))),((31,((13,75),(18,98))),(80,(95,20)))))))))),3);
Final Tree: (((2,1),((((((((45,60),(22,51)),89),(((((((((((86,41),83),10),(30,(87,26))),((66,88),63)),43),(61,97)),28),27),((((67,39),(70,59)),(52,57)),47)),32)),(((((21,5),96),55),79),94)),(((((72,58),77),34),65),(69,48))),(((((((84,4),36),((85,62),25)),19),15),((8,((14,90),7)),((17,(44,(40,23))),(37,49)))),(((74,78),53),(33,50)))),(((((29,46),16),91),((64,9),73)),(((92,100),81),((((82,(71,76)),24),35),(((93,(99,6)),(12,42)),((54,((68,11),(38,56))),((31,((13,75),(18,98))),(80,(95,20)))))))))),3);
#EqQuartets: 568597152
Score: 566814974
ASTRAL for PaRalogs and Orthologs III (ASTRAL-Pro3)
*** NOW with integrated CASTLES-Pro ***
Version: v1.22.3.6
Read 512 genetrees and found 100 species.
#Genetrees: 985
#Duploss: 26667
#Species: 100
#Rounds: 4
#Samples: 4
#Threads: 1
Use two-step algorithm!
Guide Tree 0/16
#NNI moves:0/152
Guide Tree 1/16
#NNI moves:0/152
Guide Tree 2/16
#NNI moves:0/152
Guide Tree 3/16
#NNI moves:0/152
Guide Tree 4/16
#NNI moves:0/152
Guide Tree 5/16
#NNI moves:0/152
Guide Tree 6/16
#NNI moves:0/152
Guide Tree 7/16
#NNI moves:0/152
Guide Tree 8/16
#NNI moves:0/152
Guide Tree 9/16
#NNI moves:0/152
Guide Tree 10/16
#NNI moves:0/152
Guide Tree 11/16
#NNI moves:0/152
Guide Tree 12/16
#NNI moves:0/152
Guide Tree 13/16
#NNI moves:0/152
Guide Tree 14/16
#NNI moves:0/152
Guide Tree 15/16
#NNI moves:0/152
Remaining: 0
#NNI moves:0/152
#NNI moves:0/152
(((((((((((((((((59,25),22),((90,10),((87,36),15))),(((39,24),(75,72)),((61,17),85))),(((((20,(91,6)),((40,42),88)),(81,80)),14),63)),((((13,89),48),(27,((54,((79,66),64)),(62,53)))),((((16,1),(4,5)),(((21,74),73),52)),((19,60),7)))),((50,(56,67)),(((((86,(11,68)),((83,32),76)),23),26),((55,12),8)))),((((((69,37),(92,70)),30),(41,77)),(((49,51),((35,33),44)),((((71,29),3),(31,43)),45))),82)),((28,84),(57,58))),((38,65),47)),(46,34)),((2,78),((18,9),93))),(97,99)),98),(100,96)),95),94);
Guide Tree 0/16
#NNI moves:0/152
Guide Tree 1/16
#NNI moves:0/152
Guide Tree 2/16
#NNI moves:0/152
Guide Tree 3/16
#NNI moves:0/152
Guide Tree 4/16
#NNI moves:0/152
Guide Tree 5/16
#NNI moves:0/152
Guide Tree 6/16
#NNI moves:0/152
Guide Tree 7/16
#NNI moves:0/152
Guide Tree 8/16
#NNI moves:0/152
Guide Tree 9/16
#NNI moves:0/152
Guide Tree 10/16
#NNI moves:0/152
Guide Tree 11/16
#NNI moves:0/152
Guide Tree 12/16
#NNI moves:0/152
Guide Tree 13/16
#NNI moves:0/152
Guide Tree 14/16
#NNI moves:0/152
Guide Tree 15/16
#NNI moves:0/152
Remaining: 0
#NNI moves:0/152
#NNI moves:0/152
(((((((((((((((((59,25),22),((90,10),((87,36),15))),(((24,39),(72,75)),((17,61),85))),(63,(((((6,91),20),((42,40),88)),(81,80)),14))),(((((((66,79),64),54),(62,53)),27),(48,(89,13))),(((52,((21,74),73)),((5,4),(16,1))),(7,(60,19))))),(((8,(55,12)),(((((11,68),86),(76,(32,83))),23),26)),((67,56),50))),((((((31,43),(3,(29,71))),45),((49,51),((35,33),44))),((((70,92),(69,37)),30),(77,41))),82)),((57,58),(28,84))),(47,(38,65))),(34,46)),((93,(9,18)),(78,2))),(97,99)),98),(96,100)),95),94);
Guide Tree 0/16
#NNI moves:0/152
Guide Tree 1/16
#NNI moves:0/152
Guide Tree 2/16
#NNI moves:0/152
Guide Tree 3/16
#NNI moves:0/152
Guide Tree 4/16
#NNI moves:0/152
Guide Tree 5/16
#NNI moves:0/152
Guide Tree 6/16
#NNI moves:0/152
Guide Tree 7/16
#NNI moves:0/152
Guide Tree 8/16
#NNI moves:0/152
Guide Tree 9/16
#NNI moves:0/152
Guide Tree 10/16
#NNI moves:0/152
Guide Tree 11/16
#NNI moves:0/152
Guide Tree 12/16
#NNI moves:0/152
Guide Tree 13/16
#NNI moves:0/152
Guide Tree 14/16
#NNI moves:0/152
Guide Tree 15/16
#NNI moves:0/152
Remaining: 0
#NNI moves:0/152
#NNI moves:0/152
(((((((((((((((((((40,42),88),((91,6),20)),(81,80)),14),63),(((22,(59,25)),(((36,87),15),(10,90))),(((72,75),(39,24)),(85,(17,61))))),((((((21,74),73),52),((1,16),(4,5))),((19,60),7)),((((54,((66,79),64)),(53,62)),27),((89,13),48)))),((((12,55),8),(((((83,32),76),((68,11),86)),23),26)),(50,(67,56)))),(((((49,51),(44,(33,35))),(((43,31),((29,71),3)),45)),((((70,92),(69,37)),30),(77,41))),82)),((84,28),(58,57))),(47,(65,38))),(46,34)),((93,(9,18)),(2,78))),(97,99)),98),(96,100)),95),94);
Guide Tree 0/16
#NNI moves:0/152
Guide Tree 1/16
#NNI moves:0/152
Guide Tree 2/16
#NNI moves:0/152
Guide Tree 3/16
#NNI moves:0/152
Guide Tree 4/16
#NNI moves:0/152
Guide Tree 5/16
#NNI moves:0/152
Guide Tree 6/16
#NNI moves:0/152
Guide Tree 7/16
#NNI moves:0/152
Guide Tree 8/16
#NNI moves:0/152
Guide Tree 9/16
#NNI moves:0/152
Guide Tree 10/16
#NNI moves:0/152
Guide Tree 11/16
#NNI moves:0/152
Guide Tree 12/16
#NNI moves:0/152
Guide Tree 13/16
#NNI moves:0/152
Guide Tree 14/16
#NNI moves:0/152
Guide Tree 15/16
#NNI moves:0/152
Remaining: 0
#NNI moves:0/152
#NNI moves:0/152
(((((((((((((((((73,(21,74)),52),((4,5),(16,1))),((19,60),7)),(((89,13),48),(((62,53),(54,((79,66),64))),27))),(((((80,81),(((6,91),20),((42,40),88))),14),63),((((39,24),(75,72)),((61,17),85)),(((10,90),((36,87),15)),((59,25),22))))),(((67,56),50),(((((76,(32,83)),(86,(11,68))),23),26),((12,55),8)))),((((((37,69),(70,92)),30),(41,77)),(((44,(35,33)),(51,49)),(((31,43),((71,29),3)),45))),82)),((58,57),(28,84))),(47,(65,38))),(46,34)),((78,2),((9,18),93))),(97,99)),98),(96,100)),95),94);
Initial score: 5.86986e+08
Initial tree: (((((((((((((((((73,(21,74)),52),((4,5),(16,1))),((19,60),7)),(((89,13),48),(((62,53),(54,((79,66),64))),27))),(((((80,81),(((6,91),20),((42,40),88))),14),63),((((39,24),(75,72)),((61,17),85)),(((10,90),((36,87),15)),((59,25),22))))),(((67,56),50),(((((76,(32,83)),(86,(11,68))),23),26),((12,55),8)))),((((((37,69),(70,92)),30),(41,77)),(((44,(35,33)),(51,49)),(((31,43),((71,29),3)),45))),82)),((58,57),(28,84))),(47,(65,38))),(46,34)),((78,2),((9,18),93))),(97,99)),98),(96,100)),95),94);
*** Subsample Process ***
Use two-step algorithm!
#NNI moves:0/152
Remaining: 0
#NNI moves:0/152
#NNI moves:0/152
(((((((((((41,77),(30,((70,92),(69,37)))),(((44,(35,33)),(51,49)),((((29,71),3),(43,31)),45))),82),((((((((95,94),(96,100)),98),(97,99)),(((9,18),93),(78,2))),(46,34)),((65,38),47)),((84,28),(58,57)))),((50,(56,67)),(((12,55),8),((((86,(68,11)),((32,83),76)),23),26)))),(((((39,24),(75,72)),(85,(17,61))),(((90,10),(15,(87,36))),((25,59),22))),((((((91,6),20),((42,40),88)),(81,80)),14),63))),((((53,62),(((79,66),64),54)),27),((13,89),48))),(((73,(74,21)),52),((4,5),(16,1)))),(60,19)),7);
#NNI moves:0/152
Remaining: 0
#NNI moves:0/152
#NNI moves:0/152
(((((((((((((((((62,53),(((66,79),64),54)),27),((13,89),48)),((((5,4),(1,16)),(((74,21),73),52)),(7,(19,60)))),(((((10,90),((36,87),15)),((59,25),22)),(((72,75),(24,39)),(85,(61,17)))),((((((91,6),20),((40,42),88)),(81,80)),14),63))),((((55,12),8),((((86,(11,68)),((83,32),76)),23),26)),((56,67),50))),((((((35,33),44),(49,51)),((((29,71),3),(43,31)),45)),((((92,70),(69,37)),30),(41,77))),82)),((58,57),(84,28))),((65,38),47)),(46,34)),((93,(18,9)),(2,78))),(99,97)),98),(100,96)),94),95);
#NNI moves:0/152
Remaining: 0
#NNI moves:0/152
#NNI moves:0/152
((((((((((((((33,35),44),(51,49)),((((71,29),3),(43,31)),45)),((((92,70),(69,37)),30),(41,77))),82),((((((98,((96,100),(94,95))),(97,99)),((78,2),((18,9),93))),(34,46)),((65,38),47)),((58,57),(28,84)))),(((26,((((68,11),86),((32,83),76)),23)),((55,12),8)),((67,56),50))),(((((90,10),((36,87),15)),((59,25),22)),(((75,72),(39,24)),((17,61),85))),((14,(((20,(91,6)),((40,42),88)),(81,80))),63))),(((52,(73,(21,74))),((16,1),(4,5))),(7,(60,19)))),(((62,53),((64,(66,79)),54)),27)),48),89),13);
#NNI moves:0/152
Remaining: 0
#NNI moves:0/152
#NNI moves:0/152
(((((((((((((((90,10),(15,(87,36))),(22,(25,59))),(((39,24),(75,72)),((61,17),85))),((((((42,40),88),(20,(91,6))),(81,80)),14),63)),(((((73,(21,74)),52),((1,16),(4,5))),(7,(19,60))),((48,(13,89)),(((62,53),(54,((79,66),64))),27)))),((50,(67,56)),((((((83,32),76),((68,11),86)),23),26),((12,55),8)))),(((((51,49),((35,33),44)),((((71,29),3),(31,43)),45)),((((37,69),(70,92)),30),(41,77))),82)),((84,28),(57,58))),(47,(38,65))),(46,34)),((93,(18,9)),(2,78))),(99,97)),((96,100),(95,94))),98);
Current score: 5.86986e+08
Current tree: ((95,((96,100),((((((((((((((90,10),(15,(87,36))),(22,(25,59))),(((39,24),(75,72)),((61,17),85))),((((((42,40),88),(20,(91,6))),(81,80)),14),63)),(((((73,(21,74)),52),((1,16),(4,5))),(7,(19,60))),((48,(13,89)),(((62,53),(54,((79,66),64))),27)))),((50,(67,56)),((((((83,32),76),((68,11),86)),23),26),((12,55),8)))),(((((51,49),((35,33),44)),((((71,29),3),(31,43)),45)),((((37,69),(70,92)),30),(41,77))),82)),((84,28),(57,58))),(47,(38,65))),(46,34)),((93,(18,9)),(2,78))),(99,97)),98))),94);
Final Tree: ((95,((96,100),((((((((((((((90,10),(15,(87,36))),(22,(25,59))),(((39,24),(75,72)),((61,17),85))),((((((42,40),88),(20,(91,6))),(81,80)),14),63)),(((((73,(21,74)),52),((1,16),(4,5))),(7,(19,60))),((48,(13,89)),(((62,53),(54,((79,66),64))),27)))),((50,(67,56)),((((((83,32),76),((68,11),86)),23),26),((12,55),8)))),(((((51,49),((35,33),44)),((((71,29),3),(31,43)),45)),((((37,69),(70,92)),30),(41,77))),82)),((84,28),(57,58))),(47,(38,65))),(46,34)),((93,(18,9)),(2,78))),(99,97)),98))),94);
#EqQuartets: 588484292
Score: 586985984
ASTRAL for PaRalogs and Orthologs III (ASTRAL-Pro3)
*** NOW with integrated CASTLES-Pro ***
Version: v1.22.3.6
Read 512 genetrees and found 100 species.
#Genetrees: 998
#Duploss: 28787
#Species: 100
#Rounds: 4
#Samples: 4
#Threads: 1
Use two-step algorithm!
Guide Tree 0/16
#NNI moves:0/152
Guide Tree 1/16
#NNI moves:0/152
Guide Tree 2/16
#NNI moves:0/152
Guide Tree 3/16
#NNI moves:0/152
Guide Tree 4/16
#NNI moves:0/152
Guide Tree 5/16
#NNI moves:0/152
Guide Tree 6/16
#NNI moves:0/152
Guide Tree 7/16
#NNI moves:0/152
Guide Tree 8/16
#NNI moves:0/152
Guide Tree 9/16
#NNI moves:0/152
Guide Tree 10/16
#NNI moves:0/152
Guide Tree 11/16
#NNI moves:0/152
Guide Tree 12/16
#NNI moves:0/152
Guide Tree 13/16
#NNI moves:0/152
Guide Tree 14/16
#NNI moves:0/152
Guide Tree 15/16
#NNI moves:0/152
Remaining: 0
#NNI moves:0/152
#NNI moves:0/152
((((((((((((((((39,29),1),46),(25,17)),4),(55,((40,19),35))),23),((45,((32,5),50)),(((65,(12,44)),(51,(54,41))),59))),((31,61),52)),((((60,66),(((26,18),36),43)),((27,34),(7,8))),(24,((14,37),28)))),((((47,(64,49)),(16,(6,62))),(30,33)),(((15,53),13),(((21,((20,56),((42,3),63))),48),((58,2),57))))),((((((((75,99),(((92,76),((85,90),89)),100)),(((87,71),84),((95,82),97))),78),(70,(73,96))),(94,93)),((((81,80),(86,(((74,79),77),(72,67)))),((68,83),(91,88))),98)),69)),22),(9,10)),38),11);
Guide Tree 0/16
#NNI moves:0/152
Guide Tree 1/16
#NNI moves:0/152
Guide Tree 2/16
#NNI moves:0/152
Guide Tree 3/16
#NNI moves:0/152
Guide Tree 4/16
#NNI moves:0/152
Guide Tree 5/16
#NNI moves:0/152
Guide Tree 6/16
#NNI moves:0/152
Guide Tree 7/16
#NNI moves:0/152
Guide Tree 8/16
#NNI moves:0/152
Guide Tree 9/16
#NNI moves:0/152
Guide Tree 10/16
#NNI moves:0/152
Guide Tree 11/16
#NNI moves:0/152
Guide Tree 12/16
#NNI moves:0/152
Guide Tree 13/16
#NNI moves:0/152
Guide Tree 14/16
#NNI moves:0/152
Guide Tree 15/16
#NNI moves:0/152
Remaining: 0
#NNI moves:0/152
#NNI moves:0/152
((((((((((((36,(18,26)),43),(60,66)),((27,34),(8,7))),((28,(37,14)),24)),((((59,((51,(54,41)),((44,12),65))),(((5,32),50),45)),(((((17,25),((1,(39,29)),46)),4),(((19,40),35),55)),23)),((31,61),52))),((((15,53),13),(((((56,20),((42,3),63)),21),48),((2,58),57))),(((47,(49,64)),(16,(6,62))),(33,30)))),((((((((100,((89,(90,85)),(76,92))),(99,75)),((97,(95,82)),((71,87),84))),78),((73,96),70)),(93,94)),((((81,80),(((77,(74,79)),(72,67)),86)),((88,91),(83,68))),98)),69)),22),(10,9)),38),11);
Guide Tree 0/16
#NNI moves:0/152
Guide Tree 1/16
#NNI moves:0/152
Guide Tree 2/16
#NNI moves:0/152
Guide Tree 3/16
#NNI moves:0/152
Guide Tree 4/16
#NNI moves:0/152
Guide Tree 5/16
#NNI moves:0/152
Guide Tree 6/16
#NNI moves:0/152
Guide Tree 7/16
#NNI moves:0/152
Guide Tree 8/16
#NNI moves:0/152
Guide Tree 9/16
#NNI moves:0/152
Guide Tree 10/16
#NNI moves:0/152
Guide Tree 11/16
#NNI moves:0/152
Guide Tree 12/16
#NNI moves:0/152
Guide Tree 13/16
#NNI moves:0/152
Guide Tree 14/16
#NNI moves:0/152
Guide Tree 15/16
#NNI moves:0/152
Remaining: 0
#NNI moves:0/152
#NNI moves:0/152
((((((((((((((12,44),65),((41,54),51)),59),(45,((32,5),50))),(((((17,25),(((39,29),1),46)),4),(55,((19,40),35))),23)),(52,(61,31))),(((28,(14,37)),24),((((36,(26,18)),43),(66,60)),((27,34),(8,7))))),((((((((42,3),63),(20,56)),21),48),((58,2),57)),((15,53),13)),((((64,49),47),((62,6),16)),(30,33)))),((((((81,80),((((74,79),77),(67,72)),86)),((91,88),(83,68))),98),((((((((89,(90,85)),(92,76)),100),(75,99)),((84,(87,71)),(97,(95,82)))),78),((96,73),70)),(93,94))),69)),22),(10,9)),38),11);
Guide Tree 0/16
#NNI moves:0/152
Guide Tree 1/16
#NNI moves:0/152
Guide Tree 2/16
#NNI moves:0/152
Guide Tree 3/16
#NNI moves:0/152
Guide Tree 4/16
#NNI moves:0/152
Guide Tree 5/16
#NNI moves:0/152
Guide Tree 6/16
#NNI moves:0/152
Guide Tree 7/16
#NNI moves:0/152
Guide Tree 8/16
#NNI moves:0/152
Guide Tree 9/16
#NNI moves:0/152
Guide Tree 10/16
#NNI moves:0/152
Guide Tree 11/16
#NNI moves:0/152
Guide Tree 12/16
#NNI moves:0/152
Guide Tree 13/16
#NNI moves:0/152
Guide Tree 14/16
#NNI moves:0/152
Guide Tree 15/16
#NNI moves:0/152
Remaining: 1
#NNI moves:0/152
#NNI moves:0/152
((((((((((((4,((((29,39),1),46),(25,17))),(55,(35,(19,40)))),23),(((((44,12),65),((54,41),51)),59),(45,((5,32),50)))),((61,31),52)),((((8,7),(27,34)),((((26,18),36),43),(60,66))),(((14,37),28),24))),((((((((3,42),63),(20,56)),21),48),(57,(58,2))),((15,53),13)),((((49,64),47),(16,(6,62))),(33,30)))),((((((((75,99),(((92,76),((85,90),89)),100)),(((87,71),84),((82,95),97))),78),((73,96),70)),(94,93)),(((((((79,74),77),(72,67)),86),(80,81)),((83,68),(88,91))),98)),69)),22),(10,9)),38),11);
Initial score: 5.18919e+08
Initial tree: ((((((((((((4,((((29,39),1),46),(25,17))),(55,(35,(19,40)))),23),(((((44,12),65),((54,41),51)),59),(45,((5,32),50)))),((61,31),52)),((((8,7),(27,34)),((((26,18),36),43),(60,66))),(((14,37),28),24))),((((((((3,42),63),(20,56)),21),48),(57,(58,2))),((15,53),13)),((((49,64),47),(16,(6,62))),(33,30)))),((((((((75,99),(((92,76),((85,90),89)),100)),(((87,71),84),((82,95),97))),78),((73,96),70)),(94,93)),(((((((79,74),77),(72,67)),86),(80,81)),((83,68),(88,91))),98)),69)),22),(10,9)),38),11);
*** Subsample Process ***
Use two-step algorithm!
#NNI moves:0/152
Remaining: 0
#NNI moves:0/152
#NNI moves:0/152
(((((((((((((((((((75,99),((((90,85),89),(92,76)),100)),(((95,82),97),((71,87),84))),78),((96,73),70)),(94,93)),((((80,81),(((72,67),((74,79),77)),86)),((91,88),(83,68))),98)),69),(((38,11),(10,9)),22)),((((47,(64,49)),((6,62),16)),(30,33)),(((((((3,42),63),(56,20)),21),48),((58,2),57)),(13,(15,53))))),((((((26,18),36),43),(66,60)),((34,27),(7,8))),(((14,37),28),24))),(52,(31,61))),((((35,(19,40)),55),(((((29,39),1),46),(17,25)),4)),23)),(45,((32,5),50))),59),(65,(44,12))),51),54),41);
#NNI moves:0/152
Remaining: 0
#NNI moves:0/152
#NNI moves:0/152
(((((((((((((65,(12,44)),((54,41),51)),59),(((5,32),50),45)),(((55,((19,40),35)),(((46,((29,39),1)),(17,25)),4)),23)),((31,61),52)),((((((18,26),36),43),(66,60)),((7,8),(27,34))),(((14,37),28),24))),(((((58,2),57),((((20,56),(63,(42,3))),21),48)),((53,15),13)),((((49,64),47),((62,6),16)),(30,33)))),((((((81,80),(((72,67),((74,79),77)),86)),((83,68),(91,88))),98),((((96,73),70),(((((((90,85),89),(92,76)),100),(99,75)),(((95,82),97),((87,71),84))),78)),(94,93))),69)),22),(9,10)),11),38);
#NNI moves:0/152
Remaining: 0
#NNI moves:0/152
#NNI moves:0/152
((((((((((((((((((67,72),(77,(74,79))),86),(80,81)),((91,88),(68,83))),98),(((((((((85,90),89),(92,76)),100),(75,99)),(((95,82),97),((71,87),84))),78),((96,73),70)),(94,93))),69),(22,((10,9),(11,38)))),(((((58,2),57),((((56,20),((3,42),63)),21),48)),((15,53),13)),(((47,(49,64)),((62,6),16)),(33,30)))),((((((18,26),36),43),(60,66)),((27,34),(7,8))),(((14,37),28),24))),((61,31),52)),(((55,((19,40),35)),(4,((46,(1,(29,39))),(17,25)))),23)),(((51,(54,41)),((12,44),65)),59)),45),50),5),32);
#NNI moves:0/152
Remaining: 0
#NNI moves:0/152
#NNI moves:0/152
((((((((47,(49,64)),(16,(6,62))),(30,33)),((((((20,56),((3,42),63)),21),48),(57,(2,58))),(13,(15,53)))),(((((66,60),((36,(26,18)),43)),((8,7),(34,27))),(((37,14),28),24)),(((((((25,17),(((29,39),1),46)),4),(55,((40,19),35))),23),((45,((5,32),50)),((((12,44),65),((54,41),51)),59))),(52,(31,61))))),((((((((75,99),((((85,90),89),(92,76)),100)),((84,(87,71)),((82,95),97))),78),(70,(96,73))),(94,93)),(((((((74,79),77),(72,67)),86),(80,81)),((68,83),(91,88))),98)),69)),((10,9),(38,11))),22);
Current score: 5.18919e+08
Current tree: ((38,((10,9),(((((((47,(49,64)),(16,(6,62))),(30,33)),((((((20,56),((3,42),63)),21),48),(57,(2,58))),(13,(15,53)))),(((((66,60),((36,(26,18)),43)),((8,7),(34,27))),(((37,14),28),24)),(((((((25,17),(((29,39),1),46)),4),(55,((40,19),35))),23),((45,((5,32),50)),((((12,44),65),((54,41),51)),59))),(52,(31,61))))),((((((((75,99),((((85,90),89),(92,76)),100)),((84,(87,71)),((82,95),97))),78),(70,(96,73))),(94,93)),(((((((74,79),77),(72,67)),86),(80,81)),((68,83),(91,88))),98)),69)),22))),11);
Final Tree: ((38,((10,9),(((((((47,(49,64)),(16,(6,62))),(30,33)),((((((20,56),((3,42),63)),21),48),(57,(2,58))),(13,(15,53)))),(((((66,60),((36,(26,18)),43)),((8,7),(34,27))),(((37,14),28),24)),(((((((25,17),(((29,39),1),46)),4),(55,((40,19),35))),23),((45,((5,32),50)),((((12,44),65),((54,41),51)),59))),(52,(31,61))))),((((((((75,99),((((85,90),89),(92,76)),100)),((84,(87,71)),((82,95),97))),78),(70,(96,73))),(94,93)),(((((((74,79),77),(72,67)),86),(80,81)),((68,83),(91,88))),98)),69)),22))),11);
#EqQuartets: 527732441
Score: 518918966
ASTRAL for PaRalogs and Orthologs III (ASTRAL-Pro3)
*** NOW with integrated CASTLES-Pro ***
Version: v1.22.3.6
Read 512 genetrees and found 100 species.
#Genetrees: 995
#Duploss: 28524
#Species: 100
#Rounds: 4
#Samples: 4
#Threads: 1
Use two-step algorithm!
Guide Tree 0/16
#NNI moves:0/152
Guide Tree 1/16
#NNI moves:0/152
Guide Tree 2/16
#NNI moves:0/152
Guide Tree 3/16
#NNI moves:0/152
Guide Tree 4/16
#NNI moves:0/152
Guide Tree 5/16
#NNI moves:0/152
Guide Tree 6/16
#NNI moves:0/152
Guide Tree 7/16
#NNI moves:0/152
Guide Tree 8/16
#NNI moves:0/152
Guide Tree 9/16
#NNI moves:0/152
Guide Tree 10/16
#NNI moves:0/152
Guide Tree 11/16
#NNI moves:0/152
Guide Tree 12/16
#NNI moves:0/152
Guide Tree 13/16
#NNI moves:0/152
Guide Tree 14/16
#NNI moves:0/152
Guide Tree 15/16
#NNI moves:0/152
Remaining: 0
#NNI moves:0/152
#NNI moves:0/152
(((((((((((((55,67),39),78),84),(86,75)),(((45,40),(46,51)),(71,(57,74)))),58),(((((((52,70),(48,(65,61))),80),43),((91,((47,49),38)),94)),54),((90,76),83))),(((((((89,92),(88,37)),((41,81),69)),(((64,56),87),(53,60))),(85,42)),((73,95),(66,(82,96)))),(((50,98),(((44,72),36),63)),((((79,68),100),59),77)))),(((((20,22),(11,((9,17),(32,15)))),(((13,19),((12,21),23)),(6,34))),(((29,24),16),28)),((((7,27),(30,(((14,4),1),(33,31)))),(3,(8,2))),(((26,5),(10,25)),(18,35))))),97),(62,99)),93);
Guide Tree 0/16
#NNI moves:0/152
Guide Tree 1/16
#NNI moves:0/152
Guide Tree 2/16
#NNI moves:0/152
Guide Tree 3/16
#NNI moves:0/152
Guide Tree 4/16
#NNI moves:0/152
Guide Tree 5/16
#NNI moves:0/152
Guide Tree 6/16
#NNI moves:0/152
Guide Tree 7/16
#NNI moves:0/152
Guide Tree 8/16
#NNI moves:0/152
Guide Tree 9/16
#NNI moves:0/152
Guide Tree 10/16
#NNI moves:0/152
Guide Tree 11/16
#NNI moves:0/152
Guide Tree 12/16
#NNI moves:0/152
Guide Tree 13/16
#NNI moves:0/152
Guide Tree 14/16
#NNI moves:0/152
Guide Tree 15/16
#NNI moves:0/152
Remaining: 0
#NNI moves:0/152
#NNI moves:0/152
((((((((((((((61,65),48),(52,70)),80),43),((((49,47),38),91),94)),54),(83,(76,90))),(((((51,46),(45,40)),(71,(57,74))),((86,75),(((39,(55,67)),78),84))),58)),(((((((89,92),(37,88)),(69,(81,41))),(((56,64),87),(53,60))),(85,42)),((95,73),((82,96),66))),(((50,98),((36,(44,72)),63)),(((100,(68,79)),59),77)))),((((((23,(12,21)),(13,19)),(34,6)),((((15,32),(9,17)),11),(20,22))),(((24,29),16),28)),((((((33,31),(1,(4,14))),30),(27,7)),(3,(2,8))),((18,35),((5,26),(10,25)))))),97),(62,99)),93);
Guide Tree 0/16
#NNI moves:0/152
Guide Tree 1/16
#NNI moves:0/152
Guide Tree 2/16
#NNI moves:0/152
Guide Tree 3/16
#NNI moves:0/152
Guide Tree 4/16
#NNI moves:0/152
Guide Tree 5/16
#NNI moves:0/152
Guide Tree 6/16
#NNI moves:0/152
Guide Tree 7/16
#NNI moves:0/152
Guide Tree 8/16
#NNI moves:0/152
Guide Tree 9/16
#NNI moves:0/152
Guide Tree 10/16
#NNI moves:0/152
Guide Tree 11/16
#NNI moves:0/152
Guide Tree 12/16
#NNI moves:0/152
Guide Tree 13/16
#NNI moves:0/152
Guide Tree 14/16
#NNI moves:0/152
Guide Tree 15/16
#NNI moves:0/152
Remaining: 0
#NNI moves:0/152
#NNI moves:0/152
(((((((((((53,60),(87,(64,56))),(((88,37),(92,89)),((41,81),69))),(85,42)),((66,(82,96)),(95,73))),(((((79,68),100),59),77),((((72,44),36),63),(98,50)))),((((((((47,49),38),91),94),(43,(((70,52),((61,65),48)),80))),54),((76,90),83)),(((((51,46),(45,40)),((57,74),71)),(((((55,67),39),78),84),(75,86))),58))),((((((13,19),(23,(12,21))),(34,6)),((((9,17),(32,15)),11),(22,20))),(28,((29,24),16))),((((((31,33),((4,14),1)),30),(7,27)),(3,(2,8))),((35,18),((26,5),(25,10)))))),97),(62,99)),93);
Guide Tree 0/16
#NNI moves:0/152
Guide Tree 1/16
#NNI moves:0/152
Guide Tree 2/16
#NNI moves:0/152
Guide Tree 3/16
#NNI moves:0/152
Guide Tree 4/16
#NNI moves:0/152
Guide Tree 5/16
#NNI moves:0/152
Guide Tree 6/16
#NNI moves:0/152
Guide Tree 7/16
#NNI moves:0/152
Guide Tree 8/16
#NNI moves:0/152
Guide Tree 9/16
#NNI moves:0/152
Guide Tree 10/16
#NNI moves:0/152
Guide Tree 11/16
#NNI moves:0/152
Guide Tree 12/16
#NNI moves:0/152
Guide Tree 13/16
#NNI moves:0/152
Guide Tree 14/16
#NNI moves:0/152
Guide Tree 15/16
#NNI moves:0/152
Remaining: 0
#NNI moves:0/152
#NNI moves:0/152
((((((((((((((65,61),48),(70,52)),80),43),(94,((38,(47,49)),91))),54),((90,76),83)),((((71,(74,57)),((40,45),(46,51))),((((39,(55,67)),78),84),(86,75))),58)),((((((87,(64,56)),(53,60)),(((81,41),69),((89,92),(37,88)))),(85,42)),(((96,82),66),(95,73))),((((100,(68,79)),59),77),((98,50),(((44,72),36),63))))),(((((((17,9),(32,15)),11),(20,22)),(((19,13),((21,12),23)),(6,34))),(((29,24),16),28)),(((3,(2,8)),((((33,31),((14,4),1)),30),(7,27))),((18,35),((26,5),(25,10)))))),97),(62,99)),93);
Initial score: 5.95751e+08
Initial tree: ((((((((((((((65,61),48),(70,52)),80),43),(94,((38,(47,49)),91))),54),((90,76),83)),((((71,(74,57)),((40,45),(46,51))),((((39,(55,67)),78),84),(86,75))),58)),((((((87,(64,56)),(53,60)),(((81,41),69),((89,92),(37,88)))),(85,42)),(((96,82),66),(95,73))),((((100,(68,79)),59),77),((98,50),(((44,72),36),63))))),(((((((17,9),(32,15)),11),(20,22)),(((19,13),((21,12),23)),(6,34))),(((29,24),16),28)),(((3,(2,8)),((((33,31),((14,4),1)),30),(7,27))),((18,35),((26,5),(25,10)))))),97),(62,99)),93);
*** Subsample Process ***
Use two-step algorithm!
#NNI moves:0/152
Remaining: 0
#NNI moves:0/152
#NNI moves:0/152
((((((((((((((19,13),((12,21),23)),(6,34)),((20,22),(((32,15),(9,17)),11))),(28,(16,(29,24)))),((((27,7),((((4,14),1),(31,33)),30)),((8,2),3)),(((26,5),(25,10)),(18,35)))),(((62,99),93),97)),((((50,98),(63,(36,(44,72)))),(77,(((68,79),100),59))),(((42,85),(((87,(56,64)),(60,53)),(((92,89),(37,88)),((81,41),69)))),(((82,96),66),(95,73))))),(((((((55,67),39),78),84),(75,86)),(((40,45),(46,51)),((57,74),71))),58)),((76,90),83)),54),(94,(91,((49,47),38)))),(((52,70),((61,65),48)),80)),43);
#NNI moves:0/152
Remaining: 0
#NNI moves:0/152
#NNI moves:0/152
(((((((((((((92,89),(37,88)),(69,(41,81))),(((64,56),87),(60,53))),(85,42)),(((96,82),66),(95,73))),(((98,50),(((72,44),36),63)),((((79,68),100),59),77))),((((((((52,70),(48,(61,65))),80),43),((91,((49,47),38)),94)),54),(83,(76,90))),((((84,((39,(67,55)),78)),(86,75)),(((51,46),(40,45)),((74,57),71))),58))),((((((13,19),((21,12),23)),(6,34)),((((32,15),(9,17)),11),(22,20))),(28,(16,(24,29)))),((((26,5),(25,10)),(18,35)),((3,(2,8)),(((((4,14),1),(31,33)),30),(27,7)))))),97),93),99),62);
#NNI moves:0/152
Remaining: 0
#NNI moves:0/152
#NNI moves:0/152
(((((((((((((((((70,52),(48,(61,65))),80),43),(94,(((47,49),38),91))),54),(83,(76,90))),(((((((67,55),39),78),84),(75,86)),(((46,51),(40,45)),((57,74),71))),58)),((((((((15,32),(9,17)),11),(22,20)),(((19,13),(23,(21,12))),(6,34))),(((29,24),16),28)),((((26,5),(25,10)),(18,35)),((((((14,4),1),(31,33)),30),(27,7)),((2,8),3)))),(97,(93,(62,99))))),(((50,98),((36,(72,44)),63)),((((79,68),100),59),77))),(((96,82),66),(95,73))),(42,85)),(((56,64),87),(53,60))),((41,81),69)),(37,88)),89),92);
#NNI moves:0/152
Remaining: 0
#NNI moves:0/152
#NNI moves:0/152
((((((((((((((50,98),(((44,72),36),63)),((((68,79),100),59),77)),((((((64,56),87),(53,60)),(((88,37),(92,89)),((81,41),69))),(85,42)),((66,(96,82)),(73,95)))),((((((((55,67),39),78),84),(86,75)),(((74,57),71),((51,46),(40,45)))),58),((((((((65,61),48),(52,70)),80),43),((((47,49),38),91),94)),54),((90,76),83)))),(97,((99,62),93))),(((35,18),((10,25),(5,26))),(((30,(((14,4),1),(33,31))),(27,7)),((8,2),3)))),(((24,29),16),28)),((6,34),(((12,21),23),(19,13)))),(20,22)),11),(32,15)),17),9);
Current score: 5.95751e+08
Current tree: (((99,62),(97,((((((50,98),(((44,72),36),63)),((((68,79),100),59),77)),((((((64,56),87),(53,60)),(((88,37),(92,89)),((81,41),69))),(85,42)),((66,(96,82)),(73,95)))),((((((((55,67),39),78),84),(86,75)),(((74,57),71),((51,46),(40,45)))),58),((((((((65,61),48),(52,70)),80),43),((((47,49),38),91),94)),54),((90,76),83)))),((((35,18),((10,25),(5,26))),(((30,(((14,4),1),(33,31))),(27,7)),((8,2),3))),((((24,29),16),28),(((6,34),(((12,21),23),(19,13))),((20,22),(11,((32,15),(17,9)))))))))),93);
Final Tree: (((99,62),(97,((((((50,98),(((44,72),36),63)),((((68,79),100),59),77)),((((((64,56),87),(53,60)),(((88,37),(92,89)),((81,41),69))),(85,42)),((66,(96,82)),(73,95)))),((((((((55,67),39),78),84),(86,75)),(((74,57),71),((51,46),(40,45)))),58),((((((((65,61),48),(52,70)),80),43),((((47,49),38),91),94)),54),((90,76),83)))),((((35,18),((10,25),(5,26))),(((30,(((14,4),1),(33,31))),(27,7)),((8,2),3))),((((24,29),16),28),(((6,34),(((12,21),23),(19,13))),((20,22),(11,((32,15),(17,9)))))))))),93);
#EqQuartets: 600960037
Score: 595750811
ASTRAL for PaRalogs and Orthologs III (ASTRAL-Pro3)
*** NOW with integrated CASTLES-Pro ***
Version: v1.22.3.6
Read 512 genetrees and found 100 species.
#Genetrees: 999
#Duploss: 24205
#Species: 100
#Rounds: 4
#Samples: 4
#Threads: 1
Use two-step algorithm!
Guide Tree 0/16
#NNI moves:0/152
Guide Tree 1/16
#NNI moves:0/152
Guide Tree 2/16
#NNI moves:0/152
Guide Tree 3/16
#NNI moves:0/152
Guide Tree 4/16
#NNI moves:0/152
Guide Tree 5/16
#NNI moves:0/152
Guide Tree 6/16
#NNI moves:0/152
Guide Tree 7/16
#NNI moves:0/152
Guide Tree 8/16
#NNI moves:0/152
Guide Tree 9/16
#NNI moves:0/152
Guide Tree 10/16
#NNI moves:0/152
Guide Tree 11/16
#NNI moves:0/152
Guide Tree 12/16
#NNI moves:0/152
Guide Tree 13/16
#NNI moves:0/152
Guide Tree 14/16
#NNI moves:0/152
Guide Tree 15/16
#NNI moves:0/152
Remaining: 0
#NNI moves:0/152
#NNI moves:0/152
((((((((((((((((((45,(((38,5),20),11)),27),39),34),(40,13)),2),33),(23,42)),((32,19),((16,43),7))),(22,18)),(((36,(25,12)),(9,(28,14))),(((6,1),(((((37,17),8),35),29),31)),(((((((15,24),(3,41)),21),4),10),(30,26)),44)))),((((((83,69),87),(96,58)),46),84),(((68,90),82),75))),(((60,(98,48)),(53,72)),(((91,((79,67),57)),70),(((62,49),55),73)))),(76,93)),(((((((85,(94,63)),77),((47,100),(51,64))),((95,52),50)),56),(88,71)),(((80,(99,(86,97))),(65,61)),(59,(54,66))))),74),((78,89),81)),92);
Guide Tree 0/16
#NNI moves:0/152
Guide Tree 1/16
#NNI moves:0/152
Guide Tree 2/16
#NNI moves:0/152
Guide Tree 3/16
#NNI moves:0/152
Guide Tree 4/16
#NNI moves:0/152
Guide Tree 5/16
#NNI moves:0/152
Guide Tree 6/16
#NNI moves:0/152
Guide Tree 7/16
#NNI moves:0/152
Guide Tree 8/16
#NNI moves:0/152
Guide Tree 9/16
#NNI moves:0/152
Guide Tree 10/16
#NNI moves:0/152
Guide Tree 11/16
#NNI moves:0/152
Guide Tree 12/16
#NNI moves:0/152
Guide Tree 13/16
#NNI moves:0/152
Guide Tree 14/16
#NNI moves:0/152
Guide Tree 15/16
#NNI moves:0/152
Remaining: 0
#NNI moves:0/152
#NNI moves:0/152
((((((((((((31,((((37,17),8),35),29)),(1,6)),(((((21,((3,41),(24,15))),4),10),(26,30)),44)),(((28,14),9),((12,25),36))),((((((((((45,(11,((38,5),20))),27),39),34),(13,40)),2),33),(23,42)),((32,19),(7,(43,16)))),(18,22))),((((((69,83),87),(58,96)),46),84),(((90,68),82),75))),((((55,(49,62)),73),(((57,(67,79)),91),70)),((60,(48,98)),(72,53)))),(76,93)),((((((97,86),99),80),(61,65)),((66,54),59)),((((((64,51),(100,47)),(((94,63),85),77)),(50,(95,52))),56),(88,71)))),74),((78,89),81)),92);
Guide Tree 0/16
#NNI moves:0/152
Guide Tree 1/16
#NNI moves:0/152
Guide Tree 2/16
#NNI moves:0/152
Guide Tree 3/16
#NNI moves:0/152
Guide Tree 4/16
#NNI moves:0/152
Guide Tree 5/16
#NNI moves:0/152
Guide Tree 6/16
#NNI moves:0/152
Guide Tree 7/16
#NNI moves:0/152
Guide Tree 8/16
#NNI moves:0/152
Guide Tree 9/16
#NNI moves:0/152
Guide Tree 10/16
#NNI moves:0/152
Guide Tree 11/16
#NNI moves:0/152
Guide Tree 12/16
#NNI moves:0/152
Guide Tree 13/16
#NNI moves:0/152
Guide Tree 14/16
#NNI moves:0/152
Guide Tree 15/16
#NNI moves:0/152
Remaining: 0
#NNI moves:0/152
#NNI moves:0/152
((((((((((((((((39,(((((5,38),20),11),45),27)),34),(40,13)),2),33),(42,23)),((19,32),((16,43),7))),(18,22)),((((((((37,17),8),35),29),31),(1,6)),((((4,(((15,24),(3,41)),21)),10),(26,30)),44)),((9,(14,28)),((25,12),36)))),((75,(82,(68,90))),(84,(((96,58),((69,83),87)),46)))),((((((79,67),57),91),70),((55,(62,49)),73)),((72,53),((48,98),60)))),(93,76)),((((((97,86),99),80),(65,61)),((66,54),59)),(((((95,52),50),(((85,(94,63)),77),((100,47),(51,64)))),56),(71,88)))),74),((78,89),81)),92);
Guide Tree 0/16
#NNI moves:0/152
Guide Tree 1/16
#NNI moves:0/152
Guide Tree 2/16
#NNI moves:0/152
Guide Tree 3/16
#NNI moves:0/152
Guide Tree 4/16
#NNI moves:0/152
Guide Tree 5/16
#NNI moves:0/152
Guide Tree 6/16
#NNI moves:0/152
Guide Tree 7/16
#NNI moves:0/152
Guide Tree 8/16
#NNI moves:0/152
Guide Tree 9/16
#NNI moves:0/152
Guide Tree 10/16
#NNI moves:0/152
Guide Tree 11/16
#NNI moves:0/152
Guide Tree 12/16
#NNI moves:0/152
Guide Tree 13/16
#NNI moves:0/152
Guide Tree 14/16
#NNI moves:0/152
Guide Tree 15/16
#NNI moves:0/152
Remaining: 0
#NNI moves:0/152
#NNI moves:0/152
((((((((((((((((17,37),8),35),29),31),(6,1)),(((((21,((15,24),(41,3))),4),10),(30,26)),44)),(((14,28),9),(36,(25,12)))),(((((43,16),7),(32,19)),((33,(((13,40),(((((((38,5),20),11),45),27),39),34)),2)),(23,42))),(22,18))),(((82,(68,90)),75),((((58,96),(87,(69,83))),46),84))),(((((62,49),55),73),((((67,79),57),91),70)),(((48,98),60),(72,53)))),(93,76)),((((((((63,94),85),77),((100,47),(64,51))),((95,52),50)),56),(88,71)),((((99,(86,97)),80),(61,65)),(59,(66,54))))),74),(81,(78,89))),92);
Initial score: 5.92437e+08
Initial tree: ((((((((((((((((17,37),8),35),29),31),(6,1)),(((((21,((15,24),(41,3))),4),10),(30,26)),44)),(((14,28),9),(36,(25,12)))),(((((43,16),7),(32,19)),((33,(((13,40),(((((((38,5),20),11),45),27),39),34)),2)),(23,42))),(22,18))),(((82,(68,90)),75),((((58,96),(87,(69,83))),46),84))),(((((62,49),55),73),((((67,79),57),91),70)),(((48,98),60),(72,53)))),(93,76)),((((((((63,94),85),77),((100,47),(64,51))),((95,52),50)),56),(88,71)),((((99,(86,97)),80),(61,65)),(59,(66,54))))),74),(81,(78,89))),92);
*** Subsample Process ***
Use two-step algorithm!
#NNI moves:0/152
Remaining: 0
#NNI moves:0/152
#NNI moves:0/152
((((((((((((((((((((((94,63),85),77),((51,64),(47,100))),((95,52),50)),56),(71,88)),((59,(66,54)),(((99,(97,86)),80),(61,65)))),(74,(((89,78),81),92))),(93,76)),(((((62,49),55),73),((91,(57,(67,79))),70)),((72,53),(60,(98,48))))),(((46,((87,(69,83)),(96,58))),84),((82,(90,68)),75))),((((((((((((20,(38,5)),11),45),27),39),34),(40,13)),2),33),(42,23)),((19,32),((43,16),7))),(18,22))),(((25,12),36),(9,(14,28)))),(((((((3,41),(24,15)),21),4),10),(26,30)),44)),(6,1)),31),29),35),8),37),17);
#NNI moves:0/152
Remaining: 0
#NNI moves:0/152
#NNI moves:0/152
(((((((((((19,32),(7,(16,43))),(((((13,40),(((((((5,38),20),11),45),27),39),34)),2),33),(42,23))),(18,22)),(((((29,(((37,17),8),35)),31),(6,1)),(((10,((((3,41),(15,24)),21),4)),(30,26)),44)),(((25,12),36),(9,(14,28))))),(((((58,96),((69,83),87)),46),84),(((68,90),82),75))),(((((49,62),55),73),((91,(57,(79,67))),70)),((60,(98,48)),(72,53)))),(93,76)),((((((((63,94),85),77),((47,100),(51,64))),(50,(52,95))),56),(88,71)),(((54,66),59),((80,((97,86),99)),(65,61))))),(((78,89),81),92)),74);
#NNI moves:0/152
Remaining: 0
#NNI moves:0/152
#NNI moves:0/152
(((((((((((((49,62),55),73),(70,(((79,67),57),91))),(((98,48),60),(53,72))),((((((((52,95),50),(((100,47),(51,64)),((85,(63,94)),77))),56),(71,88)),(((80,((97,86),99)),(61,65)),((66,54),59))),((92,((78,89),81)),74)),(93,76))),((((90,68),82),75),((((58,96),((69,83),87)),46),84))),((((((((17,37),8),35),29),31),(6,1)),(((30,26),(10,((((3,41),(24,15)),21),4))),44)),(((25,12),36),((28,14),9)))),(22,18)),((((((((45,(11,((5,38),20))),27),39),34),(13,40)),2),33),(23,42))),((16,43),7)),32),19);
#NNI moves:0/152
Remaining: 0
#NNI moves:0/152
#NNI moves:0/152
(((((((((((((((((((45,(((38,5),20),11)),27),39),34),(13,40)),2),33),(42,23)),(((43,16),7),(19,32))),(22,18)),((((((35,(8,(17,37))),29),31),(6,1)),(44,((((((41,3),(15,24)),21),4),10),(30,26)))),((9,(28,14)),((12,25),36)))),((((68,90),82),75),((((58,96),((83,69),87)),46),84))),((((55,(62,49)),73),((((79,67),57),91),70)),((72,53),((98,48),60)))),(76,93)),(((((((64,51),(100,47)),((85,(94,63)),77)),((95,52),50)),56),(71,88)),(((80,((86,97),99)),(65,61)),(59,(66,54))))),74),92),(89,78)),81);
Current score: 5.92437e+08
Current tree: ((((((((((((((((((45,(((38,5),20),11)),27),39),34),(13,40)),2),33),(42,23)),(((43,16),7),(19,32))),(22,18)),((((((35,(8,(17,37))),29),31),(6,1)),(44,((((((41,3),(15,24)),21),4),10),(30,26)))),((9,(28,14)),((12,25),36)))),((((68,90),82),75),((((58,96),((83,69),87)),46),84))),((((55,(62,49)),73),((((79,67),57),91),70)),((72,53),((98,48),60)))),(76,93)),(((((((64,51),(100,47)),((85,(94,63)),77)),((95,52),50)),56),(71,88)),(((80,((86,97),99)),(65,61)),(59,(66,54))))),74),((89,78),81)),92);
Final Tree: ((((((((((((((((((45,(((38,5),20),11)),27),39),34),(13,40)),2),33),(42,23)),(((43,16),7),(19,32))),(22,18)),((((((35,(8,(17,37))),29),31),(6,1)),(44,((((((41,3),(15,24)),21),4),10),(30,26)))),((9,(28,14)),((12,25),36)))),((((68,90),82),75),((((58,96),((83,69),87)),46),84))),((((55,(62,49)),73),((((79,67),57),91),70)),((72,53),((98,48),60)))),(76,93)),(((((((64,51),(100,47)),((85,(94,63)),77)),((95,52),50)),56),(71,88)),(((80,((86,97),99)),(65,61)),(59,(66,54))))),74),((89,78),81)),92);
#EqQuartets: 598449421
Score: 592436761
ASTRAL for PaRalogs and Orthologs III (ASTRAL-Pro3)
*** NOW with integrated CASTLES-Pro ***
Version: v1.22.3.6
Read 512 genetrees and found 100 species.
#Genetrees: 998
#Duploss: 29910
#Species: 100
#Rounds: 4
#Samples: 4
#Threads: 1
Use two-step algorithm!
Guide Tree 0/16
#NNI moves:0/152
Guide Tree 1/16
#NNI moves:0/152
Guide Tree 2/16
#NNI moves:0/152
Guide Tree 3/16
#NNI moves:0/152
Guide Tree 4/16
#NNI moves:0/152
Guide Tree 5/16
#NNI moves:0/152
Guide Tree 6/16
#NNI moves:0/152
Guide Tree 7/16
#NNI moves:0/152
Guide Tree 8/16
#NNI moves:0/152
Guide Tree 9/16
#NNI moves:0/152
Guide Tree 10/16
#NNI moves:0/152
Guide Tree 11/16
#NNI moves:0/152
Guide Tree 12/16
#NNI moves:0/152
Guide Tree 13/16
#NNI moves:0/152
Guide Tree 14/16
#NNI moves:0/152
Guide Tree 15/16
#NNI moves:0/152
Remaining: 0
#NNI moves:0/152
#NNI moves:0/152
(((((((((((((((((((75,(60,79)),(67,94)),(100,46)),(((80,51),90),99)),62),(((95,(78,(53,93))),89),86)),((70,(((48,72),(88,76)),84)),(69,91))),(((82,((65,77),83)),((58,81),(((63,87),73),49))),((((52,59),45),(92,97)),64))),(((((96,(54,((71,56),44))),(((98,66),47),(50,57))),61),((55,85),68)),74)),(20,36)),((40,7),(11,31))),((((((((((15,(32,42)),14),24),8),34),37),(((25,(27,28)),16),30)),38),(((2,29),13),(4,19))),17)),((((22,(6,9)),39),12),3)),26),((5,(23,21)),41)),((33,10),35)),18),43),1);
Guide Tree 0/16
#NNI moves:0/152
Guide Tree 1/16
#NNI moves:0/152
Guide Tree 2/16
#NNI moves:0/152
Guide Tree 3/16
#NNI moves:0/152
Guide Tree 4/16
#NNI moves:0/152
Guide Tree 5/16
#NNI moves:0/152
Guide Tree 6/16
#NNI moves:0/152
Guide Tree 7/16
#NNI moves:0/152
Guide Tree 8/16
#NNI moves:0/152
Guide Tree 9/16
#NNI moves:0/152
Guide Tree 10/16
#NNI moves:0/152
Guide Tree 11/16
#NNI moves:0/152
Guide Tree 12/16
#NNI moves:0/152
Guide Tree 13/16
#NNI moves:0/152
Guide Tree 14/16
#NNI moves:0/152
Guide Tree 15/16
#NNI moves:0/152
Remaining: 0
#NNI moves:0/152
#NNI moves:0/152
(((((((((((((((((((75,(60,79)),(94,67)),(46,100)),(((51,80),90),99)),62),((89,(((93,53),78),95)),86)),(((((76,88),(48,72)),84),70),(69,91))),((64,(((59,52),45),(92,97))),((((65,77),83),82),((((87,63),73),49),(81,58))))),(((61,((96,(((56,71),44),54)),(((66,98),47),(50,57)))),((55,85),68)),74)),(20,36)),((31,11),(7,40))),((((((16,((28,27),25)),30),(((((((32,42),15),14),24),8),34),37)),38),((19,4),(13,(2,29)))),17)),(((((9,6),22),39),12),3)),26),(((21,23),5),41)),((33,10),35)),18),43),1);
Guide Tree 0/16
#NNI moves:0/152
Guide Tree 1/16
#NNI moves:0/152
Guide Tree 2/16
#NNI moves:0/152
Guide Tree 3/16
#NNI moves:0/152
Guide Tree 4/16
#NNI moves:0/152
Guide Tree 5/16
#NNI moves:0/152
Guide Tree 6/16
#NNI moves:0/152
Guide Tree 7/16
#NNI moves:0/152
Guide Tree 8/16
#NNI moves:0/152
Guide Tree 9/16
#NNI moves:0/152
Guide Tree 10/16
#NNI moves:0/152
Guide Tree 11/16
#NNI moves:0/152
Guide Tree 12/16
#NNI moves:0/152
Guide Tree 13/16
#NNI moves:0/152
Guide Tree 14/16
#NNI moves:0/152
Guide Tree 15/16
#NNI moves:0/152
Remaining: 0
#NNI moves:0/152
#NNI moves:0/152
((((((((((((((((((100,46),(((79,60),75),(94,67))),(99,(90,(51,80)))),62),(((((53,93),78),95),89),86)),((69,91),(70,(84,((76,88),(48,72)))))),((64,(((52,59),45),(97,92))),(((49,(73,(63,87))),(58,81)),(((77,65),83),82)))),((((((47,(98,66)),(57,50)),((((71,56),44),54),96)),61),((55,85),68)),74)),(20,36)),((7,40),(31,11))),((((((((27,28),25),16),30),((34,(8,((((42,32),15),14),24))),37)),38),(((2,29),13),(4,19))),17)),(((((9,6),22),39),12),3)),26),(((21,23),5),41)),((10,33),35)),18),43),1);
Guide Tree 0/16
#NNI moves:0/152
Guide Tree 1/16
#NNI moves:0/152
Guide Tree 2/16
#NNI moves:0/152
Guide Tree 3/16
#NNI moves:0/152
Guide Tree 4/16
#NNI moves:0/152
Guide Tree 5/16
#NNI moves:0/152
Guide Tree 6/16
#NNI moves:0/152
Guide Tree 7/16
#NNI moves:0/152
Guide Tree 8/16
#NNI moves:0/152
Guide Tree 9/16
#NNI moves:0/152
Guide Tree 10/16
#NNI moves:0/152
Guide Tree 11/16
#NNI moves:0/152
Guide Tree 12/16
#NNI moves:0/152
Guide Tree 13/16
#NNI moves:0/152
Guide Tree 14/16
#NNI moves:0/152
Guide Tree 15/16
#NNI moves:0/152
Remaining: 0
#NNI moves:0/152
#NNI moves:0/152
((((((((((((((((83,(77,65)),82),((49,((87,63),73)),(81,58))),((((52,59),45),(92,97)),64)),(((91,69),((84,((76,88),(72,48))),70)),((((((93,53),78),95),89),86),((((46,100),((67,94),(75,(60,79)))),(((80,51),90),99)),62)))),((((((47,(98,66)),(50,57)),(((44,(71,56)),54),96)),61),((55,85),68)),74)),(36,20)),((31,11),(40,7))),((((13,(2,29)),(19,4)),(((30,(((27,28),25),16)),(((8,((14,(15,(32,42))),24)),34),37)),38)),17)),(((39,((6,9),22)),12),3)),26),(((23,21),5),41)),((10,33),35)),18),43),1);
Initial score: 5.07417e+08
Initial tree: ((((((((((((((((83,(77,65)),82),((49,((87,63),73)),(81,58))),((((52,59),45),(92,97)),64)),(((91,69),((84,((76,88),(72,48))),70)),((((((93,53),78),95),89),86),((((46,100),((67,94),(75,(60,79)))),(((80,51),90),99)),62)))),((((((47,(98,66)),(50,57)),(((44,(71,56)),54),96)),61),((55,85),68)),74)),(36,20)),((31,11),(40,7))),((((13,(2,29)),(19,4)),(((30,(((27,28),25),16)),(((8,((14,(15,(32,42))),24)),34),37)),38)),17)),(((39,((6,9),22)),12),3)),26),(((23,21),5),41)),((10,33),35)),18),43),1);
*** Subsample Process ***
Use two-step algorithm!
#NNI moves:0/152
Remaining: 0
#NNI moves:0/152
#NNI moves:0/152
(((((((((((((((((23,21),5),41),((18,(43,1)),((10,33),35))),26),((12,(39,((6,9),22))),3)),(((((2,29),13),(4,19)),((((((27,28),25),16),30),((((((15,(42,32)),14),24),8),34),37)),38)),17)),((7,40),(31,11))),(20,36)),((((85,55),68),((((47,(66,98)),(50,57)),((((71,56),44),54),96)),61)),74)),(((((((75,(60,79)),(94,67)),(100,46)),((90,(51,80)),99)),62),(((((53,93),78),95),89),86)),(((((48,72),(76,88)),84),70),(69,91)))),(((45,(59,52)),(92,97)),64)),((49,(73,(63,87))),(58,81))),82),83),77),65);
#NNI moves:0/152
Remaining: 0
#NNI moves:0/152
#NNI moves:0/152
((((((((((((((((73,(87,63)),49),(58,81)),((83,(65,77)),82)),(64,((45,(59,52)),(97,92)))),((((((46,100),(((79,60),75),(94,67))),(99,(90,(80,51)))),62),(((((53,93),78),95),89),86)),(((84,((48,72),(88,76))),70),(69,91)))),((((((((71,56),44),54),96),(((98,66),47),(50,57))),61),((55,85),68)),74)),(36,20)),((31,11),(40,7))),(((((((25,(27,28)),16),30),((((((15,(32,42)),14),24),8),34),37)),38),((4,19),(13,(29,2)))),17)),((12,(((9,6),22),39)),3)),26),(41,((23,21),5))),(35,(33,10))),(43,1)),18);
#NNI moves:0/152
Remaining: 0
#NNI moves:0/152
#NNI moves:0/152
((((((((((((((41,((23,21),5)),(((33,10),35),((1,43),18))),26),((12,(((6,9),22),39)),3)),(((((30,((25,(28,27)),16)),(((((((42,32),15),14),24),8),34),37)),38),(((29,2),13),(4,19))),17)),((31,11),(40,7))),(36,20)),((((((((71,56),44),54),96),(((66,98),47),(50,57))),61),((85,55),68)),74)),(((((((75,(79,60)),(67,94)),(46,100)),(((51,80),90),99)),62),((89,(95,((53,93),78))),86)),(((((88,76),(48,72)),84),70),(69,91)))),((((52,59),45),(97,92)),64)),(((77,65),83),82)),(81,58)),(73,(87,63))),49);
#NNI moves:0/152
Remaining: 0
#NNI moves:0/152
#NNI moves:0/152
(((((((((((((((((((75,(60,79)),(67,94)),(46,100)),(((80,51),90),99)),62),(86,((95,(78,(53,93))),89))),((69,91),((84,((72,48),(88,76))),70))),(((82,((65,77),83)),((58,81),(((63,87),73),49))),(((45,(52,59)),(92,97)),64))),(((((((98,66),47),(57,50)),(((44,(56,71)),54),96)),61),((55,85),68)),74)),(36,20)),((40,7),(11,31))),(((((2,29),13),(19,4)),((((((28,27),25),16),30),((34,(((14,((42,32),15)),24),8)),37)),38)),17)),(((((9,6),22),39),12),3)),26),(((23,21),5),41)),(18,(43,1))),35),10),33);
Current score: 5.07417e+08
Current tree: ((43,(18,((((((((((((((((75,(60,79)),(67,94)),(46,100)),(((80,51),90),99)),62),(86,((95,(78,(53,93))),89))),((69,91),((84,((72,48),(88,76))),70))),(((82,((65,77),83)),((58,81),(((63,87),73),49))),(((45,(52,59)),(92,97)),64))),(((((((98,66),47),(57,50)),(((44,(56,71)),54),96)),61),((55,85),68)),74)),(36,20)),((40,7),(11,31))),(((((2,29),13),(19,4)),((((((28,27),25),16),30),((34,(((14,((42,32),15)),24),8)),37)),38)),17)),(((((9,6),22),39),12),3)),26),(((23,21),5),41)),(35,(10,33))))),1);
Final Tree: ((43,(18,((((((((((((((((75,(60,79)),(67,94)),(46,100)),(((80,51),90),99)),62),(86,((95,(78,(53,93))),89))),((69,91),((84,((72,48),(88,76))),70))),(((82,((65,77),83)),((58,81),(((63,87),73),49))),(((45,(52,59)),(92,97)),64))),(((((((98,66),47),(57,50)),(((44,(56,71)),54),96)),61),((55,85),68)),74)),(36,20)),((40,7),(11,31))),(((((2,29),13),(19,4)),((((((28,27),25),16),30),((34,(((14,((42,32),15)),24),8)),37)),38)),17)),(((((9,6),22),39),12),3)),26),(((23,21),5),41)),(35,(10,33))))),1);
#EqQuartets: 509167711
Score: 507416785
