ASTRAL for PaRalogs and Orthologs III (ASTRAL-Pro3)
*** NOW with integrated CASTLES-Pro ***
Version: v1.22.3.6
Read 512 genetrees and found 100 species.
#Genetrees: 999
#Duploss: 11698
#Species: 100
#Rounds: 4
#Samples: 4
#Threads: 1
Use two-step algorithm!
Guide Tree 0/16
#NNI moves:0/152
Guide Tree 1/16
#NNI moves:0/152
Guide Tree 2/16
#NNI moves:0/152
Guide Tree 3/16
#NNI moves:0/152
Guide Tree 4/16
#NNI moves:0/152
Guide Tree 5/16
#NNI moves:0/152
Guide Tree 6/16
#NNI moves:0/152
Guide Tree 7/16
#NNI moves:0/152
Guide Tree 8/16
#NNI moves:0/152
Guide Tree 9/16
#NNI moves:0/152
Guide Tree 10/16
#NNI moves:0/152
Guide Tree 11/16
#NNI moves:0/152
Guide Tree 12/16
#NNI moves:0/152
Guide Tree 13/16
#NNI moves:0/152
Guide Tree 14/16
#NNI moves:0/152
Guide Tree 15/16
#NNI moves:0/152
Remaining: 0
#NNI moves:0/152
#NNI moves:0/152
(((((((((((((((55,69),35),34),(70,(40,86))),(65,24)),(75,(79,(87,(90,21))))),(((((46,85),(22,48)),((74,73),(84,59))),(((80,((53,(56,26)),((29,(27,60)),45))),(((92,95),100),(43,13))),((64,72),78))),(98,54))),(((32,96),57),(49,89))),((((62,82),(88,81)),(((((28,66),(14,99)),83),61),(67,42))),(37,38))),((63,(19,58)),(((52,47),(31,25)),(20,93)))),(((4,5),2),(7,(((((1,11),8),(6,9)),10),(3,12))))),(((76,(68,15)),(51,18)),((39,17),(33,41)))),(((94,30),36),91)),(((16,71),(44,(50,23))),97)),77);
Guide Tree 0/16
#NNI moves:0/152
Guide Tree 1/16
#NNI moves:0/152
Guide Tree 2/16
#NNI moves:0/152
Guide Tree 3/16
#NNI moves:0/152
Guide Tree 4/16
#NNI moves:0/152
Guide Tree 5/16
#NNI moves:0/152
Guide Tree 6/16
#NNI moves:0/152
Guide Tree 7/16
#NNI moves:0/152
Guide Tree 8/16
#NNI moves:0/152
Guide Tree 9/16
#NNI moves:0/152
Guide Tree 10/16
#NNI moves:0/152
Guide Tree 11/16
#NNI moves:0/152
Guide Tree 12/16
#NNI moves:0/152
Guide Tree 13/16
#NNI moves:0/152
Guide Tree 14/16
#NNI moves:0/152
Guide Tree 15/16
#NNI moves:0/152
Remaining: 0
#NNI moves:0/152
#NNI moves:0/152
((((((((((((((86,40),70),((35,(69,55)),34)),(24,65)),((((90,21),87),79),75)),(((((74,73),(59,84)),((85,46),(22,48))),(((80,((45,((60,27),29)),(53,(56,26)))),((13,43),((95,92),100))),(78,(72,64)))),(54,98))),(((32,96),57),(89,49))),((37,38),(((82,62),(88,81)),(((((66,28),(14,99)),83),61),(42,67))))),(((93,20),((25,31),(47,52))),(63,(58,19)))),(((5,4),2),(((12,3),(((6,9),((1,11),8)),10)),7))),(((39,17),(41,33)),((18,51),(76,(68,15))))),(91,(36,(30,94)))),(((16,71),((23,50),44)),97)),77);
Guide Tree 0/16
#NNI moves:0/152
Guide Tree 1/16
#NNI moves:0/152
Guide Tree 2/16
#NNI moves:0/152
Guide Tree 3/16
#NNI moves:0/152
Guide Tree 4/16
#NNI moves:0/152
Guide Tree 5/16
#NNI moves:0/152
Guide Tree 6/16
#NNI moves:0/152
Guide Tree 7/16
#NNI moves:0/152
Guide Tree 8/16
#NNI moves:0/152
Guide Tree 9/16
#NNI moves:0/152
Guide Tree 10/16
#NNI moves:0/152
Guide Tree 11/16
#NNI moves:0/152
Guide Tree 12/16
#NNI moves:0/152
Guide Tree 13/16
#NNI moves:0/152
Guide Tree 14/16
#NNI moves:0/152
Guide Tree 15/16
#NNI moves:0/152
Remaining: 0
#NNI moves:0/152
#NNI moves:0/152
(((((((((((((((((29,(27,60)),45),((26,56),53)),80),(((95,92),100),(13,43))),((64,72),78)),(((74,73),(59,84)),((85,46),(48,22)))),(54,98)),(((24,65),(((86,40),70),((35,(69,55)),34))),(75,(79,(87,(21,90)))))),(((96,32),57),(49,89))),((38,37),((((((99,14),(28,66)),83),61),(67,42)),((62,82),(81,88))))),(((20,93),((31,25),(47,52))),((58,19),63))),((((((6,9),((1,11),8)),10),(3,12)),7),((5,4),2))),(((51,18),(76,(15,68))),((33,41),(17,39)))),(91,((94,30),36))),((((23,50),44),(16,71)),97)),77);
Guide Tree 0/16
#NNI moves:0/152
Guide Tree 1/16
#NNI moves:0/152
Guide Tree 2/16
#NNI moves:0/152
Guide Tree 3/16
#NNI moves:0/152
Guide Tree 4/16
#NNI moves:0/152
Guide Tree 5/16
#NNI moves:0/152
Guide Tree 6/16
#NNI moves:0/152
Guide Tree 7/16
#NNI moves:0/152
Guide Tree 8/16
#NNI moves:0/152
Guide Tree 9/16
#NNI moves:0/152
Guide Tree 10/16
#NNI moves:0/152
Guide Tree 11/16
#NNI moves:0/152
Guide Tree 12/16
#NNI moves:0/152
Guide Tree 13/16
#NNI moves:0/152
Guide Tree 14/16
#NNI moves:0/152
Guide Tree 15/16
#NNI moves:0/152
Remaining: 0
#NNI moves:0/152
#NNI moves:0/152
((((((((((((((73,74),(84,59)),((22,48),(46,85))),(((72,64),78),(((13,43),(100,(92,95))),(((53,(56,26)),(45,(29,(60,27)))),80)))),(98,54)),((((34,(35,(55,69))),(70,(86,40))),(65,24)),(75,(((21,90),87),79)))),(((32,96),57),(49,89))),((((81,88),(62,82)),(((((28,66),(14,99)),83),61),(42,67))),(37,38))),((((47,52),(25,31)),(20,93)),((58,19),63))),((((((9,6),((1,11),8)),10),(3,12)),7),(2,(5,4)))),(((18,51),((15,68),76)),((41,33),(39,17)))),((36,(30,94)),91)),(((71,16),((50,23),44)),97)),77);
Initial score: 1.54274e+09
Initial tree: ((((((((((((((73,74),(84,59)),((22,48),(46,85))),(((72,64),78),(((13,43),(100,(92,95))),(((53,(56,26)),(45,(29,(60,27)))),80)))),(98,54)),((((34,(35,(55,69))),(70,(86,40))),(65,24)),(75,(((21,90),87),79)))),(((32,96),57),(49,89))),((((81,88),(62,82)),(((((28,66),(14,99)),83),61),(42,67))),(37,38))),((((47,52),(25,31)),(20,93)),((58,19),63))),((((((9,6),((1,11),8)),10),(3,12)),7),(2,(5,4)))),(((18,51),((15,68),76)),((41,33),(39,17)))),((36,(30,94)),91)),(((71,16),((50,23),44)),97)),77);
*** Subsample Process ***
Use two-step algorithm!
#NNI moves:0/152
Remaining: 0
#NNI moves:0/152
#NNI moves:0/152
(((((((((((((((51,18),((15,68),76)),((33,41),(17,39))),(((97,((71,16),((23,50),44))),77),((36,(94,30)),91))),((((((8,(11,1)),(9,6)),10),(12,3)),7),(2,(5,4)))),(((20,93),((52,47),(25,31))),(63,(19,58)))),((((62,82),(81,88)),(((((66,28),(14,99)),83),61),(67,42))),(38,37))),((49,89),((96,32),57))),((((70,(86,40)),(((69,55),35),34)),(65,24)),((79,(87,(90,21))),75))),(54,98)),((((((56,26),53),(((27,60),29),45)),80),(((95,92),100),(13,43))),((64,72),78))),((85,46),(22,48))),(84,59)),74),73);
#NNI moves:0/152
Remaining: 0
#NNI moves:0/152
#NNI moves:0/152
(((((((((((((((40,86),70),(((55,69),35),34)),(65,24)),((((21,90),87),79),75)),(((((22,48),(85,46)),((74,73),(84,59))),((((((26,56),53),((29,(27,60)),45)),80),(((95,92),100),(13,43))),((64,72),78))),(98,54))),((89,49),((96,32),57))),((((81,88),(82,62)),((61,(((66,28),(14,99)),83)),(67,42))),(38,37))),((63,(19,58)),(((52,47),(31,25)),(20,93)))),((((10,(((1,11),8),(6,9))),(3,12)),7),((5,4),2))),((((68,15),76),(18,51)),((39,17),(41,33)))),(((30,94),36),91)),77),((44,(23,50)),(16,71))),97);
#NNI moves:0/152
Remaining: 0
#NNI moves:0/152
#NNI moves:0/152
(((((((((((((((33,41),(17,39)),((18,51),((68,15),76))),(((((16,71),((23,50),44)),97),77),((36,(30,94)),91))),((((12,3),(((9,6),(8,(1,11))),10)),7),((5,4),2))),(((19,58),63),(((31,25),(47,52)),(93,20)))),(((((((66,28),(14,99)),83),61),(42,67)),((62,82),(81,88))),(38,37))),(((96,32),57),(49,89))),(((((48,22),(85,46)),((73,74),(84,59))),(((80,((((60,27),29),45),((26,56),53))),(((92,95),100),(43,13))),(78,(72,64)))),(98,54))),(75,(((21,90),87),79))),(65,24)),(((55,69),35),34)),70),86),40);
#NNI moves:0/152
Remaining: 0
#NNI moves:0/152
#NNI moves:0/152
(((((((((((((((((((45,((27,60),29)),(53,(56,26))),80),((100,(92,95)),(43,13))),((64,72),78)),(((84,59),(73,74)),((22,48),(46,85)))),(98,54)),(((((90,21),87),79),75),(((34,((55,69),35)),((86,40),70)),(24,65)))),((57,(96,32)),(89,49))),(((((((99,14),(66,28)),83),61),(67,42)),((62,82),(88,81))),(37,38))),((((31,25),(47,52)),(20,93)),((19,58),63))),((((3,12),(((9,6),((1,11),8)),10)),7),((4,5),2))),(((51,18),((15,68),76)),((41,33),(17,39)))),(((30,94),36),91)),77),97),((50,23),44)),71),16);
Current score: 1.54274e+09
Current tree: ((((((((((((((((45,((27,60),29)),(53,(56,26))),80),((100,(92,95)),(43,13))),((64,72),78)),(((84,59),(73,74)),((22,48),(46,85)))),(98,54)),(((((90,21),87),79),75),(((34,((55,69),35)),((86,40),70)),(24,65)))),((57,(96,32)),(89,49))),(((((((99,14),(66,28)),83),61),(67,42)),((62,82),(88,81))),(37,38))),((((31,25),(47,52)),(20,93)),((19,58),63))),((((3,12),(((9,6),((1,11),8)),10)),7),((4,5),2))),(((51,18),((15,68),76)),((41,33),(17,39)))),(((30,94),36),91)),(97,(((50,23),44),(71,16)))),77);
Final Tree: ((((((((((((((((45,((27,60),29)),(53,(56,26))),80),((100,(92,95)),(43,13))),((64,72),78)),(((84,59),(73,74)),((22,48),(46,85)))),(98,54)),(((((90,21),87),79),75),(((34,((55,69),35)),((86,40),70)),(24,65)))),((57,(96,32)),(89,49))),(((((((99,14),(66,28)),83),61),(67,42)),((62,82),(88,81))),(37,38))),((((31,25),(47,52)),(20,93)),((19,58),63))),((((3,12),(((9,6),((1,11),8)),10)),7),((4,5),2))),(((51,18),((15,68),76)),((41,33),(17,39)))),(((30,94),36),91)),(97,(((50,23),44),(71,16)))),77);
#EqQuartets: 1546535447
Score: 1542743559
ASTRAL for PaRalogs and Orthologs III (ASTRAL-Pro3)
*** NOW with integrated CASTLES-Pro ***
Version: v1.22.3.6
Read 512 genetrees and found 100 species.
#Genetrees: 1000
#Duploss: 11631
#Species: 100
#Rounds: 4
#Samples: 4
#Threads: 1
Use two-step algorithm!
Guide Tree 0/16
#NNI moves:0/152
Guide Tree 1/16
#NNI moves:0/152
Guide Tree 2/16
#NNI moves:0/152
Guide Tree 3/16
#NNI moves:0/152
Guide Tree 4/16
#NNI moves:0/152
Guide Tree 5/16
#NNI moves:0/152
Guide Tree 6/16
#NNI moves:0/152
Guide Tree 7/16
#NNI moves:0/152
Guide Tree 8/16
#NNI moves:0/152
Guide Tree 9/16
#NNI moves:0/152
Guide Tree 10/16
#NNI moves:0/152
Guide Tree 11/16
#NNI moves:0/152
Guide Tree 12/16
#NNI moves:0/152
Guide Tree 13/16
#NNI moves:0/152
Guide Tree 14/16
#NNI moves:0/152
Guide Tree 15/16
#NNI moves:0/152
Remaining: 0
#NNI moves:0/152
#NNI moves:0/152
(((((((((((((((90,67),68),100),73),94),66),((96,86),((57,(63,54)),91))),(((79,48),95),84)),(61,((99,82),72))),((85,(87,((47,(49,80)),77))),(((((88,92),((93,98),53)),(51,71)),83),75))),((((((89,52),(58,59)),(((81,60),69),(70,65))),((64,56),55)),((76,50),((97,78),62))),74)),((29,(45,11)),(((27,38),((7,(25,32)),35)),(5,39)))),(((((((42,(41,33)),(14,46)),43),((37,23),6)),(((26,15),(((17,8),19),((2,18),10))),30)),((((1,12),22),(44,(((31,4),28),(24,9)))),((40,21),34))),((3,20),13))),16),36);
Guide Tree 0/16
#NNI moves:0/152
Guide Tree 1/16
#NNI moves:0/152
Guide Tree 2/16
#NNI moves:0/152
Guide Tree 3/16
#NNI moves:0/152
Guide Tree 4/16
#NNI moves:0/152
Guide Tree 5/16
#NNI moves:0/152
Guide Tree 6/16
#NNI moves:0/152
Guide Tree 7/16
#NNI moves:0/152
Guide Tree 8/16
#NNI moves:0/152
Guide Tree 9/16
#NNI moves:0/152
Guide Tree 10/16
#NNI moves:0/152
Guide Tree 11/16
#NNI moves:0/152
Guide Tree 12/16
#NNI moves:0/152
Guide Tree 13/16
#NNI moves:0/152
Guide Tree 14/16
#NNI moves:0/152
Guide Tree 15/16
#NNI moves:0/152
Remaining: 0
#NNI moves:0/152
#NNI moves:0/152
((((((((((((49,80),47),77),87),85),(((((88,92),(53,(98,93))),(51,71)),83),75)),(((((91,((63,54),57)),(86,96)),(66,(((100,(68,(90,67))),73),94))),(((79,48),95),84)),(((99,82),72),61))),((((((89,52),(58,59)),(((60,81),69),(65,70))),((56,64),55)),(((78,97),62),(50,76))),74)),((29,(11,45)),(((((32,25),7),35),(38,27)),(5,39)))),((((((15,26),(((8,17),19),((18,2),10))),30),((6,(37,23)),(43,(((33,41),42),(14,46))))),(((21,40),34),(((((4,31),28),(24,9)),44),((1,12),22)))),((3,20),13))),16),36);
Guide Tree 0/16
#NNI moves:0/152
Guide Tree 1/16
#NNI moves:0/152
Guide Tree 2/16
#NNI moves:0/152
Guide Tree 3/16
#NNI moves:0/152
Guide Tree 4/16
#NNI moves:0/152
Guide Tree 5/16
#NNI moves:0/152
Guide Tree 6/16
#NNI moves:0/152
Guide Tree 7/16
#NNI moves:0/152
Guide Tree 8/16
#NNI moves:0/152
Guide Tree 9/16
#NNI moves:0/152
Guide Tree 10/16
#NNI moves:0/152
Guide Tree 11/16
#NNI moves:0/152
Guide Tree 12/16
#NNI moves:0/152
Guide Tree 13/16
#NNI moves:0/152
Guide Tree 14/16
#NNI moves:0/152
Guide Tree 15/16
#NNI moves:0/152
Remaining: 0
#NNI moves:0/152
#NNI moves:0/152
(((((((((((65,70),((81,60),69)),((58,59),(89,52))),(55,(56,64))),((76,50),(62,(78,97)))),74),(((((((88,92),((98,93),53)),(71,51)),83),75),(((((80,49),47),77),87),85)),(((((91,(57,(63,54))),(86,96)),((((((90,67),68),100),73),94),66)),((95,(79,48)),84)),(((82,99),72),61)))),((((35,((25,32),7)),(27,38)),(5,39)),((45,11),29))),(((((40,21),34),((22,(12,1)),(44,((9,24),((4,31),28))))),(((6,(37,23)),(((42,(33,41)),(14,46)),43)),(((((2,18),10),((8,17),19)),(15,26)),30))),((20,3),13))),16),36);
Guide Tree 0/16
#NNI moves:0/152
Guide Tree 1/16
#NNI moves:0/152
Guide Tree 2/16
#NNI moves:0/152
Guide Tree 3/16
#NNI moves:0/152
Guide Tree 4/16
#NNI moves:0/152
Guide Tree 5/16
#NNI moves:0/152
Guide Tree 6/16
#NNI moves:0/152
Guide Tree 7/16
#NNI moves:0/152
Guide Tree 8/16
#NNI moves:0/152
Guide Tree 9/16
#NNI moves:0/152
Guide Tree 10/16
#NNI moves:0/152
Guide Tree 11/16
#NNI moves:0/152
Guide Tree 12/16
#NNI moves:0/152
Guide Tree 13/16
#NNI moves:0/152
Guide Tree 14/16
#NNI moves:0/152
Guide Tree 15/16
#NNI moves:0/152
Remaining: 0
#NNI moves:0/152
#NNI moves:0/152
((((((((((((73,(((90,67),68),100)),94),66),(((57,(54,63)),91),(96,86))),(((48,79),95),84)),(((99,82),72),61)),((((((92,88),((93,98),53)),(51,71)),83),75),(((((49,80),47),77),87),85))),((((((59,58),(89,52)),((69,(60,81)),(70,65))),((64,56),55)),(((78,97),62),(50,76))),74)),((((((25,32),7),35),(38,27)),(5,39)),(29,(45,11)))),((((((((33,41),42),(46,14)),43),((37,23),6)),(((((17,8),19),((18,2),10)),(26,15)),30)),((((12,1),22),(44,((24,9),(28,(4,31))))),(34,(40,21)))),((20,3),13))),16),36);
Initial score: 1.5887e+09
Initial tree: ((((((((((((73,(((90,67),68),100)),94),66),(((57,(54,63)),91),(96,86))),(((48,79),95),84)),(((99,82),72),61)),((((((92,88),((93,98),53)),(51,71)),83),75),(((((49,80),47),77),87),85))),((((((59,58),(89,52)),((69,(60,81)),(70,65))),((64,56),55)),(((78,97),62),(50,76))),74)),((((((25,32),7),35),(38,27)),(5,39)),(29,(45,11)))),((((((((33,41),42),(46,14)),43),((37,23),6)),(((((17,8),19),((18,2),10)),(26,15)),30)),((((12,1),22),(44,((24,9),(28,(4,31))))),(34,(40,21)))),((20,3),13))),16),36);
*** Subsample Process ***
Use two-step algorithm!
#NNI moves:0/152
Remaining: 0
#NNI moves:0/152
#NNI moves:0/152
((((((((((((((((((((((17,8),19),((2,18),10)),(26,15)),30),((((42,(41,33)),(46,14)),43),((37,23),6))),(((22,(1,12)),(((9,24),(28,(4,31))),44)),((21,40),34))),((20,3),13)),(16,36)),((((((25,32),7),35),(38,27)),(39,5)),((45,11),29))),((((((89,52),(58,59)),((65,70),((60,81),69))),((56,64),55)),((62,(78,97)),(50,76))),74)),((((((92,88),((93,98),53)),(51,71)),83),75),((87,(77,(47,(80,49)))),85))),(((99,82),72),61)),((95,(79,48)),84)),(((57,(63,54)),91),(86,96))),66),94),73),100),68),67),90);
#NNI moves:0/152
Remaining: 0
#NNI moves:0/152
#NNI moves:0/152
(((((((((((94,(73,(100,(68,(67,90))))),66),(((57,(54,63)),91),(96,86))),((95,(79,48)),84)),((72,(99,82)),61)),((((((88,92),((93,98),53)),(51,71)),83),75),(((77,((80,49),47)),87),85))),((((((69,(60,81)),(65,70)),((52,89),(58,59))),(55,(64,56))),((76,50),((78,97),62))),74)),(((45,11),29),((((7,(25,32)),35),(27,38)),(5,39)))),(((((((24,9),((4,31),28)),44),((1,12),22)),((21,40),34)),(((((19,(17,8)),((18,2),10)),(26,15)),30),(((((41,33),42),(46,14)),43),(6,(23,37))))),(13,(3,20)))),36),16);
#NNI moves:0/152
Remaining: 0
#NNI moves:0/152
#NNI moves:0/152
(((((((((((((((((((((19,(17,8)),((2,18),10)),(15,26)),30),(((((33,41),42),(46,14)),43),(6,(37,23)))),(((44,((24,9),((4,31),28))),((12,1),22)),((40,21),34))),((3,20),13)),(36,16)),(((45,11),29),(((((32,25),7),35),(27,38)),(5,39)))),((((((89,52),(58,59)),((70,65),((60,81),69))),((56,64),55)),((76,50),((97,78),62))),74)),((((((92,88),((93,98),53)),(71,51)),83),75),(((77,((80,49),47)),87),85))),(((99,82),72),61)),(((79,48),95),84)),(((57,(54,63)),91),(96,86))),66),94),73),100),68),90),67);
#NNI moves:0/152
Remaining: 0
#NNI moves:0/152
#NNI moves:0/152
(((((((((((((((((48,79),95),84),((66,(((((90,67),68),100),73),94)),((((63,54),57),91),(96,86)))),(((82,99),72),61)),(((((((93,98),53),(92,88)),(51,71)),83),75),((((47,(49,80)),77),87),85))),((((((89,52),(58,59)),((69,(81,60)),(70,65))),((64,56),55)),((50,76),(62,(97,78)))),74)),((((((25,32),7),35),(38,27)),(5,39)),((11,45),29))),(16,36)),((3,20),13)),(((40,21),34),((((24,9),((31,4),28)),44),(22,(1,12))))),(30,((((17,8),19),((18,2),10)),(26,15)))),((23,37),6)),43),(46,14)),(33,41)),42);
Current score: 1.5887e+09
Current tree: ((16,(((((((((48,79),95),84),((66,(((((90,67),68),100),73),94)),((((63,54),57),91),(96,86)))),(((82,99),72),61)),(((((((93,98),53),(92,88)),(51,71)),83),75),((((47,(49,80)),77),87),85))),((((((89,52),(58,59)),((69,(81,60)),(70,65))),((64,56),55)),((50,76),(62,(97,78)))),74)),((((((25,32),7),35),(38,27)),(5,39)),((11,45),29))),(((3,20),13),((((40,21),34),((((24,9),((31,4),28)),44),(22,(1,12)))),((30,((((17,8),19),((18,2),10)),(26,15))),(((23,37),6),(43,((46,14),((33,41),42))))))))),36);
Final Tree: ((16,(((((((((48,79),95),84),((66,(((((90,67),68),100),73),94)),((((63,54),57),91),(96,86)))),(((82,99),72),61)),(((((((93,98),53),(92,88)),(51,71)),83),75),((((47,(49,80)),77),87),85))),((((((89,52),(58,59)),((69,(81,60)),(70,65))),((64,56),55)),((50,76),(62,(97,78)))),74)),((((((25,32),7),35),(38,27)),(5,39)),((11,45),29))),(((3,20),13),((((40,21),34),((((24,9),((31,4),28)),44),(22,(1,12)))),((30,((((17,8),19),((18,2),10)),(26,15))),(((23,37),6),(43,((46,14),((33,41),42))))))))),36);
#EqQuartets: 1592963187
Score: 1588703598
ASTRAL for PaRalogs and Orthologs III (ASTRAL-Pro3)
*** NOW with integrated CASTLES-Pro ***
Version: v1.22.3.6
Read 512 genetrees and found 100 species.
#Genetrees: 1000
#Duploss: 10697
#Species: 100
#Rounds: 4
#Samples: 4
#Threads: 1
Use two-step algorithm!
Guide Tree 0/16
#NNI moves:0/152
Guide Tree 1/16
#NNI moves:0/152
Guide Tree 2/16
#NNI moves:0/152
Guide Tree 3/16
#NNI moves:0/152
Guide Tree 4/16
#NNI moves:0/152
Guide Tree 5/16
#NNI moves:0/152
Guide Tree 6/16
#NNI moves:0/152
Guide Tree 7/16
#NNI moves:0/152
Guide Tree 8/16
#NNI moves:0/152
Guide Tree 9/16
#NNI moves:0/152
Guide Tree 10/16
#NNI moves:0/152
Guide Tree 11/16
#NNI moves:0/152
Guide Tree 12/16
#NNI moves:0/152
Guide Tree 13/16
#NNI moves:0/152
Guide Tree 14/16
#NNI moves:0/152
Guide Tree 15/16
#NNI moves:0/152
Remaining: 0
#NNI moves:0/152
#NNI moves:0/152
((((((((((((((((36,34),(62,31)),(((57,((53,61),(85,88))),((37,(92,98)),(84,79))),46)),((((((45,95),93),58),33),64),(90,65))),(75,78)),73),(((((((66,81),35),50),((80,28),55)),100),((77,24),21)),(((((39,27),(94,32)),(67,(51,52))),(68,70)),(48,82)))),(((((44,((((29,72),60),71),83)),((26,23),30)),((49,((((((40,41),99),63),((43,56),86)),25),(69,38))),((76,97),87))),(((96,42),(((89,59),54),22)),(47,74))),91)),(((1,13),(((16,9),15),7)),17)),(11,5)),((18,14),2)),(12,19)),10),(3,(6,4))),20),8);
Guide Tree 0/16
#NNI moves:0/152
Guide Tree 1/16
#NNI moves:0/152
Guide Tree 2/16
#NNI moves:0/152
Guide Tree 3/16
#NNI moves:0/152
Guide Tree 4/16
#NNI moves:0/152
Guide Tree 5/16
#NNI moves:0/152
Guide Tree 6/16
#NNI moves:0/152
Guide Tree 7/16
#NNI moves:0/152
Guide Tree 8/16
#NNI moves:0/152
Guide Tree 9/16
#NNI moves:0/152
Guide Tree 10/16
#NNI moves:0/152
Guide Tree 11/16
#NNI moves:0/152
Guide Tree 12/16
#NNI moves:0/152
Guide Tree 13/16
#NNI moves:0/152
Guide Tree 14/16
#NNI moves:0/152
Guide Tree 15/16
#NNI moves:0/152
Remaining: 0
#NNI moves:0/152
#NNI moves:0/152
(((((((((((((((((58,((95,45),93)),33),64),(90,65)),((((((98,92),37),(79,84)),(((88,85),(61,53)),57)),46),((36,34),(31,62)))),(78,75)),73),(((((67,(52,51)),((94,32),(39,27))),(70,68)),(82,48)),((21,(77,24)),(100,(((28,80),55),(((81,66),35),50)))))),(((((44,(83,((60,(72,29)),71))),(30,(23,26))),((49,((((86,(56,43)),((99,(40,41)),63)),25),(69,38))),((97,76),87))),((74,47),(((54,(89,59)),22),(42,96)))),91)),((((15,(9,16)),7),(1,13)),17)),(5,11)),(2,(14,18))),(12,19)),10),((4,6),3)),20),8);
Guide Tree 0/16
#NNI moves:0/152
Guide Tree 1/16
#NNI moves:0/152
Guide Tree 2/16
#NNI moves:0/152
Guide Tree 3/16
#NNI moves:0/152
Guide Tree 4/16
#NNI moves:0/152
Guide Tree 5/16
#NNI moves:0/152
Guide Tree 6/16
#NNI moves:0/152
Guide Tree 7/16
#NNI moves:0/152
Guide Tree 8/16
#NNI moves:0/152
Guide Tree 9/16
#NNI moves:0/152
Guide Tree 10/16
#NNI moves:0/152
Guide Tree 11/16
#NNI moves:0/152
Guide Tree 12/16
#NNI moves:0/152
Guide Tree 13/16
#NNI moves:0/152
Guide Tree 14/16
#NNI moves:0/152
Guide Tree 15/16
#NNI moves:0/152
Remaining: 0
#NNI moves:0/152
#NNI moves:0/152
(((((((((((((((((((92,98),37),(79,84)),(((61,53),(88,85)),57)),46),((36,34),(31,62))),((((((95,45),93),58),33),64),(65,90))),(75,78)),73),(((((67,(52,51)),((32,94),(39,27))),(70,68)),(82,48)),(((((35,(66,81)),50),(55,(80,28))),100),(21,(77,24))))),(((((((((63,((41,40),99)),((56,43),86)),25),(38,69)),49),((97,76),87)),(((26,23),30),(((71,((29,72),60)),83),44))),((((54,(89,59)),22),(42,96)),(47,74))),91)),((((15,(16,9)),7),(1,13)),17)),(5,11)),(2,(18,14))),(12,19)),10),((4,6),3)),20),8);
Guide Tree 0/16
#NNI moves:0/152
Guide Tree 1/16
#NNI moves:0/152
Guide Tree 2/16
#NNI moves:0/152
Guide Tree 3/16
#NNI moves:0/152
Guide Tree 4/16
#NNI moves:0/152
Guide Tree 5/16
#NNI moves:0/152
Guide Tree 6/16
#NNI moves:0/152
Guide Tree 7/16
#NNI moves:0/152
Guide Tree 8/16
#NNI moves:0/152
Guide Tree 9/16
#NNI moves:0/152
Guide Tree 10/16
#NNI moves:0/152
Guide Tree 11/16
#NNI moves:0/152
Guide Tree 12/16
#NNI moves:0/152
Guide Tree 13/16
#NNI moves:0/152
Guide Tree 14/16
#NNI moves:0/152
Guide Tree 15/16
#NNI moves:0/152
Remaining: 0
#NNI moves:0/152
#NNI moves:0/152
((((((((((((((((32,94),(27,39)),((51,52),67)),(68,70)),(82,48)),((((55,(28,80)),(((66,81),35),50)),100),(21,(24,77)))),((((((31,62),(36,34)),(((((61,53),(85,88)),57),(((92,98),37),(84,79))),46)),((((((45,95),93),58),33),64),(90,65))),(78,75)),73)),(((((87,(97,76)),(((((86,(56,43)),(((40,41),99),63)),25),(69,38)),49)),((((((72,29),60),71),83),44),((23,26),30))),(((22,(54,(89,59))),(42,96)),(47,74))),91)),(((7,((16,9),15)),(1,13)),17)),(5,11)),((14,18),2)),(19,12)),10),(3,(4,6))),20),8);
Initial score: 1.51978e+09
Initial tree: ((((((((((((((((32,94),(27,39)),((51,52),67)),(68,70)),(82,48)),((((55,(28,80)),(((66,81),35),50)),100),(21,(24,77)))),((((((31,62),(36,34)),(((((61,53),(85,88)),57),(((92,98),37),(84,79))),46)),((((((45,95),93),58),33),64),(90,65))),(78,75)),73)),(((((87,(97,76)),(((((86,(56,43)),(((40,41),99),63)),25),(69,38)),49)),((((((72,29),60),71),83),44),((23,26),30))),(((22,(54,(89,59))),(42,96)),(47,74))),91)),(((7,((16,9),15)),(1,13)),17)),(5,11)),((14,18),2)),(19,12)),10),(3,(4,6))),20),8);
*** Subsample Process ***
Use two-step algorithm!
#NNI moves:0/152
Remaining: 0
#NNI moves:0/152
#NNI moves:0/152
((((((((((((((((((((41,40),99),63),((56,43),86)),25),(69,38)),49),((97,76),87)),((30,(26,23)),(((71,((72,29),60)),83),44))),(((42,96),(22,((59,89),54))),(74,47))),91),((((((16,9),15),7),(13,1)),17),((((((20,8),(3,(4,6))),10),(19,12)),((14,18),2)),(11,5)))),((((((36,34),(62,31)),(((((92,98),37),(84,79)),(((88,85),(53,61)),57)),46)),((((((95,45),93),58),33),64),(65,90))),(75,78)),73)),((100,((((81,66),35),50),(55,(80,28)))),((77,24),21))),(48,82)),(70,68)),((51,52),67)),(39,27)),94),32);
#NNI moves:0/152
Remaining: 0
#NNI moves:0/152
#NNI moves:0/152
(((((((((((((((55,(28,80)),(50,((66,81),35))),100),((77,24),21)),(((((39,27),(94,32)),(67,(51,52))),(68,70)),(48,82))),(((((((((53,61),(88,85)),57),((79,84),((92,98),37))),46),((62,31),(34,36))),(((((93,(95,45)),58),33),64),(90,65))),(78,75)),73)),(((((((71,(60,(29,72))),83),44),((23,26),30)),((((38,69),(25,((63,((41,40),99)),((56,43),86)))),49),((97,76),87))),((47,74),((((89,59),54),22),(42,96)))),91)),(((((9,16),15),7),(1,13)),17)),(11,5)),(2,(18,14))),(12,19)),10),((6,4),3)),8),20);
#NNI moves:0/152
Remaining: 0
#NNI moves:0/152
#NNI moves:0/152
((((((((((((((((71,((29,72),60)),83),44),(30,(23,26))),((49,(((((99,(41,40)),63),((43,56),86)),25),(38,69))),((76,97),87))),((74,47),((22,((89,59),54)),(42,96)))),91),((((((9,16),15),7),(1,13)),17),((((12,19),((((4,6),3),(8,20)),10)),((14,18),2)),(5,11)))),(((((((((53,61),(88,85)),57),((79,84),(37,(98,92)))),46),((34,36),(31,62))),((65,90),((33,(58,((95,45),93))),64))),(75,78)),73)),(((77,24),21),(((((81,66),35),50),(55,(28,80))),100))),(48,82)),(68,70)),((51,52),67)),(32,94)),27),39);
#NNI moves:0/152
Remaining: 0
#NNI moves:0/152
#NNI moves:0/152
((((((((((((((((((40,41),99),63),((56,43),86)),25),(69,38)),49),((97,76),87)),(((23,26),30),((83,(((72,29),60),71)),44))),((47,74),((22,((89,59),54)),(96,42)))),91),((((((((58,(93,(45,95))),33),64),(65,90)),(((36,34),(31,62)),((((37,(92,98)),(84,79)),(((53,61),(88,85)),57)),46))),(78,75)),73),((((((35,(66,81)),50),((80,28),55)),100),((24,77),21)),(((((51,52),67),((94,32),(27,39))),(68,70)),(48,82))))),(((7,(15,(16,9))),(13,1)),17)),(5,11)),(2,(18,14))),(12,19)),((3,(4,6)),(20,8))),10);
Current score: 1.51978e+09
Current tree: ((20,((3,(4,6)),(((((((((((((((((40,41),99),63),((56,43),86)),25),(69,38)),49),((97,76),87)),(((23,26),30),((83,(((72,29),60),71)),44))),((47,74),((22,((89,59),54)),(96,42)))),91),((((((((58,(93,(45,95))),33),64),(65,90)),(((36,34),(31,62)),((((37,(92,98)),(84,79)),(((53,61),(88,85)),57)),46))),(78,75)),73),((((((35,(66,81)),50),((80,28),55)),100),((24,77),21)),(((((51,52),67),((94,32),(27,39))),(68,70)),(48,82))))),(((7,(15,(16,9))),(13,1)),17)),(5,11)),(2,(18,14))),(12,19)),10))),8);
Final Tree: ((20,((3,(4,6)),(((((((((((((((((40,41),99),63),((56,43),86)),25),(69,38)),49),((97,76),87)),(((23,26),30),((83,(((72,29),60),71)),44))),((47,74),((22,((89,59),54)),(96,42)))),91),((((((((58,(93,(45,95))),33),64),(65,90)),(((36,34),(31,62)),((((37,(92,98)),(84,79)),(((53,61),(88,85)),57)),46))),(78,75)),73),((((((35,(66,81)),50),((80,28),55)),100),((24,77),21)),(((((51,52),67),((94,32),(27,39))),(68,70)),(48,82))))),(((7,(15,(16,9))),(13,1)),17)),(5,11)),(2,(18,14))),(12,19)),10))),8);
#EqQuartets: 1548011482
Score: 1519780315
ASTRAL for PaRalogs and Orthologs III (ASTRAL-Pro3)
*** NOW with integrated CASTLES-Pro ***
Version: v1.22.3.6
Read 512 genetrees and found 100 species.
#Genetrees: 998
#Duploss: 13465
#Species: 100
#Rounds: 4
#Samples: 4
#Threads: 1
Use two-step algorithm!
Guide Tree 0/16
#NNI moves:0/152
Guide Tree 1/16
#NNI moves:0/152
Guide Tree 2/16
#NNI moves:0/152
Guide Tree 3/16
#NNI moves:0/152
Guide Tree 4/16
#NNI moves:0/152
Guide Tree 5/16
#NNI moves:0/152
Guide Tree 6/16
#NNI moves:0/152
Guide Tree 7/16
#NNI moves:0/152
Guide Tree 8/16
#NNI moves:0/152
Guide Tree 9/16
#NNI moves:0/152
Guide Tree 10/16
#NNI moves:0/152
Guide Tree 11/16
#NNI moves:0/152
Guide Tree 12/16
#NNI moves:0/152
Guide Tree 13/16
#NNI moves:0/152
Guide Tree 14/16
#NNI moves:0/152
Guide Tree 15/16
#NNI moves:0/152
Remaining: 0
#NNI moves:0/152
#NNI moves:0/152
((((((((((((30,(41,82)),(64,67)),38),(46,((90,8),25))),((((24,7),(70,33)),54),(35,86))),((((((12,26),31),44),97),(((39,60),(47,(81,10))),69)),((((74,52),57),73),(((95,((13,53),87)),99),11)))),((1,3),(2,(4,5)))),((((((20,65),100),45),92),(((((28,(78,93)),66),50),75),((89,29),62))),((27,18),(85,(68,88))))),((((((58,43),22),34),((96,84),72)),(((((49,(36,40)),61),(80,83)),(((21,48),56),32)),(94,(((63,37),(((71,23),9),16)),((14,6),(17,77)))))),((51,55),(98,76)))),((79,19),(91,42))),59),15);
Guide Tree 0/16
#NNI moves:0/152
Guide Tree 1/16
#NNI moves:0/152
Guide Tree 2/16
#NNI moves:0/152
Guide Tree 3/16
#NNI moves:0/152
Guide Tree 4/16
#NNI moves:0/152
Guide Tree 5/16
#NNI moves:0/152
Guide Tree 6/16
#NNI moves:0/152
Guide Tree 7/16
#NNI moves:0/152
Guide Tree 8/16
#NNI moves:0/152
Guide Tree 9/16
#NNI moves:0/152
Guide Tree 10/16
#NNI moves:0/152
Guide Tree 11/16
#NNI moves:0/152
Guide Tree 12/16
#NNI moves:0/152
Guide Tree 13/16
#NNI moves:0/152
Guide Tree 14/16
#NNI moves:0/152
Guide Tree 15/16
#NNI moves:0/152
Remaining: 0
#NNI moves:0/152
#NNI moves:0/152
((((((((((((33,70),(7,24)),54),(86,35)),(((((41,82),30),(64,67)),38),((25,(90,8)),46))),((((99,(((53,13),87),95)),11),(73,((52,74),57))),((((39,60),((81,10),47)),69),(((31,(12,26)),44),97)))),((3,1),((4,5),2))),((((((20,65),100),45),92),((75,((((93,78),28),66),50)),(62,(29,89)))),(((88,68),85),(27,18)))),(((((((48,21),56),32),((((36,40),49),61),(80,83))),((((37,63),(16,(9,(71,23)))),((77,17),(14,6))),94)),(((84,96),72),(((43,58),22),34))),((76,98),(55,51)))),((79,19),(42,91))),59),15);
Guide Tree 0/16
#NNI moves:0/152
Guide Tree 1/16
#NNI moves:0/152
Guide Tree 2/16
#NNI moves:0/152
Guide Tree 3/16
#NNI moves:0/152
Guide Tree 4/16
#NNI moves:0/152
Guide Tree 5/16
#NNI moves:0/152
Guide Tree 6/16
#NNI moves:0/152
Guide Tree 7/16
#NNI moves:0/152
Guide Tree 8/16
#NNI moves:0/152
Guide Tree 9/16
#NNI moves:0/152
Guide Tree 10/16
#NNI moves:0/152
Guide Tree 11/16
#NNI moves:0/152
Guide Tree 12/16
#NNI moves:0/152
Guide Tree 13/16
#NNI moves:0/152
Guide Tree 14/16
#NNI moves:0/152
Guide Tree 15/16
#NNI moves:0/152
Remaining: 0
#NNI moves:0/152
#NNI moves:0/152
(((((((((((21,48),56),32),((83,80),(((40,36),49),61))),((((14,6),(17,77)),((((71,23),9),16),(37,63))),94)),((((58,43),22),34),(72,(96,84)))),((76,98),(51,55))),((((((((39,60),((10,81),47)),69),(97,(((26,12),31),44))),(((((87,(53,13)),95),99),11),(((74,52),57),73))),(((86,35),(((33,70),(7,24)),54)),((((64,67),((41,82),30)),38),(46,(25,(90,8)))))),((1,3),((5,4),2))),(((((50,(66,((78,93),28))),75),((89,29),62)),((((65,20),100),45),92)),((85,(68,88)),(18,27))))),((42,91),(79,19))),59),15);
Guide Tree 0/16
#NNI moves:0/152
Guide Tree 1/16
#NNI moves:0/152
Guide Tree 2/16
#NNI moves:0/152
Guide Tree 3/16
#NNI moves:0/152
Guide Tree 4/16
#NNI moves:0/152
Guide Tree 5/16
#NNI moves:0/152
Guide Tree 6/16
#NNI moves:0/152
Guide Tree 7/16
#NNI moves:0/152
Guide Tree 8/16
#NNI moves:0/152
Guide Tree 9/16
#NNI moves:0/152
Guide Tree 10/16
#NNI moves:0/152
Guide Tree 11/16
#NNI moves:0/152
Guide Tree 12/16
#NNI moves:0/152
Guide Tree 13/16
#NNI moves:0/152
Guide Tree 14/16
#NNI moves:0/152
Guide Tree 15/16
#NNI moves:0/152
Remaining: 0
#NNI moves:0/152
#NNI moves:0/152
(((((((((((((26,12),31),44),97),(((60,39),(47,(81,10))),69)),((((((53,13),87),95),99),11),(((74,52),57),73))),(((54,((24,7),(33,70))),(86,35)),(((25,(8,90)),46),(38,((64,67),((41,82),30)))))),(((5,4),2),(1,3))),((((68,88),85),(27,18)),((((100,(20,65)),45),92),(((((28,(93,78)),66),50),75),(62,(29,89)))))),((((((83,80),(61,(49,(36,40)))),((56,(21,48)),32)),((((17,77),(14,6)),(((9,(71,23)),16),(37,63))),94)),((((43,58),22),34),(72,(96,84)))),((98,76),(55,51)))),((19,79),(42,91))),59),15);
Initial score: 1.47509e+09
Initial tree: (((((((((((((26,12),31),44),97),(((60,39),(47,(81,10))),69)),((((((53,13),87),95),99),11),(((74,52),57),73))),(((54,((24,7),(33,70))),(86,35)),(((25,(8,90)),46),(38,((64,67),((41,82),30)))))),(((5,4),2),(1,3))),((((68,88),85),(27,18)),((((100,(20,65)),45),92),(((((28,(93,78)),66),50),75),(62,(29,89)))))),((((((83,80),(61,(49,(36,40)))),((56,(21,48)),32)),((((17,77),(14,6)),(((9,(71,23)),16),(37,63))),94)),((((43,58),22),34),(72,(96,84)))),((98,76),(55,51)))),((19,79),(42,91))),59),15);
*** Subsample Process ***
Use two-step algorithm!
#NNI moves:0/152
Remaining: 0
#NNI moves:0/152
#NNI moves:0/152
(((((((((((((((32,((48,21),56)),(((49,(40,36)),61),(80,83))),((((((23,71),9),16),(37,63)),((17,77),(6,14))),94)),((((58,43),22),34),((84,96),72))),((55,51),(76,98))),((59,15),((19,79),(42,91)))),((((((((78,93),28),66),50),75),(62,(89,29))),((((20,65),100),45),92)),((85,(68,88)),(27,18)))),((1,3),((5,4),2))),(((((24,7),(33,70)),54),(35,86)),((((90,8),25),46),(38,(((82,41),30),(67,64)))))),(((((87,(53,13)),95),99),11),(((74,52),57),73))),((44,((26,12),31)),97)),69),(47,(81,10))),39),60);
#NNI moves:0/152
Remaining: 0
#NNI moves:0/152
#NNI moves:0/152
(((((((((((44,((26,12),31)),97),(((39,60),(47,(10,81))),69)),((((74,52),57),73),((((87,(53,13)),95),99),11))),(((((70,33),(24,7)),54),(35,86)),((((67,64),(30,(41,82))),38),(((90,8),25),46)))),(((5,4),2),(3,1))),(((85,(88,68)),(18,27)),((((100,(20,65)),45),92),((((66,((78,93),28)),50),75),((89,29),62))))),(((((((49,(36,40)),61),(80,83)),(32,((48,21),56))),(((((9,(71,23)),16),(37,63)),((6,14),(17,77))),94)),((34,((43,58),22)),(72,(84,96)))),((76,98),(51,55)))),((91,42),(79,19))),15),59);
#NNI moves:0/152
Remaining: 0
#NNI moves:0/152
#NNI moves:0/152
(((((((((((((((((77,17),(14,6)),(((9,(23,71)),16),(37,63))),94),(((83,80),(((40,36),49),61)),(((21,48),56),32))),(((22,(43,58)),34),((96,84),72))),((55,51),(76,98))),(((79,19),(42,91)),(15,59))),((((((20,65),100),45),92),((((((93,78),28),66),50),75),(62,(29,89)))),((85,(68,88)),(27,18)))),((1,3),((5,4),2))),(((((70,33),(24,7)),54),(35,86)),((((90,8),25),46),(38,((30,(41,82)),(67,64)))))),((((74,52),57),73),(((95,(87,(13,53))),99),11))),(((60,39),(47,(10,81))),69)),97),44),(26,12)),31);
#NNI moves:0/152
Remaining: 0
#NNI moves:0/152
#NNI moves:0/152
(((((((((((((28,(78,93)),66),50),75),((89,29),62)),((((20,65),100),45),92)),((18,27),((68,88),85))),(((((73,((52,74),57)),(11,((95,((13,53),87)),99))),((((47,(81,10)),(60,39)),69),((44,(31,(12,26))),97))),(((54,((33,70),(24,7))),(35,86)),((((64,67),(30,(82,41))),38),(((8,90),25),46)))),((1,3),(2,(4,5))))),(((((((17,77),(14,6)),(((9,(71,23)),16),(63,37))),94),((((21,48),56),32),((61,((40,36),49)),(80,83)))),((((58,43),22),34),((96,84),72))),((98,76),(51,55)))),(59,15)),(42,91)),19),79);
Current score: 1.47509e+09
Current tree: ((59,((((((((((28,(78,93)),66),50),75),((89,29),62)),((((20,65),100),45),92)),((18,27),((68,88),85))),(((((73,((52,74),57)),(11,((95,((13,53),87)),99))),((((47,(81,10)),(60,39)),69),((44,(31,(12,26))),97))),(((54,((33,70),(24,7))),(35,86)),((((64,67),(30,(82,41))),38),(((8,90),25),46)))),((1,3),(2,(4,5))))),(((((((17,77),(14,6)),(((9,(71,23)),16),(63,37))),94),((((21,48),56),32),((61,((40,36),49)),(80,83)))),((((58,43),22),34),((96,84),72))),((98,76),(51,55)))),((42,91),(19,79)))),15);
Final Tree: ((59,((((((((((28,(78,93)),66),50),75),((89,29),62)),((((20,65),100),45),92)),((18,27),((68,88),85))),(((((73,((52,74),57)),(11,((95,((13,53),87)),99))),((((47,(81,10)),(60,39)),69),((44,(31,(12,26))),97))),(((54,((33,70),(24,7))),(35,86)),((((64,67),(30,(82,41))),38),(((8,90),25),46)))),((1,3),(2,(4,5))))),(((((((17,77),(14,6)),(((9,(71,23)),16),(63,37))),94),((((21,48),56),32),((61,((40,36),49)),(80,83)))),((((58,43),22),34),((96,84),72))),((98,76),(51,55)))),((42,91),(19,79)))),15);
#EqQuartets: 1488476022
Score: 1475085417
ASTRAL for PaRalogs and Orthologs III (ASTRAL-Pro3)
*** NOW with integrated CASTLES-Pro ***
Version: v1.22.3.6
Read 512 genetrees and found 100 species.
#Genetrees: 999
#Duploss: 11941
#Species: 100
#Rounds: 4
#Samples: 4
#Threads: 1
Use two-step algorithm!
Guide Tree 0/16
#NNI moves:0/152
Guide Tree 1/16
#NNI moves:0/152
Guide Tree 2/16
#NNI moves:0/152
Guide Tree 3/16
#NNI moves:0/152
Guide Tree 4/16
#NNI moves:0/152
Guide Tree 5/16
#NNI moves:0/152
Guide Tree 6/16
#NNI moves:0/152
Guide Tree 7/16
#NNI moves:0/152
Guide Tree 8/16
#NNI moves:0/152
Guide Tree 9/16
#NNI moves:0/152
Guide Tree 10/16
#NNI moves:0/152
Guide Tree 11/16
#NNI moves:0/152
Guide Tree 12/16
#NNI moves:0/152
Guide Tree 13/16
#NNI moves:0/152
Guide Tree 14/16
#NNI moves:0/152
Guide Tree 15/16
#NNI moves:0/152
Remaining: 0
#NNI moves:0/152
#NNI moves:0/152
(((((((((((((((((94,96),77),81),80),(91,93)),((((((90,95),88),79),((84,99),85)),86),((83,((89,92),87)),((76,78),98)))),((100,75),82)),97),(((((((((17,5),43),27),24),42),18),(67,(35,34))),((((72,50),21),22),((29,54),((55,6),(73,33))))),((40,(56,65)),10))),((((66,(38,68)),45),(37,44)),(((28,19),64),((74,51),71)))),((20,4),25)),((23,47),62)),((((63,39),13),((57,52),49)),(15,((12,30),9)))),(((3,14),(31,2)),(53,(60,(59,58))))),(((((61,(36,11)),8),(26,70)),69),(46,32))),(16,(1,(48,7)))),41);
Guide Tree 0/16
#NNI moves:0/152
Guide Tree 1/16
#NNI moves:0/152
Guide Tree 2/16
#NNI moves:0/152
Guide Tree 3/16
#NNI moves:0/152
Guide Tree 4/16
#NNI moves:0/152
Guide Tree 5/16
#NNI moves:0/152
Guide Tree 6/16
#NNI moves:0/152
Guide Tree 7/16
#NNI moves:0/152
Guide Tree 8/16
#NNI moves:0/152
Guide Tree 9/16
#NNI moves:0/152
Guide Tree 10/16
#NNI moves:0/152
Guide Tree 11/16
#NNI moves:0/152
Guide Tree 12/16
#NNI moves:0/152
Guide Tree 13/16
#NNI moves:0/152
Guide Tree 14/16
#NNI moves:0/152
Guide Tree 15/16
#NNI moves:0/152
Remaining: 0
#NNI moves:0/152
#NNI moves:0/152
((((((((((((((((76,78),98),(((92,89),87),83)),(86,(((88,(95,90)),79),(85,(84,99))))),((91,93),((81,((96,94),77)),80))),((75,100),82)),97),(((((42,((27,((17,5),43)),24)),18),((35,34),67)),((22,((50,72),21)),(((33,73),(6,55)),(54,29)))),((40,(56,65)),10))),((((66,(68,38)),45),(44,37)),((64,(28,19)),((74,51),71)))),((20,4),25)),(62,(47,23))),((((63,39),13),(49,(52,57))),(((12,30),9),15))),(((2,31),(14,3)),(53,((59,58),60)))),((((70,26),(8,(61,(36,11)))),69),(32,46))),(16,((7,48),1))),41);
Guide Tree 0/16
#NNI moves:0/152
Guide Tree 1/16
#NNI moves:0/152
Guide Tree 2/16
#NNI moves:0/152
Guide Tree 3/16
#NNI moves:0/152
Guide Tree 4/16
#NNI moves:0/152
Guide Tree 5/16
#NNI moves:0/152
Guide Tree 6/16
#NNI moves:0/152
Guide Tree 7/16
#NNI moves:0/152
Guide Tree 8/16
#NNI moves:0/152
Guide Tree 9/16
#NNI moves:0/152
Guide Tree 10/16
#NNI moves:0/152
Guide Tree 11/16
#NNI moves:0/152
Guide Tree 12/16
#NNI moves:0/152
Guide Tree 13/16
#NNI moves:0/152
Guide Tree 14/16
#NNI moves:0/152
Guide Tree 15/16
#NNI moves:0/152
Remaining: 0
#NNI moves:2/152
#NNI moves:2/152
(((((((((((((((55,6),(33,73)),(54,29)),(((50,72),21),22)),(((42,(24,(27,((5,17),43)))),18),((34,35),67))),(((65,56),40),10)),(((((((78,76),98),((87,(92,89)),83)),(((85,(99,84)),(((90,95),88),79)),86)),(((((94,96),77),81),80),(93,91))),((75,100),82)),97)),((((74,51),71),((19,28),64)),((37,44),(((38,68),66),45)))),(25,(4,20))),(62,(23,47))),((15,(9,(12,30))),(((63,39),13),((57,52),49)))),(((31,2),(14,3)),((60,(58,59)),53))),((((70,26),((61,(11,36)),8)),69),(46,32))),(((7,48),1),16)),41);
Guide Tree 0/16
#NNI moves:0/152
Guide Tree 1/16
#NNI moves:0/152
Guide Tree 2/16
#NNI moves:0/152
Guide Tree 3/16
#NNI moves:0/152
Guide Tree 4/16
#NNI moves:0/152
Guide Tree 5/16
#NNI moves:2/152
Guide Tree 6/16
#NNI moves:0/152
Guide Tree 7/16
#NNI moves:0/152
Guide Tree 8/16
#NNI moves:2/152
Guide Tree 9/16
#NNI moves:0/152
Guide Tree 10/16
#NNI moves:0/152
Guide Tree 11/16
#NNI moves:2/152
Guide Tree 12/16
#NNI moves:6/152
Guide Tree 13/16
#NNI moves:2/152
Guide Tree 14/16
#NNI moves:0/152
Guide Tree 15/16
#NNI moves:2/152
Remaining: 0
#NNI moves:0/152
#NNI moves:0/152
((((((((((((((34,35),67),(((24,(((17,5),43),27)),42),18)),((22,(21,(72,50))),((29,54),((33,73),(55,6))))),(10,(40,(56,65)))),(((((80,(((94,96),77),81)),(93,91)),((86,((((90,95),88),79),(85,(99,84)))),(((76,78),98),(83,((89,92),87))))),((100,75),82)),97)),(((71,(74,51)),((28,19),64)),((45,(66,(38,68))),(44,37)))),((4,20),25)),((23,47),62)),((((39,63),13),((57,52),49)),(((30,12),9),15))),(((14,3),(31,2)),(((59,58),60),53))),((69,((((11,36),61),8),(26,70))),(32,46))),((1,(7,48)),16)),41);
Initial score: 1.438e+09
Initial tree: ((((((((((((((34,35),67),(((24,(((17,5),43),27)),42),18)),((22,(21,(72,50))),((29,54),((33,73),(55,6))))),(10,(40,(56,65)))),(((((80,(((94,96),77),81)),(93,91)),((86,((((90,95),88),79),(85,(99,84)))),(((76,78),98),(83,((89,92),87))))),((100,75),82)),97)),(((71,(74,51)),((28,19),64)),((45,(66,(38,68))),(44,37)))),((4,20),25)),((23,47),62)),((((39,63),13),((57,52),49)),(((30,12),9),15))),(((14,3),(31,2)),(((59,58),60),53))),((69,((((11,36),61),8),(26,70))),(32,46))),((1,(7,48)),16)),41);
*** Subsample Process ***
Use two-step algorithm!
#NNI moves:2/152
Remaining: 0
#NNI moves:4/152
#NNI moves:4/152
((((((((((((((((94,96),77),81),80),(91,93)),(((((88,(95,90)),79),((99,84),85)),86),((83,((92,89),87)),(98,(78,76))))),((100,75),82)),97),((((((((46,32),(((((11,36),61),8),(70,26)),69)),(((1,(7,48)),16),41)),(((3,14),(2,31)),((60,(58,59)),53))),(((9,(12,30)),15),(((57,52),49),(13,(63,39))))),((23,47),62)),(25,(20,4))),(((71,(51,74)),(64,(28,19))),((((38,68),66),45),(44,37))))),((40,(56,65)),10)),((((50,72),21),22),(((6,55),(33,73)),(54,29)))),(67,(34,35))),18),42),(27,((5,17),43))),24);
#NNI moves:2/152
Remaining: 0
#NNI moves:4/152
#NNI moves:4/152
(((((((((((((((((((99,84),85),((88,(90,95)),79)),86),((83,((89,92),87)),(98,(78,76)))),((80,(81,((96,94),77))),(93,91))),((100,75),82)),97),((((67,(34,35)),((42,((((5,17),43),27),24)),18)),((((50,72),21),22),(((55,6),(33,73)),(29,54)))),(10,((65,56),40)))),(((((38,68),66),45),(44,37)),(((19,28),64),((51,74),71)))),((20,4),25)),((47,23),62)),((((30,12),9),15),(((57,52),49),((63,39),13)))),(((3,14),(2,31)),(53,((59,58),60)))),((((((36,11),61),8),(70,26)),69),(32,46))),41),16),(48,7)),1);
#NNI moves:0/152
Remaining: 0
#NNI moves:0/152
#NNI moves:0/152
((((((((((((((((((60,(58,59)),53),((31,2),(14,3))),(((16,((7,48),1)),41),((32,46),(((((36,11),61),8),(70,26)),69)))),((((57,52),49),((63,39),13)),(((30,12),9),15))),((47,23),62)),((4,20),25)),(((((38,68),66),45),(44,37)),((64,(28,19)),(71,(74,51))))),((((((24,((43,(17,5)),27)),42),18),((35,34),67)),(((54,29),((55,6),(73,33))),(((72,50),21),22))),((40,(65,56)),10))),97),((100,75),82)),((((77,(94,96)),81),80),(93,91))),((((88,(95,90)),79),((99,84),85)),86)),(98,(78,76))),83),87),92),89);
#NNI moves:0/152
Remaining: 0
#NNI moves:0/152
#NNI moves:0/152
(((((((((((((((29,54),((33,73),(6,55))),((21,(72,50)),22)),(((((((5,17),43),27),24),42),18),(67,(35,34)))),((40,(56,65)),10)),((((((((94,96),77),81),80),(91,93)),((((85,(84,99)),(79,(88,(90,95)))),86),((83,((89,92),87)),(98,(76,78))))),(82,(75,100))),97)),((((19,28),64),(71,(74,51))),((37,44),(45,((68,38),66))))),(25,(20,4))),(62,(23,47))),((((39,63),13),((57,52),49)),(((30,12),9),15))),(((31,2),(14,3)),(((59,58),60),53))),((46,32),(((26,70),(((11,36),61),8)),69))),41),((7,48),1)),16);
Current score: 1.438e+09
Current tree: ((((((((((((((29,54),((33,73),(6,55))),((21,(72,50)),22)),(((((((5,17),43),27),24),42),18),(67,(35,34)))),((40,(56,65)),10)),((((((((94,96),77),81),80),(91,93)),((((85,(84,99)),(79,(88,(90,95)))),86),((83,((89,92),87)),(98,(76,78))))),(82,(75,100))),97)),((((19,28),64),(71,(74,51))),((37,44),(45,((68,38),66))))),(25,(20,4))),(62,(23,47))),((((39,63),13),((57,52),49)),(((30,12),9),15))),(((31,2),(14,3)),(((59,58),60),53))),((46,32),(((26,70),(((11,36),61),8)),69))),(((7,48),1),16)),41);
Final Tree: ((((((((((((((29,54),((33,73),(6,55))),((21,(72,50)),22)),(((((((5,17),43),27),24),42),18),(67,(35,34)))),((40,(56,65)),10)),((((((((94,96),77),81),80),(91,93)),((((85,(84,99)),(79,(88,(90,95)))),86),((83,((89,92),87)),(98,(76,78))))),(82,(75,100))),97)),((((19,28),64),(71,(74,51))),((37,44),(45,((68,38),66))))),(25,(20,4))),(62,(23,47))),((((39,63),13),((57,52),49)),(((30,12),9),15))),(((31,2),(14,3)),(((59,58),60),53))),((46,32),(((26,70),(((11,36),61),8)),69))),(((7,48),1),16)),41);
#EqQuartets: 1461333209
Score: 1437995650
ASTRAL for PaRalogs and Orthologs III (ASTRAL-Pro3)
*** NOW with integrated CASTLES-Pro ***
Version: v1.22.3.6
Read 512 genetrees and found 100 species.
#Genetrees: 999
#Duploss: 10157
#Species: 100
#Rounds: 4
#Samples: 4
#Threads: 1
Use two-step algorithm!
Guide Tree 0/16
#NNI moves:0/152
Guide Tree 1/16
#NNI moves:0/152
Guide Tree 2/16
#NNI moves:0/152
Guide Tree 3/16
#NNI moves:0/152
Guide Tree 4/16
#NNI moves:0/152
Guide Tree 5/16
#NNI moves:0/152
Guide Tree 6/16
#NNI moves:0/152
Guide Tree 7/16
#NNI moves:0/152
Guide Tree 8/16
#NNI moves:0/152
Guide Tree 9/16
#NNI moves:0/152
Guide Tree 10/16
#NNI moves:0/152
Guide Tree 11/16
#NNI moves:0/152
Guide Tree 12/16
#NNI moves:0/152
Guide Tree 13/16
#NNI moves:0/152
Guide Tree 14/16
#NNI moves:0/152
Guide Tree 15/16
#NNI moves:0/152
Remaining: 0
#NNI moves:0/152
#NNI moves:0/152
((((((((((((((((1,74),52),((79,66),(44,60))),((33,38),(82,56))),((53,(34,(87,30))),(17,13))),(10,22)),(((49,(72,69)),((28,88),46)),3)),((((2,(5,27)),(((((48,4),8),((43,7),(47,19))),85),(18,62))),(((76,65),55),((39,83),6))),((((16,15),71),((70,67),9)),36))),((((29,(21,89)),((42,24),((14,(23,31)),50))),73),(((63,(81,26)),((61,64),(32,68))),(12,77)))),(((((40,25),(58,41)),((78,(35,(51,86))),(((75,54),(84,57)),(80,45)))),((37,20),59)),11)),(95,100)),((93,91),98)),((92,97),99)),96),90),94);
Guide Tree 0/16
#NNI moves:0/152
Guide Tree 1/16
#NNI moves:0/152
Guide Tree 2/16
#NNI moves:0/152
Guide Tree 3/16
#NNI moves:0/152
Guide Tree 4/16
#NNI moves:0/152
Guide Tree 5/16
#NNI moves:0/152
Guide Tree 6/16
#NNI moves:0/152
Guide Tree 7/16
#NNI moves:0/152
Guide Tree 8/16
#NNI moves:0/152
Guide Tree 9/16
#NNI moves:0/152
Guide Tree 10/16
#NNI moves:0/152
Guide Tree 11/16
#NNI moves:0/152
Guide Tree 12/16
#NNI moves:0/152
Guide Tree 13/16
#NNI moves:0/152
Guide Tree 14/16
#NNI moves:0/152
Guide Tree 15/16
#NNI moves:0/152
Remaining: 0
#NNI moves:0/152
#NNI moves:0/152
((((((((((((((((66,79),(44,60)),(52,(74,1))),((56,82),(38,33))),((((30,87),34),53),(17,13))),(10,22)),(((49,(72,69)),(46,(88,28))),3)),(((((18,62),(85,(((48,4),8),((19,47),(7,43))))),((27,5),2)),((6,(39,83)),((65,76),55))),((((67,70),9),(71,(16,15))),36))),((((((14,(23,31)),50),(24,42)),(29,(21,89))),73),((77,12),(((81,26),63),((32,68),(61,64)))))),(((((40,25),(58,41)),(((45,80),((57,84),(54,75))),(((51,86),35),78))),((20,37),59)),11)),(100,95)),((91,93),98)),((92,97),99)),96),90),94);
Guide Tree 0/16
#NNI moves:0/152
Guide Tree 1/16
#NNI moves:0/152
Guide Tree 2/16
#NNI moves:0/152
Guide Tree 3/16
#NNI moves:0/152
Guide Tree 4/16
#NNI moves:0/152
Guide Tree 5/16
#NNI moves:0/152
Guide Tree 6/16
#NNI moves:0/152
Guide Tree 7/16
#NNI moves:0/152
Guide Tree 8/16
#NNI moves:0/152
Guide Tree 9/16
#NNI moves:0/152
Guide Tree 10/16
#NNI moves:0/152
Guide Tree 11/16
#NNI moves:0/152
Guide Tree 12/16
#NNI moves:0/152
Guide Tree 13/16
#NNI moves:0/152
Guide Tree 14/16
#NNI moves:0/152
Guide Tree 15/16
#NNI moves:0/152
Remaining: 0
#NNI moves:0/152
#NNI moves:0/152
(((((((((((((((((4,48),8),((7,43),(19,47))),85),(62,18)),((5,27),2)),((55,(76,65)),(6,(39,83)))),(((71,(16,15)),(9,(70,67))),36)),((3,(((69,72),49),((28,88),46))),((22,10),(((((66,79),(44,60)),(52,(74,1))),((56,82),(33,38))),((53,(34,(87,30))),(17,13)))))),(((((42,24),(50,((31,23),14))),(29,(89,21))),73),((((68,32),(64,61)),(63,(81,26))),(12,77)))),(((((((75,54),(57,84)),(80,45)),((35,(86,51)),78)),((40,25),(41,58))),(59,(20,37))),11)),(100,95)),((91,93),98)),(99,(92,97))),96),90),94);
Guide Tree 0/16
#NNI moves:0/152
Guide Tree 1/16
#NNI moves:0/152
Guide Tree 2/16
#NNI moves:0/152
Guide Tree 3/16
#NNI moves:0/152
Guide Tree 4/16
#NNI moves:0/152
Guide Tree 5/16
#NNI moves:0/152
Guide Tree 6/16
#NNI moves:0/152
Guide Tree 7/16
#NNI moves:0/152
Guide Tree 8/16
#NNI moves:0/152
Guide Tree 9/16
#NNI moves:0/152
Guide Tree 10/16
#NNI moves:0/152
Guide Tree 11/16
#NNI moves:0/152
Guide Tree 12/16
#NNI moves:0/152
Guide Tree 13/16
#NNI moves:0/152
Guide Tree 14/16
#NNI moves:0/152
Guide Tree 15/16
#NNI moves:0/152
Remaining: 0
#NNI moves:0/152
#NNI moves:0/152
(((((((((((((((82,56),(33,38)),(((79,66),(60,44)),(52,(1,74)))),((13,17),(53,(34,(30,87))))),(22,10)),((((88,28),46),(49,(69,72))),3)),((((55,(76,65)),((83,39),6)),(((27,5),2),((18,62),((((4,48),8),((43,7),(47,19))),85)))),(((9,(70,67)),(71,(16,15))),36))),(((((24,42),(((23,31),14),50)),((89,21),29)),73),((77,12),((63,(26,81)),((32,68),(64,61)))))),(((((25,40),(58,41)),((((86,51),35),78),((45,80),((57,84),(75,54))))),((37,20),59)),11)),(95,100)),((93,91),98)),((97,92),99)),96),90),94);
Initial score: 1.56936e+09
Initial tree: (((((((((((((((82,56),(33,38)),(((79,66),(60,44)),(52,(1,74)))),((13,17),(53,(34,(30,87))))),(22,10)),((((88,28),46),(49,(69,72))),3)),((((55,(76,65)),((83,39),6)),(((27,5),2),((18,62),((((4,48),8),((43,7),(47,19))),85)))),(((9,(70,67)),(71,(16,15))),36))),(((((24,42),(((23,31),14),50)),((89,21),29)),73),((77,12),((63,(26,81)),((32,68),(64,61)))))),(((((25,40),(58,41)),((((86,51),35),78),((45,80),((57,84),(75,54))))),((37,20),59)),11)),(95,100)),((93,91),98)),((97,92),99)),96),90),94);
*** Subsample Process ***
Use two-step algorithm!
#NNI moves:0/152
Remaining: 0
#NNI moves:0/152
#NNI moves:0/152
((((((((((((((((80,45),((54,75),(57,84))),((35,(86,51)),78)),((25,40),(58,41))),((20,37),59)),11),((((91,93),98),(((90,94),96),((97,92),99))),(100,95))),(((((42,24),(50,((31,23),14))),((89,21),29)),73),((((81,26),63),((32,68),(64,61))),(12,77)))),((((((((4,48),8),((43,7),(19,47))),85),(62,18)),(2,(27,5))),(((39,83),6),((76,65),55))),(36,((9,(67,70)),((15,16),71))))),((((69,72),49),((88,28),46)),3)),(10,22)),((17,13),(53,((87,30),34)))),(((79,66),(44,60)),((74,1),52))),(56,82)),38),33);
#NNI moves:0/152
Remaining: 0
#NNI moves:0/152
#NNI moves:0/152
((((((((((((((((79,66),(60,44)),((1,74),52)),((38,33),(56,82))),((13,17),(((87,30),34),53))),(22,10)),((((69,72),49),(46,(28,88))),3)),((((((((48,4),8),((43,7),(47,19))),85),(62,18)),(2,(5,27))),(((83,39),6),((76,65),55))),((((70,67),9),((16,15),71)),36))),(((((64,61),(32,68)),((81,26),63)),(77,12)),((((21,89),29),((24,42),((14,(23,31)),50))),73))),(((((40,25),(58,41)),(((80,45),((75,54),(57,84))),((35,(86,51)),78))),(59,(37,20))),11)),(100,95)),(98,(91,93))),((92,97),99)),96),94),90);
#NNI moves:0/152
Remaining: 0
#NNI moves:0/152
#NNI moves:0/152
((((((((((((((((25,40),(41,58)),((((51,86),35),78),((80,45),((75,54),(84,57))))),((20,37),59)),11),(((((92,97),99),((94,90),96)),((91,93),98)),(100,95))),(((((50,((31,23),14)),(24,42)),((21,89),29)),73),((((81,26),63),((32,68),(64,61))),(77,12)))),(((((76,65),55),((83,39),6)),((((((47,19),(43,7)),(8,(48,4))),85),(62,18)),((5,27),2))),((((67,70),9),((16,15),71)),36))),((((69,72),49),((28,88),46)),3)),(10,22)),(((34,(87,30)),53),(13,17))),((38,33),(56,82))),((1,74),52)),(60,44)),66),79);
#NNI moves:0/152
Remaining: 0
#NNI moves:0/152
#NNI moves:0/152
((((((((((((((((30,87),34),53),(17,13)),(((82,56),(33,38)),(((44,60),(66,79)),((1,74),52)))),(10,22)),(3,(((72,69),49),((88,28),46)))),(((((70,67),9),((16,15),71)),36),(((((((43,7),(47,19)),((4,48),8)),85),(18,62)),((5,27),2)),(((83,39),6),((76,65),55))))),(((((42,24),(((23,31),14),50)),((89,21),29)),73),((((68,32),(64,61)),((26,81),63)),(12,77)))),((((((35,(51,86)),78),(((57,84),(54,75)),(80,45))),((58,41),(25,40))),((37,20),59)),11)),(95,100)),(98,(93,91))),(96,(90,94))),99),97),92);
Current score: 1.56936e+09
Current tree: ((90,(96,(((((((((((((30,87),34),53),(17,13)),(((82,56),(33,38)),(((44,60),(66,79)),((1,74),52)))),(10,22)),(3,(((72,69),49),((88,28),46)))),(((((70,67),9),((16,15),71)),36),(((((((43,7),(47,19)),((4,48),8)),85),(18,62)),((5,27),2)),(((83,39),6),((76,65),55))))),(((((42,24),(((23,31),14),50)),((89,21),29)),73),((((68,32),(64,61)),((26,81),63)),(12,77)))),((((((35,(51,86)),78),(((57,84),(54,75)),(80,45))),((58,41),(25,40))),((37,20),59)),11)),(95,100)),(98,(93,91))),(99,(97,92))))),94);
Final Tree: ((90,(96,(((((((((((((30,87),34),53),(17,13)),(((82,56),(33,38)),(((44,60),(66,79)),((1,74),52)))),(10,22)),(3,(((72,69),49),((88,28),46)))),(((((70,67),9),((16,15),71)),36),(((((((43,7),(47,19)),((4,48),8)),85),(18,62)),((5,27),2)),(((83,39),6),((76,65),55))))),(((((42,24),(((23,31),14),50)),((89,21),29)),73),((((68,32),(64,61)),((26,81),63)),(12,77)))),((((((35,(51,86)),78),(((57,84),(54,75)),(80,45))),((58,41),(25,40))),((37,20),59)),11)),(95,100)),(98,(93,91))),(99,(97,92))))),94);
#EqQuartets: 1573577128
Score: 1569356325
ASTRAL for PaRalogs and Orthologs III (ASTRAL-Pro3)
*** NOW with integrated CASTLES-Pro ***
Version: v1.22.3.6
Read 512 genetrees and found 100 species.
#Genetrees: 999
#Duploss: 11853
#Species: 100
#Rounds: 4
#Samples: 4
#Threads: 1
Use two-step algorithm!
Guide Tree 0/16
#NNI moves:0/152
Guide Tree 1/16
#NNI moves:0/152
Guide Tree 2/16
#NNI moves:0/152
Guide Tree 3/16
#NNI moves:0/152
Guide Tree 4/16
#NNI moves:0/152
Guide Tree 5/16
#NNI moves:0/152
Guide Tree 6/16
#NNI moves:0/152
Guide Tree 7/16
#NNI moves:0/152
Guide Tree 8/16
#NNI moves:0/152
Guide Tree 9/16
#NNI moves:0/152
Guide Tree 10/16
#NNI moves:0/152
Guide Tree 11/16
#NNI moves:0/152
Guide Tree 12/16
#NNI moves:0/152
Guide Tree 13/16
#NNI moves:0/152
Guide Tree 14/16
#NNI moves:0/152
Guide Tree 15/16
#NNI moves:0/152
Remaining: 0
#NNI moves:0/152
#NNI moves:0/152
((((((((((((((((35,(50,98)),60),85),(19,20)),56),(((67,(51,92)),(42,29)),(71,81))),(((((53,88),64),(86,96)),94),37)),((89,59),((33,(24,72)),43))),(((((((55,47),(((61,77),66),26)),(30,39)),((((16,87),(80,52)),(23,17)),75)),(93,68)),(((69,79),73),8)),1)),((((45,(44,31)),(((14,63),25),(10,46))),(83,70)),(82,12))),((((90,(5,100)),78),18),(95,49))),((41,57),(62,4))),((((((97,9),54),((11,13),(76,7))),((91,22),58)),(((74,38),36),40)),(((3,48),(65,32)),(99,21)))),((27,2),(28,34))),(6,84)),15);
Guide Tree 0/16
#NNI moves:0/152
Guide Tree 1/16
#NNI moves:0/152
Guide Tree 2/16
#NNI moves:0/152
Guide Tree 3/16
#NNI moves:0/152
Guide Tree 4/16
#NNI moves:0/152
Guide Tree 5/16
#NNI moves:0/152
Guide Tree 6/16
#NNI moves:0/152
Guide Tree 7/16
#NNI moves:0/152
Guide Tree 8/16
#NNI moves:0/152
Guide Tree 9/16
#NNI moves:0/152
Guide Tree 10/16
#NNI moves:0/152
Guide Tree 11/16
#NNI moves:0/152
Guide Tree 12/16
#NNI moves:0/152
Guide Tree 13/16
#NNI moves:0/152
Guide Tree 14/16
#NNI moves:0/152
Guide Tree 15/16
#NNI moves:0/152
Remaining: 0
#NNI moves:0/152
#NNI moves:0/152
((((((((((((((((80,52),(16,87)),(17,23)),75),(((((77,61),66),26),(55,47)),(39,30))),(93,68)),(((69,79),73),8)),1),((((((((35,(98,50)),60),85),(20,19)),56),((81,71),((29,42),(67,(51,92))))),((((96,86),((88,53),64)),94),37)),((((72,24),33),43),(59,89)))),((82,12),((((46,10),(25,(63,14))),(45,(44,31))),(83,70)))),((49,95),((78,((100,5),90)),18))),((4,62),(57,41))),(((((54,(9,97)),((13,11),(7,76))),(58,(91,22))),(((74,38),36),40)),((21,99),((65,32),(3,48))))),((2,27),(34,28))),(6,84)),15);
Guide Tree 0/16
#NNI moves:0/152
Guide Tree 1/16
#NNI moves:0/152
Guide Tree 2/16
#NNI moves:0/152
Guide Tree 3/16
#NNI moves:0/152
Guide Tree 4/16
#NNI moves:0/152
Guide Tree 5/16
#NNI moves:0/152
Guide Tree 6/16
#NNI moves:0/152
Guide Tree 7/16
#NNI moves:0/152
Guide Tree 8/16
#NNI moves:0/152
Guide Tree 9/16
#NNI moves:0/152
Guide Tree 10/16
#NNI moves:0/152
Guide Tree 11/16
#NNI moves:0/152
Guide Tree 12/16
#NNI moves:0/152
Guide Tree 13/16
#NNI moves:0/152
Guide Tree 14/16
#NNI moves:0/152
Guide Tree 15/16
#NNI moves:0/152
Remaining: 0
#NNI moves:0/152
#NNI moves:0/152
(((((((((((((71,81),(((92,51),67),(42,29))),((((((50,98),35),60),85),(19,20)),56)),((((86,96),((88,53),64)),94),37)),((43,((24,72),33)),(89,59))),(((((69,79),73),8),((((((52,80),(16,87)),(17,23)),75),(((26,(66,(61,77))),(55,47)),(30,39))),(68,93))),1)),(((83,70),((((63,14),25),(46,10)),((31,44),45))),(82,12))),((95,49),((((5,100),90),78),18))),((4,62),(41,57))),(((((54,(97,9)),((13,11),(76,7))),(58,(22,91))),(((38,74),36),40)),(((65,32),(48,3)),(99,21)))),((34,28),(27,2))),(6,84)),15);
Guide Tree 0/16
#NNI moves:0/152
Guide Tree 1/16
#NNI moves:0/152
Guide Tree 2/16
#NNI moves:0/152
Guide Tree 3/16
#NNI moves:0/152
Guide Tree 4/16
#NNI moves:0/152
Guide Tree 5/16
#NNI moves:0/152
Guide Tree 6/16
#NNI moves:0/152
Guide Tree 7/16
#NNI moves:0/152
Guide Tree 8/16
#NNI moves:0/152
Guide Tree 9/16
#NNI moves:0/152
Guide Tree 10/16
#NNI moves:0/152
Guide Tree 11/16
#NNI moves:0/152
Guide Tree 12/16
#NNI moves:0/152
Guide Tree 13/16
#NNI moves:0/152
Guide Tree 14/16
#NNI moves:0/152
Guide Tree 15/16
#NNI moves:0/152
Remaining: 0
#NNI moves:0/152
#NNI moves:0/152
(((((((((((((((55,47),(((77,61),66),26)),(30,39)),(75,(((80,52),(87,16)),(23,17)))),(93,68)),(((79,69),73),8)),1),((((((64,(88,53)),(96,86)),94),37),((56,(((60,(35,(98,50))),85),(19,20))),(((67,(51,92)),(29,42)),(81,71)))),((((24,72),33),43),(89,59)))),((((((63,14),25),(10,46)),((44,31),45)),(83,70)),(82,12))),(((((100,5),90),78),18),(95,49))),((62,4),(41,57))),((((58,(22,91)),(((9,97),54),((76,7),(13,11)))),((36,(38,74)),40)),(((65,32),(3,48)),(21,99)))),((34,28),(2,27))),(6,84)),15);
Initial score: 1.4443e+09
Initial tree: (((((((((((((((55,47),(((77,61),66),26)),(30,39)),(75,(((80,52),(87,16)),(23,17)))),(93,68)),(((79,69),73),8)),1),((((((64,(88,53)),(96,86)),94),37),((56,(((60,(35,(98,50))),85),(19,20))),(((67,(51,92)),(29,42)),(81,71)))),((((24,72),33),43),(89,59)))),((((((63,14),25),(10,46)),((44,31),45)),(83,70)),(82,12))),(((((100,5),90),78),18),(95,49))),((62,4),(41,57))),((((58,(22,91)),(((9,97),54),((76,7),(13,11)))),((36,(38,74)),40)),(((65,32),(3,48)),(21,99)))),((34,28),(2,27))),(6,84)),15);
*** Subsample Process ***
Use two-step algorithm!
#NNI moves:0/152
Remaining: 0
#NNI moves:0/152
#NNI moves:0/152
(((((((((((((((((((76,7),(13,11)),((9,97),54)),((22,91),58)),((36,(38,74)),40)),(((65,32),(48,3)),(99,21))),(((34,28),(27,2)),((6,84),15))),((41,57),(4,62))),((95,49),(((90,(100,5)),78),18))),(((((31,44),45),((10,46),((14,63),25))),(70,83)),(12,82))),(((((((51,92),67),(42,29)),(81,71)),(((85,(((98,50),35),60)),(19,20)),56)),((((86,96),((88,53),64)),94),37)),((((24,72),33),43),(89,59)))),1),(((79,69),73),8)),(93,68)),((((16,87),(52,80)),(17,23)),75)),(39,30)),((66,(61,77)),26)),47),55);
#NNI moves:0/152
Remaining: 0
#NNI moves:0/152
#NNI moves:0/152
(((((((((((((((19,20),((60,(35,(98,50))),85)),56),((((92,51),67),(42,29)),(71,81))),(37,(((86,96),((88,53),64)),94))),(((33,(24,72)),43),(89,59))),((((((((66,(77,61)),26),(47,55)),(30,39)),(75,((17,23),((16,87),(52,80))))),(68,93)),(((69,79),73),8)),1)),(((((44,31),45),(((14,63),25),(46,10))),(83,70)),(82,12))),((((90,(5,100)),78),18),(95,49))),((57,41),(4,62))),((((((76,7),(11,13)),(54,(97,9))),((91,22),58)),(((74,38),36),40)),(((48,3),(32,65)),(21,99)))),((28,34),(27,2))),15),84),6);
#NNI moves:0/152
Remaining: 0
#NNI moves:0/152
#NNI moves:0/152
((((((((((((((((((76,7),(11,13)),((9,97),54)),(58,(91,22))),(((74,38),36),40)),((99,21),((32,65),(3,48)))),(((28,34),(27,2)),(15,(6,84)))),((57,41),(4,62))),((18,(78,((5,100),90))),(49,95))),((((((14,63),25),(46,10)),((44,31),45)),(83,70)),(82,12))),(((((((47,55),((66,(77,61)),26)),(39,30)),(((23,17),((16,87),(52,80))),75)),(68,93)),(((79,69),73),8)),1)),((((72,24),33),43),(59,89))),(((((53,88),64),(86,96)),94),37)),(((29,42),((92,51),67)),(71,81))),56),(((35,(98,50)),60),85)),20),19);
#NNI moves:0/152
Remaining: 0
#NNI moves:0/152
#NNI moves:0/152
(((((((((((((((67,(51,92)),(42,29)),(81,71)),((((60,((50,98),35)),85),(20,19)),56)),(((((88,53),64),(86,96)),94),37)),((((24,72),33),43),(59,89))),(((((((55,47),(26,((61,77),66))),(30,39)),((((87,16),(80,52)),(23,17)),75)),(93,68)),((73,(79,69)),8)),1)),(((((44,31),45),(((14,63),25),(10,46))),(83,70)),(12,82))),(((((5,100),90),78),18),(95,49))),((62,4),(41,57))),(((((74,38),36),40),((58,(22,91)),((54,(97,9)),((7,76),(11,13))))),(((65,32),(48,3)),(21,99)))),((84,6),15)),(34,28)),27),2);
Current score: 1.4443e+09
Current tree: (((84,6),((((((((((((67,(51,92)),(42,29)),(81,71)),((((60,((50,98),35)),85),(20,19)),56)),(((((88,53),64),(86,96)),94),37)),((((24,72),33),43),(59,89))),(((((((55,47),(26,((61,77),66))),(30,39)),((((87,16),(80,52)),(23,17)),75)),(93,68)),((73,(79,69)),8)),1)),(((((44,31),45),(((14,63),25),(10,46))),(83,70)),(12,82))),(((((5,100),90),78),18),(95,49))),((62,4),(41,57))),(((((74,38),36),40),((58,(22,91)),((54,(97,9)),((7,76),(11,13))))),(((65,32),(48,3)),(21,99)))),((34,28),(27,2)))),15);
Final Tree: (((84,6),((((((((((((67,(51,92)),(42,29)),(81,71)),((((60,((50,98),35)),85),(20,19)),56)),(((((88,53),64),(86,96)),94),37)),((((24,72),33),43),(59,89))),(((((((55,47),(26,((61,77),66))),(30,39)),((((87,16),(80,52)),(23,17)),75)),(93,68)),((73,(79,69)),8)),1)),(((((44,31),45),(((14,63),25),(10,46))),(83,70)),(12,82))),(((((5,100),90),78),18),(95,49))),((62,4),(41,57))),(((((74,38),36),40),((58,(22,91)),((54,(97,9)),((7,76),(11,13))))),(((65,32),(48,3)),(21,99)))),((34,28),(27,2)))),15);
#EqQuartets: 1450099493
Score: 1444297969
ASTRAL for PaRalogs and Orthologs III (ASTRAL-Pro3)
*** NOW with integrated CASTLES-Pro ***
Version: v1.22.3.6
Read 512 genetrees and found 100 species.
#Genetrees: 999
#Duploss: 11906
#Species: 100
#Rounds: 4
#Samples: 4
#Threads: 1
Use two-step algorithm!
Guide Tree 0/16
#NNI moves:0/152
Guide Tree 1/16
#NNI moves:0/152
Guide Tree 2/16
#NNI moves:0/152
Guide Tree 3/16
#NNI moves:0/152
Guide Tree 4/16
#NNI moves:0/152
Guide Tree 5/16
#NNI moves:0/152
Guide Tree 6/16
#NNI moves:0/152
Guide Tree 7/16
#NNI moves:0/152
Guide Tree 8/16
#NNI moves:0/152
Guide Tree 9/16
#NNI moves:0/152
Guide Tree 10/16
#NNI moves:0/152
Guide Tree 11/16
#NNI moves:0/152
Guide Tree 12/16
#NNI moves:0/152
Guide Tree 13/16
#NNI moves:0/152
Guide Tree 14/16
#NNI moves:0/152
Guide Tree 15/16
#NNI moves:0/152
Remaining: 0
#NNI moves:0/152
#NNI moves:0/152
(((((((((((((82,53),68),(((((78,21),49),27),32),((96,83),50))),(46,41)),((86,54),65)),29),(((90,20),((((((72,24),99),33),((93,(64,43)),80)),(81,62)),22)),(((((47,98),35),44),60),(((30,67),(36,71)),59)))),(((((((57,37),25),(76,70)),77),55),(((40,88),(58,38)),((85,74),89))),((52,((45,61),((84,73),69))),42))),(34,(87,31))),((((((63,66),100),(48,56)),23),(((91,95),(79,28)),97)),26)),(((75,94),39),(92,51))),(((((((7,(8,18)),17),2),19),(((13,12),15),(14,10))),(5,(3,6))),(((16,11),9),1))),4);
Guide Tree 0/16
#NNI moves:0/152
Guide Tree 1/16
#NNI moves:0/152
Guide Tree 2/16
#NNI moves:0/152
Guide Tree 3/16
#NNI moves:0/152
Guide Tree 4/16
#NNI moves:0/152
Guide Tree 5/16
#NNI moves:0/152
Guide Tree 6/16
#NNI moves:0/152
Guide Tree 7/16
#NNI moves:0/152
Guide Tree 8/16
#NNI moves:0/152
Guide Tree 9/16
#NNI moves:0/152
Guide Tree 10/16
#NNI moves:0/152
Guide Tree 11/16
#NNI moves:0/152
Guide Tree 12/16
#NNI moves:0/152
Guide Tree 13/16
#NNI moves:0/152
Guide Tree 14/16
#NNI moves:0/152
Guide Tree 15/16
#NNI moves:0/152
Remaining: 0
#NNI moves:0/152
#NNI moves:0/152
(((((((10,14),(15,(13,12))),((((7,(18,8)),17),2),19)),((6,3),5)),((9,(16,11)),1)),((((((((((35,(98,47)),44),60),(((67,30),(36,71)),59)),((90,20),((((33,((24,72),99)),(((43,64),93),80)),(62,81)),22))),((((((82,53),68),(((27,((21,78),49)),32),(50,(96,83)))),(41,46)),((54,86),65)),29)),(((((40,88),(38,58)),((74,85),89)),(55,((((37,57),25),(76,70)),77))),(42,(((45,61),((84,73),69)),52)))),((87,31),34)),(((((28,79),(95,91)),97),(23,(((63,66),100),(56,48)))),26)),((92,51),(39,(75,94))))),4);
Guide Tree 0/16
#NNI moves:0/152
Guide Tree 1/16
#NNI moves:0/152
Guide Tree 2/16
#NNI moves:0/152
Guide Tree 3/16
#NNI moves:0/152
Guide Tree 4/16
#NNI moves:0/152
Guide Tree 5/16
#NNI moves:0/152
Guide Tree 6/16
#NNI moves:0/152
Guide Tree 7/16
#NNI moves:0/152
Guide Tree 8/16
#NNI moves:0/152
Guide Tree 9/16
#NNI moves:0/152
Guide Tree 10/16
#NNI moves:0/152
Guide Tree 11/16
#NNI moves:0/152
Guide Tree 12/16
#NNI moves:0/152
Guide Tree 13/16
#NNI moves:0/152
Guide Tree 14/16
#NNI moves:0/152
Guide Tree 15/16
#NNI moves:0/152
Remaining: 0
#NNI moves:0/152
#NNI moves:0/152
(((((((((((((50,(96,83)),(32,((49,(78,21)),27))),((53,82),68)),(46,41)),((86,54),65)),29),((((((80,((64,43),93)),(((24,72),99),33)),(62,81)),22),(90,20)),((((35,(47,98)),44),60),(59,((71,36),(30,67)))))),(((((40,88),(38,58)),(89,(74,85))),(55,((((57,37),25),(70,76)),77))),(((((73,84),69),(45,61)),52),42))),(34,(87,31))),(((((79,28),(95,91)),97),((((66,63),100),(48,56)),23)),26)),(((75,94),39),(51,92))),(((((10,14),((13,12),15)),(((((18,8),7),17),2),19)),((6,3),5)),((9,(11,16)),1))),4);
Guide Tree 0/16
#NNI moves:0/152
Guide Tree 1/16
#NNI moves:0/152
Guide Tree 2/16
#NNI moves:0/152
Guide Tree 3/16
#NNI moves:0/152
Guide Tree 4/16
#NNI moves:0/152
Guide Tree 5/16
#NNI moves:0/152
Guide Tree 6/16
#NNI moves:0/152
Guide Tree 7/16
#NNI moves:0/152
Guide Tree 8/16
#NNI moves:0/152
Guide Tree 9/16
#NNI moves:0/152
Guide Tree 10/16
#NNI moves:0/152
Guide Tree 11/16
#NNI moves:0/152
Guide Tree 12/16
#NNI moves:0/152
Guide Tree 13/16
#NNI moves:0/152
Guide Tree 14/16
#NNI moves:0/152
Guide Tree 15/16
#NNI moves:0/152
Remaining: 0
#NNI moves:0/152
#NNI moves:0/152
((((((((((((70,76),((57,37),25)),77),55),(((88,40),(58,38)),((85,74),89))),(42,(52,(((84,73),69),(61,45))))),((((((71,36),(30,67)),59),((((47,98),35),44),60)),(((((33,(99,(72,24))),((93,(43,64)),80)),(62,81)),22),(90,20))),((((((32,(((21,78),49),27)),(50,(96,83))),((82,53),68)),(46,41)),(65,(54,86))),29))),((31,87),34)),(((((100,(66,63)),(48,56)),23),(((95,91),(79,28)),97)),26)),((39,(75,94)),(92,51))),((((19,(2,(((18,8),7),17))),(((12,13),15),(14,10))),((3,6),5)),(1,((16,11),9)))),4);
Initial score: 1.56525e+09
Initial tree: ((((((((((((70,76),((57,37),25)),77),55),(((88,40),(58,38)),((85,74),89))),(42,(52,(((84,73),69),(61,45))))),((((((71,36),(30,67)),59),((((47,98),35),44),60)),(((((33,(99,(72,24))),((93,(43,64)),80)),(62,81)),22),(90,20))),((((((32,(((21,78),49),27)),(50,(96,83))),((82,53),68)),(46,41)),(65,(54,86))),29))),((31,87),34)),(((((100,(66,63)),(48,56)),23),(((95,91),(79,28)),97)),26)),((39,(75,94)),(92,51))),((((19,(2,(((18,8),7),17))),(((12,13),15),(14,10))),((3,6),5)),(1,((16,11),9)))),4);
*** Subsample Process ***
Use two-step algorithm!
#NNI moves:0/152
Remaining: 0
#NNI moves:0/152
#NNI moves:0/152
((((((((((((((((((24,72),99),33),(((64,43),93),80)),(62,81)),22),(90,20)),(((((47,98),35),44),60),(((67,30),(71,36)),59))),(29,(((((32,(((21,78),49),27)),((83,96),50)),((53,82),68)),(41,46)),((54,86),65)))),((((((1,(9,(11,16))),((((2,(((18,8),7),17)),19),(((12,13),15),(10,14))),((6,3),5))),4),(((75,94),39),(51,92))),((((((66,63),100),(48,56)),23),(((91,95),(28,79)),97)),26)),((87,31),34))),((((45,61),((84,73),69)),52),42)),(((88,40),(58,38)),(89,(74,85)))),55),77),(70,76)),25),37),57);
#NNI moves:0/152
Remaining: 0
#NNI moves:0/152
#NNI moves:0/152
((((((((((((((((((53,82),68),((((49,(78,21)),27),32),((96,83),50))),(46,41)),(65,(54,86))),29),((((((47,98),35),44),60),(((30,67),(71,36)),59)),((22,(((((24,72),99),33),(80,((64,43),93))),(62,81))),(20,90)))),((((((70,76),((37,57),25)),77),55),(((40,88),(58,38)),(89,(85,74)))),((((69,(84,73)),(45,61)),52),42))),((31,87),34)),((((((63,66),100),(48,56)),23),(((91,95),(28,79)),97)),26)),((39,(94,75)),(92,51))),4),(((11,16),9),1)),(5,(6,3))),((10,14),((12,13),15))),19),(17,((8,18),7))),2);
#NNI moves:0/152
Remaining: 0
#NNI moves:0/152
#NNI moves:0/152
(((((((((((((((((((17,(7,(18,8))),2),19),((15,(12,13)),(10,14))),(5,(6,3))),(1,(9,(16,11)))),4),(((94,75),39),(51,92))),(((((100,(63,66)),(48,56)),23),(97,((79,28),(95,91)))),26)),((31,87),34)),(((((88,40),(58,38)),((85,74),89)),((((25,(57,37)),(70,76)),77),55)),((((45,61),((84,73),69)),52),42))),(((((36,71),(67,30)),59),((((47,98),35),44),60)),((90,20),((((((43,64),93),80),(((72,24),99),33)),(81,62)),22)))),29),((54,86),65)),(46,41)),(((27,((78,21),49)),32),((96,83),50))),68),82),53);
#NNI moves:0/152
Remaining: 0
#NNI moves:0/152
#NNI moves:0/152
(((((((((((((((((((((93,(64,43)),80),((99,(72,24)),33)),(62,81)),22),(90,20)),((60,(((98,47),35),44)),(((30,67),(36,71)),59))),((((((((49,(21,78)),27),32),((96,83),50)),(68,(53,82))),(41,46)),(65,(86,54))),29)),(((((58,38),(88,40)),((85,74),89)),(((((57,37),25),(76,70)),77),55)),(((((73,84),69),(61,45)),52),42))),((31,87),34)),(((((79,28),(95,91)),97),((((66,63),100),(48,56)),23)),26)),(((75,94),39),(92,51))),4),(((11,16),9),1)),((3,6),5)),((14,10),((12,13),15))),19),2),17),(18,8)),7);
Current score: 1.56525e+09
Current tree: ((((((((((((((93,(64,43)),80),((99,(72,24)),33)),(62,81)),22),(90,20)),((60,(((98,47),35),44)),(((30,67),(36,71)),59))),((((((((49,(21,78)),27),32),((96,83),50)),(68,(53,82))),(41,46)),(65,(86,54))),29)),(((((58,38),(88,40)),((85,74),89)),(((((57,37),25),(76,70)),77),55)),(((((73,84),69),(61,45)),52),42))),((31,87),34)),(((((79,28),(95,91)),97),((((66,63),100),(48,56)),23)),26)),(((75,94),39),(92,51))),((((11,16),9),1),(((3,6),5),(((14,10),((12,13),15)),(19,(2,(17,((18,8),7)))))))),4);
Final Tree: ((((((((((((((93,(64,43)),80),((99,(72,24)),33)),(62,81)),22),(90,20)),((60,(((98,47),35),44)),(((30,67),(36,71)),59))),((((((((49,(21,78)),27),32),((96,83),50)),(68,(53,82))),(41,46)),(65,(86,54))),29)),(((((58,38),(88,40)),((85,74),89)),(((((57,37),25),(76,70)),77),55)),(((((73,84),69),(61,45)),52),42))),((31,87),34)),(((((79,28),(95,91)),97),((((66,63),100),(48,56)),23)),26)),(((75,94),39),(92,51))),((((11,16),9),1),(((3,6),5),(((14,10),((12,13),15)),(19,(2,(17,((18,8),7)))))))),4);
#EqQuartets: 1567930196
Score: 1565253329
ASTRAL for PaRalogs and Orthologs III (ASTRAL-Pro3)
*** NOW with integrated CASTLES-Pro ***
Version: v1.22.3.6
Read 512 genetrees and found 100 species.
#Genetrees: 1000
#Duploss: 12345
#Species: 100
#Rounds: 4
#Samples: 4
#Threads: 1
Use two-step algorithm!
Guide Tree 0/16
#NNI moves:0/152
Guide Tree 1/16
#NNI moves:0/152
Guide Tree 2/16
#NNI moves:0/152
Guide Tree 3/16
#NNI moves:0/152
Guide Tree 4/16
#NNI moves:0/152
Guide Tree 5/16
#NNI moves:0/152
Guide Tree 6/16
#NNI moves:0/152
Guide Tree 7/16
#NNI moves:0/152
Guide Tree 8/16
#NNI moves:0/152
Guide Tree 9/16
#NNI moves:0/152
Guide Tree 10/16
#NNI moves:0/152
Guide Tree 11/16
#NNI moves:0/152
Guide Tree 12/16
#NNI moves:0/152
Guide Tree 13/16
#NNI moves:0/152
Guide Tree 14/16
#NNI moves:0/152
Guide Tree 15/16
#NNI moves:0/152
Remaining: 0
#NNI moves:0/152
#NNI moves:0/152
((((((((((((70,38),52),100),89),((((((83,90),(65,(36,97))),((31,(92,40)),76)),(((73,34),42),(53,69))),44),(43,71))),(((((28,(81,(55,60))),84),63),((((26,57),((45,78),(47,80))),(54,56)),94)),((27,(74,79)),((((66,29),88),(67,93)),(32,(61,82)))))),49),30),(((((2,7),(((4,15),9),(11,20))),(((16,19),(18,23)),((24,21),(10,1)))),(3,13)),(((6,5),22),((14,8),(12,17))))),(((48,50),(77,72)),((((35,75),(58,33)),99),(((64,39),51),85)))),((((((87,41),95),(98,46)),(86,25)),(62,96)),((37,59),68))),91);
Guide Tree 0/16
#NNI moves:0/152
Guide Tree 1/16
#NNI moves:0/152
Guide Tree 2/16
#NNI moves:0/152
Guide Tree 3/16
#NNI moves:0/152
Guide Tree 4/16
#NNI moves:0/152
Guide Tree 5/16
#NNI moves:0/152
Guide Tree 6/16
#NNI moves:0/152
Guide Tree 7/16
#NNI moves:0/152
Guide Tree 8/16
#NNI moves:0/152
Guide Tree 9/16
#NNI moves:0/152
Guide Tree 10/16
#NNI moves:0/152
Guide Tree 11/16
#NNI moves:0/152
Guide Tree 12/16
#NNI moves:0/152
Guide Tree 13/16
#NNI moves:0/152
Guide Tree 14/16
#NNI moves:0/152
Guide Tree 15/16
#NNI moves:0/152
Remaining: 0
#NNI moves:4/152
#NNI moves:8/152
((((((((((94,(((26,57),((78,45),(47,80))),(56,54))),(((((60,55),81),28),84),63)),((27,(79,74)),((((66,29),88),(93,67)),((61,82),32)))),(((((70,38),52),100),89),(((((((40,92),31),76),((65,(36,97)),(83,90))),(((34,73),42),(53,69))),44),(71,43)))),49),30),((((5,6),22),((12,17),(8,14))),(((((20,11),((15,4),9)),(7,2)),(((23,18),(19,16)),((10,1),(21,24)))),(13,3)))),(((((33,58),(75,35)),99),(((64,39),51),85)),((72,77),(50,48)))),(((96,62),((((87,41),95),(98,46)),(86,25))),(68,(37,59)))),91);
Guide Tree 0/16
#NNI moves:0/152
Guide Tree 1/16
#NNI moves:0/152
Guide Tree 2/16
#NNI moves:0/152
Guide Tree 3/16
#NNI moves:0/152
Guide Tree 4/16
#NNI moves:0/152
Guide Tree 5/16
#NNI moves:0/152
Guide Tree 6/16
#NNI moves:0/152
Guide Tree 7/16
#NNI moves:0/152
Guide Tree 8/16
#NNI moves:0/152
Guide Tree 9/16
#NNI moves:0/152
Guide Tree 10/16
#NNI moves:0/152
Guide Tree 11/16
#NNI moves:0/152
Guide Tree 12/16
#NNI moves:0/152
Guide Tree 13/16
#NNI moves:0/152
Guide Tree 14/16
#NNI moves:0/152
Guide Tree 15/16
#NNI moves:0/152
Remaining: 0
#NNI moves:0/152
#NNI moves:0/152
((((((((((((54,56),(((80,47),(78,45)),(26,57))),94),(((((55,60),81),28),84),63)),(((((66,29),88),(93,67)),((82,61),32)),(27,(79,74)))),((((((53,69),(42,(73,34))),(((90,83),((97,36),65)),(76,(31,(40,92))))),44),(43,71)),(((52,(70,38)),100),89))),49),30),(((22,(5,6)),((8,14),(17,12))),(((((23,18),(16,19)),((10,1),(24,21))),((7,2),(((4,15),9),(11,20)))),(3,13)))),(((((58,33),(75,35)),99),(85,((39,64),51))),((48,50),(77,72)))),(((96,62),((((41,87),95),(98,46)),(86,25))),((37,59),68))),91);
Guide Tree 0/16
#NNI moves:0/152
Guide Tree 1/16
#NNI moves:0/152
Guide Tree 2/16
#NNI moves:0/152
Guide Tree 3/16
#NNI moves:0/152
Guide Tree 4/16
#NNI moves:0/152
Guide Tree 5/16
#NNI moves:0/152
Guide Tree 6/16
#NNI moves:0/152
Guide Tree 7/16
#NNI moves:0/152
Guide Tree 8/16
#NNI moves:0/152
Guide Tree 9/16
#NNI moves:0/152
Guide Tree 10/16
#NNI moves:0/152
Guide Tree 11/16
#NNI moves:0/152
Guide Tree 12/16
#NNI moves:0/152
Guide Tree 13/16
#NNI moves:0/152
Guide Tree 14/16
#NNI moves:0/152
Guide Tree 15/16
#NNI moves:0/152
Remaining: 0
#NNI moves:0/152
#NNI moves:0/152
((((((((((((82,61),32),(((29,66),88),(67,93))),((79,74),27)),((((((60,55),81),28),84),63),(((((45,78),(80,47)),(26,57)),(56,54)),94))),((((((76,(31,(40,92))),((83,90),((36,97),65))),((42,(73,34)),(53,69))),44),(43,71)),(89,(((70,38),52),100)))),49),30),((((((1,10),(21,24)),((16,19),(18,23))),((2,7),(((4,15),9),(20,11)))),(3,13)),(((5,6),22),((14,8),(12,17))))),(((50,48),(77,72)),((((75,35),(58,33)),99),((51,(64,39)),85)))),((((86,25),((98,46),((41,87),95))),(62,96)),((59,37),68))),91);
Initial score: 1.44971e+09
Initial tree: ((((((((((((82,61),32),(((29,66),88),(67,93))),((79,74),27)),((((((60,55),81),28),84),63),(((((45,78),(80,47)),(26,57)),(56,54)),94))),((((((76,(31,(40,92))),((83,90),((36,97),65))),((42,(73,34)),(53,69))),44),(43,71)),(89,(((70,38),52),100)))),49),30),((((((1,10),(21,24)),((16,19),(18,23))),((2,7),(((4,15),9),(20,11)))),(3,13)),(((5,6),22),((14,8),(12,17))))),(((50,48),(77,72)),((((75,35),(58,33)),99),((51,(64,39)),85)))),((((86,25),((98,46),((41,87),95))),(62,96)),((59,37),68))),91);
*** Subsample Process ***
Use two-step algorithm!
#NNI moves:0/152
Remaining: 0
#NNI moves:0/152
#NNI moves:0/152
((((((((((((((((2,7),(((4,15),9),(11,20))),(((10,1),(24,21)),((18,23),(19,16)))),(13,3)),(((8,14),(12,17)),((6,5),22))),((((48,50),(77,72)),((99,((35,75),(33,58))),(85,((39,64),51)))),((((((98,46),(95,(41,87))),(86,25)),(62,96)),((59,37),68)),91))),30),49),((((((((97,36),65),(90,83)),((31,(40,92)),76)),((42,(34,73)),(69,53))),44),(43,71)),((100,((38,70),52)),89))),(((((26,57),((47,80),(78,45))),(56,54)),94),(((((55,60),81),28),84),63))),((74,79),27)),(32,(82,61))),(67,93)),88),66),29);
#NNI moves:0/152
Remaining: 0
#NNI moves:0/152
#NNI moves:0/152
((((((((((((((((((((36,97),65),(90,83)),((31,(40,92)),76)),(((73,34),42),(69,53))),44),(71,43)),((100,((70,38),52)),89)),((((32,(82,61)),(((66,29),88),(67,93))),((74,79),27)),((((((80,47),(45,78)),(57,26)),(54,56)),94),(((((55,60),81),28),84),63)))),49),30),((((((1,10),(21,24)),((19,16),(18,23))),((((4,15),9),(11,20)),(2,7))),(13,3)),(((8,14),(17,12)),(22,(6,5))))),(((72,77),(50,48)),((((35,75),(33,58)),99),(((64,39),51),85)))),91),((59,37),68)),(96,62)),(25,86)),(95,(87,41))),46),98);
#NNI moves:0/152
Remaining: 0
#NNI moves:0/152
#NNI moves:0/152
((((((((((((((((72,77),(50,48)),((85,((39,64),51)),(((58,33),(75,35)),99))),((((62,96),((((87,41),95),(98,46)),(86,25))),(68,(59,37))),91)),((((((16,19),(18,23)),((1,10),(21,24))),((((4,15),9),(11,20)),(2,7))),(13,3)),(((14,8),(17,12)),(22,(5,6))))),30),49),((((((29,66),88),(67,93)),((61,82),32)),(27,(74,79))),(((((26,57),((78,45),(80,47))),(54,56)),94),((((81,(55,60)),28),84),63)))),((100,((70,38),52)),89)),(43,71)),44),(((34,73),42),(53,69))),(((36,97),65),(90,83))),76),(40,92)),31);
#NNI moves:2/152
Remaining: 0
#NNI moves:4/152
#NNI moves:4/152
(((((((((((((((((((26,57),((45,78),(47,80))),(56,54)),94),((84,((81,(55,60)),28)),63)),((((67,93),(88,(29,66))),(32,(61,82))),((79,74),27))),(((((((73,34),42),(53,69)),((((36,97),65),(90,83)),((31,(92,40)),76))),44),(43,71)),(89,((52,(38,70)),100)))),49),30),((((((20,11),((15,4),9)),(2,7)),(((23,18),(19,16)),((24,21),(10,1)))),(13,3)),(((6,5),22),((14,8),(12,17))))),(((48,50),(72,77)),((((58,33),(75,35)),99),((51,(39,64)),85)))),91),((59,37),68)),(62,96)),(25,86)),(46,98)),95),41),87);
Current score: 1.44971e+09
Current tree: (((((((((((((26,57),((45,78),(47,80))),(56,54)),94),((84,((81,(55,60)),28)),63)),((((67,93),(88,(29,66))),(32,(61,82))),((79,74),27))),(((((((73,34),42),(53,69)),((((36,97),65),(90,83)),((31,(92,40)),76))),44),(43,71)),(89,((52,(38,70)),100)))),49),30),((((((20,11),((15,4),9)),(2,7)),(((23,18),(19,16)),((24,21),(10,1)))),(13,3)),(((6,5),22),((14,8),(12,17))))),(((48,50),(72,77)),((((58,33),(75,35)),99),((51,(39,64)),85)))),(((59,37),68),((62,96),((25,86),((46,98),(95,(41,87))))))),91);
Final Tree: (((((((((((((26,57),((45,78),(47,80))),(56,54)),94),((84,((81,(55,60)),28)),63)),((((67,93),(88,(29,66))),(32,(61,82))),((79,74),27))),(((((((73,34),42),(53,69)),((((36,97),65),(90,83)),((31,(92,40)),76))),44),(43,71)),(89,((52,(38,70)),100)))),49),30),((((((20,11),((15,4),9)),(2,7)),(((23,18),(19,16)),((24,21),(10,1)))),(13,3)),(((6,5),22),((14,8),(12,17))))),(((48,50),(72,77)),((((58,33),(75,35)),99),((51,(39,64)),85)))),(((59,37),68),((62,96),((25,86),((46,98),(95,(41,87))))))),91);
#EqQuartets: 1452211100
Score: 1449705599
ASTRAL for PaRalogs and Orthologs III (ASTRAL-Pro3)
*** NOW with integrated CASTLES-Pro ***
Version: v1.22.3.6
Read 512 genetrees and found 100 species.
#Genetrees: 1000
#Duploss: 10822
#Species: 100
#Rounds: 4
#Samples: 4
#Threads: 1
Use two-step algorithm!
Guide Tree 0/16
#NNI moves:0/152
Guide Tree 1/16
#NNI moves:0/152
Guide Tree 2/16
#NNI moves:0/152
Guide Tree 3/16
#NNI moves:0/152
Guide Tree 4/16
#NNI moves:0/152
Guide Tree 5/16
#NNI moves:0/152
Guide Tree 6/16
#NNI moves:0/152
Guide Tree 7/16
#NNI moves:0/152
Guide Tree 8/16
#NNI moves:0/152
Guide Tree 9/16
#NNI moves:0/152
Guide Tree 10/16
#NNI moves:0/152
Guide Tree 11/16
#NNI moves:0/152
Guide Tree 12/16
#NNI moves:0/152
Guide Tree 13/16
#NNI moves:0/152
Guide Tree 14/16
#NNI moves:0/152
Guide Tree 15/16
#NNI moves:0/152
Remaining: 0
#NNI moves:0/152
#NNI moves:0/152
(((((((((((((99,((52,37),33)),((38,57),98)),(((((32,(77,75)),31),40),((83,61),94)),((95,63),(85,73)))),56),((((((3,9),11),18),(2,7)),27),((((20,19),8),((13,(24,10)),(12,(28,22)))),((1,((6,(14,30)),26)),(((((4,15),25),29),(5,((23,17),16))),21))))),((((((49,100),(78,(50,34))),54),(62,(64,91))),53),(((72,(((35,81),90),(71,60))),66),(74,51)))),(((79,42),97),(((80,67),(55,84)),88))),(((((41,(43,36)),(46,59)),70),(68,93)),(82,39))),((((76,44),45),65),((86,69),96))),((92,89),58)),47),87),48);
Guide Tree 0/16
#NNI moves:0/152
Guide Tree 1/16
#NNI moves:0/152
Guide Tree 2/16
#NNI moves:0/152
Guide Tree 3/16
#NNI moves:0/152
Guide Tree 4/16
#NNI moves:0/152
Guide Tree 5/16
#NNI moves:0/152
Guide Tree 6/16
#NNI moves:0/152
Guide Tree 7/16
#NNI moves:0/152
Guide Tree 8/16
#NNI moves:0/152
Guide Tree 9/16
#NNI moves:0/152
Guide Tree 10/16
#NNI moves:0/152
Guide Tree 11/16
#NNI moves:0/152
Guide Tree 12/16
#NNI moves:0/152
Guide Tree 13/16
#NNI moves:0/152
Guide Tree 14/16
#NNI moves:0/152
Guide Tree 15/16
#NNI moves:0/152
Remaining: 0
#NNI moves:0/152
#NNI moves:0/152
((((((((((((((94,(61,83)),((31,((75,77),32)),40)),((85,73),(63,95))),((99,(33,(37,52))),((38,57),98))),56),(((((20,19),8),(((22,28),12),((24,10),13))),((((((17,23),16),5),(((15,4),25),29)),21),((((14,30),6),26),1))),(27,(((11,(9,3)),18),(2,7))))),((((((49,100),((34,50),78)),54),((91,64),62)),53),((((((81,35),90),(71,60)),72),66),(74,51)))),((97,(79,42)),(((84,55),(80,67)),88))),(((93,68),(((59,46),((36,43),41)),70)),(39,82))),((96,(86,69)),(65,(45,(76,44))))),((92,89),58)),47),87),48);
Guide Tree 0/16
#NNI moves:0/152
Guide Tree 1/16
#NNI moves:0/152
Guide Tree 2/16
#NNI moves:0/152
Guide Tree 3/16
#NNI moves:0/152
Guide Tree 4/16
#NNI moves:0/152
Guide Tree 5/16
#NNI moves:0/152
Guide Tree 6/16
#NNI moves:0/152
Guide Tree 7/16
#NNI moves:0/152
Guide Tree 8/16
#NNI moves:0/152
Guide Tree 9/16
#NNI moves:0/152
Guide Tree 10/16
#NNI moves:0/152
Guide Tree 11/16
#NNI moves:0/152
Guide Tree 12/16
#NNI moves:0/152
Guide Tree 13/16
#NNI moves:0/152
Guide Tree 14/16
#NNI moves:0/152
Guide Tree 15/16
#NNI moves:0/152
Remaining: 0
#NNI moves:0/152
#NNI moves:0/152
((((((((((((((20,19),8),(((22,28),12),((10,24),13))),((((5,(16,(17,23))),((25,(15,4)),29)),21),(((6,(30,14)),26),1))),(((2,7),(((3,9),11),18)),27)),((((((52,37),33),99),((57,38),98)),(((94,(83,61)),(((32,(77,75)),31),40)),((85,73),(95,63)))),56)),((((62,(64,91)),(((100,49),(78,(50,34))),54)),53),((74,51),(66,(72,((60,71),((81,35),90))))))),((((55,84),(67,80)),88),(97,(79,42)))),(((((41,(36,43)),(46,59)),70),(93,68)),(39,82))),((96,(86,69)),(65,((76,44),45)))),((89,92),58)),47),87),48);
Guide Tree 0/16
#NNI moves:0/152
Guide Tree 1/16
#NNI moves:0/152
Guide Tree 2/16
#NNI moves:0/152
Guide Tree 3/16
#NNI moves:0/152
Guide Tree 4/16
#NNI moves:0/152
Guide Tree 5/16
#NNI moves:0/152
Guide Tree 6/16
#NNI moves:0/152
Guide Tree 7/16
#NNI moves:0/152
Guide Tree 8/16
#NNI moves:0/152
Guide Tree 9/16
#NNI moves:0/152
Guide Tree 10/16
#NNI moves:0/152
Guide Tree 11/16
#NNI moves:0/152
Guide Tree 12/16
#NNI moves:0/152
Guide Tree 13/16
#NNI moves:0/152
Guide Tree 14/16
#NNI moves:0/152
Guide Tree 15/16
#NNI moves:0/152
Remaining: 0
#NNI moves:0/152
#NNI moves:0/152
((((((((((((((((30,14),6),26),1),(((((17,23),16),5),(((4,15),25),29)),21)),(((19,20),8),((13,(24,10)),(12,(22,28))))),(27,((((3,9),11),18),(2,7)))),(((((73,85),(63,95)),((((32,(77,75)),31),40),((83,61),94))),((((37,52),33),99),((38,57),98))),56)),(((((64,91),62),((((50,34),78),(49,100)),54)),53),((66,(72,((71,60),(90,(81,35))))),(74,51)))),(((42,79),97),(((55,84),(80,67)),88))),((((((36,43),41),(59,46)),70),(93,68)),(39,82))),(((86,69),96),(((44,76),45),65))),(58,(89,92))),47),87),48);
Initial score: 1.56117e+09
Initial tree: ((((((((((((((((30,14),6),26),1),(((((17,23),16),5),(((4,15),25),29)),21)),(((19,20),8),((13,(24,10)),(12,(22,28))))),(27,((((3,9),11),18),(2,7)))),(((((73,85),(63,95)),((((32,(77,75)),31),40),((83,61),94))),((((37,52),33),99),((38,57),98))),56)),(((((64,91),62),((((50,34),78),(49,100)),54)),53),((66,(72,((71,60),(90,(81,35))))),(74,51)))),(((42,79),97),(((55,84),(80,67)),88))),((((((36,43),41),(59,46)),70),(93,68)),(39,82))),(((86,69),96),(((44,76),45),65))),(58,(89,92))),47),87),48);
*** Subsample Process ***
Use two-step algorithm!
#NNI moves:0/152
Remaining: 0
#NNI moves:0/152
#NNI moves:0/152
((((((((((((((58,(89,92)),((87,48),47)),((65,((44,76),45)),((86,69),96))),(((((41,(43,36)),(46,59)),70),(93,68)),(82,39))),((((55,84),(80,67)),88),(97,(79,42)))),((((((60,71),(90,(81,35))),72),66),(51,74)),((((64,91),62),(((100,49),((50,34),78)),54)),53))),(((((((32,(75,77)),31),40),((83,61),94)),((85,73),(95,63))),((99,(33,(52,37))),((57,38),98))),56)),((((11,(9,3)),18),(7,2)),27)),(((19,20),8),((13,(24,10)),((28,22),12)))),((26,(6,(30,14))),1)),21),((16,(17,23)),5)),((15,4),25)),29);
#NNI moves:0/152
Remaining: 0
#NNI moves:0/152
#NNI moves:0/152
((((((((((((((73,85),(63,95)),(((83,61),94),(40,(((75,77),32),31)))),((((37,52),33),99),((57,38),98))),56),(((((20,19),8),((13,(10,24)),((28,22),12))),(((26,(6,(30,14))),1),((((25,(4,15)),29),(5,(16,(17,23)))),21))),(((7,2),((11,(3,9)),18)),27))),((((((100,49),((34,50),78)),54),(62,(64,91))),53),(((((71,60),((81,35),90)),72),66),(74,51)))),((((80,67),(55,84)),88),(97,(79,42)))),(((68,93),((((43,36),41),(59,46)),70)),(82,39))),((96,(69,86)),(((44,76),45),65))),((92,89),58)),47),48),87);
#NNI moves:0/152
Remaining: 0
#NNI moves:0/152
#NNI moves:0/152
(((((((((((((((100,49),(78,(50,34))),54),((91,64),62)),53),(((72,((71,60),((81,35),90))),66),(74,51))),(((((68,93),(((46,59),((36,43),41)),70)),(39,82)),((((92,89),58),((48,87),47)),(((45,(44,76)),65),(96,(86,69))))),((88,((80,67),(84,55))),((79,42),97)))),(((((19,20),8),((12,(28,22)),(13,(10,24)))),(((((14,30),6),26),1),(((((15,4),25),29),(5,((23,17),16))),21))),((((11,(9,3)),18),(7,2)),27))),56),((99,(33,(37,52))),(98,(38,57)))),((73,85),(63,95))),((((77,75),32),31),40)),94),61),83);
#NNI moves:0/152
Remaining: 0
#NNI moves:0/152
#NNI moves:0/152
(((((((((((((((((4,15),25),29),((16,(23,17)),5)),21),(((6,(14,30)),26),1)),(((13,(24,10)),(12,(28,22))),(8,(19,20)))),(((2,7),(18,(11,(3,9)))),27)),((((99,((37,52),33)),((57,38),98)),(((((32,(77,75)),31),40),((61,83),94)),((95,63),(85,73)))),56)),((((54,(((50,34),78),(100,49))),((64,91),62)),53),(((((71,60),((35,81),90)),72),66),(74,51)))),(((42,79),97),(88,((55,84),(80,67))))),(((((41,(36,43)),(59,46)),70),(68,93)),(39,82))),(((69,86),96),(((44,76),45),65))),(47,(87,48))),58),89),92);
Current score: 1.56117e+09
Current tree: ((87,(47,((((((((((((((4,15),25),29),((16,(23,17)),5)),21),(((6,(14,30)),26),1)),(((13,(24,10)),(12,(28,22))),(8,(19,20)))),(((2,7),(18,(11,(3,9)))),27)),((((99,((37,52),33)),((57,38),98)),(((((32,(77,75)),31),40),((61,83),94)),((95,63),(85,73)))),56)),((((54,(((50,34),78),(100,49))),((64,91),62)),53),(((((71,60),((35,81),90)),72),66),(74,51)))),(((42,79),97),(88,((55,84),(80,67))))),(((((41,(36,43)),(59,46)),70),(68,93)),(39,82))),(((69,86),96),(((44,76),45),65))),(58,(89,92))))),48);
Final Tree: ((87,(47,((((((((((((((4,15),25),29),((16,(23,17)),5)),21),(((6,(14,30)),26),1)),(((13,(24,10)),(12,(28,22))),(8,(19,20)))),(((2,7),(18,(11,(3,9)))),27)),((((99,((37,52),33)),((57,38),98)),(((((32,(77,75)),31),40),((61,83),94)),((95,63),(85,73)))),56)),((((54,(((50,34),78),(100,49))),((64,91),62)),53),(((((71,60),((35,81),90)),72),66),(74,51)))),(((42,79),97),(88,((55,84),(80,67))))),(((((41,(36,43)),(59,46)),70),(68,93)),(39,82))),(((69,86),96),(((44,76),45),65))),(58,(89,92))))),48);
#EqQuartets: 1563108088
Score: 1561171683
