100taxa/DOI-10-13012-b2idb-5721322_v1/estimated/ntaxa-100.dlrate-0.0000000005.psize-50000000: 100taxa/DOI-10-13012-b2idb-5721322_v1/estimated/ntaxa-100.dlrate-0.0000000005.psize-50000000: Is a directory
100taxa/DOI-10-13012-b2idb-5721322_v1/estimated/ntaxa-100.dlrate-0.0000000005.psize-50000000: 100taxa/DOI-10-13012-b2idb-5721322_v1/estimated/ntaxa-100.dlrate-0.0000000005.psize-50000000: Is a directory
ASTRAL for PaRalogs and Orthologs III (ASTRAL-Pro3)
*** NOW with integrated CASTLES-Pro ***
Version: v1.22.3.6
Read 512 genetrees and found 100 species.
#Genetrees: 994
#Duploss: 29496
#Species: 100
#Rounds: 4
#Samples: 4
#Threads: 1
Use two-step algorithm!
Guide Tree 0/16
#NNI moves:0/152
Guide Tree 1/16
#NNI moves:0/152
Guide Tree 2/16
#NNI moves:0/152
Guide Tree 3/16
#NNI moves:0/152
Guide Tree 4/16
#NNI moves:0/152
Guide Tree 5/16
#NNI moves:0/152
Guide Tree 6/16
#NNI moves:0/152
Guide Tree 7/16
#NNI moves:0/152
Guide Tree 8/16
#NNI moves:0/152
Guide Tree 9/16
#NNI moves:0/152
Guide Tree 10/16
#NNI moves:0/152
Guide Tree 11/16
#NNI moves:0/152
Guide Tree 12/16
#NNI moves:0/152
Guide Tree 13/16
#NNI moves:0/152
Guide Tree 14/16
#NNI moves:0/152
Guide Tree 15/16
#NNI moves:0/152
Remaining: 0
#NNI moves:0/152
#NNI moves:0/152
(((((((((((((((((60,27),29),45),((26,56),53)),80),(((95,92),100),(43,13))),(78,(64,72))),(((22,48),(46,85)),((73,74),(84,59)))),(98,54)),(((24,65),((34,((69,55),35)),((40,86),70))),(((87,(21,90)),79),75))),((49,89),((32,96),57))),((((67,42),((((14,99),(28,66)),83),61)),((62,82),(81,88))),(37,38))),((((52,47),(31,25)),(93,20)),((19,58),63))),((((51,18),(76,(15,68))),((41,33),(17,39))),(((((44,(23,50)),(16,71)),97),77),(91,(36,(94,30)))))),((4,5),2)),((((9,6),((1,11),8)),10),(12,3))),7);
Guide Tree 0/16
#NNI moves:0/152
Guide Tree 1/16
#NNI moves:0/152
Guide Tree 2/16
#NNI moves:0/152
Guide Tree 3/16
#NNI moves:0/152
Guide Tree 4/16
#NNI moves:0/152
Guide Tree 5/16
#NNI moves:0/152
Guide Tree 6/16
#NNI moves:0/152
Guide Tree 7/16
#NNI moves:0/152
Guide Tree 8/16
#NNI moves:0/152
Guide Tree 9/16
#NNI moves:0/152
Guide Tree 10/16
#NNI moves:0/152
Guide Tree 11/16
#NNI moves:0/152
Guide Tree 12/16
#NNI moves:0/152
Guide Tree 13/16
#NNI moves:0/152
Guide Tree 14/16
#NNI moves:0/152
Guide Tree 15/16
#NNI moves:0/152
Remaining: 0
#NNI moves:2/152
#NNI moves:2/152
((((((((((((((((56,26),53),((29,(60,27)),45)),80),(((92,95),100),(43,13))),((72,64),78)),(((59,84),(73,74)),((22,48),(46,85)))),(54,98)),(((79,((90,21),87)),75),(((70,(86,40)),(((55,69),35),34)),(24,65)))),((49,89),((96,32),57))),((37,38),(((67,42),((((66,28),(99,14)),83),61)),((81,88),(62,82))))),((((52,47),(25,31)),(93,20)),((19,58),63))),(((((((50,23),44),(71,16)),97),77),(91,(36,(94,30)))),(((33,41),(39,17)),(((68,15),76),(51,18))))),((5,4),2)),((10,(((1,11),8),(6,9))),(12,3))),7);
Guide Tree 0/16
#NNI moves:0/152
Guide Tree 1/16
#NNI moves:0/152
Guide Tree 2/16
#NNI moves:0/152
Guide Tree 3/16
#NNI moves:0/152
Guide Tree 4/16
#NNI moves:0/152
Guide Tree 5/16
#NNI moves:0/152
Guide Tree 6/16
#NNI moves:0/152
Guide Tree 7/16
#NNI moves:0/152
Guide Tree 8/16
#NNI moves:0/152
Guide Tree 9/16
#NNI moves:0/152
Guide Tree 10/16
#NNI moves:0/152
Guide Tree 11/16
#NNI moves:0/152
Guide Tree 12/16
#NNI moves:0/152
Guide Tree 13/16
#NNI moves:0/152
Guide Tree 14/16
#NNI moves:0/152
Guide Tree 15/16
#NNI moves:0/152
Remaining: 0
#NNI moves:6/152
#NNI moves:6/152
(((((((((((((21,90),87),79),75),((65,24),((34,(35,(69,55))),(70,(86,40))))),(((((59,84),(73,74)),((48,22),(46,85))),(((((((60,27),29),45),((56,26),53)),80),(((95,92),100),(13,43))),(78,(64,72)))),(54,98))),((49,89),((96,32),57))),((((81,88),(62,82)),(((83,((28,66),(14,99))),61),(42,67))),(38,37))),((((31,25),(47,52)),(93,20)),((58,19),63))),(((91,((94,30),36)),(((((50,23),44),(16,71)),97),77)),(((18,51),((15,68),76)),((17,39),(33,41))))),(2,(4,5))),((((6,9),((1,11),8)),10),(12,3))),7);
Guide Tree 0/16
#NNI moves:0/152
Guide Tree 1/16
#NNI moves:0/152
Guide Tree 2/16
#NNI moves:0/152
Guide Tree 3/16
#NNI moves:0/152
Guide Tree 4/16
#NNI moves:0/152
Guide Tree 5/16
#NNI moves:0/152
Guide Tree 6/16
#NNI moves:0/152
Guide Tree 7/16
#NNI moves:0/152
Guide Tree 8/16
#NNI moves:0/152
Guide Tree 9/16
#NNI moves:0/152
Guide Tree 10/16
#NNI moves:0/152
Guide Tree 11/16
#NNI moves:0/152
Guide Tree 12/16
#NNI moves:0/152
Guide Tree 13/16
#NNI moves:0/152
Guide Tree 14/16
#NNI moves:0/152
Guide Tree 15/16
#NNI moves:0/152
Remaining: 0
#NNI moves:0/152
#NNI moves:0/152
((((((((((((((((29,(60,27)),45),(53,(56,26))),80),((100,(95,92)),(43,13))),(78,(72,64))),(((46,85),(48,22)),((74,73),(84,59)))),(98,54)),(((65,24),((((55,69),35),34),((86,40),70))),((((90,21),87),79),75))),(((32,96),57),(49,89))),(((((83,((99,14),(28,66))),61),(67,42)),((81,88),(62,82))),(37,38))),((((47,52),(25,31)),(20,93)),((19,58),63))),(((((94,30),36),91),(((((23,50),44),(71,16)),97),77)),(((41,33),(39,17)),(((68,15),76),(51,18))))),((4,5),2)),(((((11,1),8),(9,6)),10),(12,3))),7);
Initial score: 5.38761e+08
Initial tree: ((((((((((((((((29,(60,27)),45),(53,(56,26))),80),((100,(95,92)),(43,13))),(78,(72,64))),(((46,85),(48,22)),((74,73),(84,59)))),(98,54)),(((65,24),((((55,69),35),34),((86,40),70))),((((90,21),87),79),75))),(((32,96),57),(49,89))),(((((83,((99,14),(28,66))),61),(67,42)),((81,88),(62,82))),(37,38))),((((47,52),(25,31)),(20,93)),((19,58),63))),(((((94,30),36),91),(((((23,50),44),(71,16)),97),77)),(((41,33),(39,17)),(((68,15),76),(51,18))))),((4,5),2)),(((((11,1),8),(9,6)),10),(12,3))),7);
*** Subsample Process ***
Use two-step algorithm!
#NNI moves:0/152
Remaining: 0
#NNI moves:0/152
#NNI moves:0/152
((((((((((((((((((((94,30),36),91),(((((23,50),44),(16,71)),97),77)),(((41,33),(17,39)),(((15,68),76),(18,51)))),((((((6,9),(8,(1,11))),10),(12,3)),7),((5,4),2))),((((52,47),(25,31)),(93,20)),(63,(19,58)))),((((82,62),(88,81)),(((83,((99,14),(66,28))),61),(42,67))),(38,37))),(((96,32),57),(49,89))),((75,((87,(90,21)),79)),((((86,40),70),(34,(35,(69,55)))),(24,65)))),(98,54)),(((74,73),(84,59)),((46,85),(48,22)))),((64,72),78)),(((95,92),100),(13,43))),80),(53,(56,26))),45),29),27),60);
#NNI moves:0/152
Remaining: 0
#NNI moves:2/152
#NNI moves:2/152
(((((((((((((((((35,(55,69)),34),(70,(86,40))),(24,65)),(((87,(21,90)),79),75)),(((((((53,(26,56)),(45,(29,(27,60)))),80),(((92,95),100),(43,13))),((64,72),78)),(((22,48),(85,46)),((59,84),(74,73)))),(98,54))),(((96,32),57),(49,89))),(((((((28,66),(14,99)),83),61),(42,67)),((62,82),(88,81))),(38,37))),((((47,52),(25,31)),(93,20)),((58,19),63))),(((91,(36,(94,30))),(((((23,50),44),(16,71)),97),77)),(((18,51),((15,68),76)),((17,39),(41,33))))),((4,5),2)),7),(12,3)),10),(6,9)),(1,11)),8);
#NNI moves:0/152
Remaining: 0
#NNI moves:0/152
#NNI moves:0/152
(((((((((((((((94,30),36),91),(((((23,50),44),(71,16)),97),77)),(((41,33),(39,17)),((18,51),(76,(15,68))))),((((10,((9,6),((1,11),8))),(12,3)),7),((5,4),2))),((((52,47),(25,31)),(93,20)),((58,19),63))),((((42,67),((((66,28),(14,99)),83),61)),((82,62),(81,88))),(38,37))),(((32,96),57),(49,89))),((((((((26,56),53),(((27,60),29),45)),80),((13,43),((92,95),100))),(78,(64,72))),(((22,48),(46,85)),((84,59),(74,73)))),(98,54))),((((21,90),87),79),75)),(65,24)),(70,(86,40))),(35,(55,69))),34);
#NNI moves:0/152
Remaining: 0
#NNI moves:0/152
#NNI moves:0/152
((((((((((((((((((((95,92),100),(43,13)),(((((60,27),29),45),((56,26),53)),80)),((72,64),78)),(((22,48),(85,46)),((59,84),(74,73)))),(98,54)),((((((69,55),35),34),((40,86),70)),(24,65)),((((21,90),87),79),75))),(((32,96),57),(89,49))),(((((((28,66),(99,14)),83),61),(42,67)),((62,82),(81,88))),(37,38))),((((52,47),(31,25)),(20,93)),((19,58),63))),((((36,(30,94)),91),((((16,71),(44,(50,23))),97),77)),((((15,68),76),(18,51)),((17,39),(41,33))))),(2,(4,5))),7),(3,12)),10),(9,6)),8),11),1);
Current score: 5.38761e+08
Current tree: (((((((((((((((95,92),100),(43,13)),(((((60,27),29),45),((56,26),53)),80)),((72,64),78)),(((22,48),(85,46)),((59,84),(74,73)))),(98,54)),((((((69,55),35),34),((40,86),70)),(24,65)),((((21,90),87),79),75))),(((32,96),57),(89,49))),(((((((28,66),(99,14)),83),61),(42,67)),((62,82),(81,88))),(37,38))),((((52,47),(31,25)),(20,93)),((19,58),63))),((((36,(30,94)),91),((((16,71),(44,(50,23))),97),77)),((((15,68),76),(18,51)),((17,39),(41,33))))),(2,(4,5))),((3,12),(10,((9,6),(8,(11,1)))))),7);
Final Tree: (((((((((((((((95,92),100),(43,13)),(((((60,27),29),45),((56,26),53)),80)),((72,64),78)),(((22,48),(85,46)),((59,84),(74,73)))),(98,54)),((((((69,55),35),34),((40,86),70)),(24,65)),((((21,90),87),79),75))),(((32,96),57),(89,49))),(((((((28,66),(99,14)),83),61),(42,67)),((62,82),(81,88))),(37,38))),((((52,47),(31,25)),(20,93)),((19,58),63))),((((36,(30,94)),91),((((16,71),(44,(50,23))),97),77)),((((15,68),76),(18,51)),((17,39),(41,33))))),(2,(4,5))),((3,12),(10,((9,6),(8,(11,1)))))),7);
#EqQuartets: 552161145
Score: 538760723
ASTRAL for PaRalogs and Orthologs III (ASTRAL-Pro3)
*** NOW with integrated CASTLES-Pro ***
Version: v1.22.3.6
Read 512 genetrees and found 100 species.
#Genetrees: 1000
#Duploss: 31581
#Species: 100
#Rounds: 4
#Samples: 4
#Threads: 1
Use two-step algorithm!
Guide Tree 0/16
#NNI moves:0/152
Guide Tree 1/16
#NNI moves:0/152
Guide Tree 2/16
#NNI moves:0/152
Guide Tree 3/16
#NNI moves:0/152
Guide Tree 4/16
#NNI moves:0/152
Guide Tree 5/16
#NNI moves:0/152
Guide Tree 6/16
#NNI moves:0/152
Guide Tree 7/16
#NNI moves:0/152
Guide Tree 8/16
#NNI moves:0/152
Guide Tree 9/16
#NNI moves:0/152
Guide Tree 10/16
#NNI moves:0/152
Guide Tree 11/16
#NNI moves:0/152
Guide Tree 12/16
#NNI moves:0/152
Guide Tree 13/16
#NNI moves:0/152
Guide Tree 14/16
#NNI moves:0/152
Guide Tree 15/16
#NNI moves:0/152
Remaining: 0
#NNI moves:2/152
#NNI moves:2/152
(((((((((((((((39,(15,10)),49),57),27),(20,60)),((((36,51),(((61,26),4),35)),31),40)),((((7,(37,44)),29),(55,48)),((((16,14),(58,2)),(52,30)),(47,46)))),((((((94,(85,71)),((70,62),((67,92),75))),((76,((72,100),91)),78)),(((((87,89),(80,(93,79))),73),(98,63)),69)),(((77,64),88),((82,97),((90,68),83)))),(((((66,74),95),84),(99,65)),(96,(86,81))))),(1,59)),((((((13,25),5),53),8),(((6,3),32),28)),((((12,24),22),((34,(17,19)),41)),(38,9)))),(45,11)),((18,33),(((21,56),23),42))),54),43),50);
Guide Tree 0/16
#NNI moves:0/152
Guide Tree 1/16
#NNI moves:0/152
Guide Tree 2/16
#NNI moves:0/152
Guide Tree 3/16
#NNI moves:0/152
Guide Tree 4/16
#NNI moves:0/152
Guide Tree 5/16
#NNI moves:0/152
Guide Tree 6/16
#NNI moves:0/152
Guide Tree 7/16
#NNI moves:0/152
Guide Tree 8/16
#NNI moves:0/152
Guide Tree 9/16
#NNI moves:0/152
Guide Tree 10/16
#NNI moves:0/152
Guide Tree 11/16
#NNI moves:0/152
Guide Tree 12/16
#NNI moves:0/152
Guide Tree 13/16
#NNI moves:0/152
Guide Tree 14/16
#NNI moves:0/152
Guide Tree 15/16
#NNI moves:0/152
Remaining: 0
#NNI moves:2/152
#NNI moves:2/152
((((((((((((((76,((100,72),91)),78),(((62,70),(75,(67,92))),((71,85),94))),(((63,98),((((93,79),80),(89,87)),73)),69)),(((77,64),88),((83,(90,68)),(97,82)))),(((81,86),96),(((95,(74,66)),84),(65,99)))),(((((((39,(10,15)),49),57),27),(20,60)),((((36,51),((4,(61,26)),35)),31),40)),(((((14,16),(58,2)),(52,30)),(47,46)),((((44,37),7),29),(48,55))))),(1,59)),((((((19,17),34),41),((24,12),22)),(38,9)),(((32,(3,6)),28),((((25,13),5),53),8)))),(11,45)),((18,33),(((21,56),23),42))),54),43),50);
Guide Tree 0/16
#NNI moves:0/152
Guide Tree 1/16
#NNI moves:0/152
Guide Tree 2/16
#NNI moves:0/152
Guide Tree 3/16
#NNI moves:0/152
Guide Tree 4/16
#NNI moves:0/152
Guide Tree 5/16
#NNI moves:0/152
Guide Tree 6/16
#NNI moves:0/152
Guide Tree 7/16
#NNI moves:0/152
Guide Tree 8/16
#NNI moves:0/152
Guide Tree 9/16
#NNI moves:0/152
Guide Tree 10/16
#NNI moves:0/152
Guide Tree 11/16
#NNI moves:0/152
Guide Tree 12/16
#NNI moves:0/152
Guide Tree 13/16
#NNI moves:0/152
Guide Tree 14/16
#NNI moves:0/152
Guide Tree 15/16
#NNI moves:0/152
Remaining: 0
#NNI moves:2/152
#NNI moves:2/152
(((((((((((((77,64),88),(((90,68),83),(97,82))),(((78,(76,(91,(100,72)))),((94,(85,71)),((75,(92,67)),(62,70)))),(((63,98),(((89,87),(80,(79,93))),73)),69))),(((99,65),(((74,66),95),84)),(96,(81,86)))),((((((((15,10),39),49),57),27),(60,20)),((((((26,61),4),35),(36,51)),31),40)),(((47,46),(((58,2),(14,16)),(52,30))),((29,(7,(44,37))),(55,48))))),(1,59)),((((((17,19),34),41),(22,(24,12))),(9,38)),(((32,(6,3)),28),((((13,25),5),53),8)))),(45,11)),((18,33),((23,(21,56)),42))),54),43),50);
Guide Tree 0/16
#NNI moves:0/152
Guide Tree 1/16
#NNI moves:0/152
Guide Tree 2/16
#NNI moves:0/152
Guide Tree 3/16
#NNI moves:0/152
Guide Tree 4/16
#NNI moves:0/152
Guide Tree 5/16
#NNI moves:0/152
Guide Tree 6/16
#NNI moves:0/152
Guide Tree 7/16
#NNI moves:0/152
Guide Tree 8/16
#NNI moves:0/152
Guide Tree 9/16
#NNI moves:0/152
Guide Tree 10/16
#NNI moves:0/152
Guide Tree 11/16
#NNI moves:0/152
Guide Tree 12/16
#NNI moves:0/152
Guide Tree 13/16
#NNI moves:0/152
Guide Tree 14/16
#NNI moves:0/152
Guide Tree 15/16
#NNI moves:0/152
Remaining: 0
#NNI moves:8/152
#NNI moves:8/152
((((((((((((((((92,67),75),(62,70)),(94,(85,71))),((((72,100),91),76),78)),(((73,(((79,93),80),(87,89))),(98,63)),69)),((((68,90),83),(97,82)),((64,77),88))),((((95,(66,74)),84),(65,99)),((81,86),96))),((((29,((37,44),7)),(55,48)),((((16,14),(58,2)),(30,52)),(47,46))),(((((((26,61),4),35),(36,51)),31),40),((((((10,15),39),49),57),27),(20,60))))),(1,59)),((((((25,13),5),53),8),(28,((3,6),32))),(((41,((17,19),34)),(22,(12,24))),(38,9)))),(11,45)),((33,18),(42,((56,21),23)))),54),43),50);
Initial score: 4.37635e+08
Initial tree: ((((((((((((((((92,67),75),(62,70)),(94,(85,71))),((((72,100),91),76),78)),(((73,(((79,93),80),(87,89))),(98,63)),69)),((((68,90),83),(97,82)),((64,77),88))),((((95,(66,74)),84),(65,99)),((81,86),96))),((((29,((37,44),7)),(55,48)),((((16,14),(58,2)),(30,52)),(47,46))),(((((((26,61),4),35),(36,51)),31),40),((((((10,15),39),49),57),27),(20,60))))),(1,59)),((((((25,13),5),53),8),(28,((3,6),32))),(((41,((17,19),34)),(22,(12,24))),(38,9)))),(11,45)),((33,18),(42,((56,21),23)))),54),43),50);
*** Subsample Process ***
Use two-step algorithm!
#NNI moves:0/152
Remaining: 0
#NNI moves:6/152
#NNI moves:6/152
(((((((((((((((16,14),(2,58)),(30,52)),(46,47)),((((37,44),7),29),(55,48))),((((((39,(15,10)),49),57),27),(20,60)),((((((26,61),4),35),(36,51)),31),40))),((((((((13,25),5),53),8),(((3,6),32),28)),(((((17,19),34),41),((12,24),22)),(9,38))),((((18,33),(((56,21),23),42)),((43,50),54)),(45,11))),(59,1))),(((((74,66),95),84),(65,99)),(96,(81,86)))),(((82,97),((90,68),83)),((64,77),88))),(((98,63),(((89,87),(80,(93,79))),73)),69)),(((91,(100,72)),76),78)),(94,(71,85))),(70,62)),(92,67)),75);
#NNI moves:0/152
Remaining: 0
#NNI moves:0/152
#NNI moves:0/152
(((((((((((((30,52),((58,2),(16,14))),(46,47)),(((7,(44,37)),29),(55,48))),(((((((61,26),4),35),(51,36)),31),40),((((((10,15),39),49),57),27),(60,20)))),((((((((92,67),75),(70,62)),((71,85),94)),(((91,(72,100)),76),78)),(((98,63),(((87,89),((79,93),80)),73)),69)),(((97,82),((90,68),83)),((77,64),88))),(((((74,66),95),84),(99,65)),((81,86),96)))),(59,1)),(((((12,24),22),(((17,19),34),41)),(38,9)),(((53,((25,13),5)),8),((32,(6,3)),28)))),(45,11)),((((21,56),23),42),(18,33))),54),50),43);
#NNI moves:0/152
Remaining: 0
#NNI moves:2/152
#NNI moves:2/152
((((((((((((((85,71),94),((62,70),((92,67),75))),((((72,100),91),76),78)),(((98,63),((((79,93),80),(87,89)),73)),69)),(((64,77),88),((83,(90,68)),(82,97)))),(((86,81),96),((((66,74),95),84),(99,65)))),(((((((5,(25,13)),53),8),(((3,6),32),28)),((9,38),(((24,12),22),((34,(19,17)),41)))),((((((21,56),23),42),(18,33)),((50,43),54)),(11,45))),(59,1))),((((((4,(26,61)),35),(36,51)),31),40),(((((39,(10,15)),49),57),27),(60,20)))),((29,((44,37),7)),(55,48))),(47,46)),((16,14),(2,58))),30),52);
#NNI moves:0/152
Remaining: 0
#NNI moves:0/152
#NNI moves:0/152
(((((((((((((((((((93,79),80),(87,89)),73),(63,98)),69),(((94,(85,71)),((70,62),(75,(67,92)))),((((72,100),91),76),78))),((((90,68),83),(82,97)),(88,(64,77)))),(((65,99),(((66,74),95),84)),(96,(81,86)))),(((((((39,(10,15)),49),57),27),(20,60)),((((((26,61),4),35),(51,36)),31),40)),((((30,52),((58,2),(16,14))),(47,46)),((55,48),((7,(37,44)),29))))),(1,59)),((((((13,25),5),53),8),(28,(32,(6,3)))),((((34,(17,19)),41),(22,(12,24))),(38,9)))),(45,11)),(54,(43,50))),(33,18)),42),23),56),21);
Current score: 4.37635e+08
Current tree: ((43,(54,((((((((((((((93,79),80),(87,89)),73),(63,98)),69),(((94,(85,71)),((70,62),(75,(67,92)))),((((72,100),91),76),78))),((((90,68),83),(82,97)),(88,(64,77)))),(((65,99),(((66,74),95),84)),(96,(81,86)))),(((((((39,(10,15)),49),57),27),(20,60)),((((((26,61),4),35),(51,36)),31),40)),((((30,52),((58,2),(16,14))),(47,46)),((55,48),((7,(37,44)),29))))),(1,59)),((((((13,25),5),53),8),(28,(32,(6,3)))),((((34,(17,19)),41),(22,(12,24))),(38,9)))),(45,11)),((33,18),(42,(23,(56,21))))))),50);
Final Tree: ((43,(54,((((((((((((((93,79),80),(87,89)),73),(63,98)),69),(((94,(85,71)),((70,62),(75,(67,92)))),((((72,100),91),76),78))),((((90,68),83),(82,97)),(88,(64,77)))),(((65,99),(((66,74),95),84)),(96,(81,86)))),(((((((39,(10,15)),49),57),27),(20,60)),((((((26,61),4),35),(51,36)),31),40)),((((30,52),((58,2),(16,14))),(47,46)),((55,48),((7,(37,44)),29))))),(1,59)),((((((13,25),5),53),8),(28,(32,(6,3)))),((((34,(17,19)),41),(22,(12,24))),(38,9)))),(45,11)),((33,18),(42,(23,(56,21))))))),50);
#EqQuartets: 448696216
Score: 437634958
ASTRAL for PaRalogs and Orthologs III (ASTRAL-Pro3)
*** NOW with integrated CASTLES-Pro ***
Version: v1.22.3.6
Read 512 genetrees and found 100 species.
#Genetrees: 999
#Duploss: 29812
#Species: 100
#Rounds: 4
#Samples: 4
#Threads: 1
Use two-step algorithm!
Guide Tree 0/16
#NNI moves:0/152
Guide Tree 1/16
#NNI moves:0/152
Guide Tree 2/16
#NNI moves:0/152
Guide Tree 3/16
#NNI moves:0/152
Guide Tree 4/16
#NNI moves:0/152
Guide Tree 5/16
#NNI moves:0/152
Guide Tree 6/16
#NNI moves:0/152
Guide Tree 7/16
#NNI moves:0/152
Guide Tree 8/16
#NNI moves:0/152
Guide Tree 9/16
#NNI moves:0/152
Guide Tree 10/16
#NNI moves:0/152
Guide Tree 11/16
#NNI moves:0/152
Guide Tree 12/16
#NNI moves:0/152
Guide Tree 13/16
#NNI moves:0/152
Guide Tree 14/16
#NNI moves:0/152
Guide Tree 15/16
#NNI moves:0/152
Remaining: 0
#NNI moves:0/152
#NNI moves:0/152
(((((((((((((((((89,100),(76,90)),(77,51)),66),(85,(63,60))),((((50,(99,49)),(((58,70),72),81)),((97,((87,74),54)),((95,((56,79),75)),53))),(((67,((98,52),(59,86))),((82,(((47,80),(91,68)),84)),83)),46))),(((((69,65),94),(55,57)),(78,88)),(((((73,61),64),(((93,48),96),62)),92),71))),((((29,(43,26)),((31,35),((2,38),((18,10),14)))),28),(32,25))),((((45,27),16),33),(39,3))),(((7,(42,(6,9))),(21,20)),(((24,30),(44,8)),36))),(((40,23),(41,34)),((1,17),13))),22),(15,11)),37),(5,12)),4),19);
Guide Tree 0/16
#NNI moves:0/152
Guide Tree 1/16
#NNI moves:0/152
Guide Tree 2/16
#NNI moves:0/152
Guide Tree 3/16
#NNI moves:0/152
Guide Tree 4/16
#NNI moves:0/152
Guide Tree 5/16
#NNI moves:0/152
Guide Tree 6/16
#NNI moves:0/152
Guide Tree 7/16
#NNI moves:0/152
Guide Tree 8/16
#NNI moves:0/152
Guide Tree 9/16
#NNI moves:0/152
Guide Tree 10/16
#NNI moves:0/152
Guide Tree 11/16
#NNI moves:0/152
Guide Tree 12/16
#NNI moves:0/152
Guide Tree 13/16
#NNI moves:0/152
Guide Tree 14/16
#NNI moves:0/152
Guide Tree 15/16
#NNI moves:0/152
Remaining: 0
#NNI moves:0/152
#NNI moves:0/152
((((((((((((((((81,(72,(58,70))),((99,49),50)),(((54,(74,87)),97),(((75,(79,56)),95),53))),(((67,((86,59),(52,98))),(((((68,91),(47,80)),84),82),83)),46)),(((((89,100),(76,90)),(51,77)),66),((63,60),85))),((((57,55),((65,69),94)),(78,88)),((((((48,93),96),62),((73,61),64)),92),71))),((((((38,2),((10,18),14)),(35,31)),((43,26),29)),28),(25,32))),((3,39),(((45,27),16),33))),((((8,44),(24,30)),36),((((6,9),42),7),(20,21)))),(((23,40),(34,41)),((17,1),13))),22),(15,11)),37),(12,5)),4),19);
Guide Tree 0/16
#NNI moves:0/152
Guide Tree 1/16
#NNI moves:0/152
Guide Tree 2/16
#NNI moves:0/152
Guide Tree 3/16
#NNI moves:0/152
Guide Tree 4/16
#NNI moves:0/152
Guide Tree 5/16
#NNI moves:0/152
Guide Tree 6/16
#NNI moves:0/152
Guide Tree 7/16
#NNI moves:0/152
Guide Tree 8/16
#NNI moves:0/152
Guide Tree 9/16
#NNI moves:0/152
Guide Tree 10/16
#NNI moves:0/152
Guide Tree 11/16
#NNI moves:0/152
Guide Tree 12/16
#NNI moves:0/152
Guide Tree 13/16
#NNI moves:0/152
Guide Tree 14/16
#NNI moves:0/152
Guide Tree 15/16
#NNI moves:0/152
Remaining: 0
#NNI moves:0/152
#NNI moves:0/152
((((((((((((((((67,((52,98),(86,59))),(83,((((47,80),(91,68)),84),82))),46),((((((56,79),75),95),53),(((74,87),54),97)),((81,(72,(70,58))),((99,49),50)))),((((77,51),((90,76),(100,89))),66),(85,(60,63)))),(((((((93,48),96),62),(64,(61,73))),92),71),(((94,(65,69)),(57,55)),(88,78)))),(((((((10,18),14),(38,2)),(31,35)),((26,43),29)),28),(32,25))),((39,3),(((27,45),16),33))),(((7,(42,(9,6))),(20,21)),(((8,44),(30,24)),36))),(((1,17),13),((41,34),(23,40)))),22),(15,11)),37),(12,5)),4),19);
Guide Tree 0/16
#NNI moves:0/152
Guide Tree 1/16
#NNI moves:0/152
Guide Tree 2/16
#NNI moves:0/152
Guide Tree 3/16
#NNI moves:0/152
Guide Tree 4/16
#NNI moves:0/152
Guide Tree 5/16
#NNI moves:0/152
Guide Tree 6/16
#NNI moves:0/152
Guide Tree 7/16
#NNI moves:0/152
Guide Tree 8/16
#NNI moves:0/152
Guide Tree 9/16
#NNI moves:0/152
Guide Tree 10/16
#NNI moves:0/152
Guide Tree 11/16
#NNI moves:0/152
Guide Tree 12/16
#NNI moves:0/152
Guide Tree 13/16
#NNI moves:0/152
Guide Tree 14/16
#NNI moves:0/152
Guide Tree 15/16
#NNI moves:0/152
Remaining: 0
#NNI moves:2/152
#NNI moves:2/152
((((((((((((((((((((80,47),(91,68)),84),82),83),(((98,52),(59,86)),67)),46),(((((70,58),72),81),((99,49),50)),(((54,(74,87)),97),((95,((56,79),75)),53)))),(((((100,89),(76,90)),(51,77)),66),((60,63),85))),((((((96,(93,48)),62),((73,61),64)),92),71),(((94,(69,65)),(55,57)),(78,88)))),((((((14,(18,10)),(38,2)),(31,35)),(29,(43,26))),28),(25,32))),(((16,(27,45)),33),(39,3))),(((20,21),(7,((6,9),42))),(((44,8),(24,30)),36))),((13,(17,1)),((41,34),(40,23)))),22),(15,11)),37),(12,5)),4),19);
Initial score: 4.96923e+08
Initial tree: ((((((((((((((((((((80,47),(91,68)),84),82),83),(((98,52),(59,86)),67)),46),(((((70,58),72),81),((99,49),50)),(((54,(74,87)),97),((95,((56,79),75)),53)))),(((((100,89),(76,90)),(51,77)),66),((60,63),85))),((((((96,(93,48)),62),((73,61),64)),92),71),(((94,(69,65)),(55,57)),(78,88)))),((((((14,(18,10)),(38,2)),(31,35)),(29,(43,26))),28),(25,32))),(((16,(27,45)),33),(39,3))),(((20,21),(7,((6,9),42))),(((44,8),(24,30)),36))),((13,(17,1)),((41,34),(40,23)))),22),(15,11)),37),(12,5)),4),19);
*** Subsample Process ***
Use two-step algorithm!
#NNI moves:0/152
Remaining: 0
#NNI moves:2/152
#NNI moves:2/152
((((((((((((((44,8),(30,24)),36),((7,(42,(9,6))),(21,20))),((((((4,19),(12,5)),37),(15,11)),22),(((40,23),(34,41)),(13,(17,1))))),((((27,45),16),33),(3,39))),(((((((18,10),14),(2,38)),(35,31)),(29,(43,26))),28),(32,25))),(((88,78),((55,57),(94,(69,65)))),(((((96,(48,93)),62),(64,(73,61))),92),71))),(((((89,100),(76,90)),(51,77)),66),(85,(63,60)))),((((95,((79,56),75)),53),(97,((74,87),54))),(((49,99),50),(81,(72,(58,70)))))),46),(((98,52),(86,59)),67)),((((91,68),(80,47)),84),82)),83);
#NNI moves:0/152
Remaining: 0
#NNI moves:0/152
#NNI moves:0/152
(((((((((((((((((95,((56,79),75)),53),(97,((74,87),54))),((((58,70),72),81),(50,(99,49)))),(((67,((98,52),(59,86))),(((((91,68),(47,80)),84),82),83)),46)),(((((100,89),(90,76)),(51,77)),66),((60,63),85))),((((94,(65,69)),(57,55)),(78,88)),(((((61,73),64),(62,((93,48),96))),92),71))),((((((14,(10,18)),(2,38)),(35,31)),((43,26),29)),28),(25,32))),((((45,27),16),33),(3,39))),(((21,20),(((6,9),42),7)),(((30,24),(44,8)),36))),(((40,23),(34,41)),(13,(1,17)))),22),(11,15)),37),(5,12)),19),4);
#NNI moves:0/152
Remaining: 0
#NNI moves:0/152
#NNI moves:0/152
(((((((((((((((42,(9,6)),7),(20,21)),(((44,8),(24,30)),36)),((((41,34),(23,40)),((17,1),13)),(((37,((12,5),(19,4))),(15,11)),22))),(((16,(45,27)),33),(39,3))),(((((35,31),(((10,18),14),(38,2))),((43,26),29)),28),(25,32))),((((94,(69,65)),(57,55)),(78,88)),((((((48,93),96),62),((73,61),64)),92),71))),(((((89,100),(90,76)),(51,77)),66),((60,63),85))),(((((((68,91),(47,80)),84),82),83),(((59,86),(98,52)),67)),46)),((((58,70),72),81),(50,(99,49)))),(97,((87,74),54))),53),(75,(56,79))),95);
#NNI moves:0/152
Remaining: 0
#NNI moves:0/152
#NNI moves:0/152
((((((((((((((((74,87),54),97),(53,(((79,56),75),95))),((((70,58),72),81),(50,(49,99)))),(((((((47,80),(91,68)),84),82),83),(((98,52),(59,86)),67)),46)),(((((89,100),(76,90)),(77,51)),66),((63,60),85))),((((((96,(48,93)),62),((61,73),64)),92),71),((78,88),(((65,69),94),(55,57))))),(((((26,43),29),(((2,38),((18,10),14)),(35,31))),28),(32,25))),((39,3),(((27,45),16),33))),(((7,((6,9),42)),(20,21)),(((30,24),(44,8)),36))),(((41,34),(40,23)),(13,(1,17)))),22),(11,15)),((12,5),(4,19))),37);
Current score: 4.96923e+08
Current tree: ((4,((12,5),(((((((((((((((74,87),54),97),(53,(((79,56),75),95))),((((70,58),72),81),(50,(49,99)))),(((((((47,80),(91,68)),84),82),83),(((98,52),(59,86)),67)),46)),(((((89,100),(76,90)),(77,51)),66),((63,60),85))),((((((96,(48,93)),62),((61,73),64)),92),71),((78,88),(((65,69),94),(55,57))))),(((((26,43),29),(((2,38),((18,10),14)),(35,31))),28),(32,25))),((39,3),(((27,45),16),33))),(((7,((6,9),42)),(20,21)),(((30,24),(44,8)),36))),(((41,34),(40,23)),(13,(1,17)))),22),(11,15)),37))),19);
Final Tree: ((4,((12,5),(((((((((((((((74,87),54),97),(53,(((79,56),75),95))),((((70,58),72),81),(50,(49,99)))),(((((((47,80),(91,68)),84),82),83),(((98,52),(59,86)),67)),46)),(((((89,100),(76,90)),(77,51)),66),((63,60),85))),((((((96,(48,93)),62),((61,73),64)),92),71),((78,88),(((65,69),94),(55,57))))),(((((26,43),29),(((2,38),((18,10),14)),(35,31))),28),(32,25))),((39,3),(((27,45),16),33))),(((7,((6,9),42)),(20,21)),(((30,24),(44,8)),36))),(((41,34),(40,23)),(13,(1,17)))),22),(11,15)),37))),19);
#EqQuartets: 512768285
Score: 496922812
ASTRAL for PaRalogs and Orthologs III (ASTRAL-Pro3)
*** NOW with integrated CASTLES-Pro ***
Version: v1.22.3.6
Read 512 genetrees and found 100 species.
#Genetrees: 999
#Duploss: 33215
#Species: 100
#Rounds: 4
#Samples: 4
#Threads: 1
Use two-step algorithm!
Guide Tree 0/16
#NNI moves:0/152
Guide Tree 1/16
#NNI moves:0/152
Guide Tree 2/16
#NNI moves:0/152
Guide Tree 3/16
#NNI moves:0/152
Guide Tree 4/16
#NNI moves:0/152
Guide Tree 5/16
#NNI moves:0/152
Guide Tree 6/16
#NNI moves:0/152
Guide Tree 7/16
#NNI moves:0/152
Guide Tree 8/16
#NNI moves:0/152
Guide Tree 9/16
#NNI moves:0/152
Guide Tree 10/16
#NNI moves:0/152
Guide Tree 11/16
#NNI moves:0/152
Guide Tree 12/16
#NNI moves:0/152
Guide Tree 13/16
#NNI moves:0/152
Guide Tree 14/16
#NNI moves:0/152
Guide Tree 15/16
#NNI moves:0/152
Remaining: 0
#NNI moves:0/152
#NNI moves:0/152
((((((((((((((3,((29,36),4)),38),31),((((1,58),(23,17)),(51,42)),6)),((54,44),(47,16))),((((34,7),(57,14)),((26,56),((19,43),27))),(((28,50),33),12))),(((((32,20),((48,37),24)),((22,2),(((25,(41,9)),(8,18)),((11,40),39)))),(((((55,35),46),45),(52,(5,15))),(13,((53,30),49)))),10)),21),(((((73,96),81),((70,65),92)),(((60,95),71),(69,77))),79)),(((61,91),72),82)),((((((87,76),63),(66,80)),(84,68)),93),(74,97))),(((78,(94,90)),88),(64,(83,89)))),(((62,(((99,85),67),86)),59),(75,98))),100);
Guide Tree 0/16
#NNI moves:0/152
Guide Tree 1/16
#NNI moves:0/152
Guide Tree 2/16
#NNI moves:0/152
Guide Tree 3/16
#NNI moves:0/152
Guide Tree 4/16
#NNI moves:0/152
Guide Tree 5/16
#NNI moves:0/152
Guide Tree 6/16
#NNI moves:0/152
Guide Tree 7/16
#NNI moves:0/152
Guide Tree 8/16
#NNI moves:0/152
Guide Tree 9/16
#NNI moves:0/152
Guide Tree 10/16
#NNI moves:0/152
Guide Tree 11/16
#NNI moves:0/152
Guide Tree 12/16
#NNI moves:0/152
Guide Tree 13/16
#NNI moves:0/152
Guide Tree 14/16
#NNI moves:0/152
Guide Tree 15/16
#NNI moves:0/152
Remaining: 0
#NNI moves:0/152
#NNI moves:0/152
(((((((((((((32,20),(24,(37,48))),((22,2),((((9,41),25),(18,8)),((11,40),39)))),((((5,15),52),(45,((55,35),46))),(((30,53),49),13))),10),(((((((17,23),(1,58)),(42,51)),6),(((((29,36),4),3),38),31)),((47,16),(54,44))),((((56,26),((43,19),27)),((34,7),(14,57))),((33,(28,50)),12)))),21),(((((73,96),81),((65,70),92)),((77,69),((95,60),71))),79)),((72,(61,91)),82)),(((((66,80),((76,87),63)),(68,84)),93),(74,97))),((88,(78,(94,90))),((89,83),64))),((((86,((99,85),67)),62),59),(75,98))),100);
Guide Tree 0/16
#NNI moves:0/152
Guide Tree 1/16
#NNI moves:0/152
Guide Tree 2/16
#NNI moves:0/152
Guide Tree 3/16
#NNI moves:0/152
Guide Tree 4/16
#NNI moves:0/152
Guide Tree 5/16
#NNI moves:0/152
Guide Tree 6/16
#NNI moves:0/152
Guide Tree 7/16
#NNI moves:0/152
Guide Tree 8/16
#NNI moves:0/152
Guide Tree 9/16
#NNI moves:0/152
Guide Tree 10/16
#NNI moves:0/152
Guide Tree 11/16
#NNI moves:0/152
Guide Tree 12/16
#NNI moves:0/152
Guide Tree 13/16
#NNI moves:0/152
Guide Tree 14/16
#NNI moves:0/152
Guide Tree 15/16
#NNI moves:0/152
Remaining: 0
#NNI moves:0/152
#NNI moves:0/152
(((((((((((((((11,40),39),(((41,9),25),(8,18))),(2,22)),(((48,37),24),(32,20))),(((49,(30,53)),13),((((35,55),46),45),(52,(15,5))))),10),(((((((23,17),(58,1)),(51,42)),6),(((3,(4,(29,36))),38),31)),((47,16),(54,44))),((((56,26),(27,(19,43))),((7,34),(57,14))),(12,(33,(28,50)))))),21),(((((60,95),71),(77,69)),(((65,70),92),((73,96),81))),79)),(((61,91),72),82)),(((((66,80),((87,76),63)),(68,84)),93),(97,74))),((88,(78,(94,90))),((89,83),64))),((59,(62,(((85,99),67),86))),(98,75))),100);
Guide Tree 0/16
#NNI moves:0/152
Guide Tree 1/16
#NNI moves:0/152
Guide Tree 2/16
#NNI moves:0/152
Guide Tree 3/16
#NNI moves:0/152
Guide Tree 4/16
#NNI moves:0/152
Guide Tree 5/16
#NNI moves:0/152
Guide Tree 6/16
#NNI moves:0/152
Guide Tree 7/16
#NNI moves:0/152
Guide Tree 8/16
#NNI moves:0/152
Guide Tree 9/16
#NNI moves:0/152
Guide Tree 10/16
#NNI moves:0/152
Guide Tree 11/16
#NNI moves:0/152
Guide Tree 12/16
#NNI moves:0/152
Guide Tree 13/16
#NNI moves:0/152
Guide Tree 14/16
#NNI moves:0/152
Guide Tree 15/16
#NNI moves:0/152
Remaining: 0
#NNI moves:0/152
#NNI moves:0/152
(((((((((((((((58,1),(23,17)),(42,51)),6),(((3,((36,29),4)),38),31)),((16,47),(54,44))),((((7,34),(57,14)),(((19,43),27),(56,26))),(((50,28),33),12))),((((((39,(11,40)),((8,18),(25,(41,9)))),(22,2)),(((37,48),24),(32,20))),(((((55,35),46),45),((15,5),52)),(13,((53,30),49)))),10)),21),((((81,(96,73)),(92,(70,65))),((77,69),((95,60),71))),79)),(((91,61),72),82)),((((((87,76),63),(66,80)),(84,68)),93),(74,97))),((((94,90),78),88),(64,(89,83)))),(((((67,(99,85)),86),62),59),(98,75))),100);
Initial score: 5.35898e+08
Initial tree: (((((((((((((((58,1),(23,17)),(42,51)),6),(((3,((36,29),4)),38),31)),((16,47),(54,44))),((((7,34),(57,14)),(((19,43),27),(56,26))),(((50,28),33),12))),((((((39,(11,40)),((8,18),(25,(41,9)))),(22,2)),(((37,48),24),(32,20))),(((((55,35),46),45),((15,5),52)),(13,((53,30),49)))),10)),21),((((81,(96,73)),(92,(70,65))),((77,69),((95,60),71))),79)),(((91,61),72),82)),((((((87,76),63),(66,80)),(84,68)),93),(74,97))),((((94,90),78),88),(64,(89,83)))),(((((67,(99,85)),86),62),59),(98,75))),100);
*** Subsample Process ***
Use two-step algorithm!
#NNI moves:0/152
Remaining: 0
#NNI moves:0/152
#NNI moves:0/152
((((((((((((((((65,70),92),((73,96),81)),((71,(95,60)),(77,69))),79),(((((64,(89,83)),(((94,90),78),88)),(((59,((((99,85),67),86),62)),(98,75)),100)),(((((63,(87,76)),(66,80)),(68,84)),93),(74,97))),(((91,61),72),82))),21),(((((32,20),(24,(48,37))),(((39,(40,11)),((8,18),((9,41),25))),(2,22))),((13,((30,53),49)),((52,(5,15)),(((35,55),46),45)))),10)),(((((19,43),27),(56,26)),((34,7),(57,14))),(12,((28,50),33)))),((47,16),(54,44))),(((3,(4,(29,36))),38),31)),6),(42,51)),(58,1)),17),23);
#NNI moves:0/152
Remaining: 0
#NNI moves:0/152
#NNI moves:0/152
(((((((((((((((((((34,7),(57,14)),(((43,19),27),(26,56))),(((50,28),33),12)),((((((58,1),(23,17)),(51,42)),6),(31,((((29,36),4),3),38))),((16,47),(44,54)))),(((((((18,8),((41,9),25)),((40,11),39)),(2,22)),(((37,48),24),(20,32))),((13,(49,(53,30))),((((35,55),46),45),((15,5),52)))),10)),21),(((((65,70),92),((73,96),81)),(((60,95),71),(77,69))),79)),(82,((91,61),72))),(((((66,80),(63,(87,76))),(68,84)),93),(74,97))),((64,(83,89)),((78,(90,94)),88))),100),(98,75)),59),62),86),67),85),99);
#NNI moves:0/152
Remaining: 0
#NNI moves:0/152
#NNI moves:0/152
((((((((((((2,22),((((9,41),25),(8,18)),(39,(11,40)))),((32,20),(24,(37,48)))),((13,((30,53),49)),(((15,5),52),(45,(46,(55,35)))))),10),((((((((((86,((85,99),67)),62),59),(98,75)),100),(((78,(94,90)),88),((89,83),64))),((((84,68),((63,(76,87)),(66,80))),93),(74,97))),(82,(72,(91,61)))),(79,((((70,65),92),((96,73),81)),(((60,95),71),(69,77))))),21)),((((38,((4,(29,36)),3)),31),(((51,42),((58,1),(17,23))),6)),((44,54),(16,47)))),(((50,28),33),12)),(((43,19),27),(26,56))),(57,14)),34),7);
#NNI moves:0/152
Remaining: 0
#NNI moves:0/152
#NNI moves:0/152
(((((((((((((((((((41,9),25),(8,18)),(39,(11,40))),(2,22)),((32,20),((37,48),24))),((((5,15),52),(((35,55),46),45)),(((53,30),49),13))),10),((((((3,((36,29),4)),38),31),(((51,42),((23,17),(1,58))),6)),((54,44),(16,47))),((((50,28),33),12),((((19,43),27),(26,56)),((57,14),(34,7)))))),21),((((81,(96,73)),((70,65),92)),(((95,60),71),(69,77))),79)),(((91,61),72),82)),(((((63,(87,76)),(80,66)),(84,68)),93),(97,74))),(((78,(90,94)),88),((89,83),64))),100),(75,98)),59),(((99,85),67),86)),62);
Current score: 5.35898e+08
Current tree: ((((((((((((((((41,9),25),(8,18)),(39,(11,40))),(2,22)),((32,20),((37,48),24))),((((5,15),52),(((35,55),46),45)),(((53,30),49),13))),10),((((((3,((36,29),4)),38),31),(((51,42),((23,17),(1,58))),6)),((54,44),(16,47))),((((50,28),33),12),((((19,43),27),(26,56)),((57,14),(34,7)))))),21),((((81,(96,73)),((70,65),92)),(((95,60),71),(69,77))),79)),(((91,61),72),82)),(((((63,(87,76)),(80,66)),(84,68)),93),(97,74))),(((78,(90,94)),88),((89,83),64))),((75,98),(59,((((99,85),67),86),62)))),100);
Final Tree: ((((((((((((((((41,9),25),(8,18)),(39,(11,40))),(2,22)),((32,20),((37,48),24))),((((5,15),52),(((35,55),46),45)),(((53,30),49),13))),10),((((((3,((36,29),4)),38),31),(((51,42),((23,17),(1,58))),6)),((54,44),(16,47))),((((50,28),33),12),((((19,43),27),(26,56)),((57,14),(34,7)))))),21),((((81,(96,73)),((70,65),92)),(((95,60),71),(69,77))),79)),(((91,61),72),82)),(((((63,(87,76)),(80,66)),(84,68)),93),(97,74))),(((78,(90,94)),88),((89,83),64))),((75,98),(59,((((99,85),67),86),62)))),100);
#EqQuartets: 555105078
Score: 535897687
ASTRAL for PaRalogs and Orthologs III (ASTRAL-Pro3)
*** NOW with integrated CASTLES-Pro ***
Version: v1.22.3.6
Read 512 genetrees and found 100 species.
#Genetrees: 999
#Duploss: 29451
#Species: 100
#Rounds: 4
#Samples: 4
#Threads: 1
Use two-step algorithm!
Guide Tree 0/16
#NNI moves:0/152
Guide Tree 1/16
#NNI moves:0/152
Guide Tree 2/16
#NNI moves:0/152
Guide Tree 3/16
#NNI moves:0/152
Guide Tree 4/16
#NNI moves:0/152
Guide Tree 5/16
#NNI moves:0/152
Guide Tree 6/16
#NNI moves:0/152
Guide Tree 7/16
#NNI moves:0/152
Guide Tree 8/16
#NNI moves:0/152
Guide Tree 9/16
#NNI moves:0/152
Guide Tree 10/16
#NNI moves:0/152
Guide Tree 11/16
#NNI moves:0/152
Guide Tree 12/16
#NNI moves:0/152
Guide Tree 13/16
#NNI moves:0/152
Guide Tree 14/16
#NNI moves:0/152
Guide Tree 15/16
#NNI moves:0/152
Remaining: 0
#NNI moves:0/152
#NNI moves:0/152
((((((((((((((((((9,3),29),(27,35)),70),60),(((68,((26,21),52)),55),(((14,66),1),2))),(((((75,85),(((84,80),94),(78,93))),74),76),(((((((92,79),((90,(99,89)),77)),(96,88)),86),(100,81)),((82,91),97)),(95,(((98,87),83),73))))),(((40,67),((15,(12,72)),31)),(5,51))),56),(((54,(36,13)),((20,61),(46,17))),(((((34,28),((39,43),(((49,48),4),(69,44)))),37),(((((10,25),(63,7)),(18,65)),41),(71,62))),(((22,30),8),53)))),45),(((32,(16,47)),59),((33,24),11))),42),(38,(64,58))),(6,19)),50),23),57);
Guide Tree 0/16
#NNI moves:0/152
Guide Tree 1/16
#NNI moves:0/152
Guide Tree 2/16
#NNI moves:0/152
Guide Tree 3/16
#NNI moves:0/152
Guide Tree 4/16
#NNI moves:0/152
Guide Tree 5/16
#NNI moves:0/152
Guide Tree 6/16
#NNI moves:0/152
Guide Tree 7/16
#NNI moves:0/152
Guide Tree 8/16
#NNI moves:0/152
Guide Tree 9/16
#NNI moves:0/152
Guide Tree 10/16
#NNI moves:0/152
Guide Tree 11/16
#NNI moves:0/152
Guide Tree 12/16
#NNI moves:0/152
Guide Tree 13/16
#NNI moves:0/152
Guide Tree 14/16
#NNI moves:0/152
Guide Tree 15/16
#NNI moves:0/152
Remaining: 0
#NNI moves:0/152
#NNI moves:0/152
(((((((((((((((((4,(49,48)),(44,69)),(43,39)),(34,28)),37),(((((7,63),(25,10)),(18,65)),41),(62,71))),((8,(30,22)),53)),(((61,20),(46,17)),(54,(13,36)))),(((((((((9,3),29),(35,27)),70),60),((2,(1,(66,14))),((68,(52,(21,26))),55))),((76,(((85,75),((78,93),(94,(80,84)))),74)),(((((87,98),83),73),95),((((((77,((99,89),90)),(92,79)),(96,88)),86),(81,100)),((82,91),97))))),(((((72,12),15),31),(67,40)),(5,51))),56)),45),(((33,24),11),(59,(32,(16,47))))),42),(38,(64,58))),(6,19)),50),23),57);
Guide Tree 0/16
#NNI moves:0/152
Guide Tree 1/16
#NNI moves:0/152
Guide Tree 2/16
#NNI moves:6/152
Guide Tree 3/16
#NNI moves:0/152
Guide Tree 4/16
#NNI moves:0/152
Guide Tree 5/16
#NNI moves:0/152
Guide Tree 6/16
#NNI moves:0/152
Guide Tree 7/16
#NNI moves:0/152
Guide Tree 8/16
#NNI moves:0/152
Guide Tree 9/16
#NNI moves:0/152
Guide Tree 10/16
#NNI moves:0/152
Guide Tree 11/16
#NNI moves:0/152
Guide Tree 12/16
#NNI moves:0/152
Guide Tree 13/16
#NNI moves:0/152
Guide Tree 14/16
#NNI moves:0/152
Guide Tree 15/16
#NNI moves:0/152
Remaining: 0
#NNI moves:0/152
#NNI moves:0/152
(((((((((((((((((((96,88),((79,92),(77,((99,89),90)))),86),(100,81)),((82,91),97)),(95,(((98,87),83),73))),((74,((((80,84),94),(78,93)),(75,85))),76)),(((((27,35),((3,9),29)),70),60),(((((26,21),52),68),55),(2,((14,66),1))))),(((67,40),((15,(12,72)),31)),(5,51))),56),(((((22,30),8),53),((((((44,69),(4,(49,48))),(39,43)),(34,28)),37),((41,(((7,63),(10,25)),(65,18))),(62,71)))),((54,(13,36)),((17,46),(61,20))))),45),(((33,24),11),((32,(47,16)),59))),42),(38,(64,58))),(19,6)),50),23),57);
Guide Tree 0/16
#NNI moves:0/152
Guide Tree 1/16
#NNI moves:0/152
Guide Tree 2/16
#NNI moves:0/152
Guide Tree 3/16
#NNI moves:0/152
Guide Tree 4/16
#NNI moves:0/152
Guide Tree 5/16
#NNI moves:0/152
Guide Tree 6/16
#NNI moves:0/152
Guide Tree 7/16
#NNI moves:0/152
Guide Tree 8/16
#NNI moves:0/152
Guide Tree 9/16
#NNI moves:0/152
Guide Tree 10/16
#NNI moves:0/152
Guide Tree 11/16
#NNI moves:0/152
Guide Tree 12/16
#NNI moves:0/152
Guide Tree 13/16
#NNI moves:0/152
Guide Tree 14/16
#NNI moves:0/152
Guide Tree 15/16
#NNI moves:0/152
Remaining: 0
#NNI moves:0/152
#NNI moves:0/152
((((((((((((((((((((((89,99),90),77),(92,79)),(88,96)),86),(100,81)),((82,91),97)),(95,((83,(87,98)),73))),((((((80,84),94),(93,78)),(85,75)),74),76)),((((68,(52,(26,21))),55),(((14,66),1),2)),(((((3,9),29),(35,27)),70),60))),(((31,((12,72),15)),(40,67)),(5,51))),56),((((((((63,7),(10,25)),(65,18)),41),(71,62)),(((((4,(48,49)),(44,69)),(43,39)),(28,34)),37)),(((30,22),8),53)),((54,(36,13)),((46,17),(20,61))))),45),((((47,16),32),59),((24,33),11))),42),((64,58),38)),(6,19)),50),23),57);
Initial score: 4.57501e+08
Initial tree: ((((((((((((((((((((((89,99),90),77),(92,79)),(88,96)),86),(100,81)),((82,91),97)),(95,((83,(87,98)),73))),((((((80,84),94),(93,78)),(85,75)),74),76)),((((68,(52,(26,21))),55),(((14,66),1),2)),(((((3,9),29),(35,27)),70),60))),(((31,((12,72),15)),(40,67)),(5,51))),56),((((((((63,7),(10,25)),(65,18)),41),(71,62)),(((((4,(48,49)),(44,69)),(43,39)),(28,34)),37)),(((30,22),8),53)),((54,(36,13)),((46,17),(20,61))))),45),((((47,16),32),59),((24,33),11))),42),((64,58),38)),(6,19)),50),23),57);
*** Subsample Process ***
Use two-step algorithm!
#NNI moves:0/152
Remaining: 0
#NNI moves:0/152
#NNI moves:0/152
(((((((((((((((((((((((10,25),(7,63)),(65,18)),41),(62,71)),((((((49,48),4),(69,44)),(39,43)),(28,34)),37)),((8,(30,22)),53)),((54,(13,36)),((20,61),(17,46)))),(((((24,33),11),(((47,16),32),59)),(((((23,57),50),(19,6)),((64,58),38)),42)),45)),56),(((67,40),(((12,72),15),31)),(5,51))),((((68,((21,26),52)),55),(((14,66),1),2)),(((((9,3),29),(35,27)),70),60))),((74,(((78,93),((84,80),94)),(75,85))),76)),(95,(((98,87),83),73))),((91,82),97)),(100,81)),86),(88,96)),(92,79)),77),90),89),99);
#NNI moves:0/152
Remaining: 0
#NNI moves:0/152
#NNI moves:0/152
(((((((((((((((((((((90,(89,99)),77),(79,92)),(96,88)),86),(100,81)),((82,91),97)),(95,((83,(98,87)),73))),(((((93,78),((84,80),94)),(75,85)),74),76)),((((((3,9),29),(35,27)),70),60),(((((26,21),52),68),55),(2,(1,(66,14)))))),(((((12,72),15),31),(67,40)),(5,51))),56),((((((((25,10),(7,63)),(65,18)),41),(71,62)),((((39,43),((69,44),((49,48),4))),(28,34)),37)),(((22,30),8),53)),(((20,61),(46,17)),((36,13),54)))),45),(((33,24),11),(((16,47),32),59))),42),(38,(58,64))),(19,6)),50),57),23);
#NNI moves:0/152
Remaining: 0
#NNI moves:0/152
#NNI moves:0/152
(((((((((((((((((((((25,10),(7,63)),(65,18)),41),(71,62)),(37,((((69,44),((49,48),4)),(43,39)),(34,28)))),(((22,30),8),53)),(((13,36),54),((17,46),(61,20)))),(((((38,(64,58)),((6,19),((57,23),50))),42),(((24,33),11),(((16,47),32),59))),45)),56),((5,51),((((72,12),15),31),(40,67)))),((((((9,3),29),(35,27)),70),60),((((14,66),1),2),(55,(68,((26,21),52)))))),((((((84,80),94),(93,78)),(85,75)),74),76)),(95,((83,(98,87)),73))),((91,82),97)),(100,81)),86),(88,96)),(92,79)),((89,99),90)),77);
#NNI moves:0/152
Remaining: 0
#NNI moves:0/152
#NNI moves:0/152
((((((((((((((68,(52,(21,26))),55),((1,(14,66)),2)),(((((9,3),29),(27,35)),70),60)),(((((((88,96),((79,92),(77,((99,89),90)))),86),(81,100)),((82,91),97)),((((87,98),83),73),95)),(((((93,78),((84,80),94)),(75,85)),74),76))),((((15,(12,72)),31),(40,67)),(51,5))),56),((((((((63,7),(10,25)),(18,65)),41),(62,71)),((((39,43),(((48,49),4),(69,44))),(28,34)),37)),(((22,30),8),53)),((54,(36,13)),((46,17),(20,61))))),45),(((24,33),11),(((47,16),32),59))),42),((6,19),(50,(23,57)))),(58,64)),38);
Current score: 4.57501e+08
Current tree: ((23,(50,((6,19),((((((((((((68,(52,(21,26))),55),((1,(14,66)),2)),(((((9,3),29),(27,35)),70),60)),(((((((88,96),((79,92),(77,((99,89),90)))),86),(81,100)),((82,91),97)),((((87,98),83),73),95)),(((((93,78),((84,80),94)),(75,85)),74),76))),((((15,(12,72)),31),(40,67)),(51,5))),56),((((((((63,7),(10,25)),(18,65)),41),(62,71)),((((39,43),(((48,49),4),(69,44))),(28,34)),37)),(((22,30),8),53)),((54,(36,13)),((46,17),(20,61))))),45),(((24,33),11),(((47,16),32),59))),42),((58,64),38))))),57);
Final Tree: ((23,(50,((6,19),((((((((((((68,(52,(21,26))),55),((1,(14,66)),2)),(((((9,3),29),(27,35)),70),60)),(((((((88,96),((79,92),(77,((99,89),90)))),86),(81,100)),((82,91),97)),((((87,98),83),73),95)),(((((93,78),((84,80),94)),(75,85)),74),76))),((((15,(12,72)),31),(40,67)),(51,5))),56),((((((((63,7),(10,25)),(18,65)),41),(62,71)),((((39,43),(((48,49),4),(69,44))),(28,34)),37)),(((22,30),8),53)),((54,(36,13)),((46,17),(20,61))))),45),(((24,33),11),(((47,16),32),59))),42),((58,64),38))))),57);
#EqQuartets: 473734302
Score: 457501242
ASTRAL for PaRalogs and Orthologs III (ASTRAL-Pro3)
*** NOW with integrated CASTLES-Pro ***
Version: v1.22.3.6
Read 512 genetrees and found 100 species.
#Genetrees: 995
#Duploss: 26969
#Species: 100
#Rounds: 4
#Samples: 4
#Threads: 1
Use two-step algorithm!
Guide Tree 0/16
#NNI moves:0/152
Guide Tree 1/16
#NNI moves:0/152
Guide Tree 2/16
#NNI moves:0/152
Guide Tree 3/16
#NNI moves:0/152
Guide Tree 4/16
#NNI moves:0/152
Guide Tree 5/16
#NNI moves:0/152
Guide Tree 6/16
#NNI moves:0/152
Guide Tree 7/16
#NNI moves:0/152
Guide Tree 8/16
#NNI moves:0/152
Guide Tree 9/16
#NNI moves:0/152
Guide Tree 10/16
#NNI moves:0/152
Guide Tree 11/16
#NNI moves:0/152
Guide Tree 12/16
#NNI moves:0/152
Guide Tree 13/16
#NNI moves:0/152
Guide Tree 14/16
#NNI moves:0/152
Guide Tree 15/16
#NNI moves:0/152
Remaining: 0
#NNI moves:0/152
#NNI moves:0/152
((((((((((((((((((92,88),(82,97)),(81,87)),(84,(90,(98,94)))),((95,86),((93,99),((89,100),96)))),(91,85)),83),(((((((31,42),58),(39,73)),((27,(4,17)),(33,64))),((48,57),(20,53))),(15,((49,3),(12,46)))),(((74,(56,(2,8))),((26,68),(5,(61,21)))),40))),((((23,60),75),(((6,10),19),(34,7))),((((((71,(47,80)),38),37),(((65,30),(76,(55,18))),69)),((((((43,(25,13)),11),(14,9)),((28,(35,(70,67))),32)),(44,16)),(62,54))),1))),(78,66)),50),(45,22)),((72,24),59)),77),(29,(51,79))),(36,41)),52),63);
Guide Tree 0/16
#NNI moves:0/152
Guide Tree 1/16
#NNI moves:0/152
Guide Tree 2/16
#NNI moves:0/152
Guide Tree 3/16
#NNI moves:0/152
Guide Tree 4/16
#NNI moves:0/152
Guide Tree 5/16
#NNI moves:0/152
Guide Tree 6/16
#NNI moves:0/152
Guide Tree 7/16
#NNI moves:0/152
Guide Tree 8/16
#NNI moves:0/152
Guide Tree 9/16
#NNI moves:0/152
Guide Tree 10/16
#NNI moves:0/152
Guide Tree 11/16
#NNI moves:0/152
Guide Tree 12/16
#NNI moves:0/152
Guide Tree 13/16
#NNI moves:0/152
Guide Tree 14/16
#NNI moves:0/152
Guide Tree 15/16
#NNI moves:0/152
Remaining: 0
#NNI moves:0/152
#NNI moves:0/152
((((((((((((((((((80,47),71),38),37),(((65,30),(76,(55,18))),69)),(((((((67,70),35),28),32),((((13,25),43),11),(9,14))),(44,16)),(54,62))),1),((((6,10),19),(7,34)),((23,60),75))),(((((((58,(31,42)),(73,39)),((33,64),((17,4),27))),((20,53),(57,48))),(15,((3,49),(12,46)))),(((((8,2),56),74),((5,(61,21)),(26,68))),40)),(((85,91),((((87,81),((97,82),(92,88))),(((98,94),90),84)),(((99,93),((89,100),96)),(95,86)))),83))),(78,66)),50),(22,45)),(59,(24,72))),77),(29,(51,79))),(41,36)),52),63);
Guide Tree 0/16
#NNI moves:0/152
Guide Tree 1/16
#NNI moves:0/152
Guide Tree 2/16
#NNI moves:0/152
Guide Tree 3/16
#NNI moves:0/152
Guide Tree 4/16
#NNI moves:0/152
Guide Tree 5/16
#NNI moves:0/152
Guide Tree 6/16
#NNI moves:0/152
Guide Tree 7/16
#NNI moves:0/152
Guide Tree 8/16
#NNI moves:0/152
Guide Tree 9/16
#NNI moves:0/152
Guide Tree 10/16
#NNI moves:0/152
Guide Tree 11/16
#NNI moves:0/152
Guide Tree 12/16
#NNI moves:0/152
Guide Tree 13/16
#NNI moves:0/152
Guide Tree 14/16
#NNI moves:0/152
Guide Tree 15/16
#NNI moves:0/152
Remaining: 0
#NNI moves:0/152
#NNI moves:0/152
((((((((((((((((((42,31),58),(73,39)),(((4,17),27),(64,33))),((57,48),(53,20))),(15,((3,49),(12,46)))),(((((2,8),56),74),((26,68),((21,61),5))),40)),(((((((82,97),(88,92)),(81,87)),(((98,94),90),84)),((((100,89),96),(93,99)),(86,95))),(85,91)),83)),(((((37,(((80,47),71),38)),((((18,55),76),(30,65)),69)),(((((14,9),(11,((13,25),43))),((((67,70),35),28),32)),(16,44)),(54,62))),1),((75,(60,23)),(((10,6),19),(34,7))))),(78,66)),50),(22,45)),(59,(72,24))),77),(29,(51,79))),(41,36)),52),63);
Guide Tree 0/16
#NNI moves:0/152
Guide Tree 1/16
#NNI moves:0/152
Guide Tree 2/16
#NNI moves:0/152
Guide Tree 3/16
#NNI moves:0/152
Guide Tree 4/16
#NNI moves:0/152
Guide Tree 5/16
#NNI moves:0/152
Guide Tree 6/16
#NNI moves:0/152
Guide Tree 7/16
#NNI moves:0/152
Guide Tree 8/16
#NNI moves:0/152
Guide Tree 9/16
#NNI moves:0/152
Guide Tree 10/16
#NNI moves:0/152
Guide Tree 11/16
#NNI moves:0/152
Guide Tree 12/16
#NNI moves:0/152
Guide Tree 13/16
#NNI moves:0/152
Guide Tree 14/16
#NNI moves:0/152
Guide Tree 15/16
#NNI moves:0/152
Remaining: 0
#NNI moves:0/152
#NNI moves:0/152
((((((((((((((((((92,88),(82,97)),(81,87)),(((94,98),90),84)),((95,86),((93,99),((89,100),96)))),(85,91)),83),((((((73,39),((42,31),58)),(((17,4),27),(33,64))),((48,57),(53,20))),(((49,3),(46,12)),15)),((((56,(2,8)),74),(((61,21),5),(26,68))),40))),((((((((((70,67),35),28),32),((((25,13),43),11),(9,14))),(44,16)),(54,62)),(((((47,80),71),38),37),(((76,(55,18)),(65,30)),69))),1),(((34,7),((6,10),19)),((60,23),75)))),(78,66)),50),(22,45)),((24,72),59)),77),((51,79),29)),(41,36)),52),63);
Initial score: 5.19732e+08
Initial tree: ((((((((((((((((((92,88),(82,97)),(81,87)),(((94,98),90),84)),((95,86),((93,99),((89,100),96)))),(85,91)),83),((((((73,39),((42,31),58)),(((17,4),27),(33,64))),((48,57),(53,20))),(((49,3),(46,12)),15)),((((56,(2,8)),74),(((61,21),5),(26,68))),40))),((((((((((70,67),35),28),32),((((25,13),43),11),(9,14))),(44,16)),(54,62)),(((((47,80),71),38),37),(((76,(55,18)),(65,30)),69))),1),(((34,7),((6,10),19)),((60,23),75)))),(78,66)),50),(22,45)),((24,72),59)),77),((51,79),29)),(41,36)),52),63);
*** Subsample Process ***
Use two-step algorithm!
#NNI moves:0/152
Remaining: 0
#NNI moves:2/152
#NNI moves:2/152
((((((((((((((((((((25,13),43),11),(14,9)),((((67,70),35),28),32)),(44,16)),(54,62)),(((((55,18),76),(30,65)),69),((((47,80),71),38),37))),1),(((23,60),75),(((10,6),19),(34,7)))),((78,66),(((((((52,63),(41,36)),((51,79),29)),77),((24,72),59)),(45,22)),50))),(((((((42,31),58),(39,73)),((27,(17,4)),(64,33))),((57,48),(20,53))),(((49,3),(12,46)),15)),((((56,(8,2)),74),(((21,61),5),(68,26))),40))),83),(91,85)),(((99,93),((89,100),96)),(86,95))),(((98,94),90),84)),(87,81)),(82,97)),88),92);
#NNI moves:0/152
Remaining: 0
#NNI moves:0/152
#NNI moves:0/152
((((((((((((((((((31,42),58),(39,73)),((27,(4,17)),(33,64))),((48,57),(53,20))),(15,((49,3),(46,12)))),(((((61,21),5),(26,68)),(((8,2),56),74)),40)),(((((((94,98),90),84),(((88,92),(82,97)),(87,81))),(((96,(89,100)),(99,93)),(86,95))),(91,85)),83)),((((((((28,((67,70),35)),32),((14,9),(((25,13),43),11))),(44,16)),(54,62)),(((((47,80),71),38),37),((((18,55),76),(30,65)),69))),1),((((10,6),19),(7,34)),((60,23),75)))),(66,78)),50),(45,22)),(59,(72,24))),77),(29,(79,51))),(36,41)),63),52);
#NNI moves:0/152
Remaining: 0
#NNI moves:0/152
#NNI moves:0/152
(((((((((((((((((28,((67,70),35)),32),((((25,13),43),11),(14,9))),(16,44)),(62,54)),(((((47,80),71),38),37),(((30,65),((18,55),76)),69))),1),((((10,6),19),(34,7)),((23,60),75))),((66,78),((((((29,(51,79)),((41,36),(63,52))),77),(59,(24,72))),(22,45)),50))),(((((((97,82),(88,92)),(81,87)),(((94,98),90),84)),(((99,93),((89,100),96)),(95,86))),(85,91)),83)),((((56,(8,2)),74),(((61,21),5),(26,68))),40)),(((49,3),(12,46)),15)),((48,57),(53,20))),((64,33),((4,17),27))),((31,42),58)),73),39);
#NNI moves:0/152
Remaining: 0
#NNI moves:2/152
#NNI moves:2/152
(((((((((((((((((88,92),(82,97)),(81,87)),(84,((98,94),90))),((((100,89),96),(99,93)),(86,95))),(91,85)),83),(((((49,3),(46,12)),15),(((20,53),(48,57)),((((4,17),27),(64,33)),(((42,31),58),(39,73))))),(((((61,21),5),(26,68)),(((2,8),56),74)),40))),((((((((((70,67),35),28),32),((11,(43,(25,13))),(14,9))),(44,16)),(54,62)),((((76,(55,18)),(30,65)),69),(37,((71,(80,47)),38)))),1),(((23,60),75),((19,(10,6)),(34,7))))),(78,66)),50),(22,45)),((72,24),59)),77),((41,36),(52,63))),(79,51)),29);
Current score: 5.19732e+08
Current tree: ((52,((41,36),(((((((((((((((88,92),(82,97)),(81,87)),(84,((98,94),90))),((((100,89),96),(99,93)),(86,95))),(91,85)),83),(((((49,3),(46,12)),15),(((20,53),(48,57)),((((4,17),27),(64,33)),(((42,31),58),(39,73))))),(((((61,21),5),(26,68)),(((2,8),56),74)),40))),((((((((((70,67),35),28),32),((11,(43,(25,13))),(14,9))),(44,16)),(54,62)),((((76,(55,18)),(30,65)),69),(37,((71,(80,47)),38)))),1),(((23,60),75),((19,(10,6)),(34,7))))),(78,66)),50),(22,45)),((72,24),59)),77),((79,51),29)))),63);
Final Tree: ((52,((41,36),(((((((((((((((88,92),(82,97)),(81,87)),(84,((98,94),90))),((((100,89),96),(99,93)),(86,95))),(91,85)),83),(((((49,3),(46,12)),15),(((20,53),(48,57)),((((4,17),27),(64,33)),(((42,31),58),(39,73))))),(((((61,21),5),(26,68)),(((2,8),56),74)),40))),((((((((((70,67),35),28),32),((11,(43,(25,13))),(14,9))),(44,16)),(54,62)),((((76,(55,18)),(30,65)),69),(37,((71,(80,47)),38)))),1),(((23,60),75),((19,(10,6)),(34,7))))),(78,66)),50),(22,45)),((72,24),59)),77),((79,51),29)))),63);
#EqQuartets: 538634026
Score: 519732075
ASTRAL for PaRalogs and Orthologs III (ASTRAL-Pro3)
*** NOW with integrated CASTLES-Pro ***
Version: v1.22.3.6
Read 512 genetrees and found 100 species.
#Genetrees: 1000
#Duploss: 32359
#Species: 100
#Rounds: 4
#Samples: 4
#Threads: 1
Use two-step algorithm!
Guide Tree 0/16
#NNI moves:0/152
Guide Tree 1/16
#NNI moves:0/152
Guide Tree 2/16
#NNI moves:0/152
Guide Tree 3/16
#NNI moves:0/152
Guide Tree 4/16
#NNI moves:0/152
Guide Tree 5/16
#NNI moves:0/152
Guide Tree 6/16
#NNI moves:0/152
Guide Tree 7/16
#NNI moves:0/152
Guide Tree 8/16
#NNI moves:0/152
Guide Tree 9/16
#NNI moves:0/152
Guide Tree 10/16
#NNI moves:0/152
Guide Tree 11/16
#NNI moves:0/152
Guide Tree 12/16
#NNI moves:0/152
Guide Tree 13/16
#NNI moves:0/152
Guide Tree 14/16
#NNI moves:0/152
Guide Tree 15/16
#NNI moves:0/152
Remaining: 0
#NNI moves:0/152
#NNI moves:0/152
(((((((((((((((66,(96,(77,76))),53),((64,52),71)),((84,100),(68,98))),((((69,44),67),81),83)),((((55,58),(54,73)),79),72)),(59,57)),(((65,50),(97,74)),(75,78))),(((70,61),85),51)),((((((((19,20),36),(((41,31),17),(35,4))),(9,(15,24))),33),(42,13)),(((((28,34),(14,25)),37),(((((((22,(26,27)),30),39),((12,38),29)),3),8),((32,7),(5,23)))),(((18,1),(2,(21,10))),((6,(11,40)),16)))),((63,(90,95)),((49,60),88)))),((43,80),45)),(((((((48,89),91),94),46),56),47),82)),(((86,62),92),87)),93),99);
Guide Tree 0/16
#NNI moves:0/152
Guide Tree 1/16
#NNI moves:0/152
Guide Tree 2/16
#NNI moves:0/152
Guide Tree 3/16
#NNI moves:0/152
Guide Tree 4/16
#NNI moves:0/152
Guide Tree 5/16
#NNI moves:0/152
Guide Tree 6/16
#NNI moves:0/152
Guide Tree 7/16
#NNI moves:0/152
Guide Tree 8/16
#NNI moves:0/152
Guide Tree 9/16
#NNI moves:0/152
Guide Tree 10/16
#NNI moves:0/152
Guide Tree 11/16
#NNI moves:0/152
Guide Tree 12/16
#NNI moves:0/152
Guide Tree 13/16
#NNI moves:0/152
Guide Tree 14/16
#NNI moves:0/152
Guide Tree 15/16
#NNI moves:0/152
Remaining: 0
#NNI moves:0/152
#NNI moves:0/152
((((((((((((18,1),((10,21),2)),(((40,11),6),16)),((((((39,(((27,26),22),30)),(29,(12,38))),3),8),((23,5),(32,7))),(((14,25),(28,34)),37))),((((((19,20),36),((4,35),(17,(31,41)))),((15,24),9)),33),(42,13))),((63,(90,95)),(88,(49,60)))),(((((((((((76,77),96),66),53),((52,64),71)),((98,68),(84,100))),(((67,(69,44)),81),83)),((((73,54),(58,55)),79),72)),(59,57)),(((74,97),(50,65)),(75,78))),(((61,70),85),51))),((43,80),45)),(82,((56,((94,((89,48),91)),46)),47))),(((86,62),92),87)),93),99);
Guide Tree 0/16
#NNI moves:0/152
Guide Tree 1/16
#NNI moves:0/152
Guide Tree 2/16
#NNI moves:0/152
Guide Tree 3/16
#NNI moves:0/152
Guide Tree 4/16
#NNI moves:0/152
Guide Tree 5/16
#NNI moves:0/152
Guide Tree 6/16
#NNI moves:0/152
Guide Tree 7/16
#NNI moves:0/152
Guide Tree 8/16
#NNI moves:0/152
Guide Tree 9/16
#NNI moves:0/152
Guide Tree 10/16
#NNI moves:0/152
Guide Tree 11/16
#NNI moves:0/152
Guide Tree 12/16
#NNI moves:0/152
Guide Tree 13/16
#NNI moves:0/152
Guide Tree 14/16
#NNI moves:0/152
Guide Tree 15/16
#NNI moves:0/152
Remaining: 0
#NNI moves:0/152
#NNI moves:0/152
((((((((((((18,1),((21,10),2)),(((40,11),6),16)),((((32,7),(23,5)),(((((((26,27),22),30),39),((12,38),29)),3),8)),(((25,14),(28,34)),37))),((33,((9,(24,15)),((36,(19,20)),((35,4),((41,31),17))))),(42,13))),(((95,90),63),((60,49),88))),((((((((54,73),(58,55)),79),72),(((((69,44),67),81),83),((((((76,77),96),66),53),((52,64),71)),((84,100),(98,68))))),(57,59)),(((65,50),(74,97)),(78,75))),(51,((61,70),85)))),((43,80),45)),(82,((((((48,89),91),94),46),56),47))),(((62,86),92),87)),93),99);
Guide Tree 0/16
#NNI moves:0/152
Guide Tree 1/16
#NNI moves:0/152
Guide Tree 2/16
#NNI moves:0/152
Guide Tree 3/16
#NNI moves:0/152
Guide Tree 4/16
#NNI moves:0/152
Guide Tree 5/16
#NNI moves:0/152
Guide Tree 6/16
#NNI moves:0/152
Guide Tree 7/16
#NNI moves:0/152
Guide Tree 8/16
#NNI moves:0/152
Guide Tree 9/16
#NNI moves:0/152
Guide Tree 10/16
#NNI moves:0/152
Guide Tree 11/16
#NNI moves:0/152
Guide Tree 12/16
#NNI moves:0/152
Guide Tree 13/16
#NNI moves:0/152
Guide Tree 14/16
#NNI moves:0/152
Guide Tree 15/16
#NNI moves:0/152
Remaining: 0
#NNI moves:0/152
#NNI moves:0/152
(((((((((((((((((77,76),96),66),53),((64,52),71)),((100,84),(98,68))),(83,(((69,44),67),81))),((((58,55),(54,73)),79),72)),(57,59)),(((65,50),(97,74)),(75,78))),((85,(61,70)),51)),((((((((((38,12),29),((30,((27,26),22)),39)),3),8),((7,32),(23,5))),(((28,34),(14,25)),37)),(((1,18),(2,(10,21))),((6,(40,11)),16))),(((((15,24),9),((((31,41),17),(35,4)),((19,20),36))),33),(42,13))),(((49,60),88),(63,(90,95))))),(45,(80,43))),((((((91,(48,89)),94),46),56),47),82)),((92,(62,86)),87)),93),99);
Initial score: 4.39305e+08
Initial tree: (((((((((((((((((77,76),96),66),53),((64,52),71)),((100,84),(98,68))),(83,(((69,44),67),81))),((((58,55),(54,73)),79),72)),(57,59)),(((65,50),(97,74)),(75,78))),((85,(61,70)),51)),((((((((((38,12),29),((30,((27,26),22)),39)),3),8),((7,32),(23,5))),(((28,34),(14,25)),37)),(((1,18),(2,(10,21))),((6,(40,11)),16))),(((((15,24),9),((((31,41),17),(35,4)),((19,20),36))),33),(42,13))),(((49,60),88),(63,(90,95))))),(45,(80,43))),((((((91,(48,89)),94),46),56),47),82)),((92,(62,86)),87)),93),99);
*** Subsample Process ***
Use two-step algorithm!
#NNI moves:0/152
Remaining: 0
#NNI moves:0/152
#NNI moves:0/152
(((((((((((((((((((((((26,27),22),30),39),((12,38),29)),3),8),((23,5),(32,7))),(((14,25),(28,34)),37)),(((1,18),(2,(21,10))),(((11,40),6),16))),((33,(((36,(20,19)),(((31,41),17),(4,35))),(9,(24,15)))),(13,42))),((63,(90,95)),((60,49),88))),(((((((((48,89),91),94),46),56),47),82),((93,99),((92,(62,86)),87))),((43,80),45))),((85,(61,70)),51)),((78,75),((97,74),(65,50)))),(59,57)),(72,(((55,58),(73,54)),79))),((((69,44),67),81),83)),((100,84),(98,68))),(53,(((76,77),96),66))),71),52),64);
#NNI moves:0/152
Remaining: 0
#NNI moves:0/152
#NNI moves:0/152
((((((((((((((17,(41,31)),(35,4)),(36,(19,20))),((24,15),9)),33),(13,42)),((((((((30,((26,27),22)),39),((12,38),29)),3),8),((32,7),(23,5))),(((34,28),(14,25)),37)),(((18,1),((21,10),2)),(((11,40),6),16)))),(((95,90),63),((60,49),88))),((((((((55,58),(73,54)),79),72),((((71,(64,52)),((((76,77),96),66),53)),((68,98),(100,84))),(83,((67,(44,69)),81)))),(59,57)),((75,78),((65,50),(74,97)))),((85,(70,61)),51))),(45,(80,43))),((((((91,(89,48)),94),46),56),47),82)),(87,((86,62),92))),99),93);
#NNI moves:0/152
Remaining: 0
#NNI moves:0/152
#NNI moves:0/152
((((((((((((((((((71,(64,52)),(((96,(76,77)),66),53)),((68,98),(100,84))),((((44,69),67),81),83)),((79,((54,73),(58,55))),72)),(57,59)),(((65,50),(74,97)),(75,78))),((85,(70,61)),51)),((((((46,(94,((48,89),91))),56),47),82),((((86,62),92),87),(99,93))),(45,(43,80)))),((63,(95,90)),(88,(60,49)))),(((((((29,(12,38)),(((22,(26,27)),30),39)),3),8),((7,32),(5,23))),(((14,25),(34,28)),37)),(((1,18),(2,(10,21))),((6,(11,40)),16)))),(42,13)),33),((15,24),9)),(36,(19,20))),((41,31),17)),35),4);
#NNI moves:0/152
Remaining: 0
#NNI moves:0/152
#NNI moves:0/152
((((((((((((((((((12,38),29),(((22,(26,27)),30),39)),3),8),((23,5),(32,7))),(((25,14),(34,28)),37)),(((2,(21,10)),(1,18)),((6,(11,40)),16))),(((((24,15),9),(((35,4),((31,41),17)),((20,19),36))),33),(42,13))),((63,(90,95)),((49,60),88))),(((((((((((77,76),96),66),53),((64,52),71)),((100,84),(68,98))),((((69,44),67),81),83)),((((54,73),(58,55)),79),72)),(59,57)),((75,78),((65,50),(97,74)))),(51,((70,61),85)))),((80,43),45)),(((((((48,89),91),94),46),56),47),82)),(93,99)),87),92),62),86);
Current score: 4.39305e+08
Current tree: ((93,((((((((((((((12,38),29),(((22,(26,27)),30),39)),3),8),((23,5),(32,7))),(((25,14),(34,28)),37)),(((2,(21,10)),(1,18)),((6,(11,40)),16))),(((((24,15),9),(((35,4),((31,41),17)),((20,19),36))),33),(42,13))),((63,(90,95)),((49,60),88))),(((((((((((77,76),96),66),53),((64,52),71)),((100,84),(68,98))),((((69,44),67),81),83)),((((54,73),(58,55)),79),72)),(59,57)),((75,78),((65,50),(97,74)))),(51,((70,61),85)))),((80,43),45)),(((((((48,89),91),94),46),56),47),82)),(87,(92,(62,86))))),99);
Final Tree: ((93,((((((((((((((12,38),29),(((22,(26,27)),30),39)),3),8),((23,5),(32,7))),(((25,14),(34,28)),37)),(((2,(21,10)),(1,18)),((6,(11,40)),16))),(((((24,15),9),(((35,4),((31,41),17)),((20,19),36))),33),(42,13))),((63,(90,95)),((49,60),88))),(((((((((((77,76),96),66),53),((64,52),71)),((100,84),(68,98))),((((69,44),67),81),83)),((((54,73),(58,55)),79),72)),(59,57)),((75,78),((65,50),(97,74)))),(51,((70,61),85)))),((80,43),45)),(((((((48,89),91),94),46),56),47),82)),(87,(92,(62,86))))),99);
#EqQuartets: 456165834
Score: 439305082
ASTRAL for PaRalogs and Orthologs III (ASTRAL-Pro3)
*** NOW with integrated CASTLES-Pro ***
Version: v1.22.3.6
Read 512 genetrees and found 100 species.
#Genetrees: 999
#Duploss: 26869
#Species: 100
#Rounds: 4
#Samples: 4
#Threads: 1
Use two-step algorithm!
Guide Tree 0/16
#NNI moves:0/152
Guide Tree 1/16
#NNI moves:0/152
Guide Tree 2/16
#NNI moves:0/152
Guide Tree 3/16
#NNI moves:0/152
Guide Tree 4/16
#NNI moves:0/152
Guide Tree 5/16
#NNI moves:0/152
Guide Tree 6/16
#NNI moves:0/152
Guide Tree 7/16
#NNI moves:0/152
Guide Tree 8/16
#NNI moves:0/152
Guide Tree 9/16
#NNI moves:0/152
Guide Tree 10/16
#NNI moves:0/152
Guide Tree 11/16
#NNI moves:0/152
Guide Tree 12/16
#NNI moves:0/152
Guide Tree 13/16
#NNI moves:0/152
Guide Tree 14/16
#NNI moves:0/152
Guide Tree 15/16
#NNI moves:0/152
Remaining: 0
#NNI moves:0/152
#NNI moves:0/152
(((((((((((((((((98,93),(67,80)),97),(76,((89,71),72))),(69,((92,91),(84,74)))),(95,68)),((((81,(((82,94),87),(83,77))),((88,((70,(73,86)),90)),96)),99),((((100,78),79),85),75))),((((27,58),65),(((16,((60,20),34)),(10,39)),23)),(((((63,24),25),(26,55)),38),(((13,28),48),((51,8),(47,19)))))),((((44,52),49),(2,54)),33)),((((62,9),(22,40)),(36,(32,4))),43)),(((((18,(3,66)),(56,(31,45))),(12,5)),((57,59),61)),(21,11))),(((30,29),((17,53),15)),(46,35))),(14,((64,37),(7,50)))),1),6),41),42);
Guide Tree 0/16
#NNI moves:0/152
Guide Tree 1/16
#NNI moves:0/152
Guide Tree 2/16
#NNI moves:0/152
Guide Tree 3/16
#NNI moves:0/152
Guide Tree 4/16
#NNI moves:0/152
Guide Tree 5/16
#NNI moves:0/152
Guide Tree 6/16
#NNI moves:0/152
Guide Tree 7/16
#NNI moves:0/152
Guide Tree 8/16
#NNI moves:0/152
Guide Tree 9/16
#NNI moves:0/152
Guide Tree 10/16
#NNI moves:0/152
Guide Tree 11/16
#NNI moves:0/152
Guide Tree 12/16
#NNI moves:0/152
Guide Tree 13/16
#NNI moves:0/152
Guide Tree 14/16
#NNI moves:0/152
Guide Tree 15/16
#NNI moves:0/152
Remaining: 0
#NNI moves:0/152
#NNI moves:0/152
(((((((((((((((((87,(82,94)),(77,83)),81),((88,(((73,86),70),90)),96)),99),(((79,(100,78)),85),75)),((95,68),(((((98,93),(67,80)),97),((72,(71,89)),76)),(((74,84),(91,92)),69)))),(((((25,(63,24)),(26,55)),38),(((19,47),(8,51)),((28,13),48))),(((((34,(60,20)),16),(10,39)),23),((27,58),65)))),(((54,2),((52,44),49)),33)),((((40,22),(9,62)),((32,4),36)),43)),(((((56,(45,31)),((66,3),18)),(12,5)),((59,57),61)),(11,21))),((46,35),((15,(17,53)),(30,29)))),(((50,7),(37,64)),14)),1),6),41),42);
Guide Tree 0/16
#NNI moves:0/152
Guide Tree 1/16
#NNI moves:0/152
Guide Tree 2/16
#NNI moves:6/152
Guide Tree 3/16
#NNI moves:0/152
Guide Tree 4/16
#NNI moves:0/152
Guide Tree 5/16
#NNI moves:0/152
Guide Tree 6/16
#NNI moves:0/152
Guide Tree 7/16
#NNI moves:0/152
Guide Tree 8/16
#NNI moves:0/152
Guide Tree 9/16
#NNI moves:0/152
Guide Tree 10/16
#NNI moves:0/152
Guide Tree 11/16
#NNI moves:0/152
Guide Tree 12/16
#NNI moves:0/152
Guide Tree 13/16
#NNI moves:0/152
Guide Tree 14/16
#NNI moves:0/152
Guide Tree 15/16
#NNI moves:0/152
Remaining: 0
#NNI moves:0/152
#NNI moves:0/152
(((((((((((((((97,((80,67),(93,98))),(((89,71),72),76)),(((84,74),(91,92)),69)),(95,68)),(((((88,(((86,73),70),90)),96),(((77,83),(87,(82,94))),81)),99),((85,((78,100),79)),75))),(((((26,55),(25,(63,24))),38),(((8,51),(47,19)),((13,28),48))),((((10,39),((34,(60,20)),16)),23),((58,27),65)))),(((2,54),(49,(52,44))),33)),((((62,9),(40,22)),(36,(4,32))),43)),((11,21),(((((45,31),56),(18,(3,66))),(12,5)),((57,59),61)))),((35,46),((30,29),((53,17),15)))),(((50,7),(37,64)),14)),1),6),41),42);
Guide Tree 0/16
#NNI moves:0/152
Guide Tree 1/16
#NNI moves:0/152
Guide Tree 2/16
#NNI moves:0/152
Guide Tree 3/16
#NNI moves:0/152
Guide Tree 4/16
#NNI moves:0/152
Guide Tree 5/16
#NNI moves:0/152
Guide Tree 6/16
#NNI moves:0/152
Guide Tree 7/16
#NNI moves:0/152
Guide Tree 8/16
#NNI moves:0/152
Guide Tree 9/16
#NNI moves:0/152
Guide Tree 10/16
#NNI moves:0/152
Guide Tree 11/16
#NNI moves:0/152
Guide Tree 12/16
#NNI moves:0/152
Guide Tree 13/16
#NNI moves:0/152
Guide Tree 14/16
#NNI moves:0/152
Guide Tree 15/16
#NNI moves:0/152
Remaining: 0
#NNI moves:0/152
#NNI moves:0/152
(((((((((((((((8,51),(47,19)),(48,(13,28))),((((24,63),25),(26,55)),38)),(((58,27),65),(((((20,60),34),16),(10,39)),23))),((((85,((100,78),79)),75),(((((87,(94,82)),(77,83)),81),(96,(((70,(73,86)),90),88))),99)),(((((74,84),(91,92)),69),((((93,98),(67,80)),97),(76,((89,71),72)))),(95,68)))),(33,((49,(44,52)),(2,54)))),((((9,62),(22,40)),((32,4),36)),43)),((((5,12),((18,(3,66)),((45,31),56))),((57,59),61)),(21,11))),(((29,30),(15,(53,17))),(46,35))),(((37,64),(7,50)),14)),1),6),41),42);
Initial score: 5.41029e+08
Initial tree: (((((((((((((((8,51),(47,19)),(48,(13,28))),((((24,63),25),(26,55)),38)),(((58,27),65),(((((20,60),34),16),(10,39)),23))),((((85,((100,78),79)),75),(((((87,(94,82)),(77,83)),81),(96,(((70,(73,86)),90),88))),99)),(((((74,84),(91,92)),69),((((93,98),(67,80)),97),(76,((89,71),72)))),(95,68)))),(33,((49,(44,52)),(2,54)))),((((9,62),(22,40)),((32,4),36)),43)),((((5,12),((18,(3,66)),((45,31),56))),((57,59),61)),(21,11))),(((29,30),(15,(53,17))),(46,35))),(((37,64),(7,50)),14)),1),6),41),42);
*** Subsample Process ***
Use two-step algorithm!
#NNI moves:0/152
Remaining: 0
#NNI moves:0/152
#NNI moves:0/152
(((((((((((((((18,(66,3)),((45,31),56)),(12,5)),((57,59),61)),(21,11)),((((6,(41,42)),1),(((37,64),(50,7)),14)),(((29,30),((53,17),15)),(46,35)))),((((62,9),(22,40)),(36,(4,32))),43)),(((49,(52,44)),(54,2)),33)),(((((((98,93),(67,80)),97),(((71,89),72),76)),(((84,74),(91,92)),69)),(68,95)),(((((((82,94),87),(83,77)),81),((((70,(73,86)),90),88),96)),99),((85,((100,78),79)),75)))),((((8,51),(19,47)),(48,(13,28))),(((55,26),(25,(63,24))),38))),((27,58),65)),23),(((60,20),34),16)),10),39);
#NNI moves:0/152
Remaining: 0
#NNI moves:0/152
#NNI moves:0/152
((((((((((((((47,19),(51,8)),((28,13),48)),(38,((55,26),(25,(63,24))))),(((27,58),65),(((((20,60),34),16),(10,39)),23))),((((((88,((70,(86,73)),90)),96),(((83,77),((82,94),87)),81)),99),((((100,78),79),85),75)),((((((93,98),(80,67)),97),(((89,71),72),76)),(((84,74),(91,92)),69)),(95,68)))),(((49,(44,52)),(54,2)),33)),((((22,40),(9,62)),((32,4),36)),43)),((((5,12),(((31,45),56),((66,3),18))),((59,57),61)),(21,11))),((((53,17),15),(29,30)),(46,35))),(14,((50,7),(37,64)))),1),(41,42)),6);
#NNI moves:0/152
Remaining: 0
#NNI moves:0/152
#NNI moves:0/152
(((((((((((((78,100),79),85),75),(((((90,(70,(86,73))),88),96),(((83,77),((82,94),87)),81)),99)),((((((98,93),(80,67)),97),((72,(89,71)),76)),(69,((84,74),(92,91)))),(95,68))),(((((((59,57),61),((((3,66),18),((31,45),56)),(5,12))),(21,11)),(((14,((50,7),(37,64))),(((41,42),6),1)),((46,35),(((53,17),15),(29,30))))),(((36,(4,32)),((9,62),(40,22))),43)),((((44,52),49),(2,54)),33))),(((58,27),65),(((((20,60),34),16),(39,10)),23))),(38,((26,55),((63,24),25)))),((13,28),48)),(8,51)),47),19);
#NNI moves:0/152
Remaining: 0
#NNI moves:0/152
#NNI moves:0/152
(((((((((((((((98,93),(67,80)),97),(76,((71,89),72))),(((91,92),(84,74)),69)),(68,95)),(((((((70,(73,86)),90),88),96),((((94,82),87),(83,77)),81)),99),((((100,78),79),85),75))),(((((8,51),(47,19)),(48,(28,13))),((((24,63),25),(26,55)),38)),((((((20,60),34),16),(10,39)),23),(65,(27,58))))),(((2,54),(49,(44,52))),33)),((((62,9),(22,40)),((32,4),36)),43)),(((((18,(3,66)),(56,(45,31))),(12,5)),((57,59),61)),(11,21))),((35,46),(((17,53),15),(29,30)))),(((41,42),6),1)),((7,50),(64,37))),14);
Current score: 5.41029e+08
Current tree: ((41,(6,(1,(((((((((((((98,93),(67,80)),97),(76,((71,89),72))),(((91,92),(84,74)),69)),(68,95)),(((((((70,(73,86)),90),88),96),((((94,82),87),(83,77)),81)),99),((((100,78),79),85),75))),(((((8,51),(47,19)),(48,(28,13))),((((24,63),25),(26,55)),38)),((((((20,60),34),16),(10,39)),23),(65,(27,58))))),(((2,54),(49,(44,52))),33)),((((62,9),(22,40)),((32,4),36)),43)),(((((18,(3,66)),(56,(45,31))),(12,5)),((57,59),61)),(11,21))),((35,46),(((17,53),15),(29,30)))),(((7,50),(64,37)),14))))),42);
Final Tree: ((41,(6,(1,(((((((((((((98,93),(67,80)),97),(76,((71,89),72))),(((91,92),(84,74)),69)),(68,95)),(((((((70,(73,86)),90),88),96),((((94,82),87),(83,77)),81)),99),((((100,78),79),85),75))),(((((8,51),(47,19)),(48,(28,13))),((((24,63),25),(26,55)),38)),((((((20,60),34),16),(10,39)),23),(65,(27,58))))),(((2,54),(49,(44,52))),33)),((((62,9),(22,40)),((32,4),36)),43)),(((((18,(3,66)),(56,(45,31))),(12,5)),((57,59),61)),(11,21))),((35,46),(((17,53),15),(29,30)))),(((7,50),(64,37)),14))))),42);
#EqQuartets: 560600179
Score: 541028843
ASTRAL for PaRalogs and Orthologs III (ASTRAL-Pro3)
*** NOW with integrated CASTLES-Pro ***
Version: v1.22.3.6
Read 512 genetrees and found 100 species.
#Genetrees: 985
#Duploss: 31448
#Species: 100
#Rounds: 4
#Samples: 4
#Threads: 1
Use two-step algorithm!
Guide Tree 0/16
#NNI moves:0/152
Guide Tree 1/16
#NNI moves:0/152
Guide Tree 2/16
#NNI moves:0/152
Guide Tree 3/16
#NNI moves:0/152
Guide Tree 4/16
#NNI moves:0/152
Guide Tree 5/16
#NNI moves:0/152
Guide Tree 6/16
#NNI moves:0/152
Guide Tree 7/16
#NNI moves:0/152
Guide Tree 8/16
#NNI moves:0/152
Guide Tree 9/16
#NNI moves:0/152
Guide Tree 10/16
#NNI moves:0/152
Guide Tree 11/16
#NNI moves:0/152
Guide Tree 12/16
#NNI moves:0/152
Guide Tree 13/16
#NNI moves:0/152
Guide Tree 14/16
#NNI moves:0/152
Guide Tree 15/16
#NNI moves:0/152
Remaining: 0
#NNI moves:0/152
#NNI moves:0/152
(((((((((((((76,82),(((9,41),(79,24)),((51,84),28))),(80,57)),11),36),13),(((((((30,71),67),(78,(85,61))),((12,26),37)),((38,(5,74)),((18,75),8))),(86,58)),33)),((((((70,48),(((20,(35,(31,29))),15),7)),(19,(6,(53,32)))),((16,2),42)),83),(4,14))),(((((((97,96),90),(91,87)),((98,(89,100)),92)),((95,88),((99,94),93))),(39,49)),(64,22))),((((((((3,65),25),1),(17,34)),(((63,40),66),(73,23))),((54,50),(56,59))),(60,(44,43))),((52,47),72))),((68,((27,(81,77)),21)),(55,62))),((69,10),45)),46);
Guide Tree 0/16
#NNI moves:0/152
Guide Tree 1/16
#NNI moves:0/152
Guide Tree 2/16
#NNI moves:0/152
Guide Tree 3/16
#NNI moves:0/152
Guide Tree 4/16
#NNI moves:0/152
Guide Tree 5/16
#NNI moves:0/152
Guide Tree 6/16
#NNI moves:0/152
Guide Tree 7/16
#NNI moves:0/152
Guide Tree 8/16
#NNI moves:0/152
Guide Tree 9/16
#NNI moves:0/152
Guide Tree 10/16
#NNI moves:0/152
Guide Tree 11/16
#NNI moves:0/152
Guide Tree 12/16
#NNI moves:0/152
Guide Tree 13/16
#NNI moves:0/152
Guide Tree 14/16
#NNI moves:0/152
Guide Tree 15/16
#NNI moves:0/152
Remaining: 0
#NNI moves:0/152
#NNI moves:0/152
(((((((((((((((35,(29,31)),20),15),7),(70,48)),((6,(53,32)),19)),((2,16),42)),83),(14,4)),(((((((76,82),(((41,9),(24,79)),(28,(51,84)))),(57,80)),11),36),13),(((((((61,85),78),((30,71),67)),(37,(12,26))),(((5,74),38),(8,(75,18)))),(58,86)),33))),((((((90,(96,97)),(91,87)),(((100,89),98),92)),((93,(94,99)),(88,95))),(39,49)),(64,22))),((((((17,34),(1,(25,(3,65)))),((66,(63,40)),(73,23))),((56,59),(50,54))),((44,43),60)),((47,52),72))),(((((77,81),27),21),68),(55,62))),(45,(69,10))),46);
Guide Tree 0/16
#NNI moves:0/152
Guide Tree 1/16
#NNI moves:0/152
Guide Tree 2/16
#NNI moves:0/152
Guide Tree 3/16
#NNI moves:0/152
Guide Tree 4/16
#NNI moves:0/152
Guide Tree 5/16
#NNI moves:0/152
Guide Tree 6/16
#NNI moves:0/152
Guide Tree 7/16
#NNI moves:0/152
Guide Tree 8/16
#NNI moves:0/152
Guide Tree 9/16
#NNI moves:0/152
Guide Tree 10/16
#NNI moves:0/152
Guide Tree 11/16
#NNI moves:0/152
Guide Tree 12/16
#NNI moves:0/152
Guide Tree 13/16
#NNI moves:0/152
Guide Tree 14/16
#NNI moves:0/152
Guide Tree 15/16
#NNI moves:0/152
Remaining: 0
#NNI moves:0/152
#NNI moves:0/152
(((((((((((((5,74),38),((18,75),8)),(((26,12),37),(((71,30),67),((61,85),78)))),(86,58)),33),((((((((79,24),(9,41)),((84,51),28)),(76,82)),(57,80)),11),36),13)),((((((((((29,31),35),20),15),7),(70,48)),(((32,53),6),19)),((16,2),42)),83),(4,14))),(((((93,(99,94)),(95,88)),(((90,(96,97)),(91,87)),((98,(89,100)),92))),(49,39)),(22,64))),((((((17,34),(((65,3),25),1)),((66,(40,63)),(23,73))),((59,56),(50,54))),(60,(44,43))),((47,52),72))),(((((77,81),27),21),68),(55,62))),(45,(69,10))),46);
Guide Tree 0/16
#NNI moves:0/152
Guide Tree 1/16
#NNI moves:0/152
Guide Tree 2/16
#NNI moves:0/152
Guide Tree 3/16
#NNI moves:0/152
Guide Tree 4/16
#NNI moves:0/152
Guide Tree 5/16
#NNI moves:0/152
Guide Tree 6/16
#NNI moves:0/152
Guide Tree 7/16
#NNI moves:0/152
Guide Tree 8/16
#NNI moves:0/152
Guide Tree 9/16
#NNI moves:0/152
Guide Tree 10/16
#NNI moves:0/152
Guide Tree 11/16
#NNI moves:0/152
Guide Tree 12/16
#NNI moves:0/152
Guide Tree 13/16
#NNI moves:0/152
Guide Tree 14/16
#NNI moves:0/152
Guide Tree 15/16
#NNI moves:0/152
Remaining: 0
#NNI moves:0/152
#NNI moves:0/152
((((((((((((((71,30),67),((85,61),78)),((12,26),37)),(((18,75),8),((5,74),38))),(86,58)),33),(((11,(((((41,9),(79,24)),((51,84),28)),(76,82)),(57,80))),36),13)),((((((7,(((35,(29,31)),20),15)),(70,48)),(((53,32),6),19)),(42,(16,2))),83),(4,14))),((((((87,91),(90,(97,96))),((98,(100,89)),92)),((95,88),((99,94),93))),(49,39)),(22,64))),((((((34,17),((25,(3,65)),1)),((23,73),((63,40),66))),((56,59),(54,50))),(60,(43,44))),(72,(52,47)))),((((27,(81,77)),21),68),(62,55))),((69,10),45)),46);
Initial score: 6.15528e+08
Initial tree: ((((((((((((((71,30),67),((85,61),78)),((12,26),37)),(((18,75),8),((5,74),38))),(86,58)),33),(((11,(((((41,9),(79,24)),((51,84),28)),(76,82)),(57,80))),36),13)),((((((7,(((35,(29,31)),20),15)),(70,48)),(((53,32),6),19)),(42,(16,2))),83),(4,14))),((((((87,91),(90,(97,96))),((98,(100,89)),92)),((95,88),((99,94),93))),(49,39)),(22,64))),((((((34,17),((25,(3,65)),1)),((23,73),((63,40),66))),((56,59),(54,50))),(60,(43,44))),(72,(52,47)))),((((27,(81,77)),21),68),(62,55))),((69,10),45)),46);
*** Subsample Process ***
Use two-step algorithm!
#NNI moves:0/152
Remaining: 0
#NNI moves:0/152
#NNI moves:0/152
(((((((((((((((((34,17),((25,(65,3)),1)),((66,(63,40)),(23,73))),((54,50),(56,59))),((44,43),60)),((47,52),72)),((((69,10),45),46),((62,55),(((27,(77,81)),21),68)))),(((((95,88),((99,94),93)),((((89,100),98),92),(((96,97),90),(91,87)))),(49,39)),(22,64))),((((((70,48),(((((31,29),35),20),15),7)),(19,((32,53),6))),((2,16),42)),83),(4,14))),((((((76,82),(((24,79),(9,41)),(28,(51,84)))),(57,80)),11),36),13)),33),(86,58)),((((85,61),78),((30,71),67)),(37,(12,26)))),((74,5),38)),8),18),75);
#NNI moves:0/152
Remaining: 0
#NNI moves:0/152
#NNI moves:0/152
((((((((((((((((30,71),67),((61,85),78)),((26,12),37)),((8,(75,18)),(38,(74,5)))),(58,86)),33),((((((((41,9),(79,24)),((84,51),28)),(82,76)),(57,80)),11),36),13)),(((((19,(6,(53,32))),((((((31,29),35),20),15),7),(48,70))),((2,16),42)),83),(4,14))),(((49,39),((((99,94),93),(88,95)),(((90,(97,96)),(91,87)),(92,((89,100),98))))),(22,64))),((((((17,34),(1,((65,3),25))),(((63,40),66),(23,73))),((54,50),(56,59))),((44,43),60)),((47,52),72))),((68,(((77,81),27),21)),(62,55))),46),45),10),69);
#NNI moves:0/152
Remaining: 0
#NNI moves:0/152
#NNI moves:0/152
((((((((((((((((((1,(25,(3,65))),(34,17)),(((40,63),66),(73,23))),((54,50),(56,59))),((44,43),60)),((52,47),72)),(((68,(21,((77,81),27))),(62,55)),((45,(69,10)),46))),((((((99,94),93),(95,88)),(((98,(89,100)),92),(((97,96),90),(91,87)))),(49,39)),(22,64))),(((((((15,(((31,29),35),20)),7),(48,70)),(((32,53),6),19)),((16,2),42)),83),(4,14))),((((((76,82),((28,(84,51)),((79,24),(41,9)))),(80,57)),11),36),13)),33),(86,58)),(((18,75),8),(38,(5,74)))),(37,(12,26))),((61,85),78)),67),30),71);
#NNI moves:0/152
Remaining: 0
#NNI moves:0/152
#NNI moves:0/152
((((((((((((((((51,84),28),((41,9),(24,79))),(76,82)),(57,80)),11),36),13),((((((18,75),8),(38,(5,74))),(((26,12),37),((67,(30,71)),(78,(85,61))))),(86,58)),33)),((((((70,48),(7,((20,((31,29),35)),15))),(((53,32),6),19)),((16,2),42)),83),(4,14))),(((((((100,89),98),92),((87,91),(90,(97,96)))),((95,88),((94,99),93))),(39,49)),(64,22))),(((((54,50),(59,56)),(((((65,3),25),1),(34,17)),(((63,40),66),(73,23)))),((44,43),60)),(72,(52,47)))),((45,(10,69)),46)),(62,55)),(((81,77),27),21)),68);
Current score: 6.15528e+08
Current tree: (((45,(10,69)),(((((((((((((51,84),28),((41,9),(24,79))),(76,82)),(57,80)),11),36),13),((((((18,75),8),(38,(5,74))),(((26,12),37),((67,(30,71)),(78,(85,61))))),(86,58)),33)),((((((70,48),(7,((20,((31,29),35)),15))),(((53,32),6),19)),((16,2),42)),83),(4,14))),(((((((100,89),98),92),((87,91),(90,(97,96)))),((95,88),((94,99),93))),(39,49)),(64,22))),(((((54,50),(59,56)),(((((65,3),25),1),(34,17)),(((63,40),66),(73,23)))),((44,43),60)),(72,(52,47)))),((62,55),((((81,77),27),21),68)))),46);
Final Tree: (((45,(10,69)),(((((((((((((51,84),28),((41,9),(24,79))),(76,82)),(57,80)),11),36),13),((((((18,75),8),(38,(5,74))),(((26,12),37),((67,(30,71)),(78,(85,61))))),(86,58)),33)),((((((70,48),(7,((20,((31,29),35)),15))),(((53,32),6),19)),((16,2),42)),83),(4,14))),(((((((100,89),98),92),((87,91),(90,(97,96)))),((95,88),((94,99),93))),(39,49)),(64,22))),(((((54,50),(59,56)),(((((65,3),25),1),(34,17)),(((63,40),66),(73,23)))),((44,43),60)),(72,(52,47)))),((62,55),((((81,77),27),21),68)))),46);
#EqQuartets: 669053927
Score: 615527819
ASTRAL for PaRalogs and Orthologs III (ASTRAL-Pro3)
*** NOW with integrated CASTLES-Pro ***
Version: v1.22.3.6
Read 512 genetrees and found 100 species.
#Genetrees: 991
#Duploss: 30124
#Species: 100
#Rounds: 4
#Samples: 4
#Threads: 1
Use two-step algorithm!
Guide Tree 0/16
#NNI moves:0/152
Guide Tree 1/16
#NNI moves:0/152
Guide Tree 2/16
#NNI moves:0/152
Guide Tree 3/16
#NNI moves:0/152
Guide Tree 4/16
#NNI moves:0/152
Guide Tree 5/16
#NNI moves:0/152
Guide Tree 6/16
#NNI moves:0/152
Guide Tree 7/16
#NNI moves:6/152
Guide Tree 8/16
#NNI moves:0/152
Guide Tree 9/16
#NNI moves:0/152
Guide Tree 10/16
#NNI moves:0/152
Guide Tree 11/16
#NNI moves:6/152
Guide Tree 12/16
#NNI moves:0/152
Guide Tree 13/16
#NNI moves:6/152
Guide Tree 14/16
#NNI moves:6/152
Guide Tree 15/16
#NNI moves:0/152
Remaining: 0
#NNI moves:2/152
#NNI moves:2/152
(((((((((((((((((47,18),52),66),50),((35,2),24)),61),45),((((((((56,25),48),55),4),((60,9),10)),62),31),((11,36),53))),5),(((22,49),42),((8,16),28))),((((6,68),((21,19),23)),(12,15)),30)),((((26,((64,38),57)),(((67,(58,63)),39),17)),((13,54),46)),((((((32,69),((51,27),(40,41))),(((33,65),(20,14)),(29,34))),7),3),(37,(1,59))))),(44,43)),((((((93,78),(89,75)),((90,76),94)),(86,92)),(97,82)),((84,((80,72),70)),96))),((73,((81,88),100)),((((91,(83,99)),(71,74)),77),(85,(79,87))))),98),95);
Guide Tree 0/16
#NNI moves:0/152
Guide Tree 1/16
#NNI moves:0/152
Guide Tree 2/16
#NNI moves:0/152
Guide Tree 3/16
#NNI moves:2/152
Guide Tree 4/16
#NNI moves:0/152
Guide Tree 5/16
#NNI moves:0/152
Guide Tree 6/16
#NNI moves:0/152
Guide Tree 7/16
#NNI moves:2/152
Guide Tree 8/16
#NNI moves:0/152
Guide Tree 9/16
#NNI moves:0/152
Guide Tree 10/16
#NNI moves:0/152
Guide Tree 11/16
#NNI moves:0/152
Guide Tree 12/16
#NNI moves:0/152
Guide Tree 13/16
#NNI moves:6/152
Guide Tree 14/16
#NNI moves:0/152
Guide Tree 15/16
#NNI moves:2/152
Remaining: 0
#NNI moves:4/152
#NNI moves:4/152
((((((((((((((((60,9),10),((((25,56),48),55),4)),62),31),(53,(11,36))),((((24,(2,35)),((((47,18),52),66),50)),61),45)),5),(((22,49),42),(28,(16,8)))),(((15,12),(((21,19),23),(6,68))),30)),((((26,((38,64),57)),(((67,(63,58)),39),17)),((54,13),46)),(((((((65,33),(20,14)),(29,34)),(((27,51),(40,41)),(69,32))),7),3),((59,1),37)))),(43,44)),((((((90,76),94),((75,89),(78,93))),(92,86)),(97,82)),(((70,(72,80)),84),96))),((((((99,83),91),(71,74)),77),((79,87),85)),(73,(100,(81,88))))),98),95);
Guide Tree 0/16
#NNI moves:0/152
Guide Tree 1/16
#NNI moves:6/152
Guide Tree 2/16
#NNI moves:2/152
Guide Tree 3/16
#NNI moves:0/152
Guide Tree 4/16
#NNI moves:0/152
Guide Tree 5/16
#NNI moves:0/152
Guide Tree 6/16
#NNI moves:6/152
Guide Tree 7/16
#NNI moves:2/152
Guide Tree 8/16
#NNI moves:2/152
Guide Tree 9/16
#NNI moves:0/152
Guide Tree 10/16
#NNI moves:2/152
Guide Tree 11/16
#NNI moves:2/152
Guide Tree 12/16
#NNI moves:0/152
Guide Tree 13/16
#NNI moves:2/152
Guide Tree 14/16
#NNI moves:0/152
Guide Tree 15/16
#NNI moves:0/152
Remaining: 0
#NNI moves:0/152
#NNI moves:0/152
(((((((((((16,8),28),(42,(49,22))),((((((((52,(18,47)),66),50),((2,35),24)),61),45),((((((60,9),10),((((25,56),48),55),4)),62),31),((11,36),53))),5)),(((((21,19),23),(6,68)),(15,12)),30)),((((((64,38),57),26),((((58,63),67),39),17)),(46,(13,54))),((37,(1,59)),((((((40,41),(51,27)),(32,69)),(((33,65),(20,14)),(29,34))),7),3)))),(43,44)),((((((90,76),94),((93,78),(89,75))),(92,86)),(97,82)),(((70,(72,80)),84),96))),((((((99,83),91),(71,74)),77),(85,(87,79))),((100,(81,88)),73))),98),95);
Guide Tree 0/16
#NNI moves:0/152
Guide Tree 1/16
#NNI moves:0/152
Guide Tree 2/16
#NNI moves:0/152
Guide Tree 3/16
#NNI moves:0/152
Guide Tree 4/16
#NNI moves:0/152
Guide Tree 5/16
#NNI moves:0/152
Guide Tree 6/16
#NNI moves:0/152
Guide Tree 7/16
#NNI moves:0/152
Guide Tree 8/16
#NNI moves:0/152
Guide Tree 9/16
#NNI moves:0/152
Guide Tree 10/16
#NNI moves:0/152
Guide Tree 11/16
#NNI moves:0/152
Guide Tree 12/16
#NNI moves:0/152
Guide Tree 13/16
#NNI moves:0/152
Guide Tree 14/16
#NNI moves:0/152
Guide Tree 15/16
#NNI moves:0/152
Remaining: 0
#NNI moves:8/152
#NNI moves:8/152
((((((((((((31,((((55,((56,25),48)),4),((9,60),10)),62)),((11,36),53)),(((((((18,47),52),66),50),(24,(35,2))),61),45)),5),(((49,22),42),((8,16),28))),(((((19,21),23),(6,68)),(12,15)),30)),(((((((32,69),((27,51),(40,41))),((34,29),((65,33),(14,20)))),7),3),(37,(59,1))),(((54,13),46),(((((63,58),67),39),17),(26,(57,(38,64))))))),(43,44)),((((70,(80,72)),84),96),(((((78,93),(75,89)),(94,(90,76))),(86,92)),(97,82)))),(((((71,74),((83,99),91)),77),((87,79),85)),(((81,88),100),73))),98),95);
Initial score: 5.41457e+08
Initial tree: ((((((((((((31,((((55,((56,25),48)),4),((9,60),10)),62)),((11,36),53)),(((((((18,47),52),66),50),(24,(35,2))),61),45)),5),(((49,22),42),((8,16),28))),(((((19,21),23),(6,68)),(12,15)),30)),(((((((32,69),((27,51),(40,41))),((34,29),((65,33),(14,20)))),7),3),(37,(59,1))),(((54,13),46),(((((63,58),67),39),17),(26,(57,(38,64))))))),(43,44)),((((70,(80,72)),84),96),(((((78,93),(75,89)),(94,(90,76))),(86,92)),(97,82)))),(((((71,74),((83,99),91)),77),((87,79),85)),(((81,88),100),73))),98),95);
*** Subsample Process ***
Use two-step algorithm!
#NNI moves:0/152
Remaining: 1
#NNI moves:0/152
#NNI moves:0/152
(((((((((((((((((((29,34),((20,14),(33,65))),((32,69),((41,40),(51,27)))),7),3),((1,59),37)),(((((67,(58,63)),39),17),(((38,64),57),26)),(46,(54,13)))),((((((((93,78),(89,75)),((76,90),94)),(86,92)),(97,82)),((((72,80),70),84),96)),(((((81,88),100),73),((((71,74),((83,99),91)),77),(85,(87,79)))),(98,95))),(44,43))),((((68,6),((19,21),23)),(12,15)),30)),(((16,8),28),((22,49),42))),5),((((((52,(47,18)),66),50),((2,35),24)),61),45)),((11,36),53)),31),62),((60,9),10)),4),((25,56),48)),55);
#NNI moves:0/152
Remaining: 0
#NNI moves:8/152
#NNI moves:10/152
(((((((((((((((((41,40),(27,51)),(69,32)),((34,29),((20,14),(33,65)))),7),3),(37,(1,59))),((((((63,58),67),39),17),((57,(38,64)),26)),(46,(13,54)))),(((((((((((47,18),52),66),50),((2,35),24)),61),45),(((11,36),53),((((4,((48,(25,56)),55)),(10,(9,60))),62),31))),5),(((16,8),28),((49,22),42))),(((12,15),((6,68),(23,(21,19)))),30))),(44,43)),((((((90,76),94),((78,93),(75,89))),(86,92)),(97,82)),((((72,80),70),84),96))),(98,95)),((77,(((99,83),91),(74,71))),(85,(87,79)))),73),100),88),81);
#NNI moves:2/152
Remaining: 0
#NNI moves:4/152
#NNI moves:4/152
(((((((((((((((((((18,47),52),66),50),((2,35),24)),61),45),(((((4,(55,(48,(25,56)))),(10,(60,9))),62),31),((11,36),53))),5),(((8,16),28),(42,(22,49)))),(((15,12),(((19,21),23),(68,6))),30)),(((((97,82),((((89,75),(78,93)),((76,90),94)),(86,92))),((((80,72),70),84),96)),(((((79,87),85),((((83,99),91),(71,74)),77)),(73,(100,(81,88)))),(95,98))),(43,44))),(((((((20,14),(65,33)),(34,29)),((69,32),((41,40),(27,51)))),7),3),((59,1),37))),(46,(13,54))),(26,((38,64),57))),17),39),(58,63)),67);
#NNI moves:0/152
Remaining: 0
#NNI moves:0/152
#NNI moves:0/152
(((((((((((((((32,69),((40,41),(51,27))),(((14,20),(33,65)),(29,34))),7),3),((1,59),37)),((((((63,58),67),39),17),(((64,38),57),26)),((54,13),46))),((((((31,((((9,60),10),((55,(48,(56,25))),4)),62)),((36,11),53)),((((24,(2,35)),(((52,(47,18)),66),50)),61),45)),5),(((8,16),28),(42,(49,22)))),(((((19,21),23),(6,68)),(12,15)),30))),(43,44)),((((((93,78),(75,89)),((90,76),94)),(86,92)),(82,97)),((((80,72),70),84),96))),(98,95)),(73,(100,(88,81)))),(((74,71),((99,83),91)),77)),(79,87)),85);
Current score: 5.41457e+08
Current tree: ((98,(((((((((((32,69),((40,41),(51,27))),(((14,20),(33,65)),(29,34))),7),3),((1,59),37)),((((((63,58),67),39),17),(((64,38),57),26)),((54,13),46))),((((((31,((((9,60),10),((55,(48,(56,25))),4)),62)),((36,11),53)),((((24,(2,35)),(((52,(47,18)),66),50)),61),45)),5),(((8,16),28),(42,(49,22)))),(((((19,21),23),(6,68)),(12,15)),30))),(43,44)),((((((93,78),(75,89)),((90,76),94)),(86,92)),(82,97)),((((80,72),70),84),96))),((73,(100,(88,81))),((((74,71),((99,83),91)),77),((79,87),85))))),95);
Final Tree: ((98,(((((((((((32,69),((40,41),(51,27))),(((14,20),(33,65)),(29,34))),7),3),((1,59),37)),((((((63,58),67),39),17),(((64,38),57),26)),((54,13),46))),((((((31,((((9,60),10),((55,(48,(56,25))),4)),62)),((36,11),53)),((((24,(2,35)),(((52,(47,18)),66),50)),61),45)),5),(((8,16),28),(42,(49,22)))),(((((19,21),23),(6,68)),(12,15)),30))),(43,44)),((((((93,78),(75,89)),((90,76),94)),(86,92)),(82,97)),((((80,72),70),84),96))),((73,(100,(88,81))),((((74,71),((99,83),91)),77),((79,87),85))))),95);
#EqQuartets: 555699334
Score: 541456607
Traceback (most recent call last):
  File "/mnt/disk1/wqfm-tree-stuff/experiments/./rfScoreCalculator/getFpFn.py", line 46, in <module>
    estimateTree = readNewickFile(options.estimate_tree)
                   ^^^^^^^^^^^^^^^^^^^^^^^^^^^^^^^^^^^^^
  File "/home/system3/anaconda3/lib/python3.11/site-packages/spruce-1.0-py3.11.egg/spruce/unrooted.py", line 28, in readNewickFile
    f = open(file)
        ^^^^^^^^^^
FileNotFoundError: [Errno 2] No such file or directory: '100taxa/DOI-10-13012-b2idb-5721322_v1/estimated/ntaxa-100.dlrate-0.0000000005.psize-50000000/01/g_trees-with-gt3species-wqfm-tree.tre'

During handling of the above exception, another exception occurred:

Traceback (most recent call last):
  File "/mnt/disk1/wqfm-tree-stuff/experiments/./rfScoreCalculator/getFpFn.py", line 48, in <module>
    estimateTree = parse_tree(readTreesFromRatchet(options.estimate_tree)[0])
                              ^^^^^^^^^^^^^^^^^^^^^^^^^^^^^^^^^^^^^^^^^^^
  File "/home/system3/anaconda3/lib/python3.11/site-packages/spruce-1.0-py3.11.egg/spruce/mrp.py", line 424, in readTreesFromRatchet
FileNotFoundError: [Errno 2] No such file or directory: '100taxa/DOI-10-13012-b2idb-5721322_v1/estimated/ntaxa-100.dlrate-0.0000000005.psize-50000000/01/g_trees-with-gt3species-wqfm-tree.tre'
Traceback (most recent call last):
  File "/mnt/disk1/wqfm-tree-stuff/experiments/./rfScoreCalculator/getFpFn.py", line 46, in <module>
    estimateTree = readNewickFile(options.estimate_tree)
                   ^^^^^^^^^^^^^^^^^^^^^^^^^^^^^^^^^^^^^
  File "/home/system3/anaconda3/lib/python3.11/site-packages/spruce-1.0-py3.11.egg/spruce/unrooted.py", line 28, in readNewickFile
    f = open(file)
        ^^^^^^^^^^
FileNotFoundError: [Errno 2] No such file or directory: '100taxa/DOI-10-13012-b2idb-5721322_v1/estimated/ntaxa-100.dlrate-0.0000000005.psize-50000000/02/g_trees-with-gt3species-wqfm-tree.tre'

During handling of the above exception, another exception occurred:

Traceback (most recent call last):
  File "/mnt/disk1/wqfm-tree-stuff/experiments/./rfScoreCalculator/getFpFn.py", line 48, in <module>
    estimateTree = parse_tree(readTreesFromRatchet(options.estimate_tree)[0])
                              ^^^^^^^^^^^^^^^^^^^^^^^^^^^^^^^^^^^^^^^^^^^
  File "/home/system3/anaconda3/lib/python3.11/site-packages/spruce-1.0-py3.11.egg/spruce/mrp.py", line 424, in readTreesFromRatchet
FileNotFoundError: [Errno 2] No such file or directory: '100taxa/DOI-10-13012-b2idb-5721322_v1/estimated/ntaxa-100.dlrate-0.0000000005.psize-50000000/02/g_trees-with-gt3species-wqfm-tree.tre'
Traceback (most recent call last):
  File "/mnt/disk1/wqfm-tree-stuff/experiments/./rfScoreCalculator/getFpFn.py", line 46, in <module>
    estimateTree = readNewickFile(options.estimate_tree)
                   ^^^^^^^^^^^^^^^^^^^^^^^^^^^^^^^^^^^^^
  File "/home/system3/anaconda3/lib/python3.11/site-packages/spruce-1.0-py3.11.egg/spruce/unrooted.py", line 28, in readNewickFile
    f = open(file)
        ^^^^^^^^^^
FileNotFoundError: [Errno 2] No such file or directory: '100taxa/DOI-10-13012-b2idb-5721322_v1/estimated/ntaxa-100.dlrate-0.0000000005.psize-50000000/03/g_trees-with-gt3species-wqfm-tree.tre'

During handling of the above exception, another exception occurred:

Traceback (most recent call last):
  File "/mnt/disk1/wqfm-tree-stuff/experiments/./rfScoreCalculator/getFpFn.py", line 48, in <module>
    estimateTree = parse_tree(readTreesFromRatchet(options.estimate_tree)[0])
                              ^^^^^^^^^^^^^^^^^^^^^^^^^^^^^^^^^^^^^^^^^^^
  File "/home/system3/anaconda3/lib/python3.11/site-packages/spruce-1.0-py3.11.egg/spruce/mrp.py", line 424, in readTreesFromRatchet
FileNotFoundError: [Errno 2] No such file or directory: '100taxa/DOI-10-13012-b2idb-5721322_v1/estimated/ntaxa-100.dlrate-0.0000000005.psize-50000000/03/g_trees-with-gt3species-wqfm-tree.tre'
Traceback (most recent call last):
  File "/mnt/disk1/wqfm-tree-stuff/experiments/./rfScoreCalculator/getFpFn.py", line 46, in <module>
    estimateTree = readNewickFile(options.estimate_tree)
                   ^^^^^^^^^^^^^^^^^^^^^^^^^^^^^^^^^^^^^
  File "/home/system3/anaconda3/lib/python3.11/site-packages/spruce-1.0-py3.11.egg/spruce/unrooted.py", line 28, in readNewickFile
    f = open(file)
        ^^^^^^^^^^
FileNotFoundError: [Errno 2] No such file or directory: '100taxa/DOI-10-13012-b2idb-5721322_v1/estimated/ntaxa-100.dlrate-0.0000000005.psize-50000000/04/g_trees-with-gt3species-wqfm-tree.tre'

During handling of the above exception, another exception occurred:

Traceback (most recent call last):
  File "/mnt/disk1/wqfm-tree-stuff/experiments/./rfScoreCalculator/getFpFn.py", line 48, in <module>
    estimateTree = parse_tree(readTreesFromRatchet(options.estimate_tree)[0])
                              ^^^^^^^^^^^^^^^^^^^^^^^^^^^^^^^^^^^^^^^^^^^
  File "/home/system3/anaconda3/lib/python3.11/site-packages/spruce-1.0-py3.11.egg/spruce/mrp.py", line 424, in readTreesFromRatchet
FileNotFoundError: [Errno 2] No such file or directory: '100taxa/DOI-10-13012-b2idb-5721322_v1/estimated/ntaxa-100.dlrate-0.0000000005.psize-50000000/04/g_trees-with-gt3species-wqfm-tree.tre'
Traceback (most recent call last):
  File "/mnt/disk1/wqfm-tree-stuff/experiments/./rfScoreCalculator/getFpFn.py", line 46, in <module>
    estimateTree = readNewickFile(options.estimate_tree)
                   ^^^^^^^^^^^^^^^^^^^^^^^^^^^^^^^^^^^^^
  File "/home/system3/anaconda3/lib/python3.11/site-packages/spruce-1.0-py3.11.egg/spruce/unrooted.py", line 28, in readNewickFile
    f = open(file)
        ^^^^^^^^^^
FileNotFoundError: [Errno 2] No such file or directory: '100taxa/DOI-10-13012-b2idb-5721322_v1/estimated/ntaxa-100.dlrate-0.0000000005.psize-50000000/05/g_trees-with-gt3species-wqfm-tree.tre'

During handling of the above exception, another exception occurred:

Traceback (most recent call last):
  File "/mnt/disk1/wqfm-tree-stuff/experiments/./rfScoreCalculator/getFpFn.py", line 48, in <module>
    estimateTree = parse_tree(readTreesFromRatchet(options.estimate_tree)[0])
                              ^^^^^^^^^^^^^^^^^^^^^^^^^^^^^^^^^^^^^^^^^^^
  File "/home/system3/anaconda3/lib/python3.11/site-packages/spruce-1.0-py3.11.egg/spruce/mrp.py", line 424, in readTreesFromRatchet
FileNotFoundError: [Errno 2] No such file or directory: '100taxa/DOI-10-13012-b2idb-5721322_v1/estimated/ntaxa-100.dlrate-0.0000000005.psize-50000000/05/g_trees-with-gt3species-wqfm-tree.tre'
Traceback (most recent call last):
  File "/mnt/disk1/wqfm-tree-stuff/experiments/./rfScoreCalculator/getFpFn.py", line 46, in <module>
    estimateTree = readNewickFile(options.estimate_tree)
                   ^^^^^^^^^^^^^^^^^^^^^^^^^^^^^^^^^^^^^
  File "/home/system3/anaconda3/lib/python3.11/site-packages/spruce-1.0-py3.11.egg/spruce/unrooted.py", line 28, in readNewickFile
    f = open(file)
        ^^^^^^^^^^
FileNotFoundError: [Errno 2] No such file or directory: '100taxa/DOI-10-13012-b2idb-5721322_v1/estimated/ntaxa-100.dlrate-0.0000000005.psize-50000000/06/g_trees-with-gt3species-wqfm-tree.tre'

During handling of the above exception, another exception occurred:

Traceback (most recent call last):
  File "/mnt/disk1/wqfm-tree-stuff/experiments/./rfScoreCalculator/getFpFn.py", line 48, in <module>
    estimateTree = parse_tree(readTreesFromRatchet(options.estimate_tree)[0])
                              ^^^^^^^^^^^^^^^^^^^^^^^^^^^^^^^^^^^^^^^^^^^
  File "/home/system3/anaconda3/lib/python3.11/site-packages/spruce-1.0-py3.11.egg/spruce/mrp.py", line 424, in readTreesFromRatchet
FileNotFoundError: [Errno 2] No such file or directory: '100taxa/DOI-10-13012-b2idb-5721322_v1/estimated/ntaxa-100.dlrate-0.0000000005.psize-50000000/06/g_trees-with-gt3species-wqfm-tree.tre'
Traceback (most recent call last):
  File "/mnt/disk1/wqfm-tree-stuff/experiments/./rfScoreCalculator/getFpFn.py", line 46, in <module>
    estimateTree = readNewickFile(options.estimate_tree)
                   ^^^^^^^^^^^^^^^^^^^^^^^^^^^^^^^^^^^^^
  File "/home/system3/anaconda3/lib/python3.11/site-packages/spruce-1.0-py3.11.egg/spruce/unrooted.py", line 28, in readNewickFile
    f = open(file)
        ^^^^^^^^^^
FileNotFoundError: [Errno 2] No such file or directory: '100taxa/DOI-10-13012-b2idb-5721322_v1/estimated/ntaxa-100.dlrate-0.0000000005.psize-50000000/07/g_trees-with-gt3species-wqfm-tree.tre'

During handling of the above exception, another exception occurred:

Traceback (most recent call last):
  File "/mnt/disk1/wqfm-tree-stuff/experiments/./rfScoreCalculator/getFpFn.py", line 48, in <module>
    estimateTree = parse_tree(readTreesFromRatchet(options.estimate_tree)[0])
                              ^^^^^^^^^^^^^^^^^^^^^^^^^^^^^^^^^^^^^^^^^^^
  File "/home/system3/anaconda3/lib/python3.11/site-packages/spruce-1.0-py3.11.egg/spruce/mrp.py", line 424, in readTreesFromRatchet
FileNotFoundError: [Errno 2] No such file or directory: '100taxa/DOI-10-13012-b2idb-5721322_v1/estimated/ntaxa-100.dlrate-0.0000000005.psize-50000000/07/g_trees-with-gt3species-wqfm-tree.tre'
Traceback (most recent call last):
  File "/mnt/disk1/wqfm-tree-stuff/experiments/./rfScoreCalculator/getFpFn.py", line 46, in <module>
    estimateTree = readNewickFile(options.estimate_tree)
                   ^^^^^^^^^^^^^^^^^^^^^^^^^^^^^^^^^^^^^
  File "/home/system3/anaconda3/lib/python3.11/site-packages/spruce-1.0-py3.11.egg/spruce/unrooted.py", line 28, in readNewickFile
    f = open(file)
        ^^^^^^^^^^
FileNotFoundError: [Errno 2] No such file or directory: '100taxa/DOI-10-13012-b2idb-5721322_v1/estimated/ntaxa-100.dlrate-0.0000000005.psize-50000000/08/g_trees-with-gt3species-wqfm-tree.tre'

During handling of the above exception, another exception occurred:

Traceback (most recent call last):
  File "/mnt/disk1/wqfm-tree-stuff/experiments/./rfScoreCalculator/getFpFn.py", line 48, in <module>
    estimateTree = parse_tree(readTreesFromRatchet(options.estimate_tree)[0])
                              ^^^^^^^^^^^^^^^^^^^^^^^^^^^^^^^^^^^^^^^^^^^
  File "/home/system3/anaconda3/lib/python3.11/site-packages/spruce-1.0-py3.11.egg/spruce/mrp.py", line 424, in readTreesFromRatchet
FileNotFoundError: [Errno 2] No such file or directory: '100taxa/DOI-10-13012-b2idb-5721322_v1/estimated/ntaxa-100.dlrate-0.0000000005.psize-50000000/08/g_trees-with-gt3species-wqfm-tree.tre'
Traceback (most recent call last):
  File "/mnt/disk1/wqfm-tree-stuff/experiments/./rfScoreCalculator/getFpFn.py", line 46, in <module>
    estimateTree = readNewickFile(options.estimate_tree)
                   ^^^^^^^^^^^^^^^^^^^^^^^^^^^^^^^^^^^^^
  File "/home/system3/anaconda3/lib/python3.11/site-packages/spruce-1.0-py3.11.egg/spruce/unrooted.py", line 28, in readNewickFile
    f = open(file)
        ^^^^^^^^^^
FileNotFoundError: [Errno 2] No such file or directory: '100taxa/DOI-10-13012-b2idb-5721322_v1/estimated/ntaxa-100.dlrate-0.0000000005.psize-50000000/09/g_trees-with-gt3species-wqfm-tree.tre'

During handling of the above exception, another exception occurred:

Traceback (most recent call last):
  File "/mnt/disk1/wqfm-tree-stuff/experiments/./rfScoreCalculator/getFpFn.py", line 48, in <module>
    estimateTree = parse_tree(readTreesFromRatchet(options.estimate_tree)[0])
                              ^^^^^^^^^^^^^^^^^^^^^^^^^^^^^^^^^^^^^^^^^^^
  File "/home/system3/anaconda3/lib/python3.11/site-packages/spruce-1.0-py3.11.egg/spruce/mrp.py", line 424, in readTreesFromRatchet
FileNotFoundError: [Errno 2] No such file or directory: '100taxa/DOI-10-13012-b2idb-5721322_v1/estimated/ntaxa-100.dlrate-0.0000000005.psize-50000000/09/g_trees-with-gt3species-wqfm-tree.tre'
Traceback (most recent call last):
  File "/mnt/disk1/wqfm-tree-stuff/experiments/./rfScoreCalculator/getFpFn.py", line 46, in <module>
    estimateTree = readNewickFile(options.estimate_tree)
                   ^^^^^^^^^^^^^^^^^^^^^^^^^^^^^^^^^^^^^
  File "/home/system3/anaconda3/lib/python3.11/site-packages/spruce-1.0-py3.11.egg/spruce/unrooted.py", line 28, in readNewickFile
    f = open(file)
        ^^^^^^^^^^
FileNotFoundError: [Errno 2] No such file or directory: '100taxa/DOI-10-13012-b2idb-5721322_v1/estimated/ntaxa-100.dlrate-0.0000000005.psize-50000000/10/g_trees-with-gt3species-wqfm-tree.tre'

During handling of the above exception, another exception occurred:

Traceback (most recent call last):
  File "/mnt/disk1/wqfm-tree-stuff/experiments/./rfScoreCalculator/getFpFn.py", line 48, in <module>
    estimateTree = parse_tree(readTreesFromRatchet(options.estimate_tree)[0])
                              ^^^^^^^^^^^^^^^^^^^^^^^^^^^^^^^^^^^^^^^^^^^
  File "/home/system3/anaconda3/lib/python3.11/site-packages/spruce-1.0-py3.11.egg/spruce/mrp.py", line 424, in readTreesFromRatchet
FileNotFoundError: [Errno 2] No such file or directory: '100taxa/DOI-10-13012-b2idb-5721322_v1/estimated/ntaxa-100.dlrate-0.0000000005.psize-50000000/10/g_trees-with-gt3species-wqfm-tree.tre'
Traceback (most recent call last):
  File "/mnt/disk1/wqfm-tree-stuff/experiments/./scripts/rfAverager.py", line 17, in <module>
    print('({})'.format(','.join(map(str, [sm[i] / count for i in range(len(sm))]))))
                                          ^^^^^^^^^^^^^^^^^^^^^^^^^^^^^^^^^^^^^^^
  File "/mnt/disk1/wqfm-tree-stuff/experiments/./scripts/rfAverager.py", line 17, in <listcomp>
    print('({})'.format(','.join(map(str, [sm[i] / count for i in range(len(sm))]))))
                                           ~~~~~~^~~~~~~
ZeroDivisionError: division by zero
