ASTRAL for PaRalogs and Orthologs III (ASTRAL-Pro3)
*** NOW with integrated CASTLES-Pro ***
Version: v1.22.3.6
Read 512 genetrees and found 100 species.
#Genetrees: 1000
#Duploss: 0
#Species: 100
#Rounds: 4
#Samples: 4
#Threads: 1
Use two-step algorithm!
Guide Tree 0/16
#NNI moves:0/152
Guide Tree 1/16
#NNI moves:0/152
Guide Tree 2/16
#NNI moves:0/152
Guide Tree 3/16
#NNI moves:0/152
Guide Tree 4/16
#NNI moves:0/152
Guide Tree 5/16
#NNI moves:0/152
Guide Tree 6/16
#NNI moves:0/152
Guide Tree 7/16
#NNI moves:0/152
Guide Tree 8/16
#NNI moves:0/152
Guide Tree 9/16
#NNI moves:0/152
Guide Tree 10/16
#NNI moves:0/152
Guide Tree 11/16
#NNI moves:0/152
Guide Tree 12/16
#NNI moves:0/152
Guide Tree 13/16
#NNI moves:0/152
Guide Tree 14/16
#NNI moves:0/152
Guide Tree 15/16
#NNI moves:0/152
Remaining: 0
#NNI moves:0/152
#NNI moves:0/152
(((((((((((72,64),78),((((53,(56,26)),(45,((27,60),29))),80),((100,(92,95)),(43,13)))),(((22,48),(85,46)),((84,59),(73,74)))),(98,54)),((((70,(86,40)),((35,(69,55)),34)),(24,65)),((79,(87,(90,21))),75))),((57,(96,32)),(49,89))),((((((10,(((1,11),8),(9,6))),(12,3)),7),((4,5),2)),((((39,17),(41,33)),((51,18),((15,68),76))),(((((16,71),((23,50),44)),97),77),((36,(94,30)),91)))),(((20,93),((31,25),(47,52))),((58,19),63)))),((((((14,99),(66,28)),83),61),(67,42)),((81,88),(82,62)))),38),37);
Guide Tree 0/16
#NNI moves:0/152
Guide Tree 1/16
#NNI moves:0/152
Guide Tree 2/16
#NNI moves:0/152
Guide Tree 3/16
#NNI moves:0/152
Guide Tree 4/16
#NNI moves:0/152
Guide Tree 5/16
#NNI moves:0/152
Guide Tree 6/16
#NNI moves:0/152
Guide Tree 7/16
#NNI moves:0/152
Guide Tree 8/16
#NNI moves:0/152
Guide Tree 9/16
#NNI moves:0/152
Guide Tree 10/16
#NNI moves:0/152
Guide Tree 11/16
#NNI moves:0/152
Guide Tree 12/16
#NNI moves:0/152
Guide Tree 13/16
#NNI moves:0/152
Guide Tree 14/16
#NNI moves:0/152
Guide Tree 15/16
#NNI moves:0/152
Remaining: 0
#NNI moves:0/152
#NNI moves:0/152
((((((((((3,12),((((11,1),8),(6,9)),10)),7),((5,4),2)),(((((94,30),36),91),(77,(((71,16),((23,50),44)),97))),((((68,15),76),(18,51)),((41,33),(39,17))))),(((20,93),((52,47),(25,31))),(63,(58,19)))),(((((((22,48),(46,85)),((74,73),(59,84))),(((72,64),78),(((((29,(60,27)),45),((56,26),53)),80),((13,43),(100,(92,95)))))),(98,54)),(((((40,86),70),(((55,69),35),34)),(65,24)),(((87,(90,21)),79),75))),(((96,32),57),(89,49)))),((((((28,66),(14,99)),83),61),(42,67)),((88,81),(82,62)))),38),37);
Guide Tree 0/16
#NNI moves:0/152
Guide Tree 1/16
#NNI moves:0/152
Guide Tree 2/16
#NNI moves:0/152
Guide Tree 3/16
#NNI moves:0/152
Guide Tree 4/16
#NNI moves:0/152
Guide Tree 5/16
#NNI moves:0/152
Guide Tree 6/16
#NNI moves:0/152
Guide Tree 7/16
#NNI moves:0/152
Guide Tree 8/16
#NNI moves:0/152
Guide Tree 9/16
#NNI moves:0/152
Guide Tree 10/16
#NNI moves:0/152
Guide Tree 11/16
#NNI moves:0/152
Guide Tree 12/16
#NNI moves:0/152
Guide Tree 13/16
#NNI moves:0/152
Guide Tree 14/16
#NNI moves:0/152
Guide Tree 15/16
#NNI moves:0/152
Remaining: 0
#NNI moves:0/152
#NNI moves:0/152
(((((((((((((45,((60,27),29)),((56,26),53)),80),(((95,92),100),(43,13))),(78,(64,72))),(((85,46),(22,48)),((73,74),(84,59)))),(98,54)),(((((86,40),70),(34,(35,(55,69)))),(24,65)),((79,((21,90),87)),75))),((49,89),((32,96),57))),((((20,93),((25,31),(52,47))),((19,58),63)),((((((30,94),36),91),(((((50,23),44),(16,71)),97),77)),(((51,18),((15,68),76)),((39,17),(41,33)))),(((5,4),2),(((3,12),((((11,1),8),(9,6)),10)),7))))),((((((28,66),(14,99)),83),61),(42,67)),((81,88),(62,82)))),38),37);
Guide Tree 0/16
#NNI moves:0/152
Guide Tree 1/16
#NNI moves:0/152
Guide Tree 2/16
#NNI moves:0/152
Guide Tree 3/16
#NNI moves:0/152
Guide Tree 4/16
#NNI moves:0/152
Guide Tree 5/16
#NNI moves:0/152
Guide Tree 6/16
#NNI moves:0/152
Guide Tree 7/16
#NNI moves:0/152
Guide Tree 8/16
#NNI moves:0/152
Guide Tree 9/16
#NNI moves:0/152
Guide Tree 10/16
#NNI moves:0/152
Guide Tree 11/16
#NNI moves:0/152
Guide Tree 12/16
#NNI moves:0/152
Guide Tree 13/16
#NNI moves:0/152
Guide Tree 14/16
#NNI moves:0/152
Guide Tree 15/16
#NNI moves:0/152
Remaining: 0
#NNI moves:0/152
#NNI moves:0/152
((((((((((33,41),(39,17)),((51,18),(76,(68,15)))),((77,(((16,71),((23,50),44)),97)),(((94,30),36),91))),((((12,3),((((1,11),8),(6,9)),10)),7),((5,4),2))),(((93,20),((31,25),(47,52))),((58,19),63))),((((((((((26,56),53),((29,(60,27)),45)),80),((100,(92,95)),(13,43))),((64,72),78)),(((59,84),(73,74)),((22,48),(85,46)))),(54,98)),((((34,(35,(55,69))),((86,40),70)),(65,24)),((((90,21),87),79),75))),((89,49),(57,(96,32))))),(((88,81),(62,82)),(((((99,14),(66,28)),83),61),(42,67)))),38),37);
Initial score: 3.91398e+09
Initial tree: ((((((((((33,41),(39,17)),((51,18),(76,(68,15)))),((77,(((16,71),((23,50),44)),97)),(((94,30),36),91))),((((12,3),((((1,11),8),(6,9)),10)),7),((5,4),2))),(((93,20),((31,25),(47,52))),((58,19),63))),((((((((((26,56),53),((29,(60,27)),45)),80),((100,(92,95)),(13,43))),((64,72),78)),(((59,84),(73,74)),((22,48),(85,46)))),(54,98)),((((34,(35,(55,69))),((86,40),70)),(65,24)),((((90,21),87),79),75))),((89,49),(57,(96,32))))),(((88,81),(62,82)),(((((99,14),(66,28)),83),61),(42,67)))),38),37);
*** Subsample Process ***
Use two-step algorithm!
#NNI moves:0/152
Remaining: 0
#NNI moves:0/152
#NNI moves:0/152
(((((((((((((((((92,95),100),(43,13)),(80,((((60,27),29),45),((56,26),53)))),((72,64),78)),(((85,46),(48,22)),((59,84),(74,73)))),(54,98)),(((((86,40),70),((35,(55,69)),34)),(65,24)),((((21,90),87),79),75))),((57,(32,96)),(49,89))),((((81,88),(62,82)),(((((99,14),(28,66)),83),61),(42,67))),(38,37))),(((93,20),((31,25),(52,47))),((58,19),63))),(((((((1,11),8),(9,6)),10),(3,12)),7),(2,(5,4)))),(((((71,16),((23,50),44)),97),77),(91,(36,(30,94))))),((51,18),((15,68),76))),(39,17)),33),41);
#NNI moves:0/152
Remaining: 0
#NNI moves:0/152
#NNI moves:0/152
(((((((((((85,46),(22,48)),((73,74),(84,59))),(((64,72),78),((((95,92),100),(43,13)),(80,((45,((60,27),29)),((56,26),53)))))),(98,54)),((((70,(86,40)),((35,(55,69)),34)),(24,65)),((((90,21),87),79),75))),((57,(96,32)),(89,49))),((((((((44,(23,50)),(71,16)),97),77),(91,((30,94),36))),(((51,18),(76,(15,68))),((33,41),(17,39)))),((((((8,(1,11)),(9,6)),10),(3,12)),7),((4,5),2))),(((20,93),((31,25),(47,52))),((58,19),63)))),(((82,62),(88,81)),((67,42),((((14,99),(28,66)),83),61)))),37),38);
#NNI moves:0/152
Remaining: 0
#NNI moves:0/152
#NNI moves:0/152
(((((((((((((((51,18),(76,(15,68))),((17,39),(33,41))),((91,((30,94),36)),((((71,16),((23,50),44)),97),77))),((((((8,(1,11)),(6,9)),10),(3,12)),7),((4,5),2))),(((93,20),((47,52),(31,25))),((19,58),63))),(((((((14,99),(28,66)),83),61),(42,67)),((88,81),(82,62))),(37,38))),((49,89),((32,96),57))),(((((35,(55,69)),34),(70,(40,86))),(24,65)),((((90,21),87),79),75))),(54,98)),(((72,64),78),(((13,43),((95,92),100)),(((53,(56,26)),(45,((27,60),29))),80)))),((74,73),(84,59))),(22,48)),46),85);
#NNI moves:0/152
Remaining: 0
#NNI moves:0/152
#NNI moves:0/152
(((((((((((((((((((56,26),53),(((60,27),29),45)),80),((100,(92,95)),(43,13))),((72,64),78)),(((73,74),(59,84)),((48,22),(46,85)))),(54,98)),(((24,65),(((86,40),70),((35,(69,55)),34))),((((90,21),87),79),75))),((89,49),((32,96),57))),(((((((68,15),76),(18,51)),((39,17),(41,33))),((((((50,23),44),(71,16)),97),77),((36,(94,30)),91))),((((((9,6),((1,11),8)),10),(12,3)),7),((4,5),2))),((((31,25),(47,52)),(93,20)),((58,19),63)))),(38,37)),((81,88),(62,82))),(42,67)),61),83),(66,28)),99),14);
Current score: 3.91398e+09
Current tree: ((38,((((((((((((56,26),53),(((60,27),29),45)),80),((100,(92,95)),(43,13))),((72,64),78)),(((73,74),(59,84)),((48,22),(46,85)))),(54,98)),(((24,65),(((86,40),70),((35,(69,55)),34))),((((90,21),87),79),75))),((89,49),((32,96),57))),(((((((68,15),76),(18,51)),((39,17),(41,33))),((((((50,23),44),(71,16)),97),77),((36,(94,30)),91))),((((((9,6),((1,11),8)),10),(12,3)),7),((4,5),2))),((((31,25),(47,52)),(93,20)),((58,19),63)))),(((81,88),(62,82)),((42,67),(61,(83,((66,28),(99,14)))))))),37);
Final Tree: ((38,((((((((((((56,26),53),(((60,27),29),45)),80),((100,(92,95)),(43,13))),((72,64),78)),(((73,74),(59,84)),((48,22),(46,85)))),(54,98)),(((24,65),(((86,40),70),((35,(69,55)),34))),((((90,21),87),79),75))),((89,49),((32,96),57))),(((((((68,15),76),(18,51)),((39,17),(41,33))),((((((50,23),44),(71,16)),97),77),((36,(94,30)),91))),((((((9,6),((1,11),8)),10),(12,3)),7),((4,5),2))),((((31,25),(47,52)),(93,20)),((58,19),63)))),(((81,88),(62,82)),((42,67),(61,(83,((66,28),(99,14)))))))),37);
#EqQuartets: 3921225000
Score: 3913981676
ASTRAL for PaRalogs and Orthologs III (ASTRAL-Pro3)
*** NOW with integrated CASTLES-Pro ***
Version: v1.22.3.6
Read 512 genetrees and found 100 species.
#Genetrees: 1000
#Duploss: 0
#Species: 100
#Rounds: 4
#Samples: 4
#Threads: 1
Use two-step algorithm!
Guide Tree 0/16
#NNI moves:0/152
Guide Tree 1/16
#NNI moves:0/152
Guide Tree 2/16
#NNI moves:0/152
Guide Tree 3/16
#NNI moves:0/152
Guide Tree 4/16
#NNI moves:0/152
Guide Tree 5/16
#NNI moves:0/152
Guide Tree 6/16
#NNI moves:0/152
Guide Tree 7/16
#NNI moves:0/152
Guide Tree 8/16
#NNI moves:0/152
Guide Tree 9/16
#NNI moves:0/152
Guide Tree 10/16
#NNI moves:0/152
Guide Tree 11/16
#NNI moves:0/152
Guide Tree 12/16
#NNI moves:0/152
Guide Tree 13/16
#NNI moves:0/152
Guide Tree 14/16
#NNI moves:0/152
Guide Tree 15/16
#NNI moves:0/152
Remaining: 0
#NNI moves:0/152
#NNI moves:0/152
((((((((((((((52,(19,73)),((100,13),(85,53))),(25,9)),81),((58,42),64)),((54,38),35)),(((((78,93),63),(59,(((36,37),22),79))),8),11)),((72,(((57,(28,51)),(((98,75),48),70)),(((10,12),97),20))),(((((41,69),((65,94),76)),95),((18,(56,96)),83)),88))),((((61,(23,74)),(24,55)),((((67,60),87),(17,16)),(90,34))),(33,27))),((((((((89,14),80),82),((91,39),66)),((30,77),44)),(40,21)),(((99,(86,71)),((45,(47,43)),46)),((((((26,92),15),62),(32,49)),29),31))),((50,68),84))),(3,(5,1))),(2,6)),4),7);
Guide Tree 0/16
#NNI moves:0/152
Guide Tree 1/16
#NNI moves:0/152
Guide Tree 2/16
#NNI moves:0/152
Guide Tree 3/16
#NNI moves:0/152
Guide Tree 4/16
#NNI moves:0/152
Guide Tree 5/16
#NNI moves:0/152
Guide Tree 6/16
#NNI moves:0/152
Guide Tree 7/16
#NNI moves:0/152
Guide Tree 8/16
#NNI moves:0/152
Guide Tree 9/16
#NNI moves:0/152
Guide Tree 10/16
#NNI moves:0/152
Guide Tree 11/16
#NNI moves:0/152
Guide Tree 12/16
#NNI moves:0/152
Guide Tree 13/16
#NNI moves:0/152
Guide Tree 14/16
#NNI moves:0/152
Guide Tree 15/16
#NNI moves:0/152
Remaining: 0
#NNI moves:0/152
#NNI moves:0/152
((((((((((((((22,(37,36)),79),59),((93,78),63)),8),11),(((38,54),35),((((25,9),(((73,19),52),((85,53),(13,100)))),81),((58,42),64)))),((((((12,10),97),20),((57,(51,28)),(((75,98),48),70))),72),(((((96,56),18),83),((((94,65),76),(69,41)),95)),88))),((27,33),(((34,90),((17,16),((60,67),87))),((55,24),(61,(23,74)))))),((((((((89,14),80),82),((39,91),66)),((30,77),44)),(40,21)),((((71,86),99),(((43,47),45),46)),(31,((((15,(26,92)),62),(32,49)),29)))),((68,50),84))),(3,(5,1))),(6,2)),4),7);
Guide Tree 0/16
#NNI moves:0/152
Guide Tree 1/16
#NNI moves:0/152
Guide Tree 2/16
#NNI moves:0/152
Guide Tree 3/16
#NNI moves:0/152
Guide Tree 4/16
#NNI moves:0/152
Guide Tree 5/16
#NNI moves:0/152
Guide Tree 6/16
#NNI moves:0/152
Guide Tree 7/16
#NNI moves:0/152
Guide Tree 8/16
#NNI moves:0/152
Guide Tree 9/16
#NNI moves:0/152
Guide Tree 10/16
#NNI moves:0/152
Guide Tree 11/16
#NNI moves:0/152
Guide Tree 12/16
#NNI moves:0/152
Guide Tree 13/16
#NNI moves:0/152
Guide Tree 14/16
#NNI moves:0/152
Guide Tree 15/16
#NNI moves:0/152
Remaining: 0
#NNI moves:0/152
#NNI moves:0/152
((((((((((((57,(51,28)),(70,(48,(75,98)))),(20,((12,10),97))),72),(88,((83,((56,96),18)),(((69,41),(76,(65,94))),95)))),((((38,54),35),(((42,58),64),((((52,(19,73)),((85,53),(100,13))),(9,25)),81))),((((((22,(36,37)),79),59),((93,78),63)),8),11))),((((24,55),(61,(74,23))),((((67,60),87),(16,17)),(34,90))),(27,33))),((((((((15,(26,92)),62),(32,49)),29),31),(((86,71),99),(46,(45,(43,47))))),(((((80,(89,14)),82),((91,39),66)),(44,(30,77))),(21,40))),(84,(68,50)))),(3,(5,1))),(6,2)),4),7);
Guide Tree 0/16
#NNI moves:0/152
Guide Tree 1/16
#NNI moves:0/152
Guide Tree 2/16
#NNI moves:0/152
Guide Tree 3/16
#NNI moves:0/152
Guide Tree 4/16
#NNI moves:0/152
Guide Tree 5/16
#NNI moves:0/152
Guide Tree 6/16
#NNI moves:0/152
Guide Tree 7/16
#NNI moves:0/152
Guide Tree 8/16
#NNI moves:0/152
Guide Tree 9/16
#NNI moves:0/152
Guide Tree 10/16
#NNI moves:0/152
Guide Tree 11/16
#NNI moves:0/152
Guide Tree 12/16
#NNI moves:0/152
Guide Tree 13/16
#NNI moves:0/152
Guide Tree 14/16
#NNI moves:0/152
Guide Tree 15/16
#NNI moves:0/152
Remaining: 0
#NNI moves:0/152
#NNI moves:0/152
(((((((((((((((53,85),(13,100)),(52,(19,73))),(9,25)),81),((58,42),64)),(35,(38,54))),(((((79,((36,37),22)),59),((78,93),63)),8),11)),((((((76,(65,94)),(69,41)),95),(((96,56),18),83)),88),((((70,((98,75),48)),((28,51),57)),(((12,10),97),20)),72))),((((55,24),((74,23),61)),((((60,67),87),(17,16)),(90,34))),(33,27))),(((((46,(45,(43,47))),((86,71),99)),((29,(((15,(26,92)),62),(49,32))),31)),((((66,(91,39)),(82,((89,14),80))),((30,77),44)),(40,21))),((50,68),84))),((5,1),3)),(6,2)),4),7);
Initial score: 3.87744e+09
Initial tree: (((((((((((((((53,85),(13,100)),(52,(19,73))),(9,25)),81),((58,42),64)),(35,(38,54))),(((((79,((36,37),22)),59),((78,93),63)),8),11)),((((((76,(65,94)),(69,41)),95),(((96,56),18),83)),88),((((70,((98,75),48)),((28,51),57)),(((12,10),97),20)),72))),((((55,24),((74,23),61)),((((60,67),87),(17,16)),(90,34))),(33,27))),(((((46,(45,(43,47))),((86,71),99)),((29,(((15,(26,92)),62),(49,32))),31)),((((66,(91,39)),(82,((89,14),80))),((30,77),44)),(40,21))),((50,68),84))),((5,1),3)),(6,2)),4),7);
*** Subsample Process ***
Use two-step algorithm!
#NNI moves:0/152
Remaining: 0
#NNI moves:0/152
#NNI moves:0/152
((((((((((((((((((86,71),99),((45,(43,47)),46)),((((62,((92,26),15)),(32,49)),29),31)),((((30,77),44),(((91,39),66),(((14,89),80),82))),(40,21))),(84,(68,50))),(((4,7),(6,2)),((5,1),3))),((((((67,60),87),(16,17)),(90,34)),(((74,23),61),(55,24))),(33,27))),(((((70,(48,(75,98))),((28,51),57)),(((10,12),97),20)),72),(((83,((56,96),18)),((((65,94),76),(69,41)),95)),88))),(((((((36,37),22),79),59),((93,78),63)),8),11)),(35,(38,54))),((58,42),64)),81),(25,9)),(52,(73,19))),(100,13)),53),85);
#NNI moves:0/152
Remaining: 0
#NNI moves:0/152
#NNI moves:0/152
(((((((((((((((13,100),(53,85)),((73,19),52)),(9,25)),81),(64,(58,42))),(35,(54,38))),(((((((37,36),22),79),59),(63,(93,78))),8),11)),(((((57,(28,51)),((48,(98,75)),70)),(((10,12),97),20)),72),((((((65,94),76),(69,41)),95),(83,((56,96),18))),88))),((((90,34),(((60,67),87),(17,16))),(((23,74),61),(24,55))),(27,33))),(((((((91,39),66),(82,((89,14),80))),(44,(77,30))),(21,40)),(((99,(86,71)),((45,(43,47)),46)),((((49,32),(((26,92),15),62)),29),31))),(84,(50,68)))),(3,(1,5))),(2,6)),7),4);
#NNI moves:0/152
Remaining: 0
#NNI moves:0/152
#NNI moves:0/152
(((((((((((((((((((91,39),66),(((89,14),80),82)),((30,77),44)),(40,21)),((((45,(43,47)),46),(99,(71,86))),(31,(29,((49,32),(62,((26,92),15))))))),((68,50),84)),((3,(5,1)),((6,2),(7,4)))),(((((87,(60,67)),(16,17)),(34,90)),(((23,74),61),(24,55))),(33,27))),(((((((98,75),48),70),((28,51),57)),(((10,12),97),20)),72),((((((94,65),76),(41,69)),95),(83,(18,(56,96)))),88))),(((((((37,36),22),79),59),((93,78),63)),8),11)),(35,(54,38))),((58,42),64)),81),(9,25)),((53,85),(13,100))),52),73),19);
#NNI moves:0/152
Remaining: 0
#NNI moves:0/152
#NNI moves:0/152
((((((((((((25,9),((52,(19,73)),((100,13),(85,53)))),81),((42,58),64)),((54,38),35)),(((((79,(22,(36,37))),59),(63,(78,93))),8),11)),((((((69,41),((65,94),76)),95),(((56,96),18),83)),88),(((((28,51),57),(((98,75),48),70)),((97,(10,12)),20)),72))),((((((67,60),87),(17,16)),(90,34)),((24,55),((74,23),61))),(27,33))),((((((82,(80,(14,89))),(66,(39,91))),((30,77),44)),(21,40)),(((29,((49,32),(((26,92),15),62))),31),(((86,71),99),((45,(47,43)),46)))),((50,68),84))),((6,2),(4,7))),(1,5)),3);
Current score: 3.87744e+09
Current tree: ((4,((6,2),((((((((((25,9),((52,(19,73)),((100,13),(85,53)))),81),((42,58),64)),((54,38),35)),(((((79,(22,(36,37))),59),(63,(78,93))),8),11)),((((((69,41),((65,94),76)),95),(((56,96),18),83)),88),(((((28,51),57),(((98,75),48),70)),((97,(10,12)),20)),72))),((((((67,60),87),(17,16)),(90,34)),((24,55),((74,23),61))),(27,33))),((((((82,(80,(14,89))),(66,(39,91))),((30,77),44)),(21,40)),(((29,((49,32),(((26,92),15),62))),31),(((86,71),99),((45,(47,43)),46)))),((50,68),84))),((1,5),3)))),7);
Final Tree: ((4,((6,2),((((((((((25,9),((52,(19,73)),((100,13),(85,53)))),81),((42,58),64)),((54,38),35)),(((((79,(22,(36,37))),59),(63,(78,93))),8),11)),((((((69,41),((65,94),76)),95),(((56,96),18),83)),88),(((((28,51),57),(((98,75),48),70)),((97,(10,12)),20)),72))),((((((67,60),87),(17,16)),(90,34)),((24,55),((74,23),61))),(27,33))),((((((82,(80,(14,89))),(66,(39,91))),((30,77),44)),(21,40)),(((29,((49,32),(((26,92),15),62))),31),(((86,71),99),((45,(47,43)),46)))),((50,68),84))),((1,5),3)))),7);
#EqQuartets: 3921225000
Score: 3877444959
ASTRAL for PaRalogs and Orthologs III (ASTRAL-Pro3)
*** NOW with integrated CASTLES-Pro ***
Version: v1.22.3.6
Read 512 genetrees and found 100 species.
#Genetrees: 1000
#Duploss: 0
#Species: 100
#Rounds: 4
#Samples: 4
#Threads: 1
Use two-step algorithm!
Guide Tree 0/16
#NNI moves:0/152
Guide Tree 1/16
#NNI moves:0/152
Guide Tree 2/16
#NNI moves:0/152
Guide Tree 3/16
#NNI moves:0/152
Guide Tree 4/16
#NNI moves:0/152
Guide Tree 5/16
#NNI moves:0/152
Guide Tree 6/16
#NNI moves:0/152
Guide Tree 7/16
#NNI moves:0/152
Guide Tree 8/16
#NNI moves:0/152
Guide Tree 9/16
#NNI moves:0/152
Guide Tree 10/16
#NNI moves:0/152
Guide Tree 11/16
#NNI moves:0/152
Guide Tree 12/16
#NNI moves:0/152
Guide Tree 13/16
#NNI moves:0/152
Guide Tree 14/16
#NNI moves:0/152
Guide Tree 15/16
#NNI moves:0/152
Remaining: 0
#NNI moves:0/152
#NNI moves:0/152
(((((((((((4,(((1,10),6),(8,2))),(5,12)),(7,((13,9),14))),(3,11)),(67,20)),(((43,(52,57)),(((44,85),94),58)),(50,47))),(((((((41,17),93),80),(27,((((25,18),53),72),97))),((92,38),((((98,(42,84)),(((87,96),(65,21)),95)),29),70))),(((62,(75,19)),(35,16)),((61,56),39))),(((((((69,((36,30),100)),(76,77)),48),31),(((91,49),86),(99,73))),((71,(45,32)),74)),((22,83),(24,64))))),(((((81,23),66),55),68),(79,(59,(37,26))))),((((51,54),90),((15,63),34)),((33,(78,40)),46))),(28,((89,82),88))),60);
Guide Tree 0/16
#NNI moves:0/152
Guide Tree 1/16
#NNI moves:0/152
Guide Tree 2/16
#NNI moves:0/152
Guide Tree 3/16
#NNI moves:0/152
Guide Tree 4/16
#NNI moves:0/152
Guide Tree 5/16
#NNI moves:0/152
Guide Tree 6/16
#NNI moves:0/152
Guide Tree 7/16
#NNI moves:0/152
Guide Tree 8/16
#NNI moves:0/152
Guide Tree 9/16
#NNI moves:0/152
Guide Tree 10/16
#NNI moves:0/152
Guide Tree 11/16
#NNI moves:0/152
Guide Tree 12/16
#NNI moves:0/152
Guide Tree 13/16
#NNI moves:0/152
Guide Tree 14/16
#NNI moves:0/152
Guide Tree 15/16
#NNI moves:0/152
Remaining: 0
#NNI moves:0/152
#NNI moves:0/152
((((((((((((((100,(36,30)),69),(77,76)),48),31),(((91,49),86),(99,73))),(((45,32),71),74)),((64,24),(83,22))),((((((41,17),93),80),(27,(((53,(18,25)),72),97))),((((((84,42),98),(95,((65,21),(87,96)))),29),70),(38,92))),(((56,61),39),(((19,75),62),(35,16))))),((((((((2,8),(6,(10,1))),4),(5,12)),((14,(9,13)),7)),(11,3)),(67,20)),((47,50),(((52,57),43),(((85,44),94),58))))),((((26,37),59),79),((((23,81),66),55),68))),((((40,78),33),46),(((63,15),34),((51,54),90)))),(28,(88,(89,82)))),60);
Guide Tree 0/16
#NNI moves:0/152
Guide Tree 1/16
#NNI moves:0/152
Guide Tree 2/16
#NNI moves:0/152
Guide Tree 3/16
#NNI moves:0/152
Guide Tree 4/16
#NNI moves:0/152
Guide Tree 5/16
#NNI moves:0/152
Guide Tree 6/16
#NNI moves:0/152
Guide Tree 7/16
#NNI moves:0/152
Guide Tree 8/16
#NNI moves:0/152
Guide Tree 9/16
#NNI moves:0/152
Guide Tree 10/16
#NNI moves:0/152
Guide Tree 11/16
#NNI moves:0/152
Guide Tree 12/16
#NNI moves:0/152
Guide Tree 13/16
#NNI moves:0/152
Guide Tree 14/16
#NNI moves:0/152
Guide Tree 15/16
#NNI moves:0/152
Remaining: 0
#NNI moves:0/152
#NNI moves:0/152
(((((((((((((95,((87,96),(21,65))),((84,42),98)),29),70),(38,92)),(((93,(17,41)),80),((97,(72,((25,18),53))),27))),(((61,56),39),((16,35),((75,19),62)))),((((((91,49),86),(73,99)),((((77,76),(69,(100,(36,30)))),48),31)),(74,((32,45),71))),((24,64),(83,22)))),((((((14,(13,9)),7),((((2,8),(6,(1,10))),4),(5,12))),(3,11)),(20,67)),(((58,(94,(44,85))),(43,(52,57))),(50,47)))),((((37,26),59),79),(68,((66,(23,81)),55)))),((((40,78),33),46),(((15,63),34),((51,54),90)))),((88,(89,82)),28)),60);
Guide Tree 0/16
#NNI moves:0/152
Guide Tree 1/16
#NNI moves:0/152
Guide Tree 2/16
#NNI moves:0/152
Guide Tree 3/16
#NNI moves:0/152
Guide Tree 4/16
#NNI moves:0/152
Guide Tree 5/16
#NNI moves:0/152
Guide Tree 6/16
#NNI moves:0/152
Guide Tree 7/16
#NNI moves:0/152
Guide Tree 8/16
#NNI moves:0/152
Guide Tree 9/16
#NNI moves:0/152
Guide Tree 10/16
#NNI moves:0/152
Guide Tree 11/16
#NNI moves:0/152
Guide Tree 12/16
#NNI moves:0/152
Guide Tree 13/16
#NNI moves:0/152
Guide Tree 14/16
#NNI moves:0/152
Guide Tree 15/16
#NNI moves:0/152
Remaining: 0
#NNI moves:0/152
#NNI moves:0/152
(((((((((((32,45),71),74),(((86,(49,91)),(99,73)),(((((100,(30,36)),69),(77,76)),48),31))),((64,24),(83,22))),((((38,92),((29,((95,((65,21),(87,96))),((42,84),98))),70)),((((((18,25),53),72),97),27),(((17,41),93),80))),(((62,(19,75)),(35,16)),((56,61),39)))),(((((57,52),43),(((85,44),94),58)),(50,47)),(((((((8,2),((1,10),6)),4),(5,12)),(((13,9),14),7)),(11,3)),(20,67)))),((68,(55,((81,23),66))),(((37,26),59),79))),((((63,15),34),((54,51),90)),((33,(78,40)),46))),(((89,82),88),28)),60);
Initial score: 3.88693e+09
Initial tree: (((((((((((32,45),71),74),(((86,(49,91)),(99,73)),(((((100,(30,36)),69),(77,76)),48),31))),((64,24),(83,22))),((((38,92),((29,((95,((65,21),(87,96))),((42,84),98))),70)),((((((18,25),53),72),97),27),(((17,41),93),80))),(((62,(19,75)),(35,16)),((56,61),39)))),(((((57,52),43),(((85,44),94),58)),(50,47)),(((((((8,2),((1,10),6)),4),(5,12)),(((13,9),14),7)),(11,3)),(20,67)))),((68,(55,((81,23),66))),(((37,26),59),79))),((((63,15),34),((54,51),90)),((33,(78,40)),46))),(((89,82),88),28)),60);
*** Subsample Process ***
Use two-step algorithm!
#NNI moves:0/152
Remaining: 0
#NNI moves:0/152
#NNI moves:0/152
(((((((((((((((((1,10),6),(2,8)),4),(12,5)),(((13,9),14),7)),(3,11)),(67,20)),((((52,57),43),((94,(44,85)),58)),(47,50))),((((((15,63),34),((54,51),90)),((33,(40,78)),46)),((((89,82),88),28),60)),((((37,26),59),79),((((81,23),66),55),68)))),(((((((((21,65),(96,87)),95),((42,84),98)),29),70),(92,38)),((((41,17),93),80),((97,(((18,25),53),72)),27))),((((75,19),62),(35,16)),((56,61),39)))),((24,64),(83,22))),((71,(32,45)),74)),((((((36,30),100),69),(76,77)),48),31)),(99,73)),(49,91)),86);
#NNI moves:0/152
Remaining: 0
#NNI moves:0/152
#NNI moves:0/152
((((((((((((((((53,(25,18)),72),97),27),(((17,41),93),80)),(((((((65,21),(87,96)),95),((84,42),98)),29),70),(92,38))),(((16,35),((75,19),62)),((61,56),39))),((((71,(32,45)),74),((((91,49),86),(73,99)),((((76,77),(((36,30),100),69)),48),31))),((24,64),(83,22)))),(((((94,(85,44)),58),((57,52),43)),(47,50)),((((((((10,1),6),(2,8)),4),(5,12)),(((13,9),14),7)),(3,11)),(20,67)))),((79,((37,26),59)),((((81,23),66),55),68))),(((90,(54,51)),((63,15),34)),(((40,78),33),46))),60),28),88),82),89);
#NNI moves:0/152
Remaining: 0
#NNI moves:0/152
#NNI moves:0/152
(((((((((((((((((10,1),6),(2,8)),4),(5,12)),(((13,9),14),7)),(11,3)),(20,67)),((50,47),(((94,(85,44)),58),(43,(57,52))))),(((((34,(63,15)),(90,(54,51))),(46,((40,78),33))),((28,(88,(89,82))),60)),((((66,(23,81)),55),68),((59,(26,37)),79)))),(((((45,32),71),74),(((86,(49,91)),(73,99)),(31,(((76,77),(((36,30),100),69)),48)))),((22,83),(24,64)))),((((19,75),62),(16,35)),((61,56),39))),((92,38),(70,(29,((((65,21),(87,96)),95),((84,42),98)))))),(((41,17),93),80)),27),(((25,18),53),72)),97);
#NNI moves:0/152
Remaining: 0
#NNI moves:0/152
#NNI moves:0/152
(((((((((((((41,17),93),80),(((72,((18,25),53)),97),27)),(((29,((((65,21),(87,96)),95),(98,(42,84)))),70),(92,38))),(((62,(75,19)),(35,16)),((56,61),39))),((((((49,91),86),(99,73)),((((((30,36),100),69),(76,77)),48),31)),((71,(45,32)),74)),((83,22),(24,64)))),((((((((8,2),((1,10),6)),4),(12,5)),(((9,13),14),7)),(3,11)),(67,20)),(((58,((44,85),94)),(43,(52,57))),(50,47)))),(((59,(37,26)),79),((55,(66,(81,23))),68))),((((15,63),34),((54,51),90)),(((78,40),33),46))),60),(88,(82,89))),28);
Current score: 3.88693e+09
Current tree: ((((((((((((41,17),93),80),(((72,((18,25),53)),97),27)),(((29,((((65,21),(87,96)),95),(98,(42,84)))),70),(92,38))),(((62,(75,19)),(35,16)),((56,61),39))),((((((49,91),86),(99,73)),((((((30,36),100),69),(76,77)),48),31)),((71,(45,32)),74)),((83,22),(24,64)))),((((((((8,2),((1,10),6)),4),(12,5)),(((9,13),14),7)),(3,11)),(67,20)),(((58,((44,85),94)),(43,(52,57))),(50,47)))),(((59,(37,26)),79),((55,(66,(81,23))),68))),((((15,63),34),((54,51),90)),(((78,40),33),46))),((88,(82,89)),28)),60);
Final Tree: ((((((((((((41,17),93),80),(((72,((18,25),53)),97),27)),(((29,((((65,21),(87,96)),95),(98,(42,84)))),70),(92,38))),(((62,(75,19)),(35,16)),((56,61),39))),((((((49,91),86),(99,73)),((((((30,36),100),69),(76,77)),48),31)),((71,(45,32)),74)),((83,22),(24,64)))),((((((((8,2),((1,10),6)),4),(12,5)),(((9,13),14),7)),(3,11)),(67,20)),(((58,((44,85),94)),(43,(52,57))),(50,47)))),(((59,(37,26)),79),((55,(66,(81,23))),68))),((((15,63),34),((54,51),90)),(((78,40),33),46))),((88,(82,89)),28)),60);
#EqQuartets: 3921225000
Score: 3886929407
ASTRAL for PaRalogs and Orthologs III (ASTRAL-Pro3)
*** NOW with integrated CASTLES-Pro ***
Version: v1.22.3.6
Read 512 genetrees and found 100 species.
#Genetrees: 1000
#Duploss: 0
#Species: 100
#Rounds: 4
#Samples: 4
#Threads: 1
Use two-step algorithm!
Guide Tree 0/16
#NNI moves:0/152
Guide Tree 1/16
#NNI moves:0/152
Guide Tree 2/16
#NNI moves:0/152
Guide Tree 3/16
#NNI moves:0/152
Guide Tree 4/16
#NNI moves:0/152
Guide Tree 5/16
#NNI moves:0/152
Guide Tree 6/16
#NNI moves:0/152
Guide Tree 7/16
#NNI moves:0/152
Guide Tree 8/16
#NNI moves:0/152
Guide Tree 9/16
#NNI moves:0/152
Guide Tree 10/16
#NNI moves:0/152
Guide Tree 11/16
#NNI moves:0/152
Guide Tree 12/16
#NNI moves:0/152
Guide Tree 13/16
#NNI moves:0/152
Guide Tree 14/16
#NNI moves:0/152
Guide Tree 15/16
#NNI moves:0/152
Remaining: 0
#NNI moves:0/152
#NNI moves:0/152
((((((((((((17,90),89),(((21,((42,88),(8,12))),32),((51,83),43))),((57,41),((82,37),67))),(((((87,84),(49,9)),14),((13,25),15)),(60,27))),(((((59,(11,(65,30))),(68,(10,16))),(((91,34),20),(19,(56,74)))),(46,(85,(54,5)))),((22,86),(29,79)))),((((48,1),((40,18),(70,7))),(((3,28),77),44)),(35,23))),(((((96,99),92),(98,(95,(94,100)))),93),97)),(((76,2),((62,4),39)),((66,31),(((58,53),73),75)))),((((45,71),(24,36)),((((81,55),6),69),38)),(((52,50),80),((47,61),((78,72),63))))),(64,33)),26);
Guide Tree 0/16
#NNI moves:0/152
Guide Tree 1/16
#NNI moves:0/152
Guide Tree 2/16
#NNI moves:0/152
Guide Tree 3/16
#NNI moves:0/152
Guide Tree 4/16
#NNI moves:0/152
Guide Tree 5/16
#NNI moves:0/152
Guide Tree 6/16
#NNI moves:0/152
Guide Tree 7/16
#NNI moves:0/152
Guide Tree 8/16
#NNI moves:0/152
Guide Tree 9/16
#NNI moves:0/152
Guide Tree 10/16
#NNI moves:0/152
Guide Tree 11/16
#NNI moves:0/152
Guide Tree 12/16
#NNI moves:0/152
Guide Tree 13/16
#NNI moves:0/152
Guide Tree 14/16
#NNI moves:0/152
Guide Tree 15/16
#NNI moves:0/152
Remaining: 0
#NNI moves:0/152
#NNI moves:0/152
((((((((((((20,(34,91)),((56,74),19)),(((16,10),68),(((65,30),11),59))),((85,(54,5)),46)),((79,29),(86,22))),(((((17,90),89),(((21,((88,42),(8,12))),32),(43,(83,51)))),(((37,82),67),(41,57))),(((15,(13,25)),(((9,49),(87,84)),14)),(60,27)))),((((48,1),((7,70),(18,40))),((77,(3,28)),44)),(23,35))),((((((100,94),95),98),(92,(96,99))),93),97)),((((4,62),39),(76,2)),(((73,(58,53)),75),(31,66)))),(((((72,78),63),(47,61)),((52,50),80)),((((6,(55,81)),69),38),((36,24),(45,71))))),(64,33)),26);
Guide Tree 0/16
#NNI moves:0/152
Guide Tree 1/16
#NNI moves:0/152
Guide Tree 2/16
#NNI moves:0/152
Guide Tree 3/16
#NNI moves:0/152
Guide Tree 4/16
#NNI moves:0/152
Guide Tree 5/16
#NNI moves:0/152
Guide Tree 6/16
#NNI moves:0/152
Guide Tree 7/16
#NNI moves:0/152
Guide Tree 8/16
#NNI moves:0/152
Guide Tree 9/16
#NNI moves:0/152
Guide Tree 10/16
#NNI moves:0/152
Guide Tree 11/16
#NNI moves:0/152
Guide Tree 12/16
#NNI moves:0/152
Guide Tree 13/16
#NNI moves:0/152
Guide Tree 14/16
#NNI moves:0/152
Guide Tree 15/16
#NNI moves:0/152
Remaining: 0
#NNI moves:6/152
#NNI moves:6/152
(((((((((((((51,83),43),((((12,8),(88,42)),21),32)),(89,(17,90))),((67,(37,82)),(41,57))),((((13,25),15),(14,((84,87),(49,9)))),(60,27))),(((((20,(34,91)),(19,(56,74))),((59,((65,30),11)),(68,(10,16)))),(((54,5),85),46)),((22,86),(79,29)))),((((48,1),((18,40),(7,70))),(((28,3),77),44)),(23,35))),((((((100,94),95),98),(92,(99,96))),93),97)),((((62,4),39),(2,76)),((66,31),(75,(73,(58,53)))))),(((((72,78),63),(47,61)),(80,(52,50))),(((45,71),(36,24)),((((55,81),6),69),38)))),(64,33)),26);
Guide Tree 0/16
#NNI moves:0/152
Guide Tree 1/16
#NNI moves:0/152
Guide Tree 2/16
#NNI moves:0/152
Guide Tree 3/16
#NNI moves:0/152
Guide Tree 4/16
#NNI moves:0/152
Guide Tree 5/16
#NNI moves:0/152
Guide Tree 6/16
#NNI moves:0/152
Guide Tree 7/16
#NNI moves:0/152
Guide Tree 8/16
#NNI moves:0/152
Guide Tree 9/16
#NNI moves:0/152
Guide Tree 10/16
#NNI moves:0/152
Guide Tree 11/16
#NNI moves:0/152
Guide Tree 12/16
#NNI moves:0/152
Guide Tree 13/16
#NNI moves:0/152
Guide Tree 14/16
#NNI moves:0/152
Guide Tree 15/16
#NNI moves:0/152
Remaining: 0
#NNI moves:0/152
#NNI moves:0/152
((((((((((((((30,65),11),59),(68,(16,10))),((19,(74,56)),(20,(91,34)))),((85,(54,5)),46)),((79,29),(22,86))),(((((25,13),15),(((49,9),(87,84)),14)),(60,27)),((((37,82),67),(41,57)),(((32,(((42,88),(8,12)),21)),(43,(51,83))),((17,90),89))))),(((44,((3,28),77)),((1,48),((40,18),(70,7)))),(23,35))),((((((94,100),95),98),((96,99),92)),93),97)),(((2,76),(39,(62,4))),((66,31),(((53,58),73),75)))),((((36,24),(45,71)),((((55,81),6),69),38)),(((50,52),80),((61,47),(63,(78,72)))))),(64,33)),26);
Initial score: 3.85248e+09
Initial tree: ((((((((((((((30,65),11),59),(68,(16,10))),((19,(74,56)),(20,(91,34)))),((85,(54,5)),46)),((79,29),(22,86))),(((((25,13),15),(((49,9),(87,84)),14)),(60,27)),((((37,82),67),(41,57)),(((32,(((42,88),(8,12)),21)),(43,(51,83))),((17,90),89))))),(((44,((3,28),77)),((1,48),((40,18),(70,7)))),(23,35))),((((((94,100),95),98),((96,99),92)),93),97)),(((2,76),(39,(62,4))),((66,31),(((53,58),73),75)))),((((36,24),(45,71)),((((55,81),6),69),38)),(((50,52),80),((61,47),(63,(78,72)))))),(64,33)),26);
*** Subsample Process ***
Use two-step algorithm!
#NNI moves:0/152
Remaining: 0
#NNI moves:0/152
#NNI moves:0/152
(((((((((((((((39,(4,62)),(76,2)),((75,((58,53),73)),(66,31))),(((((45,71),(24,36)),((((81,55),6),69),38)),(((61,47),((78,72),63)),((50,52),80))),((64,33),26))),((((98,((100,94),95)),(92,(99,96))),93),97)),((((1,48),((40,18),(7,70))),(((3,28),77),44)),(35,23))),((((((((8,12),(88,42)),21),32),((83,51),43)),((90,17),89)),((67,(37,82)),(41,57))),((((25,13),15),(14,((49,9),(87,84)))),(27,60)))),((86,22),(29,79))),((85,(5,54)),46)),((19,(56,74)),((34,91),20))),((10,16),68)),59),11),30),65);
#NNI moves:0/152
Remaining: 0
#NNI moves:0/152
#NNI moves:0/152
((((((((((((((9,49),(84,87)),14),((13,25),15)),(60,27)),((((32,(((12,8),(42,88)),21)),((51,83),43)),((17,90),89)),((67,(37,82)),(41,57)))),((((((11,(30,65)),59),((10,16),68)),((19,(74,56)),((91,34),20))),(((5,54),85),46)),((86,22),(29,79)))),((((48,1),((40,18),(70,7))),(((3,28),77),44)),(35,23))),(((((95,(100,94)),98),((99,96),92)),93),97)),(((((53,58),73),75),(66,31)),((76,2),(39,(4,62))))),((((((81,55),6),69),38),((24,36),(71,45))),(((52,50),80),(((72,78),63),(61,47))))),26),33),64);
#NNI moves:0/152
Remaining: 0
#NNI moves:2/152
#NNI moves:2/152
((((((((((((66,31),(((53,58),73),75)),((2,76),((62,4),39))),(((((71,45),(36,24)),((69,(6,(55,81))),38)),(((52,50),80),(((78,72),63),(61,47)))),(26,(64,33)))),(((((95,(100,94)),98),(92,(96,99))),93),97)),((((1,48),((70,7),(40,18))),(((28,3),77),44)),(35,23))),(((((68,(10,16)),(59,((30,65),11))),((19,(74,56)),((91,34),20))),((85,(5,54)),46)),((86,22),(79,29)))),(((((21,((88,42),(8,12))),32),((51,83),43)),((17,90),89)),((57,41),(67,(82,37))))),(60,27)),(15,(25,13))),((87,84),(49,9))),14);
#NNI moves:0/152
Remaining: 0
#NNI moves:0/152
#NNI moves:0/152
((((((((((((((((21,((42,88),(8,12))),32),(43,(83,51))),(89,(90,17))),((41,57),((82,37),67))),((((25,13),15),(((84,87),(49,9)),14)),(60,27))),((((((16,10),68),(59,((65,30),11))),(((56,74),19),((91,34),20))),(((54,5),85),46)),((29,79),(86,22)))),(((((40,18),(70,7)),(1,48)),(((3,28),77),44)),(35,23))),((((((94,100),95),98),((99,96),92)),93),97)),((((62,4),39),(76,2)),((((53,58),73),75),(66,31)))),((33,64),26)),(((52,50),80),((63,(72,78)),(61,47)))),(38,(((55,81),6),69))),(36,24)),71),45);
Current score: 3.85248e+09
Current tree: (((33,64),(((((((((((21,((42,88),(8,12))),32),(43,(83,51))),(89,(90,17))),((41,57),((82,37),67))),((((25,13),15),(((84,87),(49,9)),14)),(60,27))),((((((16,10),68),(59,((65,30),11))),(((56,74),19),((91,34),20))),(((54,5),85),46)),((29,79),(86,22)))),(((((40,18),(70,7)),(1,48)),(((3,28),77),44)),(35,23))),((((((94,100),95),98),((99,96),92)),93),97)),((((62,4),39),(76,2)),((((53,58),73),75),(66,31)))),((((52,50),80),((63,(72,78)),(61,47))),((38,(((55,81),6),69)),((36,24),(71,45)))))),26);
Final Tree: (((33,64),(((((((((((21,((42,88),(8,12))),32),(43,(83,51))),(89,(90,17))),((41,57),((82,37),67))),((((25,13),15),(((84,87),(49,9)),14)),(60,27))),((((((16,10),68),(59,((65,30),11))),(((56,74),19),((91,34),20))),(((54,5),85),46)),((29,79),(86,22)))),(((((40,18),(70,7)),(1,48)),(((3,28),77),44)),(35,23))),((((((94,100),95),98),((99,96),92)),93),97)),((((62,4),39),(76,2)),((((53,58),73),75),(66,31)))),((((52,50),80),((63,(72,78)),(61,47))),((38,(((55,81),6),69)),((36,24),(71,45)))))),26);
#EqQuartets: 3921225000
Score: 3852481147
ASTRAL for PaRalogs and Orthologs III (ASTRAL-Pro3)
*** NOW with integrated CASTLES-Pro ***
Version: v1.22.3.6
Read 512 genetrees and found 100 species.
#Genetrees: 1000
#Duploss: 0
#Species: 100
#Rounds: 4
#Samples: 4
#Threads: 1
Use two-step algorithm!
Guide Tree 0/16
#NNI moves:0/152
Guide Tree 1/16
#NNI moves:0/152
Guide Tree 2/16
#NNI moves:0/152
Guide Tree 3/16
#NNI moves:0/152
Guide Tree 4/16
#NNI moves:0/152
Guide Tree 5/16
#NNI moves:0/152
Guide Tree 6/16
#NNI moves:0/152
Guide Tree 7/16
#NNI moves:0/152
Guide Tree 8/16
#NNI moves:0/152
Guide Tree 9/16
#NNI moves:0/152
Guide Tree 10/16
#NNI moves:0/152
Guide Tree 11/16
#NNI moves:0/152
Guide Tree 12/16
#NNI moves:0/152
Guide Tree 13/16
#NNI moves:0/152
Guide Tree 14/16
#NNI moves:0/152
Guide Tree 15/16
#NNI moves:0/152
Remaining: 0
#NNI moves:0/152
#NNI moves:0/152
((((((((((((((58,60),83),(((82,86),(90,44)),(34,7))),(59,9)),((((75,100),50),(20,67)),((74,91),((72,46),43)))),(24,(((15,19),32),51))),(85,93)),35),((((5,1),2),3),4)),(((((((88,(25,31)),10),(53,42)),33),((((21,45),((((65,69),37),87),12)),((66,(28,68)),49)),(((((26,63),81),99),(((98,55),73),((64,40),38))),16))),(((((92,62),((14,52),79)),(39,78)),96),(48,17))),((((((56,47),84),57),80),(18,95)),22))),((89,97),(54,11))),((((29,94),13),(6,76)),(36,71))),((((8,(61,70)),(41,30)),23),77)),27);
Guide Tree 0/16
#NNI moves:0/152
Guide Tree 1/16
#NNI moves:0/152
Guide Tree 2/16
#NNI moves:0/152
Guide Tree 3/16
#NNI moves:0/152
Guide Tree 4/16
#NNI moves:0/152
Guide Tree 5/16
#NNI moves:0/152
Guide Tree 6/16
#NNI moves:0/152
Guide Tree 7/16
#NNI moves:0/152
Guide Tree 8/16
#NNI moves:0/152
Guide Tree 9/16
#NNI moves:0/152
Guide Tree 10/16
#NNI moves:0/152
Guide Tree 11/16
#NNI moves:0/152
Guide Tree 12/16
#NNI moves:0/152
Guide Tree 13/16
#NNI moves:0/152
Guide Tree 14/16
#NNI moves:0/152
Guide Tree 15/16
#NNI moves:0/152
Remaining: 0
#NNI moves:0/152
#NNI moves:0/152
(((77,(((8,(61,70)),(41,30)),23)),(((((((((((((86,82),(90,44)),(7,34)),(83,(60,58))),(9,59)),((((100,75),50),(20,67)),((91,74),(43,(72,46))))),((((19,15),32),51),24)),(93,85)),35),((3,((5,1),2)),4)),(((((((21,45),(((37,(65,69)),87),12)),(49,((68,28),66))),(((((26,63),81),99),((38,(64,40)),((55,98),73))),16)),((((88,(31,25)),10),(42,53)),33)),(((((79,(14,52)),(92,62)),(39,78)),96),(17,48))),(((((84,(56,47)),57),80),(95,18)),22))),((97,89),(54,11))),((71,36),((13,(29,94)),(6,76))))),27);
Guide Tree 0/16
#NNI moves:0/152
Guide Tree 1/16
#NNI moves:0/152
Guide Tree 2/16
#NNI moves:0/152
Guide Tree 3/16
#NNI moves:0/152
Guide Tree 4/16
#NNI moves:0/152
Guide Tree 5/16
#NNI moves:0/152
Guide Tree 6/16
#NNI moves:0/152
Guide Tree 7/16
#NNI moves:0/152
Guide Tree 8/16
#NNI moves:0/152
Guide Tree 9/16
#NNI moves:0/152
Guide Tree 10/16
#NNI moves:0/152
Guide Tree 11/16
#NNI moves:0/152
Guide Tree 12/16
#NNI moves:0/152
Guide Tree 13/16
#NNI moves:0/152
Guide Tree 14/16
#NNI moves:0/152
Guide Tree 15/16
#NNI moves:0/152
Remaining: 0
#NNI moves:0/152
#NNI moves:0/152
((((((((((((((26,63),81),99),(((55,98),73),((40,64),38))),16),(((66,(68,28)),49),(((((69,65),37),87),12),(45,21)))),(((53,42),(((25,31),88),10)),33)),((((39,78),((92,62),(79,(14,52)))),96),(48,17))),((((((47,56),84),57),80),(18,95)),22)),(((((((32,(19,15)),51),24),((((((86,82),(90,44)),(34,7)),(83,(60,58))),(9,59)),(((43,(46,72)),(74,91)),(((75,100),50),(67,20))))),(93,85)),35),((3,((1,5),2)),4))),((11,54),(97,89))),((((29,94),13),(76,6)),(36,71))),(77,((((70,61),8),(41,30)),23))),27);
Guide Tree 0/16
#NNI moves:0/152
Guide Tree 1/16
#NNI moves:0/152
Guide Tree 2/16
#NNI moves:0/152
Guide Tree 3/16
#NNI moves:0/152
Guide Tree 4/16
#NNI moves:0/152
Guide Tree 5/16
#NNI moves:0/152
Guide Tree 6/16
#NNI moves:0/152
Guide Tree 7/16
#NNI moves:0/152
Guide Tree 8/16
#NNI moves:0/152
Guide Tree 9/16
#NNI moves:0/152
Guide Tree 10/16
#NNI moves:0/152
Guide Tree 11/16
#NNI moves:0/152
Guide Tree 12/16
#NNI moves:0/152
Guide Tree 13/16
#NNI moves:0/152
Guide Tree 14/16
#NNI moves:0/152
Guide Tree 15/16
#NNI moves:0/152
Remaining: 0
#NNI moves:0/152
#NNI moves:0/152
(((((((((((((73,(55,98)),((64,40),38)),(((63,26),81),99)),16),((49,((68,28),66)),((45,21),((((65,69),37),87),12)))),(((10,(88,(25,31))),(42,53)),33)),((96,((39,78),(((52,14),79),(92,62)))),(48,17))),(((80,(((47,56),84),57)),(18,95)),22)),((((((((67,20),((75,100),50)),((74,91),(43,(46,72)))),((59,9),((((82,86),(44,90)),(7,34)),(83,(58,60))))),((((19,15),32),51),24)),(85,93)),35),(4,(((5,1),2),3)))),((54,11),(89,97))),(((13,(29,94)),(76,6)),(71,36))),(((((61,70),8),(41,30)),23),77)),27);
Initial score: 3.91334e+09
Initial tree: (((((((((((((73,(55,98)),((64,40),38)),(((63,26),81),99)),16),((49,((68,28),66)),((45,21),((((65,69),37),87),12)))),(((10,(88,(25,31))),(42,53)),33)),((96,((39,78),(((52,14),79),(92,62)))),(48,17))),(((80,(((47,56),84),57)),(18,95)),22)),((((((((67,20),((75,100),50)),((74,91),(43,(46,72)))),((59,9),((((82,86),(44,90)),(7,34)),(83,(58,60))))),((((19,15),32),51),24)),(85,93)),35),(4,(((5,1),2),3)))),((54,11),(89,97))),(((13,(29,94)),(76,6)),(71,36))),(((((61,70),8),(41,30)),23),77)),27);
*** Subsample Process ***
Use two-step algorithm!
#NNI moves:0/152
Remaining: 0
#NNI moves:0/152
#NNI moves:0/152
((((((((((((((((((((75,100),50),(67,20)),((91,74),((46,72),43))),(((((82,86),(90,44)),(34,7)),((60,58),83)),(9,59))),(24,(51,((15,19),32)))),(93,85)),35),(4,(3,((1,5),2)))),((((((29,94),13),(76,6)),(71,36)),(((((41,30),((61,70),8)),23),77),27)),((89,97),(11,54)))),((((((47,56),84),57),80),(18,95)),22)),(((((62,92),((14,52),79)),(78,39)),96),(17,48))),(((((25,31),88),10),(42,53)),33)),((((87,(37,(65,69))),12),(21,45)),(((68,28),66),49))),16),(((64,40),38),((55,98),73))),99),81),26),63);
#NNI moves:0/152
Remaining: 0
#NNI moves:0/152
#NNI moves:0/152
((((((((((((((((((64,40),38),((55,98),73)),(((26,63),81),99)),16),(((45,21),((((69,65),37),87),12)),((66,(68,28)),49))),(((((25,31),88),10),(42,53)),33)),((((((52,14),79),(92,62)),(78,39)),96),(48,17))),((((((56,47),84),57),80),(18,95)),22)),((((((((67,20),((100,75),50)),(((46,72),43),(74,91))),(((((82,86),(44,90)),(34,7)),((58,60),83)),(9,59))),((51,(32,(15,19))),24)),(85,93)),35),((((1,5),2),3),4))),((89,97),(54,11))),(((6,76),(13,(94,29))),(36,71))),27),77),23),(8,(70,61))),30),41);
#NNI moves:0/152
Remaining: 0
#NNI moves:0/152
#NNI moves:0/152
(((((((((((((((((((50,(75,100)),(67,20)),((91,74),((46,72),43))),(((((82,86),(44,90)),(34,7)),((58,60),83)),(9,59))),((51,(32,(19,15))),24)),(85,93)),35),(4,((2,(5,1)),3))),((((((94,29),13),(6,76)),(71,36)),(((((8,(70,61)),(41,30)),23),77),27)),((11,54),(97,89)))),(((80,(57,((56,47),84))),(18,95)),22)),((17,48),(96,((((52,14),79),(62,92)),(39,78))))),(((((25,31),88),10),(42,53)),33)),(((21,45),(((37,(69,65)),87),12)),((66,(28,68)),49))),16),(((63,26),81),99)),((98,55),73)),38),64),40);
#NNI moves:0/152
Remaining: 0
#NNI moves:0/152
#NNI moves:0/152
((((((((((((((((21,45),((((65,69),37),87),12)),(((68,28),66),49)),((((81,(63,26)),99),(((55,98),73),((64,40),38))),16)),(((53,42),(10,((31,25),88))),33)),((48,17),(96,((((52,14),79),(92,62)),(39,78))))),((((57,((47,56),84)),80),(18,95)),22)),(((((((((75,100),50),(20,67)),((43,(72,46)),(74,91))),((((7,34),((90,44),(86,82))),((58,60),83)),(59,9))),((((15,19),32),51),24)),(85,93)),35),((((1,5),2),3),4))),((54,11),(89,97))),((((29,94),13),(76,6)),(36,71))),27),77),23),(30,41)),(70,61)),8);
Current score: 3.91334e+09
Current tree: ((((((((((((21,45),((((65,69),37),87),12)),(((68,28),66),49)),((((81,(63,26)),99),(((55,98),73),((64,40),38))),16)),(((53,42),(10,((31,25),88))),33)),((48,17),(96,((((52,14),79),(92,62)),(39,78))))),((((57,((47,56),84)),80),(18,95)),22)),(((((((((75,100),50),(20,67)),((43,(72,46)),(74,91))),((((7,34),((90,44),(86,82))),((58,60),83)),(59,9))),((((15,19),32),51),24)),(85,93)),35),((((1,5),2),3),4))),((54,11),(89,97))),((((29,94),13),(76,6)),(36,71))),(77,(23,((30,41),((70,61),8))))),27);
Final Tree: ((((((((((((21,45),((((65,69),37),87),12)),(((68,28),66),49)),((((81,(63,26)),99),(((55,98),73),((64,40),38))),16)),(((53,42),(10,((31,25),88))),33)),((48,17),(96,((((52,14),79),(92,62)),(39,78))))),((((57,((47,56),84)),80),(18,95)),22)),(((((((((75,100),50),(20,67)),((43,(72,46)),(74,91))),((((7,34),((90,44),(86,82))),((58,60),83)),(59,9))),((((15,19),32),51),24)),(85,93)),35),((((1,5),2),3),4))),((54,11),(89,97))),((((29,94),13),(76,6)),(36,71))),(77,(23,((30,41),((70,61),8))))),27);
#EqQuartets: 3921225000
Score: 3913337124
ASTRAL for PaRalogs and Orthologs III (ASTRAL-Pro3)
*** NOW with integrated CASTLES-Pro ***
Version: v1.22.3.6
Read 512 genetrees and found 100 species.
#Genetrees: 1000
#Duploss: 0
#Species: 100
#Rounds: 4
#Samples: 4
#Threads: 1
Use two-step algorithm!
Guide Tree 0/16
#NNI moves:0/152
Guide Tree 1/16
#NNI moves:0/152
Guide Tree 2/16
#NNI moves:0/152
Guide Tree 3/16
#NNI moves:0/152
Guide Tree 4/16
#NNI moves:0/152
Guide Tree 5/16
#NNI moves:0/152
Guide Tree 6/16
#NNI moves:0/152
Guide Tree 7/16
#NNI moves:0/152
Guide Tree 8/16
#NNI moves:0/152
Guide Tree 9/16
#NNI moves:0/152
Guide Tree 10/16
#NNI moves:0/152
Guide Tree 11/16
#NNI moves:0/152
Guide Tree 12/16
#NNI moves:0/152
Guide Tree 13/16
#NNI moves:0/152
Guide Tree 14/16
#NNI moves:0/152
Guide Tree 15/16
#NNI moves:0/152
Remaining: 0
#NNI moves:0/152
#NNI moves:0/152
((((((((((((73,((((56,61),59),72),(65,48))),(89,((67,92),46))),76),(38,83)),(((47,37),3),(1,79))),(((((((7,25),10),(80,57)),45),(((58,41),((((28,70),69),(55,50)),93)),(49,(26,60)))),20),((((21,((36,88),91)),(66,77)),33),((((17,(19,71)),(53,30)),((62,74),(78,87))),14)))),((((((64,(86,16)),(15,35)),43),((((75,(27,24)),(63,23)),12),18)),((((44,82),(31,40)),(((5,4),90),(34,84))),((6,68),((85,11),22)))),((98,(99,95)),(((97,94),100),96)))),(((((42,32),9),(52,8)),54),51)),(13,2)),81),29),39);
Guide Tree 0/16
#NNI moves:0/152
Guide Tree 1/16
#NNI moves:0/152
Guide Tree 2/16
#NNI moves:0/152
Guide Tree 3/16
#NNI moves:0/152
Guide Tree 4/16
#NNI moves:0/152
Guide Tree 5/16
#NNI moves:0/152
Guide Tree 6/16
#NNI moves:0/152
Guide Tree 7/16
#NNI moves:0/152
Guide Tree 8/16
#NNI moves:0/152
Guide Tree 9/16
#NNI moves:0/152
Guide Tree 10/16
#NNI moves:0/152
Guide Tree 11/16
#NNI moves:0/152
Guide Tree 12/16
#NNI moves:0/152
Guide Tree 13/16
#NNI moves:0/152
Guide Tree 14/16
#NNI moves:0/152
Guide Tree 15/16
#NNI moves:0/152
Remaining: 0
#NNI moves:0/152
#NNI moves:0/152
((((((((((((15,35),((86,16),64)),43),((((63,23),((24,27),75)),12),18)),((((85,11),22),(68,6)),(((34,84),(90,(5,4))),((31,40),(82,44))))),((96,((94,97),100)),(98,(95,99)))),((((((((7,25),10),(57,80)),45),(((58,41),(((50,55),(69,(70,28))),93)),((26,60),49))),20),((((21,((36,88),91)),(77,66)),33),((((30,53),((19,71),17)),((87,78),(74,62))),14))),((((((((59,(56,61)),72),(48,65)),73),(89,((92,67),46))),76),(83,38)),(((37,47),3),(1,79))))),((((8,52),((32,42),9)),54),51)),(13,2)),81),29),39);
Guide Tree 0/16
#NNI moves:0/152
Guide Tree 1/16
#NNI moves:0/152
Guide Tree 2/16
#NNI moves:0/152
Guide Tree 3/16
#NNI moves:0/152
Guide Tree 4/16
#NNI moves:0/152
Guide Tree 5/16
#NNI moves:0/152
Guide Tree 6/16
#NNI moves:0/152
Guide Tree 7/16
#NNI moves:0/152
Guide Tree 8/16
#NNI moves:0/152
Guide Tree 9/16
#NNI moves:0/152
Guide Tree 10/16
#NNI moves:0/152
Guide Tree 11/16
#NNI moves:0/152
Guide Tree 12/16
#NNI moves:0/152
Guide Tree 13/16
#NNI moves:0/152
Guide Tree 14/16
#NNI moves:0/152
Guide Tree 15/16
#NNI moves:0/152
Remaining: 0
#NNI moves:0/152
#NNI moves:0/152
(((((((((((((26,60),49),((93,((55,50),((28,70),69))),(41,58))),(((80,57),(10,(7,25))),45)),20),(((((62,74),(87,78)),((53,30),((19,71),17))),14),(((21,(91,(88,36))),(77,66)),33))),(((((((((61,56),59),72),(65,48)),73),(((67,92),46),89)),76),(38,83)),((79,1),((37,47),3)))),((((((11,85),22),(68,6)),(((90,(4,5)),(84,34)),((44,82),(31,40)))),((((15,35),((86,16),64)),43),((((75,(27,24)),(23,63)),12),18))),((96,((94,97),100)),((99,95),98)))),((((8,52),((42,32),9)),54),51)),(2,13)),81),29),39);
Guide Tree 0/16
#NNI moves:0/152
Guide Tree 1/16
#NNI moves:0/152
Guide Tree 2/16
#NNI moves:0/152
Guide Tree 3/16
#NNI moves:0/152
Guide Tree 4/16
#NNI moves:0/152
Guide Tree 5/16
#NNI moves:0/152
Guide Tree 6/16
#NNI moves:0/152
Guide Tree 7/16
#NNI moves:0/152
Guide Tree 8/16
#NNI moves:0/152
Guide Tree 9/16
#NNI moves:0/152
Guide Tree 10/16
#NNI moves:0/152
Guide Tree 11/16
#NNI moves:0/152
Guide Tree 12/16
#NNI moves:0/152
Guide Tree 13/16
#NNI moves:0/152
Guide Tree 14/16
#NNI moves:0/152
Guide Tree 15/16
#NNI moves:0/152
Remaining: 0
#NNI moves:0/152
#NNI moves:0/152
(((((((((((((91,(36,88)),21),(66,77)),33),(((((71,19),17),(30,53)),((87,78),(62,74))),14)),(((((93,(((70,28),69),(55,50))),(58,41)),((26,60),49)),(((10,(7,25)),(57,80)),45)),20)),(((((((72,((61,56),59)),(48,65)),73),(((92,67),46),89)),76),(83,38)),((1,79),(3,(37,47))))),((((((35,15),((86,16),64)),43),((((75,(27,24)),(23,63)),12),18)),((((84,34),(90,(4,5))),((44,82),(40,31))),(((85,11),22),(6,68)))),((((97,94),100),96),(98,(95,99))))),(51,(((9,(32,42)),(52,8)),54))),(2,13)),81),29),39);
Initial score: 3.87065e+09
Initial tree: (((((((((((((91,(36,88)),21),(66,77)),33),(((((71,19),17),(30,53)),((87,78),(62,74))),14)),(((((93,(((70,28),69),(55,50))),(58,41)),((26,60),49)),(((10,(7,25)),(57,80)),45)),20)),(((((((72,((61,56),59)),(48,65)),73),(((92,67),46),89)),76),(83,38)),((1,79),(3,(37,47))))),((((((35,15),((86,16),64)),43),((((75,(27,24)),(23,63)),12),18)),((((84,34),(90,(4,5))),((44,82),(40,31))),(((85,11),22),(6,68)))),((((97,94),100),96),(98,(95,99))))),(51,(((9,(32,42)),(52,8)),54))),(2,13)),81),29),39);
*** Subsample Process ***
Use two-step algorithm!
#NNI moves:0/152
Remaining: 0
#NNI moves:0/152
#NNI moves:0/152
((((((((((((((((75,(24,27)),(63,23)),12),18),(43,(((16,86),64),(15,35)))),((((31,40),(82,44)),((84,34),((4,5),90))),((22,(11,85)),(68,6)))),((((97,94),100),96),((99,95),98))),((((29,39),81),(2,13)),((((9,(32,42)),(8,52)),54),51))),(((((((((61,56),59),72),(48,65)),73),(((67,92),46),89)),76),(38,83)),((79,1),(3,(37,47))))),((((((7,25),10),(57,80)),45),(((93,(((70,28),69),(50,55))),(41,58)),((60,26),49))),20)),((((53,30),((19,71),17)),((74,62),(87,78))),14)),33),(66,77)),21),(36,88)),91);
#NNI moves:0/152
Remaining: 0
#NNI moves:0/152
#NNI moves:0/152
(((((((((((((((69,(28,70)),(55,50)),93),(41,58)),(49,(60,26))),(((10,(25,7)),(57,80)),45)),20),((((21,((36,88),91)),(66,77)),33),((((53,30),((19,71),17)),((62,74),(87,78))),14))),(((((((((56,61),59),72),(65,48)),73),(89,((92,67),46))),76),(83,38)),((1,79),((37,47),3)))),((((((84,34),((4,5),90)),((31,40),(44,82))),((22,(11,85)),(6,68))),((43,((64,(86,16)),(15,35))),((((23,63),((24,27),75)),12),18))),(((100,(97,94)),96),((99,95),98)))),((54,((8,52),(9,(42,32)))),51)),(13,2)),81),39),29);
#NNI moves:0/152
Remaining: 0
#NNI moves:0/152
#NNI moves:0/152
(((((((((((((((43,((64,(86,16)),(15,35))),(((((27,24),75),(23,63)),12),18)),(((6,68),(22,(11,85))),(((31,40),(82,44)),(((4,5),90),(84,34))))),(((100,(97,94)),96),((95,99),98))),(((13,2),((39,29),81)),((54,(((32,42),9),(8,52))),51))),(((((((72,((56,61),59)),(65,48)),73),(((67,92),46),89)),76),(83,38)),((1,79),((37,47),3)))),((((((88,36),91),21),(66,77)),33),(14,(((17,(19,71)),(53,30)),((62,74),(78,87)))))),20),((((7,25),10),(57,80)),45)),(49,(26,60))),(41,58)),93),((28,70),69)),55),50);
#NNI moves:0/152
Remaining: 0
#NNI moves:0/152
#NNI moves:0/152
(((((((((((((7,25),10),(80,57)),45),(((93,((55,50),((70,28),69))),(41,58)),(49,(26,60)))),20),((((((19,71),17),(53,30)),((87,78),(74,62))),14),(((66,77),(((36,88),91),21)),33))),(((38,83),(((((65,48),(((61,56),59),72)),73),(((92,67),46),89)),76)),((1,79),((47,37),3)))),(((((((75,(27,24)),(63,23)),12),18),(((35,15),(64,(16,86))),43)),((((90,(5,4)),(34,84)),((40,31),(44,82))),((6,68),(22,(85,11))))),(((99,95),98),(96,((97,94),100))))),((((52,8),(9,(42,32))),54),51)),(81,(29,39))),2),13);
Current score: 3.87065e+09
Current tree: ((29,(81,(((((((((((7,25),10),(80,57)),45),(((93,((55,50),((70,28),69))),(41,58)),(49,(26,60)))),20),((((((19,71),17),(53,30)),((87,78),(74,62))),14),(((66,77),(((36,88),91),21)),33))),(((38,83),(((((65,48),(((61,56),59),72)),73),(((92,67),46),89)),76)),((1,79),((47,37),3)))),(((((((75,(27,24)),(63,23)),12),18),(((35,15),(64,(16,86))),43)),((((90,(5,4)),(34,84)),((40,31),(44,82))),((6,68),(22,(85,11))))),(((99,95),98),(96,((97,94),100))))),((((52,8),(9,(42,32))),54),51)),(2,13)))),39);
Final Tree: ((29,(81,(((((((((((7,25),10),(80,57)),45),(((93,((55,50),((70,28),69))),(41,58)),(49,(26,60)))),20),((((((19,71),17),(53,30)),((87,78),(74,62))),14),(((66,77),(((36,88),91),21)),33))),(((38,83),(((((65,48),(((61,56),59),72)),73),(((92,67),46),89)),76)),((1,79),((47,37),3)))),(((((((75,(27,24)),(63,23)),12),18),(((35,15),(64,(16,86))),43)),((((90,(5,4)),(34,84)),((40,31),(44,82))),((6,68),(22,(85,11))))),(((99,95),98),(96,((97,94),100))))),((((52,8),(9,(42,32))),54),51)),(2,13)))),39);
#EqQuartets: 3921225000
Score: 3870654014
ASTRAL for PaRalogs and Orthologs III (ASTRAL-Pro3)
*** NOW with integrated CASTLES-Pro ***
Version: v1.22.3.6
Read 512 genetrees and found 100 species.
#Genetrees: 1000
#Duploss: 0
#Species: 100
#Rounds: 4
#Samples: 4
#Threads: 1
Use two-step algorithm!
Guide Tree 0/16
#NNI moves:0/152
Guide Tree 1/16
#NNI moves:0/152
Guide Tree 2/16
#NNI moves:0/152
Guide Tree 3/16
#NNI moves:0/152
Guide Tree 4/16
#NNI moves:0/152
Guide Tree 5/16
#NNI moves:0/152
Guide Tree 6/16
#NNI moves:0/152
Guide Tree 7/16
#NNI moves:0/152
Guide Tree 8/16
#NNI moves:0/152
Guide Tree 9/16
#NNI moves:0/152
Guide Tree 10/16
#NNI moves:0/152
Guide Tree 11/16
#NNI moves:0/152
Guide Tree 12/16
#NNI moves:0/152
Guide Tree 13/16
#NNI moves:0/152
Guide Tree 14/16
#NNI moves:0/152
Guide Tree 15/16
#NNI moves:0/152
Remaining: 0
#NNI moves:0/152
#NNI moves:0/152
((((((((((((((37,30),20),(5,(13,11))),((((4,26),((8,44),39)),10),(2,(33,15)))),((28,27),43)),((((23,12),(41,22)),9),(3,14))),((17,18),(((6,31),29),1))),((((((24,45),32),19),(35,38)),25),21)),((7,(42,40)),((16,36),34))),(((((((((56,47),76),77),(65,60)),(((((59,100),87),62),50),(55,48))),((((92,57),63),64),(86,84))),(((97,75),93),95)),(49,(94,81))),((53,88),((98,(78,85)),73)))),((((((((70,96),80),67),74),((61,89),79)),52),(((58,(82,91)),90),68)),(72,(83,51)))),(69,46)),((66,54),99)),71);
Guide Tree 0/16
#NNI moves:0/152
Guide Tree 1/16
#NNI moves:0/152
Guide Tree 2/16
#NNI moves:0/152
Guide Tree 3/16
#NNI moves:0/152
Guide Tree 4/16
#NNI moves:0/152
Guide Tree 5/16
#NNI moves:0/152
Guide Tree 6/16
#NNI moves:0/152
Guide Tree 7/16
#NNI moves:0/152
Guide Tree 8/16
#NNI moves:0/152
Guide Tree 9/16
#NNI moves:0/152
Guide Tree 10/16
#NNI moves:0/152
Guide Tree 11/16
#NNI moves:0/152
Guide Tree 12/16
#NNI moves:0/152
Guide Tree 13/16
#NNI moves:0/152
Guide Tree 14/16
#NNI moves:0/152
Guide Tree 15/16
#NNI moves:0/152
Remaining: 0
#NNI moves:0/152
#NNI moves:0/152
((((((((((((((11,13),5),((30,37),20)),((((39,(44,8)),(26,4)),10),((33,15),2))),((27,28),43)),((((22,41),(12,23)),9),(3,14))),((17,18),(((31,6),29),1))),((((38,35),((32,(45,24)),19)),25),21)),((34,(36,16)),(7,(40,42)))),((((((((((59,100),87),62),50),(55,48)),((((56,47),76),77),(65,60))),((84,86),(64,(63,(57,92))))),(95,((97,75),93))),((94,81),49)),((((85,78),98),73),(53,88)))),((((((89,61),79),((67,((70,96),80)),74)),52),((((82,91),58),90),68)),((51,83),72))),(69,46)),(99,(66,54))),71);
Guide Tree 0/16
#NNI moves:0/152
Guide Tree 1/16
#NNI moves:0/152
Guide Tree 2/16
#NNI moves:0/152
Guide Tree 3/16
#NNI moves:0/152
Guide Tree 4/16
#NNI moves:0/152
Guide Tree 5/16
#NNI moves:0/152
Guide Tree 6/16
#NNI moves:0/152
Guide Tree 7/16
#NNI moves:0/152
Guide Tree 8/16
#NNI moves:0/152
Guide Tree 9/16
#NNI moves:0/152
Guide Tree 10/16
#NNI moves:0/152
Guide Tree 11/16
#NNI moves:0/152
Guide Tree 12/16
#NNI moves:0/152
Guide Tree 13/16
#NNI moves:0/152
Guide Tree 14/16
#NNI moves:0/152
Guide Tree 15/16
#NNI moves:0/152
Remaining: 0
#NNI moves:0/152
#NNI moves:0/152
((((((((((((77,((47,56),76)),(60,65)),(((((100,59),87),62),50),(48,55))),((((92,57),63),64),(84,86))),(((97,75),93),95)),(49,(81,94))),((88,53),((98,(85,78)),73))),(((((17,18),(1,(29,(31,6)))),(((9,((23,12),(22,41))),(14,3)),(((((30,37),20),((11,13),5)),((2,(33,15)),(((4,26),((8,44),39)),10))),(43,(28,27))))),(((((32,(45,24)),19),(35,38)),25),21)),((34,(16,36)),((42,40),7)))),(((83,51),72),(((((89,61),79),(74,(((70,96),80),67))),52),((90,((91,82),58)),68)))),(69,46)),(99,(66,54))),71);
Guide Tree 0/16
#NNI moves:0/152
Guide Tree 1/16
#NNI moves:0/152
Guide Tree 2/16
#NNI moves:0/152
Guide Tree 3/16
#NNI moves:0/152
Guide Tree 4/16
#NNI moves:0/152
Guide Tree 5/16
#NNI moves:0/152
Guide Tree 6/16
#NNI moves:0/152
Guide Tree 7/16
#NNI moves:0/152
Guide Tree 8/16
#NNI moves:0/152
Guide Tree 9/16
#NNI moves:0/152
Guide Tree 10/16
#NNI moves:0/152
Guide Tree 11/16
#NNI moves:0/152
Guide Tree 12/16
#NNI moves:0/152
Guide Tree 13/16
#NNI moves:0/152
Guide Tree 14/16
#NNI moves:0/152
Guide Tree 15/16
#NNI moves:0/152
Remaining: 0
#NNI moves:0/152
#NNI moves:0/152
(((((((((((((10,((4,26),((8,44),39))),(2,(15,33))),(((13,11),5),((30,37),20))),((27,28),43)),((((22,41),(23,12)),9),(3,14))),((18,17),(((6,31),29),1))),((((19,((45,24),32)),(35,38)),25),21)),(((16,36),34),(7,(40,42)))),(((((93,(97,75)),95),((((50,(((59,100),87),62)),(55,48)),((((47,56),76),77),(65,60))),((84,86),(64,((92,57),63))))),((94,81),49)),((88,53),((98,(85,78)),73)))),((((((67,((96,70),80)),74),(79,(61,89))),52),((90,(58,(82,91))),68)),((83,51),72))),(46,69)),((66,54),99)),71);
Initial score: 3.86047e+09
Initial tree: (((((((((((((10,((4,26),((8,44),39))),(2,(15,33))),(((13,11),5),((30,37),20))),((27,28),43)),((((22,41),(23,12)),9),(3,14))),((18,17),(((6,31),29),1))),((((19,((45,24),32)),(35,38)),25),21)),(((16,36),34),(7,(40,42)))),(((((93,(97,75)),95),((((50,(((59,100),87),62)),(55,48)),((((47,56),76),77),(65,60))),((84,86),(64,((92,57),63))))),((94,81),49)),((88,53),((98,(85,78)),73)))),((((((67,((96,70),80)),74),(79,(61,89))),52),((90,(58,(82,91))),68)),((83,51),72))),(46,69)),((66,54),99)),71);
*** Subsample Process ***
Use two-step algorithm!
#NNI moves:0/152
Remaining: 0
#NNI moves:0/152
#NNI moves:0/152
(((((((((((((((((((((56,47),76),77),(65,60)),(((((100,59),87),62),50),(55,48))),((((57,92),63),64),(84,86))),((93,(75,97)),95)),((81,94),49)),((73,(98,(85,78))),(53,88))),((((((74,(((96,70),80),67)),((61,89),79)),52),(((58,(91,82)),90),68)),((83,51),72)),((((66,54),99),71),(46,69)))),(((16,36),34),((42,40),7))),(((((32,(45,24)),19),(35,38)),25),21)),((18,17),(1,((31,6),29)))),((((12,23),(41,22)),9),(3,14))),(43,(28,27))),((20,(30,37)),((11,13),5))),(2,(33,15))),10),((44,8),39)),26),4);
#NNI moves:0/152
Remaining: 0
#NNI moves:0/152
#NNI moves:0/152
(((((((((((((((((100,59),87),62),50),(48,55)),((((47,56),76),77),(60,65))),((((92,57),63),64),(84,86))),(((75,97),93),95)),((94,81),49)),(((98,(85,78)),73),(53,88))),((((((43,(27,28)),(((2,(15,33)),(10,(((44,8),39),(26,4)))),(((11,13),5),((37,30),20)))),((((12,23),(41,22)),9),(3,14))),((17,18),(1,((6,31),29)))),((((35,38),((32,(45,24)),19)),25),21)),(((36,16),34),((42,40),7)))),(((((58,(82,91)),90),68),(((((80,(96,70)),67),74),((89,61),79)),52)),((83,51),72))),(69,46)),71),99),54),66);
#NNI moves:0/152
Remaining: 0
#NNI moves:0/152
#NNI moves:0/152
((((((((((((((((((((2,(15,33)),((((8,44),39),(4,26)),10)),(((37,30),20),(5,(11,13)))),(43,(27,28))),((((12,23),(22,41)),9),(3,14))),((((6,31),29),1),(18,17))),((((38,35),(((24,45),32),19)),25),21)),(((36,16),34),((40,42),7))),((((52,(((67,(80,(96,70))),74),((61,89),79))),((((91,82),58),90),68)),(72,(51,83))),((69,46),((99,(66,54)),71)))),(((98,(85,78)),73),(88,53))),((94,81),49)),(95,(93,(97,75)))),(((63,(92,57)),64),(86,84))),((((56,47),76),77),(60,65))),(55,48)),50),62),87),59),100);
#NNI moves:0/152
Remaining: 0
#NNI moves:0/152
#NNI moves:0/152
(((((((((((((((39,(8,44)),(4,26)),10),((33,15),2)),(((13,11),5),((37,30),20))),((28,27),43)),((14,3),(((41,22),(12,23)),9))),((18,17),(((6,31),29),1))),((((((45,24),32),19),(35,38)),25),21)),(((42,40),7),((16,36),34))),(((((((((56,47),76),77),(65,60)),((48,55),((62,(87,(100,59))),50))),((64,((57,92),63)),(86,84))),((93,(97,75)),95)),((94,81),49)),(((98,(78,85)),73),(53,88)))),(((((74,(67,((96,70),80))),(79,(89,61))),52),(68,(90,((91,82),58)))),(72,(83,51)))),((99,(54,66)),71)),46),69);
Current score: 3.86047e+09
Current tree: (((99,(54,66)),(((((((((((((39,(8,44)),(4,26)),10),((33,15),2)),(((13,11),5),((37,30),20))),((28,27),43)),((14,3),(((41,22),(12,23)),9))),((18,17),(((6,31),29),1))),((((((45,24),32),19),(35,38)),25),21)),(((42,40),7),((16,36),34))),(((((((((56,47),76),77),(65,60)),((48,55),((62,(87,(100,59))),50))),((64,((57,92),63)),(86,84))),((93,(97,75)),95)),((94,81),49)),(((98,(78,85)),73),(53,88)))),(((((74,(67,((96,70),80))),(79,(89,61))),52),(68,(90,((91,82),58)))),(72,(83,51)))),(46,69))),71);
Final Tree: (((99,(54,66)),(((((((((((((39,(8,44)),(4,26)),10),((33,15),2)),(((13,11),5),((37,30),20))),((28,27),43)),((14,3),(((41,22),(12,23)),9))),((18,17),(((6,31),29),1))),((((((45,24),32),19),(35,38)),25),21)),(((42,40),7),((16,36),34))),(((((((((56,47),76),77),(65,60)),((48,55),((62,(87,(100,59))),50))),((64,((57,92),63)),(86,84))),((93,(97,75)),95)),((94,81),49)),(((98,(78,85)),73),(53,88)))),(((((74,(67,((96,70),80))),(79,(89,61))),52),(68,(90,((91,82),58)))),(72,(83,51)))),(46,69))),71);
#EqQuartets: 3921225000
Score: 3860472340
ASTRAL for PaRalogs and Orthologs III (ASTRAL-Pro3)
*** NOW with integrated CASTLES-Pro ***
Version: v1.22.3.6
Read 512 genetrees and found 100 species.
#Genetrees: 1000
#Duploss: 0
#Species: 100
#Rounds: 4
#Samples: 4
#Threads: 1
Use two-step algorithm!
Guide Tree 0/16
#NNI moves:0/152
Guide Tree 1/16
#NNI moves:0/152
Guide Tree 2/16
#NNI moves:0/152
Guide Tree 3/16
#NNI moves:0/152
Guide Tree 4/16
#NNI moves:0/152
Guide Tree 5/16
#NNI moves:0/152
Guide Tree 6/16
#NNI moves:0/152
Guide Tree 7/16
#NNI moves:0/152
Guide Tree 8/16
#NNI moves:0/152
Guide Tree 9/16
#NNI moves:0/152
Guide Tree 10/16
#NNI moves:0/152
Guide Tree 11/16
#NNI moves:0/152
Guide Tree 12/16
#NNI moves:0/152
Guide Tree 13/16
#NNI moves:0/152
Guide Tree 14/16
#NNI moves:0/152
Guide Tree 15/16
#NNI moves:0/152
Remaining: 0
#NNI moves:0/152
#NNI moves:0/152
((((((((((((77,100),55),(83,44)),(68,90)),((71,61),((((79,91),(96,76)),(46,98)),(50,64)))),75),((((86,47),((57,58),92)),87),82)),(((74,43),59),(65,((53,62),94)))),(((((84,95),(69,52)),(73,78)),((((80,97),88),((48,49),99)),45)),60)),(((((((((((5,4),32),((37,34),19)),3),(((11,7),8),6)),((20,(14,38)),((21,27),10))),(((1,13),(23,18)),12)),((((((24,22),9),15),(30,36)),(41,31)),(39,26))),((16,(28,17)),42)),((25,((35,29),2)),(40,33))),(((63,72),51),((66,67),89)))),((93,54),((81,70),85))),56);
Guide Tree 0/16
#NNI moves:0/152
Guide Tree 1/16
#NNI moves:0/152
Guide Tree 2/16
#NNI moves:0/152
Guide Tree 3/16
#NNI moves:0/152
Guide Tree 4/16
#NNI moves:0/152
Guide Tree 5/16
#NNI moves:0/152
Guide Tree 6/16
#NNI moves:0/152
Guide Tree 7/16
#NNI moves:0/152
Guide Tree 8/16
#NNI moves:0/152
Guide Tree 9/16
#NNI moves:0/152
Guide Tree 10/16
#NNI moves:0/152
Guide Tree 11/16
#NNI moves:0/152
Guide Tree 12/16
#NNI moves:0/152
Guide Tree 13/16
#NNI moves:0/152
Guide Tree 14/16
#NNI moves:0/152
Guide Tree 15/16
#NNI moves:0/152
Remaining: 0
#NNI moves:0/152
#NNI moves:0/152
((((((((((((((34,37),19),(32,(4,5))),3),(6,((7,11),8))),(((38,14),20),(10,(21,27)))),(((13,1),(18,23)),12)),((((36,30),((9,(22,24)),15)),(41,31)),(26,39))),(((28,17),16),42)),((25,((35,29),2)),(40,33))),(((67,66),89),(51,(72,63)))),(((((((((77,100),55),(44,83)),(90,68)),((61,71),(((98,46),((96,76),(79,91))),(50,64)))),75),((87,((86,47),(92,(58,57)))),82)),(((74,43),59),((94,(62,53)),65))),((((78,73),((95,84),(69,52))),((((48,49),99),((97,80),88)),45)),60))),((93,54),(85,(81,70)))),56);
Guide Tree 0/16
#NNI moves:0/152
Guide Tree 1/16
#NNI moves:0/152
Guide Tree 2/16
#NNI moves:0/152
Guide Tree 3/16
#NNI moves:0/152
Guide Tree 4/16
#NNI moves:0/152
Guide Tree 5/16
#NNI moves:0/152
Guide Tree 6/16
#NNI moves:0/152
Guide Tree 7/16
#NNI moves:0/152
Guide Tree 8/16
#NNI moves:0/152
Guide Tree 9/16
#NNI moves:0/152
Guide Tree 10/16
#NNI moves:0/152
Guide Tree 11/16
#NNI moves:0/152
Guide Tree 12/16
#NNI moves:0/152
Guide Tree 13/16
#NNI moves:0/152
Guide Tree 14/16
#NNI moves:0/152
Guide Tree 15/16
#NNI moves:0/152
Remaining: 0
#NNI moves:0/152
#NNI moves:0/152
(((((((((((((96,76),(79,91)),(98,46)),(64,50)),(71,61)),((((100,77),55),(83,44)),(68,90))),75),((((47,86),((58,57),92)),87),82)),((((53,62),94),65),(59,(74,43)))),((((78,73),((84,95),(52,69))),((((80,97),88),((49,48),99)),45)),60)),((((25,(2,(29,35))),(33,40)),((((26,39),(((15,((24,22),9)),(36,30)),(31,41))),((((3,(((34,37),19),(32,(4,5)))),(((11,7),8),6)),((20,(14,38)),(10,(27,21)))),(((13,1),(23,18)),12))),(((17,28),16),42))),((51,(72,63)),(89,(67,66))))),((85,(81,70)),(93,54))),56);
Guide Tree 0/16
#NNI moves:0/152
Guide Tree 1/16
#NNI moves:0/152
Guide Tree 2/16
#NNI moves:0/152
Guide Tree 3/16
#NNI moves:0/152
Guide Tree 4/16
#NNI moves:0/152
Guide Tree 5/16
#NNI moves:0/152
Guide Tree 6/16
#NNI moves:0/152
Guide Tree 7/16
#NNI moves:0/152
Guide Tree 8/16
#NNI moves:0/152
Guide Tree 9/16
#NNI moves:0/152
Guide Tree 10/16
#NNI moves:0/152
Guide Tree 11/16
#NNI moves:0/152
Guide Tree 12/16
#NNI moves:0/152
Guide Tree 13/16
#NNI moves:0/152
Guide Tree 14/16
#NNI moves:0/152
Guide Tree 15/16
#NNI moves:0/152
Remaining: 0
#NNI moves:0/152
#NNI moves:0/152
((((((((((((27,21),10),(20,(14,38))),((((19,(34,37)),(32,(5,4))),3),(((11,7),8),6))),(12,((1,13),(18,23)))),((((36,30),(((24,22),9),15)),(31,41)),(26,39))),((16,(28,17)),42)),(((2,(35,29)),25),(33,40))),(((67,66),89),((72,63),51))),(((((((97,80),88),(99,(48,49))),45),(((52,69),(95,84)),(73,78))),60),(((((((((76,96),(79,91)),(46,98)),(50,64)),(61,71)),(((44,83),((77,100),55)),(68,90))),75),(((((58,57),92),(47,86)),87),82)),((65,((53,62),94)),((74,43),59))))),((54,93),((81,70),85))),56);
Initial score: 3.8456e+09
Initial tree: ((((((((((((27,21),10),(20,(14,38))),((((19,(34,37)),(32,(5,4))),3),(((11,7),8),6))),(12,((1,13),(18,23)))),((((36,30),(((24,22),9),15)),(31,41)),(26,39))),((16,(28,17)),42)),(((2,(35,29)),25),(33,40))),(((67,66),89),((72,63),51))),(((((((97,80),88),(99,(48,49))),45),(((52,69),(95,84)),(73,78))),60),(((((((((76,96),(79,91)),(46,98)),(50,64)),(61,71)),(((44,83),((77,100),55)),(68,90))),75),(((((58,57),92),(47,86)),87),82)),((65,((53,62),94)),((74,43),59))))),((54,93),((81,70),85))),56);
*** Subsample Process ***
Use two-step algorithm!
#NNI moves:0/152
Remaining: 0
#NNI moves:0/152
#NNI moves:0/152
(((((((((((((((74,43),59),(((62,53),94),65)),((((((64,50),(((76,96),(91,79)),(46,98))),(61,71)),((((100,77),55),(44,83)),(90,68))),75),((((47,86),((57,58),92)),87),82))),((((((80,97),88),((49,48),99)),45),(((52,69),(95,84)),(78,73))),60)),((((81,70),85),(54,93)),56)),((51,(72,63)),(89,(67,66)))),(((2,(35,29)),25),(33,40))),((16,(28,17)),42)),(((((9,(22,24)),15),(30,36)),(31,41)),(39,26))),(12,((13,1),(23,18)))),((((11,7),8),6),((((4,5),32),((34,37),19)),3))),(20,(38,14))),(27,21)),10);
#NNI moves:0/152
Remaining: 0
#NNI moves:0/152
#NNI moves:0/152
(((((((((((((((100,77),55),(83,44)),(68,90)),(((50,64),((98,46),((79,91),(96,76)))),(61,71))),75),((((86,47),((57,58),92)),87),82)),((59,(43,74)),(((53,62),94),65))),(((45,(((97,80),88),((48,49),99))),(((69,52),(84,95)),(78,73))),60)),((((((((((11,7),8),6),((((37,34),19),((5,4),32)),3)),(((27,21),10),((38,14),20))),(((23,18),(13,1)),12)),(((31,41),(((9,(24,22)),15),(30,36))),(39,26))),((16,(17,28)),42)),((((35,29),2),25),(33,40))),((51,(72,63)),(89,(67,66))))),56),(93,54)),85),70),81);
#NNI moves:0/152
Remaining: 0
#NNI moves:0/152
#NNI moves:0/152
(((((((((((((((((((((11,7),8),6),((((37,34),19),((5,4),32)),3)),(((14,38),20),((27,21),10))),(12,((18,23),(13,1)))),((39,26),((((9,(22,24)),15),(36,30)),(31,41)))),(42,(16,(17,28)))),((((29,35),2),25),(40,33))),(((63,72),51),((66,67),89))),(((93,54),(85,(81,70))),56)),(((((88,(97,80)),((49,48),99)),45),(((69,52),(95,84)),(78,73))),60)),(((74,43),59),((94,(53,62)),65))),(((((57,58),92),(86,47)),87),82)),75),(((((76,96),(79,91)),(98,46)),(50,64)),(61,71))),(90,68)),(83,44)),55),77),100);
#NNI moves:0/152
Remaining: 0
#NNI moves:0/152
#NNI moves:0/152
(((((((((((((6,((7,11),8)),(((19,(34,37)),((5,4),32)),3)),((20,(14,38)),(10,(21,27)))),(((23,18),(1,13)),12)),((((15,(9,(24,22))),(30,36)),(41,31)),(39,26))),((16,(28,17)),42)),((((35,29),2),25),(40,33))),(((72,63),51),(89,(66,67)))),((((((((((76,96),(79,91)),(46,98)),(50,64)),(71,61)),((68,90),((44,83),(55,(100,77))))),75),(82,(((47,86),((57,58),92)),87))),(((74,43),59),(65,((62,53),94)))),((((((80,97),88),(99,(49,48))),45),((73,78),((52,69),(84,95)))),60))),56),(85,(70,81))),54),93);
Current score: 3.8456e+09
Current tree: (((((((((((6,((7,11),8)),(((19,(34,37)),((5,4),32)),3)),((20,(14,38)),(10,(21,27)))),(((23,18),(1,13)),12)),((((15,(9,(24,22))),(30,36)),(41,31)),(39,26))),((16,(28,17)),42)),((((35,29),2),25),(40,33))),(((72,63),51),(89,(66,67)))),((((((((((76,96),(79,91)),(46,98)),(50,64)),(71,61)),((68,90),((44,83),(55,(100,77))))),75),(82,(((47,86),((57,58),92)),87))),(((74,43),59),(65,((62,53),94)))),((((((80,97),88),(99,(49,48))),45),((73,78),((52,69),(84,95)))),60))),((85,(70,81)),(54,93))),56);
Final Tree: (((((((((((6,((7,11),8)),(((19,(34,37)),((5,4),32)),3)),((20,(14,38)),(10,(21,27)))),(((23,18),(1,13)),12)),((((15,(9,(24,22))),(30,36)),(41,31)),(39,26))),((16,(28,17)),42)),((((35,29),2),25),(40,33))),(((72,63),51),(89,(66,67)))),((((((((((76,96),(79,91)),(46,98)),(50,64)),(71,61)),((68,90),((44,83),(55,(100,77))))),75),(82,(((47,86),((57,58),92)),87))),(((74,43),59),(65,((62,53),94)))),((((((80,97),88),(99,(49,48))),45),((73,78),((52,69),(84,95)))),60))),((85,(70,81)),(54,93))),56);
#EqQuartets: 3921225000
Score: 3845597041
ASTRAL for PaRalogs and Orthologs III (ASTRAL-Pro3)
*** NOW with integrated CASTLES-Pro ***
Version: v1.22.3.6
Read 512 genetrees and found 100 species.
#Genetrees: 1000
#Duploss: 0
#Species: 100
#Rounds: 4
#Samples: 4
#Threads: 1
Use two-step algorithm!
Guide Tree 0/16
#NNI moves:0/152
Guide Tree 1/16
#NNI moves:0/152
Guide Tree 2/16
#NNI moves:0/152
Guide Tree 3/16
#NNI moves:0/152
Guide Tree 4/16
#NNI moves:0/152
Guide Tree 5/16
#NNI moves:0/152
Guide Tree 6/16
#NNI moves:0/152
Guide Tree 7/16
#NNI moves:0/152
Guide Tree 8/16
#NNI moves:0/152
Guide Tree 9/16
#NNI moves:0/152
Guide Tree 10/16
#NNI moves:0/152
Guide Tree 11/16
#NNI moves:0/152
Guide Tree 12/16
#NNI moves:0/152
Guide Tree 13/16
#NNI moves:0/152
Guide Tree 14/16
#NNI moves:0/152
Guide Tree 15/16
#NNI moves:0/152
Remaining: 0
#NNI moves:0/152
#NNI moves:0/152
((((((((((((((11,(34,27)),(55,19)),(20,41)),((32,(58,(22,2))),14)),(16,23)),(((8,56),((35,(43,49)),28)),(((52,37),24),(((6,57),(40,4)),(33,51))))),7),((((((((1,26),50),31),(38,17)),(45,46)),(13,30)),(((((47,54),3),10),(12,15)),9)),(((((36,18),(42,48)),25),((53,(5,39)),(29,21))),44))),((74,84),(((87,100),(61,97)),(94,92)))),((((((75,59),91),(76,81)),((79,86),68)),(72,65)),((90,(82,67)),(((88,66),96),83)))),((78,70),98)),((((99,(62,77)),63),95),(((80,71),(73,(85,60))),93))),(89,64)),69);
Guide Tree 0/16
#NNI moves:0/152
Guide Tree 1/16
#NNI moves:0/152
Guide Tree 2/16
#NNI moves:0/152
Guide Tree 3/16
#NNI moves:0/152
Guide Tree 4/16
#NNI moves:0/152
Guide Tree 5/16
#NNI moves:0/152
Guide Tree 6/16
#NNI moves:0/152
Guide Tree 7/16
#NNI moves:0/152
Guide Tree 8/16
#NNI moves:0/152
Guide Tree 9/16
#NNI moves:0/152
Guide Tree 10/16
#NNI moves:0/152
Guide Tree 11/16
#NNI moves:0/152
Guide Tree 12/16
#NNI moves:0/152
Guide Tree 13/16
#NNI moves:0/152
Guide Tree 14/16
#NNI moves:0/152
Guide Tree 15/16
#NNI moves:0/152
Remaining: 0
#NNI moves:0/152
#NNI moves:0/152
((((((((((((((19,55),((34,27),11)),(41,20)),((((2,22),58),32),14)),(16,23)),((((51,33),((57,6),(40,4))),(24,(37,52))),((56,8),(((43,49),35),28)))),7),((((((36,18),(42,48)),25),(((39,5),53),(29,21))),44),(((((((1,26),50),31),(17,38)),(46,45)),(30,13)),(((15,12),(10,((54,47),3))),9)))),((74,84),(((97,61),(87,100)),(92,94)))),(((((81,76),(91,(59,75))),(68,(86,79))),(72,65)),((83,((88,66),96)),((82,67),90)))),((70,78),98)),(((((60,85),73),(80,71)),93),((63,(99,(62,77))),95))),(89,64)),69);
Guide Tree 0/16
#NNI moves:0/152
Guide Tree 1/16
#NNI moves:0/152
Guide Tree 2/16
#NNI moves:0/152
Guide Tree 3/16
#NNI moves:0/152
Guide Tree 4/16
#NNI moves:0/152
Guide Tree 5/16
#NNI moves:0/152
Guide Tree 6/16
#NNI moves:0/152
Guide Tree 7/16
#NNI moves:0/152
Guide Tree 8/16
#NNI moves:0/152
Guide Tree 9/16
#NNI moves:0/152
Guide Tree 10/16
#NNI moves:0/152
Guide Tree 11/16
#NNI moves:0/152
Guide Tree 12/16
#NNI moves:0/152
Guide Tree 13/16
#NNI moves:0/152
Guide Tree 14/16
#NNI moves:0/152
Guide Tree 15/16
#NNI moves:0/152
Remaining: 0
#NNI moves:0/152
#NNI moves:0/152
((((((((((((45,46),((31,(50,(1,26))),(17,38))),(13,30)),(((10,((54,47),3)),(15,12)),9)),(((((36,18),(42,48)),25),(((39,5),53),(21,29))),44)),((((((41,20),((19,55),((34,27),11))),((((2,22),58),32),14)),(16,23)),(((((4,40),(6,57)),(51,33)),((52,37),24)),((8,56),(28,((49,43),35))))),7)),((((61,97),(100,87)),(94,92)),(84,74))),(((((76,81),((59,75),91)),((86,79),68)),(65,72)),(((82,67),90),((96,(88,66)),83)))),((78,70),98)),(((((60,85),73),(80,71)),93),(95,((99,(77,62)),63)))),(89,64)),69);
Guide Tree 0/16
#NNI moves:0/152
Guide Tree 1/16
#NNI moves:0/152
Guide Tree 2/16
#NNI moves:0/152
Guide Tree 3/16
#NNI moves:0/152
Guide Tree 4/16
#NNI moves:0/152
Guide Tree 5/16
#NNI moves:0/152
Guide Tree 6/16
#NNI moves:0/152
Guide Tree 7/16
#NNI moves:0/152
Guide Tree 8/16
#NNI moves:0/152
Guide Tree 9/16
#NNI moves:0/152
Guide Tree 10/16
#NNI moves:0/152
Guide Tree 11/16
#NNI moves:0/152
Guide Tree 12/16
#NNI moves:0/152
Guide Tree 13/16
#NNI moves:0/152
Guide Tree 14/16
#NNI moves:0/152
Guide Tree 15/16
#NNI moves:0/152
Remaining: 0
#NNI moves:0/152
#NNI moves:0/152
((((((((((((((49,43),35),28),(8,56)),(((52,37),24),((51,33),((6,57),(40,4))))),(((((55,19),((34,27),11)),(20,41)),(((58,(2,22)),32),14)),(23,16))),7),((((((42,48),(18,36)),25),((53,(39,5)),(29,21))),44),(((((3,(54,47)),10),(15,12)),9),(((((50,(1,26)),31),(38,17)),(46,45)),(13,30))))),((((61,97),(87,100)),(94,92)),(74,84))),(((((86,79),68),(((59,75),91),(76,81))),(65,72)),(((82,67),90),(((66,88),96),83)))),((70,78),98)),(((63,((77,62),99)),95),(((71,80),((85,60),73)),93))),(89,64)),69);
Initial score: 3.91612e+09
Initial tree: ((((((((((((((49,43),35),28),(8,56)),(((52,37),24),((51,33),((6,57),(40,4))))),(((((55,19),((34,27),11)),(20,41)),(((58,(2,22)),32),14)),(23,16))),7),((((((42,48),(18,36)),25),((53,(39,5)),(29,21))),44),(((((3,(54,47)),10),(15,12)),9),(((((50,(1,26)),31),(38,17)),(46,45)),(13,30))))),((((61,97),(87,100)),(94,92)),(74,84))),(((((86,79),68),(((59,75),91),(76,81))),(65,72)),(((82,67),90),(((66,88),96),83)))),((70,78),98)),(((63,((77,62),99)),95),(((71,80),((85,60),73)),93))),(89,64)),69);
*** Subsample Process ***
Use two-step algorithm!
#NNI moves:0/152
Remaining: 0
#NNI moves:0/152
#NNI moves:0/152
(((((((((((((((1,26),50),31),(17,38)),(46,45)),(30,13)),(((10,((54,47),3)),(15,12)),9)),(((((42,48),(18,36)),25),(((5,39),53),(29,21))),44)),(((((65,72),((((75,59),91),(81,76)),((79,86),68))),(((96,(88,66)),83),((67,82),90))),((((95,(((77,62),99),63)),(((71,80),(73,(60,85))),93)),((89,64),69)),((78,70),98))),((((61,97),(87,100)),(94,92)),(84,74)))),7),(((((58,(2,22)),32),14),((20,41),(((27,34),11),(19,55)))),(16,23))),((((57,6),(40,4)),(33,51)),((37,52),24))),(((49,43),35),28)),56),8);
#NNI moves:0/152
Remaining: 0
#NNI moves:0/152
#NNI moves:0/152
(((((((((((((((49,43),35),28),(56,8)),((((57,6),(40,4)),(33,51)),((37,52),24))),((((((22,2),58),32),14),((20,41),((19,55),(11,(34,27))))),(23,16))),7),((((((36,18),(42,48)),25),(((5,39),53),(21,29))),44),((((((50,(26,1)),31),(38,17)),(46,45)),(13,30)),(((10,((54,47),3)),(15,12)),9)))),((((100,87),(61,97)),(92,94)),(84,74))),((((((75,59),91),(81,76)),((79,86),68)),(72,65)),((((66,88),96),83),(90,(67,82))))),((70,78),98)),(((((62,77),99),63),95),(((80,71),((60,85),73)),93))),69),64),89);
#NNI moves:0/152
Remaining: 0
#NNI moves:0/152
#NNI moves:0/152
(((((((((((((((79,86),68),((91,(59,75)),(76,81))),(72,65)),((((66,88),96),83),(90,(82,67)))),(((78,70),98),(((((80,71),(73,(60,85))),93),((63,((62,77),99)),95)),(69,(89,64))))),((84,74),(((97,61),(87,100)),(94,92)))),((((((42,48),(18,36)),25),((53,(5,39)),(21,29))),44),(((((((1,26),50),31),(17,38)),(46,45)),(13,30)),(((((47,54),3),10),(12,15)),9)))),7),((((((22,2),58),32),14),((20,41),((11,(34,27)),(19,55)))),(23,16))),((28,((49,43),35)),(8,56))),(((57,6),(40,4)),(51,33))),24),37),52);
#NNI moves:0/152
Remaining: 0
#NNI moves:0/152
#NNI moves:0/152
((((((((((((((((((1,26),50),31),(38,17)),(45,46)),(30,13)),(((((54,47),3),10),(12,15)),9)),(((((18,36),(48,42)),25),((53,(5,39)),(29,21))),44)),(((((((4,40),(57,6)),(33,51)),(24,(52,37))),((8,56),((35,(43,49)),28))),(((14,((58,(22,2)),32)),(((55,19),(11,(27,34))),(41,20))),(16,23))),7)),((((61,97),(100,87)),(94,92)),(84,74))),(((((76,81),((59,75),91)),((79,86),68)),(65,72)),((((66,88),96),83),(90,(82,67))))),((70,78),98)),((64,89),69)),(95,(63,((77,62),99)))),93),((85,60),73)),71),80);
Current score: 3.91612e+09
Current tree: (((64,89),(((((((((((((1,26),50),31),(38,17)),(45,46)),(30,13)),(((((54,47),3),10),(12,15)),9)),(((((18,36),(48,42)),25),((53,(5,39)),(29,21))),44)),(((((((4,40),(57,6)),(33,51)),(24,(52,37))),((8,56),((35,(43,49)),28))),(((14,((58,(22,2)),32)),(((55,19),(11,(27,34))),(41,20))),(16,23))),7)),((((61,97),(100,87)),(94,92)),(84,74))),(((((76,81),((59,75),91)),((79,86),68)),(65,72)),((((66,88),96),83),(90,(82,67))))),((70,78),98)),((95,(63,((77,62),99))),(93,(((85,60),73),(71,80)))))),69);
Final Tree: (((64,89),(((((((((((((1,26),50),31),(38,17)),(45,46)),(30,13)),(((((54,47),3),10),(12,15)),9)),(((((18,36),(48,42)),25),((53,(5,39)),(29,21))),44)),(((((((4,40),(57,6)),(33,51)),(24,(52,37))),((8,56),((35,(43,49)),28))),(((14,((58,(22,2)),32)),(((55,19),(11,(27,34))),(41,20))),(16,23))),7)),((((61,97),(100,87)),(94,92)),(84,74))),(((((76,81),((59,75),91)),((79,86),68)),(65,72)),((((66,88),96),83),(90,(82,67))))),((70,78),98)),((95,(63,((77,62),99))),(93,(((85,60),73),(71,80)))))),69);
#EqQuartets: 3921225000
Score: 3916119757
ASTRAL for PaRalogs and Orthologs III (ASTRAL-Pro3)
*** NOW with integrated CASTLES-Pro ***
Version: v1.22.3.6
Read 512 genetrees and found 100 species.
#Genetrees: 1000
#Duploss: 0
#Species: 100
#Rounds: 4
#Samples: 4
#Threads: 1
Use two-step algorithm!
Guide Tree 0/16
#NNI moves:0/152
Guide Tree 1/16
#NNI moves:0/152
Guide Tree 2/16
#NNI moves:0/152
Guide Tree 3/16
#NNI moves:0/152
Guide Tree 4/16
#NNI moves:0/152
Guide Tree 5/16
#NNI moves:0/152
Guide Tree 6/16
#NNI moves:0/152
Guide Tree 7/16
#NNI moves:0/152
Guide Tree 8/16
#NNI moves:0/152
Guide Tree 9/16
#NNI moves:0/152
Guide Tree 10/16
#NNI moves:0/152
Guide Tree 11/16
#NNI moves:0/152
Guide Tree 12/16
#NNI moves:0/152
Guide Tree 13/16
#NNI moves:0/152
Guide Tree 14/16
#NNI moves:0/152
Guide Tree 15/16
#NNI moves:0/152
Remaining: 0
#NNI moves:0/152
#NNI moves:0/152
((((((((((((26,36),(28,1)),49),(68,57)),((((11,13),(39,15)),58),47)),((44,56),16)),((((51,(((6,34),31),42)),((41,(52,9)),23)),(55,7)),2)),((((((((54,37),(53,3)),(33,50)),(((40,25),20),((4,(48,61)),38))),8),(62,67)),((22,35),12)),((30,45),(64,43)))),((((((92,80),83),(71,90)),((81,((85,69),73)),(98,76))),(((((77,84),91),(((88,79),93),97)),(89,87)),((((75,74),(96,95)),((94,78),100)),((82,99),72)))),(70,86))),((((((32,63),(17,(14,10))),27),(60,5)),(((65,46),21),((24,19),66))),18)),29),59);
Guide Tree 0/16
#NNI moves:0/152
Guide Tree 1/16
#NNI moves:0/152
Guide Tree 2/16
#NNI moves:0/152
Guide Tree 3/16
#NNI moves:0/152
Guide Tree 4/16
#NNI moves:0/152
Guide Tree 5/16
#NNI moves:0/152
Guide Tree 6/16
#NNI moves:0/152
Guide Tree 7/16
#NNI moves:0/152
Guide Tree 8/16
#NNI moves:0/152
Guide Tree 9/16
#NNI moves:0/152
Guide Tree 10/16
#NNI moves:0/152
Guide Tree 11/16
#NNI moves:0/152
Guide Tree 12/16
#NNI moves:0/152
Guide Tree 13/16
#NNI moves:0/152
Guide Tree 14/16
#NNI moves:0/152
Guide Tree 15/16
#NNI moves:0/152
Remaining: 0
#NNI moves:0/152
#NNI moves:0/152
(((((((((87,89),((((79,88),93),97),(91,(77,84)))),((72,(82,99)),(((78,94),100),((74,75),(96,95))))),(((90,71),(83,(80,92))),((((69,85),73),81),(76,98)))),(86,70)),(((((44,56),16),(((((26,36),(1,28)),49),(57,68)),((58,((15,39),(13,11))),47))),((((51,((31,(34,6)),42)),(23,(41,(52,9)))),(55,7)),2)),(((((((50,33),((54,37),(3,53))),((38,(4,(48,61))),((25,40),20))),8),(67,62)),((35,22),12)),((43,64),(30,45))))),(((((((10,14),17),(32,63)),27),(60,5)),(((19,24),66),((46,65),21))),18)),29),59);
Guide Tree 0/16
#NNI moves:0/152
Guide Tree 1/16
#NNI moves:0/152
Guide Tree 2/16
#NNI moves:0/152
Guide Tree 3/16
#NNI moves:0/152
Guide Tree 4/16
#NNI moves:0/152
Guide Tree 5/16
#NNI moves:0/152
Guide Tree 6/16
#NNI moves:0/152
Guide Tree 7/16
#NNI moves:0/152
Guide Tree 8/16
#NNI moves:0/152
Guide Tree 9/16
#NNI moves:0/152
Guide Tree 10/16
#NNI moves:0/152
Guide Tree 11/16
#NNI moves:0/152
Guide Tree 12/16
#NNI moves:0/152
Guide Tree 13/16
#NNI moves:0/152
Guide Tree 14/16
#NNI moves:0/152
Guide Tree 15/16
#NNI moves:0/152
Remaining: 0
#NNI moves:0/152
#NNI moves:0/152
((((((((((((33,50),((37,54),(53,3))),(((25,40),20),(((61,48),4),38))),8),(62,67)),(12,(35,22))),((45,30),(64,43))),(((((((11,13),(15,39)),58),47),((((28,1),(26,36)),49),(57,68))),(16,(44,56))),((((51,(((34,6),31),42)),(((52,9),41),23)),(55,7)),2))),((86,70),((((87,89),(((77,84),91),(((88,79),93),97))),((((96,95),(75,74)),(100,(94,78))),(72,(82,99)))),(((90,71),(83,(80,92))),((((69,85),73),81),(98,76)))))),(((((((10,14),17),(63,32)),27),(60,5)),(((65,46),21),((24,19),66))),18)),29),59);
Guide Tree 0/16
#NNI moves:0/152
Guide Tree 1/16
#NNI moves:0/152
Guide Tree 2/16
#NNI moves:0/152
Guide Tree 3/16
#NNI moves:0/152
Guide Tree 4/16
#NNI moves:0/152
Guide Tree 5/16
#NNI moves:0/152
Guide Tree 6/16
#NNI moves:0/152
Guide Tree 7/16
#NNI moves:0/152
Guide Tree 8/16
#NNI moves:0/152
Guide Tree 9/16
#NNI moves:0/152
Guide Tree 10/16
#NNI moves:0/152
Guide Tree 11/16
#NNI moves:0/152
Guide Tree 12/16
#NNI moves:0/152
Guide Tree 13/16
#NNI moves:0/152
Guide Tree 14/16
#NNI moves:0/152
Guide Tree 15/16
#NNI moves:0/152
Remaining: 0
#NNI moves:0/152
#NNI moves:0/152
(((((((((((((37,54),(53,3)),(33,50)),(((25,40),20),(((48,61),4),38))),8),(62,67)),(12,(22,35))),((64,43),(30,45))),(((((((52,9),41),23),((((6,34),31),42),51)),(7,55)),2),((((58,((15,39),(11,13))),47),((((1,28),(26,36)),49),(68,57))),((44,56),16)))),((((((100,(78,94)),((75,74),(96,95))),(72,(99,82))),((((77,84),91),((93,(79,88)),97)),(89,87))),(((71,90),(83,(92,80))),((((85,69),73),81),(76,98)))),(86,70))),((((((17,(14,10)),(63,32)),27),(5,60)),(((46,65),21),((19,24),66))),18)),29),59);
Initial score: 3.9164e+09
Initial tree: (((((((((((((37,54),(53,3)),(33,50)),(((25,40),20),(((48,61),4),38))),8),(62,67)),(12,(22,35))),((64,43),(30,45))),(((((((52,9),41),23),((((6,34),31),42),51)),(7,55)),2),((((58,((15,39),(11,13))),47),((((1,28),(26,36)),49),(68,57))),((44,56),16)))),((((((100,(78,94)),((75,74),(96,95))),(72,(99,82))),((((77,84),91),((93,(79,88)),97)),(89,87))),(((71,90),(83,(92,80))),((((85,69),73),81),(76,98)))),(86,70))),((((((17,(14,10)),(63,32)),27),(5,60)),(((46,65),21),((19,24),66))),18)),29),59);
*** Subsample Process ***
Use two-step algorithm!
#NNI moves:0/152
Remaining: 0
#NNI moves:0/152
#NNI moves:0/152
(((((((((((((((((77,84),91),(((88,79),93),97)),(89,87)),(((82,99),72),(((74,75),(95,96)),(100,(94,78))))),(((((85,69),73),81),(98,76)),(((80,92),83),(90,71)))),(70,86)),((((((65,46),21),((24,19),66)),((5,60),(((17,(10,14)),(63,32)),27))),18),(29,59))),(((((((13,11),(15,39)),58),47),((((26,36),(28,1)),49),(57,68))),(16,(56,44))),((((((52,9),41),23),((((6,34),31),42),51)),(55,7)),2))),((64,43),(30,45))),((22,35),12)),(62,67)),8),((((61,48),4),38),(20,(40,25)))),((54,37),(53,3))),50),33);
#NNI moves:0/152
Remaining: 0
#NNI moves:0/152
#NNI moves:0/152
(((((((((((((54,37),(53,3)),(33,50)),((((48,61),4),38),((40,25),20))),8),(62,67)),((22,35),12)),((43,64),(45,30))),(((((((1,28),(36,26)),49),(68,57)),(47,(((11,13),(15,39)),58))),(16,(44,56))),(((((41,(52,9)),23),(51,(((6,34),31),42))),(55,7)),2))),((((((100,(78,94)),((95,96),(75,74))),((82,99),72)),((89,87),(((93,(88,79)),97),(91,(84,77))))),((((73,(85,69)),81),(98,76)),((90,71),((92,80),83)))),(70,86))),((((21,(46,65)),((19,24),66)),((((32,63),((10,14),17)),27),(5,60))),18)),59),29);
#NNI moves:0/152
Remaining: 0
#NNI moves:0/152
#NNI moves:0/152
(((((((((((((((((52,9),41),23),((42,((6,34),31)),51)),(55,7)),2),((16,(44,56)),(((((26,36),(1,28)),49),(57,68)),(47,(((11,13),(39,15)),58))))),((((((89,87),(((84,77),91),((93,(88,79)),97))),(((82,99),72),(((74,75),(95,96)),(100,(78,94))))),((((73,(85,69)),81),(76,98)),(((92,80),83),(90,71)))),(70,86)),((((((24,19),66),((46,65),21)),((((32,63),((10,14),17)),27),(5,60))),18),(59,29)))),((30,45),(64,43))),((35,22),12)),(67,62)),8),((((48,61),4),38),((40,25),20))),(50,33)),(53,3)),54),37);
#NNI moves:0/152
Remaining: 0
#NNI moves:0/152
#NNI moves:0/152
((((((((((((((((26,36),(1,28)),49),(68,57)),((((15,39),(13,11)),58),47)),((56,44),16)),(((((((6,34),31),42),51),((41,(9,52)),23)),(55,7)),2)),(((45,30),(64,43)),(((62,67),(8,(((((48,61),4),38),((40,25),20)),((33,50),((53,3),(54,37)))))),(12,(22,35))))),(((((((77,84),91),(((79,88),93),97)),(87,89)),((((96,95),(75,74)),((94,78),100)),((99,82),72))),(((98,76),(((85,69),73),81)),((71,90),((92,80),83)))),(70,86))),(29,59)),18),((((32,63),((14,10),17)),27),(5,60))),((19,24),66)),21),46),65);
Current score: 3.9164e+09
Current tree: ((29,((((((((((26,36),(1,28)),49),(68,57)),((((15,39),(13,11)),58),47)),((56,44),16)),(((((((6,34),31),42),51),((41,(9,52)),23)),(55,7)),2)),(((45,30),(64,43)),(((62,67),(8,(((((48,61),4),38),((40,25),20)),((33,50),((53,3),(54,37)))))),(12,(22,35))))),(((((((77,84),91),(((79,88),93),97)),(87,89)),((((96,95),(75,74)),((94,78),100)),((99,82),72))),(((98,76),(((85,69),73),81)),((71,90),((92,80),83)))),(70,86))),(18,(((((32,63),((14,10),17)),27),(5,60)),(((19,24),66),(21,(46,65))))))),59);
Final Tree: ((29,((((((((((26,36),(1,28)),49),(68,57)),((((15,39),(13,11)),58),47)),((56,44),16)),(((((((6,34),31),42),51),((41,(9,52)),23)),(55,7)),2)),(((45,30),(64,43)),(((62,67),(8,(((((48,61),4),38),((40,25),20)),((33,50),((53,3),(54,37)))))),(12,(22,35))))),(((((((77,84),91),(((79,88),93),97)),(87,89)),((((96,95),(75,74)),((94,78),100)),((99,82),72))),(((98,76),(((85,69),73),81)),((71,90),((92,80),83)))),(70,86))),(18,(((((32,63),((14,10),17)),27),(5,60)),(((19,24),66),(21,(46,65))))))),59);
#EqQuartets: 3921225000
Score: 3916398214
./scripts/runDisco.sh: line 479: 3: command not found
