100taxa/DOI-10-13012-b2idb-5721322_v1/estimated/ntaxa-100.dlrate-0.0000000001.psize-50000000: 100taxa/DOI-10-13012-b2idb-5721322_v1/estimated/ntaxa-100.dlrate-0.0000000001.psize-50000000: Is a directory
100taxa/DOI-10-13012-b2idb-5721322_v1/estimated/ntaxa-100.dlrate-0.0000000001.psize-50000000: 100taxa/DOI-10-13012-b2idb-5721322_v1/estimated/ntaxa-100.dlrate-0.0000000001.psize-50000000: Is a directory
ASTRAL for PaRalogs and Orthologs III (ASTRAL-Pro3)
*** NOW with integrated CASTLES-Pro ***
Version: v1.22.3.6
Read 512 genetrees and found 100 species.
#Genetrees: 1000
#Duploss: 6408
#Species: 100
#Rounds: 4
#Samples: 4
#Threads: 1
Use two-step algorithm!
Guide Tree 0/16
#NNI moves:0/152
Guide Tree 1/16
#NNI moves:0/152
Guide Tree 2/16
#NNI moves:0/152
Guide Tree 3/16
#NNI moves:0/152
Guide Tree 4/16
#NNI moves:0/152
Guide Tree 5/16
#NNI moves:0/152
Guide Tree 6/16
#NNI moves:0/152
Guide Tree 7/16
#NNI moves:0/152
Guide Tree 8/16
#NNI moves:0/152
Guide Tree 9/16
#NNI moves:0/152
Guide Tree 10/16
#NNI moves:0/152
Guide Tree 11/16
#NNI moves:0/152
Guide Tree 12/16
#NNI moves:0/152
Guide Tree 13/16
#NNI moves:0/152
Guide Tree 14/16
#NNI moves:0/152
Guide Tree 15/16
#NNI moves:0/152
Remaining: 0
#NNI moves:0/152
#NNI moves:0/152
((((((((((((((((8,(11,1)),(6,9)),10),(3,12)),7),((5,4),2)),((((18,51),((68,15),76)),((39,17),(41,33))),((((30,94),36),91),(77,((((23,50),44),(16,71)),97))))),((((52,47),(31,25)),(20,93)),((19,58),63))),(((((((66,28),(99,14)),83),61),(42,67)),((62,82),(88,81))),(37,38))),(((96,32),57),(89,49))),(((((90,21),87),79),75),((((40,86),70),(34,((55,69),35))),(24,65)))),(98,54)),(((73,74),(59,84)),((22,48),(85,46)))),((((((60,27),29),45),((26,56),53)),80),(((92,95),100),(13,43)))),(72,64)),78);
Guide Tree 0/16
#NNI moves:0/152
Guide Tree 1/16
#NNI moves:0/152
Guide Tree 2/16
#NNI moves:0/152
Guide Tree 3/16
#NNI moves:0/152
Guide Tree 4/16
#NNI moves:0/152
Guide Tree 5/16
#NNI moves:0/152
Guide Tree 6/16
#NNI moves:0/152
Guide Tree 7/16
#NNI moves:0/152
Guide Tree 8/16
#NNI moves:0/152
Guide Tree 9/16
#NNI moves:0/152
Guide Tree 10/16
#NNI moves:0/152
Guide Tree 11/16
#NNI moves:0/152
Guide Tree 12/16
#NNI moves:0/152
Guide Tree 13/16
#NNI moves:0/152
Guide Tree 14/16
#NNI moves:0/152
Guide Tree 15/16
#NNI moves:0/152
Remaining: 0
#NNI moves:0/152
#NNI moves:0/152
(((((((((((((91,((30,94),36)),((97,((44,(50,23)),(16,71))),77)),(((17,39),(41,33)),(((15,68),76),(51,18)))),((((12,3),(((9,6),((1,11),8)),10)),7),((4,5),2))),((((52,47),(31,25)),(93,20)),(63,(19,58)))),(((((((66,28),(14,99)),83),61),(67,42)),((82,62),(81,88))),(38,37))),(((96,32),57),(49,89))),(((((21,90),87),79),75),(((70,(40,86)),(((55,69),35),34)),(24,65)))),(98,54)),(((48,22),(46,85)),((59,84),(74,73)))),((((53,(56,26)),(((60,27),29),45)),80),(((95,92),100),(43,13)))),(72,64)),78);
Guide Tree 0/16
#NNI moves:0/152
Guide Tree 1/16
#NNI moves:0/152
Guide Tree 2/16
#NNI moves:0/152
Guide Tree 3/16
#NNI moves:0/152
Guide Tree 4/16
#NNI moves:0/152
Guide Tree 5/16
#NNI moves:0/152
Guide Tree 6/16
#NNI moves:0/152
Guide Tree 7/16
#NNI moves:0/152
Guide Tree 8/16
#NNI moves:0/152
Guide Tree 9/16
#NNI moves:0/152
Guide Tree 10/16
#NNI moves:0/152
Guide Tree 11/16
#NNI moves:0/152
Guide Tree 12/16
#NNI moves:0/152
Guide Tree 13/16
#NNI moves:0/152
Guide Tree 14/16
#NNI moves:0/152
Guide Tree 15/16
#NNI moves:0/152
Remaining: 0
#NNI moves:0/152
#NNI moves:0/152
((((((((((((42,67),((83,((14,99),(66,28))),61)),((62,82),(81,88))),(38,37)),(((((52,47),(25,31)),(20,93)),((19,58),63)),(((((((44,(50,23)),(71,16)),97),77),(91,((30,94),36))),(((41,33),(39,17)),(((68,15),76),(51,18)))),(((4,5),2),(((((9,6),(8,(1,11))),10),(3,12)),7))))),((57,(96,32)),(89,49))),((((((55,69),35),34),((86,40),70)),(65,24)),((79,((90,21),87)),75))),(54,98)),(((22,48),(85,46)),((74,73),(84,59)))),((((53,(26,56)),(((27,60),29),45)),80),(((92,95),100),(13,43)))),(72,64)),78);
Guide Tree 0/16
#NNI moves:0/152
Guide Tree 1/16
#NNI moves:0/152
Guide Tree 2/16
#NNI moves:0/152
Guide Tree 3/16
#NNI moves:0/152
Guide Tree 4/16
#NNI moves:0/152
Guide Tree 5/16
#NNI moves:0/152
Guide Tree 6/16
#NNI moves:0/152
Guide Tree 7/16
#NNI moves:0/152
Guide Tree 8/16
#NNI moves:0/152
Guide Tree 9/16
#NNI moves:0/152
Guide Tree 10/16
#NNI moves:0/152
Guide Tree 11/16
#NNI moves:0/152
Guide Tree 12/16
#NNI moves:0/152
Guide Tree 13/16
#NNI moves:0/152
Guide Tree 14/16
#NNI moves:0/152
Guide Tree 15/16
#NNI moves:0/152
Remaining: 0
#NNI moves:12/152
#NNI moves:12/152
(((((((((((((47,52),(31,25)),(20,93)),((58,19),63)),(((((10,((8,(11,1)),(6,9))),(12,3)),7),((5,4),2)),((((36,(30,94)),91),((97,(((23,50),44),(16,71))),77)),(((17,39),(41,33)),(((68,15),76),(51,18)))))),((((61,(((99,14),(66,28)),83)),(42,67)),((82,62),(81,88))),(37,38))),((89,49),((96,32),57))),(((79,((90,21),87)),75),(((((69,55),35),34),((40,86),70)),(24,65)))),(54,98)),(((74,73),(59,84)),((46,85),(22,48)))),((((95,92),100),(13,43)),((((29,(27,60)),45),((56,26),53)),80))),(72,64)),78);
Initial score: 2.37666e+09
Initial tree: (((((((((((((47,52),(31,25)),(20,93)),((58,19),63)),(((((10,((8,(11,1)),(6,9))),(12,3)),7),((5,4),2)),((((36,(30,94)),91),((97,(((23,50),44),(16,71))),77)),(((17,39),(41,33)),(((68,15),76),(51,18)))))),((((61,(((99,14),(66,28)),83)),(42,67)),((82,62),(81,88))),(37,38))),((89,49),((96,32),57))),(((79,((90,21),87)),75),(((((69,55),35),34),((40,86),70)),(24,65)))),(54,98)),(((74,73),(59,84)),((46,85),(22,48)))),((((95,92),100),(13,43)),((((29,(27,60)),45),((56,26),53)),80))),(72,64)),78);
*** Subsample Process ***
Use two-step algorithm!
#NNI moves:0/152
Remaining: 0
#NNI moves:0/152
#NNI moves:0/152
((((((((((((((66,28),(14,99)),83),61),(67,42)),((81,88),(62,82))),(38,37)),(((((((((92,95),100),(13,43)),(((45,(29,(27,60))),((56,26),53)),80)),((72,64),78)),(((73,74),(84,59)),((48,22),(85,46)))),(54,98)),(((65,24),((((69,55),35),34),(70,(40,86)))),(75,(((90,21),87),79)))),((57,(32,96)),(89,49)))),(((((((8,(1,11)),(9,6)),10),(3,12)),7),((5,4),2)),(((77,((((50,23),44),(16,71)),97)),(((94,30),36),91)),((((15,68),76),(51,18)),((33,41),(39,17)))))),((19,58),63)),(20,93)),(31,25)),52),47);
#NNI moves:0/152
Remaining: 0
#NNI moves:0/152
#NNI moves:0/152
(((((((((((((((10,(((1,11),8),(9,6))),(3,12)),7),((5,4),2)),((((33,41),(17,39)),(((15,68),76),(18,51))),((77,((((50,23),44),(71,16)),97)),(91,((30,94),36))))),((((31,25),(52,47)),(93,20)),((19,58),63))),((((82,62),(81,88)),(((83,((28,66),(99,14))),61),(42,67))),(38,37))),((57,(96,32)),(49,89))),(((24,65),(((86,40),70),(34,(35,(55,69))))),((((90,21),87),79),75))),(98,54)),(((73,74),(59,84)),((48,22),(46,85)))),(((13,43),(100,(95,92))),(((45,((60,27),29)),(53,(26,56))),80))),78),64),72);
#NNI moves:0/152
Remaining: 0
#NNI moves:0/152
#NNI moves:0/152
((((((((((((((((((90,21),87),79),75),(((70,(40,86)),(((69,55),35),34)),(24,65))),(((((85,46),(22,48)),((84,59),(74,73))),(((((((60,27),29),45),((56,26),53)),80),(((95,92),100),(13,43))),(78,(72,64)))),(98,54))),((57,(96,32)),(89,49))),(((((((66,28),(14,99)),83),61),(42,67)),((88,81),(82,62))),(37,38))),((((25,31),(47,52)),(93,20)),(63,(19,58)))),(((((((23,50),44),(71,16)),97),77),(((30,94),36),91)),((((15,68),76),(51,18)),((33,41),(17,39))))),((5,4),2)),7),(3,12)),10),(9,6)),8),1),11);
#NNI moves:0/152
Remaining: 0
#NNI moves:0/152
#NNI moves:0/152
((((((((((((((((((77,((((23,50),44),(16,71)),97)),((36,(94,30)),91)),(((41,33),(39,17)),((76,(15,68)),(18,51)))),((((12,3),(((8,(11,1)),(6,9)),10)),7),(2,(4,5)))),(((19,58),63),(((31,25),(47,52)),(20,93)))),(((((((66,28),(99,14)),83),61),(67,42)),((81,88),(82,62))),(37,38))),(((32,96),57),(89,49))),(((((86,40),70),(((69,55),35),34)),(24,65)),((((90,21),87),79),75))),(54,98)),(((22,48),(46,85)),((74,73),(84,59)))),((64,72),78)),(((92,95),100),(43,13))),80),(53,(26,56))),45),29),27),60);
Current score: 2.37666e+09
Current tree: (((64,72),(((((((((((77,((((23,50),44),(16,71)),97)),((36,(94,30)),91)),(((41,33),(39,17)),((76,(15,68)),(18,51)))),((((12,3),(((8,(11,1)),(6,9)),10)),7),(2,(4,5)))),(((19,58),63),(((31,25),(47,52)),(20,93)))),(((((((66,28),(99,14)),83),61),(67,42)),((81,88),(82,62))),(37,38))),(((32,96),57),(89,49))),(((((86,40),70),(((69,55),35),34)),(24,65)),((((90,21),87),79),75))),(54,98)),(((22,48),(46,85)),((74,73),(84,59)))),((((92,95),100),(43,13)),(80,((53,(26,56)),(45,(29,(27,60)))))))),78);
Final Tree: (((64,72),(((((((((((77,((((23,50),44),(16,71)),97)),((36,(94,30)),91)),(((41,33),(39,17)),((76,(15,68)),(18,51)))),((((12,3),(((8,(11,1)),(6,9)),10)),7),(2,(4,5)))),(((19,58),63),(((31,25),(47,52)),(20,93)))),(((((((66,28),(99,14)),83),61),(67,42)),((81,88),(82,62))),(37,38))),(((32,96),57),(89,49))),(((((86,40),70),(((69,55),35),34)),(24,65)),((((90,21),87),79),75))),(54,98)),(((22,48),(46,85)),((74,73),(84,59)))),((((92,95),100),(43,13)),(80,((53,(26,56)),(45,(29,(27,60)))))))),78);
#EqQuartets: 2429263489
Score: 2376656582
ASTRAL for PaRalogs and Orthologs III (ASTRAL-Pro3)
*** NOW with integrated CASTLES-Pro ***
Version: v1.22.3.6
Read 512 genetrees and found 100 species.
#Genetrees: 1000
#Duploss: 6031
#Species: 100
#Rounds: 4
#Samples: 4
#Threads: 1
Use two-step algorithm!
Guide Tree 0/16
#NNI moves:0/152
Guide Tree 1/16
#NNI moves:0/152
Guide Tree 2/16
#NNI moves:0/152
Guide Tree 3/16
#NNI moves:0/152
Guide Tree 4/16
#NNI moves:0/152
Guide Tree 5/16
#NNI moves:0/152
Guide Tree 6/16
#NNI moves:0/152
Guide Tree 7/16
#NNI moves:0/152
Guide Tree 8/16
#NNI moves:0/152
Guide Tree 9/16
#NNI moves:0/152
Guide Tree 10/16
#NNI moves:0/152
Guide Tree 11/16
#NNI moves:0/152
Guide Tree 12/16
#NNI moves:0/152
Guide Tree 13/16
#NNI moves:0/152
Guide Tree 14/16
#NNI moves:0/152
Guide Tree 15/16
#NNI moves:0/152
Remaining: 0
#NNI moves:0/152
#NNI moves:0/152
(((((((((((((((91,96),(44,(66,(79,45)))),(88,58)),(((95,52),(87,78)),62)),74),(64,54)),(41,100)),(((59,49),(68,71)),((((48,43),83),85),(89,(46,60))))),((51,47),((((((98,55),65),67),57),(69,(53,(92,94)))),((81,76),(84,97))))),((((((((80,(93,72)),56),50),(86,73)),(61,82)),((99,(70,42)),63)),(77,75)),90)),19),(((((25,33),((36,20),7)),29),(14,(28,((21,27),26)))),((31,((17,38),(34,40))),13))),((((((((18,35),4),2),(12,(9,22))),5),((30,15),(1,24))),((10,11),(23,39))),((6,37),8))),(3,32)),16);
Guide Tree 0/16
#NNI moves:0/152
Guide Tree 1/16
#NNI moves:0/152
Guide Tree 2/16
#NNI moves:0/152
Guide Tree 3/16
#NNI moves:0/152
Guide Tree 4/16
#NNI moves:0/152
Guide Tree 5/16
#NNI moves:0/152
Guide Tree 6/16
#NNI moves:0/152
Guide Tree 7/16
#NNI moves:0/152
Guide Tree 8/16
#NNI moves:0/152
Guide Tree 9/16
#NNI moves:0/152
Guide Tree 10/16
#NNI moves:0/152
Guide Tree 11/16
#NNI moves:0/152
Guide Tree 12/16
#NNI moves:0/152
Guide Tree 13/16
#NNI moves:0/152
Guide Tree 14/16
#NNI moves:0/152
Guide Tree 15/16
#NNI moves:0/152
Remaining: 0
#NNI moves:0/152
#NNI moves:0/152
(((((((((((((((((45,79),66),44),(96,91)),(58,88)),(((78,87),(52,95)),62)),74),(64,54)),(100,41)),(((49,59),(68,71)),((((43,48),83),85),((46,60),89)))),(((((((98,55),65),67),57),(((92,94),53),69)),((97,84),(76,81))),(47,51))),((((((((80,(72,93)),56),50),(73,86)),(82,61)),(((42,70),99),63)),(77,75)),90)),19),((((((20,36),7),(25,33)),29),((((27,21),26),28),14)),((((40,34),(17,38)),31),13))),((((5,((((35,18),4),2),((22,9),12))),((15,30),(1,24))),((23,39),(10,11))),((6,37),8))),(3,32)),16);
Guide Tree 0/16
#NNI moves:0/152
Guide Tree 1/16
#NNI moves:0/152
Guide Tree 2/16
#NNI moves:0/152
Guide Tree 3/16
#NNI moves:0/152
Guide Tree 4/16
#NNI moves:0/152
Guide Tree 5/16
#NNI moves:0/152
Guide Tree 6/16
#NNI moves:0/152
Guide Tree 7/16
#NNI moves:0/152
Guide Tree 8/16
#NNI moves:0/152
Guide Tree 9/16
#NNI moves:0/152
Guide Tree 10/16
#NNI moves:0/152
Guide Tree 11/16
#NNI moves:0/152
Guide Tree 12/16
#NNI moves:0/152
Guide Tree 13/16
#NNI moves:0/152
Guide Tree 14/16
#NNI moves:0/152
Guide Tree 15/16
#NNI moves:0/152
Remaining: 0
#NNI moves:0/152
#NNI moves:0/152
((((((((((((((98,55),65),67),57),(69,((94,92),53))),((76,81),(97,84))),(51,47)),((((54,64),(((((((45,79),66),44),(96,91)),(58,88)),(((78,87),(52,95)),62)),74)),(100,41)),((((46,60),89),(((48,43),83),85)),((59,49),(71,68))))),((((63,((70,42),99)),((((((93,72),80),56),50),(86,73)),(61,82))),(75,77)),90)),19),((((((36,20),7),(33,25)),29),(14,(((27,21),26),28))),((((17,38),(34,40)),31),13))),((((5,((12,(9,22)),(((18,35),4),2))),((24,1),(15,30))),((10,11),(39,23))),(8,(6,37)))),(3,32)),16);
Guide Tree 0/16
#NNI moves:0/152
Guide Tree 1/16
#NNI moves:0/152
Guide Tree 2/16
#NNI moves:0/152
Guide Tree 3/16
#NNI moves:0/152
Guide Tree 4/16
#NNI moves:0/152
Guide Tree 5/16
#NNI moves:0/152
Guide Tree 6/16
#NNI moves:0/152
Guide Tree 7/16
#NNI moves:0/152
Guide Tree 8/16
#NNI moves:0/152
Guide Tree 9/16
#NNI moves:0/152
Guide Tree 10/16
#NNI moves:0/152
Guide Tree 11/16
#NNI moves:0/152
Guide Tree 12/16
#NNI moves:0/152
Guide Tree 13/16
#NNI moves:0/152
Guide Tree 14/16
#NNI moves:0/152
Guide Tree 15/16
#NNI moves:0/152
Remaining: 0
#NNI moves:0/152
#NNI moves:0/152
(((((((((((71,68),(59,49)),((((48,43),83),85),((46,60),89))),((((((88,58),(((66,(45,79)),44),(91,96))),(((52,95),(78,87)),62)),74),(64,54)),(41,100))),((((((94,92),53),69),(((65,(55,98)),67),57)),((97,84),(81,76))),(51,47))),(((((82,61),(((56,(80,(72,93))),50),(86,73))),((99,(42,70)),63)),(77,75)),90)),19),(((((33,25),(7,(36,20))),29),(14,((26,(21,27)),28))),((((34,40),(17,38)),31),13))),(((((((22,9),12),((4,(35,18)),2)),5),((1,24),(30,15))),((10,11),(39,23))),(8,(6,37)))),(3,32)),16);
Initial score: 2.147e+09
Initial tree: (((((((((((71,68),(59,49)),((((48,43),83),85),((46,60),89))),((((((88,58),(((66,(45,79)),44),(91,96))),(((52,95),(78,87)),62)),74),(64,54)),(41,100))),((((((94,92),53),69),(((65,(55,98)),67),57)),((97,84),(81,76))),(51,47))),(((((82,61),(((56,(80,(72,93))),50),(86,73))),((99,(42,70)),63)),(77,75)),90)),19),(((((33,25),(7,(36,20))),29),(14,((26,(21,27)),28))),((((34,40),(17,38)),31),13))),(((((((22,9),12),((4,(35,18)),2)),5),((1,24),(30,15))),((10,11),(39,23))),(8,(6,37)))),(3,32)),16);
*** Subsample Process ***
Use two-step algorithm!
#NNI moves:0/152
Remaining: 0
#NNI moves:0/152
#NNI moves:0/152
((((((((((((((7,(20,36)),(25,33)),29),((((21,27),26),28),14)),(13,(((34,40),(38,17)),31))),(((((((12,(9,22)),((4,(35,18)),2)),5),((30,15),(24,1))),((10,11),(23,39))),(8,(37,6))),((3,32),16))),19),((((((((80,(72,93)),56),50),(86,73)),(82,61)),(((70,42),99),63)),(77,75)),90)),((((((65,(55,98)),67),57),((53,(94,92)),69)),((76,81),(97,84))),(47,51))),(((((((52,95),(78,87)),62),((((66,(79,45)),44),(96,91)),(58,88))),74),(54,64)),(100,41))),((((43,48),83),85),((60,46),89))),(71,68)),49),59);
#NNI moves:0/152
Remaining: 0
#NNI moves:0/152
#NNI moves:0/152
((((((((((((71,68),(49,59)),(((60,46),89),(((43,48),83),85))),(((((62,((87,78),(52,95))),((((66,(45,79)),44),(91,96)),(58,88))),74),(54,64)),(41,100))),(((((((98,55),65),67),57),((53,(94,92)),69)),((76,81),(97,84))),(47,51))),((((((86,73),((56,((72,93),80)),50)),(61,82)),(63,((70,42),99))),(75,77)),90)),19),(((((26,(27,21)),28),14),(((25,33),(7,(20,36))),29)),((31,((38,17),(34,40))),13))),(((((30,15),(1,24)),(((2,(4,(18,35))),((22,9),12)),5)),((39,23),(11,10))),((6,37),8))),16),32),3);
#NNI moves:0/152
Remaining: 0
#NNI moves:0/152
#NNI moves:0/152
((((((((((((((14,((26,(27,21)),28)),(((33,25),((36,20),7)),29)),((((40,34),(17,38)),31),13)),((((((((9,22),12),(2,((35,18),4))),5),((24,1),(15,30))),((39,23),(10,11))),((6,37),8)),(16,(3,32)))),19),((((((((80,(72,93)),56),50),(86,73)),(61,82)),(((42,70),99),63)),(75,77)),90)),((((((65,(55,98)),67),57),(((92,94),53),69)),((81,76),(84,97))),(51,47))),(((((43,48),83),85),((60,46),89)),((59,49),(71,68)))),(41,100)),(54,64)),74),((((66,(79,45)),44),(91,96)),(58,88))),((52,95),(78,87))),62);
#NNI moves:0/152
Remaining: 0
#NNI moves:0/152
#NNI moves:0/152
(((((((((((((((((46,60),89),((83,(43,48)),85)),((59,49),(68,71))),((((((88,58),((((79,45),66),44),(91,96))),(((87,78),(52,95)),62)),74),(64,54)),(41,100))),(((((((55,98),65),67),57),(69,(53,(92,94)))),((81,76),(84,97))),(51,47))),((((((((80,(93,72)),56),50),(73,86)),(82,61)),((99,(70,42)),63)),(77,75)),90)),19),(((((34,40),(17,38)),31),13),(((((36,20),7),(25,33)),29),(((26,(21,27)),28),14)))),((32,3),16)),((6,37),8)),((23,39),(11,10))),((1,24),(30,15))),5),((4,(18,35)),2)),(22,9)),12);
Current score: 2.147e+09
Current tree: (((32,3),((((((((((46,60),89),((83,(43,48)),85)),((59,49),(68,71))),((((((88,58),((((79,45),66),44),(91,96))),(((87,78),(52,95)),62)),74),(64,54)),(41,100))),(((((((55,98),65),67),57),(69,(53,(92,94)))),((81,76),(84,97))),(51,47))),((((((((80,(93,72)),56),50),(73,86)),(82,61)),((99,(70,42)),63)),(77,75)),90)),19),(((((34,40),(17,38)),31),13),(((((36,20),7),(25,33)),29),(((26,(21,27)),28),14)))),(((6,37),8),(((23,39),(11,10)),(((1,24),(30,15)),(5,(((4,(18,35)),2),((22,9),12)))))))),16);
Final Tree: (((32,3),((((((((((46,60),89),((83,(43,48)),85)),((59,49),(68,71))),((((((88,58),((((79,45),66),44),(91,96))),(((87,78),(52,95)),62)),74),(64,54)),(41,100))),(((((((55,98),65),67),57),(69,(53,(92,94)))),((81,76),(84,97))),(51,47))),((((((((80,(93,72)),56),50),(73,86)),(82,61)),((99,(70,42)),63)),(77,75)),90)),19),(((((34,40),(17,38)),31),13),(((((36,20),7),(25,33)),29),(((26,(21,27)),28),14)))),(((6,37),8),(((23,39),(11,10)),(((1,24),(30,15)),(5,(((4,(18,35)),2),((22,9),12)))))))),16);
#EqQuartets: 2279114688
Score: 2146998736
ASTRAL for PaRalogs and Orthologs III (ASTRAL-Pro3)
*** NOW with integrated CASTLES-Pro ***
Version: v1.22.3.6
Read 512 genetrees and found 100 species.
#Genetrees: 1000
#Duploss: 5977
#Species: 100
#Rounds: 4
#Samples: 4
#Threads: 1
Use two-step algorithm!
Guide Tree 0/16
#NNI moves:0/152
Guide Tree 1/16
#NNI moves:0/152
Guide Tree 2/16
#NNI moves:0/152
Guide Tree 3/16
#NNI moves:0/152
Guide Tree 4/16
#NNI moves:0/152
Guide Tree 5/16
#NNI moves:0/152
Guide Tree 6/16
#NNI moves:0/152
Guide Tree 7/16
#NNI moves:0/152
Guide Tree 8/16
#NNI moves:0/152
Guide Tree 9/16
#NNI moves:0/152
Guide Tree 10/16
#NNI moves:0/152
Guide Tree 11/16
#NNI moves:0/152
Guide Tree 12/16
#NNI moves:0/152
Guide Tree 13/16
#NNI moves:0/152
Guide Tree 14/16
#NNI moves:0/152
Guide Tree 15/16
#NNI moves:0/152
Remaining: 0
#NNI moves:0/152
#NNI moves:0/152
((((((((((((5,(((1,23),3),(22,8))),20),15),((19,14),16)),(((((13,7),9),11),(10,18)),21)),((2,(4,17)),(6,12))),(((((66,89),(79,97)),(((95,((40,80),34)),31),42)),(100,70)),((((((73,68),(93,((44,43),25))),((45,67),78)),51),((32,29),41)),(58,(((87,77),55),(64,37)))))),(((((((38,(54,52)),88),35),((86,27),(((72,56),84),85))),((82,53),((57,94),(((46,69),(90,74)),(60,96))))),((63,47),61)),(98,39))),((((((24,36),33),(48,26)),((30,(49,75)),99)),((65,83),92)),((((28,62),76),71),81))),50),59),91);
Guide Tree 0/16
#NNI moves:0/152
Guide Tree 1/16
#NNI moves:0/152
Guide Tree 2/16
#NNI moves:0/152
Guide Tree 3/16
#NNI moves:0/152
Guide Tree 4/16
#NNI moves:0/152
Guide Tree 5/16
#NNI moves:0/152
Guide Tree 6/16
#NNI moves:0/152
Guide Tree 7/16
#NNI moves:0/152
Guide Tree 8/16
#NNI moves:0/152
Guide Tree 9/16
#NNI moves:0/152
Guide Tree 10/16
#NNI moves:0/152
Guide Tree 11/16
#NNI moves:0/152
Guide Tree 12/16
#NNI moves:0/152
Guide Tree 13/16
#NNI moves:0/152
Guide Tree 14/16
#NNI moves:0/152
Guide Tree 15/16
#NNI moves:0/152
Remaining: 0
#NNI moves:0/152
#NNI moves:0/152
((((((((((((77,87),55),(37,64)),58),(((((73,68),(((43,44),25),93)),((67,45),78)),51),((29,32),41))),((((66,89),(97,79)),((31,((34,(80,40)),95)),42)),(100,70))),((((17,4),2),(6,12)),(((16,(19,14)),(15,((((3,(23,1)),(8,22)),5),20))),(((11,((13,7),9)),(18,10)),21)))),(((((((38,(52,54)),88),35),((((56,72),84),85),(27,86))),(((((69,46),(74,90)),(60,96)),(57,94)),(53,82))),((63,47),61)),(39,98))),((((((75,49),30),99),((33,(24,36)),(48,26))),((65,83),92)),((((62,28),76),71),81))),50),59),91);
Guide Tree 0/16
#NNI moves:0/152
Guide Tree 1/16
#NNI moves:0/152
Guide Tree 2/16
#NNI moves:0/152
Guide Tree 3/16
#NNI moves:0/152
Guide Tree 4/16
#NNI moves:0/152
Guide Tree 5/16
#NNI moves:0/152
Guide Tree 6/16
#NNI moves:0/152
Guide Tree 7/16
#NNI moves:0/152
Guide Tree 8/16
#NNI moves:0/152
Guide Tree 9/16
#NNI moves:0/152
Guide Tree 10/16
#NNI moves:0/152
Guide Tree 11/16
#NNI moves:0/152
Guide Tree 12/16
#NNI moves:0/152
Guide Tree 13/16
#NNI moves:0/152
Guide Tree 14/16
#NNI moves:0/152
Guide Tree 15/16
#NNI moves:0/152
Remaining: 0
#NNI moves:0/152
#NNI moves:0/152
(((((((((((((73,68),((25,(44,43)),93)),((67,45),78)),51),(41,(29,32))),(((55,(77,87)),(37,64)),58)),(((((((40,80),34),95),31),42),((79,97),(66,89))),(70,100))),((((17,4),2),(6,12)),((21,((11,((7,13),9)),(10,18))),((((5,((3,(1,23)),(22,8))),20),15),((19,14),16))))),(((((((60,96),((90,74),(46,69))),(57,94)),(82,53)),(((((54,52),38),88),35),((86,27),(((56,72),84),85)))),((47,63),61)),(98,39))),((((((75,49),30),99),(((24,36),33),(26,48))),(92,(65,83))),(81,((76,(62,28)),71)))),50),59),91);
Guide Tree 0/16
#NNI moves:0/152
Guide Tree 1/16
#NNI moves:0/152
Guide Tree 2/16
#NNI moves:0/152
Guide Tree 3/16
#NNI moves:0/152
Guide Tree 4/16
#NNI moves:0/152
Guide Tree 5/16
#NNI moves:0/152
Guide Tree 6/16
#NNI moves:0/152
Guide Tree 7/16
#NNI moves:0/152
Guide Tree 8/16
#NNI moves:0/152
Guide Tree 9/16
#NNI moves:0/152
Guide Tree 10/16
#NNI moves:0/152
Guide Tree 11/16
#NNI moves:0/152
Guide Tree 12/16
#NNI moves:0/152
Guide Tree 13/16
#NNI moves:0/152
Guide Tree 14/16
#NNI moves:0/152
Guide Tree 15/16
#NNI moves:0/152
Remaining: 0
#NNI moves:0/152
#NNI moves:0/152
(((((((((((((68,73),(((44,43),25),93)),(78,(67,45))),51),((29,32),41)),((((77,87),55),(64,37)),58)),((((97,79),(66,89)),(((95,((40,80),34)),31),42)),(100,70))),((((((((8,22),((23,1),3)),5),20),15),((14,19),16)),(((((13,7),9),11),(10,18)),21)),(((4,17),2),(6,12)))),(((((53,82),((((90,74),(69,46)),(60,96)),(57,94))),(((88,(38,(54,52))),35),((86,27),(85,(84,(56,72)))))),(61,(47,63))),(98,39))),(((((33,(24,36)),(26,48)),(99,((49,75),30))),((83,65),92)),(81,(71,((28,62),76))))),50),59),91);
Initial score: 2.19023e+09
Initial tree: (((((((((((((68,73),(((44,43),25),93)),(78,(67,45))),51),((29,32),41)),((((77,87),55),(64,37)),58)),((((97,79),(66,89)),(((95,((40,80),34)),31),42)),(100,70))),((((((((8,22),((23,1),3)),5),20),15),((14,19),16)),(((((13,7),9),11),(10,18)),21)),(((4,17),2),(6,12)))),(((((53,82),((((90,74),(69,46)),(60,96)),(57,94))),(((88,(38,(54,52))),35),((86,27),(85,(84,(56,72)))))),(61,(47,63))),(98,39))),(((((33,(24,36)),(26,48)),(99,((49,75),30))),((83,65),92)),(81,(71,((28,62),76))))),50),59),91);
*** Subsample Process ***
Use two-step algorithm!
#NNI moves:0/152
Remaining: 0
#NNI moves:0/152
#NNI moves:0/152
(((((((((((((((((3,(1,23)),(8,22)),5),20),15),((19,14),16)),(((11,((7,13),9)),(18,10)),21)),(((4,17),2),(12,6))),(((((((94,57),(((90,74),(69,46)),(96,60))),(82,53)),((((84,(56,72)),85),(86,27)),((((54,52),38),88),35))),((47,63),61)),(39,98)),(((((((24,36),33),(26,48)),(((49,75),30),99)),((83,65),92)),((((28,62),76),71),81)),((59,91),50)))),((((66,89),(79,97)),(((((80,40),34),95),31),42)),(100,70))),(58,((37,64),((87,77),55)))),(41,(29,32))),51),((67,45),78)),(93,((44,43),25))),73),68);
#NNI moves:0/152
Remaining: 0
#NNI moves:0/152
#NNI moves:0/152
(((((((((((86,27),(85,((56,72),84))),((((54,52),38),88),35)),(((((46,69),(90,74)),(96,60)),(57,94)),(82,53))),((63,47),61)),(39,98)),(((((((((8,22),((23,1),3)),5),20),15),((14,19),16)),(((((7,13),9),11),(10,18)),21)),(((4,17),2),(6,12))),(((((((((44,43),25),93),(73,68)),((67,45),78)),51),(41,(29,32))),(((37,64),(55,(87,77))),58)),((((97,79),(89,66)),(42,((((40,80),34),95),31))),(70,100))))),(((((28,62),76),71),81),((((48,26),(33,(36,24))),(((75,49),30),99)),((65,83),92)))),50),91),59);
#NNI moves:0/152
Remaining: 0
#NNI moves:0/152
#NNI moves:0/152
((((((((((((((((((43,44),25),93),(68,73)),((45,67),78)),51),(41,(32,29))),(((64,37),(55,(77,87))),58)),((((66,89),(97,79)),((((34,(40,80)),95),31),42)),(70,100))),(((((20,(((22,8),((23,1),3)),5)),15),((14,19),16)),(((18,10),((9,(13,7)),11)),21)),(((4,17),2),(6,12)))),(((((((36,24),33),(48,26)),(((49,75),30),99)),((65,83),92)),(((76,(62,28)),71),81)),((91,59),50))),(98,39)),(61,(63,47))),(((((74,90),(46,69)),(60,96)),(94,57)),(82,53))),((((54,52),38),88),35)),(85,((56,72),84))),27),86);
#NNI moves:0/152
Remaining: 0
#NNI moves:0/152
#NNI moves:0/152
(((((((((((((((66,89),(97,79)),(((95,((80,40),34)),31),42)),(100,70)),((((((93,((44,43),25)),(68,73)),((67,45),78)),51),((32,29),41)),((((87,77),55),(64,37)),58))),((((((5,(((1,23),3),(22,8))),20),15),(16,(19,14))),(((((7,13),9),11),(10,18)),21)),((2,(17,4)),(12,6)))),((((((((90,74),(46,69)),(60,96)),(57,94)),(53,82)),((35,(88,((52,54),38))),((85,((72,56),84)),(86,27)))),((47,63),61)),(98,39))),(50,(59,91))),((71,(76,(28,62))),81)),((65,83),92)),(99,((75,49),30))),(26,48)),33),36),24);
Current score: 2.19023e+09
Current tree: ((59,(50,((((((((66,89),(97,79)),(((95,((80,40),34)),31),42)),(100,70)),((((((93,((44,43),25)),(68,73)),((67,45),78)),51),((32,29),41)),((((87,77),55),(64,37)),58))),((((((5,(((1,23),3),(22,8))),20),15),(16,(19,14))),(((((7,13),9),11),(10,18)),21)),((2,(17,4)),(12,6)))),((((((((90,74),(46,69)),(60,96)),(57,94)),(53,82)),((35,(88,((52,54),38))),((85,((72,56),84)),(86,27)))),((47,63),61)),(98,39))),(((71,(76,(28,62))),81),(((65,83),92),((99,((75,49),30)),((26,48),(33,(36,24))))))))),91);
Final Tree: ((59,(50,((((((((66,89),(97,79)),(((95,((80,40),34)),31),42)),(100,70)),((((((93,((44,43),25)),(68,73)),((67,45),78)),51),((32,29),41)),((((87,77),55),(64,37)),58))),((((((5,(((1,23),3),(22,8))),20),15),(16,(19,14))),(((((7,13),9),11),(10,18)),21)),((2,(17,4)),(12,6)))),((((((((90,74),(46,69)),(60,96)),(57,94)),(53,82)),((35,(88,((52,54),38))),((85,((72,56),84)),(86,27)))),((47,63),61)),(98,39))),(((71,(76,(28,62))),81),(((65,83),92),((99,((75,49),30)),((26,48),(33,(36,24))))))))),91);
#EqQuartets: 2250188837
Score: 2190227805
ASTRAL for PaRalogs and Orthologs III (ASTRAL-Pro3)
*** NOW with integrated CASTLES-Pro ***
Version: v1.22.3.6
Read 512 genetrees and found 100 species.
#Genetrees: 998
#Duploss: 6147
#Species: 100
#Rounds: 4
#Samples: 4
#Threads: 1
Use two-step algorithm!
Guide Tree 0/16
#NNI moves:0/152
Guide Tree 1/16
#NNI moves:0/152
Guide Tree 2/16
#NNI moves:0/152
Guide Tree 3/16
#NNI moves:0/152
Guide Tree 4/16
#NNI moves:0/152
Guide Tree 5/16
#NNI moves:0/152
Guide Tree 6/16
#NNI moves:0/152
Guide Tree 7/16
#NNI moves:0/152
Guide Tree 8/16
#NNI moves:0/152
Guide Tree 9/16
#NNI moves:0/152
Guide Tree 10/16
#NNI moves:0/152
Guide Tree 11/16
#NNI moves:0/152
Guide Tree 12/16
#NNI moves:0/152
Guide Tree 13/16
#NNI moves:0/152
Guide Tree 14/16
#NNI moves:0/152
Guide Tree 15/16
#NNI moves:0/152
Remaining: 0
#NNI moves:0/152
#NNI moves:0/152
(((((((((((((((13,97),(95,91)),43),(84,58)),((((81,52),(62,45)),((8,10),89)),((78,53),((7,54),66)))),(33,88)),(((((((93,90),(((17,40),87),11)),65),25),(((((19,63),(27,61)),55),((94,9),51)),42)),100),(((((79,48),((24,34),37)),(98,60)),(((67,1),38),16)),((((((99,29),80),64),72),73),(((((47,83),(39,68)),20),((70,71),(96,23))),(69,36)))))),((((((56,3),46),(50,(31,5))),82),(74,92)),2)),(((77,32),57),75)),((((49,59),(6,(26,41))),((12,76),15)),(((28,22),4),((85,18),30)))),86),44),14),21),35);
Guide Tree 0/16
#NNI moves:0/152
Guide Tree 1/16
#NNI moves:0/152
Guide Tree 2/16
#NNI moves:0/152
Guide Tree 3/16
#NNI moves:0/152
Guide Tree 4/16
#NNI moves:0/152
Guide Tree 5/16
#NNI moves:0/152
Guide Tree 6/16
#NNI moves:0/152
Guide Tree 7/16
#NNI moves:0/152
Guide Tree 8/16
#NNI moves:0/152
Guide Tree 9/16
#NNI moves:0/152
Guide Tree 10/16
#NNI moves:0/152
Guide Tree 11/16
#NNI moves:0/152
Guide Tree 12/16
#NNI moves:0/152
Guide Tree 13/16
#NNI moves:0/152
Guide Tree 14/16
#NNI moves:0/152
Guide Tree 15/16
#NNI moves:0/152
Remaining: 0
#NNI moves:0/152
#NNI moves:0/152
(((((((((((((((((87,(17,40)),11),(90,93)),65),25),(((((61,27),(19,63)),55),((9,94),51)),42)),100),((((60,98),((48,79),((24,34),37))),((38,(1,67)),16)),((((((99,29),80),64),72),73),((((23,96),(71,70)),(20,((68,39),(83,47)))),(36,69))))),((((((13,97),(91,95)),43),(84,58)),((((45,62),(52,81)),(89,(8,10))),((66,(54,7)),(53,78)))),(33,88))),((((((5,31),50),((56,3),46)),82),(74,92)),2)),(75,(57,(32,77)))),(((((41,26),6),(59,49)),(15,(12,76))),(((85,18),30),((22,28),4)))),86),44),14),21),35);
Guide Tree 0/16
#NNI moves:0/152
Guide Tree 1/16
#NNI moves:0/152
Guide Tree 2/16
#NNI moves:0/152
Guide Tree 3/16
#NNI moves:0/152
Guide Tree 4/16
#NNI moves:0/152
Guide Tree 5/16
#NNI moves:0/152
Guide Tree 6/16
#NNI moves:0/152
Guide Tree 7/16
#NNI moves:0/152
Guide Tree 8/16
#NNI moves:0/152
Guide Tree 9/16
#NNI moves:0/152
Guide Tree 10/16
#NNI moves:0/152
Guide Tree 11/16
#NNI moves:0/152
Guide Tree 12/16
#NNI moves:0/152
Guide Tree 13/16
#NNI moves:0/152
Guide Tree 14/16
#NNI moves:0/152
Guide Tree 15/16
#NNI moves:0/152
Remaining: 0
#NNI moves:0/152
#NNI moves:0/152
((((((((((((((((70,71),(23,96)),(((68,39),(83,47)),20)),(69,36)),(((((99,29),80),64),72),73)),(((38,(1,67)),16),(((37,(24,34)),(79,48)),(60,98)))),((((((90,93),((87,(17,40)),11)),65),25),(((((19,63),(27,61)),55),((9,94),51)),42)),100)),(((((89,(8,10)),((62,45),(52,81))),((78,53),((7,54),66))),((((95,91),(13,97)),43),(58,84))),(88,33))),(2,(((((3,56),46),(50,(5,31))),82),(92,74)))),(((32,77),57),75)),(((((41,26),6),(49,59)),((76,12),15)),(((28,22),4),((18,85),30)))),86),44),14),21),35);
Guide Tree 0/16
#NNI moves:0/152
Guide Tree 1/16
#NNI moves:0/152
Guide Tree 2/16
#NNI moves:0/152
Guide Tree 3/16
#NNI moves:0/152
Guide Tree 4/16
#NNI moves:0/152
Guide Tree 5/16
#NNI moves:0/152
Guide Tree 6/16
#NNI moves:0/152
Guide Tree 7/16
#NNI moves:0/152
Guide Tree 8/16
#NNI moves:0/152
Guide Tree 9/16
#NNI moves:0/152
Guide Tree 10/16
#NNI moves:0/152
Guide Tree 11/16
#NNI moves:0/152
Guide Tree 12/16
#NNI moves:0/152
Guide Tree 13/16
#NNI moves:0/152
Guide Tree 14/16
#NNI moves:0/152
Guide Tree 15/16
#NNI moves:0/152
Remaining: 0
#NNI moves:0/152
#NNI moves:0/152
(((((((((((((((51,(94,9)),(((19,63),(61,27)),55)),42),((((((40,17),87),11),(90,93)),65),25)),100),(((((((29,99),80),64),72),73),(((((83,47),(39,68)),20),((23,96),(71,70))),(36,69))),(((60,98),((79,48),((24,34),37))),(((67,1),38),16)))),((((((62,45),(81,52)),(89,(8,10))),((53,78),((54,7),66))),((((91,95),(13,97)),43),(84,58))),(33,88))),((((((3,56),46),(50,(5,31))),82),(74,92)),2)),((57,(77,32)),75)),(((15,(76,12)),((6,(26,41)),(59,49))),(((22,28),4),(30,(85,18))))),86),44),14),21),35);
Initial score: 2.21033e+09
Initial tree: (((((((((((((((51,(94,9)),(((19,63),(61,27)),55)),42),((((((40,17),87),11),(90,93)),65),25)),100),(((((((29,99),80),64),72),73),(((((83,47),(39,68)),20),((23,96),(71,70))),(36,69))),(((60,98),((79,48),((24,34),37))),(((67,1),38),16)))),((((((62,45),(81,52)),(89,(8,10))),((53,78),((54,7),66))),((((91,95),(13,97)),43),(84,58))),(33,88))),((((((3,56),46),(50,(5,31))),82),(74,92)),2)),((57,(77,32)),75)),(((15,(76,12)),((6,(26,41)),(59,49))),(((22,28),4),(30,(85,18))))),86),44),14),21),35);
*** Subsample Process ***
Use two-step algorithm!
#NNI moves:0/152
Remaining: 0
#NNI moves:0/152
#NNI moves:0/152
(((((((((((((((46,(56,3)),(50,(5,31))),82),(92,74)),2),(((((((26,41),6),(59,49)),((76,12),15)),(((28,22),4),((18,85),30))),((((21,35),14),44),86)),(((77,32),57),75))),((((((13,97),(95,91)),43),(84,58)),((((62,45),(81,52)),((10,8),89)),(((7,54),66),(53,78)))),(88,33))),(((((((29,99),80),64),72),73),(((((68,39),(83,47)),20),((71,70),(23,96))),(69,36))),((((48,79),((24,34),37)),(98,60)),(((1,67),38),16)))),100),(25,(((11,(87,(17,40))),(90,93)),65))),42),(((19,63),(27,61)),55)),51),94),9);
#NNI moves:0/152
Remaining: 0
#NNI moves:0/152
#NNI moves:0/152
(((((((((((((25,(65,(((87,(17,40)),11),(93,90)))),(((51,(94,9)),(55,((27,61),(63,19)))),42)),100),(((((((99,29),80),64),72),73),(((((68,39),(83,47)),20),((70,71),(23,96))),(69,36))),(((((34,24),37),(48,79)),(98,60)),(((1,67),38),16)))),((((((52,81),(62,45)),((8,10),89)),((66,(7,54)),(78,53))),((((91,95),(97,13)),43),(58,84))),(88,33))),((((((56,3),46),(50,(5,31))),82),(74,92)),2)),(((77,32),57),75)),((((12,76),15),(((41,26),6),(49,59))),(((22,28),4),((85,18),30)))),86),44),14),35),21);
#NNI moves:0/152
Remaining: 0
#NNI moves:0/152
#NNI moves:0/152
(((((((((((((3,56),46),(50,(5,31))),82),(74,92)),2),(((((4,(22,28)),((18,85),30)),(((12,76),15),((59,49),((26,41),6)))),(86,(44,((35,21),14)))),(((32,77),57),75))),((((((45,62),(52,81)),((8,10),89)),((78,53),((54,7),66))),((((13,97),(91,95)),43),(58,84))),(88,33))),(((((((29,99),80),64),72),73),(((20,((47,83),(39,68))),((70,71),(96,23))),(36,69))),((((67,1),38),16),(((48,79),((24,34),37)),(60,98))))),100),(((((63,19),(27,61)),55),(51,(94,9))),42)),(65,((93,90),(((17,40),87),11)))),25);
#NNI moves:0/152
Remaining: 0
#NNI moves:0/152
#NNI moves:0/152
((((((((((((((39,68),(47,83)),20),((71,70),(96,23))),(69,36)),((((80,(29,99)),64),72),73)),((((37,(34,24)),(48,79)),(98,60)),(((67,1),38),16))),(((((((19,63),(61,27)),55),((9,94),51)),42),((((((40,17),87),11),(93,90)),65),25)),100)),((((((62,45),(52,81)),((8,10),89)),(((7,54),66),(53,78))),((((13,97),(91,95)),43),(84,58))),(88,33))),(((74,92),(((46,(56,3)),(50,(31,5))),82)),2)),(((32,77),57),75)),((((28,22),4),(30,(18,85))),(((6,(41,26)),(49,59)),((76,12),15)))),(44,(14,(21,35)))),86);
Current score: 2.21033e+09
Current tree: ((21,(14,(44,(((((((((((((39,68),(47,83)),20),((71,70),(96,23))),(69,36)),((((80,(29,99)),64),72),73)),((((37,(34,24)),(48,79)),(98,60)),(((67,1),38),16))),(((((((19,63),(61,27)),55),((9,94),51)),42),((((((40,17),87),11),(93,90)),65),25)),100)),((((((62,45),(52,81)),((8,10),89)),(((7,54),66),(53,78))),((((13,97),(91,95)),43),(84,58))),(88,33))),(((74,92),(((46,(56,3)),(50,(31,5))),82)),2)),(((32,77),57),75)),((((28,22),4),(30,(18,85))),(((6,(41,26)),(49,59)),((76,12),15)))),86)))),35);
Final Tree: ((21,(14,(44,(((((((((((((39,68),(47,83)),20),((71,70),(96,23))),(69,36)),((((80,(29,99)),64),72),73)),((((37,(34,24)),(48,79)),(98,60)),(((67,1),38),16))),(((((((19,63),(61,27)),55),((9,94),51)),42),((((((40,17),87),11),(93,90)),65),25)),100)),((((((62,45),(52,81)),((8,10),89)),(((7,54),66),(53,78))),((((13,97),(91,95)),43),(84,58))),(88,33))),(((74,92),(((46,(56,3)),(50,(31,5))),82)),2)),(((32,77),57),75)),((((28,22),4),(30,(18,85))),(((6,(41,26)),(49,59)),((76,12),15)))),86)))),35);
#EqQuartets: 2301848758
Score: 2210328129
ASTRAL for PaRalogs and Orthologs III (ASTRAL-Pro3)
*** NOW with integrated CASTLES-Pro ***
Version: v1.22.3.6
Read 512 genetrees and found 100 species.
#Genetrees: 1000
#Duploss: 5726
#Species: 100
#Rounds: 4
#Samples: 4
#Threads: 1
Use two-step algorithm!
Guide Tree 0/16
#NNI moves:0/152
Guide Tree 1/16
#NNI moves:0/152
Guide Tree 2/16
#NNI moves:0/152
Guide Tree 3/16
#NNI moves:0/152
Guide Tree 4/16
#NNI moves:0/152
Guide Tree 5/16
#NNI moves:0/152
Guide Tree 6/16
#NNI moves:0/152
Guide Tree 7/16
#NNI moves:0/152
Guide Tree 8/16
#NNI moves:0/152
Guide Tree 9/16
#NNI moves:0/152
Guide Tree 10/16
#NNI moves:0/152
Guide Tree 11/16
#NNI moves:0/152
Guide Tree 12/16
#NNI moves:0/152
Guide Tree 13/16
#NNI moves:0/152
Guide Tree 14/16
#NNI moves:0/152
Guide Tree 15/16
#NNI moves:0/152
Remaining: 0
#NNI moves:0/152
#NNI moves:0/152
((((((((((100,(96,65)),((((((48,63),90),53),45),(((40,55),58),76)),(((73,94),74),((72,(84,95)),54)))),(((71,87),((88,50),51)),(61,38))),((((93,(((79,62),56),(92,66))),83),57),((37,(36,91)),(98,75)))),((((46,(89,80)),((70,49),(41,97))),47),((44,99),(82,60)))),(((((81,64),(42,35)),85),((((86,68),67),((52,77),78)),((39,59),69))),43)),((((((34,10),15),((29,28),16)),((20,30),4)),((2,((13,22),(1,27))),((((9,7),17),(26,18)),19))),(11,5))),((((25,21),((14,31),3)),23),(((33,32),12),8))),24),6);
Guide Tree 0/16
#NNI moves:0/152
Guide Tree 1/16
#NNI moves:0/152
Guide Tree 2/16
#NNI moves:0/152
Guide Tree 3/16
#NNI moves:0/152
Guide Tree 4/16
#NNI moves:0/152
Guide Tree 5/16
#NNI moves:0/152
Guide Tree 6/16
#NNI moves:0/152
Guide Tree 7/16
#NNI moves:0/152
Guide Tree 8/16
#NNI moves:0/152
Guide Tree 9/16
#NNI moves:0/152
Guide Tree 10/16
#NNI moves:0/152
Guide Tree 11/16
#NNI moves:0/152
Guide Tree 12/16
#NNI moves:0/152
Guide Tree 13/16
#NNI moves:0/152
Guide Tree 14/16
#NNI moves:0/152
Guide Tree 15/16
#NNI moves:0/152
Remaining: 0
#NNI moves:0/152
#NNI moves:0/152
((((((((((((54,((95,84),72)),(74,(94,73))),((76,(58,(40,55))),((((63,48),90),53),45))),((65,96),100)),(((87,71),((50,88),51)),(38,61))),((((93,(((62,79),56),(92,66))),83),57),((75,98),((91,36),37)))),(((((97,41),(70,49)),(46,(80,89))),47),((60,82),(44,99)))),(((((81,64),(35,42)),85),((((86,68),67),(78,(52,77))),((59,39),69))),43)),((((4,(30,20)),((16,(28,29)),((34,10),15))),((((13,22),(27,1)),2),((((7,9),17),(26,18)),19))),(5,11))),(((((31,14),3),(25,21)),23),(((33,32),12),8))),24),6);
Guide Tree 0/16
#NNI moves:0/152
Guide Tree 1/16
#NNI moves:0/152
Guide Tree 2/16
#NNI moves:0/152
Guide Tree 3/16
#NNI moves:0/152
Guide Tree 4/16
#NNI moves:0/152
Guide Tree 5/16
#NNI moves:0/152
Guide Tree 6/16
#NNI moves:0/152
Guide Tree 7/16
#NNI moves:0/152
Guide Tree 8/16
#NNI moves:0/152
Guide Tree 9/16
#NNI moves:0/152
Guide Tree 10/16
#NNI moves:0/152
Guide Tree 11/16
#NNI moves:0/152
Guide Tree 12/16
#NNI moves:0/152
Guide Tree 13/16
#NNI moves:0/152
Guide Tree 14/16
#NNI moves:0/152
Guide Tree 15/16
#NNI moves:0/152
Remaining: 0
#NNI moves:0/152
#NNI moves:0/152
((((((((((37,(91,36)),(98,75)),(((93,((92,66),(56,(79,62)))),83),57)),(((((((95,84),72),54),((94,73),74)),(((58,(55,40)),76),((((48,63),90),53),45))),(100,(65,96))),(((87,71),((88,50),51)),(61,38)))),(((99,44),(82,60)),((((97,41),(70,49)),((89,80),46)),47))),(43,((((42,35),(64,81)),85),((((68,86),67),((77,52),78)),(69,(59,39)))))),(((((20,30),4),((15,(10,34)),((29,28),16))),(((((7,9),17),(18,26)),19),(((1,27),(22,13)),2))),(11,5))),(((((31,14),3),(25,21)),23),((12,(33,32)),8))),24),6);
Guide Tree 0/16
#NNI moves:0/152
Guide Tree 1/16
#NNI moves:0/152
Guide Tree 2/16
#NNI moves:0/152
Guide Tree 3/16
#NNI moves:0/152
Guide Tree 4/16
#NNI moves:0/152
Guide Tree 5/16
#NNI moves:0/152
Guide Tree 6/16
#NNI moves:0/152
Guide Tree 7/16
#NNI moves:0/152
Guide Tree 8/16
#NNI moves:0/152
Guide Tree 9/16
#NNI moves:0/152
Guide Tree 10/16
#NNI moves:0/152
Guide Tree 11/16
#NNI moves:0/152
Guide Tree 12/16
#NNI moves:0/152
Guide Tree 13/16
#NNI moves:0/152
Guide Tree 14/16
#NNI moves:0/152
Guide Tree 15/16
#NNI moves:0/152
Remaining: 0
#NNI moves:0/152
#NNI moves:0/152
(((((((((((((56,(79,62)),(92,66)),93),83),57),((75,98),((91,36),37))),(((((45,(((48,63),90),53)),(76,(58,(55,40)))),((54,(72,(95,84))),((73,94),74))),(100,(96,65))),((((88,50),51),(87,71)),(38,61)))),(((((49,70),(97,41)),(46,(80,89))),47),((44,99),(60,82)))),(((((39,59),69),((78,(52,77)),((86,68),67))),(((64,81),(35,42)),85)),43)),((((((10,34),15),((29,28),16)),((30,20),4)),(((((7,9),17),(26,18)),19),(((27,1),(13,22)),2))),(5,11))),((((32,33),12),8),(((21,25),(3,(14,31))),23))),24),6);
Initial score: 2.19536e+09
Initial tree: (((((((((((((56,(79,62)),(92,66)),93),83),57),((75,98),((91,36),37))),(((((45,(((48,63),90),53)),(76,(58,(55,40)))),((54,(72,(95,84))),((73,94),74))),(100,(96,65))),((((88,50),51),(87,71)),(38,61)))),(((((49,70),(97,41)),(46,(80,89))),47),((44,99),(60,82)))),(((((39,59),69),((78,(52,77)),((86,68),67))),(((64,81),(35,42)),85)),43)),((((((10,34),15),((29,28),16)),((30,20),4)),(((((7,9),17),(26,18)),19),(((27,1),(13,22)),2))),(5,11))),((((32,33),12),8),(((21,25),(3,(14,31))),23))),24),6);
*** Subsample Process ***
Use two-step algorithm!
#NNI moves:0/152
Remaining: 0
#NNI moves:0/152
#NNI moves:0/152
(((((((((((((((39,59),69),(((68,86),67),(78,(52,77)))),(((81,64),(35,42)),85)),43),((((((15,(34,10)),((29,28),16)),(4,(30,20))),((((18,26),(17,(9,7))),19),(2,((1,27),(22,13))))),(11,5)),((24,6),((((21,25),((14,31),3)),23),(((32,33),12),8))))),(((82,60),(44,99)),((((89,80),46),((41,97),(70,49))),47))),((((((((63,48),90),53),45),(((55,40),58),76)),(((73,94),74),(((84,95),72),54))),(100,(65,96))),((((88,50),51),(87,71)),(61,38)))),((98,75),((91,36),37))),57),83),93),((79,62),56)),66),92);
#NNI moves:0/152
Remaining: 0
#NNI moves:0/152
#NNI moves:0/152
((((((((((((((55,40),58),76),(45,(((63,48),90),53))),(((73,94),74),(((84,95),72),54))),((65,96),100)),((((88,50),51),(71,87)),(61,38))),((((93,(((79,62),56),(92,66))),83),57),((98,75),(37,(91,36))))),((47,(((89,80),46),((97,41),(70,49)))),((99,44),(82,60)))),((((((68,86),67),((77,52),78)),((39,59),69)),(((64,81),(35,42)),85)),43)),((((((34,10),15),((29,28),16)),(4,(20,30))),((((26,18),((9,7),17)),19),(2,((13,22),(27,1))))),(5,11))),((23,(((31,14),3),(21,25))),(8,((33,32),12)))),6),24);
#NNI moves:0/152
Remaining: 0
#NNI moves:0/152
#NNI moves:0/152
((((((((((((((((68,86),67),((52,77),78)),((39,59),69)),(((81,64),(35,42)),85)),43),(((((((10,34),15),((29,28),16)),((20,30),4)),((((1,27),(22,13)),2),(((26,18),((9,7),17)),19))),(5,11)),(((((33,32),12),8),(23,(((14,31),3),(21,25)))),(6,24)))),((47,(((70,49),(41,97)),((80,89),46))),((60,82),(99,44)))),((((((92,66),((62,79),56)),93),83),57),((98,75),(37,(36,91))))),((((88,50),51),(71,87)),(61,38))),((96,65),100)),(((((63,48),90),53),45),(((55,40),58),76))),((73,94),74)),54),(84,95)),72);
#NNI moves:0/152
Remaining: 0
#NNI moves:0/152
#NNI moves:0/152
((((((((((((((((58,(40,55)),76),((53,((63,48),90)),45)),(((73,94),74),((72,(84,95)),54))),(100,(96,65))),((38,61),(((50,88),51),(71,87)))),(((83,((((79,62),56),(66,92)),93)),57),(((91,36),37),(98,75)))),(((((49,70),(97,41)),((89,80),46)),47),((44,99),(82,60)))),(((((81,64),(42,35)),85),((((77,52),78),(67,(68,86))),((39,59),69))),43)),((11,5),((((20,30),4),((15,(34,10)),((29,28),16))),((((26,18),((9,7),17)),19),(((27,1),(22,13)),2))))),(24,6)),(((3,(31,14)),(21,25)),23)),8),12),32),33);
Current score: 2.19536e+09
Current tree: ((24,(((((((((((58,(40,55)),76),((53,((63,48),90)),45)),(((73,94),74),((72,(84,95)),54))),(100,(96,65))),((38,61),(((50,88),51),(71,87)))),(((83,((((79,62),56),(66,92)),93)),57),(((91,36),37),(98,75)))),(((((49,70),(97,41)),((89,80),46)),47),((44,99),(82,60)))),(((((81,64),(42,35)),85),((((77,52),78),(67,(68,86))),((39,59),69))),43)),((11,5),((((20,30),4),((15,(34,10)),((29,28),16))),((((26,18),((9,7),17)),19),(((27,1),(22,13)),2))))),((((3,(31,14)),(21,25)),23),(8,(12,(32,33)))))),6);
Final Tree: ((24,(((((((((((58,(40,55)),76),((53,((63,48),90)),45)),(((73,94),74),((72,(84,95)),54))),(100,(96,65))),((38,61),(((50,88),51),(71,87)))),(((83,((((79,62),56),(66,92)),93)),57),(((91,36),37),(98,75)))),(((((49,70),(97,41)),((89,80),46)),47),((44,99),(82,60)))),(((((81,64),(42,35)),85),((((77,52),78),(67,(68,86))),((39,59),69))),43)),((11,5),((((20,30),4),((15,(34,10)),((29,28),16))),((((26,18),((9,7),17)),19),(((27,1),(22,13)),2))))),((((3,(31,14)),(21,25)),23),(8,(12,(32,33)))))),6);
#EqQuartets: 2245557760
Score: 2195363493
ASTRAL for PaRalogs and Orthologs III (ASTRAL-Pro3)
*** NOW with integrated CASTLES-Pro ***
Version: v1.22.3.6
Read 512 genetrees and found 100 species.
#Genetrees: 1000
#Duploss: 6345
#Species: 100
#Rounds: 4
#Samples: 4
#Threads: 1
Use two-step algorithm!
Guide Tree 0/16
#NNI moves:0/152
Guide Tree 1/16
#NNI moves:0/152
Guide Tree 2/16
#NNI moves:0/152
Guide Tree 3/16
#NNI moves:0/152
Guide Tree 4/16
#NNI moves:0/152
Guide Tree 5/16
#NNI moves:0/152
Guide Tree 6/16
#NNI moves:0/152
Guide Tree 7/16
#NNI moves:0/152
Guide Tree 8/16
#NNI moves:0/152
Guide Tree 9/16
#NNI moves:0/152
Guide Tree 10/16
#NNI moves:0/152
Guide Tree 11/16
#NNI moves:0/152
Guide Tree 12/16
#NNI moves:0/152
Guide Tree 13/16
#NNI moves:0/152
Guide Tree 14/16
#NNI moves:0/152
Guide Tree 15/16
#NNI moves:0/152
Remaining: 0
#NNI moves:0/152
#NNI moves:0/152
((((((((((((((((((((31,13),(12,20)),(32,16)),(((((29,22),(43,21)),17),(47,(26,48))),((((((((46,23),52),5),19),53),15),(50,39)),((((27,7),54),((41,1),14)),(3,18))))),((((((6,37),(34,(45,35))),(24,51)),38),((36,49),40)),9)),10),(((44,11),2),(55,25))),((((33,8),(28,30)),4),42)),(((67,(58,78)),97),63)),((((65,(68,71)),(99,93)),(((85,86),75),(56,92))),((88,(76,69)),(98,((90,83),64))))),(((91,59),57),80)),100),((((61,84),62),89),(79,77))),((74,82),81)),((94,73),66)),95),(60,70)),72),87),96);
Guide Tree 0/16
#NNI moves:0/152
Guide Tree 1/16
#NNI moves:0/152
Guide Tree 2/16
#NNI moves:0/152
Guide Tree 3/16
#NNI moves:0/152
Guide Tree 4/16
#NNI moves:0/152
Guide Tree 5/16
#NNI moves:0/152
Guide Tree 6/16
#NNI moves:0/152
Guide Tree 7/16
#NNI moves:0/152
Guide Tree 8/16
#NNI moves:0/152
Guide Tree 9/16
#NNI moves:0/152
Guide Tree 10/16
#NNI moves:0/152
Guide Tree 11/16
#NNI moves:0/152
Guide Tree 12/16
#NNI moves:0/152
Guide Tree 13/16
#NNI moves:0/152
Guide Tree 14/16
#NNI moves:0/152
Guide Tree 15/16
#NNI moves:0/152
Remaining: 0
#NNI moves:0/152
#NNI moves:0/152
((((((((((((((((((((((21,43),(22,29)),17),((26,48),47)),((((((((46,23),52),5),19),53),15),(50,39)),(((54,(7,27)),((1,41),14)),(18,3)))),(((31,13),(20,12)),(16,32))),(((((((35,45),34),(37,6)),(51,24)),38),((36,49),40)),9)),10),(((11,44),2),(25,55))),((((8,33),(30,28)),4),42)),((((58,78),67),97),63)),((((93,99),(65,(71,68))),((56,92),((85,86),75))),(((64,(90,83)),98),((76,69),88)))),(((59,91),57),80)),100),((79,77),(89,(62,(61,84))))),((82,74),81)),((94,73),66)),95),(60,70)),72),87),96);
Guide Tree 0/16
#NNI moves:0/152
Guide Tree 1/16
#NNI moves:0/152
Guide Tree 2/16
#NNI moves:0/152
Guide Tree 3/16
#NNI moves:0/152
Guide Tree 4/16
#NNI moves:0/152
Guide Tree 5/16
#NNI moves:0/152
Guide Tree 6/16
#NNI moves:0/152
Guide Tree 7/16
#NNI moves:0/152
Guide Tree 8/16
#NNI moves:0/152
Guide Tree 9/16
#NNI moves:0/152
Guide Tree 10/16
#NNI moves:0/152
Guide Tree 11/16
#NNI moves:0/152
Guide Tree 12/16
#NNI moves:0/152
Guide Tree 13/16
#NNI moves:0/152
Guide Tree 14/16
#NNI moves:0/152
Guide Tree 15/16
#NNI moves:0/152
Remaining: 0
#NNI moves:6/152
#NNI moves:6/152
(((((((((((((((((((((((41,1),14),((7,27),54)),(3,18)),(((((((46,23),52),5),19),53),15),(50,39))),((((21,43),(22,29)),17),(47,(48,26)))),(((12,20),(31,13)),(32,16))),(((40,(36,49)),(((((35,45),34),(37,6)),(24,51)),38)),9)),10),((55,25),(2,(44,11)))),((((30,28),(8,33)),4),42)),(63,(97,((78,58),67)))),(((((90,83),64),98),(88,(69,76))),((((85,86),75),(56,92)),(((71,68),65),(93,99))))),(((91,59),57),80)),100),((((61,84),62),89),(77,79))),((82,74),81)),((94,73),66)),95),(60,70)),72),87),96);
Guide Tree 0/16
#NNI moves:0/152
Guide Tree 1/16
#NNI moves:0/152
Guide Tree 2/16
#NNI moves:0/152
Guide Tree 3/16
#NNI moves:0/152
Guide Tree 4/16
#NNI moves:0/152
Guide Tree 5/16
#NNI moves:0/152
Guide Tree 6/16
#NNI moves:0/152
Guide Tree 7/16
#NNI moves:0/152
Guide Tree 8/16
#NNI moves:0/152
Guide Tree 9/16
#NNI moves:0/152
Guide Tree 10/16
#NNI moves:0/152
Guide Tree 11/16
#NNI moves:0/152
Guide Tree 12/16
#NNI moves:0/152
Guide Tree 13/16
#NNI moves:0/152
Guide Tree 14/16
#NNI moves:0/152
Guide Tree 15/16
#NNI moves:0/152
Remaining: 0
#NNI moves:0/152
#NNI moves:0/152
((((((((((((((((((((((((((23,46),52),5),19),53),15),(39,50)),(((54,(27,7)),((1,41),14)),(18,3))),((((43,21),(29,22)),17),((48,26),47))),(((20,12),(31,13)),(32,16))),(((38,(((34,(35,45)),(6,37)),(51,24))),((36,49),40)),9)),10),(((44,11),2),(55,25))),((((8,33),(30,28)),4),42)),((((78,58),67),97),63)),(((((83,90),64),98),((69,76),88)),((((71,68),65),(93,99)),((92,56),((85,86),75))))),((57,(91,59)),80)),100),(((62,(61,84)),89),(79,77))),(81,(74,82))),((73,94),66)),95),(70,60)),72),87),96);
Initial score: 2.2168e+09
Initial tree: ((((((((((((((((((((((((((23,46),52),5),19),53),15),(39,50)),(((54,(27,7)),((1,41),14)),(18,3))),((((43,21),(29,22)),17),((48,26),47))),(((20,12),(31,13)),(32,16))),(((38,(((34,(35,45)),(6,37)),(51,24))),((36,49),40)),9)),10),(((44,11),2),(55,25))),((((8,33),(30,28)),4),42)),((((78,58),67),97),63)),(((((83,90),64),98),((69,76),88)),((((71,68),65),(93,99)),((92,56),((85,86),75))))),((57,(91,59)),80)),100),(((62,(61,84)),89),(79,77))),(81,(74,82))),((73,94),66)),95),(70,60)),72),87),96);
*** Subsample Process ***
Use two-step algorithm!
#NNI moves:0/152
Remaining: 0
#NNI moves:0/152
#NNI moves:0/152
((((((((((((((((((((((((61,84),62),89),(77,79)),((((((87,96),72),(70,60)),95),((73,94),66)),((74,82),81))),100),(80,((59,91),57))),((((76,69),88),(((83,90),64),98)),(((75,(86,85)),(56,92)),((65,(68,71)),(93,99))))),((((78,58),67),97),63)),((((28,30),(33,8)),4),42)),((25,55),(2,(11,44)))),10),((((((34,(35,45)),(37,6)),(24,51)),38),((36,49),40)),9)),((32,16),((13,31),(12,20)))),((((43,21),(22,29)),17),(47,(26,48)))),((((7,27),54),((1,41),14)),(3,18))),(50,39)),15),53),19),5),52),46),23);
#NNI moves:0/152
Remaining: 0
#NNI moves:0/152
#NNI moves:0/152
(((((((((((((((((((32,16),((20,12),(31,13))),((((((((52,(46,23)),5),19),53),15),(50,39)),((((7,27),54),((41,1),14)),(3,18))),((((43,21),(29,22)),17),((48,26),47)))),(((((((45,35),34),(37,6)),(24,51)),38),(40,(49,36))),9)),10),((25,55),((11,44),2))),((((28,30),(33,8)),4),42)),((((78,58),67),97),63)),((((65,(68,71)),(93,99)),((92,56),((85,86),75))),((98,((90,83),64)),(88,(76,69))))),(80,((59,91),57))),100),(((62,(84,61)),89),(79,77))),((82,74),81)),(66,(73,94))),95),(60,70)),72),96),87);
#NNI moves:0/152
Remaining: 0
#NNI moves:0/152
#NNI moves:0/152
(((((((((((((((68,71),65),(93,99)),((92,56),(75,(85,86)))),(((64,(83,90)),98),(88,(69,76)))),(((((((84,61),62),89),(77,79)),(((((60,70),((96,87),72)),95),(66,(73,94))),((74,82),81))),100),(((91,59),57),80))),((97,((78,58),67)),63)),((4,((28,30),(8,33))),42)),(((44,11),2),(25,55))),10),(((((((45,35),34),(37,6)),(51,24)),38),((36,49),40)),9)),(((((((((23,46),52),5),19),53),15),(50,39)),((18,3),(((27,7),54),((41,1),14)))),((((43,21),(29,22)),17),((48,26),47)))),((31,13),(20,12))),16),32);
#NNI moves:0/152
Remaining: 0
#NNI moves:0/152
#NNI moves:0/152
((((((((((((((((((((((19,((52,(23,46)),5)),53),15),(50,39)),((((1,41),14),((27,7),54)),(3,18))),(((26,48),47),(((29,22),(21,43)),17))),(((20,12),(13,31)),(16,32))),(((((24,51),(((35,45),34),(6,37))),38),((36,49),40)),9)),10),((25,55),((44,11),2))),((((33,8),(28,30)),4),42)),(63,((67,(58,78)),97))),(((((83,90),64),98),((69,76),88)),(((92,56),((85,86),75)),(((68,71),65),(99,93))))),(((91,59),57),80)),100),((((61,84),62),89),(77,79))),(81,(82,74))),((73,94),66)),95),(72,(87,96))),70),60);
Current score: 2.2168e+09
Current tree: ((87,(72,((((((((((((((((((((19,((52,(23,46)),5)),53),15),(50,39)),((((1,41),14),((27,7),54)),(3,18))),(((26,48),47),(((29,22),(21,43)),17))),(((20,12),(13,31)),(16,32))),(((((24,51),(((35,45),34),(6,37))),38),((36,49),40)),9)),10),((25,55),((44,11),2))),((((33,8),(28,30)),4),42)),(63,((67,(58,78)),97))),(((((83,90),64),98),((69,76),88)),(((92,56),((85,86),75)),(((68,71),65),(99,93))))),(((91,59),57),80)),100),((((61,84),62),89),(77,79))),(81,(82,74))),((73,94),66)),95),(70,60)))),96);
Final Tree: ((87,(72,((((((((((((((((((((19,((52,(23,46)),5)),53),15),(50,39)),((((1,41),14),((27,7),54)),(3,18))),(((26,48),47),(((29,22),(21,43)),17))),(((20,12),(13,31)),(16,32))),(((((24,51),(((35,45),34),(6,37))),38),((36,49),40)),9)),10),((25,55),((44,11),2))),((((33,8),(28,30)),4),42)),(63,((67,(58,78)),97))),(((((83,90),64),98),((69,76),88)),(((92,56),((85,86),75)),(((68,71),65),(99,93))))),(((91,59),57),80)),100),((((61,84),62),89),(77,79))),(81,(82,74))),((73,94),66)),95),(70,60)))),96);
#EqQuartets: 2294985241
Score: 2216799381
ASTRAL for PaRalogs and Orthologs III (ASTRAL-Pro3)
*** NOW with integrated CASTLES-Pro ***
Version: v1.22.3.6
Read 512 genetrees and found 100 species.
#Genetrees: 1000
#Duploss: 6247
#Species: 100
#Rounds: 4
#Samples: 4
#Threads: 1
Use two-step algorithm!
Guide Tree 0/16
#NNI moves:0/152
Guide Tree 1/16
#NNI moves:0/152
Guide Tree 2/16
#NNI moves:0/152
Guide Tree 3/16
#NNI moves:0/152
Guide Tree 4/16
#NNI moves:0/152
Guide Tree 5/16
#NNI moves:0/152
Guide Tree 6/16
#NNI moves:0/152
Guide Tree 7/16
#NNI moves:0/152
Guide Tree 8/16
#NNI moves:0/152
Guide Tree 9/16
#NNI moves:0/152
Guide Tree 10/16
#NNI moves:0/152
Guide Tree 11/16
#NNI moves:0/152
Guide Tree 12/16
#NNI moves:0/152
Guide Tree 13/16
#NNI moves:0/152
Guide Tree 14/16
#NNI moves:0/152
Guide Tree 15/16
#NNI moves:0/152
Remaining: 0
#NNI moves:0/152
#NNI moves:0/152
(((((((((((((97,94),91),((75,72),99)),(((82,73),(87,81)),((76,80),89))),((78,(86,96)),(92,90))),((((71,85),((83,100),95)),(93,(74,88))),(((77,98),84),79))),((((((56,42),20),((13,34),26)),(10,28)),50),((((((12,((16,30),62)),(18,(1,49))),(68,(54,(52,60)))),((((39,17),5),(11,19)),((45,69),36))),2),61))),(((46,63),48),((35,(65,27)),47))),((44,43),41)),(((((((((22,(57,8)),21),9),((53,51),31)),((15,(25,67)),((37,3),33))),(((55,24),6),4)),(23,32)),((70,14),66)),40)),(29,(58,64))),(38,7)),59);
Guide Tree 0/16
#NNI moves:0/152
Guide Tree 1/16
#NNI moves:0/152
Guide Tree 2/16
#NNI moves:0/152
Guide Tree 3/16
#NNI moves:0/152
Guide Tree 4/16
#NNI moves:0/152
Guide Tree 5/16
#NNI moves:0/152
Guide Tree 6/16
#NNI moves:0/152
Guide Tree 7/16
#NNI moves:0/152
Guide Tree 8/16
#NNI moves:0/152
Guide Tree 9/16
#NNI moves:0/152
Guide Tree 10/16
#NNI moves:0/152
Guide Tree 11/16
#NNI moves:0/152
Guide Tree 12/16
#NNI moves:0/152
Guide Tree 13/16
#NNI moves:0/152
Guide Tree 14/16
#NNI moves:0/152
Guide Tree 15/16
#NNI moves:0/152
Remaining: 0
#NNI moves:0/152
#NNI moves:0/152
(((((((((((((81,87),(82,73)),(89,(80,76))),(((94,97),91),(99,(75,72)))),(((96,86),78),(92,90))),(((84,(77,98)),79),((((100,83),95),(71,85)),((74,88),93)))),((((((56,42),20),((13,34),26)),(10,28)),50),((((((12,(62,(30,16))),(18,(1,49))),(((52,60),54),68)),(((69,45),36),((19,11),((17,39),5)))),2),61))),((((27,65),35),47),((46,63),48))),(41,(43,44))),(((((((31,(51,53)),((((8,57),22),21),9)),(((37,3),33),((67,25),15))),(4,((55,24),6))),(32,23)),((14,70),66)),40)),((64,58),29)),(38,7)),59);
Guide Tree 0/16
#NNI moves:0/152
Guide Tree 1/16
#NNI moves:0/152
Guide Tree 2/16
#NNI moves:0/152
Guide Tree 3/16
#NNI moves:0/152
Guide Tree 4/16
#NNI moves:0/152
Guide Tree 5/16
#NNI moves:0/152
Guide Tree 6/16
#NNI moves:0/152
Guide Tree 7/16
#NNI moves:0/152
Guide Tree 8/16
#NNI moves:0/152
Guide Tree 9/16
#NNI moves:0/152
Guide Tree 10/16
#NNI moves:0/152
Guide Tree 11/16
#NNI moves:0/152
Guide Tree 12/16
#NNI moves:0/152
Guide Tree 13/16
#NNI moves:0/152
Guide Tree 14/16
#NNI moves:0/152
Guide Tree 15/16
#NNI moves:0/152
Remaining: 0
#NNI moves:0/152
#NNI moves:0/152
((((((((((((((11,19),(5,(17,39))),(36,(69,45))),(((12,((30,16),62)),((1,49),18)),((54,(60,52)),68))),2),61),((((20,(56,42)),((34,13),26)),(28,10)),50)),(((79,(84,(77,98))),(((88,74),93),((85,71),(95,(83,100))))),(((((94,97),91),((75,72),99)),(((81,87),(82,73)),(89,(76,80)))),((78,(86,96)),(92,90))))),((47,((65,27),35)),((46,63),48))),((44,43),41)),(((((((31,(53,51)),(((22,(8,57)),21),9)),(((25,67),15),((3,37),33))),(((24,55),6),4)),(23,32)),((14,70),66)),40)),((64,58),29)),(38,7)),59);
Guide Tree 0/16
#NNI moves:0/152
Guide Tree 1/16
#NNI moves:0/152
Guide Tree 2/16
#NNI moves:0/152
Guide Tree 3/16
#NNI moves:0/152
Guide Tree 4/16
#NNI moves:0/152
Guide Tree 5/16
#NNI moves:0/152
Guide Tree 6/16
#NNI moves:0/152
Guide Tree 7/16
#NNI moves:0/152
Guide Tree 8/16
#NNI moves:0/152
Guide Tree 9/16
#NNI moves:0/152
Guide Tree 10/16
#NNI moves:0/152
Guide Tree 11/16
#NNI moves:0/152
Guide Tree 12/16
#NNI moves:0/152
Guide Tree 13/16
#NNI moves:0/152
Guide Tree 14/16
#NNI moves:0/152
Guide Tree 15/16
#NNI moves:0/152
Remaining: 0
#NNI moves:0/152
#NNI moves:0/152
(((((((((((((87,81),(82,73)),((76,80),89)),((91,(94,97)),((72,75),99))),((90,92),(78,(86,96)))),(((((100,83),95),(71,85)),(93,(74,88))),((84,(98,77)),79))),((((((((1,49),18),(((16,30),62),12)),(((60,52),54),68)),(((69,45),36),(((39,17),5),(19,11)))),2),61),(((((34,13),26),((56,42),20)),(10,28)),50))),((((65,27),35),47),((46,63),48))),((43,44),41)),((((((((((8,57),22),21),9),((51,53),31)),(((67,25),15),(33,(37,3)))),((6,(24,55)),4)),(23,32)),(66,(70,14))),40)),(29,(64,58))),(7,38)),59);
Initial score: 2.20856e+09
Initial tree: (((((((((((((87,81),(82,73)),((76,80),89)),((91,(94,97)),((72,75),99))),((90,92),(78,(86,96)))),(((((100,83),95),(71,85)),(93,(74,88))),((84,(98,77)),79))),((((((((1,49),18),(((16,30),62),12)),(((60,52),54),68)),(((69,45),36),(((39,17),5),(19,11)))),2),61),(((((34,13),26),((56,42),20)),(10,28)),50))),((((65,27),35),47),((46,63),48))),((43,44),41)),((((((((((8,57),22),21),9),((51,53),31)),(((67,25),15),(33,(37,3)))),((6,(24,55)),4)),(23,32)),(66,(70,14))),40)),(29,(64,58))),(7,38)),59);
*** Subsample Process ***
Use two-step algorithm!
#NNI moves:0/152
Remaining: 0
#NNI moves:0/152
#NNI moves:0/152
((((((((((((((((1,49),18),(((16,30),62),12)),((54,(60,52)),68)),((36,(69,45)),((5,(17,39)),(19,11)))),2),61),(((((13,34),26),((42,56),20)),(10,28)),50)),((((((((((((22,(57,8)),21),9),((51,53),31)),((15,(67,25)),((3,37),33))),(((24,55),6),4)),(23,32)),((70,14),66)),40),((29,(64,58)),((7,38),59))),((43,44),41)),(((63,46),48),(((65,27),35),47)))),((((77,98),84),79),(((74,88),93),((85,71),(95,(83,100)))))),((92,90),(78,(96,86)))),((91,(94,97)),((75,72),99))),((73,82),(81,87))),89),80),76);
#NNI moves:0/152
Remaining: 0
#NNI moves:0/152
#NNI moves:0/152
((((((((((((91,(97,94)),((72,75),99)),(((80,76),89),((81,87),(82,73)))),((90,92),((96,86),78))),((((95,(100,83)),(85,71)),(93,(74,88))),(((77,98),84),79))),(((((((18,(1,49)),(12,((16,30),62))),((54,(60,52)),68)),((36,(69,45)),((11,19),(5,(39,17))))),2),61),(((((34,13),26),((56,42),20)),(28,10)),50))),(((35,(65,27)),47),((46,63),48))),(41,(44,43))),(((((((15,(25,67)),((37,3),33)),(((((57,8),22),21),9),(31,(53,51)))),(((55,24),6),4)),(23,32)),(66,(14,70))),40)),((38,7),59)),(58,64)),29);
#NNI moves:0/152
Remaining: 0
#NNI moves:0/152
#NNI moves:0/152
((((((((((((((((1,49),18),(((16,30),62),12)),(((52,60),54),68)),((((17,39),5),(11,19)),(36,(45,69)))),2),61),(((((13,34),26),((56,42),20)),(28,10)),50)),((((((80,76),89),((82,73),(81,87))),((91,(97,94)),((72,75),99))),(((86,96),78),(90,92))),((((77,98),84),79),(((74,88),93),((95,(100,83)),(71,85)))))),((((27,65),35),47),((63,46),48))),((44,43),41)),((((((((21,((8,57),22)),9),((51,53),31)),(((3,37),33),((25,67),15))),((6,(55,24)),4)),(23,32)),(66,(14,70))),40)),((64,58),29)),59),7),38);
#NNI moves:0/152
Remaining: 0
#NNI moves:0/152
#NNI moves:0/152
(((((((((((((((((87,81),(73,82)),((76,80),89)),((99,(75,72)),((97,94),91))),((78,(86,96)),(92,90))),((((88,74),93),((85,71),((83,100),95))),(((98,77),84),79))),((((((((((((22,(8,57)),21),9),(31,(53,51))),(((25,67),15),(33,(3,37)))),(((24,55),6),4)),(23,32)),(66,(70,14))),40),(((38,7),59),((64,58),29))),((43,44),41)),((((65,27),35),47),((46,63),48)))),(((((13,34),26),(20,(42,56))),(10,28)),50)),61),2),((((39,17),5),(19,11)),((45,69),36))),((54,(52,60)),68)),(18,(49,1))),12),62),30),16);
Current score: 2.20856e+09
Current tree: (((38,7),(((64,58),29),((((((((((22,(8,57)),21),9),(31,(53,51))),(((25,67),15),(33,(3,37)))),(((24,55),6),4)),(23,32)),(66,(70,14))),40),(((43,44),41),(((((65,27),35),47),((46,63),48)),(((((((87,81),(73,82)),((76,80),89)),((99,(75,72)),((97,94),91))),((78,(86,96)),(92,90))),((((88,74),93),((85,71),((83,100),95))),(((98,77),84),79))),((((((13,34),26),(20,(42,56))),(10,28)),50),(61,(2,(((((39,17),5),(19,11)),((45,69),36)),(((54,(52,60)),68),((18,(49,1)),(12,(62,(30,16))))))))))))))),59);
Final Tree: (((38,7),(((64,58),29),((((((((((22,(8,57)),21),9),(31,(53,51))),(((25,67),15),(33,(3,37)))),(((24,55),6),4)),(23,32)),(66,(70,14))),40),(((43,44),41),(((((65,27),35),47),((46,63),48)),(((((((87,81),(73,82)),((76,80),89)),((99,(75,72)),((97,94),91))),((78,(86,96)),(92,90))),((((88,74),93),((85,71),((83,100),95))),(((98,77),84),79))),((((((13,34),26),(20,(42,56))),(10,28)),50),(61,(2,(((((39,17),5),(19,11)),((45,69),36)),(((54,(52,60)),68),((18,(49,1)),(12,(62,(30,16))))))))))))))),59);
#EqQuartets: 2250232324
Score: 2208555012
ASTRAL for PaRalogs and Orthologs III (ASTRAL-Pro3)
*** NOW with integrated CASTLES-Pro ***
Version: v1.22.3.6
Read 512 genetrees and found 100 species.
#Genetrees: 1000
#Duploss: 6336
#Species: 100
#Rounds: 4
#Samples: 4
#Threads: 1
Use two-step algorithm!
Guide Tree 0/16
#NNI moves:0/152
Guide Tree 1/16
#NNI moves:0/152
Guide Tree 2/16
#NNI moves:0/152
Guide Tree 3/16
#NNI moves:0/152
Guide Tree 4/16
#NNI moves:0/152
Guide Tree 5/16
#NNI moves:0/152
Guide Tree 6/16
#NNI moves:0/152
Guide Tree 7/16
#NNI moves:0/152
Guide Tree 8/16
#NNI moves:0/152
Guide Tree 9/16
#NNI moves:0/152
Guide Tree 10/16
#NNI moves:0/152
Guide Tree 11/16
#NNI moves:0/152
Guide Tree 12/16
#NNI moves:0/152
Guide Tree 13/16
#NNI moves:0/152
Guide Tree 14/16
#NNI moves:0/152
Guide Tree 15/16
#NNI moves:0/152
Remaining: 0
#NNI moves:2/152
#NNI moves:2/152
((((((((((((22,8),38),((52,11),14)),34),(44,((66,12),33))),(((((((29,31),64),69),(37,32)),(27,21)),(73,25)),((((((55,72),71),70),19),(((49,45),48),57)),9))),(((((36,1),(35,(50,62))),(3,61)),(42,(28,5))),(((18,56),((30,7),10)),58))),(((((((77,(83,93)),100),94),((79,((((98,82),89),91),(78,88))),90)),(95,(76,97))),((80,84),(86,87))),((((99,96),85),92),81))),((((((40,51),26),(4,43)),((16,2),((63,74),67))),(15,13)),(24,65))),((((((39,41),53),(59,23)),(46,47)),20),(54,17))),((68,6),75)),60);
Guide Tree 0/16
#NNI moves:0/152
Guide Tree 1/16
#NNI moves:0/152
Guide Tree 2/16
#NNI moves:0/152
Guide Tree 3/16
#NNI moves:0/152
Guide Tree 4/16
#NNI moves:0/152
Guide Tree 5/16
#NNI moves:0/152
Guide Tree 6/16
#NNI moves:0/152
Guide Tree 7/16
#NNI moves:0/152
Guide Tree 8/16
#NNI moves:0/152
Guide Tree 9/16
#NNI moves:0/152
Guide Tree 10/16
#NNI moves:0/152
Guide Tree 11/16
#NNI moves:0/152
Guide Tree 12/16
#NNI moves:0/152
Guide Tree 13/16
#NNI moves:0/152
Guide Tree 14/16
#NNI moves:0/152
Guide Tree 15/16
#NNI moves:0/152
Remaining: 0
#NNI moves:0/152
#NNI moves:0/152
((((((((((((11,52),14),((8,22),38)),34),((33,(12,66)),44)),(((((((29,31),64),69),(32,37)),(21,27)),(25,73)),(((((71,(72,55)),70),19),((48,(49,45)),57)),9))),(((((36,1),((62,50),35)),(61,3)),((28,5),42)),(58,(((30,7),10),(18,56))))),(((((97,76),95),(((100,((93,83),77)),94),(90,(((78,88),(91,(89,(98,82)))),79)))),((87,86),(84,80))),((((99,96),85),92),81))),(((((67,(74,63)),(2,16)),(((40,51),26),(43,4))),(15,13)),(24,65))),(((((53,(41,39)),(59,23)),(46,47)),20),(54,17))),((68,6),75)),60);
Guide Tree 0/16
#NNI moves:0/152
Guide Tree 1/16
#NNI moves:0/152
Guide Tree 2/16
#NNI moves:0/152
Guide Tree 3/16
#NNI moves:0/152
Guide Tree 4/16
#NNI moves:0/152
Guide Tree 5/16
#NNI moves:0/152
Guide Tree 6/16
#NNI moves:0/152
Guide Tree 7/16
#NNI moves:0/152
Guide Tree 8/16
#NNI moves:0/152
Guide Tree 9/16
#NNI moves:0/152
Guide Tree 10/16
#NNI moves:0/152
Guide Tree 11/16
#NNI moves:0/152
Guide Tree 12/16
#NNI moves:0/152
Guide Tree 13/16
#NNI moves:0/152
Guide Tree 14/16
#NNI moves:0/152
Guide Tree 15/16
#NNI moves:0/152
Remaining: 0
#NNI moves:8/152
#NNI moves:8/152
(((((((((((27,21),((69,((31,29),64)),(32,37))),(73,25)),((((((72,55),71),70),19),(((49,45),48),57)),9)),(((((8,22),38),((11,52),14)),34),((33,(66,12)),44))),((((28,5),42),(((1,36),(35,(50,62))),(61,3))),(((18,56),(10,(30,7))),58))),(((((99,96),85),92),81),(((87,86),(84,80)),(((((((89,(82,98)),91),(88,78)),79),90),(((77,(83,93)),100),94)),((97,76),95))))),((((((63,74),67),(2,16)),((43,4),(26,(51,40)))),(13,15)),(24,65))),(((((53,(39,41)),(59,23)),(47,46)),20),(17,54))),((68,6),75)),60);
Guide Tree 0/16
#NNI moves:0/152
Guide Tree 1/16
#NNI moves:0/152
Guide Tree 2/16
#NNI moves:0/152
Guide Tree 3/16
#NNI moves:0/152
Guide Tree 4/16
#NNI moves:0/152
Guide Tree 5/16
#NNI moves:0/152
Guide Tree 6/16
#NNI moves:0/152
Guide Tree 7/16
#NNI moves:0/152
Guide Tree 8/16
#NNI moves:0/152
Guide Tree 9/16
#NNI moves:0/152
Guide Tree 10/16
#NNI moves:0/152
Guide Tree 11/16
#NNI moves:0/152
Guide Tree 12/16
#NNI moves:0/152
Guide Tree 13/16
#NNI moves:0/152
Guide Tree 14/16
#NNI moves:0/152
Guide Tree 15/16
#NNI moves:0/152
Remaining: 0
#NNI moves:0/152
#NNI moves:0/152
(((((((((((14,(11,52)),((8,22),38)),34),(((66,12),33),44)),((((((45,49),48),57),(((71,(55,72)),70),19)),9),((((((31,29),64),69),(37,32)),(27,21)),(25,73)))),((((5,28),42),((((50,62),35),(36,1)),(3,61))),((((7,30),10),(18,56)),58))),((((((((88,78),(91,(89,(82,98)))),79),90),(((77,(83,93)),100),94)),((97,76),95)),((80,84),(87,86))),((92,((96,99),85)),81))),(((((26,(51,40)),(43,4)),(((74,63),67),(16,2))),(15,13)),(24,65))),(((((59,23),((41,39),53)),(47,46)),20),(17,54))),((68,6),75)),60);
Initial score: 2.1573e+09
Initial tree: (((((((((((14,(11,52)),((8,22),38)),34),(((66,12),33),44)),((((((45,49),48),57),(((71,(55,72)),70),19)),9),((((((31,29),64),69),(37,32)),(27,21)),(25,73)))),((((5,28),42),((((50,62),35),(36,1)),(3,61))),((((7,30),10),(18,56)),58))),((((((((88,78),(91,(89,(82,98)))),79),90),(((77,(83,93)),100),94)),((97,76),95)),((80,84),(87,86))),((92,((96,99),85)),81))),(((((26,(51,40)),(43,4)),(((74,63),67),(16,2))),(15,13)),(24,65))),(((((59,23),((41,39),53)),(47,46)),20),(17,54))),((68,6),75)),60);
*** Subsample Process ***
Use two-step algorithm!
#NNI moves:0/152
Remaining: 0
#NNI moves:0/152
#NNI moves:0/152
(((((((((((90,(((91,((82,98),89)),(88,78)),79)),(((77,(93,83)),100),94)),(95,(76,97))),((86,87),(84,80))),((92,((96,99),85)),81)),((((((43,4),((40,51),26)),((16,2),(67,(74,63)))),(13,15)),(24,65)),((((68,6),75),60),((((47,46),((59,23),((41,39),53))),20),(17,54))))),((((10,(30,7)),(56,18)),58),(((5,28),42),(((1,36),((50,62),35)),(61,3))))),(((((((29,31),64),69),(32,37)),(21,27)),(25,73)),((((((72,55),71),70),19),(57,((49,45),48))),9))),(((66,12),33),44)),((38,(8,22)),((11,52),14))),34);
#NNI moves:0/152
Remaining: 0
#NNI moves:4/152
#NNI moves:4/152
(((((((((((((1,36),((62,50),35)),(3,61)),((28,5),42)),((((7,30),10),(18,56)),58)),((((((((31,29),64),69),(37,32)),(27,21)),(25,73)),(((57,((49,45),48)),((((72,55),71),70),19)),9)),((((12,66),33),44),(34,(((11,52),14),((22,8),38)))))),((((((((88,78),(((82,98),89),91)),79),90),(94,(((93,83),77),100))),(95,(76,97))),((86,87),(80,84))),((((99,96),85),92),81))),((((((40,51),26),(43,4)),((16,2),(67,(63,74)))),(15,13)),(65,24))),((((46,47),((53,(39,41)),(23,59))),20),(54,17))),60),75),6),68);
#NNI moves:0/152
Remaining: 0
#NNI moves:0/152
#NNI moves:0/152
(((((((((((((((51,40),26),(43,4)),((2,16),((63,74),67))),(13,15)),(65,24)),(((54,17),(20,((46,47),(((41,39),53),(59,23))))),((75,(68,6)),60))),((((((((83,93),77),100),94),((((91,((82,98),89)),(88,78)),79),90)),(95,(97,76))),((80,84),(86,87))),((92,((96,99),85)),81))),((((((48,(49,45)),57),((((55,72),71),70),19)),9),((((((29,31),64),69),(32,37)),(27,21)),(25,73))),((((12,66),33),44),(34,(((22,8),38),((52,11),14)))))),((((7,30),10),(18,56)),58)),((5,28),42)),(61,3)),(35,(50,62))),36),1);
#NNI moves:0/152
Remaining: 0
#NNI moves:0/152
#NNI moves:0/152
(((((((((((((((29,31),64),69),(37,32)),(21,27)),(73,25)),(((((49,45),48),57),(19,(((55,72),71),70))),9)),((((14,(11,52)),((22,8),38)),34),(((66,12),33),44))),((((5,28),42),((3,61),(((50,62),35),(1,36)))),((((7,30),10),(18,56)),58))),(((((((77,(83,93)),100),94),(((((89,(98,82)),91),(78,88)),79),90)),((76,97),95)),((80,84),(86,87))),((((96,99),85),92),81))),((24,65),(((((63,74),67),(16,2)),((43,4),((51,40),26))),(15,13)))),(((6,68),75),60)),((((23,59),(53,(39,41))),(47,46)),20)),17),54);
Current score: 2.1573e+09
Current tree: ((((6,68),75),((((((((((((29,31),64),69),(37,32)),(21,27)),(73,25)),(((((49,45),48),57),(19,(((55,72),71),70))),9)),((((14,(11,52)),((22,8),38)),34),(((66,12),33),44))),((((5,28),42),((3,61),(((50,62),35),(1,36)))),((((7,30),10),(18,56)),58))),(((((((77,(83,93)),100),94),(((((89,(98,82)),91),(78,88)),79),90)),((76,97),95)),((80,84),(86,87))),((((96,99),85),92),81))),((24,65),(((((63,74),67),(16,2)),((43,4),((51,40),26))),(15,13)))),(((((23,59),(53,(39,41))),(47,46)),20),(17,54)))),60);
Final Tree: ((((6,68),75),((((((((((((29,31),64),69),(37,32)),(21,27)),(73,25)),(((((49,45),48),57),(19,(((55,72),71),70))),9)),((((14,(11,52)),((22,8),38)),34),(((66,12),33),44))),((((5,28),42),((3,61),(((50,62),35),(1,36)))),((((7,30),10),(18,56)),58))),(((((((77,(83,93)),100),94),(((((89,(98,82)),91),(78,88)),79),90)),((76,97),95)),((80,84),(86,87))),((((96,99),85),92),81))),((24,65),(((((63,74),67),(16,2)),((43,4),((51,40),26))),(15,13)))),(((((23,59),(53,(39,41))),(47,46)),20),(17,54)))),60);
#EqQuartets: 2310476291
Score: 2157295267
ASTRAL for PaRalogs and Orthologs III (ASTRAL-Pro3)
*** NOW with integrated CASTLES-Pro ***
Version: v1.22.3.6
Read 512 genetrees and found 100 species.
#Genetrees: 1000
#Duploss: 7018
#Species: 100
#Rounds: 4
#Samples: 4
#Threads: 1
Use two-step algorithm!
Guide Tree 0/16
#NNI moves:0/152
Guide Tree 1/16
#NNI moves:0/152
Guide Tree 2/16
#NNI moves:0/152
Guide Tree 3/16
#NNI moves:0/152
Guide Tree 4/16
#NNI moves:0/152
Guide Tree 5/16
#NNI moves:0/152
Guide Tree 6/16
#NNI moves:0/152
Guide Tree 7/16
#NNI moves:0/152
Guide Tree 8/16
#NNI moves:0/152
Guide Tree 9/16
#NNI moves:0/152
Guide Tree 10/16
#NNI moves:0/152
Guide Tree 11/16
#NNI moves:0/152
Guide Tree 12/16
#NNI moves:0/152
Guide Tree 13/16
#NNI moves:0/152
Guide Tree 14/16
#NNI moves:0/152
Guide Tree 15/16
#NNI moves:0/152
Remaining: 0
#NNI moves:0/152
#NNI moves:0/152
((((((((((((((((74,(97,78)),96),88),95),(84,((77,(82,100)),93))),(81,83)),((86,99),((90,79),92))),(((76,(80,75)),((72,94),73)),(98,87))),((91,85),89)),((((((((67,(23,24)),(43,61)),((63,45),((40,59),35))),((((66,46),(1,13)),7),(70,29))),(37,(6,38))),41),(((((((69,53),58),(((((((8,9),68),(56,57)),(33,(11,42))),47),((31,16),(44,20))),(62,(39,60)))),71),32),((((((49,5),55),50),15),(54,14)),(28,(51,25)))),(30,(12,(3,48))))),65)),26),17),(((((10,((52,27),34)),64),19),(4,21)),2)),18),36),22);
Guide Tree 0/16
#NNI moves:0/152
Guide Tree 1/16
#NNI moves:0/152
Guide Tree 2/16
#NNI moves:0/152
Guide Tree 3/16
#NNI moves:0/152
Guide Tree 4/16
#NNI moves:0/152
Guide Tree 5/16
#NNI moves:0/152
Guide Tree 6/16
#NNI moves:0/152
Guide Tree 7/16
#NNI moves:0/152
Guide Tree 8/16
#NNI moves:0/152
Guide Tree 9/16
#NNI moves:0/152
Guide Tree 10/16
#NNI moves:0/152
Guide Tree 11/16
#NNI moves:0/152
Guide Tree 12/16
#NNI moves:0/152
Guide Tree 13/16
#NNI moves:0/152
Guide Tree 14/16
#NNI moves:0/152
Guide Tree 15/16
#NNI moves:0/152
Remaining: 0
#NNI moves:2/152
#NNI moves:2/152
((((((((((((((((((44,20),(16,31)),((((57,56),((9,8),68)),((42,11),33)),47)),((39,60),62)),(58,(69,53))),71),32),((((((49,5),55),50),15),(14,54)),((51,25),28))),(((3,48),12),30)),((((((67,(24,23)),(61,43)),((63,45),((40,59),35))),((((13,1),(46,66)),7),(29,70))),((38,6),37)),41)),65),(((((73,(94,72)),((80,75),76)),(87,98)),((((95,((96,(74,(78,97))),88)),((93,(77,(82,100))),84)),(81,83)),((99,86),((79,90),92)))),((91,85),89))),26),17),(((((((27,52),34),10),64),19),(4,21)),2)),18),36),22);
Guide Tree 0/16
#NNI moves:0/152
Guide Tree 1/16
#NNI moves:0/152
Guide Tree 2/16
#NNI moves:0/152
Guide Tree 3/16
#NNI moves:0/152
Guide Tree 4/16
#NNI moves:0/152
Guide Tree 5/16
#NNI moves:0/152
Guide Tree 6/16
#NNI moves:0/152
Guide Tree 7/16
#NNI moves:0/152
Guide Tree 8/16
#NNI moves:0/152
Guide Tree 9/16
#NNI moves:0/152
Guide Tree 10/16
#NNI moves:0/152
Guide Tree 11/16
#NNI moves:0/152
Guide Tree 12/16
#NNI moves:0/152
Guide Tree 13/16
#NNI moves:0/152
Guide Tree 14/16
#NNI moves:0/152
Guide Tree 15/16
#NNI moves:0/152
Remaining: 0
#NNI moves:0/152
#NNI moves:0/152
((((((((((((((((66,46),(13,1)),7),(70,29)),(((43,61),((23,24),67)),(((59,40),35),(45,63)))),((6,38),37)),41),((((((((49,5),55),50),15),(54,14)),((51,25),28)),(((((((20,44),(16,31)),((((68,(8,9)),(57,56)),(33,(11,42))),47)),((39,60),62)),((69,53),58)),71),32)),(30,(12,(48,3))))),65),((((((72,94),73),((75,80),76)),(98,87)),(((83,81),((84,(((100,82),77),93)),(((96,((97,78),74)),88),95))),((92,(90,79)),(99,86)))),((91,85),89))),26),17),(((((((27,52),34),10),64),19),(4,21)),2)),18),36),22);
Guide Tree 0/16
#NNI moves:0/152
Guide Tree 1/16
#NNI moves:0/152
Guide Tree 2/16
#NNI moves:0/152
Guide Tree 3/16
#NNI moves:0/152
Guide Tree 4/16
#NNI moves:0/152
Guide Tree 5/16
#NNI moves:0/152
Guide Tree 6/16
#NNI moves:0/152
Guide Tree 7/16
#NNI moves:0/152
Guide Tree 8/16
#NNI moves:0/152
Guide Tree 9/16
#NNI moves:0/152
Guide Tree 10/16
#NNI moves:0/152
Guide Tree 11/16
#NNI moves:0/152
Guide Tree 12/16
#NNI moves:0/152
Guide Tree 13/16
#NNI moves:0/152
Guide Tree 14/16
#NNI moves:0/152
Guide Tree 15/16
#NNI moves:0/152
Remaining: 0
#NNI moves:0/152
#NNI moves:0/152
(((((((((((((((((60,39),62),(((((56,57),((8,9),68)),((11,42),33)),47),((44,20),(31,16)))),((69,53),58)),71),32),((((((5,49),55),50),15),(54,14)),((25,51),28))),(30,((48,3),12))),(41,((37,(6,38)),(((((13,1),(46,66)),7),(29,70)),(((45,63),((40,59),35)),((67,(23,24)),(61,43))))))),65),(((((92,(90,79)),(86,99)),((((88,((74,(78,97)),96)),95),((((82,100),77),93),84)),(83,81))),((((94,72),73),(76,(80,75))),(87,98))),((85,91),89))),26),17),(((((((52,27),34),10),64),19),(21,4)),2)),18),36),22);
Initial score: 2.31539e+09
Initial tree: (((((((((((((((((60,39),62),(((((56,57),((8,9),68)),((11,42),33)),47),((44,20),(31,16)))),((69,53),58)),71),32),((((((5,49),55),50),15),(54,14)),((25,51),28))),(30,((48,3),12))),(41,((37,(6,38)),(((((13,1),(46,66)),7),(29,70)),(((45,63),((40,59),35)),((67,(23,24)),(61,43))))))),65),(((((92,(90,79)),(86,99)),((((88,((74,(78,97)),96)),95),((((82,100),77),93),84)),(83,81))),((((94,72),73),(76,(80,75))),(87,98))),((85,91),89))),26),17),(((((((52,27),34),10),64),19),(21,4)),2)),18),36),22);
*** Subsample Process ***
Use two-step algorithm!
#NNI moves:0/152
Remaining: 0
#NNI moves:0/152
#NNI moves:0/152
(((((((((((((((((((88,(96,((97,78),74))),95),((((100,82),77),93),84)),(83,81)),(((90,79),92),(99,86))),(((76,(75,80)),(73,(94,72))),(98,87))),((85,91),89)),(26,((((36,22),18),(((21,4),(((((52,27),34),10),64),19)),2)),17))),65),(((((7,((46,66),(13,1))),(70,29)),(((63,45),(35,(40,59))),(((23,24),67),(61,43)))),((38,6),37)),41)),(30,(12,(3,48)))),((((((5,49),55),50),15),(54,14)),((51,25),28))),32),71),((69,53),58)),((((33,(11,42)),(((9,8),68),(57,56))),47),((16,31),(20,44)))),62),60),39);
#NNI moves:0/152
Remaining: 0
#NNI moves:2/152
#NNI moves:2/152
((((((((((((((((((((42,11),33),((57,56),((8,9),68))),47),((16,31),(20,44))),(62,(60,39))),(58,(53,69))),71),32),((((((49,5),55),50),15),(54,14)),((51,25),28))),(30,((48,3),12))),(((((((23,24),67),(61,43)),((45,63),((59,40),35))),((7,((66,46),(13,1))),(70,29))),((6,38),37)),41)),65),(((((((((82,100),77),93),84),(((((97,78),74),96),88),95)),(81,83)),(((90,79),92),(86,99))),(((76,(80,75)),(73,(72,94))),(87,98))),(89,(91,85)))),26),17),(2,((((10,((27,52),34)),64),19),(21,4)))),18),22),36);
#NNI moves:0/152
Remaining: 0
#NNI moves:6/152
#NNI moves:6/152
(((((((((((((((((((((90,79),92),(86,99)),((((88,(((78,97),74),96)),95),((((82,100),77),93),84)),(81,83))),((98,87),(((75,80),76),((72,94),73)))),((85,91),89)),((((((((10,((27,52),34)),64),19),(21,4)),2),((22,36),18)),17),26)),65),(((((((23,24),67),(61,43)),((63,45),((59,40),35))),((29,70),(7,((66,46),(1,13))))),((38,6),37)),41)),(30,((48,3),12))),((((((5,49),55),50),15),(14,54)),(28,(51,25)))),32),71),((53,69),58)),((60,39),62)),((31,16),(20,44))),47),(((9,8),68),(57,56))),33),11),42);
#NNI moves:0/152
Remaining: 0
#NNI moves:0/152
#NNI moves:0/152
(((((((((((((((((((((((68,(8,9)),(56,57)),((11,42),33)),47),((31,16),(44,20))),((39,60),62)),((69,53),58)),71),32),(((((55,(5,49)),50),15),(54,14)),((51,25),28))),(((3,48),12),30)),((((((63,45),((40,59),35)),((43,61),((24,23),67))),((((46,66),(1,13)),7),(70,29))),((6,38),37)),41)),65),((((((((((97,78),74),96),88),95),((((82,100),77),93),84)),(83,81)),(((90,79),92),(86,99))),((((72,94),73),((75,80),76)),(87,98))),((85,91),89))),26),17),(18,(36,22))),2),(21,4)),19),64),(34,(27,52))),10);
Current score: 2.31539e+09
Current tree: ((36,(18,(((((((((((((((((68,(8,9)),(56,57)),((11,42),33)),47),((31,16),(44,20))),((39,60),62)),((69,53),58)),71),32),(((((55,(5,49)),50),15),(54,14)),((51,25),28))),(((3,48),12),30)),((((((63,45),((40,59),35)),((43,61),((24,23),67))),((((46,66),(1,13)),7),(70,29))),((6,38),37)),41)),65),((((((((((97,78),74),96),88),95),((((82,100),77),93),84)),(83,81)),(((90,79),92),(86,99))),((((72,94),73),((75,80),76)),(87,98))),((85,91),89))),26),17),(2,((21,4),(19,(64,((34,(27,52)),10)))))))),22);
Final Tree: ((36,(18,(((((((((((((((((68,(8,9)),(56,57)),((11,42),33)),47),((31,16),(44,20))),((39,60),62)),((69,53),58)),71),32),(((((55,(5,49)),50),15),(54,14)),((51,25),28))),(((3,48),12),30)),((((((63,45),((40,59),35)),((43,61),((24,23),67))),((((46,66),(1,13)),7),(70,29))),((6,38),37)),41)),65),((((((((((97,78),74),96),88),95),((((82,100),77),93),84)),(83,81)),(((90,79),92),(86,99))),((((72,94),73),((75,80),76)),(87,98))),((85,91),89))),26),17),(2,((21,4),(19,(64,((34,(27,52)),10)))))))),22);
#EqQuartets: 2396571761
Score: 2315386465
ASTRAL for PaRalogs and Orthologs III (ASTRAL-Pro3)
*** NOW with integrated CASTLES-Pro ***
Version: v1.22.3.6
Read 512 genetrees and found 100 species.
#Genetrees: 1000
#Duploss: 6470
#Species: 100
#Rounds: 4
#Samples: 4
#Threads: 1
Use two-step algorithm!
Guide Tree 0/16
#NNI moves:0/152
Guide Tree 1/16
#NNI moves:0/152
Guide Tree 2/16
#NNI moves:0/152
Guide Tree 3/16
#NNI moves:0/152
Guide Tree 4/16
#NNI moves:0/152
Guide Tree 5/16
#NNI moves:0/152
Guide Tree 6/16
#NNI moves:0/152
Guide Tree 7/16
#NNI moves:0/152
Guide Tree 8/16
#NNI moves:0/152
Guide Tree 9/16
#NNI moves:0/152
Guide Tree 10/16
#NNI moves:0/152
Guide Tree 11/16
#NNI moves:0/152
Guide Tree 12/16
#NNI moves:0/152
Guide Tree 13/16
#NNI moves:0/152
Guide Tree 14/16
#NNI moves:0/152
Guide Tree 15/16
#NNI moves:0/152
Remaining: 0
#NNI moves:0/152
#NNI moves:0/152
((((((((((((((55,93),(67,73)),(60,88)),((((76,(78,81)),(62,77)),(99,83)),82)),84),(69,66)),(51,56)),(((((90,65),(61,74)),98),((58,57),(94,(49,52)))),((((53,46),87),(92,63)),50))),(((((100,71),64),91),59),((75,72),((47,86),((89,95),79))))),((((((48,68),(80,54)),44),(45,70)),(97,96)),85)),((((((((32,30),24),26),(((((40,(35,43)),28),(5,33)),3),((25,34),27))),(((13,(23,16)),39),(((((12,1),6),22),18),(14,4)))),(2,10)),(((11,42),8),9)),36)),((20,29),41)),(((19,(7,(37,21))),(15,17)),31)),38);
Guide Tree 0/16
#NNI moves:0/152
Guide Tree 1/16
#NNI moves:0/152
Guide Tree 2/16
#NNI moves:0/152
Guide Tree 3/16
#NNI moves:0/152
Guide Tree 4/16
#NNI moves:0/152
Guide Tree 5/16
#NNI moves:0/152
Guide Tree 6/16
#NNI moves:0/152
Guide Tree 7/16
#NNI moves:0/152
Guide Tree 8/16
#NNI moves:0/152
Guide Tree 9/16
#NNI moves:0/152
Guide Tree 10/16
#NNI moves:0/152
Guide Tree 11/16
#NNI moves:0/152
Guide Tree 12/16
#NNI moves:0/152
Guide Tree 13/16
#NNI moves:0/152
Guide Tree 14/16
#NNI moves:0/152
Guide Tree 15/16
#NNI moves:0/152
Remaining: 0
#NNI moves:0/152
#NNI moves:0/152
((((((((((((((55,93),(73,67)),(88,60)),(((99,83),(((78,81),76),(62,77))),82)),84),(66,69)),(56,51)),(((((90,65),(74,61)),98),(((49,52),94),(57,58))),(((63,92),((46,53),87)),50))),(((((89,95),79),(86,47)),(75,72)),((((71,100),64),91),59))),((((((48,68),(54,80)),44),(70,45)),(97,96)),85)),(((((((((33,5),(((35,43),40),28)),3),(27,(34,25))),((24,(30,32)),26)),(((4,14),(18,(22,((12,1),6)))),((13,(16,23)),39))),(2,10)),((8,(42,11)),9)),36)),((29,20),41)),(((19,((21,37),7)),(15,17)),31)),38);
Guide Tree 0/16
#NNI moves:0/152
Guide Tree 1/16
#NNI moves:0/152
Guide Tree 2/16
#NNI moves:0/152
Guide Tree 3/16
#NNI moves:0/152
Guide Tree 4/16
#NNI moves:0/152
Guide Tree 5/16
#NNI moves:0/152
Guide Tree 6/16
#NNI moves:0/152
Guide Tree 7/16
#NNI moves:0/152
Guide Tree 8/16
#NNI moves:0/152
Guide Tree 9/16
#NNI moves:0/152
Guide Tree 10/16
#NNI moves:0/152
Guide Tree 11/16
#NNI moves:0/152
Guide Tree 12/16
#NNI moves:0/152
Guide Tree 13/16
#NNI moves:0/152
Guide Tree 14/16
#NNI moves:0/152
Guide Tree 15/16
#NNI moves:0/152
Remaining: 0
#NNI moves:0/152
#NNI moves:0/152
(((((((((((((5,33),(28,((43,35),40))),3),((34,25),27)),(((32,30),24),26)),(((18,(((12,1),6),22)),(4,14)),(39,((23,16),13)))),(10,2)),(9,((11,42),8))),36),((((((((53,46),87),(63,92)),50),((((90,65),(61,74)),98),((57,58),((52,49),94)))),(((66,69),(((((((81,78),76),(77,62)),(83,99)),82),(((55,93),(67,73)),(60,88))),84)),(56,51))),(((((95,89),79),(86,47)),(75,72)),((((71,100),64),91),59))),((((((80,54),(68,48)),44),(45,70)),(96,97)),85))),((29,20),41)),(((((21,37),7),19),(17,15)),31)),38);
Guide Tree 0/16
#NNI moves:0/152
Guide Tree 1/16
#NNI moves:0/152
Guide Tree 2/16
#NNI moves:0/152
Guide Tree 3/16
#NNI moves:0/152
Guide Tree 4/16
#NNI moves:0/152
Guide Tree 5/16
#NNI moves:0/152
Guide Tree 6/16
#NNI moves:0/152
Guide Tree 7/16
#NNI moves:0/152
Guide Tree 8/16
#NNI moves:0/152
Guide Tree 9/16
#NNI moves:0/152
Guide Tree 10/16
#NNI moves:0/152
Guide Tree 11/16
#NNI moves:0/152
Guide Tree 12/16
#NNI moves:0/152
Guide Tree 13/16
#NNI moves:0/152
Guide Tree 14/16
#NNI moves:0/152
Guide Tree 15/16
#NNI moves:0/152
Remaining: 0
#NNI moves:0/152
#NNI moves:0/152
((((((((((((52,49),94),(57,58)),(((61,74),(65,90)),98)),(((63,92),((46,53),87)),50)),(((((((83,99),((76,(78,81)),(77,62))),82),((60,88),((93,55),(73,67)))),84),(69,66)),(51,56))),(((91,((100,71),64)),59),((((89,95),79),(47,86)),(72,75)))),((((((68,48),(54,80)),44),(45,70)),(97,96)),85)),(((((((3,((5,33),((40,(35,43)),28))),((34,25),27)),(((30,32),24),26)),((39,((23,16),13)),((18,(22,((12,1),6))),(14,4)))),(10,2)),(((42,11),8),9)),36)),(41,(20,29))),(31,((17,15),((7,(21,37)),19)))),38);
Initial score: 2.3637e+09
Initial tree: ((((((((((((52,49),94),(57,58)),(((61,74),(65,90)),98)),(((63,92),((46,53),87)),50)),(((((((83,99),((76,(78,81)),(77,62))),82),((60,88),((93,55),(73,67)))),84),(69,66)),(51,56))),(((91,((100,71),64)),59),((((89,95),79),(47,86)),(72,75)))),((((((68,48),(54,80)),44),(45,70)),(97,96)),85)),(((((((3,((5,33),((40,(35,43)),28))),((34,25),27)),(((30,32),24),26)),((39,((23,16),13)),((18,(22,((12,1),6))),(14,4)))),(10,2)),(((42,11),8),9)),36)),(41,(20,29))),(31,((17,15),((7,(21,37)),19)))),38);
*** Subsample Process ***
Use two-step algorithm!
#NNI moves:0/152
Remaining: 0
#NNI moves:0/152
#NNI moves:0/152
(((((((((((((((((((5,33),((40,(43,35)),28)),3),((34,25),27)),(((32,30),24),26)),(((((6,(1,12)),22),18),(14,4)),((13,(23,16)),39))),(10,2)),(((42,11),8),9)),36),((((((7,(21,37)),19),(15,17)),31),38),(41,(29,20)))),((((((48,68),(54,80)),44),(70,45)),(97,96)),85)),(((((100,71),64),91),59),((75,72),((79,(95,89)),(86,47))))),((((((60,88),((67,73),(93,55))),(((((78,81),76),(77,62)),(83,99)),82)),84),(69,66)),(56,51))),(((87,(46,53)),(63,92)),50)),((94,(52,49)),(57,58))),98),(65,90)),74),61);
#NNI moves:0/152
Remaining: 0
#NNI moves:0/152
#NNI moves:0/152
((((((((((((((((((83,99),((77,62),(76,(78,81)))),82),(((67,73),(55,93)),(88,60))),84),(69,66)),(51,56)),((((94,(52,49)),(57,58)),(((90,65),(61,74)),98)),(50,(((53,46),87),(63,92))))),((((64,(71,100)),91),59),(((79,(95,89)),(47,86)),(75,72)))),((((((68,48),(54,80)),44),(45,70)),(96,97)),85)),(((((((13,(23,16)),39),(((22,((12,1),6)),18),(4,14))),((((((40,(35,43)),28),(5,33)),3),((25,34),27)),(((30,32),24),26))),(2,10)),((8,(11,42)),9)),36)),((29,20),41)),38),31),(15,17)),19),(37,21)),7);
#NNI moves:0/152
Remaining: 0
#NNI moves:0/152
#NNI moves:0/152
((((((((((((((((((((23,16),13),39),(((22,(6,(12,1))),18),(4,14))),(((27,(34,25)),(((((43,35),40),28),(33,5)),3)),(26,((30,32),24)))),(2,10)),(((11,42),8),9)),36),(((((19,((21,37),7)),(15,17)),31),38),(41,(29,20)))),((((((48,68),(54,80)),44),(45,70)),(96,97)),85)),((((64,(100,71)),91),59),(((47,86),(79,(95,89))),(75,72)))),(((((61,74),(65,90)),98),(((49,52),94),(58,57))),(50,(((53,46),87),(92,63))))),(51,56)),(69,66)),84),(82,((((78,81),76),(77,62)),(83,99)))),(60,88)),(67,73)),55),93);
#NNI moves:0/152
Remaining: 0
#NNI moves:0/152
#NNI moves:0/152
(((((((((((((((65,90),(61,74)),98),((57,58),(94,(49,52)))),((((46,53),87),(92,63)),50)),((((((60,88),((73,67),(93,55))),(((((81,78),76),(62,77)),(99,83)),82)),84),(66,69)),(51,56))),(((91,((71,100),64)),59),((72,75),((47,86),(79,(89,95)))))),((((((48,68),(80,54)),44),(70,45)),(97,96)),85)),((((((((34,25),27),(((28,((43,35),40)),(5,33)),3)),(((32,30),24),26)),((((22,((12,1),6)),18),(14,4)),(((23,16),13),39))),(10,2)),(9,((42,11),8))),36)),((29,20),41)),38),31),(17,15)),((21,37),7)),19);
Current score: 2.3637e+09
Current tree: ((((((((((((65,90),(61,74)),98),((57,58),(94,(49,52)))),((((46,53),87),(92,63)),50)),((((((60,88),((73,67),(93,55))),(((((81,78),76),(62,77)),(99,83)),82)),84),(66,69)),(51,56))),(((91,((71,100),64)),59),((72,75),((47,86),(79,(89,95)))))),((((((48,68),(80,54)),44),(70,45)),(97,96)),85)),((((((((34,25),27),(((28,((43,35),40)),(5,33)),3)),(((32,30),24),26)),((((22,((12,1),6)),18),(14,4)),(((23,16),13),39))),(10,2)),(9,((42,11),8))),36)),((29,20),41)),(31,((17,15),(((21,37),7),19)))),38);
Final Tree: ((((((((((((65,90),(61,74)),98),((57,58),(94,(49,52)))),((((46,53),87),(92,63)),50)),((((((60,88),((73,67),(93,55))),(((((81,78),76),(62,77)),(99,83)),82)),84),(66,69)),(51,56))),(((91,((71,100),64)),59),((72,75),((47,86),(79,(89,95)))))),((((((48,68),(80,54)),44),(70,45)),(97,96)),85)),((((((((34,25),27),(((28,((43,35),40)),(5,33)),3)),(((32,30),24),26)),((((22,((12,1),6)),18),(14,4)),(((23,16),13),39))),(10,2)),(9,((42,11),8))),36)),((29,20),41)),(31,((17,15),(((21,37),7),19)))),38);
#EqQuartets: 2413820147
Score: 2363700666
Traceback (most recent call last):
  File "/mnt/disk1/wqfm-tree-stuff/experiments/./rfScoreCalculator/getFpFn.py", line 46, in <module>
    estimateTree = readNewickFile(options.estimate_tree)
                   ^^^^^^^^^^^^^^^^^^^^^^^^^^^^^^^^^^^^^
  File "/home/system3/anaconda3/lib/python3.11/site-packages/spruce-1.0-py3.11.egg/spruce/unrooted.py", line 28, in readNewickFile
    f = open(file)
        ^^^^^^^^^^
FileNotFoundError: [Errno 2] No such file or directory: '100taxa/DOI-10-13012-b2idb-5721322_v1/estimated/ntaxa-100.dlrate-0.0000000001.psize-50000000/01/g_trees-with-gt3species-wqfm-tree.tre'

During handling of the above exception, another exception occurred:

Traceback (most recent call last):
  File "/mnt/disk1/wqfm-tree-stuff/experiments/./rfScoreCalculator/getFpFn.py", line 48, in <module>
    estimateTree = parse_tree(readTreesFromRatchet(options.estimate_tree)[0])
                              ^^^^^^^^^^^^^^^^^^^^^^^^^^^^^^^^^^^^^^^^^^^
  File "/home/system3/anaconda3/lib/python3.11/site-packages/spruce-1.0-py3.11.egg/spruce/mrp.py", line 424, in readTreesFromRatchet
FileNotFoundError: [Errno 2] No such file or directory: '100taxa/DOI-10-13012-b2idb-5721322_v1/estimated/ntaxa-100.dlrate-0.0000000001.psize-50000000/01/g_trees-with-gt3species-wqfm-tree.tre'
Traceback (most recent call last):
  File "/mnt/disk1/wqfm-tree-stuff/experiments/./rfScoreCalculator/getFpFn.py", line 46, in <module>
    estimateTree = readNewickFile(options.estimate_tree)
                   ^^^^^^^^^^^^^^^^^^^^^^^^^^^^^^^^^^^^^
  File "/home/system3/anaconda3/lib/python3.11/site-packages/spruce-1.0-py3.11.egg/spruce/unrooted.py", line 28, in readNewickFile
    f = open(file)
        ^^^^^^^^^^
FileNotFoundError: [Errno 2] No such file or directory: '100taxa/DOI-10-13012-b2idb-5721322_v1/estimated/ntaxa-100.dlrate-0.0000000001.psize-50000000/02/g_trees-with-gt3species-wqfm-tree.tre'

During handling of the above exception, another exception occurred:

Traceback (most recent call last):
  File "/mnt/disk1/wqfm-tree-stuff/experiments/./rfScoreCalculator/getFpFn.py", line 48, in <module>
    estimateTree = parse_tree(readTreesFromRatchet(options.estimate_tree)[0])
                              ^^^^^^^^^^^^^^^^^^^^^^^^^^^^^^^^^^^^^^^^^^^
  File "/home/system3/anaconda3/lib/python3.11/site-packages/spruce-1.0-py3.11.egg/spruce/mrp.py", line 424, in readTreesFromRatchet
FileNotFoundError: [Errno 2] No such file or directory: '100taxa/DOI-10-13012-b2idb-5721322_v1/estimated/ntaxa-100.dlrate-0.0000000001.psize-50000000/02/g_trees-with-gt3species-wqfm-tree.tre'
Traceback (most recent call last):
  File "/mnt/disk1/wqfm-tree-stuff/experiments/./rfScoreCalculator/getFpFn.py", line 46, in <module>
    estimateTree = readNewickFile(options.estimate_tree)
                   ^^^^^^^^^^^^^^^^^^^^^^^^^^^^^^^^^^^^^
  File "/home/system3/anaconda3/lib/python3.11/site-packages/spruce-1.0-py3.11.egg/spruce/unrooted.py", line 28, in readNewickFile
    f = open(file)
        ^^^^^^^^^^
FileNotFoundError: [Errno 2] No such file or directory: '100taxa/DOI-10-13012-b2idb-5721322_v1/estimated/ntaxa-100.dlrate-0.0000000001.psize-50000000/03/g_trees-with-gt3species-wqfm-tree.tre'

During handling of the above exception, another exception occurred:

Traceback (most recent call last):
  File "/mnt/disk1/wqfm-tree-stuff/experiments/./rfScoreCalculator/getFpFn.py", line 48, in <module>
    estimateTree = parse_tree(readTreesFromRatchet(options.estimate_tree)[0])
                              ^^^^^^^^^^^^^^^^^^^^^^^^^^^^^^^^^^^^^^^^^^^
  File "/home/system3/anaconda3/lib/python3.11/site-packages/spruce-1.0-py3.11.egg/spruce/mrp.py", line 424, in readTreesFromRatchet
FileNotFoundError: [Errno 2] No such file or directory: '100taxa/DOI-10-13012-b2idb-5721322_v1/estimated/ntaxa-100.dlrate-0.0000000001.psize-50000000/03/g_trees-with-gt3species-wqfm-tree.tre'
Traceback (most recent call last):
  File "/mnt/disk1/wqfm-tree-stuff/experiments/./rfScoreCalculator/getFpFn.py", line 46, in <module>
    estimateTree = readNewickFile(options.estimate_tree)
                   ^^^^^^^^^^^^^^^^^^^^^^^^^^^^^^^^^^^^^
  File "/home/system3/anaconda3/lib/python3.11/site-packages/spruce-1.0-py3.11.egg/spruce/unrooted.py", line 28, in readNewickFile
    f = open(file)
        ^^^^^^^^^^
FileNotFoundError: [Errno 2] No such file or directory: '100taxa/DOI-10-13012-b2idb-5721322_v1/estimated/ntaxa-100.dlrate-0.0000000001.psize-50000000/04/g_trees-with-gt3species-wqfm-tree.tre'

During handling of the above exception, another exception occurred:

Traceback (most recent call last):
  File "/mnt/disk1/wqfm-tree-stuff/experiments/./rfScoreCalculator/getFpFn.py", line 48, in <module>
    estimateTree = parse_tree(readTreesFromRatchet(options.estimate_tree)[0])
                              ^^^^^^^^^^^^^^^^^^^^^^^^^^^^^^^^^^^^^^^^^^^
  File "/home/system3/anaconda3/lib/python3.11/site-packages/spruce-1.0-py3.11.egg/spruce/mrp.py", line 424, in readTreesFromRatchet
FileNotFoundError: [Errno 2] No such file or directory: '100taxa/DOI-10-13012-b2idb-5721322_v1/estimated/ntaxa-100.dlrate-0.0000000001.psize-50000000/04/g_trees-with-gt3species-wqfm-tree.tre'
Traceback (most recent call last):
  File "/mnt/disk1/wqfm-tree-stuff/experiments/./rfScoreCalculator/getFpFn.py", line 46, in <module>
    estimateTree = readNewickFile(options.estimate_tree)
                   ^^^^^^^^^^^^^^^^^^^^^^^^^^^^^^^^^^^^^
  File "/home/system3/anaconda3/lib/python3.11/site-packages/spruce-1.0-py3.11.egg/spruce/unrooted.py", line 28, in readNewickFile
    f = open(file)
        ^^^^^^^^^^
FileNotFoundError: [Errno 2] No such file or directory: '100taxa/DOI-10-13012-b2idb-5721322_v1/estimated/ntaxa-100.dlrate-0.0000000001.psize-50000000/05/g_trees-with-gt3species-wqfm-tree.tre'

During handling of the above exception, another exception occurred:

Traceback (most recent call last):
  File "/mnt/disk1/wqfm-tree-stuff/experiments/./rfScoreCalculator/getFpFn.py", line 48, in <module>
    estimateTree = parse_tree(readTreesFromRatchet(options.estimate_tree)[0])
                              ^^^^^^^^^^^^^^^^^^^^^^^^^^^^^^^^^^^^^^^^^^^
  File "/home/system3/anaconda3/lib/python3.11/site-packages/spruce-1.0-py3.11.egg/spruce/mrp.py", line 424, in readTreesFromRatchet
FileNotFoundError: [Errno 2] No such file or directory: '100taxa/DOI-10-13012-b2idb-5721322_v1/estimated/ntaxa-100.dlrate-0.0000000001.psize-50000000/05/g_trees-with-gt3species-wqfm-tree.tre'
Traceback (most recent call last):
  File "/mnt/disk1/wqfm-tree-stuff/experiments/./rfScoreCalculator/getFpFn.py", line 46, in <module>
    estimateTree = readNewickFile(options.estimate_tree)
                   ^^^^^^^^^^^^^^^^^^^^^^^^^^^^^^^^^^^^^
  File "/home/system3/anaconda3/lib/python3.11/site-packages/spruce-1.0-py3.11.egg/spruce/unrooted.py", line 28, in readNewickFile
    f = open(file)
        ^^^^^^^^^^
FileNotFoundError: [Errno 2] No such file or directory: '100taxa/DOI-10-13012-b2idb-5721322_v1/estimated/ntaxa-100.dlrate-0.0000000001.psize-50000000/06/g_trees-with-gt3species-wqfm-tree.tre'

During handling of the above exception, another exception occurred:

Traceback (most recent call last):
  File "/mnt/disk1/wqfm-tree-stuff/experiments/./rfScoreCalculator/getFpFn.py", line 48, in <module>
    estimateTree = parse_tree(readTreesFromRatchet(options.estimate_tree)[0])
                              ^^^^^^^^^^^^^^^^^^^^^^^^^^^^^^^^^^^^^^^^^^^
  File "/home/system3/anaconda3/lib/python3.11/site-packages/spruce-1.0-py3.11.egg/spruce/mrp.py", line 424, in readTreesFromRatchet
FileNotFoundError: [Errno 2] No such file or directory: '100taxa/DOI-10-13012-b2idb-5721322_v1/estimated/ntaxa-100.dlrate-0.0000000001.psize-50000000/06/g_trees-with-gt3species-wqfm-tree.tre'
Traceback (most recent call last):
  File "/mnt/disk1/wqfm-tree-stuff/experiments/./rfScoreCalculator/getFpFn.py", line 46, in <module>
    estimateTree = readNewickFile(options.estimate_tree)
                   ^^^^^^^^^^^^^^^^^^^^^^^^^^^^^^^^^^^^^
  File "/home/system3/anaconda3/lib/python3.11/site-packages/spruce-1.0-py3.11.egg/spruce/unrooted.py", line 28, in readNewickFile
    f = open(file)
        ^^^^^^^^^^
FileNotFoundError: [Errno 2] No such file or directory: '100taxa/DOI-10-13012-b2idb-5721322_v1/estimated/ntaxa-100.dlrate-0.0000000001.psize-50000000/07/g_trees-with-gt3species-wqfm-tree.tre'

During handling of the above exception, another exception occurred:

Traceback (most recent call last):
  File "/mnt/disk1/wqfm-tree-stuff/experiments/./rfScoreCalculator/getFpFn.py", line 48, in <module>
    estimateTree = parse_tree(readTreesFromRatchet(options.estimate_tree)[0])
                              ^^^^^^^^^^^^^^^^^^^^^^^^^^^^^^^^^^^^^^^^^^^
  File "/home/system3/anaconda3/lib/python3.11/site-packages/spruce-1.0-py3.11.egg/spruce/mrp.py", line 424, in readTreesFromRatchet
FileNotFoundError: [Errno 2] No such file or directory: '100taxa/DOI-10-13012-b2idb-5721322_v1/estimated/ntaxa-100.dlrate-0.0000000001.psize-50000000/07/g_trees-with-gt3species-wqfm-tree.tre'
Traceback (most recent call last):
  File "/mnt/disk1/wqfm-tree-stuff/experiments/./rfScoreCalculator/getFpFn.py", line 46, in <module>
    estimateTree = readNewickFile(options.estimate_tree)
                   ^^^^^^^^^^^^^^^^^^^^^^^^^^^^^^^^^^^^^
  File "/home/system3/anaconda3/lib/python3.11/site-packages/spruce-1.0-py3.11.egg/spruce/unrooted.py", line 28, in readNewickFile
    f = open(file)
        ^^^^^^^^^^
FileNotFoundError: [Errno 2] No such file or directory: '100taxa/DOI-10-13012-b2idb-5721322_v1/estimated/ntaxa-100.dlrate-0.0000000001.psize-50000000/08/g_trees-with-gt3species-wqfm-tree.tre'

During handling of the above exception, another exception occurred:

Traceback (most recent call last):
  File "/mnt/disk1/wqfm-tree-stuff/experiments/./rfScoreCalculator/getFpFn.py", line 48, in <module>
    estimateTree = parse_tree(readTreesFromRatchet(options.estimate_tree)[0])
                              ^^^^^^^^^^^^^^^^^^^^^^^^^^^^^^^^^^^^^^^^^^^
  File "/home/system3/anaconda3/lib/python3.11/site-packages/spruce-1.0-py3.11.egg/spruce/mrp.py", line 424, in readTreesFromRatchet
FileNotFoundError: [Errno 2] No such file or directory: '100taxa/DOI-10-13012-b2idb-5721322_v1/estimated/ntaxa-100.dlrate-0.0000000001.psize-50000000/08/g_trees-with-gt3species-wqfm-tree.tre'
Traceback (most recent call last):
  File "/mnt/disk1/wqfm-tree-stuff/experiments/./rfScoreCalculator/getFpFn.py", line 46, in <module>
    estimateTree = readNewickFile(options.estimate_tree)
                   ^^^^^^^^^^^^^^^^^^^^^^^^^^^^^^^^^^^^^
  File "/home/system3/anaconda3/lib/python3.11/site-packages/spruce-1.0-py3.11.egg/spruce/unrooted.py", line 28, in readNewickFile
    f = open(file)
        ^^^^^^^^^^
FileNotFoundError: [Errno 2] No such file or directory: '100taxa/DOI-10-13012-b2idb-5721322_v1/estimated/ntaxa-100.dlrate-0.0000000001.psize-50000000/09/g_trees-with-gt3species-wqfm-tree.tre'

During handling of the above exception, another exception occurred:

Traceback (most recent call last):
  File "/mnt/disk1/wqfm-tree-stuff/experiments/./rfScoreCalculator/getFpFn.py", line 48, in <module>
    estimateTree = parse_tree(readTreesFromRatchet(options.estimate_tree)[0])
                              ^^^^^^^^^^^^^^^^^^^^^^^^^^^^^^^^^^^^^^^^^^^
  File "/home/system3/anaconda3/lib/python3.11/site-packages/spruce-1.0-py3.11.egg/spruce/mrp.py", line 424, in readTreesFromRatchet
FileNotFoundError: [Errno 2] No such file or directory: '100taxa/DOI-10-13012-b2idb-5721322_v1/estimated/ntaxa-100.dlrate-0.0000000001.psize-50000000/09/g_trees-with-gt3species-wqfm-tree.tre'
Traceback (most recent call last):
  File "/mnt/disk1/wqfm-tree-stuff/experiments/./rfScoreCalculator/getFpFn.py", line 46, in <module>
    estimateTree = readNewickFile(options.estimate_tree)
                   ^^^^^^^^^^^^^^^^^^^^^^^^^^^^^^^^^^^^^
  File "/home/system3/anaconda3/lib/python3.11/site-packages/spruce-1.0-py3.11.egg/spruce/unrooted.py", line 28, in readNewickFile
    f = open(file)
        ^^^^^^^^^^
FileNotFoundError: [Errno 2] No such file or directory: '100taxa/DOI-10-13012-b2idb-5721322_v1/estimated/ntaxa-100.dlrate-0.0000000001.psize-50000000/10/g_trees-with-gt3species-wqfm-tree.tre'

During handling of the above exception, another exception occurred:

Traceback (most recent call last):
  File "/mnt/disk1/wqfm-tree-stuff/experiments/./rfScoreCalculator/getFpFn.py", line 48, in <module>
    estimateTree = parse_tree(readTreesFromRatchet(options.estimate_tree)[0])
                              ^^^^^^^^^^^^^^^^^^^^^^^^^^^^^^^^^^^^^^^^^^^
  File "/home/system3/anaconda3/lib/python3.11/site-packages/spruce-1.0-py3.11.egg/spruce/mrp.py", line 424, in readTreesFromRatchet
FileNotFoundError: [Errno 2] No such file or directory: '100taxa/DOI-10-13012-b2idb-5721322_v1/estimated/ntaxa-100.dlrate-0.0000000001.psize-50000000/10/g_trees-with-gt3species-wqfm-tree.tre'
Traceback (most recent call last):
  File "/mnt/disk1/wqfm-tree-stuff/experiments/./scripts/rfAverager.py", line 17, in <module>
    print('({})'.format(','.join(map(str, [sm[i] / count for i in range(len(sm))]))))
                                          ^^^^^^^^^^^^^^^^^^^^^^^^^^^^^^^^^^^^^^^
  File "/mnt/disk1/wqfm-tree-stuff/experiments/./scripts/rfAverager.py", line 17, in <listcomp>
    print('({})'.format(','.join(map(str, [sm[i] / count for i in range(len(sm))]))))
                                           ~~~~~~^~~~~~~
ZeroDivisionError: division by zero
