01
Skipping 01, e5000_apro-cleaned.tre already exists and is not empty.
02
Skipping 02, e5000_apro-cleaned.tre already exists and is not empty.
03
Skipping 03, e5000_apro-cleaned.tre already exists and is not empty.
04
Skipping 04, e5000_apro-cleaned.tre already exists and is not empty.
05
Skipping 05, e5000_apro-cleaned.tre already exists and is not empty.
06
Skipping 06, e5000_apro-cleaned.tre already exists and is not empty.
07
Skipping 07, e5000_apro-cleaned.tre already exists and is not empty.
08
Skipping 08, e5000_apro-cleaned.tre already exists and is not empty.
09
Skipping 09, e5000_apro-cleaned.tre already exists and is not empty.
10
Skipping 10, e5000_apro-cleaned.tre already exists and is not empty.
01
Skipping WQFM Tree for 01: Output '100taxa/DOI-10-13012-b2idb-5721322_v1/estimated/ntaxa-100.dlrate-0.0000000002.psize-10000000/01/g_trees-raxml-sqlen-50-wqfm-tree.tre' already exists and is not empty.
02
Skipping WQFM Tree for 02: Output '100taxa/DOI-10-13012-b2idb-5721322_v1/estimated/ntaxa-100.dlrate-0.0000000002.psize-10000000/02/g_trees-raxml-sqlen-50-wqfm-tree.tre' already exists and is not empty.
03
Skipping WQFM Tree for 03: Output '100taxa/DOI-10-13012-b2idb-5721322_v1/estimated/ntaxa-100.dlrate-0.0000000002.psize-10000000/03/g_trees-raxml-sqlen-50-wqfm-tree.tre' already exists and is not empty.
04
Running WQFM Tree for 04...
Input file: 100taxa/DOI-10-13012-b2idb-5721322_v1/estimated/ntaxa-100.dlrate-0.0000000002.psize-10000000/04/g_trees-raxml-sqlen-50-disco-rooted-cleaned.tre
Consensus file: 100taxa/DOI-10-13012-b2idb-5721322_v1/estimated/ntaxa-100.dlrate-0.0000000002.psize-10000000/04/cons-50.greedy.tree
Output file: 100taxa/DOI-10-13012-b2idb-5721322_v1/estimated/ntaxa-100.dlrate-0.0000000002.psize-10000000/04/g_trees-raxml-sqlen-50-wqfm-tree.tre
Comp graph nodes count : 192328
Internal nodes count : 86356
taxa count : 100
Gene trees count : 998
Level: 1
swaps size : 100
Total taxon count : 100
Cg : 0.0
#iterations: 0
Level: 2
swaps size : 58
Total taxon count : 58
Cg : 2.60770320892334E-8
#iterations: 0
Level: 3
swaps size : 33
Total taxon count : 33
Cg : 9.313225746154785E-10
#iterations: 0
Level: 4
swaps size : 11
Total taxon count : 11
Cg : 1.0186340659856796E-10
#iterations: 0
Level: 5
swaps size : 7
Total taxon count : 7
Cg : -5.4569682106375694E-12
#iterations: 0
Level: 6
swaps size : 5
Total taxon count : 5
Cg : -2.2737367544323206E-13
#iterations: 0
Level: 7
swaps size : 1
Total taxon count : 4
Cg : -195.06782297581032
swaps size : 0
Total taxon count : 4
Cg : 0.0
#iterations: 1
Level: 6
swaps size : 0
Total taxon count : 4
Cg : 0.0
#iterations: 0
Level: 5
swaps size : 6
Total taxon count : 6
Cg : 0.0
#iterations: 0
Level: 6
swaps size : 5
Total taxon count : 5
Cg : -1.4779288903810084E-12
#iterations: 0
Level: 7
swaps size : 1
Total taxon count : 4
Cg : -72.4739117471679
swaps size : 0
Total taxon count : 4
Cg : 0.0
#iterations: 1
Level: 4
swaps size : 24
Total taxon count : 24
Cg : -5.820766091346741E-11
#iterations: 0
Level: 5
swaps size : 13
Total taxon count : 13
Cg : -4.3655745685100555E-11
#iterations: 0
Level: 6
swaps size : 5
Total taxon count : 5
Cg : 2.7284841053187847E-12
#iterations: 0
Level: 7
swaps size : 0
Total taxon count : 4
Cg : 0.0
#iterations: 0
Level: 6
swaps size : 10
Total taxon count : 10
Cg : -7.275957614183426E-12
#iterations: 0
Level: 7
swaps size : 5
Total taxon count : 5
Cg : -6.821210263296962E-13
#iterations: 0
Level: 8
swaps size : 1
Total taxon count : 4
Cg : -147.64615757304665
swaps size : 0
Total taxon count : 4
Cg : 0.0
#iterations: 1
Level: 7
swaps size : 7
Total taxon count : 7
Cg : 1.4551915228366852E-11
#iterations: 0
Level: 8
swaps size : 6
Total taxon count : 6
Cg : 9.094947017729282E-13
#iterations: 0
Level: 9
swaps size : 4
Total taxon count : 5
Cg : -472.6449346861958
swaps size : 5
Total taxon count : 5
Cg : -2.2737367544323206E-13
#iterations: 1
Level: 10
swaps size : 1
Total taxon count : 4
Cg : -131.2831807636406
swaps size : 0
Total taxon count : 4
Cg : 0.0
#iterations: 1
Level: 5
swaps size : 13
Total taxon count : 13
Cg : 5.820766091346741E-11
#iterations: 0
Level: 6
swaps size : 5
Total taxon count : 5
Cg : 1.3642420526593924E-12
#iterations: 0
Level: 7
swaps size : 1
Total taxon count : 4
Cg : -77.87814301331741
swaps size : 0
Total taxon count : 4
Cg : 0.0
#iterations: 1
Level: 6
swaps size : 10
Total taxon count : 10
Cg : 1.0913936421275139E-11
#iterations: 0
Level: 7
swaps size : 5
Total taxon count : 5
Cg : -9.094947017729282E-13
#iterations: 0
Level: 8
swaps size : 0
Total taxon count : 4
Cg : 0.0
#iterations: 0
Level: 7
swaps size : 7
Total taxon count : 7
Cg : -1.8189894035458565E-12
#iterations: 0
Level: 8
swaps size : 0
Total taxon count : 4
Cg : 0.0
#iterations: 0
Level: 8
swaps size : 4
Total taxon count : 5
Cg : -375.9383599806213
swaps size : 5
Total taxon count : 5
Cg : 1.1368683772161603E-13
#iterations: 1
Level: 9
swaps size : 1
Total taxon count : 4
Cg : -96.52108986781903
swaps size : 0
Total taxon count : 4
Cg : 0.0
#iterations: 1
Level: 3
swaps size : 27
Total taxon count : 27
Cg : -5.820766091346741E-10
#iterations: 0
Level: 4
swaps size : 7
Total taxon count : 7
Cg : 9.094947017729282E-13
#iterations: 0
Level: 5
swaps size : 5
Total taxon count : 6
Cg : -1065.5760312846046
swaps size : 6
Total taxon count : 6
Cg : 2.2737367544323206E-12
#iterations: 1
Level: 6
swaps size : 4
Total taxon count : 5
Cg : -558.6427533222591
swaps size : 5
Total taxon count : 5
Cg : 3.410605131648481E-13
#iterations: 1
Level: 7
swaps size : 1
Total taxon count : 4
Cg : -167.09385382059764
swaps size : 0
Total taxon count : 4
Cg : 0.0
#iterations: 1
Level: 4
swaps size : 22
Total taxon count : 22
Cg : 5.820766091346741E-11
#iterations: 0
Level: 5
swaps size : 5
Total taxon count : 6
Cg : -1290.4809906520745
swaps size : 6
Total taxon count : 6
Cg : -3.183231456205249E-12
#iterations: 1
Level: 6
swaps size : 4
Total taxon count : 5
Cg : -758.1227556429551
swaps size : 5
Total taxon count : 5
Cg : 2.2737367544323206E-13
#iterations: 1
Level: 7
swaps size : 1
Total taxon count : 4
Cg : -215.57220773483812
swaps size : 0
Total taxon count : 4
Cg : 0.0
#iterations: 1
Level: 5
swaps size : 18
Total taxon count : 18
Cg : 1.3096723705530167E-10
#iterations: 0
Level: 6
swaps size : 6
Total taxon count : 6
Cg : 1.8189894035458565E-12
#iterations: 0
Level: 7
swaps size : 0
Total taxon count : 4
Cg : 0.0
#iterations: 0
Level: 7
swaps size : 0
Total taxon count : 4
Cg : 0.0
#iterations: 0
Level: 6
swaps size : 14
Total taxon count : 14
Cg : 9.094947017729282E-11
#iterations: 0
Level: 7
swaps size : 7
Total taxon count : 7
Cg : 4.092726157978177E-12
#iterations: 0
Level: 8
swaps size : 6
Total taxon count : 6
Cg : 0.0
#iterations: 0
Level: 9
swaps size : 5
Total taxon count : 5
Cg : 6.821210263296962E-13
#iterations: 0
Level: 10
swaps size : 1
Total taxon count : 4
Cg : -55.65501604893427
swaps size : 0
Total taxon count : 4
Cg : 0.0
#iterations: 1
Level: 7
swaps size : 9
Total taxon count : 9
Cg : 2.091837814077735E-11
#iterations: 0
Level: 8
swaps size : 8
Total taxon count : 8
Cg : -1.4097167877480388E-11
#iterations: 0
Level: 9
swaps size : 6
Total taxon count : 7
Cg : -1068.9842013888938
swaps size : 7
Total taxon count : 7
Cg : -9.777068044058979E-12
#iterations: 1
Level: 10
swaps size : 5
Total taxon count : 6
Cg : -605.7070163113704
swaps size : 6
Total taxon count : 6
Cg : -2.5011104298755527E-12
#iterations: 1
Level: 11
swaps size : 4
Total taxon count : 5
Cg : -269.66193041424395
swaps size : 5
Total taxon count : 5
Cg : 1.7053025658242404E-13
#iterations: 1
Level: 12
swaps size : 1
Total taxon count : 4
Cg : -82.17702534520372
swaps size : 0
Total taxon count : 4
Cg : 0.0
#iterations: 1
Level: 2
swaps size : 44
Total taxon count : 44
Cg : -1.862645149230957E-9
#iterations: 0
Level: 3
swaps size : 18
Total taxon count : 18
Cg : 2.9103830456733704E-11
#iterations: 0
Level: 4
swaps size : 8
Total taxon count : 8
Cg : -1.4551915228366852E-11
#iterations: 0
Level: 5
swaps size : 5
Total taxon count : 5
Cg : -9.094947017729282E-13
#iterations: 0
Level: 6
swaps size : 0
Total taxon count : 4
Cg : 0.0
#iterations: 0
Level: 5
swaps size : 5
Total taxon count : 5
Cg : 1.4779288903810084E-12
#iterations: 0
Level: 6
swaps size : 0
Total taxon count : 4
Cg : 0.0
#iterations: 0
Level: 4
swaps size : 12
Total taxon count : 12
Cg : 0.0
#iterations: 0
Level: 5
swaps size : 5
Total taxon count : 5
Cg : 0.0
#iterations: 0
Level: 6
swaps size : 0
Total taxon count : 4
Cg : 0.0
#iterations: 0
Level: 5
swaps size : 9
Total taxon count : 9
Cg : -9.094947017729282E-12
#iterations: 0
Level: 6
swaps size : 0
Total taxon count : 4
Cg : 0.0
#iterations: 0
Level: 6
swaps size : 7
Total taxon count : 7
Cg : -5.4569682106375694E-12
#iterations: 0
Level: 7
swaps size : 5
Total taxon count : 6
Cg : -723.2448018193671
swaps size : 6
Total taxon count : 6
Cg : 4.092726157978177E-12
#iterations: 1
Level: 8
swaps size : 4
Total taxon count : 5
Cg : -374.77204198768567
swaps size : 5
Total taxon count : 5
Cg : 5.684341886080802E-14
#iterations: 1
Level: 9
swaps size : 1
Total taxon count : 4
Cg : -109.44189370030001
swaps size : 0
Total taxon count : 4
Cg : 0.0
#iterations: 1
Level: 3
swaps size : 28
Total taxon count : 28
Cg : -6.984919309616089E-10
#iterations: 0
Level: 4
swaps size : 12
Total taxon count : 12
Cg : 4.3655745685100555E-11
#iterations: 0
Level: 5
swaps size : 7
Total taxon count : 7
Cg : 6.366462912410498E-12
#iterations: 0
Level: 6
swaps size : 0
Total taxon count : 4
Cg : 0.0
#iterations: 0
Level: 6
swaps size : 5
Total taxon count : 5
Cg : -1.1368683772161603E-12
#iterations: 0
Level: 7
swaps size : 0
Total taxon count : 4
Cg : 0.0
#iterations: 0
Level: 5
swaps size : 7
Total taxon count : 7
Cg : -1.8189894035458565E-12
#iterations: 0
Level: 6
swaps size : 6
Total taxon count : 6
Cg : -1.4779288903810084E-12
#iterations: 0
Level: 7
swaps size : 0
Total taxon count : 4
Cg : 0.0
#iterations: 0
Level: 7
swaps size : 1
Total taxon count : 4
Cg : -59.732582609927334
swaps size : 0
Total taxon count : 4
Cg : 0.0
#iterations: 1
Level: 4
swaps size : 18
Total taxon count : 18
Cg : -1.4551915228366852E-11
#iterations: 0
Level: 5
swaps size : 6
Total taxon count : 6
Cg : 9.094947017729282E-12
#iterations: 0
Level: 6
swaps size : 0
Total taxon count : 4
Cg : 0.0
#iterations: 0
Level: 6
swaps size : 1
Total taxon count : 4
Cg : -11.95356037151734
swaps size : 0
Total taxon count : 4
Cg : 0.0
#iterations: 1
Level: 5
swaps size : 14
Total taxon count : 14
Cg : -5.820766091346741E-11
#iterations: 0
Level: 6
swaps size : 7
Total taxon count : 7
Cg : 7.275957614183426E-12
#iterations: 0
Level: 7
swaps size : 0
Total taxon count : 4
Cg : 0.0
#iterations: 0
Level: 7
swaps size : 4
Total taxon count : 5
Cg : -462.16314382212175
swaps size : 5
Total taxon count : 5
Cg : -2.8421709430404007E-13
#iterations: 1
Level: 8
swaps size : 1
Total taxon count : 4
Cg : -72.97880898770995
swaps size : 0
Total taxon count : 4
Cg : 0.0
#iterations: 1
Level: 6
swaps size : 9
Total taxon count : 9
Cg : 3.2741809263825417E-11
#iterations: 0
Level: 7
swaps size : 5
Total taxon count : 5
Cg : -1.1368683772161603E-12
#iterations: 0
Level: 8
swaps size : 0
Total taxon count : 4
Cg : 0.0
#iterations: 0
Level: 7
swaps size : 5
Total taxon count : 6
Cg : -569.3326328298465
swaps size : 6
Total taxon count : 6
Cg : 1.3073986337985843E-12
#iterations: 1
Level: 8
swaps size : 4
Total taxon count : 5
Cg : -237.89387176720706
swaps size : 5
Total taxon count : 5
Cg : -8.526512829121202E-14
#iterations: 1
Level: 9
swaps size : 1
Total taxon count : 4
Cg : -67.1440447430959
swaps size : 0
Total taxon count : 4
Cg : 0.0
#iterations: 1

Elapsed Time taken = 158161 ms ==> 2 minutes and 38 seconds.
CPU time used: 2 minutes, 37 seconds
05
Running WQFM Tree for 05...
Input file: 100taxa/DOI-10-13012-b2idb-5721322_v1/estimated/ntaxa-100.dlrate-0.0000000002.psize-10000000/05/g_trees-raxml-sqlen-50-disco-rooted-cleaned.tre
Consensus file: 100taxa/DOI-10-13012-b2idb-5721322_v1/estimated/ntaxa-100.dlrate-0.0000000002.psize-10000000/05/cons-50.greedy.tree
Output file: 100taxa/DOI-10-13012-b2idb-5721322_v1/estimated/ntaxa-100.dlrate-0.0000000002.psize-10000000/05/g_trees-raxml-sqlen-50-wqfm-tree.tre
Comp graph nodes count : 186373
Internal nodes count : 85128
taxa count : 100
Gene trees count : 999
Level: 1
swaps size : 100
Total taxon count : 100
Cg : 0.0
#iterations: 0
Level: 2
swaps size : 25
Total taxon count : 25
Cg : 6.984919309616089E-10
#iterations: 0
Level: 3
swaps size : 11
Total taxon count : 11
Cg : -1.4551915228366852E-11
#iterations: 0
Level: 4
swaps size : 7
Total taxon count : 7
Cg : -1.000444171950221E-11
#iterations: 0
Level: 5
swaps size : 6
Total taxon count : 6
Cg : 6.821210263296962E-13
#iterations: 0
Level: 6
swaps size : 1
Total taxon count : 4
Cg : -17.05523391812858
swaps size : 0
Total taxon count : 4
Cg : 0.0
#iterations: 1
Level: 6
swaps size : 0
Total taxon count : 4
Cg : 0.0
#iterations: 0
Level: 4
swaps size : 6
Total taxon count : 6
Cg : -5.4569682106375694E-12
#iterations: 0
Level: 5
swaps size : 0
Total taxon count : 4
Cg : 0.0
#iterations: 0
Level: 5
swaps size : 0
Total taxon count : 4
Cg : 0.0
#iterations: 0
Level: 3
swaps size : 16
Total taxon count : 16
Cg : -8.731149137020111E-11
#iterations: 0
Level: 4
swaps size : 7
Total taxon count : 7
Cg : 1.8189894035458565E-12
#iterations: 0
Level: 5
swaps size : 5
Total taxon count : 5
Cg : 1.8189894035458565E-12
#iterations: 0
Level: 6
swaps size : 0
Total taxon count : 4
Cg : 0.0
#iterations: 0
Level: 5
swaps size : 1
Total taxon count : 4
Cg : -131.00802631578938
swaps size : 0
Total taxon count : 4
Cg : 0.0
#iterations: 1
Level: 4
swaps size : 11
Total taxon count : 11
Cg : -2.9103830456733704E-11
#iterations: 0
Level: 5
swaps size : 5
Total taxon count : 5
Cg : 4.547473508864641E-13
#iterations: 0
Level: 6
swaps size : 0
Total taxon count : 4
Cg : 0.0
#iterations: 0
Level: 5
swaps size : 8
Total taxon count : 8
Cg : 1.2732925824820995E-11
#iterations: 0
Level: 6
swaps size : 0
Total taxon count : 4
Cg : 0.0
#iterations: 0
Level: 6
swaps size : 6
Total taxon count : 6
Cg : 5.6843418860808015E-12
#iterations: 0
Level: 7
swaps size : 1
Total taxon count : 4
Cg : -45.19731968810916
swaps size : 0
Total taxon count : 4
Cg : 0.0
#iterations: 1
Level: 7
swaps size : 1
Total taxon count : 4
Cg : -24.377722953216107
swaps size : 0
Total taxon count : 4
Cg : 0.0
#iterations: 1
Level: 2
swaps size : 77
Total taxon count : 77
Cg : 1.4901161193847656E-8
#iterations: 0
Level: 3
swaps size : 27
Total taxon count : 27
Cg : -6.984919309616089E-10
#iterations: 0
Level: 4
swaps size : 16
Total taxon count : 16
Cg : 2.9103830456733704E-11
#iterations: 0
Level: 5
swaps size : 5
Total taxon count : 5
Cg : 9.094947017729282E-13
#iterations: 0
Level: 6
swaps size : 0
Total taxon count : 4
Cg : 0.0
#iterations: 0
Level: 5
swaps size : 13
Total taxon count : 13
Cg : -2.1827872842550278E-11
#iterations: 0
Level: 6
swaps size : 0
Total taxon count : 4
Cg : 0.0
#iterations: 0
Level: 6
swaps size : 11
Total taxon count : 11
Cg : 1.4551915228366852E-11
#iterations: 0
Level: 7
swaps size : 0
Total taxon count : 4
Cg : 0.0
#iterations: 0
Level: 7
swaps size : 9
Total taxon count : 9
Cg : -8.185452315956354E-12
#iterations: 0
Level: 8
swaps size : 8
Total taxon count : 8
Cg : -9.549694368615746E-12
#iterations: 0
Level: 9
swaps size : 6
Total taxon count : 7
Cg : -1699.065852131755
swaps size : 7
Total taxon count : 7
Cg : 3.410605131648481E-12
#iterations: 1
Level: 10
swaps size : 5
Total taxon count : 6
Cg : -938.8487985278983
swaps size : 6
Total taxon count : 6
Cg : -1.4779288903810084E-12
#iterations: 1
Level: 11
swaps size : 4
Total taxon count : 5
Cg : -388.3483214755823
swaps size : 5
Total taxon count : 5
Cg : 0.0
#iterations: 1
Level: 12
swaps size : 1
Total taxon count : 4
Cg : -120.42212652808001
swaps size : 0
Total taxon count : 4
Cg : 0.0
#iterations: 1
Level: 4
swaps size : 13
Total taxon count : 13
Cg : 0.0
#iterations: 0
Level: 5
swaps size : 6
Total taxon count : 6
Cg : -4.547473508864641E-12
#iterations: 0
Level: 6
swaps size : 4
Total taxon count : 5
Cg : -1099.3667687908505
swaps size : 5
Total taxon count : 5
Cg : 0.0
#iterations: 1
Level: 7
swaps size : 1
Total taxon count : 4
Cg : -105.52491830065355
swaps size : 0
Total taxon count : 4
Cg : 0.0
#iterations: 1
Level: 5
swaps size : 9
Total taxon count : 9
Cg : 3.3651303965598345E-11
#iterations: 0
Level: 6
swaps size : 0
Total taxon count : 4
Cg : 0.0
#iterations: 0
Level: 6
swaps size : 7
Total taxon count : 7
Cg : 2.7284841053187847E-12
#iterations: 0
Level: 7
swaps size : 6
Total taxon count : 6
Cg : -3.183231456205249E-12
#iterations: 0
Level: 8
swaps size : 4
Total taxon count : 5
Cg : -357.31736020334
swaps size : 5
Total taxon count : 5
Cg : 1.7053025658242404E-13
#iterations: 1
Level: 9
swaps size : 1
Total taxon count : 4
Cg : -38.26386755628212
swaps size : 0
Total taxon count : 4
Cg : 0.0
#iterations: 1
Level: 3
swaps size : 52
Total taxon count : 52
Cg : 1.0244548320770264E-8
#iterations: 0
Level: 4
swaps size : 15
Total taxon count : 15
Cg : 1.4551915228366852E-11
#iterations: 0
Level: 5
swaps size : 7
Total taxon count : 7
Cg : -1.8189894035458565E-12
#iterations: 0
Level: 6
swaps size : 0
Total taxon count : 4
Cg : 0.0
#iterations: 0
Level: 6
swaps size : 5
Total taxon count : 5
Cg : -9.094947017729282E-13
#iterations: 0
Level: 7
swaps size : 1
Total taxon count : 4
Cg : -12.664223771679843
swaps size : 0
Total taxon count : 4
Cg : 0.0
#iterations: 1
Level: 5
swaps size : 10
Total taxon count : 10
Cg : 1.4551915228366852E-11
#iterations: 0
Level: 6
swaps size : 0
Total taxon count : 4
Cg : 0.0
#iterations: 0
Level: 6
swaps size : 8
Total taxon count : 8
Cg : -2.1827872842550278E-11
#iterations: 0
Level: 7
swaps size : 5
Total taxon count : 5
Cg : -2.2737367544323206E-13
#iterations: 0
Level: 8
swaps size : 1
Total taxon count : 4
Cg : -59.22659412955454
swaps size : 0
Total taxon count : 4
Cg : 0.0
#iterations: 1
Level: 7
swaps size : 5
Total taxon count : 5
Cg : 4.547473508864641E-13
#iterations: 0
Level: 8
swaps size : 1
Total taxon count : 4
Cg : -62.98763987291939
swaps size : 0
Total taxon count : 4
Cg : 0.0
#iterations: 1
Level: 4
swaps size : 39
Total taxon count : 39
Cg : 9.313225746154785E-10
#iterations: 0
Level: 5
swaps size : 15
Total taxon count : 15
Cg : 1.3096723705530167E-10
#iterations: 0
Level: 6
swaps size : 8
Total taxon count : 8
Cg : 3.637978807091713E-12
#iterations: 0
Level: 7
swaps size : 5
Total taxon count : 5
Cg : -2.2737367544323206E-13
#iterations: 0
Level: 8
swaps size : 1
Total taxon count : 4
Cg : -145.91911515567745
swaps size : 0
Total taxon count : 4
Cg : 0.0
#iterations: 1
Level: 7
swaps size : 5
Total taxon count : 5
Cg : -1.8189894035458565E-12
#iterations: 0
Level: 8
swaps size : 0
Total taxon count : 4
Cg : 0.0
#iterations: 0
Level: 6
swaps size : 9
Total taxon count : 9
Cg : -1.0913936421275139E-11
#iterations: 0
Level: 7
swaps size : 5
Total taxon count : 5
Cg : -2.7284841053187847E-12
#iterations: 0
Level: 8
swaps size : 0
Total taxon count : 4
Cg : 0.0
#iterations: 0
Level: 7
swaps size : 6
Total taxon count : 6
Cg : -5.002220859751105E-12
#iterations: 0
Level: 8
swaps size : 5
Total taxon count : 5
Cg : 2.2737367544323206E-13
#iterations: 0
Level: 9
swaps size : 1
Total taxon count : 4
Cg : -15.792881344845625
swaps size : 0
Total taxon count : 4
Cg : 0.0
#iterations: 1
Level: 5
swaps size : 26
Total taxon count : 26
Cg : 4.656612873077393E-10
#iterations: 0
Level: 6
swaps size : 11
Total taxon count : 11
Cg : 0.0
#iterations: 0
Level: 7
swaps size : 5
Total taxon count : 5
Cg : 9.094947017729282E-13
#iterations: 0
Level: 8
swaps size : 0
Total taxon count : 4
Cg : 0.0
#iterations: 0
Level: 7
swaps size : 8
Total taxon count : 8
Cg : 3.637978807091713E-12
#iterations: 0
Level: 8
swaps size : 0
Total taxon count : 4
Cg : 0.0
#iterations: 0
Level: 8
swaps size : 6
Total taxon count : 6
Cg : -5.002220859751105E-12
#iterations: 0
Level: 9
swaps size : 0
Total taxon count : 4
Cg : 0.0
#iterations: 0
Level: 9
swaps size : 0
Total taxon count : 4
Cg : 0.0
#iterations: 0
Level: 6
swaps size : 17
Total taxon count : 17
Cg : -2.9103830456733704E-11
#iterations: 0
Level: 7
swaps size : 5
Total taxon count : 5
Cg : -7.958078640513122E-13
#iterations: 0
Level: 8
swaps size : 1
Total taxon count : 4
Cg : -138.888040645252
swaps size : 0
Total taxon count : 4
Cg : 0.0
#iterations: 1
Level: 7
swaps size : 14
Total taxon count : 14
Cg : -7.275957614183426E-11
#iterations: 0
Level: 8
swaps size : 5
Total taxon count : 5
Cg : 1.8189894035458565E-12
#iterations: 0
Level: 9
swaps size : 0
Total taxon count : 4
Cg : 0.0
#iterations: 0
Level: 8
swaps size : 11
Total taxon count : 11
Cg : -2.9103830456733704E-11
#iterations: 0
Level: 9
swaps size : 0
Total taxon count : 4
Cg : 0.0
#iterations: 0
Level: 9
swaps size : 9
Total taxon count : 9
Cg : -6.366462912410498E-12
#iterations: 0
Level: 10
swaps size : 0
Total taxon count : 4
Cg : 0.0
#iterations: 0
Level: 10
swaps size : 6
Total taxon count : 7
Cg : -1049.1949041595817
swaps size : 7
Total taxon count : 7
Cg : -4.320099833421409E-12
#iterations: 1
Level: 11
swaps size : 5
Total taxon count : 6
Cg : -617.7913502874477
swaps size : 6
Total taxon count : 6
Cg : 6.821210263296962E-13
#iterations: 1
Level: 12
swaps size : 4
Total taxon count : 5
Cg : -226.77882073903325
swaps size : 5
Total taxon count : 5
Cg : 1.7053025658242404E-13
#iterations: 1
Level: 13
swaps size : 1
Total taxon count : 4
Cg : -82.61116054394527
swaps size : 0
Total taxon count : 4
Cg : 0.0
#iterations: 1

Elapsed Time taken = 148602 ms ==> 2 minutes and 28 seconds.
CPU time used: 2 minutes, 28 seconds
06
Running WQFM Tree for 06...
Input file: 100taxa/DOI-10-13012-b2idb-5721322_v1/estimated/ntaxa-100.dlrate-0.0000000002.psize-10000000/06/g_trees-raxml-sqlen-50-disco-rooted-cleaned.tre
Consensus file: 100taxa/DOI-10-13012-b2idb-5721322_v1/estimated/ntaxa-100.dlrate-0.0000000002.psize-10000000/06/cons-50.greedy.tree
Output file: 100taxa/DOI-10-13012-b2idb-5721322_v1/estimated/ntaxa-100.dlrate-0.0000000002.psize-10000000/06/g_trees-raxml-sqlen-50-wqfm-tree.tre
Comp graph nodes count : 184945
Internal nodes count : 87517
taxa count : 100
Gene trees count : 999
Level: 1
swaps size : 100
Total taxon count : 100
Cg : 0.0
swaps size : 100
Total taxon count : 100
Cg : 0.0
#iterations: 1
Level: 2
swaps size : 53
Total taxon count : 53
Cg : 7.450580596923828E-9
#iterations: 0
Level: 3
swaps size : 27
Total taxon count : 27
Cg : -6.984919309616089E-10
#iterations: 0
Level: 4
swaps size : 18
Total taxon count : 18
Cg : 6.111804395914078E-10
#iterations: 0
Level: 5
swaps size : 7
Total taxon count : 7
Cg : 3.637978807091713E-12
#iterations: 0
Level: 6
swaps size : 5
Total taxon count : 5
Cg : 1.8189894035458565E-12
#iterations: 0
Level: 7
swaps size : 1
Total taxon count : 4
Cg : -240.508659122086
swaps size : 0
Total taxon count : 4
Cg : 0.0
#iterations: 1
Level: 6
swaps size : 0
Total taxon count : 4
Cg : 0.0
#iterations: 0
Level: 5
swaps size : 13
Total taxon count : 13
Cg : 2.9103830456733704E-11
#iterations: 0
Level: 6
swaps size : 5
Total taxon count : 5
Cg : 0.0
#iterations: 0
Level: 7
swaps size : 0
Total taxon count : 4
Cg : 0.0
#iterations: 0
Level: 6
swaps size : 10
Total taxon count : 10
Cg : 3.2741809263825417E-11
#iterations: 0
Level: 7
swaps size : 5
Total taxon count : 5
Cg : -1.8189894035458565E-12
#iterations: 0
Level: 8
swaps size : 0
Total taxon count : 4
Cg : 0.0
#iterations: 0
Level: 7
swaps size : 7
Total taxon count : 7
Cg : -1.8189894035458565E-12
#iterations: 0
Level: 8
swaps size : 6
Total taxon count : 6
Cg : -7.958078640513122E-12
#iterations: 0
Level: 9
swaps size : 5
Total taxon count : 5
Cg : 1.7053025658242404E-12
#iterations: 0
Level: 10
swaps size : 1
Total taxon count : 4
Cg : -181.08191912615789
swaps size : 0
Total taxon count : 4
Cg : 0.0
#iterations: 1
Level: 4
swaps size : 11
Total taxon count : 11
Cg : -8.731149137020111E-11
#iterations: 0
Level: 5
swaps size : 7
Total taxon count : 7
Cg : 5.4569682106375694E-12
#iterations: 0
Level: 6
swaps size : 0
Total taxon count : 4
Cg : 0.0
#iterations: 0
Level: 6
swaps size : 5
Total taxon count : 5
Cg : 5.684341886080801E-13
#iterations: 0
Level: 7
swaps size : 1
Total taxon count : 4
Cg : -173.30044480755254
swaps size : 0
Total taxon count : 4
Cg : 0.0
#iterations: 1
Level: 5
swaps size : 6
Total taxon count : 6
Cg : -1.000444171950221E-11
#iterations: 0
Level: 6
swaps size : 5
Total taxon count : 5
Cg : 7.389644451905042E-13
#iterations: 0
Level: 7
swaps size : 1
Total taxon count : 4
Cg : -87.40080337690632
swaps size : 0
Total taxon count : 4
Cg : 0.0
#iterations: 1
Level: 3
swaps size : 28
Total taxon count : 28
Cg : 6.984919309616089E-10
#iterations: 0
Level: 4
swaps size : 14
Total taxon count : 14
Cg : -5.820766091346741E-11
#iterations: 0
Level: 5
swaps size : 5
Total taxon count : 5
Cg : 9.094947017729282E-13
#iterations: 0
Level: 6
swaps size : 0
Total taxon count : 4
Cg : 0.0
#iterations: 0
Level: 5
swaps size : 11
Total taxon count : 11
Cg : -2.1827872842550278E-11
#iterations: 0
Level: 6
swaps size : 0
Total taxon count : 4
Cg : 0.0
#iterations: 0
Level: 6
swaps size : 9
Total taxon count : 9
Cg : -1.4551915228366852E-11
#iterations: 0
Level: 7
swaps size : 8
Total taxon count : 8
Cg : 9.094947017729282E-13
#iterations: 0
Level: 8
swaps size : 7
Total taxon count : 7
Cg : -1.5916157281026244E-11
#iterations: 0
Level: 9
swaps size : 5
Total taxon count : 6
Cg : -1204.4333066239303
swaps size : 6
Total taxon count : 6
Cg : 9.094947017729282E-13
#iterations: 1
Level: 10
swaps size : 4
Total taxon count : 5
Cg : -488.37280649038445
swaps size : 5
Total taxon count : 5
Cg : 1.1368683772161603E-13
#iterations: 1
Level: 11
swaps size : 1
Total taxon count : 4
Cg : -161.71237980769158
swaps size : 0
Total taxon count : 4
Cg : 0.0
#iterations: 1
Level: 4
swaps size : 16
Total taxon count : 16
Cg : 0.0
#iterations: 0
Level: 5
swaps size : 8
Total taxon count : 8
Cg : 1.8189894035458565E-12
#iterations: 0
Level: 6
swaps size : 0
Total taxon count : 4
Cg : 0.0
#iterations: 0
Level: 6
swaps size : 6
Total taxon count : 6
Cg : 8.185452315956354E-12
#iterations: 0
Level: 7
swaps size : 0
Total taxon count : 4
Cg : 0.0
#iterations: 0
Level: 7
swaps size : 0
Total taxon count : 4
Cg : 0.0
#iterations: 0
Level: 5
swaps size : 10
Total taxon count : 10
Cg : -3.637978807091713E-12
#iterations: 0
Level: 6
swaps size : 0
Total taxon count : 4
Cg : 0.0
#iterations: 0
Level: 6
swaps size : 8
Total taxon count : 8
Cg : 1.6370904631912708E-11
#iterations: 0
Level: 7
swaps size : 1
Total taxon count : 4
Cg : -30.32724358974386
swaps size : 0
Total taxon count : 4
Cg : 0.0
#iterations: 1
Level: 7
swaps size : 6
Total taxon count : 6
Cg : 4.774847184307873E-12
#iterations: 0
Level: 8
swaps size : 0
Total taxon count : 4
Cg : 0.0
#iterations: 0
Level: 8
swaps size : 0
Total taxon count : 4
Cg : 0.0
#iterations: 0
Level: 2
swaps size : 49
Total taxon count : 49
Cg : -9.313225746154785E-9
#iterations: 0
Level: 3
swaps size : 20
Total taxon count : 20
Cg : -3.4924596548080444E-10
#iterations: 0
Level: 4
swaps size : 11
Total taxon count : 11
Cg : -3.637978807091713E-11
#iterations: 0
Level: 5
swaps size : 5
Total taxon count : 5
Cg : 2.2737367544323206E-12
#iterations: 0
Level: 6
swaps size : 0
Total taxon count : 4
Cg : 0.0
#iterations: 0
Level: 5
swaps size : 8
Total taxon count : 8
Cg : 0.0
#iterations: 0
Level: 6
swaps size : 0
Total taxon count : 4
Cg : 0.0
#iterations: 0
Level: 6
swaps size : 6
Total taxon count : 6
Cg : 5.002220859751105E-12
#iterations: 0
Level: 7
swaps size : 5
Total taxon count : 5
Cg : -1.1368683772161603E-13
#iterations: 0
Level: 8
swaps size : 1
Total taxon count : 4
Cg : -33.742805822649245
swaps size : 0
Total taxon count : 4
Cg : 0.0
#iterations: 1
Level: 4
swaps size : 11
Total taxon count : 11
Cg : -1.0913936421275139E-11
#iterations: 0
Level: 5
swaps size : 5
Total taxon count : 5
Cg : 9.094947017729282E-13
#iterations: 0
Level: 6
swaps size : 0
Total taxon count : 4
Cg : 0.0
#iterations: 0
Level: 5
swaps size : 8
Total taxon count : 8
Cg : -7.275957614183426E-12
#iterations: 0
Level: 6
swaps size : 1
Total taxon count : 4
Cg : -105.8594871794869
swaps size : 0
Total taxon count : 4
Cg : 0.0
#iterations: 1
Level: 6
swaps size : 6
Total taxon count : 6
Cg : -7.73070496506989E-12
#iterations: 0
Level: 7
swaps size : 5
Total taxon count : 5
Cg : 9.094947017729282E-13
#iterations: 0
Level: 8
swaps size : 1
Total taxon count : 4
Cg : -100.19504540598228
swaps size : 0
Total taxon count : 4
Cg : 0.0
#iterations: 1
Level: 3
swaps size : 31
Total taxon count : 31
Cg : 0.0
#iterations: 0
Level: 4
swaps size : 19
Total taxon count : 19
Cg : 6.402842700481415E-10
#iterations: 0
Level: 5
swaps size : 11
Total taxon count : 11
Cg : 1.4551915228366852E-11
#iterations: 0
Level: 6
swaps size : 5
Total taxon count : 5
Cg : -9.094947017729282E-13
#iterations: 0
Level: 7
swaps size : 0
Total taxon count : 4
Cg : 0.0
#iterations: 0
Level: 6
swaps size : 8
Total taxon count : 8
Cg : -1.4551915228366852E-11
#iterations: 0
Level: 7
swaps size : 7
Total taxon count : 7
Cg : 5.4569682106375694E-12
#iterations: 0
Level: 8
swaps size : 5
Total taxon count : 6
Cg : -1617.2101337849047
swaps size : 6
Total taxon count : 6
Cg : -3.865352482534945E-12
#iterations: 1
Level: 9
swaps size : 4
Total taxon count : 5
Cg : -653.3874847529322
swaps size : 5
Total taxon count : 5
Cg : 0.0
#iterations: 1
Level: 10
swaps size : 1
Total taxon count : 4
Cg : -172.1238321395202
swaps size : 0
Total taxon count : 4
Cg : 0.0
#iterations: 1
Level: 5
swaps size : 10
Total taxon count : 10
Cg : -1.4551915228366852E-11
#iterations: 0
Level: 6
swaps size : 0
Total taxon count : 4
Cg : 0.0
#iterations: 0
Level: 6
swaps size : 8
Total taxon count : 8
Cg : -3.183231456205249E-11
#iterations: 0
Level: 7
swaps size : 7
Total taxon count : 7
Cg : 1.2278178473934531E-11
#iterations: 0
Level: 8
swaps size : 0
Total taxon count : 4
Cg : 0.0
#iterations: 0
Level: 8
swaps size : 4
Total taxon count : 5
Cg : -377.4084501193804
swaps size : 5
Total taxon count : 5
Cg : 0.0
#iterations: 1
Level: 9
swaps size : 1
Total taxon count : 4
Cg : -82.63910515934835
swaps size : 0
Total taxon count : 4
Cg : 0.0
#iterations: 1
Level: 4
swaps size : 14
Total taxon count : 14
Cg : -5.820766091346741E-11
#iterations: 0
Level: 5
swaps size : 7
Total taxon count : 7
Cg : 5.4569682106375694E-12
#iterations: 0
Level: 6
swaps size : 0
Total taxon count : 4
Cg : 0.0
#iterations: 0
Level: 6
swaps size : 5
Total taxon count : 5
Cg : -6.821210263296962E-13
#iterations: 0
Level: 7
swaps size : 0
Total taxon count : 4
Cg : 0.0
#iterations: 0
Level: 5
swaps size : 9
Total taxon count : 9
Cg : -1.0913936421275139E-11
#iterations: 0
Level: 6
swaps size : 0
Total taxon count : 4
Cg : 0.0
#iterations: 0
Level: 6
swaps size : 7
Total taxon count : 7
Cg : -6.366462912410498E-12
#iterations: 0
Level: 7
swaps size : 5
Total taxon count : 5
Cg : 1.1368683772161603E-12
#iterations: 0
Level: 8
swaps size : 1
Total taxon count : 4
Cg : -97.81189812732202
swaps size : 0
Total taxon count : 4
Cg : 0.0
#iterations: 1
Level: 7
swaps size : 1
Total taxon count : 4
Cg : -20.097695494076802
swaps size : 0
Total taxon count : 4
Cg : 0.0
#iterations: 1

Elapsed Time taken = 147423 ms ==> 2 minutes and 27 seconds.
CPU time used: 2 minutes, 26 seconds
07
Running WQFM Tree for 07...
Input file: 100taxa/DOI-10-13012-b2idb-5721322_v1/estimated/ntaxa-100.dlrate-0.0000000002.psize-10000000/07/g_trees-raxml-sqlen-50-disco-rooted-cleaned.tre
Consensus file: 100taxa/DOI-10-13012-b2idb-5721322_v1/estimated/ntaxa-100.dlrate-0.0000000002.psize-10000000/07/cons-50.greedy.tree
Output file: 100taxa/DOI-10-13012-b2idb-5721322_v1/estimated/ntaxa-100.dlrate-0.0000000002.psize-10000000/07/g_trees-raxml-sqlen-50-wqfm-tree.tre
Comp graph nodes count : 187273
Internal nodes count : 86576
taxa count : 100
Gene trees count : 999
Level: 1
swaps size : 100
Total taxon count : 100
Cg : 0.0
#iterations: 0
Level: 2
swaps size : 29
Total taxon count : 29
Cg : 0.0
#iterations: 0
Level: 3
swaps size : 16
Total taxon count : 16
Cg : 2.9103830456733704E-11
#iterations: 0
Level: 4
swaps size : 8
Total taxon count : 8
Cg : 0.0
#iterations: 0
Level: 5
swaps size : 6
Total taxon count : 6
Cg : 3.183231456205249E-12
#iterations: 0
Level: 6
swaps size : 1
Total taxon count : 4
Cg : -245.16004066235575
swaps size : 0
Total taxon count : 4
Cg : 0.0
#iterations: 1
Level: 6
swaps size : 0
Total taxon count : 4
Cg : 0.0
#iterations: 0
Level: 5
swaps size : 0
Total taxon count : 4
Cg : 0.0
#iterations: 0
Level: 4
swaps size : 10
Total taxon count : 10
Cg : 1.0913936421275139E-11
#iterations: 0
Level: 5
swaps size : 0
Total taxon count : 4
Cg : 0.0
#iterations: 0
Level: 5
swaps size : 8
Total taxon count : 8
Cg : 2.7284841053187847E-12
#iterations: 0
Level: 6
swaps size : 7
Total taxon count : 7
Cg : 4.547473508864641E-12
#iterations: 0
Level: 7
swaps size : 6
Total taxon count : 6
Cg : -2.2737367544323206E-13
#iterations: 0
Level: 8
swaps size : 4
Total taxon count : 5
Cg : -562.8481375188953
swaps size : 5
Total taxon count : 5
Cg : 1.0231815394945443E-12
#iterations: 1
Level: 9
swaps size : 1
Total taxon count : 4
Cg : -155.59635416666666
swaps size : 0
Total taxon count : 4
Cg : 0.0
#iterations: 1
Level: 3
swaps size : 15
Total taxon count : 15
Cg : 1.1641532182693481E-10
#iterations: 0
Level: 4
swaps size : 8
Total taxon count : 8
Cg : 5.4569682106375694E-12
#iterations: 0
Level: 5
swaps size : 6
Total taxon count : 6
Cg : -1.8189894035458565E-12
#iterations: 0
Level: 6
swaps size : 5
Total taxon count : 5
Cg : 1.8189894035458565E-12
#iterations: 0
Level: 7
swaps size : 1
Total taxon count : 4
Cg : -124.99201388888872
swaps size : 0
Total taxon count : 4
Cg : 0.0
#iterations: 1
Level: 5
swaps size : 1
Total taxon count : 4
Cg : -112.70631944444455
swaps size : 0
Total taxon count : 4
Cg : 0.0
#iterations: 1
Level: 4
swaps size : 9
Total taxon count : 9
Cg : 3.2741809263825417E-11
#iterations: 0
Level: 5
swaps size : 5
Total taxon count : 5
Cg : -4.547473508864641E-13
#iterations: 0
Level: 6
swaps size : 0
Total taxon count : 4
Cg : 0.0
#iterations: 0
Level: 5
swaps size : 6
Total taxon count : 6
Cg : 2.2737367544323206E-12
#iterations: 0
Level: 6
swaps size : 5
Total taxon count : 5
Cg : 6.821210263296962E-13
#iterations: 0
Level: 7
swaps size : 1
Total taxon count : 4
Cg : -28.892526455026626
swaps size : 0
Total taxon count : 4
Cg : 0.0
#iterations: 1
Level: 2
swaps size : 73
Total taxon count : 73
Cg : -4.470348358154297E-8
swaps size : 73
Total taxon count : 73
Cg : -3.725290298461914E-8
#iterations: 1
Level: 3
swaps size : 43
Total taxon count : 43
Cg : -3.725290298461914E-9
#iterations: 0
Level: 4
swaps size : 16
Total taxon count : 16
Cg : -1.4551915228366852E-11
#iterations: 0
Level: 5
swaps size : 9
Total taxon count : 9
Cg : 5.4569682106375694E-12
#iterations: 0
Level: 6
swaps size : 5
Total taxon count : 5
Cg : -2.2737367544323206E-12
#iterations: 0
Level: 7
swaps size : 1
Total taxon count : 4
Cg : -53.072828546741334
swaps size : 0
Total taxon count : 4
Cg : 0.0
#iterations: 1
Level: 6
swaps size : 6
Total taxon count : 6
Cg : 9.094947017729282E-13
#iterations: 0
Level: 7
swaps size : 5
Total taxon count : 5
Cg : 2.2737367544323206E-13
#iterations: 0
Level: 8
swaps size : 1
Total taxon count : 4
Cg : -72.12989759916042
swaps size : 0
Total taxon count : 4
Cg : 0.0
#iterations: 1
Level: 5
swaps size : 9
Total taxon count : 9
Cg : -1.6370904631912708E-11
#iterations: 0
Level: 6
swaps size : 8
Total taxon count : 8
Cg : -1.8189894035458565E-12
#iterations: 0
Level: 7
swaps size : 6
Total taxon count : 6
Cg : -3.410605131648481E-12
#iterations: 0
Level: 8
swaps size : 4
Total taxon count : 5
Cg : -598.7150194755317
swaps size : 5
Total taxon count : 5
Cg : -3.410605131648481E-13
#iterations: 1
Level: 9
swaps size : 1
Total taxon count : 4
Cg : -134.79014771231047
swaps size : 0
Total taxon count : 4
Cg : 0.0
#iterations: 1
Level: 7
swaps size : 1
Total taxon count : 4
Cg : -79.15340530365381
swaps size : 0
Total taxon count : 4
Cg : 0.0
#iterations: 1
Level: 4
swaps size : 29
Total taxon count : 29
Cg : 1.1641532182693481E-9
#iterations: 0
Level: 5
swaps size : 13
Total taxon count : 13
Cg : -1.2369127944111824E-10
#iterations: 0
Level: 6
swaps size : 9
Total taxon count : 9
Cg : 1.4551915228366852E-11
#iterations: 0
Level: 7
swaps size : 0
Total taxon count : 4
Cg : 0.0
#iterations: 0
Level: 7
swaps size : 7
Total taxon count : 7
Cg : -5.4569682106375694E-12
#iterations: 0
Level: 8
swaps size : 6
Total taxon count : 6
Cg : 8.185452315956354E-12
#iterations: 0
Level: 9
swaps size : 4
Total taxon count : 5
Cg : -808.7947603987831
swaps size : 5
Total taxon count : 5
Cg : 4.547473508864641E-13
#iterations: 1
Level: 10
swaps size : 1
Total taxon count : 4
Cg : -205.90695107075138
swaps size : 0
Total taxon count : 4
Cg : 0.0
#iterations: 1
Level: 6
swaps size : 6
Total taxon count : 6
Cg : -1.8189894035458565E-12
#iterations: 0
Level: 7
swaps size : 5
Total taxon count : 5
Cg : 9.094947017729282E-13
#iterations: 0
Level: 8
swaps size : 1
Total taxon count : 4
Cg : -104.09245914091477
swaps size : 0
Total taxon count : 4
Cg : 0.0
#iterations: 1
Level: 5
swaps size : 18
Total taxon count : 18
Cg : 2.9103830456733704E-11
#iterations: 0
Level: 6
swaps size : 8
Total taxon count : 8
Cg : 3.637978807091713E-12
#iterations: 0
Level: 7
swaps size : 5
Total taxon count : 5
Cg : -2.2737367544323206E-12
#iterations: 0
Level: 8
swaps size : 1
Total taxon count : 4
Cg : -20.78504835218564
swaps size : 0
Total taxon count : 4
Cg : 0.0
#iterations: 1
Level: 7
swaps size : 5
Total taxon count : 5
Cg : -1.1368683772161603E-12
#iterations: 0
Level: 8
swaps size : 0
Total taxon count : 4
Cg : 0.0
#iterations: 0
Level: 6
swaps size : 12
Total taxon count : 12
Cg : 7.275957614183426E-11
#iterations: 0
Level: 7
swaps size : 5
Total taxon count : 5
Cg : -1.7053025658242404E-12
#iterations: 0
Level: 8
swaps size : 1
Total taxon count : 4
Cg : -159.14824308755757
swaps size : 0
Total taxon count : 4
Cg : 0.0
#iterations: 1
Level: 7
swaps size : 9
Total taxon count : 9
Cg : 2.1827872842550278E-11
#iterations: 0
Level: 8
swaps size : 7
Total taxon count : 8
Cg : -1185.0248331321793
swaps size : 8
Total taxon count : 8
Cg : 6.821210263296962E-13
swaps size : 8
Total taxon count : 8
Cg : -1.1596057447604835E-11
#iterations: 2
Level: 9
swaps size : 6
Total taxon count : 7
Cg : -794.4354247814814
swaps size : 7
Total taxon count : 7
Cg : -1.3642420526593924E-12
#iterations: 1
Level: 10
swaps size : 5
Total taxon count : 6
Cg : -422.3832185831315
swaps size : 6
Total taxon count : 6
Cg : 9.663381206337363E-13
#iterations: 1
Level: 11
swaps size : 4
Total taxon count : 5
Cg : -254.95282198060633
swaps size : 5
Total taxon count : 5
Cg : 1.4210854715202004E-13
#iterations: 1
Level: 12
swaps size : 1
Total taxon count : 4
Cg : -63.90297893350886
swaps size : 0
Total taxon count : 4
Cg : 0.0
#iterations: 1
Level: 3
swaps size : 32
Total taxon count : 32
Cg : 6.984919309616089E-10
#iterations: 0
Level: 4
swaps size : 15
Total taxon count : 15
Cg : 2.9103830456733704E-11
#iterations: 0
Level: 5
swaps size : 8
Total taxon count : 8
Cg : 9.094947017729282E-12
#iterations: 0
Level: 6
swaps size : 5
Total taxon count : 5
Cg : -9.094947017729282E-13
#iterations: 0
Level: 7
swaps size : 0
Total taxon count : 4
Cg : 0.0
#iterations: 0
Level: 6
swaps size : 5
Total taxon count : 5
Cg : -4.547473508864641E-13
#iterations: 0
Level: 7
swaps size : 0
Total taxon count : 4
Cg : 0.0
#iterations: 0
Level: 5
swaps size : 9
Total taxon count : 9
Cg : 3.637978807091713E-12
#iterations: 0
Level: 6
swaps size : 5
Total taxon count : 5
Cg : -1.1368683772161603E-12
#iterations: 0
Level: 7
swaps size : 0
Total taxon count : 4
Cg : 0.0
#iterations: 0
Level: 6
swaps size : 6
Total taxon count : 6
Cg : 4.774847184307873E-12
#iterations: 0
Level: 7
swaps size : 0
Total taxon count : 4
Cg : 0.0
#iterations: 0
Level: 7
swaps size : 1
Total taxon count : 4
Cg : -75.29887656120616
swaps size : 0
Total taxon count : 4
Cg : 0.0
#iterations: 1
Level: 4
swaps size : 19
Total taxon count : 19
Cg : 0.0
#iterations: 0
Level: 5
swaps size : 7
Total taxon count : 7
Cg : -9.094947017729282E-13
#iterations: 0
Level: 6
swaps size : 5
Total taxon count : 5
Cg : 1.1368683772161603E-12
#iterations: 0
Level: 7
swaps size : 0
Total taxon count : 4
Cg : 0.0
#iterations: 0
Level: 6
swaps size : 0
Total taxon count : 4
Cg : 0.0
#iterations: 0
Level: 5
swaps size : 14
Total taxon count : 14
Cg : 8.731149137020111E-11
#iterations: 0
Level: 6
swaps size : 5
Total taxon count : 5
Cg : 0.0
#iterations: 0
Level: 7
swaps size : 0
Total taxon count : 4
Cg : 0.0
#iterations: 0
Level: 6
swaps size : 11
Total taxon count : 11
Cg : 4.729372449219227E-11
#iterations: 0
Level: 7
swaps size : 5
Total taxon count : 5
Cg : 4.547473508864641E-13
#iterations: 0
Level: 8
swaps size : 0
Total taxon count : 4
Cg : 0.0
#iterations: 0
Level: 7
swaps size : 8
Total taxon count : 8
Cg : 3.54702933691442E-11
#iterations: 0
Level: 8
swaps size : 1
Total taxon count : 4
Cg : -127.14557823129243
swaps size : 0
Total taxon count : 4
Cg : 0.0
#iterations: 1
Level: 8
swaps size : 6
Total taxon count : 6
Cg : 9.094947017729282E-13
#iterations: 0
Level: 9
swaps size : 4
Total taxon count : 5
Cg : -331.7356770833351
swaps size : 5
Total taxon count : 5
Cg : 2.2737367544323206E-13
#iterations: 1
Level: 10
swaps size : 1
Total taxon count : 4
Cg : -76.03850530787703
swaps size : 0
Total taxon count : 4
Cg : 0.0
#iterations: 1

Elapsed Time taken = 159720 ms ==> 2 minutes and 39 seconds.
CPU time used: 2 minutes, 39 seconds
08
Running WQFM Tree for 08...
Input file: 100taxa/DOI-10-13012-b2idb-5721322_v1/estimated/ntaxa-100.dlrate-0.0000000002.psize-10000000/08/g_trees-raxml-sqlen-50-disco-rooted-cleaned.tre
Consensus file: 100taxa/DOI-10-13012-b2idb-5721322_v1/estimated/ntaxa-100.dlrate-0.0000000002.psize-10000000/08/cons-50.greedy.tree
Output file: 100taxa/DOI-10-13012-b2idb-5721322_v1/estimated/ntaxa-100.dlrate-0.0000000002.psize-10000000/08/g_trees-raxml-sqlen-50-wqfm-tree.tre
Comp graph nodes count : 190304
Internal nodes count : 85495
taxa count : 100
Gene trees count : 999
Level: 1
swaps size : 100
Total taxon count : 100
Cg : 0.0
swaps size : 100
Total taxon count : 100
Cg : 0.0
#iterations: 1
Level: 2
swaps size : 61
Total taxon count : 61
Cg : 2.60770320892334E-8
swaps size : 61
Total taxon count : 61
Cg : -1.1175870895385742E-8
#iterations: 1
Level: 3
swaps size : 23
Total taxon count : 23
Cg : -5.820766091346741E-11
#iterations: 0
Level: 4
swaps size : 7
Total taxon count : 7
Cg : 8.185452315956354E-12
#iterations: 0
Level: 5
swaps size : 0
Total taxon count : 4
Cg : 0.0
#iterations: 0
Level: 5
swaps size : 5
Total taxon count : 5
Cg : 1.5916157281026244E-12
#iterations: 0
Level: 6
swaps size : 0
Total taxon count : 4
Cg : 0.0
#iterations: 0
Level: 4
swaps size : 18
Total taxon count : 18
Cg : 2.9103830456733704E-11
#iterations: 0
Level: 5
swaps size : 8
Total taxon count : 8
Cg : -7.275957614183426E-12
#iterations: 0
Level: 6
swaps size : 5
Total taxon count : 5
Cg : -4.547473508864641E-13
#iterations: 0
Level: 7
swaps size : 0
Total taxon count : 4
Cg : 0.0
#iterations: 0
Level: 6
swaps size : 5
Total taxon count : 5
Cg : -6.252776074688882E-13
#iterations: 0
Level: 7
swaps size : 1
Total taxon count : 4
Cg : -58.67954545454552
swaps size : 0
Total taxon count : 4
Cg : 0.0
#iterations: 1
Level: 5
swaps size : 12
Total taxon count : 12
Cg : 5.820766091346741E-11
#iterations: 0
Level: 6
swaps size : 7
Total taxon count : 7
Cg : -3.637978807091713E-12
#iterations: 0
Level: 7
swaps size : 0
Total taxon count : 4
Cg : 0.0
#iterations: 0
Level: 7
swaps size : 5
Total taxon count : 5
Cg : 4.547473508864641E-13
#iterations: 0
Level: 8
swaps size : 1
Total taxon count : 4
Cg : -139.11633343508373
swaps size : 0
Total taxon count : 4
Cg : 0.0
#iterations: 1
Level: 6
swaps size : 7
Total taxon count : 7
Cg : -3.183231456205249E-12
#iterations: 0
Level: 7
swaps size : 0
Total taxon count : 4
Cg : 0.0
#iterations: 0
Level: 7
swaps size : 5
Total taxon count : 5
Cg : -1.4210854715202004E-12
#iterations: 0
Level: 8
swaps size : 1
Total taxon count : 4
Cg : -8.272374847374778
swaps size : 0
Total taxon count : 4
Cg : 0.0
#iterations: 1
Level: 3
swaps size : 40
Total taxon count : 40
Cg : -9.313225746154785E-10
#iterations: 0
Level: 4
swaps size : 15
Total taxon count : 15
Cg : -4.3655745685100555E-11
#iterations: 0
Level: 5
swaps size : 7
Total taxon count : 7
Cg : 4.547473508864641E-12
#iterations: 0
Level: 6
swaps size : 0
Total taxon count : 4
Cg : 0.0
#iterations: 0
Level: 6
swaps size : 5
Total taxon count : 5
Cg : -1.1368683772161603E-13
#iterations: 0
Level: 7
swaps size : 1
Total taxon count : 4
Cg : -181.35988328800883
swaps size : 0
Total taxon count : 4
Cg : 0.0
#iterations: 1
Level: 5
swaps size : 10
Total taxon count : 10
Cg : 3.637978807091713E-12
#iterations: 0
Level: 6
swaps size : 6
Total taxon count : 6
Cg : -3.183231456205249E-12
#iterations: 0
Level: 7
swaps size : 1
Total taxon count : 4
Cg : -116.61545357420351
swaps size : 0
Total taxon count : 4
Cg : 0.0
#iterations: 1
Level: 7
swaps size : 0
Total taxon count : 4
Cg : 0.0
#iterations: 0
Level: 6
swaps size : 6
Total taxon count : 6
Cg : 5.4569682106375694E-12
#iterations: 0
Level: 7
swaps size : 5
Total taxon count : 5
Cg : 0.0
#iterations: 0
Level: 8
swaps size : 0
Total taxon count : 4
Cg : 0.0
#iterations: 0
Level: 4
swaps size : 27
Total taxon count : 27
Cg : -1.1641532182693481E-10
#iterations: 0
Level: 5
swaps size : 12
Total taxon count : 12
Cg : -2.9103830456733704E-11
#iterations: 0
Level: 6
swaps size : 6
Total taxon count : 6
Cg : -4.092726157978177E-12
#iterations: 0
Level: 7
swaps size : 4
Total taxon count : 5
Cg : -968.9182405206406
swaps size : 5
Total taxon count : 5
Cg : 5.684341886080801E-13
#iterations: 1
Level: 8
swaps size : 1
Total taxon count : 4
Cg : -84.19674491245368
swaps size : 0
Total taxon count : 4
Cg : 0.0
#iterations: 1
Level: 6
swaps size : 8
Total taxon count : 8
Cg : -8.185452315956354E-12
#iterations: 0
Level: 7
swaps size : 0
Total taxon count : 4
Cg : 0.0
#iterations: 0
Level: 7
swaps size : 6
Total taxon count : 6
Cg : 9.094947017729282E-13
#iterations: 0
Level: 8
swaps size : 5
Total taxon count : 5
Cg : -4.547473508864641E-13
#iterations: 0
Level: 9
swaps size : 0
Total taxon count : 4
Cg : 0.0
#iterations: 0
Level: 5
swaps size : 17
Total taxon count : 17
Cg : -1.0186340659856796E-10
#iterations: 0
Level: 6
swaps size : 5
Total taxon count : 5
Cg : 1.2505552149377763E-12
#iterations: 0
Level: 7
swaps size : 1
Total taxon count : 4
Cg : -83.77880244755227
swaps size : 0
Total taxon count : 4
Cg : 0.0
#iterations: 1
Level: 6
swaps size : 14
Total taxon count : 14
Cg : 2.9103830456733704E-11
#iterations: 0
Level: 7
swaps size : 6
Total taxon count : 6
Cg : 3.183231456205249E-12
#iterations: 0
Level: 8
swaps size : 0
Total taxon count : 4
Cg : 0.0
#iterations: 0
Level: 8
swaps size : 0
Total taxon count : 4
Cg : 0.0
#iterations: 0
Level: 7
swaps size : 10
Total taxon count : 10
Cg : -3.092281986027956E-11
#iterations: 0
Level: 8
swaps size : 0
Total taxon count : 4
Cg : 0.0
#iterations: 0
Level: 8
swaps size : 8
Total taxon count : 8
Cg : 5.4569682106375694E-12
#iterations: 0
Level: 9
swaps size : 4
Total taxon count : 5
Cg : -279.03978508707246
swaps size : 5
Total taxon count : 5
Cg : -8.526512829121202E-13
#iterations: 1
Level: 10
swaps size : 1
Total taxon count : 4
Cg : -35.628735949183394
swaps size : 0
Total taxon count : 4
Cg : 0.0
#iterations: 1
Level: 9
swaps size : 4
Total taxon count : 5
Cg : -275.80994588744625
swaps size : 5
Total taxon count : 5
Cg : -1.4210854715202004E-13
#iterations: 1
Level: 10
swaps size : 1
Total taxon count : 4
Cg : -46.35440442370151
swaps size : 0
Total taxon count : 4
Cg : 0.0
#iterations: 1
Level: 2
swaps size : 41
Total taxon count : 41
Cg : 1.210719347000122E-8
#iterations: 0
Level: 3
swaps size : 14
Total taxon count : 14
Cg : -7.275957614183426E-11
#iterations: 0
Level: 4
swaps size : 5
Total taxon count : 5
Cg : 2.7284841053187847E-12
#iterations: 0
Level: 5
swaps size : 0
Total taxon count : 4
Cg : 0.0
#iterations: 0
Level: 4
swaps size : 11
Total taxon count : 11
Cg : 7.275957614183426E-11
#iterations: 0
Level: 5
swaps size : 5
Total taxon count : 5
Cg : 0.0
#iterations: 0
Level: 6
swaps size : 0
Total taxon count : 4
Cg : 0.0
#iterations: 0
Level: 5
swaps size : 8
Total taxon count : 8
Cg : 7.275957614183426E-12
#iterations: 0
Level: 6
swaps size : 7
Total taxon count : 7
Cg : 9.094947017729282E-12
#iterations: 0
Level: 7
swaps size : 5
Total taxon count : 6
Cg : -948.9514880952395
swaps size : 6
Total taxon count : 6
Cg : 1.8189894035458565E-12
#iterations: 1
Level: 8
swaps size : 4
Total taxon count : 5
Cg : -522.7575148809528
swaps size : 5
Total taxon count : 5
Cg : 2.2737367544323206E-13
#iterations: 1
Level: 9
swaps size : 1
Total taxon count : 4
Cg : -123.01990327380946
swaps size : 0
Total taxon count : 4
Cg : 0.0
#iterations: 1
Level: 3
swaps size : 29
Total taxon count : 29
Cg : 9.313225746154785E-10
#iterations: 0
Level: 4
swaps size : 12
Total taxon count : 12
Cg : -6.548361852765083E-11
#iterations: 0
Level: 5
swaps size : 6
Total taxon count : 6
Cg : 2.7284841053187847E-12
#iterations: 0
Level: 6
swaps size : 0
Total taxon count : 4
Cg : 0.0
#iterations: 0
Level: 6
swaps size : 0
Total taxon count : 4
Cg : 0.0
#iterations: 0
Level: 5
swaps size : 8
Total taxon count : 8
Cg : 7.275957614183426E-12
#iterations: 0
Level: 6
swaps size : 4
Total taxon count : 5
Cg : -627.167735042735
swaps size : 5
Total taxon count : 5
Cg : 3.410605131648481E-13
#iterations: 1
Level: 7
swaps size : 1
Total taxon count : 4
Cg : -183.7202724358975
swaps size : 0
Total taxon count : 4
Cg : 0.0
#iterations: 1
Level: 6
swaps size : 5
Total taxon count : 5
Cg : -5.684341886080802E-14
#iterations: 0
Level: 7
swaps size : 1
Total taxon count : 4
Cg : -123.3496189458682
swaps size : 0
Total taxon count : 4
Cg : 0.0
#iterations: 1
Level: 4
swaps size : 19
Total taxon count : 19
Cg : -1.4551915228366852E-10
#iterations: 0
Level: 5
swaps size : 6
Total taxon count : 6
Cg : -3.183231456205249E-12
#iterations: 0
Level: 6
swaps size : 5
Total taxon count : 5
Cg : -1.9326762412674725E-12
#iterations: 0
Level: 7
swaps size : 1
Total taxon count : 4
Cg : -182.57094780219765
swaps size : 0
Total taxon count : 4
Cg : 0.0
#iterations: 1
Level: 5
swaps size : 15
Total taxon count : 15
Cg : -1.0186340659856796E-10
#iterations: 0
Level: 6
swaps size : 8
Total taxon count : 8
Cg : -9.094947017729282E-12
#iterations: 0
Level: 7
swaps size : 0
Total taxon count : 4
Cg : 0.0
#iterations: 0
Level: 7
swaps size : 6
Total taxon count : 6
Cg : 0.0
#iterations: 0
Level: 8
swaps size : 5
Total taxon count : 5
Cg : 4.547473508864641E-13
#iterations: 0
Level: 9
swaps size : 1
Total taxon count : 4
Cg : -130.26759955322456
swaps size : 0
Total taxon count : 4
Cg : 0.0
#iterations: 1
Level: 6
swaps size : 9
Total taxon count : 9
Cg : -2.2737367544323206E-11
#iterations: 0
Level: 7
swaps size : 8
Total taxon count : 8
Cg : -5.4569682106375694E-12
#iterations: 0
Level: 8
swaps size : 6
Total taxon count : 7
Cg : -1211.437276057278
swaps size : 7
Total taxon count : 7
Cg : 2.2737367544323206E-12
#iterations: 1
Level: 9
swaps size : 5
Total taxon count : 6
Cg : -803.9613057775534
swaps size : 6
Total taxon count : 6
Cg : 6.821210263296962E-13
#iterations: 1
Level: 10
swaps size : 4
Total taxon count : 5
Cg : -377.285366092241
swaps size : 5
Total taxon count : 5
Cg : -3.979039320256561E-13
#iterations: 1
Level: 11
swaps size : 1
Total taxon count : 4
Cg : -91.35616685397923
swaps size : 0
Total taxon count : 4
Cg : 0.0
#iterations: 1

Elapsed Time taken = 167016 ms ==> 2 minutes and 47 seconds.
CPU time used: 2 minutes, 46 seconds
09
Running WQFM Tree for 09...
Input file: 100taxa/DOI-10-13012-b2idb-5721322_v1/estimated/ntaxa-100.dlrate-0.0000000002.psize-10000000/09/g_trees-raxml-sqlen-50-disco-rooted-cleaned.tre
Consensus file: 100taxa/DOI-10-13012-b2idb-5721322_v1/estimated/ntaxa-100.dlrate-0.0000000002.psize-10000000/09/cons-50.greedy.tree
Output file: 100taxa/DOI-10-13012-b2idb-5721322_v1/estimated/ntaxa-100.dlrate-0.0000000002.psize-10000000/09/g_trees-raxml-sqlen-50-wqfm-tree.tre
Comp graph nodes count : 187463
Internal nodes count : 85648
taxa count : 100
Gene trees count : 1000
Level: 1
swaps size : 100
Total taxon count : 100
Cg : 0.0
swaps size : 100
Total taxon count : 100
Cg : 0.0
#iterations: 1
Level: 2
swaps size : 50
Total taxon count : 50
Cg : -3.725290298461914E-9
#iterations: 0
Level: 3
swaps size : 23
Total taxon count : 23
Cg : 8.149072527885437E-10
#iterations: 0
Level: 4
swaps size : 15
Total taxon count : 15
Cg : 5.820766091346741E-11
#iterations: 0
Level: 5
swaps size : 10
Total taxon count : 10
Cg : -2.9103830456733704E-11
#iterations: 0
Level: 6
swaps size : 5
Total taxon count : 5
Cg : -4.547473508864641E-13
#iterations: 0
Level: 7
swaps size : 0
Total taxon count : 4
Cg : 0.0
#iterations: 0
Level: 6
swaps size : 7
Total taxon count : 7
Cg : -3.637978807091713E-12
#iterations: 0
Level: 7
swaps size : 1
Total taxon count : 4
Cg : -189.81065528063056
swaps size : 0
Total taxon count : 4
Cg : 0.0
#iterations: 1
Level: 7
swaps size : 5
Total taxon count : 5
Cg : 2.0463630789890885E-12
#iterations: 0
Level: 8
swaps size : 0
Total taxon count : 4
Cg : 0.0
#iterations: 0
Level: 5
swaps size : 7
Total taxon count : 7
Cg : -7.275957614183426E-12
#iterations: 0
Level: 6
swaps size : 6
Total taxon count : 6
Cg : 1.3642420526593924E-12
#iterations: 0
Level: 7
swaps size : 5
Total taxon count : 5
Cg : -4.547473508864641E-13
#iterations: 0
Level: 8
swaps size : 0
Total taxon count : 4
Cg : 0.0
#iterations: 0
Level: 4
swaps size : 10
Total taxon count : 10
Cg : 1.0913936421275139E-11
#iterations: 0
Level: 5
swaps size : 5
Total taxon count : 5
Cg : 2.7284841053187847E-12
#iterations: 0
Level: 6
swaps size : 0
Total taxon count : 4
Cg : 0.0
#iterations: 0
Level: 5
swaps size : 7
Total taxon count : 7
Cg : 9.549694368615746E-12
#iterations: 0
Level: 6
swaps size : 5
Total taxon count : 6
Cg : -739.4389255702308
swaps size : 6
Total taxon count : 6
Cg : -3.183231456205249E-12
#iterations: 1
Level: 7
swaps size : 4
Total taxon count : 5
Cg : -352.8041904261713
swaps size : 5
Total taxon count : 5
Cg : -3.410605131648481E-13
#iterations: 1
Level: 8
swaps size : 1
Total taxon count : 4
Cg : -69.68563675470153
swaps size : 0
Total taxon count : 4
Cg : 0.0
#iterations: 1
Level: 3
swaps size : 29
Total taxon count : 29
Cg : -4.656612873077393E-10
#iterations: 0
Level: 4
swaps size : 12
Total taxon count : 12
Cg : 0.0
#iterations: 0
Level: 5
swaps size : 6
Total taxon count : 6
Cg : 9.094947017729282E-13
#iterations: 0
Level: 6
swaps size : 0
Total taxon count : 4
Cg : 0.0
#iterations: 0
Level: 6
swaps size : 0
Total taxon count : 4
Cg : 0.0
#iterations: 0
Level: 5
swaps size : 8
Total taxon count : 8
Cg : 0.0
#iterations: 0
Level: 6
swaps size : 0
Total taxon count : 4
Cg : 0.0
#iterations: 0
Level: 6
swaps size : 6
Total taxon count : 6
Cg : -4.092726157978177E-12
#iterations: 0
Level: 7
swaps size : 4
Total taxon count : 5
Cg : -601.4253135934505
swaps size : 5
Total taxon count : 5
Cg : 5.684341886080802E-14
#iterations: 1
Level: 8
swaps size : 1
Total taxon count : 4
Cg : -88.78810903149105
swaps size : 0
Total taxon count : 4
Cg : 0.0
#iterations: 1
Level: 4
swaps size : 19
Total taxon count : 19
Cg : -2.9103830456733704E-10
#iterations: 0
Level: 5
swaps size : 10
Total taxon count : 10
Cg : 2.1827872842550278E-11
#iterations: 0
Level: 6
swaps size : 7
Total taxon count : 7
Cg : 6.366462912410498E-12
#iterations: 0
Level: 7
swaps size : 4
Total taxon count : 5
Cg : -1014.7069592988712
swaps size : 5
Total taxon count : 5
Cg : 2.2737367544323206E-13
#iterations: 1
Level: 8
swaps size : 1
Total taxon count : 4
Cg : -173.68575460487244
swaps size : 0
Total taxon count : 4
Cg : 0.0
#iterations: 1
Level: 7
swaps size : 0
Total taxon count : 4
Cg : 0.0
#iterations: 0
Level: 6
swaps size : 5
Total taxon count : 5
Cg : -1.1368683772161603E-13
#iterations: 0
Level: 7
swaps size : 1
Total taxon count : 4
Cg : -105.5206476530006
swaps size : 0
Total taxon count : 4
Cg : 0.0
#iterations: 1
Level: 5
swaps size : 11
Total taxon count : 11
Cg : -7.275957614183426E-11
#iterations: 0
Level: 6
swaps size : 5
Total taxon count : 5
Cg : 4.547473508864641E-13
#iterations: 0
Level: 7
swaps size : 1
Total taxon count : 4
Cg : -9.850925218572257
swaps size : 0
Total taxon count : 4
Cg : 0.0
#iterations: 1
Level: 6
swaps size : 8
Total taxon count : 8
Cg : -3.183231456205249E-12
#iterations: 0
Level: 7
swaps size : 6
Total taxon count : 6
Cg : -1.7053025658242404E-12
#iterations: 0
Level: 8
swaps size : 4
Total taxon count : 5
Cg : -445.16010596157656
swaps size : 5
Total taxon count : 5
Cg : 5.684341886080802E-14
#iterations: 1
Level: 9
swaps size : 1
Total taxon count : 4
Cg : -112.22027257872844
swaps size : 0
Total taxon count : 4
Cg : 0.0
#iterations: 1
Level: 7
swaps size : 1
Total taxon count : 4
Cg : -60.974548965591595
swaps size : 0
Total taxon count : 4
Cg : 0.0
#iterations: 1
Level: 2
swaps size : 52
Total taxon count : 52
Cg : 0.0
#iterations: 0
Level: 3
swaps size : 27
Total taxon count : 27
Cg : 1.3969838619232178E-9
#iterations: 0
Level: 4
swaps size : 14
Total taxon count : 14
Cg : 2.9103830456733704E-11
#iterations: 0
Level: 5
swaps size : 10
Total taxon count : 10
Cg : 1.4551915228366852E-11
#iterations: 0
Level: 6
swaps size : 5
Total taxon count : 5
Cg : 0.0
#iterations: 0
Level: 7
swaps size : 1
Total taxon count : 4
Cg : -213.48718042161897
swaps size : 0
Total taxon count : 4
Cg : 0.0
#iterations: 1
Level: 6
swaps size : 7
Total taxon count : 7
Cg : -9.094947017729282E-12
#iterations: 0
Level: 7
swaps size : 6
Total taxon count : 6
Cg : 2.7284841053187847E-12
#iterations: 0
Level: 8
swaps size : 4
Total taxon count : 5
Cg : -671.3717481498089
swaps size : 5
Total taxon count : 5
Cg : 1.1368683772161603E-13
#iterations: 1
Level: 9
swaps size : 1
Total taxon count : 4
Cg : -187.3868229984306
swaps size : 0
Total taxon count : 4
Cg : 0.0
#iterations: 1
Level: 5
swaps size : 6
Total taxon count : 6
Cg : -2.2737367544323206E-13
#iterations: 0
Level: 6
swaps size : 4
Total taxon count : 5
Cg : -525.9495900924466
swaps size : 5
Total taxon count : 5
Cg : 0.0
#iterations: 1
Level: 7
swaps size : 1
Total taxon count : 4
Cg : -121.37500155739943
swaps size : 0
Total taxon count : 4
Cg : 0.0
#iterations: 1
Level: 4
swaps size : 15
Total taxon count : 15
Cg : -2.1827872842550278E-10
#iterations: 0
Level: 5
swaps size : 6
Total taxon count : 6
Cg : -4.547473508864641E-12
#iterations: 0
Level: 6
swaps size : 5
Total taxon count : 5
Cg : -2.2737367544323206E-12
#iterations: 0
Level: 7
swaps size : 1
Total taxon count : 4
Cg : -38.90824175824224
swaps size : 0
Total taxon count : 4
Cg : 0.0
#iterations: 1
Level: 5
swaps size : 11
Total taxon count : 11
Cg : 2.1827872842550278E-11
#iterations: 0
Level: 6
swaps size : 6
Total taxon count : 6
Cg : -9.094947017729282E-13
#iterations: 0
Level: 7
swaps size : 5
Total taxon count : 5
Cg : -6.821210263296962E-13
#iterations: 0
Level: 8
swaps size : 1
Total taxon count : 4
Cg : -40.827793040292335
swaps size : 0
Total taxon count : 4
Cg : 0.0
#iterations: 1
Level: 6
swaps size : 7
Total taxon count : 7
Cg : -1.546140993013978E-11
#iterations: 0
Level: 7
swaps size : 6
Total taxon count : 6
Cg : -9.094947017729282E-13
#iterations: 0
Level: 8
swaps size : 4
Total taxon count : 5
Cg : -398.63827798575136
swaps size : 5
Total taxon count : 5
Cg : 3.979039320256561E-13
#iterations: 1
Level: 9
swaps size : 1
Total taxon count : 4
Cg : -93.70919152276352
swaps size : 0
Total taxon count : 4
Cg : 0.0
#iterations: 1
Level: 3
swaps size : 27
Total taxon count : 27
Cg : 5.820766091346741E-10
#iterations: 0
Level: 4
swaps size : 9
Total taxon count : 9
Cg : -7.275957614183426E-12
#iterations: 0
Level: 5
swaps size : 5
Total taxon count : 5
Cg : 6.821210263296962E-13
#iterations: 0
Level: 6
swaps size : 0
Total taxon count : 4
Cg : 0.0
#iterations: 0
Level: 5
swaps size : 6
Total taxon count : 6
Cg : 7.73070496506989E-12
#iterations: 0
Level: 6
swaps size : 5
Total taxon count : 5
Cg : 1.1368683772161603E-12
#iterations: 0
Level: 7
swaps size : 0
Total taxon count : 4
Cg : 0.0
#iterations: 0
Level: 4
swaps size : 20
Total taxon count : 20
Cg : -2.9103830456733704E-11
#iterations: 0
Level: 5
swaps size : 8
Total taxon count : 8
Cg : -9.094947017729282E-12
#iterations: 0
Level: 6
swaps size : 5
Total taxon count : 5
Cg : 0.0
#iterations: 0
Level: 7
swaps size : 0
Total taxon count : 4
Cg : 0.0
#iterations: 0
Level: 6
swaps size : 5
Total taxon count : 5
Cg : 0.0
#iterations: 0
Level: 7
swaps size : 0
Total taxon count : 4
Cg : 0.0
#iterations: 0
Level: 5
swaps size : 14
Total taxon count : 14
Cg : -3.637978807091713E-11
#iterations: 0
Level: 6
swaps size : 6
Total taxon count : 6
Cg : 4.547473508864641E-13
#iterations: 0
Level: 7
swaps size : 5
Total taxon count : 5
Cg : 1.1368683772161603E-13
#iterations: 0
Level: 8
swaps size : 0
Total taxon count : 4
Cg : 0.0
#iterations: 0
Level: 6
swaps size : 10
Total taxon count : 10
Cg : 4.729372449219227E-11
#iterations: 0
Level: 7
swaps size : 7
Total taxon count : 7
Cg : 9.094947017729282E-13
#iterations: 0
Level: 8
swaps size : 6
Total taxon count : 6
Cg : 1.1368683772161603E-12
#iterations: 0
Level: 9
swaps size : 4
Total taxon count : 5
Cg : -311.06031323587104
swaps size : 5
Total taxon count : 5
Cg : -1.1368683772161603E-13
#iterations: 1
Level: 10
swaps size : 1
Total taxon count : 4
Cg : -98.38822851255864
swaps size : 0
Total taxon count : 4
Cg : 0.0
#iterations: 1
Level: 7
swaps size : 5
Total taxon count : 5
Cg : 0.0
#iterations: 0
Level: 8
swaps size : 1
Total taxon count : 4
Cg : -60.63328380802898
swaps size : 0
Total taxon count : 4
Cg : 0.0
#iterations: 1

Elapsed Time taken = 154270 ms ==> 2 minutes and 34 seconds.
CPU time used: 2 minutes, 33 seconds
10
Running WQFM Tree for 10...
Input file: 100taxa/DOI-10-13012-b2idb-5721322_v1/estimated/ntaxa-100.dlrate-0.0000000002.psize-10000000/10/g_trees-raxml-sqlen-50-disco-rooted-cleaned.tre
Consensus file: 100taxa/DOI-10-13012-b2idb-5721322_v1/estimated/ntaxa-100.dlrate-0.0000000002.psize-10000000/10/cons-50.greedy.tree
Output file: 100taxa/DOI-10-13012-b2idb-5721322_v1/estimated/ntaxa-100.dlrate-0.0000000002.psize-10000000/10/g_trees-raxml-sqlen-50-wqfm-tree.tre
Comp graph nodes count : 187602
Internal nodes count : 87615
taxa count : 100
Gene trees count : 1000
Level: 1
swaps size : 100
Total taxon count : 100
Cg : 0.0
#iterations: 0
Level: 2
swaps size : 51
Total taxon count : 51
Cg : 9.313225746154785E-9
#iterations: 0
Level: 3
swaps size : 24
Total taxon count : 24
Cg : -5.820766091346741E-10
#iterations: 0
Level: 4
swaps size : 14
Total taxon count : 14
Cg : 1.0186340659856796E-10
#iterations: 0
Level: 5
swaps size : 8
Total taxon count : 8
Cg : -1.4551915228366852E-11
#iterations: 0
Level: 6
swaps size : 1
Total taxon count : 4
Cg : -153.87561781076084
swaps size : 0
Total taxon count : 4
Cg : 0.0
#iterations: 1
Level: 6
swaps size : 6
Total taxon count : 6
Cg : 0.0
#iterations: 0
Level: 7
swaps size : 5
Total taxon count : 5
Cg : -1.5916157281026244E-12
#iterations: 0
Level: 8
swaps size : 0
Total taxon count : 4
Cg : 0.0
#iterations: 0
Level: 5
swaps size : 8
Total taxon count : 8
Cg : 1.4551915228366852E-11
#iterations: 0
Level: 6
swaps size : 0
Total taxon count : 4
Cg : 0.0
#iterations: 0
Level: 6
swaps size : 6
Total taxon count : 6
Cg : -1.3642420526593924E-12
#iterations: 0
Level: 7
swaps size : 5
Total taxon count : 5
Cg : 0.0
#iterations: 0
Level: 8
swaps size : 0
Total taxon count : 4
Cg : 0.0
#iterations: 0
Level: 4
swaps size : 12
Total taxon count : 12
Cg : -5.093170329928398E-11
#iterations: 0
Level: 5
swaps size : 6
Total taxon count : 6
Cg : 2.7284841053187847E-12
#iterations: 0
Level: 6
swaps size : 5
Total taxon count : 5
Cg : 2.7284841053187847E-12
#iterations: 0
Level: 7
swaps size : 0
Total taxon count : 4
Cg : 0.0
#iterations: 0
Level: 5
swaps size : 8
Total taxon count : 8
Cg : -1.546140993013978E-11
#iterations: 0
Level: 6
swaps size : 7
Total taxon count : 7
Cg : -4.547473508864641E-12
#iterations: 0
Level: 7
swaps size : 6
Total taxon count : 6
Cg : 6.821210263296962E-13
#iterations: 0
Level: 8
swaps size : 5
Total taxon count : 5
Cg : -3.410605131648481E-13
#iterations: 0
Level: 9
swaps size : 1
Total taxon count : 4
Cg : -139.35220673076907
swaps size : 0
Total taxon count : 4
Cg : 0.0
#iterations: 1
Level: 3
swaps size : 29
Total taxon count : 29
Cg : 9.313225746154785E-10
#iterations: 0
Level: 4
swaps size : 11
Total taxon count : 11
Cg : 1.4551915228366852E-11
#iterations: 0
Level: 5
swaps size : 6
Total taxon count : 6
Cg : -9.094947017729282E-13
#iterations: 0
Level: 6
swaps size : 5
Total taxon count : 5
Cg : 3.637978807091713E-12
#iterations: 0
Level: 7
swaps size : 0
Total taxon count : 4
Cg : 0.0
#iterations: 0
Level: 5
swaps size : 7
Total taxon count : 7
Cg : 7.73070496506989E-12
#iterations: 0
Level: 6
swaps size : 1
Total taxon count : 4
Cg : -32.700423340961265
swaps size : 0
Total taxon count : 4
Cg : 0.0
#iterations: 1
Level: 6
swaps size : 5
Total taxon count : 5
Cg : -6.821210263296962E-13
#iterations: 0
Level: 7
swaps size : 1
Total taxon count : 4
Cg : -30.025823035849953
swaps size : 0
Total taxon count : 4
Cg : 0.0
#iterations: 1
Level: 4
swaps size : 20
Total taxon count : 20
Cg : -2.6193447411060333E-10
#iterations: 0
Level: 5
swaps size : 10
Total taxon count : 10
Cg : 7.275957614183426E-12
#iterations: 0
Level: 6
swaps size : 6
Total taxon count : 6
Cg : -4.092726157978177E-12
#iterations: 0
Level: 7
swaps size : 0
Total taxon count : 4
Cg : 0.0
#iterations: 0
Level: 7
swaps size : 1
Total taxon count : 4
Cg : -45.87578392621873
swaps size : 0
Total taxon count : 4
Cg : 0.0
#iterations: 1
Level: 6
swaps size : 6
Total taxon count : 6
Cg : 0.0
#iterations: 0
Level: 7
swaps size : 5
Total taxon count : 5
Cg : 4.547473508864641E-13
#iterations: 0
Level: 8
swaps size : 1
Total taxon count : 4
Cg : -88.3667272727273
swaps size : 0
Total taxon count : 4
Cg : 0.0
#iterations: 1
Level: 5
swaps size : 12
Total taxon count : 12
Cg : -4.3655745685100555E-11
#iterations: 0
Level: 6
swaps size : 5
Total taxon count : 5
Cg : 2.2737367544323206E-13
#iterations: 0
Level: 7
swaps size : 0
Total taxon count : 4
Cg : 0.0
#iterations: 0
Level: 6
swaps size : 9
Total taxon count : 9
Cg : 2.000888343900442E-11
#iterations: 0
Level: 7
swaps size : 1
Total taxon count : 4
Cg : -90.6889371980676
swaps size : 0
Total taxon count : 4
Cg : 0.0
#iterations: 1
Level: 7
swaps size : 7
Total taxon count : 7
Cg : -2.2737367544323206E-13
#iterations: 0
Level: 8
swaps size : 5
Total taxon count : 5
Cg : 1.2505552149377763E-12
#iterations: 0
Level: 9
swaps size : 1
Total taxon count : 4
Cg : -26.815092592592464
swaps size : 0
Total taxon count : 4
Cg : 0.0
#iterations: 1
Level: 8
swaps size : 1
Total taxon count : 4
Cg : -37.08695430756799
swaps size : 0
Total taxon count : 4
Cg : 0.0
#iterations: 1
Level: 2
swaps size : 51
Total taxon count : 51
Cg : -1.30385160446167E-8
#iterations: 0
Level: 3
swaps size : 31
Total taxon count : 31
Cg : 6.984919309616089E-10
#iterations: 0
Level: 4
swaps size : 10
Total taxon count : 10
Cg : 3.2741809263825417E-11
#iterations: 0
Level: 5
swaps size : 5
Total taxon count : 5
Cg : 2.0463630789890885E-12
#iterations: 0
Level: 6
swaps size : 0
Total taxon count : 4
Cg : 0.0
#iterations: 0
Level: 5
swaps size : 7
Total taxon count : 7
Cg : -9.094947017729282E-13
#iterations: 0
Level: 6
swaps size : 0
Total taxon count : 4
Cg : 0.0
#iterations: 0
Level: 6
swaps size : 5
Total taxon count : 5
Cg : -2.5011104298755527E-12
#iterations: 0
Level: 7
swaps size : 1
Total taxon count : 4
Cg : -24.15423340548307
swaps size : 0
Total taxon count : 4
Cg : 0.0
#iterations: 1
Level: 4
swaps size : 23
Total taxon count : 23
Cg : 1.1641532182693481E-10
#iterations: 0
Level: 5
swaps size : 8
Total taxon count : 8
Cg : 0.0
#iterations: 0
Level: 6
swaps size : 5
Total taxon count : 5
Cg : 1.5916157281026244E-12
#iterations: 0
Level: 7
swaps size : 0
Total taxon count : 4
Cg : 0.0
#iterations: 0
Level: 6
swaps size : 5
Total taxon count : 5
Cg : 1.2505552149377763E-12
#iterations: 0
Level: 7
swaps size : 1
Total taxon count : 4
Cg : -70.22967509920628
swaps size : 0
Total taxon count : 4
Cg : 0.0
#iterations: 1
Level: 5
swaps size : 17
Total taxon count : 17
Cg : -7.275957614183426E-11
#iterations: 0
Level: 6
swaps size : 7
Total taxon count : 7
Cg : -9.094947017729282E-13
#iterations: 0
Level: 7
swaps size : 0
Total taxon count : 4
Cg : 0.0
#iterations: 0
Level: 7
swaps size : 5
Total taxon count : 5
Cg : 4.547473508864641E-13
#iterations: 0
Level: 8
swaps size : 1
Total taxon count : 4
Cg : -42.486382876382805
swaps size : 0
Total taxon count : 4
Cg : 0.0
#iterations: 1
Level: 6
swaps size : 12
Total taxon count : 12
Cg : 5.820766091346741E-11
#iterations: 0
Level: 7
swaps size : 5
Total taxon count : 5
Cg : -2.2737367544323206E-13
#iterations: 0
Level: 8
swaps size : 0
Total taxon count : 4
Cg : 0.0
#iterations: 0
Level: 7
swaps size : 9
Total taxon count : 9
Cg : -1.8189894035458565E-12
#iterations: 0
Level: 8
swaps size : 0
Total taxon count : 4
Cg : 0.0
#iterations: 0
Level: 8
swaps size : 7
Total taxon count : 7
Cg : 6.366462912410498E-12
#iterations: 0
Level: 9
swaps size : 5
Total taxon count : 6
Cg : -757.2737704711512
swaps size : 6
Total taxon count : 6
Cg : -1.0231815394945443E-12
#iterations: 1
Level: 10
swaps size : 4
Total taxon count : 5
Cg : -398.94377871210145
swaps size : 5
Total taxon count : 5
Cg : -1.7053025658242404E-13
#iterations: 1
Level: 11
swaps size : 1
Total taxon count : 4
Cg : -71.76566854056387
swaps size : 0
Total taxon count : 4
Cg : 0.0
#iterations: 1
Level: 3
swaps size : 22
Total taxon count : 22
Cg : 5.820766091346741E-11
#iterations: 0
Level: 4
swaps size : 9
Total taxon count : 9
Cg : 1.4551915228366852E-11
#iterations: 0
Level: 5
swaps size : 5
Total taxon count : 5
Cg : 1.3642420526593924E-12
#iterations: 0
Level: 6
swaps size : 1
Total taxon count : 4
Cg : -8.578380952380769
swaps size : 0
Total taxon count : 4
Cg : 0.0
#iterations: 1
Level: 5
swaps size : 6
Total taxon count : 6
Cg : -3.637978807091713E-12
#iterations: 0
Level: 6
swaps size : 5
Total taxon count : 5
Cg : -3.410605131648481E-13
#iterations: 0
Level: 7
swaps size : 1
Total taxon count : 4
Cg : -189.29619047619124
swaps size : 0
Total taxon count : 4
Cg : 0.0
#iterations: 1
Level: 4
swaps size : 15
Total taxon count : 15
Cg : -4.3655745685100555E-11
#iterations: 0
Level: 5
swaps size : 8
Total taxon count : 8
Cg : 3.637978807091713E-12
#iterations: 0
Level: 6
swaps size : 0
Total taxon count : 4
Cg : 0.0
#iterations: 0
Level: 6
swaps size : 6
Total taxon count : 6
Cg : -1.0459189070388675E-11
#iterations: 0
Level: 7
swaps size : 0
Total taxon count : 4
Cg : 0.0
#iterations: 0
Level: 7
swaps size : 0
Total taxon count : 4
Cg : 0.0
#iterations: 0
Level: 5
swaps size : 9
Total taxon count : 9
Cg : -1.8189894035458565E-11
#iterations: 0
Level: 6
swaps size : 7
Total taxon count : 7
Cg : -9.094947017729282E-13
#iterations: 0
Level: 7
swaps size : 6
Total taxon count : 6
Cg : 2.2737367544323206E-12
#iterations: 0
Level: 8
swaps size : 4
Total taxon count : 5
Cg : -528.3862698412674
swaps size : 5
Total taxon count : 5
Cg : -1.7053025658242404E-13
#iterations: 1
Level: 9
swaps size : 1
Total taxon count : 4
Cg : -141.91102678571477
swaps size : 0
Total taxon count : 4
Cg : 0.0
#iterations: 1
Level: 6
swaps size : 0
Total taxon count : 4
Cg : 0.0
#iterations: 0

Elapsed Time taken = 144343 ms ==> 2 minutes and 24 seconds.
CPU time used: 2 minutes, 23 seconds
01
02
03
04
05
06
07
08
09
10
01
02
03
04
05
06
07
08
09
10
