Processing model condition: sim500_dup0.25_loss0.1
01
02
03
04
05
06
07
08
09
10
Processing model condition: sim500_dup0.25_loss1
01
02
03
04
05
06
07
08
09
10
Processing model condition: sim500_dup1_loss0.1
01
02
03
04
05
06
07
08
09
10
Processing model condition: sim500_dup1_loss1
01
02
03
04
05
06
07
08
09
10
Processing model condition: sim500_dup3_loss0.1
01
02
03
04
05
06
07
08
09
10
Processing model condition: sim500_dup3_loss1
01
02
03
04
05
06
07
08
09
10
Processing model condition: sim500_dup0.25_loss0.1
01
Skipping 01, e100_apro-cleaned.tre already exists and is not empty.
02
Skipping 02, e100_apro-cleaned.tre already exists and is not empty.
03
Skipping 03, e100_apro-cleaned.tre already exists and is not empty.
04
Skipping 04, e100_apro-cleaned.tre already exists and is not empty.
05
Skipping 05, e100_apro-cleaned.tre already exists and is not empty.
06
Skipping 06, e100_apro-cleaned.tre already exists and is not empty.
07
Skipping 07, e100_apro-cleaned.tre already exists and is not empty.
08
Skipping 08, e100_apro-cleaned.tre already exists and is not empty.
09
Skipping 09, e100_apro-cleaned.tre already exists and is not empty.
10
Skipping 10, e100_apro-cleaned.tre already exists and is not empty.
Processing model condition: sim500_dup0.25_loss1
01
Skipping 01, e100_apro-cleaned.tre already exists and is not empty.
02
Skipping 02, e100_apro-cleaned.tre already exists and is not empty.
03
Skipping 03, e100_apro-cleaned.tre already exists and is not empty.
04
Skipping 04, e100_apro-cleaned.tre already exists and is not empty.
05
Skipping 05, e100_apro-cleaned.tre already exists and is not empty.
06
Skipping 06, e100_apro-cleaned.tre already exists and is not empty.
07
Skipping 07, e100_apro-cleaned.tre already exists and is not empty.
08
Skipping 08, e100_apro-cleaned.tre already exists and is not empty.
09
Skipping 09, e100_apro-cleaned.tre already exists and is not empty.
10
Skipping 10, e100_apro-cleaned.tre already exists and is not empty.
Processing model condition: sim500_dup1_loss0.1
01
Skipping 01, e100_apro-cleaned.tre already exists and is not empty.
02
Skipping 02, e100_apro-cleaned.tre already exists and is not empty.
03
Skipping 03, e100_apro-cleaned.tre already exists and is not empty.
04
Skipping 04, e100_apro-cleaned.tre already exists and is not empty.
05
Skipping 05, e100_apro-cleaned.tre already exists and is not empty.
06
Skipping 06, e100_apro-cleaned.tre already exists and is not empty.
07
Skipping 07, e100_apro-cleaned.tre already exists and is not empty.
08
Skipping 08, e100_apro-cleaned.tre already exists and is not empty.
09
Skipping 09, e100_apro-cleaned.tre already exists and is not empty.
10
Skipping 10, e100_apro-cleaned.tre already exists and is not empty.
Processing model condition: sim500_dup1_loss1
01
02
03
04
05
06
07
08
09
10
Processing model condition: sim500_dup3_loss0.1
01
02
03
04
05
06
07
08
09
10
Processing model condition: sim500_dup3_loss1
01
02
03
04
05
06
07
08
09
10
Processing model condition: sim500_dup0.25_loss0.1
01
Skipping disco.py for 01: Output './simulated/sim500/sim500_dup0.25_loss0.1/01/merged_gene_trees-disco-decomp.tre' already exists and is not empty.
Skipping treeCleaner.py for disco output of 01: Output './simulated/sim500/sim500_dup0.25_loss0.1/01/merged_gene_trees-disco-decomp-cleaned.tre' already exists and is not empty.
Skipping run_paup_consensus.pl for 01: Output './simulated/sim500/sim500_dup0.25_loss0.1/01/merged_gene_trees-consensus.greedy.tree' already exists and is not empty.
Skipping disco.py with --no-decomp for 01: Output './simulated/sim500/sim500_dup0.25_loss0.1/01/merged_gene_trees-disco-rooted.tre' already exists and is not empty.
Skipping treeCleaner.py for discoNoDecomp output of 01: Output './simulated/sim500/sim500_dup0.25_loss0.1/01/merged_gene_trees-disco-rooted-cleaned.tre' already exists and is not empty.
02
Running disco.py for 02...
Running treeCleaner.py for disco output of 02...
Running run_paup_consensus.pl for 02...
Running disco.py with --no-decomp for 02...
Running treeCleaner.py for discoNoDecomp output of 02...
03
Running disco.py for 03...
Running treeCleaner.py for disco output of 03...
Running run_paup_consensus.pl for 03...
Running disco.py with --no-decomp for 03...
Running treeCleaner.py for discoNoDecomp output of 03...
04
Running disco.py for 04...
Running treeCleaner.py for disco output of 04...
Running run_paup_consensus.pl for 04...
Running disco.py with --no-decomp for 04...
Running treeCleaner.py for discoNoDecomp output of 04...
05
Running disco.py for 05...
Running treeCleaner.py for disco output of 05...
Running run_paup_consensus.pl for 05...
Running disco.py with --no-decomp for 05...
Running treeCleaner.py for discoNoDecomp output of 05...
06
Running disco.py for 06...
Running treeCleaner.py for disco output of 06...
Running run_paup_consensus.pl for 06...
Running disco.py with --no-decomp for 06...
Running treeCleaner.py for discoNoDecomp output of 06...
07
Running disco.py for 07...
Running treeCleaner.py for disco output of 07...
Running run_paup_consensus.pl for 07...
Running disco.py with --no-decomp for 07...
Running treeCleaner.py for discoNoDecomp output of 07...
08
Running disco.py for 08...
Running treeCleaner.py for disco output of 08...
Running run_paup_consensus.pl for 08...
Running disco.py with --no-decomp for 08...
Running treeCleaner.py for discoNoDecomp output of 08...
09
Running disco.py for 09...
Running treeCleaner.py for disco output of 09...
Running run_paup_consensus.pl for 09...
Running disco.py with --no-decomp for 09...
Running treeCleaner.py for discoNoDecomp output of 09...
10
Running disco.py for 10...
Running treeCleaner.py for disco output of 10...
Running run_paup_consensus.pl for 10...
Running disco.py with --no-decomp for 10...
Running treeCleaner.py for discoNoDecomp output of 10...
01
Skipping WQFM Tree for 01: Output './simulated/sim500/sim500_dup0.25_loss0.1/01/merged_gene_trees-wqfm-tree.tre' already exists and is not empty.
02
Running WQFM Tree for 02...
03
Running WQFM Tree for 03...
04
Running WQFM Tree for 04...
05
Running WQFM Tree for 05...
06
Running WQFM Tree for 06...
07
Running WQFM Tree for 07...
08
Running WQFM Tree for 08...
09
Running WQFM Tree for 09...
10
Running WQFM Tree for 10...
Processing model condition: sim500_dup0.25_loss1
01
Skipping disco.py for 01: Output './simulated/sim500/sim500_dup0.25_loss1/01/merged_gene_trees-disco-decomp.tre' already exists and is not empty.
Skipping treeCleaner.py for disco output of 01: Output './simulated/sim500/sim500_dup0.25_loss1/01/merged_gene_trees-disco-decomp-cleaned.tre' already exists and is not empty.
Skipping run_paup_consensus.pl for 01: Output './simulated/sim500/sim500_dup0.25_loss1/01/merged_gene_trees-consensus.greedy.tree' already exists and is not empty.
Skipping disco.py with --no-decomp for 01: Output './simulated/sim500/sim500_dup0.25_loss1/01/merged_gene_trees-disco-rooted.tre' already exists and is not empty.
Skipping treeCleaner.py for discoNoDecomp output of 01: Output './simulated/sim500/sim500_dup0.25_loss1/01/merged_gene_trees-disco-rooted-cleaned.tre' already exists and is not empty.
02
Running disco.py for 02...
Running treeCleaner.py for disco output of 02...
Running run_paup_consensus.pl for 02...
Running disco.py with --no-decomp for 02...
Running treeCleaner.py for discoNoDecomp output of 02...
03
Running disco.py for 03...
Running treeCleaner.py for disco output of 03...
Running run_paup_consensus.pl for 03...
Running disco.py with --no-decomp for 03...
Running treeCleaner.py for discoNoDecomp output of 03...
04
Running disco.py for 04...
Running treeCleaner.py for disco output of 04...
Running run_paup_consensus.pl for 04...
Running disco.py with --no-decomp for 04...
Running treeCleaner.py for discoNoDecomp output of 04...
05
Running disco.py for 05...
Running treeCleaner.py for disco output of 05...
Running run_paup_consensus.pl for 05...
Running disco.py with --no-decomp for 05...
Running treeCleaner.py for discoNoDecomp output of 05...
06
Running disco.py for 06...
Running treeCleaner.py for disco output of 06...
Running run_paup_consensus.pl for 06...
Running disco.py with --no-decomp for 06...
Running treeCleaner.py for discoNoDecomp output of 06...
07
Running disco.py for 07...
Running treeCleaner.py for disco output of 07...
Running run_paup_consensus.pl for 07...
Running disco.py with --no-decomp for 07...
Running treeCleaner.py for discoNoDecomp output of 07...
08
Running disco.py for 08...
Running treeCleaner.py for disco output of 08...
Running run_paup_consensus.pl for 08...
Running disco.py with --no-decomp for 08...
Running treeCleaner.py for discoNoDecomp output of 08...
09
Running disco.py for 09...
Running treeCleaner.py for disco output of 09...
Running run_paup_consensus.pl for 09...
Running disco.py with --no-decomp for 09...
Running treeCleaner.py for discoNoDecomp output of 09...
10
Running disco.py for 10...
Running treeCleaner.py for disco output of 10...
Running run_paup_consensus.pl for 10...
Running disco.py with --no-decomp for 10...
Running treeCleaner.py for discoNoDecomp output of 10...
01
Skipping WQFM Tree for 01: Output './simulated/sim500/sim500_dup0.25_loss1/01/merged_gene_trees-wqfm-tree.tre' already exists and is not empty.
02
Running WQFM Tree for 02...
03
Running WQFM Tree for 03...
04
Running WQFM Tree for 04...
05
Running WQFM Tree for 05...
06
Running WQFM Tree for 06...
07
Running WQFM Tree for 07...
08
Running WQFM Tree for 08...
09
Running WQFM Tree for 09...
10
Running WQFM Tree for 10...
Processing model condition: sim500_dup1_loss0.1
01
Skipping disco.py for 01: Output './simulated/sim500/sim500_dup1_loss0.1/01/merged_gene_trees-disco-decomp.tre' already exists and is not empty.
Skipping treeCleaner.py for disco output of 01: Output './simulated/sim500/sim500_dup1_loss0.1/01/merged_gene_trees-disco-decomp-cleaned.tre' already exists and is not empty.
Skipping run_paup_consensus.pl for 01: Output './simulated/sim500/sim500_dup1_loss0.1/01/merged_gene_trees-consensus.greedy.tree' already exists and is not empty.
Skipping disco.py with --no-decomp for 01: Output './simulated/sim500/sim500_dup1_loss0.1/01/merged_gene_trees-disco-rooted.tre' already exists and is not empty.
Skipping treeCleaner.py for discoNoDecomp output of 01: Output './simulated/sim500/sim500_dup1_loss0.1/01/merged_gene_trees-disco-rooted-cleaned.tre' already exists and is not empty.
02
Running disco.py for 02...
Running treeCleaner.py for disco output of 02...
Running run_paup_consensus.pl for 02...
Running disco.py with --no-decomp for 02...
Running treeCleaner.py for discoNoDecomp output of 02...
03
Running disco.py for 03...
Running treeCleaner.py for disco output of 03...
Running run_paup_consensus.pl for 03...
Running disco.py with --no-decomp for 03...
Running treeCleaner.py for discoNoDecomp output of 03...
04
Running disco.py for 04...
Running treeCleaner.py for disco output of 04...
Running run_paup_consensus.pl for 04...
Running disco.py with --no-decomp for 04...
Running treeCleaner.py for discoNoDecomp output of 04...
05
Running disco.py for 05...
Running treeCleaner.py for disco output of 05...
Running run_paup_consensus.pl for 05...
Running disco.py with --no-decomp for 05...
Running treeCleaner.py for discoNoDecomp output of 05...
06
Running disco.py for 06...
Running treeCleaner.py for disco output of 06...
Running run_paup_consensus.pl for 06...
Running disco.py with --no-decomp for 06...
Running treeCleaner.py for discoNoDecomp output of 06...
07
Running disco.py for 07...
Running treeCleaner.py for disco output of 07...
Running run_paup_consensus.pl for 07...
Running disco.py with --no-decomp for 07...
Running treeCleaner.py for discoNoDecomp output of 07...
08
Running disco.py for 08...
Running treeCleaner.py for disco output of 08...
Running run_paup_consensus.pl for 08...
Running disco.py with --no-decomp for 08...
Running treeCleaner.py for discoNoDecomp output of 08...
09
Running disco.py for 09...
Running treeCleaner.py for disco output of 09...
Running run_paup_consensus.pl for 09...
Running disco.py with --no-decomp for 09...
Running treeCleaner.py for discoNoDecomp output of 09...
10
Running disco.py for 10...
Running treeCleaner.py for disco output of 10...
Running run_paup_consensus.pl for 10...
Running disco.py with --no-decomp for 10...
Running treeCleaner.py for discoNoDecomp output of 10...
01
Skipping WQFM Tree for 01: Output './simulated/sim500/sim500_dup1_loss0.1/01/merged_gene_trees-wqfm-tree.tre' already exists and is not empty.
02
Running WQFM Tree for 02...
03
Running WQFM Tree for 03...
04
Running WQFM Tree for 04...
05
Running WQFM Tree for 05...
06
Running WQFM Tree for 06...
07
Running WQFM Tree for 07...
08
Running WQFM Tree for 08...
09
Running WQFM Tree for 09...
10
Running WQFM Tree for 10...
Processing model condition: sim500_dup1_loss1
01
Running disco.py for 01...
Running treeCleaner.py for disco output of 01...
Running run_paup_consensus.pl for 01...
Running disco.py with --no-decomp for 01...
Running treeCleaner.py for discoNoDecomp output of 01...
02
Running disco.py for 02...
Running treeCleaner.py for disco output of 02...
Running run_paup_consensus.pl for 02...
Running disco.py with --no-decomp for 02...
Running treeCleaner.py for discoNoDecomp output of 02...
03
Running disco.py for 03...
Running treeCleaner.py for disco output of 03...
Running run_paup_consensus.pl for 03...
Running disco.py with --no-decomp for 03...
Running treeCleaner.py for discoNoDecomp output of 03...
04
Running disco.py for 04...
Running treeCleaner.py for disco output of 04...
Running run_paup_consensus.pl for 04...
Running disco.py with --no-decomp for 04...
Running treeCleaner.py for discoNoDecomp output of 04...
05
Running disco.py for 05...
Running treeCleaner.py for disco output of 05...
Running run_paup_consensus.pl for 05...
Running disco.py with --no-decomp for 05...
Running treeCleaner.py for discoNoDecomp output of 05...
06
Running disco.py for 06...
Running treeCleaner.py for disco output of 06...
Running run_paup_consensus.pl for 06...
Running disco.py with --no-decomp for 06...
Running treeCleaner.py for discoNoDecomp output of 06...
07
Running disco.py for 07...
Running treeCleaner.py for disco output of 07...
Running run_paup_consensus.pl for 07...
Running disco.py with --no-decomp for 07...
Running treeCleaner.py for discoNoDecomp output of 07...
08
Running disco.py for 08...
Running treeCleaner.py for disco output of 08...
Running run_paup_consensus.pl for 08...
Running disco.py with --no-decomp for 08...
Running treeCleaner.py for discoNoDecomp output of 08...
09
Running disco.py for 09...
Running treeCleaner.py for disco output of 09...
Running run_paup_consensus.pl for 09...
Running disco.py with --no-decomp for 09...
Running treeCleaner.py for discoNoDecomp output of 09...
10
Running disco.py for 10...
Running treeCleaner.py for disco output of 10...
Running run_paup_consensus.pl for 10...
Running disco.py with --no-decomp for 10...
Running treeCleaner.py for discoNoDecomp output of 10...
01
Running WQFM Tree for 01...
02
Running WQFM Tree for 02...
03
Running WQFM Tree for 03...
04
Running WQFM Tree for 04...
05
Running WQFM Tree for 05...
06
Running WQFM Tree for 06...
07
Running WQFM Tree for 07...
08
Running WQFM Tree for 08...
09
Running WQFM Tree for 09...
10
Running WQFM Tree for 10...
Processing model condition: sim500_dup3_loss0.1
01
Running disco.py for 01...
Processing model condition: sim500_dup0.25_loss0.1
01
Skipping 01, e100_apro-cleaned.tre already exists and is not empty.
02
Skipping 02, e100_apro-cleaned.tre already exists and is not empty.
03
Skipping 03, e100_apro-cleaned.tre already exists and is not empty.
04
Skipping 04, e100_apro-cleaned.tre already exists and is not empty.
05
Skipping 05, e100_apro-cleaned.tre already exists and is not empty.
06
Skipping 06, e100_apro-cleaned.tre already exists and is not empty.
07
Skipping 07, e100_apro-cleaned.tre already exists and is not empty.
08
Skipping 08, e100_apro-cleaned.tre already exists and is not empty.
09
Skipping 09, e100_apro-cleaned.tre already exists and is not empty.
10
Skipping 10, e100_apro-cleaned.tre already exists and is not empty.
Processing model condition: sim500_dup0.25_loss1
01
Skipping 01, e100_apro-cleaned.tre already exists and is not empty.
02
Skipping 02, e100_apro-cleaned.tre already exists and is not empty.
03
Skipping 03, e100_apro-cleaned.tre already exists and is not empty.
04
Skipping 04, e100_apro-cleaned.tre already exists and is not empty.
05
Skipping 05, e100_apro-cleaned.tre already exists and is not empty.
06
Skipping 06, e100_apro-cleaned.tre already exists and is not empty.
07
Skipping 07, e100_apro-cleaned.tre already exists and is not empty.
08
Skipping 08, e100_apro-cleaned.tre already exists and is not empty.
09
Skipping 09, e100_apro-cleaned.tre already exists and is not empty.
10
Skipping 10, e100_apro-cleaned.tre already exists and is not empty.
Processing model condition: sim500_dup1_loss0.1
01
Skipping 01, e100_apro-cleaned.tre already exists and is not empty.
02
Skipping 02, e100_apro-cleaned.tre already exists and is not empty.
03
Skipping 03, e100_apro-cleaned.tre already exists and is not empty.
04
Skipping 04, e100_apro-cleaned.tre already exists and is not empty.
05
Skipping 05, e100_apro-cleaned.tre already exists and is not empty.
06
Skipping 06, e100_apro-cleaned.tre already exists and is not empty.
07
Skipping 07, e100_apro-cleaned.tre already exists and is not empty.
08
Skipping 08, e100_apro-cleaned.tre already exists and is not empty.
09
Skipping 09, e100_apro-cleaned.tre already exists and is not empty.
10
Skipping 10, e100_apro-cleaned.tre already exists and is not empty.
Processing model condition: sim500_dup1_loss1
01
02
03
04
05
06
07
08
09
10
Processing model condition: sim500_dup3_loss0.1
01
02
03
04
05
Processing model condition: sim500_dup0.25_loss0.1
01
Skipping 01, e100_apro-cleaned.tre already exists and is not empty.
02
Skipping 02, e100_apro-cleaned.tre already exists and is not empty.
03
Skipping 03, e100_apro-cleaned.tre already exists and is not empty.
04
Skipping 04, e100_apro-cleaned.tre already exists and is not empty.
05
Skipping 05, e100_apro-cleaned.tre already exists and is not empty.
06
Skipping 06, e100_apro-cleaned.tre already exists and is not empty.
07
Skipping 07, e100_apro-cleaned.tre already exists and is not empty.
08
Skipping 08, e100_apro-cleaned.tre already exists and is not empty.
09
Skipping 09, e100_apro-cleaned.tre already exists and is not empty.
10
Skipping 10, e100_apro-cleaned.tre already exists and is not empty.
Processing model condition: sim500_dup0.25_loss1
01
Skipping 01, e100_apro-cleaned.tre already exists and is not empty.
02
Skipping 02, e100_apro-cleaned.tre already exists and is not empty.
03
Skipping 03, e100_apro-cleaned.tre already exists and is not empty.
04
Skipping 04, e100_apro-cleaned.tre already exists and is not empty.
05
Skipping 05, e100_apro-cleaned.tre already exists and is not empty.
06
Skipping 06, e100_apro-cleaned.tre already exists and is not empty.
07
Skipping 07, e100_apro-cleaned.tre already exists and is not empty.
08
Skipping 08, e100_apro-cleaned.tre already exists and is not empty.
09
Skipping 09, e100_apro-cleaned.tre already exists and is not empty.
10
Skipping 10, e100_apro-cleaned.tre already exists and is not empty.
Processing model condition: sim500_dup1_loss0.1
01
Skipping 01, e100_apro-cleaned.tre already exists and is not empty.
02
Skipping 02, e100_apro-cleaned.tre already exists and is not empty.
03
Skipping 03, e100_apro-cleaned.tre already exists and is not empty.
04
Skipping 04, e100_apro-cleaned.tre already exists and is not empty.
05
Skipping 05, e100_apro-cleaned.tre already exists and is not empty.
06
Skipping 06, e100_apro-cleaned.tre already exists and is not empty.
07
Skipping 07, e100_apro-cleaned.tre already exists and is not empty.
08
Skipping 08, e100_apro-cleaned.tre already exists and is not empty.
09
Skipping 09, e100_apro-cleaned.tre already exists and is not empty.
10
Skipping 10, e100_apro-cleaned.tre already exists and is not empty.
Processing model condition: sim500_dup1_loss1
01
Skipping 01, e100_apro-cleaned.tre already exists and is not empty.
02
Skipping 02, e100_apro-cleaned.tre already exists and is not empty.
03
Skipping 03, e100_apro-cleaned.tre already exists and is not empty.
04
Skipping 04, e100_apro-cleaned.tre already exists and is not empty.
05
Skipping 05, e100_apro-cleaned.tre already exists and is not empty.
06
Skipping 06, e100_apro-cleaned.tre already exists and is not empty.
07
Skipping 07, e100_apro-cleaned.tre already exists and is not empty.
08
Skipping 08, e100_apro-cleaned.tre already exists and is not empty.
09
Skipping 09, e100_apro-cleaned.tre already exists and is not empty.
10
Skipping 10, e100_apro-cleaned.tre already exists and is not empty.
Processing model condition: sim500_dup3_loss0.1
01
Skipping 01, e100_apro-cleaned.tre already exists and is not empty.
02
Skipping 02, e100_apro-cleaned.tre already exists and is not empty.
03
Skipping 03, e100_apro-cleaned.tre already exists and is not empty.
04
Skipping 04, e100_apro-cleaned.tre already exists and is not empty.
05
06
07
08
09
10
Processing model condition: sim500_dup3_loss1
01
02
03
04
05
06
07
08
09
10
