ASTRAL for PaRalogs and Orthologs III (ASTRAL-Pro3)
*** NOW with integrated CASTLES-Pro ***
Version: v1.22.3.6
Read 512 genetrees and found 100 species.
#Genetrees: 999
#Duploss: 7335
#Species: 100
#Rounds: 4
#Samples: 4
#Threads: 1
Use two-step algorithm!
Guide Tree 0/16
#NNI moves:0/152
Guide Tree 1/16
#NNI moves:0/152
Guide Tree 2/16
#NNI moves:0/152
Guide Tree 3/16
#NNI moves:0/152
Guide Tree 4/16
#NNI moves:0/152
Guide Tree 5/16
#NNI moves:0/152
Guide Tree 6/16
#NNI moves:0/152
Guide Tree 7/16
#NNI moves:0/152
Guide Tree 8/16
#NNI moves:0/152
Guide Tree 9/16
#NNI moves:0/152
Guide Tree 10/16
#NNI moves:0/152
Guide Tree 11/16
#NNI moves:0/152
Guide Tree 12/16
#NNI moves:0/152
Guide Tree 13/16
#NNI moves:0/152
Guide Tree 14/16
#NNI moves:0/152
Guide Tree 15/16
#NNI moves:0/152
Remaining: 0
#NNI moves:0/152
#NNI moves:0/152
((((((((((((((91,((30,94),36)),(((((50,23),44),(71,16)),97),77)),(((17,39),(33,41)),(((68,15),76),(18,51)))),((((((6,9),(8,(1,11))),10),(12,3)),7),((4,5),2))),((((52,47),(31,25)),(20,93)),(63,(58,19)))),((((88,81),(62,82)),(((83,((14,99),(28,66))),61),(67,42))),(37,38))),((49,89),((32,96),57))),(((79,(87,(21,90))),75),((((40,86),70),(34,(35,(55,69)))),(65,24)))),(54,98)),(((74,73),(84,59)),((46,85),(48,22)))),(78,(72,64))),(((92,95),100),(13,43))),((((60,27),29),45),(53,(56,26)))),80);
Guide Tree 0/16
#NNI moves:0/152
Guide Tree 1/16
#NNI moves:0/152
Guide Tree 2/16
#NNI moves:0/152
Guide Tree 3/16
#NNI moves:0/152
Guide Tree 4/16
#NNI moves:0/152
Guide Tree 5/16
#NNI moves:0/152
Guide Tree 6/16
#NNI moves:0/152
Guide Tree 7/16
#NNI moves:0/152
Guide Tree 8/16
#NNI moves:0/152
Guide Tree 9/16
#NNI moves:0/152
Guide Tree 10/16
#NNI moves:0/152
Guide Tree 11/16
#NNI moves:0/152
Guide Tree 12/16
#NNI moves:0/152
Guide Tree 13/16
#NNI moves:0/152
Guide Tree 14/16
#NNI moves:0/152
Guide Tree 15/16
#NNI moves:0/152
Remaining: 0
#NNI moves:0/152
#NNI moves:0/152
(((((((((((((((10,(((11,1),8),(6,9))),(12,3)),7),((5,4),2)),(((((30,94),36),91),((((16,71),(44,(50,23))),97),77)),(((76,(68,15)),(51,18)),((33,41),(39,17))))),((((52,47),(31,25)),(93,20)),((58,19),63))),((((88,81),(82,62)),((42,67),((((99,14),(66,28)),83),61))),(38,37))),((49,89),((96,32),57))),(((((90,21),87),79),75),((((86,40),70),((35,(55,69)),34)),(65,24)))),(98,54)),(((22,48),(46,85)),((84,59),(73,74)))),((64,72),78)),((43,13),((95,92),100))),((((60,27),29),45),((26,56),53))),80);
Guide Tree 0/16
#NNI moves:0/152
Guide Tree 1/16
#NNI moves:0/152
Guide Tree 2/16
#NNI moves:0/152
Guide Tree 3/16
#NNI moves:0/152
Guide Tree 4/16
#NNI moves:0/152
Guide Tree 5/16
#NNI moves:0/152
Guide Tree 6/16
#NNI moves:0/152
Guide Tree 7/16
#NNI moves:0/152
Guide Tree 8/16
#NNI moves:0/152
Guide Tree 9/16
#NNI moves:0/152
Guide Tree 10/16
#NNI moves:0/152
Guide Tree 11/16
#NNI moves:0/152
Guide Tree 12/16
#NNI moves:0/152
Guide Tree 13/16
#NNI moves:0/152
Guide Tree 14/16
#NNI moves:0/152
Guide Tree 15/16
#NNI moves:0/152
Remaining: 0
#NNI moves:0/152
#NNI moves:0/152
((((((((((((((((14,99),(28,66)),83),61),(42,67)),((62,82),(88,81))),(38,37)),(((((52,47),(25,31)),(93,20)),(63,(19,58))),((((((((11,1),8),(9,6)),10),(3,12)),7),((5,4),2)),((((51,18),((15,68),76)),((17,39),(33,41))),((((30,94),36),91),(((((50,23),44),(71,16)),97),77)))))),(((32,96),57),(49,89))),(((((35,(55,69)),34),(70,(86,40))),(24,65)),(75,(79,((90,21),87))))),(54,98)),(((48,22),(85,46)),((73,74),(59,84)))),((64,72),78)),(((92,95),100),(43,13))),(((26,56),53),(((60,27),29),45))),80);
Guide Tree 0/16
#NNI moves:0/152
Guide Tree 1/16
#NNI moves:0/152
Guide Tree 2/16
#NNI moves:0/152
Guide Tree 3/16
#NNI moves:0/152
Guide Tree 4/16
#NNI moves:0/152
Guide Tree 5/16
#NNI moves:0/152
Guide Tree 6/16
#NNI moves:0/152
Guide Tree 7/16
#NNI moves:0/152
Guide Tree 8/16
#NNI moves:0/152
Guide Tree 9/16
#NNI moves:0/152
Guide Tree 10/16
#NNI moves:0/152
Guide Tree 11/16
#NNI moves:0/152
Guide Tree 12/16
#NNI moves:0/152
Guide Tree 13/16
#NNI moves:0/152
Guide Tree 14/16
#NNI moves:0/152
Guide Tree 15/16
#NNI moves:0/152
Remaining: 0
#NNI moves:0/152
#NNI moves:0/152
((((((((((((((47,52),(31,25)),(20,93)),((19,58),63)),((((77,((((50,23),44),(16,71)),97)),((36,(30,94)),91)),(((76,(15,68)),(51,18)),((17,39),(41,33)))),((((10,((6,9),(8,(11,1)))),(12,3)),7),((4,5),2)))),((((42,67),((83,((99,14),(66,28))),61)),((82,62),(88,81))),(37,38))),((57,(32,96)),(49,89))),((75,(79,((21,90),87))),(((((55,69),35),34),((40,86),70)),(65,24)))),(98,54)),(((73,74),(84,59)),((85,46),(48,22)))),((72,64),78)),(((95,92),100),(13,43))),((((27,60),29),45),(53,(26,56)))),80);
Initial score: 2.1576e+09
Initial tree: ((((((((((((((47,52),(31,25)),(20,93)),((19,58),63)),((((77,((((50,23),44),(16,71)),97)),((36,(30,94)),91)),(((76,(15,68)),(51,18)),((17,39),(41,33)))),((((10,((6,9),(8,(11,1)))),(12,3)),7),((4,5),2)))),((((42,67),((83,((99,14),(66,28))),61)),((82,62),(88,81))),(37,38))),((57,(32,96)),(49,89))),((75,(79,((21,90),87))),(((((55,69),35),34),((40,86),70)),(65,24)))),(98,54)),(((73,74),(84,59)),((85,46),(48,22)))),((72,64),78)),(((95,92),100),(13,43))),((((27,60),29),45),(53,(26,56)))),80);
*** Subsample Process ***
Use two-step algorithm!
#NNI moves:0/152
Remaining: 0
#NNI moves:0/152
#NNI moves:0/152
(((((((((((88,81),(62,82)),(((((28,66),(99,14)),83),61),(42,67))),(38,37)),(((((((((92,95),100),(13,43)),(((53,(26,56)),(((27,60),29),45)),80)),((72,64),78)),(((85,46),(22,48)),((74,73),(59,84)))),(54,98)),(((24,65),((((55,69),35),34),((86,40),70))),((((21,90),87),79),75))),(((32,96),57),(89,49)))),((((((((50,23),44),(71,16)),97),77),(((94,30),36),91)),(((33,41),(39,17)),(((15,68),76),(51,18)))),((7,(((((1,11),8),(9,6)),10),(12,3))),((4,5),2)))),(63,(19,58))),(20,93)),(31,25)),52),47);
#NNI moves:0/152
Remaining: 0
#NNI moves:0/152
#NNI moves:0/152
((((((((((((((((((15,68),76),(18,51)),((33,41),(17,39))),((77,(97,((71,16),(44,(23,50))))),(91,((30,94),36)))),(((4,5),2),(((((9,6),((1,11),8)),10),(3,12)),7))),((((31,25),(52,47)),(20,93)),(63,(19,58)))),((((82,62),(81,88)),((61,(((14,99),(28,66)),83)),(42,67))),(38,37))),(((32,96),57),(49,89))),(((65,24),((70,(40,86)),(34,((69,55),35)))),((79,((90,21),87)),75))),(98,54)),(((46,85),(22,48)),((74,73),(84,59)))),((64,72),78)),((100,(95,92)),(13,43))),80),(45,((60,27),29))),(56,26)),53);
#NNI moves:0/152
Remaining: 0
#NNI moves:0/152
#NNI moves:0/152
((((((((((((((((79,((90,21),87)),75),((((86,40),70),(((55,69),35),34)),(65,24))),(((((((45,((60,27),29)),((26,56),53)),80),(((95,92),100),(43,13))),((72,64),78)),(((59,84),(73,74)),((48,22),(46,85)))),(54,98))),(((32,96),57),(49,89))),((((88,81),(82,62)),(((((66,28),(14,99)),83),61),(67,42))),(37,38))),((((25,31),(47,52)),(20,93)),((58,19),63))),(((4,5),2),(((((8,(1,11)),(6,9)),10),(3,12)),7))),(((33,41),(39,17)),(((15,68),76),(18,51)))),(91,((30,94),36))),77),97),(71,16)),44),50),23);
#NNI moves:0/152
Remaining: 0
#NNI moves:0/152
#NNI moves:0/152
(((((((((((((((((((((16,71),((50,23),44)),97),77),((36,(94,30)),91)),(((51,18),((68,15),76)),((41,33),(17,39)))),((((((9,6),(8,(1,11))),10),(12,3)),7),(2,(5,4)))),((63,(58,19)),(((31,25),(47,52)),(20,93)))),((((88,81),(82,62)),(((((99,14),(28,66)),83),61),(67,42))),(37,38))),((89,49),(57,(96,32)))),((((70,(86,40)),(((55,69),35),34)),(65,24)),((79,(87,(21,90))),75))),(98,54)),(((48,22),(85,46)),((73,74),(59,84)))),((64,72),78)),(((92,95),100),(43,13))),80),((26,56),53)),45),29),27),60);
Current score: 2.1576e+09
Current tree: (((((((((((((((((16,71),((50,23),44)),97),77),((36,(94,30)),91)),(((51,18),((68,15),76)),((41,33),(17,39)))),((((((9,6),(8,(1,11))),10),(12,3)),7),(2,(5,4)))),((63,(58,19)),(((31,25),(47,52)),(20,93)))),((((88,81),(82,62)),(((((99,14),(28,66)),83),61),(67,42))),(37,38))),((89,49),(57,(96,32)))),((((70,(86,40)),(((55,69),35),34)),(65,24)),((79,(87,(21,90))),75))),(98,54)),(((48,22),(85,46)),((73,74),(59,84)))),((64,72),78)),(((92,95),100),(43,13))),(((26,56),53),(45,(29,(27,60))))),80);
Final Tree: (((((((((((((((((16,71),((50,23),44)),97),77),((36,(94,30)),91)),(((51,18),((68,15),76)),((41,33),(17,39)))),((((((9,6),(8,(1,11))),10),(12,3)),7),(2,(5,4)))),((63,(58,19)),(((31,25),(47,52)),(20,93)))),((((88,81),(82,62)),(((((99,14),(28,66)),83),61),(67,42))),(37,38))),((89,49),(57,(96,32)))),((((70,(86,40)),(((55,69),35),34)),(65,24)),((79,(87,(21,90))),75))),(98,54)),(((48,22),(85,46)),((73,74),(59,84)))),((64,72),78)),(((92,95),100),(43,13))),(((26,56),53),(45,(29,(27,60))))),80);
#EqQuartets: 2292691688
Score: 2157602214
ASTRAL for PaRalogs and Orthologs III (ASTRAL-Pro3)
*** NOW with integrated CASTLES-Pro ***
Version: v1.22.3.6
Read 512 genetrees and found 100 species.
#Genetrees: 1000
#Duploss: 7144
#Species: 100
#Rounds: 4
#Samples: 4
#Threads: 1
Use two-step algorithm!
Guide Tree 0/16
#NNI moves:0/152
Guide Tree 1/16
#NNI moves:0/152
Guide Tree 2/16
#NNI moves:0/152
Guide Tree 3/16
#NNI moves:0/152
Guide Tree 4/16
#NNI moves:0/152
Guide Tree 5/16
#NNI moves:0/152
Guide Tree 6/16
#NNI moves:0/152
Guide Tree 7/16
#NNI moves:0/152
Guide Tree 8/16
#NNI moves:0/152
Guide Tree 9/16
#NNI moves:0/152
Guide Tree 10/16
#NNI moves:0/152
Guide Tree 11/16
#NNI moves:0/152
Guide Tree 12/16
#NNI moves:0/152
Guide Tree 13/16
#NNI moves:0/152
Guide Tree 14/16
#NNI moves:0/152
Guide Tree 15/16
#NNI moves:0/152
Remaining: 1
#NNI moves:2/152
#NNI moves:2/152
(((((((9,(49,7)),(33,54)),((((25,(8,3)),13),(72,15)),(((((11,76),(28,42)),39),12),((29,37),(1,61))))),((5,57),((52,(38,51)),((36,71),(75,65))))),((((((((60,(63,35)),(22,53)),(6,20)),((32,19),62)),((((27,26),4),(2,(68,66))),74)),((44,(((43,73),69),58)),((31,(41,46)),10))),((((((81,(92,89)),94),(((84,79),97),((96,82),90))),((83,86),((85,(77,98)),100))),(((78,(93,99)),((88,91),95)),(87,80))),((((47,64),(55,(40,16))),(70,30)),((34,59),(45,23))))),((50,18),(21,24)))),((17,(67,56)),48)),14);
Guide Tree 0/16
#NNI moves:0/152
Guide Tree 1/16
#NNI moves:0/152
Guide Tree 2/16
#NNI moves:0/152
Guide Tree 3/16
#NNI moves:0/152
Guide Tree 4/16
#NNI moves:0/152
Guide Tree 5/16
#NNI moves:0/152
Guide Tree 6/16
#NNI moves:0/152
Guide Tree 7/16
#NNI moves:0/152
Guide Tree 8/16
#NNI moves:0/152
Guide Tree 9/16
#NNI moves:0/152
Guide Tree 10/16
#NNI moves:0/152
Guide Tree 11/16
#NNI moves:0/152
Guide Tree 12/16
#NNI moves:0/152
Guide Tree 13/16
#NNI moves:0/152
Guide Tree 14/16
#NNI moves:0/152
Guide Tree 15/16
#NNI moves:0/152
Remaining: 0
#NNI moves:4/152
#NNI moves:4/152
((((((((((95,(88,91)),((93,99),78)),(80,87)),(((94,(81,(89,92))),(((79,84),97),(90,(96,82)))),((100,((77,98),85)),(86,83)))),((((47,64),((40,16),55)),(70,30)),((45,23),(34,59)))),(((((32,19),62),(((60,(35,63)),(22,53)),(20,6))),(((4,(26,27)),((66,68),2)),74)),(((58,((73,43),69)),44),(10,((41,46),31))))),((21,24),(50,18))),((((((37,29),(61,1)),((((76,11),(42,28)),39),12)),((15,72),((25,(3,8)),13))),((54,33),(9,(49,7)))),((57,5),(((65,75),(36,71)),((38,51),52))))),((17,(56,67)),48)),14);
Guide Tree 0/16
#NNI moves:0/152
Guide Tree 1/16
#NNI moves:0/152
Guide Tree 2/16
#NNI moves:0/152
Guide Tree 3/16
#NNI moves:0/152
Guide Tree 4/16
#NNI moves:0/152
Guide Tree 5/16
#NNI moves:0/152
Guide Tree 6/16
#NNI moves:0/152
Guide Tree 7/16
#NNI moves:0/152
Guide Tree 8/16
#NNI moves:0/152
Guide Tree 9/16
#NNI moves:0/152
Guide Tree 10/16
#NNI moves:0/152
Guide Tree 11/16
#NNI moves:0/152
Guide Tree 12/16
#NNI moves:0/152
Guide Tree 13/16
#NNI moves:0/152
Guide Tree 14/16
#NNI moves:0/152
Guide Tree 15/16
#NNI moves:0/152
Remaining: 0
#NNI moves:4/152
#NNI moves:4/152
((((((((((2,(66,68)),((26,27),4)),74),(((((63,35),60),(53,22)),(20,6)),((32,19),62))),((((41,46),31),10),((((43,73),69),58),44))),(((((47,64),((16,40),55)),(70,30)),((34,59),(23,45))),(((80,87),(((99,93),78),(95,(88,91)))),(((94,((92,89),81)),(((84,79),97),((82,96),90))),(((85,(77,98)),100),(83,86)))))),((50,18),(24,21))),(((((72,15),(((3,8),25),13)),(((((28,42),(76,11)),39),12),((1,61),(37,29)))),((33,54),(9,(7,49)))),((57,5),(((65,75),(36,71)),((38,51),52))))),(((56,67),17),48)),14);
Guide Tree 0/16
#NNI moves:0/152
Guide Tree 1/16
#NNI moves:0/152
Guide Tree 2/16
#NNI moves:0/152
Guide Tree 3/16
#NNI moves:0/152
Guide Tree 4/16
#NNI moves:0/152
Guide Tree 5/16
#NNI moves:0/152
Guide Tree 6/16
#NNI moves:0/152
Guide Tree 7/16
#NNI moves:0/152
Guide Tree 8/16
#NNI moves:0/152
Guide Tree 9/16
#NNI moves:0/152
Guide Tree 10/16
#NNI moves:0/152
Guide Tree 11/16
#NNI moves:0/152
Guide Tree 12/16
#NNI moves:0/152
Guide Tree 13/16
#NNI moves:0/152
Guide Tree 14/16
#NNI moves:0/152
Guide Tree 15/16
#NNI moves:0/152
Remaining: 1
#NNI moves:0/152
#NNI moves:0/152
((((((((12,(((42,28),(11,76)),39)),((37,29),(61,1))),((((3,8),25),13),(72,15))),((54,33),((7,49),9))),((5,57),(((36,71),(75,65)),((38,51),52)))),((((((23,45),(59,34)),((70,30),((64,47),(55,(40,16))))),(((((97,(84,79)),(90,(82,96))),((81,(89,92)),94)),((83,86),((85,(98,77)),100))),(((95,(91,88)),(78,(93,99))),(80,87)))),(((((46,41),31),10),(((69,(43,73)),58),44)),((((19,32),62),((((35,63),60),(22,53)),(6,20))),(((4,(27,26)),((66,68),2)),74)))),((21,24),(50,18)))),(48,((56,67),17))),14);
Initial score: 2.12113e+09
Initial tree: ((((((((12,(((42,28),(11,76)),39)),((37,29),(61,1))),((((3,8),25),13),(72,15))),((54,33),((7,49),9))),((5,57),(((36,71),(75,65)),((38,51),52)))),((((((23,45),(59,34)),((70,30),((64,47),(55,(40,16))))),(((((97,(84,79)),(90,(82,96))),((81,(89,92)),94)),((83,86),((85,(98,77)),100))),(((95,(91,88)),(78,(93,99))),(80,87)))),(((((46,41),31),10),(((69,(43,73)),58),44)),((((19,32),62),((((35,63),60),(22,53)),(6,20))),(((4,(27,26)),((66,68),2)),74)))),((21,24),(50,18)))),(48,((56,67),17))),14);
*** Subsample Process ***
Use two-step algorithm!
#NNI moves:0/152
Remaining: 0
#NNI moves:2/152
#NNI moves:2/152
((((((((((((((((84,79),97),((82,96),90)),(((92,89),81),94)),(((85,(77,98)),100),(86,83))),((((88,91),95),((93,99),78)),(87,80))),(((70,30),((64,47),((40,16),55))),((59,34),(23,45)))),((((((60,(63,35)),(22,53)),(20,6)),((19,32),62)),((((26,27),4),((66,68),2)),74)),(((58,((43,73),69)),44),(((46,41),31),10)))),((24,21),(18,50))),((48,((56,67),17)),14)),((((51,38),52),((36,71),(75,65))),(57,5))),((33,54),((7,49),9))),(((((11,76),(42,28)),39),12),((1,61),(37,29)))),((25,(8,3)),13)),15),72);
#NNI moves:0/152
Remaining: 0
#NNI moves:0/152
#NNI moves:0/152
(((((((((((((82,96),90),(97,(79,84))),(((92,89),81),94)),(((85,(98,77)),100),(86,83))),((87,80),(((88,91),95),(78,(93,99))))),((((47,64),(55,(16,40))),(70,30)),((59,34),(23,45)))),((((((43,73),69),58),44),((31,(41,46)),10)),((((((35,63),60),(53,22)),(6,20)),((32,19),62)),((((26,27),4),(2,(66,68))),74)))),((21,24),(50,18))),((((((((11,76),(28,42)),39),12),((29,37),(61,1))),(((25,(8,3)),13),(72,15))),(((49,7),9),(54,33))),((5,57),(((65,75),(71,36)),(52,(38,51)))))),14),((67,56),17)),48);
#NNI moves:0/152
Remaining: 0
#NNI moves:0/152
#NNI moves:0/152
(((((((((((((32,19),62),(((60,(35,63)),(53,22)),(20,6))),((((27,26),4),(2,(68,66))),74)),(((((43,73),69),58),44),(10,((46,41),31)))),((((((((29,37),(1,61)),((39,((76,11),(28,42))),12)),((((8,3),25),13),(15,72))),((54,33),((49,7),9))),((5,57),(((75,65),(36,71)),(52,(38,51))))),(((17,(56,67)),48),14)),((21,24),(50,18)))),(((70,30),((55,(16,40)),(64,47))),((45,23),(34,59)))),((87,80),(((88,91),95),((93,99),78)))),((((82,96),90),((84,79),97)),(94,((89,92),81)))),(83,86)),100),(98,77)),85);
#NNI moves:0/152
Remaining: 0
#NNI moves:4/152
#NNI moves:4/152
(((((((((((((60,(35,63)),(22,53)),(6,20)),(62,(19,32))),((((66,68),2),((27,26),4)),74)),((((46,41),31),10),(((69,(73,43)),58),44))),(((((((84,79),97),((96,82),90)),(((92,89),81),94)),((100,((77,98),85)),(83,86))),((((99,93),78),((91,88),95)),(87,80))),((((64,47),(55,(40,16))),(30,70)),((34,59),(45,23))))),((21,24),(50,18))),(((((12,(((28,42),(11,76)),39)),((37,29),(61,1))),((72,15),(((8,3),25),13))),((33,54),((7,49),9))),((57,5),(((71,36),(65,75)),(52,(51,38)))))),14),48),(56,67)),17);
Current score: 2.12113e+09
Current tree: (((((((((((60,(35,63)),(22,53)),(6,20)),(62,(19,32))),((((66,68),2),((27,26),4)),74)),((((46,41),31),10),(((69,(73,43)),58),44))),(((((((84,79),97),((96,82),90)),(((92,89),81),94)),((100,((77,98),85)),(83,86))),((((99,93),78),((91,88),95)),(87,80))),((((64,47),(55,(40,16))),(30,70)),((34,59),(45,23))))),((21,24),(50,18))),(((((12,(((28,42),(11,76)),39)),((37,29),(61,1))),((72,15),(((8,3),25),13))),((33,54),((7,49),9))),((57,5),(((71,36),(65,75)),(52,(51,38)))))),(48,((56,67),17))),14);
Final Tree: (((((((((((60,(35,63)),(22,53)),(6,20)),(62,(19,32))),((((66,68),2),((27,26),4)),74)),((((46,41),31),10),(((69,(73,43)),58),44))),(((((((84,79),97),((96,82),90)),(((92,89),81),94)),((100,((77,98),85)),(83,86))),((((99,93),78),((91,88),95)),(87,80))),((((64,47),(55,(40,16))),(30,70)),((34,59),(45,23))))),((21,24),(50,18))),(((((12,(((28,42),(11,76)),39)),((37,29),(61,1))),((72,15),(((8,3),25),13))),((33,54),((7,49),9))),((57,5),(((71,36),(65,75)),(52,(51,38)))))),(48,((56,67),17))),14);
#EqQuartets: 2277390589
Score: 2121131350
ASTRAL for PaRalogs and Orthologs III (ASTRAL-Pro3)
*** NOW with integrated CASTLES-Pro ***
Version: v1.22.3.6
Read 512 genetrees and found 100 species.
#Genetrees: 1000
#Duploss: 6380
#Species: 100
#Rounds: 4
#Samples: 4
#Threads: 1
Use two-step algorithm!
Guide Tree 0/16
#NNI moves:0/152
Guide Tree 1/16
#NNI moves:0/152
Guide Tree 2/16
#NNI moves:0/152
Guide Tree 3/16
#NNI moves:0/152
Guide Tree 4/16
#NNI moves:0/152
Guide Tree 5/16
#NNI moves:0/152
Guide Tree 6/16
#NNI moves:0/152
Guide Tree 7/16
#NNI moves:0/152
Guide Tree 8/16
#NNI moves:0/152
Guide Tree 9/16
#NNI moves:0/152
Guide Tree 10/16
#NNI moves:0/152
Guide Tree 11/16
#NNI moves:0/152
Guide Tree 12/16
#NNI moves:0/152
Guide Tree 13/16
#NNI moves:0/152
Guide Tree 14/16
#NNI moves:0/152
Guide Tree 15/16
#NNI moves:0/152
Remaining: 0
#NNI moves:0/152
#NNI moves:0/152
((((((((((((((((((62,91),88),(((71,80),97),(96,98))),((74,93),(((81,(((83,(90,75)),((79,61),63)),(87,58))),(85,59)),(100,(86,73))))),((((89,(94,92)),((64,(99,76)),77)),(((82,((67,70),65)),69),68)),((78,((60,84),95)),(66,72)))),(((39,((16,((34,(17,48)),29)),7)),(42,(33,38))),41)),(((19,((32,54),(9,(53,24)))),(27,26)),(10,3))),((((46,4),(21,13)),28),((1,18),31))),(((20,8),25),(55,(51,14)))),56),(47,(2,(36,22)))),(57,12)),(50,((43,49),11))),52),((5,45),(30,37))),(6,((44,15),23))),35),40);
Guide Tree 0/16
#NNI moves:0/152
Guide Tree 1/16
#NNI moves:0/152
Guide Tree 2/16
#NNI moves:0/152
Guide Tree 3/16
#NNI moves:0/152
Guide Tree 4/16
#NNI moves:0/152
Guide Tree 5/16
#NNI moves:0/152
Guide Tree 6/16
#NNI moves:0/152
Guide Tree 7/16
#NNI moves:0/152
Guide Tree 8/16
#NNI moves:0/152
Guide Tree 9/16
#NNI moves:0/152
Guide Tree 10/16
#NNI moves:0/152
Guide Tree 11/16
#NNI moves:0/152
Guide Tree 12/16
#NNI moves:0/152
Guide Tree 13/16
#NNI moves:0/152
Guide Tree 14/16
#NNI moves:0/152
Guide Tree 15/16
#NNI moves:0/152
Remaining: 0
#NNI moves:0/152
#NNI moves:0/152
((((((((((((((((((62,91),88),((98,96),(97,(80,71)))),((74,93),(((59,85),(((((75,90),83),((61,79),63)),(87,58)),81)),((86,73),100)))),(((((((70,67),65),82),69),68),(((94,92),89),(((76,99),64),77))),((((60,84),95),78),(66,72)))),(((39,(7,((((17,48),34),29),16))),(42,(33,38))),41)),((((((53,24),9),(32,54)),19),(27,26)),(10,3))),((31,(18,1)),(((13,21),(4,46)),28))),((25,(8,20)),(55,(14,51)))),56),(((36,22),2),47)),(57,12)),(((49,43),11),50)),52),((45,5),(37,30))),((23,(44,15)),6)),35),40);
Guide Tree 0/16
#NNI moves:0/152
Guide Tree 1/16
#NNI moves:0/152
Guide Tree 2/16
#NNI moves:0/152
Guide Tree 3/16
#NNI moves:0/152
Guide Tree 4/16
#NNI moves:0/152
Guide Tree 5/16
#NNI moves:0/152
Guide Tree 6/16
#NNI moves:0/152
Guide Tree 7/16
#NNI moves:0/152
Guide Tree 8/16
#NNI moves:0/152
Guide Tree 9/16
#NNI moves:0/152
Guide Tree 10/16
#NNI moves:0/152
Guide Tree 11/16
#NNI moves:0/152
Guide Tree 12/16
#NNI moves:0/152
Guide Tree 13/16
#NNI moves:0/152
Guide Tree 14/16
#NNI moves:0/152
Guide Tree 15/16
#NNI moves:0/152
Remaining: 0
#NNI moves:0/152
#NNI moves:0/152
(((((((((((((((((((((67,70),65),82),69),68),(((92,94),89),((64,(76,99)),77))),((((60,84),95),78),(72,66))),(((((((((79,61),63),((75,90),83)),(58,87)),81),(85,59)),(100,(73,86))),(93,74)),((88,(62,91)),((96,98),((71,80),97))))),(((39,(7,((29,((48,17),34)),16))),((33,38),42)),41)),(((26,27),(19,(((53,24),9),(54,32)))),(10,3))),((((46,4),(21,13)),28),((18,1),31))),((25,(20,8)),((51,14),55))),56),(47,(2,(22,36)))),(57,12)),(((49,43),11),50)),52),((45,5),(37,30))),((23,(44,15)),6)),35),40);
Guide Tree 0/16
#NNI moves:0/152
Guide Tree 1/16
#NNI moves:0/152
Guide Tree 2/16
#NNI moves:0/152
Guide Tree 3/16
#NNI moves:0/152
Guide Tree 4/16
#NNI moves:0/152
Guide Tree 5/16
#NNI moves:0/152
Guide Tree 6/16
#NNI moves:0/152
Guide Tree 7/16
#NNI moves:0/152
Guide Tree 8/16
#NNI moves:0/152
Guide Tree 9/16
#NNI moves:0/152
Guide Tree 10/16
#NNI moves:0/152
Guide Tree 11/16
#NNI moves:0/152
Guide Tree 12/16
#NNI moves:0/152
Guide Tree 13/16
#NNI moves:0/152
Guide Tree 14/16
#NNI moves:0/152
Guide Tree 15/16
#NNI moves:0/152
Remaining: 0
#NNI moves:0/152
#NNI moves:0/152
((((((((((((((((((((65,(67,70)),82),69),68),(((92,94),89),((64,(76,99)),77))),((((84,60),95),78),(66,72))),(((((73,86),100),((59,85),(81,(((83,(75,90)),((79,61),63)),(87,58))))),(93,74)),((((80,71),97),(96,98)),((62,91),88)))),((((33,38),42),(((16,((34,(17,48)),29)),7),39)),41)),((((((24,53),9),(54,32)),19),(27,26)),(3,10))),(((18,1),31),(28,((46,4),(13,21))))),(((8,20),25),(55,(14,51)))),56),(47,((22,36),2))),(57,12)),(((43,49),11),50)),52),((45,5),(37,30))),((23,(44,15)),6)),35),40);
Initial score: 2.16332e+09
Initial tree: ((((((((((((((((((((65,(67,70)),82),69),68),(((92,94),89),((64,(76,99)),77))),((((84,60),95),78),(66,72))),(((((73,86),100),((59,85),(81,(((83,(75,90)),((79,61),63)),(87,58))))),(93,74)),((((80,71),97),(96,98)),((62,91),88)))),((((33,38),42),(((16,((34,(17,48)),29)),7),39)),41)),((((((24,53),9),(54,32)),19),(27,26)),(3,10))),(((18,1),31),(28,((46,4),(13,21))))),(((8,20),25),(55,(14,51)))),56),(47,((22,36),2))),(57,12)),(((43,49),11),50)),52),((45,5),(37,30))),((23,(44,15)),6)),35),40);
*** Subsample Process ***
Use two-step algorithm!
#NNI moves:0/152
Remaining: 0
#NNI moves:0/152
#NNI moves:0/152
((((((((((((((((((((43,49),11),50),((((35,40),(((15,44),23),6)),((37,30),(45,5))),52)),(57,12)),((2,(36,22)),47)),56),(((51,14),55),((8,20),25))),((((46,4),(21,13)),28),((1,18),31))),((((((53,24),9),(54,32)),19),(27,26)),(10,3))),((((33,38),42),(((16,(29,((17,48),34))),7),39)),41)),((((((((63,(79,61)),((75,90),83)),(87,58)),81),(85,59)),(100,(73,86))),(74,93)),(((91,62),88),(((80,71),97),(98,96))))),((72,66),(((84,60),95),78))),((89,(92,94)),(77,(64,(76,99))))),68),69),82),65),70),67);
#NNI moves:0/152
Remaining: 0
#NNI moves:0/152
#NNI moves:0/152
((((((((((((((((((89,(92,94)),((64,(76,99)),77)),(68,((82,(65,(67,70))),69))),((66,72),(78,(95,(60,84))))),((((97,(71,80)),(96,98)),((62,91),88)),((93,74),(((((58,87),(((79,61),63),((75,90),83))),81),(85,59)),(100,(73,86)))))),(((42,(33,38)),(39,((16,(29,(34,(48,17)))),7))),41)),((((((24,53),9),(54,32)),19),(27,26)),(10,3))),(((1,18),31),(28,((13,21),(4,46))))),(((51,14),55),(25,(20,8)))),56),(((22,36),2),47)),(12,57)),((11,(43,49)),50)),52),((30,37),(5,45))),(6,(23,(44,15)))),40),35);
#NNI moves:0/152
Remaining: 0
#NNI moves:0/152
#NNI moves:0/152
(((((((((((((((((11,(43,49)),50),((((5,45),(37,30)),((40,35),(6,(23,(44,15))))),52)),(57,12)),(47,((22,36),2))),56),(((8,20),25),((14,51),55))),((((21,13),(4,46)),28),((18,1),31))),((10,3),((27,26),(((54,32),((24,53),9)),19)))),((((33,38),42),(((((34,(48,17)),29),16),7),39)),41)),((((98,96),((71,80),97)),((62,91),88)),((74,93),(((86,73),100),((((((61,79),63),((90,75),83)),(58,87)),81),(85,59)))))),((((84,60),95),78),(66,72))),(68,(((65,(70,67)),82),69))),((94,92),89)),77),(76,99)),64);
#NNI moves:0/152
Remaining: 0
#NNI moves:0/152
#NNI moves:0/152
(((((((((((((((((((((((75,90),83),(63,(79,61))),(87,58)),81),(85,59)),(100,(86,73))),(74,93)),(((96,98),((80,71),97)),(88,(91,62)))),(((((84,60),95),78),(66,72)),(((69,(((67,70),65),82)),68),(((64,(99,76)),77),((92,94),89))))),(((((16,((34,(17,48)),29)),7),39),(42,(38,33))),41)),(((26,27),(((32,54),((53,24),9)),19)),(3,10))),((((46,4),(13,21)),28),(31,(18,1)))),(((51,14),55),(25,(20,8)))),56),(((36,22),2),47)),(12,57)),(((43,49),11),50)),52),((6,((15,44),23)),(35,40))),(37,30)),45),5);
Current score: 2.16332e+09
Current tree: ((35,((6,((15,44),23)),((((((((((((((((((((75,90),83),(63,(79,61))),(87,58)),81),(85,59)),(100,(86,73))),(74,93)),(((96,98),((80,71),97)),(88,(91,62)))),(((((84,60),95),78),(66,72)),(((69,(((67,70),65),82)),68),(((64,(99,76)),77),((92,94),89))))),(((((16,((34,(17,48)),29)),7),39),(42,(38,33))),41)),(((26,27),(((32,54),((53,24),9)),19)),(3,10))),((((46,4),(13,21)),28),(31,(18,1)))),(((51,14),55),(25,(20,8)))),56),(((36,22),2),47)),(12,57)),(((43,49),11),50)),52),((37,30),(45,5))))),40);
Final Tree: ((35,((6,((15,44),23)),((((((((((((((((((((75,90),83),(63,(79,61))),(87,58)),81),(85,59)),(100,(86,73))),(74,93)),(((96,98),((80,71),97)),(88,(91,62)))),(((((84,60),95),78),(66,72)),(((69,(((67,70),65),82)),68),(((64,(99,76)),77),((92,94),89))))),(((((16,((34,(17,48)),29)),7),39),(42,(38,33))),41)),(((26,27),(((32,54),((53,24),9)),19)),(3,10))),((((46,4),(13,21)),28),(31,(18,1)))),(((51,14),55),(25,(20,8)))),56),(((36,22),2),47)),(12,57)),(((43,49),11),50)),52),((37,30),(45,5))))),40);
#EqQuartets: 2298695889
Score: 2163315636
ASTRAL for PaRalogs and Orthologs III (ASTRAL-Pro3)
*** NOW with integrated CASTLES-Pro ***
Version: v1.22.3.6
Read 512 genetrees and found 100 species.
#Genetrees: 1000
#Duploss: 7075
#Species: 100
#Rounds: 4
#Samples: 4
#Threads: 1
Use two-step algorithm!
Guide Tree 0/16
#NNI moves:0/152
Guide Tree 1/16
#NNI moves:0/152
Guide Tree 2/16
#NNI moves:0/152
Guide Tree 3/16
#NNI moves:0/152
Guide Tree 4/16
#NNI moves:0/152
Guide Tree 5/16
#NNI moves:6/152
Guide Tree 6/16
#NNI moves:0/152
Guide Tree 7/16
#NNI moves:0/152
Guide Tree 8/16
#NNI moves:0/152
Guide Tree 9/16
#NNI moves:2/152
Guide Tree 10/16
#NNI moves:0/152
Guide Tree 11/16
#NNI moves:2/152
Guide Tree 12/16
#NNI moves:0/152
Guide Tree 13/16
#NNI moves:0/152
Guide Tree 14/16
#NNI moves:0/152
Guide Tree 15/16
#NNI moves:0/152
Remaining: 0
#NNI moves:0/152
#NNI moves:0/152
((((((((((((15,81),(30,79)),75),(((71,21),85),19)),(80,70)),((99,(96,97)),(98,100))),(((8,54),52),78)),(((((((11,(35,53)),32),46),((58,4),18)),((45,(67,57)),(95,34))),((((86,72),(((83,17),(88,47)),(55,50))),62),(((23,(((((82,14),28),39),37),(90,48))),(42,33)),(((10,(3,94)),38),(69,13))))),((((((26,91),44),((6,16),20)),(((84,((76,73),60)),5),93)),1),(87,43)))),((((24,(89,31)),25),92),(((66,(((74,(65,56)),12),(68,40))),(59,(9,2))),((7,49),64)))),(((77,(36,41)),22),(63,29))),(61,27)),51);
Guide Tree 0/16
#NNI moves:0/152
Guide Tree 1/16
#NNI moves:0/152
Guide Tree 2/16
#NNI moves:0/152
Guide Tree 3/16
#NNI moves:0/152
Guide Tree 4/16
#NNI moves:0/152
Guide Tree 5/16
#NNI moves:0/152
Guide Tree 6/16
#NNI moves:0/152
Guide Tree 7/16
#NNI moves:0/152
Guide Tree 8/16
#NNI moves:0/152
Guide Tree 9/16
#NNI moves:0/152
Guide Tree 10/16
#NNI moves:0/152
Guide Tree 11/16
#NNI moves:0/152
Guide Tree 12/16
#NNI moves:0/152
Guide Tree 13/16
#NNI moves:0/152
Guide Tree 14/16
#NNI moves:0/152
Guide Tree 15/16
#NNI moves:0/152
Remaining: 0
#NNI moves:0/152
#NNI moves:0/152
(((((((((((((48,90),(((28,(14,82)),39),37)),23),(33,42)),((((3,94),10),38),(13,69))),((((55,50),((88,47),(83,17))),(72,86)),62)),((((((53,35),11),32),46),(18,(4,58))),(((67,57),45),(34,95)))),((((((91,26),44),((6,16),20)),((5,(((76,73),60),84)),93)),1),(43,87))),(((((((21,71),85),19),(((30,79),(81,15)),75)),(80,70)),((99,(96,97)),(100,98))),(((8,54),52),78))),((((((((56,65),74),12),(40,68)),66),((9,2),59)),((49,7),64)),((((31,89),24),25),92))),((29,63),((77,(36,41)),22))),(61,27)),51);
Guide Tree 0/16
#NNI moves:0/152
Guide Tree 1/16
#NNI moves:0/152
Guide Tree 2/16
#NNI moves:0/152
Guide Tree 3/16
#NNI moves:0/152
Guide Tree 4/16
#NNI moves:2/152
Guide Tree 5/16
#NNI moves:0/152
Guide Tree 6/16
#NNI moves:0/152
Guide Tree 7/16
#NNI moves:0/152
Guide Tree 8/16
#NNI moves:2/152
Guide Tree 9/16
#NNI moves:0/152
Guide Tree 10/16
#NNI moves:0/152
Guide Tree 11/16
#NNI moves:6/152
Guide Tree 12/16
#NNI moves:0/152
Guide Tree 13/16
#NNI moves:0/152
Guide Tree 14/16
#NNI moves:0/152
Guide Tree 15/16
#NNI moves:0/152
Remaining: 0
#NNI moves:0/152
#NNI moves:0/152
(((((((((((23,((37,((28,(14,82)),39)),(48,90))),(33,42)),((((94,3),10),38),(13,69))),((((50,55),((17,83),(47,88))),(86,72)),62)),((((((35,53),11),32),46),((4,58),18)),((95,34),((57,67),45)))),((((((((76,73),60),84),5),93),((44,(26,91)),(20,(6,16)))),1),(43,87))),((((98,100),((97,96),99)),(((((21,71),85),19),(((30,79),(81,15)),75)),(70,80))),((52,(8,54)),78))),((((((68,40),(((65,56),74),12)),66),(59,(2,9))),(64,(49,7))),((((89,31),24),25),92))),((29,63),(22,(77,(36,41))))),(61,27)),51);
Guide Tree 0/16
#NNI moves:0/152
Guide Tree 1/16
#NNI moves:0/152
Guide Tree 2/16
#NNI moves:0/152
Guide Tree 3/16
#NNI moves:0/152
Guide Tree 4/16
#NNI moves:0/152
Guide Tree 5/16
#NNI moves:0/152
Guide Tree 6/16
#NNI moves:0/152
Guide Tree 7/16
#NNI moves:0/152
Guide Tree 8/16
#NNI moves:0/152
Guide Tree 9/16
#NNI moves:0/152
Guide Tree 10/16
#NNI moves:0/152
Guide Tree 11/16
#NNI moves:0/152
Guide Tree 12/16
#NNI moves:0/152
Guide Tree 13/16
#NNI moves:0/152
Guide Tree 14/16
#NNI moves:0/152
Guide Tree 15/16
#NNI moves:0/152
Remaining: 0
#NNI moves:0/152
#NNI moves:0/152
((((((((((((((((82,14),28),39),37),(48,90)),23),(42,33)),((((3,94),10),38),(69,13))),(((((47,88),(17,83)),(55,50)),(86,72)),62)),(((18,(4,58)),((32,(11,(35,53))),46)),((34,95),(45,(67,57))))),(((((((60,(76,73)),84),5),93),((44,(26,91)),((16,6),20))),1),(43,87))),((((100,98),(99,(96,97))),(((75,((30,79),(15,81))),(((71,21),85),19)),(70,80))),(((8,54),52),78))),(((((31,89),24),25),92),((((2,9),59),(66,((((56,65),74),12),(40,68)))),((7,49),64)))),((((36,41),77),22),(63,29))),(61,27)),51);
Initial score: 2.20763e+09
Initial tree: ((((((((((((((((82,14),28),39),37),(48,90)),23),(42,33)),((((3,94),10),38),(69,13))),(((((47,88),(17,83)),(55,50)),(86,72)),62)),(((18,(4,58)),((32,(11,(35,53))),46)),((34,95),(45,(67,57))))),(((((((60,(76,73)),84),5),93),((44,(26,91)),((16,6),20))),1),(43,87))),((((100,98),(99,(96,97))),(((75,((30,79),(15,81))),(((71,21),85),19)),(70,80))),(((8,54),52),78))),(((((31,89),24),25),92),((((2,9),59),(66,((((56,65),74),12),(40,68)))),((7,49),64)))),((((36,41),77),22),(63,29))),(61,27)),51);
*** Subsample Process ***
Use two-step algorithm!
#NNI moves:0/152
Remaining: 0
#NNI moves:0/152
#NNI moves:0/152
((((((((((((((((((66,((((65,56),74),12),(40,68))),(59,(2,9))),(64,(49,7))),((((89,31),24),25),92)),(((61,27),51),((((36,41),77),22),(63,29)))),((((99,(96,97)),(98,100)),(((((71,21),85),19),(((81,15),(79,30)),75)),(80,70))),((52,(54,8)),78))),(((((20,(6,16)),((91,26),44)),((((60,(73,76)),84),5),93)),1),(43,87))),(((46,(((53,35),11),32)),((58,4),18)),((45,(57,67)),(95,34)))),((((55,50),((47,88),(17,83))),(72,86)),62)),((38,(10,(94,3))),(13,69))),(42,33)),23),(48,90)),37),39),28),14),82);
#NNI moves:0/152
Remaining: 0
#NNI moves:0/152
#NNI moves:0/152
((((((((((((((47,88),(17,83)),(55,50)),(86,72)),62),(((((90,48),((((14,82),28),39),37)),23),(42,33)),((38,((94,3),10)),(69,13)))),(((((11,(53,35)),32),46),((58,4),18)),((45,(67,57)),(34,95)))),((((((16,6),20),(44,(91,26))),(93,((84,((73,76),60)),5))),1),(43,87))),((((100,98),((97,96),99)),(((((71,21),85),19),(((15,81),(79,30)),75)),(70,80))),((52,(8,54)),78))),(((25,((31,89),24)),92),(((((((65,56),74),12),(68,40)),66),(59,(2,9))),(64,(7,49))))),(((77,(41,36)),22),(29,63))),51),27),61);
#NNI moves:0/152
Remaining: 0
#NNI moves:0/152
#NNI moves:0/152
((((((((((((((99,(97,96)),(100,98)),(((((71,21),85),19),(((15,81),(30,79)),75)),(70,80))),((52,(8,54)),78)),((((((9,2),59),((((74,(65,56)),12),(68,40)),66)),((49,7),64)),((((31,89),24),25),92)),((((77,(36,41)),22),(63,29)),(51,(61,27))))),((((((26,91),44),((16,6),20)),((5,((60,(76,73)),84)),93)),1),(43,87))),((((58,4),18),((((35,53),11),32),46)),((95,34),((57,67),45)))),(62,((72,86),(((17,83),(47,88)),(55,50))))),((69,13),(38,((94,3),10)))),(42,33)),23),((((82,14),28),39),37)),48),90);
#NNI moves:0/152
Remaining: 0
#NNI moves:0/152
#NNI moves:0/152
((((((((((((((50,55),((83,17),(88,47))),(86,72)),62),(((42,33),((((((14,82),28),39),37),(48,90)),23)),(((10,(3,94)),38),(69,13)))),(((18,(58,4)),((((35,53),11),32),46)),((34,95),((57,67),45)))),(((((((60,(76,73)),84),5),93),(((16,6),20),((26,91),44))),1),(87,43))),((((99,(96,97)),(100,98)),(((19,(85,(21,71))),(((79,30),(15,81)),75)),(80,70))),(((54,8),52),78))),((((((40,68),((74,(65,56)),12)),66),(59,(9,2))),((7,49),64)),((((89,31),24),25),92))),((27,61),51)),(29,63)),22),(41,36)),77);
Current score: 2.20763e+09
Current tree: (((27,61),((((((((((50,55),((83,17),(88,47))),(86,72)),62),(((42,33),((((((14,82),28),39),37),(48,90)),23)),(((10,(3,94)),38),(69,13)))),(((18,(58,4)),((((35,53),11),32),46)),((34,95),((57,67),45)))),(((((((60,(76,73)),84),5),93),(((16,6),20),((26,91),44))),1),(87,43))),((((99,(96,97)),(100,98)),(((19,(85,(21,71))),(((79,30),(15,81)),75)),(80,70))),(((54,8),52),78))),((((((40,68),((74,(65,56)),12)),66),(59,(9,2))),((7,49),64)),((((89,31),24),25),92))),((29,63),(22,((41,36),77))))),51);
Final Tree: (((27,61),((((((((((50,55),((83,17),(88,47))),(86,72)),62),(((42,33),((((((14,82),28),39),37),(48,90)),23)),(((10,(3,94)),38),(69,13)))),(((18,(58,4)),((((35,53),11),32),46)),((34,95),((57,67),45)))),(((((((60,(76,73)),84),5),93),(((16,6),20),((26,91),44))),1),(87,43))),((((99,(96,97)),(100,98)),(((19,(85,(21,71))),(((79,30),(15,81)),75)),(80,70))),(((54,8),52),78))),((((((40,68),((74,(65,56)),12)),66),(59,(9,2))),((7,49),64)),((((89,31),24),25),92))),((29,63),(22,((41,36),77))))),51);
#EqQuartets: 2375009697
Score: 2207625635
ASTRAL for PaRalogs and Orthologs III (ASTRAL-Pro3)
*** NOW with integrated CASTLES-Pro ***
Version: v1.22.3.6
Read 512 genetrees and found 100 species.
#Genetrees: 1000
#Duploss: 7804
#Species: 100
#Rounds: 4
#Samples: 4
#Threads: 1
Use two-step algorithm!
Guide Tree 0/16
#NNI moves:0/152
Guide Tree 1/16
#NNI moves:0/152
Guide Tree 2/16
#NNI moves:0/152
Guide Tree 3/16
#NNI moves:0/152
Guide Tree 4/16
#NNI moves:0/152
Guide Tree 5/16
#NNI moves:0/152
Guide Tree 6/16
#NNI moves:0/152
Guide Tree 7/16
#NNI moves:0/152
Guide Tree 8/16
#NNI moves:0/152
Guide Tree 9/16
#NNI moves:0/152
Guide Tree 10/16
#NNI moves:0/152
Guide Tree 11/16
#NNI moves:0/152
Guide Tree 12/16
#NNI moves:0/152
Guide Tree 13/16
#NNI moves:0/152
Guide Tree 14/16
#NNI moves:0/152
Guide Tree 15/16
#NNI moves:0/152
Remaining: 0
#NNI moves:0/152
#NNI moves:0/152
((((((((((56,(86,51)),((((((14,45),40),16),((15,26),36)),(61,(76,4))),82)),(((95,92),((91,(((100,98),97),89)),96)),(((93,90),99),94))),((((((((((23,(84,49)),21),20),31),68),87),((71,(46,52)),24)),(3,54)),((25,(1,43)),((((6,(10,81)),13),((72,77),(75,37))),(58,18)))),((((59,(17,70)),((80,5),(19,69))),(((7,85),65),(32,12))),((((42,28),83),78),(63,38))))),((((((34,33),57),(48,8)),27),((2,74),62)),((44,50),79))),(((55,88),29),41)),(((((9,30),53),35),(64,39)),(11,73))),66),(60,(47,22))),67);
Guide Tree 0/16
#NNI moves:0/152
Guide Tree 1/16
#NNI moves:0/152
Guide Tree 2/16
#NNI moves:0/152
Guide Tree 3/16
#NNI moves:0/152
Guide Tree 4/16
#NNI moves:0/152
Guide Tree 5/16
#NNI moves:0/152
Guide Tree 6/16
#NNI moves:0/152
Guide Tree 7/16
#NNI moves:0/152
Guide Tree 8/16
#NNI moves:0/152
Guide Tree 9/16
#NNI moves:0/152
Guide Tree 10/16
#NNI moves:0/152
Guide Tree 11/16
#NNI moves:0/152
Guide Tree 12/16
#NNI moves:0/152
Guide Tree 13/16
#NNI moves:0/152
Guide Tree 14/16
#NNI moves:0/152
Guide Tree 15/16
#NNI moves:0/152
Remaining: 0
#NNI moves:0/152
#NNI moves:0/152
((((((((((((91,(((98,100),97),89)),96),(95,92)),(((90,93),99),94)),(((((4,76),61),((((45,14),40),16),((26,15),36))),82),((51,86),56))),((((((((((23,(84,49)),21),20),31),68),87),((71,(46,52)),24)),(54,3)),((((((81,10),6),13),((37,75),(72,77))),(58,18)),((43,1),25))),((((59,(17,70)),((69,19),(5,80))),((12,32),(65,(85,7)))),((38,63),((83,(28,42)),78))))),(((44,50),79),((62,(2,74)),((((33,34),57),(8,48)),27)))),(41,(29,(55,88)))),((((53,(9,30)),35),(64,39)),(11,73))),66),((22,47),60)),67);
Guide Tree 0/16
#NNI moves:0/152
Guide Tree 1/16
#NNI moves:0/152
Guide Tree 2/16
#NNI moves:0/152
Guide Tree 3/16
#NNI moves:0/152
Guide Tree 4/16
#NNI moves:0/152
Guide Tree 5/16
#NNI moves:0/152
Guide Tree 6/16
#NNI moves:0/152
Guide Tree 7/16
#NNI moves:0/152
Guide Tree 8/16
#NNI moves:0/152
Guide Tree 9/16
#NNI moves:0/152
Guide Tree 10/16
#NNI moves:0/152
Guide Tree 11/16
#NNI moves:0/152
Guide Tree 12/16
#NNI moves:0/152
Guide Tree 13/16
#NNI moves:0/152
Guide Tree 14/16
#NNI moves:0/152
Guide Tree 15/16
#NNI moves:0/152
Remaining: 0
#NNI moves:0/152
#NNI moves:0/152
((((((((((((58,18),(((72,77),(75,37)),(13,((81,10),6)))),((1,43),25)),(((((31,((((49,84),23),21),20)),68),87),(((52,46),71),24)),(54,3))),(((((42,28),83),78),(63,38)),(((59,(17,70)),((5,80),(69,19))),((65,(85,7)),(32,12))))),((((((76,4),61),(((15,26),36),((40,(45,14)),16))),82),(56,(51,86))),((((90,93),99),94),((96,((((98,100),97),89),91)),(92,95))))),(((50,44),79),((((8,48),((34,33),57)),27),((74,2),62)))),(((55,88),29),41)),((((53,(9,30)),35),(64,39)),(11,73))),66),((22,47),60)),67);
Guide Tree 0/16
#NNI moves:0/152
Guide Tree 1/16
#NNI moves:0/152
Guide Tree 2/16
#NNI moves:0/152
Guide Tree 3/16
#NNI moves:0/152
Guide Tree 4/16
#NNI moves:0/152
Guide Tree 5/16
#NNI moves:0/152
Guide Tree 6/16
#NNI moves:0/152
Guide Tree 7/16
#NNI moves:0/152
Guide Tree 8/16
#NNI moves:0/152
Guide Tree 9/16
#NNI moves:0/152
Guide Tree 10/16
#NNI moves:0/152
Guide Tree 11/16
#NNI moves:0/152
Guide Tree 12/16
#NNI moves:0/152
Guide Tree 13/16
#NNI moves:0/152
Guide Tree 14/16
#NNI moves:0/152
Guide Tree 15/16
#NNI moves:0/152
Remaining: 0
#NNI moves:0/152
#NNI moves:0/152
((((((((((82,((((26,15),36),(16,((14,45),40))),((76,4),61))),((51,86),56)),(((((89,((100,98),97)),91),96),(95,92)),(((90,93),99),94))),((((((85,7),65),(32,12)),(((17,70),59),((80,5),(19,69)))),((38,63),((83,(42,28)),78))),((((18,58),(((37,75),(72,77)),(((10,81),6),13))),(25,(1,43))),((((((20,((23,(49,84)),21)),31),68),87),(24,(71,(46,52)))),(3,54))))),(((62,(74,2)),((((34,33),57),(48,8)),27)),((44,50),79))),(((55,88),29),41)),(((64,39),(((30,9),53),35)),(73,11))),66),(60,(22,47))),67);
Initial score: 2.0962e+09
Initial tree: ((((((((((82,((((26,15),36),(16,((14,45),40))),((76,4),61))),((51,86),56)),(((((89,((100,98),97)),91),96),(95,92)),(((90,93),99),94))),((((((85,7),65),(32,12)),(((17,70),59),((80,5),(19,69)))),((38,63),((83,(42,28)),78))),((((18,58),(((37,75),(72,77)),(((10,81),6),13))),(25,(1,43))),((((((20,((23,(49,84)),21)),31),68),87),(24,(71,(46,52)))),(3,54))))),(((62,(74,2)),((((34,33),57),(48,8)),27)),((44,50),79))),(((55,88),29),41)),(((64,39),(((30,9),53),35)),(73,11))),66),(60,(22,47))),67);
*** Subsample Process ***
Use two-step algorithm!
#NNI moves:0/152
Remaining: 0
#NNI moves:0/152
#NNI moves:0/152
((((((((((((((17,70),59),((80,5),(69,19))),((32,12),(65,(85,7)))),((63,38),(((28,42),83),78))),((((((77,72),(75,37)),(((10,81),6),13)),(18,58)),((1,43),25)),((((71,(46,52)),24),(((((((49,84),23),21),20),31),68),87)),(54,3)))),(((((11,73),((((30,9),53),35),(64,39))),(((60,(22,47)),67),66)),(((55,88),29),41)),((((((33,34),57),(8,48)),27),((74,2),62)),(79,(50,44))))),(((((((100,98),97),89),91),96),(92,95)),(94,((90,93),99)))),(56,(86,51))),82),((((14,45),40),16),(36,(26,15)))),61),4),76);
#NNI moves:0/152
Remaining: 0
#NNI moves:0/152
#NNI moves:0/152
(((((((((((((((((((49,84),23),21),20),31),68),87),(24,((52,46),71))),(3,54)),(((1,43),25),((((37,75),(72,77)),(((81,10),6),13)),(58,18)))),((((59,(17,70)),((80,5),(19,69))),((32,12),(65,(85,7)))),((63,38),(((42,28),83),78)))),((((((((14,45),40),16),((15,26),36)),(61,(76,4))),82),((86,51),56)),((((((97,(100,98)),89),91),96),(92,95)),(((93,90),99),94)))),((((74,2),62),((((33,34),57),(48,8)),27)),(79,(50,44)))),((29,(88,55)),41)),((73,11),(((53,(30,9)),35),(39,64)))),66),67),(47,22)),60);
#NNI moves:0/152
Remaining: 0
#NNI moves:0/152
#NNI moves:0/152
(((((((((((((((((((36,(15,26)),((40,(45,14)),16)),(61,(4,76))),82),((51,86),56)),((((((97,(100,98)),89),91),96),(95,92)),(((93,90),99),94))),(((((88,55),29),41),((66,(((22,47),60),67)),(((35,(53,(30,9))),(64,39)),(73,11)))),((79,(50,44)),(((((33,34),57),(8,48)),27),((74,2),62))))),(((((17,70),59),((19,69),(80,5))),((12,32),((7,85),65))),((63,38),(((42,28),83),78)))),(((1,43),25),(((13,((81,10),6)),((37,75),(77,72))),(18,58)))),(54,3)),((71,(52,46)),24)),87),68),31),20),21),23),84),49);
#NNI moves:0/152
Remaining: 0
#NNI moves:0/152
#NNI moves:0/152
((((((((((((71,(46,52)),24),(87,((31,((((84,49),23),21),20)),68))),(3,54)),(((18,58),(((37,75),(72,77)),(13,(6,(10,81))))),(25,(43,1)))),(((((80,5),(19,69)),((70,17),59)),((65,(7,85)),(32,12))),(((83,(28,42)),78),(63,38)))),((((((89,((100,98),97)),91),96),(92,95)),((99,(93,90)),94)),((56,(51,86)),(((((15,26),36),(16,(40,(14,45)))),((76,4),61)),82)))),(((((8,48),((33,34),57)),27),((2,74),62)),(79,(44,50)))),(((55,88),29),41)),(((39,64),((53,(30,9)),35)),(11,73))),(((22,47),60),67)),66);
Current score: 2.0962e+09
Current tree: ((((22,47),60),(((((((((((71,(46,52)),24),(87,((31,((((84,49),23),21),20)),68))),(3,54)),(((18,58),(((37,75),(72,77)),(13,(6,(10,81))))),(25,(43,1)))),(((((80,5),(19,69)),((70,17),59)),((65,(7,85)),(32,12))),(((83,(28,42)),78),(63,38)))),((((((89,((100,98),97)),91),96),(92,95)),((99,(93,90)),94)),((56,(51,86)),(((((15,26),36),(16,(40,(14,45)))),((76,4),61)),82)))),(((((8,48),((33,34),57)),27),((2,74),62)),(79,(44,50)))),(((55,88),29),41)),(((39,64),((53,(30,9)),35)),(11,73))),66)),67);
Final Tree: ((((22,47),60),(((((((((((71,(46,52)),24),(87,((31,((((84,49),23),21),20)),68))),(3,54)),(((18,58),(((37,75),(72,77)),(13,(6,(10,81))))),(25,(43,1)))),(((((80,5),(19,69)),((70,17),59)),((65,(7,85)),(32,12))),(((83,(28,42)),78),(63,38)))),((((((89,((100,98),97)),91),96),(92,95)),((99,(93,90)),94)),((56,(51,86)),(((((15,26),36),(16,(40,(14,45)))),((76,4),61)),82)))),(((((8,48),((33,34),57)),27),((2,74),62)),(79,(44,50)))),(((55,88),29),41)),(((39,64),((53,(30,9)),35)),(11,73))),66)),67);
#EqQuartets: 2290914072
Score: 2096202179
ASTRAL for PaRalogs and Orthologs III (ASTRAL-Pro3)
*** NOW with integrated CASTLES-Pro ***
Version: v1.22.3.6
Read 512 genetrees and found 100 species.
#Genetrees: 1000
#Duploss: 6858
#Species: 100
#Rounds: 4
#Samples: 4
#Threads: 1
Use two-step algorithm!
Guide Tree 0/16
#NNI moves:0/152
Guide Tree 1/16
#NNI moves:0/152
Guide Tree 2/16
#NNI moves:0/152
Guide Tree 3/16
#NNI moves:0/152
Guide Tree 4/16
#NNI moves:0/152
Guide Tree 5/16
#NNI moves:0/152
Guide Tree 6/16
#NNI moves:0/152
Guide Tree 7/16
#NNI moves:0/152
Guide Tree 8/16
#NNI moves:0/152
Guide Tree 9/16
#NNI moves:0/152
Guide Tree 10/16
#NNI moves:0/152
Guide Tree 11/16
#NNI moves:0/152
Guide Tree 12/16
#NNI moves:0/152
Guide Tree 13/16
#NNI moves:0/152
Guide Tree 14/16
#NNI moves:0/152
Guide Tree 15/16
#NNI moves:0/152
Remaining: 0
#NNI moves:0/152
#NNI moves:0/152
((((((((((((((83,42),41),82),(58,85)),(21,98)),(((75,74),9),((56,91),50))),(((32,((34,36),26)),((55,27),(((88,25),8),62))),19)),(87,53)),((28,96),((((((7,66),10),86),(((68,59),100),63)),(81,((20,57),22))),(((23,17),95),((((78,13),80),11),46))))),(((((((((35,(89,43)),71),90),54),((65,97),33)),69),((12,77),84)),((47,60),(((30,79),37),52))),70)),((((((64,45),44),94),((99,(49,(51,40))),(((67,61),(39,15)),(48,18)))),(((29,73),(24,16)),72)),(((92,38),76),(31,(14,93))))),(5,1)),((4,2),6)),3);
Guide Tree 0/16
#NNI moves:0/152
Guide Tree 1/16
#NNI moves:0/152
Guide Tree 2/16
#NNI moves:0/152
Guide Tree 3/16
#NNI moves:0/152
Guide Tree 4/16
#NNI moves:0/152
Guide Tree 5/16
#NNI moves:0/152
Guide Tree 6/16
#NNI moves:0/152
Guide Tree 7/16
#NNI moves:0/152
Guide Tree 8/16
#NNI moves:0/152
Guide Tree 9/16
#NNI moves:0/152
Guide Tree 10/16
#NNI moves:0/152
Guide Tree 11/16
#NNI moves:0/152
Guide Tree 12/16
#NNI moves:0/152
Guide Tree 13/16
#NNI moves:0/152
Guide Tree 14/16
#NNI moves:0/152
Guide Tree 15/16
#NNI moves:0/152
Remaining: 0
#NNI moves:2/152
#NNI moves:2/152
((((((((((((75,74),9),((91,56),50)),(((85,58),(((83,42),41),82)),(98,21))),(19,((((36,34),26),32),((62,((88,25),8)),(55,27))))),(53,87)),(((((86,((66,7),10)),(63,((68,59),100))),((22,(20,57)),81)),(((11,(80,(13,78))),46),(95,(23,17)))),(28,96))),((((52,(37,(79,30))),(47,60)),((84,(12,77)),(((54,((((43,89),35),71),90)),((65,97),33)),69))),70)),(((((73,29),(24,16)),72),(((((40,51),49),99),((48,18),((39,15),(67,61)))),(94,(44,(64,45))))),(((93,14),31),(76,(38,92))))),(5,1)),(6,(4,2))),3);
Guide Tree 0/16
#NNI moves:0/152
Guide Tree 1/16
#NNI moves:0/152
Guide Tree 2/16
#NNI moves:0/152
Guide Tree 3/16
#NNI moves:0/152
Guide Tree 4/16
#NNI moves:0/152
Guide Tree 5/16
#NNI moves:0/152
Guide Tree 6/16
#NNI moves:0/152
Guide Tree 7/16
#NNI moves:0/152
Guide Tree 8/16
#NNI moves:0/152
Guide Tree 9/16
#NNI moves:0/152
Guide Tree 10/16
#NNI moves:0/152
Guide Tree 11/16
#NNI moves:0/152
Guide Tree 12/16
#NNI moves:0/152
Guide Tree 13/16
#NNI moves:0/152
Guide Tree 14/16
#NNI moves:0/152
Guide Tree 15/16
#NNI moves:0/152
Remaining: 0
#NNI moves:2/152
#NNI moves:2/152
((((((((((((58,85),(((42,83),41),82)),(98,21)),(((74,75),9),(50,(56,91)))),((((((88,25),8),62),(55,27)),(((36,34),26),32)),19)),(53,87)),(((((86,((7,66),10)),((100,(59,68)),63)),((22,(20,57)),81)),(((((78,13),80),11),46),((17,23),95))),(28,96))),((((84,(77,12)),((((((35,(43,89)),71),90),54),((97,65),33)),69)),((52,(37,(30,79))),(47,60))),70)),((((93,14),31),((38,92),76)),((((73,29),(16,24)),72),(((((15,39),(61,67)),(18,48)),(99,((40,51),49))),(((64,45),44),94))))),(5,1)),(6,(4,2))),3);
Guide Tree 0/16
#NNI moves:0/152
Guide Tree 1/16
#NNI moves:0/152
Guide Tree 2/16
#NNI moves:0/152
Guide Tree 3/16
#NNI moves:0/152
Guide Tree 4/16
#NNI moves:0/152
Guide Tree 5/16
#NNI moves:0/152
Guide Tree 6/16
#NNI moves:0/152
Guide Tree 7/16
#NNI moves:0/152
Guide Tree 8/16
#NNI moves:0/152
Guide Tree 9/16
#NNI moves:0/152
Guide Tree 10/16
#NNI moves:0/152
Guide Tree 11/16
#NNI moves:0/152
Guide Tree 12/16
#NNI moves:0/152
Guide Tree 13/16
#NNI moves:0/152
Guide Tree 14/16
#NNI moves:0/152
Guide Tree 15/16
#NNI moves:0/152
Remaining: 0
#NNI moves:0/152
#NNI moves:0/152
(((((((((((((41,(42,83)),82),(58,85)),(98,21)),(((91,56),50),((75,74),9))),(((((8,(88,25)),62),(55,27)),((26,(34,36)),32)),19)),(87,53)),((((((100,(68,59)),63),((10,(66,7)),86)),(((57,20),22),81)),(((11,(80,(13,78))),46),((23,17),95))),(28,96))),((((60,47),(((30,79),37),52)),((((((((43,89),35),71),90),54),((65,97),33)),69),((12,77),84))),70)),((((((18,48),((39,15),(61,67))),(((40,51),49),99)),(((64,45),44),94)),(((29,73),(16,24)),72)),((31,(93,14)),(76,(92,38))))),(1,5)),((4,2),6)),3);
Initial score: 2.15749e+09
Initial tree: (((((((((((((41,(42,83)),82),(58,85)),(98,21)),(((91,56),50),((75,74),9))),(((((8,(88,25)),62),(55,27)),((26,(34,36)),32)),19)),(87,53)),((((((100,(68,59)),63),((10,(66,7)),86)),(((57,20),22),81)),(((11,(80,(13,78))),46),((23,17),95))),(28,96))),((((60,47),(((30,79),37),52)),((((((((43,89),35),71),90),54),((65,97),33)),69),((12,77),84))),70)),((((((18,48),((39,15),(61,67))),(((40,51),49),99)),(((64,45),44),94)),(((29,73),(16,24)),72)),((31,(93,14)),(76,(92,38))))),(1,5)),((4,2),6)),3);
*** Subsample Process ***
Use two-step algorithm!
#NNI moves:0/152
Remaining: 0
#NNI moves:2/152
#NNI moves:2/152
((((((((((((((((((64,45),44),94),(((49,(51,40)),99),(((39,15),(61,67)),(18,48)))),(((29,73),(24,16)),72)),(((14,93),31),((38,92),76))),((((4,2),6),3),(1,5))),((((((30,79),37),52),(47,60)),(((((((35,(89,43)),71),90),54),((97,65),33)),69),((77,12),84))),70)),((((((100,(68,59)),63),(((66,7),10),86)),((22,(20,57)),81)),((46,((80,(78,13)),11)),(95,(23,17)))),(28,96))),(87,53)),((((27,55),((8,(25,88)),62)),(((34,36),26),32)),19)),(((74,75),9),((91,56),50))),(21,98)),(85,58)),82),41),83),42);
#NNI moves:0/152
Remaining: 0
#NNI moves:0/152
#NNI moves:0/152
((((((((((((((74,75),9),(50,(56,91))),(((82,((83,42),41)),(85,58)),(21,98))),((((26,(36,34)),32),((55,27),(((25,88),8),62))),19)),(87,53)),((((((10,(66,7)),86),(((68,59),100),63)),((22,(20,57)),81)),(((17,23),95),((((78,13),80),11),46))),(96,28))),((((((79,30),37),52),(47,60)),((((((((89,43),35),71),90),54),((97,65),33)),69),(84,(12,77)))),70)),((((((18,48),((61,67),(39,15))),((49,(51,40)),99)),(94,(44,(45,64)))),(((29,73),(16,24)),72)),(((14,93),31),((92,38),76)))),(5,1)),3),6),2),4);
#NNI moves:0/152
Remaining: 0
#NNI moves:2/152
#NNI moves:2/152
((((((((((((((((45,64),44),94),(((49,(40,51)),99),(((39,15),(61,67)),(18,48)))),(((29,73),(16,24)),72)),((31,(14,93)),((92,38),76))),((5,1),((6,(4,2)),3))),((((((79,30),37),52),(47,60)),((69,((((((43,89),35),71),90),54),(33,(65,97)))),((77,12),84))),70)),(((((((59,68),100),63),(86,((66,7),10))),(81,((20,57),22))),((95,(17,23)),((((78,13),80),11),46))),(28,96))),(87,53)),((((62,(8,(88,25))),(27,55)),((26,(36,34)),32)),19)),(((82,(41,(83,42))),(58,85)),(98,21))),((56,91),50)),9),75),74);
#NNI moves:0/152
Remaining: 0
#NNI moves:0/152
#NNI moves:0/152
((((((((((((10,(7,66)),86),(((68,59),100),63)),(((20,57),22),81)),(((23,17),95),(((80,(78,13)),11),46))),(28,96)),(((((((8,(88,25)),62),(55,27)),((26,(34,36)),32)),19),(((50,(91,56)),(9,(74,75))),(((58,85),(((42,83),41),82)),(98,21)))),(87,53))),(((((((((35,(43,89)),71),90),54),((97,65),33)),69),((12,77),84)),((60,47),(52,((30,79),37)))),70)),((((((64,45),44),94),((((15,39),(67,61)),(48,18)),(((51,40),49),99))),(((24,16),(73,29)),72)),((31,(14,93)),(76,(92,38))))),((6,(2,4)),3)),1),5);
Current score: 2.15749e+09
Current tree: (((6,(2,4)),((((((((((10,(7,66)),86),(((68,59),100),63)),(((20,57),22),81)),(((23,17),95),(((80,(78,13)),11),46))),(28,96)),(((((((8,(88,25)),62),(55,27)),((26,(34,36)),32)),19),(((50,(91,56)),(9,(74,75))),(((58,85),(((42,83),41),82)),(98,21)))),(87,53))),(((((((((35,(43,89)),71),90),54),((97,65),33)),69),((12,77),84)),((60,47),(52,((30,79),37)))),70)),((((((64,45),44),94),((((15,39),(67,61)),(48,18)),(((51,40),49),99))),(((24,16),(73,29)),72)),((31,(14,93)),(76,(92,38))))),(1,5))),3);
Final Tree: (((6,(2,4)),((((((((((10,(7,66)),86),(((68,59),100),63)),(((20,57),22),81)),(((23,17),95),(((80,(78,13)),11),46))),(28,96)),(((((((8,(88,25)),62),(55,27)),((26,(34,36)),32)),19),(((50,(91,56)),(9,(74,75))),(((58,85),(((42,83),41),82)),(98,21)))),(87,53))),(((((((((35,(43,89)),71),90),54),((97,65),33)),69),((12,77),84)),((60,47),(52,((30,79),37)))),70)),((((((64,45),44),94),((((15,39),(67,61)),(48,18)),(((51,40),49),99))),(((24,16),(73,29)),72)),((31,(14,93)),(76,(92,38))))),(1,5))),3);
#EqQuartets: 2326175981
Score: 2157493139
ASTRAL for PaRalogs and Orthologs III (ASTRAL-Pro3)
*** NOW with integrated CASTLES-Pro ***
Version: v1.22.3.6
Read 512 genetrees and found 100 species.
#Genetrees: 1000
#Duploss: 7140
#Species: 100
#Rounds: 4
#Samples: 4
#Threads: 1
Use two-step algorithm!
Guide Tree 0/16
#NNI moves:0/152
Guide Tree 1/16
#NNI moves:0/152
Guide Tree 2/16
#NNI moves:0/152
Guide Tree 3/16
#NNI moves:0/152
Guide Tree 4/16
#NNI moves:0/152
Guide Tree 5/16
#NNI moves:0/152
Guide Tree 6/16
#NNI moves:0/152
Guide Tree 7/16
#NNI moves:0/152
Guide Tree 8/16
#NNI moves:0/152
Guide Tree 9/16
#NNI moves:0/152
Guide Tree 10/16
#NNI moves:0/152
Guide Tree 11/16
#NNI moves:0/152
Guide Tree 12/16
#NNI moves:0/152
Guide Tree 13/16
#NNI moves:0/152
Guide Tree 14/16
#NNI moves:0/152
Guide Tree 15/16
#NNI moves:0/152
Remaining: 0
#NNI moves:0/152
#NNI moves:0/152
(((((((((((((((3,85),(63,79)),((21,78),71)),66),((33,60),(61,87))),88),81),(((2,((48,46),28)),65),((47,25),(82,52)))),((((((100,95),94),97),((93,96),99)),98),((((((41,14),(70,5)),((56,31),20)),(27,90)),(42,83)),37))),(((((54,(45,51)),((53,40),39)),67),((((64,59),(76,29)),(69,89)),((75,24),62))),((((22,32),(((72,17),12),44)),35),((((77,50),34),9),((16,38),11))))),(((((43,13),(30,(10,84))),(73,26)),((((((80,58),91),(57,8)),6),23),(((55,36),7),49))),1)),74),(86,68)),((92,15),(18,19))),4);
Guide Tree 0/16
#NNI moves:0/152
Guide Tree 1/16
#NNI moves:0/152
Guide Tree 2/16
#NNI moves:0/152
Guide Tree 3/16
#NNI moves:0/152
Guide Tree 4/16
#NNI moves:0/152
Guide Tree 5/16
#NNI moves:0/152
Guide Tree 6/16
#NNI moves:0/152
Guide Tree 7/16
#NNI moves:0/152
Guide Tree 8/16
#NNI moves:0/152
Guide Tree 9/16
#NNI moves:0/152
Guide Tree 10/16
#NNI moves:0/152
Guide Tree 11/16
#NNI moves:0/152
Guide Tree 12/16
#NNI moves:0/152
Guide Tree 13/16
#NNI moves:0/152
Guide Tree 14/16
#NNI moves:0/152
Guide Tree 15/16
#NNI moves:0/152
Remaining: 0
#NNI moves:0/152
#NNI moves:0/152
(((((((((((((87,61),(33,60)),((((85,3),(79,63)),((78,21),71)),66)),88),81),(((2,((46,48),28)),65),((52,82),(25,47)))),((((((100,95),94),97),((96,93),99)),98),((((((14,41),(5,70)),((31,56),20)),(27,90)),(42,83)),37))),(((((((17,72),12),44),(22,32)),35),(((16,38),11),(9,((50,77),34)))),(((((76,29),(59,64)),(89,69)),((75,24),62)),((((51,45),54),(39,(53,40))),67)))),(((((43,13),(30,(10,84))),(73,26)),(((((91,(58,80)),(57,8)),6),23),(49,(7,(36,55))))),1)),74),(68,86)),((19,18),(15,92))),4);
Guide Tree 0/16
#NNI moves:0/152
Guide Tree 1/16
#NNI moves:0/152
Guide Tree 2/16
#NNI moves:0/152
Guide Tree 3/16
#NNI moves:0/152
Guide Tree 4/16
#NNI moves:0/152
Guide Tree 5/16
#NNI moves:0/152
Guide Tree 6/16
#NNI moves:0/152
Guide Tree 7/16
#NNI moves:0/152
Guide Tree 8/16
#NNI moves:0/152
Guide Tree 9/16
#NNI moves:0/152
Guide Tree 10/16
#NNI moves:0/152
Guide Tree 11/16
#NNI moves:0/152
Guide Tree 12/16
#NNI moves:0/152
Guide Tree 13/16
#NNI moves:0/152
Guide Tree 14/16
#NNI moves:0/152
Guide Tree 15/16
#NNI moves:0/152
Remaining: 0
#NNI moves:0/152
#NNI moves:0/152
(((((((((((69,89),((76,29),(59,64))),((24,75),62)),(((54,(45,51)),(39,(40,53))),67)),((((((17,72),12),44),(22,32)),35),((9,(34,(77,50))),(11,(38,16))))),(((((((20,(56,31)),((14,41),(70,5))),(27,90)),(42,83)),37),(((97,((95,100),94)),(99,(96,93))),98)),((((((48,46),28),2),65),((47,25),(52,82))),(((((((85,3),(63,79)),((21,78),71)),66),((87,61),(33,60))),88),81)))),((((((55,36),7),49),(((((58,80),91),(57,8)),6),23)),(((43,13),((10,84),30)),(26,73))),1)),74),(68,86)),((92,15),(19,18))),4);
Guide Tree 0/16
#NNI moves:0/152
Guide Tree 1/16
#NNI moves:0/152
Guide Tree 2/16
#NNI moves:0/152
Guide Tree 3/16
#NNI moves:0/152
Guide Tree 4/16
#NNI moves:0/152
Guide Tree 5/16
#NNI moves:0/152
Guide Tree 6/16
#NNI moves:0/152
Guide Tree 7/16
#NNI moves:0/152
Guide Tree 8/16
#NNI moves:0/152
Guide Tree 9/16
#NNI moves:0/152
Guide Tree 10/16
#NNI moves:0/152
Guide Tree 11/16
#NNI moves:0/152
Guide Tree 12/16
#NNI moves:0/152
Guide Tree 13/16
#NNI moves:0/152
Guide Tree 14/16
#NNI moves:0/152
Guide Tree 15/16
#NNI moves:0/152
Remaining: 0
#NNI moves:0/152
#NNI moves:0/152
((((((((((62,(24,75)),((89,69),((64,59),(29,76)))),(((39,(40,53)),(54,(51,45))),67)),((((38,16),11),(9,(34,(50,77)))),(((32,22),((12,(72,17)),44)),35))),(((((((61,87),(33,60)),(66,(((63,79),(85,3)),(71,(78,21))))),88),81),((((28,(48,46)),2),65),((47,25),(82,52)))),(((((((70,5),(41,14)),(20,(56,31))),(27,90)),(42,83)),37),(((((95,100),94),97),((93,96),99)),98)))),((((((10,84),30),(13,43)),(73,26)),(((((8,57),(91,(80,58))),6),23),((7,(55,36)),49))),1)),74),(68,86)),((19,18),(92,15))),4);
Initial score: 2.21646e+09
Initial tree: ((((((((((62,(24,75)),((89,69),((64,59),(29,76)))),(((39,(40,53)),(54,(51,45))),67)),((((38,16),11),(9,(34,(50,77)))),(((32,22),((12,(72,17)),44)),35))),(((((((61,87),(33,60)),(66,(((63,79),(85,3)),(71,(78,21))))),88),81),((((28,(48,46)),2),65),((47,25),(82,52)))),(((((((70,5),(41,14)),(20,(56,31))),(27,90)),(42,83)),37),(((((95,100),94),97),((93,96),99)),98)))),((((((10,84),30),(13,43)),(73,26)),(((((8,57),(91,(80,58))),6),23),((7,(55,36)),49))),1)),74),(68,86)),((19,18),(92,15))),4);
*** Subsample Process ***
Use two-step algorithm!
#NNI moves:0/152
Remaining: 0
#NNI moves:0/152
#NNI moves:0/152
(((((((((((((((70,5),(14,41)),(20,(31,56))),(90,27)),(83,42)),37),(((((100,95),94),97),((96,93),99)),98)),((((((((63,79),(85,3)),((21,78),71)),66),((60,33),(87,61))),88),81),(((82,52),(47,25)),((((48,46),28),2),65)))),(((((((((58,80),91),(57,8)),6),23),(((36,55),7),49)),((((10,84),30),(13,43)),(73,26))),1),(74,((((15,92),(18,19)),4),(86,68))))),(((11,(38,16)),((34,(77,50)),9)),(((32,22),(44,((72,17),12))),35))),(((54,(45,51)),((40,53),39)),67)),(((64,59),(76,29)),(89,69))),62),75),24);
#NNI moves:0/152
Remaining: 0
#NNI moves:0/152
#NNI moves:0/152
(((((((((((48,46),28),2),65),((47,25),(52,82))),(((((((63,79),(3,85)),(71,(21,78))),66),((87,61),(33,60))),88),81)),(((((((5,70),(14,41)),((56,31),20)),(27,90)),(83,42)),37),(((((95,100),94),97),(99,(93,96))),98))),(((((38,16),11),((34,(77,50)),9)),(35,((22,32),(((17,72),12),44)))),(((((64,59),(76,29)),(69,89)),((75,24),62)),((((53,40),39),((51,45),54)),67)))),(((((30,(10,84)),(43,13)),(26,73)),((((((58,80),91),(57,8)),6),23),(((55,36),7),49))),1)),((86,68),(((15,92),(18,19)),4))),74);
#NNI moves:0/152
Remaining: 0
#NNI moves:0/152
#NNI moves:0/152
((((((((((((((((10,84),30),(13,43)),(26,73)),((49,((55,36),7)),(((((80,58),91),(57,8)),6),23))),1),(((86,68),(((15,92),(19,18)),4)),74)),((((62,(75,24)),(((29,76),(59,64)),(69,89))),((((45,51),54),(39,(53,40))),67)),((((22,32),(44,((72,17),12))),35),((11,(38,16)),((34,(50,77)),9))))),(((((((5,70),(14,41)),((31,56),20)),(90,27)),(42,83)),37),(((((100,95),94),97),((96,93),99)),98))),(((((((63,79),(3,85)),(71,(21,78))),66),((33,60),(87,61))),88),81)),((47,25),(52,82))),65),2),28),46),48);
#NNI moves:0/152
Remaining: 0
#NNI moves:0/152
#NNI moves:0/152
(((((((((((((((100,95),94),97),((93,96),99)),98),((((((56,31),20),((70,5),(41,14))),(27,90)),(42,83)),37)),((((((((78,21),71),((79,63),(3,85))),66),((61,87),(60,33))),88),81),((65,((28,(46,48)),2)),((47,25),(82,52))))),(((((22,32),((12,(17,72)),44)),35),((9,((77,50),34)),((16,38),11))),((((54,(51,45)),(39,(40,53))),67),(((69,89),((76,29),(64,59))),((24,75),62))))),(((((18,19),(15,92)),4),(86,68)),74)),1),(((7,(36,55)),49),((((57,8),((80,58),91)),6),23))),(73,26)),(30,(84,10))),43),13);
Current score: 2.21646e+09
Current tree: ((((18,19),(15,92)),((86,68),(74,(((((((((100,95),94),97),((93,96),99)),98),((((((56,31),20),((70,5),(41,14))),(27,90)),(42,83)),37)),((((((((78,21),71),((79,63),(3,85))),66),((61,87),(60,33))),88),81),((65,((28,(46,48)),2)),((47,25),(82,52))))),(((((22,32),((12,(17,72)),44)),35),((9,((77,50),34)),((16,38),11))),((((54,(51,45)),(39,(40,53))),67),(((69,89),((76,29),(64,59))),((24,75),62))))),(1,((((7,(36,55)),49),((((57,8),((80,58),91)),6),23)),((73,26),((30,(84,10)),(43,13))))))))),4);
Final Tree: ((((18,19),(15,92)),((86,68),(74,(((((((((100,95),94),97),((93,96),99)),98),((((((56,31),20),((70,5),(41,14))),(27,90)),(42,83)),37)),((((((((78,21),71),((79,63),(3,85))),66),((61,87),(60,33))),88),81),((65,((28,(46,48)),2)),((47,25),(82,52))))),(((((22,32),((12,(17,72)),44)),35),((9,((77,50),34)),((16,38),11))),((((54,(51,45)),(39,(40,53))),67),(((69,89),((76,29),(64,59))),((24,75),62))))),(1,((((7,(36,55)),49),((((57,8),((80,58),91)),6),23)),((73,26),((30,(84,10)),(43,13))))))))),4);
#EqQuartets: 2380486403
Score: 2216462981
ASTRAL for PaRalogs and Orthologs III (ASTRAL-Pro3)
*** NOW with integrated CASTLES-Pro ***
Version: v1.22.3.6
Read 512 genetrees and found 100 species.
#Genetrees: 1000
#Duploss: 7246
#Species: 100
#Rounds: 4
#Samples: 4
#Threads: 1
Use two-step algorithm!
Guide Tree 0/16
#NNI moves:0/152
Guide Tree 1/16
#NNI moves:0/152
Guide Tree 2/16
#NNI moves:0/152
Guide Tree 3/16
#NNI moves:0/152
Guide Tree 4/16
#NNI moves:0/152
Guide Tree 5/16
#NNI moves:0/152
Guide Tree 6/16
#NNI moves:0/152
Guide Tree 7/16
#NNI moves:0/152
Guide Tree 8/16
#NNI moves:0/152
Guide Tree 9/16
#NNI moves:0/152
Guide Tree 10/16
#NNI moves:0/152
Guide Tree 11/16
#NNI moves:0/152
Guide Tree 12/16
#NNI moves:0/152
Guide Tree 13/16
#NNI moves:0/152
Guide Tree 14/16
#NNI moves:0/152
Guide Tree 15/16
#NNI moves:0/152
Remaining: 0
#NNI moves:0/152
#NNI moves:0/152
(((((((((((((((((9,11),2),16),((8,13),(4,10))),((5,6),(((7,15),((3,1),12)),14))),((((23,30),(((78,94),96),86)),((28,71),33)),63)),(((((83,(27,76)),(((82,64),46),42)),(56,47)),(((84,25),89),((66,17),54))),(32,31))),(((((37,39),73),((35,90),(21,51))),45),(((38,((98,29),(50,68))),81),((74,((53,(75,93)),26)),24)))),((((20,(48,52)),(72,77)),(55,61)),(87,58))),((43,80),34)),(100,60)),((((((69,(36,59)),(95,(22,19))),(99,49)),(((44,(65,40)),62),41)),(((70,67),57),88)),92)),18),79),97),85),91);
Guide Tree 0/16
#NNI moves:0/152
Guide Tree 1/16
#NNI moves:0/152
Guide Tree 2/16
#NNI moves:0/152
Guide Tree 3/16
#NNI moves:0/152
Guide Tree 4/16
#NNI moves:0/152
Guide Tree 5/16
#NNI moves:0/152
Guide Tree 6/16
#NNI moves:0/152
Guide Tree 7/16
#NNI moves:0/152
Guide Tree 8/16
#NNI moves:0/152
Guide Tree 9/16
#NNI moves:0/152
Guide Tree 10/16
#NNI moves:0/152
Guide Tree 11/16
#NNI moves:0/152
Guide Tree 12/16
#NNI moves:0/152
Guide Tree 13/16
#NNI moves:0/152
Guide Tree 14/16
#NNI moves:0/152
Guide Tree 15/16
#NNI moves:0/152
Remaining: 0
#NNI moves:0/152
#NNI moves:0/152
((((((((((((((((2,(11,9)),16),((8,13),(4,10))),((5,6),(((12,(1,3)),(15,7)),14))),((((86,((78,94),96)),(23,30)),((71,28),33)),63)),(((((42,((64,82),46)),(83,(76,27))),(56,47)),((89,(84,25)),((17,66),54))),(31,32))),(((((37,39),73),((21,51),(90,35))),45),((((((93,75),53),26),74),24),((((68,50),(98,29)),38),81)))),((58,87),(((72,77),((48,52),20)),(55,61)))),((80,43),34)),(60,100)),(((((((19,22),95),(69,(36,59))),(49,99)),((((65,40),44),62),41)),(((70,67),57),88)),92)),18),79),97),85),91);
Guide Tree 0/16
#NNI moves:0/152
Guide Tree 1/16
#NNI moves:0/152
Guide Tree 2/16
#NNI moves:0/152
Guide Tree 3/16
#NNI moves:0/152
Guide Tree 4/16
#NNI moves:0/152
Guide Tree 5/16
#NNI moves:0/152
Guide Tree 6/16
#NNI moves:0/152
Guide Tree 7/16
#NNI moves:0/152
Guide Tree 8/16
#NNI moves:0/152
Guide Tree 9/16
#NNI moves:0/152
Guide Tree 10/16
#NNI moves:0/152
Guide Tree 11/16
#NNI moves:0/152
Guide Tree 12/16
#NNI moves:0/152
Guide Tree 13/16
#NNI moves:0/152
Guide Tree 14/16
#NNI moves:0/152
Guide Tree 15/16
#NNI moves:0/152
Remaining: 0
#NNI moves:0/152
#NNI moves:0/152
(((((((((((((((33,(28,71)),((23,30),((96,(78,94)),86))),63),(((((7,15),((3,1),12)),14),(6,5)),(((10,4),(8,13)),((2,(11,9)),16)))),(((((25,84),89),((66,17),54)),(((42,((64,82),46)),((27,76),83)),(56,47))),(32,31))),((((74,(((75,93),53),26)),24),((((98,29),(50,68)),38),81)),((((37,39),73),((90,35),(51,21))),45))),(((((48,52),20),(77,72)),(55,61)),(87,58))),(34,(80,43))),(100,60)),(((((((19,22),95),(69,(59,36))),(99,49)),(41,(((40,65),44),62))),(((67,70),57),88)),92)),18),79),97),85),91);
Guide Tree 0/16
#NNI moves:0/152
Guide Tree 1/16
#NNI moves:0/152
Guide Tree 2/16
#NNI moves:0/152
Guide Tree 3/16
#NNI moves:0/152
Guide Tree 4/16
#NNI moves:0/152
Guide Tree 5/16
#NNI moves:0/152
Guide Tree 6/16
#NNI moves:0/152
Guide Tree 7/16
#NNI moves:0/152
Guide Tree 8/16
#NNI moves:0/152
Guide Tree 9/16
#NNI moves:0/152
Guide Tree 10/16
#NNI moves:0/152
Guide Tree 11/16
#NNI moves:0/152
Guide Tree 12/16
#NNI moves:0/152
Guide Tree 13/16
#NNI moves:0/152
Guide Tree 14/16
#NNI moves:0/152
Guide Tree 15/16
#NNI moves:0/152
Remaining: 0
#NNI moves:0/152
#NNI moves:0/152
(((((((((((((((47,56),((((82,64),46),42),(83,(76,27)))),((54,(17,66)),((25,84),89))),(32,31)),((63,((33,(28,71)),((((94,78),96),86),(23,30)))),((((((1,3),12),(15,7)),14),(5,6)),((16,(2,(9,11))),((4,10),(8,13)))))),((((((29,98),(50,68)),38),81),(((((93,75),53),26),74),24)),(((73,(39,37)),((35,90),(21,51))),45))),((((77,72),((48,52),20)),(61,55)),(87,58))),((80,43),34)),(100,60)),(((((49,99),(((59,36),69),((22,19),95))),((62,(44,(65,40))),41)),(88,((67,70),57))),92)),18),79),97),85),91);
Initial score: 2.0798e+09
Initial tree: (((((((((((((((47,56),((((82,64),46),42),(83,(76,27)))),((54,(17,66)),((25,84),89))),(32,31)),((63,((33,(28,71)),((((94,78),96),86),(23,30)))),((((((1,3),12),(15,7)),14),(5,6)),((16,(2,(9,11))),((4,10),(8,13)))))),((((((29,98),(50,68)),38),81),(((((93,75),53),26),74),24)),(((73,(39,37)),((35,90),(21,51))),45))),((((77,72),((48,52),20)),(61,55)),(87,58))),((80,43),34)),(100,60)),(((((49,99),(((59,36),69),((22,19),95))),((62,(44,(65,40))),41)),(88,((67,70),57))),92)),18),79),97),85),91);
*** Subsample Process ***
Use two-step algorithm!
#NNI moves:0/152
Remaining: 0
#NNI moves:0/152
#NNI moves:0/152
(((((((((((((((((97,(85,91)),79),18),(((((99,49),(((59,36),69),(95,(19,22)))),(((44,(40,65)),62),41)),(88,((67,70),57))),92)),(60,100)),((43,80),34)),((87,58),(((77,72),((52,48),20)),(55,61)))),(((((((75,93),53),26),74),24),((((50,68),(98,29)),38),81)),(((73,(39,37)),((90,35),(21,51))),45))),(((((8,13),(4,10)),(16,((11,9),2))),((6,5),(((12,(1,3)),(7,15)),14))),(((((96,(78,94)),86),(30,23)),((71,28),33)),63))),(32,31)),(((25,84),89),((17,66),54))),(56,47)),((27,76),83)),42),46),64),82);
#NNI moves:0/152
Remaining: 0
#NNI moves:0/152
#NNI moves:0/152
(((((((((((((((((15,7),(12,(3,1))),14),(6,5)),((16,((9,11),2)),((10,4),(13,8)))),((((((94,78),96),86),(23,30)),((28,71),33)),63)),(((((84,25),89),(54,(66,17))),((((46,(82,64)),42),((27,76),83)),(56,47))),(32,31))),((((((50,68),(98,29)),38),81),(((((75,93),53),26),74),24)),((((37,39),73),((90,35),(51,21))),45))),((((77,72),((52,48),20)),(61,55)),(87,58))),(34,(43,80))),(60,100)),((((((44,(65,40)),62),41),((((36,59),69),((19,22),95)),(49,99))),((57,(70,67)),88)),92)),18),79),97),91),85);
#NNI moves:0/152
Remaining: 0
#NNI moves:0/152
#NNI moves:0/152
(((((((((((73,(39,37)),((35,90),(51,21))),45),(((((68,50),(98,29)),38),81),(((((75,93),53),26),74),24))),((((((((41,(((40,65),44),62)),((49,99),(((36,59),69),(95,(19,22))))),(((70,67),57),88)),92),((((91,85),97),79),18)),(100,60)),(34,(80,43))),(((61,55),(((52,48),20),(77,72))),(87,58)))),((((((46,(82,64)),42),((76,27),83)),(56,47)),((54,(66,17)),((84,25),89))),(32,31))),((((71,28),33),((((94,78),96),86),(23,30))),63)),((16,((9,11),2)),((8,13),(10,4)))),((((3,1),12),(15,7)),14)),5),6);
#NNI moves:0/152
Remaining: 0
#NNI moves:0/152
#NNI moves:0/152
(((((((((((((((8,13),(4,10)),(((9,11),2),16)),((((15,7),(12,(1,3))),14),(6,5))),((((28,71),33),((((94,78),96),86),(23,30))),63)),((((((27,76),83),(42,((82,64),46))),(47,56)),(((66,17),54),((25,84),89))),(32,31))),((((((98,29),(50,68)),38),81),(((26,(53,(75,93))),74),24)),((((39,37),73),((35,90),(21,51))),45))),(((((48,52),20),(72,77)),(55,61)),(58,87))),((43,80),34)),(100,60)),(((((99,49),(((22,19),95),((59,36),69))),((62,((40,65),44)),41)),(((70,67),57),88)),92)),18),79),(85,91)),97);
Current score: 2.0798e+09
Current tree: ((85,((((((((((((((8,13),(4,10)),(((9,11),2),16)),((((15,7),(12,(1,3))),14),(6,5))),((((28,71),33),((((94,78),96),86),(23,30))),63)),((((((27,76),83),(42,((82,64),46))),(47,56)),(((66,17),54),((25,84),89))),(32,31))),((((((98,29),(50,68)),38),81),(((26,(53,(75,93))),74),24)),((((39,37),73),((35,90),(21,51))),45))),(((((48,52),20),(72,77)),(55,61)),(58,87))),((43,80),34)),(100,60)),(((((99,49),(((22,19),95),((59,36),69))),((62,((40,65),44)),41)),(((70,67),57),88)),92)),18),79),97)),91);
Final Tree: ((85,((((((((((((((8,13),(4,10)),(((9,11),2),16)),((((15,7),(12,(1,3))),14),(6,5))),((((28,71),33),((((94,78),96),86),(23,30))),63)),((((((27,76),83),(42,((82,64),46))),(47,56)),(((66,17),54),((25,84),89))),(32,31))),((((((98,29),(50,68)),38),81),(((26,(53,(75,93))),74),24)),((((39,37),73),((35,90),(21,51))),45))),(((((48,52),20),(72,77)),(55,61)),(58,87))),((43,80),34)),(100,60)),(((((99,49),(((22,19),95),((59,36),69))),((62,((40,65),44)),41)),(((70,67),57),88)),92)),18),79),97)),91);
#EqQuartets: 2294652087
Score: 2079803957
ASTRAL for PaRalogs and Orthologs III (ASTRAL-Pro3)
*** NOW with integrated CASTLES-Pro ***
Version: v1.22.3.6
Read 512 genetrees and found 100 species.
#Genetrees: 991
#Duploss: 7919
#Species: 100
#Rounds: 4
#Samples: 4
#Threads: 1
Use two-step algorithm!
Guide Tree 0/16
#NNI moves:0/152
Guide Tree 1/16
#NNI moves:0/152
Guide Tree 2/16
#NNI moves:0/152
Guide Tree 3/16
#NNI moves:0/152
Guide Tree 4/16
#NNI moves:0/152
Guide Tree 5/16
#NNI moves:0/152
Guide Tree 6/16
#NNI moves:0/152
Guide Tree 7/16
#NNI moves:0/152
Guide Tree 8/16
#NNI moves:0/152
Guide Tree 9/16
#NNI moves:0/152
Guide Tree 10/16
#NNI moves:0/152
Guide Tree 11/16
#NNI moves:0/152
Guide Tree 12/16
#NNI moves:0/152
Guide Tree 13/16
#NNI moves:0/152
Guide Tree 14/16
#NNI moves:0/152
Guide Tree 15/16
#NNI moves:0/152
Remaining: 0
#NNI moves:2/152
#NNI moves:2/152
((((((((((((44,(83,68)),((32,67),29)),((((((45,92),4),91),26),100),78)),((((84,86),66),(76,81)),((((60,(7,61)),19),11),((((23,5),(74,9)),(35,85)),((36,99),75))))),(((((((40,54),90),(34,14)),(((17,80),(38,31)),63)),(((3,1),2),((((((58,53),50),6),98),((12,77),65)),(((52,48),(82,89)),(69,24))))),15),(10,((28,95),(94,88))))),((57,(46,8)),59)),(((((70,71),((55,56),18)),((21,41),((39,96),72))),(((((62,49),(33,42)),(37,27)),16),25)),(13,20))),((51,47),79)),((30,(87,73)),(64,43))),97),93),22);
Guide Tree 0/16
#NNI moves:0/152
Guide Tree 1/16
#NNI moves:0/152
Guide Tree 2/16
#NNI moves:0/152
Guide Tree 3/16
#NNI moves:0/152
Guide Tree 4/16
#NNI moves:0/152
Guide Tree 5/16
#NNI moves:0/152
Guide Tree 6/16
#NNI moves:0/152
Guide Tree 7/16
#NNI moves:0/152
Guide Tree 8/16
#NNI moves:0/152
Guide Tree 9/16
#NNI moves:0/152
Guide Tree 10/16
#NNI moves:0/152
Guide Tree 11/16
#NNI moves:0/152
Guide Tree 12/16
#NNI moves:0/152
Guide Tree 13/16
#NNI moves:0/152
Guide Tree 14/16
#NNI moves:0/152
Guide Tree 15/16
#NNI moves:0/152
Remaining: 0
#NNI moves:0/152
#NNI moves:0/152
(((((((((((((19,(60,(7,61))),11),((((23,5),(9,74)),(35,85)),(75,(99,36)))),((66,(84,86)),(81,76))),((((26,(((45,92),4),91)),100),78),(((67,32),29),((68,83),44)))),(((((((40,54),90),(14,34)),(((80,17),(31,38)),63)),(((((89,82),(52,48)),(69,24)),((((50,(53,58)),6),98),(65,(12,77)))),((3,1),2))),15),(10,((88,94),(95,28))))),(((8,46),57),59)),((((16,((37,27),((49,62),(33,42)))),25),((((96,39),72),(41,21)),((18,(55,56)),(70,71)))),(20,13))),(79,(47,51))),(((73,87),30),(64,43))),97),93),22);
Guide Tree 0/16
#NNI moves:0/152
Guide Tree 1/16
#NNI moves:0/152
Guide Tree 2/16
#NNI moves:0/152
Guide Tree 3/16
#NNI moves:0/152
Guide Tree 4/16
#NNI moves:0/152
Guide Tree 5/16
#NNI moves:0/152
Guide Tree 6/16
#NNI moves:0/152
Guide Tree 7/16
#NNI moves:0/152
Guide Tree 8/16
#NNI moves:0/152
Guide Tree 9/16
#NNI moves:0/152
Guide Tree 10/16
#NNI moves:0/152
Guide Tree 11/16
#NNI moves:0/152
Guide Tree 12/16
#NNI moves:0/152
Guide Tree 13/16
#NNI moves:0/152
Guide Tree 14/16
#NNI moves:0/152
Guide Tree 15/16
#NNI moves:0/152
Remaining: 0
#NNI moves:0/152
#NNI moves:0/152
((((((((((((((91,((92,45),4)),26),100),78),((44,(83,68)),(29,(67,32)))),((((((23,5),(9,74)),(85,35)),((99,36),75)),((19,(60,(7,61))),11)),(((84,86),66),(81,76)))),(((((((69,24),((52,48),(82,89))),(((((53,58),50),6),98),((12,77),65))),((1,3),2)),((((38,31),(80,17)),63),((34,14),(90,(40,54))))),15),(((94,88),(28,95)),10))),(59,((8,46),57))),(((25,((((33,42),(62,49)),(37,27)),16)),(((70,71),(18,(56,55))),((21,41),((39,96),72)))),(20,13))),(79,(51,47))),(((73,87),30),(64,43))),97),93),22);
Guide Tree 0/16
#NNI moves:0/152
Guide Tree 1/16
#NNI moves:0/152
Guide Tree 2/16
#NNI moves:0/152
Guide Tree 3/16
#NNI moves:0/152
Guide Tree 4/16
#NNI moves:0/152
Guide Tree 5/16
#NNI moves:0/152
Guide Tree 6/16
#NNI moves:0/152
Guide Tree 7/16
#NNI moves:0/152
Guide Tree 8/16
#NNI moves:0/152
Guide Tree 9/16
#NNI moves:0/152
Guide Tree 10/16
#NNI moves:0/152
Guide Tree 11/16
#NNI moves:0/152
Guide Tree 12/16
#NNI moves:0/152
Guide Tree 13/16
#NNI moves:0/152
Guide Tree 14/16
#NNI moves:0/152
Guide Tree 15/16
#NNI moves:0/152
Remaining: 0
#NNI moves:4/152
#NNI moves:4/152
(((((((((((((((5,23),(74,9)),(35,85)),((36,99),75)),((((7,61),60),19),11)),((81,76),((86,84),66))),(((((((92,45),4),91),26),100),78),((44,(68,83)),((32,67),29)))),((((((((77,12),65),(((50,(58,53)),6),98)),((24,69),((52,48),(82,89)))),((3,1),2)),(((90,(40,54)),(14,34)),(((17,80),(38,31)),63))),15),(((95,28),(94,88)),10))),(59,((46,8),57))),((((((56,55),18),(70,71)),((21,41),(72,(39,96)))),((16,(((62,49),(33,42)),(27,37))),25)),(13,20))),((51,47),79)),(((87,73),30),(64,43))),97),93),22);
Initial score: 2.11303e+09
Initial tree: (((((((((((((((5,23),(74,9)),(35,85)),((36,99),75)),((((7,61),60),19),11)),((81,76),((86,84),66))),(((((((92,45),4),91),26),100),78),((44,(68,83)),((32,67),29)))),((((((((77,12),65),(((50,(58,53)),6),98)),((24,69),((52,48),(82,89)))),((3,1),2)),(((90,(40,54)),(14,34)),(((17,80),(38,31)),63))),15),(((95,28),(94,88)),10))),(59,((46,8),57))),((((((56,55),18),(70,71)),((21,41),(72,(39,96)))),((16,(((62,49),(33,42)),(27,37))),25)),(13,20))),((51,47),79)),(((87,73),30),(64,43))),97),93),22);
*** Subsample Process ***
Use two-step algorithm!
#NNI moves:0/152
Remaining: 0
#NNI moves:6/152
#NNI moves:6/152
((((((((((((((((18,(56,55)),(70,71)),((41,21),((39,96),72))),((((37,27),((49,62),(42,33))),16),25)),(13,20)),(((51,47),79),(((93,22),97),((43,64),((73,87),30))))),(59,((46,8),57))),(((((((40,54),90),(14,34)),(((31,38),(80,17)),63)),(((((((53,58),50),6),98),((12,77),65)),((24,69),((48,52),(89,82)))),((1,3),2))),15),(((94,88),(95,28)),10))),(((((91,((45,92),4)),26),100),78),((44,(83,68)),((32,67),29)))),(((86,84),66),(76,81))),((((7,61),60),19),11)),((99,36),75)),(35,85)),(74,9)),23),5);
#NNI moves:0/152
Remaining: 0
#NNI moves:4/152
#NNI moves:4/152
((((((((((((((90,(54,40)),(14,34)),(63,((38,31),(17,80)))),(((((82,89),(52,48)),(69,24)),(((((53,58),50),6),98),((12,77),65))),((1,3),2))),15),(((94,88),(28,95)),10)),((((((((45,92),4),91),26),100),78),(((32,67),29),((68,83),44))),(((((35,85),((23,5),(74,9))),((99,36),75)),(((60,(61,7)),19),11)),((76,81),((86,84),66))))),(((8,46),57),59)),((((((56,55),18),(71,70)),((72,(39,96)),(41,21))),(((((42,33),(62,49)),(37,27)),16),25)),(13,20))),((47,51),79)),(((73,87),30),(64,43))),97),22),93);
#NNI moves:0/152
Remaining: 0
#NNI moves:0/152
#NNI moves:0/152
(((((((((((((((85,35),((5,23),(74,9))),((36,99),75)),(((60,(7,61)),19),11)),((81,76),(66,(86,84)))),(((((((92,45),4),91),26),100),78),(((83,68),44),(29,(67,32))))),(((((((21,41),(72,(39,96))),((70,71),((56,55),18))),((((37,27),((49,62),(42,33))),16),25)),(13,20)),(((47,51),79),(((22,93),97),((30,(73,87)),(64,43))))),(59,((8,46),57)))),(((94,88),(28,95)),10)),15),(((((89,82),(52,48)),(24,69)),((65,(12,77)),((((58,53),50),6),98))),(2,(3,1)))),(((80,17),(38,31)),63)),(14,34)),90),54),40);
#NNI moves:0/152
Remaining: 0
#NNI moves:0/152
#NNI moves:0/152
(((((((((((((((((82,89),(52,48)),(24,69)),(((12,77),65),(98,(((58,53),50),6)))),((1,3),2)),(((90,(40,54)),(34,14)),(((17,80),(31,38)),63))),15),(((95,28),(88,94)),10)),((((((60,(61,7)),19),11),((((74,9),(5,23)),(35,85)),((36,99),75))),((81,76),((86,84),66))),(((44,(68,83)),(29,(32,67))),((100,((91,(4,(45,92))),26)),78)))),((57,(46,8)),59)),((((((96,39),72),(21,41)),((70,71),(18,(55,56)))),(((((33,42),(62,49)),(27,37)),16),25)),(20,13))),((51,47),79)),(97,(93,22))),(43,64)),30),73),87);
Current score: 2.11303e+09
Current tree: ((93,(97,(((((((((((((82,89),(52,48)),(24,69)),(((12,77),65),(98,(((58,53),50),6)))),((1,3),2)),(((90,(40,54)),(34,14)),(((17,80),(31,38)),63))),15),(((95,28),(88,94)),10)),((((((60,(61,7)),19),11),((((74,9),(5,23)),(35,85)),((36,99),75))),((81,76),((86,84),66))),(((44,(68,83)),(29,(32,67))),((100,((91,(4,(45,92))),26)),78)))),((57,(46,8)),59)),((((((96,39),72),(21,41)),((70,71),(18,(55,56)))),(((((33,42),(62,49)),(27,37)),16),25)),(20,13))),((51,47),79)),((43,64),(30,(73,87)))))),22);
Final Tree: ((93,(97,(((((((((((((82,89),(52,48)),(24,69)),(((12,77),65),(98,(((58,53),50),6)))),((1,3),2)),(((90,(40,54)),(34,14)),(((17,80),(31,38)),63))),15),(((95,28),(88,94)),10)),((((((60,(61,7)),19),11),((((74,9),(5,23)),(35,85)),((36,99),75))),((81,76),((86,84),66))),(((44,(68,83)),(29,(32,67))),((100,((91,(4,(45,92))),26)),78)))),((57,(46,8)),59)),((((((96,39),72),(21,41)),((70,71),(18,(55,56)))),(((((33,42),(62,49)),(27,37)),16),25)),(20,13))),((51,47),79)),((43,64),(30,(73,87)))))),22);
#EqQuartets: 2334831782
Score: 2113026241
ASTRAL for PaRalogs and Orthologs III (ASTRAL-Pro3)
*** NOW with integrated CASTLES-Pro ***
Version: v1.22.3.6
Read 512 genetrees and found 100 species.
#Genetrees: 1000
#Duploss: 6187
#Species: 100
#Rounds: 4
#Samples: 4
#Threads: 1
Use two-step algorithm!
Guide Tree 0/16
#NNI moves:0/152
Guide Tree 1/16
#NNI moves:0/152
Guide Tree 2/16
#NNI moves:0/152
Guide Tree 3/16
#NNI moves:0/152
Guide Tree 4/16
#NNI moves:0/152
Guide Tree 5/16
#NNI moves:0/152
Guide Tree 6/16
#NNI moves:0/152
Guide Tree 7/16
#NNI moves:0/152
Guide Tree 8/16
#NNI moves:0/152
Guide Tree 9/16
#NNI moves:0/152
Guide Tree 10/16
#NNI moves:0/152
Guide Tree 11/16
#NNI moves:0/152
Guide Tree 12/16
#NNI moves:0/152
Guide Tree 13/16
#NNI moves:0/152
Guide Tree 14/16
#NNI moves:0/152
Guide Tree 15/16
#NNI moves:0/152
Remaining: 0
#NNI moves:0/152
#NNI moves:0/152
((((((((((((22,((18,10),(21,(4,8)))),(3,17)),(7,15)),((((11,(13,9)),12),((1,14),(20,5))),((19,2),(16,6)))),(((((((30,65),76),99),((53,(73,68)),57)),((66,(80,(77,(72,23)))),34)),(74,(45,36))),(((24,(86,94)),(38,82)),61))),(((((75,97),90),41),((26,(67,29)),60)),46)),((42,37),(49,85))),(((((96,63),((55,28),(((40,((93,62),87)),100),47))),51),81),((43,54),(((39,89),52),((83,32),79))))),(((((31,95),35),(58,91)),48),(56,27))),((98,((59,50),92)),71)),(((64,69),(70,(78,25))),((88,44),33))),84);
Guide Tree 0/16
#NNI moves:0/152
Guide Tree 1/16
#NNI moves:0/152
Guide Tree 2/16
#NNI moves:0/152
Guide Tree 3/16
#NNI moves:0/152
Guide Tree 4/16
#NNI moves:0/152
Guide Tree 5/16
#NNI moves:0/152
Guide Tree 6/16
#NNI moves:0/152
Guide Tree 7/16
#NNI moves:0/152
Guide Tree 8/16
#NNI moves:0/152
Guide Tree 9/16
#NNI moves:0/152
Guide Tree 10/16
#NNI moves:0/152
Guide Tree 11/16
#NNI moves:0/152
Guide Tree 12/16
#NNI moves:0/152
Guide Tree 13/16
#NNI moves:0/152
Guide Tree 14/16
#NNI moves:0/152
Guide Tree 15/16
#NNI moves:0/152
Remaining: 0
#NNI moves:0/152
#NNI moves:0/152
(((((((((((((5,20),(14,1)),(12,(11,(9,13)))),((16,6),(2,19))),(((((21,(4,8)),(10,18)),22),(3,17)),(15,7))),((((24,(94,86)),(82,38)),61),(((((76,(30,65)),99),(((68,73),53),57)),((((77,(72,23)),80),66),34)),((36,45),74)))),(((((97,75),90),41),((26,(67,29)),60)),46)),((85,49),(42,37))),(((43,54),((79,(32,83)),(52,(89,39)))),(((((28,55),(((((62,93),87),40),100),47)),(63,96)),51),81))),((27,56),(((58,91),(35,(95,31))),48))),((((59,50),92),98),71)),((((25,78),70),(64,69)),(33,(88,44)))),84);
Guide Tree 0/16
#NNI moves:0/152
Guide Tree 1/16
#NNI moves:0/152
Guide Tree 2/16
#NNI moves:0/152
Guide Tree 3/16
#NNI moves:0/152
Guide Tree 4/16
#NNI moves:0/152
Guide Tree 5/16
#NNI moves:0/152
Guide Tree 6/16
#NNI moves:0/152
Guide Tree 7/16
#NNI moves:0/152
Guide Tree 8/16
#NNI moves:0/152
Guide Tree 9/16
#NNI moves:0/152
Guide Tree 10/16
#NNI moves:0/152
Guide Tree 11/16
#NNI moves:0/152
Guide Tree 12/16
#NNI moves:0/152
Guide Tree 13/16
#NNI moves:0/152
Guide Tree 14/16
#NNI moves:0/152
Guide Tree 15/16
#NNI moves:0/152
Remaining: 0
#NNI moves:0/152
#NNI moves:0/152
(((((((((((((((65,30),76),99),(57,(53,(68,73)))),(((80,((23,72),77)),66),34)),(74,(45,36))),((((86,94),24),(38,82)),61)),((((3,17),(22,((10,18),((8,4),21)))),(15,7)),((((5,20),(1,14)),(12,((13,9),11))),((19,2),(6,16))))),(((((29,67),26),60),(((97,75),90),41)),46)),((49,85),(42,37))),(((43,54),((79,(32,83)),((89,39),52))),(((((47,((((62,93),87),40),100)),(28,55)),(96,63)),51),81))),((((35,(95,31)),(91,58)),48),(27,56))),((98,(92,(50,59))),71)),((((25,78),70),(64,69)),(33,(88,44)))),84);
Guide Tree 0/16
#NNI moves:2/152
Guide Tree 1/16
#NNI moves:0/152
Guide Tree 2/16
#NNI moves:0/152
Guide Tree 3/16
#NNI moves:0/152
Guide Tree 4/16
#NNI moves:0/152
Guide Tree 5/16
#NNI moves:6/152
Guide Tree 6/16
#NNI moves:2/152
Guide Tree 7/16
#NNI moves:6/152
Guide Tree 8/16
#NNI moves:2/152
Guide Tree 9/16
#NNI moves:2/152
Guide Tree 10/16
#NNI moves:0/152
Guide Tree 11/16
#NNI moves:2/152
Guide Tree 12/16
#NNI moves:2/152
Guide Tree 13/16
#NNI moves:0/152
Guide Tree 14/16
#NNI moves:2/152
Guide Tree 15/16
#NNI moves:0/152
Remaining: 0
#NNI moves:0/152
#NNI moves:0/152
((((((((((((((10,18),((4,8),21)),22),(3,17)),(15,7)),((((20,5),(1,14)),((11,(9,13)),12)),((19,2),(6,16)))),(((((99,((65,30),76)),((53,(68,73)),57)),((66,(((72,23),77),80)),34)),((45,36),74)),(((82,38),(24,(86,94))),61))),(((60,(26,(67,29))),(((97,75),90),41)),46)),((37,42),(85,49))),(((((((((87,(93,62)),40),100),47),(28,55)),(96,63)),51),81),((54,43),(((39,89),52),((83,32),79))))),((((91,58),((95,31),35)),48),(27,56))),(71,(((59,50),92),98))),(((69,64),((78,25),70)),((88,44),33))),84);
Initial score: 2.20652e+09
Initial tree: ((((((((((((((10,18),((4,8),21)),22),(3,17)),(15,7)),((((20,5),(1,14)),((11,(9,13)),12)),((19,2),(6,16)))),(((((99,((65,30),76)),((53,(68,73)),57)),((66,(((72,23),77),80)),34)),((45,36),74)),(((82,38),(24,(86,94))),61))),(((60,(26,(67,29))),(((97,75),90),41)),46)),((37,42),(85,49))),(((((((((87,(93,62)),40),100),47),(28,55)),(96,63)),51),81),((54,43),(((39,89),52),((83,32),79))))),((((91,58),((95,31),35)),48),(27,56))),(71,(((59,50),92),98))),(((69,64),((78,25),70)),((88,44),33))),84);
*** Subsample Process ***
Use two-step algorithm!
#NNI moves:0/152
Remaining: 0
#NNI moves:0/152
#NNI moves:0/152
(((((((((((((((((((62,93),87),40),100),47),(55,28)),(63,96)),51),81),((54,43),(((39,89),52),((32,83),79)))),(((((92,(59,50)),98),71),((((88,44),33),((69,64),(70,(25,78)))),84)),((((35,(95,31)),(91,58)),48),(27,56)))),((37,42),(85,49))),((((26,(67,29)),60),((90,(97,75)),41)),46)),(((((66,(((23,72),77),80)),34),((((65,30),76),99),((53,(68,73)),57))),((45,36),74)),((((86,94),24),(82,38)),61))),((((1,14),(5,20)),(12,((13,9),11))),((2,19),(16,6)))),(7,15)),(3,17)),((18,10),((8,4),21))),22);
#NNI moves:0/152
Remaining: 0
#NNI moves:0/152
#NNI moves:0/152
((((((((((((((((66,(((72,23),77),80)),34),((((30,65),76),99),((53,(68,73)),57))),(74,(45,36))),((((86,94),24),(38,82)),61)),(((((14,1),(5,20)),(((13,9),11),12)),((6,16),(2,19))),(((((18,10),(21,(4,8))),22),(17,3)),(7,15)))),(((60,((29,67),26)),(((75,97),90),41)),46)),((37,42),(85,49))),((((((((((93,62),87),40),100),47),(55,28)),(96,63)),51),81),((43,54),(((39,89),52),((32,83),79))))),((48,((35,(95,31)),(91,58))),(27,56))),((98,((59,50),92)),71)),84),((64,69),((25,78),70))),33),44),88);
#NNI moves:0/152
Remaining: 0
#NNI moves:0/152
#NNI moves:0/152
(((((((((((((71,(((50,59),92),98)),((((64,69),(70,(25,78))),(33,(88,44))),84)),((((58,91),((31,95),35)),48),(56,27))),(((54,43),(((83,32),79),((39,89),52))),((51,((63,96),((28,55),((100,((87,(93,62)),40)),47)))),81))),((85,49),(37,42))),((((26,(29,67)),60),(((75,97),90),41)),46)),(((((14,1),(5,20)),(((9,13),11),12)),((19,2),(6,16))),(((17,3),((((8,4),21),(10,18)),22)),(15,7)))),((((86,94),24),(38,82)),61)),((36,45),74)),((99,((30,65),76)),((53,(68,73)),57))),34),(((72,23),77),80)),66);
#NNI moves:0/152
Remaining: 0
#NNI moves:0/152
#NNI moves:0/152
((((((((((((((((20,5),(1,14)),(((13,9),11),12)),((16,6),(19,2))),(((3,17),(22,(((4,8),21),(10,18)))),(15,7))),((61,((82,38),((94,86),24))),(((45,36),74),(((57,(53,(73,68))),(((65,30),76),99)),(((((72,23),77),80),66),34))))),((((26,(67,29)),60),(((75,97),90),41)),46)),((49,85),(37,42))),(((((39,89),52),((83,32),79)),(54,43)),(((((47,((40,((62,93),87)),100)),(55,28)),(96,63)),51),81))),(((((95,31),35),(58,91)),48),(56,27))),((((59,50),92),98),71)),84),(33,(44,88))),((78,25),70)),69),64);
Current score: 2.20652e+09
Current tree: (((((((((((((20,5),(1,14)),(((13,9),11),12)),((16,6),(19,2))),(((3,17),(22,(((4,8),21),(10,18)))),(15,7))),((61,((82,38),((94,86),24))),(((45,36),74),(((57,(53,(73,68))),(((65,30),76),99)),(((((72,23),77),80),66),34))))),((((26,(67,29)),60),(((75,97),90),41)),46)),((49,85),(37,42))),(((((39,89),52),((83,32),79)),(54,43)),(((((47,((40,((62,93),87)),100)),(55,28)),(96,63)),51),81))),(((((95,31),35),(58,91)),48),(56,27))),((((59,50),92),98),71)),((33,(44,88)),(((78,25),70),(69,64)))),84);
Final Tree: (((((((((((((20,5),(1,14)),(((13,9),11),12)),((16,6),(19,2))),(((3,17),(22,(((4,8),21),(10,18)))),(15,7))),((61,((82,38),((94,86),24))),(((45,36),74),(((57,(53,(73,68))),(((65,30),76),99)),(((((72,23),77),80),66),34))))),((((26,(67,29)),60),(((75,97),90),41)),46)),((49,85),(37,42))),(((((39,89),52),((83,32),79)),(54,43)),(((((47,((40,((62,93),87)),100)),(55,28)),(96,63)),51),81))),(((((95,31),35),(58,91)),48),(56,27))),((((59,50),92),98),71)),((33,(44,88)),(((78,25),70),(69,64)))),84);
#EqQuartets: 2404526178
Score: 2206523261
