ASTRAL for PaRalogs and Orthologs III (ASTRAL-Pro3)
*** NOW with integrated CASTLES-Pro ***
Version: v1.22.3.6
Read 512 genetrees and found 100 species.
#Genetrees: 1000
#Duploss: 7730
#Species: 100
#Rounds: 4
#Samples: 4
#Threads: 1
Use two-step algorithm!
Guide Tree 0/16
#NNI moves:0/152
Guide Tree 1/16
#NNI moves:0/152
Guide Tree 2/16
#NNI moves:0/152
Guide Tree 3/16
#NNI moves:0/152
Guide Tree 4/16
#NNI moves:0/152
Guide Tree 5/16
#NNI moves:0/152
Guide Tree 6/16
#NNI moves:0/152
Guide Tree 7/16
#NNI moves:0/152
Guide Tree 8/16
#NNI moves:0/152
Guide Tree 9/16
#NNI moves:0/152
Guide Tree 10/16
#NNI moves:0/152
Guide Tree 11/16
#NNI moves:0/152
Guide Tree 12/16
#NNI moves:0/152
Guide Tree 13/16
#NNI moves:0/152
Guide Tree 14/16
#NNI moves:0/152
Guide Tree 15/16
#NNI moves:0/152
Remaining: 0
#NNI moves:0/152
#NNI moves:0/152
((((((((((((((((44,(23,50)),(16,71)),97),77),(91,((30,94),36))),((((15,68),76),(18,51)),((41,33),(17,39)))),((((((6,9),(8,(11,1))),10),(3,12)),7),((5,4),2))),(((58,19),63),(((25,31),(52,47)),(20,93)))),(((((((66,28),(99,14)),83),61),(67,42)),((62,82),(81,88))),(38,37))),((57,(96,32)),(49,89))),((((((((56,26),53),(45,((27,60),29))),80),((13,43),((92,95),100))),((64,72),78)),(((48,22),(46,85)),((73,74),(84,59)))),(98,54))),((((21,90),87),79),75)),(65,24)),(((55,69),35),34)),(86,40)),70);
Guide Tree 0/16
#NNI moves:0/152
Guide Tree 1/16
#NNI moves:0/152
Guide Tree 2/16
#NNI moves:0/152
Guide Tree 3/16
#NNI moves:0/152
Guide Tree 4/16
#NNI moves:0/152
Guide Tree 5/16
#NNI moves:0/152
Guide Tree 6/16
#NNI moves:0/152
Guide Tree 7/16
#NNI moves:0/152
Guide Tree 8/16
#NNI moves:0/152
Guide Tree 9/16
#NNI moves:0/152
Guide Tree 10/16
#NNI moves:0/152
Guide Tree 11/16
#NNI moves:0/152
Guide Tree 12/16
#NNI moves:0/152
Guide Tree 13/16
#NNI moves:0/152
Guide Tree 14/16
#NNI moves:0/152
Guide Tree 15/16
#NNI moves:0/152
Remaining: 0
#NNI moves:2/152
#NNI moves:2/152
((((((((((((((((44,(50,23)),(71,16)),97),77),(((94,30),36),91)),(((18,51),((15,68),76)),((39,17),(41,33)))),((((10,((8,(11,1)),(9,6))),(12,3)),7),(2,(5,4)))),(((93,20),((47,52),(31,25))),(63,(19,58)))),(((((((14,99),(28,66)),83),61),(67,42)),((81,88),(82,62))),(38,37))),((89,49),((96,32),57))),(((((84,59),(74,73)),((48,22),(46,85))),((((100,(92,95)),(13,43)),(80,((53,(56,26)),(((60,27),29),45)))),((64,72),78))),(98,54))),((((90,21),87),79),75)),(65,24)),(((55,69),35),34)),(40,86)),70);
Guide Tree 0/16
#NNI moves:0/152
Guide Tree 1/16
#NNI moves:0/152
Guide Tree 2/16
#NNI moves:0/152
Guide Tree 3/16
#NNI moves:0/152
Guide Tree 4/16
#NNI moves:0/152
Guide Tree 5/16
#NNI moves:0/152
Guide Tree 6/16
#NNI moves:0/152
Guide Tree 7/16
#NNI moves:0/152
Guide Tree 8/16
#NNI moves:0/152
Guide Tree 9/16
#NNI moves:0/152
Guide Tree 10/16
#NNI moves:0/152
Guide Tree 11/16
#NNI moves:0/152
Guide Tree 12/16
#NNI moves:0/152
Guide Tree 13/16
#NNI moves:0/152
Guide Tree 14/16
#NNI moves:0/152
Guide Tree 15/16
#NNI moves:0/152
Remaining: 0
#NNI moves:0/152
#NNI moves:0/152
((((((((((((((((16,71),((50,23),44)),97),77),(((94,30),36),91)),(((17,39),(33,41)),(((68,15),76),(18,51)))),((2,(5,4)),(7,((((9,6),((1,11),8)),10),(3,12))))),(((58,19),63),(((52,47),(31,25)),(93,20)))),(((((((99,14),(28,66)),83),61),(42,67)),((62,82),(88,81))),(37,38))),(((96,32),57),(49,89))),(((((48,22),(85,46)),((59,84),(74,73))),((78,(64,72)),((((45,(29,(27,60))),((56,26),53)),80),((13,43),((92,95),100))))),(98,54))),((((90,21),87),79),75)),(65,24)),(((69,55),35),34)),(40,86)),70);
Guide Tree 0/16
#NNI moves:0/152
Guide Tree 1/16
#NNI moves:0/152
Guide Tree 2/16
#NNI moves:0/152
Guide Tree 3/16
#NNI moves:0/152
Guide Tree 4/16
#NNI moves:0/152
Guide Tree 5/16
#NNI moves:0/152
Guide Tree 6/16
#NNI moves:0/152
Guide Tree 7/16
#NNI moves:0/152
Guide Tree 8/16
#NNI moves:0/152
Guide Tree 9/16
#NNI moves:0/152
Guide Tree 10/16
#NNI moves:0/152
Guide Tree 11/16
#NNI moves:0/152
Guide Tree 12/16
#NNI moves:0/152
Guide Tree 13/16
#NNI moves:0/152
Guide Tree 14/16
#NNI moves:0/152
Guide Tree 15/16
#NNI moves:0/152
Remaining: 0
#NNI moves:0/152
#NNI moves:0/152
((((((((((((((17,39),(41,33)),((51,18),((15,68),76))),((((30,94),36),91),(((((50,23),44),(71,16)),97),77))),((7,((3,12),((((11,1),8),(6,9)),10))),(2,(5,4)))),(((20,93),((47,52),(31,25))),((58,19),63))),((((82,62),(81,88)),(((((28,66),(99,14)),83),61),(42,67))),(37,38))),(((32,96),57),(49,89))),((((((((29,(60,27)),45),((56,26),53)),80),((13,43),((95,92),100))),((64,72),78)),(((84,59),(73,74)),((22,48),(46,85)))),(98,54))),(75,(79,(87,(90,21))))),(24,65)),(34,((69,55),35))),(86,40)),70);
Initial score: 2.22517e+09
Initial tree: ((((((((((((((17,39),(41,33)),((51,18),((15,68),76))),((((30,94),36),91),(((((50,23),44),(71,16)),97),77))),((7,((3,12),((((11,1),8),(6,9)),10))),(2,(5,4)))),(((20,93),((47,52),(31,25))),((58,19),63))),((((82,62),(81,88)),(((((28,66),(99,14)),83),61),(42,67))),(37,38))),(((32,96),57),(49,89))),((((((((29,(60,27)),45),((56,26),53)),80),((13,43),((95,92),100))),((64,72),78)),(((84,59),(73,74)),((22,48),(46,85)))),(98,54))),(75,(79,(87,(90,21))))),(24,65)),(34,((69,55),35))),(86,40)),70);
*** Subsample Process ***
Use two-step algorithm!
#NNI moves:0/152
Remaining: 0
#NNI moves:0/152
#NNI moves:0/152
(((((((((((((((((((56,26),53),(45,(29,(27,60)))),80),(((92,95),100),(13,43))),((64,72),78)),(((22,48),(46,85)),((74,73),(59,84)))),(98,54)),((((34,((69,55),35)),((86,40),70)),(65,24)),(75,((87,(90,21)),79)))),((49,89),((96,32),57))),((((62,82),(88,81)),((42,67),((((66,28),(14,99)),83),61))),(37,38))),((((52,47),(31,25)),(93,20)),((19,58),63))),(((((((1,11),8),(9,6)),10),(3,12)),7),((4,5),2))),(((17,39),(41,33)),(((68,15),76),(51,18)))),(((((23,50),44),(71,16)),97),77)),91),36),94),30);
#NNI moves:0/152
Remaining: 0
#NNI moves:0/152
#NNI moves:0/152
((((((((((((((((68,15),76),(18,51)),((33,41),(17,39))),((((((50,23),44),(71,16)),97),77),((36,(30,94)),91))),(((((((11,1),8),(6,9)),10),(3,12)),7),((5,4),2))),((((52,47),(31,25)),(93,20)),((58,19),63))),((((67,42),((((66,28),(14,99)),83),61)),((82,62),(81,88))),(38,37))),((49,89),((96,32),57))),((((((((29,(60,27)),45),(53,(26,56))),80),(((92,95),100),(43,13))),((72,64),78)),(((48,22),(85,46)),((74,73),(59,84)))),(98,54))),((((90,21),87),79),75)),(24,65)),(34,(35,(55,69)))),70),40),86);
#NNI moves:0/152
Remaining: 0
#NNI moves:0/152
#NNI moves:0/152
(((((((((((((((((((26,56),53),((29,(60,27)),45)),80),(((92,95),100),(43,13))),((64,72),78)),(((73,74),(59,84)),((22,48),(85,46)))),(98,54)),((((((55,69),35),34),((86,40),70)),(24,65)),(((87,(90,21)),79),75))),((89,49),(57,(96,32)))),((((61,(83,((99,14),(28,66)))),(67,42)),((88,81),(82,62))),(38,37))),((63,(58,19)),(((52,47),(25,31)),(93,20)))),((((3,12),((((11,1),8),(6,9)),10)),7),((5,4),2))),(((36,(30,94)),91),((((44,(23,50)),(71,16)),97),77))),((39,17),(41,33))),(18,51)),76),15),68);
#NNI moves:0/152
Remaining: 0
#NNI moves:0/152
#NNI moves:0/152
((((((((((((((((((44,(50,23)),(16,71)),97),77),(((30,94),36),91)),(((17,39),(33,41)),((51,18),(76,(68,15))))),(((((((11,1),8),(6,9)),10),(3,12)),7),((5,4),2))),((((31,25),(52,47)),(20,93)),((19,58),63))),((((62,82),(81,88)),(((((99,14),(28,66)),83),61),(42,67))),(37,38))),(((96,32),57),(49,89))),((((((((56,26),53),(45,((27,60),29))),80),((100,(95,92)),(13,43))),(78,(72,64))),(((22,48),(46,85)),((73,74),(84,59)))),(54,98))),((79,((90,21),87)),75)),(65,24)),((40,86),70)),34),35),69),55);
Current score: 2.22517e+09
Current tree: (((40,86),((((((((((((((44,(50,23)),(16,71)),97),77),(((30,94),36),91)),(((17,39),(33,41)),((51,18),(76,(68,15))))),(((((((11,1),8),(6,9)),10),(3,12)),7),((5,4),2))),((((31,25),(52,47)),(20,93)),((19,58),63))),((((62,82),(81,88)),(((((99,14),(28,66)),83),61),(42,67))),(37,38))),(((96,32),57),(49,89))),((((((((56,26),53),(45,((27,60),29))),80),((100,(95,92)),(13,43))),(78,(72,64))),(((22,48),(46,85)),((73,74),(84,59)))),(54,98))),((79,((90,21),87)),75)),(65,24)),(34,(35,(69,55))))),70);
Final Tree: (((40,86),((((((((((((((44,(50,23)),(16,71)),97),77),(((30,94),36),91)),(((17,39),(33,41)),((51,18),(76,(68,15))))),(((((((11,1),8),(6,9)),10),(3,12)),7),((5,4),2))),((((31,25),(52,47)),(20,93)),((19,58),63))),((((62,82),(81,88)),(((((99,14),(28,66)),83),61),(42,67))),(37,38))),(((96,32),57),(49,89))),((((((((56,26),53),(45,((27,60),29))),80),((100,(95,92)),(13,43))),(78,(72,64))),(((22,48),(46,85)),((73,74),(84,59)))),(54,98))),((79,((90,21),87)),75)),(65,24)),(34,(35,(69,55))))),70);
#EqQuartets: 2389772942
Score: 2225172877
ASTRAL for PaRalogs and Orthologs III (ASTRAL-Pro3)
*** NOW with integrated CASTLES-Pro ***
Version: v1.22.3.6
Read 512 genetrees and found 100 species.
#Genetrees: 1000
#Duploss: 7217
#Species: 100
#Rounds: 4
#Samples: 4
#Threads: 1
Use two-step algorithm!
Guide Tree 0/16
#NNI moves:0/152
Guide Tree 1/16
#NNI moves:0/152
Guide Tree 2/16
#NNI moves:0/152
Guide Tree 3/16
#NNI moves:0/152
Guide Tree 4/16
#NNI moves:0/152
Guide Tree 5/16
#NNI moves:0/152
Guide Tree 6/16
#NNI moves:0/152
Guide Tree 7/16
#NNI moves:0/152
Guide Tree 8/16
#NNI moves:0/152
Guide Tree 9/16
#NNI moves:0/152
Guide Tree 10/16
#NNI moves:0/152
Guide Tree 11/16
#NNI moves:0/152
Guide Tree 12/16
#NNI moves:0/152
Guide Tree 13/16
#NNI moves:0/152
Guide Tree 14/16
#NNI moves:0/152
Guide Tree 15/16
#NNI moves:0/152
Remaining: 0
#NNI moves:2/152
#NNI moves:2/152
((((((((((((((((78,87),(95,52)),62),((((79,45),66),(44,(96,91))),(88,58))),74),(64,54)),(100,41)),(((68,71),(49,59)),(((46,60),89),(((43,48),83),85)))),(47,51)),((((53,(94,92)),69),((67,((98,55),65)),57)),((81,76),(97,84)))),(((((31,((34,40),(38,17))),13),((14,(((21,27),26),28)),((((36,20),7),(33,25)),29))),((((6,37),8),(((((((35,18),4),2),(12,(22,9))),5),((15,30),(1,24))),((10,11),(23,39)))),((3,32),16))),19)),90),(77,75)),((((56,(80,(93,72))),50),(73,86)),(82,61))),((99,70),42)),63);
Guide Tree 0/16
#NNI moves:0/152
Guide Tree 1/16
#NNI moves:0/152
Guide Tree 2/16
#NNI moves:0/152
Guide Tree 3/16
#NNI moves:0/152
Guide Tree 4/16
#NNI moves:0/152
Guide Tree 5/16
#NNI moves:0/152
Guide Tree 6/16
#NNI moves:0/152
Guide Tree 7/16
#NNI moves:0/152
Guide Tree 8/16
#NNI moves:0/152
Guide Tree 9/16
#NNI moves:0/152
Guide Tree 10/16
#NNI moves:0/152
Guide Tree 11/16
#NNI moves:0/152
Guide Tree 12/16
#NNI moves:0/152
Guide Tree 13/16
#NNI moves:0/152
Guide Tree 14/16
#NNI moves:0/152
Guide Tree 15/16
#NNI moves:0/152
Remaining: 1
#NNI moves:2/152
#NNI moves:2/152
(((((((((((((((((96,91),44),(66,(45,79))),(58,88)),(62,((78,87),(52,95)))),74),(64,54)),(41,100)),(((68,71),(59,49)),((85,((43,48),83)),((60,46),89)))),(47,51)),(((((92,94),53),69),((((55,98),65),67),57)),((76,81),(84,97)))),(((((((7,(36,20)),(25,33)),29),((28,((27,21),26)),14)),((((40,34),(38,17)),31),13)),((((6,37),8),(((23,39),(11,10)),((((2,((18,35),4)),((22,9),12)),5),((1,24),(15,30))))),(16,(32,3)))),19)),90),(77,75)),((((((72,93),80),56),50),(73,86)),(82,61))),((70,99),42)),63);
Guide Tree 0/16
#NNI moves:0/152
Guide Tree 1/16
#NNI moves:2/152
Guide Tree 2/16
#NNI moves:0/152
Guide Tree 3/16
#NNI moves:2/152
Guide Tree 4/16
#NNI moves:0/152
Guide Tree 5/16
#NNI moves:0/152
Guide Tree 6/16
#NNI moves:2/152
Guide Tree 7/16
#NNI moves:2/152
Guide Tree 8/16
#NNI moves:0/152
Guide Tree 9/16
#NNI moves:0/152
Guide Tree 10/16
#NNI moves:0/152
Guide Tree 11/16
#NNI moves:0/152
Guide Tree 12/16
#NNI moves:2/152
Guide Tree 13/16
#NNI moves:2/152
Guide Tree 14/16
#NNI moves:2/152
Guide Tree 15/16
#NNI moves:0/152
Remaining: 0
#NNI moves:2/152
#NNI moves:2/152
((((((((((((94,92),53),69),((67,((55,98),65)),57)),((97,84),(76,81))),((47,51),((((((43,48),83),85),(89,(46,60))),((49,59),(68,71))),((100,41),((54,64),(((((66,(45,79)),((96,91),44)),(58,88)),(((87,78),(95,52)),62)),74)))))),(((((((((12,(9,22)),(((18,35),4),2)),5),((30,15),(24,1))),((11,10),(39,23))),((6,37),8)),((32,3),16)),(((((25,33),(7,(36,20))),29),((((27,21),26),28),14)),((31,((38,17),(34,40))),13))),19)),90),(77,75)),((((((72,93),80),56),50),(73,86)),(61,82))),((70,99),42)),63);
Guide Tree 0/16
#NNI moves:0/152
Guide Tree 1/16
#NNI moves:0/152
Guide Tree 2/16
#NNI moves:0/152
Guide Tree 3/16
#NNI moves:0/152
Guide Tree 4/16
#NNI moves:0/152
Guide Tree 5/16
#NNI moves:0/152
Guide Tree 6/16
#NNI moves:0/152
Guide Tree 7/16
#NNI moves:0/152
Guide Tree 8/16
#NNI moves:0/152
Guide Tree 9/16
#NNI moves:0/152
Guide Tree 10/16
#NNI moves:0/152
Guide Tree 11/16
#NNI moves:0/152
Guide Tree 12/16
#NNI moves:0/152
Guide Tree 13/16
#NNI moves:0/152
Guide Tree 14/16
#NNI moves:0/152
Guide Tree 15/16
#NNI moves:0/152
Remaining: 0
#NNI moves:4/152
#NNI moves:4/152
((((((((((((((24,1),(15,30)),(((2,(4,(35,18))),((22,9),12)),5)),((10,11),(39,23))),(8,(6,37))),((3,32),16)),(((((17,38),(34,40)),31),13),((((7,(20,36)),(25,33)),29),(14,(28,((27,21),26)))))),19),(((((((((((91,96),44),(66,(79,45))),(58,88)),(((78,87),(52,95)),62)),74),(64,54)),(41,100)),((((83,(43,48)),85),((60,46),89)),((68,71),(49,59)))),(47,51)),(((69,((94,92),53)),((67,(65,(55,98))),57)),((84,97),(81,76))))),90),(75,77)),(((50,(((93,72),80),56)),(73,86)),(61,82))),((99,70),42)),63);
Initial score: 1.97171e+09
Initial tree: ((((((((((((((24,1),(15,30)),(((2,(4,(35,18))),((22,9),12)),5)),((10,11),(39,23))),(8,(6,37))),((3,32),16)),(((((17,38),(34,40)),31),13),((((7,(20,36)),(25,33)),29),(14,(28,((27,21),26)))))),19),(((((((((((91,96),44),(66,(79,45))),(58,88)),(((78,87),(52,95)),62)),74),(64,54)),(41,100)),((((83,(43,48)),85),((60,46),89)),((68,71),(49,59)))),(47,51)),(((69,((94,92),53)),((67,(65,(55,98))),57)),((84,97),(81,76))))),90),(75,77)),(((50,(((93,72),80),56)),(73,86)),(61,82))),((99,70),42)),63);
*** Subsample Process ***
Use two-step algorithm!
#NNI moves:0/152
Remaining: 0
#NNI moves:4/152
#NNI moves:4/152
((((((((((((((((((((((((96,91),44),(66,(45,79))),(58,88)),(((87,78),(95,52)),62)),74),(64,54)),(100,41)),((((83,(48,43)),85),((60,46),89)),((49,59),(71,68)))),(51,47)),(((((94,92),53),69),(((65,(55,98)),67),57)),((81,76),(84,97)))),((((((73,86),(((80,(72,93)),56),50)),(61,82)),(((99,70),42),63)),(75,77)),90)),19),(((((38,17),(40,34)),31),13),(((((36,20),7),(33,25)),29),((28,(26,(27,21))),14)))),((3,32),16)),(8,(37,6))),((11,10),(23,39))),((15,30),(24,1))),5),((9,22),12)),2),4),35),18);
#NNI moves:0/152
Remaining: 0
#NNI moves:0/152
#NNI moves:0/152
(((((((((((((((((88,58),(((79,45),66),(44,(96,91)))),(((87,78),(95,52)),62)),74),(54,64)),(41,100)),(((49,59),(68,71)),((89,(46,60)),(((48,43),83),85)))),(47,51)),((((67,((55,98),65)),57),((53,(94,92)),69)),((81,76),(97,84)))),(((((((17,38),(40,34)),31),13),((((26,(21,27)),28),14),(((33,25),((36,20),7)),29))),((((6,37),8),((((15,30),(24,1)),(((((18,35),4),2),(12,(22,9))),5)),((10,11),(39,23)))),((3,32),16))),19)),90),(77,75)),((82,61),(((((72,93),80),56),50),(86,73)))),63),42),70),99);
#NNI moves:0/152
Remaining: 0
#NNI moves:0/152
#NNI moves:0/152
(((((((((((((((((((30,15),(1,24)),(((((35,18),4),2),(12,(9,22))),5)),((39,23),(11,10))),(8,(6,37))),((3,32),16)),(((((34,40),(17,38)),31),13),((29,((33,25),((36,20),7))),((28,(26,(27,21))),14)))),19),(((77,75),((((86,73),(50,((80,(72,93)),56))),(82,61)),(((70,99),42),63))),90)),((((67,((55,98),65)),57),(69,(53,(92,94)))),((76,81),(97,84)))),(51,47)),(((49,59),(68,71)),((85,(83,(43,48))),((46,60),89)))),(41,100)),(54,64)),74),(((87,78),(52,95)),62)),((44,(96,91)),((79,45),66))),58),88);
#NNI moves:0/152
Remaining: 0
#NNI moves:2/152
#NNI moves:2/152
((((((((((((((((((4,(35,18)),2),((22,9),12)),5),((15,30),(1,24))),((23,39),(10,11))),((37,6),8)),((3,32),16)),(((31,((34,40),(38,17))),13),(((((27,21),26),28),14),((((20,36),7),(33,25)),29)))),19),((((((((((95,52),(78,87)),62),((((91,96),44),((79,45),66)),(58,88))),74),(64,54)),(41,100)),((((83,(43,48)),85),(89,(60,46))),((71,68),(59,49)))),(47,51)),(((97,84),(81,76)),((57,(67,((98,55),65))),(((94,92),53),69))))),90),(77,75)),(((70,99),42),63)),(61,82)),((((93,72),80),56),50)),86),73);
Current score: 1.97171e+09
Current tree: ((((70,99),42),((((((((((((((4,(35,18)),2),((22,9),12)),5),((15,30),(1,24))),((23,39),(10,11))),((37,6),8)),((3,32),16)),(((31,((34,40),(38,17))),13),(((((27,21),26),28),14),((((20,36),7),(33,25)),29)))),19),((((((((((95,52),(78,87)),62),((((91,96),44),((79,45),66)),(58,88))),74),(64,54)),(41,100)),((((83,(43,48)),85),(89,(60,46))),((71,68),(59,49)))),(47,51)),(((97,84),(81,76)),((57,(67,((98,55),65))),(((94,92),53),69))))),90),(77,75)),((61,82),(((((93,72),80),56),50),(86,73))))),63);
Final Tree: ((((70,99),42),((((((((((((((4,(35,18)),2),((22,9),12)),5),((15,30),(1,24))),((23,39),(10,11))),((37,6),8)),((3,32),16)),(((31,((34,40),(38,17))),13),(((((27,21),26),28),14),((((20,36),7),(33,25)),29)))),19),((((((((((95,52),(78,87)),62),((((91,96),44),((79,45),66)),(58,88))),74),(64,54)),(41,100)),((((83,(43,48)),85),(89,(60,46))),((71,68),(59,49)))),(47,51)),(((97,84),(81,76)),((57,(67,((98,55),65))),(((94,92),53),69))))),90),(77,75)),((61,82),(((((93,72),80),56),50),(86,73))))),63);
#EqQuartets: 2234556140
Score: 1971707814
ASTRAL for PaRalogs and Orthologs III (ASTRAL-Pro3)
*** NOW with integrated CASTLES-Pro ***
Version: v1.22.3.6
Read 512 genetrees and found 100 species.
#Genetrees: 1000
#Duploss: 7235
#Species: 100
#Rounds: 4
#Samples: 4
#Threads: 1
Use two-step algorithm!
Guide Tree 0/16
#NNI moves:0/152
Guide Tree 1/16
#NNI moves:0/152
Guide Tree 2/16
#NNI moves:0/152
Guide Tree 3/16
#NNI moves:0/152
Guide Tree 4/16
#NNI moves:0/152
Guide Tree 5/16
#NNI moves:0/152
Guide Tree 6/16
#NNI moves:0/152
Guide Tree 7/16
#NNI moves:0/152
Guide Tree 8/16
#NNI moves:0/152
Guide Tree 9/16
#NNI moves:0/152
Guide Tree 10/16
#NNI moves:0/152
Guide Tree 11/16
#NNI moves:0/152
Guide Tree 12/16
#NNI moves:0/152
Guide Tree 13/16
#NNI moves:0/152
Guide Tree 14/16
#NNI moves:0/152
Guide Tree 15/16
#NNI moves:0/152
Remaining: 0
#NNI moves:0/152
#NNI moves:0/152
((((((((((((((57,94),((96,60),((69,46),(90,74)))),(53,82)),(((27,86),(85,((72,56),84))),((((54,52),38),88),35))),(61,(63,47))),(39,98)),(((((((49,75),30),99),((48,26),((36,24),33))),((65,83),92)),(((76,(62,28)),71),81)),((59,91),50))),((((((((22,8),((23,1),3)),5),20),15),(16,(19,14))),(((((13,7),9),11),(10,18)),21)),((12,6),((4,17),2)))),(((((68,73),(93,((43,44),25))),(78,(45,67))),51),((29,32),41))),(((37,64),((87,77),55)),58)),(100,70)),((66,89),(79,97))),(((34,(40,80)),95),31)),42);
Guide Tree 0/16
#NNI moves:0/152
Guide Tree 1/16
#NNI moves:0/152
Guide Tree 2/16
#NNI moves:0/152
Guide Tree 3/16
#NNI moves:0/152
Guide Tree 4/16
#NNI moves:0/152
Guide Tree 5/16
#NNI moves:0/152
Guide Tree 6/16
#NNI moves:0/152
Guide Tree 7/16
#NNI moves:0/152
Guide Tree 8/16
#NNI moves:0/152
Guide Tree 9/16
#NNI moves:0/152
Guide Tree 10/16
#NNI moves:0/152
Guide Tree 11/16
#NNI moves:0/152
Guide Tree 12/16
#NNI moves:0/152
Guide Tree 13/16
#NNI moves:0/152
Guide Tree 14/16
#NNI moves:0/152
Guide Tree 15/16
#NNI moves:0/152
Remaining: 0
#NNI moves:0/152
#NNI moves:0/152
(((((((((((15,((5,(((1,23),3),(22,8))),20)),(16,(19,14))),(((11,((7,13),9)),(18,10)),21)),(((17,4),2),(6,12))),((((61,(47,63)),((((((74,90),(46,69)),(60,96)),(57,94)),(53,82)),(((86,27),(((72,56),84),85)),((88,((52,54),38)),35)))),(39,98)),(((((((49,75),30),99),((33,(36,24)),(26,48))),((83,65),92)),((((28,62),76),71),81)),(50,(91,59))))),((((((25,(43,44)),93),(68,73)),((45,67),78)),51),(41,(29,32)))),((((77,87),55),(64,37)),58)),(100,70)),((66,89),(79,97))),((95,((40,80),34)),31)),42);
Guide Tree 0/16
#NNI moves:0/152
Guide Tree 1/16
#NNI moves:0/152
Guide Tree 2/16
#NNI moves:0/152
Guide Tree 3/16
#NNI moves:0/152
Guide Tree 4/16
#NNI moves:0/152
Guide Tree 5/16
#NNI moves:0/152
Guide Tree 6/16
#NNI moves:0/152
Guide Tree 7/16
#NNI moves:0/152
Guide Tree 8/16
#NNI moves:0/152
Guide Tree 9/16
#NNI moves:0/152
Guide Tree 10/16
#NNI moves:0/152
Guide Tree 11/16
#NNI moves:0/152
Guide Tree 12/16
#NNI moves:0/152
Guide Tree 13/16
#NNI moves:0/152
Guide Tree 14/16
#NNI moves:0/152
Guide Tree 15/16
#NNI moves:0/152
Remaining: 0
#NNI moves:0/152
#NNI moves:0/152
(((((((((((((((49,75),30),99),((26,48),((24,36),33))),(92,(83,65))),(81,(((62,28),76),71))),((59,91),50)),((((((((72,56),84),85),(86,27)),(35,((38,(54,52)),88))),(((94,57),(((69,46),(74,90)),(96,60))),(82,53))),((63,47),61)),(98,39))),((((4,17),2),(6,12)),(((15,((((22,8),(3,(1,23))),5),20)),((14,19),16)),(((11,((7,13),9)),(18,10)),21)))),((41,(32,29)),((((68,73),(93,((43,44),25))),((45,67),78)),51))),(((55,(77,87)),(37,64)),58)),(100,70)),((89,66),(79,97))),((95,((40,80),34)),31)),42);
Guide Tree 0/16
#NNI moves:0/152
Guide Tree 1/16
#NNI moves:0/152
Guide Tree 2/16
#NNI moves:0/152
Guide Tree 3/16
#NNI moves:0/152
Guide Tree 4/16
#NNI moves:0/152
Guide Tree 5/16
#NNI moves:0/152
Guide Tree 6/16
#NNI moves:0/152
Guide Tree 7/16
#NNI moves:0/152
Guide Tree 8/16
#NNI moves:0/152
Guide Tree 9/16
#NNI moves:0/152
Guide Tree 10/16
#NNI moves:0/152
Guide Tree 11/16
#NNI moves:0/152
Guide Tree 12/16
#NNI moves:0/152
Guide Tree 13/16
#NNI moves:0/152
Guide Tree 14/16
#NNI moves:0/152
Guide Tree 15/16
#NNI moves:0/152
Remaining: 0
#NNI moves:0/152
#NNI moves:0/152
(((((((((((((((24,36),33),(26,48)),((30,(75,49)),99)),((83,65),92)),(((76,(28,62)),71),81)),((91,59),50)),(((((((84,(72,56)),85),(27,86)),((((52,54),38),88),35)),(((94,57),((96,60),((46,69),(90,74)))),(82,53))),(61,(47,63))),(98,39))),(((((((((1,23),3),(8,22)),5),20),15),((19,14),16)),(((((13,7),9),11),(10,18)),21)),((6,12),(2,(4,17))))),(((((67,45),78),((68,73),(((44,43),25),93))),51),(41,(32,29)))),((((77,87),55),(37,64)),58)),(100,70)),((79,97),(89,66))),(31,(95,((40,80),34)))),42);
Initial score: 2.04832e+09
Initial tree: (((((((((((((((24,36),33),(26,48)),((30,(75,49)),99)),((83,65),92)),(((76,(28,62)),71),81)),((91,59),50)),(((((((84,(72,56)),85),(27,86)),((((52,54),38),88),35)),(((94,57),((96,60),((46,69),(90,74)))),(82,53))),(61,(47,63))),(98,39))),(((((((((1,23),3),(8,22)),5),20),15),((19,14),16)),(((((13,7),9),11),(10,18)),21)),((6,12),(2,(4,17))))),(((((67,45),78),((68,73),(((44,43),25),93))),51),(41,(32,29)))),((((77,87),55),(37,64)),58)),(100,70)),((79,97),(89,66))),(31,(95,((40,80),34)))),42);
*** Subsample Process ***
Use two-step algorithm!
#NNI moves:0/152
Remaining: 0
#NNI moves:0/152
#NNI moves:0/152
(((((((((((((((79,97),(89,66)),((31,(((80,40),34),95)),42)),(100,70)),(((64,37),((87,77),55)),58)),(((((45,67),78),((68,73),(93,((43,44),25)))),51),((32,29),41))),(((((((13,7),9),11),(18,10)),21),((((((22,8),(3,(23,1))),5),20),15),((14,19),16))),((2,(17,4)),(12,6)))),(((((82,53),((((90,74),(69,46)),(96,60)),(57,94))),((((84,(56,72)),85),(86,27)),(35,(((52,54),38),88)))),((47,63),61)),(39,98))),((91,59),50)),((((62,28),76),71),81)),(92,(83,65))),(((36,24),33),(26,48))),99),(75,49)),30);
#NNI moves:0/152
Remaining: 0
#NNI moves:0/152
#NNI moves:0/152
(((((((((((((((((46,69),(74,90)),(96,60)),(57,94)),(82,53)),((((38,(54,52)),88),35),((85,((56,72),84)),(86,27)))),(61,(47,63))),(98,39)),(((((((36,24),33),(26,48)),(((49,75),30),99)),(92,(83,65))),(81,(71,((62,28),76)))),((59,91),50))),((((((9,(13,7)),11),(18,10)),21),(((((((23,1),3),(8,22)),5),20),15),(16,(19,14)))),((12,6),(2,(17,4))))),(((((67,45),78),((((44,43),25),93),(73,68))),51),((32,29),41))),(((64,37),(55,(87,77))),58)),(70,100)),((79,97),(66,89))),42),((34,(40,80)),95)),31);
#NNI moves:0/152
Remaining: 0
#NNI moves:0/152
#NNI moves:0/152
((((((((((((((((9,(13,7)),11),(10,18)),21),((((((3,(1,23)),(22,8)),5),20),15),((14,19),16))),(((4,17),2),(6,12))),((((((66,89),(79,97)),((31,((34,(40,80)),95)),42)),(100,70)),(((64,37),(55,(77,87))),58)),(((((73,68),(((44,43),25),93)),((67,45),78)),51),((32,29),41)))),((((((30,(75,49)),99),((33,(36,24)),(48,26))),(92,(65,83))),((((28,62),76),71),81)),((59,91),50))),(39,98)),(61,(47,63))),((35,(((54,52),38),88)),((86,27),((84,(72,56)),85)))),(82,53)),(94,57)),((46,69),(74,90))),60),96);
#NNI moves:0/152
Remaining: 0
#NNI moves:6/152
#NNI moves:6/152
((((((((((((((((38,(52,54)),88),35),(((84,(72,56)),85),(86,27))),(((((69,46),(90,74)),(96,60)),(57,94)),(53,82))),((63,47),61)),(39,98)),(((((((75,49),30),99),((26,48),((36,24),33))),((65,83),92)),(((76,(62,28)),71),81)),((91,59),50))),((((((((22,8),((1,23),3)),5),20),15),((19,14),16)),(((11,((13,7),9)),(10,18)),21)),(((4,17),2),(6,12)))),(((((68,73),((25,(43,44)),93)),((45,67),78)),51),(41,(29,32)))),((((87,77),55),(64,37)),58)),(70,100)),((((34,(80,40)),95),31),42)),(97,79)),89),66);
Current score: 2.04832e+09
Current tree: (((((34,(80,40)),95),31),(((((((((((((38,(52,54)),88),35),(((84,(72,56)),85),(86,27))),(((((69,46),(90,74)),(96,60)),(57,94)),(53,82))),((63,47),61)),(39,98)),(((((((75,49),30),99),((26,48),((36,24),33))),((65,83),92)),(((76,(62,28)),71),81)),((91,59),50))),((((((((22,8),((1,23),3)),5),20),15),((19,14),16)),(((11,((13,7),9)),(10,18)),21)),(((4,17),2),(6,12)))),(((((68,73),((25,(43,44)),93)),((45,67),78)),51),(41,(29,32)))),((((87,77),55),(64,37)),58)),(70,100)),((97,79),(89,66)))),42);
Final Tree: (((((34,(80,40)),95),31),(((((((((((((38,(52,54)),88),35),(((84,(72,56)),85),(86,27))),(((((69,46),(90,74)),(96,60)),(57,94)),(53,82))),((63,47),61)),(39,98)),(((((((75,49),30),99),((26,48),((36,24),33))),((65,83),92)),(((76,(62,28)),71),81)),((91,59),50))),((((((((22,8),((1,23),3)),5),20),15),((19,14),16)),(((11,((13,7),9)),(10,18)),21)),(((4,17),2),(6,12)))),(((((68,73),((25,(43,44)),93)),((45,67),78)),51),(41,(29,32)))),((((87,77),55),(64,37)),58)),(70,100)),((97,79),(89,66)))),42);
#EqQuartets: 2210237744
Score: 2048315388
ASTRAL for PaRalogs and Orthologs III (ASTRAL-Pro3)
*** NOW with integrated CASTLES-Pro ***
Version: v1.22.3.6
Read 512 genetrees and found 100 species.
#Genetrees: 998
#Duploss: 7397
#Species: 100
#Rounds: 4
#Samples: 4
#Threads: 1
Use two-step algorithm!
Guide Tree 0/16
#NNI moves:0/152
Guide Tree 1/16
#NNI moves:0/152
Guide Tree 2/16
#NNI moves:0/152
Guide Tree 3/16
#NNI moves:0/152
Guide Tree 4/16
#NNI moves:0/152
Guide Tree 5/16
#NNI moves:0/152
Guide Tree 6/16
#NNI moves:0/152
Guide Tree 7/16
#NNI moves:0/152
Guide Tree 8/16
#NNI moves:0/152
Guide Tree 9/16
#NNI moves:0/152
Guide Tree 10/16
#NNI moves:0/152
Guide Tree 11/16
#NNI moves:0/152
Guide Tree 12/16
#NNI moves:0/152
Guide Tree 13/16
#NNI moves:0/152
Guide Tree 14/16
#NNI moves:0/152
Guide Tree 15/16
#NNI moves:0/152
Remaining: 0
#NNI moves:2/152
#NNI moves:2/152
(((((((((((((((8,10),89),((81,52),(62,45))),((53,78),(66,(7,54)))),(88,33)),((((13,97),(95,91)),43),(84,58))),(((((((93,90),(11,((17,40),87))),65),25),(((51,(9,94)),(((63,19),(27,61)),55)),42)),100),((((((24,34),37),(48,79)),(98,60)),(16,(38,(67,1)))),(((((23,96),(70,71)),(((83,47),(39,68)),20)),(69,36)),(((64,((29,99),80)),72),73))))),(((92,74),((((56,3),46),(50,(31,5))),82)),2)),(75,((32,77),57))),((((49,59),((41,26),6)),(15,(76,12))),(((22,28),4),(30,(18,85))))),86),44),14),21),35);
Guide Tree 0/16
#NNI moves:0/152
Guide Tree 1/16
#NNI moves:0/152
Guide Tree 2/16
#NNI moves:0/152
Guide Tree 3/16
#NNI moves:0/152
Guide Tree 4/16
#NNI moves:0/152
Guide Tree 5/16
#NNI moves:0/152
Guide Tree 6/16
#NNI moves:0/152
Guide Tree 7/16
#NNI moves:0/152
Guide Tree 8/16
#NNI moves:0/152
Guide Tree 9/16
#NNI moves:0/152
Guide Tree 10/16
#NNI moves:0/152
Guide Tree 11/16
#NNI moves:0/152
Guide Tree 12/16
#NNI moves:0/152
Guide Tree 13/16
#NNI moves:0/152
Guide Tree 14/16
#NNI moves:0/152
Guide Tree 15/16
#NNI moves:0/152
Remaining: 0
#NNI moves:0/152
#NNI moves:0/152
((((((((((((((((((40,17),87),11),(90,93)),65),25),(((((19,63),(27,61)),55),((94,9),51)),42)),100),((((38,(1,67)),16),((98,60),((37,(34,24)),(48,79)))),(((((23,96),(70,71)),(((47,83),(39,68)),20)),(69,36)),(((((99,29),80),64),72),73)))),((((((8,10),89),((62,45),(81,52))),((53,78),((54,7),66))),(88,33)),((((91,95),(97,13)),43),(58,84)))),((((((5,31),50),((3,56),46)),82),(92,74)),2)),((57,(77,32)),75)),((((12,76),15),((59,49),((41,26),6))),((30,(18,85)),(4,(22,28))))),86),44),14),21),35);
Guide Tree 0/16
#NNI moves:2/152
Guide Tree 1/16
#NNI moves:2/152
Guide Tree 2/16
#NNI moves:0/152
Guide Tree 3/16
#NNI moves:6/152
Guide Tree 4/16
#NNI moves:2/152
Guide Tree 5/16
#NNI moves:2/152
Guide Tree 6/16
#NNI moves:2/152
Guide Tree 7/16
#NNI moves:0/152
Guide Tree 8/16
#NNI moves:2/152
Guide Tree 9/16
#NNI moves:2/152
Guide Tree 10/16
#NNI moves:0/152
Guide Tree 11/16
#NNI moves:2/152
Guide Tree 12/16
#NNI moves:0/152
Guide Tree 13/16
#NNI moves:2/152
Guide Tree 14/16
#NNI moves:2/152
Guide Tree 15/16
#NNI moves:0/152
Remaining: 0
#NNI moves:2/152
#NNI moves:2/152
(((((((((((((((64,(80,(99,29))),72),73),((((23,96),(71,70)),(((39,68),(83,47)),20)),(69,36))),((((1,67),38),16),((((34,24),37),(79,48)),(98,60)))),((((65,((((40,17),87),11),(90,93))),25),(42,((51,(94,9)),(((63,19),(27,61)),55)))),100)),(((((97,13),(95,91)),43),(84,58)),((88,33),(((66,(54,7)),(78,53)),(((52,81),(45,62)),(89,(8,10))))))),(((82,(((56,3),46),((5,31),50))),(74,92)),2)),(((32,77),57),75)),((((12,76),15),(((26,41),6),(49,59))),(((22,28),4),((85,18),30)))),86),44),14),21),35);
Guide Tree 0/16
#NNI moves:0/152
Guide Tree 1/16
#NNI moves:0/152
Guide Tree 2/16
#NNI moves:0/152
Guide Tree 3/16
#NNI moves:0/152
Guide Tree 4/16
#NNI moves:0/152
Guide Tree 5/16
#NNI moves:0/152
Guide Tree 6/16
#NNI moves:0/152
Guide Tree 7/16
#NNI moves:0/152
Guide Tree 8/16
#NNI moves:0/152
Guide Tree 9/16
#NNI moves:0/152
Guide Tree 10/16
#NNI moves:0/152
Guide Tree 11/16
#NNI moves:0/152
Guide Tree 12/16
#NNI moves:0/152
Guide Tree 13/16
#NNI moves:0/152
Guide Tree 14/16
#NNI moves:0/152
Guide Tree 15/16
#NNI moves:0/152
Remaining: 0
#NNI moves:0/152
#NNI moves:0/152
(((((((((((((((55,((61,27),(19,63))),(51,(9,94))),42),(((((87,(40,17)),11),(93,90)),65),25)),100),(((((((68,39),(83,47)),20),((96,23),(70,71))),(69,36)),(((((99,29),80),64),72),73)),(((38,(1,67)),16),((((24,34),37),(79,48)),(60,98))))),(((43,((13,97),(95,91))),(84,58)),(((((7,54),66),(78,53)),(((81,52),(62,45)),((8,10),89))),(88,33)))),(((74,92),(82,(((56,3),46),((31,5),50)))),2)),(((77,32),57),75)),(((15,(76,12)),((6,(41,26)),(59,49))),((4,(22,28)),((18,85),30)))),86),44),14),21),35);
Initial score: 2.05677e+09
Initial tree: (((((((((((((((55,((61,27),(19,63))),(51,(9,94))),42),(((((87,(40,17)),11),(93,90)),65),25)),100),(((((((68,39),(83,47)),20),((96,23),(70,71))),(69,36)),(((((99,29),80),64),72),73)),(((38,(1,67)),16),((((24,34),37),(79,48)),(60,98))))),(((43,((13,97),(95,91))),(84,58)),(((((7,54),66),(78,53)),(((81,52),(62,45)),((8,10),89))),(88,33)))),(((74,92),(82,(((56,3),46),((31,5),50)))),2)),(((77,32),57),75)),(((15,(76,12)),((6,(41,26)),(59,49))),((4,(22,28)),((18,85),30)))),86),44),14),21),35);
*** Subsample Process ***
Use two-step algorithm!
#NNI moves:0/152
Remaining: 0
#NNI moves:0/152
#NNI moves:0/152
((((((((((((((7,54),66),(53,78)),(((45,62),(52,81)),(89,(10,8)))),(33,88)),((43,((91,95),(13,97))),(84,58))),((((82,((50,(31,5)),((56,3),46))),(92,74)),2),((((((22,28),4),((85,18),30)),((((26,41),6),(59,49)),(15,(12,76)))),((((21,35),14),44),86)),(75,(57,(77,32)))))),((((((96,23),(70,71)),(20,((39,68),(83,47)))),(69,36)),((72,((80,(99,29)),64)),73)),(((98,60),((37,(24,34)),(79,48))),(((67,1),38),16)))),100),((((90,93),(((40,17),87),11)),65),25)),42),(((63,19),(27,61)),55)),(94,9)),51);
#NNI moves:0/152
Remaining: 0
#NNI moves:6/152
#NNI moves:6/152
((((((((((((((((((17,40),87),11),(93,90)),65),25),(42,((55,((61,27),(63,19))),((94,9),51)))),100),((((((23,96),(71,70)),(20,((39,68),(47,83)))),(69,36)),(73,((64,(80,(99,29))),72))),((((79,48),((24,34),37)),(98,60)),(((67,1),38),16)))),(((((78,53),((7,54),66)),((89,(8,10)),((52,81),(45,62)))),(88,33)),((((95,91),(97,13)),43),(58,84)))),((((((31,5),50),((56,3),46)),82),(92,74)),2)),(75,(57,(32,77)))),(((((41,26),6),(49,59)),((12,76),15)),((4,(28,22)),(30,(18,85))))),86),44),14),35),21);
#NNI moves:0/152
Remaining: 0
#NNI moves:0/152
#NNI moves:0/152
((((((((((((((((53,78),((7,54),66)),((89,(8,10)),((52,81),(45,62)))),(88,33)),((((91,95),(13,97)),43),(84,58))),(((((((56,3),46),((31,5),50)),82),(74,92)),2),((((((28,22),4),((85,18),30)),((((41,26),6),(59,49)),((12,76),15))),(86,(44,((35,21),14)))),(((32,77),57),75)))),((((69,36),((((47,83),(39,68)),20),((96,23),(71,70)))),(73,((64,((29,99),80)),72))),((16,((67,1),38)),((98,60),((37,(24,34)),(79,48)))))),100),(42,(((9,94),51),(((61,27),(63,19)),55)))),25),65),(93,90)),11),87),40),17);
#NNI moves:0/152
Remaining: 0
#NNI moves:6/152
#NNI moves:6/152
((((((((((((((39,68),(83,47)),20),((96,23),(70,71))),(36,69)),((((80,(29,99)),64),72),73)),(((((34,24),37),(48,79)),(60,98)),(16,((67,1),38)))),(((((51,(9,94)),(((19,63),(27,61)),55)),42),(((((87,(40,17)),11),(93,90)),65),25)),100)),(((((53,78),(66,(7,54))),(((62,45),(81,52)),((10,8),89))),(88,33)),((((95,91),(97,13)),43),(84,58)))),((((((31,5),50),((56,3),46)),82),(92,74)),2)),(((32,77),57),75)),(((((26,41),6),(49,59)),((76,12),15)),(((22,28),4),((18,85),30)))),(44,(14,(21,35)))),86);
Current score: 2.05677e+09
Current tree: ((21,(14,(44,(((((((((((((39,68),(83,47)),20),((96,23),(70,71))),(36,69)),((((80,(29,99)),64),72),73)),(((((34,24),37),(48,79)),(60,98)),(16,((67,1),38)))),(((((51,(9,94)),(((19,63),(27,61)),55)),42),(((((87,(40,17)),11),(93,90)),65),25)),100)),(((((53,78),(66,(7,54))),(((62,45),(81,52)),((10,8),89))),(88,33)),((((95,91),(97,13)),43),(84,58)))),((((((31,5),50),((56,3),46)),82),(92,74)),2)),(((32,77),57),75)),(((((26,41),6),(49,59)),((76,12),15)),(((22,28),4),((18,85),30)))),86)))),35);
Final Tree: ((21,(14,(44,(((((((((((((39,68),(83,47)),20),((96,23),(70,71))),(36,69)),((((80,(29,99)),64),72),73)),(((((34,24),37),(48,79)),(60,98)),(16,((67,1),38)))),(((((51,(9,94)),(((19,63),(27,61)),55)),42),(((((87,(40,17)),11),(93,90)),65),25)),100)),(((((53,78),(66,(7,54))),(((62,45),(81,52)),((10,8),89))),(88,33)),((((95,91),(97,13)),43),(84,58)))),((((((31,5),50),((56,3),46)),82),(92,74)),2)),(((32,77),57),75)),(((((26,41),6),(49,59)),((76,12),15)),(((22,28),4),((18,85),30)))),86)))),35);
#EqQuartets: 2260001081
Score: 2056771182
ASTRAL for PaRalogs and Orthologs III (ASTRAL-Pro3)
*** NOW with integrated CASTLES-Pro ***
Version: v1.22.3.6
Read 512 genetrees and found 100 species.
#Genetrees: 1000
#Duploss: 6889
#Species: 100
#Rounds: 4
#Samples: 4
#Threads: 1
Use two-step algorithm!
Guide Tree 0/16
#NNI moves:0/152
Guide Tree 1/16
#NNI moves:0/152
Guide Tree 2/16
#NNI moves:0/152
Guide Tree 3/16
#NNI moves:0/152
Guide Tree 4/16
#NNI moves:0/152
Guide Tree 5/16
#NNI moves:0/152
Guide Tree 6/16
#NNI moves:0/152
Guide Tree 7/16
#NNI moves:0/152
Guide Tree 8/16
#NNI moves:0/152
Guide Tree 9/16
#NNI moves:0/152
Guide Tree 10/16
#NNI moves:0/152
Guide Tree 11/16
#NNI moves:0/152
Guide Tree 12/16
#NNI moves:0/152
Guide Tree 13/16
#NNI moves:0/152
Guide Tree 14/16
#NNI moves:0/152
Guide Tree 15/16
#NNI moves:0/152
Remaining: 0
#NNI moves:0/152
#NNI moves:0/152
((((((((((((((((1,27),(22,13)),2),(((18,26),((9,7),17)),19)),(((15,(10,34)),((29,28),16)),((20,30),4))),(5,11)),(((23,((21,25),((31,14),3))),(8,(12,(32,33)))),(6,24))),(((((59,39),69),(((86,68),67),((52,77),78))),(((64,81),(42,35)),85)),43)),((((46,(80,89)),((70,49),(41,97))),47),((99,44),(82,60)))),((((((56,(62,79)),(92,66)),93),83),57),(((91,36),37),(75,98)))),((((45,(53,(90,(63,48)))),(((55,40),58),76)),((((95,84),72),54),((94,73),74))),((96,65),100))),(38,61)),(87,71)),51),88),50);
Guide Tree 0/16
#NNI moves:0/152
Guide Tree 1/16
#NNI moves:0/152
Guide Tree 2/16
#NNI moves:0/152
Guide Tree 3/16
#NNI moves:0/152
Guide Tree 4/16
#NNI moves:0/152
Guide Tree 5/16
#NNI moves:0/152
Guide Tree 6/16
#NNI moves:0/152
Guide Tree 7/16
#NNI moves:0/152
Guide Tree 8/16
#NNI moves:0/152
Guide Tree 9/16
#NNI moves:0/152
Guide Tree 10/16
#NNI moves:0/152
Guide Tree 11/16
#NNI moves:0/152
Guide Tree 12/16
#NNI moves:0/152
Guide Tree 13/16
#NNI moves:0/152
Guide Tree 14/16
#NNI moves:0/152
Guide Tree 15/16
#NNI moves:0/152
Remaining: 0
#NNI moves:0/152
#NNI moves:0/152
((((((((((((((59,39),69),(((86,68),67),((77,52),78))),(((35,42),(81,64)),85)),43),(((((((1,27),(13,22)),2),(((26,18),((9,7),17)),19)),((((34,10),15),((28,29),16)),((20,30),4))),(11,5)),((((((14,31),3),(25,21)),23),(((33,32),12),8)),(6,24)))),(((((97,41),(49,70)),(46,(89,80))),47),((60,82),(99,44)))),((57,(83,(((92,66),((79,62),56)),93))),((37,(91,36)),(98,75)))),(((((58,(40,55)),76),((((63,48),90),53),45)),(((72,(84,95)),54),(74,(94,73)))),(100,(96,65)))),(38,61)),(87,71)),51),88),50);
Guide Tree 0/16
#NNI moves:0/152
Guide Tree 1/16
#NNI moves:0/152
Guide Tree 2/16
#NNI moves:0/152
Guide Tree 3/16
#NNI moves:0/152
Guide Tree 4/16
#NNI moves:0/152
Guide Tree 5/16
#NNI moves:0/152
Guide Tree 6/16
#NNI moves:0/152
Guide Tree 7/16
#NNI moves:0/152
Guide Tree 8/16
#NNI moves:0/152
Guide Tree 9/16
#NNI moves:0/152
Guide Tree 10/16
#NNI moves:0/152
Guide Tree 11/16
#NNI moves:0/152
Guide Tree 12/16
#NNI moves:0/152
Guide Tree 13/16
#NNI moves:0/152
Guide Tree 14/16
#NNI moves:0/152
Guide Tree 15/16
#NNI moves:0/152
Remaining: 0
#NNI moves:0/152
#NNI moves:0/152
(((((((((((((((20,30),4),(((29,28),16),((10,34),15))),((((22,13),(27,1)),2),(19,((17,(9,7)),(26,18))))),(11,5)),((((12,(32,33)),8),(((3,(14,31)),(21,25)),23)),(24,6))),((((((86,68),67),(78,(52,77))),(69,(59,39))),(((35,42),(81,64)),85)),43)),(((82,60),(44,99)),((((97,41),(70,49)),((80,89),46)),47))),((57,((((56,(79,62)),(66,92)),93),83)),(((91,36),37),(98,75)))),(((((58,(40,55)),76),(45,(53,(90,(48,63))))),((74,(73,94)),(((95,84),72),54))),(100,(65,96)))),(61,38)),(87,71)),51),88),50);
Guide Tree 0/16
#NNI moves:0/152
Guide Tree 1/16
#NNI moves:0/152
Guide Tree 2/16
#NNI moves:0/152
Guide Tree 3/16
#NNI moves:0/152
Guide Tree 4/16
#NNI moves:0/152
Guide Tree 5/16
#NNI moves:0/152
Guide Tree 6/16
#NNI moves:0/152
Guide Tree 7/16
#NNI moves:0/152
Guide Tree 8/16
#NNI moves:0/152
Guide Tree 9/16
#NNI moves:0/152
Guide Tree 10/16
#NNI moves:0/152
Guide Tree 11/16
#NNI moves:0/152
Guide Tree 12/16
#NNI moves:0/152
Guide Tree 13/16
#NNI moves:0/152
Guide Tree 14/16
#NNI moves:0/152
Guide Tree 15/16
#NNI moves:0/152
Remaining: 0
#NNI moves:0/152
#NNI moves:0/152
(((((((((((((((68,86),67),((52,77),78)),(69,(59,39))),(((64,81),(35,42)),85)),43),((((((30,20),4),((16,(29,28)),(15,(10,34)))),((((27,1),(13,22)),2),((((7,9),17),(26,18)),19))),(11,5)),((((((14,31),3),(21,25)),23),(8,(12,(33,32)))),(6,24)))),((47,(((70,49),(97,41)),(46,(89,80)))),((82,60),(99,44)))),(((98,75),((36,91),37)),((((((79,62),56),(92,66)),93),83),57))),(((65,96),100),(((45,(53,((48,63),90))),(((40,55),58),76)),((((95,84),72),54),(74,(73,94)))))),(61,38)),(87,71)),51),88),50);
Initial score: 1.99571e+09
Initial tree: (((((((((((((((68,86),67),((52,77),78)),(69,(59,39))),(((64,81),(35,42)),85)),43),((((((30,20),4),((16,(29,28)),(15,(10,34)))),((((27,1),(13,22)),2),((((7,9),17),(26,18)),19))),(11,5)),((((((14,31),3),(21,25)),23),(8,(12,(33,32)))),(6,24)))),((47,(((70,49),(97,41)),(46,(89,80)))),((82,60),(99,44)))),(((98,75),((36,91),37)),((((((79,62),56),(92,66)),93),83),57))),(((65,96),100),(((45,(53,((48,63),90))),(((40,55),58),76)),((((95,84),72),54),(74,(73,94)))))),(61,38)),(87,71)),51),88),50);
*** Subsample Process ***
Use two-step algorithm!
#NNI moves:0/152
Remaining: 0
#NNI moves:0/152
#NNI moves:0/152
(((((((((((((((45,((90,(63,48)),53)),(((40,55),58),76)),(((72,(84,95)),54),((73,94),74))),(100,(65,96))),((((88,50),51),(87,71)),(61,38))),((((((56,(62,79)),(66,92)),93),83),57),((75,98),((36,91),37)))),(((((70,49),(41,97)),((80,89),46)),47),((82,60),(99,44)))),((((((3,(14,31)),(25,21)),23),(((32,33),12),8)),(6,24)),((((((1,27),(13,22)),2),(((17,(9,7)),(26,18)),19)),(((30,20),4),(((29,28),16),((34,10),15)))),(5,11)))),43),(((42,35),(81,64)),85)),((39,59),69)),((52,77),78)),67),86),68);
#NNI moves:0/152
Remaining: 0
#NNI moves:0/152
#NNI moves:0/152
((((((((((((((((29,28),16),((10,34),15)),(4,(20,30))),((((27,1),(13,22)),2),((((7,9),17),(26,18)),19))),(5,11)),((24,6),((((3,(14,31)),(25,21)),23),((12,(32,33)),8)))),((((((52,77),78),((86,68),67)),((59,39),69)),(((42,35),(64,81)),85)),43)),(((((49,70),(97,41)),((80,89),46)),47),((99,44),(82,60)))),(((75,98),((36,91),37)),((((((62,79),56),(92,66)),93),83),57))),((((((40,55),58),76),((((48,63),90),53),45)),(((73,94),74),((72,(95,84)),54))),((65,96),100))),(38,61)),(71,87)),51),50),88);
#NNI moves:0/152
Remaining: 0
#NNI moves:0/152
#NNI moves:0/152
((((((((((((((((((40,55),58),76),((53,((48,63),90)),45)),(((72,(84,95)),54),((73,94),74))),((65,96),100)),((38,61),(((50,88),51),(87,71)))),((((93,((66,92),((79,62),56))),83),57),((37,(36,91)),(98,75)))),(((((49,70),(97,41)),((89,80),46)),47),((44,99),(60,82)))),((((((77,52),78),((68,86),67)),((59,39),69)),(((64,81),(42,35)),85)),43)),(((((33,32),12),8),(23,((21,25),(3,(31,14))))),(24,6))),(5,11)),((((1,27),(13,22)),2),((((7,9),17),(26,18)),19))),((30,20),4)),((34,10),15)),16),28),29);
#NNI moves:0/152
Remaining: 0
#NNI moves:0/152
#NNI moves:0/152
(((((((((((((((1,27),(22,13)),2),((((7,9),17),(18,26)),19)),(((30,20),4),(((10,34),15),(16,(28,29))))),(5,11)),(((((21,25),((31,14),3)),23),(8,((32,33),12))),(6,24))),(((((67,(68,86)),((52,77),78)),((39,59),69)),(((64,81),(42,35)),85)),43)),(((((80,89),46),((97,41),(70,49))),47),((44,99),(82,60)))),((((((56,(79,62)),(92,66)),93),83),57),(((36,91),37),(98,75)))),(((((((63,48),90),53),45),(76,((55,40),58))),((74,(94,73)),(54,(72,(95,84))))),(100,(96,65)))),(38,61)),(51,(88,50))),87),71);
Current score: 1.99571e+09
Current tree: ((88,(51,(((((((((((((1,27),(22,13)),2),((((7,9),17),(18,26)),19)),(((30,20),4),(((10,34),15),(16,(28,29))))),(5,11)),(((((21,25),((31,14),3)),23),(8,((32,33),12))),(6,24))),(((((67,(68,86)),((52,77),78)),((39,59),69)),(((64,81),(42,35)),85)),43)),(((((80,89),46),((97,41),(70,49))),47),((44,99),(82,60)))),((((((56,(79,62)),(92,66)),93),83),57),(((36,91),37),(98,75)))),(((((((63,48),90),53),45),(76,((55,40),58))),((74,(94,73)),(54,(72,(95,84))))),(100,(96,65)))),(38,61)),(87,71)))),50);
Final Tree: ((88,(51,(((((((((((((1,27),(22,13)),2),((((7,9),17),(18,26)),19)),(((30,20),4),(((10,34),15),(16,(28,29))))),(5,11)),(((((21,25),((31,14),3)),23),(8,((32,33),12))),(6,24))),(((((67,(68,86)),((52,77),78)),((39,59),69)),(((64,81),(42,35)),85)),43)),(((((80,89),46),((97,41),(70,49))),47),((44,99),(82,60)))),((((((56,(79,62)),(92,66)),93),83),57),(((36,91),37),(98,75)))),(((((((63,48),90),53),45),(76,((55,40),58))),((74,(94,73)),(54,(72,(95,84))))),(100,(96,65)))),(38,61)),(87,71)))),50);
#EqQuartets: 2199861842
Score: 1995705387
ASTRAL for PaRalogs and Orthologs III (ASTRAL-Pro3)
*** NOW with integrated CASTLES-Pro ***
Version: v1.22.3.6
Read 512 genetrees and found 100 species.
#Genetrees: 1000
#Duploss: 7589
#Species: 100
#Rounds: 4
#Samples: 4
#Threads: 1
Use two-step algorithm!
Guide Tree 0/16
#NNI moves:0/152
Guide Tree 1/16
#NNI moves:0/152
Guide Tree 2/16
#NNI moves:0/152
Guide Tree 3/16
#NNI moves:0/152
Guide Tree 4/16
#NNI moves:0/152
Guide Tree 5/16
#NNI moves:0/152
Guide Tree 6/16
#NNI moves:0/152
Guide Tree 7/16
#NNI moves:0/152
Guide Tree 8/16
#NNI moves:0/152
Guide Tree 9/16
#NNI moves:0/152
Guide Tree 10/16
#NNI moves:0/152
Guide Tree 11/16
#NNI moves:0/152
Guide Tree 12/16
#NNI moves:0/152
Guide Tree 13/16
#NNI moves:0/152
Guide Tree 14/16
#NNI moves:0/152
Guide Tree 15/16
#NNI moves:0/152
Remaining: 0
#NNI moves:0/152
#NNI moves:0/152
((((((((((((((((((((((61,84),62),89),(77,79)),((((73,94),66),((((96,87),72),(60,70)),95)),(81,(74,82)))),100),(80,(57,(59,91)))),((((92,56),((93,99),(65,(68,71)))),(75,(86,85))),((98,(64,(83,90))),((76,69),88)))),(63,((67,(58,78)),97))),((((28,30),(33,8)),4),42)),(((11,44),2),(55,25))),10),((((((45,35),34),(37,6)),(24,51)),38),((40,(36,49)),9))),(((31,13),(20,12)),(32,16))),((((43,21),(22,29)),17),((26,48),47))),(((((5,((46,23),52)),19),53),15),(50,39))),(18,3)),(1,41)),14),54),7),27);
Guide Tree 0/16
#NNI moves:0/152
Guide Tree 1/16
#NNI moves:0/152
Guide Tree 2/16
#NNI moves:0/152
Guide Tree 3/16
#NNI moves:0/152
Guide Tree 4/16
#NNI moves:0/152
Guide Tree 5/16
#NNI moves:0/152
Guide Tree 6/16
#NNI moves:0/152
Guide Tree 7/16
#NNI moves:0/152
Guide Tree 8/16
#NNI moves:0/152
Guide Tree 9/16
#NNI moves:0/152
Guide Tree 10/16
#NNI moves:0/152
Guide Tree 11/16
#NNI moves:0/152
Guide Tree 12/16
#NNI moves:0/152
Guide Tree 13/16
#NNI moves:0/152
Guide Tree 14/16
#NNI moves:0/152
Guide Tree 15/16
#NNI moves:0/152
Remaining: 0
#NNI moves:0/152
#NNI moves:0/152
((((((((((((((((((((((61,84),62),89),(77,79)),((((73,94),66),(((70,60),((87,96),72)),95)),((82,74),81))),100),(((59,91),57),80)),(((98,((83,90),64)),((76,69),88)),(((85,86),75),(((65,(68,71)),(93,99)),(92,56))))),((((78,58),67),97),63)),((((8,33),(30,28)),4),42)),((25,55),((11,44),2))),10),(((((6,37),((35,45),34)),(51,24)),38),(((36,49),40),9))),(((12,20),(13,31)),(32,16))),((((21,43),(22,29)),17),(47,(26,48)))),((15,(53,(((52,(46,23)),5),19))),(39,50))),(3,18)),(1,41)),14),54),7),27);
Guide Tree 0/16
#NNI moves:0/152
Guide Tree 1/16
#NNI moves:0/152
Guide Tree 2/16
#NNI moves:0/152
Guide Tree 3/16
#NNI moves:0/152
Guide Tree 4/16
#NNI moves:0/152
Guide Tree 5/16
#NNI moves:0/152
Guide Tree 6/16
#NNI moves:0/152
Guide Tree 7/16
#NNI moves:0/152
Guide Tree 8/16
#NNI moves:0/152
Guide Tree 9/16
#NNI moves:0/152
Guide Tree 10/16
#NNI moves:0/152
Guide Tree 11/16
#NNI moves:0/152
Guide Tree 12/16
#NNI moves:0/152
Guide Tree 13/16
#NNI moves:0/152
Guide Tree 14/16
#NNI moves:0/152
Guide Tree 15/16
#NNI moves:0/152
Remaining: 0
#NNI moves:4/152
#NNI moves:4/152
((((((((((((((((((75,(86,85)),((92,56),((93,99),((71,68),65)))),((98,((90,83),64)),(88,(69,76)))),((((((((72,(87,96)),(70,60)),95),((94,73),66)),((74,82),81)),((89,((84,61),62)),(79,77))),100),(80,((91,59),57)))),((((58,78),67),97),63)),((((33,8),(30,28)),4),42)),((25,55),((11,44),2))),10),(((((6,37),((35,45),34)),(24,51)),38),(9,((49,36),40)))),((16,32),((31,13),(12,20)))),((((21,43),(22,29)),17),((26,48),47))),((15,(((5,(52,(23,46))),19),53)),(39,50))),(18,3)),(1,41)),14),54),7),27);
Guide Tree 0/16
#NNI moves:0/152
Guide Tree 1/16
#NNI moves:0/152
Guide Tree 2/16
#NNI moves:0/152
Guide Tree 3/16
#NNI moves:0/152
Guide Tree 4/16
#NNI moves:0/152
Guide Tree 5/16
#NNI moves:0/152
Guide Tree 6/16
#NNI moves:0/152
Guide Tree 7/16
#NNI moves:0/152
Guide Tree 8/16
#NNI moves:0/152
Guide Tree 9/16
#NNI moves:0/152
Guide Tree 10/16
#NNI moves:0/152
Guide Tree 11/16
#NNI moves:0/152
Guide Tree 12/16
#NNI moves:0/152
Guide Tree 13/16
#NNI moves:0/152
Guide Tree 14/16
#NNI moves:0/152
Guide Tree 15/16
#NNI moves:0/152
Remaining: 0
#NNI moves:0/152
#NNI moves:0/152
(((((((((((((((((((91,59),57),80),(100,((((82,74),81),(((73,94),66),((((96,87),72),(70,60)),95))),((((84,61),62),89),(77,79))))),(((88,(69,76)),((64,(83,90)),98)),(((86,85),75),((92,56),(((68,71),65),(93,99)))))),((((58,78),67),97),63)),(42,(((33,8),(28,30)),4))),(((11,44),2),(25,55))),10),((38,(((34,(45,35)),(6,37)),(51,24))),(((49,36),40),9))),(((12,20),(31,13)),(32,16))),((17,((21,43),(22,29))),((48,26),47))),((((((52,(23,46)),5),19),53),15),(50,39))),(3,18)),(41,1)),14),54),7),27);
Initial score: 2.05288e+09
Initial tree: (((((((((((((((((((91,59),57),80),(100,((((82,74),81),(((73,94),66),((((96,87),72),(70,60)),95))),((((84,61),62),89),(77,79))))),(((88,(69,76)),((64,(83,90)),98)),(((86,85),75),((92,56),(((68,71),65),(93,99)))))),((((58,78),67),97),63)),(42,(((33,8),(28,30)),4))),(((11,44),2),(25,55))),10),((38,(((34,(45,35)),(6,37)),(51,24))),(((49,36),40),9))),(((12,20),(31,13)),(32,16))),((17,((21,43),(22,29))),((48,26),47))),((((((52,(23,46)),5),19),53),15),(50,39))),(3,18)),(41,1)),14),54),7),27);
*** Subsample Process ***
Use two-step algorithm!
#NNI moves:0/152
Remaining: 0
#NNI moves:0/152
#NNI moves:0/152
(((((((((((((((((((((5,((23,46),52)),19),53),15),(39,50)),(((((7,27),54),14),(41,1)),(18,3))),((17,((29,22),(21,43))),((26,48),47))),(((13,31),(20,12)),(32,16))),(((((34,(35,45)),(6,37)),(24,51)),38),(((49,36),40),9))),10),(((11,44),2),(55,25))),((((33,8),(28,30)),4),42)),(63,((67,(78,58)),97))),(((88,(76,69)),((64,(83,90)),98)),(((((71,68),65),(99,93)),(92,56)),((86,85),75)))),((57,(91,59)),80)),100),((((61,84),62),89),(77,79))),((95,((70,60),(72,(87,96)))),((94,73),66))),81),82),74);
#NNI moves:0/152
Remaining: 0
#NNI moves:0/152
#NNI moves:0/152
((((((((((((((((((((((94,73),66),(((72,(96,87)),(70,60)),95)),((74,82),81)),((((84,61),62),89),(79,77))),100),((57,(91,59)),80)),((((((68,71),65),(93,99)),(56,92)),(75,(86,85))),((98,(64,(90,83))),(88,(76,69))))),(63,((67,(78,58)),97))),((((28,30),(33,8)),4),42)),((55,25),(2,(44,11)))),10),((((49,36),40),9),((((37,6),(34,(35,45))),(24,51)),38))),(((13,31),(20,12)),(32,16))),((17,((43,21),(22,29))),((48,26),47))),(((((((46,23),52),5),19),53),15),(50,39))),(3,18)),(1,41)),14),54),27),7);
#NNI moves:0/152
Remaining: 0
#NNI moves:0/152
#NNI moves:0/152
(((((((((((((((((((18,3),((1,41),(14,((27,7),54)))),((39,50),(((((52,(46,23)),5),19),53),15))),((17,((43,21),(22,29))),((48,26),47))),(((13,31),(12,20)),(32,16))),(((((37,6),(34,(35,45))),(51,24)),38),(9,((49,36),40)))),10),((2,(44,11)),(55,25))),((((30,28),(8,33)),4),42)),(((67,(58,78)),97),63)),(((88,(69,76)),((64,(90,83)),98)),(((85,86),75),((((68,71),65),(93,99)),(92,56))))),(((59,91),57),80)),100),((((61,84),62),89),(79,77))),(81,(74,82))),((((87,96),72),(60,70)),95)),66),73),94);
#NNI moves:0/152
Remaining: 0
#NNI moves:8/152
#NNI moves:10/152
((((((((((((((((((((61,84),62),89),(77,79)),((((((96,87),72),(70,60)),95),(66,(94,73))),(81,(74,82)))),100),(80,(57,(59,91)))),((((86,85),75),((56,92),(((68,71),65),(93,99)))),(((64,(83,90)),98),((76,69),88)))),(((67,(58,78)),97),63)),((4,((33,8),(28,30))),42)),(((11,44),2),(55,25))),10),((((24,51),((6,37),(34,(45,35)))),38),((40,(36,49)),9))),((16,32),((20,12),(13,31)))),((47,(26,48)),(((43,21),(29,22)),17))),((50,39),((((5,(52,(23,46))),19),53),15))),(3,18)),((54,(7,27)),14)),41),1);
Current score: 2.05288e+09
Current tree: ((7,(54,(14,((((((((((((((((((61,84),62),89),(77,79)),((((((96,87),72),(70,60)),95),(66,(94,73))),(81,(74,82)))),100),(80,(57,(59,91)))),((((86,85),75),((56,92),(((68,71),65),(93,99)))),(((64,(83,90)),98),((76,69),88)))),(((67,(58,78)),97),63)),((4,((33,8),(28,30))),42)),(((11,44),2),(55,25))),10),((((24,51),((6,37),(34,(45,35)))),38),((40,(36,49)),9))),((16,32),((20,12),(13,31)))),((47,(26,48)),(((43,21),(29,22)),17))),((50,39),((((5,(52,(23,46))),19),53),15))),(3,18)),(41,1))))),27);
Final Tree: ((7,(54,(14,((((((((((((((((((61,84),62),89),(77,79)),((((((96,87),72),(70,60)),95),(66,(94,73))),(81,(74,82)))),100),(80,(57,(59,91)))),((((86,85),75),((56,92),(((68,71),65),(93,99)))),(((64,(83,90)),98),((76,69),88)))),(((67,(58,78)),97),63)),((4,((33,8),(28,30))),42)),(((11,44),2),(55,25))),10),((((24,51),((6,37),(34,(45,35)))),38),((40,(36,49)),9))),((16,32),((20,12),(13,31)))),((47,(26,48)),(((43,21),(29,22)),17))),((50,39),((((5,(52,(23,46))),19),53),15))),(3,18)),(41,1))))),27);
#EqQuartets: 2249558915
Score: 2052882167
ASTRAL for PaRalogs and Orthologs III (ASTRAL-Pro3)
*** NOW with integrated CASTLES-Pro ***
Version: v1.22.3.6
Read 512 genetrees and found 100 species.
#Genetrees: 1000
#Duploss: 7559
#Species: 100
#Rounds: 4
#Samples: 4
#Threads: 1
Use two-step algorithm!
Guide Tree 0/16
#NNI moves:0/152
Guide Tree 1/16
#NNI moves:0/152
Guide Tree 2/16
#NNI moves:0/152
Guide Tree 3/16
#NNI moves:0/152
Guide Tree 4/16
#NNI moves:0/152
Guide Tree 5/16
#NNI moves:0/152
Guide Tree 6/16
#NNI moves:0/152
Guide Tree 7/16
#NNI moves:0/152
Guide Tree 8/16
#NNI moves:0/152
Guide Tree 9/16
#NNI moves:0/152
Guide Tree 10/16
#NNI moves:0/152
Guide Tree 11/16
#NNI moves:0/152
Guide Tree 12/16
#NNI moves:0/152
Guide Tree 13/16
#NNI moves:0/152
Guide Tree 14/16
#NNI moves:0/152
Guide Tree 15/16
#NNI moves:0/152
Remaining: 0
#NNI moves:0/152
#NNI moves:0/152
((((((((((((((94,97),91),((75,72),99)),(((82,73),(81,87)),((80,76),89))),((90,92),(78,(96,86)))),((79,((77,98),84)),(((74,88),93),((85,71),((100,83),95))))),((((((((52,60),54),68),(((49,18),1),((62,(30,16)),12))),(((19,11),((17,39),5)),((69,45),36))),2),61),((((26,(13,34)),((42,56),20)),(28,10)),50))),(((35,(27,65)),47),(48,(63,46)))),((43,44),41)),(((((4,(6,(55,24))),((((3,37),33),((25,67),15)),(((53,51),31),((((8,57),22),21),9)))),(32,23)),(66,(70,14))),40)),((38,7),59)),29),58),64);
Guide Tree 0/16
#NNI moves:0/152
Guide Tree 1/16
#NNI moves:0/152
Guide Tree 2/16
#NNI moves:0/152
Guide Tree 3/16
#NNI moves:0/152
Guide Tree 4/16
#NNI moves:0/152
Guide Tree 5/16
#NNI moves:0/152
Guide Tree 6/16
#NNI moves:0/152
Guide Tree 7/16
#NNI moves:0/152
Guide Tree 8/16
#NNI moves:0/152
Guide Tree 9/16
#NNI moves:0/152
Guide Tree 10/16
#NNI moves:0/152
Guide Tree 11/16
#NNI moves:0/152
Guide Tree 12/16
#NNI moves:0/152
Guide Tree 13/16
#NNI moves:0/152
Guide Tree 14/16
#NNI moves:0/152
Guide Tree 15/16
#NNI moves:0/152
Remaining: 0
#NNI moves:0/152
#NNI moves:0/152
((((((((((((((((52,60),54),68),(((49,18),1),(((16,30),62),12))),((36,(45,69)),((5,(17,39)),(11,19)))),2),61),(((((42,56),20),((13,34),26)),(28,10)),50)),((((((81,87),(73,82)),(89,(76,80))),(((72,75),99),((94,97),91))),(((86,96),78),(92,90))),((((95,(100,83)),(71,85)),((74,88),93)),(79,(84,(98,77)))))),(((46,63),48),(((65,27),35),47))),((44,43),41)),(((((((15,(67,25)),((3,37),33)),(((21,((57,8),22)),9),((51,53),31))),(((24,55),6),4)),(23,32)),((70,14),66)),40)),((38,7),59)),29),58),64);
Guide Tree 0/16
#NNI moves:0/152
Guide Tree 1/16
#NNI moves:0/152
Guide Tree 2/16
#NNI moves:2/152
Guide Tree 3/16
#NNI moves:0/152
Guide Tree 4/16
#NNI moves:0/152
Guide Tree 5/16
#NNI moves:0/152
Guide Tree 6/16
#NNI moves:0/152
Guide Tree 7/16
#NNI moves:0/152
Guide Tree 8/16
#NNI moves:0/152
Guide Tree 9/16
#NNI moves:0/152
Guide Tree 10/16
#NNI moves:0/152
Guide Tree 11/16
#NNI moves:0/152
Guide Tree 12/16
#NNI moves:0/152
Guide Tree 13/16
#NNI moves:0/152
Guide Tree 14/16
#NNI moves:2/152
Guide Tree 15/16
#NNI moves:0/152
Remaining: 0
#NNI moves:6/152
#NNI moves:6/152
(((((((((((((96,86),78),(92,90)),((((72,75),99),((94,97),91)),(((82,73),(87,81)),((80,76),89)))),((((74,88),93),((85,71),(95,(100,83)))),(((98,77),84),79))),(((((((12,((30,16),62)),((18,49),1)),((54,(52,60)),68)),(((11,19),((17,39),5)),((45,69),36))),2),61),(((((42,56),20),((34,13),26)),(10,28)),50))),((48,(63,46)),(47,(35,(27,65))))),(41,(44,43))),((((23,32),((((15,(25,67)),((3,37),33)),(((53,51),31),((21,(22,(8,57))),9))),(4,(6,(55,24))))),((14,70),66)),40)),(59,(38,7))),29),58),64);
Guide Tree 0/16
#NNI moves:0/152
Guide Tree 1/16
#NNI moves:0/152
Guide Tree 2/16
#NNI moves:0/152
Guide Tree 3/16
#NNI moves:0/152
Guide Tree 4/16
#NNI moves:0/152
Guide Tree 5/16
#NNI moves:0/152
Guide Tree 6/16
#NNI moves:0/152
Guide Tree 7/16
#NNI moves:0/152
Guide Tree 8/16
#NNI moves:0/152
Guide Tree 9/16
#NNI moves:0/152
Guide Tree 10/16
#NNI moves:0/152
Guide Tree 11/16
#NNI moves:0/152
Guide Tree 12/16
#NNI moves:0/152
Guide Tree 13/16
#NNI moves:0/152
Guide Tree 14/16
#NNI moves:0/152
Guide Tree 15/16
#NNI moves:0/152
Remaining: 0
#NNI moves:0/152
#NNI moves:0/152
((((((((((((((73,82),(81,87)),((76,80),89)),(((97,94),91),(99,(75,72)))),((92,90),((96,86),78))),((((98,77),84),79),((((83,100),95),(71,85)),((74,88),93)))),(((((20,(56,42)),(26,(13,34))),(28,10)),50),(((((((39,17),5),(19,11)),(36,(45,69))),((68,((52,60),54)),(((62,(16,30)),12),((49,18),1)))),2),61))),(((63,46),48),(((27,65),35),47))),((44,43),41)),(((((((33,(3,37)),((25,67),15)),((9,(((57,8),22),21)),((53,51),31))),(4,(6,(24,55)))),(23,32)),(66,(70,14))),40)),((7,38),59)),29),58),64);
Initial score: 2.02387e+09
Initial tree: ((((((((((((((73,82),(81,87)),((76,80),89)),(((97,94),91),(99,(75,72)))),((92,90),((96,86),78))),((((98,77),84),79),((((83,100),95),(71,85)),((74,88),93)))),(((((20,(56,42)),(26,(13,34))),(28,10)),50),(((((((39,17),5),(19,11)),(36,(45,69))),((68,((52,60),54)),(((62,(16,30)),12),((49,18),1)))),2),61))),(((63,46),48),(((27,65),35),47))),((44,43),41)),(((((((33,(3,37)),((25,67),15)),((9,(((57,8),22),21)),((53,51),31))),(4,(6,(24,55)))),(23,32)),(66,(70,14))),40)),((7,38),59)),29),58),64);
*** Subsample Process ***
Use two-step algorithm!
#NNI moves:0/152
Remaining: 0
#NNI moves:0/152
#NNI moves:0/152
((((((((((((((((49,18),1),(((30,16),62),12)),(((60,52),54),68)),(((11,19),((17,39),5)),((45,69),36))),2),61),((((20,(56,42)),((13,34),26)),(28,10)),50)),(((((((((((21,(22,(8,57))),9),((53,51),31)),(((25,67),15),((37,3),33))),(4,((55,24),6))),(23,32)),((70,14),66)),40),(((58,64),29),((7,38),59))),((43,44),41)),(((63,46),48),(((27,65),35),47)))),((((88,74),93),(((100,83),95),(85,71))),(79,((77,98),84)))),(((96,86),78),(90,92))),(((97,94),91),((75,72),99))),(89,(80,76))),(87,81)),73),82);
#NNI moves:0/152
Remaining: 0
#NNI moves:0/152
#NNI moves:0/152
((((((((((((((68,((52,60),54)),(((18,49),1),(12,((30,16),62)))),(((11,19),((17,39),5)),((45,69),36))),2),61),(((((42,56),20),((34,13),26)),(28,10)),50)),(((79,((77,98),84)),((((83,100),95),(85,71)),((74,88),93))),(((90,92),((96,86),78)),(((91,(97,94)),((72,75),99)),(((73,82),(81,87)),((76,80),89)))))),((((65,27),35),47),(48,(63,46)))),(41,(43,44))),(((((((((22,(57,8)),21),9),((53,51),31)),(((67,25),15),((3,37),33))),(((55,24),6),4)),(32,23)),(66,(70,14))),40)),((38,7),59)),29),64),58);
#NNI moves:0/152
Remaining: 0
#NNI moves:0/152
#NNI moves:0/152
(((((((((((((((((((((67,25),15),((3,37),33)),(((53,51),31),(((22,(57,8)),21),9))),((6,(55,24)),4)),(32,23)),((70,14),66)),40),(((38,7),59),((64,58),29))),(41,(44,43))),(((46,63),48),((35,(27,65)),47))),(((((77,98),84),79),((((83,100),95),(71,85)),((88,74),93))),(((((80,76),89),((87,81),(73,82))),((91,(97,94)),((75,72),99))),((78,(86,96)),(92,90))))),((((20,(56,42)),((34,13),26)),(10,28)),50)),61),2),(((5,(17,39)),(19,11)),((69,45),36))),(((49,18),1),(((16,30),62),12))),68),54),60),52);
#NNI moves:0/152
Remaining: 0
#NNI moves:0/152
#NNI moves:0/152
((((((((((((((((49,18),1),((62,(30,16)),12)),(68,(54,(60,52)))),((((17,39),5),(19,11)),((45,69),36))),2),61),(((((56,42),20),((13,34),26)),(28,10)),50)),((((((82,73),(87,81)),((76,80),89)),((99,(72,75)),((97,94),91))),((78,(96,86)),(92,90))),((((85,71),((83,100),95)),((74,88),93)),(((77,98),84),79)))),(((63,46),48),(47,((27,65),35)))),((43,44),41)),(((((((24,55),6),4),(((33,(37,3)),(15,(25,67))),(((((8,57),22),21),9),((51,53),31)))),(32,23)),((14,70),66)),40)),(29,(58,64))),59),7),38);
Current score: 2.02387e+09
Current tree: ((58,(29,(((((((((((((49,18),1),((62,(30,16)),12)),(68,(54,(60,52)))),((((17,39),5),(19,11)),((45,69),36))),2),61),(((((56,42),20),((13,34),26)),(28,10)),50)),((((((82,73),(87,81)),((76,80),89)),((99,(72,75)),((97,94),91))),((78,(96,86)),(92,90))),((((85,71),((83,100),95)),((74,88),93)),(((77,98),84),79)))),(((63,46),48),(47,((27,65),35)))),((43,44),41)),(((((((24,55),6),4),(((33,(37,3)),(15,(25,67))),(((((8,57),22),21),9),((51,53),31)))),(32,23)),((14,70),66)),40)),(59,(7,38))))),64);
Final Tree: ((58,(29,(((((((((((((49,18),1),((62,(30,16)),12)),(68,(54,(60,52)))),((((17,39),5),(19,11)),((45,69),36))),2),61),(((((56,42),20),((13,34),26)),(28,10)),50)),((((((82,73),(87,81)),((76,80),89)),((99,(72,75)),((97,94),91))),((78,(96,86)),(92,90))),((((85,71),((83,100),95)),((74,88),93)),(((77,98),84),79)))),(((63,46),48),(47,((27,65),35)))),((43,44),41)),(((((((24,55),6),4),(((33,(37,3)),(15,(25,67))),(((((8,57),22),21),9),((51,53),31)))),(32,23)),((14,70),66)),40)),(59,(7,38))))),64);
#EqQuartets: 2202879353
Score: 2023873848
ASTRAL for PaRalogs and Orthologs III (ASTRAL-Pro3)
*** NOW with integrated CASTLES-Pro ***
Version: v1.22.3.6
Read 512 genetrees and found 100 species.
#Genetrees: 1000
#Duploss: 7662
#Species: 100
#Rounds: 4
#Samples: 4
#Threads: 1
Use two-step algorithm!
Guide Tree 0/16
#NNI moves:0/152
Guide Tree 1/16
#NNI moves:0/152
Guide Tree 2/16
#NNI moves:0/152
Guide Tree 3/16
#NNI moves:0/152
Guide Tree 4/16
#NNI moves:0/152
Guide Tree 5/16
#NNI moves:0/152
Guide Tree 6/16
#NNI moves:0/152
Guide Tree 7/16
#NNI moves:0/152
Guide Tree 8/16
#NNI moves:0/152
Guide Tree 9/16
#NNI moves:0/152
Guide Tree 10/16
#NNI moves:0/152
Guide Tree 11/16
#NNI moves:0/152
Guide Tree 12/16
#NNI moves:0/152
Guide Tree 13/16
#NNI moves:0/152
Guide Tree 14/16
#NNI moves:0/152
Guide Tree 15/16
#NNI moves:0/152
Remaining: 0
#NNI moves:0/152
#NNI moves:0/152
(((((((((((((((31,29),64),69),(37,32)),(21,27)),(25,73)),(((((71,(55,72)),70),19),(((45,49),48),57)),9)),((((14,(52,11)),(38,(8,22))),34),(((12,66),33),44))),(((58,(((30,7),10),(56,18))),((28,5),42)),((3,61),((1,36),((50,62),35))))),(((((((74,63),67),(2,16)),((4,43),((40,51),26))),(13,15)),(24,65)),((((((53,(41,39)),(23,59)),(47,46)),20),(54,17)),((75,(6,68)),60)))),((((99,96),85),92),81)),((86,87),(80,84))),(((((((82,98),89),91),(78,88)),79),90),(((77,(93,83)),100),94))),(76,97)),95);
Guide Tree 0/16
#NNI moves:0/152
Guide Tree 1/16
#NNI moves:0/152
Guide Tree 2/16
#NNI moves:0/152
Guide Tree 3/16
#NNI moves:0/152
Guide Tree 4/16
#NNI moves:0/152
Guide Tree 5/16
#NNI moves:0/152
Guide Tree 6/16
#NNI moves:0/152
Guide Tree 7/16
#NNI moves:0/152
Guide Tree 8/16
#NNI moves:0/152
Guide Tree 9/16
#NNI moves:0/152
Guide Tree 10/16
#NNI moves:0/152
Guide Tree 11/16
#NNI moves:0/152
Guide Tree 12/16
#NNI moves:0/152
Guide Tree 13/16
#NNI moves:0/152
Guide Tree 14/16
#NNI moves:0/152
Guide Tree 15/16
#NNI moves:0/152
Remaining: 0
#NNI moves:0/152
#NNI moves:0/152
(((((((((((((22,8),38),((11,52),14)),34),(((66,12),33),44)),(((((((31,29),64),69),(32,37)),(21,27)),(25,73)),((((((72,55),71),70),19),(57,((45,49),48))),9))),(((((18,56),(10,(7,30))),58),((28,5),42)),(((35,(50,62)),(1,36)),(3,61)))),(((((6,68),75),60),(((((53,(39,41)),(59,23)),(47,46)),20),(54,17))),(((15,13),((((63,74),67),(16,2)),(((40,51),26),(4,43)))),(24,65)))),((((96,99),85),92),81)),((87,86),(80,84))),((90,(79,(((89,(82,98)),91),(78,88)))),(((77,(93,83)),100),94))),(76,97)),95);
Guide Tree 0/16
#NNI moves:0/152
Guide Tree 1/16
#NNI moves:0/152
Guide Tree 2/16
#NNI moves:0/152
Guide Tree 3/16
#NNI moves:0/152
Guide Tree 4/16
#NNI moves:0/152
Guide Tree 5/16
#NNI moves:0/152
Guide Tree 6/16
#NNI moves:0/152
Guide Tree 7/16
#NNI moves:0/152
Guide Tree 8/16
#NNI moves:0/152
Guide Tree 9/16
#NNI moves:0/152
Guide Tree 10/16
#NNI moves:0/152
Guide Tree 11/16
#NNI moves:0/152
Guide Tree 12/16
#NNI moves:0/152
Guide Tree 13/16
#NNI moves:0/152
Guide Tree 14/16
#NNI moves:0/152
Guide Tree 15/16
#NNI moves:0/152
Remaining: 0
#NNI moves:0/152
#NNI moves:0/152
(((((((((((((48,(49,45)),57),((((55,72),71),70),19)),9),((((37,32),(((29,31),64),69)),(27,21)),(73,25))),(((((11,52),14),((22,8),38)),34),(((66,12),33),44))),(((((50,62),35),(1,36)),(61,3)),(((((7,30),10),(18,56)),58),((5,28),42)))),(((((((53,(39,41)),(59,23)),(47,46)),20),(17,54)),(((68,6),75),60)),(((((26,(40,51)),(4,43)),(((74,63),67),(2,16))),(13,15)),(24,65)))),((((99,96),85),92),81)),((84,80),(87,86))),((90,(((((82,98),89),91),(78,88)),79)),((100,(77,(93,83))),94))),(76,97)),95);
Guide Tree 0/16
#NNI moves:0/152
Guide Tree 1/16
#NNI moves:0/152
Guide Tree 2/16
#NNI moves:0/152
Guide Tree 3/16
#NNI moves:0/152
Guide Tree 4/16
#NNI moves:0/152
Guide Tree 5/16
#NNI moves:0/152
Guide Tree 6/16
#NNI moves:0/152
Guide Tree 7/16
#NNI moves:0/152
Guide Tree 8/16
#NNI moves:0/152
Guide Tree 9/16
#NNI moves:0/152
Guide Tree 10/16
#NNI moves:0/152
Guide Tree 11/16
#NNI moves:0/152
Guide Tree 12/16
#NNI moves:0/152
Guide Tree 13/16
#NNI moves:0/152
Guide Tree 14/16
#NNI moves:0/152
Guide Tree 15/16
#NNI moves:0/152
Remaining: 0
#NNI moves:0/152
#NNI moves:0/152
((((((((((17,54),(((47,46),(((41,39),53),(23,59))),20)),(((6,68),75),60)),(((((67,(74,63)),(16,2)),((4,43),((40,51),26))),(15,13)),(65,24))),(((((((8,22),38),((11,52),14)),34),((33,(12,66)),44)),((((27,21),((32,37),(((31,29),64),69))),(25,73)),((((((72,55),71),70),19),(((45,49),48),57)),9))),((((((7,30),10),(56,18)),58),((28,5),42)),((((62,50),35),(1,36)),(3,61))))),((92,(85,(99,96))),81)),((80,84),(86,87))),((((((89,(82,98)),91),(88,78)),79),90),((((93,83),77),100),94))),(76,97)),95);
Initial score: 1.96922e+09
Initial tree: ((((((((((17,54),(((47,46),(((41,39),53),(23,59))),20)),(((6,68),75),60)),(((((67,(74,63)),(16,2)),((4,43),((40,51),26))),(15,13)),(65,24))),(((((((8,22),38),((11,52),14)),34),((33,(12,66)),44)),((((27,21),((32,37),(((31,29),64),69))),(25,73)),((((((72,55),71),70),19),(((45,49),48),57)),9))),((((((7,30),10),(56,18)),58),((28,5),42)),((((62,50),35),(1,36)),(3,61))))),((92,(85,(99,96))),81)),((80,84),(86,87))),((((((89,(82,98)),91),(88,78)),79),90),((((93,83),77),100),94))),(76,97)),95);
*** Subsample Process ***
Use two-step algorithm!
#NNI moves:0/152
Remaining: 0
#NNI moves:0/152
#NNI moves:0/152
((((((((((((((21,27),((((29,31),64),69),(37,32))),(25,73)),((((((55,72),71),70),19),(((49,45),48),57)),9)),(((33,(66,12)),44),(34,(((52,11),14),((22,8),38))))),((((5,28),42),(((56,18),((30,7),10)),58)),((((62,50),35),(36,1)),(3,61)))),((((((((((82,98),89),91),(88,78)),79),90),((((93,83),77),100),94)),((76,97),95)),((86,87),(84,80))),(((85,(96,99)),92),81))),((((((74,63),67),(2,16)),(((40,51),26),(4,43))),(13,15)),(24,65))),(60,(75,(68,6)))),(54,17)),20),(((41,39),53),(59,23))),46),47);
#NNI moves:0/152
Remaining: 0
#NNI moves:0/152
#NNI moves:0/152
((((((((((((((((29,31),64),69),(32,37)),(21,27)),(73,25)),((((((55,72),71),70),19),((48,(49,45)),57)),9)),((44,(33,(66,12))),(34,(((22,8),38),(14,(11,52)))))),((((((30,7),10),(18,56)),58),((28,5),42)),((61,3),((1,36),((50,62),35))))),((((((67,(63,74)),(16,2)),(((51,40),26),(43,4))),(13,15)),(24,65)),(((54,17),((((53,(41,39)),(23,59)),(47,46)),20)),((75,(68,6)),60)))),(((85,(96,99)),92),81)),((86,87),(80,84))),(((((91,(89,(98,82))),(88,78)),79),90),(((77,(83,93)),100),94))),95),97),76);
#NNI moves:0/152
Remaining: 0
#NNI moves:0/152
#NNI moves:0/152
(((((((((((((((((47,46),((23,59),((41,39),53))),20),(54,17)),(60,((68,6),75))),(((((2,16),((74,63),67)),(((40,51),26),(4,43))),(13,15)),(24,65))),((((((((((98,82),89),91),(88,78)),79),90),(((77,(93,83)),100),94)),(95,(76,97))),((84,80),(87,86))),(81,(((99,96),85),92)))),((((((30,7),10),(18,56)),58),((28,5),42)),(((35,(62,50)),(1,36)),(3,61)))),((44,(33,(66,12))),(34,((14,(11,52)),(38,(22,8)))))),(((57,(48,(49,45))),(((71,(55,72)),70),19)),9)),(73,25)),(21,27)),(32,37)),69),64),31),29);
#NNI moves:0/152
Remaining: 0
#NNI moves:0/152
#NNI moves:0/152
((((((((((((((((((((45,49),48),57),((70,(71,(55,72))),19)),9),(((21,27),((32,37),((64,(29,31)),69))),(25,73))),(((((8,22),38),(14,(52,11))),34),((33,(12,66)),44))),(((((62,50),35),(1,36)),(61,3)),(((28,5),42),((((30,7),10),(56,18)),58)))),(((((((74,63),67),(2,16)),((26,(51,40)),(43,4))),(15,13)),(65,24)),(((((((41,39),53),(23,59)),(46,47)),20),(54,17)),((75,(6,68)),60)))),((((99,96),85),92),81)),((80,84),(86,87))),((97,76),95)),(((77,(83,93)),100),94)),90),79),(88,78)),91),89),98),82);
Current score: 1.96922e+09
Current tree: (((97,76),((((((((((((45,49),48),57),((70,(71,(55,72))),19)),9),(((21,27),((32,37),((64,(29,31)),69))),(25,73))),(((((8,22),38),(14,(52,11))),34),((33,(12,66)),44))),(((((62,50),35),(1,36)),(61,3)),(((28,5),42),((((30,7),10),(56,18)),58)))),(((((((74,63),67),(2,16)),((26,(51,40)),(43,4))),(15,13)),(65,24)),(((((((41,39),53),(23,59)),(46,47)),20),(54,17)),((75,(6,68)),60)))),((((99,96),85),92),81)),((80,84),(86,87))),((((77,(83,93)),100),94),(90,(79,((88,78),(91,(89,(98,82))))))))),95);
Final Tree: (((97,76),((((((((((((45,49),48),57),((70,(71,(55,72))),19)),9),(((21,27),((32,37),((64,(29,31)),69))),(25,73))),(((((8,22),38),(14,(52,11))),34),((33,(12,66)),44))),(((((62,50),35),(1,36)),(61,3)),(((28,5),42),((((30,7),10),(56,18)),58)))),(((((((74,63),67),(2,16)),((26,(51,40)),(43,4))),(15,13)),(65,24)),(((((((41,39),53),(23,59)),(46,47)),20),(54,17)),((75,(6,68)),60)))),((((99,96),85),92),81)),((80,84),(86,87))),((((77,(83,93)),100),94),(90,(79,((88,78),(91,(89,(98,82))))))))),95);
#EqQuartets: 2270742410
Score: 1969223822
ASTRAL for PaRalogs and Orthologs III (ASTRAL-Pro3)
*** NOW with integrated CASTLES-Pro ***
Version: v1.22.3.6
Read 512 genetrees and found 100 species.
#Genetrees: 1000
#Duploss: 8451
#Species: 100
#Rounds: 4
#Samples: 4
#Threads: 1
Use two-step algorithm!
Guide Tree 0/16
#NNI moves:0/152
Guide Tree 1/16
#NNI moves:0/152
Guide Tree 2/16
#NNI moves:0/152
Guide Tree 3/16
#NNI moves:0/152
Guide Tree 4/16
#NNI moves:0/152
Guide Tree 5/16
#NNI moves:0/152
Guide Tree 6/16
#NNI moves:0/152
Guide Tree 7/16
#NNI moves:0/152
Guide Tree 8/16
#NNI moves:0/152
Guide Tree 9/16
#NNI moves:0/152
Guide Tree 10/16
#NNI moves:0/152
Guide Tree 11/16
#NNI moves:0/152
Guide Tree 12/16
#NNI moves:0/152
Guide Tree 13/16
#NNI moves:0/152
Guide Tree 14/16
#NNI moves:0/152
Guide Tree 15/16
#NNI moves:0/152
Remaining: 1
#NNI moves:0/152
#NNI moves:0/152
((((((((((((((((((((56,57),(68,(9,8))),(42,11)),33),47),((31,16),(20,44))),((39,60),62)),((53,69),58)),71),32),(((51,25),28),((15,(50,(55,(49,5)))),(54,14)))),(((48,3),12),30)),((((((35,(40,59)),(45,63)),((43,61),(67,(23,24)))),((((1,13),(46,66)),7),(29,70))),((38,6),37)),41)),65),((((((((((52,27),34),10),64),19),(21,4)),2),((22,36),18)),17),26)),((91,85),89)),(((((((82,100),77),93),84),(((((78,97),74),96),88),95)),(81,83)),((92,(79,90)),(86,99)))),(((75,80),76),((94,72),73))),98),87);
Guide Tree 0/16
#NNI moves:0/152
Guide Tree 1/16
#NNI moves:0/152
Guide Tree 2/16
#NNI moves:0/152
Guide Tree 3/16
#NNI moves:0/152
Guide Tree 4/16
#NNI moves:0/152
Guide Tree 5/16
#NNI moves:0/152
Guide Tree 6/16
#NNI moves:0/152
Guide Tree 7/16
#NNI moves:0/152
Guide Tree 8/16
#NNI moves:0/152
Guide Tree 9/16
#NNI moves:0/152
Guide Tree 10/16
#NNI moves:0/152
Guide Tree 11/16
#NNI moves:0/152
Guide Tree 12/16
#NNI moves:0/152
Guide Tree 13/16
#NNI moves:0/152
Guide Tree 14/16
#NNI moves:0/152
Guide Tree 15/16
#NNI moves:0/152
Remaining: 0
#NNI moves:24/152
#NNI moves:24/152
(((((((((((((((55,(49,5)),50),15),(14,54)),((51,25),28)),(((((53,69),58),((((44,20),(16,31)),((((((9,8),68),(56,57)),(11,42)),33),47)),((60,39),62))),71),32)),(((48,3),12),30)),((((((63,45),((40,59),35)),(((23,24),67),(61,43))),((((46,66),(13,1)),7),(29,70))),(37,(38,6))),41)),65),((((18,(36,22)),(2,((19,(((34,(52,27)),10),64)),(21,4)))),17),26)),(89,(85,91))),((((((96,(74,(97,78))),88),95),((((82,100),77),93),84)),(81,83)),(((90,79),92),(99,86)))),(((75,80),76),((94,72),73))),98),87);
Guide Tree 0/16
#NNI moves:0/152
Guide Tree 1/16
#NNI moves:0/152
Guide Tree 2/16
#NNI moves:0/152
Guide Tree 3/16
#NNI moves:0/152
Guide Tree 4/16
#NNI moves:0/152
Guide Tree 5/16
#NNI moves:0/152
Guide Tree 6/16
#NNI moves:0/152
Guide Tree 7/16
#NNI moves:0/152
Guide Tree 8/16
#NNI moves:0/152
Guide Tree 9/16
#NNI moves:0/152
Guide Tree 10/16
#NNI moves:0/152
Guide Tree 11/16
#NNI moves:0/152
Guide Tree 12/16
#NNI moves:0/152
Guide Tree 13/16
#NNI moves:0/152
Guide Tree 14/16
#NNI moves:0/152
Guide Tree 15/16
#NNI moves:0/152
Remaining: 0
#NNI moves:10/152
#NNI moves:10/152
(((((((((((((((((33,((((8,9),68),(57,56)),(11,42))),47),((20,44),(16,31))),(62,(39,60))),((53,69),58)),71),32),(((14,54),(((55,(5,49)),50),15)),(28,(51,25)))),(30,(12,(48,3)))),(41,(((6,38),37),((((63,45),((40,59),35)),((43,61),(67,(24,23)))),((29,70),(((1,13),(46,66)),7)))))),65),((((18,(22,36)),(((((((52,27),34),10),64),19),(4,21)),2)),17),26)),((91,85),89)),(((((((100,82),77),93),84),(((96,(74,(78,97))),88),95)),(81,83)),((86,99),((90,79),92)))),(((94,72),73),((80,75),76))),98),87);
Guide Tree 0/16
#NNI moves:0/152
Guide Tree 1/16
#NNI moves:0/152
Guide Tree 2/16
#NNI moves:0/152
Guide Tree 3/16
#NNI moves:0/152
Guide Tree 4/16
#NNI moves:0/152
Guide Tree 5/16
#NNI moves:0/152
Guide Tree 6/16
#NNI moves:0/152
Guide Tree 7/16
#NNI moves:0/152
Guide Tree 8/16
#NNI moves:0/152
Guide Tree 9/16
#NNI moves:0/152
Guide Tree 10/16
#NNI moves:0/152
Guide Tree 11/16
#NNI moves:0/152
Guide Tree 12/16
#NNI moves:0/152
Guide Tree 13/16
#NNI moves:0/152
Guide Tree 14/16
#NNI moves:0/152
Guide Tree 15/16
#NNI moves:0/152
Remaining: 1
#NNI moves:0/152
#NNI moves:0/152
(((((((((((((((1,13),(66,46)),7),(29,70)),(((43,61),((24,23),67)),((45,63),((40,59),35)))),((38,6),37)),41),(((((((62,(39,60)),(((44,20),(16,31)),(((((56,57),(68,(8,9))),(42,11)),33),47))),(58,(69,53))),71),32),(((((55,(49,5)),50),15),(14,54)),(28,(51,25)))),(((48,3),12),30))),65),(((((((((34,(52,27)),10),64),19),(21,4)),2),((22,36),18)),17),26)),((85,91),89)),(((((88,(((78,97),74),96)),95),((93,((100,82),77)),84)),(81,83)),((86,99),((79,90),92)))),(((72,94),73),((80,75),76))),98),87);
Initial score: 2.16523e+09
Initial tree: (((((((((((((((1,13),(66,46)),7),(29,70)),(((43,61),((24,23),67)),((45,63),((40,59),35)))),((38,6),37)),41),(((((((62,(39,60)),(((44,20),(16,31)),(((((56,57),(68,(8,9))),(42,11)),33),47))),(58,(69,53))),71),32),(((((55,(49,5)),50),15),(14,54)),(28,(51,25)))),(((48,3),12),30))),65),(((((((((34,(52,27)),10),64),19),(21,4)),2),((22,36),18)),17),26)),((85,91),89)),(((((88,(((78,97),74),96)),95),((93,((100,82),77)),84)),(81,83)),((86,99),((79,90),92)))),(((72,94),73),((80,75),76))),98),87);
*** Subsample Process ***
Use two-step algorithm!
#NNI moves:0/152
Remaining: 1
#NNI moves:0/152
#NNI moves:0/152
(((((((((((((((((((((78,97),74),96),88),95),((((100,82),77),93),84)),(83,81)),((99,86),((79,90),92))),((98,87),(((72,94),73),((80,75),76)))),(89,(85,91))),((((((((((52,27),34),10),64),19),(4,21)),2),((22,36),18)),17),26)),65),(((((((((20,44),(16,31)),((((11,42),((57,56),((9,8),68))),33),47)),((39,60),62)),(58,(69,53))),71),32),(((51,25),28),((54,14),(15,(((49,5),55),50))))),((12,(3,48)),30))),41),(37,(38,6))),(((45,63),((59,40),35)),((61,43),(67,(23,24))))),(70,29)),7),(46,66)),13),1);
#NNI moves:2/152
Remaining: 0
#NNI moves:4/152
#NNI moves:4/152
(((((((((((((((66,46),(13,1)),7),(70,29)),(((45,63),(35,(40,59))),(((24,23),67),(61,43)))),((6,38),37)),41),((((((((39,60),62),(((((((8,9),68),(57,56)),(11,42)),33),47),((20,44),(16,31)))),((53,69),58)),71),32),((28,(25,51)),((54,14),((50,((5,49),55)),15)))),((12,(48,3)),30))),65),(((((22,36),18),(((((((27,52),34),10),64),19),(21,4)),2)),17),26)),(89,(91,85))),(((((((82,100),77),93),84),(((((97,78),74),96),88),95)),(81,83)),(((90,79),92),(86,99)))),((76,(75,80)),(73,(94,72)))),87),98);
#NNI moves:0/152
Remaining: 0
#NNI moves:6/152
#NNI moves:6/152
((((((((((((((((60,39),62),(((((((9,8),68),(56,57)),(11,42)),33),47),((20,44),(31,16)))),(58,(69,53))),71),32),(((51,25),28),(((50,(55,(5,49))),15),(54,14)))),((12,(48,3)),30)),((((((((((77,(82,100)),93),84),(((((97,78),74),96),88),95)),(83,81)),(((90,79),92),(99,86))),((((75,80),76),((72,94),73)),(87,98))),((91,85),89)),((((((((10,(34,(27,52))),64),19),(4,21)),2),((36,22),18)),17),26)),65)),41),(37,(38,6))),((70,29),(((1,13),(66,46)),7))),((43,61),((24,23),67))),(35,(40,59))),63),45);
#NNI moves:0/152
Remaining: 0
#NNI moves:0/152
#NNI moves:0/152
((((((((((((((((((((((68,(9,8)),(57,56)),(11,42)),33),47),((16,31),(20,44))),((39,60),62)),((69,53),58)),71),32),(((51,25),28),((15,(50,((49,5),55))),(54,14)))),(30,((3,48),12))),(((((29,70),(((1,13),(46,66)),7)),((((23,24),67),(43,61)),((35,(59,40)),(63,45)))),((6,38),37)),41)),65),((((((((((52,27),34),10),64),19),(21,4)),2),(18,(22,36))),17),26)),((91,85),89)),(((((88,(96,((78,97),74))),95),(84,(((100,82),77),93))),(81,83)),((86,99),(92,(79,90))))),(98,87)),((72,94),73)),76),80),75);
Current score: 2.16523e+09
Current tree: ((98,((((((((((((((((((68,(9,8)),(57,56)),(11,42)),33),47),((16,31),(20,44))),((39,60),62)),((69,53),58)),71),32),(((51,25),28),((15,(50,((49,5),55))),(54,14)))),(30,((3,48),12))),(((((29,70),(((1,13),(46,66)),7)),((((23,24),67),(43,61)),((35,(59,40)),(63,45)))),((6,38),37)),41)),65),((((((((((52,27),34),10),64),19),(21,4)),2),(18,(22,36))),17),26)),((91,85),89)),(((((88,(96,((78,97),74))),95),(84,(((100,82),77),93))),(81,83)),((86,99),(92,(79,90))))),(((72,94),73),(76,(80,75))))),87);
Final Tree: ((98,((((((((((((((((((68,(9,8)),(57,56)),(11,42)),33),47),((16,31),(20,44))),((39,60),62)),((69,53),58)),71),32),(((51,25),28),((15,(50,((49,5),55))),(54,14)))),(30,((3,48),12))),(((((29,70),(((1,13),(46,66)),7)),((((23,24),67),(43,61)),((35,(59,40)),(63,45)))),((6,38),37)),41)),65),((((((((((52,27),34),10),64),19),(21,4)),2),(18,(22,36))),17),26)),((91,85),89)),(((((88,(96,((78,97),74))),95),(84,(((100,82),77),93))),(81,83)),((86,99),(92,(79,90))))),(((72,94),73),(76,(80,75))))),87);
#EqQuartets: 2350172588
Score: 2165233890
ASTRAL for PaRalogs and Orthologs III (ASTRAL-Pro3)
*** NOW with integrated CASTLES-Pro ***
Version: v1.22.3.6
Read 512 genetrees and found 100 species.
#Genetrees: 1000
#Duploss: 7727
#Species: 100
#Rounds: 4
#Samples: 4
#Threads: 1
Use two-step algorithm!
Guide Tree 0/16
#NNI moves:0/152
Guide Tree 1/16
#NNI moves:0/152
Guide Tree 2/16
#NNI moves:0/152
Guide Tree 3/16
#NNI moves:0/152
Guide Tree 4/16
#NNI moves:0/152
Guide Tree 5/16
#NNI moves:0/152
Guide Tree 6/16
#NNI moves:0/152
Guide Tree 7/16
#NNI moves:0/152
Guide Tree 8/16
#NNI moves:0/152
Guide Tree 9/16
#NNI moves:0/152
Guide Tree 10/16
#NNI moves:0/152
Guide Tree 11/16
#NNI moves:0/152
Guide Tree 12/16
#NNI moves:0/152
Guide Tree 13/16
#NNI moves:0/152
Guide Tree 14/16
#NNI moves:0/152
Guide Tree 15/16
#NNI moves:0/152
Remaining: 0
#NNI moves:0/152
#NNI moves:0/152
(((((((((((((((((((((55,93),(67,73)),(88,60)),(((((81,78),76),(77,62)),(99,83)),82)),84),(69,66)),(56,51)),(((98,((74,61),(65,90))),(((49,52),94),(57,58))),(((63,92),(87,(46,53))),50))),((((86,47),(79,(89,95))),(72,75)),(((64,(100,71)),91),59))),((((((80,54),44),(68,48)),(45,70)),(97,96)),85)),(((20,29),41),(38,(((17,15),(19,((21,37),7))),31)))),36),(((42,11),8),9)),(10,2)),((((((12,1),6),22),18),(14,4)),(39,((16,23),13)))),((32,30),(24,26))),((25,34),27)),3),(((35,43),40),28)),33),5);
Guide Tree 0/16
#NNI moves:0/152
Guide Tree 1/16
#NNI moves:0/152
Guide Tree 2/16
#NNI moves:0/152
Guide Tree 3/16
#NNI moves:0/152
Guide Tree 4/16
#NNI moves:0/152
Guide Tree 5/16
#NNI moves:0/152
Guide Tree 6/16
#NNI moves:0/152
Guide Tree 7/16
#NNI moves:0/152
Guide Tree 8/16
#NNI moves:0/152
Guide Tree 9/16
#NNI moves:0/152
Guide Tree 10/16
#NNI moves:0/152
Guide Tree 11/16
#NNI moves:0/152
Guide Tree 12/16
#NNI moves:0/152
Guide Tree 13/16
#NNI moves:0/152
Guide Tree 14/16
#NNI moves:0/152
Guide Tree 15/16
#NNI moves:0/152
Remaining: 0
#NNI moves:0/152
#NNI moves:0/152
((((((((((((((((((94,(49,52)),(58,57)),(((61,74),(65,90)),98)),(((63,92),((53,46),87)),50)),((((((88,60),((67,73),(55,93))),(((((81,78),76),(62,77)),(83,99)),82)),84),(66,69)),(51,56))),(((91,((71,100),64)),59),((75,72),(((89,95),79),(86,47))))),(((96,97),(((68,48),((54,80),44)),(45,70))),85)),(((20,29),41),(((((7,(21,37)),19),(17,15)),31),38))),36),(9,((42,11),8))),(2,10)),((((16,23),13),39),(((22,((12,1),6)),18),(14,4)))),((26,24),(32,30))),((34,25),27)),3),(((43,35),40),28)),33),5);
Guide Tree 0/16
#NNI moves:0/152
Guide Tree 1/16
#NNI moves:0/152
Guide Tree 2/16
#NNI moves:0/152
Guide Tree 3/16
#NNI moves:0/152
Guide Tree 4/16
#NNI moves:0/152
Guide Tree 5/16
#NNI moves:0/152
Guide Tree 6/16
#NNI moves:0/152
Guide Tree 7/16
#NNI moves:0/152
Guide Tree 8/16
#NNI moves:0/152
Guide Tree 9/16
#NNI moves:0/152
Guide Tree 10/16
#NNI moves:0/152
Guide Tree 11/16
#NNI moves:0/152
Guide Tree 12/16
#NNI moves:0/152
Guide Tree 13/16
#NNI moves:0/152
Guide Tree 14/16
#NNI moves:0/152
Guide Tree 15/16
#NNI moves:0/152
Remaining: 0
#NNI moves:0/152
#NNI moves:0/152
(((((((((((((((((((82,((((78,81),76),(62,77)),(99,83))),(((93,55),(67,73)),(60,88))),84),(69,66)),(56,51)),((((63,92),(87,(53,46))),50),(((58,57),(94,(49,52))),(((65,90),(61,74)),98)))),(((91,((71,100),64)),59),(((86,47),((89,95),79)),(72,75)))),((((((54,80),44),(48,68)),(70,45)),(96,97)),85)),(((29,20),41),((((17,15),(((37,21),7),19)),31),38))),36),((8,(11,42)),9)),(10,2)),(((14,4),((((12,1),6),22),18)),(((23,16),13),39))),((26,24),(32,30))),((34,25),27)),3),(((43,35),40),28)),33),5);
Guide Tree 0/16
#NNI moves:0/152
Guide Tree 1/16
#NNI moves:0/152
Guide Tree 2/16
#NNI moves:0/152
Guide Tree 3/16
#NNI moves:0/152
Guide Tree 4/16
#NNI moves:0/152
Guide Tree 5/16
#NNI moves:0/152
Guide Tree 6/16
#NNI moves:0/152
Guide Tree 7/16
#NNI moves:0/152
Guide Tree 8/16
#NNI moves:0/152
Guide Tree 9/16
#NNI moves:0/152
Guide Tree 10/16
#NNI moves:0/152
Guide Tree 11/16
#NNI moves:0/152
Guide Tree 12/16
#NNI moves:0/152
Guide Tree 13/16
#NNI moves:0/152
Guide Tree 14/16
#NNI moves:0/152
Guide Tree 15/16
#NNI moves:0/152
Remaining: 0
#NNI moves:0/152
#NNI moves:0/152
((((((((((((((((((95,89),79),(86,47)),(75,72)),(59,((64,(71,100)),91))),(((56,51),((66,69),((((((62,77),(76,(81,78))),(83,99)),82),(((55,93),(67,73)),(88,60))),84))),((50,((87,(46,53)),(63,92))),(((94,(52,49)),(58,57)),(98,((61,74),(65,90))))))),(((((48,68),(44,(80,54))),(45,70)),(96,97)),85)),((41,(29,20)),((((((21,37),7),19),(17,15)),31),38))),36),(((11,42),8),9)),(2,10)),(((18,(((1,12),6),22)),(14,4)),((13,(16,23)),39))),((30,32),(24,26))),((34,25),27)),3),(28,((43,35),40))),33),5);
Initial score: 2.19194e+09
Initial tree: ((((((((((((((((((95,89),79),(86,47)),(75,72)),(59,((64,(71,100)),91))),(((56,51),((66,69),((((((62,77),(76,(81,78))),(83,99)),82),(((55,93),(67,73)),(88,60))),84))),((50,((87,(46,53)),(63,92))),(((94,(52,49)),(58,57)),(98,((61,74),(65,90))))))),(((((48,68),(44,(80,54))),(45,70)),(96,97)),85)),((41,(29,20)),((((((21,37),7),19),(17,15)),31),38))),36),(((11,42),8),9)),(2,10)),(((18,(((1,12),6),22)),(14,4)),((13,(16,23)),39))),((30,32),(24,26))),((34,25),27)),3),(28,((43,35),40))),33),5);
*** Subsample Process ***
Use two-step algorithm!
#NNI moves:0/152
Remaining: 0
#NNI moves:0/152
#NNI moves:0/152
((((((((((((((((77,62),((81,78),76)),(99,83)),82),((60,88),((67,73),(93,55)))),84),(66,69)),(56,51)),((50,((87,(53,46)),(63,92))),((((49,52),94),(57,58)),(((61,74),(90,65)),98)))),(((((((((((28,(40,(43,35))),(33,5)),3),((25,34),27)),((30,32),(26,24))),(((14,4),((((1,12),6),22),18)),(39,((23,16),13)))),(2,10)),((8,(42,11)),9)),36),(((((((37,21),7),19),(15,17)),31),38),(41,(20,29)))),((((((54,80),44),(48,68)),(45,70)),(96,97)),85))),(((64,(71,100)),91),59)),(72,75)),(86,47)),79),95),89);
#NNI moves:0/152
Remaining: 0
#NNI moves:0/152
#NNI moves:0/152
((((((((((((((((((((60,88),((73,67),(93,55))),((((62,77),((78,81),76)),(99,83)),82)),84),(69,66)),(56,51)),((((63,92),(87,(46,53))),50),((((90,65),(74,61)),98),((57,58),((49,52),94))))),((((79,(95,89)),(47,86)),(72,75)),((((100,71),64),91),59))),((((45,70),(((54,80),44),(48,68))),(96,97)),85)),(((((((21,37),7),19),(17,15)),31),38),(41,(29,20)))),36),(((42,11),8),9)),(10,2)),((39,((16,23),13)),((((6,(1,12)),22),18),(4,14)))),((32,30),(26,24))),((25,34),27)),3),(28,((35,43),40))),5),33);
#NNI moves:0/152
Remaining: 0
#NNI moves:0/152
#NNI moves:0/152
((((((((((((((((((32,30),(26,24)),((((28,((35,43),40)),(5,33)),3),((34,25),27))),(((4,14),(18,((6,(1,12)),22))),(((23,16),13),39))),(10,2)),(((11,42),8),9)),36),((41,(29,20)),((((((21,37),7),19),(17,15)),31),38))),((((70,45),((68,48),((80,54),44))),(97,96)),85)),(((((100,71),64),91),59),(((47,86),((95,89),79)),(72,75)))),(((((46,53),87),(63,92)),50),(((57,58),((49,52),94)),(((61,74),(90,65)),98)))),(51,56)),(69,66)),84),(((((81,78),76),(77,62)),(83,99)),82)),((67,73),(93,55))),88),60);
#NNI moves:0/152
Remaining: 0
#NNI moves:0/152
#NNI moves:0/152
((((((((((((((((((((((81,78),76),(62,77)),(99,83)),82),(((93,55),(67,73)),(60,88))),84),(66,69)),(56,51)),((((87,(46,53)),(92,63)),50),((((65,90),(74,61)),98),(((52,49),94),(57,58))))),((((86,47),((89,95),79)),(75,72)),(59,(91,(64,(100,71)))))),(((((44,(80,54)),(68,48)),(45,70)),(97,96)),85)),(((((((21,37),7),19),(17,15)),31),38),(41,(29,20)))),36),((8,(42,11)),9)),(10,2)),(((14,4),(18,(((1,12),6),22))),((13,(23,16)),39))),((32,30),(24,26))),(3,((((35,43),40),28),(33,5)))),27),34),25);
Current score: 2.19194e+09
Current tree: ((33,((((35,43),40),28),(3,(((((((((((((((((((81,78),76),(62,77)),(99,83)),82),(((93,55),(67,73)),(60,88))),84),(66,69)),(56,51)),((((87,(46,53)),(92,63)),50),((((65,90),(74,61)),98),(((52,49),94),(57,58))))),((((86,47),((89,95),79)),(75,72)),(59,(91,(64,(100,71)))))),(((((44,(80,54)),(68,48)),(45,70)),(97,96)),85)),(((((((21,37),7),19),(17,15)),31),38),(41,(29,20)))),36),((8,(42,11)),9)),(10,2)),(((14,4),(18,(((1,12),6),22))),((13,(23,16)),39))),((32,30),(24,26))),(27,(34,25)))))),5);
Final Tree: ((33,((((35,43),40),28),(3,(((((((((((((((((((81,78),76),(62,77)),(99,83)),82),(((93,55),(67,73)),(60,88))),84),(66,69)),(56,51)),((((87,(46,53)),(92,63)),50),((((65,90),(74,61)),98),(((52,49),94),(57,58))))),((((86,47),((89,95),79)),(75,72)),(59,(91,(64,(100,71)))))),(((((44,(80,54)),(68,48)),(45,70)),(97,96)),85)),(((((((21,37),7),19),(17,15)),31),38),(41,(29,20)))),36),((8,(42,11)),9)),(10,2)),(((14,4),(18,(((1,12),6),22))),((13,(23,16)),39))),((32,30),(24,26))),(27,(34,25)))))),5);
#EqQuartets: 2357256263
Score: 2191935072
