ASTRAL for PaRalogs and Orthologs III (ASTRAL-Pro3)
*** NOW with integrated CASTLES-Pro ***
Version: v1.22.3.6
Read 512 genetrees and found 100 species.
#Genetrees: 994
#Duploss: 33501
#Species: 100
#Rounds: 4
#Samples: 4
#Threads: 1
Use two-step algorithm!
Guide Tree 0/16
#NNI moves:0/152
Guide Tree 1/16
#NNI moves:0/152
Guide Tree 2/16
#NNI moves:0/152
Guide Tree 3/16
#NNI moves:0/152
Guide Tree 4/16
#NNI moves:0/152
Guide Tree 5/16
#NNI moves:0/152
Guide Tree 6/16
#NNI moves:0/152
Guide Tree 7/16
#NNI moves:0/152
Guide Tree 8/16
#NNI moves:0/152
Guide Tree 9/16
#NNI moves:0/152
Guide Tree 10/16
#NNI moves:0/152
Guide Tree 11/16
#NNI moves:0/152
Guide Tree 12/16
#NNI moves:0/152
Guide Tree 13/16
#NNI moves:0/152
Guide Tree 14/16
#NNI moves:0/152
Guide Tree 15/16
#NNI moves:0/152
Remaining: 0
#NNI moves:0/152
#NNI moves:0/152
((((((((((63,(58,19)),(((52,47),(31,25)),(20,93))),(((((51,18),((68,15),76)),((41,33),(39,17))),(((36,(94,30)),91),((((71,16),((50,23),44)),97),77))),((((3,12),(((1,11),8),(10,(9,6)))),7),((4,5),2)))),((((62,82),(88,81)),((((99,14),(66,28)),83),((42,67),61))),(37,38))),((49,89),((32,96),57))),(((((((92,95),100),(43,13)),(((((27,60),29),45),((56,26),53)),80)),(78,(72,64))),(((73,74),(59,84)),((46,85),(48,22)))),(98,54))),((((21,90),87),79),75)),((((55,69),35),34),((40,86),70))),65),24);
Guide Tree 0/16
#NNI moves:0/152
Guide Tree 1/16
#NNI moves:0/152
Guide Tree 2/16
#NNI moves:0/152
Guide Tree 3/16
#NNI moves:0/152
Guide Tree 4/16
#NNI moves:0/152
Guide Tree 5/16
#NNI moves:0/152
Guide Tree 6/16
#NNI moves:0/152
Guide Tree 7/16
#NNI moves:0/152
Guide Tree 8/16
#NNI moves:0/152
Guide Tree 9/16
#NNI moves:0/152
Guide Tree 10/16
#NNI moves:0/152
Guide Tree 11/16
#NNI moves:0/152
Guide Tree 12/16
#NNI moves:0/152
Guide Tree 13/16
#NNI moves:0/152
Guide Tree 14/16
#NNI moves:0/152
Guide Tree 15/16
#NNI moves:0/152
Remaining: 0
#NNI moves:2/152
#NNI moves:2/152
(((((((((((((((11,1),8),(10,(6,9))),(3,12)),7),((5,4),2)),((((36,(94,30)),91),((((44,(50,23)),(16,71)),97),77)),(((33,41),(39,17)),((76,(68,15)),(18,51))))),((((52,47),(25,31)),(20,93)),(63,(19,58)))),((((83,((14,99),(28,66))),(61,(42,67))),((62,82),(81,88))),(38,37))),((49,89),((96,32),57))),((((((((29,(27,60)),45),((26,56),53)),80),(((92,95),100),(13,43))),((64,72),78)),(((46,85),(22,48)),((84,59),(73,74)))),(98,54))),((((90,21),87),79),75)),(((35,(55,69)),34),(70,(86,40)))),65),24);
Guide Tree 0/16
#NNI moves:0/152
Guide Tree 1/16
#NNI moves:0/152
Guide Tree 2/16
#NNI moves:0/152
Guide Tree 3/16
#NNI moves:0/152
Guide Tree 4/16
#NNI moves:0/152
Guide Tree 5/16
#NNI moves:0/152
Guide Tree 6/16
#NNI moves:0/152
Guide Tree 7/16
#NNI moves:0/152
Guide Tree 8/16
#NNI moves:0/152
Guide Tree 9/16
#NNI moves:0/152
Guide Tree 10/16
#NNI moves:0/152
Guide Tree 11/16
#NNI moves:0/152
Guide Tree 12/16
#NNI moves:0/152
Guide Tree 13/16
#NNI moves:0/152
Guide Tree 14/16
#NNI moves:0/152
Guide Tree 15/16
#NNI moves:0/152
Remaining: 0
#NNI moves:6/152
#NNI moves:6/152
(((((((((((((18,51),((68,15),76)),((39,17),(33,41))),(((36,(30,94)),91),((((71,16),(44,(23,50))),97),77))),((((((6,9),10),((11,1),8)),(12,3)),7),(2,(4,5)))),(((20,93),((31,25),(52,47))),((58,19),63))),((((((28,66),(14,99)),83),(61,(42,67))),((82,62),(88,81))),(38,37))),((89,49),((32,96),57))),((((((((29,(27,60)),45),((26,56),53)),80),((13,43),((92,95),100))),((64,72),78)),(((48,22),(85,46)),((73,74),(84,59)))),(98,54))),(((87,(90,21)),79),75)),((34,((55,69),35)),((86,40),70))),65),24);
Guide Tree 0/16
#NNI moves:0/152
Guide Tree 1/16
#NNI moves:0/152
Guide Tree 2/16
#NNI moves:0/152
Guide Tree 3/16
#NNI moves:0/152
Guide Tree 4/16
#NNI moves:0/152
Guide Tree 5/16
#NNI moves:0/152
Guide Tree 6/16
#NNI moves:0/152
Guide Tree 7/16
#NNI moves:0/152
Guide Tree 8/16
#NNI moves:0/152
Guide Tree 9/16
#NNI moves:0/152
Guide Tree 10/16
#NNI moves:0/152
Guide Tree 11/16
#NNI moves:0/152
Guide Tree 12/16
#NNI moves:0/152
Guide Tree 13/16
#NNI moves:0/152
Guide Tree 14/16
#NNI moves:0/152
Guide Tree 15/16
#NNI moves:0/152
Remaining: 0
#NNI moves:2/152
#NNI moves:2/152
(((((((((((((41,33),(39,17)),(((68,15),76),(51,18))),((((((23,50),44),(16,71)),97),77),(91,(36,(94,30))))),((7,((3,12),(((11,1),8),(10,(6,9))))),((4,5),2))),(((20,93),((52,47),(31,25))),((19,58),63))),((((82,62),(88,81)),((((14,99),(28,66)),83),((67,42),61))),(37,38))),((57,(32,96)),(89,49))),(((((84,59),(74,73)),((22,48),(46,85))),(((((((27,60),29),45),((26,56),53)),80),((13,43),((92,95),100))),((72,64),78))),(98,54))),((((21,90),87),79),75)),((((55,69),35),34),(70,(86,40)))),65),24);
Initial score: 4.78356e+08
Initial tree: (((((((((((((41,33),(39,17)),(((68,15),76),(51,18))),((((((23,50),44),(16,71)),97),77),(91,(36,(94,30))))),((7,((3,12),(((11,1),8),(10,(6,9))))),((4,5),2))),(((20,93),((52,47),(31,25))),((19,58),63))),((((82,62),(88,81)),((((14,99),(28,66)),83),((67,42),61))),(37,38))),((57,(32,96)),(89,49))),(((((84,59),(74,73)),((22,48),(46,85))),(((((((27,60),29),45),((26,56),53)),80),((13,43),((92,95),100))),((72,64),78))),(98,54))),((((21,90),87),79),75)),((((55,69),35),34),(70,(86,40)))),65),24);
*** Subsample Process ***
Use two-step algorithm!
#NNI moves:0/152
Remaining: 0
#NNI moves:0/152
#NNI moves:0/152
(((((((((((((79,((90,21),87)),75),(((((55,69),35),34),((86,40),70)),(65,24))),(((((72,64),78),(((100,(95,92)),(13,43)),(((((27,60),29),45),((26,56),53)),80))),(((74,73),(59,84)),((48,22),(85,46)))),(98,54))),(((32,96),57),(89,49))),((((((28,66),(99,14)),83),((42,67),61)),((62,82),(88,81))),(38,37))),(((20,93),((31,25),(47,52))),(63,(58,19)))),((((((1,11),8),((9,6),10)),(3,12)),7),((5,4),2))),(((((44,(23,50)),(71,16)),97),77),(91,(36,(94,30))))),(((68,15),76),(51,18))),(17,39)),33),41);
#NNI moves:0/152
Remaining: 0
#NNI moves:0/152
#NNI moves:0/152
((((((((((((((((23,50),44),(71,16)),97),77),((36,(30,94)),91)),(((39,17),(41,33)),(((15,68),76),(18,51)))),((((12,3),(((9,6),10),((1,11),8))),7),((4,5),2))),((((31,25),(52,47)),(20,93)),((19,58),63))),((((((99,14),(28,66)),83),((67,42),61)),((62,82),(88,81))),(38,37))),(((32,96),57),(49,89))),(((((72,64),78),(((((56,26),53),((29,(60,27)),45)),80),((43,13),((92,95),100)))),(((59,84),(74,73)),((46,85),(22,48)))),(54,98))),(((87,(21,90)),79),75)),((34,(35,(69,55))),((86,40),70))),24),65);
#NNI moves:0/152
Remaining: 0
#NNI moves:0/152
#NNI moves:0/152
((((((((((((((((((56,26),53),(45,(29,(27,60)))),80),(((92,95),100),(13,43))),((72,64),78)),(((48,22),(85,46)),((84,59),(74,73)))),(54,98)),((((((69,55),35),34),((40,86),70)),(24,65)),((((90,21),87),79),75))),(((96,32),57),(49,89))),((((82,62),(88,81)),(((67,42),61),(((66,28),(14,99)),83))),(37,38))),((((31,25),(52,47)),(20,93)),(63,(19,58)))),(((((10,(9,6)),((1,11),8)),(3,12)),7),((5,4),2))),((91,(36,(30,94))),(77,((((23,50),44),(16,71)),97)))),((76,(68,15)),(18,51))),(17,39)),33),41);
#NNI moves:0/152
Remaining: 0
#NNI moves:0/152
#NNI moves:0/152
(((((((((((((((91,((94,30),36)),((((71,16),(44,(50,23))),97),77)),((((68,15),76),(18,51)),((39,17),(41,33)))),((((12,3),((8,(1,11)),(10,(9,6)))),7),(2,(4,5)))),((63,(19,58)),(((47,52),(25,31)),(93,20)))),((37,38),(((((66,28),(14,99)),83),((67,42),61)),((88,81),(62,82))))),((57,(32,96)),(89,49))),(((((((92,95),100),(13,43)),(((((60,27),29),45),((26,56),53)),80)),(78,(64,72))),(((84,59),(74,73)),((22,48),(85,46)))),(54,98))),((((21,90),87),79),75)),(65,24)),((86,40),70)),34),35),69),55);
Current score: 4.78356e+08
Current tree: ((65,((((((((((91,((94,30),36)),((((71,16),(44,(50,23))),97),77)),((((68,15),76),(18,51)),((39,17),(41,33)))),((((12,3),((8,(1,11)),(10,(9,6)))),7),(2,(4,5)))),((63,(19,58)),(((47,52),(25,31)),(93,20)))),((37,38),(((((66,28),(14,99)),83),((67,42),61)),((88,81),(62,82))))),((57,(32,96)),(89,49))),(((((((92,95),100),(13,43)),(((((60,27),29),45),((26,56),53)),80)),(78,(64,72))),(((84,59),(74,73)),((22,48),(85,46)))),(54,98))),((((21,90),87),79),75)),(((86,40),70),(34,(35,(69,55)))))),24);
Final Tree: ((65,((((((((((91,((94,30),36)),((((71,16),(44,(50,23))),97),77)),((((68,15),76),(18,51)),((39,17),(41,33)))),((((12,3),((8,(1,11)),(10,(9,6)))),7),(2,(4,5)))),((63,(19,58)),(((47,52),(25,31)),(93,20)))),((37,38),(((((66,28),(14,99)),83),((67,42),61)),((88,81),(62,82))))),((57,(32,96)),(89,49))),(((((((92,95),100),(13,43)),(((((60,27),29),45),((26,56),53)),80)),(78,(64,72))),(((84,59),(74,73)),((22,48),(85,46)))),(54,98))),((((21,90),87),79),75)),(((86,40),70),(34,(35,(69,55)))))),24);
#EqQuartets: 511296645
Score: 478356091
ASTRAL for PaRalogs and Orthologs III (ASTRAL-Pro3)
*** NOW with integrated CASTLES-Pro ***
Version: v1.22.3.6
Read 512 genetrees and found 100 species.
#Genetrees: 1000
#Duploss: 36084
#Species: 100
#Rounds: 4
#Samples: 4
#Threads: 1
Use two-step algorithm!
Guide Tree 0/16
#NNI moves:0/152
Guide Tree 1/16
#NNI moves:0/152
Guide Tree 2/16
#NNI moves:0/152
Guide Tree 3/16
#NNI moves:0/152
Guide Tree 4/16
#NNI moves:0/152
Guide Tree 5/16
#NNI moves:0/152
Guide Tree 6/16
#NNI moves:0/152
Guide Tree 7/16
#NNI moves:0/152
Guide Tree 8/16
#NNI moves:0/152
Guide Tree 9/16
#NNI moves:0/152
Guide Tree 10/16
#NNI moves:0/152
Guide Tree 11/16
#NNI moves:0/152
Guide Tree 12/16
#NNI moves:0/152
Guide Tree 13/16
#NNI moves:0/152
Guide Tree 14/16
#NNI moves:0/152
Guide Tree 15/16
#NNI moves:0/152
Remaining: 0
#NNI moves:0/152
#NNI moves:0/152
((((((((((((((37,44),7),29),(48,55)),(((30,52),((16,14),(2,58))),(46,47))),(((((31,35),(51,36)),(4,(26,61))),40),((((57,49),((15,10),39)),27),(20,60)))),((((((71,85),94),(((92,67),75),(62,70))),((76,((72,100),91)),78)),((((((93,79),80),(89,87)),73),(63,98)),69)),(((96,(86,81)),((99,65),((95,(74,66)),84))),((88,(77,64)),((97,82),((68,90),83)))))),(1,59)),(((((43,50),54),(18,33)),(42,(23,(56,21)))),(11,45))),((((5,(13,25)),53),8),((32,(6,3)),28))),(38,9)),((24,12),22)),((19,17),34)),41);
Guide Tree 0/16
#NNI moves:0/152
Guide Tree 1/16
#NNI moves:0/152
Guide Tree 2/16
#NNI moves:0/152
Guide Tree 3/16
#NNI moves:0/152
Guide Tree 4/16
#NNI moves:0/152
Guide Tree 5/16
#NNI moves:0/152
Guide Tree 6/16
#NNI moves:0/152
Guide Tree 7/16
#NNI moves:0/152
Guide Tree 8/16
#NNI moves:0/152
Guide Tree 9/16
#NNI moves:0/152
Guide Tree 10/16
#NNI moves:0/152
Guide Tree 11/16
#NNI moves:0/152
Guide Tree 12/16
#NNI moves:0/152
Guide Tree 13/16
#NNI moves:0/152
Guide Tree 14/16
#NNI moves:0/152
Guide Tree 15/16
#NNI moves:0/152
Remaining: 0
#NNI moves:2/152
#NNI moves:2/152
((((((((((((((95,(66,74)),84),(65,99)),(96,(81,86))),(((64,77),88),(((90,68),83),(82,97)))),(((((70,62),((67,92),75)),(94,(85,71))),((76,((100,72),91)),78)),(((((87,89),((79,93),80)),73),(98,63)),69))),((((((14,16),(58,2)),(30,52)),(46,47)),((((37,44),7),29),(55,48))),((((((61,26),4),(35,(36,51))),31),40),((27,(((15,10),39),(57,49))),(20,60))))),(59,1)),(((((21,56),23),42),((33,18),((50,43),54))),(45,11))),((28,((6,3),32)),(8,(53,(5,(13,25)))))),(9,38)),((24,12),22)),(34,(19,17))),41);
Guide Tree 0/16
#NNI moves:0/152
Guide Tree 1/16
#NNI moves:0/152
Guide Tree 2/16
#NNI moves:0/152
Guide Tree 3/16
#NNI moves:0/152
Guide Tree 4/16
#NNI moves:0/152
Guide Tree 5/16
#NNI moves:0/152
Guide Tree 6/16
#NNI moves:2/152
Guide Tree 7/16
#NNI moves:0/152
Guide Tree 8/16
#NNI moves:0/152
Guide Tree 9/16
#NNI moves:0/152
Guide Tree 10/16
#NNI moves:2/152
Guide Tree 11/16
#NNI moves:0/152
Guide Tree 12/16
#NNI moves:0/152
Guide Tree 13/16
#NNI moves:0/152
Guide Tree 14/16
#NNI moves:0/152
Guide Tree 15/16
#NNI moves:0/152
Remaining: 0
#NNI moves:10/152
#NNI moves:10/152
(((((((((((((97,82),(83,(90,68))),((77,64),88)),((96,(81,86)),((((66,74),95),84),(65,99)))),((69,(((((93,79),80),(89,87)),73),(63,98))),((((70,62),((92,67),75)),((85,71),94)),(((91,(72,100)),76),78)))),(((((((15,10),39),(49,57)),27),(60,20)),(((((36,51),35),((61,26),4)),31),40)),(((48,55),(29,((37,44),7))),((((2,58),(14,16)),(30,52)),(47,46))))),(59,1)),((((23,(21,56)),42),((18,33),(54,(50,43)))),(11,45))),(((53,(5,(25,13))),8),((32,(3,6)),28))),(9,38)),((24,12),22)),(34,(19,17))),41);
Guide Tree 0/16
#NNI moves:0/152
Guide Tree 1/16
#NNI moves:0/152
Guide Tree 2/16
#NNI moves:0/152
Guide Tree 3/16
#NNI moves:0/152
Guide Tree 4/16
#NNI moves:0/152
Guide Tree 5/16
#NNI moves:0/152
Guide Tree 6/16
#NNI moves:0/152
Guide Tree 7/16
#NNI moves:0/152
Guide Tree 8/16
#NNI moves:0/152
Guide Tree 9/16
#NNI moves:0/152
Guide Tree 10/16
#NNI moves:0/152
Guide Tree 11/16
#NNI moves:0/152
Guide Tree 12/16
#NNI moves:0/152
Guide Tree 13/16
#NNI moves:0/152
Guide Tree 14/16
#NNI moves:0/152
Guide Tree 15/16
#NNI moves:0/152
Remaining: 0
#NNI moves:4/152
#NNI moves:4/152
(((((((((((((((80,(93,79)),(89,87)),73),(98,63)),69),((78,(((72,100),91),76)),(((62,70),((92,67),75)),((71,85),94)))),((((64,77),88),(((90,68),83),(97,82))),((((95,(66,74)),84),(99,65)),((86,81),96)))),(((((((36,51),35),((26,61),4)),31),40),(((((10,15),39),(57,49)),27),(20,60))),((((52,30),((14,16),(2,58))),(47,46)),((55,48),((7,(37,44)),29))))),(1,59)),((((54,(43,50)),(18,33)),((23,(56,21)),42)),(45,11))),((8,(((25,13),5),53)),(28,((6,3),32)))),(38,9)),((12,24),22)),((19,17),34)),41);
Initial score: 3.78898e+08
Initial tree: (((((((((((((((80,(93,79)),(89,87)),73),(98,63)),69),((78,(((72,100),91),76)),(((62,70),((92,67),75)),((71,85),94)))),((((64,77),88),(((90,68),83),(97,82))),((((95,(66,74)),84),(99,65)),((86,81),96)))),(((((((36,51),35),((26,61),4)),31),40),(((((10,15),39),(57,49)),27),(20,60))),((((52,30),((14,16),(2,58))),(47,46)),((55,48),((7,(37,44)),29))))),(1,59)),((((54,(43,50)),(18,33)),((23,(56,21)),42)),(45,11))),((8,(((25,13),5),53)),(28,((6,3),32)))),(38,9)),((12,24),22)),((19,17),34)),41);
*** Subsample Process ***
Use two-step algorithm!
#NNI moves:6/152
Remaining: 1
#NNI moves:18/152
#NNI moves:24/152
(((((((((((((((((43,50),54),(33,18)),((23,(21,56)),42)),(11,45)),((((53,((25,13),5)),8),((32,(3,6)),28)),(((((19,17),34),41),((12,24),22)),(9,38)))),(59,1)),((((((37,44),7),29),(48,55)),(((52,30),((14,16),(2,58))),(46,47))),((40,(((4,(26,61)),(35,(51,36))),31)),(((((10,15),39),(49,57)),27),(20,60))))),((((86,81),96),((((74,66),95),84),(65,99))),(((77,64),88),((82,97),((90,68),83))))),(((((92,67),75),(70,62)),((85,71),94)),((((72,100),91),76),78))),69),(63,98)),73),(87,89)),80),79),93);
#NNI moves:2/152
Remaining: 0
#NNI moves:4/152
#NNI moves:4/152
((((((((((((((((2,58),(16,14)),(30,52)),(46,47)),((55,48),(29,((44,37),7)))),(((((26,61),4),((51,36),(31,35))),40),((60,20),(((49,57),(39,(15,10))),27)))),(((((((92,67),75),(70,62)),((71,85),94)),((((72,100),91),76),78)),(((98,63),(((80,(79,93)),(87,89)),73)),69)),((((77,64),88),((97,82),((90,68),83))),((96,(86,81)),((((74,66),95),84),(99,65)))))),(1,59)),(((((43,50),54),(33,18)),((23,(21,56)),42)),(11,45))),(((((13,25),5),53),8),(((6,3),32),28))),(9,38)),(22,(24,12))),41),34),17),19);
#NNI moves:0/152
Remaining: 4
#NNI moves:8/152
#NNI moves:8/152
((((((((((((((68,90),83),(82,97)),((64,77),88)),(((99,65),(((74,66),95),84)),((86,81),96))),((((((100,72),91),76),78),((((92,67),75),(62,70)),((71,85),94))),(((((89,87),((93,79),80)),73),(98,63)),69))),((((((32,(3,6)),28),(8,(((13,25),5),53))),((((24,12),22),((34,(19,17)),41)),(9,38))),((((33,18),((50,43),54)),(((56,21),23),42)),(45,11))),(59,1))),((((((51,36),35),((26,61),4)),31),40),((27,(((10,15),39),(49,57))),(20,60)))),((((37,44),7),29),(55,48))),(46,47)),(30,52)),(16,14)),58),2);
#NNI moves:6/152
Remaining: 0
#NNI moves:8/152
#NNI moves:8/152
(((((((((((((((62,70),((67,92),75)),(94,(71,85))),((((72,100),91),76),78)),((((((93,79),80),(89,87)),73),(63,98)),69)),(((((90,68),83),(82,97)),(88,(77,64))),(((86,81),96),((99,65),(((74,66),95),84))))),((((((37,44),7),29),(55,48)),((46,47),(((14,16),(58,2)),(52,30)))),((((((10,15),39),(49,57)),27),(60,20)),((((26,61),4),((51,36),(31,35))),40)))),(59,1)),((11,45),((42,(23,(21,56))),((33,18),(54,(43,50)))))),(((53,((25,13),5)),8),(((6,3),32),28))),(38,9)),((34,(17,19)),41)),22),12),24);
Current score: 3.78898e+08
Current tree: (((34,(17,19)),((((((((((((62,70),((67,92),75)),(94,(71,85))),((((72,100),91),76),78)),((((((93,79),80),(89,87)),73),(63,98)),69)),(((((90,68),83),(82,97)),(88,(77,64))),(((86,81),96),((99,65),(((74,66),95),84))))),((((((37,44),7),29),(55,48)),((46,47),(((14,16),(58,2)),(52,30)))),((((((10,15),39),(49,57)),27),(60,20)),(((((51,36),35),((26,61),4)),31),40)))),(59,1)),((11,45),((42,(23,(21,56))),((33,18),(54,(43,50)))))),(((53,((25,13),5)),8),(((6,3),32),28))),(38,9)),(22,(12,24)))),41);
Final Tree: (((34,(17,19)),((((((((((((62,70),((67,92),75)),(94,(71,85))),((((72,100),91),76),78)),((((((93,79),80),(89,87)),73),(63,98)),69)),(((((90,68),83),(82,97)),(88,(77,64))),(((86,81),96),((99,65),(((74,66),95),84))))),((((((37,44),7),29),(55,48)),((46,47),(((14,16),(58,2)),(52,30)))),((((((10,15),39),(49,57)),27),(60,20)),(((((51,36),35),((26,61),4)),31),40)))),(59,1)),((11,45),((42,(23,(21,56))),((33,18),(54,(43,50)))))),(((53,((25,13),5)),8),(((6,3),32),28))),(38,9)),(22,(12,24)))),41);
#EqQuartets: 415230134
Score: 378897965
ASTRAL for PaRalogs and Orthologs III (ASTRAL-Pro3)
*** NOW with integrated CASTLES-Pro ***
Version: v1.22.3.6
Read 512 genetrees and found 100 species.
#Genetrees: 999
#Duploss: 34455
#Species: 100
#Rounds: 4
#Samples: 4
#Threads: 1
Use two-step algorithm!
Guide Tree 0/16
#NNI moves:0/152
Guide Tree 1/16
#NNI moves:0/152
Guide Tree 2/16
#NNI moves:0/152
Guide Tree 3/16
#NNI moves:0/152
Guide Tree 4/16
#NNI moves:0/152
Guide Tree 5/16
#NNI moves:0/152
Guide Tree 6/16
#NNI moves:0/152
Guide Tree 7/16
#NNI moves:0/152
Guide Tree 8/16
#NNI moves:0/152
Guide Tree 9/16
#NNI moves:0/152
Guide Tree 10/16
#NNI moves:0/152
Guide Tree 11/16
#NNI moves:0/152
Guide Tree 12/16
#NNI moves:0/152
Guide Tree 13/16
#NNI moves:0/152
Guide Tree 14/16
#NNI moves:0/152
Guide Tree 15/16
#NNI moves:0/152
Remaining: 0
#NNI moves:0/152
#NNI moves:0/152
((((((((((((((((4,19),(5,12)),37),(15,11)),22),(((34,41),(23,40)),((1,17),13))),(((((8,44),30),24),36),((21,20),(7,(42,(6,9)))))),((39,3),(((45,27),16),33))),((((29,(26,43)),(((38,2),(14,(18,10))),(35,31))),28),(25,32))),(((((((58,70),72),81),(50,(49,99))),(((54,(74,87)),97),(((75,(56,79)),95),53))),((((82,(((91,68),(80,47)),84)),83),(67,((59,86),(52,98)))),46)),(((((100,89),(76,90)),(77,51)),66),(85,(63,60))))),(((94,(65,69)),(55,57)),(88,78))),71),92),((73,61),64)),((48,93),96)),62);
Guide Tree 0/16
#NNI moves:0/152
Guide Tree 1/16
#NNI moves:0/152
Guide Tree 2/16
#NNI moves:0/152
Guide Tree 3/16
#NNI moves:0/152
Guide Tree 4/16
#NNI moves:0/152
Guide Tree 5/16
#NNI moves:0/152
Guide Tree 6/16
#NNI moves:0/152
Guide Tree 7/16
#NNI moves:0/152
Guide Tree 8/16
#NNI moves:0/152
Guide Tree 9/16
#NNI moves:0/152
Guide Tree 10/16
#NNI moves:0/152
Guide Tree 11/16
#NNI moves:0/152
Guide Tree 12/16
#NNI moves:0/152
Guide Tree 13/16
#NNI moves:0/152
Guide Tree 14/16
#NNI moves:0/152
Guide Tree 15/16
#NNI moves:0/152
Remaining: 0
#NNI moves:14/152
#NNI moves:14/152
(((((((((((((49,99),50),(((70,58),72),81)),(((((56,79),75),95),53),(((74,87),54),97))),(((((52,98),(86,59)),67),(((((80,47),(91,68)),84),82),83)),46)),(((((90,76),(89,100)),(77,51)),66),((60,63),85))),(((((((((4,19),(12,5)),37),(15,11)),22),(((1,17),13),((40,23),(41,34)))),((((30,(8,44)),24),36),((((9,6),42),7),(20,21)))),((((27,45),16),33),(3,39))),(((((((10,18),14),(2,38)),(35,31)),((26,43),29)),28),(25,32)))),((78,88),((57,55),(94,(65,69))))),71),92),((61,73),64)),((48,93),96)),62);
Guide Tree 0/16
#NNI moves:0/152
Guide Tree 1/16
#NNI moves:0/152
Guide Tree 2/16
#NNI moves:0/152
Guide Tree 3/16
#NNI moves:0/152
Guide Tree 4/16
#NNI moves:0/152
Guide Tree 5/16
#NNI moves:0/152
Guide Tree 6/16
#NNI moves:0/152
Guide Tree 7/16
#NNI moves:0/152
Guide Tree 8/16
#NNI moves:0/152
Guide Tree 9/16
#NNI moves:0/152
Guide Tree 10/16
#NNI moves:0/152
Guide Tree 11/16
#NNI moves:0/152
Guide Tree 12/16
#NNI moves:0/152
Guide Tree 13/16
#NNI moves:0/152
Guide Tree 14/16
#NNI moves:0/152
Guide Tree 15/16
#NNI moves:0/152
Remaining: 0
#NNI moves:4/152
#NNI moves:4/152
((((((((((((((23,40),(34,41)),((17,1),13)),(22,((((5,12),(19,4)),37),(11,15)))),((((42,(6,9)),7),(21,20)),(((30,(44,8)),24),36))),(((16,(27,45)),33),(3,39))),((25,32),((((43,26),29),(((14,(18,10)),(38,2)),(31,35))),28))),(((((((98,52),(86,59)),67),(((((47,80),(68,91)),84),82),83)),46),(((97,((87,74),54)),((((79,56),75),95),53)),(((49,99),50),(((70,58),72),81)))),(((((76,90),(89,100)),(51,77)),66),(85,(63,60))))),(((94,(65,69)),(57,55)),(88,78))),71),92),((61,73),64)),((48,93),96)),62);
Guide Tree 0/16
#NNI moves:0/152
Guide Tree 1/16
#NNI moves:2/152
Guide Tree 2/16
#NNI moves:0/152
Guide Tree 3/16
#NNI moves:2/152
Guide Tree 4/16
#NNI moves:0/152
Guide Tree 5/16
#NNI moves:0/152
Guide Tree 6/16
#NNI moves:0/152
Guide Tree 7/16
#NNI moves:0/152
Guide Tree 8/16
#NNI moves:0/152
Guide Tree 9/16
#NNI moves:0/152
Guide Tree 10/16
#NNI moves:0/152
Guide Tree 11/16
#NNI moves:0/152
Guide Tree 12/16
#NNI moves:0/152
Guide Tree 13/16
#NNI moves:0/152
Guide Tree 14/16
#NNI moves:0/152
Guide Tree 15/16
#NNI moves:2/152
Remaining: 0
#NNI moves:2/152
#NNI moves:2/152
((((((((((((53,((75,(79,56)),95)),(97,(54,(74,87)))),((81,((70,58),72)),((99,49),50))),(46,((((((80,47),(68,91)),84),82),83),(((52,98),(59,86)),67)))),(((((89,100),(76,90)),(77,51)),66),(85,(60,63)))),((((((43,26),29),((((18,10),14),(38,2)),(35,31))),28),(25,32)),(((((((6,9),42),7),(20,21)),(36,(((8,44),30),24))),((((11,15),(((4,19),(12,5)),37)),22),(((34,41),(23,40)),((1,17),13)))),((((27,45),16),33),(3,39))))),(((57,55),((69,65),94)),(78,88))),71),92),((73,61),64)),((93,48),96)),62);
Initial score: 4.39284e+08
Initial tree: ((((((((((((53,((75,(79,56)),95)),(97,(54,(74,87)))),((81,((70,58),72)),((99,49),50))),(46,((((((80,47),(68,91)),84),82),83),(((52,98),(59,86)),67)))),(((((89,100),(76,90)),(77,51)),66),(85,(60,63)))),((((((43,26),29),((((18,10),14),(38,2)),(35,31))),28),(25,32)),(((((((6,9),42),7),(20,21)),(36,(((8,44),30),24))),((((11,15),(((4,19),(12,5)),37)),22),(((34,41),(23,40)),((1,17),13)))),((((27,45),16),33),(3,39))))),(((57,55),((69,65),94)),(78,88))),71),92),((73,61),64)),((93,48),96)),62);
*** Subsample Process ***
Use two-step algorithm!
#NNI moves:0/152
Remaining: 0
#NNI moves:2/152
#NNI moves:2/152
((((((((((((((34,41),(40,23)),(13,(1,17))),(((15,11),(((19,4),(12,5)),37)),22)),((36,((30,(44,8)),24)),((((6,9),42),7),(20,21)))),(((16,(27,45)),33),(3,39))),((((((14,(18,10)),(38,2)),(31,35)),(29,(26,43))),28),(32,25))),((((94,(69,65)),(55,57)),(78,88)),(((((73,61),64),(((93,48),96),62)),92),71))),(((((100,89),(90,76)),(51,77)),66),((63,60),85))),(46,((83,((84,((68,91),(47,80))),82)),(((86,59),(98,52)),67)))),(((72,(70,58)),81),((49,99),50))),(((75,(79,56)),95),53)),(54,(74,87))),97);
#NNI moves:0/152
Remaining: 0
#NNI moves:2/152
#NNI moves:2/152
(((((((((((((((((19,4),(12,5)),37),(11,15)),22),(((34,41),(23,40)),((17,1),13))),(((7,(42,(6,9))),(21,20)),((((44,8),30),24),36))),(((16,(27,45)),33),(3,39))),(((((((18,10),14),(38,2)),(35,31)),((26,43),29)),28),(25,32))),(((((((((68,91),(80,47)),84),82),83),(((86,59),(98,52)),67)),46),(((50,(99,49)),(((58,70),72),81)),((((75,(79,56)),95),53),((54,(87,74)),97)))),(((((100,89),(90,76)),(77,51)),66),((63,60),85)))),(((55,57),((69,65),94)),(88,78))),71),92),(((48,93),96),62)),64),61),73);
#NNI moves:2/152
Remaining: 0
#NNI moves:10/152
#NNI moves:10/152
((((((((((((((((((19,4),(12,5)),37),(15,11)),22),(((34,41),(23,40)),((17,1),13))),(((((9,6),42),7),(21,20)),(36,(24,(30,(8,44)))))),((39,3),((16,(45,27)),33))),((((((38,2),((10,18),14)),(35,31)),((43,26),29)),28),(25,32))),((((((((79,56),75),95),53),((54,(87,74)),97)),((50,(49,99)),(((58,70),72),81))),(((((59,86),(98,52)),67),(83,((84,((68,91),(80,47))),82))),46)),((85,(63,60)),(((51,77),((76,90),(89,100))),66)))),((((65,69),94),(57,55)),(78,88))),71),92),((73,61),64)),62),96),93),48);
#NNI moves:0/152
Remaining: 0
#NNI moves:2/152
#NNI moves:2/152
(((((((((((((((54,(74,87)),97),(((75,(56,79)),95),53)),((81,((58,70),72)),((99,49),50))),(((((((47,80),(91,68)),84),82),83),(67,((59,86),(52,98)))),46)),(((60,63),85),((((76,90),(89,100)),(77,51)),66))),((((((96,(48,93)),62),((61,73),64)),92),71),(((94,(69,65)),(57,55)),(88,78)))),((((29,(26,43)),((35,31),((38,2),(14,(18,10))))),28),(25,32))),((3,39),(33,((45,27),16)))),(((((6,9),42),7),(20,21)),((((44,8),30),24),36))),(((1,17),13),((40,23),(41,34)))),22),(((5,12),(19,4)),37)),11),15);
Current score: 4.39284e+08
Current tree: (((96,(48,93)),(((61,73),64),(92,(71,((((94,(69,65)),(57,55)),(88,78)),(((((((54,(74,87)),97),(((75,(56,79)),95),53)),((81,((58,70),72)),((99,49),50))),(((((((47,80),(91,68)),84),82),83),(67,((59,86),(52,98)))),46)),(((60,63),85),((((76,90),(89,100)),(77,51)),66))),(((((29,(26,43)),((35,31),((38,2),(14,(18,10))))),28),(25,32)),(((3,39),(33,((45,27),16))),((((((6,9),42),7),(20,21)),((((44,8),30),24),36)),((((1,17),13),((40,23),(41,34))),(22,((((5,12),(19,4)),37),(11,15))))))))))))),62);
Final Tree: (((96,(48,93)),(((61,73),64),(92,(71,((((94,(69,65)),(57,55)),(88,78)),(((((((54,(74,87)),97),(((75,(56,79)),95),53)),((81,((58,70),72)),((99,49),50))),(((((((47,80),(91,68)),84),82),83),(67,((59,86),(52,98)))),46)),(((60,63),85),((((76,90),(89,100)),(77,51)),66))),(((((29,(26,43)),((35,31),((38,2),(14,(18,10))))),28),(25,32)),(((3,39),(33,((45,27),16))),((((((6,9),42),7),(20,21)),((((44,8),30),24),36)),((((1,17),13),((40,23),(41,34))),(22,((((5,12),(19,4)),37),(11,15))))))))))))),62);
#EqQuartets: 478828347
Score: 439284013
ASTRAL for PaRalogs and Orthologs III (ASTRAL-Pro3)
*** NOW with integrated CASTLES-Pro ***
Version: v1.22.3.6
Read 512 genetrees and found 100 species.
#Genetrees: 999
#Duploss: 37910
#Species: 100
#Rounds: 4
#Samples: 4
#Threads: 1
Use two-step algorithm!
Guide Tree 0/16
#NNI moves:0/152
Guide Tree 1/16
#NNI moves:0/152
Guide Tree 2/16
#NNI moves:0/152
Guide Tree 3/16
#NNI moves:0/152
Guide Tree 4/16
#NNI moves:0/152
Guide Tree 5/16
#NNI moves:0/152
Guide Tree 6/16
#NNI moves:0/152
Guide Tree 7/16
#NNI moves:0/152
Guide Tree 8/16
#NNI moves:0/152
Guide Tree 9/16
#NNI moves:0/152
Guide Tree 10/16
#NNI moves:0/152
Guide Tree 11/16
#NNI moves:0/152
Guide Tree 12/16
#NNI moves:0/152
Guide Tree 13/16
#NNI moves:0/152
Guide Tree 14/16
#NNI moves:0/152
Guide Tree 15/16
#NNI moves:0/152
Remaining: 0
#NNI moves:0/152
#NNI moves:0/152
((((((((((((((17,23),(1,58)),(51,42)),6),((((4,(36,29)),3),38),31)),((44,54),(16,47))),(((((43,19),27),(26,56)),((7,34),(57,14))),(((50,28),33),12))),((((((100,(((((67,(85,99)),86),62),59),(98,75))),(((83,89),64),(((94,90),78),88))),((((((87,76),63),(66,80)),(68,84)),93),(74,97))),(72,((61,91),82))),((((69,77),(71,(60,95))),((81,(96,73)),((65,70),92))),79)),21)),10),((((46,(55,35)),45),(52,(5,15))),((49,(30,53)),13))),(((37,48),24),(20,32))),((39,(11,40)),(((41,9),25),(8,18)))),22),2);
Guide Tree 0/16
#NNI moves:0/152
Guide Tree 1/16
#NNI moves:0/152
Guide Tree 2/16
#NNI moves:0/152
Guide Tree 3/16
#NNI moves:0/152
Guide Tree 4/16
#NNI moves:0/152
Guide Tree 5/16
#NNI moves:0/152
Guide Tree 6/16
#NNI moves:0/152
Guide Tree 7/16
#NNI moves:0/152
Guide Tree 8/16
#NNI moves:0/152
Guide Tree 9/16
#NNI moves:0/152
Guide Tree 10/16
#NNI moves:0/152
Guide Tree 11/16
#NNI moves:0/152
Guide Tree 12/16
#NNI moves:0/152
Guide Tree 13/16
#NNI moves:0/152
Guide Tree 14/16
#NNI moves:0/152
Guide Tree 15/16
#NNI moves:0/152
Remaining: 0
#NNI moves:0/152
#NNI moves:0/152
(((((((((((((42,51),((17,23),(58,1))),6),((((4,(36,29)),3),38),31)),((47,16),(54,44))),(((((43,19),27),(26,56)),((14,57),(34,7))),(((28,50),33),12))),((((((92,(65,70)),((73,96),81)),(((95,60),71),(77,69))),79),(((((((63,(87,76)),(66,80)),(68,84)),93),(74,97)),(((((62,(((99,85),67),86)),59),(98,75)),100),((88,((94,90),78)),(64,(89,83))))),(((61,91),82),72))),21)),10),((((53,30),49),13),(((5,15),52),((46,(35,55)),45)))),((24,(37,48)),(20,32))),(((25,(9,41)),(8,18)),(39,(40,11)))),22),2);
Guide Tree 0/16
#NNI moves:0/152
Guide Tree 1/16
#NNI moves:0/152
Guide Tree 2/16
#NNI moves:0/152
Guide Tree 3/16
#NNI moves:0/152
Guide Tree 4/16
#NNI moves:0/152
Guide Tree 5/16
#NNI moves:0/152
Guide Tree 6/16
#NNI moves:0/152
Guide Tree 7/16
#NNI moves:0/152
Guide Tree 8/16
#NNI moves:0/152
Guide Tree 9/16
#NNI moves:0/152
Guide Tree 10/16
#NNI moves:0/152
Guide Tree 11/16
#NNI moves:0/152
Guide Tree 12/16
#NNI moves:0/152
Guide Tree 13/16
#NNI moves:0/152
Guide Tree 14/16
#NNI moves:0/152
Guide Tree 15/16
#NNI moves:0/152
Remaining: 0
#NNI moves:0/152
#NNI moves:0/152
((((((((((((((((63,(76,87)),(80,66)),(68,84)),93),(97,74)),(((((62,(86,(67,(99,85)))),59),(75,98)),100),(((89,83),64),((78,(94,90)),88)))),(((61,91),82),72)),(((((60,95),71),(77,69)),((92,(70,65)),(81,(96,73)))),79)),21),((((16,47),(54,44)),((((((29,36),4),3),38),31),(((51,42),((1,58),(17,23))),6))),((((50,28),33),12),(((57,14),(7,34)),(((43,19),27),(56,26)))))),10),((((30,53),49),13),((((55,35),46),45),(52,(5,15))))),(((37,48),24),(32,20))),(((25,(41,9)),(8,18)),((40,11),39))),22),2);
Guide Tree 0/16
#NNI moves:0/152
Guide Tree 1/16
#NNI moves:0/152
Guide Tree 2/16
#NNI moves:0/152
Guide Tree 3/16
#NNI moves:0/152
Guide Tree 4/16
#NNI moves:0/152
Guide Tree 5/16
#NNI moves:0/152
Guide Tree 6/16
#NNI moves:0/152
Guide Tree 7/16
#NNI moves:0/152
Guide Tree 8/16
#NNI moves:0/152
Guide Tree 9/16
#NNI moves:0/152
Guide Tree 10/16
#NNI moves:0/152
Guide Tree 11/16
#NNI moves:0/152
Guide Tree 12/16
#NNI moves:0/152
Guide Tree 13/16
#NNI moves:0/152
Guide Tree 14/16
#NNI moves:0/152
Guide Tree 15/16
#NNI moves:0/152
Remaining: 0
#NNI moves:0/152
#NNI moves:0/152
(((((((((((((((((76,87),63),(66,80)),(84,68)),93),(74,97)),((((89,83),64),(((90,94),78),88)),((((((67,(85,99)),86),62),59),(75,98)),100))),(((91,61),82),72)),((((81,(73,96)),(92,(65,70))),((77,69),((60,95),71))),79)),21),((((((19,43),27),(56,26)),((34,7),(57,14))),(((28,50),33),12)),(((((3,(4,(36,29))),38),31),((((17,23),(1,58)),(51,42)),6)),((47,16),(44,54))))),10),((((15,5),52),(45,(46,(35,55)))),(13,((53,30),49)))),((24,(37,48)),(32,20))),(((8,18),((9,41),25)),((40,11),39))),22),2);
Initial score: 4.69495e+08
Initial tree: (((((((((((((((((76,87),63),(66,80)),(84,68)),93),(74,97)),((((89,83),64),(((90,94),78),88)),((((((67,(85,99)),86),62),59),(75,98)),100))),(((91,61),82),72)),((((81,(73,96)),(92,(65,70))),((77,69),((60,95),71))),79)),21),((((((19,43),27),(56,26)),((34,7),(57,14))),(((28,50),33),12)),(((((3,(4,(36,29))),38),31),((((17,23),(1,58)),(51,42)),6)),((47,16),(44,54))))),10),((((15,5),52),(45,(46,(35,55)))),(13,((53,30),49)))),((24,(37,48)),(32,20))),(((8,18),((9,41),25)),((40,11),39))),22),2);
*** Subsample Process ***
Use two-step algorithm!
#NNI moves:0/152
Remaining: 0
#NNI moves:0/152
#NNI moves:0/152
(((((((((((((((((((4,(36,29)),3),38),31),((((1,58),(17,23)),(42,51)),6)),((47,16),(54,44))),((12,((28,50),33)),(((27,(43,19)),(26,56)),((34,7),(14,57))))),((((((5,15),52),(((55,35),46),45)),(((30,53),49),13)),((((37,48),24),(32,20)),((22,2),(((8,18),((9,41),25)),((40,11),39))))),10)),21),((((81,(96,73)),((70,65),92)),(((60,95),71),(69,77))),79)),(((91,61),82),72)),((((78,(94,90)),88),((83,89),64)),((((((67,(99,85)),86),62),59),(75,98)),100))),(74,97)),93),(68,84)),(66,80)),63),87),76);
#NNI moves:0/152
Remaining: 0
#NNI moves:0/152
#NNI moves:0/152
((((((((((((((((90,94),78),88),((83,89),64)),(((75,98),((((67,(85,99)),86),62),59)),100)),(((((66,80),(63,(87,76))),(68,84)),93),(74,97))),(72,(82,(61,91)))),(((((73,96),81),((65,70),92)),((69,77),((60,95),71))),79)),21),(((((((1,58),(23,17)),(51,42)),6),(((3,((29,36),4)),38),31)),((44,54),(47,16))),((((57,14),(7,34)),((56,26),(27,(43,19)))),(((50,28),33),12)))),10),((((15,5),52),(((55,35),46),45)),(13,((30,53),49)))),((20,32),(24,(48,37)))),(((11,40),39),((25,(41,9)),(18,8)))),2),22);
#NNI moves:0/152
Remaining: 0
#NNI moves:0/152
#NNI moves:0/152
(((((((((((((((((1,58),(17,23)),(51,42)),6),((((4,(29,36)),3),38),31)),((44,54),(47,16))),((((14,57),(7,34)),((56,26),(27,(43,19)))),(((50,28),33),12))),((((((48,37),24),(20,32)),(((39,(40,11)),(((9,41),25),(8,18))),(2,22))),(((45,((35,55),46)),(52,(15,5))),((49,(30,53)),13))),10)),21),(((((73,96),81),((70,65),92)),((71,(95,60)),(77,69))),79)),(((91,61),82),72)),(((((80,66),((76,87),63)),(68,84)),93),(74,97))),(((((((85,99),67),86),62),59),(75,98)),100)),(((90,94),78),88)),64),89),83);
#NNI moves:0/152
Remaining: 0
#NNI moves:0/152
#NNI moves:0/152
(((((((((((((26,56),((19,43),27)),((57,14),(34,7))),(((28,50),33),12)),((((((4,(36,29)),3),38),31),(6,(((58,1),(23,17)),(42,51)))),((16,47),(44,54)))),((((((((68,84),((66,80),((87,76),63))),93),(97,74)),(((((((67,(85,99)),86),62),59),(98,75)),100),((((90,94),78),88),((83,89),64)))),(((91,61),82),72)),(79,(((71,(60,95)),(77,69)),((81,(96,73)),(92,(70,65)))))),21)),10),(((((55,35),46),45),(52,(5,15))),((49,(30,53)),13))),(((37,48),24),(32,20))),(22,2)),((18,8),(25,(41,9)))),(40,11)),39);
Current score: 4.69495e+08
Current tree: ((22,((((((((((26,56),((19,43),27)),((57,14),(34,7))),(((28,50),33),12)),((((((4,(36,29)),3),38),31),(6,(((58,1),(23,17)),(42,51)))),((16,47),(44,54)))),((((((((68,84),((66,80),((87,76),63))),93),(97,74)),(((((((67,(85,99)),86),62),59),(98,75)),100),((((90,94),78),88),((83,89),64)))),(((91,61),82),72)),(79,(((71,(60,95)),(77,69)),((81,(96,73)),(92,(70,65)))))),21)),10),(((((55,35),46),45),(52,(5,15))),((49,(30,53)),13))),(((37,48),24),(32,20))),(((18,8),(25,(41,9))),((40,11),39)))),2);
Final Tree: ((22,((((((((((26,56),((19,43),27)),((57,14),(34,7))),(((28,50),33),12)),((((((4,(36,29)),3),38),31),(6,(((58,1),(23,17)),(42,51)))),((16,47),(44,54)))),((((((((68,84),((66,80),((87,76),63))),93),(97,74)),(((((((67,(85,99)),86),62),59),(98,75)),100),((((90,94),78),88),((83,89),64)))),(((91,61),82),72)),(79,(((71,(60,95)),(77,69)),((81,(96,73)),(92,(70,65)))))),21)),10),(((((55,35),46),45),(52,(5,15))),((49,(30,53)),13))),(((37,48),24),(32,20))),(((18,8),(25,(41,9))),((40,11),39)))),2);
#EqQuartets: 509686341
Score: 469495142
ASTRAL for PaRalogs and Orthologs III (ASTRAL-Pro3)
*** NOW with integrated CASTLES-Pro ***
Version: v1.22.3.6
Read 512 genetrees and found 100 species.
#Genetrees: 999
#Duploss: 33528
#Species: 100
#Rounds: 4
#Samples: 4
#Threads: 1
Use two-step algorithm!
Guide Tree 0/16
#NNI moves:0/152
Guide Tree 1/16
#NNI moves:0/152
Guide Tree 2/16
#NNI moves:0/152
Guide Tree 3/16
#NNI moves:0/152
Guide Tree 4/16
#NNI moves:0/152
Guide Tree 5/16
#NNI moves:0/152
Guide Tree 6/16
#NNI moves:0/152
Guide Tree 7/16
#NNI moves:0/152
Guide Tree 8/16
#NNI moves:0/152
Guide Tree 9/16
#NNI moves:0/152
Guide Tree 10/16
#NNI moves:0/152
Guide Tree 11/16
#NNI moves:0/152
Guide Tree 12/16
#NNI moves:0/152
Guide Tree 13/16
#NNI moves:0/152
Guide Tree 14/16
#NNI moves:0/152
Guide Tree 15/16
#NNI moves:0/152
Remaining: 0
#NNI moves:6/152
#NNI moves:6/152
(((((((((((((34,28),((43,39),(((48,49),4),(44,69)))),37),(((((25,10),(63,7)),(65,18)),41),(71,62))),((8,(22,30)),53)),(((20,61),(17,46)),((13,54),36))),((((((50,(57,23)),(19,6)),(38,(64,58))),42),((((16,47),32),59),(11,(33,24)))),45)),56),(((67,40),((15,(12,72)),31)),(51,5))),(((((82,91),97),(((((92,79),(((89,99),90),77)),(88,96)),86),(100,81))),((((87,98),83),73),95)),((((75,85),(((80,84),94),(78,93))),74),76))),((1,((66,14),2)),((((21,26),52),68),55))),(((35,27),(29,(9,3))),70)),60);
Guide Tree 0/16
#NNI moves:0/152
Guide Tree 1/16
#NNI moves:0/152
Guide Tree 2/16
#NNI moves:0/152
Guide Tree 3/16
#NNI moves:0/152
Guide Tree 4/16
#NNI moves:0/152
Guide Tree 5/16
#NNI moves:0/152
Guide Tree 6/16
#NNI moves:0/152
Guide Tree 7/16
#NNI moves:0/152
Guide Tree 8/16
#NNI moves:0/152
Guide Tree 9/16
#NNI moves:0/152
Guide Tree 10/16
#NNI moves:0/152
Guide Tree 11/16
#NNI moves:0/152
Guide Tree 12/16
#NNI moves:0/152
Guide Tree 13/16
#NNI moves:0/152
Guide Tree 14/16
#NNI moves:0/152
Guide Tree 15/16
#NNI moves:0/152
Remaining: 0
#NNI moves:0/152
#NNI moves:0/152
(((((((((((((((7,63),(10,25)),(18,65)),41),(71,62)),(37,((28,34),(((4,(49,48)),(44,69)),(39,43))))),((8,(30,22)),53)),((36,(13,54)),((17,46),(20,61)))),((((11,(24,33)),((32,(47,16)),59)),(((((23,57),50),(6,19)),((58,64),38)),42)),45)),56),(((31,(15,(12,72))),(67,40)),(5,51))),((((((((92,79),(((99,89),90),77)),(96,88)),86),(81,100)),((82,91),97)),((((98,87),83),73),95)),(((((93,78),((84,80),94)),(85,75)),74),76))),((55,((52,(21,26)),68)),(1,((14,66),2)))),(((27,35),((3,9),29)),70)),60);
Guide Tree 0/16
#NNI moves:0/152
Guide Tree 1/16
#NNI moves:6/152
Guide Tree 2/16
#NNI moves:0/152
Guide Tree 3/16
#NNI moves:2/152
Guide Tree 4/16
#NNI moves:2/152
Guide Tree 5/16
#NNI moves:0/152
Guide Tree 6/16
#NNI moves:0/152
Guide Tree 7/16
#NNI moves:0/152
Guide Tree 8/16
#NNI moves:2/152
Guide Tree 9/16
#NNI moves:0/152
Guide Tree 10/16
#NNI moves:0/152
Guide Tree 11/16
#NNI moves:6/152
Guide Tree 12/16
#NNI moves:0/152
Guide Tree 13/16
#NNI moves:2/152
Guide Tree 14/16
#NNI moves:2/152
Guide Tree 15/16
#NNI moves:0/152
Remaining: 0
#NNI moves:2/152
#NNI moves:2/152
((((((((((((((57,23),50),(19,6)),((58,64),38)),42),((11,(24,33)),(((47,16),32),59))),45),((((17,46),(20,61)),((54,13),36)),((((((18,65),((7,63),(10,25))),41),(71,62)),((((((49,48),4),(69,44)),(39,43)),(28,34)),37)),(((22,30),8),53)))),56),((5,51),((((12,72),15),31),(67,40)))),(((((((80,84),94),(93,78)),(85,75)),74),76),(((97,(91,82)),(((((77,((89,99),90)),(92,79)),(88,96)),86),(100,81))),((((98,87),83),73),95)))),((55,((52,(21,26)),68)),(1,((66,14),2)))),(((35,27),((3,9),29)),70)),60);
Guide Tree 0/16
#NNI moves:2/152
Guide Tree 1/16
#NNI moves:0/152
Guide Tree 2/16
#NNI moves:0/152
Guide Tree 3/16
#NNI moves:0/152
Guide Tree 4/16
#NNI moves:2/152
Guide Tree 5/16
#NNI moves:2/152
Guide Tree 6/16
#NNI moves:2/152
Guide Tree 7/16
#NNI moves:2/152
Guide Tree 8/16
#NNI moves:2/152
Guide Tree 9/16
#NNI moves:2/152
Guide Tree 10/16
#NNI moves:0/152
Guide Tree 11/16
#NNI moves:0/152
Guide Tree 12/16
#NNI moves:0/152
Guide Tree 13/16
#NNI moves:0/152
Guide Tree 14/16
#NNI moves:0/152
Guide Tree 15/16
#NNI moves:0/152
Remaining: 0
#NNI moves:4/152
#NNI moves:4/152
((((((((((36,(13,54)),((46,17),(20,61))),(((((((25,10),(7,63)),(18,65)),41),(71,62)),(37,((34,28),((((48,49),4),(69,44)),(43,39))))),(53,((30,22),8)))),((((((6,19),((57,23),50)),((64,58),38)),42),((((47,16),32),59),((33,24),11))),45)),56),(((((12,72),15),31),(40,67)),(51,5))),(((((((((90,(89,99)),77),(92,79)),(88,96)),86),(100,81)),((91,82),97)),((((87,98),83),73),95)),(((((93,78),((84,80),94)),(75,85)),74),76))),(((((21,26),52),68),55),((2,(14,66)),1))),(((27,35),(29,(3,9))),70)),60);
Initial score: 4.02547e+08
Initial tree: ((((((((((36,(13,54)),((46,17),(20,61))),(((((((25,10),(7,63)),(18,65)),41),(71,62)),(37,((34,28),((((48,49),4),(69,44)),(43,39))))),(53,((30,22),8)))),((((((6,19),((57,23),50)),((64,58),38)),42),((((47,16),32),59),((33,24),11))),45)),56),(((((12,72),15),31),(40,67)),(51,5))),(((((((((90,(89,99)),77),(92,79)),(88,96)),86),(100,81)),((91,82),97)),((((87,98),83),73),95)),(((((93,78),((84,80),94)),(75,85)),74),76))),(((((21,26),52),68),55),((2,(14,66)),1))),(((27,35),(29,(3,9))),70)),60);
*** Subsample Process ***
Use two-step algorithm!
#NNI moves:2/152
Remaining: 0
#NNI moves:14/152
#NNI moves:14/152
(((((((((((((((((((89,99),90),77),(79,92)),(88,96)),86),(81,100)),((82,91),97)),((((87,98),83),73),95)),(((((94,(84,80)),(93,78)),(85,75)),74),76)),(((((35,27),(29,(3,9))),70),60),(((2,(14,66)),1),((((21,26),52),68),55)))),(((((12,72),15),31),(67,40)),(5,51))),56),(((((((57,23),50),(19,6)),((64,58),38)),42),(((33,24),11),(((16,47),32),59))),45)),(((((((25,10),(7,63)),(65,18)),41),(62,71)),(((28,34),(((4,(48,49)),(69,44)),(39,43))),37)),(((22,30),8),53))),((46,17),(61,20))),36),13),54);
#NNI moves:0/152
Remaining: 0
#NNI moves:2/152
#NNI moves:2/152
((((((((((((((((50,(57,23)),(6,19)),((58,64),38)),42),((11,(33,24)),(((16,47),32),59))),45),((((((((69,44),((48,49),4)),(43,39)),(28,34)),37),(((((63,7),(25,10)),(65,18)),41),(62,71))),((8,(30,22)),53)),(((13,54),36),((20,61),(17,46))))),56),((((15,(12,72)),31),(67,40)),(5,51))),(((((((((90,(99,89)),77),(92,79)),(96,88)),86),(100,81)),((91,82),97)),((((87,98),83),73),95)),((74,((((80,84),94),(93,78)),(75,85))),76))),((1,((66,14),2)),(55,(68,((26,21),52))))),60),70),(27,35)),(9,3)),29);
#NNI moves:0/152
Remaining: 0
#NNI moves:0/152
#NNI moves:0/152
(((((((((((((((((((77,((89,99),90)),(92,79)),(88,96)),86),(81,100)),((82,91),97)),((((87,98),83),73),95)),((((85,75),(((80,84),94),(78,93))),74),76)),(((1,((14,66),2)),((68,(52,(21,26))),55)),((((27,35),((3,9),29)),70),60))),(((((12,72),15),31),(67,40)),(51,5))),56),((((((((63,7),(25,10)),(65,18)),41),(71,62)),(((28,34),(((4,(48,49)),(69,44)),(43,39))),37)),(((22,30),8),53)),(((46,17),(20,61)),((13,54),36)))),45),((59,(32,(47,16))),((33,24),11))),42),((58,64),38)),(50,(23,57))),19),6);
#NNI moves:2/152
Remaining: 0
#NNI moves:6/152
#NNI moves:6/152
(((((((((((((((((89,99),90),77),(79,92)),(88,96)),86),(100,81)),((82,91),97)),(95,((83,(98,87)),73))),((((75,85),(((84,80),94),(78,93))),74),76)),((((67,40),((15,(72,12)),31)),(51,5)),((((((46,17),(20,61)),(36,(13,54))),((((((((49,48),4),(44,69)),(43,39)),(28,34)),37),(((((7,63),(25,10)),(65,18)),41),(62,71))),(((30,22),8),53))),(45,((((33,24),11),(((47,16),32),59)),((((19,6),((57,23),50)),(38,(64,58))),42)))),56))),((1,((14,66),2)),((((26,21),52),68),55))),60),70),((3,9),29)),27),35);
Current score: 4.02547e+08
Current tree: ((((((((((((((89,99),90),77),(79,92)),(88,96)),86),(100,81)),((82,91),97)),(95,((83,(98,87)),73))),((((75,85),(((84,80),94),(78,93))),74),76)),((((67,40),((15,(72,12)),31)),(51,5)),((((((46,17),(20,61)),(36,(13,54))),((((((((49,48),4),(44,69)),(43,39)),(28,34)),37),(((((7,63),(25,10)),(65,18)),41),(62,71))),(((30,22),8),53))),(45,((((33,24),11),(((47,16),32),59)),((((19,6),((57,23),50)),(38,(64,58))),42)))),56))),((1,((14,66),2)),((((26,21),52),68),55))),(70,(((3,9),29),(27,35)))),60);
Final Tree: ((((((((((((((89,99),90),77),(79,92)),(88,96)),86),(100,81)),((82,91),97)),(95,((83,(98,87)),73))),((((75,85),(((84,80),94),(78,93))),74),76)),((((67,40),((15,(72,12)),31)),(51,5)),((((((46,17),(20,61)),(36,(13,54))),((((((((49,48),4),(44,69)),(43,39)),(28,34)),37),(((((7,63),(25,10)),(65,18)),41),(62,71))),(((30,22),8),53))),(45,((((33,24),11),(((47,16),32),59)),((((19,6),((57,23),50)),(38,(64,58))),42)))),56))),((1,((14,66),2)),((((26,21),52),68),55))),(70,(((3,9),29),(27,35)))),60);
#EqQuartets: 438103165
Score: 402547383
ASTRAL for PaRalogs and Orthologs III (ASTRAL-Pro3)
*** NOW with integrated CASTLES-Pro ***
Version: v1.22.3.6
Read 512 genetrees and found 100 species.
#Genetrees: 995
#Duploss: 31067
#Species: 100
#Rounds: 4
#Samples: 4
#Threads: 1
Use two-step algorithm!
Guide Tree 0/16
#NNI moves:0/152
Guide Tree 1/16
#NNI moves:0/152
Guide Tree 2/16
#NNI moves:0/152
Guide Tree 3/16
#NNI moves:6/152
Guide Tree 4/16
#NNI moves:0/152
Guide Tree 5/16
#NNI moves:0/152
Guide Tree 6/16
#NNI moves:0/152
Guide Tree 7/16
#NNI moves:0/152
Guide Tree 8/16
#NNI moves:0/152
Guide Tree 9/16
#NNI moves:0/152
Guide Tree 10/16
#NNI moves:0/152
Guide Tree 11/16
#NNI moves:0/152
Guide Tree 12/16
#NNI moves:0/152
Guide Tree 13/16
#NNI moves:0/152
Guide Tree 14/16
#NNI moves:0/152
Guide Tree 15/16
#NNI moves:0/152
Remaining: 0
#NNI moves:6/152
#NNI moves:6/152
(((((((((((((((((((25,13),43),11),(9,14)),((((70,67),35),28),32)),(16,44)),(62,54)),(((((80,47),71),38),37),((((18,55),76),(65,30)),69))),1),(((60,23),75),((7,34),((10,6),19)))),((66,78),(((((((63,52),(41,36)),((79,51),29)),77),(59,(24,72))),(22,45)),50))),((((((87,81),((82,97),(92,88))),(((98,94),90),84)),((95,86),((96,(100,89)),(99,93)))),(85,91)),83)),(((((39,73),((31,42),58)),((64,33),((17,4),27))),(57,((53,20),48))),(((49,3),(46,12)),15))),40),((26,68),((21,61),5))),74),56),2),8);
Guide Tree 0/16
#NNI moves:0/152
Guide Tree 1/16
#NNI moves:0/152
Guide Tree 2/16
#NNI moves:0/152
Guide Tree 3/16
#NNI moves:0/152
Guide Tree 4/16
#NNI moves:0/152
Guide Tree 5/16
#NNI moves:0/152
Guide Tree 6/16
#NNI moves:0/152
Guide Tree 7/16
#NNI moves:0/152
Guide Tree 8/16
#NNI moves:0/152
Guide Tree 9/16
#NNI moves:0/152
Guide Tree 10/16
#NNI moves:0/152
Guide Tree 11/16
#NNI moves:0/152
Guide Tree 12/16
#NNI moves:0/152
Guide Tree 13/16
#NNI moves:0/152
Guide Tree 14/16
#NNI moves:0/152
Guide Tree 15/16
#NNI moves:0/152
Remaining: 0
#NNI moves:0/152
#NNI moves:0/152
(((((((((((((((((((70,67),35),28),32),((((13,25),43),11),(14,9))),(16,44)),(62,54)),(((((47,80),71),38),37),(((65,30),(76,(55,18))),69))),1),(((60,23),75),(((6,10),19),(34,7)))),(((((59,(24,72)),((((36,41),(52,63)),((79,51),29)),77)),(22,45)),50),(66,78))),(((85,91),(((((92,88),(97,82)),(87,81)),((90,(98,94)),84)),(((99,93),((100,89),96)),(95,86)))),83)),(((57,((20,53),48)),((((17,4),27),(64,33)),((73,39),((42,31),58)))),(((12,46),(3,49)),15))),40),((5,(21,61)),(26,68))),74),56),2),8);
Guide Tree 0/16
#NNI moves:0/152
Guide Tree 1/16
#NNI moves:0/152
Guide Tree 2/16
#NNI moves:0/152
Guide Tree 3/16
#NNI moves:0/152
Guide Tree 4/16
#NNI moves:6/152
Guide Tree 5/16
#NNI moves:0/152
Guide Tree 6/16
#NNI moves:0/152
Guide Tree 7/16
#NNI moves:0/152
Guide Tree 8/16
#NNI moves:0/152
Guide Tree 9/16
#NNI moves:0/152
Guide Tree 10/16
#NNI moves:0/152
Guide Tree 11/16
#NNI moves:0/152
Guide Tree 12/16
#NNI moves:0/152
Guide Tree 13/16
#NNI moves:0/152
Guide Tree 14/16
#NNI moves:0/152
Guide Tree 15/16
#NNI moves:0/152
Remaining: 0
#NNI moves:2/152
#NNI moves:2/152
((((((((((((((((32,(((70,67),35),28)),((((13,25),43),11),(14,9))),(44,16)),(54,62)),((((76,(55,18)),(65,30)),69),((((80,47),71),38),37))),1),((((10,6),19),(34,7)),(75,(60,23)))),((((((24,72),59),((((79,51),29),((63,52),(36,41))),77)),(45,22)),50),(78,66))),(((((((97,82),(92,88)),(87,81)),(((94,98),90),84)),((((89,100),96),(99,93)),(86,95))),(91,85)),83)),(((((64,33),((4,17),27)),((39,73),((42,31),58))),((48,(53,20)),57)),(((49,3),(12,46)),15))),40),((5,(21,61)),(68,26))),74),56),2),8);
Guide Tree 0/16
#NNI moves:0/152
Guide Tree 1/16
#NNI moves:0/152
Guide Tree 2/16
#NNI moves:0/152
Guide Tree 3/16
#NNI moves:0/152
Guide Tree 4/16
#NNI moves:0/152
Guide Tree 5/16
#NNI moves:0/152
Guide Tree 6/16
#NNI moves:0/152
Guide Tree 7/16
#NNI moves:0/152
Guide Tree 8/16
#NNI moves:0/152
Guide Tree 9/16
#NNI moves:0/152
Guide Tree 10/16
#NNI moves:0/152
Guide Tree 11/16
#NNI moves:0/152
Guide Tree 12/16
#NNI moves:0/152
Guide Tree 13/16
#NNI moves:0/152
Guide Tree 14/16
#NNI moves:0/152
Guide Tree 15/16
#NNI moves:0/152
Remaining: 0
#NNI moves:2/152
#NNI moves:2/152
(((((((((((((((((((67,70),35),28),32),((9,14),(((13,25),43),11))),(16,44)),(54,62)),((37,(((80,47),71),38)),(((30,65),((55,18),76)),69))),1),(((7,34),((6,10),19)),((60,23),75))),((((((72,24),59),((((63,52),(41,36)),((79,51),29)),77)),(22,45)),50),(78,66))),(((((((88,92),(82,97)),(87,81)),(84,(90,(94,98)))),((95,86),((96,(100,89)),(93,99)))),(85,91)),83)),((((((42,31),58),(73,39)),((64,33),(27,(17,4)))),(((53,20),48),57)),(15,((12,46),(3,49))))),40),(((21,61),5),(68,26))),74),56),2),8);
Initial score: 4.59223e+08
Initial tree: (((((((((((((((((((67,70),35),28),32),((9,14),(((13,25),43),11))),(16,44)),(54,62)),((37,(((80,47),71),38)),(((30,65),((55,18),76)),69))),1),(((7,34),((6,10),19)),((60,23),75))),((((((72,24),59),((((63,52),(41,36)),((79,51),29)),77)),(22,45)),50),(78,66))),(((((((88,92),(82,97)),(87,81)),(84,(90,(94,98)))),((95,86),((96,(100,89)),(93,99)))),(85,91)),83)),((((((42,31),58),(73,39)),((64,33),(27,(17,4)))),(((53,20),48),57)),(15,((12,46),(3,49))))),40),(((21,61),5),(68,26))),74),56),2),8);
*** Subsample Process ***
Use two-step algorithm!
#NNI moves:0/152
Remaining: 0
#NNI moves:2/152
#NNI moves:2/152
(((((((((((((((((((92,88),(82,97)),(87,81)),(84,((94,98),90))),(((99,93),((100,89),96)),(86,95))),(91,85)),83),((((((64,33),((4,17),27)),((58,(31,42)),(73,39))),(((53,20),48),57)),(((12,46),(3,49)),15)),(((((2,8),56),74),(((21,61),5),(68,26))),40))),(((((((29,(51,79)),((41,36),(63,52))),77),((72,24),59)),(22,45)),50),(78,66))),(((60,23),75),((19,(6,10)),(34,7)))),1),((((65,30),(76,(55,18))),69),((((80,47),71),38),37))),(54,62)),(16,44)),((14,9),(((13,25),43),11))),32),28),(70,67)),35);
#NNI moves:2/152
Remaining: 0
#NNI moves:8/152
#NNI moves:8/152
(((((((((((((((((63,52),(36,41)),((79,51),29)),77),((24,72),59)),(45,22)),50),(66,78)),((((((16,44),((32,((35,(70,67)),28)),((14,9),(((25,13),43),11)))),(54,62)),(((((80,47),71),38),37),(((76,(55,18)),(30,65)),69))),1),((75,(23,60)),(((10,6),19),(7,34))))),(((((((94,98),90),84),(((82,97),(88,92)),(81,87))),((86,95),((99,93),(96,(100,89))))),(91,85)),83)),(((((20,53),48),57),((((31,42),58),(39,73)),(((17,4),27),(33,64)))),(15,((12,46),(3,49))))),40),((26,68),(5,(61,21)))),74),56),8),2);
#NNI moves:0/152
Remaining: 0
#NNI moves:0/152
#NNI moves:0/152
((((((((((((((((44,16),(((9,14),(((25,13),43),11)),(((35,(70,67)),28),32))),(54,62)),(((((80,47),71),38),37),((((18,55),76),(65,30)),69))),1),(((60,23),75),((34,7),((10,6),19)))),(((((((20,53),48),57),(((33,64),((4,17),27)),(((42,31),58),(73,39)))),(((3,49),(46,12)),15)),((((26,68),(5,(21,61))),(((8,2),56),74)),40)),((((((81,87),((97,82),(92,88))),(((94,98),90),84)),(((99,93),((100,89),96)),(95,86))),(91,85)),83))),(66,78)),50),(22,45)),((72,24),59)),77),(29,(79,51))),(36,41)),52),63);
#NNI moves:0/152
Remaining: 0
#NNI moves:0/152
#NNI moves:0/152
(((((((((((((((((35,(67,70)),28),32),((9,14),(11,((25,13),43)))),(16,44)),(62,54)),(((((47,80),71),38),37),((((55,18),76),(65,30)),69))),1),(((7,34),((6,10),19)),((60,23),75))),((((45,22),(((72,24),59),(77,(((79,51),29),((63,52),(41,36)))))),50),(78,66))),(((((((89,100),96),(93,99)),(86,95)),(((87,81),((97,82),(92,88))),(((98,94),90),84))),(85,91)),83)),(((((64,33),(27,(4,17))),(((42,31),58),(39,73))),(((53,20),48),57)),(15,((49,3),(12,46))))),40),((56,(2,8)),74)),((61,21),5)),68),26);
Current score: 4.59223e+08
Current tree: ((2,(56,(74,((((((((((((((35,(67,70)),28),32),((9,14),(11,((25,13),43)))),(16,44)),(62,54)),(((((47,80),71),38),37),((((55,18),76),(65,30)),69))),1),(((7,34),((6,10),19)),((60,23),75))),((((45,22),(((72,24),59),(77,(((79,51),29),((63,52),(41,36)))))),50),(78,66))),(((((((89,100),96),(93,99)),(86,95)),(((87,81),((97,82),(92,88))),(((98,94),90),84))),(85,91)),83)),(((((64,33),(27,(4,17))),(((42,31),58),(39,73))),(((53,20),48),57)),(15,((49,3),(12,46))))),40),(((61,21),5),(68,26)))))),8);
Final Tree: ((2,(56,(74,((((((((((((((35,(67,70)),28),32),((9,14),(11,((25,13),43)))),(16,44)),(62,54)),(((((47,80),71),38),37),((((55,18),76),(65,30)),69))),1),(((7,34),((6,10),19)),((60,23),75))),((((45,22),(((72,24),59),(77,(((79,51),29),((63,52),(41,36)))))),50),(78,66))),(((((((89,100),96),(93,99)),(86,95)),(((87,81),((97,82),(92,88))),(((98,94),90),84))),(85,91)),83)),(((((64,33),(27,(4,17))),(((42,31),58),(39,73))),(((53,20),48),57)),(15,((49,3),(12,46))))),40),(((61,21),5),(68,26)))))),8);
#EqQuartets: 498188856
Score: 459222894
ASTRAL for PaRalogs and Orthologs III (ASTRAL-Pro3)
*** NOW with integrated CASTLES-Pro ***
Version: v1.22.3.6
Read 512 genetrees and found 100 species.
#Genetrees: 1000
#Duploss: 36954
#Species: 100
#Rounds: 4
#Samples: 4
#Threads: 1
Use two-step algorithm!
Guide Tree 0/16
#NNI moves:0/152
Guide Tree 1/16
#NNI moves:0/152
Guide Tree 2/16
#NNI moves:0/152
Guide Tree 3/16
#NNI moves:0/152
Guide Tree 4/16
#NNI moves:0/152
Guide Tree 5/16
#NNI moves:0/152
Guide Tree 6/16
#NNI moves:0/152
Guide Tree 7/16
#NNI moves:0/152
Guide Tree 8/16
#NNI moves:0/152
Guide Tree 9/16
#NNI moves:0/152
Guide Tree 10/16
#NNI moves:0/152
Guide Tree 11/16
#NNI moves:0/152
Guide Tree 12/16
#NNI moves:0/152
Guide Tree 13/16
#NNI moves:0/152
Guide Tree 14/16
#NNI moves:0/152
Guide Tree 15/16
#NNI moves:0/152
Remaining: 0
#NNI moves:6/152
#NNI moves:6/152
((((((((((((((((((35,4),((31,41),17)),((19,20),36)),(9,(15,24))),33),(13,42)),(((((34,28),(14,25)),37),((((((38,12),29),(39,(30,((26,27),22)))),3),8),((32,7),(5,23)))),((((40,11),6),16),((2,(21,10)),(1,18))))),((88,(60,49)),(63,(95,90)))),((((93,99),((92,(86,62)),87)),(((56,(((91,(89,48)),94),46)),47),82)),((80,43),45))),(((61,70),85),51)),(((74,97),(65,50)),(78,75))),(59,57)),((((71,(64,52)),((((76,77),96),66),53)),((68,98),(84,100))),((((44,69),67),81),83))),72),79),(58,55)),54),73);
Guide Tree 0/16
#NNI moves:2/152
Guide Tree 1/16
#NNI moves:6/152
Guide Tree 2/16
#NNI moves:2/152
Guide Tree 3/16
#NNI moves:0/152
Guide Tree 4/16
#NNI moves:0/152
Guide Tree 5/16
#NNI moves:0/152
Guide Tree 6/16
#NNI moves:0/152
Guide Tree 7/16
#NNI moves:0/152
Guide Tree 8/16
#NNI moves:0/152
Guide Tree 9/16
#NNI moves:0/152
Guide Tree 10/16
#NNI moves:6/152
Guide Tree 11/16
#NNI moves:0/152
Guide Tree 12/16
#NNI moves:0/152
Guide Tree 13/16
#NNI moves:0/152
Guide Tree 14/16
#NNI moves:0/152
Guide Tree 15/16
#NNI moves:0/152
Remaining: 0
#NNI moves:0/152
#NNI moves:0/152
(((((((((((((((16,((11,40),6)),((1,18),((21,10),2))),((37,((14,25),(34,28))),((((((((27,26),22),30),39),(29,(12,38))),3),8),((5,23),(32,7))))),((((((35,4),(17,(41,31))),(36,(20,19))),((24,15),9)),33),(13,42))),(((90,95),63),((60,49),88))),(((((56,((((89,48),91),94),46)),47),82),((87,(92,(86,62))),(99,93))),(45,(43,80)))),(((70,61),85),51)),(((74,97),(65,50)),(75,78))),(59,57)),((((53,(((76,77),96),66)),((52,64),71)),((100,84),(98,68))),(((67,(44,69)),81),83))),72),79),(55,58)),54),73);
Guide Tree 0/16
#NNI moves:0/152
Guide Tree 1/16
#NNI moves:0/152
Guide Tree 2/16
#NNI moves:0/152
Guide Tree 3/16
#NNI moves:0/152
Guide Tree 4/16
#NNI moves:0/152
Guide Tree 5/16
#NNI moves:4/152
Guide Tree 6/16
#NNI moves:0/152
Guide Tree 7/16
#NNI moves:0/152
Guide Tree 8/16
#NNI moves:0/152
Guide Tree 9/16
#NNI moves:0/152
Guide Tree 10/16
#NNI moves:0/152
Guide Tree 11/16
#NNI moves:0/152
Guide Tree 12/16
#NNI moves:0/152
Guide Tree 13/16
#NNI moves:0/152
Guide Tree 14/16
#NNI moves:0/152
Guide Tree 15/16
#NNI moves:0/152
Remaining: 0
#NNI moves:0/152
#NNI moves:0/152
(((((((((((((((((15,24),9),((((31,41),17),(4,35)),((19,20),36))),33),(13,42)),((((((((30,(22,(27,26))),39),(29,(12,38))),3),8),((7,32),(23,5))),(((34,28),(14,25)),37)),(((18,1),((10,21),2)),(((40,11),6),16)))),(((95,90),63),((49,60),88))),(((((56,(46,(((48,89),91),94))),47),82),((93,99),(((62,86),92),87))),(45,(80,43)))),(((70,61),85),51)),(((50,65),(74,97)),(78,75))),(57,59)),((((100,84),(68,98)),(((52,64),71),(53,(((76,77),96),66)))),((((44,69),67),81),83))),72),79),(55,58)),54),73);
Guide Tree 0/16
#NNI moves:0/152
Guide Tree 1/16
#NNI moves:0/152
Guide Tree 2/16
#NNI moves:0/152
Guide Tree 3/16
#NNI moves:0/152
Guide Tree 4/16
#NNI moves:0/152
Guide Tree 5/16
#NNI moves:0/152
Guide Tree 6/16
#NNI moves:0/152
Guide Tree 7/16
#NNI moves:0/152
Guide Tree 8/16
#NNI moves:0/152
Guide Tree 9/16
#NNI moves:0/152
Guide Tree 10/16
#NNI moves:0/152
Guide Tree 11/16
#NNI moves:0/152
Guide Tree 12/16
#NNI moves:0/152
Guide Tree 13/16
#NNI moves:0/152
Guide Tree 14/16
#NNI moves:0/152
Guide Tree 15/16
#NNI moves:0/152
Remaining: 0
#NNI moves:0/152
#NNI moves:0/152
(((((((((((((((((23,5),(32,7)),((3,((39,(((27,26),22),30)),((12,38),29))),8)),(((34,28),(25,14)),37)),((16,((40,11),6)),((1,18),((10,21),2)))),(((((15,24),9),(((20,19),36),(((41,31),17),(35,4)))),33),(13,42))),(((49,60),88),((95,90),63))),((((47,((((91,(89,48)),94),46),56)),82),((93,99),(((86,62),92),87))),(45,(43,80)))),((85,(61,70)),51)),(((65,50),(74,97)),(75,78))),(59,57)),((((67,(44,69)),81),83),(((((96,(76,77)),66),53),((64,52),71)),((84,100),(98,68))))),72),79),(55,58)),54),73);
Initial score: 3.79012e+08
Initial tree: (((((((((((((((((23,5),(32,7)),((3,((39,(((27,26),22),30)),((12,38),29))),8)),(((34,28),(25,14)),37)),((16,((40,11),6)),((1,18),((10,21),2)))),(((((15,24),9),(((20,19),36),(((41,31),17),(35,4)))),33),(13,42))),(((49,60),88),((95,90),63))),((((47,((((91,(89,48)),94),46),56)),82),((93,99),(((86,62),92),87))),(45,(43,80)))),((85,(61,70)),51)),(((65,50),(74,97)),(75,78))),(59,57)),((((67,(44,69)),81),83),(((((96,(76,77)),66),53),((64,52),71)),((84,100),(98,68))))),72),79),(55,58)),54),73);
*** Subsample Process ***
Use two-step algorithm!
#NNI moves:2/152
Remaining: 0
#NNI moves:14/152
#NNI moves:14/152
((((((((((((((((74,97),(65,50)),(78,75)),(((((((44,69),67),81),83),((((64,52),71),((((77,76),96),66),53)),((98,68),(100,84)))),((((54,73),(55,58)),79),72)),(57,59))),((85,(70,61)),51)),(((43,80),45),(((((((91,(89,48)),94),46),56),47),82),((((62,86),92),87),(93,99))))),(((95,90),63),(88,(49,60)))),(((((15,24),9),(((4,35),(17,(31,41))),((20,19),36))),33),(13,42))),((((11,40),6),16),((1,18),((10,21),2)))),(((34,28),(14,25)),37)),((32,7),(23,5))),8),3),(((22,(27,26)),30),39)),(12,38)),29);
#NNI moves:0/152
Remaining: 0
#NNI moves:0/152
#NNI moves:0/152
((((((((((((((((((4,35),((41,31),17)),(36,(19,20))),(9,(15,24))),33),(42,13)),(((((3,((39,(30,(22,(27,26)))),(29,(12,38)))),8),((32,7),(23,5))),(((25,14),(28,34)),37)),((((10,21),2),(1,18)),(((11,40),6),16)))),((88,(49,60)),((95,90),63))),((((((86,62),92),87),(93,99)),(((56,(((91,(48,89)),94),46)),47),82)),((80,43),45))),(51,(85,(70,61)))),(((50,65),(97,74)),(78,75))),(59,57)),(((((64,52),71),((66,((76,77),96)),53)),((100,84),(68,98))),(83,(81,(67,(69,44)))))),72),79),(58,55)),73),54);
#NNI moves:0/152
Remaining: 1
#NNI moves:0/152
#NNI moves:0/152
(((((((((((((((((((64,52),71),((66,((76,77),96)),53)),((98,68),(100,84))),((((69,44),67),81),83)),((79,((55,58),(73,54))),72)),(57,59)),(((74,97),(50,65)),(75,78))),((85,(70,61)),51)),(((((((94,(91,(48,89))),46),56),47),82),((93,99),(((86,62),92),87))),(45,(43,80)))),(((90,95),63),((60,49),88))),(((((7,32),(5,23)),(((((38,12),29),((30,((26,27),22)),39)),3),8)),(((28,34),(25,14)),37)),((((11,40),6),16),((1,18),((10,21),2))))),(13,42)),33),((15,24),9)),((19,20),36)),(17,(41,31))),35),4);
#NNI moves:0/152
Remaining: 0
#NNI moves:0/152
#NNI moves:0/152
((((((((((((((((((12,38),29),(((22,(26,27)),30),39)),3),8),((32,7),(5,23))),(((34,28),(14,25)),37)),(((18,1),(2,(10,21))),((6,(11,40)),16))),((((9,(24,15)),((((41,31),17),(4,35)),((20,19),36))),33),(13,42))),((63,(95,90)),((49,60),88))),((((((((91,(89,48)),94),46),56),47),82),((((86,62),92),87),(93,99))),((80,43),45))),((85,(61,70)),51)),(((74,97),(65,50)),(78,75))),(59,57)),((((((96,(77,76)),66),53),(71,(52,64))),((84,100),(68,98))),((((44,69),67),81),83))),72),((55,58),(54,73))),79);
Current score: 3.79012e+08
Current tree: ((54,((55,58),(((((((((((((((((12,38),29),(((22,(26,27)),30),39)),3),8),((32,7),(5,23))),(((34,28),(14,25)),37)),(((18,1),(2,(10,21))),((6,(11,40)),16))),((((9,(24,15)),((((41,31),17),(4,35)),((20,19),36))),33),(13,42))),((63,(95,90)),((49,60),88))),((((((((91,(89,48)),94),46),56),47),82),((((86,62),92),87),(93,99))),((80,43),45))),((85,(61,70)),51)),(((74,97),(65,50)),(78,75))),(59,57)),((((((96,(77,76)),66),53),(71,(52,64))),((84,100),(68,98))),((((44,69),67),81),83))),72),79))),73);
Final Tree: ((54,((55,58),(((((((((((((((((12,38),29),(((22,(26,27)),30),39)),3),8),((32,7),(5,23))),(((34,28),(14,25)),37)),(((18,1),(2,(10,21))),((6,(11,40)),16))),((((9,(24,15)),((((41,31),17),(4,35)),((20,19),36))),33),(13,42))),((63,(95,90)),((49,60),88))),((((((((91,(89,48)),94),46),56),47),82),((((86,62),92),87),(93,99))),((80,43),45))),((85,(61,70)),51)),(((74,97),(65,50)),(78,75))),(59,57)),((((((96,(77,76)),66),53),(71,(52,64))),((84,100),(68,98))),((((44,69),67),81),83))),72),79))),73);
#EqQuartets: 415812143
Score: 379012358
ASTRAL for PaRalogs and Orthologs III (ASTRAL-Pro3)
*** NOW with integrated CASTLES-Pro ***
Version: v1.22.3.6
Read 512 genetrees and found 100 species.
#Genetrees: 999
#Duploss: 30644
#Species: 100
#Rounds: 4
#Samples: 4
#Threads: 1
Use two-step algorithm!
Guide Tree 0/16
#NNI moves:0/152
Guide Tree 1/16
#NNI moves:0/152
Guide Tree 2/16
#NNI moves:0/152
Guide Tree 3/16
#NNI moves:0/152
Guide Tree 4/16
#NNI moves:0/152
Guide Tree 5/16
#NNI moves:0/152
Guide Tree 6/16
#NNI moves:0/152
Guide Tree 7/16
#NNI moves:0/152
Guide Tree 8/16
#NNI moves:0/152
Guide Tree 9/16
#NNI moves:0/152
Guide Tree 10/16
#NNI moves:0/152
Guide Tree 11/16
#NNI moves:0/152
Guide Tree 12/16
#NNI moves:0/152
Guide Tree 13/16
#NNI moves:0/152
Guide Tree 14/16
#NNI moves:0/152
Guide Tree 15/16
#NNI moves:0/152
Remaining: 0
#NNI moves:2/152
#NNI moves:2/152
((((((((((((((((((41,42),6),1),(((64,37),(7,50)),14)),(((29,30),((17,53),15)),(46,35))),(((61,(59,57)),((((31,45),56),((66,3),18)),(5,12))),(11,21))),(43,(((4,32),36),((9,62),(40,22))))),((((44,52),49),(2,54)),33)),(((((25,(63,24)),(26,55)),38),(((19,47),(51,8)),(48,(28,13)))),((((10,39),(((60,20),34),16)),23),(65,(27,58))))),((85,(79,(100,78))),75)),(99,((81,((87,(94,82)),(83,77))),(((((86,73),70),90),88),96)))),(95,68)),(69,((91,92),(84,74)))),(((80,67),(98,93)),97)),76),72),89),71);
Guide Tree 0/16
#NNI moves:0/152
Guide Tree 1/16
#NNI moves:6/152
Guide Tree 2/16
#NNI moves:2/152
Guide Tree 3/16
#NNI moves:0/152
Guide Tree 4/16
#NNI moves:0/152
Guide Tree 5/16
#NNI moves:0/152
Guide Tree 6/16
#NNI moves:0/152
Guide Tree 7/16
#NNI moves:0/152
Guide Tree 8/16
#NNI moves:0/152
Guide Tree 9/16
#NNI moves:2/152
Guide Tree 10/16
#NNI moves:0/152
Guide Tree 11/16
#NNI moves:0/152
Guide Tree 12/16
#NNI moves:6/152
Guide Tree 13/16
#NNI moves:0/152
Guide Tree 14/16
#NNI moves:6/152
Guide Tree 15/16
#NNI moves:0/152
Remaining: 0
#NNI moves:0/152
#NNI moves:0/152
((((((((((((((((((18,(3,66)),((45,31),56)),(12,5)),((57,59),61)),(11,21)),(((((41,42),6),1),(((50,7),(37,64)),14)),((46,35),((30,29),(15,(17,53)))))),(43,(((62,9),(40,22)),((32,4),36)))),(((49,(52,44)),(2,54)),33)),((((((24,63),25),(55,26)),38),((48,(28,13)),((8,51),(19,47)))),((65,(27,58)),((((34,(20,60)),16),(10,39)),23)))),((85,(79,(100,78))),75)),((((((82,94),87),(83,77)),81),((88,((70,(73,86)),90)),96)),99)),(95,68)),(((74,84),(91,92)),69)),(((93,98),(67,80)),97)),76),72),89),71);
Guide Tree 0/16
#NNI moves:2/152
Guide Tree 1/16
#NNI moves:0/152
Guide Tree 2/16
#NNI moves:0/152
Guide Tree 3/16
#NNI moves:0/152
Guide Tree 4/16
#NNI moves:0/152
Guide Tree 5/16
#NNI moves:2/152
Guide Tree 6/16
#NNI moves:6/152
Guide Tree 7/16
#NNI moves:0/152
Guide Tree 8/16
#NNI moves:0/152
Guide Tree 9/16
#NNI moves:0/152
Guide Tree 10/16
#NNI moves:0/152
Guide Tree 11/16
#NNI moves:0/152
Guide Tree 12/16
#NNI moves:0/152
Guide Tree 13/16
#NNI moves:0/152
Guide Tree 14/16
#NNI moves:0/152
Guide Tree 15/16
#NNI moves:0/152
Remaining: 0
#NNI moves:24/152
#NNI moves:24/152
((((((((((((((((((7,50),(37,64)),14),(1,(6,(41,42)))),(((29,30),(15,(53,17))),(46,35))),(((((18,(66,3)),((45,31),56)),(5,12)),(61,(59,57))),(11,21))),((((9,62),(22,40)),(36,(32,4))),43)),(((49,(52,44)),(2,54)),33)),(((38,(((24,63),25),(26,55))),(((19,47),(51,8)),((13,28),48))),((((39,10),(((20,60),34),16)),23),(65,(27,58))))),((85,((100,78),79)),75)),((((88,(((73,86),70),90)),96),(((77,83),((82,94),87)),81)),99)),(95,68)),(((74,84),(91,92)),69)),(((98,93),(67,80)),97)),76),72),89),71);
Guide Tree 0/16
#NNI moves:0/152
Guide Tree 1/16
#NNI moves:0/152
Guide Tree 2/16
#NNI moves:6/152
Guide Tree 3/16
#NNI moves:6/152
Guide Tree 4/16
#NNI moves:0/152
Guide Tree 5/16
#NNI moves:0/152
Guide Tree 6/16
#NNI moves:0/152
Guide Tree 7/16
#NNI moves:2/152
Guide Tree 8/16
#NNI moves:6/152
Guide Tree 9/16
#NNI moves:0/152
Guide Tree 10/16
#NNI moves:6/152
Guide Tree 11/16
#NNI moves:6/152
Guide Tree 12/16
#NNI moves:6/152
Guide Tree 13/16
#NNI moves:0/152
Guide Tree 14/16
#NNI moves:6/152
Guide Tree 15/16
#NNI moves:6/152
Remaining: 0
#NNI moves:2/152
#NNI moves:2/152
(((((((((((((((((59,57),61),((((31,45),56),((66,3),18)),(12,5))),(21,11)),(((((7,50),(64,37)),14),((6,(41,42)),1)),((35,46),((30,29),(15,(53,17)))))),((((4,32),36),((62,9),(40,22))),43)),(((49,(44,52)),(2,54)),33)),((((((63,24),25),(55,26)),38),(((8,51),(19,47)),((28,13),48))),((((((20,60),34),16),(39,10)),23),((58,27),65)))),((((100,78),79),85),75)),(((((77,83),((82,94),87)),81),(96,((((86,73),70),90),88))),99)),(68,95)),(((91,92),(84,74)),69)),(((93,98),(67,80)),97)),76),72),89),71);
Initial score: 4.83275e+08
Initial tree: (((((((((((((((((59,57),61),((((31,45),56),((66,3),18)),(12,5))),(21,11)),(((((7,50),(64,37)),14),((6,(41,42)),1)),((35,46),((30,29),(15,(53,17)))))),((((4,32),36),((62,9),(40,22))),43)),(((49,(44,52)),(2,54)),33)),((((((63,24),25),(55,26)),38),(((8,51),(19,47)),((28,13),48))),((((((20,60),34),16),(39,10)),23),((58,27),65)))),((((100,78),79),85),75)),(((((77,83),((82,94),87)),81),(96,((((86,73),70),90),88))),99)),(68,95)),(((91,92),(84,74)),69)),(((93,98),(67,80)),97)),76),72),89),71);
*** Subsample Process ***
Use two-step algorithm!
#NNI moves:0/152
Remaining: 0
#NNI moves:0/152
#NNI moves:0/152
(((((((((((((((((98,93),(67,80)),97),(((89,71),72),76)),(((91,92),(84,74)),69)),(68,95)),(((((87,(94,82)),(77,83)),81),(((((73,86),70),90),88),96)),99)),((((100,78),79),85),75)),(((((19,47),(51,8)),((13,28),48)),(((26,55),((24,63),25)),38)),((((39,10),(((60,20),34),16)),23),(65,(27,58))))),(33,(((52,44),49),(54,2)))),(((36,(32,4)),((40,22),(62,9))),43)),(((((7,50),(64,37)),14),(1,((41,42),6))),((((53,17),15),(29,30)),(46,35)))),(11,21)),((((45,31),56),((66,3),18)),(5,12))),61),57),59);
#NNI moves:0/152
Remaining: 0
#NNI moves:4/152
#NNI moves:20/152
((((((((((((((((1,((42,41),6)),(((37,64),(7,50)),14)),((((53,17),15),(30,29)),(35,46))),((((((66,3),18),(56,(31,45))),(5,12)),((57,59),61)),(21,11))),((((22,40),(9,62)),(36,(4,32))),43)),(((2,54),((44,52),49)),33)),(((((10,39),(((60,20),34),16)),23),((58,27),65)),((((26,55),((24,63),25)),38),(((51,8),(47,19)),(48,(28,13)))))),((85,(79,(100,78))),75)),(99,((((((73,86),70),90),88),96),(((77,83),(87,(94,82))),81)))),(68,95)),(69,((74,84),(92,91)))),(((98,93),(67,80)),97)),76),72),71),89);
#NNI moves:0/152
Remaining: 0
#NNI moves:0/152
#NNI moves:0/152
(((((((((((((((((86,73),70),90),88),96),(((83,77),(87,(82,94))),81)),99),(((69,((84,74),(91,92))),(((72,(71,89)),76),(((80,67),(98,93)),97))),(68,95))),((((100,78),79),85),75)),(((((((60,20),34),16),(10,39)),23),((58,27),65)),((((47,19),(8,51)),((13,28),48)),(38,((25,(24,63)),(55,26)))))),(33,((2,54),((44,52),49)))),(43,(((32,4),36),((22,40),(9,62))))),((((((66,3),18),((31,45),56)),(5,12)),((57,59),61)),(21,11))),((46,35),(((53,17),15),(30,29)))),(((50,7),(37,64)),14)),((41,42),6)),1);
#NNI moves:0/152
Remaining: 1
#NNI moves:4/152
#NNI moves:14/152
((((((((((((((((63,24),25),(55,26)),38),(((19,47),(51,8)),((28,13),48))),(((58,27),65),(((39,10),(((60,20),34),16)),23))),(((((((15,(17,53)),(30,29)),(46,35)),((((7,50),(37,64)),14),((6,(42,41)),1))),((((12,5),(((31,45),56),((3,66),18))),(61,(59,57))),(11,21))),((((4,32),36),((62,9),(40,22))),43)),(((2,54),(49,(44,52))),33))),(((79,(78,100)),85),75)),(((((((86,73),70),90),88),96),((((94,82),87),(83,77)),81)),99)),(68,95)),(69,((92,91),(74,84)))),((72,(89,71)),76)),97),(98,93)),80),67);
Current score: 4.83275e+08
Current tree: ((89,(72,(76,((((((((((((63,24),25),(55,26)),38),(((19,47),(51,8)),((28,13),48))),(((58,27),65),(((39,10),(((60,20),34),16)),23))),(((((((15,(17,53)),(30,29)),(46,35)),((((7,50),(37,64)),14),((6,(42,41)),1))),((((12,5),(((31,45),56),((3,66),18))),(61,(59,57))),(11,21))),((((4,32),36),((62,9),(40,22))),43)),(((2,54),(49,(44,52))),33))),(((79,(78,100)),85),75)),(((((((86,73),70),90),88),96),((((94,82),87),(83,77)),81)),99)),(68,95)),(69,((92,91),(74,84)))),(97,((98,93),(80,67))))))),71);
Final Tree: ((89,(72,(76,((((((((((((63,24),25),(55,26)),38),(((19,47),(51,8)),((28,13),48))),(((58,27),65),(((39,10),(((60,20),34),16)),23))),(((((((15,(17,53)),(30,29)),(46,35)),((((7,50),(37,64)),14),((6,(42,41)),1))),((((12,5),(((31,45),56),((3,66),18))),(61,(59,57))),(11,21))),((((4,32),36),((62,9),(40,22))),43)),(((2,54),(49,(44,52))),33))),(((79,(78,100)),85),75)),(((((((86,73),70),90),88),96),((((94,82),87),(83,77)),81)),99)),(68,95)),(69,((92,91),(74,84)))),(97,((98,93),(80,67))))))),71);
#EqQuartets: 524806016
Score: 483275227
ASTRAL for PaRalogs and Orthologs III (ASTRAL-Pro3)
*** NOW with integrated CASTLES-Pro ***
Version: v1.22.3.6
Read 512 genetrees and found 100 species.
#Genetrees: 985
#Duploss: 36106
#Species: 100
#Rounds: 4
#Samples: 4
#Threads: 1
Use two-step algorithm!
Guide Tree 0/16
#NNI moves:0/152
Guide Tree 1/16
#NNI moves:0/152
Guide Tree 2/16
#NNI moves:0/152
Guide Tree 3/16
#NNI moves:0/152
Guide Tree 4/16
#NNI moves:0/152
Guide Tree 5/16
#NNI moves:0/152
Guide Tree 6/16
#NNI moves:0/152
Guide Tree 7/16
#NNI moves:0/152
Guide Tree 8/16
#NNI moves:0/152
Guide Tree 9/16
#NNI moves:2/152
Guide Tree 10/16
#NNI moves:2/152
Guide Tree 11/16
#NNI moves:0/152
Guide Tree 12/16
#NNI moves:0/152
Guide Tree 13/16
#NNI moves:0/152
Guide Tree 14/16
#NNI moves:0/152
Guide Tree 15/16
#NNI moves:0/152
Remaining: 0
#NNI moves:2/152
#NNI moves:2/152
((((((((((((((1,((65,3),25)),(34,17)),((23,73),(66,(63,40)))),((54,50),(56,59))),((43,44),60)),((47,52),72)),((((21,((77,81),27)),68),(55,62)),((45,(69,10)),46))),(((((88,95),(93,(99,94))),(((91,87),((96,97),90)),(92,((89,100),98)))),(39,49)),(22,64))),(((((((((9,41),(24,79)),((84,51),28)),(76,82)),(80,57)),11),13),36),((((((75,18),8),((5,74),38)),((((61,85),78),(67,(30,71))),(37,(26,12)))),(58,86)),33))),(4,14)),83),((((32,53),6),19),(((15,(((29,31),35),20)),7),(48,70)))),(2,16)),42);
Guide Tree 0/16
#NNI moves:0/152
Guide Tree 1/16
#NNI moves:0/152
Guide Tree 2/16
#NNI moves:2/152
Guide Tree 3/16
#NNI moves:0/152
Guide Tree 4/16
#NNI moves:0/152
Guide Tree 5/16
#NNI moves:0/152
Guide Tree 6/16
#NNI moves:0/152
Guide Tree 7/16
#NNI moves:0/152
Guide Tree 8/16
#NNI moves:0/152
Guide Tree 9/16
#NNI moves:0/152
Guide Tree 10/16
#NNI moves:0/152
Guide Tree 11/16
#NNI moves:0/152
Guide Tree 12/16
#NNI moves:0/152
Guide Tree 13/16
#NNI moves:0/152
Guide Tree 14/16
#NNI moves:0/152
Guide Tree 15/16
#NNI moves:0/152
Remaining: 0
#NNI moves:0/152
#NNI moves:0/152
(((((((((((((((40,63),66),(23,73)),((17,34),((25,(3,65)),1))),((54,50),(59,56))),(60,(44,43))),((52,47),72)),((((69,10),45),46),((((27,(77,81)),21),68),(62,55)))),(((((88,95),((99,94),93)),(((90,(96,97)),(87,91)),(((100,89),98),92))),(49,39)),(22,64))),(((((((((9,41),(79,24)),((51,84),28)),(76,82)),(80,57)),11),13),36),(((86,58),(((((71,30),67),(78,(61,85))),((26,12),37)),((8,(18,75)),((74,5),38)))),33))),(4,14)),83),((((((35,(29,31)),20),15),7),(70,48)),(((32,53),6),19))),(2,16)),42);
Guide Tree 0/16
#NNI moves:0/152
Guide Tree 1/16
#NNI moves:2/152
Guide Tree 2/16
#NNI moves:0/152
Guide Tree 3/16
#NNI moves:2/152
Guide Tree 4/16
#NNI moves:6/152
Guide Tree 5/16
#NNI moves:0/152
Guide Tree 6/16
#NNI moves:2/152
Guide Tree 7/16
#NNI moves:0/152
Guide Tree 8/16
#NNI moves:0/152
Guide Tree 9/16
#NNI moves:6/152
Guide Tree 10/16
#NNI moves:0/152
Guide Tree 11/16
#NNI moves:0/152
Guide Tree 12/16
#NNI moves:0/152
Guide Tree 13/16
#NNI moves:0/152
Guide Tree 14/16
#NNI moves:2/152
Guide Tree 15/16
#NNI moves:0/152
Remaining: 0
#NNI moves:0/152
#NNI moves:0/152
((((((((((((88,95),((94,99),93)),(((87,91),((96,97),90)),((98,(100,89)),92))),(49,39)),(64,22)),(((((44,43),60),((((17,34),((25,(65,3)),1)),(((40,63),66),(23,73))),((56,59),(50,54)))),(72,(52,47))),(((62,55),((21,(27,(77,81))),68)),((45,(10,69)),46)))),(((((((((24,79),(41,9)),(28,(51,84))),(82,76)),(57,80)),11),13),36),((((((67,(30,71)),((85,61),78)),((12,26),37)),(((75,18),8),(38,(5,74)))),(86,58)),33))),(4,14)),83),((((((35,(31,29)),20),15),7),(48,70)),(19,(6,(32,53))))),(2,16)),42);
Guide Tree 0/16
#NNI moves:0/152
Guide Tree 1/16
#NNI moves:0/152
Guide Tree 2/16
#NNI moves:0/152
Guide Tree 3/16
#NNI moves:0/152
Guide Tree 4/16
#NNI moves:0/152
Guide Tree 5/16
#NNI moves:0/152
Guide Tree 6/16
#NNI moves:2/152
Guide Tree 7/16
#NNI moves:0/152
Guide Tree 8/16
#NNI moves:0/152
Guide Tree 9/16
#NNI moves:0/152
Guide Tree 10/16
#NNI moves:0/152
Guide Tree 11/16
#NNI moves:0/152
Guide Tree 12/16
#NNI moves:0/152
Guide Tree 13/16
#NNI moves:0/152
Guide Tree 14/16
#NNI moves:0/152
Guide Tree 15/16
#NNI moves:0/152
Remaining: 0
#NNI moves:4/152
#NNI moves:6/152
((((((((((((((73,23),((40,63),66)),((((65,3),25),1),(17,34))),((54,50),(59,56))),((44,43),60)),((52,47),72)),(((62,55),((((81,77),27),21),68)),(46,((10,69),45)))),(((((((97,96),90),(91,87)),(92,(98,(89,100)))),((95,88),(93,(99,94)))),(49,39)),(64,22))),(((((((18,75),8),((74,5),38)),((((30,71),67),(78,(61,85))),(37,(26,12)))),(86,58)),33),((((((((41,9),(79,24)),((84,51),28)),(76,82)),(80,57)),11),13),36))),(4,14)),83),(((((20,((31,29),35)),15),7),(70,48)),(((53,32),6),19))),(2,16)),42);
Initial score: 5.19315e+08
Initial tree: ((((((((((((((73,23),((40,63),66)),((((65,3),25),1),(17,34))),((54,50),(59,56))),((44,43),60)),((52,47),72)),(((62,55),((((81,77),27),21),68)),(46,((10,69),45)))),(((((((97,96),90),(91,87)),(92,(98,(89,100)))),((95,88),(93,(99,94)))),(49,39)),(64,22))),(((((((18,75),8),((74,5),38)),((((30,71),67),(78,(61,85))),(37,(26,12)))),(86,58)),33),((((((((41,9),(79,24)),((84,51),28)),(76,82)),(80,57)),11),13),36))),(4,14)),83),(((((20,((31,29),35)),15),7),(70,48)),(((53,32),6),19))),(2,16)),42);
*** Subsample Process ***
Use two-step algorithm!
#NNI moves:0/152
Remaining: 0
#NNI moves:2/152
#NNI moves:2/152
(((((((((((((((((((((9,41),(79,24)),(28,(51,84))),(76,82)),(57,80)),11),13),36),((((((75,18),8),(38,(5,74))),((((30,71),67),(78,(61,85))),((26,12),37))),(58,86)),33)),((((((48,70),(((((31,29),35),20),15),7)),(19,((53,32),6))),((2,16),42)),83),(14,4))),(((((95,88),(93,(99,94))),(((87,91),((96,97),90)),(((100,89),98),92))),(49,39)),(22,64))),((46,(45,(69,10))),(((((77,81),27),21),68),(55,62)))),((47,52),72)),((44,43),60)),((56,59),(50,54))),((66,(63,40)),(23,73))),(17,34)),1),25),3),65);
#NNI moves:0/152
Remaining: 0
#NNI moves:0/152
#NNI moves:0/152
(((((((((((((38,(74,5)),((18,75),8)),((((85,61),78),(67,(30,71))),(37,(26,12)))),(58,86)),33),((((((((41,9),(79,24)),(28,(84,51))),(82,76)),(57,80)),11),13),36)),((((((((81,77),27),21),68),(55,62)),(46,((10,69),45))),(((47,52),72),(((((((3,65),25),1),(34,17)),((66,(40,63)),(23,73))),((54,50),(59,56))),((44,43),60)))),(((((88,95),(93,(94,99))),((92,((100,89),98)),((87,91),((96,97),90)))),(49,39)),(64,22)))),(4,14)),83),(((48,70),(((((29,31),35),20),15),7)),(((32,53),6),19))),42),16),2);
#NNI moves:0/152
Remaining: 0
#NNI moves:0/152
#NNI moves:0/152
((((((((((((((((((((3,65),25),1),(34,17)),((23,73),((63,40),66))),((56,59),(50,54))),((43,44),60)),(72,(52,47))),(((55,62),((((81,77),27),21),68)),(((10,69),45),46))),(((((((89,100),98),92),((90,(96,97)),(91,87))),((95,88),(93,(94,99)))),(39,49)),(22,64))),((((((48,70),(((20,((29,31),35)),15),7)),(((32,53),6),19)),(42,(2,16))),83),(4,14))),(((((57,80),((((9,41),(79,24)),((51,84),28)),(82,76))),11),13),36)),33),(86,58)),((38,(74,5)),((75,18),8))),((26,12),37)),((61,85),78)),67),30),71);
#NNI moves:0/152
Remaining: 0
#NNI moves:0/152
#NNI moves:0/152
((((((((((((((((85,61),78),((30,71),67)),((12,26),37)),(((75,18),8),((5,74),38))),(58,86)),33),((((((((9,41),(24,79)),((84,51),28)),(76,82)),(57,80)),11),13),36)),((((((((73,23),(66,(40,63))),((((65,3),25),1),(34,17))),((59,56),(50,54))),((44,43),60)),(72,(52,47))),((((69,10),45),46),(((((81,77),27),21),68),(55,62)))),(((((((96,97),90),(91,87)),(92,((89,100),98))),((93,(99,94)),(95,88))),(39,49)),(64,22)))),(4,14)),83),((16,2),42)),(((32,53),6),19)),(48,70)),((20,(35,(31,29))),15)),7);
Current score: 5.19315e+08
Current tree: (((16,2),((((((((((((85,61),78),((30,71),67)),((12,26),37)),(((75,18),8),((5,74),38))),(58,86)),33),((((((((9,41),(24,79)),((84,51),28)),(76,82)),(57,80)),11),13),36)),((((((((73,23),(66,(40,63))),((((65,3),25),1),(34,17))),((59,56),(50,54))),((44,43),60)),(72,(52,47))),((((69,10),45),46),(((((81,77),27),21),68),(55,62)))),(((((((96,97),90),(91,87)),(92,((89,100),98))),((93,(99,94)),(95,88))),(39,49)),(64,22)))),(4,14)),83),((((32,53),6),19),((48,70),(((20,(35,(31,29))),15),7))))),42);
Final Tree: (((16,2),((((((((((((85,61),78),((30,71),67)),((12,26),37)),(((75,18),8),((5,74),38))),(58,86)),33),((((((((9,41),(24,79)),((84,51),28)),(76,82)),(57,80)),11),13),36)),((((((((73,23),(66,(40,63))),((((65,3),25),1),(34,17))),((59,56),(50,54))),((44,43),60)),(72,(52,47))),((((69,10),45),46),(((((81,77),27),21),68),(55,62)))),(((((((96,97),90),(91,87)),(92,((89,100),98))),((93,(99,94)),(95,88))),(39,49)),(64,22)))),(4,14)),83),((((32,53),6),19),((48,70),(((20,(35,(31,29))),15),7))))),42);
#EqQuartets: 606566921
Score: 519314852
ASTRAL for PaRalogs and Orthologs III (ASTRAL-Pro3)
*** NOW with integrated CASTLES-Pro ***
Version: v1.22.3.6
Read 512 genetrees and found 100 species.
#Genetrees: 991
#Duploss: 34201
#Species: 100
#Rounds: 4
#Samples: 4
#Threads: 1
Use two-step algorithm!
Guide Tree 0/16
#NNI moves:0/152
Guide Tree 1/16
#NNI moves:6/152
Guide Tree 2/16
#NNI moves:0/152
Guide Tree 3/16
#NNI moves:0/152
Guide Tree 4/16
#NNI moves:0/152
Guide Tree 5/16
#NNI moves:0/152
Guide Tree 6/16
#NNI moves:0/152
Guide Tree 7/16
#NNI moves:0/152
Guide Tree 8/16
#NNI moves:2/152
Guide Tree 9/16
#NNI moves:6/152
Guide Tree 10/16
#NNI moves:0/152
Guide Tree 11/16
#NNI moves:6/152
Guide Tree 12/16
#NNI moves:0/152
Guide Tree 13/16
#NNI moves:6/152
Guide Tree 14/16
#NNI moves:0/152
Guide Tree 15/16
#NNI moves:0/152
Remaining: 0
#NNI moves:6/152
#NNI moves:6/152
((((((((((((((((((60,10),9),(4,(((56,25),48),55))),62),31),((11,36),53)),(((((2,35),24),((((18,47),52),66),50)),61),45)),5),(((22,49),42),((8,16),28))),(((((19,21),23),(68,6)),(12,15)),30)),(((3,((((32,69),((41,40),(51,27))),(((33,65),(20,14)),(29,34))),7)),((1,59),37)),(((((38,64),57),26),((((58,63),67),39),17)),(46,(54,13))))),(43,44)),(((84,((80,72),70)),96),((((94,(76,90)),((78,93),(89,75))),(92,86)),(97,82)))),(95,98)),((((74,71),((99,83),91)),77),(85,(79,87)))),73),(81,88)),100);
Guide Tree 0/16
#NNI moves:0/152
Guide Tree 1/16
#NNI moves:0/152
Guide Tree 2/16
#NNI moves:0/152
Guide Tree 3/16
#NNI moves:0/152
Guide Tree 4/16
#NNI moves:0/152
Guide Tree 5/16
#NNI moves:0/152
Guide Tree 6/16
#NNI moves:0/152
Guide Tree 7/16
#NNI moves:0/152
Guide Tree 8/16
#NNI moves:0/152
Guide Tree 9/16
#NNI moves:0/152
Guide Tree 10/16
#NNI moves:0/152
Guide Tree 11/16
#NNI moves:0/152
Guide Tree 12/16
#NNI moves:0/152
Guide Tree 13/16
#NNI moves:2/152
Guide Tree 14/16
#NNI moves:0/152
Guide Tree 15/16
#NNI moves:0/152
Remaining: 0
#NNI moves:0/152
#NNI moves:0/152
((((((((((((((((((55,((25,56),48)),4),(9,(10,60))),62),31),((36,11),53)),((((50,((52,(18,47)),66)),(24,(35,2))),61),45)),5),(((49,22),42),((16,8),28))),((((6,68),((19,21),23)),(15,12)),30)),((((1,59),37),((((((65,33),(20,14)),(29,34)),(((40,41),(51,27)),(69,32))),7),3)),(((((38,64),57),26),(17,((67,(58,63)),39))),((13,54),46)))),(44,43)),((((((90,76),94),((78,93),(89,75))),(86,92)),(97,82)),((((80,72),70),84),96))),(95,98)),((((91,(99,83)),(71,74)),77),((79,87),85))),73),(81,88)),100);
Guide Tree 0/16
#NNI moves:0/152
Guide Tree 1/16
#NNI moves:0/152
Guide Tree 2/16
#NNI moves:0/152
Guide Tree 3/16
#NNI moves:0/152
Guide Tree 4/16
#NNI moves:0/152
Guide Tree 5/16
#NNI moves:0/152
Guide Tree 6/16
#NNI moves:6/152
Guide Tree 7/16
#NNI moves:0/152
Guide Tree 8/16
#NNI moves:0/152
Guide Tree 9/16
#NNI moves:0/152
Guide Tree 10/16
#NNI moves:0/152
Guide Tree 11/16
#NNI moves:0/152
Guide Tree 12/16
#NNI moves:0/152
Guide Tree 13/16
#NNI moves:0/152
Guide Tree 14/16
#NNI moves:0/152
Guide Tree 15/16
#NNI moves:0/152
Remaining: 0
#NNI moves:0/152
#NNI moves:0/152
(((((((((((((((((((18,47),52),66),50),((35,2),24)),61),45),(((62,(((55,(48,(56,25))),4),(9,(60,10)))),31),((11,36),53))),5),(((16,8),28),((49,22),42))),((((68,6),((21,19),23)),(12,15)),30)),(((46,(54,13)),(((39,((63,58),67)),17),(26,((38,64),57)))),((3,(((((51,27),(41,40)),(32,69)),(((33,65),(20,14)),(29,34))),7)),(37,(1,59))))),(44,43)),(((((80,72),70),84),96),(((((90,76),94),((93,78),(75,89))),(86,92)),(82,97)))),(95,98)),((((91,(99,83)),(74,71)),77),(85,(87,79)))),73),(81,88)),100);
Guide Tree 0/16
#NNI moves:0/152
Guide Tree 1/16
#NNI moves:2/152
Guide Tree 2/16
#NNI moves:0/152
Guide Tree 3/16
#NNI moves:0/152
Guide Tree 4/16
#NNI moves:0/152
Guide Tree 5/16
#NNI moves:0/152
Guide Tree 6/16
#NNI moves:0/152
Guide Tree 7/16
#NNI moves:0/152
Guide Tree 8/16
#NNI moves:0/152
Guide Tree 9/16
#NNI moves:0/152
Guide Tree 10/16
#NNI moves:0/152
Guide Tree 11/16
#NNI moves:0/152
Guide Tree 12/16
#NNI moves:0/152
Guide Tree 13/16
#NNI moves:0/152
Guide Tree 14/16
#NNI moves:0/152
Guide Tree 15/16
#NNI moves:6/152
Remaining: 0
#NNI moves:2/152
#NNI moves:2/152
(((((((((((((((((9,(10,60)),((((56,25),48),55),4)),62),31),((11,36),53)),(((((66,((18,47),52)),50),((2,35),24)),61),45)),5),(((49,22),42),((8,16),28))),((((23,(21,19)),(68,6)),(12,15)),30)),(((((((32,69),((40,41),(51,27))),((34,29),((65,33),(14,20)))),7),3),((1,59),37)),(((54,13),46),((26,((38,64),57)),((((58,63),67),39),17))))),(44,43)),((96,(84,(70,(72,80)))),(((((76,90),94),((89,75),(78,93))),(92,86)),(97,82)))),(98,95)),(((((99,83),91),(71,74)),77),((87,79),85))),73),(81,88)),100);
Initial score: 4.69382e+08
Initial tree: (((((((((((((((((9,(10,60)),((((56,25),48),55),4)),62),31),((11,36),53)),(((((66,((18,47),52)),50),((2,35),24)),61),45)),5),(((49,22),42),((8,16),28))),((((23,(21,19)),(68,6)),(12,15)),30)),(((((((32,69),((40,41),(51,27))),((34,29),((65,33),(14,20)))),7),3),((1,59),37)),(((54,13),46),((26,((38,64),57)),((((58,63),67),39),17))))),(44,43)),((96,(84,(70,(72,80)))),(((((76,90),94),((89,75),(78,93))),(92,86)),(97,82)))),(98,95)),(((((99,83),91),(71,74)),77),((87,79),85))),73),(81,88)),100);
*** Subsample Process ***
Use two-step algorithm!
#NNI moves:0/152
Remaining: 0
#NNI moves:0/152
#NNI moves:0/152
(((((((((((((((((((((29,34),((20,14),(33,65))),((32,69),((27,51),(41,40)))),7),3),(37,(59,1))),(((((38,64),57),26),((((63,58),67),39),17)),(46,(54,13)))),(((((84,((72,80),70)),96),((((94,(76,90)),((93,78),(75,89))),(86,92)),(97,82))),(((((81,88),100),73),(((((99,83),91),(71,74)),77),(85,(87,79)))),(98,95))),(43,44))),(((((21,19),23),(6,68)),(12,15)),30)),(((16,8),28),(42,(49,22)))),5),(((((66,((47,18),52)),50),(24,(2,35))),61),45)),((11,36),53)),31),62),((10,60),9)),4),55),48),25),56);
#NNI moves:6/152
Remaining: 1
#NNI moves:8/152
#NNI moves:8/152
(((((((((((((((((27,51),(40,41)),(69,32)),((34,29),((20,14),(33,65)))),7),3),(37,(1,59))),(((26,((64,38),57)),((39,((63,58),67)),17)),((13,54),46))),((((((((((10,60),9),((((25,56),48),55),4)),62),31),((11,36),53)),(((((35,2),24),((((47,18),52),66),50)),61),45)),5),((28,(16,8)),((49,22),42))),(((((19,21),23),(6,68)),(12,15)),30))),(43,44)),(((((80,72),70),84),96),((((94,(90,76)),((78,93),(89,75))),(86,92)),(82,97)))),(95,98)),((77,((91,(83,99)),(74,71))),(85,(87,79)))),73),100),88),81);
#NNI moves:0/152
Remaining: 0
#NNI moves:0/152
#NNI moves:0/152
(((((((((((((((((25,56),48),55),4),((10,60),9)),62),31),((11,36),53)),(((((2,35),24),(((52,(18,47)),66),50)),61),45)),5),((28,(8,16)),(42,(22,49)))),((((23,(19,21)),(68,6)),(12,15)),30)),((((((70,(72,80)),84),96),(((((93,78),(75,89)),((90,76),94)),(92,86)),(82,97))),((95,98),((((79,87),85),(((71,74),(91,(99,83))),77)),(73,(100,(81,88)))))),(44,43))),(((((38,64),57),26),(((67,(63,58)),39),17)),(46,(54,13)))),((((((20,14),(65,33)),(34,29)),((69,32),((27,51),(40,41)))),7),3)),(1,59)),37);
#NNI moves:0/152
Remaining: 2
#NNI moves:10/152
#NNI moves:14/152
((((((((((((((((((60,10),9),(((48,(56,25)),55),4)),62),31),((36,11),53)),(((((66,(52,(18,47))),50),((35,2),24)),61),45)),5),((28,(8,16)),((22,49),42))),((((68,6),((21,19),23)),(12,15)),30)),((((((38,64),57),26),((((58,63),67),39),17)),((54,13),46)),((((((32,69),((51,27),(41,40))),(((14,20),(33,65)),(29,34))),7),3),((59,1),37)))),(44,43)),(((((72,80),70),84),96),((97,82),(((89,75),(93,78)),((92,86),((76,90),94)))))),(95,98)),(73,((88,81),100))),((((83,99),91),(74,71)),77)),(79,87)),85);
Current score: 4.69382e+08
Current tree: (((88,81),(73,(((((((((((((((60,10),9),(((48,(56,25)),55),4)),62),31),((36,11),53)),(((((66,(52,(18,47))),50),((35,2),24)),61),45)),5),((28,(8,16)),((22,49),42))),((((68,6),((21,19),23)),(12,15)),30)),((((((38,64),57),26),((((58,63),67),39),17)),((54,13),46)),((((((32,69),((51,27),(41,40))),(((14,20),(33,65)),(29,34))),7),3),((59,1),37)))),(44,43)),(((((72,80),70),84),96),((97,82),((((89,75),(93,78)),((76,90),94)),(92,86))))),(95,98)),(((((83,99),91),(74,71)),77),((79,87),85))))),100);
Final Tree: (((88,81),(73,(((((((((((((((60,10),9),(((48,(56,25)),55),4)),62),31),((36,11),53)),(((((66,(52,(18,47))),50),((35,2),24)),61),45)),5),((28,(8,16)),((22,49),42))),((((68,6),((21,19),23)),(12,15)),30)),((((((38,64),57),26),((((58,63),67),39),17)),((54,13),46)),((((((32,69),((51,27),(41,40))),(((14,20),(33,65)),(29,34))),7),3),((59,1),37)))),(44,43)),(((((72,80),70),84),96),((97,82),((((89,75),(93,78)),((76,90),94)),(92,86))))),(95,98)),(((((83,99),91),(74,71)),77),((79,87),85))))),100);
#EqQuartets: 502236621
Score: 469381888
