ASTRAL for PaRalogs and Orthologs III (ASTRAL-Pro3)
*** NOW with integrated CASTLES-Pro ***
Version: v1.22.3.6
Read 512 genetrees and found 100 species.
#Genetrees: 995
#Duploss: 32076
#Species: 100
#Rounds: 4
#Samples: 4
#Threads: 1
Use two-step algorithm!
Guide Tree 0/16
#NNI moves:0/152
Guide Tree 1/16
#NNI moves:0/152
Guide Tree 2/16
#NNI moves:0/152
Guide Tree 3/16
#NNI moves:0/152
Guide Tree 4/16
#NNI moves:0/152
Guide Tree 5/16
#NNI moves:0/152
Guide Tree 6/16
#NNI moves:0/152
Guide Tree 7/16
#NNI moves:0/152
Guide Tree 8/16
#NNI moves:0/152
Guide Tree 9/16
#NNI moves:0/152
Guide Tree 10/16
#NNI moves:0/152
Guide Tree 11/16
#NNI moves:0/152
Guide Tree 12/16
#NNI moves:0/152
Guide Tree 13/16
#NNI moves:0/152
Guide Tree 14/16
#NNI moves:0/152
Guide Tree 15/16
#NNI moves:0/152
Remaining: 0
#NNI moves:0/152
#NNI moves:0/152
((((((((((((39,17),(33,41)),((18,51),(76,(68,15)))),(((((16,71),(44,(50,23))),97),77),(91,((30,94),36)))),(((((((11,1),8),(6,9)),10),(12,3)),7),((4,5),2))),(((58,19),63),(((25,31),(47,52)),(93,20)))),((((67,42),((((28,66),(99,14)),83),61)),((81,88),(62,82))),(38,37))),((49,89),((32,96),57))),(((((90,21),87),79),75),((((40,86),70),((35,(55,69)),34)),(24,65)))),(((((((29,(27,60)),45),((26,56),53)),80),((43,13),((95,92),100))),(78,(64,72))),(((22,48),(46,85)),((74,73),(84,59))))),54),98);
Guide Tree 0/16
#NNI moves:0/152
Guide Tree 1/16
#NNI moves:0/152
Guide Tree 2/16
#NNI moves:0/152
Guide Tree 3/16
#NNI moves:0/152
Guide Tree 4/16
#NNI moves:0/152
Guide Tree 5/16
#NNI moves:0/152
Guide Tree 6/16
#NNI moves:0/152
Guide Tree 7/16
#NNI moves:0/152
Guide Tree 8/16
#NNI moves:0/152
Guide Tree 9/16
#NNI moves:0/152
Guide Tree 10/16
#NNI moves:0/152
Guide Tree 11/16
#NNI moves:0/152
Guide Tree 12/16
#NNI moves:0/152
Guide Tree 13/16
#NNI moves:0/152
Guide Tree 14/16
#NNI moves:0/152
Guide Tree 15/16
#NNI moves:0/152
Remaining: 0
#NNI moves:0/152
#NNI moves:0/152
((((((((((((((9,6),(8,(1,11))),10),(3,12)),7),(2,(5,4))),(((91,((30,94),36)),((((71,16),((50,23),44)),97),77)),(((41,33),(39,17)),(((15,68),76),(51,18))))),(((20,93),((47,52),(31,25))),((19,58),63))),(((((((14,99),(28,66)),83),61),(67,42)),((88,81),(62,82))),(37,38))),((89,49),((96,32),57))),((75,(79,((21,90),87))),(((((55,69),35),34),(70,(40,86))),(24,65)))),((((((95,92),100),(43,13)),((((29,(60,27)),45),(53,(56,26))),80)),((72,64),78)),(((59,84),(73,74)),((85,46),(22,48))))),54),98);
Guide Tree 0/16
#NNI moves:0/152
Guide Tree 1/16
#NNI moves:0/152
Guide Tree 2/16
#NNI moves:0/152
Guide Tree 3/16
#NNI moves:0/152
Guide Tree 4/16
#NNI moves:0/152
Guide Tree 5/16
#NNI moves:0/152
Guide Tree 6/16
#NNI moves:0/152
Guide Tree 7/16
#NNI moves:0/152
Guide Tree 8/16
#NNI moves:0/152
Guide Tree 9/16
#NNI moves:0/152
Guide Tree 10/16
#NNI moves:0/152
Guide Tree 11/16
#NNI moves:0/152
Guide Tree 12/16
#NNI moves:0/152
Guide Tree 13/16
#NNI moves:0/152
Guide Tree 14/16
#NNI moves:0/152
Guide Tree 15/16
#NNI moves:0/152
Remaining: 0
#NNI moves:0/152
#NNI moves:0/152
((((((((((((12,3),(((9,6),(8,(1,11))),10)),7),((4,5),2)),(((91,(36,(94,30))),((((16,71),((23,50),44)),97),77)),(((17,39),(33,41)),((18,51),((15,68),76))))),(((58,19),63),((20,93),((31,25),(52,47))))),(((((((14,99),(28,66)),83),61),(42,67)),((62,82),(88,81))),(37,38))),(((96,32),57),(49,89))),(((24,65),(((40,86),70),(34,((69,55),35)))),(((87,(90,21)),79),75))),((((72,64),78),((((((27,60),29),45),((26,56),53)),80),((13,43),(100,(95,92))))),(((74,73),(59,84)),((48,22),(46,85))))),54),98);
Guide Tree 0/16
#NNI moves:0/152
Guide Tree 1/16
#NNI moves:0/152
Guide Tree 2/16
#NNI moves:0/152
Guide Tree 3/16
#NNI moves:0/152
Guide Tree 4/16
#NNI moves:0/152
Guide Tree 5/16
#NNI moves:0/152
Guide Tree 6/16
#NNI moves:0/152
Guide Tree 7/16
#NNI moves:0/152
Guide Tree 8/16
#NNI moves:0/152
Guide Tree 9/16
#NNI moves:0/152
Guide Tree 10/16
#NNI moves:0/152
Guide Tree 11/16
#NNI moves:0/152
Guide Tree 12/16
#NNI moves:0/152
Guide Tree 13/16
#NNI moves:0/152
Guide Tree 14/16
#NNI moves:0/152
Guide Tree 15/16
#NNI moves:0/152
Remaining: 0
#NNI moves:0/152
#NNI moves:0/152
((((((((((((36,(30,94)),91),((97,((16,71),(44,(50,23)))),77)),(((17,39),(33,41)),((51,18),((68,15),76)))),((((10,((9,6),(8,(11,1)))),(12,3)),7),((5,4),2))),((((31,25),(47,52)),(93,20)),((58,19),63))),((((61,(((66,28),(99,14)),83)),(42,67)),((88,81),(62,82))),(37,38))),((57,(96,32)),(49,89))),(((65,24),((((55,69),35),34),(70,(40,86)))),((((21,90),87),79),75))),((((((95,92),100),(43,13)),(((((60,27),29),45),((26,56),53)),80)),((72,64),78)),(((59,84),(73,74)),((22,48),(85,46))))),54),98);
Initial score: 4.66561e+08
Initial tree: ((((((((((((36,(30,94)),91),((97,((16,71),(44,(50,23)))),77)),(((17,39),(33,41)),((51,18),((68,15),76)))),((((10,((9,6),(8,(11,1)))),(12,3)),7),((5,4),2))),((((31,25),(47,52)),(93,20)),((58,19),63))),((((61,(((66,28),(99,14)),83)),(42,67)),((88,81),(62,82))),(37,38))),((57,(96,32)),(49,89))),(((65,24),((((55,69),35),34),(70,(40,86)))),((((21,90),87),79),75))),((((((95,92),100),(43,13)),(((((60,27),29),45),((26,56),53)),80)),((72,64),78)),(((59,84),(73,74)),((22,48),(85,46))))),54),98);
*** Subsample Process ***
Use two-step algorithm!
#NNI moves:0/152
Remaining: 0
#NNI moves:0/152
#NNI moves:0/152
((((((((((((((((((29,(27,60)),45),(53,(56,26))),80),(((92,95),100),(13,43))),((64,72),78)),(((46,85),(22,48)),((73,74),(59,84)))),(54,98)),(((((86,40),70),(((69,55),35),34)),(65,24)),((((21,90),87),79),75))),(((96,32),57),(49,89))),((((62,82),(81,88)),(((((66,28),(99,14)),83),61),(42,67))),(37,38))),(((93,20),((25,31),(52,47))),((58,19),63))),((7,((3,12),((((1,11),8),(9,6)),10))),((4,5),2))),(((51,18),((68,15),76)),((41,33),(39,17)))),((((16,71),(44,(50,23))),97),77)),91),(30,94)),36);
#NNI moves:0/152
Remaining: 0
#NNI moves:0/152
#NNI moves:0/152
((((((((((((((((((91,((30,94),36)),((97,((44,(23,50)),(71,16))),77)),(((18,51),((15,68),76)),((39,17),(41,33)))),((((((6,9),((11,1),8)),10),(3,12)),7),((4,5),2))),(((93,20),((25,31),(47,52))),((19,58),63))),((((62,82),(81,88)),((67,42),((((14,99),(66,28)),83),61))),(38,37))),(((96,32),57),(89,49))),((((((69,55),35),34),(70,(40,86))),(24,65)),(((87,(90,21)),79),75))),(54,98)),(((48,22),(46,85)),((74,73),(59,84)))),((64,72),78)),((13,43),((92,95),100))),80),(53,(26,56))),45),29),27),60);
#NNI moves:0/152
Remaining: 0
#NNI moves:0/152
#NNI moves:0/152
(((((((((((((((((13,43),((95,92),100)),((((29,(60,27)),45),(53,(56,26))),80)),((64,72),78)),(((85,46),(48,22)),((74,73),(84,59)))),(98,54)),((75,(((90,21),87),79)),((65,24),((70,(86,40)),(((69,55),35),34))))),((89,49),((32,96),57))),((((67,42),((((99,14),(66,28)),83),61)),((88,81),(62,82))),(38,37))),(((93,20),((52,47),(31,25))),(63,(19,58)))),((((((6,9),((11,1),8)),10),(12,3)),7),((5,4),2))),(((18,51),((15,68),76)),((17,39),(33,41)))),(77,(((44,(23,50)),(16,71)),97))),91),36),30),94);
#NNI moves:0/152
Remaining: 0
#NNI moves:0/152
#NNI moves:0/152
(((((((((((((((4,5),2),(((10,((9,6),((11,1),8))),(12,3)),7)),((((((44,(50,23)),(16,71)),97),77),(((30,94),36),91)),(((51,18),(76,(68,15))),((33,41),(39,17))))),(((58,19),63),(((31,25),(52,47)),(20,93)))),((((67,42),((83,((14,99),(66,28))),61)),((88,81),(82,62))),(38,37))),(((96,32),57),(89,49))),((((87,(21,90)),79),75),((65,24),(((35,(69,55)),34),(70,(40,86)))))),(54,98)),(((22,48),(46,85)),((73,74),(84,59)))),(78,(64,72))),((((29,(60,27)),45),(53,(26,56))),80)),(13,43)),(92,95)),100);
Current score: 4.66561e+08
Current tree: ((54,(((((((((4,5),2),(((10,((9,6),((11,1),8))),(12,3)),7)),((((((44,(50,23)),(16,71)),97),77),(((30,94),36),91)),(((51,18),(76,(68,15))),((33,41),(39,17))))),(((58,19),63),(((31,25),(52,47)),(20,93)))),((((67,42),((83,((14,99),(66,28))),61)),((88,81),(82,62))),(38,37))),(((96,32),57),(89,49))),((((87,(21,90)),79),75),((65,24),(((35,(69,55)),34),(70,(40,86)))))),((((22,48),(46,85)),((73,74),(84,59))),((78,(64,72)),(((((29,(60,27)),45),(53,(26,56))),80),((13,43),((92,95),100))))))),98);
Final Tree: ((54,(((((((((4,5),2),(((10,((9,6),((11,1),8))),(12,3)),7)),((((((44,(50,23)),(16,71)),97),77),(((30,94),36),91)),(((51,18),(76,(68,15))),((33,41),(39,17))))),(((58,19),63),(((31,25),(52,47)),(20,93)))),((((67,42),((83,((14,99),(66,28))),61)),((88,81),(82,62))),(38,37))),(((96,32),57),(89,49))),((((87,(21,90)),79),75),((65,24),(((35,(69,55)),34),(70,(40,86)))))),((((22,48),(46,85)),((73,74),(84,59))),((78,(64,72)),(((((29,(60,27)),45),(53,(26,56))),80),((13,43),((92,95),100))))))),98);
#EqQuartets: 493604117
Score: 466561312
ASTRAL for PaRalogs and Orthologs III (ASTRAL-Pro3)
*** NOW with integrated CASTLES-Pro ***
Version: v1.22.3.6
Read 512 genetrees and found 100 species.
#Genetrees: 996
#Duploss: 31012
#Species: 100
#Rounds: 4
#Samples: 4
#Threads: 1
Use two-step algorithm!
Guide Tree 0/16
#NNI moves:0/152
Guide Tree 1/16
#NNI moves:0/152
Guide Tree 2/16
#NNI moves:0/152
Guide Tree 3/16
#NNI moves:0/152
Guide Tree 4/16
#NNI moves:0/152
Guide Tree 5/16
#NNI moves:0/152
Guide Tree 6/16
#NNI moves:0/152
Guide Tree 7/16
#NNI moves:0/152
Guide Tree 8/16
#NNI moves:0/152
Guide Tree 9/16
#NNI moves:0/152
Guide Tree 10/16
#NNI moves:0/152
Guide Tree 11/16
#NNI moves:0/152
Guide Tree 12/16
#NNI moves:0/152
Guide Tree 13/16
#NNI moves:0/152
Guide Tree 14/16
#NNI moves:0/152
Guide Tree 15/16
#NNI moves:0/152
Remaining: 0
#NNI moves:2/152
#NNI moves:2/152
(((((((((((((((((20,((22,19),26)),((12,8),17)),27),((3,16),(18,11))),((24,5),(1,13))),(6,(21,2))),((23,28),(4,10))),(14,(9,15))),(25,7)),((((((((((32,74),77),(75,95)),((35,(66,68)),93)),(48,90)),(43,(33,73))),(89,99)),(((98,64),84),58)),(36,70)),((((31,44),(94,97)),(((83,((63,40),100)),34),(((53,91),57),92))),((((((38,(82,30)),((96,72),42)),49),(46,79)),60),(((62,76),56),((69,80),37)))))),((((52,((67,(61,87)),59)),(45,85)),47),39)),((88,71),(81,(54,51)))),65),((41,78),29)),55),86),50);
Guide Tree 0/16
#NNI moves:0/152
Guide Tree 1/16
#NNI moves:0/152
Guide Tree 2/16
#NNI moves:0/152
Guide Tree 3/16
#NNI moves:0/152
Guide Tree 4/16
#NNI moves:0/152
Guide Tree 5/16
#NNI moves:0/152
Guide Tree 6/16
#NNI moves:0/152
Guide Tree 7/16
#NNI moves:0/152
Guide Tree 8/16
#NNI moves:0/152
Guide Tree 9/16
#NNI moves:0/152
Guide Tree 10/16
#NNI moves:0/152
Guide Tree 11/16
#NNI moves:0/152
Guide Tree 12/16
#NNI moves:0/152
Guide Tree 13/16
#NNI moves:0/152
Guide Tree 14/16
#NNI moves:0/152
Guide Tree 15/16
#NNI moves:0/152
Remaining: 0
#NNI moves:0/152
#NNI moves:0/152
(((((((((((((((13,1),(5,24)),((((17,(8,12)),(((19,22),26),20)),27),((18,11),(16,3)))),((2,21),6)),((4,10),(28,23))),((15,9),14)),(7,25)),((((60,((((42,(72,96)),((82,30),38)),49),(46,79))),((37,(80,69)),(56,(76,62)))),(((((91,53),57),92),(((100,(63,40)),83),34)),((94,97),(31,44)))),(((((((((32,74),77),(95,75)),(((68,66),35),93)),(48,90)),((33,73),43)),(89,99)),(58,((98,64),84))),(36,70)))),((((52,(((87,61),67),59)),(85,45)),47),39)),(((54,51),81),(71,88))),65),((41,78),29)),55),86),50);
Guide Tree 0/16
#NNI moves:0/152
Guide Tree 1/16
#NNI moves:0/152
Guide Tree 2/16
#NNI moves:0/152
Guide Tree 3/16
#NNI moves:0/152
Guide Tree 4/16
#NNI moves:0/152
Guide Tree 5/16
#NNI moves:0/152
Guide Tree 6/16
#NNI moves:0/152
Guide Tree 7/16
#NNI moves:0/152
Guide Tree 8/16
#NNI moves:0/152
Guide Tree 9/16
#NNI moves:0/152
Guide Tree 10/16
#NNI moves:0/152
Guide Tree 11/16
#NNI moves:0/152
Guide Tree 12/16
#NNI moves:0/152
Guide Tree 13/16
#NNI moves:0/152
Guide Tree 14/16
#NNI moves:0/152
Guide Tree 15/16
#NNI moves:0/152
Remaining: 0
#NNI moves:6/152
#NNI moves:12/152
((((((((((((60,((46,79),(((38,(82,30)),((96,72),42)),49))),((37,(80,69)),((76,62),56))),(((34,(((63,40),100),83)),((57,(91,53)),92)),((97,94),(44,31)))),((((89,99),(((((77,(32,74)),(75,95)),((35,(68,66)),93)),(90,48)),(43,(73,33)))),(((98,64),84),58)),(36,70))),(((((((27,((20,((19,22),26)),((8,12),17))),((3,16),(11,18))),((13,1),(24,5))),((2,21),6)),((4,10),(23,28))),((9,15),14)),(25,7))),((((45,85),((59,((87,61),67)),52)),47),39)),((88,71),(81,(54,51)))),65),((78,41),29)),55),86),50);
Guide Tree 0/16
#NNI moves:0/152
Guide Tree 1/16
#NNI moves:0/152
Guide Tree 2/16
#NNI moves:0/152
Guide Tree 3/16
#NNI moves:0/152
Guide Tree 4/16
#NNI moves:0/152
Guide Tree 5/16
#NNI moves:0/152
Guide Tree 6/16
#NNI moves:0/152
Guide Tree 7/16
#NNI moves:0/152
Guide Tree 8/16
#NNI moves:0/152
Guide Tree 9/16
#NNI moves:0/152
Guide Tree 10/16
#NNI moves:0/152
Guide Tree 11/16
#NNI moves:0/152
Guide Tree 12/16
#NNI moves:0/152
Guide Tree 13/16
#NNI moves:0/152
Guide Tree 14/16
#NNI moves:0/152
Guide Tree 15/16
#NNI moves:0/152
Remaining: 0
#NNI moves:0/152
#NNI moves:0/152
(((((((((((((92,((91,53),57)),((((40,63),100),83),34)),((97,94),(31,44))),((((((42,(72,96)),(38,(30,82))),49),(46,79)),60),(((62,76),56),((69,80),37)))),((((((90,48),(((95,75),((32,74),77)),((35,(68,66)),93))),((33,73),43)),(99,89)),(58,((98,64),84))),(36,70))),(((((((((((19,22),26),20),((8,12),17)),27),((18,11),(3,16))),((5,24),(13,1))),(6,(2,21))),((23,28),(10,4))),((9,15),14)),(25,7))),(39,(47,((((67,(61,87)),59),52),(45,85))))),(((51,54),81),(71,88))),65),((78,41),29)),55),86),50);
Initial score: 4.98392e+08
Initial tree: (((((((((((((92,((91,53),57)),((((40,63),100),83),34)),((97,94),(31,44))),((((((42,(72,96)),(38,(30,82))),49),(46,79)),60),(((62,76),56),((69,80),37)))),((((((90,48),(((95,75),((32,74),77)),((35,(68,66)),93))),((33,73),43)),(99,89)),(58,((98,64),84))),(36,70))),(((((((((((19,22),26),20),((8,12),17)),27),((18,11),(3,16))),((5,24),(13,1))),(6,(2,21))),((23,28),(10,4))),((9,15),14)),(25,7))),(39,(47,((((67,(61,87)),59),52),(45,85))))),(((51,54),81),(71,88))),65),((78,41),29)),55),86),50);
*** Subsample Process ***
Use two-step algorithm!
#NNI moves:0/152
Remaining: 0
#NNI moves:6/152
#NNI moves:8/152
(((((((((((((((61,87),67),59),52),(85,45)),47),39),(((81,(51,54)),(71,88)),((((86,50),55),((78,41),29)),65))),(((((((((20,(26,(22,19))),((12,8),17)),27),((16,3),(11,18))),((1,13),(5,24))),(6,(2,21))),((23,28),(4,10))),(14,(15,9))),(7,25))),((((((33,73),43),(((93,(35,(68,66))),((77,(32,74)),(95,75))),(48,90))),(99,89)),(((64,98),84),58)),(70,36))),(((((((82,30),38),((96,72),42)),49),(79,46)),60),(((62,76),56),((80,69),37)))),((97,94),(44,31))),((57,(91,53)),92)),(((63,40),100),83)),34);
#NNI moves:0/152
Remaining: 0
#NNI moves:4/152
#NNI moves:8/152
(((((((((((((((((77,(74,32)),(75,95)),((35,(68,66)),93)),(48,90)),(43,(73,33))),(89,99)),(58,((98,64),84))),(36,70)),(((((79,46),((((96,72),42),((82,30),38)),49)),60),(((62,76),56),((80,69),37))),(((94,97),(44,31)),((34,(((63,40),100),83)),((57,(91,53)),92))))),((((((((((12,8),17),(((22,19),26),20)),27),((3,16),(18,11))),((13,1),(24,5))),((21,2),6)),((23,28),(10,4))),(14,(9,15))),(7,25))),((47,(((59,((61,87),67)),52),(45,85))),39)),(((51,54),81),(71,88))),65),(29,(41,78))),55),50),86);
#NNI moves:0/152
Remaining: 0
#NNI moves:2/152
#NNI moves:2/152
(((((((((((((((((21,2),6),((((16,3),(11,18)),(((((19,22),26),20),(17,(8,12))),27)),((5,24),(1,13)))),((23,28),(10,4))),(14,(15,9))),(25,7)),(((((52,(((87,61),67),59)),(45,85)),47),39),(((((41,78),29),((50,86),55)),65),(((54,51),81),(71,88))))),((((97,94),(44,31)),((((100,(63,40)),83),34),(((53,91),57),92))),((((69,80),37),((62,76),56)),(60,(((((82,30),38),(42,(72,96))),49),(79,46)))))),(36,70)),(58,((64,98),84))),(99,89)),((73,33),43)),(90,48)),((35,(68,66)),93)),(75,95)),(32,74)),77);
#NNI moves:0/152
Remaining: 0
#NNI moves:2/152
#NNI moves:2/152
((((((((((((((57,(53,91)),92),((((63,40),100),83),34)),((94,97),(31,44))),(((((((96,72),42),((30,82),38)),49),(46,79)),60),(((62,76),56),((69,80),37)))),((((99,89),((43,(73,33)),((((95,75),((74,32),77)),((35,(66,68)),93)),(48,90)))),(58,((98,64),84))),(70,36))),((((15,9),14),(((((((20,((19,22),26)),((8,12),17)),27),((3,16),(18,11))),((13,1),(24,5))),((2,21),6)),((28,23),(4,10)))),(25,7))),((((52,((67,(61,87)),59)),(85,45)),47),39)),((81,(54,51)),(88,71))),65),(55,(86,50))),29),78),41);
Current score: 4.98392e+08
Current tree: ((86,(55,(((((((((((57,(53,91)),92),((((63,40),100),83),34)),((94,97),(31,44))),(((((((96,72),42),((30,82),38)),49),(46,79)),60),(((62,76),56),((69,80),37)))),((((99,89),((43,(73,33)),((((95,75),((74,32),77)),((35,(66,68)),93)),(48,90)))),(58,((98,64),84))),(70,36))),((((15,9),14),(((((((20,((19,22),26)),((8,12),17)),27),((3,16),(18,11))),((13,1),(24,5))),((2,21),6)),((28,23),(4,10)))),(25,7))),((((52,((67,(61,87)),59)),(85,45)),47),39)),((81,(54,51)),(88,71))),65),(29,(78,41))))),50);
Final Tree: ((86,(55,(((((((((((57,(53,91)),92),((((63,40),100),83),34)),((94,97),(31,44))),(((((((96,72),42),((30,82),38)),49),(46,79)),60),(((62,76),56),((69,80),37)))),((((99,89),((43,(73,33)),((((95,75),((74,32),77)),((35,(66,68)),93)),(48,90)))),(58,((98,64),84))),(70,36))),((((15,9),14),(((((((20,((19,22),26)),((8,12),17)),27),((3,16),(18,11))),((13,1),(24,5))),((2,21),6)),((28,23),(4,10)))),(25,7))),((((52,((67,(61,87)),59)),(85,45)),47),39)),((81,(54,51)),(88,71))),65),(29,(78,41))))),50);
#EqQuartets: 528974279
Score: 498391664
ASTRAL for PaRalogs and Orthologs III (ASTRAL-Pro3)
*** NOW with integrated CASTLES-Pro ***
Version: v1.22.3.6
Read 512 genetrees and found 100 species.
#Genetrees: 999
#Duploss: 37013
#Species: 100
#Rounds: 4
#Samples: 4
#Threads: 1
Use two-step algorithm!
Guide Tree 0/16
#NNI moves:0/152
Guide Tree 1/16
#NNI moves:0/152
Guide Tree 2/16
#NNI moves:0/152
Guide Tree 3/16
#NNI moves:0/152
Guide Tree 4/16
#NNI moves:0/152
Guide Tree 5/16
#NNI moves:0/152
Guide Tree 6/16
#NNI moves:0/152
Guide Tree 7/16
#NNI moves:2/152
Guide Tree 8/16
#NNI moves:0/152
Guide Tree 9/16
#NNI moves:0/152
Guide Tree 10/16
#NNI moves:2/152
Guide Tree 11/16
#NNI moves:0/152
Guide Tree 12/16
#NNI moves:0/152
Guide Tree 13/16
#NNI moves:6/152
Guide Tree 14/16
#NNI moves:2/152
Guide Tree 15/16
#NNI moves:0/152
Remaining: 0
#NNI moves:6/152
#NNI moves:6/152
((((((((((((((((((51,83),59),((89,69),93)),70),((58,73),(49,((97,91),77)))),((42,43),50)),(((75,95),85),((92,56),68))),(((53,((81,(76,60)),((65,54),(87,40)))),(82,57)),(((71,86),(((44,63),61),(39,(99,67)))),((64,45),(((84,48),98),38))))),((((((72,47),37),(41,62)),88),(96,55)),(((66,94),((46,79),52)),((((74,80),(100,35)),(36,90)),78)))),(((((((21,20),26),22),(((5,2),34),13)),((3,(7,33)),(14,27))),((8,4),9)),((12,10),(30,25)))),((6,15),(1,18))),24),(31,28)),16),19),(32,(11,29))),17),23);
Guide Tree 0/16
#NNI moves:0/152
Guide Tree 1/16
#NNI moves:0/152
Guide Tree 2/16
#NNI moves:0/152
Guide Tree 3/16
#NNI moves:2/152
Guide Tree 4/16
#NNI moves:0/152
Guide Tree 5/16
#NNI moves:6/152
Guide Tree 6/16
#NNI moves:2/152
Guide Tree 7/16
#NNI moves:0/152
Guide Tree 8/16
#NNI moves:2/152
Guide Tree 9/16
#NNI moves:0/152
Guide Tree 10/16
#NNI moves:0/152
Guide Tree 11/16
#NNI moves:0/152
Guide Tree 12/16
#NNI moves:0/152
Guide Tree 13/16
#NNI moves:0/152
Guide Tree 14/16
#NNI moves:2/152
Guide Tree 15/16
#NNI moves:2/152
Remaining: 0
#NNI moves:0/152
#NNI moves:0/152
(((((((((((((((((77,(91,97)),49),(58,73)),((((69,89),93),((51,83),59)),70)),((43,42),50)),((68,(92,56)),((95,75),85))),(((((61,(63,44)),((99,67),39)),(86,71)),((38,((84,48),98)),(45,64))),(((((60,76),81),((54,65),(87,40))),53),(82,57)))),((((((72,47),37),(62,41)),88),(96,55)),((((79,46),52),(94,66)),(((90,36),((35,100),(74,80))),78)))),((((((34,(5,2)),13),((26,(21,20)),22)),(((33,7),3),(27,14))),((8,4),9)),((30,25),(10,12)))),((18,1),(6,15))),24),(28,31)),16),19),(32,(29,11))),17),23);
Guide Tree 0/16
#NNI moves:0/152
Guide Tree 1/16
#NNI moves:0/152
Guide Tree 2/16
#NNI moves:2/152
Guide Tree 3/16
#NNI moves:0/152
Guide Tree 4/16
#NNI moves:0/152
Guide Tree 5/16
#NNI moves:0/152
Guide Tree 6/16
#NNI moves:0/152
Guide Tree 7/16
#NNI moves:0/152
Guide Tree 8/16
#NNI moves:0/152
Guide Tree 9/16
#NNI moves:0/152
Guide Tree 10/16
#NNI moves:0/152
Guide Tree 11/16
#NNI moves:0/152
Guide Tree 12/16
#NNI moves:0/152
Guide Tree 13/16
#NNI moves:2/152
Guide Tree 14/16
#NNI moves:2/152
Guide Tree 15/16
#NNI moves:2/152
Remaining: 0
#NNI moves:2/152
#NNI moves:2/152
(((((((((((((((((84,48),98),38),(45,64)),((((63,44),61),((67,99),39)),(71,86))),((((81,(60,76)),((40,87),(54,65))),53),(57,82))),(((((49,((91,97),77)),(73,58)),((((83,51),59),((69,89),93)),70)),(50,(42,43))),(((75,95),85),(68,(56,92))))),(((((36,90),((80,74),(100,35))),78),((52,(79,46)),(94,66))),(((((72,47),37),(41,62)),88),(55,96)))),(((((((2,5),34),13),(((21,20),26),22)),(((7,33),3),(14,27))),((4,8),9)),((30,25),(10,12)))),((18,1),(6,15))),24),(28,31)),16),19),((29,11),32)),17),23);
Guide Tree 0/16
#NNI moves:0/152
Guide Tree 1/16
#NNI moves:0/152
Guide Tree 2/16
#NNI moves:0/152
Guide Tree 3/16
#NNI moves:0/152
Guide Tree 4/16
#NNI moves:0/152
Guide Tree 5/16
#NNI moves:0/152
Guide Tree 6/16
#NNI moves:0/152
Guide Tree 7/16
#NNI moves:0/152
Guide Tree 8/16
#NNI moves:0/152
Guide Tree 9/16
#NNI moves:0/152
Guide Tree 10/16
#NNI moves:0/152
Guide Tree 11/16
#NNI moves:2/152
Guide Tree 12/16
#NNI moves:0/152
Guide Tree 13/16
#NNI moves:2/152
Guide Tree 14/16
#NNI moves:2/152
Guide Tree 15/16
#NNI moves:0/152
Remaining: 0
#NNI moves:0/152
#NNI moves:0/152
(((((((((((((((56,92),68),((75,95),85)),((((((97,91),77),49),(73,58)),(70,(((51,83),59),((89,69),93)))),((43,42),50))),((((((48,84),98),38),(64,45)),(((61,(44,63)),((99,67),39)),(71,86))),(((((87,40),(65,54)),(81,(76,60))),53),(57,82)))),((((((47,72),37),(41,62)),88),(55,96)),((((79,46),52),(94,66)),((((74,80),(35,100)),(90,36)),78)))),((((((26,(21,20)),22),(13,((2,5),34))),(((33,7),3),(27,14))),(9,(8,4))),((25,30),(12,10)))),((15,6),(1,18))),24),(28,31)),16),19),((29,11),32)),17),23);
Initial score: 4.05755e+08
Initial tree: (((((((((((((((56,92),68),((75,95),85)),((((((97,91),77),49),(73,58)),(70,(((51,83),59),((89,69),93)))),((43,42),50))),((((((48,84),98),38),(64,45)),(((61,(44,63)),((99,67),39)),(71,86))),(((((87,40),(65,54)),(81,(76,60))),53),(57,82)))),((((((47,72),37),(41,62)),88),(55,96)),((((79,46),52),(94,66)),((((74,80),(35,100)),(90,36)),78)))),((((((26,(21,20)),22),(13,((2,5),34))),(((33,7),3),(27,14))),(9,(8,4))),((25,30),(12,10)))),((15,6),(1,18))),24),(28,31)),16),19),((29,11),32)),17),23);
*** Subsample Process ***
Use two-step algorithm!
#NNI moves:0/152
Remaining: 0
#NNI moves:6/152
#NNI moves:10/152
(((((((((((((100,35),(74,80)),(90,36)),78),((52,(79,46)),(94,66))),(((((47,72),37),(41,62)),88),(96,55))),((((((((21,20),26),22),(((2,5),34),13)),((3,(33,7)),(14,27))),((4,8),9)),((10,12),(30,25))),(((((((17,23),((29,11),32)),19),16),(28,31)),24),(15,((1,18),6))))),((((64,45),(((48,84),98),38)),((86,71),((39,(99,67)),((44,63),61)))),(((((40,87),(54,65)),((76,60),81)),53),(57,82)))),((((((97,91),77),49),(58,73)),((((89,69),93),((83,51),59)),70)),((43,42),50))),(68,(56,92))),85),95),75);
#NNI moves:0/152
Remaining: 0
#NNI moves:6/152
#NNI moves:6/152
((((((((((((((((((83,51),59),((89,69),93)),70),((73,58),((77,(97,91)),49))),(50,(42,43))),(((56,92),68),((95,75),85))),((((((87,40),(65,54)),((60,76),81)),53),(57,82)),(((64,45),((98,(84,48)),38)),(((39,(99,67)),((63,44),61)),(86,71))))),((((((72,47),37),(41,62)),88),(55,96)),(((((80,74),(100,35)),(36,90)),78),((52,(79,46)),(94,66))))),(((((((5,2),34),13),(22,(26,(20,21)))),((3,(7,33)),(14,27))),((8,4),9)),((12,10),(30,25)))),((18,1),(15,6))),24),(31,28)),16),19),((11,29),32)),23),17);
#NNI moves:0/152
Remaining: 1
#NNI moves:6/152
#NNI moves:6/152
((((((((((((((((((32,(29,11)),(23,17)),19),16),(31,28)),24),((1,18),(15,6))),(((((13,((5,2),34)),(((20,21),26),22)),(((7,33),3),(27,14))),((4,8),9)),((12,10),(30,25)))),((((((47,72),37),(62,41)),88),(55,96)),(((((35,100),(80,74)),(36,90)),78),((66,94),(52,(46,79)))))),((((((65,54),(87,40)),((60,76),81)),53),(57,82)),(((38,((48,84),98)),(64,45)),(((39,(99,67)),((63,44),61)),(86,71))))),((85,(75,95)),(68,(56,92)))),((42,43),50)),((58,73),(((97,91),77),49))),70),((89,69),93)),59),51),83);
#NNI moves:0/152
Remaining: 0
#NNI moves:4/152
#NNI moves:6/152
((((((((((((((((58,73),(49,(77,(97,91)))),(((93,(69,89)),(59,(83,51))),70)),(50,(43,42))),(((75,95),85),(68,(92,56)))),((((((48,84),98),38),(64,45)),((((67,99),39),((44,63),61)),(86,71))),((82,57),((((87,40),(65,54)),(81,(76,60))),53)))),((((((74,80),(100,35)),(90,36)),78),((94,66),((46,79),52))),((96,55),(((41,62),(37,(47,72))),88)))),(((((((21,20),26),22),(((2,5),34),13)),((14,27),((7,33),3))),(9,(4,8))),((25,30),(12,10)))),((6,15),(18,1))),24),(28,31)),16),19),(17,23)),(29,11)),32);
Current score: 4.05755e+08
Current tree: ((17,((((((((((((((58,73),(49,(77,(97,91)))),(((93,(69,89)),(59,(83,51))),70)),(50,(43,42))),(((75,95),85),(68,(92,56)))),((((((48,84),98),38),(64,45)),((((67,99),39),((44,63),61)),(86,71))),((82,57),((((87,40),(65,54)),(81,(76,60))),53)))),((((((74,80),(100,35)),(90,36)),78),((94,66),((46,79),52))),((96,55),(((41,62),(37,(47,72))),88)))),(((((((21,20),26),22),(((2,5),34),13)),((14,27),((7,33),3))),(9,(4,8))),((25,30),(12,10)))),((6,15),(18,1))),24),(28,31)),16),19),((29,11),32))),23);
Final Tree: ((17,((((((((((((((58,73),(49,(77,(97,91)))),(((93,(69,89)),(59,(83,51))),70)),(50,(43,42))),(((75,95),85),(68,(92,56)))),((((((48,84),98),38),(64,45)),((((67,99),39),((44,63),61)),(86,71))),((82,57),((((87,40),(65,54)),(81,(76,60))),53)))),((((((74,80),(100,35)),(90,36)),78),((94,66),((46,79),52))),((96,55),(((41,62),(37,(47,72))),88)))),(((((((21,20),26),22),(((2,5),34),13)),((14,27),((7,33),3))),(9,(4,8))),((25,30),(12,10)))),((6,15),(18,1))),24),(28,31)),16),19),((29,11),32))),23);
#EqQuartets: 441362599
Score: 405755083
ASTRAL for PaRalogs and Orthologs III (ASTRAL-Pro3)
*** NOW with integrated CASTLES-Pro ***
Version: v1.22.3.6
Read 512 genetrees and found 100 species.
#Genetrees: 1000
#Duploss: 36421
#Species: 100
#Rounds: 4
#Samples: 4
#Threads: 1
Use two-step algorithm!
Guide Tree 0/16
#NNI moves:0/152
Guide Tree 1/16
#NNI moves:0/152
Guide Tree 2/16
#NNI moves:0/152
Guide Tree 3/16
#NNI moves:0/152
Guide Tree 4/16
#NNI moves:2/152
Guide Tree 5/16
#NNI moves:0/152
Guide Tree 6/16
#NNI moves:0/152
Guide Tree 7/16
#NNI moves:0/152
Guide Tree 8/16
#NNI moves:0/152
Guide Tree 9/16
#NNI moves:0/152
Guide Tree 10/16
#NNI moves:0/152
Guide Tree 11/16
#NNI moves:0/152
Guide Tree 12/16
#NNI moves:0/152
Guide Tree 13/16
#NNI moves:2/152
Guide Tree 14/16
#NNI moves:0/152
Guide Tree 15/16
#NNI moves:0/152
Remaining: 0
#NNI moves:6/152
#NNI moves:6/152
((((((((((((((59,(28,75)),((65,63),61)),((((48,53),82),(86,6)),(20,36))),((21,18),78)),((14,17),((((((83,23),74),66),62),(2,7)),(((45,(80,27)),(38,67)),76)))),(((96,(92,100)),97),(((93,99),(95,94)),98))),((((((((((90,22),58),(40,(79,46))),31),(84,(5,72))),(69,70)),((44,88),15)),((10,(85,71)),89)),(((25,37),64),54)),(16,19))),(((51,(47,49)),((4,33),34)),((55,39),1))),(((73,26),(81,77)),((24,87),(((12,43),(52,(56,8))),91)))),((60,(57,11)),((41,29),((32,3),50)))),42),(35,68)),(30,9)),13);
Guide Tree 0/16
#NNI moves:0/152
Guide Tree 1/16
#NNI moves:0/152
Guide Tree 2/16
#NNI moves:0/152
Guide Tree 3/16
#NNI moves:0/152
Guide Tree 4/16
#NNI moves:0/152
Guide Tree 5/16
#NNI moves:0/152
Guide Tree 6/16
#NNI moves:0/152
Guide Tree 7/16
#NNI moves:0/152
Guide Tree 8/16
#NNI moves:0/152
Guide Tree 9/16
#NNI moves:0/152
Guide Tree 10/16
#NNI moves:0/152
Guide Tree 11/16
#NNI moves:0/152
Guide Tree 12/16
#NNI moves:0/152
Guide Tree 13/16
#NNI moves:0/152
Guide Tree 14/16
#NNI moves:0/152
Guide Tree 15/16
#NNI moves:0/152
Remaining: 1
#NNI moves:0/152
#NNI moves:0/152
(((((((((((((((63,65),61),(59,(75,28))),((((48,53),82),(86,6)),(20,36))),((21,18),78)),((((62,(((23,83),74),66)),(2,7)),(((67,38),((80,27),45)),76)),(17,14))),((((94,95),(93,99)),98),(((100,92),96),97))),((16,19),(((((70,69),(((((46,79),40),(58,(90,22))),31),(84,(5,72)))),(15,(44,88))),(((85,71),10),89)),((64,(25,37)),54)))),((((49,47),51),(34,(33,4))),(1,(55,39)))),(((((52,(56,8)),(43,12)),91),(87,24)),((26,73),(81,77)))),(((50,(3,32)),(29,41)),(60,(57,11)))),42),(68,35)),(9,30)),13);
Guide Tree 0/16
#NNI moves:0/152
Guide Tree 1/16
#NNI moves:0/152
Guide Tree 2/16
#NNI moves:0/152
Guide Tree 3/16
#NNI moves:0/152
Guide Tree 4/16
#NNI moves:0/152
Guide Tree 5/16
#NNI moves:0/152
Guide Tree 6/16
#NNI moves:0/152
Guide Tree 7/16
#NNI moves:0/152
Guide Tree 8/16
#NNI moves:0/152
Guide Tree 9/16
#NNI moves:0/152
Guide Tree 10/16
#NNI moves:0/152
Guide Tree 11/16
#NNI moves:0/152
Guide Tree 12/16
#NNI moves:0/152
Guide Tree 13/16
#NNI moves:0/152
Guide Tree 14/16
#NNI moves:0/152
Guide Tree 15/16
#NNI moves:0/152
Remaining: 1
#NNI moves:2/152
#NNI moves:2/152
((((((((((((((69,70),((31,(((22,90),58),(40,(46,79)))),((72,5),84))),(15,(44,88))),(89,((71,85),10))),(54,((37,25),64))),(19,16)),((((((((48,53),82),(6,86)),(20,36)),(((28,75),59),((63,65),61))),((18,21),78)),(((((67,38),((27,80),45)),76),((2,7),((((83,23),74),66),62))),(17,14))),((((99,93),(95,94)),98),(97,(96,(92,100)))))),((((47,49),51),(34,(4,33))),((39,55),1))),(((73,26),(77,81)),((91,((43,12),((8,56),52))),(87,24)))),(((50,(32,3)),(41,29)),(60,(57,11)))),42),(68,35)),(9,30)),13);
Guide Tree 0/16
#NNI moves:0/152
Guide Tree 1/16
#NNI moves:0/152
Guide Tree 2/16
#NNI moves:0/152
Guide Tree 3/16
#NNI moves:0/152
Guide Tree 4/16
#NNI moves:0/152
Guide Tree 5/16
#NNI moves:0/152
Guide Tree 6/16
#NNI moves:0/152
Guide Tree 7/16
#NNI moves:0/152
Guide Tree 8/16
#NNI moves:0/152
Guide Tree 9/16
#NNI moves:0/152
Guide Tree 10/16
#NNI moves:0/152
Guide Tree 11/16
#NNI moves:0/152
Guide Tree 12/16
#NNI moves:0/152
Guide Tree 13/16
#NNI moves:0/152
Guide Tree 14/16
#NNI moves:0/152
Guide Tree 15/16
#NNI moves:0/152
Remaining: 0
#NNI moves:0/152
#NNI moves:0/152
(((((((((((((((6,86),(82,(53,48))),(36,20)),((61,(63,65)),((75,28),59))),(78,(21,18))),((((62,(((83,23),74),66)),(2,7)),(((45,(80,27)),(67,38)),76)),(14,17))),(((96,(92,100)),97),(((93,99),(94,95)),98))),((((((71,85),10),89),(((((((22,90),58),(40,(46,79))),31),((5,72),84)),(69,70)),(15,(44,88)))),(54,((25,37),64))),(16,19))),(((39,55),1),(((49,47),51),(34,(33,4))))),(((26,73),(77,81)),((((43,12),((56,8),52)),91),(87,24)))),(((57,11),60),(((32,3),50),(29,41)))),42),(35,68)),(9,30)),13);
Initial score: 3.94206e+08
Initial tree: (((((((((((((((6,86),(82,(53,48))),(36,20)),((61,(63,65)),((75,28),59))),(78,(21,18))),((((62,(((83,23),74),66)),(2,7)),(((45,(80,27)),(67,38)),76)),(14,17))),(((96,(92,100)),97),(((93,99),(94,95)),98))),((((((71,85),10),89),(((((((22,90),58),(40,(46,79))),31),((5,72),84)),(69,70)),(15,(44,88)))),(54,((25,37),64))),(16,19))),(((39,55),1),(((49,47),51),(34,(33,4))))),(((26,73),(77,81)),((((43,12),((56,8),52)),91),(87,24)))),(((57,11),60),(((32,3),50),(29,41)))),42),(35,68)),(9,30)),13);
*** Subsample Process ***
Use two-step algorithm!
#NNI moves:0/152
Remaining: 0
#NNI moves:8/152
#NNI moves:8/152
((((((((((((((((32,3),50),(41,29)),(60,(57,11))),(42,(((9,30),13),(35,68)))),(((73,26),(77,81)),((((12,43),((8,56),52)),91),(87,24)))),((((47,49),51),((4,33),34)),((39,55),1))),(((((((((58,(90,22)),(40,(46,79))),31),((72,5),84)),(70,69)),((88,44),15)),(((71,85),10),89)),(54,(64,(25,37)))),(19,16))),(((96,(100,92)),97),(((95,94),(99,93)),98))),(((((((23,83),74),66),62),(7,2)),(((38,67),((80,27),45)),76)),(17,14))),((21,18),78)),((59,(28,75)),((63,65),61))),(36,20)),(82,(53,48))),86),6);
#NNI moves:0/152
Remaining: 2
#NNI moves:0/152
#NNI moves:0/152
((((((((((((((((90,22),58),(40,(46,79))),31),((5,72),84)),(70,69)),((44,88),15)),(((71,85),10),89)),(((37,25),64),54)),(19,16)),((((((((48,53),82),(86,6)),(36,20)),(((75,28),59),((63,65),61))),((18,21),78)),((((7,2),((((23,83),74),66),62)),(((38,67),(45,(27,80))),76)),(17,14))),((((99,93),(95,94)),98),(97,((100,92),96))))),((1,(39,55)),(((4,33),34),((47,49),51)))),(((((12,43),(52,(56,8))),91),(24,87)),((81,77),(26,73)))),(((11,57),60),(((32,3),50),(41,29)))),(((30,9),13),(68,35))),42);
#NNI moves:0/152
Remaining: 0
#NNI moves:4/152
#NNI moves:10/152
(((((((((((((((((((86,6),(82,(53,48))),(20,36)),((59,(75,28)),((65,63),61))),(78,(18,21))),(((((45,(27,80)),(38,67)),76),(((((23,83),74),66),62),(7,2))),(17,14))),((((92,100),96),97),(98,((99,93),(95,94))))),(((((60,(57,11)),(((32,3),50),(29,41))),((((9,30),13),(35,68)),42)),(((91,(((8,56),52),(43,12))),(87,24)),((26,73),(81,77)))),(((55,39),1),((51,(47,49)),(34,(33,4)))))),(19,16)),((64,(25,37)),54)),(((71,85),10),89)),((44,88),15)),(69,70)),((5,72),84)),31),(40,(46,79))),58),90),22);
#NNI moves:0/152
Remaining: 0
#NNI moves:6/152
#NNI moves:6/152
(((((((((((((59,(75,28)),(61,(63,65))),((((53,48),82),(86,6)),(36,20))),((21,18),78)),((((2,7),((66,((23,83),74)),62)),(((45,(80,27)),(38,67)),76)),(14,17))),(((96,(92,100)),97),(((93,99),(94,95)),98))),(((((37,25),64),54),(((10,(85,71)),89),(((69,70),(((5,72),84),(31,((40,(79,46)),((90,22),58))))),((44,88),15)))),(19,16))),(((34,(4,33)),(51,(47,49))),((55,39),1))),(((73,26),(77,81)),(((((56,8),52),(43,12)),91),(24,87)))),(((68,35),((9,30),13)),42)),(((3,32),50),(41,29))),(11,57)),60);
Current score: 3.94206e+08
Current tree: (((9,30),((68,35),(42,((((((((((59,(75,28)),(61,(63,65))),((((53,48),82),(86,6)),(36,20))),((21,18),78)),((((2,7),((66,((23,83),74)),62)),(((45,(80,27)),(38,67)),76)),(14,17))),(((96,(92,100)),97),(((93,99),(94,95)),98))),(((((37,25),64),54),(((10,(85,71)),89),(((69,70),(((5,72),84),(31,((40,(79,46)),((90,22),58))))),((44,88),15)))),(19,16))),(((34,(4,33)),(51,(47,49))),((55,39),1))),(((73,26),(77,81)),(((((56,8),52),(43,12)),91),(24,87)))),((((3,32),50),(41,29)),((11,57),60)))))),13);
Final Tree: (((9,30),((68,35),(42,((((((((((59,(75,28)),(61,(63,65))),((((53,48),82),(86,6)),(36,20))),((21,18),78)),((((2,7),((66,((23,83),74)),62)),(((45,(80,27)),(38,67)),76)),(14,17))),(((96,(92,100)),97),(((93,99),(94,95)),98))),(((((37,25),64),54),(((10,(85,71)),89),(((69,70),(((5,72),84),(31,((40,(79,46)),((90,22),58))))),((44,88),15)))),(19,16))),(((34,(4,33)),(51,(47,49))),((55,39),1))),(((73,26),(77,81)),(((((56,8),52),(43,12)),91),(24,87)))),((((3,32),50),(41,29)),((11,57),60)))))),13);
#EqQuartets: 423535257
Score: 394206391
ASTRAL for PaRalogs and Orthologs III (ASTRAL-Pro3)
*** NOW with integrated CASTLES-Pro ***
Version: v1.22.3.6
Read 512 genetrees and found 100 species.
#Genetrees: 954
#Duploss: 34993
#Species: 100
#Rounds: 4
#Samples: 4
#Threads: 1
Use two-step algorithm!
Guide Tree 0/16
#NNI moves:0/152
Guide Tree 1/16
#NNI moves:0/152
Guide Tree 2/16
#NNI moves:0/152
Guide Tree 3/16
#NNI moves:0/152
Guide Tree 4/16
#NNI moves:0/152
Guide Tree 5/16
#NNI moves:0/152
Guide Tree 6/16
#NNI moves:0/152
Guide Tree 7/16
#NNI moves:0/152
Guide Tree 8/16
#NNI moves:0/152
Guide Tree 9/16
#NNI moves:0/152
Guide Tree 10/16
#NNI moves:0/152
Guide Tree 11/16
#NNI moves:0/152
Guide Tree 12/16
#NNI moves:0/152
Guide Tree 13/16
#NNI moves:0/152
Guide Tree 14/16
#NNI moves:0/152
Guide Tree 15/16
#NNI moves:0/152
Remaining: 0
#NNI moves:0/152
#NNI moves:0/152
((((((((((((((((((((38,56),(11,68)),54),((((75,13),(98,18)),31),(80,(20,95)))),((42,12),(93,(99,6)))),((24,(82,(71,76))),35)),(81,(92,100))),(((16,(29,46)),91),((9,64),73))),((1,2),3)),(((33,50),((78,74),53)),(((((36,(4,84)),((85,62),25)),19),15),(((17,((40,23),44)),(49,37)),(((14,90),7),8))))),(((((58,72),77),34),65),(69,48))),((79,(((5,21),96),55)),94)),(89,((51,22),(60,45)))),32),(((((((((86,41),83),10),((26,87),30)),(63,(66,88))),43),(61,97)),28),27)),47),(57,52)),(39,67)),70),59);
Guide Tree 0/16
#NNI moves:0/152
Guide Tree 1/16
#NNI moves:0/152
Guide Tree 2/16
#NNI moves:0/152
Guide Tree 3/16
#NNI moves:0/152
Guide Tree 4/16
#NNI moves:0/152
Guide Tree 5/16
#NNI moves:0/152
Guide Tree 6/16
#NNI moves:0/152
Guide Tree 7/16
#NNI moves:0/152
Guide Tree 8/16
#NNI moves:0/152
Guide Tree 9/16
#NNI moves:0/152
Guide Tree 10/16
#NNI moves:0/152
Guide Tree 11/16
#NNI moves:0/152
Guide Tree 12/16
#NNI moves:0/152
Guide Tree 13/16
#NNI moves:0/152
Guide Tree 14/16
#NNI moves:0/152
Guide Tree 15/16
#NNI moves:0/152
Remaining: 0
#NNI moves:0/152
#NNI moves:0/152
((((((((((((((((((((95,20),80),(((13,75),(98,18)),31)),(((11,68),(38,56)),54)),(((6,99),93),(42,12))),(35,(((71,76),82),24))),((100,92),81)),((91,((29,46),16)),((64,9),73))),((2,1),3)),((((((36,(4,84)),((62,85),25)),19),15),((((44,(23,40)),17),(49,37)),((7,(90,14)),8))),((33,50),((74,78),53)))),((65,((77,(72,58)),34)),(48,69))),(((55,(96,(21,5))),79),94)),(((45,60),(51,22)),89)),32),(((((((((86,41),83),10),((26,87),30)),((88,66),63)),43),(97,61)),28),27)),47),(52,57)),(67,39)),70),59);
Guide Tree 0/16
#NNI moves:0/152
Guide Tree 1/16
#NNI moves:0/152
Guide Tree 2/16
#NNI moves:0/152
Guide Tree 3/16
#NNI moves:0/152
Guide Tree 4/16
#NNI moves:0/152
Guide Tree 5/16
#NNI moves:0/152
Guide Tree 6/16
#NNI moves:0/152
Guide Tree 7/16
#NNI moves:0/152
Guide Tree 8/16
#NNI moves:0/152
Guide Tree 9/16
#NNI moves:0/152
Guide Tree 10/16
#NNI moves:0/152
Guide Tree 11/16
#NNI moves:0/152
Guide Tree 12/16
#NNI moves:0/152
Guide Tree 13/16
#NNI moves:0/152
Guide Tree 14/16
#NNI moves:0/152
Guide Tree 15/16
#NNI moves:0/152
Remaining: 0
#NNI moves:0/152
#NNI moves:0/152
((((((((((((((((((((20,95),80),(((98,18),(13,75)),31)),(((68,11),(38,56)),54)),((42,12),((6,99),93))),((24,(82,(76,71))),35)),((100,92),81)),((((46,29),16),91),((64,9),73))),((1,2),3)),((((((90,14),7),8),(((44,(23,40)),17),(49,37))),((((36,(84,4)),(25,(85,62))),19),15)),((33,50),((78,74),53)))),((65,((77,(72,58)),34)),(69,48))),(((55,(96,(5,21))),79),94)),(((51,22),(60,45)),89)),32),((((((((83,(41,86)),10),((87,26),30)),(63,(66,88))),43),(61,97)),28),27)),47),(52,57)),(39,67)),70),59);
Guide Tree 0/16
#NNI moves:0/152
Guide Tree 1/16
#NNI moves:0/152
Guide Tree 2/16
#NNI moves:0/152
Guide Tree 3/16
#NNI moves:0/152
Guide Tree 4/16
#NNI moves:0/152
Guide Tree 5/16
#NNI moves:0/152
Guide Tree 6/16
#NNI moves:0/152
Guide Tree 7/16
#NNI moves:0/152
Guide Tree 8/16
#NNI moves:0/152
Guide Tree 9/16
#NNI moves:0/152
Guide Tree 10/16
#NNI moves:0/152
Guide Tree 11/16
#NNI moves:0/152
Guide Tree 12/16
#NNI moves:0/152
Guide Tree 13/16
#NNI moves:0/152
Guide Tree 14/16
#NNI moves:0/152
Guide Tree 15/16
#NNI moves:0/152
Remaining: 0
#NNI moves:0/152
#NNI moves:0/152
(((((((((((((((((((((98,18),(75,13)),31),(80,(20,95))),(((56,38),(68,11)),54)),(((99,6),93),(42,12))),((((76,71),82),24),35)),((92,100),81)),((((46,29),16),91),((9,64),73))),((2,1),3)),((((19,(((85,62),25),(36,(4,84)))),15),(((37,49),(17,((40,23),44))),((7,(14,90)),8))),((50,33),(53,(74,78))))),(((34,(77,(58,72))),65),(69,48))),(94,(((96,(5,21)),55),79))),(89,((60,45),(51,22)))),32),(((((((66,88),63),((((41,86),83),10),((26,87),30))),43),(61,97)),28),27)),47),(52,57)),(39,67)),70),59);
Initial score: 4.76731e+08
Initial tree: (((((((((((((((((((((98,18),(75,13)),31),(80,(20,95))),(((56,38),(68,11)),54)),(((99,6),93),(42,12))),((((76,71),82),24),35)),((92,100),81)),((((46,29),16),91),((9,64),73))),((2,1),3)),((((19,(((85,62),25),(36,(4,84)))),15),(((37,49),(17,((40,23),44))),((7,(14,90)),8))),((50,33),(53,(74,78))))),(((34,(77,(58,72))),65),(69,48))),(94,(((96,(5,21)),55),79))),(89,((60,45),(51,22)))),32),(((((((66,88),63),((((41,86),83),10),((26,87),30))),43),(61,97)),28),27)),47),(52,57)),(39,67)),70),59);
*** Subsample Process ***
Use two-step algorithm!
#NNI moves:0/152
Remaining: 0
#NNI moves:0/152
#NNI moves:0/152
(((((((((((((((((((((((((86,41),83),10),(30,(87,26))),((66,88),63)),43),(97,61)),28),27),((((67,39),(70,59)),(52,57)),47)),32),(89,((60,45),(22,51)))),((79,(55,((5,21),96))),94)),((69,48),((((72,58),77),34),65))),((((19,(((85,62),25),(36,(4,84)))),15),((((90,14),7),8),((((23,40),44),17),(49,37)))),(((78,74),53),(50,33)))),(3,(2,1))),(((9,64),73),((16,(29,46)),91))),(81,(92,100))),((24,((76,71),82)),35)),((42,12),((6,99),93))),((((75,13),(18,98)),31),((95,20),80))),54),(56,38)),11),68);
#NNI moves:0/152
Remaining: 0
#NNI moves:0/152
#NNI moves:0/152
(((((((((((((((((((((75,13),(18,98)),31),(80,(95,20))),(((11,68),(56,38)),54)),((93,(99,6)),(12,42))),((((76,71),82),24),35)),((100,92),81)),(((16,(46,29)),91),((64,9),73))),((2,1),3)),(((((((85,62),25),(36,(84,4))),19),15),((((90,14),7),8),((((23,40),44),17),(49,37)))),(((78,74),53),(33,50)))),((69,48),((((58,72),77),34),65))),(((((21,5),96),55),79),94)),(((22,51),(60,45)),89)),32),(((((((((41,86),83),10),((87,26),30)),((88,66),63)),43),(61,97)),28),27)),47),(57,52)),(39,67)),59),70);
#NNI moves:0/152
Remaining: 0
#NNI moves:0/152
#NNI moves:0/152
((((((((((((((((((((((87,26),30),(((86,41),83),10)),(63,(66,88))),43),(97,61)),28),27),(((52,57),((59,70),(39,67))),47)),32),(((45,60),(51,22)),89)),(((((21,5),96),55),79),94)),((69,48),((((58,72),77),34),65))),(((((((62,85),25),(36,(84,4))),19),15),(((((40,23),44),17),(49,37)),(((90,14),7),8))),((33,50),((74,78),53)))),((2,1),3)),(((16,(46,29)),91),(73,(64,9)))),(81,(92,100))),(((82,(76,71)),24),35)),(((31,((13,75),(18,98))),((20,95),80)),(((11,68),(56,38)),54))),((99,6),93)),42),12);
#NNI moves:0/152
Remaining: 0
#NNI moves:0/152
#NNI moves:0/152
(((((((((((((((((((((49,37),(17,((40,23),44))),(8,((14,90),7))),(15,((((85,62),25),((4,84),36)),19))),(((78,74),53),(33,50))),((((((((6,99),93),(42,12)),(((80,(20,95)),(((18,98),(75,13)),31)),(((68,11),(56,38)),54))),((24,(82,(71,76))),35)),((100,92),81)),((91,(16,(29,46))),((9,64),73))),((2,1),3))),((48,69),((((58,72),77),34),65))),(94,((55,((5,21),96)),79))),(((60,45),(51,22)),89)),32),((((67,39),(70,59)),(52,57)),47)),27),28),(61,97)),43),((66,88),63)),(30,(87,26))),10),83),41),86);
Current score: 4.76731e+08
Current tree: ((70,((67,39),((52,57),(47,(((((((((((49,37),(17,((40,23),44))),(8,((14,90),7))),(15,((((85,62),25),((4,84),36)),19))),(((78,74),53),(33,50))),((((((((6,99),93),(42,12)),(((80,(20,95)),(((18,98),(75,13)),31)),(((68,11),(56,38)),54))),((24,(82,(71,76))),35)),((100,92),81)),((91,(16,(29,46))),((9,64),73))),((2,1),3))),((48,69),((((58,72),77),34),65))),(94,((55,((5,21),96)),79))),(((60,45),(51,22)),89)),32),(27,(28,((61,97),(43,(((66,88),63),((30,(87,26)),(10,(83,(41,86)))))))))))))),59);
Final Tree: ((70,((67,39),((52,57),(47,(((((((((((49,37),(17,((40,23),44))),(8,((14,90),7))),(15,((((85,62),25),((4,84),36)),19))),(((78,74),53),(33,50))),((((((((6,99),93),(42,12)),(((80,(20,95)),(((18,98),(75,13)),31)),(((68,11),(56,38)),54))),((24,(82,(71,76))),35)),((100,92),81)),((91,(16,(29,46))),((9,64),73))),((2,1),3))),((48,69),((((58,72),77),34),65))),(94,((55,((5,21),96)),79))),(((60,45),(51,22)),89)),32),(27,(28,((61,97),(43,(((66,88),63),((30,(87,26)),(10,(83,(41,86)))))))))))))),59);
#EqQuartets: 509558212
Score: 476731189
ASTRAL for PaRalogs and Orthologs III (ASTRAL-Pro3)
*** NOW with integrated CASTLES-Pro ***
Version: v1.22.3.6
Read 512 genetrees and found 100 species.
#Genetrees: 985
#Duploss: 32049
#Species: 100
#Rounds: 4
#Samples: 4
#Threads: 1
Use two-step algorithm!
Guide Tree 0/16
#NNI moves:0/152
Guide Tree 1/16
#NNI moves:0/152
Guide Tree 2/16
#NNI moves:0/152
Guide Tree 3/16
#NNI moves:0/152
Guide Tree 4/16
#NNI moves:0/152
Guide Tree 5/16
#NNI moves:0/152
Guide Tree 6/16
#NNI moves:0/152
Guide Tree 7/16
#NNI moves:0/152
Guide Tree 8/16
#NNI moves:0/152
Guide Tree 9/16
#NNI moves:0/152
Guide Tree 10/16
#NNI moves:0/152
Guide Tree 11/16
#NNI moves:0/152
Guide Tree 12/16
#NNI moves:0/152
Guide Tree 13/16
#NNI moves:0/152
Guide Tree 14/16
#NNI moves:0/152
Guide Tree 15/16
#NNI moves:0/152
Remaining: 0
#NNI moves:0/152
#NNI moves:0/152
((((((((((((((((((79,66),64),((62,53),54)),27),((13,89),48)),((((73,(74,21)),52),((1,16),(5,4))),((60,19),7))),(((((80,81),(((91,6),20),((40,42),88))),14),63),((((25,59),22),(((87,36),15),(90,10))),(((72,75),(24,39)),(85,(61,17)))))),(((67,56),50),((((((32,83),76),((68,11),86)),23),26),((12,55),8)))),((((77,41),(((69,37),(92,70)),30)),(((49,51),((35,33),44)),(((31,43),((29,71),3)),45))),82)),((28,84),(57,58))),((38,65),47)),(46,34)),((78,2),((18,9),93))),(99,97)),98),(94,95)),96),100);
Guide Tree 0/16
#NNI moves:0/152
Guide Tree 1/16
#NNI moves:0/152
Guide Tree 2/16
#NNI moves:0/152
Guide Tree 3/16
#NNI moves:0/152
Guide Tree 4/16
#NNI moves:0/152
Guide Tree 5/16
#NNI moves:0/152
Guide Tree 6/16
#NNI moves:0/152
Guide Tree 7/16
#NNI moves:0/152
Guide Tree 8/16
#NNI moves:0/152
Guide Tree 9/16
#NNI moves:0/152
Guide Tree 10/16
#NNI moves:0/152
Guide Tree 11/16
#NNI moves:0/152
Guide Tree 12/16
#NNI moves:0/152
Guide Tree 13/16
#NNI moves:0/152
Guide Tree 14/16
#NNI moves:0/152
Guide Tree 15/16
#NNI moves:0/152
Remaining: 0
#NNI moves:0/152
#NNI moves:0/152
(((((((((((((((((80,81),(((91,6),20),(88,(42,40)))),14),63),(((22,(59,25)),((90,10),(15,(87,36)))),(((75,72),(24,39)),((61,17),85)))),(((((4,5),(16,1)),((73,(21,74)),52)),(7,(19,60))),(((((62,53),54),((79,66),64)),27),(48,(13,89))))),((((23,((86,(11,68)),((83,32),76))),26),((12,55),8)),((56,67),50))),((((((70,92),(37,69)),30),(77,41)),(((44,(35,33)),(49,51)),((((71,29),3),(31,43)),45))),82)),((58,57),(28,84))),((38,65),47)),(46,34)),(((18,9),93),(2,78))),(99,97)),98),(95,94)),96),100);
Guide Tree 0/16
#NNI moves:0/152
Guide Tree 1/16
#NNI moves:0/152
Guide Tree 2/16
#NNI moves:0/152
Guide Tree 3/16
#NNI moves:0/152
Guide Tree 4/16
#NNI moves:0/152
Guide Tree 5/16
#NNI moves:0/152
Guide Tree 6/16
#NNI moves:0/152
Guide Tree 7/16
#NNI moves:0/152
Guide Tree 8/16
#NNI moves:0/152
Guide Tree 9/16
#NNI moves:0/152
Guide Tree 10/16
#NNI moves:0/152
Guide Tree 11/16
#NNI moves:0/152
Guide Tree 12/16
#NNI moves:0/152
Guide Tree 13/16
#NNI moves:0/152
Guide Tree 14/16
#NNI moves:0/152
Guide Tree 15/16
#NNI moves:0/152
Remaining: 0
#NNI moves:2/152
#NNI moves:2/152
(((((((((((((((((5,4),(16,1)),(52,((21,74),73))),((60,19),7)),(((((79,66),64),((53,62),54)),27),((89,13),48))),((((((36,87),15),(10,90)),((59,25),22)),(((72,75),(39,24)),((17,61),85))),((14,(((20,(91,6)),(88,(42,40))),(80,81))),63))),((((12,55),8),(26,((((11,68),86),((83,32),76)),23))),((56,67),50))),((((((3,(29,71)),(31,43)),45),((51,49),(44,(35,33)))),((((70,92),(69,37)),30),(77,41))),82)),((58,57),(84,28))),(47,(38,65))),(46,34)),((78,2),(93,(9,18)))),(99,97)),98),(95,94)),96),100);
Guide Tree 0/16
#NNI moves:0/152
Guide Tree 1/16
#NNI moves:0/152
Guide Tree 2/16
#NNI moves:0/152
Guide Tree 3/16
#NNI moves:0/152
Guide Tree 4/16
#NNI moves:0/152
Guide Tree 5/16
#NNI moves:0/152
Guide Tree 6/16
#NNI moves:0/152
Guide Tree 7/16
#NNI moves:0/152
Guide Tree 8/16
#NNI moves:0/152
Guide Tree 9/16
#NNI moves:0/152
Guide Tree 10/16
#NNI moves:0/152
Guide Tree 11/16
#NNI moves:0/152
Guide Tree 12/16
#NNI moves:0/152
Guide Tree 13/16
#NNI moves:0/152
Guide Tree 14/16
#NNI moves:0/152
Guide Tree 15/16
#NNI moves:0/152
Remaining: 0
#NNI moves:0/152
#NNI moves:0/152
(((((((((((((((((17,61),85),((39,24),(72,75))),((22,(25,59)),((90,10),(15,(36,87))))),(63,((((88,(40,42)),((91,6),20)),(80,81)),14))),((((((21,74),73),52),((16,1),(5,4))),((60,19),7)),((27,(((79,66),64),(54,(62,53)))),((89,13),48)))),((((55,12),8),((23,((76,(32,83)),((68,11),86))),26)),(50,(56,67)))),((((30,((69,37),(70,92))),(77,41)),((45,((3,(29,71)),(31,43))),(((33,35),44),(51,49)))),82)),((28,84),(57,58))),(47,(65,38))),(46,34)),((2,78),((9,18),93))),(99,97)),98),(95,94)),96),100);
Initial score: 5.00074e+08
Initial tree: (((((((((((((((((17,61),85),((39,24),(72,75))),((22,(25,59)),((90,10),(15,(36,87))))),(63,((((88,(40,42)),((91,6),20)),(80,81)),14))),((((((21,74),73),52),((16,1),(5,4))),((60,19),7)),((27,(((79,66),64),(54,(62,53)))),((89,13),48)))),((((55,12),8),((23,((76,(32,83)),((68,11),86))),26)),(50,(56,67)))),((((30,((69,37),(70,92))),(77,41)),((45,((3,(29,71)),(31,43))),(((33,35),44),(51,49)))),82)),((28,84),(57,58))),(47,(65,38))),(46,34)),((2,78),((9,18),93))),(99,97)),98),(95,94)),96),100);
*** Subsample Process ***
Use two-step algorithm!
#NNI moves:0/152
Remaining: 0
#NNI moves:0/152
#NNI moves:0/152
(((((((((((((((69,37),(92,70)),30),(41,77)),(((51,49),((35,33),44)),(45,((43,31),((71,29),3))))),82),(((57,58),(84,28)),(((((((96,100),(95,94)),98),(99,97)),((78,2),((18,9),93))),(34,46)),((38,65),47)))),((((55,12),8),((((76,(32,83)),((11,68),86)),23),26)),(50,(56,67)))),((((52,(73,(74,21))),((1,16),(4,5))),(7,(19,60))),(((((79,66),64),((53,62),54)),27),((89,13),48)))),((((((91,6),20),((42,40),88)),(81,80)),14),63)),(((59,25),22),((10,90),((36,87),15)))),(85,(17,61))),(39,24)),72),75);
#NNI moves:0/152
Remaining: 0
#NNI moves:0/152
#NNI moves:0/152
(((((((((((((((((39,24),(75,72)),(85,(17,61))),((((87,36),15),(90,10)),((59,25),22))),(((((88,(40,42)),(20,(6,91))),(80,81)),14),63)),(((((73,(74,21)),52),((1,16),(4,5))),(7,(60,19))),(((13,89),48),(27,(((62,53),54),(64,(66,79))))))),((((12,55),8),((((76,(32,83)),((11,68),86)),23),26)),((56,67),50))),((((((33,35),44),(51,49)),((((29,71),3),(31,43)),45)),((((37,69),(70,92)),30),(77,41))),82)),((57,58),(84,28))),((65,38),47)),(34,46)),((78,2),(93,(9,18)))),(97,99)),98),(94,95)),100),96);
#NNI moves:0/152
Remaining: 0
#NNI moves:0/152
#NNI moves:0/152
(((((((((((((((37,69),(70,92)),30),(77,41)),(((((71,29),3),(31,43)),45),(((33,35),44),(51,49)))),82),((((((78,2),((9,18),93)),((98,((95,94),(100,96))),(99,97))),(46,34)),((38,65),47)),((57,58),(28,84)))),((((55,12),8),(((((68,11),86),(76,(32,83))),23),26)),(50,(56,67)))),((((((74,21),73),52),((5,4),(16,1))),(7,(19,60))),((((64,(66,79)),((53,62),54)),27),((13,89),48)))),((((((91,6),20),((42,40),88)),(80,81)),14),63)),(((25,59),22),(((36,87),15),(10,90)))),((72,75),(39,24))),85),17),61);
#NNI moves:0/152
Remaining: 0
#NNI moves:0/152
#NNI moves:0/152
(((((((((((((((((40,42),88),((91,6),20)),(81,80)),14),63),((((90,10),((87,36),15)),((25,59),22)),(((72,75),(24,39)),(85,(61,17))))),((((((79,66),64),(54,(53,62))),27),(48,(89,13))),((((5,4),(16,1)),(52,((74,21),73))),(7,(60,19))))),((((((76,(32,83)),((68,11),86)),23),26),(8,(55,12))),((56,67),50))),(((((((29,71),3),(31,43)),45),(((33,35),44),(49,51))),((30,((70,92),(69,37))),(41,77))),82)),((84,28),(58,57))),(47,(65,38))),(34,46)),(((18,9),93),(2,78))),(97,99)),((95,94),(96,100))),98);
Current score: 5.00074e+08
Current tree: ((96,((95,94),((((((((((((((((40,42),88),((91,6),20)),(81,80)),14),63),((((90,10),((87,36),15)),((25,59),22)),(((72,75),(24,39)),(85,(61,17))))),((((((79,66),64),(54,(53,62))),27),(48,(89,13))),((((5,4),(16,1)),(52,((74,21),73))),(7,(60,19))))),((((((76,(32,83)),((68,11),86)),23),26),(8,(55,12))),((56,67),50))),(((((((29,71),3),(31,43)),45),(((33,35),44),(49,51))),((30,((70,92),(69,37))),(41,77))),82)),((84,28),(58,57))),(47,(65,38))),(34,46)),(((18,9),93),(2,78))),(97,99)),98))),100);
Final Tree: ((96,((95,94),((((((((((((((((40,42),88),((91,6),20)),(81,80)),14),63),((((90,10),((87,36),15)),((25,59),22)),(((72,75),(24,39)),(85,(61,17))))),((((((79,66),64),(54,(53,62))),27),(48,(89,13))),((((5,4),(16,1)),(52,((74,21),73))),(7,(60,19))))),((((((76,(32,83)),((68,11),86)),23),26),(8,(55,12))),((56,67),50))),(((((((29,71),3),(31,43)),45),(((33,35),44),(49,51))),((30,((70,92),(69,37))),(41,77))),82)),((84,28),(58,57))),(47,(65,38))),(34,46)),(((18,9),93),(2,78))),(97,99)),98))),100);
#EqQuartets: 542268862
Score: 500074180
ASTRAL for PaRalogs and Orthologs III (ASTRAL-Pro3)
*** NOW with integrated CASTLES-Pro ***
Version: v1.22.3.6
Read 512 genetrees and found 100 species.
#Genetrees: 998
#Duploss: 34546
#Species: 100
#Rounds: 4
#Samples: 4
#Threads: 1
Use two-step algorithm!
Guide Tree 0/16
#NNI moves:0/152
Guide Tree 1/16
#NNI moves:0/152
Guide Tree 2/16
#NNI moves:0/152
Guide Tree 3/16
#NNI moves:6/152
Guide Tree 4/16
#NNI moves:2/152
Guide Tree 5/16
#NNI moves:0/152
Guide Tree 6/16
#NNI moves:0/152
Guide Tree 7/16
#NNI moves:0/152
Guide Tree 8/16
#NNI moves:0/152
Guide Tree 9/16
#NNI moves:0/152
Guide Tree 10/16
#NNI moves:6/152
Guide Tree 11/16
#NNI moves:2/152
Guide Tree 12/16
#NNI moves:2/152
Guide Tree 13/16
#NNI moves:0/152
Guide Tree 14/16
#NNI moves:2/152
Guide Tree 15/16
#NNI moves:0/152
Remaining: 0
#NNI moves:0/152
#NNI moves:0/152
(((((((((((((55,((19,40),35)),(((46,((29,39),1)),(25,17)),4)),23),(((((54,41),51),((12,44),65)),59),(((32,5),50),45))),(52,(61,31))),((((((18,26),36),43),(60,66)),((7,8),(27,34))),(((37,14),28),24))),((((9,10),(11,38)),22),(((((78,(((((89,(85,90)),(76,92)),100),(99,75)),(((87,71),84),((82,95),97)))),((73,96),70)),(94,93)),((((80,81),(86,((77,(79,74)),(67,72)))),((91,88),(68,83))),98)),69))),(((57,(2,58)),((((56,20),((3,42),63)),21),48)),((53,15),13))),(30,33)),((62,6),16)),47),49),64);
Guide Tree 0/16
#NNI moves:0/152
Guide Tree 1/16
#NNI moves:0/152
Guide Tree 2/16
#NNI moves:0/152
Guide Tree 3/16
#NNI moves:0/152
Guide Tree 4/16
#NNI moves:0/152
Guide Tree 5/16
#NNI moves:0/152
Guide Tree 6/16
#NNI moves:0/152
Guide Tree 7/16
#NNI moves:0/152
Guide Tree 8/16
#NNI moves:0/152
Guide Tree 9/16
#NNI moves:0/152
Guide Tree 10/16
#NNI moves:0/152
Guide Tree 11/16
#NNI moves:0/152
Guide Tree 12/16
#NNI moves:0/152
Guide Tree 13/16
#NNI moves:0/152
Guide Tree 14/16
#NNI moves:0/152
Guide Tree 15/16
#NNI moves:0/152
Remaining: 0
#NNI moves:0/152
#NNI moves:0/152
(((((((((((((55,(35,(40,19))),(((17,25),(((39,29),1),46)),4)),23),(((((44,12),65),(51,(41,54))),59),(45,((32,5),50)))),(52,(61,31))),(((((36,(26,18)),43),(66,60)),((34,27),(8,7))),((28,(37,14)),24))),(((((((((((76,92),((85,90),89)),100),(75,99)),((97,(82,95)),((71,87),84))),78),(70,(96,73))),(93,94)),((((80,81),(((67,72),((74,79),77)),86)),((68,83),(91,88))),98)),69),(22,((38,11),(9,10))))),(((((((42,3),63),(20,56)),21),48),((58,2),57)),((53,15),13))),(33,30)),((62,6),16)),47),49),64);
Guide Tree 0/16
#NNI moves:0/152
Guide Tree 1/16
#NNI moves:0/152
Guide Tree 2/16
#NNI moves:0/152
Guide Tree 3/16
#NNI moves:0/152
Guide Tree 4/16
#NNI moves:0/152
Guide Tree 5/16
#NNI moves:0/152
Guide Tree 6/16
#NNI moves:0/152
Guide Tree 7/16
#NNI moves:0/152
Guide Tree 8/16
#NNI moves:0/152
Guide Tree 9/16
#NNI moves:0/152
Guide Tree 10/16
#NNI moves:0/152
Guide Tree 11/16
#NNI moves:0/152
Guide Tree 12/16
#NNI moves:0/152
Guide Tree 13/16
#NNI moves:0/152
Guide Tree 14/16
#NNI moves:0/152
Guide Tree 15/16
#NNI moves:2/152
Remaining: 0
#NNI moves:2/152
#NNI moves:2/152
((((((((((((((80,81),(((67,72),((79,74),77)),86)),((88,91),(83,68))),98),((((((84,(87,71)),((82,95),97)),((((92,76),(89,(85,90))),100),(99,75))),78),((96,73),70)),(93,94))),69),(((9,10),(38,11)),22)),((((((4,((((29,39),1),46),(25,17))),(((19,40),35),55)),23),((45,((32,5),50)),((((12,44),65),((54,41),51)),59))),((31,61),52)),(((((36,(26,18)),43),(60,66)),((7,8),(27,34))),(((37,14),28),24)))),(((((((3,42),63),(20,56)),21),48),(57,(2,58))),((15,53),13))),(33,30)),(16,(62,6))),47),49),64);
Guide Tree 0/16
#NNI moves:0/152
Guide Tree 1/16
#NNI moves:0/152
Guide Tree 2/16
#NNI moves:0/152
Guide Tree 3/16
#NNI moves:0/152
Guide Tree 4/16
#NNI moves:0/152
Guide Tree 5/16
#NNI moves:0/152
Guide Tree 6/16
#NNI moves:0/152
Guide Tree 7/16
#NNI moves:0/152
Guide Tree 8/16
#NNI moves:0/152
Guide Tree 9/16
#NNI moves:0/152
Guide Tree 10/16
#NNI moves:0/152
Guide Tree 11/16
#NNI moves:0/152
Guide Tree 12/16
#NNI moves:0/152
Guide Tree 13/16
#NNI moves:0/152
Guide Tree 14/16
#NNI moves:0/152
Guide Tree 15/16
#NNI moves:0/152
Remaining: 0
#NNI moves:6/152
#NNI moves:6/152
((((((((((((((83,68),(91,88)),((81,80),(86,((77,(79,74)),(67,72))))),98),((((((99,75),(((76,92),(89,(90,85))),100)),(((71,87),84),(97,(82,95)))),78),(70,(96,73))),(94,93))),69),(((38,11),(10,9)),22)),(((24,((37,14),28)),(((7,8),(34,27)),((60,66),((36,(18,26)),43)))),(((((4,(((1,(29,39)),46),(25,17))),(((40,19),35),55)),23),(((((54,41),51),(65,(44,12))),59),(45,((32,5),50)))),(52,(61,31))))),(((15,53),13),(((((20,56),(63,(3,42))),21),48),(57,(58,2))))),(30,33)),((6,62),16)),47),49),64);
Initial score: 4.46761e+08
Initial tree: ((((((((((((((83,68),(91,88)),((81,80),(86,((77,(79,74)),(67,72))))),98),((((((99,75),(((76,92),(89,(90,85))),100)),(((71,87),84),(97,(82,95)))),78),(70,(96,73))),(94,93))),69),(((38,11),(10,9)),22)),(((24,((37,14),28)),(((7,8),(34,27)),((60,66),((36,(18,26)),43)))),(((((4,(((1,(29,39)),46),(25,17))),(((40,19),35),55)),23),(((((54,41),51),(65,(44,12))),59),(45,((32,5),50)))),(52,(61,31))))),(((15,53),13),(((((20,56),(63,(3,42))),21),48),(57,(58,2))))),(30,33)),((6,62),16)),47),49),64);
*** Subsample Process ***
Use two-step algorithm!
#NNI moves:0/152
Remaining: 0
#NNI moves:0/152
#NNI moves:0/152
(((((((((((((23,((4,((((29,39),1),46),(17,25))),((35,(19,40)),55))),(((50,(5,32)),45),(((65,(12,44)),((54,41),51)),59))),(52,(61,31))),((((37,14),28),24),(((60,66),(43,((26,18),36))),((27,34),(7,8))))),(((((((63,(42,3)),(56,20)),21),48),(57,(2,58))),(13,(53,15))),((((49,64),47),((6,62),16)),(33,30)))),(((10,9),(11,38)),22)),69),((((((((92,76),((85,90),89)),100),(99,75)),(((95,82),97),(84,(87,71)))),78),((96,73),70)),(93,94))),98),((91,88),(83,68))),(86,(((79,74),77),(67,72)))),80),81);
#NNI moves:0/152
Remaining: 0
#NNI moves:14/152
#NNI moves:14/152
(((((((((((((((((29,39),1),46),(25,17)),4),(((40,19),35),55)),23),(((((54,41),51),((44,12),65)),59),(((32,5),50),45))),((31,61),52)),((24,((14,37),28)),(((60,66),(43,((18,26),36))),((8,7),(27,34))))),((((((((((95,82),97),((71,87),84)),((75,99),((((85,90),89),(76,92)),100))),78),((96,73),70)),(93,94)),((((91,88),(68,83)),((80,81),(86,(((79,74),77),(67,72))))),98)),69),(((11,38),(10,9)),22))),((((((56,20),(63,(42,3))),21),48),((58,2),57)),(13,(15,53)))),(33,30)),((62,6),16)),47),64),49);
#NNI moves:0/152
Remaining: 0
#NNI moves:0/152
#NNI moves:0/152
(((((((((((((((((((88,91),(68,83)),((81,80),(((77,(79,74)),(67,72)),86))),98),((((((75,99),((((85,90),89),(76,92)),100)),(((95,82),97),(84,(71,87)))),78),((73,96),70)),(94,93))),69),(((38,11),(10,9)),22)),(((((2,58),57),(48,(21,(((3,42),63),(20,56))))),((15,53),13)),((((62,6),16),((64,49),47)),(33,30)))),((((60,66),(((18,26),36),43)),((7,8),(27,34))),(((37,14),28),24))),(52,(31,61))),(((((54,41),51),((44,12),65)),59),((50,(32,5)),45))),23),(55,(35,(40,19)))),4),(17,25)),46),1),39),29);
#NNI moves:0/152
Remaining: 0
#NNI moves:0/152
#NNI moves:0/152
(((((((((((((4,((25,17),((1,(39,29)),46))),(((40,19),35),55)),23),((((51,(54,41)),((12,44),65)),59),(((32,5),50),45))),(52,(61,31))),((((43,((18,26),36)),(66,60)),((34,27),(7,8))),(((37,14),28),24))),(((((((83,68),(91,88)),((86,((77,(74,79)),(72,67))),(81,80))),98),(((((((82,95),97),((87,71),84)),(((((90,85),89),(92,76)),100),(99,75))),78),((96,73),70)),(94,93))),69),(((38,11),(10,9)),22))),(((57,(58,2)),(((((3,42),63),(20,56)),21),48)),(13,(15,53)))),(30,33)),(47,(49,64))),16),6),62);
Current score: 4.46761e+08
Current tree: ((49,(47,((((((((((4,((25,17),((1,(39,29)),46))),(((40,19),35),55)),23),((((51,(54,41)),((12,44),65)),59),(((32,5),50),45))),(52,(61,31))),((((43,((18,26),36)),(66,60)),((34,27),(7,8))),(((37,14),28),24))),(((((((83,68),(91,88)),((86,((77,(74,79)),(72,67))),(81,80))),98),(((((((82,95),97),((87,71),84)),(((((90,85),89),(92,76)),100),(99,75))),78),((96,73),70)),(94,93))),69),(((38,11),(10,9)),22))),(((57,(58,2)),(((((3,42),63),(20,56)),21),48)),(13,(15,53)))),(30,33)),(16,(6,62))))),64);
Final Tree: ((49,(47,((((((((((4,((25,17),((1,(39,29)),46))),(((40,19),35),55)),23),((((51,(54,41)),((12,44),65)),59),(((32,5),50),45))),(52,(61,31))),((((43,((18,26),36)),(66,60)),((34,27),(7,8))),(((37,14),28),24))),(((((((83,68),(91,88)),((86,((77,(74,79)),(72,67))),(81,80))),98),(((((((82,95),97),((87,71),84)),(((((90,85),89),(92,76)),100),(99,75))),78),((96,73),70)),(94,93))),69),(((38,11),(10,9)),22))),(((57,(58,2)),(((((3,42),63),(20,56)),21),48)),(13,(15,53)))),(30,33)),(16,(6,62))))),64);
#EqQuartets: 479923980
Score: 446761221
ASTRAL for PaRalogs and Orthologs III (ASTRAL-Pro3)
*** NOW with integrated CASTLES-Pro ***
Version: v1.22.3.6
Read 512 genetrees and found 100 species.
#Genetrees: 995
#Duploss: 34340
#Species: 100
#Rounds: 4
#Samples: 4
#Threads: 1
Use two-step algorithm!
Guide Tree 0/16
#NNI moves:0/152
Guide Tree 1/16
#NNI moves:0/152
Guide Tree 2/16
#NNI moves:0/152
Guide Tree 3/16
#NNI moves:0/152
Guide Tree 4/16
#NNI moves:0/152
Guide Tree 5/16
#NNI moves:0/152
Guide Tree 6/16
#NNI moves:0/152
Guide Tree 7/16
#NNI moves:0/152
Guide Tree 8/16
#NNI moves:0/152
Guide Tree 9/16
#NNI moves:0/152
Guide Tree 10/16
#NNI moves:0/152
Guide Tree 11/16
#NNI moves:0/152
Guide Tree 12/16
#NNI moves:0/152
Guide Tree 13/16
#NNI moves:0/152
Guide Tree 14/16
#NNI moves:0/152
Guide Tree 15/16
#NNI moves:0/152
Remaining: 0
#NNI moves:26/152
#NNI moves:26/152
(((((((((((((((49,47),38),91),94),((((48,(61,65)),(70,52)),80),43)),54),((90,76),83)),(((((((67,55),39),78),84),(75,86)),(((57,74),71),((40,45),(51,46)))),58)),(((((((88,37),(89,92)),(69,(41,81))),(((64,56),87),(60,53))),(42,85)),(((96,82),66),(73,95))),((((100,(79,68)),59),77),((((44,72),36),63),(98,50))))),(((99,62),93),97)),((((((17,9),(15,32)),11),(22,20)),(((19,13),(23,(12,21))),(6,34))),(28,((29,24),16)))),(((35,18),((25,10),(5,26))),(3,(2,8)))),(27,7)),(((14,4),1),(33,31))),30);
Guide Tree 0/16
#NNI moves:0/152
Guide Tree 1/16
#NNI moves:0/152
Guide Tree 2/16
#NNI moves:0/152
Guide Tree 3/16
#NNI moves:0/152
Guide Tree 4/16
#NNI moves:0/152
Guide Tree 5/16
#NNI moves:2/152
Guide Tree 6/16
#NNI moves:0/152
Guide Tree 7/16
#NNI moves:0/152
Guide Tree 8/16
#NNI moves:0/152
Guide Tree 9/16
#NNI moves:0/152
Guide Tree 10/16
#NNI moves:0/152
Guide Tree 11/16
#NNI moves:0/152
Guide Tree 12/16
#NNI moves:0/152
Guide Tree 13/16
#NNI moves:0/152
Guide Tree 14/16
#NNI moves:0/152
Guide Tree 15/16
#NNI moves:0/152
Remaining: 0
#NNI moves:0/152
#NNI moves:0/152
((((((((((((43,((((65,61),48),(52,70)),80)),((((49,47),38),91),94)),54),((90,76),83)),(((((((67,55),39),78),84),(75,86)),(((51,46),(40,45)),((74,57),71))),58)),(((((((37,88),(92,89)),((41,81),69)),(((64,56),87),(60,53))),(85,42)),((73,95),((82,96),66))),(((59,((68,79),100)),77),(((36,(72,44)),63),(98,50))))),(((62,99),93),97)),(((((23,(12,21)),(13,19)),(34,6)),((11,((17,9),(32,15))),(20,22))),(((24,29),16),28))),(((18,35),((5,26),(25,10))),(3,(8,2)))),(7,27)),(((14,4),1),(33,31))),30);
Guide Tree 0/16
#NNI moves:0/152
Guide Tree 1/16
#NNI moves:0/152
Guide Tree 2/16
#NNI moves:0/152
Guide Tree 3/16
#NNI moves:0/152
Guide Tree 4/16
#NNI moves:0/152
Guide Tree 5/16
#NNI moves:0/152
Guide Tree 6/16
#NNI moves:0/152
Guide Tree 7/16
#NNI moves:0/152
Guide Tree 8/16
#NNI moves:0/152
Guide Tree 9/16
#NNI moves:0/152
Guide Tree 10/16
#NNI moves:0/152
Guide Tree 11/16
#NNI moves:0/152
Guide Tree 12/16
#NNI moves:0/152
Guide Tree 13/16
#NNI moves:0/152
Guide Tree 14/16
#NNI moves:0/152
Guide Tree 15/16
#NNI moves:0/152
Remaining: 0
#NNI moves:2/152
#NNI moves:2/152
(((((((((((((51,46),(40,45)),(71,(74,57))),(((((55,67),39),78),84),(86,75))),58),(((((91,(38,(49,47))),94),((80,(((65,61),48),(52,70))),43)),54),(83,(90,76)))),(((((((64,56),87),(53,60)),(((88,37),(92,89)),((81,41),69))),(42,85)),(((82,96),66),(95,73))),(((50,98),(63,((72,44),36))),(((100,(79,68)),59),77)))),((93,(62,99)),97)),((((((32,15),(9,17)),11),(20,22)),((6,34),((23,(12,21)),(13,19)))),(28,((29,24),16)))),(((35,18),((10,25),(5,26))),((2,8),3))),(7,27)),(((4,14),1),(31,33))),30);
Guide Tree 0/16
#NNI moves:0/152
Guide Tree 1/16
#NNI moves:2/152
Guide Tree 2/16
#NNI moves:2/152
Guide Tree 3/16
#NNI moves:0/152
Guide Tree 4/16
#NNI moves:2/152
Guide Tree 5/16
#NNI moves:0/152
Guide Tree 6/16
#NNI moves:0/152
Guide Tree 7/16
#NNI moves:0/152
Guide Tree 8/16
#NNI moves:0/152
Guide Tree 9/16
#NNI moves:2/152
Guide Tree 10/16
#NNI moves:2/152
Guide Tree 11/16
#NNI moves:2/152
Guide Tree 12/16
#NNI moves:2/152
Guide Tree 13/16
#NNI moves:2/152
Guide Tree 14/16
#NNI moves:2/152
Guide Tree 15/16
#NNI moves:0/152
Remaining: 0
#NNI moves:0/152
#NNI moves:0/152
(((((((((((((87,(56,64)),(60,53)),(((37,88),(89,92)),(69,(41,81)))),(42,85)),((95,73),((82,96),66))),(((((72,44),36),63),(98,50)),(((100,(79,68)),59),77))),((((76,90),83),(((((((61,65),48),(70,52)),80),43),(((38,(49,47)),91),94)),54)),(58,(((84,(((67,55),39),78)),(75,86)),(((51,46),(40,45)),((57,74),71)))))),(((62,99),93),97)),((((((9,17),(32,15)),11),(20,22)),((34,6),(((21,12),23),(19,13)))),(28,((24,29),16)))),((3,(2,8)),(((10,25),(26,5)),(18,35)))),(27,7)),((33,31),((4,14),1))),30);
Initial score: 4.94241e+08
Initial tree: (((((((((((((87,(56,64)),(60,53)),(((37,88),(89,92)),(69,(41,81)))),(42,85)),((95,73),((82,96),66))),(((((72,44),36),63),(98,50)),(((100,(79,68)),59),77))),((((76,90),83),(((((((61,65),48),(70,52)),80),43),(((38,(49,47)),91),94)),54)),(58,(((84,(((67,55),39),78)),(75,86)),(((51,46),(40,45)),((57,74),71)))))),(((62,99),93),97)),((((((9,17),(32,15)),11),(20,22)),((34,6),(((21,12),23),(19,13)))),(28,((24,29),16)))),((3,(2,8)),(((10,25),(26,5)),(18,35)))),(27,7)),((33,31),((4,14),1))),30);
*** Subsample Process ***
Use two-step algorithm!
#NNI moves:0/152
Remaining: 0
#NNI moves:6/152
#NNI moves:14/152
(((((((((((((((((61,65),48),(52,70)),80),43),((((49,47),38),91),94)),54),(83,(90,76))),(((((45,40),(46,51)),((74,57),71)),(((78,((55,67),39)),84),(75,86))),58)),((((((((32,15),(17,9)),11),(20,22)),(((19,13),((12,21),23)),(34,6))),(28,((29,24),16))),((((2,8),3),(((10,25),(5,26)),(18,35))),((((31,33),((4,14),1)),30),(7,27)))),((93,(62,99)),97))),((((100,(68,79)),59),77),((98,50),(((72,44),36),63)))),((66,(82,96)),(95,73))),(85,42)),(((92,89),(88,37)),((41,81),69))),(60,53)),(56,64)),87);
#NNI moves:0/152
Remaining: 0
#NNI moves:14/152
#NNI moves:14/152
(((((((((((((((((55,67),39),78),84),(86,75)),((71,(74,57)),((40,45),(46,51)))),58),((((((38,(47,49)),91),94),((80,((70,52),((61,65),48))),43)),54),((90,76),83))),((((((72,44),36),63),(98,50)),((((68,79),100),59),77)),(((((60,53),((64,56),87)),(((92,89),(88,37)),(69,(81,41)))),(85,42)),((66,(82,96)),(95,73))))),((93,(62,99)),97)),((((((15,32),(17,9)),11),(20,22)),(((19,13),((21,12),23)),(6,34))),(((24,29),16),28))),((((25,10),(26,5)),(18,35)),((2,8),3))),(7,27)),30),(1,(14,4))),33),31);
#NNI moves:0/152
Remaining: 0
#NNI moves:0/152
#NNI moves:0/152
((((((((((((((((53,60),(87,(56,64))),((69,(81,41)),((92,89),(88,37)))),(85,42)),((73,95),((96,82),66))),(((((79,68),100),59),77),((98,50),(63,((72,44),36))))),((((((((15,32),(9,17)),11),(20,22)),(((13,19),((21,12),23)),(6,34))),(((29,24),16),28)),((((2,8),3),(((26,5),(25,10)),(18,35))),(((((14,4),1),(31,33)),30),(7,27)))),((93,(99,62)),97))),(((((((49,47),38),91),94),(((((61,65),48),(52,70)),80),43)),54),(83,(90,76)))),58),(((45,40),(51,46)),((57,74),71))),(75,86)),84),78),39),67),55);
#NNI moves:0/152
Remaining: 0
#NNI moves:2/152
#NNI moves:2/152
(((((((((((((((82,96),66),(73,95)),(((((56,64),87),(60,53)),(((89,92),(37,88)),(69,(41,81)))),(85,42))),((((100,(79,68)),59),77),((50,98),(((44,72),36),63)))),((((((((49,47),38),91),94),((((70,52),((61,65),48)),80),43)),54),((76,90),83)),(58,(((86,75),(84,((39,(55,67)),78))),(((74,57),71),((40,45),(51,46))))))),(97,((99,62),93))),((28,((24,29),16)),(((6,34),(((21,12),23),(19,13))),((((32,15),(17,9)),11),(22,20))))),((((10,25),(5,26)),(35,18)),(3,(8,2)))),(27,7)),30),(31,33)),1),4),14);
Current score: 4.94241e+08
Current tree: ((((((((((((82,96),66),(73,95)),(((((56,64),87),(60,53)),(((89,92),(37,88)),(69,(41,81)))),(85,42))),((((100,(79,68)),59),77),((50,98),(((44,72),36),63)))),((((((((49,47),38),91),94),((((70,52),((61,65),48)),80),43)),54),((76,90),83)),(58,(((86,75),(84,((39,(55,67)),78))),(((74,57),71),((40,45),(51,46))))))),(97,((99,62),93))),((28,((24,29),16)),(((6,34),(((21,12),23),(19,13))),((((32,15),(17,9)),11),(22,20))))),((((10,25),(5,26)),(35,18)),(3,(8,2)))),(27,7)),((31,33),(1,(4,14)))),30);
Final Tree: ((((((((((((82,96),66),(73,95)),(((((56,64),87),(60,53)),(((89,92),(37,88)),(69,(41,81)))),(85,42))),((((100,(79,68)),59),77),((50,98),(((44,72),36),63)))),((((((((49,47),38),91),94),((((70,52),((61,65),48)),80),43)),54),((76,90),83)),(58,(((86,75),(84,((39,(55,67)),78))),(((74,57),71),((40,45),(51,46))))))),(97,((99,62),93))),((28,((24,29),16)),(((6,34),(((21,12),23),(19,13))),((((32,15),(17,9)),11),(22,20))))),((((10,25),(5,26)),(35,18)),(3,(8,2)))),(27,7)),((31,33),(1,(4,14)))),30);
#EqQuartets: 539230796
Score: 494240672
ASTRAL for PaRalogs and Orthologs III (ASTRAL-Pro3)
*** NOW with integrated CASTLES-Pro ***
Version: v1.22.3.6
Read 512 genetrees and found 100 species.
#Genetrees: 999
#Duploss: 29452
#Species: 100
#Rounds: 4
#Samples: 4
#Threads: 1
Use two-step algorithm!
Guide Tree 0/16
#NNI moves:0/152
Guide Tree 1/16
#NNI moves:0/152
Guide Tree 2/16
#NNI moves:0/152
Guide Tree 3/16
#NNI moves:0/152
Guide Tree 4/16
#NNI moves:0/152
Guide Tree 5/16
#NNI moves:0/152
Guide Tree 6/16
#NNI moves:0/152
Guide Tree 7/16
#NNI moves:0/152
Guide Tree 8/16
#NNI moves:0/152
Guide Tree 9/16
#NNI moves:0/152
Guide Tree 10/16
#NNI moves:0/152
Guide Tree 11/16
#NNI moves:0/152
Guide Tree 12/16
#NNI moves:0/152
Guide Tree 13/16
#NNI moves:0/152
Guide Tree 14/16
#NNI moves:0/152
Guide Tree 15/16
#NNI moves:0/152
Remaining: 0
#NNI moves:0/152
#NNI moves:0/152
(((((((((46,(((83,69),87),(58,96))),84),(((68,90),82),75)),(((((((((((15,24),(41,3)),21),4),10),(30,26)),44),((31,((35,((17,37),8)),29)),(6,1))),((9,(28,14)),((25,12),36))),(((42,23),((((((((((5,38),20),11),45),27),39),34),(13,40)),2),33)),((32,19),((43,16),7)))),(18,22))),(((((((((85,(63,94)),77),((47,100),(64,51))),(50,(52,95))),56),(88,71)),(((65,61),(((97,86),99),80)),(59,(54,66)))),((((89,78),81),92),74)),(93,76))),(((55,(62,49)),73),(((57,(67,79)),91),70))),(60,(98,48))),53),72);
Guide Tree 0/16
#NNI moves:0/152
Guide Tree 1/16
#NNI moves:0/152
Guide Tree 2/16
#NNI moves:0/152
Guide Tree 3/16
#NNI moves:0/152
Guide Tree 4/16
#NNI moves:0/152
Guide Tree 5/16
#NNI moves:0/152
Guide Tree 6/16
#NNI moves:0/152
Guide Tree 7/16
#NNI moves:0/152
Guide Tree 8/16
#NNI moves:0/152
Guide Tree 9/16
#NNI moves:0/152
Guide Tree 10/16
#NNI moves:0/152
Guide Tree 11/16
#NNI moves:0/152
Guide Tree 12/16
#NNI moves:0/152
Guide Tree 13/16
#NNI moves:0/152
Guide Tree 14/16
#NNI moves:0/152
Guide Tree 15/16
#NNI moves:0/152
Remaining: 0
#NNI moves:0/152
#NNI moves:0/152
((((((((((((6,1),((((8,(17,37)),35),29),31)),(((((((24,15),(41,3)),21),4),10),(30,26)),44)),(((14,28),9),((12,25),36))),((((((((((((5,38),20),11),45),27),39),34),(40,13)),2),33),(42,23)),((7,(16,43)),(19,32)))),(22,18)),(((((96,58),(87,(83,69))),46),84),(((90,68),82),75))),(((((((((85,(63,94)),77),((47,100),(51,64))),((95,52),50)),56),(71,88)),(((((86,97),99),80),(65,61)),(59,(54,66)))),(((81,(78,89)),92),74)),(93,76))),((((49,62),55),73),((91,((79,67),57)),70))),((48,98),60)),53),72);
Guide Tree 0/16
#NNI moves:0/152
Guide Tree 1/16
#NNI moves:0/152
Guide Tree 2/16
#NNI moves:0/152
Guide Tree 3/16
#NNI moves:0/152
Guide Tree 4/16
#NNI moves:0/152
Guide Tree 5/16
#NNI moves:0/152
Guide Tree 6/16
#NNI moves:0/152
Guide Tree 7/16
#NNI moves:0/152
Guide Tree 8/16
#NNI moves:0/152
Guide Tree 9/16
#NNI moves:0/152
Guide Tree 10/16
#NNI moves:0/152
Guide Tree 11/16
#NNI moves:0/152
Guide Tree 12/16
#NNI moves:0/152
Guide Tree 13/16
#NNI moves:0/152
Guide Tree 14/16
#NNI moves:0/152
Guide Tree 15/16
#NNI moves:0/152
Remaining: 0
#NNI moves:70/152
#NNI moves:70/152
((((((((((((((((((((5,38),20),11),45),27),39),34),(40,13)),2),33),(23,42)),((32,19),((16,43),7))),(((9,(28,14)),((25,12),36)),(((((35,(8,(17,37))),29),31),(6,1)),(((((((41,3),(15,24)),21),4),10),(30,26)),44)))),(22,18)),(((((96,58),((83,69),87)),46),84),(((68,90),82),75))),(((((88,71),(56,(((((94,63),85),77),((100,47),(51,64))),(50,(95,52))))),(((80,(99,(97,86))),(65,61)),((66,54),59))),(((81,(89,78)),92),74)),(93,76))),(((((67,79),57),91),70),(((49,62),55),73))),((48,98),60)),53),72);
Guide Tree 0/16
#NNI moves:0/152
Guide Tree 1/16
#NNI moves:0/152
Guide Tree 2/16
#NNI moves:0/152
Guide Tree 3/16
#NNI moves:0/152
Guide Tree 4/16
#NNI moves:0/152
Guide Tree 5/16
#NNI moves:0/152
Guide Tree 6/16
#NNI moves:0/152
Guide Tree 7/16
#NNI moves:2/152
Guide Tree 8/16
#NNI moves:0/152
Guide Tree 9/16
#NNI moves:0/152
Guide Tree 10/16
#NNI moves:0/152
Guide Tree 11/16
#NNI moves:0/152
Guide Tree 12/16
#NNI moves:0/152
Guide Tree 13/16
#NNI moves:0/152
Guide Tree 14/16
#NNI moves:0/152
Guide Tree 15/16
#NNI moves:0/152
Remaining: 0
#NNI moves:0/152
#NNI moves:0/152
(((((((((((((((((3,41),(15,24)),21),4),10),(30,26)),44),(((((8,(37,17)),35),29),31),(6,1))),(((28,14),9),((25,12),36))),((((((((((((38,5),20),11),45),27),39),34),(13,40)),2),33),(23,42)),((7,(16,43)),(32,19)))),(22,18)),(((((58,96),((69,83),87)),46),84),(((90,68),82),75))),(((((((((100,47),(64,51)),(77,(85,(63,94)))),(50,(95,52))),56),(88,71)),((((99,(97,86)),80),(65,61)),((54,66),59))),((((89,78),81),92),74)),(93,76))),((((62,49),55),73),((((79,67),57),91),70))),(60,(48,98))),53),72);
Initial score: 5.10816e+08
Initial tree: (((((((((((((((((3,41),(15,24)),21),4),10),(30,26)),44),(((((8,(37,17)),35),29),31),(6,1))),(((28,14),9),((25,12),36))),((((((((((((38,5),20),11),45),27),39),34),(13,40)),2),33),(23,42)),((7,(16,43)),(32,19)))),(22,18)),(((((58,96),((69,83),87)),46),84),(((90,68),82),75))),(((((((((100,47),(64,51)),(77,(85,(63,94)))),(50,(95,52))),56),(88,71)),((((99,(97,86)),80),(65,61)),((54,66),59))),((((89,78),81),92),74)),(93,76))),((((62,49),55),73),((((79,67),57),91),70))),(60,(48,98))),53),72);
*** Subsample Process ***
Use two-step algorithm!
#NNI moves:0/152
Remaining: 0
#NNI moves:2/152
#NNI moves:2/152
(((((((((((((((((((((((85,(63,94)),77),((47,100),(51,64))),(50,(95,52))),56),(88,71)),(((66,54),59),(((99,(86,97)),80),(61,65)))),((((89,78),81),92),74)),(76,93)),(((60,(48,98)),(53,72)),((((57,(79,67)),91),70),(73,((49,62),55))))),((((68,90),82),75),(((((69,83),87),(58,96)),46),84))),(18,22)),((((((((((((38,5),20),11),45),27),39),34),(40,13)),2),33),(23,42)),((19,32),((16,43),7)))),(((25,12),36),((28,14),9))),((((((17,37),8),35),29),31),(6,1))),44),(26,30)),10),4),21),(15,24)),3),41);
#NNI moves:0/152
Remaining: 0
#NNI moves:4/152
#NNI moves:4/152
(((((((((((((((21,((3,41),(24,15))),4),10),(26,30)),44),((((((17,37),8),35),29),31),(6,1))),(((25,12),36),((14,28),9))),((((((((((((5,38),20),11),45),27),39),34),(40,13)),2),33),(23,42)),((32,19),((16,43),7)))),(18,22)),((75,((90,68),82)),((46,((96,58),((69,83),87))),84))),((((((((77,((94,63),85)),((47,100),(64,51))),(50,(95,52))),56),(88,71)),(((54,66),59),((((97,86),99),80),(65,61)))),((((78,89),81),92),74)),(93,76))),((((57,(67,79)),91),70),(((49,62),55),73))),(53,72)),(98,48)),60);
#NNI moves:0/152
Remaining: 0
#NNI moves:6/152
#NNI moves:6/152
((((((((((((((((((((85,(94,63)),77),((100,47),(51,64))),(50,(95,52))),56),(71,88)),(((((86,97),99),80),(65,61)),((54,66),59))),((((78,89),81),92),74)),(93,76)),(((70,(91,((67,79),57))),((55,(49,62)),73)),(((48,98),60),(72,53)))),(((82,(90,68)),75),((46,((87,(69,83)),(96,58))),84))),(22,18)),((((((((((((38,5),20),11),45),27),39),34),(13,40)),2),33),(23,42)),((32,19),((43,16),7)))),(((25,12),36),(9,(28,14)))),((((((17,37),8),35),29),31),(6,1))),44),(26,30)),10),(((24,15),(3,41)),21)),4);
#NNI moves:0/152
Remaining: 0
#NNI moves:6/152
#NNI moves:6/152
(((((((((((((((30,26),(((((15,24),(41,3)),21),4),10)),44),((1,6),(((((37,17),8),35),29),31))),((36,(12,25)),((28,14),9))),((((((((((11,(20,(38,5))),45),27),39),34),(13,40)),2),33),(42,23)),(((16,43),7),(19,32)))),(18,22)),(((46,((96,58),((69,83),87))),84),(((68,90),82),75))),(((((((((85,(63,94)),77),((64,51),(47,100))),(50,(52,95))),56),(88,71)),(((((97,86),99),80),(65,61)),((54,66),59))),((((89,78),81),92),74)),(76,93))),((53,72),((48,98),60))),((((67,79),57),91),70)),73),55),49),62);
Current score: 5.10816e+08
Current tree: ((53,(((48,98),60),((((((((((30,26),(((((15,24),(41,3)),21),4),10)),44),((1,6),(((((37,17),8),35),29),31))),((36,(12,25)),((28,14),9))),((((((((((11,(20,(38,5))),45),27),39),34),(13,40)),2),33),(42,23)),(((16,43),7),(19,32)))),(18,22)),(((46,((96,58),((69,83),87))),84),(((68,90),82),75))),(((((((((85,(63,94)),77),((64,51),(47,100))),(50,(52,95))),56),(88,71)),(((((97,86),99),80),(65,61)),((54,66),59))),((((89,78),81),92),74)),(76,93))),(((((67,79),57),91),70),(73,(55,(49,62))))))),72);
Final Tree: ((53,(((48,98),60),((((((((((30,26),(((((15,24),(41,3)),21),4),10)),44),((1,6),(((((37,17),8),35),29),31))),((36,(12,25)),((28,14),9))),((((((((((11,(20,(38,5))),45),27),39),34),(13,40)),2),33),(42,23)),(((16,43),7),(19,32)))),(18,22)),(((46,((96,58),((69,83),87))),84),(((68,90),82),75))),(((((((((85,(63,94)),77),((64,51),(47,100))),(50,(52,95))),56),(88,71)),(((((97,86),99),80),(65,61)),((54,66),59))),((((89,78),81),92),74)),(76,93))),(((((67,79),57),91),70),(73,(55,(49,62))))))),72);
#EqQuartets: 547001654
Score: 510816201
ASTRAL for PaRalogs and Orthologs III (ASTRAL-Pro3)
*** NOW with integrated CASTLES-Pro ***
Version: v1.22.3.6
Read 512 genetrees and found 100 species.
#Genetrees: 998
#Duploss: 35406
#Species: 100
#Rounds: 4
#Samples: 4
#Threads: 1
Use two-step algorithm!
Guide Tree 0/16
#NNI moves:0/152
Guide Tree 1/16
#NNI moves:0/152
Guide Tree 2/16
#NNI moves:0/152
Guide Tree 3/16
#NNI moves:0/152
Guide Tree 4/16
#NNI moves:0/152
Guide Tree 5/16
#NNI moves:0/152
Guide Tree 6/16
#NNI moves:0/152
Guide Tree 7/16
#NNI moves:0/152
Guide Tree 8/16
#NNI moves:0/152
Guide Tree 9/16
#NNI moves:0/152
Guide Tree 10/16
#NNI moves:0/152
Guide Tree 11/16
#NNI moves:0/152
Guide Tree 12/16
#NNI moves:0/152
Guide Tree 13/16
#NNI moves:0/152
Guide Tree 14/16
#NNI moves:0/152
Guide Tree 15/16
#NNI moves:0/152
Remaining: 0
#NNI moves:0/152
#NNI moves:0/152
((((((((((((((((((56,71),44),54),96),(((66,98),47),(50,57))),61),((55,85),68)),74),(((((((87,63),73),49),(58,81)),((83,(65,77)),82)),(64,((45,(59,52)),(92,97)))),(((((((80,51),90),99),(((67,94),(75,(60,79))),(46,100))),62),(86,((((53,93),78),95),89))),((70,(((76,88),(72,48)),84)),(69,91))))),(36,20)),((7,40),(31,11))),(((((18,(43,1)),((33,10),35)),((5,(21,23)),41)),26),(3,((((6,9),22),39),12)))),17),(((29,2),13),(4,19))),38),(((8,((14,((42,32),15)),24)),34),37)),(16,((28,27),25))),30);
Guide Tree 0/16
#NNI moves:0/152
Guide Tree 1/16
#NNI moves:0/152
Guide Tree 2/16
#NNI moves:0/152
Guide Tree 3/16
#NNI moves:0/152
Guide Tree 4/16
#NNI moves:0/152
Guide Tree 5/16
#NNI moves:0/152
Guide Tree 6/16
#NNI moves:0/152
Guide Tree 7/16
#NNI moves:0/152
Guide Tree 8/16
#NNI moves:0/152
Guide Tree 9/16
#NNI moves:0/152
Guide Tree 10/16
#NNI moves:0/152
Guide Tree 11/16
#NNI moves:0/152
Guide Tree 12/16
#NNI moves:0/152
Guide Tree 13/16
#NNI moves:0/152
Guide Tree 14/16
#NNI moves:0/152
Guide Tree 15/16
#NNI moves:0/152
Remaining: 0
#NNI moves:0/152
#NNI moves:0/152
(((((((((((((((((66,98),47),(50,57)),((((56,71),44),54),96)),61),((85,55),68)),74),(((((97,92),((59,52),45)),64),((((77,65),83),82),((((63,87),73),49),(81,58)))),(((((((67,94),((60,79),75)),(100,46)),((90,(80,51)),99)),62),(((95,(78,(93,53))),89),86)),((91,69),((((72,48),(88,76)),84),70))))),(36,20)),((40,7),(11,31))),((((((23,21),5),41),(((1,43),18),((10,33),35))),26),(((39,((6,9),22)),12),3))),17),((19,4),((2,29),13))),38),(((((((32,42),15),14),24),8),34),37)),((25,(27,28)),16)),30);
Guide Tree 0/16
#NNI moves:0/152
Guide Tree 1/16
#NNI moves:0/152
Guide Tree 2/16
#NNI moves:0/152
Guide Tree 3/16
#NNI moves:0/152
Guide Tree 4/16
#NNI moves:0/152
Guide Tree 5/16
#NNI moves:0/152
Guide Tree 6/16
#NNI moves:0/152
Guide Tree 7/16
#NNI moves:0/152
Guide Tree 8/16
#NNI moves:0/152
Guide Tree 9/16
#NNI moves:0/152
Guide Tree 10/16
#NNI moves:0/152
Guide Tree 11/16
#NNI moves:0/152
Guide Tree 12/16
#NNI moves:0/152
Guide Tree 13/16
#NNI moves:0/152
Guide Tree 14/16
#NNI moves:0/152
Guide Tree 15/16
#NNI moves:0/152
Remaining: 0
#NNI moves:0/152
#NNI moves:0/152
((((((((((((((((((67,94),((60,79),75)),(46,100)),(99,((51,80),90))),62),(((((53,93),78),95),89),86)),((69,91),((84,((48,72),(88,76))),70))),(((((77,65),83),82),((58,81),(((87,63),73),49))),(64,((97,92),(45,(52,59)))))),((((((54,(44,(56,71))),96),(((98,66),47),(57,50))),61),(68,(85,55))),74)),(20,36)),((31,11),(40,7))),((((39,((6,9),22)),12),3),((((35,(33,10)),(18,(1,43))),(((23,21),5),41)),26))),17),(((29,2),13),(19,4))),38),(((((((32,42),15),14),24),8),34),37)),((25,(27,28)),16)),30);
Guide Tree 0/16
#NNI moves:0/152
Guide Tree 1/16
#NNI moves:0/152
Guide Tree 2/16
#NNI moves:0/152
Guide Tree 3/16
#NNI moves:0/152
Guide Tree 4/16
#NNI moves:0/152
Guide Tree 5/16
#NNI moves:0/152
Guide Tree 6/16
#NNI moves:0/152
Guide Tree 7/16
#NNI moves:0/152
Guide Tree 8/16
#NNI moves:0/152
Guide Tree 9/16
#NNI moves:0/152
Guide Tree 10/16
#NNI moves:0/152
Guide Tree 11/16
#NNI moves:0/152
Guide Tree 12/16
#NNI moves:0/152
Guide Tree 13/16
#NNI moves:0/152
Guide Tree 14/16
#NNI moves:0/152
Guide Tree 15/16
#NNI moves:0/152
Remaining: 0
#NNI moves:0/152
#NNI moves:0/152
((((((((((((((((((94,67),((79,60),75)),(46,100)),(99,((80,51),90))),62),((89,(((53,93),78),95)),86)),((91,69),(70,(((76,88),(72,48)),84)))),(((((73,(87,63)),49),(81,58)),((83,(77,65)),82)),(((97,92),((52,59),45)),64))),(((68,(55,85)),(((((44,(56,71)),54),96),((50,57),((66,98),47))),61)),74)),(36,20)),((31,11),(7,40))),(((((35,(33,10)),((43,1),18)),(((21,23),5),41)),26),(((39,((6,9),22)),12),3))),17),(((2,29),13),(19,4))),38),(((((14,(15,(42,32))),24),8),34),37)),(16,(25,(27,28)))),30);
Initial score: 4.35542e+08
Initial tree: ((((((((((((((((((94,67),((79,60),75)),(46,100)),(99,((80,51),90))),62),((89,(((53,93),78),95)),86)),((91,69),(70,(((76,88),(72,48)),84)))),(((((73,(87,63)),49),(81,58)),((83,(77,65)),82)),(((97,92),((52,59),45)),64))),(((68,(55,85)),(((((44,(56,71)),54),96),((50,57),((66,98),47))),61)),74)),(36,20)),((31,11),(7,40))),(((((35,(33,10)),((43,1),18)),(((21,23),5),41)),26),(((39,((6,9),22)),12),3))),17),(((2,29),13),(19,4))),38),(((((14,(15,(42,32))),24),8),34),37)),(16,(25,(27,28)))),30);
*** Subsample Process ***
Use two-step algorithm!
#NNI moves:0/152
Remaining: 0
#NNI moves:0/152
#NNI moves:0/152
(((((((((((((((((((21,23),5),41),(((43,1),18),((33,10),35))),26),(((((9,6),22),39),12),3)),(((((29,2),13),(19,4)),((((16,(25,(28,27))),30),(((((14,((42,32),15)),24),8),34),37)),38)),17)),((31,11),(7,40))),(20,36)),((((((((56,71),44),54),96),((50,57),((98,66),47))),61),((55,85),68)),74)),((((((87,63),73),49),(58,81)),(((65,77),83),82)),(((45,(59,52)),(92,97)),64))),((69,91),(70,(84,((72,48),(76,88)))))),(((((93,53),78),95),89),86)),62),(99,(90,(80,51)))),(46,100)),((60,79),75)),67),94);
#NNI moves:0/152
Remaining: 0
#NNI moves:0/152
#NNI moves:0/152
((((((((((((((((((46,100),((67,94),((60,79),75))),(((51,80),90),99)),62),(((95,((53,93),78)),89),86)),((69,91),((84,((76,88),(48,72))),70))),(((((73,(63,87)),49),(58,81)),(((77,65),83),82)),(((45,(52,59)),(92,97)),64))),(((((((44,(71,56)),54),96),(((98,66),47),(50,57))),61),((55,85),68)),74)),(36,20)),((7,40),(31,11))),(((((18,(1,43)),((33,10),35)),(41,((21,23),5))),26),(((((6,9),22),39),12),3))),17),((4,19),((2,29),13))),38),((((24,(((32,42),15),14)),8),34),37)),30),((28,27),25)),16);
#NNI moves:0/152
Remaining: 0
#NNI moves:0/152
#NNI moves:0/152
((((((((((((((((((33,10),35),((1,43),18)),(41,((21,23),5))),26),(((((9,6),22),39),12),3)),((((13,(2,29)),(4,19)),(((((8,((((42,32),15),14),24)),34),37),(((25,(27,28)),16),30)),38)),17)),((7,40),(11,31))),(20,36)),(((((((98,66),47),(50,57)),((((56,71),44),54),96)),61),((85,55),68)),74)),((((83,(77,65)),82),((49,((87,63),73)),(81,58))),(((45,(52,59)),(97,92)),64))),(((((76,88),(48,72)),84),70),(69,91))),((89,((78,(53,93)),95)),86)),62),((90,(80,51)),99)),((94,67),(75,(60,79)))),46),100);
#NNI moves:0/152
Remaining: 0
#NNI moves:0/152
#NNI moves:0/152
((((((((((((((((((((51,80),90),99),((((60,79),75),(94,67)),(46,100))),62),(86,((((93,53),78),95),89))),(((84,((76,88),(72,48))),70),(69,91))),((((((87,63),73),49),(58,81)),((83,(65,77)),82)),((((59,52),45),(92,97)),64))),((((((((56,71),44),54),96),((57,50),(47,(98,66)))),61),(68,(55,85))),74)),(36,20)),((31,11),(40,7))),((26,((((21,23),5),41),(((33,10),35),(18,(43,1))))),(((((6,9),22),39),12),3))),17),(((29,2),13),(19,4))),38),((((28,27),25),16),30)),37),34),(((15,(32,42)),14),24)),8);
Current score: 4.35542e+08
Current tree: (((((28,27),25),16),((((((((((((((((51,80),90),99),((((60,79),75),(94,67)),(46,100))),62),(86,((((93,53),78),95),89))),(((84,((76,88),(72,48))),70),(69,91))),((((((87,63),73),49),(58,81)),((83,(65,77)),82)),((((59,52),45),(92,97)),64))),((((((((56,71),44),54),96),((57,50),(47,(98,66)))),61),(68,(55,85))),74)),(36,20)),((31,11),(40,7))),((26,((((21,23),5),41),(((33,10),35),(18,(43,1))))),(((((6,9),22),39),12),3))),17),(((29,2),13),(19,4))),38),(37,(34,((((15,(32,42)),14),24),8))))),30);
Final Tree: (((((28,27),25),16),((((((((((((((((51,80),90),99),((((60,79),75),(94,67)),(46,100))),62),(86,((((93,53),78),95),89))),(((84,((76,88),(72,48))),70),(69,91))),((((((87,63),73),49),(58,81)),((83,(65,77)),82)),((((59,52),45),(92,97)),64))),((((((((56,71),44),54),96),((57,50),(47,(98,66)))),61),(68,(55,85))),74)),(36,20)),((31,11),(40,7))),((26,((((21,23),5),41),(((33,10),35),(18,(43,1))))),(((((6,9),22),39),12),3))),17),(((29,2),13),(19,4))),38),(37,(34,((((15,(32,42)),14),24),8))))),30);
#EqQuartets: 457012879
Score: 435541756
