ASTRAL for PaRalogs and Orthologs III (ASTRAL-Pro3)
*** NOW with integrated CASTLES-Pro ***
Version: v1.22.3.6
Read 512 genetrees and found 100 species.
#Genetrees: 1000
#Duploss: 0
#Species: 100
#Rounds: 4
#Samples: 4
#Threads: 1
Use two-step algorithm!
Guide Tree 0/16
#NNI moves:0/152
Guide Tree 1/16
#NNI moves:0/152
Guide Tree 2/16
#NNI moves:0/152
Guide Tree 3/16
#NNI moves:0/152
Guide Tree 4/16
#NNI moves:0/152
Guide Tree 5/16
#NNI moves:0/152
Guide Tree 6/16
#NNI moves:0/152
Guide Tree 7/16
#NNI moves:0/152
Guide Tree 8/16
#NNI moves:0/152
Guide Tree 9/16
#NNI moves:0/152
Guide Tree 10/16
#NNI moves:0/152
Guide Tree 11/16
#NNI moves:0/152
Guide Tree 12/16
#NNI moves:0/152
Guide Tree 13/16
#NNI moves:0/152
Guide Tree 14/16
#NNI moves:0/152
Guide Tree 15/16
#NNI moves:0/152
Remaining: 0
#NNI moves:0/152
#NNI moves:0/152
((((((((((((((((((((29,(60,27)),45),((26,56),53)),80),((43,13),((95,92),100))),((72,64),78)),(((22,48),(85,46)),((74,73),(84,59)))),(54,98)),(((((90,21),87),79),75),(((34,(35,(55,69))),((40,86),70)),(65,24)))),((49,89),((32,96),57))),(((((((99,14),(28,66)),83),61),(42,67)),((88,81),(62,82))),(38,37))),(((19,58),63),((93,20),((25,31),(52,47))))),((((((44,(23,50)),(71,16)),97),77),((36,(94,30)),91)),(((76,(15,68)),(18,51)),((39,17),(41,33))))),((4,5),2)),7),(12,3)),((1,11),8)),10),9),6);
Guide Tree 0/16
#NNI moves:0/152
Guide Tree 1/16
#NNI moves:0/152
Guide Tree 2/16
#NNI moves:0/152
Guide Tree 3/16
#NNI moves:0/152
Guide Tree 4/16
#NNI moves:0/152
Guide Tree 5/16
#NNI moves:0/152
Guide Tree 6/16
#NNI moves:0/152
Guide Tree 7/16
#NNI moves:0/152
Guide Tree 8/16
#NNI moves:0/152
Guide Tree 9/16
#NNI moves:0/152
Guide Tree 10/16
#NNI moves:0/152
Guide Tree 11/16
#NNI moves:0/152
Guide Tree 12/16
#NNI moves:0/152
Guide Tree 13/16
#NNI moves:0/152
Guide Tree 14/16
#NNI moves:0/152
Guide Tree 15/16
#NNI moves:0/152
Remaining: 0
#NNI moves:0/152
#NNI moves:0/152
(((((((((((((((((40,86),70),(((55,69),35),34)),(65,24)),((((90,21),87),79),75)),((((((((29,(27,60)),45),((56,26),53)),80),((43,13),(100,(92,95)))),(78,(64,72))),(((46,85),(48,22)),((84,59),(74,73)))),(98,54))),((89,49),((32,96),57))),((((61,(((66,28),(14,99)),83)),(67,42)),((81,88),(62,82))),(38,37))),((((47,52),(31,25)),(20,93)),((19,58),63))),((((51,18),((15,68),76)),((17,39),(41,33))),((((((50,23),44),(71,16)),97),77),(((30,94),36),91)))),(2,(5,4))),7),(3,12)),((1,11),8)),10),9),6);
Guide Tree 0/16
#NNI moves:0/152
Guide Tree 1/16
#NNI moves:0/152
Guide Tree 2/16
#NNI moves:0/152
Guide Tree 3/16
#NNI moves:0/152
Guide Tree 4/16
#NNI moves:0/152
Guide Tree 5/16
#NNI moves:0/152
Guide Tree 6/16
#NNI moves:0/152
Guide Tree 7/16
#NNI moves:0/152
Guide Tree 8/16
#NNI moves:0/152
Guide Tree 9/16
#NNI moves:0/152
Guide Tree 10/16
#NNI moves:0/152
Guide Tree 11/16
#NNI moves:0/152
Guide Tree 12/16
#NNI moves:0/152
Guide Tree 13/16
#NNI moves:0/152
Guide Tree 14/16
#NNI moves:0/152
Guide Tree 15/16
#NNI moves:0/152
Remaining: 0
#NNI moves:0/152
#NNI moves:0/152
(((((((((((((((((84,59),(74,73)),((85,46),(22,48))),(((((((60,27),29),45),(53,(56,26))),80),(((95,92),100),(43,13))),((64,72),78))),(98,54)),(((((90,21),87),79),75),((((86,40),70),(((69,55),35),34)),(65,24)))),((57,(32,96)),(89,49))),((((62,82),(88,81)),(((((99,14),(28,66)),83),61),(42,67))),(38,37))),((((52,47),(25,31)),(20,93)),((58,19),63))),(((((((50,23),44),(16,71)),97),77),((36,(94,30)),91)),(((17,39),(41,33)),((51,18),((15,68),76))))),(2,(4,5))),7),(12,3)),(8,(1,11))),10),9),6);
Guide Tree 0/16
#NNI moves:0/152
Guide Tree 1/16
#NNI moves:0/152
Guide Tree 2/16
#NNI moves:0/152
Guide Tree 3/16
#NNI moves:0/152
Guide Tree 4/16
#NNI moves:0/152
Guide Tree 5/16
#NNI moves:0/152
Guide Tree 6/16
#NNI moves:0/152
Guide Tree 7/16
#NNI moves:0/152
Guide Tree 8/16
#NNI moves:0/152
Guide Tree 9/16
#NNI moves:0/152
Guide Tree 10/16
#NNI moves:0/152
Guide Tree 11/16
#NNI moves:0/152
Guide Tree 12/16
#NNI moves:0/152
Guide Tree 13/16
#NNI moves:0/152
Guide Tree 14/16
#NNI moves:0/152
Guide Tree 15/16
#NNI moves:0/152
Remaining: 0
#NNI moves:0/152
#NNI moves:0/152
(((((((((((((((((21,90),87),79),75),((24,65),(((40,86),70),(34,(35,(55,69)))))),(((((59,84),(74,73)),((48,22),(85,46))),((78,(64,72)),(((100,(95,92)),(43,13)),((((29,(27,60)),45),((26,56),53)),80)))),(54,98))),(((96,32),57),(89,49))),(((((83,((99,14),(28,66))),61),(67,42)),((88,81),(62,82))),(37,38))),(((58,19),63),(((31,25),(52,47)),(93,20)))),(((77,(((16,71),((23,50),44)),97)),((36,(30,94)),91)),(((18,51),((15,68),76)),((39,17),(33,41))))),((4,5),2)),7),(3,12)),((11,1),8)),10),9),6);
Initial score: 3.68846e+09
Initial tree: (((((((((((((((((21,90),87),79),75),((24,65),(((40,86),70),(34,(35,(55,69)))))),(((((59,84),(74,73)),((48,22),(85,46))),((78,(64,72)),(((100,(95,92)),(43,13)),((((29,(27,60)),45),((26,56),53)),80)))),(54,98))),(((96,32),57),(89,49))),(((((83,((99,14),(28,66))),61),(67,42)),((88,81),(62,82))),(37,38))),(((58,19),63),(((31,25),(52,47)),(93,20)))),(((77,(((16,71),((23,50),44)),97)),((36,(30,94)),91)),(((18,51),((15,68),76)),((39,17),(33,41))))),((4,5),2)),7),(3,12)),((11,1),8)),10),9),6);
*** Subsample Process ***
Use two-step algorithm!
#NNI moves:0/152
Remaining: 0
#NNI moves:2/152
#NNI moves:2/152
((((((((((((((4,5),2),(((((9,6),10),((11,1),8)),(12,3)),7)),((((36,(94,30)),91),((((16,71),((23,50),44)),97),77)),(((39,17),(41,33)),(((68,15),76),(51,18))))),((((52,47),(31,25)),(93,20)),((19,58),63))),(((((((99,14),(66,28)),83),61),(42,67)),((81,88),(82,62))),(38,37))),((57,(32,96)),(89,49))),((((((43,13),((92,95),100)),(((45,((27,60),29)),((56,26),53)),80)),((64,72),78)),(((59,84),(73,74)),((48,22),(46,85)))),(98,54))),(((34,((55,69),35)),(70,(86,40))),(65,24))),75),79),87),90),21);
#NNI moves:0/152
Remaining: 0
#NNI moves:6/152
#NNI moves:6/152
(((((((((((((((((((45,(29,(27,60))),(53,(26,56))),80),((100,(95,92)),(13,43))),((64,72),78)),(((85,46),(22,48)),((74,73),(84,59)))),(98,54)),(((79,((90,21),87)),75),(((34,(35,(69,55))),(70,(86,40))),(65,24)))),(((96,32),57),(89,49))),(((((83,((66,28),(14,99))),61),(67,42)),((82,62),(88,81))),(38,37))),(((19,58),63),((93,20),((52,47),(25,31))))),((((39,17),(33,41)),((51,18),(76,(15,68)))),(((((71,16),((50,23),44)),97),77),(((30,94),36),91)))),((5,4),2)),7),(12,3)),((1,11),8)),10),6),9);
#NNI moves:0/152
Remaining: 0
#NNI moves:0/152
#NNI moves:0/152
((((((((((((((((5,4),2),(((((1,11),8),((6,9),10)),(3,12)),7)),((((39,17),(33,41)),((76,(15,68)),(51,18))),((((94,30),36),91),(77,(((71,16),((23,50),44)),97))))),(((58,19),63),((20,93),((25,31),(47,52))))),(((((((28,66),(99,14)),83),61),(67,42)),((81,88),(82,62))),(38,37))),(((96,32),57),(89,49))),(((((21,90),87),79),75),((((35,(69,55)),34),(70,(86,40))),(65,24)))),(54,98)),(((46,85),(22,48)),((59,84),(74,73)))),((72,64),78)),((43,13),((95,92),100))),80),((56,26),53)),(29,(27,60))),45);
#NNI moves:0/152
Remaining: 0
#NNI moves:2/152
#NNI moves:2/152
((((((((((((((((((43,13),(100,(92,95))),((((26,56),53),(((60,27),29),45)),80)),((64,72),78)),(((85,46),(48,22)),((59,84),(74,73)))),(54,98)),((((34,(35,(55,69))),(70,(40,86))),(65,24)),((79,(87,(21,90))),75))),(((96,32),57),(49,89))),(((((((99,14),(28,66)),83),61),(42,67)),((62,82),(88,81))),(37,38))),((((25,31),(52,47)),(93,20)),(63,(19,58)))),((((36,(30,94)),91),((97,(((50,23),44),(16,71))),77)),(((18,51),(76,(68,15))),((41,33),(17,39))))),((4,5),2)),7),(12,3)),(10,(9,6))),8),11),1);
Current score: 3.68846e+09
Current tree: ((9,(10,(((((((((((((((43,13),(100,(92,95))),((((26,56),53),(((60,27),29),45)),80)),((64,72),78)),(((85,46),(48,22)),((59,84),(74,73)))),(54,98)),((((34,(35,(55,69))),(70,(40,86))),(65,24)),((79,(87,(21,90))),75))),(((96,32),57),(49,89))),(((((((99,14),(28,66)),83),61),(42,67)),((62,82),(88,81))),(37,38))),((((25,31),(52,47)),(93,20)),(63,(19,58)))),((((36,(30,94)),91),((97,(((50,23),44),(16,71))),77)),(((18,51),(76,(68,15))),((41,33),(17,39))))),((4,5),2)),7),(12,3)),(8,(11,1))))),6);
Final Tree: ((9,(10,(((((((((((((((43,13),(100,(92,95))),((((26,56),53),(((60,27),29),45)),80)),((64,72),78)),(((85,46),(48,22)),((59,84),(74,73)))),(54,98)),((((34,(35,(55,69))),(70,(40,86))),(65,24)),((79,(87,(21,90))),75))),(((96,32),57),(49,89))),(((((((99,14),(28,66)),83),61),(42,67)),((62,82),(88,81))),(37,38))),((((25,31),(52,47)),(93,20)),(63,(19,58)))),((((36,(30,94)),91),((97,(((50,23),44),(16,71))),77)),(((18,51),(76,(68,15))),((41,33),(17,39))))),((4,5),2)),7),(12,3)),(8,(11,1))))),6);
#EqQuartets: 3921225000
Score: 3688459119
ASTRAL for PaRalogs and Orthologs III (ASTRAL-Pro3)
*** NOW with integrated CASTLES-Pro ***
Version: v1.22.3.6
Read 512 genetrees and found 100 species.
#Genetrees: 1000
#Duploss: 0
#Species: 100
#Rounds: 4
#Samples: 4
#Threads: 1
Use two-step algorithm!
Guide Tree 0/16
#NNI moves:0/152
Guide Tree 1/16
#NNI moves:0/152
Guide Tree 2/16
#NNI moves:0/152
Guide Tree 3/16
#NNI moves:0/152
Guide Tree 4/16
#NNI moves:0/152
Guide Tree 5/16
#NNI moves:0/152
Guide Tree 6/16
#NNI moves:0/152
Guide Tree 7/16
#NNI moves:0/152
Guide Tree 8/16
#NNI moves:0/152
Guide Tree 9/16
#NNI moves:0/152
Guide Tree 10/16
#NNI moves:0/152
Guide Tree 11/16
#NNI moves:0/152
Guide Tree 12/16
#NNI moves:0/152
Guide Tree 13/16
#NNI moves:0/152
Guide Tree 14/16
#NNI moves:0/152
Guide Tree 15/16
#NNI moves:0/152
Remaining: 0
#NNI moves:0/152
#NNI moves:0/152
(((((((((((((((20,((10,12),97)),(((51,28),57),(((75,98),48),70))),72),(((((76,(65,94)),(69,41)),95),((18,(96,56)),83)),88)),((((64,(42,58)),(((9,25),(((53,85),(13,100)),(52,(73,19)))),81)),((54,38),35)),((((59,((22,(37,36)),79)),(63,(78,93))),8),11))),((((24,55),((23,74),61)),(((17,16),((60,67),87)),(90,34))),(33,27))),(((2,6),(7,4)),((1,5),3))),((50,68),84)),(((((39,91),66),(((89,80),14),82)),((30,77),44)),(40,21))),((((((26,92),15),62),(49,32)),29),31)),((86,71),99)),46),45),47),43);
Guide Tree 0/16
#NNI moves:0/152
Guide Tree 1/16
#NNI moves:0/152
Guide Tree 2/16
#NNI moves:0/152
Guide Tree 3/16
#NNI moves:0/152
Guide Tree 4/16
#NNI moves:0/152
Guide Tree 5/16
#NNI moves:0/152
Guide Tree 6/16
#NNI moves:0/152
Guide Tree 7/16
#NNI moves:0/152
Guide Tree 8/16
#NNI moves:0/152
Guide Tree 9/16
#NNI moves:0/152
Guide Tree 10/16
#NNI moves:0/152
Guide Tree 11/16
#NNI moves:0/152
Guide Tree 12/16
#NNI moves:0/152
Guide Tree 13/16
#NNI moves:0/152
Guide Tree 14/16
#NNI moves:0/152
Guide Tree 15/16
#NNI moves:0/152
Remaining: 0
#NNI moves:0/152
#NNI moves:0/152
(((((((((((((((54,38),35),(((58,42),64),(((((13,100),(85,53)),(52,(73,19))),(25,9)),81))),((((59,(((37,36),22),79)),(63,(78,93))),8),11)),((((20,((12,10),97)),(((51,28),57),(70,((98,75),48)))),72),(((95,((41,69),((65,94),76))),(((96,56),18),83)),88))),((33,27),(((((67,60),87),(16,17)),(90,34)),((24,55),((23,74),61))))),(((4,7),(6,2)),((5,1),3))),((68,50),84)),((21,40),((((14,(80,89)),82),((39,91),66)),((77,30),44)))),((((32,49),(((26,92),15),62)),29),31)),((71,86),99)),46),45),47),43);
Guide Tree 0/16
#NNI moves:0/152
Guide Tree 1/16
#NNI moves:0/152
Guide Tree 2/16
#NNI moves:0/152
Guide Tree 3/16
#NNI moves:0/152
Guide Tree 4/16
#NNI moves:0/152
Guide Tree 5/16
#NNI moves:0/152
Guide Tree 6/16
#NNI moves:0/152
Guide Tree 7/16
#NNI moves:0/152
Guide Tree 8/16
#NNI moves:0/152
Guide Tree 9/16
#NNI moves:0/152
Guide Tree 10/16
#NNI moves:0/152
Guide Tree 11/16
#NNI moves:0/152
Guide Tree 12/16
#NNI moves:0/152
Guide Tree 13/16
#NNI moves:0/152
Guide Tree 14/16
#NNI moves:0/152
Guide Tree 15/16
#NNI moves:0/152
Remaining: 0
#NNI moves:0/152
#NNI moves:0/152
((((((((((((((((59,(((36,37),22),79)),((78,93),63)),8),11),(((38,54),35),((((((73,19),52),((13,100),(53,85))),(9,25)),81),(64,(42,58))))),(((((18,(56,96)),83),(((41,69),((65,94),76)),95)),88),(((((10,12),97),20),((57,(51,28)),((48,(75,98)),70))),72))),(((((23,74),61),(55,24)),((90,34),((17,16),((67,60),87)))),(33,27))),(((4,7),(6,2)),((1,5),3))),(84,(68,50))),((40,21),((((39,91),66),(((80,89),14),82)),((77,30),44)))),((((32,49),(62,((26,92),15))),29),31)),((71,86),99)),46),45),47),43);
Guide Tree 0/16
#NNI moves:0/152
Guide Tree 1/16
#NNI moves:0/152
Guide Tree 2/16
#NNI moves:0/152
Guide Tree 3/16
#NNI moves:0/152
Guide Tree 4/16
#NNI moves:0/152
Guide Tree 5/16
#NNI moves:0/152
Guide Tree 6/16
#NNI moves:0/152
Guide Tree 7/16
#NNI moves:0/152
Guide Tree 8/16
#NNI moves:0/152
Guide Tree 9/16
#NNI moves:0/152
Guide Tree 10/16
#NNI moves:0/152
Guide Tree 11/16
#NNI moves:0/152
Guide Tree 12/16
#NNI moves:0/152
Guide Tree 13/16
#NNI moves:0/152
Guide Tree 14/16
#NNI moves:0/152
Guide Tree 15/16
#NNI moves:0/152
Remaining: 0
#NNI moves:0/152
#NNI moves:0/152
(((((((((((((((((((100,13),(85,53)),(52,(73,19))),(9,25)),81),(64,(42,58))),((54,38),35)),(((((78,93),63),(((22,(37,36)),79),59)),8),11)),(((((((94,65),76),(69,41)),95),(((96,56),18),83)),88),((((((98,75),48),70),(57,(51,28))),((97,(12,10)),20)),72))),((((55,24),(61,(23,74))),(((17,16),(87,(60,67))),(90,34))),(27,33))),(((7,4),(2,6)),(3,(1,5)))),(84,(68,50))),((((77,30),44),((66,(39,91)),(82,((89,80),14)))),(40,21))),((((((92,26),15),62),(49,32)),29),31)),(99,(86,71))),46),45),47),43);
Initial score: 3.62762e+09
Initial tree: (((((((((((((((((((100,13),(85,53)),(52,(73,19))),(9,25)),81),(64,(42,58))),((54,38),35)),(((((78,93),63),(((22,(37,36)),79),59)),8),11)),(((((((94,65),76),(69,41)),95),(((96,56),18),83)),88),((((((98,75),48),70),(57,(51,28))),((97,(12,10)),20)),72))),((((55,24),(61,(23,74))),(((17,16),(87,(60,67))),(90,34))),(27,33))),(((7,4),(2,6)),(3,(1,5)))),(84,(68,50))),((((77,30),44),((66,(39,91)),(82,((89,80),14)))),(40,21))),((((((92,26),15),62),(49,32)),29),31)),(99,(86,71))),46),45),47),43);
*** Subsample Process ***
Use two-step algorithm!
#NNI moves:0/152
Remaining: 0
#NNI moves:0/152
#NNI moves:0/152
(((((((((((((((((99,(71,86)),(((47,43),45),46)),((((((92,26),15),62),(49,32)),29),31)),(((((39,91),66),(((89,80),14),82)),(44,(30,77))),(21,40))),(84,(68,50))),(((7,4),(6,2)),((1,5),3))),((((34,90),(((60,67),87),(17,16))),((61,(74,23)),(24,55))),(33,27))),((((((41,69),((65,94),76)),95),(((56,96),18),83)),88),(((((51,28),57),(((98,75),48),70)),(((12,10),97),20)),72))),(((((78,93),63),(((22,(37,36)),79),59)),8),11)),(35,(38,54))),(64,(58,42))),81),(25,9)),(52,(19,73))),(53,85)),100),13);
#NNI moves:0/152
Remaining: 0
#NNI moves:0/152
#NNI moves:0/152
(((((((((((((((((((85,53),(100,13)),((19,73),52)),(25,9)),81),((58,42),64)),(35,(38,54))),((((63,(78,93)),(59,((22,(36,37)),79))),8),11)),(((((57,(28,51)),((48,(75,98)),70)),((97,(12,10)),20)),72),(((((41,69),((65,94),76)),95),((18,(96,56)),83)),88))),(((((87,(67,60)),(17,16)),(90,34)),((24,55),((74,23),61))),(33,27))),(((7,4),(2,6)),(3,(1,5)))),((50,68),84)),((((((89,80),14),82),(66,(91,39))),((30,77),44)),(21,40))),(31,(((((26,92),15),62),(32,49)),29))),(99,(71,86))),46),45),43),47);
#NNI moves:0/152
Remaining: 0
#NNI moves:0/152
#NNI moves:0/152
((((((((((((((((((26,92),15),62),(49,32)),29),31),((99,(71,86)),(((43,47),45),46))),(((((91,39),66),(((80,89),14),82)),((77,30),44)),(40,21))),((50,68),84)),(((7,4),(2,6)),(3,(1,5)))),(((((17,16),(87,(67,60))),(34,90)),((55,24),(61,(23,74)))),(33,27))),(((((57,(51,28)),(70,((75,98),48))),(20,((12,10),97))),72),(((83,(18,(56,96))),(((76,(65,94)),(41,69)),95)),88))),(((((78,93),63),((79,(22,(36,37))),59)),8),11)),(35,(38,54))),(((25,9),((52,(19,73)),((100,13),(85,53)))),81)),64),58),42);
#NNI moves:0/152
Remaining: 0
#NNI moves:0/152
#NNI moves:0/152
(((((((((((((((51,28),57),((48,(98,75)),70)),((97,(10,12)),20)),72),(((((96,56),18),83),((((65,94),76),(69,41)),95)),88)),((((((((73,19),52),((53,85),(13,100))),(25,9)),81),(64,(42,58))),(35,(54,38))),((((((22,(37,36)),79),59),(63,(93,78))),8),11))),((((61,(23,74)),(24,55)),(((87,(60,67)),(17,16)),(90,34))),(27,33))),(((5,1),3),((2,6),(4,7)))),((68,50),84)),(((((39,91),66),(82,((80,89),14))),((77,30),44)),(40,21))),((((((26,92),15),62),(32,49)),29),31)),(99,(86,71))),(45,(47,43))),46);
Current score: 3.62762e+09
Current tree: ((47,(45,((((((((((((((51,28),57),((48,(98,75)),70)),((97,(10,12)),20)),72),(((((96,56),18),83),((((65,94),76),(69,41)),95)),88)),((((((((73,19),52),((53,85),(13,100))),(25,9)),81),(64,(42,58))),(35,(54,38))),((((((22,(37,36)),79),59),(63,(93,78))),8),11))),((((61,(23,74)),(24,55)),(((87,(60,67)),(17,16)),(90,34))),(27,33))),(((5,1),3),((2,6),(4,7)))),((68,50),84)),(((((39,91),66),(82,((80,89),14))),((77,30),44)),(40,21))),((((((26,92),15),62),(32,49)),29),31)),(99,(86,71))),46))),43);
Final Tree: ((47,(45,((((((((((((((51,28),57),((48,(98,75)),70)),((97,(10,12)),20)),72),(((((96,56),18),83),((((65,94),76),(69,41)),95)),88)),((((((((73,19),52),((53,85),(13,100))),(25,9)),81),(64,(42,58))),(35,(54,38))),((((((22,(37,36)),79),59),(63,(93,78))),8),11))),((((61,(23,74)),(24,55)),(((87,(60,67)),(17,16)),(90,34))),(27,33))),(((5,1),3),((2,6),(4,7)))),((68,50),84)),(((((39,91),66),(82,((80,89),14))),((77,30),44)),(40,21))),((((((26,92),15),62),(32,49)),29),31)),(99,(86,71))),46))),43);
#EqQuartets: 3921225000
Score: 3627617986
ASTRAL for PaRalogs and Orthologs III (ASTRAL-Pro3)
*** NOW with integrated CASTLES-Pro ***
Version: v1.22.3.6
Read 512 genetrees and found 100 species.
#Genetrees: 1000
#Duploss: 0
#Species: 100
#Rounds: 4
#Samples: 4
#Threads: 1
Use two-step algorithm!
Guide Tree 0/16
#NNI moves:0/152
Guide Tree 1/16
#NNI moves:0/152
Guide Tree 2/16
#NNI moves:0/152
Guide Tree 3/16
#NNI moves:0/152
Guide Tree 4/16
#NNI moves:0/152
Guide Tree 5/16
#NNI moves:0/152
Guide Tree 6/16
#NNI moves:0/152
Guide Tree 7/16
#NNI moves:0/152
Guide Tree 8/16
#NNI moves:0/152
Guide Tree 9/16
#NNI moves:0/152
Guide Tree 10/16
#NNI moves:0/152
Guide Tree 11/16
#NNI moves:0/152
Guide Tree 12/16
#NNI moves:0/152
Guide Tree 13/16
#NNI moves:0/152
Guide Tree 14/16
#NNI moves:0/152
Guide Tree 15/16
#NNI moves:0/152
Remaining: 0
#NNI moves:0/152
#NNI moves:0/152
(((((((((((((((90,(54,51)),((63,15),34)),(((78,40),33),46)),(((88,(89,82)),28),60)),((79,((26,37),59)),(((66,(81,23)),55),68))),((((((85,44),94),58),((57,52),43)),(50,47)),(((3,11),(((((6,(1,10)),(2,8)),4),(12,5)),((14,(9,13)),7))),(20,67)))),((((((((25,18),53),72),97),27),((93,(41,17)),80)),(((((((21,65),(87,96)),95),((84,42),98)),29),70),(38,92))),(((61,56),39),(((75,19),62),(16,35))))),((83,22),(24,64))),(((45,32),71),74)),((73,99),((91,49),86))),31),48),(76,77)),((36,30),100)),69);
Guide Tree 0/16
#NNI moves:0/152
Guide Tree 1/16
#NNI moves:0/152
Guide Tree 2/16
#NNI moves:0/152
Guide Tree 3/16
#NNI moves:0/152
Guide Tree 4/16
#NNI moves:0/152
Guide Tree 5/16
#NNI moves:0/152
Guide Tree 6/16
#NNI moves:0/152
Guide Tree 7/16
#NNI moves:0/152
Guide Tree 8/16
#NNI moves:0/152
Guide Tree 9/16
#NNI moves:0/152
Guide Tree 10/16
#NNI moves:0/152
Guide Tree 11/16
#NNI moves:0/152
Guide Tree 12/16
#NNI moves:0/152
Guide Tree 13/16
#NNI moves:0/152
Guide Tree 14/16
#NNI moves:0/152
Guide Tree 15/16
#NNI moves:0/152
Remaining: 0
#NNI moves:0/152
#NNI moves:0/152
(((((((((((((((((18,25),53),72),97),27),(((17,41),93),80)),((38,92),((((((96,87),(21,65)),95),((42,84),98)),29),70))),(((16,35),(62,(19,75))),((56,61),39))),((((47,50),(((94,(44,85)),58),((57,52),43))),(((3,11),((((((10,1),6),(2,8)),4),(12,5)),(((9,13),14),7))),(67,20))),(((((90,(51,54)),((15,63),34)),(((78,40),33),46)),((28,((82,89),88)),60)),(((59,(26,37)),79),((((81,23),66),55),68))))),((64,24),(83,22))),((71,(45,32)),74)),((99,73),((49,91),86))),31),48),(77,76)),(100,(36,30))),69);
Guide Tree 0/16
#NNI moves:0/152
Guide Tree 1/16
#NNI moves:0/152
Guide Tree 2/16
#NNI moves:0/152
Guide Tree 3/16
#NNI moves:0/152
Guide Tree 4/16
#NNI moves:0/152
Guide Tree 5/16
#NNI moves:0/152
Guide Tree 6/16
#NNI moves:0/152
Guide Tree 7/16
#NNI moves:0/152
Guide Tree 8/16
#NNI moves:0/152
Guide Tree 9/16
#NNI moves:0/152
Guide Tree 10/16
#NNI moves:0/152
Guide Tree 11/16
#NNI moves:0/152
Guide Tree 12/16
#NNI moves:0/152
Guide Tree 13/16
#NNI moves:0/152
Guide Tree 14/16
#NNI moves:0/152
Guide Tree 15/16
#NNI moves:0/152
Remaining: 0
#NNI moves:0/152
#NNI moves:0/152
((((((((((((((((14,(13,9)),7),(((((1,10),6),(2,8)),4),(5,12))),(3,11)),(67,20)),((50,47),((43,(52,57)),(((44,85),94),58)))),((((((81,23),66),55),68),((59,(26,37)),79)),(((((54,51),90),(34,(15,63))),(46,(33,(78,40)))),((((89,82),88),28),60)))),((((35,16),((19,75),62)),((61,56),39)),(((((((18,25),53),72),97),27),(((17,41),93),80)),(((((98,(84,42)),(((21,65),(87,96)),95)),29),70),(92,38))))),((64,24),(83,22))),(((45,32),71),74)),((73,99),((49,91),86))),31),48),(76,77)),(100,(36,30))),69);
Guide Tree 0/16
#NNI moves:0/152
Guide Tree 1/16
#NNI moves:0/152
Guide Tree 2/16
#NNI moves:0/152
Guide Tree 3/16
#NNI moves:0/152
Guide Tree 4/16
#NNI moves:0/152
Guide Tree 5/16
#NNI moves:0/152
Guide Tree 6/16
#NNI moves:0/152
Guide Tree 7/16
#NNI moves:0/152
Guide Tree 8/16
#NNI moves:0/152
Guide Tree 9/16
#NNI moves:0/152
Guide Tree 10/16
#NNI moves:0/152
Guide Tree 11/16
#NNI moves:0/152
Guide Tree 12/16
#NNI moves:0/152
Guide Tree 13/16
#NNI moves:0/152
Guide Tree 14/16
#NNI moves:0/152
Guide Tree 15/16
#NNI moves:0/152
Remaining: 0
#NNI moves:0/152
#NNI moves:0/152
((((((((((((((((((8,2),((10,1),6)),4),(12,5)),(((9,13),14),7)),(11,3)),(20,67)),((((52,57),43),(((44,85),94),58)),(50,47))),((((55,((81,23),66)),68),(((37,26),59),79)),(((((82,89),88),28),60),(((33,(78,40)),46),((90,(51,54)),((63,15),34)))))),(((((((95,((21,65),(87,96))),((42,84),98)),29),70),(92,38)),((80,(93,(17,41))),((97,(((18,25),53),72)),27))),(((16,35),((75,19),62)),((61,56),39)))),((22,83),(24,64))),(((45,32),71),74)),(((49,91),86),(99,73))),31),48),(77,76)),((36,30),100)),69);
Initial score: 3.5416e+09
Initial tree: ((((((((((((((((((8,2),((10,1),6)),4),(12,5)),(((9,13),14),7)),(11,3)),(20,67)),((((52,57),43),(((44,85),94),58)),(50,47))),((((55,((81,23),66)),68),(((37,26),59),79)),(((((82,89),88),28),60),(((33,(78,40)),46),((90,(51,54)),((63,15),34)))))),(((((((95,((21,65),(87,96))),((42,84),98)),29),70),(92,38)),((80,(93,(17,41))),((97,(((18,25),53),72)),27))),(((16,35),((75,19),62)),((61,56),39)))),((22,83),(24,64))),(((45,32),71),74)),(((49,91),86),(99,73))),31),48),(77,76)),((36,30),100)),69);
*** Subsample Process ***
Use two-step algorithm!
#NNI moves:0/152
Remaining: 0
#NNI moves:0/152
#NNI moves:0/152
(((((((((((((((((((((21,65),(87,96)),95),(98,(84,42))),29),70),(38,92)),(((93,(17,41)),80),((97,((53,(18,25)),72)),27))),(((56,61),39),(((19,75),62),(35,16)))),((((31,(((((36,30),100),69),(76,77)),48)),((86,(91,49)),(99,73))),(((45,32),71),74)),((22,83),(64,24)))),((((((78,40),33),46),(((15,63),34),((51,54),90))),((((82,89),88),28),60)),((68,(55,((23,81),66))),(((26,37),59),79)))),(((43,(57,52)),(((85,44),94),58)),(47,50))),(20,67)),(11,3)),(((13,9),14),7)),(12,5)),4),(2,8)),6),10),1);
#NNI moves:0/152
Remaining: 0
#NNI moves:0/152
#NNI moves:0/152
(((((((((((((((((33,(40,78)),46),((34,(63,15)),(90,(51,54)))),((((89,82),88),28),60)),((((37,26),59),79),(((66,(23,81)),55),68))),((((((85,44),94),58),((57,52),43)),(47,50)),(((3,11),(((12,5),((((1,10),6),(2,8)),4)),((14,(9,13)),7))),(20,67)))),(((((((95,((96,87),(65,21))),((42,84),98)),29),70),(92,38)),((((41,17),93),80),((97,(((25,18),53),72)),27))),((((19,75),62),(35,16)),((56,61),39)))),((83,22),(64,24))),((71,(32,45)),74)),(((91,49),86),(73,99))),31),48),(76,77)),69),100),30),36);
#NNI moves:0/152
Remaining: 0
#NNI moves:0/152
#NNI moves:0/152
(((((((((((((((41,17),93),80),((97,(((25,18),53),72)),27)),(((((((65,21),(96,87)),95),((42,84),98)),29),70),(92,38))),((((75,19),62),(35,16)),((56,61),39))),(((83,22),(64,24)),((((32,45),71),74),((((49,91),86),(99,73)),(((((100,(36,30)),69),(77,76)),48),31))))),((((((5,12),(4,((6,(1,10)),(2,8)))),((14,(13,9)),7)),(11,3)),(20,67)),(((58,(94,(44,85))),((52,57),43)),(50,47)))),(((55,(66,(81,23))),68),(((37,26),59),79))),((28,(88,(89,82))),60)),((90,(51,54)),((15,63),34))),46),33),40),78);
#NNI moves:0/152
Remaining: 0
#NNI moves:0/152
#NNI moves:0/152
(((((((((((((((33,(78,40)),46),(((63,15),34),((54,51),90))),((((89,82),88),28),60)),(((55,(66,(81,23))),68),(((37,26),59),79))),((((((((2,8),(6,(1,10))),4),(12,5)),(((9,13),14),7)),(11,3)),(20,67)),((50,47),((43,(57,52)),(58,((44,85),94)))))),(((((((((21,65),(87,96)),95),(98,(84,42))),29),70),(38,92)),((80,((17,41),93)),(27,((((25,18),53),72),97)))),((39,(56,61)),(((75,19),62),(16,35))))),((83,22),(24,64))),(((45,32),71),74)),(((49,91),86),(73,99))),31),48),((100,(30,36)),69)),77),76);
Current score: 3.5416e+09
Current tree: (((100,(30,36)),(((((((((((((33,(78,40)),46),(((63,15),34),((54,51),90))),((((89,82),88),28),60)),(((55,(66,(81,23))),68),(((37,26),59),79))),((((((((2,8),(6,(1,10))),4),(12,5)),(((9,13),14),7)),(11,3)),(20,67)),((50,47),((43,(57,52)),(58,((44,85),94)))))),(((((((((21,65),(87,96)),95),(98,(84,42))),29),70),(38,92)),((80,((17,41),93)),(27,((((25,18),53),72),97)))),((39,(56,61)),(((75,19),62),(16,35))))),((83,22),(24,64))),(((45,32),71),74)),(((49,91),86),(73,99))),31),48),(77,76))),69);
Final Tree: (((100,(30,36)),(((((((((((((33,(78,40)),46),(((63,15),34),((54,51),90))),((((89,82),88),28),60)),(((55,(66,(81,23))),68),(((37,26),59),79))),((((((((2,8),(6,(1,10))),4),(12,5)),(((9,13),14),7)),(11,3)),(20,67)),((50,47),((43,(57,52)),(58,((44,85),94)))))),(((((((((21,65),(87,96)),95),(98,(84,42))),29),70),(38,92)),((80,((17,41),93)),(27,((((25,18),53),72),97)))),((39,(56,61)),(((75,19),62),(16,35))))),((83,22),(24,64))),(((45,32),71),74)),(((49,91),86),(73,99))),31),48),(77,76))),69);
#EqQuartets: 3921225000
Score: 3541595153
ASTRAL for PaRalogs and Orthologs III (ASTRAL-Pro3)
*** NOW with integrated CASTLES-Pro ***
Version: v1.22.3.6
Read 512 genetrees and found 100 species.
#Genetrees: 1000
#Duploss: 0
#Species: 100
#Rounds: 4
#Samples: 4
#Threads: 1
Use two-step algorithm!
Guide Tree 0/16
#NNI moves:0/152
Guide Tree 1/16
#NNI moves:0/152
Guide Tree 2/16
#NNI moves:0/152
Guide Tree 3/16
#NNI moves:0/152
Guide Tree 4/16
#NNI moves:0/152
Guide Tree 5/16
#NNI moves:0/152
Guide Tree 6/16
#NNI moves:0/152
Guide Tree 7/16
#NNI moves:0/152
Guide Tree 8/16
#NNI moves:0/152
Guide Tree 9/16
#NNI moves:0/152
Guide Tree 10/16
#NNI moves:0/152
Guide Tree 11/16
#NNI moves:0/152
Guide Tree 12/16
#NNI moves:0/152
Guide Tree 13/16
#NNI moves:0/152
Guide Tree 14/16
#NNI moves:0/152
Guide Tree 15/16
#NNI moves:0/152
Remaining: 0
#NNI moves:0/152
#NNI moves:0/152
((((((((((((((76,2),((4,62),39)),(((73,(58,53)),75),(31,66))),((((((78,72),63),(61,47)),((50,52),80)),(((71,45),(24,36)),((((55,81),6),69),38))),(26,(64,33)))),(97,(93,(((96,99),92),(((94,100),95),98))))),(((((40,18),(7,70)),(48,1)),(((28,3),77),44)),(35,23))),(((((20,(34,91)),(19,(56,74))),((((65,30),11),59),((16,10),68))),(46,(85,(54,5)))),((86,22),(29,79)))),(((57,41),((82,37),67)),(((43,(83,51)),(((((88,42),8),12),21),32)),((90,17),89)))),(27,60)),((25,13),15)),14),(84,87)),49),9);
Guide Tree 0/16
#NNI moves:0/152
Guide Tree 1/16
#NNI moves:0/152
Guide Tree 2/16
#NNI moves:0/152
Guide Tree 3/16
#NNI moves:0/152
Guide Tree 4/16
#NNI moves:0/152
Guide Tree 5/16
#NNI moves:0/152
Guide Tree 6/16
#NNI moves:0/152
Guide Tree 7/16
#NNI moves:0/152
Guide Tree 8/16
#NNI moves:0/152
Guide Tree 9/16
#NNI moves:0/152
Guide Tree 10/16
#NNI moves:0/152
Guide Tree 11/16
#NNI moves:0/152
Guide Tree 12/16
#NNI moves:0/152
Guide Tree 13/16
#NNI moves:0/152
Guide Tree 14/16
#NNI moves:0/152
Guide Tree 15/16
#NNI moves:0/152
Remaining: 0
#NNI moves:0/152
#NNI moves:0/152
((((((((((((((75,(73,(53,58))),(31,66)),((2,76),((62,4),39))),((26,(33,64)),(((80,(50,52)),(((78,72),63),(47,61))),(((36,24),(45,71)),((69,((55,81),6)),38))))),((((92,(99,96)),(((94,100),95),98)),93),97)),((((48,1),((7,70),(18,40))),((77,(3,28)),44)),(35,23))),((((((74,56),19),((91,34),20)),((68,(16,10)),(59,(11,(65,30))))),(((54,5),85),46)),((29,79),(86,22)))),(((57,41),(67,(37,82))),((((((8,(42,88)),12),21),32),((83,51),43)),(89,(90,17))))),(60,27)),((13,25),15)),14),(87,84)),49),9);
Guide Tree 0/16
#NNI moves:0/152
Guide Tree 1/16
#NNI moves:0/152
Guide Tree 2/16
#NNI moves:0/152
Guide Tree 3/16
#NNI moves:0/152
Guide Tree 4/16
#NNI moves:0/152
Guide Tree 5/16
#NNI moves:0/152
Guide Tree 6/16
#NNI moves:0/152
Guide Tree 7/16
#NNI moves:0/152
Guide Tree 8/16
#NNI moves:0/152
Guide Tree 9/16
#NNI moves:0/152
Guide Tree 10/16
#NNI moves:0/152
Guide Tree 11/16
#NNI moves:0/152
Guide Tree 12/16
#NNI moves:0/152
Guide Tree 13/16
#NNI moves:0/152
Guide Tree 14/16
#NNI moves:0/152
Guide Tree 15/16
#NNI moves:0/152
Remaining: 0
#NNI moves:0/152
#NNI moves:0/152
((((((((((((((((69,((55,81),6)),38),((24,36),(71,45))),((((72,78),63),(61,47)),(80,(50,52)))),((64,33),26)),(((75,((53,58),73)),(31,66)),((76,2),((62,4),39)))),(((((96,99),92),(98,((100,94),95))),93),97)),((35,23),(((1,48),((40,18),(7,70))),(((3,28),77),44)))),(((86,22),(29,79)),(((((91,34),20),((74,56),19)),((((65,30),11),59),((16,10),68))),(46,((5,54),85))))),((((((((88,42),8),12),21),32),((83,51),43)),((17,90),89)),(((82,37),67),(57,41)))),(27,60)),((13,25),15)),14),(84,87)),49),9);
Guide Tree 0/16
#NNI moves:0/152
Guide Tree 1/16
#NNI moves:0/152
Guide Tree 2/16
#NNI moves:0/152
Guide Tree 3/16
#NNI moves:0/152
Guide Tree 4/16
#NNI moves:0/152
Guide Tree 5/16
#NNI moves:0/152
Guide Tree 6/16
#NNI moves:0/152
Guide Tree 7/16
#NNI moves:0/152
Guide Tree 8/16
#NNI moves:0/152
Guide Tree 9/16
#NNI moves:0/152
Guide Tree 10/16
#NNI moves:0/152
Guide Tree 11/16
#NNI moves:0/152
Guide Tree 12/16
#NNI moves:0/152
Guide Tree 13/16
#NNI moves:0/152
Guide Tree 14/16
#NNI moves:0/152
Guide Tree 15/16
#NNI moves:0/152
Remaining: 0
#NNI moves:0/152
#NNI moves:0/152
(((((((((((((((62,4),39),(2,76)),((31,66),(((53,58),73),75))),((((38,(69,((55,81),6))),((45,71),(24,36))),(((63,(72,78)),(61,47)),((52,50),80))),(26,(64,33)))),(((((99,96),92),((95,(94,100)),98)),93),97)),((((48,1),((40,18),(70,7))),(((28,3),77),44)),(23,35))),((((((56,74),19),((91,34),20)),((((65,30),11),59),((10,16),68))),(((5,54),85),46)),((86,22),(29,79)))),(((((51,83),43),((((8,(42,88)),12),21),32)),((90,17),89)),(((37,82),67),(57,41)))),(27,60)),((25,13),15)),14),(87,84)),49),9);
Initial score: 3.50446e+09
Initial tree: (((((((((((((((62,4),39),(2,76)),((31,66),(((53,58),73),75))),((((38,(69,((55,81),6))),((45,71),(24,36))),(((63,(72,78)),(61,47)),((52,50),80))),(26,(64,33)))),(((((99,96),92),((95,(94,100)),98)),93),97)),((((48,1),((40,18),(70,7))),(((28,3),77),44)),(23,35))),((((((56,74),19),((91,34),20)),((((65,30),11),59),((10,16),68))),(((5,54),85),46)),((86,22),(29,79)))),(((((51,83),43),((((8,(42,88)),12),21),32)),((90,17),89)),(((37,82),67),(57,41)))),(27,60)),((25,13),15)),14),(87,84)),49),9);
*** Subsample Process ***
Use two-step algorithm!
#NNI moves:0/152
Remaining: 0
#NNI moves:0/152
#NNI moves:0/152
((((((((((((((((((21,(((42,88),8),12)),32),((83,51),43)),(89,(90,17))),((57,41),(67,(82,37)))),((((25,13),15),(((49,9),(84,87)),14)),(27,60))),(((((((65,30),11),59),((16,10),68)),(((34,91),20),((74,56),19))),(46,((5,54),85))),((86,22),(79,29)))),(((((7,70),(18,40)),(1,48)),(((3,28),77),44)),(23,35))),(97,(93,((92,(99,96)),(98,((100,94),95)))))),(((39,(4,62)),(2,76)),((31,66),(((53,58),73),75)))),((64,33),26)),((((72,78),63),(61,47)),((50,52),80))),((45,71),(36,24))),38),69),6),55),81);
#NNI moves:0/152
Remaining: 0
#NNI moves:0/152
#NNI moves:0/152
(((((((((((((((((78,72),63),(61,47)),((52,50),80)),(((24,36),(71,45)),((((55,81),6),69),38))),((64,33),26)),((((4,62),39),(76,2)),((((58,53),73),75),(66,31)))),((93,((92,(96,99)),(((94,100),95),98))),97)),((35,23),((((3,28),77),44),(((7,70),(40,18)),(1,48))))),(((((5,54),85),46),((((74,56),19),(20,(91,34))),(((10,16),68),(59,(11,(30,65)))))),((79,29),(86,22)))),((((37,82),67),(41,57)),(((17,90),89),((32,((((88,42),8),12),21)),((83,51),43))))),(27,60)),(15,(25,13))),14),(84,87)),9),49);
#NNI moves:0/152
Remaining: 0
#NNI moves:0/152
#NNI moves:0/152
(((((((((((((46,((5,54),85)),(((((30,65),11),59),((10,16),68)),((20,(91,34)),(19,(74,56))))),((86,22),(79,29))),((((15,(25,13)),(((9,49),(87,84)),14)),(60,27)),(((57,41),(67,(37,82))),((89,(17,90)),((43,(83,51)),(32,((((88,42),8),12),21))))))),(((((28,3),77),44),(((7,70),(18,40)),(1,48))),(23,35))),((((98,((100,94),95)),((96,99),92)),93),97)),((((73,(53,58)),75),(31,66)),(((62,4),39),(2,76)))),((64,33),26)),(((36,24),(71,45)),(38,(((81,55),6),69)))),((52,50),80)),(61,47)),(78,72)),63);
#NNI moves:0/152
Remaining: 0
#NNI moves:0/152
#NNI moves:0/152
(((((((((((((((73,(53,58)),75),(66,31)),(((62,4),39),(76,2))),(((((24,36),(45,71)),(38,(((55,81),6),69))),(((52,50),80),(((72,78),63),(61,47)))),((33,64),26))),(97,((((96,99),92),((95,(100,94)),98)),93))),((23,35),((((70,7),(40,18)),(48,1)),(((28,3),77),44)))),(((((((65,30),11),59),(68,(16,10))),(((56,74),19),(20,(34,91)))),((85,(54,5)),46)),((29,79),(22,86)))),(((((83,51),43),(((((42,88),8),12),21),32)),((90,17),89)),((57,41),((37,82),67)))),(27,60)),((25,13),15)),14),(49,9)),87),84);
Current score: 3.50446e+09
Current tree: ((49,(((((((((((((73,(53,58)),75),(66,31)),(((62,4),39),(76,2))),(((((24,36),(45,71)),(38,(((55,81),6),69))),(((52,50),80),(((72,78),63),(61,47)))),((33,64),26))),(97,((((96,99),92),((95,(100,94)),98)),93))),((23,35),((((70,7),(40,18)),(48,1)),(((28,3),77),44)))),(((((((65,30),11),59),(68,(16,10))),(((56,74),19),(20,(34,91)))),((85,(54,5)),46)),((29,79),(22,86)))),(((((83,51),43),(((((42,88),8),12),21),32)),((90,17),89)),((57,41),((37,82),67)))),(27,60)),((25,13),15)),14),(87,84))),9);
Final Tree: ((49,(((((((((((((73,(53,58)),75),(66,31)),(((62,4),39),(76,2))),(((((24,36),(45,71)),(38,(((55,81),6),69))),(((52,50),80),(((72,78),63),(61,47)))),((33,64),26))),(97,((((96,99),92),((95,(100,94)),98)),93))),((23,35),((((70,7),(40,18)),(48,1)),(((28,3),77),44)))),(((((((65,30),11),59),(68,(16,10))),(((56,74),19),(20,(34,91)))),((85,(54,5)),46)),((29,79),(22,86)))),(((((83,51),43),(((((42,88),8),12),21),32)),((90,17),89)),((57,41),((37,82),67)))),(27,60)),((25,13),15)),14),(87,84))),9);
#EqQuartets: 3921225000
Score: 3504457896
ASTRAL for PaRalogs and Orthologs III (ASTRAL-Pro3)
*** NOW with integrated CASTLES-Pro ***
Version: v1.22.3.6
Read 512 genetrees and found 100 species.
#Genetrees: 1000
#Duploss: 0
#Species: 100
#Rounds: 4
#Samples: 4
#Threads: 1
Use two-step algorithm!
Guide Tree 0/16
#NNI moves:0/152
Guide Tree 1/16
#NNI moves:0/152
Guide Tree 2/16
#NNI moves:0/152
Guide Tree 3/16
#NNI moves:0/152
Guide Tree 4/16
#NNI moves:0/152
Guide Tree 5/16
#NNI moves:0/152
Guide Tree 6/16
#NNI moves:0/152
Guide Tree 7/16
#NNI moves:0/152
Guide Tree 8/16
#NNI moves:0/152
Guide Tree 9/16
#NNI moves:0/152
Guide Tree 10/16
#NNI moves:0/152
Guide Tree 11/16
#NNI moves:0/152
Guide Tree 12/16
#NNI moves:0/152
Guide Tree 13/16
#NNI moves:0/152
Guide Tree 14/16
#NNI moves:0/152
Guide Tree 15/16
#NNI moves:0/152
Remaining: 0
#NNI moves:0/152
#NNI moves:0/152
((((((((((((((((((((58,60),83),(((86,82),(90,44)),(34,7))),(9,59)),(((43,(72,46)),(91,74)),((50,(100,75)),(20,67)))),(24,(((19,15),32),51))),(93,85)),35),((((1,5),2),3),4)),((((((76,6),(29,94)),13),(71,36)),((77,((((61,70),8),(41,30)),23)),27)),((97,89),(54,11)))),(((95,18),(80,(((47,56),84),57))),22)),((17,48),(((((52,14),79),(62,92)),(39,78)),96))),(33,((53,42),(((31,25),88),10)))),(((((37,(65,69)),87),12),(45,21)),(((68,28),66),49))),16),((81,(26,63)),99)),((64,40),38)),73),55),98);
Guide Tree 0/16
#NNI moves:0/152
Guide Tree 1/16
#NNI moves:0/152
Guide Tree 2/16
#NNI moves:0/152
Guide Tree 3/16
#NNI moves:0/152
Guide Tree 4/16
#NNI moves:0/152
Guide Tree 5/16
#NNI moves:0/152
Guide Tree 6/16
#NNI moves:0/152
Guide Tree 7/16
#NNI moves:0/152
Guide Tree 8/16
#NNI moves:0/152
Guide Tree 9/16
#NNI moves:0/152
Guide Tree 10/16
#NNI moves:0/152
Guide Tree 11/16
#NNI moves:0/152
Guide Tree 12/16
#NNI moves:0/152
Guide Tree 13/16
#NNI moves:0/152
Guide Tree 14/16
#NNI moves:0/152
Guide Tree 15/16
#NNI moves:0/152
Remaining: 0
#NNI moves:0/152
#NNI moves:0/152
((((((((((((((((((((58,60),83),(((44,90),(82,86)),(7,34))),(9,59)),((((46,72),43),(91,74)),((20,67),(50,(75,100))))),((((15,19),32),51),24)),(93,85)),35),((3,((1,5),2)),4)),((((77,(((8,(70,61)),(30,41)),23)),27),((((94,29),(6,76)),13),(71,36))),((54,11),(89,97)))),(22,(((((56,47),84),57),80),(18,95)))),(((((79,(14,52)),(92,62)),(39,78)),96),(17,48))),(((((31,25),88),10),(42,53)),33)),(((21,45),((87,(37,(65,69))),12)),(((68,28),66),49))),16),(((63,26),81),99)),(38,(64,40))),73),55),98);
Guide Tree 0/16
#NNI moves:0/152
Guide Tree 1/16
#NNI moves:0/152
Guide Tree 2/16
#NNI moves:0/152
Guide Tree 3/16
#NNI moves:0/152
Guide Tree 4/16
#NNI moves:0/152
Guide Tree 5/16
#NNI moves:0/152
Guide Tree 6/16
#NNI moves:0/152
Guide Tree 7/16
#NNI moves:0/152
Guide Tree 8/16
#NNI moves:0/152
Guide Tree 9/16
#NNI moves:0/152
Guide Tree 10/16
#NNI moves:0/152
Guide Tree 11/16
#NNI moves:0/152
Guide Tree 12/16
#NNI moves:0/152
Guide Tree 13/16
#NNI moves:0/152
Guide Tree 14/16
#NNI moves:0/152
Guide Tree 15/16
#NNI moves:0/152
Remaining: 0
#NNI moves:0/152
#NNI moves:0/152
(((((((((((((((((((20,67),(50,(100,75))),((43,(46,72)),(91,74))),(((83,(58,60)),((34,7),((90,44),(86,82)))),(59,9))),((((19,15),32),51),24)),(85,93)),35),(((2,(5,1)),3),4)),((((77,(23,((30,41),((70,61),8)))),27),((71,36),(((76,6),(94,29)),13))),((54,11),(97,89)))),(((18,95),(80,(57,(84,(47,56))))),22)),(((((79,(14,52)),(62,92)),(78,39)),96),(17,48))),(33,((10,((25,31),88)),(42,53)))),(((21,45),(((37,(69,65)),87),12)),(((28,68),66),49))),16),(((63,26),81),99)),(38,(40,64))),73),55),98);
Guide Tree 0/16
#NNI moves:0/152
Guide Tree 1/16
#NNI moves:0/152
Guide Tree 2/16
#NNI moves:0/152
Guide Tree 3/16
#NNI moves:0/152
Guide Tree 4/16
#NNI moves:0/152
Guide Tree 5/16
#NNI moves:0/152
Guide Tree 6/16
#NNI moves:0/152
Guide Tree 7/16
#NNI moves:0/152
Guide Tree 8/16
#NNI moves:0/152
Guide Tree 9/16
#NNI moves:0/152
Guide Tree 10/16
#NNI moves:0/152
Guide Tree 11/16
#NNI moves:0/152
Guide Tree 12/16
#NNI moves:0/152
Guide Tree 13/16
#NNI moves:0/152
Guide Tree 14/16
#NNI moves:0/152
Guide Tree 15/16
#NNI moves:0/152
Remaining: 0
#NNI moves:0/152
#NNI moves:0/152
((((((((((((((11,54),(89,97)),((((23,(((61,70),8),(41,30))),77),27),((((94,29),(76,6)),13),(71,36)))),((((((((67,20),(50,(75,100))),((43,(46,72)),(74,91))),(((((82,86),(90,44)),(34,7)),((58,60),83)),(59,9))),(24,(((15,19),32),51))),(93,85)),35),((((5,1),2),3),4))),(((((84,(47,56)),57),80),(95,18)),22)),((17,48),((((62,92),(79,(52,14))),(78,39)),96))),(((42,53),((88,(31,25)),10)),33)),(((12,(((69,65),37),87)),(45,21)),(49,((28,68),66)))),16),(99,(81,(63,26)))),((64,40),38)),73),55),98);
Initial score: 3.69541e+09
Initial tree: ((((((((((((((11,54),(89,97)),((((23,(((61,70),8),(41,30))),77),27),((((94,29),(76,6)),13),(71,36)))),((((((((67,20),(50,(75,100))),((43,(46,72)),(74,91))),(((((82,86),(90,44)),(34,7)),((58,60),83)),(59,9))),(24,(((15,19),32),51))),(93,85)),35),((((5,1),2),3),4))),(((((84,(47,56)),57),80),(95,18)),22)),((17,48),((((62,92),(79,(52,14))),(78,39)),96))),(((42,53),((88,(31,25)),10)),33)),(((12,(((69,65),37),87)),(45,21)),(49,((28,68),66)))),16),(99,(81,(63,26)))),((64,40),38)),73),55),98);
*** Subsample Process ***
Use two-step algorithm!
#NNI moves:0/152
Remaining: 0
#NNI moves:0/152
#NNI moves:0/152
(((((((((((((38,(40,64)),((55,98),73)),((81,(63,26)),99)),16),((((((69,65),37),87),12),(21,45)),(49,((28,68),66)))),(33,((53,42),(10,((25,31),88))))),((17,48),((((62,92),((14,52),79)),(39,78)),96))),(((18,95),((((47,56),84),57),80)),22)),(((((((((75,100),50),(67,20)),((91,74),(43,(46,72)))),((9,59),(((34,7),((82,86),(44,90))),((60,58),83)))),(((32,(15,19)),51),24)),(93,85)),35),(((2,(1,5)),3),4))),((((23,(((61,70),8),(30,41))),77),27),((((6,76),(29,94)),13),(36,71)))),(97,89)),11),54);
#NNI moves:0/152
Remaining: 0
#NNI moves:0/152
#NNI moves:0/152
((((((((((((((((((((34,7),((90,44),(86,82))),((58,60),83)),(59,9)),(((74,91),(43,(46,72))),((50,(100,75)),(20,67)))),((((19,15),32),51),24)),(85,93)),35),((((1,5),2),3),4)),((((77,((((61,70),8),(30,41)),23)),27),((36,71),(((6,76),(29,94)),13))),((89,97),(11,54)))),((((((47,56),84),57),80),(18,95)),22)),(((((62,92),((52,14),79)),(78,39)),96),(48,17))),(((53,42),(((31,25),88),10)),33)),((((((65,69),37),87),12),(21,45)),((66,(68,28)),49))),16),(((26,63),81),99)),((40,64),38)),73),98),55);
#NNI moves:0/152
Remaining: 0
#NNI moves:0/152
#NNI moves:0/152
((((((((((((((((((((26,63),81),99),(((98,55),73),(38,(64,40)))),16),((((68,28),66),49),((12,(((65,69),37),87)),(21,45)))),(((10,((25,31),88)),(42,53)),33)),(((((62,92),((52,14),79)),(78,39)),96),(48,17))),((((((56,47),84),57),80),(95,18)),22)),(((((((41,30),((61,70),8)),23),77),27),((((6,76),(94,29)),13),(36,71))),((11,54),(89,97)))),((((5,1),2),3),4)),35),(85,93)),((51,((19,15),32)),24)),(((43,(46,72)),(74,91)),((67,20),((75,100),50)))),(9,59)),((58,60),83)),((44,90),(86,82))),7),34);
#NNI moves:0/152
Remaining: 0
#NNI moves:0/152
#NNI moves:0/152
((((((((((((((((((9,59),((((90,44),(82,86)),(7,34)),(83,(60,58)))),(((67,20),(50,(75,100))),((74,91),(43,(72,46))))),((((15,19),32),51),24)),(93,85)),35),(4,((2,(1,5)),3))),((((((((61,70),8),(41,30)),23),77),27),((71,36),(((29,94),(6,76)),13))),((97,89),(54,11)))),(((80,(((47,56),84),57)),(95,18)),22)),((((39,78),((92,62),((52,14),79))),96),(17,48))),(33,(((88,(25,31)),10),(42,53)))),((((68,28),66),49),((45,21),(12,(((69,65),37),87))))),16),(99,((63,26),81))),(73,(55,98))),38),64),40);
Current score: 3.69541e+09
Current tree: ((55,(73,(((((((((((((((9,59),((((90,44),(82,86)),(7,34)),(83,(60,58)))),(((67,20),(50,(75,100))),((74,91),(43,(72,46))))),((((15,19),32),51),24)),(93,85)),35),(4,((2,(1,5)),3))),((((((((61,70),8),(41,30)),23),77),27),((71,36),(((29,94),(6,76)),13))),((97,89),(54,11)))),(((80,(((47,56),84),57)),(95,18)),22)),((((39,78),((92,62),((52,14),79))),96),(17,48))),(33,(((88,(25,31)),10),(42,53)))),((((68,28),66),49),((45,21),(12,(((69,65),37),87))))),16),(99,((63,26),81))),(38,(64,40))))),98);
Final Tree: ((55,(73,(((((((((((((((9,59),((((90,44),(82,86)),(7,34)),(83,(60,58)))),(((67,20),(50,(75,100))),((74,91),(43,(72,46))))),((((15,19),32),51),24)),(93,85)),35),(4,((2,(1,5)),3))),((((((((61,70),8),(41,30)),23),77),27),((71,36),(((29,94),(6,76)),13))),((97,89),(54,11)))),(((80,(((47,56),84),57)),(95,18)),22)),((((39,78),((92,62),((52,14),79))),96),(17,48))),(33,(((88,(25,31)),10),(42,53)))),((((68,28),66),49),((45,21),(12,(((69,65),37),87))))),16),(99,((63,26),81))),(38,(64,40))))),98);
#EqQuartets: 3921225000
Score: 3695412709
ASTRAL for PaRalogs and Orthologs III (ASTRAL-Pro3)
*** NOW with integrated CASTLES-Pro ***
Version: v1.22.3.6
Read 512 genetrees and found 100 species.
#Genetrees: 1000
#Duploss: 0
#Species: 100
#Rounds: 4
#Samples: 4
#Threads: 1
Use two-step algorithm!
Guide Tree 0/16
#NNI moves:0/152
Guide Tree 1/16
#NNI moves:0/152
Guide Tree 2/16
#NNI moves:0/152
Guide Tree 3/16
#NNI moves:0/152
Guide Tree 4/16
#NNI moves:0/152
Guide Tree 5/16
#NNI moves:0/152
Guide Tree 6/16
#NNI moves:0/152
Guide Tree 7/16
#NNI moves:0/152
Guide Tree 8/16
#NNI moves:0/152
Guide Tree 9/16
#NNI moves:0/152
Guide Tree 10/16
#NNI moves:0/152
Guide Tree 11/16
#NNI moves:0/152
Guide Tree 12/16
#NNI moves:0/152
Guide Tree 13/16
#NNI moves:0/152
Guide Tree 14/16
#NNI moves:0/152
Guide Tree 15/16
#NNI moves:0/152
Remaining: 0
#NNI moves:0/152
#NNI moves:0/152
((((((((((((((((16,86),64),(35,15)),43),(((((24,27),75),(23,63)),12),18)),((((82,44),(40,31)),((34,84),((5,4),90))),(((11,85),22),(68,6)))),((96,((94,97),100)),(98,(95,99)))),((((((32,42),9),(52,8)),54),51),((13,2),((39,29),81)))),((((((58,41),((((28,70),69),(50,55)),93)),((26,60),49)),(45,(((25,7),10),(57,80)))),20),(((((74,62),(87,78)),((53,30),((19,71),17))),14),((((91,(88,36)),21),(77,66)),33)))),((3,(47,37)),(79,1))),(38,83)),76),(((48,65),(((61,56),59),72)),73)),89),(92,67)),46);
Guide Tree 0/16
#NNI moves:0/152
Guide Tree 1/16
#NNI moves:0/152
Guide Tree 2/16
#NNI moves:0/152
Guide Tree 3/16
#NNI moves:0/152
Guide Tree 4/16
#NNI moves:0/152
Guide Tree 5/16
#NNI moves:0/152
Guide Tree 6/16
#NNI moves:0/152
Guide Tree 7/16
#NNI moves:0/152
Guide Tree 8/16
#NNI moves:0/152
Guide Tree 9/16
#NNI moves:0/152
Guide Tree 10/16
#NNI moves:0/152
Guide Tree 11/16
#NNI moves:0/152
Guide Tree 12/16
#NNI moves:0/152
Guide Tree 13/16
#NNI moves:0/152
Guide Tree 14/16
#NNI moves:0/152
Guide Tree 15/16
#NNI moves:0/152
Remaining: 0
#NNI moves:0/152
#NNI moves:0/152
(((((((((((((99,95),98),(((94,97),100),96)),(((((((27,24),75),(63,23)),12),18),(((15,35),((86,16),64)),43)),((((90,(5,4)),(34,84)),((82,44),(31,40))),(((85,11),22),(68,6))))),((((((32,42),9),(52,8)),54),51),((13,2),(81,(29,39))))),(((((21,((36,88),91)),(66,77)),33),((((74,62),(87,78)),((17,(19,71)),(30,53))),14)),(20,((((80,57),((7,25),10)),45),(((41,58),(((69,(70,28)),(50,55)),93)),((60,26),49)))))),((1,79),((37,47),3))),(83,38)),76),((((59,(56,61)),72),(48,65)),73)),89),(92,67)),46);
Guide Tree 0/16
#NNI moves:0/152
Guide Tree 1/16
#NNI moves:0/152
Guide Tree 2/16
#NNI moves:0/152
Guide Tree 3/16
#NNI moves:0/152
Guide Tree 4/16
#NNI moves:0/152
Guide Tree 5/16
#NNI moves:0/152
Guide Tree 6/16
#NNI moves:0/152
Guide Tree 7/16
#NNI moves:0/152
Guide Tree 8/16
#NNI moves:0/152
Guide Tree 9/16
#NNI moves:0/152
Guide Tree 10/16
#NNI moves:0/152
Guide Tree 11/16
#NNI moves:0/152
Guide Tree 12/16
#NNI moves:0/152
Guide Tree 13/16
#NNI moves:0/152
Guide Tree 14/16
#NNI moves:0/152
Guide Tree 15/16
#NNI moves:0/152
Remaining: 0
#NNI moves:0/152
#NNI moves:0/152
((((((((((((((((23,63),((27,24),75)),12),18),((((16,86),64),(35,15)),43)),(((68,6),(22,(11,85))),(((34,84),(90,(5,4))),((31,40),(82,44))))),(((99,95),98),(((94,97),100),96))),(((54,((8,52),(9,(32,42)))),51),((2,13),((39,29),81)))),((((((74,62),(78,87)),((30,53),((19,71),17))),14),(((66,77),(21,(91,(36,88)))),33)),(20,((((((50,55),((70,28),69)),93),(58,41)),((26,60),49)),((((25,7),10),(57,80)),45))))),((3,(47,37)),(1,79))),(83,38)),76),((((59,(61,56)),72),(48,65)),73)),89),(92,67)),46);
Guide Tree 0/16
#NNI moves:0/152
Guide Tree 1/16
#NNI moves:0/152
Guide Tree 2/16
#NNI moves:0/152
Guide Tree 3/16
#NNI moves:0/152
Guide Tree 4/16
#NNI moves:0/152
Guide Tree 5/16
#NNI moves:0/152
Guide Tree 6/16
#NNI moves:0/152
Guide Tree 7/16
#NNI moves:0/152
Guide Tree 8/16
#NNI moves:0/152
Guide Tree 9/16
#NNI moves:0/152
Guide Tree 10/16
#NNI moves:0/152
Guide Tree 11/16
#NNI moves:0/152
Guide Tree 12/16
#NNI moves:0/152
Guide Tree 13/16
#NNI moves:0/152
Guide Tree 14/16
#NNI moves:0/152
Guide Tree 15/16
#NNI moves:0/152
Remaining: 0
#NNI moves:0/152
#NNI moves:0/152
((((((((((((((((86,16),64),(15,35)),43),((((63,23),((24,27),75)),12),18)),((((31,40),(44,82)),(((4,5),90),(34,84))),((22,(11,85)),(68,6)))),((((97,94),100),96),(98,(99,95)))),((((29,39),81),(13,2)),((((9,(32,42)),(52,8)),54),51))),((((((62,74),(87,78)),(((71,19),17),(53,30))),14),(((21,(91,(88,36))),(66,77)),33)),((((((((70,28),69),(50,55)),93),(58,41)),((26,60),49)),(45,(((25,7),10),(80,57)))),20))),((1,79),(3,(37,47)))),(38,83)),76),(((65,48),(72,((56,61),59))),73)),89),(92,67)),46);
Initial score: 3.35955e+09
Initial tree: ((((((((((((((((86,16),64),(15,35)),43),((((63,23),((24,27),75)),12),18)),((((31,40),(44,82)),(((4,5),90),(34,84))),((22,(11,85)),(68,6)))),((((97,94),100),96),(98,(99,95)))),((((29,39),81),(13,2)),((((9,(32,42)),(52,8)),54),51))),((((((62,74),(87,78)),(((71,19),17),(53,30))),14),(((21,(91,(88,36))),(66,77)),33)),((((((((70,28),69),(50,55)),93),(58,41)),((26,60),49)),(45,(((25,7),10),(80,57)))),20))),((1,79),(3,(37,47)))),(38,83)),76),(((65,48),(72,((56,61),59))),73)),89),(92,67)),46);
*** Subsample Process ***
Use two-step algorithm!
#NNI moves:0/152
Remaining: 0
#NNI moves:0/152
#NNI moves:0/152
((((((((((((((((58,41),(93,(((70,28),69),(55,50)))),((60,26),49)),((((25,7),10),(57,80)),45)),20),(((((62,74),(87,78)),((30,53),((19,71),17))),14),((((91,(36,88)),21),(77,66)),33))),(((83,38),(((((92,67),46),89),(((65,48),(((56,61),59),72)),73)),76)),(((47,37),3),(1,79)))),((((((32,42),9),(52,8)),54),51),((2,13),((29,39),81)))),((98,(99,95)),((100,(94,97)),96))),((((84,34),((5,4),90)),((82,44),(40,31))),((22,(85,11)),(6,68)))),(18,((((24,27),75),(63,23)),12))),43),(35,15)),64),86),16);
#NNI moves:0/152
Remaining: 0
#NNI moves:0/152
#NNI moves:0/152
((((((((((((((((82,44),(40,31)),(((4,5),90),(34,84))),(((11,85),22),(6,68))),((((((24,27),75),(23,63)),12),18),(((64,(86,16)),(15,35)),43))),(((95,99),98),(96,((94,97),100)))),(((2,13),(81,(39,29))),((((9,(42,32)),(8,52)),54),51))),(((((((((70,28),69),(55,50)),93),(41,58)),((60,26),49)),((((25,7),10),(57,80)),45)),20),(((((74,62),(87,78)),((30,53),((19,71),17))),14),((((91,(88,36)),21),(77,66)),33)))),((3,(47,37)),(1,79))),(83,38)),76),(((48,65),((59,(61,56)),72)),73)),89),46),67),92);
#NNI moves:0/152
Remaining: 0
#NNI moves:0/152
#NNI moves:0/152
(((((((((((((((62,74),(78,87)),((17,(19,71)),(53,30))),14),(((((88,36),91),21),(77,66)),33)),((((((25,7),10),(57,80)),45),(((60,26),49),((93,((55,50),((70,28),69))),(58,41)))),20)),(((((((48,65),(((56,61),59),72)),73),((46,(92,67)),89)),76),(83,38)),(((37,47),3),(79,1)))),(((2,13),((39,29),81)),(((((32,42),9),(8,52)),54),51))),(((95,99),98),(96,((94,97),100)))),((((35,15),((86,16),64)),43),((12,((75,(27,24)),(23,63))),18))),(((85,11),22),(68,6))),(((4,5),90),(84,34))),(82,44)),31),40);
#NNI moves:0/152
Remaining: 0
#NNI moves:0/152
#NNI moves:0/152
((((((((((((((((11,85),22),(68,6)),((((4,5),90),(34,84)),((40,31),(82,44)))),(((((16,86),64),(15,35)),43),((((23,63),((27,24),75)),12),18))),((((97,94),100),96),((99,95),98))),((((((32,42),9),(52,8)),54),51),(((29,39),81),(2,13)))),((((((((50,55),((28,70),69)),93),(58,41)),(49,(60,26))),(((80,57),((7,25),10)),45)),20),((((((19,71),17),(53,30)),((87,78),(62,74))),14),((((91,(88,36)),21),(77,66)),33)))),((1,79),((47,37),3))),(38,83)),76),(89,((67,92),46))),73),(72,(59,(61,56)))),65),48);
Current score: 3.35955e+09
Current tree: (((67,92),(89,((((((((((((11,85),22),(68,6)),((((4,5),90),(34,84)),((40,31),(82,44)))),(((((16,86),64),(15,35)),43),((((23,63),((27,24),75)),12),18))),((((97,94),100),96),((99,95),98))),((((((32,42),9),(52,8)),54),51),(((29,39),81),(2,13)))),((((((((50,55),((28,70),69)),93),(58,41)),(49,(60,26))),(((80,57),((7,25),10)),45)),20),((((((19,71),17),(53,30)),((87,78),(62,74))),14),((((91,(88,36)),21),(77,66)),33)))),((1,79),((47,37),3))),(38,83)),76),(73,((72,(59,(61,56))),(65,48)))))),46);
Final Tree: (((67,92),(89,((((((((((((11,85),22),(68,6)),((((4,5),90),(34,84)),((40,31),(82,44)))),(((((16,86),64),(15,35)),43),((((23,63),((27,24),75)),12),18))),((((97,94),100),96),((99,95),98))),((((((32,42),9),(52,8)),54),51),(((29,39),81),(2,13)))),((((((((50,55),((28,70),69)),93),(58,41)),(49,(60,26))),(((80,57),((7,25),10)),45)),20),((((((19,71),17),(53,30)),((87,78),(62,74))),14),((((91,(88,36)),21),(77,66)),33)))),((1,79),((47,37),3))),(38,83)),76),(73,((72,(59,(61,56))),(65,48)))))),46);
#EqQuartets: 3921225000
Score: 3359548454
ASTRAL for PaRalogs and Orthologs III (ASTRAL-Pro3)
*** NOW with integrated CASTLES-Pro ***
Version: v1.22.3.6
Read 512 genetrees and found 100 species.
#Genetrees: 1000
#Duploss: 0
#Species: 100
#Rounds: 4
#Samples: 4
#Threads: 1
Use two-step algorithm!
Guide Tree 0/16
#NNI moves:6/152
Guide Tree 1/16
#NNI moves:0/152
Guide Tree 2/16
#NNI moves:2/152
Guide Tree 3/16
#NNI moves:0/152
Guide Tree 4/16
#NNI moves:0/152
Guide Tree 5/16
#NNI moves:0/152
Guide Tree 6/16
#NNI moves:0/152
Guide Tree 7/16
#NNI moves:0/152
Guide Tree 8/16
#NNI moves:2/152
Guide Tree 9/16
#NNI moves:0/152
Guide Tree 10/16
#NNI moves:0/152
Guide Tree 11/16
#NNI moves:0/152
Guide Tree 12/16
#NNI moves:0/152
Guide Tree 13/16
#NNI moves:0/152
Guide Tree 14/16
#NNI moves:0/152
Guide Tree 15/16
#NNI moves:6/152
Remaining: 0
#NNI moves:0/152
#NNI moves:0/152
(((((((((((((((66,54),99),71),(69,46)),(((68,((58,(91,82)),90)),((((61,89),79),(74,((80,(70,96)),67))),52)),(72,(83,51)))),(((((85,78),98),73),(88,53)),(((((((((100,59),87),62),50),(55,48)),(((76,(56,47)),77),(60,65))),((64,((92,57),63)),(84,86))),(((97,75),93),95)),((81,94),49)))),((34,(36,16)),((42,40),7))),((1,((6,31),29)),(18,17))),(((((32,(24,45)),19),(35,38)),25),21)),((((12,23),(41,22)),9),(3,14))),(43,(28,27))),((10,((4,26),(39,(8,44)))),(2,(33,15)))),((37,30),20)),(13,11)),5);
Guide Tree 0/16
#NNI moves:2/152
Guide Tree 1/16
#NNI moves:0/152
Guide Tree 2/16
#NNI moves:0/152
Guide Tree 3/16
#NNI moves:0/152
Guide Tree 4/16
#NNI moves:0/152
Guide Tree 5/16
#NNI moves:0/152
Guide Tree 6/16
#NNI moves:2/152
Guide Tree 7/16
#NNI moves:0/152
Guide Tree 8/16
#NNI moves:0/152
Guide Tree 9/16
#NNI moves:0/152
Guide Tree 10/16
#NNI moves:0/152
Guide Tree 11/16
#NNI moves:0/152
Guide Tree 12/16
#NNI moves:0/152
Guide Tree 13/16
#NNI moves:0/152
Guide Tree 14/16
#NNI moves:0/152
Guide Tree 15/16
#NNI moves:2/152
Remaining: 0
#NNI moves:0/152
#NNI moves:0/152
((((((((((((((((84,86),((63,(57,92)),64)),((((((100,59),87),62),50),(55,48)),((65,60),(77,((56,47),76))))),(((75,97),93),95)),((94,81),49)),((((78,85),98),73),(88,53))),(((((66,54),99),71),(46,69)),((((((82,91),58),90),68),((((((96,70),80),67),74),(79,(61,89))),52)),((51,83),72)))),(((16,36),34),(7,(42,40)))),(((29,(31,6)),1),(18,17))),((((38,35),(((45,24),32),19)),25),21)),((((22,41),(23,12)),9),(3,14))),((27,28),43)),(((((44,8),39),(26,4)),10),((15,33),2))),((30,37),20)),(11,13)),5);
Guide Tree 0/16
#NNI moves:0/152
Guide Tree 1/16
#NNI moves:0/152
Guide Tree 2/16
#NNI moves:0/152
Guide Tree 3/16
#NNI moves:0/152
Guide Tree 4/16
#NNI moves:0/152
Guide Tree 5/16
#NNI moves:0/152
Guide Tree 6/16
#NNI moves:0/152
Guide Tree 7/16
#NNI moves:0/152
Guide Tree 8/16
#NNI moves:0/152
Guide Tree 9/16
#NNI moves:0/152
Guide Tree 10/16
#NNI moves:0/152
Guide Tree 11/16
#NNI moves:0/152
Guide Tree 12/16
#NNI moves:0/152
Guide Tree 13/16
#NNI moves:0/152
Guide Tree 14/16
#NNI moves:0/152
Guide Tree 15/16
#NNI moves:0/152
Remaining: 0
#NNI moves:0/152
#NNI moves:0/152
((((((((((((((((((((100,59),87),62),50),(48,55)),((77,((56,47),76)),(65,60))),((86,84),(((57,92),63),64))),((93,(75,97)),95)),((81,94),49)),(((98,(85,78)),73),(53,88))),((((((((80,(70,96)),67),74),((61,89),79)),52),((90,(58,(82,91))),68)),(72,(83,51))),((69,46),(((54,66),99),71)))),((34,(36,16)),(7,(40,42)))),(((29,(6,31)),1),(17,18))),((((38,35),(((45,24),32),19)),25),21)),((((41,22),(23,12)),9),(14,3))),(43,(28,27))),(((((44,8),39),(4,26)),10),((15,33),2))),((30,37),20)),(13,11)),5);
Guide Tree 0/16
#NNI moves:0/152
Guide Tree 1/16
#NNI moves:0/152
Guide Tree 2/16
#NNI moves:0/152
Guide Tree 3/16
#NNI moves:0/152
Guide Tree 4/16
#NNI moves:0/152
Guide Tree 5/16
#NNI moves:0/152
Guide Tree 6/16
#NNI moves:0/152
Guide Tree 7/16
#NNI moves:0/152
Guide Tree 8/16
#NNI moves:0/152
Guide Tree 9/16
#NNI moves:0/152
Guide Tree 10/16
#NNI moves:0/152
Guide Tree 11/16
#NNI moves:0/152
Guide Tree 12/16
#NNI moves:0/152
Guide Tree 13/16
#NNI moves:0/152
Guide Tree 14/16
#NNI moves:0/152
Guide Tree 15/16
#NNI moves:0/152
Remaining: 0
#NNI moves:0/152
#NNI moves:0/152
(((((((((((((((((((87,(59,100)),62),50),(55,48)),((((47,56),76),77),(65,60))),((84,86),(64,((92,57),63)))),(((97,75),93),95)),((94,81),49)),((((85,78),98),73),(53,88))),(((((90,(58,(82,91))),68),((((((70,96),80),67),74),((61,89),79)),52)),((83,51),72)),((46,69),(((66,54),99),71)))),(((40,42),7),(34,(36,16)))),((((6,31),29),1),(17,18))),((((35,38),(((24,45),32),19)),25),21)),((((23,12),(41,22)),9),(3,14))),(43,(27,28))),((((39,(8,44)),(26,4)),10),(2,(15,33)))),((30,37),20)),(11,13)),5);
Initial score: 3.55672e+09
Initial tree: (((((((((((((((((((87,(59,100)),62),50),(55,48)),((((47,56),76),77),(65,60))),((84,86),(64,((92,57),63)))),(((97,75),93),95)),((94,81),49)),((((85,78),98),73),(53,88))),(((((90,(58,(82,91))),68),((((((70,96),80),67),74),((61,89),79)),52)),((83,51),72)),((46,69),(((66,54),99),71)))),(((40,42),7),(34,(36,16)))),((((6,31),29),1),(17,18))),((((35,38),(((24,45),32),19)),25),21)),((((23,12),(41,22)),9),(3,14))),(43,(27,28))),((((39,(8,44)),(26,4)),10),(2,(15,33)))),((30,37),20)),(11,13)),5);
*** Subsample Process ***
Use two-step algorithm!
#NNI moves:0/152
Remaining: 0
#NNI moves:0/152
#NNI moves:0/152
(((((((((((((((((43,(28,27)),(((2,(15,33)),(((39,(44,8)),(26,4)),10)),(((13,11),5),(20,(37,30))))),((9,((12,23),(22,41))),(14,3))),((((((24,45),32),19),(38,35)),25),21)),((((6,31),29),1),(18,17))),((7,(40,42)),(34,(16,36)))),(((((((89,61),79),((((70,96),80),67),74)),52),(68,((58,(82,91)),90))),((83,51),72)),((71,((54,66),99)),(69,46)))),((((78,85),98),73),(53,88))),(49,(94,81))),(95,((75,97),93))),((((57,92),63),64),(86,84))),((77,((56,47),76)),(65,60))),(55,48)),50),62),(59,100)),87);
#NNI moves:0/152
Remaining: 0
#NNI moves:0/152
#NNI moves:0/152
((((((((((((((((74,(67,(80,(70,96)))),((61,89),79)),52),(68,((58,(82,91)),90))),((51,83),72)),((((54,66),99),71),(46,69))),(((((((55,48),((((100,59),87),62),50)),((77,((56,47),76)),(65,60))),((((57,92),63),64),(86,84))),((93,(97,75)),95)),((81,94),49)),((53,88),(((78,85),98),73)))),(((40,42),7),((16,36),34))),((((6,31),29),1),(17,18))),((((19,((24,45),32)),(38,35)),25),21)),((((12,23),(22,41)),9),(3,14))),((27,28),43)),(((37,30),20),((13,11),5))),(10,(((44,8),39),(4,26)))),(33,15)),2);
#NNI moves:2/152
Remaining: 0
#NNI moves:8/152
#NNI moves:8/152
((((((((((((((((((19,((24,45),32)),(38,35)),25),21),((((28,27),43),(((10,((26,4),((44,8),39))),((15,33),2)),(((30,37),20),(5,(11,13))))),((14,3),(((41,22),(23,12)),9)))),((((6,31),29),1),(17,18))),(((36,16),34),((40,42),7))),(((((((((87,(59,100)),62),50),(48,55)),(((76,(56,47)),77),(60,65))),((((92,57),63),64),(86,84))),(((75,97),93),95)),((81,94),49)),((((78,85),98),73),(53,88)))),((((54,66),99),71),(46,69))),(72,(83,51))),(((58,(82,91)),90),68)),52),((89,61),79)),74),67),80),70),96);
#NNI moves:0/152
Remaining: 0
#NNI moves:0/152
#NNI moves:0/152
(((((((((((((((((((((59,100),87),62),50),(55,48)),((((56,47),76),77),(60,65))),((64,((92,57),63)),(84,86))),(((97,75),93),95)),((94,81),49)),(((98,(78,85)),73),(88,53))),(((71,(99,(54,66))),(46,69)),(((((74,(((70,96),80),67)),((61,89),79)),52),(((58,(91,82)),90),68)),((83,51),72)))),((34,(36,16)),(7,(42,40)))),((18,17),(((31,6),29),1))),((((35,38),(((24,45),32),19)),25),21)),((((41,22),(23,12)),9),(14,3))),(43,(27,28))),((10,(((8,44),39),(4,26))),((15,33),2))),((30,37),20)),5),11),13);
Current score: 3.55672e+09
Current tree: ((((((((((((((((((((59,100),87),62),50),(55,48)),((((56,47),76),77),(60,65))),((64,((92,57),63)),(84,86))),(((97,75),93),95)),((94,81),49)),(((98,(78,85)),73),(88,53))),(((71,(99,(54,66))),(46,69)),(((((74,(((70,96),80),67)),((61,89),79)),52),(((58,(91,82)),90),68)),((83,51),72)))),((34,(36,16)),(7,(42,40)))),((18,17),(((31,6),29),1))),((((35,38),(((24,45),32),19)),25),21)),((((41,22),(23,12)),9),(14,3))),(43,(27,28))),((10,(((8,44),39),(4,26))),((15,33),2))),((30,37),20)),(11,13)),5);
Final Tree: ((((((((((((((((((((59,100),87),62),50),(55,48)),((((56,47),76),77),(60,65))),((64,((92,57),63)),(84,86))),(((97,75),93),95)),((94,81),49)),(((98,(78,85)),73),(88,53))),(((71,(99,(54,66))),(46,69)),(((((74,(((70,96),80),67)),((61,89),79)),52),(((58,(91,82)),90),68)),((83,51),72)))),((34,(36,16)),(7,(42,40)))),((18,17),(((31,6),29),1))),((((35,38),(((24,45),32),19)),25),21)),((((41,22),(23,12)),9),(14,3))),(43,(27,28))),((10,(((8,44),39),(4,26))),((15,33),2))),((30,37),20)),(11,13)),5);
#EqQuartets: 3921225000
Score: 3556722928
ASTRAL for PaRalogs and Orthologs III (ASTRAL-Pro3)
*** NOW with integrated CASTLES-Pro ***
Version: v1.22.3.6
Read 512 genetrees and found 100 species.
#Genetrees: 1000
#Duploss: 0
#Species: 100
#Rounds: 4
#Samples: 4
#Threads: 1
Use two-step algorithm!
Guide Tree 0/16
#NNI moves:0/152
Guide Tree 1/16
#NNI moves:0/152
Guide Tree 2/16
#NNI moves:0/152
Guide Tree 3/16
#NNI moves:0/152
Guide Tree 4/16
#NNI moves:0/152
Guide Tree 5/16
#NNI moves:0/152
Guide Tree 6/16
#NNI moves:0/152
Guide Tree 7/16
#NNI moves:0/152
Guide Tree 8/16
#NNI moves:0/152
Guide Tree 9/16
#NNI moves:0/152
Guide Tree 10/16
#NNI moves:0/152
Guide Tree 11/16
#NNI moves:0/152
Guide Tree 12/16
#NNI moves:0/152
Guide Tree 13/16
#NNI moves:0/152
Guide Tree 14/16
#NNI moves:0/152
Guide Tree 15/16
#NNI moves:0/152
Remaining: 0
#NNI moves:0/152
#NNI moves:0/152
(((((((((((((((20,(14,38)),(10,(27,21))),(((((5,4),32),(19,(34,37))),3),(((11,7),8),6))),(12,((23,18),(1,13)))),(((41,31),((((22,24),9),15),(36,30))),(39,26))),(((28,17),16),42)),((40,33),(((35,29),2),25))),(((63,72),51),(89,(66,67)))),(((54,93),((70,81),85)),56)),((((((86,47),(92,(58,57))),87),82),((((61,71),((((76,96),(91,79)),(46,98)),(50,64))),(((44,83),((100,77),55)),(68,90))),75)),((((53,62),94),65),((43,74),59)))),(((((48,49),99),(88,(97,80))),45),60)),(73,78)),(95,84)),69),52);
Guide Tree 0/16
#NNI moves:0/152
Guide Tree 1/16
#NNI moves:0/152
Guide Tree 2/16
#NNI moves:0/152
Guide Tree 3/16
#NNI moves:0/152
Guide Tree 4/16
#NNI moves:0/152
Guide Tree 5/16
#NNI moves:0/152
Guide Tree 6/16
#NNI moves:0/152
Guide Tree 7/16
#NNI moves:0/152
Guide Tree 8/16
#NNI moves:0/152
Guide Tree 9/16
#NNI moves:0/152
Guide Tree 10/16
#NNI moves:0/152
Guide Tree 11/16
#NNI moves:0/152
Guide Tree 12/16
#NNI moves:0/152
Guide Tree 13/16
#NNI moves:0/152
Guide Tree 14/16
#NNI moves:0/152
Guide Tree 15/16
#NNI moves:0/152
Remaining: 0
#NNI moves:0/152
#NNI moves:0/152
(((((((((((((((13,1),(18,23)),12),(((((19,(34,37)),(32,(5,4))),3),(6,((11,7),8))),(((21,27),10),(20,(38,14))))),(((41,31),((30,36),(15,(9,(22,24))))),(39,26))),(((28,17),16),42)),(((2,(29,35)),25),(40,33))),((51,(72,63)),((66,67),89))),(((85,(70,81)),(54,93)),56)),((((((61,71),(((98,46),((91,79),(76,96))),(50,64))),((90,68),(((77,100),55),(83,44)))),75),((((47,86),(92,(58,57))),87),82)),((59,(74,43)),(65,((53,62),94))))),(((((80,97),88),((49,48),99)),45),60)),(78,73)),(95,84)),69),52);
Guide Tree 0/16
#NNI moves:0/152
Guide Tree 1/16
#NNI moves:0/152
Guide Tree 2/16
#NNI moves:0/152
Guide Tree 3/16
#NNI moves:0/152
Guide Tree 4/16
#NNI moves:0/152
Guide Tree 5/16
#NNI moves:0/152
Guide Tree 6/16
#NNI moves:0/152
Guide Tree 7/16
#NNI moves:0/152
Guide Tree 8/16
#NNI moves:0/152
Guide Tree 9/16
#NNI moves:0/152
Guide Tree 10/16
#NNI moves:0/152
Guide Tree 11/16
#NNI moves:0/152
Guide Tree 12/16
#NNI moves:0/152
Guide Tree 13/16
#NNI moves:0/152
Guide Tree 14/16
#NNI moves:0/152
Guide Tree 15/16
#NNI moves:0/152
Remaining: 0
#NNI moves:0/152
#NNI moves:0/152
(((((((((((((((1,13),(23,18)),12),(((3,(((5,4),32),((37,34),19))),(((11,7),8),6)),(((38,14),20),((21,27),10)))),((((36,30),(((24,22),9),15)),(31,41)),(26,39))),(42,(16,(28,17)))),(((2,(35,29)),25),(40,33))),((51,(72,63)),(89,(67,66)))),(((54,93),(85,(81,70))),56)),((((((61,71),(((98,46),((79,91),(76,96))),(64,50))),((68,90),((83,44),(55,(100,77))))),75),(((((58,57),92),(86,47)),87),82)),(((43,74),59),(((62,53),94),65)))),(((((80,97),88),((49,48),99)),45),60)),(73,78)),(95,84)),69),52);
Guide Tree 0/16
#NNI moves:0/152
Guide Tree 1/16
#NNI moves:0/152
Guide Tree 2/16
#NNI moves:0/152
Guide Tree 3/16
#NNI moves:0/152
Guide Tree 4/16
#NNI moves:0/152
Guide Tree 5/16
#NNI moves:0/152
Guide Tree 6/16
#NNI moves:0/152
Guide Tree 7/16
#NNI moves:0/152
Guide Tree 8/16
#NNI moves:0/152
Guide Tree 9/16
#NNI moves:0/152
Guide Tree 10/16
#NNI moves:0/152
Guide Tree 11/16
#NNI moves:0/152
Guide Tree 12/16
#NNI moves:0/152
Guide Tree 13/16
#NNI moves:0/152
Guide Tree 14/16
#NNI moves:0/152
Guide Tree 15/16
#NNI moves:0/152
Remaining: 0
#NNI moves:0/152
#NNI moves:0/152
(((((((((((((((((32,(5,4)),((34,37),19)),3),(6,((11,7),8))),(((38,14),20),((27,21),10))),(((18,23),(1,13)),12)),((((36,30),((9,(22,24)),15)),(31,41)),(26,39))),(((28,17),16),42)),((33,40),(25,((29,35),2)))),(((72,63),51),((67,66),89))),((((81,70),85),(54,93)),56)),(((((((55,(100,77)),(83,44)),(90,68)),((71,61),((64,50),(((76,96),(91,79)),(98,46))))),75),((((86,47),(92,(58,57))),87),82)),((((53,62),94),65),(59,(43,74))))),(((((97,80),88),(99,(48,49))),45),60)),(78,73)),(95,84)),69),52);
Initial score: 3.5964e+09
Initial tree: (((((((((((((((((32,(5,4)),((34,37),19)),3),(6,((11,7),8))),(((38,14),20),((27,21),10))),(((18,23),(1,13)),12)),((((36,30),((9,(22,24)),15)),(31,41)),(26,39))),(((28,17),16),42)),((33,40),(25,((29,35),2)))),(((72,63),51),((67,66),89))),((((81,70),85),(54,93)),56)),(((((((55,(100,77)),(83,44)),(90,68)),((71,61),((64,50),(((76,96),(91,79)),(98,46))))),75),((((86,47),(92,(58,57))),87),82)),((((53,62),94),65),(59,(43,74))))),(((((97,80),88),(99,(48,49))),45),60)),(78,73)),(95,84)),69),52);
*** Subsample Process ***
Use two-step algorithm!
#NNI moves:0/152
Remaining: 0
#NNI moves:0/152
#NNI moves:0/152
((((((((((((((((((((71,61),((((76,96),(91,79)),(46,98)),(64,50))),((68,90),(((100,77),55),(83,44)))),75),((((47,86),(92,(57,58))),87),82)),(((94,(53,62)),65),((74,43),59))),(((((99,(49,48)),((80,97),88)),45),60),(((95,84),(69,52)),(73,78)))),(((54,93),(85,(81,70))),56)),(((72,63),51),(89,(66,67)))),((33,40),(((29,35),2),25))),((16,(17,28)),42)),(((41,31),((36,30),((9,(22,24)),15))),(26,39))),(((1,13),(18,23)),12)),(((27,21),10),(20,(14,38)))),((8,(7,11)),6)),3),((37,34),19)),32),4),5);
#NNI moves:0/152
Remaining: 0
#NNI moves:0/152
#NNI moves:0/152
(((((((((((((((20,(14,38)),((21,27),10)),((6,((11,7),8)),(((32,(4,5)),(19,(34,37))),3))),(12,((1,13),(23,18)))),((((((24,22),9),15),(36,30)),(31,41)),(39,26))),((16,(28,17)),42)),((40,33),((2,(35,29)),25))),(((72,63),51),((67,66),89))),((((81,70),85),(93,54)),56)),((((((61,71),((((76,96),(79,91)),(46,98)),(50,64))),((((100,77),55),(83,44)),(68,90))),75),(((((57,58),92),(47,86)),87),82)),((((62,53),94),65),((43,74),59)))),((((88,(80,97)),(99,(49,48))),45),60)),(73,78)),(69,52)),84),95);
#NNI moves:0/152
Remaining: 0
#NNI moves:0/152
#NNI moves:0/152
(((((((((((((((((((((96,76),(79,91)),(46,98)),(64,50)),(71,61)),((((77,100),55),(44,83)),(68,90))),75),((((47,86),(92,(57,58))),87),82)),((65,((62,53),94)),((43,74),59))),(((((88,(80,97)),(99,(49,48))),45),60),(((69,52),(95,84)),(78,73)))),(((93,54),(85,(81,70))),56)),(((72,63),51),((67,66),89))),((40,33),(((29,35),2),25))),((16,(28,17)),42)),((((30,36),(((22,24),9),15)),(41,31)),(39,26))),(((23,18),(13,1)),12)),(((((4,5),32),((37,34),19)),3),(6,(8,(11,7))))),((21,27),10)),20),38),14);
#NNI moves:0/152
Remaining: 0
#NNI moves:2/152
#NNI moves:2/152
((((((((((((((36,30),(((24,22),9),15)),(41,31)),(26,39)),(((((((5,4),32),((34,37),19)),3),(6,((11,7),8))),(((14,38),20),(10,(27,21)))),(((23,18),(1,13)),12))),(42,((17,28),16))),((40,33),(25,(2,(35,29))))),(((66,67),89),((63,72),51))),(((54,93),(85,(70,81))),56)),(((((((((76,96),(91,79)),(46,98)),(50,64)),(71,61)),(((83,44),((100,77),55)),(68,90))),75),(((((58,57),92),(47,86)),87),82)),((((53,62),94),65),(59,(74,43))))),(((((97,80),88),(99,(48,49))),45),60)),((69,52),(84,95))),78),73);
Current score: 3.5964e+09
Current tree: ((69,((84,95),((((((((((((36,30),(((24,22),9),15)),(41,31)),(26,39)),(((((((5,4),32),((34,37),19)),3),(6,((11,7),8))),(((14,38),20),(10,(27,21)))),(((23,18),(1,13)),12))),(42,((17,28),16))),((40,33),(25,(2,(35,29))))),(((66,67),89),((63,72),51))),(((54,93),(85,(70,81))),56)),(((((((((76,96),(91,79)),(46,98)),(50,64)),(71,61)),(((83,44),((100,77),55)),(68,90))),75),(((((58,57),92),(47,86)),87),82)),((((53,62),94),65),(59,(74,43))))),(((((97,80),88),(99,(48,49))),45),60)),(78,73)))),52);
Final Tree: ((69,((84,95),((((((((((((36,30),(((24,22),9),15)),(41,31)),(26,39)),(((((((5,4),32),((34,37),19)),3),(6,((11,7),8))),(((14,38),20),(10,(27,21)))),(((23,18),(1,13)),12))),(42,((17,28),16))),((40,33),(25,(2,(35,29))))),(((66,67),89),((63,72),51))),(((54,93),(85,(70,81))),56)),(((((((((76,96),(91,79)),(46,98)),(50,64)),(71,61)),(((83,44),((100,77),55)),(68,90))),75),(((((58,57),92),(47,86)),87),82)),((((53,62),94),65),(59,(74,43))))),(((((97,80),88),(99,(48,49))),45),60)),(78,73)))),52);
#EqQuartets: 3921225000
Score: 3596395663
ASTRAL for PaRalogs and Orthologs III (ASTRAL-Pro3)
*** NOW with integrated CASTLES-Pro ***
Version: v1.22.3.6
Read 512 genetrees and found 100 species.
#Genetrees: 1000
#Duploss: 0
#Species: 100
#Rounds: 4
#Samples: 4
#Threads: 1
Use two-step algorithm!
Guide Tree 0/16
#NNI moves:0/152
Guide Tree 1/16
#NNI moves:0/152
Guide Tree 2/16
#NNI moves:0/152
Guide Tree 3/16
#NNI moves:0/152
Guide Tree 4/16
#NNI moves:0/152
Guide Tree 5/16
#NNI moves:0/152
Guide Tree 6/16
#NNI moves:0/152
Guide Tree 7/16
#NNI moves:0/152
Guide Tree 8/16
#NNI moves:0/152
Guide Tree 9/16
#NNI moves:0/152
Guide Tree 10/16
#NNI moves:0/152
Guide Tree 11/16
#NNI moves:0/152
Guide Tree 12/16
#NNI moves:0/152
Guide Tree 13/16
#NNI moves:0/152
Guide Tree 14/16
#NNI moves:0/152
Guide Tree 15/16
#NNI moves:0/152
Remaining: 0
#NNI moves:0/152
#NNI moves:0/152
((((((((((((55,19),((34,27),11)),(41,20)),((((2,22),58),32),14)),(16,23)),(((((49,43),35),28),(56,8)),(((33,51),((6,57),(40,4))),((52,37),24)))),7),((((((39,5),53),(29,21)),(((48,42),(18,36)),25)),44),(((((31,(50,(1,26))),(38,17)),(46,45)),(13,30)),(((((47,54),3),10),(12,15)),9)))),((((83,((66,88),96)),((67,82),90)),((((76,81),((59,75),91)),(68,(79,86))),(72,65))),((((((73,(60,85)),(80,71)),93),((63,(99,(62,77))),95)),((89,64),69)),((70,78),98)))),(((100,87),(97,61)),(92,94))),84),74);
Guide Tree 0/16
#NNI moves:0/152
Guide Tree 1/16
#NNI moves:0/152
Guide Tree 2/16
#NNI moves:0/152
Guide Tree 3/16
#NNI moves:0/152
Guide Tree 4/16
#NNI moves:0/152
Guide Tree 5/16
#NNI moves:0/152
Guide Tree 6/16
#NNI moves:0/152
Guide Tree 7/16
#NNI moves:0/152
Guide Tree 8/16
#NNI moves:0/152
Guide Tree 9/16
#NNI moves:0/152
Guide Tree 10/16
#NNI moves:0/152
Guide Tree 11/16
#NNI moves:0/152
Guide Tree 12/16
#NNI moves:0/152
Guide Tree 13/16
#NNI moves:0/152
Guide Tree 14/16
#NNI moves:0/152
Guide Tree 15/16
#NNI moves:0/152
Remaining: 0
#NNI moves:0/152
#NNI moves:0/152
((((((((((91,(75,59)),(81,76)),((79,86),68)),(65,72)),((90,(82,67)),(((66,88),96),83))),((((64,89),69),(((((60,85),73),(71,80)),93),(95,((99,(62,77)),63)))),(98,(78,70)))),((((((((55,19),((34,27),11)),(20,41)),((32,((22,2),58)),14)),(16,23)),(((8,56),(((49,43),35),28)),((((57,6),(40,4)),(51,33)),((52,37),24)))),7),((((((31,(50,(1,26))),(38,17)),(45,46)),(30,13)),(9,((10,(3,(54,47))),(15,12)))),(((((42,48),(18,36)),25),((21,29),((39,5),53))),44)))),(((61,97),(100,87)),(94,92))),84),74);
Guide Tree 0/16
#NNI moves:0/152
Guide Tree 1/16
#NNI moves:0/152
Guide Tree 2/16
#NNI moves:0/152
Guide Tree 3/16
#NNI moves:0/152
Guide Tree 4/16
#NNI moves:0/152
Guide Tree 5/16
#NNI moves:0/152
Guide Tree 6/16
#NNI moves:0/152
Guide Tree 7/16
#NNI moves:0/152
Guide Tree 8/16
#NNI moves:0/152
Guide Tree 9/16
#NNI moves:0/152
Guide Tree 10/16
#NNI moves:0/152
Guide Tree 11/16
#NNI moves:0/152
Guide Tree 12/16
#NNI moves:0/152
Guide Tree 13/16
#NNI moves:0/152
Guide Tree 14/16
#NNI moves:0/152
Guide Tree 15/16
#NNI moves:0/152
Remaining: 0
#NNI moves:0/152
#NNI moves:0/152
((((((((((56,8),(((43,49),35),28)),(((52,37),24),((33,51),((4,40),(57,6))))),((((41,20),(((27,34),11),(19,55))),(((58,(2,22)),32),14)),(23,16))),7),(((((((47,54),3),10),(15,12)),9),((((31,((1,26),50)),(17,38)),(45,46)),(30,13))),((((29,21),((39,5),53)),(25,((36,18),(42,48)))),44))),((((69,(64,89)),(((((62,77),99),63),95),(((73,(60,85)),(80,71)),93))),((78,70),98)),(((90,(67,82)),(((66,88),96),83)),((((91,(59,75)),(81,76)),(68,(86,79))),(72,65))))),(((61,97),(100,87)),(94,92))),84),74);
Guide Tree 0/16
#NNI moves:0/152
Guide Tree 1/16
#NNI moves:0/152
Guide Tree 2/16
#NNI moves:0/152
Guide Tree 3/16
#NNI moves:0/152
Guide Tree 4/16
#NNI moves:0/152
Guide Tree 5/16
#NNI moves:0/152
Guide Tree 6/16
#NNI moves:0/152
Guide Tree 7/16
#NNI moves:0/152
Guide Tree 8/16
#NNI moves:0/152
Guide Tree 9/16
#NNI moves:0/152
Guide Tree 10/16
#NNI moves:0/152
Guide Tree 11/16
#NNI moves:0/152
Guide Tree 12/16
#NNI moves:0/152
Guide Tree 13/16
#NNI moves:0/152
Guide Tree 14/16
#NNI moves:0/152
Guide Tree 15/16
#NNI moves:0/152
Remaining: 0
#NNI moves:0/152
#NNI moves:0/152
(((((((((((((1,26),50),31),(17,38)),(46,45)),(30,13)),(9,((15,12),(((47,54),3),10)))),((((21,29),((5,39),53)),(((18,36),(48,42)),25)),44)),((((((35,(43,49)),28),(56,8)),(((37,52),24),((33,51),((40,4),(6,57))))),((((((22,2),58),32),14),(((19,55),((34,27),11)),(20,41))),(16,23))),7)),((((((((85,60),73),(71,80)),93),((63,(99,(62,77))),95)),((64,89),69)),((70,78),98)),((((96,(66,88)),83),((67,82),90)),(((((59,75),91),(76,81)),((86,79),68)),(65,72))))),(((87,100),(97,61)),(94,92))),84),74);
Initial score: 3.72558e+09
Initial tree: (((((((((((((1,26),50),31),(17,38)),(46,45)),(30,13)),(9,((15,12),(((47,54),3),10)))),((((21,29),((5,39),53)),(((18,36),(48,42)),25)),44)),((((((35,(43,49)),28),(56,8)),(((37,52),24),((33,51),((40,4),(6,57))))),((((((22,2),58),32),14),(((19,55),((34,27),11)),(20,41))),(16,23))),7)),((((((((85,60),73),(71,80)),93),((63,(99,(62,77))),95)),((64,89),69)),((70,78),98)),((((96,(66,88)),83),((67,82),90)),(((((59,75),91),(76,81)),((86,79),68)),(65,72))))),(((87,100),(97,61)),(94,92))),84),74);
*** Subsample Process ***
Use two-step algorithm!
#NNI moves:0/152
Remaining: 0
#NNI moves:0/152
#NNI moves:0/152
(((((((((((((((((((60,85),73),(80,71)),93),(95,((99,(77,62)),63))),((89,64),69)),((78,70),98)),((((((59,75),91),(81,76)),(68,(79,86))),(72,65)),(((67,82),90),(((88,66),96),83)))),((84,74),(((87,100),(61,97)),(94,92)))),(((((((43,49),35),28),(8,56)),((((4,40),(6,57)),(33,51)),((37,52),24))),(((((55,19),(11,(34,27))),(20,41)),((((22,2),58),32),14)),(23,16))),7)),((((29,21),((5,39),53)),(((48,42),(36,18)),25)),44)),(((((54,47),3),10),(15,12)),9)),(30,13)),(46,45)),(17,38)),31),50),26),1);
#NNI moves:0/152
Remaining: 0
#NNI moves:0/152
#NNI moves:0/152
((((((((((((58,(2,22)),32),14),(((19,55),((27,34),11)),(20,41))),(23,16)),(((((40,4),(57,6)),(33,51)),(24,(52,37))),((((49,43),35),28),(8,56)))),7),((((((31,(50,(1,26))),(17,38)),(46,45)),(30,13)),(((10,((47,54),3)),(15,12)),9)),(((((48,42),(18,36)),25),((53,(5,39)),(21,29))),44))),((((((((85,60),73),(71,80)),93),((((77,62),99),63),95)),(69,(89,64))),((78,70),98)),((((((75,59),91),(81,76)),((86,79),68)),(72,65)),(((67,82),90),(83,((66,88),96)))))),((92,94),((100,87),(61,97)))),74),84);
#NNI moves:0/152
Remaining: 0
#NNI moves:0/152
#NNI moves:0/152
((((((((((((((((75,59),91),(81,76)),((86,79),68)),(65,72)),(((67,82),90),(83,((66,88),96)))),((((93,((73,(85,60)),(71,80))),(95,((99,(77,62)),63))),(69,(64,89))),((70,78),98))),((((100,87),(61,97)),(94,92)),(74,84))),((((((((1,26),50),31),(38,17)),(46,45)),(13,30)),((((3,(47,54)),10),(12,15)),9)),(((25,((36,18),(42,48))),((21,29),(53,(5,39)))),44))),7),((((33,51),((40,4),(57,6))),((37,52),24)),(((35,(49,43)),28),(56,8)))),(23,16)),(((55,19),((27,34),11)),(20,41))),14),((2,22),58)),32);
#NNI moves:0/152
Remaining: 0
#NNI moves:0/152
#NNI moves:0/152
((((((((((((((55,19),((34,27),11)),(41,20)),(((58,(22,2)),32),14)),(23,16)),((((37,52),24),(((40,4),(6,57)),(33,51))),((56,8),(28,((43,49),35))))),7),(((((46,45),(((50,(26,1)),31),(38,17))),(30,13)),(((15,12),(((54,47),3),10)),9)),((((29,21),((5,39),53)),(((18,36),(48,42)),25)),44))),((((((79,86),68),((91,(59,75)),(76,81))),(72,65)),(((96,(88,66)),83),((82,67),90))),((((((73,(60,85)),(80,71)),93),((((62,77),99),63),95)),((89,64),69)),((70,78),98)))),(84,74)),(94,92)),(97,61)),87),100);
Current score: 3.72558e+09
Current tree: ((84,((((((((((55,19),((34,27),11)),(41,20)),(((58,(22,2)),32),14)),(23,16)),((((37,52),24),(((40,4),(6,57)),(33,51))),((56,8),(28,((43,49),35))))),7),(((((46,45),(((50,(26,1)),31),(38,17))),(30,13)),(((15,12),(((54,47),3),10)),9)),((((29,21),((5,39),53)),(((18,36),(48,42)),25)),44))),((((((79,86),68),((91,(59,75)),(76,81))),(72,65)),(((96,(88,66)),83),((82,67),90))),((((((73,(60,85)),(80,71)),93),((((62,77),99),63),95)),((89,64),69)),((70,78),98)))),((94,92),((97,61),(87,100))))),74);
Final Tree: ((84,((((((((((55,19),((34,27),11)),(41,20)),(((58,(22,2)),32),14)),(23,16)),((((37,52),24),(((40,4),(6,57)),(33,51))),((56,8),(28,((43,49),35))))),7),(((((46,45),(((50,(26,1)),31),(38,17))),(30,13)),(((15,12),(((54,47),3),10)),9)),((((29,21),((5,39),53)),(((18,36),(48,42)),25)),44))),((((((79,86),68),((91,(59,75)),(76,81))),(72,65)),(((96,(88,66)),83),((82,67),90))),((((((73,(60,85)),(80,71)),93),((((62,77),99),63),95)),((89,64),69)),((70,78),98)))),((94,92),((97,61),(87,100))))),74);
#EqQuartets: 3921225000
Score: 3725583534
ASTRAL for PaRalogs and Orthologs III (ASTRAL-Pro3)
*** NOW with integrated CASTLES-Pro ***
Version: v1.22.3.6
Read 512 genetrees and found 100 species.
#Genetrees: 1000
#Duploss: 0
#Species: 100
#Rounds: 4
#Samples: 4
#Threads: 1
Use two-step algorithm!
Guide Tree 0/16
#NNI moves:0/152
Guide Tree 1/16
#NNI moves:0/152
Guide Tree 2/16
#NNI moves:0/152
Guide Tree 3/16
#NNI moves:0/152
Guide Tree 4/16
#NNI moves:0/152
Guide Tree 5/16
#NNI moves:0/152
Guide Tree 6/16
#NNI moves:0/152
Guide Tree 7/16
#NNI moves:0/152
Guide Tree 8/16
#NNI moves:0/152
Guide Tree 9/16
#NNI moves:0/152
Guide Tree 10/16
#NNI moves:0/152
Guide Tree 11/16
#NNI moves:0/152
Guide Tree 12/16
#NNI moves:0/152
Guide Tree 13/16
#NNI moves:0/152
Guide Tree 14/16
#NNI moves:0/152
Guide Tree 15/16
#NNI moves:0/152
Remaining: 0
#NNI moves:0/152
#NNI moves:0/152
(((((((((((((((((14,10),17),(32,63)),27),(5,60)),(((46,65),21),(66,(19,24)))),18),(59,29)),(((((((((37,54),(3,53)),(33,50)),((((61,48),4),38),(20,(40,25)))),8),(62,67)),((35,22),12)),((64,43),(45,30))),(((((((15,39),(11,13)),58),47),((((28,1),(26,36)),49),(68,57))),(16,(56,44))),(((((42,((6,34),31)),51),((41,(9,52)),23)),(7,55)),2)))),(86,70)),(((83,(92,80)),(90,71)),((98,76),(((69,85),73),81)))),((((95,96),(74,75)),(100,(94,78))),(72,(82,99)))),(87,89)),(((88,79),93),97)),91),84),77);
Guide Tree 0/16
#NNI moves:0/152
Guide Tree 1/16
#NNI moves:0/152
Guide Tree 2/16
#NNI moves:0/152
Guide Tree 3/16
#NNI moves:0/152
Guide Tree 4/16
#NNI moves:0/152
Guide Tree 5/16
#NNI moves:0/152
Guide Tree 6/16
#NNI moves:0/152
Guide Tree 7/16
#NNI moves:0/152
Guide Tree 8/16
#NNI moves:0/152
Guide Tree 9/16
#NNI moves:0/152
Guide Tree 10/16
#NNI moves:0/152
Guide Tree 11/16
#NNI moves:0/152
Guide Tree 12/16
#NNI moves:0/152
Guide Tree 13/16
#NNI moves:0/152
Guide Tree 14/16
#NNI moves:0/152
Guide Tree 15/16
#NNI moves:0/152
Remaining: 0
#NNI moves:2/152
#NNI moves:2/152
(((((((((((((((((28,1),(26,36)),49),(57,68)),(47,(((39,15),(11,13)),58))),(16,(56,44))),((((23,((52,9),41)),((((34,6),31),42),51)),(55,7)),2)),((((((((37,54),(3,53)),(50,33)),((((61,48),4),38),((25,40),20))),8),(62,67)),((35,22),12)),((30,45),(43,64)))),(((((21,(65,46)),((19,24),66)),((60,5),((((10,14),17),(63,32)),27))),18),(59,29))),(70,86)),(((81,((85,69),73)),(98,76)),(((92,80),83),(71,90)))),((((78,94),100),((96,95),(74,75))),((99,82),72))),(87,89)),((93,(88,79)),97)),91),84),77);
Guide Tree 0/16
#NNI moves:0/152
Guide Tree 1/16
#NNI moves:0/152
Guide Tree 2/16
#NNI moves:0/152
Guide Tree 3/16
#NNI moves:0/152
Guide Tree 4/16
#NNI moves:0/152
Guide Tree 5/16
#NNI moves:0/152
Guide Tree 6/16
#NNI moves:0/152
Guide Tree 7/16
#NNI moves:0/152
Guide Tree 8/16
#NNI moves:0/152
Guide Tree 9/16
#NNI moves:0/152
Guide Tree 10/16
#NNI moves:0/152
Guide Tree 11/16
#NNI moves:0/152
Guide Tree 12/16
#NNI moves:0/152
Guide Tree 13/16
#NNI moves:0/152
Guide Tree 14/16
#NNI moves:0/152
Guide Tree 15/16
#NNI moves:0/152
Remaining: 0
#NNI moves:4/152
#NNI moves:10/152
(((((((((((((((((28,1),(36,26)),49),(57,68)),((((13,11),(15,39)),58),47)),((56,44),16)),(((((41,(52,9)),23),(51,(((6,34),31),42))),(7,55)),2)),(((((((33,50),((53,3),(54,37))),((((48,61),4),38),((40,25),20))),8),(62,67)),((35,22),12)),((64,43),(30,45)))),(((((21,(65,46)),(66,(19,24))),(((((14,10),17),(32,63)),27),(5,60))),18),(59,29))),(86,70)),((((73,(69,85)),81),(76,98)),((90,71),((80,92),83)))),((((78,94),100),((95,96),(75,74))),((99,82),72))),(89,87)),((93,(79,88)),97)),91),84),77);
Guide Tree 0/16
#NNI moves:0/152
Guide Tree 1/16
#NNI moves:0/152
Guide Tree 2/16
#NNI moves:0/152
Guide Tree 3/16
#NNI moves:0/152
Guide Tree 4/16
#NNI moves:0/152
Guide Tree 5/16
#NNI moves:0/152
Guide Tree 6/16
#NNI moves:0/152
Guide Tree 7/16
#NNI moves:0/152
Guide Tree 8/16
#NNI moves:0/152
Guide Tree 9/16
#NNI moves:0/152
Guide Tree 10/16
#NNI moves:0/152
Guide Tree 11/16
#NNI moves:0/152
Guide Tree 12/16
#NNI moves:0/152
Guide Tree 13/16
#NNI moves:0/152
Guide Tree 14/16
#NNI moves:0/152
Guide Tree 15/16
#NNI moves:0/152
Remaining: 0
#NNI moves:2/152
#NNI moves:2/152
((((((((((((((56,44),16),((47,(((15,39),(11,13)),58)),((((1,28),(26,36)),49),(57,68)))),((((((31,(6,34)),42),51),(23,((52,9),41))),(55,7)),2)),((((8,(((38,((61,48),4)),(20,(40,25))),(((54,37),(3,53)),(50,33)))),(62,67)),((35,22),12)),((64,43),(45,30)))),(((((((17,(14,10)),(63,32)),27),(60,5)),((66,(24,19)),(21,(46,65)))),18),(29,59))),(70,86)),(((76,98),(((85,69),73),81)),((71,90),(83,(92,80))))),(((100,(94,78)),((75,74),(96,95))),(72,(99,82)))),(89,87)),(((88,79),93),97)),91),84),77);
Initial score: 3.64084e+09
Initial tree: ((((((((((((((56,44),16),((47,(((15,39),(11,13)),58)),((((1,28),(26,36)),49),(57,68)))),((((((31,(6,34)),42),51),(23,((52,9),41))),(55,7)),2)),((((8,(((38,((61,48),4)),(20,(40,25))),(((54,37),(3,53)),(50,33)))),(62,67)),((35,22),12)),((64,43),(45,30)))),(((((((17,(14,10)),(63,32)),27),(60,5)),((66,(24,19)),(21,(46,65)))),18),(29,59))),(70,86)),(((76,98),(((85,69),73),81)),((71,90),(83,(92,80))))),(((100,(94,78)),((75,74),(96,95))),(72,(99,82)))),(89,87)),(((88,79),93),97)),91),84),77);
*** Subsample Process ***
Use two-step algorithm!
#NNI moves:0/152
Remaining: 0
#NNI moves:0/152
#NNI moves:0/152
((((((((((((((93,(79,88)),97),((84,77),91)),(89,87)),((72,(99,82)),(((75,74),(96,95)),(100,(78,94))))),((((73,(85,69)),81),(98,76)),((83,(80,92)),(90,71)))),(86,70)),((((((((14,10),17),(32,63)),27),(5,60)),((66,(19,24)),((65,46),21))),18),(59,29))),((((((((37,54),(3,53)),(50,33)),((((48,61),4),38),((25,40),20))),8),(67,62)),((22,35),12)),((45,30),(64,43)))),((((51,(((6,34),31),42)),(((52,9),41),23)),(7,55)),2)),(((((39,15),(11,13)),58),47),((((1,28),(26,36)),49),(68,57)))),16),44),56);
#NNI moves:0/152
Remaining: 0
#NNI moves:0/152
#NNI moves:0/152
(((((((((((((((((((48,61),4),38),((40,25),20)),(((54,37),(53,3)),(50,33))),8),(62,67)),(12,(22,35))),((64,43),(30,45))),(((((((28,1),(36,26)),49),(68,57)),((((39,15),(11,13)),58),47)),(16,(56,44))),((((51,(((6,34),31),42)),((41,(52,9)),23)),(7,55)),2))),(((((((17,(10,14)),(63,32)),27),(5,60)),((66,(24,19)),((46,65),21))),18),(59,29))),(70,86)),(((98,76),((73,(69,85)),81)),((83,(92,80)),(71,90)))),(((82,99),72),(((74,75),(95,96)),((78,94),100)))),(87,89)),(((79,88),93),97)),91),77),84);
#NNI moves:0/152
Remaining: 0
#NNI moves:0/152
#NNI moves:0/152
((((((((((((((((((82,99),72),(((74,75),(96,95)),((78,94),100))),((87,89),(((77,84),91),(97,(93,(88,79)))))),(((76,98),(((69,85),73),81)),((90,71),((80,92),83)))),(70,86)),(((((27,(((14,10),17),(63,32))),(5,60)),((66,(24,19)),((46,65),21))),18),(59,29))),((((56,44),16),(((49,((1,28),(36,26))),(68,57)),((((39,15),(11,13)),58),47))),(((((((34,6),31),42),51),((41,(9,52)),23)),(55,7)),2))),((64,43),(30,45))),(12,(35,22))),(67,62)),8),(((37,54),(53,3)),(50,33))),((25,40),20)),38),4),61),48);
#NNI moves:0/152
Remaining: 0
#NNI moves:6/152
#NNI moves:6/152
(((((((((((((((((((6,34),31),42),51),(((52,9),41),23)),(7,55)),2),((((((1,28),(26,36)),49),(68,57)),((((13,11),(39,15)),58),47)),(16,(44,56)))),((((((((37,54),(3,53)),(33,50)),(((40,25),20),(38,(4,(48,61))))),8),(62,67)),(12,(35,22))),((64,43),(45,30)))),((((((((14,10),17),(32,63)),27),(60,5)),(((19,24),66),((46,65),21))),18),(29,59))),(86,70)),(((((69,85),73),81),(98,76)),((71,90),((80,92),83)))),((((94,78),100),((75,74),(95,96))),((99,82),72))),(87,89)),(91,(84,77))),97),93),88),79);
Current score: 3.64084e+09
Current tree: ((84,(91,(((((((((((((((6,34),31),42),51),(((52,9),41),23)),(7,55)),2),((((((1,28),(26,36)),49),(68,57)),((((13,11),(39,15)),58),47)),(16,(44,56)))),((((((((37,54),(3,53)),(33,50)),(((40,25),20),(38,(4,(48,61))))),8),(62,67)),(12,(35,22))),((64,43),(45,30)))),((((((((14,10),17),(32,63)),27),(60,5)),(((19,24),66),((46,65),21))),18),(29,59))),(86,70)),(((((69,85),73),81),(98,76)),((71,90),((80,92),83)))),((((94,78),100),((75,74),(95,96))),((99,82),72))),(87,89)),(97,(93,(88,79)))))),77);
Final Tree: ((84,(91,(((((((((((((((6,34),31),42),51),(((52,9),41),23)),(7,55)),2),((((((1,28),(26,36)),49),(68,57)),((((13,11),(39,15)),58),47)),(16,(44,56)))),((((((((37,54),(3,53)),(33,50)),(((40,25),20),(38,(4,(48,61))))),8),(62,67)),(12,(35,22))),((64,43),(45,30)))),((((((((14,10),17),(32,63)),27),(60,5)),(((19,24),66),((46,65),21))),18),(29,59))),(86,70)),(((((69,85),73),81),(98,76)),((71,90),((80,92),83)))),((((94,78),100),((75,74),(95,96))),((99,82),72))),(87,89)),(97,(93,(88,79)))))),77);
#EqQuartets: 3921225000
Score: 3640836816
