01
02
03
04
05
06
07
08
09
10
01
Running WQFM Tree for 01...
Input file: 100taxa/DOI-10-13012-b2idb-5721322_v1/estimated/ntaxa-100.dlrate-0.0000000002.psize-10000000/01/g_trees-raxml-sqlen-250-disco-rooted-cleaned.tre
Consensus file: 100taxa/DOI-10-13012-b2idb-5721322_v1/estimated/ntaxa-100.dlrate-0.0000000002.psize-10000000/01/cons-250.greedy.tree
Output file: 100taxa/DOI-10-13012-b2idb-5721322_v1/estimated/ntaxa-100.dlrate-0.0000000002.psize-10000000/01/g_trees-raxml-sqlen-250-wqfm-tree.tre
Comp graph nodes count : 171260
Internal nodes count : 84211
taxa count : 100
Gene trees count : 999
Level: 1
swaps size : 100
Total taxon count : 100
Cg : 0.0
#iterations: 0
Level: 2
swaps size : 41
Total taxon count : 41
Cg : -1.862645149230957E-9
#iterations: 0
Level: 3
swaps size : 17
Total taxon count : 17
Cg : -7.8580342233181E-10
#iterations: 0
Level: 4
swaps size : 9
Total taxon count : 9
Cg : 3.637978807091713E-11
#iterations: 0
Level: 5
swaps size : 5
Total taxon count : 5
Cg : -2.2737367544323206E-12
#iterations: 0
Level: 6
swaps size : 0
Total taxon count : 4
Cg : 0.0
#iterations: 0
Level: 5
swaps size : 6
Total taxon count : 6
Cg : -1.8189894035458565E-12
#iterations: 0
Level: 6
swaps size : 0
Total taxon count : 4
Cg : 0.0
#iterations: 0
Level: 6
swaps size : 1
Total taxon count : 4
Cg : -173.13913580246847
swaps size : 0
Total taxon count : 4
Cg : 0.0
#iterations: 1
Level: 4
swaps size : 10
Total taxon count : 10
Cg : -2.1827872842550278E-11
#iterations: 0
Level: 5
swaps size : 7
Total taxon count : 7
Cg : 0.0
#iterations: 0
Level: 6
swaps size : 6
Total taxon count : 6
Cg : 6.821210263296962E-12
#iterations: 0
Level: 7
swaps size : 5
Total taxon count : 5
Cg : -1.1368683772161603E-13
#iterations: 0
Level: 8
swaps size : 1
Total taxon count : 4
Cg : -43.19191666666666
swaps size : 0
Total taxon count : 4
Cg : 0.0
#iterations: 1
Level: 5
swaps size : 5
Total taxon count : 5
Cg : 1.3642420526593924E-12
#iterations: 0
Level: 6
swaps size : 0
Total taxon count : 4
Cg : 0.0
#iterations: 0
Level: 3
swaps size : 26
Total taxon count : 26
Cg : -4.656612873077393E-10
#iterations: 0
Level: 4
swaps size : 15
Total taxon count : 15
Cg : 4.0745362639427185E-10
#iterations: 0
Level: 5
swaps size : 8
Total taxon count : 8
Cg : 3.637978807091713E-12
#iterations: 0
Level: 6
swaps size : 5
Total taxon count : 5
Cg : -4.547473508864641E-13
#iterations: 0
Level: 7
swaps size : 0
Total taxon count : 4
Cg : 0.0
#iterations: 0
Level: 6
swaps size : 5
Total taxon count : 5
Cg : -4.547473508864641E-13
#iterations: 0
Level: 7
swaps size : 0
Total taxon count : 4
Cg : 0.0
#iterations: 0
Level: 5
swaps size : 9
Total taxon count : 9
Cg : 7.275957614183426E-11
#iterations: 0
Level: 6
swaps size : 5
Total taxon count : 5
Cg : -3.637978807091713E-12
#iterations: 0
Level: 7
swaps size : 0
Total taxon count : 4
Cg : 0.0
#iterations: 0
Level: 6
swaps size : 6
Total taxon count : 6
Cg : 0.0
#iterations: 0
Level: 7
swaps size : 0
Total taxon count : 4
Cg : 0.0
#iterations: 0
Level: 7
swaps size : 0
Total taxon count : 4
Cg : 0.0
#iterations: 0
Level: 4
swaps size : 13
Total taxon count : 13
Cg : -1.3096723705530167E-10
#iterations: 0
Level: 5
swaps size : 9
Total taxon count : 9
Cg : -7.275957614183426E-12
#iterations: 0
Level: 6
swaps size : 5
Total taxon count : 5
Cg : 0.0
#iterations: 0
Level: 7
swaps size : 0
Total taxon count : 4
Cg : 0.0
#iterations: 0
Level: 6
swaps size : 6
Total taxon count : 6
Cg : 1.8189894035458565E-12
#iterations: 0
Level: 7
swaps size : 5
Total taxon count : 5
Cg : 1.5916157281026244E-12
#iterations: 0
Level: 8
swaps size : 0
Total taxon count : 4
Cg : 0.0
#iterations: 0
Level: 5
swaps size : 6
Total taxon count : 6
Cg : -3.637978807091713E-12
#iterations: 0
Level: 6
swaps size : 5
Total taxon count : 5
Cg : 6.821210263296962E-13
#iterations: 0
Level: 7
swaps size : 1
Total taxon count : 4
Cg : -35.95993303571433
swaps size : 0
Total taxon count : 4
Cg : 0.0
#iterations: 1
Level: 2
swaps size : 61
Total taxon count : 61
Cg : 7.450580596923828E-9
#iterations: 0
Level: 3
swaps size : 33
Total taxon count : 33
Cg : 2.7939677238464355E-9
#iterations: 0
Level: 4
swaps size : 21
Total taxon count : 21
Cg : -1.7462298274040222E-10
#iterations: 0
Level: 5
swaps size : 12
Total taxon count : 12
Cg : -7.275957614183426E-11
#iterations: 0
Level: 6
swaps size : 7
Total taxon count : 7
Cg : -1.8189894035458565E-12
#iterations: 0
Level: 7
swaps size : 0
Total taxon count : 4
Cg : 0.0
#iterations: 0
Level: 7
swaps size : 5
Total taxon count : 5
Cg : 1.3642420526593924E-12
#iterations: 0
Level: 8
swaps size : 0
Total taxon count : 4
Cg : 0.0
#iterations: 0
Level: 6
swaps size : 7
Total taxon count : 7
Cg : -1.0913936421275139E-11
#iterations: 0
Level: 7
swaps size : 5
Total taxon count : 5
Cg : -9.094947017729282E-13
#iterations: 0
Level: 8
swaps size : 0
Total taxon count : 4
Cg : 0.0
#iterations: 0
Level: 7
swaps size : 1
Total taxon count : 4
Cg : -21.18867650309454
swaps size : 0
Total taxon count : 4
Cg : 0.0
#iterations: 1
Level: 5
swaps size : 11
Total taxon count : 11
Cg : 1.4551915228366852E-11
#iterations: 0
Level: 6
swaps size : 6
Total taxon count : 6
Cg : 8.185452315956354E-12
#iterations: 0
Level: 7
swaps size : 0
Total taxon count : 4
Cg : 0.0
#iterations: 0
Level: 7
swaps size : 0
Total taxon count : 4
Cg : 0.0
#iterations: 0
Level: 6
swaps size : 7
Total taxon count : 7
Cg : -3.637978807091713E-12
#iterations: 0
Level: 7
swaps size : 5
Total taxon count : 5
Cg : 4.547473508864641E-13
#iterations: 0
Level: 8
swaps size : 0
Total taxon count : 4
Cg : 0.0
#iterations: 0
Level: 7
swaps size : 0
Total taxon count : 4
Cg : 0.0
#iterations: 0
Level: 4
swaps size : 14
Total taxon count : 14
Cg : -1.3096723705530167E-10
#iterations: 0
Level: 5
swaps size : 7
Total taxon count : 7
Cg : 1.4551915228366852E-11
#iterations: 0
Level: 6
swaps size : 0
Total taxon count : 4
Cg : 0.0
#iterations: 0
Level: 6
swaps size : 5
Total taxon count : 5
Cg : 2.0463630789890885E-12
#iterations: 0
Level: 7
swaps size : 1
Total taxon count : 4
Cg : -177.47187499999913
swaps size : 0
Total taxon count : 4
Cg : 0.0
#iterations: 1
Level: 5
swaps size : 9
Total taxon count : 9
Cg : 1.0913936421275139E-11
#iterations: 0
Level: 6
swaps size : 5
Total taxon count : 5
Cg : -1.3642420526593924E-12
#iterations: 0
Level: 7
swaps size : 0
Total taxon count : 4
Cg : 0.0
#iterations: 0
Level: 6
swaps size : 6
Total taxon count : 6
Cg : -4.092726157978177E-12
#iterations: 0
Level: 7
swaps size : 0
Total taxon count : 4
Cg : 0.0
#iterations: 0
Level: 7
swaps size : 0
Total taxon count : 4
Cg : 0.0
#iterations: 0
Level: 3
swaps size : 30
Total taxon count : 30
Cg : 4.656612873077393E-10
#iterations: 0
Level: 4
swaps size : 15
Total taxon count : 15
Cg : -2.9103830456733704E-11
#iterations: 0
Level: 5
swaps size : 9
Total taxon count : 9
Cg : 4.3655745685100555E-11
#iterations: 0
Level: 6
swaps size : 6
Total taxon count : 6
Cg : 1.8189894035458565E-12
#iterations: 0
Level: 7
swaps size : 5
Total taxon count : 5
Cg : -9.094947017729282E-13
#iterations: 0
Level: 8
swaps size : 0
Total taxon count : 4
Cg : 0.0
#iterations: 0
Level: 6
swaps size : 5
Total taxon count : 5
Cg : 1.1368683772161603E-12
#iterations: 0
Level: 7
swaps size : 1
Total taxon count : 4
Cg : -117.27668526785692
swaps size : 0
Total taxon count : 4
Cg : 0.0
#iterations: 1
Level: 5
swaps size : 8
Total taxon count : 8
Cg : -5.4569682106375694E-12
#iterations: 0
Level: 6
swaps size : 6
Total taxon count : 6
Cg : -6.366462912410498E-12
#iterations: 0
Level: 7
swaps size : 5
Total taxon count : 5
Cg : -2.5011104298755527E-12
#iterations: 0
Level: 8
swaps size : 0
Total taxon count : 4
Cg : 0.0
#iterations: 0
Level: 6
swaps size : 0
Total taxon count : 4
Cg : 0.0
#iterations: 0
Level: 4
swaps size : 17
Total taxon count : 17
Cg : 1.7462298274040222E-10
#iterations: 0
Level: 5
swaps size : 10
Total taxon count : 10
Cg : 2.546585164964199E-11
#iterations: 0
Level: 6
swaps size : 5
Total taxon count : 5
Cg : -4.547473508864641E-13
#iterations: 0
Level: 7
swaps size : 0
Total taxon count : 4
Cg : 0.0
#iterations: 0
Level: 6
swaps size : 7
Total taxon count : 7
Cg : -9.094947017729282E-12
#iterations: 0
Level: 7
swaps size : 0
Total taxon count : 4
Cg : 0.0
#iterations: 0
Level: 7
swaps size : 5
Total taxon count : 5
Cg : 9.094947017729282E-13
#iterations: 0
Level: 8
swaps size : 1
Total taxon count : 4
Cg : -74.25919363839256
swaps size : 0
Total taxon count : 4
Cg : 0.0
#iterations: 1
Level: 5
swaps size : 9
Total taxon count : 9
Cg : 2.546585164964199E-11
#iterations: 0
Level: 6
swaps size : 6
Total taxon count : 6
Cg : -3.637978807091713E-12
#iterations: 0
Level: 7
swaps size : 0
Total taxon count : 4
Cg : 0.0
#iterations: 0
Level: 7
swaps size : 0
Total taxon count : 4
Cg : 0.0
#iterations: 0
Level: 6
swaps size : 5
Total taxon count : 5
Cg : 1.1368683772161603E-13
#iterations: 0
Level: 7
swaps size : 1
Total taxon count : 4
Cg : 18.41666232638906
swaps size : 0
Total taxon count : 4
Cg : 0.0
#iterations: 1

Elapsed Time taken = 454661 ms ==> 7 minutes and 34 seconds.
CPU time used: 7 minutes, 22 seconds
02
Running WQFM Tree for 02...
Input file: 100taxa/DOI-10-13012-b2idb-5721322_v1/estimated/ntaxa-100.dlrate-0.0000000002.psize-10000000/02/g_trees-raxml-sqlen-250-disco-rooted-cleaned.tre
Consensus file: 100taxa/DOI-10-13012-b2idb-5721322_v1/estimated/ntaxa-100.dlrate-0.0000000002.psize-10000000/02/cons-250.greedy.tree
Output file: 100taxa/DOI-10-13012-b2idb-5721322_v1/estimated/ntaxa-100.dlrate-0.0000000002.psize-10000000/02/g_trees-raxml-sqlen-250-wqfm-tree.tre
Comp graph nodes count : 175700
Internal nodes count : 86940
taxa count : 100
Gene trees count : 1000
Level: 1
swaps size : 100
Total taxon count : 100
Cg : 0.0
#iterations: 0
Level: 2
swaps size : 55
Total taxon count : 55
Cg : -2.9802322387695312E-8
#iterations: 0
Level: 3
swaps size : 22
Total taxon count : 22
Cg : 4.656612873077393E-10
#iterations: 0
Level: 4
swaps size : 14
Total taxon count : 14
Cg : -1.4551915228366852E-10
#iterations: 0
Level: 5
swaps size : 8
Total taxon count : 8
Cg : -3.637978807091713E-12
#iterations: 0
Level: 6
swaps size : 5
Total taxon count : 5
Cg : 9.094947017729282E-13
#iterations: 0
Level: 7
swaps size : 0
Total taxon count : 4
Cg : 0.0
#iterations: 0
Level: 6
swaps size : 5
Total taxon count : 5
Cg : 4.547473508864641E-13
#iterations: 0
Level: 7
swaps size : 0
Total taxon count : 4
Cg : 0.0
#iterations: 0
Level: 5
swaps size : 8
Total taxon count : 8
Cg : 0.0
#iterations: 0
Level: 6
swaps size : 5
Total taxon count : 5
Cg : -1.8189894035458565E-12
#iterations: 0
Level: 7
swaps size : 0
Total taxon count : 4
Cg : 0.0
#iterations: 0
Level: 6
swaps size : 5
Total taxon count : 5
Cg : 2.0463630789890885E-12
#iterations: 0
Level: 7
swaps size : 0
Total taxon count : 4
Cg : 0.0
#iterations: 0
Level: 4
swaps size : 10
Total taxon count : 10
Cg : 5.820766091346741E-11
#iterations: 0
Level: 5
swaps size : 6
Total taxon count : 6
Cg : 8.185452315956354E-12
#iterations: 0
Level: 6
swaps size : 0
Total taxon count : 4
Cg : 0.0
#iterations: 0
Level: 6
swaps size : 0
Total taxon count : 4
Cg : 0.0
#iterations: 0
Level: 5
swaps size : 6
Total taxon count : 6
Cg : 0.0
#iterations: 0
Level: 6
swaps size : 0
Total taxon count : 4
Cg : 0.0
#iterations: 0
Level: 6
swaps size : 0
Total taxon count : 4
Cg : 0.0
#iterations: 0
Level: 3
swaps size : 35
Total taxon count : 35
Cg : 8.381903171539307E-9
#iterations: 0
Level: 4
swaps size : 17
Total taxon count : 17
Cg : 5.820766091346741E-11
#iterations: 0
Level: 5
swaps size : 9
Total taxon count : 9
Cg : 4.729372449219227E-11
#iterations: 0
Level: 6
swaps size : 6
Total taxon count : 6
Cg : -3.637978807091713E-12
#iterations: 0
Level: 7
swaps size : 5
Total taxon count : 5
Cg : 9.094947017729282E-13
#iterations: 0
Level: 8
swaps size : 0
Total taxon count : 4
Cg : 0.0
#iterations: 0
Level: 6
swaps size : 5
Total taxon count : 5
Cg : -2.7284841053187847E-12
#iterations: 0
Level: 7
swaps size : 0
Total taxon count : 4
Cg : 0.0
#iterations: 0
Level: 5
swaps size : 10
Total taxon count : 10
Cg : 6.912159733474255E-11
#iterations: 0
Level: 6
swaps size : 6
Total taxon count : 6
Cg : -2.2737367544323206E-11
#iterations: 0
Level: 7
swaps size : 0
Total taxon count : 4
Cg : 0.0
#iterations: 0
Level: 7
swaps size : 0
Total taxon count : 4
Cg : 0.0
#iterations: 0
Level: 6
swaps size : 6
Total taxon count : 6
Cg : -6.366462912410498E-12
#iterations: 0
Level: 7
swaps size : 5
Total taxon count : 5
Cg : -1.1368683772161603E-12
#iterations: 0
Level: 8
swaps size : 0
Total taxon count : 4
Cg : 0.0
#iterations: 0
Level: 4
swaps size : 20
Total taxon count : 20
Cg : 5.820766091346741E-11
#iterations: 0
Level: 5
swaps size : 10
Total taxon count : 10
Cg : -2.9103830456733704E-11
#iterations: 0
Level: 6
swaps size : 6
Total taxon count : 6
Cg : -1.0913936421275139E-11
#iterations: 0
Level: 7
swaps size : 1
Total taxon count : 4
Cg : -189.25545674132633
swaps size : 0
Total taxon count : 4
Cg : 0.0
#iterations: 1
Level: 7
swaps size : 0
Total taxon count : 4
Cg : 0.0
#iterations: 0
Level: 6
swaps size : 6
Total taxon count : 6
Cg : -1.8189894035458565E-12
#iterations: 0
Level: 7
swaps size : 5
Total taxon count : 5
Cg : -9.094947017729282E-13
#iterations: 0
Level: 8
swaps size : 0
Total taxon count : 4
Cg : 0.0
#iterations: 0
Level: 5
swaps size : 12
Total taxon count : 12
Cg : 2.9103830456733704E-11
#iterations: 0
Level: 6
swaps size : 6
Total taxon count : 6
Cg : 2.7284841053187847E-12
#iterations: 0
Level: 7
swaps size : 5
Total taxon count : 5
Cg : 4.547473508864641E-13
#iterations: 0
Level: 8
swaps size : 1
Total taxon count : 4
Cg : -3.2378333579808896
swaps size : 0
Total taxon count : 4
Cg : 0.0
#iterations: 1
Level: 6
swaps size : 8
Total taxon count : 8
Cg : -9.094947017729282E-12
#iterations: 0
Level: 7
swaps size : 0
Total taxon count : 4
Cg : 0.0
#iterations: 0
Level: 7
swaps size : 6
Total taxon count : 6
Cg : 5.4569682106375694E-12
#iterations: 0
Level: 8
swaps size : 5
Total taxon count : 5
Cg : 1.2505552149377763E-12
#iterations: 0
Level: 9
swaps size : 1
Total taxon count : 4
Cg : 18.11000905797107
swaps size : 0
Total taxon count : 4
Cg : 0.0
#iterations: 1
Level: 2
swaps size : 47
Total taxon count : 47
Cg : -1.862645149230957E-8
#iterations: 0
Level: 3
swaps size : 31
Total taxon count : 31
Cg : 2.7939677238464355E-9
#iterations: 0
Level: 4
swaps size : 13
Total taxon count : 13
Cg : 5.820766091346741E-11
#iterations: 0
Level: 5
swaps size : 7
Total taxon count : 7
Cg : 1.6370904631912708E-11
#iterations: 0
Level: 6
swaps size : 0
Total taxon count : 4
Cg : 0.0
#iterations: 0
Level: 6
swaps size : 5
Total taxon count : 5
Cg : 2.2737367544323206E-12
#iterations: 0
Level: 7
swaps size : 0
Total taxon count : 4
Cg : 0.0
#iterations: 0
Level: 5
swaps size : 8
Total taxon count : 8
Cg : -1.0913936421275139E-11
#iterations: 0
Level: 6
swaps size : 5
Total taxon count : 5
Cg : 9.094947017729282E-13
#iterations: 0
Level: 7
swaps size : 0
Total taxon count : 4
Cg : 0.0
#iterations: 0
Level: 6
swaps size : 5
Total taxon count : 5
Cg : -2.2737367544323206E-12
#iterations: 0
Level: 7
swaps size : 0
Total taxon count : 4
Cg : 0.0
#iterations: 0
Level: 4
swaps size : 20
Total taxon count : 20
Cg : -4.656612873077393E-10
#iterations: 0
Level: 5
swaps size : 10
Total taxon count : 10
Cg : 3.637978807091713E-12
#iterations: 0
Level: 6
swaps size : 0
Total taxon count : 4
Cg : 0.0
#iterations: 0
Level: 6
swaps size : 8
Total taxon count : 8
Cg : -7.275957614183426E-12
#iterations: 0
Level: 7
swaps size : 0
Total taxon count : 4
Cg : 0.0
#iterations: 0
Level: 7
swaps size : 6
Total taxon count : 6
Cg : -3.183231456205249E-12
#iterations: 0
Level: 8
swaps size : 5
Total taxon count : 5
Cg : 1.5916157281026244E-12
#iterations: 0
Level: 9
swaps size : 0
Total taxon count : 4
Cg : 0.0
#iterations: 0
Level: 5
swaps size : 12
Total taxon count : 12
Cg : 2.1827872842550278E-11
#iterations: 0
Level: 6
swaps size : 7
Total taxon count : 7
Cg : -9.094947017729282E-13
#iterations: 0
Level: 7
swaps size : 6
Total taxon count : 6
Cg : -4.547473508864641E-12
#iterations: 0
Level: 8
swaps size : 5
Total taxon count : 5
Cg : -4.547473508864641E-13
#iterations: 0
Level: 9
swaps size : 1
Total taxon count : 4
Cg : -39.65708968772725
swaps size : 0
Total taxon count : 4
Cg : 0.0
#iterations: 1
Level: 6
swaps size : 7
Total taxon count : 7
Cg : -9.094947017729282E-13
#iterations: 0
Level: 7
swaps size : 0
Total taxon count : 4
Cg : 0.0
#iterations: 0
Level: 7
swaps size : 5
Total taxon count : 5
Cg : -1.0231815394945443E-12
#iterations: 0
Level: 8
swaps size : 1
Total taxon count : 4
Cg : -13.900081363134888
swaps size : 0
Total taxon count : 4
Cg : 0.0
#iterations: 1
Level: 3
swaps size : 18
Total taxon count : 18
Cg : -2.3283064365386963E-10
#iterations: 0
Level: 4
swaps size : 9
Total taxon count : 9
Cg : -7.275957614183426E-12
#iterations: 0
Level: 5
swaps size : 5
Total taxon count : 5
Cg : 4.547473508864641E-13
#iterations: 0
Level: 6
swaps size : 0
Total taxon count : 4
Cg : 0.0
#iterations: 0
Level: 5
swaps size : 6
Total taxon count : 6
Cg : -4.547473508864641E-12
#iterations: 0
Level: 6
swaps size : 0
Total taxon count : 4
Cg : 0.0
#iterations: 0
Level: 6
swaps size : 0
Total taxon count : 4
Cg : 0.0
#iterations: 0
Level: 4
swaps size : 11
Total taxon count : 11
Cg : 7.275957614183426E-12
#iterations: 0
Level: 5
swaps size : 5
Total taxon count : 5
Cg : -1.3642420526593924E-12
#iterations: 0
Level: 6
swaps size : 0
Total taxon count : 4
Cg : 0.0
#iterations: 0
Level: 5
swaps size : 8
Total taxon count : 8
Cg : -1.0913936421275139E-11
#iterations: 0
Level: 6
swaps size : 0
Total taxon count : 4
Cg : 0.0
#iterations: 0
Level: 6
swaps size : 6
Total taxon count : 6
Cg : 3.183231456205249E-12
#iterations: 0
Level: 7
swaps size : 4
Total taxon count : 5
Cg : -333.9569380144032
swaps size : 5
Total taxon count : 5
Cg : 1.1368683772161603E-13
#iterations: 1
Level: 8
swaps size : 1
Total taxon count : 4
Cg : -28.296849279835158
swaps size : 0
Total taxon count : 4
Cg : 0.0
#iterations: 1

Elapsed Time taken = 479771 ms ==> 7 minutes and 59 seconds.
CPU time used: 7 minutes, 44 seconds
03
Running WQFM Tree for 03...
Input file: 100taxa/DOI-10-13012-b2idb-5721322_v1/estimated/ntaxa-100.dlrate-0.0000000002.psize-10000000/03/g_trees-raxml-sqlen-250-disco-rooted-cleaned.tre
Consensus file: 100taxa/DOI-10-13012-b2idb-5721322_v1/estimated/ntaxa-100.dlrate-0.0000000002.psize-10000000/03/cons-250.greedy.tree
Output file: 100taxa/DOI-10-13012-b2idb-5721322_v1/estimated/ntaxa-100.dlrate-0.0000000002.psize-10000000/03/g_trees-raxml-sqlen-250-wqfm-tree.tre
Comp graph nodes count : 173045
Internal nodes count : 85733
taxa count : 100
Gene trees count : 1000
Level: 1
swaps size : 100
Total taxon count : 100
Cg : 0.0
#iterations: 0
Level: 2
swaps size : 33
Total taxon count : 33
Cg : 5.587935447692871E-9
#iterations: 0
Level: 3
swaps size : 15
Total taxon count : 15
Cg : -2.0372681319713593E-10
#iterations: 0
Level: 4
swaps size : 8
Total taxon count : 8
Cg : -1.0913936421275139E-11
#iterations: 0
Level: 5
swaps size : 5
Total taxon count : 5
Cg : 0.0
#iterations: 0
Level: 6
swaps size : 0
Total taxon count : 4
Cg : 0.0
#iterations: 0
Level: 5
swaps size : 5
Total taxon count : 5
Cg : 0.0
#iterations: 0
Level: 6
swaps size : 0
Total taxon count : 4
Cg : 0.0
#iterations: 0
Level: 4
swaps size : 9
Total taxon count : 9
Cg : 3.2741809263825417E-11
#iterations: 0
Level: 5
swaps size : 6
Total taxon count : 6
Cg : -4.092726157978177E-12
#iterations: 0
Level: 6
swaps size : 5
Total taxon count : 5
Cg : 6.821210263296962E-13
#iterations: 0
Level: 7
swaps size : 0
Total taxon count : 4
Cg : 0.0
#iterations: 0
Level: 5
swaps size : 5
Total taxon count : 5
Cg : -1.8189894035458565E-12
#iterations: 0
Level: 6
swaps size : 0
Total taxon count : 4
Cg : 0.0
#iterations: 0
Level: 3
swaps size : 20
Total taxon count : 20
Cg : 0.0
#iterations: 0
Level: 4
swaps size : 11
Total taxon count : 11
Cg : -8.003553375601768E-11
#iterations: 0
Level: 5
swaps size : 7
Total taxon count : 7
Cg : -1.6370904631912708E-11
#iterations: 0
Level: 6
swaps size : 0
Total taxon count : 4
Cg : 0.0
#iterations: 0
Level: 6
swaps size : 5
Total taxon count : 5
Cg : 2.2737367544323206E-13
#iterations: 0
Level: 7
swaps size : 0
Total taxon count : 4
Cg : 0.0
#iterations: 0
Level: 5
swaps size : 6
Total taxon count : 6
Cg : 8.185452315956354E-12
#iterations: 0
Level: 6
swaps size : 5
Total taxon count : 5
Cg : 0.0
#iterations: 0
Level: 7
swaps size : 0
Total taxon count : 4
Cg : 0.0
#iterations: 0
Level: 4
swaps size : 11
Total taxon count : 11
Cg : 2.1827872842550278E-11
#iterations: 0
Level: 5
swaps size : 5
Total taxon count : 5
Cg : -1.8189894035458565E-12
#iterations: 0
Level: 6
swaps size : 0
Total taxon count : 4
Cg : 0.0
#iterations: 0
Level: 5
swaps size : 8
Total taxon count : 8
Cg : -2.7284841053187847E-11
#iterations: 0
Level: 6
swaps size : 6
Total taxon count : 6
Cg : -2.7284841053187847E-12
#iterations: 0
Level: 7
swaps size : 5
Total taxon count : 5
Cg : 0.0
#iterations: 0
Level: 8
swaps size : 0
Total taxon count : 4
Cg : 0.0
#iterations: 0
Level: 6
swaps size : 0
Total taxon count : 4
Cg : 0.0
#iterations: 0
Level: 2
swaps size : 69
Total taxon count : 69
Cg : 0.0
#iterations: 0
Level: 3
swaps size : 27
Total taxon count : 27
Cg : -9.313225746154785E-10
#iterations: 0
Level: 4
swaps size : 12
Total taxon count : 12
Cg : -4.3655745685100555E-11
#iterations: 0
Level: 5
swaps size : 5
Total taxon count : 5
Cg : 9.094947017729282E-13
#iterations: 0
Level: 6
swaps size : 0
Total taxon count : 4
Cg : 0.0
#iterations: 0
Level: 5
swaps size : 9
Total taxon count : 9
Cg : -7.275957614183426E-12
#iterations: 0
Level: 6
swaps size : 0
Total taxon count : 4
Cg : 0.0
#iterations: 0
Level: 6
swaps size : 7
Total taxon count : 7
Cg : -2.7284841053187847E-12
#iterations: 0
Level: 7
swaps size : 6
Total taxon count : 6
Cg : 2.7284841053187847E-12
#iterations: 0
Level: 8
swaps size : 5
Total taxon count : 5
Cg : 1.0231815394945443E-12
#iterations: 0
Level: 9
swaps size : 1
Total taxon count : 4
Cg : -25.34567946796284
swaps size : 0
Total taxon count : 4
Cg : 0.0
#iterations: 1
Level: 4
swaps size : 17
Total taxon count : 17
Cg : 2.6193447411060333E-10
#iterations: 0
Level: 5
swaps size : 7
Total taxon count : 7
Cg : -9.094947017729282E-12
#iterations: 0
Level: 6
swaps size : 0
Total taxon count : 4
Cg : 0.0
#iterations: 0
Level: 6
swaps size : 5
Total taxon count : 5
Cg : -2.7284841053187847E-12
#iterations: 0
Level: 7
swaps size : 0
Total taxon count : 4
Cg : 0.0
#iterations: 0
Level: 5
swaps size : 12
Total taxon count : 12
Cg : -7.275957614183426E-11
#iterations: 0
Level: 6
swaps size : 6
Total taxon count : 6
Cg : 2.2737367544323206E-12
#iterations: 0
Level: 7
swaps size : 5
Total taxon count : 5
Cg : 3.865352482534945E-12
#iterations: 0
Level: 8
swaps size : 0
Total taxon count : 4
Cg : 0.0
#iterations: 0
Level: 6
swaps size : 8
Total taxon count : 8
Cg : -4.547473508864641E-12
#iterations: 0
Level: 7
swaps size : 5
Total taxon count : 5
Cg : 4.320099833421409E-12
#iterations: 0
Level: 8
swaps size : 1
Total taxon count : 4
Cg : -88.85738140856228
swaps size : 0
Total taxon count : 4
Cg : 0.0
#iterations: 1
Level: 7
swaps size : 5
Total taxon count : 5
Cg : -4.547473508864641E-13
#iterations: 0
Level: 8
swaps size : 0
Total taxon count : 4
Cg : 0.0
#iterations: 0
Level: 3
swaps size : 44
Total taxon count : 44
Cg : 5.587935447692871E-9
#iterations: 0
Level: 4
swaps size : 21
Total taxon count : 21
Cg : 2.9103830456733704E-10
#iterations: 0
Level: 5
swaps size : 14
Total taxon count : 14
Cg : 1.4551915228366852E-10
#iterations: 0
Level: 6
swaps size : 6
Total taxon count : 6
Cg : 6.366462912410498E-12
#iterations: 0
Level: 7
swaps size : 0
Total taxon count : 4
Cg : 0.0
#iterations: 0
Level: 7
swaps size : 0
Total taxon count : 4
Cg : 0.0
#iterations: 0
Level: 6
swaps size : 10
Total taxon count : 10
Cg : -2.1827872842550278E-11
#iterations: 0
Level: 7
swaps size : 0
Total taxon count : 4
Cg : 0.0
#iterations: 0
Level: 7
swaps size : 8
Total taxon count : 8
Cg : -2.000888343900442E-11
#iterations: 0
Level: 8
swaps size : 6
Total taxon count : 6
Cg : 1.3642420526593924E-12
#iterations: 0
Level: 9
swaps size : 4
Total taxon count : 5
Cg : -651.385170856705
swaps size : 5
Total taxon count : 5
Cg : -1.1368683772161603E-13
#iterations: 1
Level: 10
swaps size : 1
Total taxon count : 4
Cg : -185.92000972389093
swaps size : 0
Total taxon count : 4
Cg : 0.0
#iterations: 1
Level: 8
swaps size : 0
Total taxon count : 4
Cg : 0.0
#iterations: 0
Level: 5
swaps size : 9
Total taxon count : 9
Cg : 1.4551915228366852E-11
#iterations: 0
Level: 6
swaps size : 5
Total taxon count : 5
Cg : 9.094947017729282E-13
#iterations: 0
Level: 7
swaps size : 0
Total taxon count : 4
Cg : 0.0
#iterations: 0
Level: 6
swaps size : 6
Total taxon count : 6
Cg : 5.9117155615240335E-12
#iterations: 0
Level: 7
swaps size : 0
Total taxon count : 4
Cg : 0.0
#iterations: 0
Level: 7
swaps size : 0
Total taxon count : 4
Cg : 0.0
#iterations: 0
Level: 4
swaps size : 25
Total taxon count : 25
Cg : -6.984919309616089E-10
#iterations: 0
Level: 5
swaps size : 12
Total taxon count : 12
Cg : 1.2369127944111824E-10
#iterations: 0
Level: 6
swaps size : 5
Total taxon count : 5
Cg : -1.3642420526593924E-12
#iterations: 0
Level: 7
swaps size : 1
Total taxon count : 4
Cg : -90.26212010645605
swaps size : 0
Total taxon count : 4
Cg : 0.0
#iterations: 1
Level: 6
swaps size : 9
Total taxon count : 9
Cg : -2.9103830456733704E-11
#iterations: 0
Level: 7
swaps size : 5
Total taxon count : 5
Cg : -4.547473508864641E-12
#iterations: 0
Level: 8
swaps size : 0
Total taxon count : 4
Cg : 0.0
#iterations: 0
Level: 7
swaps size : 6
Total taxon count : 6
Cg : 3.637978807091713E-12
#iterations: 0
Level: 8
swaps size : 5
Total taxon count : 5
Cg : 1.5916157281026244E-12
#iterations: 0
Level: 9
swaps size : 0
Total taxon count : 4
Cg : 0.0
#iterations: 0
Level: 5
swaps size : 15
Total taxon count : 15
Cg : -2.0372681319713593E-10
#iterations: 0
Level: 6
swaps size : 9
Total taxon count : 9
Cg : 0.0
#iterations: 0
Level: 7
swaps size : 5
Total taxon count : 5
Cg : -1.3642420526593924E-12
#iterations: 0
Level: 8
swaps size : 0
Total taxon count : 4
Cg : 0.0
#iterations: 0
Level: 7
swaps size : 6
Total taxon count : 6
Cg : -1.3642420526593924E-12
#iterations: 0
Level: 8
swaps size : 0
Total taxon count : 4
Cg : 0.0
#iterations: 0
Level: 8
swaps size : 0
Total taxon count : 4
Cg : 0.0
#iterations: 0
Level: 6
swaps size : 8
Total taxon count : 8
Cg : 1.2732925824820995E-11
#iterations: 0
Level: 7
swaps size : 0
Total taxon count : 4
Cg : 0.0
#iterations: 0
Level: 7
swaps size : 6
Total taxon count : 6
Cg : -2.2737367544323206E-12
#iterations: 0
Level: 8
swaps size : 5
Total taxon count : 5
Cg : -3.979039320256561E-13
#iterations: 0
Level: 9
swaps size : 1
Total taxon count : 4
Cg : -51.813641087102894
swaps size : 0
Total taxon count : 4
Cg : 0.0
#iterations: 1

Elapsed Time taken = 455230 ms ==> 7 minutes and 35 seconds.
CPU time used: 7 minutes, 26 seconds
04
Running WQFM Tree for 04...
Input file: 100taxa/DOI-10-13012-b2idb-5721322_v1/estimated/ntaxa-100.dlrate-0.0000000002.psize-10000000/04/g_trees-raxml-sqlen-250-disco-rooted-cleaned.tre
Consensus file: 100taxa/DOI-10-13012-b2idb-5721322_v1/estimated/ntaxa-100.dlrate-0.0000000002.psize-10000000/04/cons-250.greedy.tree
Output file: 100taxa/DOI-10-13012-b2idb-5721322_v1/estimated/ntaxa-100.dlrate-0.0000000002.psize-10000000/04/g_trees-raxml-sqlen-250-wqfm-tree.tre
Comp graph nodes count : 175693
Internal nodes count : 85440
taxa count : 100
Gene trees count : 998
Level: 1
swaps size : 100
Total taxon count : 100
Cg : 0.0
#iterations: 0
Level: 2
swaps size : 58
Total taxon count : 58
Cg : 2.9802322387695312E-8
#iterations: 0
Level: 3
swaps size : 33
Total taxon count : 33
Cg : 5.587935447692871E-9
#iterations: 0
Level: 4
swaps size : 12
Total taxon count : 12
Cg : 0.0
#iterations: 0
Level: 5
swaps size : 7
Total taxon count : 7
Cg : 0.0
#iterations: 0
Level: 6
swaps size : 5
Total taxon count : 5
Cg : -1.3642420526593924E-12
#iterations: 0
Level: 7
swaps size : 1
Total taxon count : 4
Cg : -118.31350061437229
swaps size : 0
Total taxon count : 4
Cg : 0.0
#iterations: 1
Level: 6
swaps size : 0
Total taxon count : 4
Cg : 0.0
#iterations: 0
Level: 5
swaps size : 7
Total taxon count : 7
Cg : 5.4569682106375694E-12
#iterations: 0
Level: 6
swaps size : 6
Total taxon count : 6
Cg : 9.094947017729282E-12
#iterations: 0
Level: 7
swaps size : 5
Total taxon count : 5
Cg : 1.5916157281026244E-12
#iterations: 0
Level: 8
swaps size : 0
Total taxon count : 4
Cg : 0.0
#iterations: 0
Level: 4
swaps size : 23
Total taxon count : 23
Cg : 0.0
#iterations: 0
Level: 5
swaps size : 12
Total taxon count : 12
Cg : 7.275957614183426E-12
#iterations: 0
Level: 6
swaps size : 5
Total taxon count : 5
Cg : 1.3642420526593924E-12
#iterations: 0
Level: 7
swaps size : 0
Total taxon count : 4
Cg : 0.0
#iterations: 0
Level: 6
swaps size : 9
Total taxon count : 9
Cg : 3.637978807091713E-12
#iterations: 0
Level: 7
swaps size : 5
Total taxon count : 5
Cg : -9.094947017729282E-13
#iterations: 0
Level: 8
swaps size : 1
Total taxon count : 4
Cg : -177.56494551959668
swaps size : 0
Total taxon count : 4
Cg : 0.0
#iterations: 1
Level: 7
swaps size : 6
Total taxon count : 6
Cg : 4.547473508864641E-13
#iterations: 0
Level: 8
swaps size : 5
Total taxon count : 5
Cg : 1.7053025658242404E-12
#iterations: 0
Level: 9
swaps size : 1
Total taxon count : 4
Cg : -133.1573922080829
swaps size : 0
Total taxon count : 4
Cg : 0.0
#iterations: 1
Level: 5
swaps size : 13
Total taxon count : 13
Cg : 7.275957614183426E-11
#iterations: 0
Level: 6
swaps size : 8
Total taxon count : 8
Cg : 0.0
#iterations: 0
Level: 7
swaps size : 5
Total taxon count : 5
Cg : -1.8189894035458565E-12
#iterations: 0
Level: 8
swaps size : 0
Total taxon count : 4
Cg : 0.0
#iterations: 0
Level: 7
swaps size : 5
Total taxon count : 5
Cg : 1.3642420526593924E-12
#iterations: 0
Level: 8
swaps size : 0
Total taxon count : 4
Cg : 0.0
#iterations: 0
Level: 6
swaps size : 7
Total taxon count : 7
Cg : 1.8189894035458565E-12
#iterations: 0
Level: 7
swaps size : 5
Total taxon count : 5
Cg : 4.547473508864641E-13
#iterations: 0
Level: 8
swaps size : 0
Total taxon count : 4
Cg : 0.0
#iterations: 0
Level: 7
swaps size : 1
Total taxon count : 4
Cg : -54.63411377206299
swaps size : 0
Total taxon count : 4
Cg : 0.0
#iterations: 1
Level: 3
swaps size : 27
Total taxon count : 27
Cg : -9.313225746154785E-10
#iterations: 0
Level: 4
swaps size : 20
Total taxon count : 20
Cg : 0.0
#iterations: 0
Level: 5
swaps size : 7
Total taxon count : 7
Cg : 9.094947017729282E-12
#iterations: 0
Level: 6
swaps size : 6
Total taxon count : 6
Cg : 3.637978807091713E-12
#iterations: 0
Level: 7
swaps size : 4
Total taxon count : 5
Cg : -657.2616522399298
swaps size : 5
Total taxon count : 5
Cg : 0.0
#iterations: 1
Level: 8
swaps size : 1
Total taxon count : 4
Cg : -162.8981203605176
swaps size : 0
Total taxon count : 4
Cg : 0.0
#iterations: 1
Level: 5
swaps size : 15
Total taxon count : 15
Cg : 5.820766091346741E-11
#iterations: 0
Level: 6
swaps size : 6
Total taxon count : 6
Cg : 1.8189894035458565E-12
#iterations: 0
Level: 7
swaps size : 4
Total taxon count : 5
Cg : -1116.9900935683136
swaps size : 5
Total taxon count : 5
Cg : 3.410605131648481E-13
#iterations: 1
Level: 8
swaps size : 1
Total taxon count : 4
Cg : -175.9814718083818
swaps size : 0
Total taxon count : 4
Cg : 0.0
#iterations: 1
Level: 6
swaps size : 11
Total taxon count : 11
Cg : -5.093170329928398E-11
#iterations: 0
Level: 7
swaps size : 6
Total taxon count : 6
Cg : 9.094947017729282E-12
#iterations: 0
Level: 8
swaps size : 0
Total taxon count : 4
Cg : 0.0
#iterations: 0
Level: 8
swaps size : 0
Total taxon count : 4
Cg : 0.0
#iterations: 0
Level: 7
swaps size : 7
Total taxon count : 7
Cg : -5.4569682106375694E-12
#iterations: 0
Level: 8
swaps size : 6
Total taxon count : 6
Cg : -9.094947017729282E-13
#iterations: 0
Level: 9
swaps size : 4
Total taxon count : 5
Cg : -430.78368368459326
swaps size : 5
Total taxon count : 5
Cg : 1.7053025658242404E-13
#iterations: 1
Level: 10
swaps size : 1
Total taxon count : 4
Cg : -98.95903721535839
swaps size : 0
Total taxon count : 4
Cg : 0.0
#iterations: 1
Level: 4
swaps size : 9
Total taxon count : 9
Cg : 2.3646862246096134E-11
#iterations: 0
Level: 5
swaps size : 5
Total taxon count : 5
Cg : -6.821210263296962E-13
#iterations: 0
Level: 6
swaps size : 0
Total taxon count : 4
Cg : 0.0
#iterations: 0
Level: 5
swaps size : 6
Total taxon count : 6
Cg : 1.3642420526593924E-12
#iterations: 0
Level: 6
swaps size : 0
Total taxon count : 4
Cg : 0.0
#iterations: 0
Level: 6
swaps size : 0
Total taxon count : 4
Cg : 0.0
#iterations: 0
Level: 2
swaps size : 44
Total taxon count : 44
Cg : 1.862645149230957E-9
#iterations: 0
Level: 3
swaps size : 18
Total taxon count : 18
Cg : 0.0
#iterations: 0
Level: 4
swaps size : 8
Total taxon count : 8
Cg : 7.275957614183426E-12
#iterations: 0
Level: 5
swaps size : 5
Total taxon count : 5
Cg : -4.547473508864641E-13
#iterations: 0
Level: 6
swaps size : 0
Total taxon count : 4
Cg : 0.0
#iterations: 0
Level: 5
swaps size : 5
Total taxon count : 5
Cg : 4.547473508864641E-13
#iterations: 0
Level: 6
swaps size : 0
Total taxon count : 4
Cg : 0.0
#iterations: 0
Level: 4
swaps size : 12
Total taxon count : 12
Cg : 4.3655745685100555E-11
#iterations: 0
Level: 5
swaps size : 5
Total taxon count : 5
Cg : 2.7284841053187847E-12
#iterations: 0
Level: 6
swaps size : 0
Total taxon count : 4
Cg : 0.0
#iterations: 0
Level: 5
swaps size : 9
Total taxon count : 9
Cg : 3.637978807091713E-12
#iterations: 0
Level: 6
swaps size : 0
Total taxon count : 4
Cg : 0.0
#iterations: 0
Level: 6
swaps size : 7
Total taxon count : 7
Cg : -5.4569682106375694E-12
#iterations: 0
Level: 7
swaps size : 6
Total taxon count : 6
Cg : -2.2737367544323206E-13
#iterations: 0
Level: 8
swaps size : 5
Total taxon count : 5
Cg : 3.410605131648481E-13
#iterations: 0
Level: 9
swaps size : 1
Total taxon count : 4
Cg : -117.39562254401426
swaps size : 0
Total taxon count : 4
Cg : 0.0
#iterations: 1
Level: 3
swaps size : 28
Total taxon count : 28
Cg : -9.313225746154785E-10
#iterations: 0
Level: 4
swaps size : 12
Total taxon count : 12
Cg : 0.0
#iterations: 0
Level: 5
swaps size : 7
Total taxon count : 7
Cg : -9.094947017729282E-12
#iterations: 0
Level: 6
swaps size : 0
Total taxon count : 4
Cg : 0.0
#iterations: 0
Level: 6
swaps size : 5
Total taxon count : 5
Cg : 2.2737367544323206E-12
#iterations: 0
Level: 7
swaps size : 0
Total taxon count : 4
Cg : 0.0
#iterations: 0
Level: 5
swaps size : 7
Total taxon count : 7
Cg : 1.8189894035458565E-12
#iterations: 0
Level: 6
swaps size : 0
Total taxon count : 4
Cg : 0.0
#iterations: 0
Level: 6
swaps size : 5
Total taxon count : 5
Cg : -4.547473508864641E-13
#iterations: 0
Level: 7
swaps size : 0
Total taxon count : 4
Cg : 0.0
#iterations: 0
Level: 4
swaps size : 18
Total taxon count : 18
Cg : -8.731149137020111E-11
#iterations: 0
Level: 5
swaps size : 7
Total taxon count : 7
Cg : 0.0
#iterations: 0
Level: 6
swaps size : 0
Total taxon count : 4
Cg : 0.0
#iterations: 0
Level: 6
swaps size : 5
Total taxon count : 5
Cg : -6.821210263296962E-13
#iterations: 0
Level: 7
swaps size : 0
Total taxon count : 4
Cg : 0.0
#iterations: 0
Level: 5
swaps size : 13
Total taxon count : 13
Cg : -1.1641532182693481E-10
#iterations: 0
Level: 6
swaps size : 6
Total taxon count : 6
Cg : -9.094947017729282E-13
#iterations: 0
Level: 7
swaps size : 0
Total taxon count : 4
Cg : 0.0
#iterations: 0
Level: 7
swaps size : 0
Total taxon count : 4
Cg : 0.0
#iterations: 0
Level: 6
swaps size : 9
Total taxon count : 9
Cg : -2.9103830456733704E-11
#iterations: 0
Level: 7
swaps size : 5
Total taxon count : 5
Cg : -9.094947017729282E-13
#iterations: 0
Level: 8
swaps size : 0
Total taxon count : 4
Cg : 0.0
#iterations: 0
Level: 7
swaps size : 6
Total taxon count : 6
Cg : -2.1600499167107046E-12
swaps size : 6
Total taxon count : 6
Cg : 2.5011104298755527E-12
#iterations: 1
Level: 8
swaps size : 4
Total taxon count : 5
Cg : -401.6059140163245
swaps size : 5
Total taxon count : 5
Cg : 1.7053025658242404E-13
#iterations: 1
Level: 9
swaps size : 1
Total taxon count : 4
Cg : -89.29654751852902
swaps size : 0
Total taxon count : 4
Cg : 0.0
#iterations: 1

Elapsed Time taken = 451288 ms ==> 7 minutes and 31 seconds.
CPU time used: 7 minutes, 21 seconds
05
Running WQFM Tree for 05...
Input file: 100taxa/DOI-10-13012-b2idb-5721322_v1/estimated/ntaxa-100.dlrate-0.0000000002.psize-10000000/05/g_trees-raxml-sqlen-250-disco-rooted-cleaned.tre
Consensus file: 100taxa/DOI-10-13012-b2idb-5721322_v1/estimated/ntaxa-100.dlrate-0.0000000002.psize-10000000/05/cons-250.greedy.tree
Output file: 100taxa/DOI-10-13012-b2idb-5721322_v1/estimated/ntaxa-100.dlrate-0.0000000002.psize-10000000/05/g_trees-raxml-sqlen-250-wqfm-tree.tre
Comp graph nodes count : 171141
Internal nodes count : 83925
taxa count : 100
Gene trees count : 999
Level: 1
swaps size : 100
Total taxon count : 100
Cg : 0.0
#iterations: 0
Level: 2
swaps size : 63
Total taxon count : 63
Cg : -2.2351741790771484E-8
#iterations: 0
Level: 3
swaps size : 27
Total taxon count : 27
Cg : -1.862645149230957E-9
#iterations: 0
Level: 4
swaps size : 16
Total taxon count : 16
Cg : -8.731149137020111E-11
#iterations: 0
Level: 5
swaps size : 8
Total taxon count : 8
Cg : 7.275957614183426E-12
#iterations: 0
Level: 6
swaps size : 5
Total taxon count : 5
Cg : 1.8189894035458565E-12
#iterations: 0
Level: 7
swaps size : 0
Total taxon count : 4
Cg : 0.0
#iterations: 0
Level: 6
swaps size : 5
Total taxon count : 5
Cg : -4.092726157978177E-12
#iterations: 0
Level: 7
swaps size : 0
Total taxon count : 4
Cg : 0.0
#iterations: 0
Level: 5
swaps size : 10
Total taxon count : 10
Cg : -1.0913936421275139E-11
#iterations: 0
Level: 6
swaps size : 0
Total taxon count : 4
Cg : 0.0
#iterations: 0
Level: 6
swaps size : 8
Total taxon count : 8
Cg : 9.094947017729282E-12
#iterations: 0
Level: 7
swaps size : 0
Total taxon count : 4
Cg : 0.0
#iterations: 0
Level: 7
swaps size : 5
Total taxon count : 6
Cg : -1030.4858514529558
swaps size : 6
Total taxon count : 6
Cg : -1.8189894035458565E-12
#iterations: 1
Level: 8
swaps size : 4
Total taxon count : 5
Cg : -561.361533996402
swaps size : 5
Total taxon count : 5
Cg : 6.821210263296962E-13
#iterations: 1
Level: 9
swaps size : 1
Total taxon count : 4
Cg : -106.36549354805936
swaps size : 0
Total taxon count : 4
Cg : 0.0
#iterations: 1
Level: 4
swaps size : 13
Total taxon count : 13
Cg : 2.9103830456733704E-11
#iterations: 0
Level: 5
swaps size : 6
Total taxon count : 6
Cg : -1.8189894035458565E-12
#iterations: 0
Level: 6
swaps size : 5
Total taxon count : 5
Cg : 2.0463630789890885E-12
#iterations: 0
Level: 7
swaps size : 0
Total taxon count : 4
Cg : 0.0
#iterations: 0
Level: 5
swaps size : 9
Total taxon count : 9
Cg : -2.9103830456733704E-11
#iterations: 0
Level: 6
swaps size : 5
Total taxon count : 5
Cg : 1.8189894035458565E-12
#iterations: 0
Level: 7
swaps size : 0
Total taxon count : 4
Cg : 0.0
#iterations: 0
Level: 6
swaps size : 6
Total taxon count : 6
Cg : -5.9117155615240335E-12
#iterations: 0
Level: 7
swaps size : 5
Total taxon count : 5
Cg : -7.958078640513122E-13
#iterations: 0
Level: 8
swaps size : 1
Total taxon count : 4
Cg : 65.00836889521113
swaps size : 0
Total taxon count : 4
Cg : 0.0
#iterations: 1
Level: 3
swaps size : 38
Total taxon count : 38
Cg : 0.0
#iterations: 0
Level: 4
swaps size : 21
Total taxon count : 21
Cg : -5.820766091346741E-10
#iterations: 0
Level: 5
swaps size : 11
Total taxon count : 11
Cg : -4.3655745685100555E-11
#iterations: 0
Level: 6
swaps size : 7
Total taxon count : 7
Cg : -5.4569682106375694E-12
#iterations: 0
Level: 7
swaps size : 5
Total taxon count : 5
Cg : -2.7284841053187847E-12
#iterations: 0
Level: 8
swaps size : 0
Total taxon count : 4
Cg : 0.0
#iterations: 0
Level: 7
swaps size : 1
Total taxon count : 4
Cg : -63.09602553878875
swaps size : 0
Total taxon count : 4
Cg : 0.0
#iterations: 1
Level: 6
swaps size : 6
Total taxon count : 6
Cg : -9.094947017729282E-13
#iterations: 0
Level: 7
swaps size : 0
Total taxon count : 4
Cg : 0.0
#iterations: 0
Level: 7
swaps size : 0
Total taxon count : 4
Cg : 0.0
#iterations: 0
Level: 5
swaps size : 12
Total taxon count : 12
Cg : -5.820766091346741E-11
#iterations: 0
Level: 6
swaps size : 7
Total taxon count : 7
Cg : -1.2732925824820995E-11
#iterations: 0
Level: 7
swaps size : 5
Total taxon count : 5
Cg : 0.0
#iterations: 0
Level: 8
swaps size : 0
Total taxon count : 4
Cg : 0.0
#iterations: 0
Level: 7
swaps size : 0
Total taxon count : 4
Cg : 0.0
#iterations: 0
Level: 6
swaps size : 7
Total taxon count : 7
Cg : -1.6370904631912708E-11
#iterations: 0
Level: 7
swaps size : 0
Total taxon count : 4
Cg : 0.0
#iterations: 0
Level: 7
swaps size : 5
Total taxon count : 5
Cg : -3.637978807091713E-12
#iterations: 0
Level: 8
swaps size : 0
Total taxon count : 4
Cg : 0.0
#iterations: 0
Level: 4
swaps size : 19
Total taxon count : 19
Cg : 4.0745362639427185E-10
#iterations: 0
Level: 5
swaps size : 7
Total taxon count : 7
Cg : 1.8189894035458565E-12
#iterations: 0
Level: 6
swaps size : 0
Total taxon count : 4
Cg : 0.0
#iterations: 0
Level: 6
swaps size : 5
Total taxon count : 5
Cg : -1.8189894035458565E-12
#iterations: 0
Level: 7
swaps size : 0
Total taxon count : 4
Cg : 0.0
#iterations: 0
Level: 5
swaps size : 14
Total taxon count : 14
Cg : 2.9103830456733704E-11
#iterations: 0
Level: 6
swaps size : 8
Total taxon count : 8
Cg : -9.094947017729282E-12
#iterations: 0
Level: 7
swaps size : 0
Total taxon count : 4
Cg : 0.0
#iterations: 0
Level: 7
swaps size : 6
Total taxon count : 6
Cg : -3.637978807091713E-12
#iterations: 0
Level: 8
swaps size : 0
Total taxon count : 4
Cg : 0.0
#iterations: 0
Level: 8
swaps size : 0
Total taxon count : 4
Cg : 0.0
#iterations: 0
Level: 6
swaps size : 8
Total taxon count : 8
Cg : -2.1827872842550278E-11
#iterations: 0
Level: 7
swaps size : 5
Total taxon count : 5
Cg : 1.3642420526593924E-12
#iterations: 0
Level: 8
swaps size : 0
Total taxon count : 4
Cg : 0.0
#iterations: 0
Level: 7
swaps size : 5
Total taxon count : 5
Cg : 6.821210263296962E-13
#iterations: 0
Level: 8
swaps size : 1
Total taxon count : 4
Cg : -57.078923872180525
swaps size : 0
Total taxon count : 4
Cg : 0.0
#iterations: 1
Level: 2
swaps size : 39
Total taxon count : 39
Cg : -7.450580596923828E-9
#iterations: 0
Level: 3
swaps size : 15
Total taxon count : 15
Cg : 5.820766091346741E-11
#iterations: 0
Level: 4
swaps size : 8
Total taxon count : 8
Cg : 4.001776687800884E-11
#iterations: 0
Level: 5
swaps size : 5
Total taxon count : 5
Cg : 4.547473508864641E-13
#iterations: 0
Level: 6
swaps size : 0
Total taxon count : 4
Cg : 0.0
#iterations: 0
Level: 5
swaps size : 5
Total taxon count : 5
Cg : -4.547473508864641E-13
#iterations: 0
Level: 6
swaps size : 0
Total taxon count : 4
Cg : 0.0
#iterations: 0
Level: 4
swaps size : 9
Total taxon count : 9
Cg : -4.001776687800884E-11
#iterations: 0
Level: 5
swaps size : 5
Total taxon count : 5
Cg : 4.547473508864641E-13
#iterations: 0
Level: 6
swaps size : 0
Total taxon count : 4
Cg : 0.0
#iterations: 0
Level: 5
swaps size : 6
Total taxon count : 6
Cg : -4.547473508864641E-12
#iterations: 0
Level: 6
swaps size : 0
Total taxon count : 4
Cg : 0.0
#iterations: 0
Level: 6
swaps size : 0
Total taxon count : 4
Cg : 0.0
#iterations: 0
Level: 3
swaps size : 26
Total taxon count : 26
Cg : 3.4924596548080444E-10
#iterations: 0
Level: 4
swaps size : 11
Total taxon count : 11
Cg : -5.093170329928398E-11
#iterations: 0
Level: 5
swaps size : 7
Total taxon count : 7
Cg : -7.275957614183426E-12
#iterations: 0
Level: 6
swaps size : 0
Total taxon count : 4
Cg : 0.0
#iterations: 0
Level: 6
swaps size : 5
Total taxon count : 5
Cg : 2.2737367544323206E-13
#iterations: 0
Level: 7
swaps size : 0
Total taxon count : 4
Cg : 0.0
#iterations: 0
Level: 5
swaps size : 6
Total taxon count : 6
Cg : 7.275957614183426E-12
#iterations: 0
Level: 6
swaps size : 0
Total taxon count : 4
Cg : 0.0
#iterations: 0
Level: 6
swaps size : 0
Total taxon count : 4
Cg : 0.0
#iterations: 0
Level: 4
swaps size : 17
Total taxon count : 17
Cg : -7.275957614183426E-11
#iterations: 0
Level: 5
swaps size : 10
Total taxon count : 10
Cg : 0.0
#iterations: 0
Level: 6
swaps size : 5
Total taxon count : 5
Cg : -9.094947017729282E-13
#iterations: 0
Level: 7
swaps size : 1
Total taxon count : 4
Cg : -61.2801603302612
swaps size : 0
Total taxon count : 4
Cg : 0.0
#iterations: 1
Level: 6
swaps size : 7
Total taxon count : 7
Cg : 3.637978807091713E-12
#iterations: 0
Level: 7
swaps size : 0
Total taxon count : 4
Cg : 0.0
#iterations: 0
Level: 7
swaps size : 5
Total taxon count : 5
Cg : 4.547473508864641E-13
#iterations: 0
Level: 8
swaps size : 1
Total taxon count : 4
Cg : -87.1810423867127
swaps size : 0
Total taxon count : 4
Cg : 0.0
#iterations: 1
Level: 5
swaps size : 9
Total taxon count : 9
Cg : -2.546585164964199E-11
#iterations: 0
Level: 6
swaps size : 0
Total taxon count : 4
Cg : 0.0
#iterations: 0
Level: 6
swaps size : 7
Total taxon count : 7
Cg : 1.8189894035458565E-11
#iterations: 0
Level: 7
swaps size : 0
Total taxon count : 4
Cg : 0.0
#iterations: 0
Level: 7
swaps size : 4
Total taxon count : 5
Cg : -408.9848651647041
swaps size : 5
Total taxon count : 5
Cg : 2.2737367544323206E-13
#iterations: 1
Level: 8
swaps size : 1
Total taxon count : 4
Cg : -98.82575382602285
swaps size : 0
Total taxon count : 4
Cg : 0.0
#iterations: 1

Elapsed Time taken = 387160 ms ==> 6 minutes and 27 seconds.
CPU time used: 6 minutes, 23 seconds
06
Running WQFM Tree for 06...
Input file: 100taxa/DOI-10-13012-b2idb-5721322_v1/estimated/ntaxa-100.dlrate-0.0000000002.psize-10000000/06/g_trees-raxml-sqlen-250-disco-rooted-cleaned.tre
Consensus file: 100taxa/DOI-10-13012-b2idb-5721322_v1/estimated/ntaxa-100.dlrate-0.0000000002.psize-10000000/06/cons-250.greedy.tree
Output file: 100taxa/DOI-10-13012-b2idb-5721322_v1/estimated/ntaxa-100.dlrate-0.0000000002.psize-10000000/06/g_trees-raxml-sqlen-250-wqfm-tree.tre
Comp graph nodes count : 173136
Internal nodes count : 86861
taxa count : 100
Gene trees count : 999
Level: 1
swaps size : 100
Total taxon count : 100
Cg : 0.0
#iterations: 0
Level: 2
swaps size : 49
Total taxon count : 49
Cg : 2.9802322387695312E-8
#iterations: 0
