ASTRAL for PaRalogs and Orthologs III (ASTRAL-Pro3)
*** NOW with integrated CASTLES-Pro ***
Version: v1.22.3.6
Read 512 genetrees and found 100 species.
#Genetrees: 999
#Duploss: 14608
#Species: 100
#Rounds: 4
#Samples: 4
#Threads: 1
Use two-step algorithm!
Guide Tree 0/16
#NNI moves:0/152
Guide Tree 1/16
#NNI moves:0/152
Guide Tree 2/16
#NNI moves:0/152
Guide Tree 3/16
#NNI moves:0/152
Guide Tree 4/16
#NNI moves:0/152
Guide Tree 5/16
#NNI moves:0/152
Guide Tree 6/16
#NNI moves:0/152
Guide Tree 7/16
#NNI moves:0/152
Guide Tree 8/16
#NNI moves:0/152
Guide Tree 9/16
#NNI moves:0/152
Guide Tree 10/16
#NNI moves:0/152
Guide Tree 11/16
#NNI moves:0/152
Guide Tree 12/16
#NNI moves:0/152
Guide Tree 13/16
#NNI moves:0/152
Guide Tree 14/16
#NNI moves:0/152
Guide Tree 15/16
#NNI moves:0/152
Remaining: 0
#NNI moves:0/152
#NNI moves:0/152
((((((((((((((40,86),70),(34,((55,69),35))),(65,24)),((((90,21),87),79),75)),(((((64,72),78),(((43,13),((92,95),100)),(((((60,27),29),45),((26,56),53)),80))),(((22,48),(46,85)),((84,59),(73,74)))),(54,98))),(((96,32),57),(49,89))),((38,37),(((62,82),(81,88)),(((83,((28,66),(14,99))),61),(67,42))))),(((19,58),63),(((47,52),(25,31)),(20,93)))),(((((((23,50),44),(16,71)),97),77),(((94,30),36),91)),(((51,18),(76,(15,68))),((33,41),(17,39))))),((((((11,1),8),(6,9)),10),(12,3)),7)),2),4),5);
Guide Tree 0/16
#NNI moves:0/152
Guide Tree 1/16
#NNI moves:0/152
Guide Tree 2/16
#NNI moves:0/152
Guide Tree 3/16
#NNI moves:0/152
Guide Tree 4/16
#NNI moves:0/152
Guide Tree 5/16
#NNI moves:0/152
Guide Tree 6/16
#NNI moves:0/152
Guide Tree 7/16
#NNI moves:0/152
Guide Tree 8/16
#NNI moves:0/152
Guide Tree 9/16
#NNI moves:0/152
Guide Tree 10/16
#NNI moves:0/152
Guide Tree 11/16
#NNI moves:0/152
Guide Tree 12/16
#NNI moves:0/152
Guide Tree 13/16
#NNI moves:0/152
Guide Tree 14/16
#NNI moves:0/152
Guide Tree 15/16
#NNI moves:0/152
Remaining: 0
#NNI moves:0/152
#NNI moves:0/152
(((((((((((54,98),(((((43,13),(100,(95,92))),(80,((45,((27,60),29)),((26,56),53)))),((72,64),78)),(((85,46),(48,22)),((73,74),(59,84))))),(((((35,(69,55)),34),(70,(86,40))),(65,24)),((((21,90),87),79),75))),((89,49),((32,96),57))),((38,37),(((82,62),(81,88)),((61,(((14,99),(28,66)),83)),(67,42))))),(((93,20),((31,25),(47,52))),((19,58),63))),(((((94,30),36),91),((((71,16),((23,50),44)),97),77)),((((68,15),76),(51,18)),((17,39),(33,41))))),(((((9,6),((1,11),8)),10),(3,12)),7)),2),4),5);
Guide Tree 0/16
#NNI moves:0/152
Guide Tree 1/16
#NNI moves:0/152
Guide Tree 2/16
#NNI moves:0/152
Guide Tree 3/16
#NNI moves:0/152
Guide Tree 4/16
#NNI moves:0/152
Guide Tree 5/16
#NNI moves:0/152
Guide Tree 6/16
#NNI moves:0/152
Guide Tree 7/16
#NNI moves:0/152
Guide Tree 8/16
#NNI moves:0/152
Guide Tree 9/16
#NNI moves:0/152
Guide Tree 10/16
#NNI moves:0/152
Guide Tree 11/16
#NNI moves:0/152
Guide Tree 12/16
#NNI moves:0/152
Guide Tree 13/16
#NNI moves:0/152
Guide Tree 14/16
#NNI moves:0/152
Guide Tree 15/16
#NNI moves:0/152
Remaining: 0
#NNI moves:0/152
#NNI moves:0/152
((((((((((((((((45,((27,60),29)),(53,(56,26))),80),((43,13),((95,92),100))),(78,(72,64))),(((48,22),(46,85)),((59,84),(74,73)))),(98,54)),((((70,(86,40)),((35,(55,69)),34)),(65,24)),((((21,90),87),79),75))),(((96,32),57),(49,89))),(((((((99,14),(66,28)),83),61),(67,42)),((62,82),(88,81))),(38,37))),(((93,20),((25,31),(47,52))),((58,19),63))),((((((16,71),(44,(23,50))),97),77),(((94,30),36),91)),(((76,(15,68)),(18,51)),((33,41),(39,17))))),((((((11,1),8),(9,6)),10),(3,12)),7)),2),4),5);
Guide Tree 0/16
#NNI moves:0/152
Guide Tree 1/16
#NNI moves:0/152
Guide Tree 2/16
#NNI moves:0/152
Guide Tree 3/16
#NNI moves:0/152
Guide Tree 4/16
#NNI moves:0/152
Guide Tree 5/16
#NNI moves:0/152
Guide Tree 6/16
#NNI moves:0/152
Guide Tree 7/16
#NNI moves:0/152
Guide Tree 8/16
#NNI moves:0/152
Guide Tree 9/16
#NNI moves:0/152
Guide Tree 10/16
#NNI moves:0/152
Guide Tree 11/16
#NNI moves:0/152
Guide Tree 12/16
#NNI moves:0/152
Guide Tree 13/16
#NNI moves:0/152
Guide Tree 14/16
#NNI moves:0/152
Guide Tree 15/16
#NNI moves:0/152
Remaining: 0
#NNI moves:0/152
#NNI moves:0/152
((((((((((((((((53,(26,56)),((29,(27,60)),45)),80),((100,(95,92)),(13,43))),((64,72),78)),(((84,59),(73,74)),((22,48),(85,46)))),(54,98)),((((((69,55),35),34),((86,40),70)),(24,65)),((79,((90,21),87)),75))),((57,(32,96)),(49,89))),((((88,81),(62,82)),(((83,((14,99),(66,28))),61),(67,42))),(38,37))),((63,(58,19)),(((52,47),(31,25)),(20,93)))),(((77,(((44,(50,23)),(16,71)),97)),(((94,30),36),91)),((((15,68),76),(51,18)),((17,39),(33,41))))),(((3,12),((((11,1),8),(6,9)),10)),7)),2),4),5);
Initial score: 1.37765e+09
Initial tree: ((((((((((((((((53,(26,56)),((29,(27,60)),45)),80),((100,(95,92)),(13,43))),((64,72),78)),(((84,59),(73,74)),((22,48),(85,46)))),(54,98)),((((((69,55),35),34),((86,40),70)),(24,65)),((79,((90,21),87)),75))),((57,(32,96)),(49,89))),((((88,81),(62,82)),(((83,((14,99),(66,28))),61),(67,42))),(38,37))),((63,(58,19)),(((52,47),(31,25)),(20,93)))),(((77,(((44,(50,23)),(16,71)),97)),(((94,30),36),91)),((((15,68),76),(51,18)),((17,39),(33,41))))),(((3,12),((((11,1),8),(6,9)),10)),7)),2),4),5);
*** Subsample Process ***
Use two-step algorithm!
#NNI moves:0/152
Remaining: 0
#NNI moves:0/152
#NNI moves:0/152
(((((((((((((((62,82),(88,81)),((61,(((14,99),(66,28)),83)),(67,42))),(38,37)),((((((((44,(50,23)),(71,16)),97),77),(((30,94),36),91)),(((39,17),(41,33)),(((15,68),76),(51,18)))),(((((((11,1),8),(6,9)),10),(12,3)),7),(2,(4,5)))),((((52,47),(31,25)),(93,20)),(63,(58,19))))),(((96,32),57),(49,89))),(((79,((21,90),87)),75),((((86,40),70),(((55,69),35),34)),(65,24)))),(98,54)),(((59,84),(73,74)),((46,85),(48,22)))),((72,64),78)),((13,43),((95,92),100))),80),(45,((27,60),29))),(26,56)),53);
#NNI moves:0/152
Remaining: 0
#NNI moves:0/152
#NNI moves:0/152
((((((((((75,((87,(21,90)),79)),((((86,40),70),((35,(55,69)),34)),(24,65))),((((((43,13),((95,92),100)),((((26,56),53),(45,((27,60),29))),80)),(78,(72,64))),(((59,84),(74,73)),((22,48),(46,85)))),(98,54))),(((32,96),57),(89,49))),((((88,81),(82,62)),(((((66,28),(14,99)),83),61),(42,67))),(37,38))),((((25,31),(52,47)),(93,20)),((19,58),63))),(((((((23,50),44),(71,16)),97),77),((36,(94,30)),91)),(((17,39),(33,41)),((18,51),(76,(15,68)))))),(((((6,9),((1,11),8)),10),(12,3)),7)),(4,5)),2);
#NNI moves:0/152
Remaining: 0
#NNI moves:0/152
#NNI moves:0/152
((((((((((((97,(((50,23),44),(16,71))),77),(((94,30),36),91)),((((68,15),76),(51,18)),((17,39),(33,41)))),((((((8,(1,11)),(9,6)),10),(3,12)),7),((5,4),2))),((((25,31),(52,47)),(93,20)),((19,58),63))),((38,37),(((61,(((14,99),(66,28)),83)),(42,67)),((62,82),(88,81))))),((49,89),(57,(32,96)))),((((((((56,26),53),(((60,27),29),45)),80),((13,43),((92,95),100))),((64,72),78)),(((84,59),(74,73)),((46,85),(48,22)))),(98,54))),((((86,40),70),(34,((55,69),35))),(24,65))),(79,((21,90),87))),75);
#NNI moves:0/152
Remaining: 0
#NNI moves:0/152
#NNI moves:0/152
(((((((((((((((((((13,43),((95,92),100)),(((((27,60),29),45),((26,56),53)),80)),((72,64),78)),(((85,46),(22,48)),((84,59),(73,74)))),(54,98)),((((((69,55),35),34),((40,86),70)),(65,24)),(((87,(90,21)),79),75))),(((32,96),57),(89,49))),(((((((99,14),(28,66)),83),61),(67,42)),((62,82),(81,88))),(38,37))),(((20,93),((52,47),(25,31))),((19,58),63))),(((((15,68),76),(18,51)),((17,39),(33,41))),((((30,94),36),91),((((16,71),(44,(23,50))),97),77)))),((4,5),2)),7),(3,12)),10),(6,9)),8),1),11);
Current score: 1.37765e+09
Current tree: ((4,(2,((((((((((((13,43),((95,92),100)),(((((27,60),29),45),((26,56),53)),80)),((72,64),78)),(((85,46),(22,48)),((84,59),(73,74)))),(54,98)),((((((69,55),35),34),((40,86),70)),(65,24)),(((87,(90,21)),79),75))),(((32,96),57),(89,49))),(((((((99,14),(28,66)),83),61),(67,42)),((62,82),(81,88))),(38,37))),(((20,93),((52,47),(25,31))),((19,58),63))),(((((15,68),76),(18,51)),((17,39),(33,41))),((((30,94),36),91),((((16,71),(44,(23,50))),97),77)))),(7,((3,12),(10,((6,9),(8,(1,11))))))))),5);
Final Tree: ((4,(2,((((((((((((13,43),((95,92),100)),(((((27,60),29),45),((26,56),53)),80)),((72,64),78)),(((85,46),(22,48)),((84,59),(73,74)))),(54,98)),((((((69,55),35),34),((40,86),70)),(65,24)),(((87,(90,21)),79),75))),(((32,96),57),(89,49))),(((((((99,14),(28,66)),83),61),(67,42)),((62,82),(81,88))),(38,37))),(((20,93),((52,47),(25,31))),((19,58),63))),(((((15,68),76),(18,51)),((17,39),(33,41))),((((30,94),36),91),((((16,71),(44,(23,50))),97),77)))),(7,((3,12),(10,((6,9),(8,(1,11))))))))),5);
#EqQuartets: 1467886028
Score: 1377645768
ASTRAL for PaRalogs and Orthologs III (ASTRAL-Pro3)
*** NOW with integrated CASTLES-Pro ***
Version: v1.22.3.6
Read 512 genetrees and found 100 species.
#Genetrees: 1000
#Duploss: 14581
#Species: 100
#Rounds: 4
#Samples: 4
#Threads: 1
Use two-step algorithm!
Guide Tree 0/16
#NNI moves:0/152
Guide Tree 1/16
#NNI moves:0/152
Guide Tree 2/16
#NNI moves:0/152
Guide Tree 3/16
#NNI moves:0/152
Guide Tree 4/16
#NNI moves:0/152
Guide Tree 5/16
#NNI moves:0/152
Guide Tree 6/16
#NNI moves:0/152
Guide Tree 7/16
#NNI moves:0/152
Guide Tree 8/16
#NNI moves:0/152
Guide Tree 9/16
#NNI moves:0/152
Guide Tree 10/16
#NNI moves:0/152
Guide Tree 11/16
#NNI moves:0/152
Guide Tree 12/16
#NNI moves:0/152
Guide Tree 13/16
#NNI moves:0/152
Guide Tree 14/16
#NNI moves:0/152
Guide Tree 15/16
#NNI moves:0/152
Remaining: 0
#NNI moves:0/152
#NNI moves:0/152
(((((((((((78,97),62),(76,50)),(((((60,81),69),(65,70)),((59,58),(89,52))),((64,56),55))),74),((((((((100,((90,67),68)),73),94),66),((86,96),((57,(54,63)),91))),(((79,48),95),84)),((72,(82,99)),61)),((75,(83,(((92,88),(53,(98,93))),(71,51)))),(85,((((49,80),47),77),87))))),(((11,45),29),((39,5),(((7,(32,25)),35),(38,27))))),(16,36)),(((((1,12),22),(((24,9),(28,(31,4))),44)),((21,40),34)),((((((18,2),10),(19,(8,17))),(26,15)),30),((6,(23,37)),(((46,14),((41,33),42)),43))))),(20,3)),13);
Guide Tree 0/16
#NNI moves:0/152
Guide Tree 1/16
#NNI moves:0/152
Guide Tree 2/16
#NNI moves:0/152
Guide Tree 3/16
#NNI moves:0/152
Guide Tree 4/16
#NNI moves:0/152
Guide Tree 5/16
#NNI moves:0/152
Guide Tree 6/16
#NNI moves:0/152
Guide Tree 7/16
#NNI moves:0/152
Guide Tree 8/16
#NNI moves:0/152
Guide Tree 9/16
#NNI moves:0/152
Guide Tree 10/16
#NNI moves:0/152
Guide Tree 11/16
#NNI moves:0/152
Guide Tree 12/16
#NNI moves:0/152
Guide Tree 13/16
#NNI moves:0/152
Guide Tree 14/16
#NNI moves:0/152
Guide Tree 15/16
#NNI moves:0/152
Remaining: 0
#NNI moves:0/152
#NNI moves:0/152
((((((((((((((63,54),57),91),(86,96)),((((((67,90),68),100),73),94),66)),(((48,79),95),84)),(61,((82,99),72))),(((((47,(80,49)),77),87),85),((((((98,93),53),(92,88)),(71,51)),83),75))),((((((59,58),(52,89)),(((81,60),69),(65,70))),(55,(64,56))),((50,76),((97,78),62))),74)),(((11,45),29),(((35,((32,25),7)),(38,27)),(5,39)))),(16,36)),((((((24,9),((4,31),28)),44),((1,12),22)),(34,(21,40))),(((((10,(2,18)),(19,(8,17))),(26,15)),30),((43,(((33,41),42),(14,46))),(6,(23,37)))))),(20,3)),13);
Guide Tree 0/16
#NNI moves:0/152
Guide Tree 1/16
#NNI moves:0/152
Guide Tree 2/16
#NNI moves:0/152
Guide Tree 3/16
#NNI moves:0/152
Guide Tree 4/16
#NNI moves:0/152
Guide Tree 5/16
#NNI moves:0/152
Guide Tree 6/16
#NNI moves:0/152
Guide Tree 7/16
#NNI moves:0/152
Guide Tree 8/16
#NNI moves:0/152
Guide Tree 9/16
#NNI moves:0/152
Guide Tree 10/16
#NNI moves:0/152
Guide Tree 11/16
#NNI moves:0/152
Guide Tree 12/16
#NNI moves:0/152
Guide Tree 13/16
#NNI moves:0/152
Guide Tree 14/16
#NNI moves:0/152
Guide Tree 15/16
#NNI moves:0/152
Remaining: 0
#NNI moves:0/152
#NNI moves:0/152
((((((((((((89,52),(59,58)),((70,65),(69,(81,60)))),((56,64),55)),(((78,97),62),(76,50))),74),(((61,((82,99),72)),((((((((67,90),68),100),73),94),66),((((63,54),57),91),(86,96))),((95,(79,48)),84))),((((((80,49),47),77),87),85),((((51,71),(((98,93),53),(88,92))),83),75)))),((((38,27),(35,((32,25),7))),(5,39)),((45,11),29))),(16,36)),((((((10,(18,2)),((8,17),19)),(26,15)),30),((((46,14),(42,(33,41))),43),((37,23),6))),(((40,21),34),((22,(12,1)),(((28,(31,4)),(24,9)),44))))),(20,3)),13);
Guide Tree 0/16
#NNI moves:0/152
Guide Tree 1/16
#NNI moves:0/152
Guide Tree 2/16
#NNI moves:0/152
Guide Tree 3/16
#NNI moves:0/152
Guide Tree 4/16
#NNI moves:0/152
Guide Tree 5/16
#NNI moves:0/152
Guide Tree 6/16
#NNI moves:0/152
Guide Tree 7/16
#NNI moves:0/152
Guide Tree 8/16
#NNI moves:0/152
Guide Tree 9/16
#NNI moves:0/152
Guide Tree 10/16
#NNI moves:0/152
Guide Tree 11/16
#NNI moves:0/152
Guide Tree 12/16
#NNI moves:0/152
Guide Tree 13/16
#NNI moves:0/152
Guide Tree 14/16
#NNI moves:0/152
Guide Tree 15/16
#NNI moves:0/152
Remaining: 0
#NNI moves:0/152
#NNI moves:0/152
((((((((((((96,86),((57,(63,54)),91)),((((((90,67),68),100),73),94),66)),(((79,48),95),84)),(((99,82),72),61)),(((((((93,98),53),(88,92)),(71,51)),83),75),((((47,(49,80)),77),87),85))),(((((97,78),62),(50,76)),((((52,89),(58,59)),(((60,81),69),(65,70))),((56,64),55))),74)),(((5,39),((((25,32),7),35),(38,27))),(29,(45,11)))),(16,36)),(((((((8,17),19),((2,18),10)),(26,15)),30),((43,(((33,41),42),(46,14))),(6,(23,37)))),(((40,21),34),(((((31,4),28),(24,9)),44),((12,1),22))))),(20,3)),13);
Initial score: 1.43649e+09
Initial tree: ((((((((((((96,86),((57,(63,54)),91)),((((((90,67),68),100),73),94),66)),(((79,48),95),84)),(((99,82),72),61)),(((((((93,98),53),(88,92)),(71,51)),83),75),((((47,(49,80)),77),87),85))),(((((97,78),62),(50,76)),((((52,89),(58,59)),(((60,81),69),(65,70))),((56,64),55))),74)),(((5,39),((((25,32),7),35),(38,27))),(29,(45,11)))),(16,36)),(((((((8,17),19),((2,18),10)),(26,15)),30),((43,(((33,41),42),(46,14))),(6,(23,37)))),(((40,21),34),(((((31,4),28),(24,9)),44),((12,1),22))))),(20,3)),13);
*** Subsample Process ***
Use two-step algorithm!
#NNI moves:0/152
Remaining: 0
#NNI moves:0/152
#NNI moves:0/152
((((((((((((((((((14,46),((33,41),42)),43),((23,37),6)),(((((8,17),19),((2,18),10)),(26,15)),30)),((((1,12),22),(((28,(31,4)),(9,24)),44)),((40,21),34))),((20,3),13)),(36,16)),((((27,38),(((32,25),7),35)),(39,5)),(29,(45,11)))),((((((58,59),(52,89)),(((60,81),69),(65,70))),((56,64),55)),(((78,97),62),(76,50))),74)),(((((((98,93),53),(88,92)),(71,51)),83),75),(((77,((49,80),47)),87),85))),(61,((82,99),72))),(((48,79),95),84)),((((((90,67),68),100),73),94),66)),(86,96)),91),(63,54)),57);
#NNI moves:0/152
Remaining: 0
#NNI moves:0/152
#NNI moves:0/152
(((((((((((((((93,98),53),(88,92)),(71,51)),83),75),(((77,((80,49),47)),87),85)),(((((((((90,67),68),100),73),94),66),((((54,63),57),91),(86,96))),((95,(48,79)),84)),(61,((82,99),72)))),((((((59,58),(89,52)),(((60,81),69),(70,65))),((64,56),55)),((62,(97,78)),(50,76))),74)),((((((25,32),7),35),(38,27)),(39,5)),((11,45),29))),(36,16)),((((((28,(4,31)),(24,9)),44),((12,1),22)),((21,40),34)),(((((19,(8,17)),(10,(18,2))),(15,26)),30),(((37,23),6),(((46,14),((33,41),42)),43))))),13),3),20);
#NNI moves:0/152
Remaining: 0
#NNI moves:0/152
#NNI moves:0/152
(((((((((((((((28,(31,4)),(24,9)),44),((1,12),22)),(34,(40,21))),((((((8,17),19),((2,18),10)),(26,15)),30),((((42,(41,33)),(46,14)),43),((37,23),6)))),(13,(20,3))),(16,36)),(((39,5),((((25,32),7),35),(27,38))),((11,45),29))),((((76,50),((97,78),62)),((((69,(81,60)),(70,65)),((58,59),(89,52))),((64,56),55))),74)),(((((((54,63),57),91),(86,96)),((((((90,67),68),100),73),94),66)),(((79,48),95),84)),((72,(82,99)),61))),((83,((71,51),((88,92),((93,98),53)))),75)),85),(77,((80,49),47))),87);
#NNI moves:0/152
Remaining: 0
#NNI moves:0/152
#NNI moves:0/152
((((((((((((((((96,86),(((63,54),57),91)),((94,(73,(100,(68,(67,90))))),66)),((95,(79,48)),84)),(((82,99),72),61)),(((((51,71),((92,88),((98,93),53))),83),75),(((((49,80),47),77),87),85))),(((((78,97),62),(50,76)),((((58,59),(89,52)),((65,70),(69,(60,81)))),((56,64),55))),74)),(((11,45),29),(((((25,32),7),35),(38,27)),(39,5)))),(16,36)),((3,20),13)),((((((33,41),42),(14,46)),43),(6,(23,37))),(((15,26),((19,(17,8)),(10,(18,2)))),30))),((40,21),34)),(((9,24),((31,4),28)),44)),22),12),1);
Current score: 1.43649e+09
Current tree: (((3,20),((((((((((96,86),(((63,54),57),91)),((94,(73,(100,(68,(67,90))))),66)),((95,(79,48)),84)),(((82,99),72),61)),(((((51,71),((92,88),((98,93),53))),83),75),(((((49,80),47),77),87),85))),(((((78,97),62),(50,76)),((((58,59),(89,52)),((65,70),(69,(60,81)))),((56,64),55))),74)),(((11,45),29),(((((25,32),7),35),(38,27)),(39,5)))),(16,36)),(((((((33,41),42),(14,46)),43),(6,(23,37))),(((15,26),((19,(17,8)),(10,(18,2)))),30)),(((40,21),34),((((9,24),((31,4),28)),44),(22,(12,1))))))),13);
Final Tree: (((3,20),((((((((((96,86),(((63,54),57),91)),((94,(73,(100,(68,(67,90))))),66)),((95,(79,48)),84)),(((82,99),72),61)),(((((51,71),((92,88),((98,93),53))),83),75),(((((49,80),47),77),87),85))),(((((78,97),62),(50,76)),((((58,59),(89,52)),((65,70),(69,(60,81)))),((56,64),55))),74)),(((11,45),29),(((((25,32),7),35),(38,27)),(39,5)))),(16,36)),(((((((33,41),42),(14,46)),43),(6,(23,37))),(((15,26),((19,(17,8)),(10,(18,2)))),30)),(((40,21),34),((((9,24),((31,4),28)),44),(22,(12,1))))))),13);
#EqQuartets: 1518451053
Score: 1436493788
ASTRAL for PaRalogs and Orthologs III (ASTRAL-Pro3)
*** NOW with integrated CASTLES-Pro ***
Version: v1.22.3.6
Read 512 genetrees and found 100 species.
#Genetrees: 1000
#Duploss: 13409
#Species: 100
#Rounds: 4
#Samples: 4
#Threads: 1
Use two-step algorithm!
Guide Tree 0/16
#NNI moves:0/152
Guide Tree 1/16
#NNI moves:0/152
Guide Tree 2/16
#NNI moves:0/152
Guide Tree 3/16
#NNI moves:0/152
Guide Tree 4/16
#NNI moves:0/152
Guide Tree 5/16
#NNI moves:0/152
Guide Tree 6/16
#NNI moves:0/152
Guide Tree 7/16
#NNI moves:0/152
Guide Tree 8/16
#NNI moves:0/152
Guide Tree 9/16
#NNI moves:0/152
Guide Tree 10/16
#NNI moves:0/152
Guide Tree 11/16
#NNI moves:0/152
Guide Tree 12/16
#NNI moves:0/152
Guide Tree 13/16
#NNI moves:0/152
Guide Tree 14/16
#NNI moves:0/152
Guide Tree 15/16
#NNI moves:0/152
Remaining: 0
#NNI moves:0/152
#NNI moves:0/152
(((((((((((((((((((36,34),(31,62)),(((((88,85),(53,61)),57),(((92,98),37),(84,79))),46)),((65,90),(((((45,95),93),58),33),64))),(78,75)),73),(((((67,(51,52)),((39,27),(94,32))),(70,68)),(48,82)),(((((80,28),55),(50,((66,81),35))),100),(21,(24,77))))),((((((16,9),15),7),(1,13)),17),(((((3,(4,6)),(8,20)),((12,19),10)),((18,14),2)),(5,11)))),91),(((((59,89),54),22),(96,42)),(47,74))),((44,(((60,(72,29)),71),83)),(30,(26,23)))),((97,76),87)),49),(69,38)),25),(86,(43,56))),63),(41,40)),99);
Guide Tree 0/16
#NNI moves:0/152
Guide Tree 1/16
#NNI moves:0/152
Guide Tree 2/16
#NNI moves:0/152
Guide Tree 3/16
#NNI moves:0/152
Guide Tree 4/16
#NNI moves:0/152
Guide Tree 5/16
#NNI moves:0/152
Guide Tree 6/16
#NNI moves:0/152
Guide Tree 7/16
#NNI moves:0/152
Guide Tree 8/16
#NNI moves:0/152
Guide Tree 9/16
#NNI moves:0/152
Guide Tree 10/16
#NNI moves:0/152
Guide Tree 11/16
#NNI moves:0/152
Guide Tree 12/16
#NNI moves:0/152
Guide Tree 13/16
#NNI moves:0/152
Guide Tree 14/16
#NNI moves:0/152
Guide Tree 15/16
#NNI moves:0/152
Remaining: 0
#NNI moves:0/152
#NNI moves:0/152
((((((((((((((((((((((45,95),93),58),33),64),(90,65)),(((34,36),(31,62)),((((79,84),((98,92),37)),(((61,53),(85,88)),57)),46))),(78,75)),73),((((((80,28),55),(((66,81),35),50)),100),((24,77),21)),(((((39,27),(94,32)),((52,51),67)),(70,68)),(82,48)))),(((11,5),((2,(18,14)),(((19,12),10),((8,20),((4,6),3))))),(((13,1),(((9,16),15),7)),17))),91),((((54,(89,59)),22),(42,96)),(47,74))),(((23,26),30),(((((29,72),60),71),83),44))),((76,97),87)),49),(38,69)),25),(86,(43,56))),63),(41,40)),99);
Guide Tree 0/16
#NNI moves:0/152
Guide Tree 1/16
#NNI moves:0/152
Guide Tree 2/16
#NNI moves:0/152
Guide Tree 3/16
#NNI moves:0/152
Guide Tree 4/16
#NNI moves:0/152
Guide Tree 5/16
#NNI moves:0/152
Guide Tree 6/16
#NNI moves:0/152
Guide Tree 7/16
#NNI moves:0/152
Guide Tree 8/16
#NNI moves:0/152
Guide Tree 9/16
#NNI moves:0/152
Guide Tree 10/16
#NNI moves:0/152
Guide Tree 11/16
#NNI moves:0/152
Guide Tree 12/16
#NNI moves:0/152
Guide Tree 13/16
#NNI moves:0/152
Guide Tree 14/16
#NNI moves:0/152
Guide Tree 15/16
#NNI moves:0/152
Remaining: 0
#NNI moves:0/152
#NNI moves:0/152
(((((((((((((((((((27,39),(94,32)),((51,52),67)),(70,68)),(48,82)),(((((80,28),55),((35,(81,66)),50)),100),((77,24),21))),(((((((((53,61),(85,88)),57),((37,(98,92)),(79,84))),46),((62,31),(34,36))),((65,90),(((((45,95),93),58),33),64))),(75,78)),73)),((((2,(18,14)),((((6,4),3),(20,8)),(10,(12,19)))),(11,5)),(((13,1),(((9,16),15),7)),17))),91),(((22,((89,59),54)),(42,96)),(74,47))),(((26,23),30),((83,((60,(29,72)),71)),44))),((76,97),87)),49),(69,38)),25),(86,(43,56))),63),(41,40)),99);
Guide Tree 0/16
#NNI moves:0/152
Guide Tree 1/16
#NNI moves:0/152
Guide Tree 2/16
#NNI moves:0/152
Guide Tree 3/16
#NNI moves:0/152
Guide Tree 4/16
#NNI moves:0/152
Guide Tree 5/16
#NNI moves:0/152
Guide Tree 6/16
#NNI moves:0/152
Guide Tree 7/16
#NNI moves:0/152
Guide Tree 8/16
#NNI moves:0/152
Guide Tree 9/16
#NNI moves:0/152
Guide Tree 10/16
#NNI moves:0/152
Guide Tree 11/16
#NNI moves:0/152
Guide Tree 12/16
#NNI moves:0/152
Guide Tree 13/16
#NNI moves:0/152
Guide Tree 14/16
#NNI moves:0/152
Guide Tree 15/16
#NNI moves:0/152
Remaining: 0
#NNI moves:0/152
#NNI moves:0/152
((((((((((((((((((((81,66),35),50),(55,(28,80))),100),(21,(24,77))),(((((94,32),(27,39)),(67,(51,52))),(70,68)),(48,82))),((((((((93,(45,95)),58),33),64),(90,65)),(((((79,84),((92,98),37)),(((88,85),(61,53)),57)),46),((62,31),(34,36)))),(78,75)),73)),(((((14,18),2),(((19,12),10),((3,(4,6)),(20,8)))),(11,5)),((((15,(16,9)),7),(13,1)),17))),91),(((((89,59),54),22),(96,42)),(47,74))),(((83,((60,(29,72)),71)),44),(30,(26,23)))),((76,97),87)),49),(38,69)),25),((43,56),86)),63),(41,40)),99);
Initial score: 1.33794e+09
Initial tree: ((((((((((((((((((((81,66),35),50),(55,(28,80))),100),(21,(24,77))),(((((94,32),(27,39)),(67,(51,52))),(70,68)),(48,82))),((((((((93,(45,95)),58),33),64),(90,65)),(((((79,84),((92,98),37)),(((88,85),(61,53)),57)),46),((62,31),(34,36)))),(78,75)),73)),(((((14,18),2),(((19,12),10),((3,(4,6)),(20,8)))),(11,5)),((((15,(16,9)),7),(13,1)),17))),91),(((((89,59),54),22),(96,42)),(47,74))),(((83,((60,(29,72)),71)),44),(30,(26,23)))),((76,97),87)),49),(38,69)),25),((43,56),86)),63),(41,40)),99);
*** Subsample Process ***
Use two-step algorithm!
#NNI moves:0/152
Remaining: 0
#NNI moves:2/152
#NNI moves:2/152
(((((((((((((18,14),2),(((8,20),((4,6),3)),(10,(12,19)))),(5,11)),((((15,(9,16)),7),(13,1)),17)),(((((30,(26,23)),(((71,(60,(29,72))),83),44)),((49,((((((41,40),99),63),((43,56),86)),25),(38,69))),(87,(97,76)))),(((((59,89),54),22),(42,96)),(74,47))),91)),(((((((((88,85),(61,53)),57),(((98,92),37),(79,84))),46),((31,62),(34,36))),((((((95,45),93),58),33),64),(90,65))),(75,78)),73)),(((68,70),(((94,32),(39,27)),((52,51),67))),(48,82))),((24,77),21)),100),(50,((81,66),35))),(28,80)),55);
#NNI moves:0/152
Remaining: 0
#NNI moves:2/152
#NNI moves:2/152
((((((((((((((((((((51,52),67),((32,94),(27,39))),(70,68)),(82,48)),((((50,((81,66),35)),((80,28),55)),100),(21,(77,24)))),(((((((((88,85),(53,61)),57),((37,(92,98)),(79,84))),46),((62,31),(36,34))),((64,((58,((45,95),93)),33)),(90,65))),(75,78)),73)),((((((20,8),(3,(4,6))),(10,(19,12))),((14,18),2)),(5,11)),(((1,13),(7,(15,(9,16)))),17))),91),(((((59,89),54),22),(96,42)),(47,74))),(((((60,(29,72)),71),83),44),((26,23),30))),((97,76),87)),49),(69,38)),25),(86,(56,43))),63),99),40),41);
#NNI moves:0/152
Remaining: 0
#NNI moves:0/152
#NNI moves:0/152
(((((((((((((((((60,(29,72)),71),83),44),(30,(23,26))),((((((86,(43,56)),(63,(99,(41,40)))),25),(38,69)),49),((76,97),87))),(((96,42),((54,(89,59)),22)),(74,47))),91),((((1,13),((15,(9,16)),7)),17),((((10,(19,12)),((8,20),((4,6),3))),(2,(14,18))),(11,5)))),(((((((((88,85),(53,61)),57),(((98,92),37),(84,79))),46),((31,62),(36,34))),((64,((58,((45,95),93)),33)),(90,65))),(75,78)),73)),((((((66,81),35),50),(55,(28,80))),100),(21,(77,24)))),(48,82)),(68,70)),((94,32),(39,27))),67),51),52);
#NNI moves:0/152
Remaining: 0
#NNI moves:0/152
#NNI moves:0/152
(((((((((((((((((((((61,53),(85,88)),57),(((92,98),37),(84,79))),46),((31,62),(36,34))),(((((93,(95,45)),58),33),64),(65,90))),(75,78)),73),((((((28,80),55),(50,((66,81),35))),100),(21,(24,77))),(((((94,32),(27,39)),((51,52),67)),(70,68)),(48,82)))),((((7,(15,(16,9))),(13,1)),17),((((((6,4),3),(20,8)),((12,19),10)),((18,14),2)),(5,11)))),91),(((22,((89,59),54)),(96,42)),(47,74))),((30,(26,23)),((((60,(72,29)),71),83),44))),((76,97),87)),49),(69,38)),25),(63,((40,41),99))),(56,43)),86);
Current score: 1.33794e+09
Current tree: (((40,41),(63,(((((((((((((((((((61,53),(85,88)),57),(((92,98),37),(84,79))),46),((31,62),(36,34))),(((((93,(95,45)),58),33),64),(65,90))),(75,78)),73),((((((28,80),55),(50,((66,81),35))),100),(21,(24,77))),(((((94,32),(27,39)),((51,52),67)),(70,68)),(48,82)))),((((7,(15,(16,9))),(13,1)),17),((((((6,4),3),(20,8)),((12,19),10)),((18,14),2)),(5,11)))),91),(((22,((89,59),54)),(96,42)),(47,74))),((30,(26,23)),((((60,(72,29)),71),83),44))),((76,97),87)),49),(69,38)),25),((56,43),86)))),99);
Final Tree: (((40,41),(63,(((((((((((((((((((61,53),(85,88)),57),(((92,98),37),(84,79))),46),((31,62),(36,34))),(((((93,(95,45)),58),33),64),(65,90))),(75,78)),73),((((((28,80),55),(50,((66,81),35))),100),(21,(24,77))),(((((94,32),(27,39)),((51,52),67)),(70,68)),(48,82)))),((((7,(15,(16,9))),(13,1)),17),((((((6,4),3),(20,8)),((12,19),10)),((18,14),2)),(5,11)))),91),(((22,((89,59),54)),(96,42)),(47,74))),((30,(26,23)),((((60,(72,29)),71),83),44))),((76,97),87)),49),(69,38)),25),((56,43),86)))),99);
#EqQuartets: 1489151977
Score: 1337939620
ASTRAL for PaRalogs and Orthologs III (ASTRAL-Pro3)
*** NOW with integrated CASTLES-Pro ***
Version: v1.22.3.6
Read 512 genetrees and found 100 species.
#Genetrees: 998
#Duploss: 16882
#Species: 100
#Rounds: 4
#Samples: 4
#Threads: 1
Use two-step algorithm!
Guide Tree 0/16
#NNI moves:0/152
Guide Tree 1/16
#NNI moves:0/152
Guide Tree 2/16
#NNI moves:0/152
Guide Tree 3/16
#NNI moves:0/152
Guide Tree 4/16
#NNI moves:0/152
Guide Tree 5/16
#NNI moves:0/152
Guide Tree 6/16
#NNI moves:0/152
Guide Tree 7/16
#NNI moves:0/152
Guide Tree 8/16
#NNI moves:0/152
Guide Tree 9/16
#NNI moves:0/152
Guide Tree 10/16
#NNI moves:0/152
Guide Tree 11/16
#NNI moves:0/152
Guide Tree 12/16
#NNI moves:0/152
Guide Tree 13/16
#NNI moves:0/152
Guide Tree 14/16
#NNI moves:0/152
Guide Tree 15/16
#NNI moves:0/152
Remaining: 0
#NNI moves:2/152
#NNI moves:2/152
((((((((((((((((70,33),(7,24)),54),(35,86)),((46,((8,90),25)),(((41,82),30),((64,67),38)))),((((((12,26),31),44),97),((((81,10),47),(60,39)),69)),((((((13,53),87),95),99),11),(((52,74),57),73)))),((2,(5,4)),(3,1))),((((55,51),(76,98)),((((84,96),72),((22,(43,58)),34)),(((((14,6),(17,77)),(((9,(23,71)),16),(63,37))),94),(((80,83),((40,36),(49,61))),(((48,21),56),32))))),(((91,42),(79,19)),(59,15)))),(((88,68),85),(18,27))),((((20,65),100),45),92)),((29,89),62)),75),50),66),(78,93)),28);
Guide Tree 0/16
#NNI moves:0/152
Guide Tree 1/16
#NNI moves:0/152
Guide Tree 2/16
#NNI moves:0/152
Guide Tree 3/16
#NNI moves:0/152
Guide Tree 4/16
#NNI moves:0/152
Guide Tree 5/16
#NNI moves:0/152
Guide Tree 6/16
#NNI moves:0/152
Guide Tree 7/16
#NNI moves:0/152
Guide Tree 8/16
#NNI moves:0/152
Guide Tree 9/16
#NNI moves:0/152
Guide Tree 10/16
#NNI moves:0/152
Guide Tree 11/16
#NNI moves:0/152
Guide Tree 12/16
#NNI moves:0/152
Guide Tree 13/16
#NNI moves:0/152
Guide Tree 14/16
#NNI moves:0/152
Guide Tree 15/16
#NNI moves:0/152
Remaining: 0
#NNI moves:0/152
#NNI moves:0/152
(((((((((((((((99,(((13,53),87),95)),11),(73,((74,52),57))),((((39,60),((81,10),47)),69),((((26,12),31),44),97))),(((((24,7),(33,70)),54),(35,86)),((((67,64),38),((82,41),30)),(((90,8),25),46)))),(((4,5),2),(3,1))),((((((((((23,71),9),16),(37,63)),((14,6),(77,17))),94),((((36,40),(49,61)),(83,80)),(((21,48),56),32))),(((96,84),72),(((58,43),22),34))),((55,51),(98,76))),(((91,42),(19,79)),(15,59)))),(((68,88),85),(18,27))),((((65,20),100),45),92)),(62,(89,29))),75),50),66),(93,78)),28);
Guide Tree 0/16
#NNI moves:0/152
Guide Tree 1/16
#NNI moves:0/152
Guide Tree 2/16
#NNI moves:0/152
Guide Tree 3/16
#NNI moves:0/152
Guide Tree 4/16
#NNI moves:0/152
Guide Tree 5/16
#NNI moves:0/152
Guide Tree 6/16
#NNI moves:0/152
Guide Tree 7/16
#NNI moves:0/152
Guide Tree 8/16
#NNI moves:0/152
Guide Tree 9/16
#NNI moves:0/152
Guide Tree 10/16
#NNI moves:0/152
Guide Tree 11/16
#NNI moves:0/152
Guide Tree 12/16
#NNI moves:0/152
Guide Tree 13/16
#NNI moves:0/152
Guide Tree 14/16
#NNI moves:0/152
Guide Tree 15/16
#NNI moves:0/152
Remaining: 0
#NNI moves:4/152
#NNI moves:4/152
(((((((((((((((((14,6),(77,17)),((((71,23),9),16),(37,63))),94),((((49,61),(36,40)),(83,80)),(32,(56,(48,21))))),((72,(84,96)),(34,((43,58),22)))),((76,98),(55,51))),(((79,19),(91,42)),(59,15))),(((((((60,39),((10,81),47)),69),((44,((26,12),31)),97)),(((99,((87,(13,53)),95)),11),(((52,74),57),73))),(((((67,64),38),((82,41),30)),(46,((90,8),25))),((35,86),(((24,7),(33,70)),54)))),((1,3),((4,5),2)))),((18,27),((88,68),85))),(((100,(20,65)),45),92)),(62,(29,89))),75),50),66),(78,93)),28);
Guide Tree 0/16
#NNI moves:0/152
Guide Tree 1/16
#NNI moves:0/152
Guide Tree 2/16
#NNI moves:0/152
Guide Tree 3/16
#NNI moves:0/152
Guide Tree 4/16
#NNI moves:0/152
Guide Tree 5/16
#NNI moves:0/152
Guide Tree 6/16
#NNI moves:0/152
Guide Tree 7/16
#NNI moves:0/152
Guide Tree 8/16
#NNI moves:0/152
Guide Tree 9/16
#NNI moves:0/152
Guide Tree 10/16
#NNI moves:0/152
Guide Tree 11/16
#NNI moves:0/152
Guide Tree 12/16
#NNI moves:0/152
Guide Tree 13/16
#NNI moves:0/152
Guide Tree 14/16
#NNI moves:0/152
Guide Tree 15/16
#NNI moves:0/152
Remaining: 0
#NNI moves:0/152
#NNI moves:0/152
((((((((((((((((90,8),25),46),(((41,82),30),((64,67),38))),((((7,24),(70,33)),54),(35,86))),(((((47,(10,81)),(60,39)),69),((((12,26),31),44),97)),((((((53,13),87),95),99),11),(((52,74),57),73)))),((3,1),((5,4),2))),(((((((56,(48,21)),32),(((36,40),(61,49)),(83,80))),((((6,14),(17,77)),((((23,71),9),16),(63,37))),94)),(((84,96),72),((22,(58,43)),34))),((98,76),(55,51))),((15,59),((91,42),(79,19))))),(((88,68),85),(18,27))),(((100,(20,65)),45),92)),(62,(89,29))),75),50),66),(78,93)),28);
Initial score: 1.28607e+09
Initial tree: ((((((((((((((((90,8),25),46),(((41,82),30),((64,67),38))),((((7,24),(70,33)),54),(35,86))),(((((47,(10,81)),(60,39)),69),((((12,26),31),44),97)),((((((53,13),87),95),99),11),(((52,74),57),73)))),((3,1),((5,4),2))),(((((((56,(48,21)),32),(((36,40),(61,49)),(83,80))),((((6,14),(17,77)),((((23,71),9),16),(63,37))),94)),(((84,96),72),((22,(58,43)),34))),((98,76),(55,51))),((15,59),((91,42),(79,19))))),(((88,68),85),(18,27))),(((100,(20,65)),45),92)),(62,(89,29))),75),50),66),(78,93)),28);
*** Subsample Process ***
Use two-step algorithm!
#NNI moves:0/152
Remaining: 0
#NNI moves:6/152
#NNI moves:6/152
(((((((((((((((((6,14),(17,77)),((16,(9,(71,23))),(37,63))),94),((((49,61),(36,40)),(83,80)),(((48,21),56),32))),((((43,58),22),34),((96,84),72))),((55,51),(76,98))),(((79,19),(42,91)),(15,59))),((((((((78,93),28),66),50),75),((29,89),62)),(((100,(65,20)),45),92)),(((68,88),85),(27,18)))),((1,3),((5,4),2))),((((((10,81),47),(39,60)),69),(((31,(26,12)),44),97)),((((52,74),57),73),(((((53,13),87),95),99),11)))),((35,86),(((33,70),(24,7)),54))),((25,(8,90)),46)),((64,67),38)),30),82),41);
#NNI moves:0/152
Remaining: 0
#NNI moves:14/152
#NNI moves:30/152
(((((((((((((((31,(26,12)),44),97),((((81,10),47),(39,60)),69)),((((52,74),57),73),(((95,((13,53),87)),99),11))),((((30,(41,82)),((67,64),38)),(((8,90),25),46)),((((24,7),(70,33)),54),(86,35)))),((3,1),((4,5),2))),((((((((14,6),(17,77)),((16,((71,23),9)),(63,37))),94),((((48,21),56),32),(((49,61),(36,40)),(83,80)))),((34,((43,58),22)),(72,(96,84)))),((98,76),(51,55))),(((79,19),(91,42)),(59,15)))),((27,18),(85,(88,68)))),(92,(45,(100,(65,20))))),(62,(29,89))),75),50),((93,78),28)),66);
#NNI moves:0/152
Remaining: 0
#NNI moves:4/152
#NNI moves:4/152
((((((((((((((((6,14),(17,77)),((63,37),(16,((71,23),9)))),94),((((21,48),56),32),((80,83),((49,61),(40,36))))),(((84,96),72),(((58,43),22),34))),((55,51),(98,76))),(((79,19),(91,42)),(59,15))),((((((65,20),100),45),92),(((((28,(78,93)),66),50),75),(62,(89,29)))),(((68,88),85),(27,18)))),((3,1),((4,5),2))),((((30,(41,82)),((64,67),38)),(((90,8),25),46)),((86,35),(((70,33),(24,7)),54)))),((((52,74),57),73),(((((13,53),87),95),99),11))),(((47,(81,10)),(60,39)),69)),97),((26,12),31)),44);
#NNI moves:0/152
Remaining: 0
#NNI moves:6/152
#NNI moves:18/152
(((((((((((((((((83,80),((61,49),(40,36))),(((48,21),56),32)),((((17,77),(6,14)),(((9,(23,71)),16),(63,37))),94)),(((22,(43,58)),34),(72,(84,96)))),((55,51),(98,76))),(((42,91),(19,79)),(15,59))),(((((((((13,53),87),95),99),11),(73,((74,52),57))),(((((12,26),31),44),97),(((60,39),((10,81),47)),69))),(((35,86),(((7,24),(70,33)),54)),((((90,8),25),46),(((41,82),30),(38,(67,64)))))),((3,1),(2,(5,4))))),((18,27),(85,(88,68)))),(((100,(20,65)),45),92)),(62,(29,89))),75),50),66),28),93),78);
Current score: 1.28607e+09
Current tree: ((((((((((((((((83,80),((61,49),(40,36))),(((48,21),56),32)),((((17,77),(6,14)),(((9,(23,71)),16),(63,37))),94)),(((22,(43,58)),34),(72,(84,96)))),((55,51),(98,76))),(((42,91),(19,79)),(15,59))),(((((((((13,53),87),95),99),11),(73,((74,52),57))),(((((12,26),31),44),97),(((60,39),((10,81),47)),69))),(((35,86),(((7,24),(70,33)),54)),((((90,8),25),46),(((41,82),30),(38,(67,64)))))),((3,1),(2,(5,4))))),((18,27),(85,(88,68)))),(((100,(20,65)),45),92)),(62,(29,89))),75),50),66),(93,78)),28);
Final Tree: ((((((((((((((((83,80),((61,49),(40,36))),(((48,21),56),32)),((((17,77),(6,14)),(((9,(23,71)),16),(63,37))),94)),(((22,(43,58)),34),(72,(84,96)))),((55,51),(98,76))),(((42,91),(19,79)),(15,59))),(((((((((13,53),87),95),99),11),(73,((74,52),57))),(((((12,26),31),44),97),(((60,39),((10,81),47)),69))),(((35,86),(((7,24),(70,33)),54)),((((90,8),25),46),(((41,82),30),(38,(67,64)))))),((3,1),(2,(5,4))))),((18,27),(85,(88,68)))),(((100,(20,65)),45),92)),(62,(29,89))),75),50),66),(93,78)),28);
#EqQuartets: 1405055409
Score: 1286068974
ASTRAL for PaRalogs and Orthologs III (ASTRAL-Pro3)
*** NOW with integrated CASTLES-Pro ***
Version: v1.22.3.6
Read 512 genetrees and found 100 species.
#Genetrees: 999
#Duploss: 14957
#Species: 100
#Rounds: 4
#Samples: 4
#Threads: 1
Use two-step algorithm!
Guide Tree 0/16
#NNI moves:0/152
Guide Tree 1/16
#NNI moves:0/152
Guide Tree 2/16
#NNI moves:0/152
Guide Tree 3/16
#NNI moves:0/152
Guide Tree 4/16
#NNI moves:0/152
Guide Tree 5/16
#NNI moves:0/152
Guide Tree 6/16
#NNI moves:0/152
Guide Tree 7/16
#NNI moves:0/152
Guide Tree 8/16
#NNI moves:0/152
Guide Tree 9/16
#NNI moves:0/152
Guide Tree 10/16
#NNI moves:0/152
Guide Tree 11/16
#NNI moves:0/152
Guide Tree 12/16
#NNI moves:0/152
Guide Tree 13/16
#NNI moves:0/152
Guide Tree 14/16
#NNI moves:0/152
Guide Tree 15/16
#NNI moves:0/152
Remaining: 0
#NNI moves:2/152
#NNI moves:2/152
(((((((((((28,19),64),((51,74),71)),((37,44),(((38,68),66),45))),((((((13,(63,39)),((52,57),49)),(((30,12),9),15)),(((((58,59),60),53),((14,3),(2,31))),(((32,46),(69,((26,70),((61,(36,11)),8)))),(((1,(48,7)),16),41)))),((20,4),25)),((47,23),62))),(((((((76,78),98),(((92,89),87),83)),(86,((79,(88,(90,95))),(85,(84,99))))),(((81,(77,(96,94))),80),(91,93))),((75,100),82)),97)),((40,(56,65)),10)),((((50,72),21),22),((29,54),((73,33),(6,55))))),(67,(35,34))),(((((5,17),43),27),24),42)),18);
Guide Tree 0/16
#NNI moves:0/152
Guide Tree 1/16
#NNI moves:0/152
Guide Tree 2/16
#NNI moves:0/152
Guide Tree 3/16
#NNI moves:0/152
Guide Tree 4/16
#NNI moves:0/152
Guide Tree 5/16
#NNI moves:0/152
Guide Tree 6/16
#NNI moves:0/152
Guide Tree 7/16
#NNI moves:0/152
Guide Tree 8/16
#NNI moves:0/152
Guide Tree 9/16
#NNI moves:0/152
Guide Tree 10/16
#NNI moves:0/152
Guide Tree 11/16
#NNI moves:0/152
Guide Tree 12/16
#NNI moves:0/152
Guide Tree 13/16
#NNI moves:0/152
Guide Tree 14/16
#NNI moves:0/152
Guide Tree 15/16
#NNI moves:0/152
Remaining: 0
#NNI moves:0/152
#NNI moves:0/152
((((((((((((((32,46),(((8,(61,(36,11))),(26,70)),69)),((((7,48),1),16),41)),((53,((59,58),60)),((3,14),(2,31)))),((((12,30),9),15),((49,(52,57)),(13,(39,63))))),(25,(4,20))),((23,47),62)),(((37,44),(45,(66,(68,38)))),(((28,19),64),((51,74),71)))),(((((93,91),(((77,(96,94)),81),80)),(((83,((92,89),87)),((76,78),98)),(((((95,90),88),79),((84,99),85)),86))),(82,(100,75))),97)),((40,(65,56)),10)),((((55,6),(73,33)),(29,54)),((21,(50,72)),22))),((34,35),67)),((((43,(5,17)),27),24),42)),18);
Guide Tree 0/16
#NNI moves:0/152
Guide Tree 1/16
#NNI moves:0/152
Guide Tree 2/16
#NNI moves:0/152
Guide Tree 3/16
#NNI moves:0/152
Guide Tree 4/16
#NNI moves:0/152
Guide Tree 5/16
#NNI moves:0/152
Guide Tree 6/16
#NNI moves:0/152
Guide Tree 7/16
#NNI moves:0/152
Guide Tree 8/16
#NNI moves:0/152
Guide Tree 9/16
#NNI moves:0/152
Guide Tree 10/16
#NNI moves:0/152
Guide Tree 11/16
#NNI moves:0/152
Guide Tree 12/16
#NNI moves:0/152
Guide Tree 13/16
#NNI moves:0/152
Guide Tree 14/16
#NNI moves:0/152
Guide Tree 15/16
#NNI moves:0/152
Remaining: 0
#NNI moves:0/152
#NNI moves:0/152
((((((((((((((32,46),(((((36,11),61),8),(26,70)),69)),((((7,48),1),16),41)),(((2,31),(3,14)),(((58,59),60),53))),(((9,(12,30)),15),(((63,39),13),(49,(57,52))))),((20,4),25)),((23,47),62)),(((64,(19,28)),((74,51),71)),((44,37),(((38,68),66),45)))),((((((((84,99),85),(((90,95),88),79)),86),((98,(78,76)),((87,(92,89)),83))),((91,93),(80,(((94,96),77),81)))),(82,(75,100))),97)),(((65,56),40),10)),((((55,6),(73,33)),(29,54)),(((50,72),21),22))),(67,(35,34))),((((43,(5,17)),27),24),42)),18);
Guide Tree 0/16
#NNI moves:0/152
Guide Tree 1/16
#NNI moves:0/152
Guide Tree 2/16
#NNI moves:0/152
Guide Tree 3/16
#NNI moves:0/152
Guide Tree 4/16
#NNI moves:0/152
Guide Tree 5/16
#NNI moves:0/152
Guide Tree 6/16
#NNI moves:0/152
Guide Tree 7/16
#NNI moves:0/152
Guide Tree 8/16
#NNI moves:0/152
Guide Tree 9/16
#NNI moves:0/152
Guide Tree 10/16
#NNI moves:0/152
Guide Tree 11/16
#NNI moves:0/152
Guide Tree 12/16
#NNI moves:0/152
Guide Tree 13/16
#NNI moves:0/152
Guide Tree 14/16
#NNI moves:0/152
Guide Tree 15/16
#NNI moves:0/152
Remaining: 0
#NNI moves:0/152
#NNI moves:0/152
((((((((((((((((((36,11),61),8),(70,26)),69),(46,32)),(((1,(7,48)),16),41)),((53,((58,59),60)),((3,14),(2,31)))),((((57,52),49),(13,(39,63))),(((12,30),9),15))),((20,4),25)),((47,23),62)),(((((68,38),66),45),(37,44)),(((19,28),64),((51,74),71)))),(((((((78,76),98),(((89,92),87),83)),(((((90,95),88),79),((84,99),85)),86)),((80,(((96,94),77),81)),(91,93))),((75,100),82)),97)),(10,((65,56),40))),((((73,33),(6,55)),(54,29)),((21,(50,72)),22))),(67,(35,34))),(((((17,5),43),27),24),42)),18);
Initial score: 1.25444e+09
Initial tree: ((((((((((((((((((36,11),61),8),(70,26)),69),(46,32)),(((1,(7,48)),16),41)),((53,((58,59),60)),((3,14),(2,31)))),((((57,52),49),(13,(39,63))),(((12,30),9),15))),((20,4),25)),((47,23),62)),(((((68,38),66),45),(37,44)),(((19,28),64),((51,74),71)))),(((((((78,76),98),(((89,92),87),83)),(((((90,95),88),79),((84,99),85)),86)),((80,(((96,94),77),81)),(91,93))),((75,100),82)),97)),(10,((65,56),40))),((((73,33),(6,55)),(54,29)),((21,(50,72)),22))),(67,(35,34))),(((((17,5),43),27),24),42)),18);
*** Subsample Process ***
Use two-step algorithm!
#NNI moves:0/152
Remaining: 0
#NNI moves:0/152
#NNI moves:0/152
((((((((((((((((((((98,(76,78)),((87,(92,89)),83)),(((((90,95),88),79),((99,84),85)),86)),(((81,((94,96),77)),80),(93,91))),((75,100),82)),97),((((((50,72),21),22),((54,29),((73,33),(6,55)))),((67,(34,35)),((((27,(43,(5,17))),24),42),18))),(10,((65,56),40)))),((((28,19),64),(71,(51,74))),((44,37),(45,((68,38),66))))),((47,23),62)),((4,20),25)),(((49,(57,52)),((63,39),13)),((9,(12,30)),15))),((((59,58),60),53),((3,14),(31,2)))),((((48,7),1),16),41)),(46,32)),69),(26,70)),8),61),11),36);
#NNI moves:0/152
Remaining: 0
#NNI moves:0/152
#NNI moves:0/152
((((((((((((32,46),((((61,(36,11)),8),(26,70)),69)),((((48,7),1),16),41)),(((31,2),(14,3)),(((59,58),60),53))),((((57,52),49),((63,39),13)),((9,(12,30)),15))),((20,4),25)),(62,(47,23))),(((44,37),((66,(38,68)),45)),(((19,28),64),((74,51),71)))),(((((((76,78),98),(((89,92),87),83)),((((88,(90,95)),79),(85,(99,84))),86)),(((81,(77,(96,94))),80),(93,91))),((75,100),82)),97)),(((22,(21,(72,50))),(((55,6),(33,73)),(54,29))),((((((43,(5,17)),27),24),42),18),((34,35),67)))),((56,65),40)),10);
#NNI moves:0/152
Remaining: 1
#NNI moves:6/152
#NNI moves:6/152
(((((((((((((((((((36,11),61),8),(26,70)),69),(46,32)),(((1,(48,7)),16),41)),((((59,58),60),53),((3,14),(31,2)))),(((9,(30,12)),15),(((57,52),49),((39,63),13)))),(25,(20,4))),(62,(47,23))),(((44,37),(((38,68),66),45)),(((28,19),64),((74,51),71)))),(((((((((95,90),88),79),(85,(84,99))),86),(((78,76),98),(((89,92),87),83))),(((((94,96),77),81),80),(91,93))),((75,100),82)),97)),((40,(65,56)),10)),((((72,50),21),22),(((6,55),(73,33)),(54,29)))),((42,((((5,17),43),27),24)),18)),67),34),35);
#NNI moves:0/152
Remaining: 0
#NNI moves:0/152
#NNI moves:0/152
(((((((((((((((((((((26,70),((61,(11,36)),8)),69),(46,32)),(((1,(48,7)),16),41)),(((2,31),(14,3)),((60,(59,58)),53))),((15,((30,12),9)),(((63,39),13),(49,(52,57))))),((4,20),25)),((47,23),62)),((((28,19),64),((51,74),71)),((45,((68,38),66)),(44,37)))),(((((((((90,95),88),79),(85,(84,99))),86),((((89,92),87),83),(98,(76,78)))),((91,93),((((96,94),77),81),80))),((100,75),82)),97)),((40,(65,56)),10)),((((50,72),21),22),(((33,73),(55,6)),(54,29)))),(67,(35,34))),18),42),24),27),43),5),17);
Current score: 1.25444e+09
Current tree: ((((((((((((((((26,70),((61,(11,36)),8)),69),(46,32)),(((1,(48,7)),16),41)),(((2,31),(14,3)),((60,(59,58)),53))),((15,((30,12),9)),(((63,39),13),(49,(52,57))))),((4,20),25)),((47,23),62)),((((28,19),64),((51,74),71)),((45,((68,38),66)),(44,37)))),(((((((((90,95),88),79),(85,(84,99))),86),((((89,92),87),83),(98,(76,78)))),((91,93),((((96,94),77),81),80))),((100,75),82)),97)),((40,(65,56)),10)),((((50,72),21),22),(((33,73),(55,6)),(54,29)))),(67,(35,34))),(42,(24,(27,(43,(5,17)))))),18);
Final Tree: ((((((((((((((((26,70),((61,(11,36)),8)),69),(46,32)),(((1,(48,7)),16),41)),(((2,31),(14,3)),((60,(59,58)),53))),((15,((30,12),9)),(((63,39),13),(49,(52,57))))),((4,20),25)),((47,23),62)),((((28,19),64),((51,74),71)),((45,((68,38),66)),(44,37)))),(((((((((90,95),88),79),(85,(84,99))),86),((((89,92),87),83),(98,(76,78)))),((91,93),((((96,94),77),81),80))),((100,75),82)),97)),((40,(65,56)),10)),((((50,72),21),22),(((33,73),(55,6)),(54,29)))),(67,(35,34))),(42,(24,(27,(43,(5,17)))))),18);
#EqQuartets: 1386235569
Score: 1254439940
ASTRAL for PaRalogs and Orthologs III (ASTRAL-Pro3)
*** NOW with integrated CASTLES-Pro ***
Version: v1.22.3.6
Read 512 genetrees and found 100 species.
#Genetrees: 999
#Duploss: 12974
#Species: 100
#Rounds: 4
#Samples: 4
#Threads: 1
Use two-step algorithm!
Guide Tree 0/16
#NNI moves:0/152
Guide Tree 1/16
#NNI moves:0/152
Guide Tree 2/16
#NNI moves:0/152
Guide Tree 3/16
#NNI moves:0/152
Guide Tree 4/16
#NNI moves:0/152
Guide Tree 5/16
#NNI moves:0/152
Guide Tree 6/16
#NNI moves:0/152
Guide Tree 7/16
#NNI moves:0/152
Guide Tree 8/16
#NNI moves:0/152
Guide Tree 9/16
#NNI moves:0/152
Guide Tree 10/16
#NNI moves:0/152
Guide Tree 11/16
#NNI moves:0/152
Guide Tree 12/16
#NNI moves:0/152
Guide Tree 13/16
#NNI moves:0/152
Guide Tree 14/16
#NNI moves:0/152
Guide Tree 15/16
#NNI moves:0/152
Remaining: 0
#NNI moves:0/152
#NNI moves:0/152
(((((((((((((((66,79),(44,60)),((74,1),52)),((33,38),(82,56))),((17,13),(53,(34,(30,87))))),(22,10)),((((72,69),49),((28,88),46)),3)),(((((27,5),2),((((19,47),(43,7)),((8,(48,4)),85)),(18,62))),(((83,39),6),((76,65),55))),(36,(((67,70),9),(71,(15,16)))))),(((((21,89),29),((((31,23),14),50),(24,42))),73),((77,12),(((68,32),(61,64)),((81,26),63))))),(((((((86,51),35),78),(((57,84),(75,54)),(80,45))),((25,40),(41,58))),(59,(37,20))),11)),(95,100)),((93,91),98)),((90,94),96)),(97,92)),99);
Guide Tree 0/16
#NNI moves:0/152
Guide Tree 1/16
#NNI moves:0/152
Guide Tree 2/16
#NNI moves:0/152
Guide Tree 3/16
#NNI moves:0/152
Guide Tree 4/16
#NNI moves:0/152
Guide Tree 5/16
#NNI moves:0/152
Guide Tree 6/16
#NNI moves:0/152
Guide Tree 7/16
#NNI moves:0/152
Guide Tree 8/16
#NNI moves:0/152
Guide Tree 9/16
#NNI moves:0/152
Guide Tree 10/16
#NNI moves:0/152
Guide Tree 11/16
#NNI moves:0/152
Guide Tree 12/16
#NNI moves:0/152
Guide Tree 13/16
#NNI moves:0/152
Guide Tree 14/16
#NNI moves:0/152
Guide Tree 15/16
#NNI moves:0/152
Remaining: 0
#NNI moves:2/152
#NNI moves:2/152
(((((((((((((((79,66),(44,60)),(52,(74,1))),((56,82),(38,33))),((((30,87),34),53),(13,17))),(10,22)),(((46,(88,28)),((72,69),49)),3)),(((((16,15),71),(9,(67,70))),36),((((39,83),6),((65,76),55)),(((62,18),(((8,(4,48)),85),((47,19),(43,7)))),(2,(27,5)))))),(((((32,68),(64,61)),(63,(26,81))),(12,77)),((((42,24),(50,((31,23),14))),((89,21),29)),73))),(((((25,40),(58,41)),((((86,51),35),78),((45,80),((54,75),(57,84))))),((20,37),59)),11)),(95,100)),((91,93),98)),((94,90),96)),(97,92)),99);
Guide Tree 0/16
#NNI moves:0/152
Guide Tree 1/16
#NNI moves:0/152
Guide Tree 2/16
#NNI moves:0/152
Guide Tree 3/16
#NNI moves:0/152
Guide Tree 4/16
#NNI moves:0/152
Guide Tree 5/16
#NNI moves:0/152
Guide Tree 6/16
#NNI moves:0/152
Guide Tree 7/16
#NNI moves:0/152
Guide Tree 8/16
#NNI moves:0/152
Guide Tree 9/16
#NNI moves:0/152
Guide Tree 10/16
#NNI moves:0/152
Guide Tree 11/16
#NNI moves:0/152
Guide Tree 12/16
#NNI moves:0/152
Guide Tree 13/16
#NNI moves:0/152
Guide Tree 14/16
#NNI moves:0/152
Guide Tree 15/16
#NNI moves:0/152
Remaining: 0
#NNI moves:2/152
#NNI moves:2/152
(((97,92),(((((((((22,10),(((((79,66),(44,60)),(52,(1,74))),((56,82),(33,38))),((53,(34,(87,30))),(17,13)))),(3,((49,(69,72)),(46,(88,28))))),(((((16,15),71),((67,70),9)),36),((((27,5),2),((((43,7),(19,47)),(85,((48,4),8))),(18,62))),(((65,76),55),(6,(39,83)))))),(((((50,((31,23),14)),(24,42)),(29,(21,89))),73),((((64,61),(32,68)),((26,81),63)),(12,77)))),((((((80,45),((84,57),(75,54))),(78,(35,(86,51)))),((41,58),(25,40))),((37,20),59)),11)),(95,100)),((93,91),98)),(96,(90,94)))),99);
Guide Tree 0/16
#NNI moves:0/152
Guide Tree 1/16
#NNI moves:0/152
Guide Tree 2/16
#NNI moves:0/152
Guide Tree 3/16
#NNI moves:0/152
Guide Tree 4/16
#NNI moves:0/152
Guide Tree 5/16
#NNI moves:0/152
Guide Tree 6/16
#NNI moves:0/152
Guide Tree 7/16
#NNI moves:0/152
Guide Tree 8/16
#NNI moves:0/152
Guide Tree 9/16
#NNI moves:0/152
Guide Tree 10/16
#NNI moves:0/152
Guide Tree 11/16
#NNI moves:0/152
Guide Tree 12/16
#NNI moves:0/152
Guide Tree 13/16
#NNI moves:0/152
Guide Tree 14/16
#NNI moves:0/152
Guide Tree 15/16
#NNI moves:0/152
Remaining: 0
#NNI moves:0/152
#NNI moves:0/152
((((((((((((2,(27,5)),((62,18),(((19,47),(43,7)),(((4,48),8),85)))),((6,(83,39)),((76,65),55))),(((71,(15,16)),((70,67),9)),36)),((((((82,56),(33,38)),(((74,1),52),((79,66),(44,60)))),((17,13),(53,((87,30),34)))),(22,10)),(((49,(69,72)),((88,28),46)),3))),(((((24,42),(50,((31,23),14))),((89,21),29)),73),((((32,68),(64,61)),((81,26),63)),(77,12)))),((((20,37),59),((((35,(86,51)),78),(((57,84),(54,75)),(45,80))),((25,40),(41,58)))),11)),(100,95)),(98,(93,91))),((90,94),96)),(92,97)),99);
Initial score: 1.3805e+09
Initial tree: ((((((((((((2,(27,5)),((62,18),(((19,47),(43,7)),(((4,48),8),85)))),((6,(83,39)),((76,65),55))),(((71,(15,16)),((70,67),9)),36)),((((((82,56),(33,38)),(((74,1),52),((79,66),(44,60)))),((17,13),(53,((87,30),34)))),(22,10)),(((49,(69,72)),((88,28),46)),3))),(((((24,42),(50,((31,23),14))),((89,21),29)),73),((((32,68),(64,61)),((81,26),63)),(77,12)))),((((20,37),59),((((35,(86,51)),78),(((57,84),(54,75)),(45,80))),((25,40),(41,58)))),11)),(100,95)),(98,(93,91))),((90,94),96)),(92,97)),99);
*** Subsample Process ***
Use two-step algorithm!
#NNI moves:0/152
Remaining: 0
#NNI moves:0/152
#NNI moves:0/152
((((((((((((((((86,51),35),78),(((75,54),(57,84)),(45,80))),((41,58),(40,25))),((37,20),59)),11),((((93,91),98),(((92,97),99),((90,94),96))),(95,100))),(((((((23,31),14),50),(24,42)),((89,21),29)),73),((77,12),(((26,81),63),((68,32),(61,64)))))),((((((33,38),(56,82)),((52,(1,74)),((60,44),(79,66)))),((53,(34,(30,87))),(13,17))),(10,22)),(3,(((88,28),46),((72,69),49))))),((((70,67),9),(71,(16,15))),36)),(((76,65),55),((83,39),6))),((((8,(48,4)),85),((47,19),(7,43))),(18,62))),2),5),27);
#NNI moves:0/152
Remaining: 0
#NNI moves:0/152
#NNI moves:0/152
(((((((((((((((38,33),(56,82)),(((1,74),52),((66,79),(44,60)))),((53,((87,30),34)),(13,17))),(10,22)),((((72,69),49),(46,(88,28))),3)),(((((76,65),55),((83,39),6)),(((((7,43),(19,47)),((8,(4,48)),85)),(62,18)),((5,27),2))),(36,(((16,15),71),((70,67),9))))),((((29,(21,89)),((((31,23),14),50),(24,42))),73),((77,12),(((26,81),63),((64,61),(68,32)))))),(((((41,58),(25,40)),(((35,(51,86)),78),(((84,57),(75,54)),(80,45)))),((37,20),59)),11)),(95,100)),(98,(91,93))),((90,94),96)),99),92),97);
#NNI moves:0/152
Remaining: 0
#NNI moves:0/152
#NNI moves:0/152
(((((((((((((((41,58),(25,40)),((((86,51),35),78),(((54,75),(84,57)),(80,45)))),((37,20),59)),11),(((((94,90),96),((92,97),99)),((93,91),98)),(95,100))),(((((42,24),(((23,31),14),50)),((21,89),29)),73),((((81,26),63),((64,61),(32,68))),(77,12)))),((((((((48,4),8),85),((47,19),(7,43))),(62,18)),(2,(5,27))),(((39,83),6),((65,76),55))),(36,((9,(70,67)),((16,15),71))))),((((69,72),49),(46,(88,28))),3)),(22,10)),((53,((87,30),34)),(17,13))),(((66,79),(44,60)),(52,(74,1)))),(56,82)),33),38);
#NNI moves:0/152
Remaining: 0
#NNI moves:0/152
#NNI moves:0/152
(((((((((((((((43,7),(19,47)),((8,(4,48)),85)),(18,62)),((27,5),2)),((6,(83,39)),((65,76),55))),(36,(((15,16),71),((70,67),9)))),(((((((1,74),52),((66,79),(60,44))),((82,56),(33,38))),((((30,87),34),53),(17,13))),(22,10)),(3,(((69,72),49),((28,88),46))))),(((((24,42),(((31,23),14),50)),(29,(89,21))),73),((77,12),(((68,32),(61,64)),((81,26),63))))),(((((((86,51),35),78),(((57,84),(75,54)),(45,80))),((40,25),(58,41))),(59,(37,20))),11)),(95,100)),(((90,94),96),((92,97),99))),98),91),93);
Current score: 1.3805e+09
Current tree: (((92,97),(((90,94),96),((((((((((((43,7),(19,47)),((8,(4,48)),85)),(18,62)),((27,5),2)),((6,(83,39)),((65,76),55))),(36,(((15,16),71),((70,67),9)))),(((((((1,74),52),((66,79),(60,44))),((82,56),(33,38))),((((30,87),34),53),(17,13))),(22,10)),(3,(((69,72),49),((28,88),46))))),(((((24,42),(((31,23),14),50)),(29,(89,21))),73),((77,12),(((68,32),(61,64)),((81,26),63))))),(((((((86,51),35),78),(((57,84),(75,54)),(45,80))),((40,25),(58,41))),(59,(37,20))),11)),(95,100)),(98,(91,93))))),99);
Final Tree: (((92,97),(((90,94),96),((((((((((((43,7),(19,47)),((8,(4,48)),85)),(18,62)),((27,5),2)),((6,(83,39)),((65,76),55))),(36,(((15,16),71),((70,67),9)))),(((((((1,74),52),((66,79),(60,44))),((82,56),(33,38))),((((30,87),34),53),(17,13))),(22,10)),(3,(((69,72),49),((28,88),46))))),(((((24,42),(((31,23),14),50)),(29,(89,21))),73),((77,12),(((68,32),(61,64)),((81,26),63))))),(((((((86,51),35),78),(((57,84),(75,54)),(45,80))),((40,25),(58,41))),(59,(37,20))),11)),(95,100)),(98,(91,93))))),99);
#EqQuartets: 1504248093
Score: 1380498060
ASTRAL for PaRalogs and Orthologs III (ASTRAL-Pro3)
*** NOW with integrated CASTLES-Pro ***
Version: v1.22.3.6
Read 512 genetrees and found 100 species.
#Genetrees: 999
#Duploss: 14871
#Species: 100
#Rounds: 4
#Samples: 4
#Threads: 1
Use two-step algorithm!
Guide Tree 0/16
#NNI moves:0/152
Guide Tree 1/16
#NNI moves:0/152
Guide Tree 2/16
#NNI moves:0/152
Guide Tree 3/16
#NNI moves:0/152
Guide Tree 4/16
#NNI moves:0/152
Guide Tree 5/16
#NNI moves:0/152
Guide Tree 6/16
#NNI moves:0/152
Guide Tree 7/16
#NNI moves:0/152
Guide Tree 8/16
#NNI moves:0/152
Guide Tree 9/16
#NNI moves:0/152
Guide Tree 10/16
#NNI moves:0/152
Guide Tree 11/16
#NNI moves:0/152
Guide Tree 12/16
#NNI moves:0/152
Guide Tree 13/16
#NNI moves:0/152
Guide Tree 14/16
#NNI moves:0/152
Guide Tree 15/16
#NNI moves:0/152
Remaining: 0
#NNI moves:2/152
#NNI moves:2/152
((((((((((((((54,(9,97)),((76,7),(11,13))),(58,(91,22))),((36,(74,38)),40)),(((32,65),(48,3)),(21,99))),(((84,6),15),((27,2),(28,34)))),((57,41),(4,62))),((((90,(100,5)),78),18),(49,95))),((12,82),((((46,10),((14,63),25)),(45,(31,44))),(70,83)))),(1,((((((23,17),((87,16),(80,52))),75),(((47,55),((66,(77,61)),26)),(39,30))),(68,93)),(((69,79),73),8)))),(((33,(24,72)),43),(59,89))),((((85,(((98,50),35),60)),(20,19)),56),((71,81),((67,(92,51)),(29,42))))),((((53,88),64),(86,96)),94)),37);
Guide Tree 0/16
#NNI moves:0/152
Guide Tree 1/16
#NNI moves:0/152
Guide Tree 2/16
#NNI moves:0/152
Guide Tree 3/16
#NNI moves:0/152
Guide Tree 4/16
#NNI moves:0/152
Guide Tree 5/16
#NNI moves:0/152
Guide Tree 6/16
#NNI moves:0/152
Guide Tree 7/16
#NNI moves:0/152
Guide Tree 8/16
#NNI moves:0/152
Guide Tree 9/16
#NNI moves:0/152
Guide Tree 10/16
#NNI moves:0/152
Guide Tree 11/16
#NNI moves:0/152
Guide Tree 12/16
#NNI moves:0/152
Guide Tree 13/16
#NNI moves:0/152
Guide Tree 14/16
#NNI moves:0/152
Guide Tree 15/16
#NNI moves:0/152
Remaining: 0
#NNI moves:0/152
#NNI moves:0/152
((((((((((((((54,(97,9)),((7,76),(11,13))),(58,(22,91))),(((38,74),36),40)),((99,21),((32,65),(3,48)))),(((34,28),(27,2)),((6,84),15))),((62,4),(41,57))),((((90,(100,5)),78),18),(49,95))),((12,82),(((((63,14),25),(10,46)),(45,(31,44))),(70,83)))),((((((((16,87),(52,80)),(17,23)),75),(((55,47),(((77,61),66),26)),(39,30))),(68,93)),(8,((69,79),73))),1)),((89,59),((33,(72,24)),43))),((((42,29),((51,92),67)),(81,71)),((((((98,50),35),60),85),(19,20)),56))),((((53,88),64),(86,96)),94)),37);
Guide Tree 0/16
#NNI moves:0/152
Guide Tree 1/16
#NNI moves:0/152
Guide Tree 2/16
#NNI moves:0/152
Guide Tree 3/16
#NNI moves:0/152
Guide Tree 4/16
#NNI moves:0/152
Guide Tree 5/16
#NNI moves:0/152
Guide Tree 6/16
#NNI moves:0/152
Guide Tree 7/16
#NNI moves:0/152
Guide Tree 8/16
#NNI moves:0/152
Guide Tree 9/16
#NNI moves:0/152
Guide Tree 10/16
#NNI moves:0/152
Guide Tree 11/16
#NNI moves:0/152
Guide Tree 12/16
#NNI moves:0/152
Guide Tree 13/16
#NNI moves:0/152
Guide Tree 14/16
#NNI moves:0/152
Guide Tree 15/16
#NNI moves:0/152
Remaining: 0
#NNI moves:6/152
#NNI moves:8/152
(((((((((((((((9,97),54),((76,7),(11,13))),((22,91),58)),(((74,38),36),40)),(((65,32),(48,3)),(99,21))),((15,(84,6)),((34,28),(27,2)))),((62,4),(57,41))),((((90,(5,100)),78),18),(95,49))),(((((31,44),45),((10,46),(25,(63,14)))),(83,70)),(12,82))),((((68,93),(((((52,80),(16,87)),(23,17)),75),(((55,47),(((61,77),66),26)),(30,39)))),(((69,79),73),8)),1)),((59,89),(((72,24),33),43))),((((42,29),((92,51),67)),(71,81)),(((85,(60,((50,98),35))),(19,20)),56))),(((64,(53,88)),(86,96)),94)),37);
Guide Tree 0/16
#NNI moves:0/152
Guide Tree 1/16
#NNI moves:0/152
Guide Tree 2/16
#NNI moves:0/152
Guide Tree 3/16
#NNI moves:0/152
Guide Tree 4/16
#NNI moves:0/152
Guide Tree 5/16
#NNI moves:0/152
Guide Tree 6/16
#NNI moves:0/152
Guide Tree 7/16
#NNI moves:0/152
Guide Tree 8/16
#NNI moves:0/152
Guide Tree 9/16
#NNI moves:0/152
Guide Tree 10/16
#NNI moves:0/152
Guide Tree 11/16
#NNI moves:0/152
Guide Tree 12/16
#NNI moves:0/152
Guide Tree 13/16
#NNI moves:0/152
Guide Tree 14/16
#NNI moves:0/152
Guide Tree 15/16
#NNI moves:0/152
Remaining: 0
#NNI moves:0/152
#NNI moves:0/152
((((((((((((27,2),(28,34)),(15,(84,6))),(((40,(36,(74,38))),(((22,91),58),((54,(97,9)),((13,11),(7,76))))),(((32,65),(3,48)),(21,99)))),((4,62),(57,41))),((18,(78,(90,(100,5)))),(49,95))),(((((44,31),45),(((63,14),25),(46,10))),(70,83)),(12,82))),((((((30,39),((((77,61),66),26),(47,55))),((((16,87),(52,80)),(23,17)),75)),(68,93)),(8,((69,79),73))),1)),((((72,24),33),43),(59,89))),((((19,20),(85,((35,(98,50)),60))),56),((((51,92),67),(29,42)),(81,71)))),((((88,53),64),(86,96)),94)),37);
Initial score: 1.26236e+09
Initial tree: ((((((((((((27,2),(28,34)),(15,(84,6))),(((40,(36,(74,38))),(((22,91),58),((54,(97,9)),((13,11),(7,76))))),(((32,65),(3,48)),(21,99)))),((4,62),(57,41))),((18,(78,(90,(100,5)))),(49,95))),(((((44,31),45),(((63,14),25),(46,10))),(70,83)),(12,82))),((((((30,39),((((77,61),66),26),(47,55))),((((16,87),(52,80)),(23,17)),75)),(68,93)),(8,((69,79),73))),1)),((((72,24),33),43),(59,89))),((((19,20),(85,((35,(98,50)),60))),56),((((51,92),67),(29,42)),(81,71)))),((((88,53),64),(86,96)),94)),37);
*** Subsample Process ***
Use two-step algorithm!
#NNI moves:0/152
Remaining: 0
#NNI moves:0/152
#NNI moves:0/152
((((((((((((((((47,55),(((77,61),66),26)),(30,39)),(((17,23),((80,52),(87,16))),75)),(93,68)),(((79,69),73),8)),1),((((((85,(60,((50,98),35))),(20,19)),56),(((67,(51,92)),(29,42)),(81,71))),((((86,96),((88,53),64)),94),37)),((59,89),((33,(24,72)),43)))),(((((10,46),(25,(63,14))),((31,44),45)),(83,70)),(82,12))),((18,(78,(90,(100,5)))),(49,95))),((57,41),(62,4))),(((((91,22),58),(((76,7),(11,13)),((97,9),54))),(((74,38),36),40)),(((48,3),(65,32)),(99,21)))),(15,(6,84))),(28,34)),2),27);
#NNI moves:0/152
Remaining: 0
#NNI moves:0/152
#NNI moves:0/152
(((((((((((((((((74,38),36),40),(((22,91),58),(((13,11),(76,7)),(54,(97,9))))),(((65,32),(48,3)),(21,99))),(((84,6),15),((28,34),(2,27)))),((41,57),(62,4))),((((90,(5,100)),78),18),(49,95))),(((((10,46),(25,(63,14))),((31,44),45)),(83,70)),(12,82))),(((((((47,55),(26,(66,(77,61)))),(30,39)),((((80,52),(87,16)),(17,23)),75)),(93,68)),(8,((69,79),73))),1)),(((33,(24,72)),43),(59,89))),((((67,(92,51)),(42,29)),(81,71)),(((20,19),((((98,50),35),60),85)),56))),37),94),((53,88),64)),96),86);
#NNI moves:0/152
Remaining: 0
#NNI moves:0/152
#NNI moves:0/152
((((((((((((((((24,72),33),43),(89,59)),((((((60,((50,98),35)),85),(19,20)),56),((81,71),((29,42),((92,51),67)))),(((((53,88),64),(86,96)),94),37))),(((((((47,55),(((77,61),66),26)),(30,39)),(75,(((80,52),(16,87)),(17,23)))),(93,68)),(8,((79,69),73))),1)),(((70,83),(((46,10),((14,63),25)),(45,(31,44)))),(12,82))),((18,(78,(90,(5,100)))),(95,49))),((41,57),(62,4))),(((6,84),15),((2,27),(34,28)))),((99,21),((65,32),(3,48)))),((58,(91,22)),((54,(97,9)),((13,11),(76,7))))),40),36),38),74);
#NNI moves:6/152
Remaining: 0
#NNI moves:8/152
#NNI moves:8/152
(((((((((((((((((58,(22,91)),(((7,76),(11,13)),((9,97),54))),(40,((38,74),36))),((21,99),((48,3),(32,65)))),(((84,6),15),((27,2),(28,34)))),((4,62),(57,41))),(((78,((100,5),90)),18),(49,95))),(((((25,(14,63)),(46,10)),(45,(31,44))),(83,70)),(82,12))),(((((((((61,77),66),26),(55,47)),(39,30)),((((87,16),(80,52)),(17,23)),75)),(68,93)),(8,((69,79),73))),1)),((59,89),(((24,72),33),43))),((((85,((35,(50,98)),60)),(19,20)),56),((((92,51),67),(42,29)),(71,81)))),37),94),(96,86)),64),88),53);
Current score: 1.26236e+09
Current tree: (((((((((((((58,(22,91)),(((7,76),(11,13)),((9,97),54))),(40,((38,74),36))),((21,99),((48,3),(32,65)))),(((84,6),15),((27,2),(28,34)))),((4,62),(57,41))),(((78,((100,5),90)),18),(49,95))),(((((25,(14,63)),(46,10)),(45,(31,44))),(83,70)),(82,12))),(((((((((61,77),66),26),(55,47)),(39,30)),((((87,16),(80,52)),(17,23)),75)),(68,93)),(8,((69,79),73))),1)),((59,89),(((24,72),33),43))),((((85,((35,(50,98)),60)),(19,20)),56),((((92,51),67),(42,29)),(71,81)))),(94,((96,86),(64,(88,53))))),37);
Final Tree: (((((((((((((58,(22,91)),(((7,76),(11,13)),((9,97),54))),(40,((38,74),36))),((21,99),((48,3),(32,65)))),(((84,6),15),((27,2),(28,34)))),((4,62),(57,41))),(((78,((100,5),90)),18),(49,95))),(((((25,(14,63)),(46,10)),(45,(31,44))),(83,70)),(82,12))),(((((((((61,77),66),26),(55,47)),(39,30)),((((87,16),(80,52)),(17,23)),75)),(68,93)),(8,((69,79),73))),1)),((59,89),(((24,72),33),43))),((((85,((35,(50,98)),60)),(19,20)),56),((((92,51),67),(42,29)),(71,81)))),(94,((96,86),(64,(88,53))))),37);
#EqQuartets: 1381788963
Score: 1262359295
ASTRAL for PaRalogs and Orthologs III (ASTRAL-Pro3)
*** NOW with integrated CASTLES-Pro ***
Version: v1.22.3.6
Read 512 genetrees and found 100 species.
#Genetrees: 999
#Duploss: 14906
#Species: 100
#Rounds: 4
#Samples: 4
#Threads: 1
Use two-step algorithm!
Guide Tree 0/16
#NNI moves:0/152
Guide Tree 1/16
#NNI moves:0/152
Guide Tree 2/16
#NNI moves:0/152
Guide Tree 3/16
#NNI moves:0/152
Guide Tree 4/16
#NNI moves:0/152
Guide Tree 5/16
#NNI moves:0/152
Guide Tree 6/16
#NNI moves:0/152
Guide Tree 7/16
#NNI moves:0/152
Guide Tree 8/16
#NNI moves:0/152
Guide Tree 9/16
#NNI moves:0/152
Guide Tree 10/16
#NNI moves:0/152
Guide Tree 11/16
#NNI moves:0/152
Guide Tree 12/16
#NNI moves:0/152
Guide Tree 13/16
#NNI moves:0/152
Guide Tree 14/16
#NNI moves:0/152
Guide Tree 15/16
#NNI moves:0/152
Remaining: 0
#NNI moves:0/152
#NNI moves:0/152
((((7,(18,8)),17),((((((((((((((((82,53),68),(((((78,21),49),27),32),((83,96),50))),(46,41)),((86,54),65)),29),(((60,(((47,98),35),44)),(((71,36),(30,67)),59)),((((((93,(64,43)),80),(((72,24),99),33)),(62,81)),22),(20,90)))),((((((76,70),(25,(37,57))),77),55),((89,(74,85)),((88,40),(38,58)))),((((45,61),((73,84),69)),52),42))),(34,(87,31))),((((((66,63),100),(56,48)),23),(((91,95),(79,28)),97)),26)),(((94,75),39),(51,92))),4),(1,((16,11),9))),((3,6),5)),(((13,12),15),(10,14))),19)),2);
Guide Tree 0/16
#NNI moves:0/152
Guide Tree 1/16
#NNI moves:0/152
Guide Tree 2/16
#NNI moves:0/152
Guide Tree 3/16
#NNI moves:0/152
Guide Tree 4/16
#NNI moves:0/152
Guide Tree 5/16
#NNI moves:0/152
Guide Tree 6/16
#NNI moves:0/152
Guide Tree 7/16
#NNI moves:0/152
Guide Tree 8/16
#NNI moves:0/152
Guide Tree 9/16
#NNI moves:0/152
Guide Tree 10/16
#NNI moves:0/152
Guide Tree 11/16
#NNI moves:0/152
Guide Tree 12/16
#NNI moves:0/152
Guide Tree 13/16
#NNI moves:0/152
Guide Tree 14/16
#NNI moves:0/152
Guide Tree 15/16
#NNI moves:0/152
Remaining: 0
#NNI moves:0/152
#NNI moves:0/152
(((17,(7,(8,18))),((((((((((((((86,54),65),((((82,53),68),(((96,83),50),((27,((78,21),49)),32))),(41,46))),29),(((((35,(98,47)),44),60),(((67,30),(36,71)),59)),((((((99,(72,24)),33),(((43,64),93),80)),(81,62)),22),(20,90)))),(((((85,74),89),((58,38),(40,88))),(((((37,57),25),(76,70)),77),55)),((((45,61),(69,(73,84))),52),42))),(34,(87,31))),(((23,(((63,66),100),(56,48))),(((95,91),(79,28)),97)),26)),((92,51),((94,75),39))),4),((9,(11,16)),1)),((3,6),5)),((15,(12,13)),(10,14))),19)),2);
Guide Tree 0/16
#NNI moves:0/152
Guide Tree 1/16
#NNI moves:0/152
Guide Tree 2/16
#NNI moves:0/152
Guide Tree 3/16
#NNI moves:0/152
Guide Tree 4/16
#NNI moves:0/152
Guide Tree 5/16
#NNI moves:0/152
Guide Tree 6/16
#NNI moves:0/152
Guide Tree 7/16
#NNI moves:0/152
Guide Tree 8/16
#NNI moves:0/152
Guide Tree 9/16
#NNI moves:0/152
Guide Tree 10/16
#NNI moves:0/152
Guide Tree 11/16
#NNI moves:0/152
Guide Tree 12/16
#NNI moves:0/152
Guide Tree 13/16
#NNI moves:0/152
Guide Tree 14/16
#NNI moves:0/152
Guide Tree 15/16
#NNI moves:0/152
Remaining: 0
#NNI moves:0/152
#NNI moves:0/152
(((((((((((((((((62,81),((80,(93,(64,43))),(33,(99,(72,24))))),22),(20,90)),((((30,67),(36,71)),59),(((35,(47,98)),44),60))),(((((((83,96),50),((((21,78),49),27),32)),(68,(53,82))),(46,41)),(65,(86,54))),29)),(((((45,61),((84,73),69)),52),42),((((58,38),(40,88)),((85,74),89)),(55,(((76,70),((37,57),25)),77))))),((31,87),34)),(26,(((((66,63),100),(48,56)),23),(97,((28,79),(95,91)))))),((51,92),((75,94),39))),4),((9,(16,11)),1)),(5,(3,6))),((15,(13,12)),(10,14))),19),(((8,18),7),17)),2);
Guide Tree 0/16
#NNI moves:0/152
Guide Tree 1/16
#NNI moves:0/152
Guide Tree 2/16
#NNI moves:0/152
Guide Tree 3/16
#NNI moves:0/152
Guide Tree 4/16
#NNI moves:0/152
Guide Tree 5/16
#NNI moves:0/152
Guide Tree 6/16
#NNI moves:0/152
Guide Tree 7/16
#NNI moves:0/152
Guide Tree 8/16
#NNI moves:0/152
Guide Tree 9/16
#NNI moves:0/152
Guide Tree 10/16
#NNI moves:0/152
Guide Tree 11/16
#NNI moves:0/152
Guide Tree 12/16
#NNI moves:0/152
Guide Tree 13/16
#NNI moves:0/152
Guide Tree 14/16
#NNI moves:0/152
Guide Tree 15/16
#NNI moves:0/152
Remaining: 0
#NNI moves:0/152
#NNI moves:0/152
((((((((((((((((((57,37),25),(76,70)),77),55),(((85,74),89),((88,40),(58,38)))),((52,(((73,84),69),(61,45))),42)),(((((44,((47,98),35)),60),(((36,71),(67,30)),59)),((((62,81),((((64,43),93),80),(((24,72),99),33))),22),(20,90))),((((((53,82),68),(((((78,21),49),27),32),((96,83),50))),(41,46)),((86,54),65)),29))),((87,31),34)),((((((63,66),100),(48,56)),23),(97,((79,28),(91,95)))),26)),(((75,94),39),(51,92))),4),(((16,11),9),1)),(5,(6,3))),((10,14),((12,13),15))),19),(((8,18),7),17)),2);
Initial score: 1.40318e+09
Initial tree: ((((((((((((((((((57,37),25),(76,70)),77),55),(((85,74),89),((88,40),(58,38)))),((52,(((73,84),69),(61,45))),42)),(((((44,((47,98),35)),60),(((36,71),(67,30)),59)),((((62,81),((((64,43),93),80),(((24,72),99),33))),22),(20,90))),((((((53,82),68),(((((78,21),49),27),32),((96,83),50))),(41,46)),((86,54),65)),29))),((87,31),34)),((((((63,66),100),(48,56)),23),(97,((79,28),(91,95)))),26)),(((75,94),39),(51,92))),4),(((16,11),9),1)),(5,(6,3))),((10,14),((12,13),15))),19),(((8,18),7),17)),2);
*** Subsample Process ***
Use two-step algorithm!
#NNI moves:0/152
Remaining: 0
#NNI moves:0/152
#NNI moves:0/152
(((((((((((((((67,30),(36,71)),59),((((47,98),35),44),60)),(((((33,((72,24),99)),(((64,43),93),80)),(62,81)),22),(90,20))),((((((((49,(78,21)),27),32),((96,83),50)),((82,53),68)),(46,41)),(65,(54,86))),29)),((((((((16,11),9),1),(((19,((((8,18),7),17),2)),((10,14),((12,13),15))),(5,(3,6)))),4),((51,92),((94,75),39))),((((((66,63),100),(48,56)),23),(((91,95),(28,79)),97)),26)),((87,31),34))),((52,((61,45),((73,84),69))),42)),((89,(74,85)),((38,58),(40,88)))),55),77),(76,70)),25),57),37);
#NNI moves:0/152
Remaining: 0
#NNI moves:0/152
#NNI moves:0/152
(((((((((((((((((((43,64),93),80),(((24,72),99),33)),(62,81)),22),(90,20)),(((((98,47),35),44),60),(((30,67),(36,71)),59))),((((((53,82),68),(((((21,78),49),27),32),((83,96),50))),(46,41)),(65,(86,54))),29)),(((((45,61),((73,84),69)),52),42),(((((25,(57,37)),(70,76)),77),55),(((38,58),(88,40)),(89,(74,85)))))),(34,(87,31))),(((((91,95),(79,28)),97),(((56,48),((63,66),100)),23)),26)),(((94,75),39),(51,92))),4),(((16,11),9),1)),(5,(6,3))),((15,(13,12)),(14,10))),((((18,8),7),17),2)),19);
#NNI moves:0/152
Remaining: 0
#NNI moves:0/152
#NNI moves:0/152
((((((((((((((((((((98,47),35),44),60),(((71,36),(30,67)),59)),((((81,62),((((24,72),99),33),((93,(64,43)),80))),22),(20,90))),(((65,(86,54)),((((82,53),68),(((27,((21,78),49)),32),((83,96),50))),(41,46))),29)),((((((84,73),69),(61,45)),52),42),(((((70,76),((57,37),25)),77),55),(((88,40),(38,58)),(89,(85,74)))))),(34,(87,31))),(((((100,(63,66)),(56,48)),23),(((28,79),(95,91)),97)),26)),(((75,94),39),(92,51))),4),(((16,11),9),1)),((6,3),5)),(((12,13),15),(10,14))),19),2),17),(8,18)),7);
#NNI moves:0/152
Remaining: 0
#NNI moves:0/152
#NNI moves:0/152
(((((((((((((((66,63),100),(48,56)),23),(((79,28),(91,95)),97)),26),(((((((14,10),(15,(13,12))),((((7,(8,18)),17),2),19)),(5,(3,6))),(1,((11,16),9))),4),((51,92),(39,(94,75))))),((31,87),34)),(((((61,45),((73,84),69)),52),42),(((((76,70),((37,57),25)),77),55),(((74,85),89),((88,40),(38,58)))))),((((((82,53),68),(((((78,21),49),27),32),((96,83),50))),(46,41)),((54,86),65)),29)),((((62,81),((80,((64,43),93)),(((24,72),99),33))),22),(20,90))),(59,((71,36),(30,67)))),60),(35,(47,98))),44);
Current score: 1.40318e+09
Current tree: ((((7,(8,18)),17),(19,(((14,10),(15,(13,12))),((5,(3,6)),((1,((11,16),9)),(4,(((51,92),(39,(94,75))),(((((((66,63),100),(48,56)),23),(((79,28),(91,95)),97)),26),(((31,87),34),((((((61,45),((73,84),69)),52),42),(((((76,70),((37,57),25)),77),55),(((74,85),89),((88,40),(38,58))))),(((((((82,53),68),(((((78,21),49),27),32),((96,83),50))),(46,41)),((54,86),65)),29),(((((62,81),((80,((64,43),93)),(((24,72),99),33))),22),(20,90)),((59,((71,36),(30,67))),(60,((35,(47,98)),44))))))))))))))),2);
Final Tree: ((((7,(8,18)),17),(19,(((14,10),(15,(13,12))),((5,(3,6)),((1,((11,16),9)),(4,(((51,92),(39,(94,75))),(((((((66,63),100),(48,56)),23),(((79,28),(91,95)),97)),26),(((31,87),34),((((((61,45),((73,84),69)),52),42),(((((76,70),((37,57),25)),77),55),(((74,85),89),((88,40),(38,58))))),(((((((82,53),68),(((((78,21),49),27),32),((96,83),50))),(46,41)),((54,86),65)),29),(((((62,81),((80,((64,43),93)),(((24,72),99),33))),22),(20,90)),((59,((71,36),(30,67))),(60,((35,(47,98)),44))))))))))))))),2);
#EqQuartets: 1479707520
Score: 1403178092
ASTRAL for PaRalogs and Orthologs III (ASTRAL-Pro3)
*** NOW with integrated CASTLES-Pro ***
Version: v1.22.3.6
Read 512 genetrees and found 100 species.
#Genetrees: 1000
#Duploss: 15444
#Species: 100
#Rounds: 4
#Samples: 4
#Threads: 1
Use two-step algorithm!
Guide Tree 0/16
#NNI moves:0/152
Guide Tree 1/16
#NNI moves:0/152
Guide Tree 2/16
#NNI moves:0/152
Guide Tree 3/16
#NNI moves:0/152
Guide Tree 4/16
#NNI moves:0/152
Guide Tree 5/16
#NNI moves:0/152
Guide Tree 6/16
#NNI moves:0/152
Guide Tree 7/16
#NNI moves:0/152
Guide Tree 8/16
#NNI moves:0/152
Guide Tree 9/16
#NNI moves:0/152
Guide Tree 10/16
#NNI moves:0/152
Guide Tree 11/16
#NNI moves:0/152
Guide Tree 12/16
#NNI moves:0/152
Guide Tree 13/16
#NNI moves:0/152
Guide Tree 14/16
#NNI moves:0/152
Guide Tree 15/16
#NNI moves:0/152
Remaining: 1
#NNI moves:12/152
#NNI moves:12/152
(((((((((((((10,1),(24,21)),((16,19),(18,23))),(7,2)),((20,11),((4,15),9))),(13,3)),(((12,17),(14,8)),(22,(5,6)))),((((((((70,38),52),100),89),((((((83,90),(65,(97,36))),(((40,92),31),76)),((69,53),((73,34),42))),44),(71,43))),(((((28,((55,60),81)),84),63),(((((47,80),(45,78)),(26,57)),(54,56)),94)),((((67,93),((29,66),88)),((82,61),32)),(27,(74,79))))),49),30)),((((((98,46),(95,(87,41))),(25,86)),(62,96)),(68,(37,59))),91)),((((35,75),(58,33)),99),(((51,64),39),85))),(50,48)),72),77);
Guide Tree 0/16
#NNI moves:0/152
Guide Tree 1/16
#NNI moves:0/152
Guide Tree 2/16
#NNI moves:0/152
Guide Tree 3/16
#NNI moves:0/152
Guide Tree 4/16
#NNI moves:0/152
Guide Tree 5/16
#NNI moves:0/152
Guide Tree 6/16
#NNI moves:0/152
Guide Tree 7/16
#NNI moves:0/152
Guide Tree 8/16
#NNI moves:0/152
Guide Tree 9/16
#NNI moves:0/152
Guide Tree 10/16
#NNI moves:0/152
Guide Tree 11/16
#NNI moves:0/152
Guide Tree 12/16
#NNI moves:0/152
Guide Tree 13/16
#NNI moves:0/152
Guide Tree 14/16
#NNI moves:0/152
Guide Tree 15/16
#NNI moves:0/152
Remaining: 0
#NNI moves:2/152
#NNI moves:2/152
(((((((((((((((29,66),88),(93,67)),((61,82),32)),((79,74),27)),((((28,(81,(60,55))),84),63),(((54,56),(((45,78),(80,47)),(26,57))),94))),(((((70,38),52),100),89),((71,43),(((((31,(92,40)),76),(((97,36),65),(90,83))),((42,(34,73)),(53,69))),44)))),49),30),((((12,17),(8,14)),((6,5),22)),((((((10,1),(24,21)),((23,18),(16,19))),(2,7)),(((15,4),9),(11,20))),(13,3)))),(((((86,25),(((87,41),95),(98,46))),(96,62)),((37,59),68)),91)),((((64,51),39),85),(((35,75),(58,33)),99))),(50,48)),72),77);
Guide Tree 0/16
#NNI moves:0/152
Guide Tree 1/16
#NNI moves:0/152
Guide Tree 2/16
#NNI moves:0/152
Guide Tree 3/16
#NNI moves:0/152
Guide Tree 4/16
#NNI moves:0/152
Guide Tree 5/16
#NNI moves:0/152
Guide Tree 6/16
#NNI moves:0/152
Guide Tree 7/16
#NNI moves:0/152
Guide Tree 8/16
#NNI moves:0/152
Guide Tree 9/16
#NNI moves:0/152
Guide Tree 10/16
#NNI moves:0/152
Guide Tree 11/16
#NNI moves:0/152
Guide Tree 12/16
#NNI moves:0/152
Guide Tree 13/16
#NNI moves:0/152
Guide Tree 14/16
#NNI moves:0/152
Guide Tree 15/16
#NNI moves:0/152
Remaining: 0
#NNI moves:2/152
#NNI moves:2/152
((((((((((((((((73,34),42),(53,69)),((((92,40),31),76),((65,(36,97)),(90,83)))),44),(71,43)),((100,((38,70),52)),89)),((((((66,29),88),(67,93)),(32,(61,82))),((79,74),27)),((((((80,47),(78,45)),(57,26)),(54,56)),94),(((28,((55,60),81)),84),63)))),49),30),((((5,6),22),((17,12),(14,8))),((((((24,21),(1,10)),((18,23),(19,16))),(2,7)),((11,20),((15,4),9))),(3,13)))),((((((98,46),(95,(41,87))),(86,25)),(96,62)),(68,(37,59))),91)),((((64,51),39),85),(((75,35),(33,58)),99))),(50,48)),72),77);
Guide Tree 0/16
#NNI moves:0/152
Guide Tree 1/16
#NNI moves:0/152
Guide Tree 2/16
#NNI moves:0/152
Guide Tree 3/16
#NNI moves:0/152
Guide Tree 4/16
#NNI moves:0/152
Guide Tree 5/16
#NNI moves:0/152
Guide Tree 6/16
#NNI moves:0/152
Guide Tree 7/16
#NNI moves:0/152
Guide Tree 8/16
#NNI moves:0/152
Guide Tree 9/16
#NNI moves:0/152
Guide Tree 10/16
#NNI moves:0/152
Guide Tree 11/16
#NNI moves:0/152
Guide Tree 12/16
#NNI moves:0/152
Guide Tree 13/16
#NNI moves:0/152
Guide Tree 14/16
#NNI moves:0/152
Guide Tree 15/16
#NNI moves:0/152
Remaining: 0
#NNI moves:4/152
#NNI moves:4/152
((((((((((((((56,54),(((45,78),(47,80)),(57,26))),94),((84,(((55,60),81),28)),63)),((((93,67),((29,66),88)),((82,61),32)),((79,74),27))),((((((((36,97),65),(90,83)),((31,(40,92)),76)),((69,53),(42,(73,34)))),44),(43,71)),((((38,70),52),100),89))),49),30),(((((11,20),(9,(15,4))),((((18,23),(16,19)),((24,21),(1,10))),(7,2))),(13,3)),(((14,8),(12,17)),((5,6),22)))),((((96,62),(((98,46),((87,41),95)),(25,86))),(68,(59,37))),91)),((99,((33,58),(75,35))),(85,(39,(64,51))))),(50,48)),72),77);
Initial score: 1.30115e+09
Initial tree: ((((((((((((((56,54),(((45,78),(47,80)),(57,26))),94),((84,(((55,60),81),28)),63)),((((93,67),((29,66),88)),((82,61),32)),((79,74),27))),((((((((36,97),65),(90,83)),((31,(40,92)),76)),((69,53),(42,(73,34)))),44),(43,71)),((((38,70),52),100),89))),49),30),(((((11,20),(9,(15,4))),((((18,23),(16,19)),((24,21),(1,10))),(7,2))),(13,3)),(((14,8),(12,17)),((5,6),22)))),((((96,62),(((98,46),((87,41),95)),(25,86))),(68,(59,37))),91)),((99,((33,58),(75,35))),(85,(39,(64,51))))),(50,48)),72),77);
*** Subsample Process ***
Use two-step algorithm!
#NNI moves:0/152
Remaining: 0
#NNI moves:2/152
#NNI moves:2/152
(((((((((((((((62,96),(((98,46),(95,(41,87))),(25,86))),(68,(37,59))),91),(((50,48),(72,77)),((((33,58),(75,35)),99),((39,(64,51)),85)))),(((3,13),(((((18,23),(16,19)),((21,24),(10,1))),(2,7)),((9,(15,4)),(20,11)))),(((5,6),22),((17,12),(14,8))))),30),49),((((((((92,40),31),76),((90,83),(65,(36,97)))),(((34,73),42),(53,69))),44),(43,71)),((((70,38),52),100),89))),((((88,(66,29)),(67,93)),((61,82),32)),((79,74),27))),((84,(((60,55),81),28)),63)),94),(((78,45),(47,80)),(57,26))),56),54);
#NNI moves:0/152
Remaining: 0
#NNI moves:0/152
#NNI moves:0/152
((((((((((((((((45,78),(47,80)),(57,26)),(56,54)),94),(63,((((60,55),81),28),84))),((27,(79,74)),(((88,(66,29)),(67,93)),((82,61),32)))),(((((((90,83),(65,(36,97))),(((92,40),31),76)),(((73,34),42),(69,53))),44),(71,43)),((((38,70),52),100),89))),49),30),(((((((19,16),(18,23)),((1,10),(21,24))),(2,7)),((20,11),((15,4),9))),(13,3)),(((17,12),(8,14)),((5,6),22)))),(((((25,86),((95,(87,41)),(46,98))),(96,62)),(68,(59,37))),91)),((((58,33),(35,75)),99),(((64,51),39),85))),(77,72)),48),50);
#NNI moves:0/152
Remaining: 0
#NNI moves:4/152
#NNI moves:4/152
(((((((((((((((((20,11),((15,4),9)),((((23,18),(16,19)),((1,10),(24,21))),(7,2))),(13,3)),(((17,12),(14,8)),(22,(6,5)))),(((((((46,98),((41,87),95)),(86,25)),(62,96)),(68,(59,37))),91),(((((35,75),(58,33)),99),((39,(64,51)),85)),((77,72),(50,48))))),30),49),((((((((97,36),65),(90,83)),(((40,92),31),76)),((53,69),((73,34),42))),44),(43,71)),((((70,38),52),100),89))),((27,(74,79)),(((82,61),32),((88,(66,29)),(93,67))))),(((((78,45),(47,80)),(57,26)),(56,54)),94)),63),84),28),81),60),55);
#NNI moves:0/152
Remaining: 0
#NNI moves:2/152
#NNI moves:2/152
(((((((((((((((((69,53),(42,(34,73))),(((65,(97,36)),(90,83)),(((40,92),31),76))),44),(43,71)),((((70,38),52),100),89)),((((84,((81,(55,60)),28)),63),(((((80,47),(45,78)),(26,57)),(54,56)),94)),((((93,67),(88,(29,66))),((82,61),32)),((79,74),27)))),49),30),(((((((18,23),(19,16)),((10,1),(24,21))),(2,7)),((20,11),((4,15),9))),(13,3)),((22,(5,6)),((14,8),(17,12))))),((((((98,46),(95,(87,41))),(25,86)),(96,62)),((37,59),68)),91)),((72,77),(48,50))),(85,((64,51),39))),99),(33,58)),75),35);
Current score: 1.30115e+09
Current tree: ((72,((48,50),((((((((((((69,53),(42,(34,73))),(((65,(97,36)),(90,83)),(((40,92),31),76))),44),(43,71)),((((70,38),52),100),89)),((((84,((81,(55,60)),28)),63),(((((80,47),(45,78)),(26,57)),(54,56)),94)),((((93,67),(88,(29,66))),((82,61),32)),((79,74),27)))),49),30),(((((((18,23),(19,16)),((10,1),(24,21))),(2,7)),((20,11),((4,15),9))),(13,3)),((22,(5,6)),((14,8),(17,12))))),((((((98,46),(95,(87,41))),(25,86)),(96,62)),((37,59),68)),91)),((85,((64,51),39)),(99,((33,58),(75,35))))))),77);
Final Tree: ((72,((48,50),((((((((((((69,53),(42,(34,73))),(((65,(97,36)),(90,83)),(((40,92),31),76))),44),(43,71)),((((70,38),52),100),89)),((((84,((81,(55,60)),28)),63),(((((80,47),(45,78)),(26,57)),(54,56)),94)),((((93,67),(88,(29,66))),((82,61),32)),((79,74),27)))),49),30),(((((((18,23),(19,16)),((10,1),(24,21))),(2,7)),((20,11),((4,15),9))),(13,3)),((22,(5,6)),((14,8),(17,12))))),((((((98,46),(95,(87,41))),(25,86)),(96,62)),((37,59),68)),91)),((85,((64,51),39)),(99,((33,58),(75,35))))))),77);
#EqQuartets: 1390963809
Score: 1301147883
ASTRAL for PaRalogs and Orthologs III (ASTRAL-Pro3)
*** NOW with integrated CASTLES-Pro ***
Version: v1.22.3.6
Read 512 genetrees and found 100 species.
#Genetrees: 1000
#Duploss: 13630
#Species: 100
#Rounds: 4
#Samples: 4
#Threads: 1
Use two-step algorithm!
Guide Tree 0/16
#NNI moves:0/152
Guide Tree 1/16
#NNI moves:0/152
Guide Tree 2/16
#NNI moves:0/152
Guide Tree 3/16
#NNI moves:0/152
Guide Tree 4/16
#NNI moves:0/152
Guide Tree 5/16
#NNI moves:0/152
Guide Tree 6/16
#NNI moves:0/152
Guide Tree 7/16
#NNI moves:0/152
Guide Tree 8/16
#NNI moves:0/152
Guide Tree 9/16
#NNI moves:0/152
Guide Tree 10/16
#NNI moves:0/152
Guide Tree 11/16
#NNI moves:0/152
Guide Tree 12/16
#NNI moves:0/152
Guide Tree 13/16
#NNI moves:0/152
Guide Tree 14/16
#NNI moves:0/152
Guide Tree 15/16
#NNI moves:0/152
Remaining: 0
#NNI moves:0/152
#NNI moves:0/152
(((((((((((((70,(((43,36),41),(46,59))),(68,93)),(82,39)),(((96,(86,69)),(((76,44),45),65)),(((48,87),47),(58,(89,92))))),((88,((67,80),(84,55))),(97,(79,42)))),(((((((52,37),33),99),(98,(38,57))),(((73,85),(63,95)),((94,(83,61)),((((77,75),32),31),40)))),56),((((((5,(16,(17,23))),((25,(15,4)),29)),21),(1,(26,(6,(14,30))))),(((19,20),8),(((24,10),13),((28,22),12)))),(((((3,9),11),18),(2,7)),27)))),(((((100,49),((50,34),78)),54),((91,64),62)),53)),(51,74)),66),72),(90,(81,35))),71),60);
Guide Tree 0/16
#NNI moves:0/152
Guide Tree 1/16
#NNI moves:0/152
Guide Tree 2/16
#NNI moves:0/152
Guide Tree 3/16
#NNI moves:0/152
Guide Tree 4/16
#NNI moves:0/152
Guide Tree 5/16
#NNI moves:0/152
Guide Tree 6/16
#NNI moves:0/152
Guide Tree 7/16
#NNI moves:0/152
Guide Tree 8/16
#NNI moves:0/152
Guide Tree 9/16
#NNI moves:0/152
Guide Tree 10/16
#NNI moves:0/152
Guide Tree 11/16
#NNI moves:0/152
Guide Tree 12/16
#NNI moves:0/152
Guide Tree 13/16
#NNI moves:0/152
Guide Tree 14/16
#NNI moves:0/152
Guide Tree 15/16
#NNI moves:0/152
Remaining: 0
#NNI moves:0/152
#NNI moves:0/152
(((((((((((((((61,83),94),((((75,77),32),31),40)),((95,63),(85,73))),((((52,37),33),99),(98,(57,38)))),56),((((((((4,15),25),29),((16,(17,23)),5)),21),(1,(((14,30),6),26))),((((22,28),12),((10,24),13)),(8,(19,20)))),(((18,((9,3),11)),(2,7)),27))),(((88,((55,84),(80,67))),((79,42),97)),((((((59,46),((43,36),41)),70),(68,93)),(39,82)),((((92,89),58),(47,(48,87))),(((69,86),96),(65,((76,44),45))))))),((((64,91),62),(54,((78,(50,34)),(100,49)))),53)),(51,74)),66),72),(90,(35,81))),71),60);
Guide Tree 0/16
#NNI moves:0/152
Guide Tree 1/16
#NNI moves:0/152
Guide Tree 2/16
#NNI moves:0/152
Guide Tree 3/16
#NNI moves:0/152
Guide Tree 4/16
#NNI moves:0/152
Guide Tree 5/16
#NNI moves:0/152
Guide Tree 6/16
#NNI moves:0/152
Guide Tree 7/16
#NNI moves:0/152
Guide Tree 8/16
#NNI moves:0/152
Guide Tree 9/16
#NNI moves:0/152
Guide Tree 10/16
#NNI moves:0/152
Guide Tree 11/16
#NNI moves:0/152
Guide Tree 12/16
#NNI moves:0/152
Guide Tree 13/16
#NNI moves:0/152
Guide Tree 14/16
#NNI moves:0/152
Guide Tree 15/16
#NNI moves:0/152
Remaining: 0
#NNI moves:0/152
#NNI moves:0/152
(((((((((((((((24,10),13),(12,(22,28))),((20,19),8)),((1,(((30,14),6),26)),(((29,((4,15),25)),(((17,23),16),5)),21))),(27,((((9,3),11),18),(7,2)))),((((99,(33,(52,37))),((38,57),98)),(((95,63),(85,73)),(((61,83),94),((((75,77),32),31),40)))),56)),(((((((46,59),((36,43),41)),70),(93,68)),(82,39)),(((((76,44),45),65),((86,69),96)),(((48,87),47),(58,(92,89))))),((((84,55),(80,67)),88),(97,(42,79))))),((((64,91),62),(((100,49),(78,(34,50))),54)),53)),(74,51)),66),72),((35,81),90)),71),60);
Guide Tree 0/16
#NNI moves:0/152
Guide Tree 1/16
#NNI moves:0/152
Guide Tree 2/16
#NNI moves:0/152
Guide Tree 3/16
#NNI moves:0/152
Guide Tree 4/16
#NNI moves:0/152
Guide Tree 5/16
#NNI moves:0/152
Guide Tree 6/16
#NNI moves:0/152
Guide Tree 7/16
#NNI moves:0/152
Guide Tree 8/16
#NNI moves:0/152
Guide Tree 9/16
#NNI moves:0/152
Guide Tree 10/16
#NNI moves:0/152
Guide Tree 11/16
#NNI moves:0/152
Guide Tree 12/16
#NNI moves:0/152
Guide Tree 13/16
#NNI moves:0/152
Guide Tree 14/16
#NNI moves:0/152
Guide Tree 15/16
#NNI moves:0/152
Remaining: 0
#NNI moves:0/152
#NNI moves:0/152
((((((((((((((11,(9,3)),18),(2,7)),27),(((((((4,15),25),29),(5,(16,(17,23)))),21),((26,(6,(14,30))),1)),((((22,28),12),((10,24),13)),((19,20),8)))),((((((((77,75),32),31),40),((83,61),94)),((63,95),(73,85))),(((33,(52,37)),99),(98,(57,38)))),56)),(((((93,68),(((41,(36,43)),(46,59)),70)),(82,39)),(((65,((44,76),45)),(96,(86,69))),((58,(89,92)),(47,(48,87))))),((((80,67),(84,55)),88),((42,79),97)))),(((((78,(34,50)),(100,49)),54),(62,(64,91))),53)),(51,74)),66),72),((35,81),90)),71),60);
Initial score: 1.41057e+09
Initial tree: ((((((((((((((11,(9,3)),18),(2,7)),27),(((((((4,15),25),29),(5,(16,(17,23)))),21),((26,(6,(14,30))),1)),((((22,28),12),((10,24),13)),((19,20),8)))),((((((((77,75),32),31),40),((83,61),94)),((63,95),(73,85))),(((33,(52,37)),99),(98,(57,38)))),56)),(((((93,68),(((41,(36,43)),(46,59)),70)),(82,39)),(((65,((44,76),45)),(96,(86,69))),((58,(89,92)),(47,(48,87))))),((((80,67),(84,55)),88),((42,79),97)))),(((((78,(34,50)),(100,49)),54),(62,(64,91))),53)),(51,74)),66),72),((35,81),90)),71),60);
*** Subsample Process ***
Use two-step algorithm!
#NNI moves:0/152
Remaining: 0
#NNI moves:0/152
#NNI moves:0/152
((((((((((68,93),((((36,43),41),(59,46)),70)),(82,39)),(((58,(89,92)),((87,48),47)),((((44,76),45),65),((69,86),96)))),((97,(79,42)),(((67,80),(84,55)),88))),((((((100,49),((34,50),78)),54),(62,(64,91))),53),(((((71,60),((35,81),90)),72),66),(74,51)))),((((((((77,75),32),31),40),((61,83),94)),((63,95),(85,73))),((((52,37),33),99),((38,57),98))),56)),((((((25,(15,4)),29),((16,(23,17)),5)),21),((26,((14,30),6)),1)),(((12,(22,28)),(13,(10,24))),(8,(19,20))))),((2,7),(((9,3),11),18))),27);
#NNI moves:0/152
Remaining: 0
#NNI moves:0/152
#NNI moves:0/152
((((((((((((((((43,36),41),(59,46)),70),(93,68)),(82,39)),(((65,(45,(76,44))),((86,69),96)),((47,(48,87)),((92,89),58)))),((((84,55),(67,80)),88),((42,79),97))),(((((((31,(32,(77,75))),40),((61,83),94)),((63,95),(73,85))),(((33,(37,52)),99),((38,57),98))),56),((((((((23,17),16),5),((25,(15,4)),29)),21),(1,(26,(6,(30,14))))),(((20,19),8),((12,(22,28)),((24,10),13)))),(((2,7),(((9,3),11),18)),27)))),((((((50,34),78),(49,100)),54),((64,91),62)),53)),(51,74)),66),72),((81,35),90)),60),71);
#NNI moves:0/152
Remaining: 0
#NNI moves:0/152
#NNI moves:0/152
((((((((((((((31,((77,75),32)),40),(94,(61,83))),((63,95),(73,85))),((((52,37),33),99),((57,38),98))),56),((((7,2),(18,((3,9),11))),27),(((((6,(30,14)),26),1),(21,(((25,(4,15)),29),((16,(23,17)),5)))),((8,(20,19)),((12,(28,22)),((24,10),13)))))),((((((49,100),(78,(50,34))),54),(62,(64,91))),53),(((((90,(35,81)),(60,71)),72),66),(74,51)))),((((84,55),(67,80)),88),((42,79),97))),((((69,86),96),(((44,76),45),65)),((47,(87,48)),((92,89),58)))),(82,39)),(((46,59),((43,36),41)),70)),68),93);
#NNI moves:0/152
Remaining: 0
#NNI moves:0/152
#NNI moves:0/152
((((((((((((((26,(6,(14,30))),1),(((((17,23),16),5),(((15,4),25),29)),21)),(((19,20),8),(((10,24),13),((28,22),12)))),(((((9,3),11),18),(2,7)),27)),((((((52,37),33),99),((38,57),98)),((((83,61),94),(((32,(77,75)),31),40)),((73,85),(95,63)))),56)),((((((86,69),96),(((44,76),45),65)),((47,(48,87)),(58,(89,92)))),(((68,93),(((46,59),((36,43),41)),70)),(82,39))),(((79,42),97),(((80,67),(55,84)),88)))),(((((100,49),(78,(34,50))),54),((64,91),62)),53)),(74,51)),66),72),(71,60)),(35,81)),90);
Current score: 1.41057e+09
Current tree: ((71,((((((((((((26,(6,(14,30))),1),(((((17,23),16),5),(((15,4),25),29)),21)),(((19,20),8),(((10,24),13),((28,22),12)))),(((((9,3),11),18),(2,7)),27)),((((((52,37),33),99),((38,57),98)),((((83,61),94),(((32,(77,75)),31),40)),((73,85),(95,63)))),56)),((((((86,69),96),(((44,76),45),65)),((47,(48,87)),(58,(89,92)))),(((68,93),(((46,59),((36,43),41)),70)),(82,39))),(((79,42),97),(((80,67),(55,84)),88)))),(((((100,49),(78,(34,50))),54),((64,91),62)),53)),(74,51)),66),72),((35,81),90))),60);
Final Tree: ((71,((((((((((((26,(6,(14,30))),1),(((((17,23),16),5),(((15,4),25),29)),21)),(((19,20),8),(((10,24),13),((28,22),12)))),(((((9,3),11),18),(2,7)),27)),((((((52,37),33),99),((38,57),98)),((((83,61),94),(((32,(77,75)),31),40)),((73,85),(95,63)))),56)),((((((86,69),96),(((44,76),45),65)),((47,(48,87)),(58,(89,92)))),(((68,93),(((46,59),((36,43),41)),70)),(82,39))),(((79,42),97),(((80,67),(55,84)),88)))),(((((100,49),(78,(34,50))),54),((64,91),62)),53)),(74,51)),66),72),((35,81),90))),60);
#EqQuartets: 1491936413
Score: 1410568621
