ASTRAL for PaRalogs and Orthologs III (ASTRAL-Pro3)
*** NOW with integrated CASTLES-Pro ***
Version: v1.22.3.6
Read 512 genetrees and found 100 species.
#Genetrees: 1000
#Duploss: 0
#Species: 100
#Rounds: 4
#Samples: 4
#Threads: 1
Use two-step algorithm!
Guide Tree 0/16
#NNI moves:0/152
Guide Tree 1/16
#NNI moves:0/152
Guide Tree 2/16
#NNI moves:0/152
Guide Tree 3/16
#NNI moves:0/152
Guide Tree 4/16
#NNI moves:0/152
Guide Tree 5/16
#NNI moves:0/152
Guide Tree 6/16
#NNI moves:0/152
Guide Tree 7/16
#NNI moves:0/152
Guide Tree 8/16
#NNI moves:0/152
Guide Tree 9/16
#NNI moves:0/152
Guide Tree 10/16
#NNI moves:0/152
Guide Tree 11/16
#NNI moves:0/152
Guide Tree 12/16
#NNI moves:0/152
Guide Tree 13/16
#NNI moves:0/152
Guide Tree 14/16
#NNI moves:0/152
Guide Tree 15/16
#NNI moves:0/152
Remaining: 1
#NNI moves:0/152
#NNI moves:0/152
((((((((((((53,(56,26)),80),((29,(27,60)),45)),(((92,95),100),(13,43))),((72,64),78)),(((59,84),(74,73)),((48,22),(46,85)))),(98,54)),(((((((((99,14),(28,66)),83),61),(42,67)),((62,82),(81,88))),(37,38)),(((63,(58,19)),(((25,31),(47,52)),(20,93))),((((((((50,23),44),(16,71)),97),77),(((30,94),36),91)),(((18,51),(76,(68,15))),((41,33),(17,39)))),(((4,5),2),(((10,(((1,11),8),(6,9))),(3,12)),7))))),(((96,32),57),(89,49)))),((((90,21),87),79),75)),((70,(40,86)),(((69,55),35),34))),65),24);
Guide Tree 0/16
#NNI moves:0/152
Guide Tree 1/16
#NNI moves:0/152
Guide Tree 2/16
#NNI moves:0/152
Guide Tree 3/16
#NNI moves:0/152
Guide Tree 4/16
#NNI moves:0/152
Guide Tree 5/16
#NNI moves:0/152
Guide Tree 6/16
#NNI moves:0/152
Guide Tree 7/16
#NNI moves:0/152
Guide Tree 8/16
#NNI moves:0/152
Guide Tree 9/16
#NNI moves:0/152
Guide Tree 10/16
#NNI moves:0/152
Guide Tree 11/16
#NNI moves:0/152
Guide Tree 12/16
#NNI moves:0/152
Guide Tree 13/16
#NNI moves:0/152
Guide Tree 14/16
#NNI moves:0/152
Guide Tree 15/16
#NNI moves:0/152
Remaining: 0
#NNI moves:2/152
#NNI moves:2/152
(((((((((((((((71,16),((23,50),44)),97),77),(91,(36,(30,94)))),(((18,51),((68,15),76)),((33,41),(17,39)))),((((12,3),(((8,(11,1)),(9,6)),10)),7),((5,4),2))),((((47,52),(31,25)),(20,93)),((19,58),63))),(((((((99,14),(66,28)),83),61),(67,42)),((82,62),(81,88))),(37,38))),((89,49),((96,32),57))),(((((85,46),(48,22)),((84,59),(74,73))),((((((60,27),29),45),(((26,56),53),80)),((100,(95,92)),(13,43))),(78,(72,64)))),(54,98))),(((87,(21,90)),79),75)),(((35,(55,69)),34),(70,(86,40)))),65),24);
Guide Tree 0/16
#NNI moves:0/152
Guide Tree 1/16
#NNI moves:0/152
Guide Tree 2/16
#NNI moves:0/152
Guide Tree 3/16
#NNI moves:0/152
Guide Tree 4/16
#NNI moves:0/152
Guide Tree 5/16
#NNI moves:0/152
Guide Tree 6/16
#NNI moves:0/152
Guide Tree 7/16
#NNI moves:0/152
Guide Tree 8/16
#NNI moves:0/152
Guide Tree 9/16
#NNI moves:0/152
Guide Tree 10/16
#NNI moves:0/152
Guide Tree 11/16
#NNI moves:0/152
Guide Tree 12/16
#NNI moves:0/152
Guide Tree 13/16
#NNI moves:0/152
Guide Tree 14/16
#NNI moves:0/152
Guide Tree 15/16
#NNI moves:0/152
Remaining: 0
#NNI moves:0/152
#NNI moves:0/152
(((((((((((((18,51),((15,68),76)),((17,39),(41,33))),(((97,(((50,23),44),(71,16))),77),((36,(94,30)),91))),(((((((1,11),8),(6,9)),10),(3,12)),7),((5,4),2))),((((25,31),(52,47)),(20,93)),(63,(58,19)))),((((81,88),(62,82)),(((((28,66),(14,99)),83),61),(42,67))),(37,38))),(((96,32),57),(89,49))),((((((((27,60),29),45),(80,(53,(26,56)))),(((95,92),100),(43,13))),((72,64),78)),(((85,46),(48,22)),((59,84),(73,74)))),(54,98))),(((87,(21,90)),79),75)),(((35,(69,55)),34),((40,86),70))),65),24);
Guide Tree 0/16
#NNI moves:0/152
Guide Tree 1/16
#NNI moves:0/152
Guide Tree 2/16
#NNI moves:0/152
Guide Tree 3/16
#NNI moves:0/152
Guide Tree 4/16
#NNI moves:0/152
Guide Tree 5/16
#NNI moves:0/152
Guide Tree 6/16
#NNI moves:0/152
Guide Tree 7/16
#NNI moves:0/152
Guide Tree 8/16
#NNI moves:0/152
Guide Tree 9/16
#NNI moves:0/152
Guide Tree 10/16
#NNI moves:0/152
Guide Tree 11/16
#NNI moves:0/152
Guide Tree 12/16
#NNI moves:0/152
Guide Tree 13/16
#NNI moves:0/152
Guide Tree 14/16
#NNI moves:0/152
Guide Tree 15/16
#NNI moves:0/152
Remaining: 0
#NNI moves:2/152
#NNI moves:2/152
(((((((((((((17,39),(41,33)),((51,18),(76,(68,15)))),((91,(36,(94,30))),((((71,16),((50,23),44)),97),77))),((2,(5,4)),(((12,3),(10,((8,(11,1)),(9,6)))),7))),(((93,20),((25,31),(52,47))),(63,(58,19)))),((((88,81),(62,82)),((67,42),((83,((99,14),(66,28))),61))),(37,38))),((49,89),((96,32),57))),((((((80,(53,(26,56))),(((27,60),29),45)),(((95,92),100),(13,43))),(78,(72,64))),(((22,48),(46,85)),((73,74),(84,59)))),(54,98))),(75,((87,(90,21)),79))),((((69,55),35),34),(70,(86,40)))),65),24);
Initial score: 3.63927e+09
Initial tree: (((((((((((((17,39),(41,33)),((51,18),(76,(68,15)))),((91,(36,(94,30))),((((71,16),((50,23),44)),97),77))),((2,(5,4)),(((12,3),(10,((8,(11,1)),(9,6)))),7))),(((93,20),((25,31),(52,47))),(63,(58,19)))),((((88,81),(62,82)),((67,42),((83,((99,14),(66,28))),61))),(37,38))),((49,89),((96,32),57))),((((((80,(53,(26,56))),(((27,60),29),45)),(((95,92),100),(13,43))),(78,(72,64))),(((22,48),(46,85)),((73,74),(84,59)))),(54,98))),(75,((87,(90,21)),79))),((((69,55),35),34),(70,(86,40)))),65),24);
*** Subsample Process ***
Use two-step algorithm!
#NNI moves:0/152
Remaining: 0
#NNI moves:4/152
#NNI moves:4/152
((((((((((((((((69,55),35),34),((40,86),70)),(65,24)),((((21,90),87),79),75)),((((((((27,60),29),45),((53,(26,56)),80)),(((92,95),100),(43,13))),((72,64),78)),(((73,74),(84,59)),((22,48),(85,46)))),(54,98))),(((32,96),57),(89,49))),((37,38),(((88,81),(82,62)),(((((14,99),(66,28)),83),61),(67,42))))),(((20,93),((25,31),(47,52))),(63,(19,58)))),((((3,12),(((6,9),(8,(1,11))),10)),7),((5,4),2))),((((((23,50),44),(16,71)),97),77),(((94,30),36),91))),((51,18),((68,15),76))),(41,33)),39),17);
#NNI moves:0/152
Remaining: 0
#NNI moves:2/152
#NNI moves:2/152
((((((((((((((94,30),36),91),(77,((((23,50),44),(16,71)),97))),(((18,51),(76,(15,68))),((41,33),(17,39)))),((7,((3,12),((((1,11),8),(6,9)),10))),((5,4),2))),(((93,20),((25,31),(52,47))),((19,58),63))),(((((((14,99),(66,28)),83),61),(42,67)),((62,82),(81,88))),(38,37))),((49,89),((96,32),57))),(((((((29,(27,60)),45),((53,(26,56)),80)),(((92,95),100),(13,43))),(78,(64,72))),(((74,73),(59,84)),((48,22),(85,46)))),(98,54))),((((90,21),87),79),75)),((((55,69),35),34),((40,86),70))),24),65);
#NNI moves:0/152
Remaining: 0
#NNI moves:0/152
#NNI moves:0/152
(((((((((((((((((53,(26,56)),80),(45,(29,(60,27)))),((43,13),(100,(95,92)))),((64,72),78)),(((48,22),(85,46)),((74,73),(84,59)))),(54,98)),((((((55,69),35),34),((86,40),70)),(24,65)),((((90,21),87),79),75))),((49,89),((32,96),57))),(((((((14,99),(66,28)),83),61),(42,67)),((82,62),(88,81))),(37,38))),((((25,31),(52,47)),(93,20)),((58,19),63))),((((((9,6),((1,11),8)),10),(3,12)),7),((4,5),2))),((77,((((23,50),44),(71,16)),97)),(((94,30),36),91))),((17,39),(33,41))),(51,18)),(15,68)),76);
#NNI moves:0/152
Remaining: 0
#NNI moves:6/152
#NNI moves:6/152
(((((((((((((((((8,(1,11)),(6,9)),10),(3,12)),7),((5,4),2)),((((36,(30,94)),91),((((16,71),((23,50),44)),97),77)),(((51,18),(76,(68,15))),((41,33),(39,17))))),((((47,52),(31,25)),(20,93)),(63,(58,19)))),((((62,82),(88,81)),(((83,((28,66),(14,99))),61),(67,42))),(37,38))),((49,89),((96,32),57))),(((((48,22),(46,85)),((73,74),(59,84))),(((72,64),78),(((45,((27,60),29)),((53,(56,26)),80)),((13,43),((95,92),100))))),(54,98))),(75,(((90,21),87),79))),(65,24)),((35,(69,55)),34)),70),86),40);
Current score: 3.63927e+09
Current tree: ((65,(((((((((((((8,(1,11)),(6,9)),10),(3,12)),7),((5,4),2)),((((36,(30,94)),91),((((16,71),((23,50),44)),97),77)),(((51,18),(76,(68,15))),((41,33),(39,17))))),((((47,52),(31,25)),(20,93)),(63,(58,19)))),((((62,82),(88,81)),(((83,((28,66),(14,99))),61),(67,42))),(37,38))),((49,89),((96,32),57))),(((((48,22),(46,85)),((73,74),(59,84))),(((72,64),78),(((45,((27,60),29)),((53,(56,26)),80)),((13,43),((95,92),100))))),(54,98))),(75,(((90,21),87),79))),(((35,(69,55)),34),(70,(86,40))))),24);
Final Tree: ((65,(((((((((((((8,(1,11)),(6,9)),10),(3,12)),7),((5,4),2)),((((36,(30,94)),91),((((16,71),((23,50),44)),97),77)),(((51,18),(76,(68,15))),((41,33),(39,17))))),((((47,52),(31,25)),(20,93)),(63,(58,19)))),((((62,82),(88,81)),(((83,((28,66),(14,99))),61),(67,42))),(37,38))),((49,89),((96,32),57))),(((((48,22),(46,85)),((73,74),(59,84))),(((72,64),78),(((45,((27,60),29)),((53,(56,26)),80)),((13,43),((95,92),100))))),(54,98))),(75,(((90,21),87),79))),(((35,(69,55)),34),(70,(86,40))))),24);
#EqQuartets: 3921225000
Score: 3639265047
ASTRAL for PaRalogs and Orthologs III (ASTRAL-Pro3)
*** NOW with integrated CASTLES-Pro ***
Version: v1.22.3.6
Read 512 genetrees and found 100 species.
#Genetrees: 1000
#Duploss: 0
#Species: 100
#Rounds: 4
#Samples: 4
#Threads: 1
Use two-step algorithm!
Guide Tree 0/16
#NNI moves:0/152
Guide Tree 1/16
#NNI moves:0/152
Guide Tree 2/16
#NNI moves:0/152
Guide Tree 3/16
#NNI moves:0/152
Guide Tree 4/16
#NNI moves:0/152
Guide Tree 5/16
#NNI moves:0/152
Guide Tree 6/16
#NNI moves:0/152
Guide Tree 7/16
#NNI moves:0/152
Guide Tree 8/16
#NNI moves:0/152
Guide Tree 9/16
#NNI moves:0/152
Guide Tree 10/16
#NNI moves:0/152
Guide Tree 11/16
#NNI moves:0/152
Guide Tree 12/16
#NNI moves:0/152
Guide Tree 13/16
#NNI moves:0/152
Guide Tree 14/16
#NNI moves:0/152
Guide Tree 15/16
#NNI moves:0/152
Remaining: 0
#NNI moves:0/152
#NNI moves:0/152
((((((((((((((95,85),90),84),93),((81,87),96)),(97,94)),((((92,91),86),83),98)),99),((100,82),(88,89))),(((22,71),(47,60)),(38,37))),((((((52,((44,6),56)),(57,32)),66),(((53,(11,40)),((((26,27),16),72),76)),(((67,2),18),14))),(((((62,70),((61,7),(69,36))),(21,58)),(65,(49,(78,1)))),29)),((20,(9,17)),(3,((12,77),73))))),((((((((15,34),41),4),((((28,13),79),(30,45)),((54,(64,10)),23))),(19,(43,33))),(8,(74,39))),((51,35),50)),((((48,(63,68)),(24,80)),5),((46,25),(42,59))))),(31,75)),55);
Guide Tree 0/16
#NNI moves:0/152
Guide Tree 1/16
#NNI moves:0/152
Guide Tree 2/16
#NNI moves:0/152
Guide Tree 3/16
#NNI moves:0/152
Guide Tree 4/16
#NNI moves:0/152
Guide Tree 5/16
#NNI moves:0/152
Guide Tree 6/16
#NNI moves:0/152
Guide Tree 7/16
#NNI moves:0/152
Guide Tree 8/16
#NNI moves:0/152
Guide Tree 9/16
#NNI moves:0/152
Guide Tree 10/16
#NNI moves:0/152
Guide Tree 11/16
#NNI moves:0/152
Guide Tree 12/16
#NNI moves:0/152
Guide Tree 13/16
#NNI moves:0/152
Guide Tree 14/16
#NNI moves:0/152
Guide Tree 15/16
#NNI moves:0/152
Remaining: 0
#NNI moves:0/152
#NNI moves:0/152
(((((((((((2,67),18),14),(((((27,26),16),72),76),(53,(40,11)))),((((56,(6,44)),52),(57,32)),66)),((((58,21),(((69,36),(7,61)),(62,70))),((49,(78,1)),65)),29)),((((77,12),73),3),((9,17),20))),(((((((93,(84,((95,85),90))),(96,(81,87))),(97,94)),(98,((86,(92,91)),83))),99),((89,88),(82,100))),((37,38),((22,71),(60,47))))),((((((((15,34),41),4),((23,((10,64),54)),(((13,28),79),(30,45)))),(19,(33,43))),((39,74),8)),(50,(51,35))),((((48,(68,63)),(24,80)),5),((42,59),(25,46))))),(31,75)),55);
Guide Tree 0/16
#NNI moves:0/152
Guide Tree 1/16
#NNI moves:0/152
Guide Tree 2/16
#NNI moves:0/152
Guide Tree 3/16
#NNI moves:0/152
Guide Tree 4/16
#NNI moves:0/152
Guide Tree 5/16
#NNI moves:0/152
Guide Tree 6/16
#NNI moves:0/152
Guide Tree 7/16
#NNI moves:0/152
Guide Tree 8/16
#NNI moves:0/152
Guide Tree 9/16
#NNI moves:0/152
Guide Tree 10/16
#NNI moves:0/152
Guide Tree 11/16
#NNI moves:0/152
Guide Tree 12/16
#NNI moves:0/152
Guide Tree 13/16
#NNI moves:0/152
Guide Tree 14/16
#NNI moves:0/152
Guide Tree 15/16
#NNI moves:0/152
Remaining: 0
#NNI moves:0/152
#NNI moves:0/152
((((((((88,89),(100,82)),(((((93,(((95,85),90),84)),(96,(81,87))),(94,97)),((((92,91),86),83),98)),99)),(((71,22),(47,60)),(37,38))),(((3,((12,77),73)),(20,(17,9))),(((((18,(2,67)),14),(((((27,26),16),72),76),((11,40),53))),((((56,(44,6)),52),(57,32)),66)),(((((78,1),49),65),(((62,70),((69,36),(61,7))),(21,58))),29)))),((((((((54,(10,64)),23),((45,30),(79,(13,28)))),((41,(34,15)),4)),((43,33),19)),((39,74),8)),((35,51),50)),((((48,(68,63)),(24,80)),5),((59,42),(25,46))))),(31,75)),55);
Guide Tree 0/16
#NNI moves:0/152
Guide Tree 1/16
#NNI moves:0/152
Guide Tree 2/16
#NNI moves:0/152
Guide Tree 3/16
#NNI moves:0/152
Guide Tree 4/16
#NNI moves:0/152
Guide Tree 5/16
#NNI moves:0/152
Guide Tree 6/16
#NNI moves:0/152
Guide Tree 7/16
#NNI moves:0/152
Guide Tree 8/16
#NNI moves:0/152
Guide Tree 9/16
#NNI moves:0/152
Guide Tree 10/16
#NNI moves:0/152
Guide Tree 11/16
#NNI moves:0/152
Guide Tree 12/16
#NNI moves:0/152
Guide Tree 13/16
#NNI moves:0/152
Guide Tree 14/16
#NNI moves:0/152
Guide Tree 15/16
#NNI moves:0/152
Remaining: 0
#NNI moves:0/152
#NNI moves:0/152
((((((((((((36,69),(7,61)),(62,70)),(58,21)),(65,(49,(78,1)))),29),((((((16,(26,27)),72),76),(53,(40,11))),(((2,67),18),14)),(((((44,6),56),52),(57,32)),66))),((((12,77),73),3),((9,17),20))),((((((((84,((85,95),90)),93),((81,87),96)),(94,97)),((((92,91),86),83),98)),99),((82,100),(88,89))),(((71,22),(47,60)),(38,37)))),(((((24,80),((63,68),48)),5),((59,42),(46,25))),((50,(51,35)),(((((23,((10,64),54)),(((28,13),79),(30,45))),(((34,15),41),4)),(19,(43,33))),((74,39),8))))),(31,75)),55);
Initial score: 3.45977e+09
Initial tree: ((((((((((((36,69),(7,61)),(62,70)),(58,21)),(65,(49,(78,1)))),29),((((((16,(26,27)),72),76),(53,(40,11))),(((2,67),18),14)),(((((44,6),56),52),(57,32)),66))),((((12,77),73),3),((9,17),20))),((((((((84,((85,95),90)),93),((81,87),96)),(94,97)),((((92,91),86),83),98)),99),((82,100),(88,89))),(((71,22),(47,60)),(38,37)))),(((((24,80),((63,68),48)),5),((59,42),(46,25))),((50,(51,35)),(((((23,((10,64),54)),(((28,13),79),(30,45))),(((34,15),41),4)),(19,(43,33))),((74,39),8))))),(31,75)),55);
*** Subsample Process ***
Use two-step algorithm!
#NNI moves:0/152
Remaining: 0
#NNI moves:0/152
#NNI moves:0/152
(((((((((((((((((((79,(13,28)),(30,45)),(((10,64),54),23)),(((15,34),41),4)),((43,33),19)),((39,74),8)),(50,(51,35))),((((24,80),((63,68),48)),5),((59,42),(25,46)))),((31,75),55)),((((((((92,91),86),83),98),((((((85,95),90),84),93),((81,87),96)),(94,97))),99),((88,89),(82,100))),((38,37),((22,71),(47,60))))),(((17,9),20),(((12,77),73),3))),(((((((26,27),16),72),76),((11,40),53)),(14,((67,2),18))),(((((44,6),56),52),(32,57)),66))),29),((49,(1,78)),65)),(21,58)),(62,70)),(61,7)),36),69);
#NNI moves:0/152
Remaining: 0
#NNI moves:0/152
#NNI moves:0/152
(((((((((((((7,61),(36,69)),(70,62)),(21,58)),(((1,78),49),65)),29),(((((72,((27,26),16)),76),((11,40),53)),(14,(18,(67,2)))),(((((44,6),56),52),(57,32)),66))),(((9,17),20),((73,(12,77)),3))),((((22,71),(47,60)),(37,38)),((99,((((((90,(85,95)),84),93),((87,81),96)),(97,94)),(98,((86,(91,92)),83)))),((88,89),(100,82))))),((((((43,33),19),((((34,15),41),4),(((45,30),(79,(28,13))),((54,(10,64)),23)))),((39,74),8)),((35,51),50)),((((48,(63,68)),(24,80)),5),((46,25),(59,42))))),55),75),31);
#NNI moves:0/152
Remaining: 0
#NNI moves:6/152
#NNI moves:6/152
(((((((((((((((24,80),((63,68),48)),5),((46,25),(42,59))),(((((43,33),19),((((15,34),41),4),((((13,28),79),(45,30)),((54,(64,10)),23)))),(8,(74,39))),((51,35),50))),(55,(31,75))),((((71,22),(47,60)),(37,38)),(((((97,94),(((84,(90,(85,95))),93),(96,(81,87)))),((((91,92),86),83),98)),99),((100,82),(89,88))))),((((77,12),73),3),((9,17),20))),(((((72,((26,27),16)),76),((40,11),53)),(14,(18,(2,67)))),(((((44,6),56),52),(57,32)),66))),29),((49,(1,78)),65)),(21,58)),((36,69),(7,61))),62),70);
#NNI moves:0/152
Remaining: 0
#NNI moves:0/152
#NNI moves:0/152
(((((((((((((((58,21),((62,70),((61,7),(69,36)))),(((78,1),49),65)),29),((((((16,(27,26)),72),76),((11,40),53)),(((67,2),18),14)),(((((6,44),56),52),(32,57)),66))),((((12,77),73),3),((9,17),20))),((((((97,94),(((87,81),96),((84,((85,95),90)),93))),((((92,91),86),83),98)),99),((100,82),(88,89))),(((47,60),(22,71)),(38,37)))),((75,31),55)),(((((((15,34),41),4),((((28,13),79),(30,45)),(((10,64),54),23))),((33,43),19)),((74,39),8)),((35,51),50))),((46,25),(42,59))),5),(80,24)),48),68),63);
Current score: 3.45977e+09
Current tree: (((75,31),((((((((58,21),((62,70),((61,7),(69,36)))),(((78,1),49),65)),29),((((((16,(27,26)),72),76),((11,40),53)),(((67,2),18),14)),(((((6,44),56),52),(32,57)),66))),((((12,77),73),3),((9,17),20))),((((((97,94),(((87,81),96),((84,((85,95),90)),93))),((((92,91),86),83),98)),99),((100,82),(88,89))),(((47,60),(22,71)),(38,37)))),((((((((15,34),41),4),((((28,13),79),(30,45)),(((10,64),54),23))),((33,43),19)),((74,39),8)),((35,51),50)),(((46,25),(42,59)),(5,((80,24),(48,(68,63)))))))),55);
Final Tree: (((75,31),((((((((58,21),((62,70),((61,7),(69,36)))),(((78,1),49),65)),29),((((((16,(27,26)),72),76),((11,40),53)),(((67,2),18),14)),(((((6,44),56),52),(32,57)),66))),((((12,77),73),3),((9,17),20))),((((((97,94),(((87,81),96),((84,((85,95),90)),93))),((((92,91),86),83),98)),99),((100,82),(88,89))),(((47,60),(22,71)),(38,37)))),((((((((15,34),41),4),((((28,13),79),(30,45)),(((10,64),54),23))),((33,43),19)),((74,39),8)),((35,51),50)),(((46,25),(42,59)),(5,((80,24),(48,(68,63)))))))),55);
#EqQuartets: 3921225000
Score: 3459765505
ASTRAL for PaRalogs and Orthologs III (ASTRAL-Pro3)
*** NOW with integrated CASTLES-Pro ***
Version: v1.22.3.6
Read 512 genetrees and found 100 species.
#Genetrees: 1000
#Duploss: 0
#Species: 100
#Rounds: 4
#Samples: 4
#Threads: 1
Use two-step algorithm!
Guide Tree 0/16
#NNI moves:0/152
Guide Tree 1/16
#NNI moves:0/152
Guide Tree 2/16
#NNI moves:2/152
Guide Tree 3/16
#NNI moves:0/152
Guide Tree 4/16
#NNI moves:0/152
Guide Tree 5/16
#NNI moves:0/152
Guide Tree 6/16
#NNI moves:2/152
Guide Tree 7/16
#NNI moves:2/152
Guide Tree 8/16
#NNI moves:0/152
Guide Tree 9/16
#NNI moves:0/152
Guide Tree 10/16
#NNI moves:0/152
Guide Tree 11/16
#NNI moves:0/152
Guide Tree 12/16
#NNI moves:0/152
Guide Tree 13/16
#NNI moves:0/152
Guide Tree 14/16
#NNI moves:0/152
Guide Tree 15/16
#NNI moves:0/152
Remaining: 0
#NNI moves:2/152
#NNI moves:2/152
((((((((((((((((((76,77),((91,52),13)),(68,19)),((47,49),(26,30))),((((75,51),(53,84)),21),((((33,50),(43,5)),9),((12,65),67)))),((((98,99),100),97),(((11,(56,79)),94),(96,45)))),(((((((((70,42),(18,57)),46),(25,87)),22),((66,27),83)),(((55,4),10),36)),(14,35)),(89,59))),((((29,((1,60),90)),34),93),((72,3),(54,86)))),(15,(23,44))),(((20,(81,(7,24))),(63,(41,39))),(62,31))),(((71,69),(28,8)),61)),((95,(((37,6),78),82)),((38,(((16,74),73),2)),85))),((48,80),64)),(88,17)),92),40),58),32);
Guide Tree 0/16
#NNI moves:0/152
Guide Tree 1/16
#NNI moves:0/152
Guide Tree 2/16
#NNI moves:0/152
Guide Tree 3/16
#NNI moves:2/152
Guide Tree 4/16
#NNI moves:0/152
Guide Tree 5/16
#NNI moves:0/152
Guide Tree 6/16
#NNI moves:2/152
Guide Tree 7/16
#NNI moves:0/152
Guide Tree 8/16
#NNI moves:2/152
Guide Tree 9/16
#NNI moves:2/152
Guide Tree 10/16
#NNI moves:0/152
Guide Tree 11/16
#NNI moves:0/152
Guide Tree 12/16
#NNI moves:0/152
Guide Tree 13/16
#NNI moves:0/152
Guide Tree 14/16
#NNI moves:2/152
Guide Tree 15/16
#NNI moves:2/152
Remaining: 0
#NNI moves:0/152
#NNI moves:0/152
(((((((((((((((((((((70,42),(57,18)),46),(87,25)),22),((66,27),83)),((10,(4,55)),36)),(35,14)),(59,89)),(((((30,26),(49,47)),(((77,76),(13,(52,91))),(19,68))),(((67,(12,65)),(((43,5),(33,50)),9)),(((75,51),(84,53)),21))),(((100,(99,98)),97),((((79,56),11),94),(96,45))))),(((3,72),(86,54)),(((29,((60,1),90)),34),93))),(15,(23,44))),(((((24,7),81),20),((41,39),63)),(31,62))),(((71,69),(28,8)),61)),(((82,((6,37),78)),95),((((73,(16,74)),2),38),85))),((80,48),64)),(88,17)),92),40),58),32);
Guide Tree 0/16
#NNI moves:0/152
Guide Tree 1/16
#NNI moves:2/152
Guide Tree 2/16
#NNI moves:2/152
Guide Tree 3/16
#NNI moves:6/152
Guide Tree 4/16
#NNI moves:6/152
Guide Tree 5/16
#NNI moves:0/152
Guide Tree 6/16
#NNI moves:0/152
Guide Tree 7/16
#NNI moves:0/152
Guide Tree 8/16
#NNI moves:2/152
Guide Tree 9/16
#NNI moves:0/152
Guide Tree 10/16
#NNI moves:0/152
Guide Tree 11/16
#NNI moves:2/152
Guide Tree 12/16
#NNI moves:0/152
Guide Tree 13/16
#NNI moves:2/152
Guide Tree 14/16
#NNI moves:2/152
Guide Tree 15/16
#NNI moves:2/152
Remaining: 0
#NNI moves:0/152
#NNI moves:0/152
(((((((((((((((((((50,33),(43,5)),9),(67,(12,65))),(((51,75),(84,53)),21)),(((26,30),(49,47)),(((76,77),((91,52),13)),(19,68)))),(((((56,79),11),94),(45,96)),((100,(98,99)),97))),(((((((((18,57),(70,42)),46),(87,25)),22),((27,66),83)),(((55,4),10),36)),(14,35)),(89,59))),((((29,(90,(60,1))),34),93),((86,54),(3,72)))),((23,44),15)),(((((24,7),81),20),(63,(39,41))),(31,62))),(((69,71),(28,8)),61)),((((2,((74,16),73)),38),85),((82,((6,37),78)),95))),((48,80),64)),(88,17)),92),40),58),32);
Guide Tree 0/16
#NNI moves:0/152
Guide Tree 1/16
#NNI moves:0/152
Guide Tree 2/16
#NNI moves:0/152
Guide Tree 3/16
#NNI moves:0/152
Guide Tree 4/16
#NNI moves:0/152
Guide Tree 5/16
#NNI moves:0/152
Guide Tree 6/16
#NNI moves:6/152
Guide Tree 7/16
#NNI moves:0/152
Guide Tree 8/16
#NNI moves:0/152
Guide Tree 9/16
#NNI moves:0/152
Guide Tree 10/16
#NNI moves:6/152
Guide Tree 11/16
#NNI moves:0/152
Guide Tree 12/16
#NNI moves:0/152
Guide Tree 13/16
#NNI moves:0/152
Guide Tree 14/16
#NNI moves:0/152
Guide Tree 15/16
#NNI moves:2/152
Remaining: 0
#NNI moves:0/152
#NNI moves:0/152
(((((((((((((((((19,68),((76,77),(13,(52,91)))),((49,47),(26,30))),((((84,53),(51,75)),21),((((50,33),(43,5)),9),((65,12),67)))),((97,((99,98),100)),((45,96),(((79,56),11),94)))),(((35,14),(((((((57,18),(70,42)),46),(25,87)),22),((66,27),83)),((10,(4,55)),36))),(89,59))),(((3,72),(86,54)),((34,(((1,60),90),29)),93))),((23,44),15)),((62,31),(((81,(24,7)),20),((39,41),63)))),(((28,8),(69,71)),61)),(((((37,6),78),82),95),((((73,(74,16)),2),38),85))),(64,(48,80))),(17,88)),92),40),58),32);
Initial score: 3.40409e+09
Initial tree: (((((((((((((((((19,68),((76,77),(13,(52,91)))),((49,47),(26,30))),((((84,53),(51,75)),21),((((50,33),(43,5)),9),((65,12),67)))),((97,((99,98),100)),((45,96),(((79,56),11),94)))),(((35,14),(((((((57,18),(70,42)),46),(25,87)),22),((66,27),83)),((10,(4,55)),36))),(89,59))),(((3,72),(86,54)),((34,(((1,60),90),29)),93))),((23,44),15)),((62,31),(((81,(24,7)),20),((39,41),63)))),(((28,8),(69,71)),61)),(((((37,6),78),82),95),((((73,(74,16)),2),38),85))),(64,(48,80))),(17,88)),92),40),58),32);
*** Subsample Process ***
Use two-step algorithm!
#NNI moves:0/152
Remaining: 0
#NNI moves:0/152
#NNI moves:0/152
((((((((((((((((48,80),64),((((58,32),40),92),(88,17))),(((((37,6),78),82),95),(85,(38,(((74,16),73),2))))),(((28,8),(69,71)),61)),((((81,(7,24)),20),(63,(41,39))),(31,62))),((23,44),15)),(((34,(29,((60,1),90))),93),((54,86),(72,3)))),(((((((((70,42),(18,57)),46),(87,25)),22),((27,66),83)),(36,(10,(55,4)))),(35,14)),(59,89))),(((((56,79),11),94),(45,96)),(97,((99,98),100)))),((((51,75),(53,84)),21),((9,((50,33),(5,43))),((12,65),67)))),((47,49),(30,26))),(68,19)),((91,52),13)),77),76);
#NNI moves:0/152
Remaining: 0
#NNI moves:4/152
#NNI moves:4/152
((((((((((((((((((27,66),83),(((((57,18),(42,70)),46),(25,87)),22)),(((55,4),10),36)),(14,35)),(89,59)),((((100,(98,99)),97),((((56,79),11),94),(45,96))),(((((75,51),(53,84)),21),(((65,12),67),(((33,50),(5,43)),9))),(((47,49),(30,26)),((68,19),((77,76),(13,(52,91)))))))),((((29,((1,60),90)),34),93),((54,86),(72,3)))),(15,(23,44))),((((81,(24,7)),20),((39,41),63)),(62,31))),(61,((71,69),(8,28)))),((((((74,16),73),2),38),85),(((78,(37,6)),82),95))),(64,(80,48))),(88,17)),92),40),32),58);
#NNI moves:0/152
Remaining: 0
#NNI moves:0/152
#NNI moves:0/152
(((((((((((((((((78,(37,6)),82),95),(85,((((74,16),73),2),38))),(((((32,58),40),92),(88,17)),((48,80),64))),(((71,69),(28,8)),61)),((((81,(7,24)),20),((39,41),63)),(62,31))),((23,44),15)),((((((1,60),90),29),34),93),((54,86),(3,72)))),((((((53,84),(75,51)),21),((((50,33),(43,5)),9),((65,12),67))),(((((91,52),13),(77,76)),(19,68)),((26,30),(49,47)))),(((96,45),((11,(56,79)),94)),(((99,98),100),97)))),(59,89)),(14,35)),(((55,4),10),36)),(((((70,42),(57,18)),46),(87,25)),22)),83),66),27);
#NNI moves:0/152
Remaining: 0
#NNI moves:0/152
#NNI moves:0/152
(((((((((((((((((((70,42),(57,18)),46),(25,87)),22),(83,(27,66))),((10,(55,4)),36)),(35,14)),(89,59)),(((((((50,33),(43,5)),9),((65,12),67)),(((51,75),(53,84)),21)),((((76,77),(13,(91,52))),(19,68)),((26,30),(49,47)))),(((94,(11,(56,79))),(96,45)),((100,(98,99)),97)))),(((34,(((1,60),90),29)),93),((72,3),(54,86)))),(15,(44,23))),((((41,39),63),(((7,24),81),20)),(62,31))),(((71,69),(8,28)),61)),((((2,((16,74),73)),38),85),((82,((37,6),78)),95))),((48,80),64)),(17,88)),(40,(58,32))),92);
Current score: 3.40409e+09
Current tree: ((58,(40,((((((((((((((((((70,42),(57,18)),46),(25,87)),22),(83,(27,66))),((10,(55,4)),36)),(35,14)),(89,59)),(((((((50,33),(43,5)),9),((65,12),67)),(((51,75),(53,84)),21)),((((76,77),(13,(91,52))),(19,68)),((26,30),(49,47)))),(((94,(11,(56,79))),(96,45)),((100,(98,99)),97)))),(((34,(((1,60),90),29)),93),((72,3),(54,86)))),(15,(44,23))),((((41,39),63),(((7,24),81),20)),(62,31))),(((71,69),(8,28)),61)),((((2,((16,74),73)),38),85),((82,((37,6),78)),95))),((48,80),64)),(17,88)),92))),32);
Final Tree: ((58,(40,((((((((((((((((((70,42),(57,18)),46),(25,87)),22),(83,(27,66))),((10,(55,4)),36)),(35,14)),(89,59)),(((((((50,33),(43,5)),9),((65,12),67)),(((51,75),(53,84)),21)),((((76,77),(13,(91,52))),(19,68)),((26,30),(49,47)))),(((94,(11,(56,79))),(96,45)),((100,(98,99)),97)))),(((34,(((1,60),90),29)),93),((72,3),(54,86)))),(15,(44,23))),((((41,39),63),(((7,24),81),20)),(62,31))),(((71,69),(8,28)),61)),((((2,((16,74),73)),38),85),((82,((37,6),78)),95))),((48,80),64)),(17,88)),92))),32);
#EqQuartets: 3921225000
Score: 3404085959
ASTRAL for PaRalogs and Orthologs III (ASTRAL-Pro3)
*** NOW with integrated CASTLES-Pro ***
Version: v1.22.3.6
Read 512 genetrees and found 100 species.
#Genetrees: 1000
#Duploss: 0
#Species: 100
#Rounds: 4
#Samples: 4
#Threads: 1
Use two-step algorithm!
Guide Tree 0/16
#NNI moves:0/152
Guide Tree 1/16
#NNI moves:0/152
Guide Tree 2/16
#NNI moves:0/152
Guide Tree 3/16
#NNI moves:0/152
Guide Tree 4/16
#NNI moves:0/152
Guide Tree 5/16
#NNI moves:0/152
Guide Tree 6/16
#NNI moves:0/152
Guide Tree 7/16
#NNI moves:0/152
Guide Tree 8/16
#NNI moves:0/152
Guide Tree 9/16
#NNI moves:0/152
Guide Tree 10/16
#NNI moves:0/152
Guide Tree 11/16
#NNI moves:0/152
Guide Tree 12/16
#NNI moves:0/152
Guide Tree 13/16
#NNI moves:0/152
Guide Tree 14/16
#NNI moves:0/152
Guide Tree 15/16
#NNI moves:0/152
Remaining: 0
#NNI moves:2/152
#NNI moves:2/152
(((((((((((((25,50),((31,74),((32,15),42))),47),(9,(93,16))),(((34,((41,75),76)),95),54)),((((((69,11),(81,26)),(((46,24),99),12)),65),(73,71)),(28,(83,35)))),(((((19,((77,84),14)),((92,21),80)),(((94,63),((96,13),(58,36))),(51,64))),(61,((78,(88,85)),98))),((((18,39),59),10),(90,62)))),((1,((7,4),(6,5))),(2,3))),((((((48,52),(((79,91),89),68)),67),(((53,27),87),38)),(((43,72),70),57)),((17,(22,23)),(82,60)))),(40,97)),((((((((56,29),66),(44,33)),(100,37)),(55,20)),45),86),8)),49),30);
Guide Tree 0/16
#NNI moves:0/152
Guide Tree 1/16
#NNI moves:0/152
Guide Tree 2/16
#NNI moves:0/152
Guide Tree 3/16
#NNI moves:0/152
Guide Tree 4/16
#NNI moves:0/152
Guide Tree 5/16
#NNI moves:0/152
Guide Tree 6/16
#NNI moves:0/152
Guide Tree 7/16
#NNI moves:0/152
Guide Tree 8/16
#NNI moves:0/152
Guide Tree 9/16
#NNI moves:0/152
Guide Tree 10/16
#NNI moves:0/152
Guide Tree 11/16
#NNI moves:0/152
Guide Tree 12/16
#NNI moves:0/152
Guide Tree 13/16
#NNI moves:0/152
Guide Tree 14/16
#NNI moves:0/152
Guide Tree 15/16
#NNI moves:0/152
Remaining: 0
#NNI moves:2/152
#NNI moves:2/152
(((((((((((((50,25),((31,74),((15,32),42))),47),((16,93),9)),(((34,(76,(41,75))),95),54)),(((73,71),((((11,69),(81,26)),(12,(99,(46,24)))),65)),((83,35),28))),((((((94,63),((36,58),(96,13))),(51,64)),((80,(21,92)),(19,(14,(84,77))))),((((85,88),78),98),61)),((((39,18),59),10),(90,62)))),((((5,6),(7,4)),1),(2,3))),((((67,((((91,79),89),68),(48,52))),(((27,53),87),38)),((70,(43,72)),57)),((60,82),((23,22),17)))),(97,40)),(((((((33,44),((56,29),66)),(100,37)),(20,55)),45),86),8)),49),30);
Guide Tree 0/16
#NNI moves:0/152
Guide Tree 1/16
#NNI moves:0/152
Guide Tree 2/16
#NNI moves:0/152
Guide Tree 3/16
#NNI moves:0/152
Guide Tree 4/16
#NNI moves:0/152
Guide Tree 5/16
#NNI moves:0/152
Guide Tree 6/16
#NNI moves:0/152
Guide Tree 7/16
#NNI moves:0/152
Guide Tree 8/16
#NNI moves:0/152
Guide Tree 9/16
#NNI moves:0/152
Guide Tree 10/16
#NNI moves:0/152
Guide Tree 11/16
#NNI moves:0/152
Guide Tree 12/16
#NNI moves:0/152
Guide Tree 13/16
#NNI moves:0/152
Guide Tree 14/16
#NNI moves:0/152
Guide Tree 15/16
#NNI moves:0/152
Remaining: 0
#NNI moves:0/152
#NNI moves:0/152
((((((((((61,(((88,85),78),98)),((((92,21),80),(((77,84),14),19)),((((13,96),(58,36)),(94,63)),(64,51)))),((10,(59,(18,39))),(62,90))),(((((34,(76,(41,75))),95),54),((((50,25),(((32,15),42),(31,74))),47),(9,(93,16)))),(((71,73),((((99,(24,46)),12),((69,11),(26,81))),65)),(28,(83,35))))),((((7,4),(6,5)),1),(3,2))),((((((52,48),(68,((79,91),89))),67),(38,(87,(27,53)))),(((43,72),70),57)),((60,82),((23,22),17)))),(40,97)),(((((((33,44),((56,29),66)),(100,37)),(20,55)),45),86),8)),49),30);
Guide Tree 0/16
#NNI moves:0/152
Guide Tree 1/16
#NNI moves:0/152
Guide Tree 2/16
#NNI moves:0/152
Guide Tree 3/16
#NNI moves:0/152
Guide Tree 4/16
#NNI moves:0/152
Guide Tree 5/16
#NNI moves:0/152
Guide Tree 6/16
#NNI moves:0/152
Guide Tree 7/16
#NNI moves:0/152
Guide Tree 8/16
#NNI moves:0/152
Guide Tree 9/16
#NNI moves:0/152
Guide Tree 10/16
#NNI moves:0/152
Guide Tree 11/16
#NNI moves:0/152
Guide Tree 12/16
#NNI moves:0/152
Guide Tree 13/16
#NNI moves:0/152
Guide Tree 14/16
#NNI moves:0/152
Guide Tree 15/16
#NNI moves:0/152
Remaining: 0
#NNI moves:6/152
#NNI moves:6/152
((((((((((((((26,81),(69,11)),(12,(99,(24,46)))),65),(73,71)),(28,(35,83))),(((47,((((32,15),42),(31,74)),(50,25))),(9,(16,93))),(54,((((41,75),76),34),95)))),((((59,(18,39)),10),(90,62)),((((((84,77),14),19),((21,92),80)),((51,64),(((96,13),(36,58)),(94,63)))),((((85,88),78),98),61)))),((((6,5),(7,4)),1),(2,3))),((((((68,((79,91),89)),(52,48)),67),((87,(53,27)),38)),(((43,72),70),57)),(((22,23),17),(60,82)))),(97,40)),((((((100,37),((66,(29,56)),(44,33))),(20,55)),45),86),8)),49),30);
Initial score: 3.53591e+09
Initial tree: ((((((((((((((26,81),(69,11)),(12,(99,(24,46)))),65),(73,71)),(28,(35,83))),(((47,((((32,15),42),(31,74)),(50,25))),(9,(16,93))),(54,((((41,75),76),34),95)))),((((59,(18,39)),10),(90,62)),((((((84,77),14),19),((21,92),80)),((51,64),(((96,13),(36,58)),(94,63)))),((((85,88),78),98),61)))),((((6,5),(7,4)),1),(2,3))),((((((68,((79,91),89)),(52,48)),67),((87,(53,27)),38)),(((43,72),70),57)),(((22,23),17),(60,82)))),(97,40)),((((((100,37),((66,(29,56)),(44,33))),(20,55)),45),86),8)),49),30);
*** Subsample Process ***
Use two-step algorithm!
#NNI moves:0/152
Remaining: 0
#NNI moves:2/152
#NNI moves:2/152
(((((((((((((((((52,48),(((79,91),89),68)),67),(((53,27),87),38)),(((43,72),70),57)),(((22,23),17),(60,82))),(((49,30),(8,((((((66,(29,56)),(44,33)),(100,37)),(20,55)),45),86))),(40,97))),((3,2),(((6,5),(4,7)),1))),((((((94,63),((58,36),(96,13))),(51,64)),((80,(92,21)),(((77,84),14),19))),((((88,85),78),98),61)),((90,62),(10,(59,(18,39)))))),((54,((((41,75),76),34),95)),((((((32,15),42),(74,31)),(50,25)),47),((93,16),9)))),((83,35),28)),(71,73)),65),(12,((24,46),99))),(26,81)),11),69);
#NNI moves:2/152
Remaining: 0
#NNI moves:8/152
#NNI moves:8/152
((((((((((((((77,84),14),19),((21,92),80)),((64,51),(((13,96),(58,36)),(63,94)))),((((88,85),78),98),61)),((90,62),(10,(59,(39,18))))),(((((((26,81),(11,69)),(((24,46),99),12)),65),(71,73)),((83,35),28)),((((34,((41,75),76)),95),54),((((((32,15),42),(31,74)),(25,50)),47),((93,16),9))))),((2,3),(1,((4,7),(6,5))))),((((((48,52),(((79,91),89),68)),67),(((53,27),87),38)),((70,(72,43)),57)),((82,60),((22,23),17)))),(40,97)),((((((((29,56),66),(33,44)),(37,100)),(55,20)),45),86),8)),30),49);
#NNI moves:0/152
Remaining: 0
#NNI moves:6/152
#NNI moves:6/152
(((((((((((((((((((79,91),89),68),(48,52)),67),(((27,53),87),38)),(((72,43),70),57)),((82,60),((22,23),17))),((((86,(45,(((((29,56),66),(44,33)),(100,37)),(20,55)))),8),(30,49)),(97,40))),((((5,6),(7,4)),1),(2,3))),(((((((75,41),76),34),95),54),((((((32,15),42),(31,74)),(25,50)),47),(9,(93,16)))),(((65,((12,((24,46),99)),((69,11),(26,81)))),(71,73)),((83,35),28)))),((62,90),(((39,18),59),10))),((((88,85),78),98),61)),(((94,63),((36,58),(13,96))),(51,64))),(80,(21,92))),19),14),84),77);
#NNI moves:0/152
Remaining: 0
#NNI moves:4/152
#NNI moves:4/152
((((((((((((((94,63),((96,13),(58,36))),(64,51)),(((21,92),80),(((84,77),14),19))),((98,(78,(88,85))),61)),((10,((18,39),59)),(90,62))),((((47,((((15,32),42),(74,31)),(25,50))),((16,93),9)),(((((41,75),76),34),95),54)),((((((99,(46,24)),12),((69,11),(81,26))),65),(73,71)),((35,83),28)))),((((6,5),(7,4)),1),(2,3))),(((((43,72),70),57),((38,(87,(53,27))),(((52,48),(((79,91),89),68)),67))),((60,82),((22,23),17)))),(40,97)),(49,30)),8),((((37,100),((33,44),(66,(56,29)))),(20,55)),45)),86);
Current score: 3.53591e+09
Current tree: ((49,(((((((((((94,63),((96,13),(58,36))),(64,51)),(((21,92),80),(((84,77),14),19))),((98,(78,(88,85))),61)),((10,((18,39),59)),(90,62))),((((47,((((15,32),42),(74,31)),(25,50))),((16,93),9)),(((((41,75),76),34),95),54)),((((((99,(46,24)),12),((69,11),(81,26))),65),(73,71)),((35,83),28)))),((((6,5),(7,4)),1),(2,3))),(((((43,72),70),57),((38,(87,(53,27))),(((52,48),(((79,91),89),68)),67))),((60,82),((22,23),17)))),(40,97)),(8,(((((37,100),((33,44),(66,(56,29)))),(20,55)),45),86)))),30);
Final Tree: ((49,(((((((((((94,63),((96,13),(58,36))),(64,51)),(((21,92),80),(((84,77),14),19))),((98,(78,(88,85))),61)),((10,((18,39),59)),(90,62))),((((47,((((15,32),42),(74,31)),(25,50))),((16,93),9)),(((((41,75),76),34),95),54)),((((((99,(46,24)),12),((69,11),(81,26))),65),(73,71)),((35,83),28)))),((((6,5),(7,4)),1),(2,3))),(((((43,72),70),57),((38,(87,(53,27))),(((52,48),(((79,91),89),68)),67))),((60,82),((22,23),17)))),(40,97)),(8,(((((37,100),((33,44),(66,(56,29)))),(20,55)),45),86)))),30);
#EqQuartets: 3921225000
Score: 3535906566
ASTRAL for PaRalogs and Orthologs III (ASTRAL-Pro3)
*** NOW with integrated CASTLES-Pro ***
Version: v1.22.3.6
Read 512 genetrees and found 100 species.
#Genetrees: 1000
#Duploss: 0
#Species: 100
#Rounds: 4
#Samples: 4
#Threads: 1
Use two-step algorithm!
Guide Tree 0/16
#NNI moves:0/152
Guide Tree 1/16
#NNI moves:0/152
Guide Tree 2/16
#NNI moves:0/152
Guide Tree 3/16
#NNI moves:0/152
Guide Tree 4/16
#NNI moves:0/152
Guide Tree 5/16
#NNI moves:0/152
Guide Tree 6/16
#NNI moves:0/152
Guide Tree 7/16
#NNI moves:0/152
Guide Tree 8/16
#NNI moves:0/152
Guide Tree 9/16
#NNI moves:0/152
Guide Tree 10/16
#NNI moves:0/152
Guide Tree 11/16
#NNI moves:0/152
Guide Tree 12/16
#NNI moves:0/152
Guide Tree 13/16
#NNI moves:0/152
Guide Tree 14/16
#NNI moves:0/152
Guide Tree 15/16
#NNI moves:0/152
Remaining: 0
#NNI moves:0/152
#NNI moves:0/152
((((((((((((((((((((73,77),45),66),(58,85)),95),(((59,46),64),((92,(80,68)),63))),(((69,(55,53)),(83,94)),((52,56),((88,100),61)))),(((97,91),81),(86,72))),(75,98)),((((96,(((76,62),89),((78,49),50))),(((74,67),(84,((70,60),((57,87),93)))),47)),((((((65,48),51),90),(82,71)),99),79)),54)),((((((5,(16,(44,32))),(35,42)),(24,2)),43),((17,4),(28,41))),(((((34,3),8),6),1),(9,20)))),(((14,7),33),((31,19),((37,10),21)))),(((36,18),12),27)),13),((39,23),25)),(38,26)),(30,40)),(15,29)),22),11);
Guide Tree 0/16
#NNI moves:0/152
Guide Tree 1/16
#NNI moves:0/152
Guide Tree 2/16
#NNI moves:0/152
Guide Tree 3/16
#NNI moves:0/152
Guide Tree 4/16
#NNI moves:0/152
Guide Tree 5/16
#NNI moves:0/152
Guide Tree 6/16
#NNI moves:0/152
Guide Tree 7/16
#NNI moves:0/152
Guide Tree 8/16
#NNI moves:0/152
Guide Tree 9/16
#NNI moves:0/152
Guide Tree 10/16
#NNI moves:0/152
Guide Tree 11/16
#NNI moves:0/152
Guide Tree 12/16
#NNI moves:0/152
Guide Tree 13/16
#NNI moves:0/152
Guide Tree 14/16
#NNI moves:0/152
Guide Tree 15/16
#NNI moves:0/152
Remaining: 0
#NNI moves:0/152
#NNI moves:0/152
(((((((((((((((((((48,65),51),90),(71,82)),99),79),(((((62,76),89),(50,(78,49))),96),(((67,74),(((70,60),((57,87),93)),84)),47))),54),((((((((68,80),92),63),(64,(46,59))),(((58,85),((45,(73,77)),66)),95)),(((56,52),((88,100),61)),(((55,53),69),(83,94)))),((72,86),(81,(97,91)))),(98,75))),((((((5,((44,32),16)),(35,42)),(2,24)),43),((4,17),(28,41))),((((8,(3,34)),6),1),(20,9)))),(((14,7),33),(((10,37),21),(31,19)))),((12,(36,18)),27)),13),((23,39),25)),(38,26)),(40,30)),(29,15)),22),11);
Guide Tree 0/16
#NNI moves:0/152
Guide Tree 1/16
#NNI moves:0/152
Guide Tree 2/16
#NNI moves:0/152
Guide Tree 3/16
#NNI moves:0/152
Guide Tree 4/16
#NNI moves:0/152
Guide Tree 5/16
#NNI moves:0/152
Guide Tree 6/16
#NNI moves:0/152
Guide Tree 7/16
#NNI moves:0/152
Guide Tree 8/16
#NNI moves:0/152
Guide Tree 9/16
#NNI moves:0/152
Guide Tree 10/16
#NNI moves:0/152
Guide Tree 11/16
#NNI moves:0/152
Guide Tree 12/16
#NNI moves:0/152
Guide Tree 13/16
#NNI moves:0/152
Guide Tree 14/16
#NNI moves:0/152
Guide Tree 15/16
#NNI moves:0/152
Remaining: 0
#NNI moves:0/152
#NNI moves:0/152
(((((((((((((((((((80,68),92),63),((46,59),64)),(((((73,77),45),66),(85,58)),95)),(((94,83),((55,53),69)),((61,(88,100)),(56,52)))),((72,86),((97,91),81))),(75,98)),((((((71,82),(((48,65),51),90)),99),79),(((((62,76),89),((78,49),50)),96),((((((87,57),93),(60,70)),84),(74,67)),47))),54)),(((9,20),((((3,34),8),6),1)),((((((16,(32,44)),5),(42,35)),(24,2)),43),((41,28),(4,17))))),(((14,7),33),((31,19),(21,(37,10))))),((12,(36,18)),27)),13),((23,39),25)),(38,26)),(30,40)),(29,15)),22),11);
Guide Tree 0/16
#NNI moves:0/152
Guide Tree 1/16
#NNI moves:0/152
Guide Tree 2/16
#NNI moves:0/152
Guide Tree 3/16
#NNI moves:0/152
Guide Tree 4/16
#NNI moves:0/152
Guide Tree 5/16
#NNI moves:0/152
Guide Tree 6/16
#NNI moves:0/152
Guide Tree 7/16
#NNI moves:0/152
Guide Tree 8/16
#NNI moves:0/152
Guide Tree 9/16
#NNI moves:0/152
Guide Tree 10/16
#NNI moves:0/152
Guide Tree 11/16
#NNI moves:0/152
Guide Tree 12/16
#NNI moves:0/152
Guide Tree 13/16
#NNI moves:0/152
Guide Tree 14/16
#NNI moves:0/152
Guide Tree 15/16
#NNI moves:0/152
Remaining: 0
#NNI moves:0/152
#NNI moves:0/152
(((((((((((((((((63,((80,68),92)),((46,59),64)),(((66,((73,77),45)),(58,85)),95)),(((94,83),(69,(55,53))),(((100,88),61),(56,52)))),(((91,97),81),(86,72))),(75,98)),((((((((93,(57,87)),(70,60)),84),(74,67)),47),((((76,62),89),((49,78),50)),96)),((((((48,65),51),90),(71,82)),99),79)),54)),(((((24,2),((((32,44),16),5),(35,42))),43),((17,4),(28,41))),((((8,(34,3)),6),1),(9,20)))),(((19,31),((37,10),21)),(33,(7,14)))),(((18,36),12),27)),13),(25,(39,23))),(26,38)),(40,30)),(29,15)),22),11);
Initial score: 3.36636e+09
Initial tree: (((((((((((((((((63,((80,68),92)),((46,59),64)),(((66,((73,77),45)),(58,85)),95)),(((94,83),(69,(55,53))),(((100,88),61),(56,52)))),(((91,97),81),(86,72))),(75,98)),((((((((93,(57,87)),(70,60)),84),(74,67)),47),((((76,62),89),((49,78),50)),96)),((((((48,65),51),90),(71,82)),99),79)),54)),(((((24,2),((((32,44),16),5),(35,42))),43),((17,4),(28,41))),((((8,(34,3)),6),1),(9,20)))),(((19,31),((37,10),21)),(33,(7,14)))),(((18,36),12),27)),13),(25,(39,23))),(26,38)),(40,30)),(29,15)),22),11);
*** Subsample Process ***
Use two-step algorithm!
#NNI moves:0/152
Remaining: 0
#NNI moves:0/152
#NNI moves:0/152
((((((((((((((((25,(23,39)),((((22,11),(29,15)),(30,40)),(26,38))),13),(27,(12,(36,18)))),((33,(7,14)),(((37,10),21),(31,19)))),((((((5,((44,32),16)),(42,35)),(24,2)),43),((28,41),(4,17))),(((((3,34),8),6),1),(20,9)))),((((((74,67),((((57,87),93),(60,70)),84)),47),((((76,62),89),((78,49),50)),96)),((((((65,48),51),90),(82,71)),99),79)),54)),(98,75)),(((91,97),81),(72,86))),(((61,(88,100)),(56,52)),((94,83),(69,(53,55))))),(((((73,77),45),66),(85,58)),95)),((59,46),64)),63),92),68),80);
#NNI moves:0/152
Remaining: 0
#NNI moves:0/152
#NNI moves:0/152
((((((((((((((((((100,88),61),(56,52)),((69,(53,55)),(83,94))),((((59,46),64),(63,((80,68),92))),(95,((66,(45,(77,73))),(58,85))))),((72,86),((91,97),81))),(75,98)),((((((((60,70),(93,(57,87))),84),(67,74)),47),((((76,62),89),((49,78),50)),96)),((((82,71),(((65,48),51),90)),99),79)),54)),((((((((32,44),16),5),(42,35)),(2,24)),43),((41,28),(17,4))),(((((3,34),8),6),1),(9,20)))),(((14,7),33),(((37,10),21),(31,19)))),((12,(36,18)),27)),13),(25,(23,39))),(38,26)),(30,40)),(15,29)),11),22);
#NNI moves:0/152
Remaining: 0
#NNI moves:0/152
#NNI moves:0/152
((((((((((((((10,37),21),(31,19)),(33,(7,14))),((((25,(23,39)),((38,26),(((29,15),(11,22)),(40,30)))),13),(((36,18),12),27))),((((((42,35),(5,((44,32),16))),(24,2)),43),((4,17),(41,28))),(((((34,3),8),6),1),(9,20)))),(((((((76,62),89),((49,78),50)),96),((((((57,87),93),(60,70)),84),(74,67)),47)),((((90,((65,48),51)),(82,71)),99),79)),54)),(98,75)),((81,(91,97)),(72,86))),(((63,(92,(68,80))),(64,(46,59))),(((((77,73),45),66),(85,58)),95))),(((100,88),61),(56,52))),(94,83)),(55,53)),69);
#NNI moves:0/152
Remaining: 0
#NNI moves:0/152
#NNI moves:0/152
(((((((((((((((((((73,77),45),66),(85,58)),95),(((92,(80,68)),63),(64,(46,59)))),(((94,83),(69,(55,53))),(((100,88),61),(52,56)))),((86,72),((91,97),81))),(75,98)),(((((((((87,57),93),(60,70)),84),(74,67)),47),(((50,(78,49)),(89,(62,76))),96)),(((((51,(65,48)),90),(82,71)),99),79)),54)),((((((5,((32,44),16)),(42,35)),(24,2)),43),((17,4),(28,41))),((1,(((34,3),8),6)),(20,9)))),(((31,19),((37,10),21)),((7,14),33))),(((18,36),12),27)),13),(25,(39,23))),(38,26)),((29,15),(22,11))),40),30);
Current score: 3.36636e+09
Current tree: ((22,((29,15),(((((((((((((((((73,77),45),66),(85,58)),95),(((92,(80,68)),63),(64,(46,59)))),(((94,83),(69,(55,53))),(((100,88),61),(52,56)))),((86,72),((91,97),81))),(75,98)),(((((((((87,57),93),(60,70)),84),(74,67)),47),(((50,(78,49)),(89,(62,76))),96)),(((((51,(65,48)),90),(82,71)),99),79)),54)),((((((5,((32,44),16)),(42,35)),(24,2)),43),((17,4),(28,41))),((1,(((34,3),8),6)),(20,9)))),(((31,19),((37,10),21)),((7,14),33))),(((18,36),12),27)),13),(25,(39,23))),(38,26)),(40,30)))),11);
Final Tree: ((22,((29,15),(((((((((((((((((73,77),45),66),(85,58)),95),(((92,(80,68)),63),(64,(46,59)))),(((94,83),(69,(55,53))),(((100,88),61),(52,56)))),((86,72),((91,97),81))),(75,98)),(((((((((87,57),93),(60,70)),84),(74,67)),47),(((50,(78,49)),(89,(62,76))),96)),(((((51,(65,48)),90),(82,71)),99),79)),54)),((((((5,((32,44),16)),(42,35)),(24,2)),43),((17,4),(28,41))),((1,(((34,3),8),6)),(20,9)))),(((31,19),((37,10),21)),((7,14),33))),(((18,36),12),27)),13),(25,(39,23))),(38,26)),(40,30)))),11);
#EqQuartets: 3921225000
Score: 3366355905
ASTRAL for PaRalogs and Orthologs III (ASTRAL-Pro3)
*** NOW with integrated CASTLES-Pro ***
Version: v1.22.3.6
Read 512 genetrees and found 100 species.
#Genetrees: 1000
#Duploss: 0
#Species: 100
#Rounds: 4
#Samples: 4
#Threads: 1
Use two-step algorithm!
Guide Tree 0/16
#NNI moves:0/152
Guide Tree 1/16
#NNI moves:0/152
Guide Tree 2/16
#NNI moves:0/152
Guide Tree 3/16
#NNI moves:0/152
Guide Tree 4/16
#NNI moves:0/152
Guide Tree 5/16
#NNI moves:0/152
Guide Tree 6/16
#NNI moves:0/152
Guide Tree 7/16
#NNI moves:0/152
Guide Tree 8/16
#NNI moves:0/152
Guide Tree 9/16
#NNI moves:0/152
Guide Tree 10/16
#NNI moves:0/152
Guide Tree 11/16
#NNI moves:0/152
Guide Tree 12/16
#NNI moves:0/152
Guide Tree 13/16
#NNI moves:0/152
Guide Tree 14/16
#NNI moves:0/152
Guide Tree 15/16
#NNI moves:0/152
Remaining: 0
#NNI moves:0/152
#NNI moves:0/152
(((((((((((83,65),(86,78)),((98,(46,67)),((((((90,100),69),68),53),(57,41)),45))),((((87,62),(54,99)),50),81)),((((93,88),82),(85,55)),((84,((75,43),58)),((77,(47,56)),(38,71))))),((((((73,74),61),80),(48,95)),(37,(94,49))),((97,64),70))),((((((((((((1,30),(27,(23,15))),(((35,6),8),10)),(3,13)),(26,34)),((4,32),11)),28),((17,2),(((16,22),(21,18)),14))),((7,19),((12,25),(9,31)))),((20,29),((24,33),(5,36)))),((72,96),92)),(60,(79,44)))),39),(((63,76),40),66)),(((42,52),59),(51,91))),89);
Guide Tree 0/16
#NNI moves:0/152
Guide Tree 1/16
#NNI moves:0/152
Guide Tree 2/16
#NNI moves:0/152
Guide Tree 3/16
#NNI moves:0/152
Guide Tree 4/16
#NNI moves:0/152
Guide Tree 5/16
#NNI moves:0/152
Guide Tree 6/16
#NNI moves:0/152
Guide Tree 7/16
#NNI moves:0/152
Guide Tree 8/16
#NNI moves:0/152
Guide Tree 9/16
#NNI moves:0/152
Guide Tree 10/16
#NNI moves:0/152
Guide Tree 11/16
#NNI moves:0/152
Guide Tree 12/16
#NNI moves:0/152
Guide Tree 13/16
#NNI moves:0/152
Guide Tree 14/16
#NNI moves:0/152
Guide Tree 15/16
#NNI moves:0/152
Remaining: 0
#NNI moves:0/152
#NNI moves:0/152
((((((((((((((((10,(8,(6,35))),(((15,23),27),(30,1))),(13,3)),(26,34)),((32,4),11)),28),((14,((21,18),(16,22))),(2,17))),((19,7),((31,9),(25,12)))),((20,29),((33,24),(5,36)))),(92,(96,72))),((79,44),60)),(((((((((68,((100,90),69)),53),(57,41)),45),((67,46),98)),((65,83),(86,78))),((((99,54),(87,62)),50),81)),((((93,88),82),(55,85)),((84,((75,43),58)),(((56,47),77),(71,38))))),(((((61,(73,74)),80),(95,48)),((94,49),37)),((97,64),70)))),39),(((76,63),40),66)),(((42,52),59),(51,91))),89);
Guide Tree 0/16
#NNI moves:0/152
Guide Tree 1/16
#NNI moves:0/152
Guide Tree 2/16
#NNI moves:0/152
Guide Tree 3/16
#NNI moves:0/152
Guide Tree 4/16
#NNI moves:0/152
Guide Tree 5/16
#NNI moves:0/152
Guide Tree 6/16
#NNI moves:0/152
Guide Tree 7/16
#NNI moves:0/152
Guide Tree 8/16
#NNI moves:0/152
Guide Tree 9/16
#NNI moves:0/152
Guide Tree 10/16
#NNI moves:0/152
Guide Tree 11/16
#NNI moves:0/152
Guide Tree 12/16
#NNI moves:0/152
Guide Tree 13/16
#NNI moves:0/152
Guide Tree 14/16
#NNI moves:0/152
Guide Tree 15/16
#NNI moves:0/152
Remaining: 0
#NNI moves:0/152
#NNI moves:0/152
(((((((((((((((69,(100,90)),68),53),(41,57)),45),((67,46),98)),((83,65),(78,86))),((((62,87),(99,54)),50),81)),((((77,(56,47)),(38,71)),((58,(43,75)),84)),((85,55),((88,93),82)))),((((94,49),37),((48,95),(((74,73),61),80))),(70,(97,64)))),(((((20,29),((36,5),(33,24))),((((31,9),(25,12)),(19,7)),(((((((10,((35,6),8)),((30,1),(27,(23,15)))),(3,13)),(26,34)),((32,4),11)),28),((((18,21),(22,16)),14),(17,2))))),((96,72),92)),(60,(44,79)))),39),(((76,63),40),66)),(((52,42),59),(51,91))),89);
Guide Tree 0/16
#NNI moves:0/152
Guide Tree 1/16
#NNI moves:0/152
Guide Tree 2/16
#NNI moves:0/152
Guide Tree 3/16
#NNI moves:0/152
Guide Tree 4/16
#NNI moves:0/152
Guide Tree 5/16
#NNI moves:0/152
Guide Tree 6/16
#NNI moves:0/152
Guide Tree 7/16
#NNI moves:0/152
Guide Tree 8/16
#NNI moves:0/152
Guide Tree 9/16
#NNI moves:0/152
Guide Tree 10/16
#NNI moves:0/152
Guide Tree 11/16
#NNI moves:0/152
Guide Tree 12/16
#NNI moves:0/152
Guide Tree 13/16
#NNI moves:0/152
Guide Tree 14/16
#NNI moves:0/152
Guide Tree 15/16
#NNI moves:0/152
Remaining: 0
#NNI moves:0/152
#NNI moves:0/152
((((((((((((((34,26),((3,13),(((27,(15,23)),(1,30)),(((35,6),8),10)))),(11,(32,4))),28),((14,((21,18),(22,16))),(17,2))),((19,7),((12,25),(31,9)))),((29,20),((5,36),(24,33)))),(92,(72,96))),((44,79),60)),((((((65,83),(78,86)),((((53,(((90,100),69),68)),(57,41)),45),((46,67),98))),(81,(((62,87),(99,54)),50))),(((55,85),((93,88),82)),((((75,43),58),84),(((56,47),77),(71,38))))),((((48,95),(80,((73,74),61))),((94,49),37)),((64,97),70)))),39),(((63,76),40),66)),((59,(52,42)),(51,91))),89);
Initial score: 3.56082e+09
Initial tree: ((((((((((((((34,26),((3,13),(((27,(15,23)),(1,30)),(((35,6),8),10)))),(11,(32,4))),28),((14,((21,18),(22,16))),(17,2))),((19,7),((12,25),(31,9)))),((29,20),((5,36),(24,33)))),(92,(72,96))),((44,79),60)),((((((65,83),(78,86)),((((53,(((90,100),69),68)),(57,41)),45),((46,67),98))),(81,(((62,87),(99,54)),50))),(((55,85),((93,88),82)),((((75,43),58),84),(((56,47),77),(71,38))))),((((48,95),(80,((73,74),61))),((94,49),37)),((64,97),70)))),39),(((63,76),40),66)),((59,(52,42)),(51,91))),89);
*** Subsample Process ***
Use two-step algorithm!
#NNI moves:0/152
Remaining: 0
#NNI moves:0/152
#NNI moves:0/152
(((((((((((((((((((43,75),58),84),((38,71),((56,47),77))),(((88,93),82),(85,55))),((((83,65),(78,86)),(((((((90,100),69),68),53),(41,57)),45),((46,67),98))),((((62,87),(99,54)),50),81))),((70,(97,64)),(((48,95),(80,(61,(73,74)))),((49,94),37)))),(((((76,63),40),66),(((51,91),(59,(52,42))),89)),39)),(60,(44,79))),((96,72),92)),((29,20),((24,33),(5,36)))),(((9,31),(25,12)),(7,19))),((2,17),(((21,18),(22,16)),14))),28),(11,(32,4))),(26,34)),((((35,6),8),10),(((23,15),27),(30,1)))),13),3);
#NNI moves:0/152
Remaining: 0
#NNI moves:0/152
#NNI moves:0/152
((((((((((((((87,62),(99,54)),50),81),((((((((90,100),69),68),53),(57,41)),45),((67,46),98)),((86,78),(65,83)))),((((88,93),82),(55,85)),(((58,(43,75)),84),((77,(56,47)),(38,71))))),((((95,48),(((74,73),61),80)),(37,(49,94))),((64,97),70))),((((((((11,(4,32)),((((((35,6),8),10),((1,30),((23,15),27))),(13,3)),(26,34))),28),((((22,16),(21,18)),14),(2,17))),(((9,31),(12,25)),(7,19))),((20,29),((5,36),(24,33)))),((96,72),92)),(60,(44,79)))),39),(66,(40,(76,63)))),89),((42,52),59)),91),51);
#NNI moves:0/152
Remaining: 0
#NNI moves:0/152
#NNI moves:0/152
((((((((((((((((((((35,6),8),10),((27,(23,15)),(1,30))),(3,13)),(26,34)),((4,32),11)),28),((2,17),(((21,18),(22,16)),14))),(((12,25),(9,31)),(19,7))),((29,20),((36,5),(24,33)))),((72,96),92)),((79,44),60)),((((((42,52),59),(51,91)),89),((40,(76,63)),66)),39)),(((((61,(73,74)),80),(48,95)),(37,(94,49))),((64,97),70))),((((88,93),82),(55,85)),((84,(58,(43,75))),((71,38),(77,(47,56)))))),(((45,((41,57),((((100,90),69),68),53))),((46,67),98)),((65,83),(86,78)))),81),((99,54),(87,62))),50);
#NNI moves:0/152
Remaining: 0
#NNI moves:0/152
#NNI moves:0/152
(((((((((((((84,((75,43),58)),(((56,47),77),(38,71))),((55,85),(82,(88,93)))),((((83,65),(78,86)),((((((69,(90,100)),68),53),(57,41)),45),((67,46),98))),((((62,87),(54,99)),50),81))),((((((74,73),61),80),(48,95)),(37,(94,49))),((64,97),70))),(((((((((((((15,23),27),(1,30)),((8,(35,6)),10)),(3,13)),(34,26)),((32,4),11)),28),((((18,21),(16,22)),14),(2,17))),((7,19),((12,25),(9,31)))),(((24,33),(5,36)),(29,20))),((72,96),92)),(60,(79,44)))),39),(66,(40,(63,76)))),89),(91,51)),59),52),42);
Current score: 3.56082e+09
Current tree: ((((((((((84,((75,43),58)),(((56,47),77),(38,71))),((55,85),(82,(88,93)))),((((83,65),(78,86)),((((((69,(90,100)),68),53),(57,41)),45),((67,46),98))),((((62,87),(54,99)),50),81))),((((((74,73),61),80),(48,95)),(37,(94,49))),((64,97),70))),(((((((((((((15,23),27),(1,30)),((8,(35,6)),10)),(3,13)),(34,26)),((32,4),11)),28),((((18,21),(16,22)),14),(2,17))),((7,19),((12,25),(9,31)))),(((24,33),(5,36)),(29,20))),((72,96),92)),(60,(79,44)))),39),(66,(40,(63,76)))),((91,51),(59,(52,42)))),89);
Final Tree: ((((((((((84,((75,43),58)),(((56,47),77),(38,71))),((55,85),(82,(88,93)))),((((83,65),(78,86)),((((((69,(90,100)),68),53),(57,41)),45),((67,46),98))),((((62,87),(54,99)),50),81))),((((((74,73),61),80),(48,95)),(37,(94,49))),((64,97),70))),(((((((((((((15,23),27),(1,30)),((8,(35,6)),10)),(3,13)),(34,26)),((32,4),11)),28),((((18,21),(16,22)),14),(2,17))),((7,19),((12,25),(9,31)))),(((24,33),(5,36)),(29,20))),((72,96),92)),(60,(79,44)))),39),(66,(40,(63,76)))),((91,51),(59,(52,42)))),89);
#EqQuartets: 3921225000
Score: 3560824301
ASTRAL for PaRalogs and Orthologs III (ASTRAL-Pro3)
*** NOW with integrated CASTLES-Pro ***
Version: v1.22.3.6
Read 512 genetrees and found 100 species.
#Genetrees: 1000
#Duploss: 0
#Species: 100
#Rounds: 4
#Samples: 4
#Threads: 1
Use two-step algorithm!
Guide Tree 0/16
#NNI moves:0/152
Guide Tree 1/16
#NNI moves:0/152
Guide Tree 2/16
#NNI moves:0/152
Guide Tree 3/16
#NNI moves:0/152
Guide Tree 4/16
#NNI moves:0/152
Guide Tree 5/16
#NNI moves:0/152
Guide Tree 6/16
#NNI moves:0/152
Guide Tree 7/16
#NNI moves:0/152
Guide Tree 8/16
#NNI moves:0/152
Guide Tree 9/16
#NNI moves:0/152
Guide Tree 10/16
#NNI moves:0/152
Guide Tree 11/16
#NNI moves:0/152
Guide Tree 12/16
#NNI moves:0/152
Guide Tree 13/16
#NNI moves:0/152
Guide Tree 14/16
#NNI moves:0/152
Guide Tree 15/16
#NNI moves:0/152
Remaining: 0
#NNI moves:0/152
#NNI moves:0/152
(((((((((((((((((16,30),((79,61),12)),57),((63,((87,20),31)),((25,98),(1,39)))),(((((85,52),80),11),(56,68)),((((60,18),6),(37,84)),88))),100),((((65,67),(77,72)),(24,83)),((4,(32,29)),((95,94),44)))),(((((((13,64),(75,8)),(21,(23,59))),5),((90,78),27)),(((((34,74),(50,38)),((((2,43),9),(41,96)),53)),(((26,(66,28)),62),3)),((93,33),(((22,((42,48),46)),69),(47,99))))),(45,(54,82)))),(((((36,55),17),7),((10,51),49)),70)),((86,71),35)),(((81,73),58),(92,19))),(15,91)),89),97),40),76),14);
Guide Tree 0/16
#NNI moves:0/152
Guide Tree 1/16
#NNI moves:0/152
Guide Tree 2/16
#NNI moves:0/152
Guide Tree 3/16
#NNI moves:0/152
Guide Tree 4/16
#NNI moves:0/152
Guide Tree 5/16
#NNI moves:0/152
Guide Tree 6/16
#NNI moves:0/152
Guide Tree 7/16
#NNI moves:0/152
Guide Tree 8/16
#NNI moves:0/152
Guide Tree 9/16
#NNI moves:0/152
Guide Tree 10/16
#NNI moves:0/152
Guide Tree 11/16
#NNI moves:0/152
Guide Tree 12/16
#NNI moves:0/152
Guide Tree 13/16
#NNI moves:0/152
Guide Tree 14/16
#NNI moves:0/152
Guide Tree 15/16
#NNI moves:0/152
Remaining: 0
#NNI moves:0/152
#NNI moves:0/152
(((((((((((((((((37,84),(6,(18,60))),88),(((80,(52,85)),11),(56,68))),(((((20,87),31),63),((1,39),(25,98))),(((30,16),((61,79),12)),57))),100),((((29,32),4),((94,95),44)),(((67,65),(72,77)),(24,83)))),(((((((13,64),(8,75)),((59,23),21)),5),((90,78),27)),(((((34,74),(38,50)),(((9,(43,2)),(96,41)),53)),((((66,28),26),62),3)),(((99,47),((((42,48),46),22),69)),(33,93)))),((54,82),45))),(((49,(51,10)),(((55,36),17),7)),70)),((86,71),35)),((19,92),(58,(73,81)))),(91,15)),89),97),40),76),14);
Guide Tree 0/16
#NNI moves:0/152
Guide Tree 1/16
#NNI moves:0/152
Guide Tree 2/16
#NNI moves:0/152
Guide Tree 3/16
#NNI moves:0/152
Guide Tree 4/16
#NNI moves:0/152
Guide Tree 5/16
#NNI moves:0/152
Guide Tree 6/16
#NNI moves:0/152
Guide Tree 7/16
#NNI moves:0/152
Guide Tree 8/16
#NNI moves:0/152
Guide Tree 9/16
#NNI moves:0/152
Guide Tree 10/16
#NNI moves:0/152
Guide Tree 11/16
#NNI moves:0/152
Guide Tree 12/16
#NNI moves:0/152
Guide Tree 13/16
#NNI moves:0/152
Guide Tree 14/16
#NNI moves:0/152
Guide Tree 15/16
#NNI moves:0/152
Remaining: 0
#NNI moves:0/152
#NNI moves:0/152
(((((((((((((((((50,38),(34,74)),((((43,2),9),(96,41)),53)),((62,((28,66),26)),3)),((((((42,48),46),22),69),(47,99)),(33,93))),(((((75,8),(13,64)),(21,(23,59))),5),((78,90),27))),((82,54),45)),(((((32,29),4),((94,95),44)),(((77,72),(67,65)),(83,24))),((((((84,37),((18,60),6)),88),((56,68),(((85,52),80),11))),(((((20,87),31),63),((25,98),(39,1))),(((16,30),((79,61),12)),57))),100))),(((49,(10,51)),(((36,55),17),7)),70)),(35,(86,71))),((19,92),(58,(81,73)))),(91,15)),89),97),40),76),14);
Guide Tree 0/16
#NNI moves:0/152
Guide Tree 1/16
#NNI moves:0/152
Guide Tree 2/16
#NNI moves:0/152
Guide Tree 3/16
#NNI moves:0/152
Guide Tree 4/16
#NNI moves:0/152
Guide Tree 5/16
#NNI moves:0/152
Guide Tree 6/16
#NNI moves:0/152
Guide Tree 7/16
#NNI moves:0/152
Guide Tree 8/16
#NNI moves:0/152
Guide Tree 9/16
#NNI moves:0/152
Guide Tree 10/16
#NNI moves:0/152
Guide Tree 11/16
#NNI moves:0/152
Guide Tree 12/16
#NNI moves:0/152
Guide Tree 13/16
#NNI moves:0/152
Guide Tree 14/16
#NNI moves:0/152
Guide Tree 15/16
#NNI moves:0/152
Remaining: 0
#NNI moves:0/152
#NNI moves:0/152
((((((((((((((((((28,66),26),62),3),((((9,(2,43)),(96,41)),53),((74,34),(50,38)))),((((((48,42),46),22),69),(47,99)),(93,33))),(((((23,59),21),((8,75),(13,64))),5),((90,78),27))),((82,54),45)),(((((((12,(61,79)),(16,30)),57),((((87,20),31),63),((39,1),(98,25)))),((((37,84),((60,18),6)),88),((((85,52),80),11),(56,68)))),100),((((72,77),(65,67)),(24,83)),(((32,29),4),(44,(95,94)))))),(((((55,36),17),7),((51,10),49)),70)),((71,86),35)),((92,19),((81,73),58))),(91,15)),89),97),40),76),14);
Initial score: 3.40639e+09
Initial tree: ((((((((((((((((((28,66),26),62),3),((((9,(2,43)),(96,41)),53),((74,34),(50,38)))),((((((48,42),46),22),69),(47,99)),(93,33))),(((((23,59),21),((8,75),(13,64))),5),((90,78),27))),((82,54),45)),(((((((12,(61,79)),(16,30)),57),((((87,20),31),63),((39,1),(98,25)))),((((37,84),((60,18),6)),88),((((85,52),80),11),(56,68)))),100),((((72,77),(65,67)),(24,83)),(((32,29),4),(44,(95,94)))))),(((((55,36),17),7),((51,10),49)),70)),((71,86),35)),((92,19),((81,73),58))),(91,15)),89),97),40),76),14);
*** Subsample Process ***
Use two-step algorithm!
#NNI moves:0/152
Remaining: 0
#NNI moves:0/152
#NNI moves:0/152
(((((((((((((((16,30),(12,(79,61))),57),((((87,20),31),63),((25,98),(1,39)))),((((80,(52,85)),11),(68,56)),((((18,60),6),(84,37)),88))),100),((((32,29),4),((95,94),44)),(((65,67),(72,77)),(83,24)))),((((((81,73),58),(19,92)),(((((76,14),40),97),89),(91,15))),(35,(71,86))),(((((36,55),17),7),((51,10),49)),70))),(45,(54,82))),(((90,78),27),(((21,(23,59)),((64,13),(75,8))),5))),(((69,(((48,42),46),22)),(99,47)),(33,93))),(((74,34),(38,50)),((((43,2),9),(96,41)),53))),3),(26,(28,66))),62);
#NNI moves:0/152
Remaining: 0
#NNI moves:0/152
#NNI moves:0/152
(((((((((((((((((12,(61,79)),(30,16)),57),((((87,20),31),63),((39,1),(98,25)))),(((68,56),((80,(85,52)),11)),((((18,60),6),(84,37)),88))),100),(((4,(32,29)),(44,(94,95))),(((65,67),(77,72)),(24,83)))),((((((21,(59,23)),((8,75),(13,64))),5),((78,90),27)),(((((34,74),(50,38)),((((43,2),9),(96,41)),53)),(((26,(28,66)),62),3)),(((47,99),((22,(46,(42,48))),69)),(93,33)))),(45,(82,54)))),((((17,(55,36)),7),(49,(10,51))),70)),((86,71),35)),(((73,81),58),(19,92))),(15,91)),89),97),40),14),76);
#NNI moves:0/152
Remaining: 0
#NNI moves:0/152
#NNI moves:0/152
((((((((((((((((((66,28),26),62),3),(((74,34),(50,38)),((((2,43),9),(41,96)),53))),(((99,47),((((48,42),46),22),69)),(33,93))),((((21,(23,59)),((13,64),(8,75))),5),((90,78),27))),(45,(82,54))),((((86,71),35),((((73,81),58),(19,92)),((91,15),((((14,76),40),97),89)))),(((((55,36),17),7),((51,10),49)),70))),(((83,24),((67,65),(77,72))),((44,(94,95)),(4,(29,32))))),100),(((((60,18),6),(84,37)),88),(((80,(52,85)),11),(68,56)))),((((87,20),31),63),((39,1),(25,98)))),57),(16,30)),12),61),79);
#NNI moves:0/152
Remaining: 0
#NNI moves:0/152
#NNI moves:0/152
((((((((((((((((96,41),((2,43),9)),53),((74,34),(38,50))),(((26,(66,28)),62),3)),(((47,99),((((48,42),46),22),69)),(93,33))),(((((8,75),(64,13)),((23,59),21)),5),((90,78),27))),(45,(54,82))),(((((((1,39),(98,25)),(63,(31,(20,87)))),(((16,30),((79,61),12)),57)),(((56,68),(11,(80,(85,52)))),((((60,18),6),(37,84)),88))),100),((((77,72),(65,67)),(24,83)),((44,(95,94)),((32,29),4))))),(((((36,55),17),7),(49,(10,51))),70)),((86,71),35)),((92,19),((81,73),58))),(91,15)),89),(40,(76,14))),97);
Current score: 3.40639e+09
Current tree: ((76,(40,(((((((((((((((96,41),((2,43),9)),53),((74,34),(38,50))),(((26,(66,28)),62),3)),(((47,99),((((48,42),46),22),69)),(93,33))),(((((8,75),(64,13)),((23,59),21)),5),((90,78),27))),(45,(54,82))),(((((((1,39),(98,25)),(63,(31,(20,87)))),(((16,30),((79,61),12)),57)),(((56,68),(11,(80,(85,52)))),((((60,18),6),(37,84)),88))),100),((((77,72),(65,67)),(24,83)),((44,(95,94)),((32,29),4))))),(((((36,55),17),7),(49,(10,51))),70)),((86,71),35)),((92,19),((81,73),58))),(91,15)),89),97))),14);
Final Tree: ((76,(40,(((((((((((((((96,41),((2,43),9)),53),((74,34),(38,50))),(((26,(66,28)),62),3)),(((47,99),((((48,42),46),22),69)),(93,33))),(((((8,75),(64,13)),((23,59),21)),5),((90,78),27))),(45,(54,82))),(((((((1,39),(98,25)),(63,(31,(20,87)))),(((16,30),((79,61),12)),57)),(((56,68),(11,(80,(85,52)))),((((60,18),6),(37,84)),88))),100),((((77,72),(65,67)),(24,83)),((44,(95,94)),((32,29),4))))),(((((36,55),17),7),(49,(10,51))),70)),((86,71),35)),((92,19),((81,73),58))),(91,15)),89),97))),14);
#EqQuartets: 3921225000
Score: 3406389747
ASTRAL for PaRalogs and Orthologs III (ASTRAL-Pro3)
*** NOW with integrated CASTLES-Pro ***
Version: v1.22.3.6
Read 512 genetrees and found 100 species.
#Genetrees: 1000
#Duploss: 0
#Species: 100
#Rounds: 4
#Samples: 4
#Threads: 1
Use two-step algorithm!
Guide Tree 0/16
#NNI moves:0/152
Guide Tree 1/16
#NNI moves:0/152
Guide Tree 2/16
#NNI moves:0/152
Guide Tree 3/16
#NNI moves:0/152
Guide Tree 4/16
#NNI moves:0/152
Guide Tree 5/16
#NNI moves:0/152
Guide Tree 6/16
#NNI moves:0/152
Guide Tree 7/16
#NNI moves:0/152
Guide Tree 8/16
#NNI moves:0/152
Guide Tree 9/16
#NNI moves:0/152
Guide Tree 10/16
#NNI moves:0/152
Guide Tree 11/16
#NNI moves:0/152
Guide Tree 12/16
#NNI moves:0/152
Guide Tree 13/16
#NNI moves:0/152
Guide Tree 14/16
#NNI moves:0/152
Guide Tree 15/16
#NNI moves:0/152
Remaining: 0
#NNI moves:0/152
#NNI moves:0/152
((((((((((((((((((((84,62),(63,89)),69),83),((60,96),72)),(((((86,92),61),88),(100,73)),75)),((90,(87,(85,71))),(67,(65,(78,68))))),((((((66,70),97),95),(((99,76),91),98)),82),(((((94,77),74),(81,93)),80),(64,79)))),(7,48)),(((((50,27),3),6),34),(14,26))),(((47,4),((33,52),(54,29))),(25,(12,16)))),((((((((39,5),2),43),(10,((46,37),23))),58),1),(42,((18,44),31))),((56,55),45))),((((((36,11),(9,(24,20))),19),38),((13,8),(28,40))),(59,30))),(((53,15),17),41)),51),49),(57,21)),35),22),32);
Guide Tree 0/16
#NNI moves:0/152
Guide Tree 1/16
#NNI moves:0/152
Guide Tree 2/16
#NNI moves:0/152
Guide Tree 3/16
#NNI moves:0/152
Guide Tree 4/16
#NNI moves:0/152
Guide Tree 5/16
#NNI moves:0/152
Guide Tree 6/16
#NNI moves:0/152
Guide Tree 7/16
#NNI moves:0/152
Guide Tree 8/16
#NNI moves:0/152
Guide Tree 9/16
#NNI moves:0/152
Guide Tree 10/16
#NNI moves:0/152
Guide Tree 11/16
#NNI moves:0/152
Guide Tree 12/16
#NNI moves:0/152
Guide Tree 13/16
#NNI moves:0/152
Guide Tree 14/16
#NNI moves:0/152
Guide Tree 15/16
#NNI moves:0/152
Remaining: 0
#NNI moves:0/152
#NNI moves:0/152
((((((((((((((((90,((85,71),87)),(((68,78),65),67)),((((((92,86),61),88),(100,73)),75),((83,(((63,89),(84,62)),69)),(72,(60,96))))),((82,((98,((99,76),91)),(((70,66),97),95))),(((((77,94),74),(93,81)),80),(79,64)))),(7,48)),((((3,(27,50)),6),34),(14,26))),((((52,33),(54,29)),(47,4)),((16,12),25))),((((((((39,5),2),43),(((37,46),23),10)),58),1),(42,((44,18),31))),((55,56),45))),(((((((20,24),9),(11,36)),19),38),((8,13),(40,28))),(30,59))),(((15,53),17),41)),51),49),(57,21)),35),22),32);
Guide Tree 0/16
#NNI moves:0/152
Guide Tree 1/16
#NNI moves:0/152
Guide Tree 2/16
#NNI moves:0/152
Guide Tree 3/16
#NNI moves:0/152
Guide Tree 4/16
#NNI moves:0/152
Guide Tree 5/16
#NNI moves:0/152
Guide Tree 6/16
#NNI moves:0/152
Guide Tree 7/16
#NNI moves:0/152
Guide Tree 8/16
#NNI moves:0/152
Guide Tree 9/16
#NNI moves:0/152
Guide Tree 10/16
#NNI moves:0/152
Guide Tree 11/16
#NNI moves:0/152
Guide Tree 12/16
#NNI moves:0/152
Guide Tree 13/16
#NNI moves:0/152
Guide Tree 14/16
#NNI moves:0/152
Guide Tree 15/16
#NNI moves:0/152
Remaining: 0
#NNI moves:0/152
#NNI moves:0/152
((((((((((((((((((68,78),65),67),(90,((71,85),87))),((((((92,86),61),88),(73,100)),75),((72,(96,60)),((((84,62),(63,89)),69),83)))),(((64,79),(((74,(77,94)),(93,81)),80)),(((((76,99),91),98),(((66,70),97),95)),82))),(48,7)),((34,(6,((27,50),3))),(26,14))),((25,(12,16)),((47,4),((29,54),(52,33))))),(((56,55),45),(((((((5,39),2),43),(((46,37),23),10)),58),1),((31,(18,44)),42)))),((59,30),((38,((((20,24),9),(11,36)),19)),((28,40),(13,8))))),(41,((53,15),17))),51),49),(57,21)),35),22),32);
Guide Tree 0/16
#NNI moves:0/152
Guide Tree 1/16
#NNI moves:0/152
Guide Tree 2/16
#NNI moves:0/152
Guide Tree 3/16
#NNI moves:0/152
Guide Tree 4/16
#NNI moves:2/152
Guide Tree 5/16
#NNI moves:0/152
Guide Tree 6/16
#NNI moves:0/152
Guide Tree 7/16
#NNI moves:0/152
Guide Tree 8/16
#NNI moves:0/152
Guide Tree 9/16
#NNI moves:0/152
Guide Tree 10/16
#NNI moves:0/152
Guide Tree 11/16
#NNI moves:0/152
Guide Tree 12/16
#NNI moves:0/152
Guide Tree 13/16
#NNI moves:2/152
Guide Tree 14/16
#NNI moves:0/152
Guide Tree 15/16
#NNI moves:0/152
Remaining: 0
#NNI moves:0/152
#NNI moves:0/152
((((((((((((((((((((89,63),(84,62)),69),83),(72,(96,60))),(((88,((92,86),61)),(73,100)),75)),(((65,(68,78)),67),((87,(85,71)),90))),(((((91,(99,76)),98),(((66,70),97),95)),82),(((((77,94),74),(93,81)),80),(64,79)))),(7,48)),(((6,((50,27),3)),34),(14,26))),(((12,16),25),(((54,29),(33,52)),(47,4)))),((((31,(18,44)),42),(((((23,(46,37)),10),((2,(39,5)),43)),58),1)),(45,(56,55)))),(((((((24,20),9),(36,11)),19),38),((8,13),(40,28))),(30,59))),((17,(15,53)),41)),51),49),(21,57)),35),22),32);
Initial score: 3.61051e+09
Initial tree: ((((((((((((((((((((89,63),(84,62)),69),83),(72,(96,60))),(((88,((92,86),61)),(73,100)),75)),(((65,(68,78)),67),((87,(85,71)),90))),(((((91,(99,76)),98),(((66,70),97),95)),82),(((((77,94),74),(93,81)),80),(64,79)))),(7,48)),(((6,((50,27),3)),34),(14,26))),(((12,16),25),(((54,29),(33,52)),(47,4)))),((((31,(18,44)),42),(((((23,(46,37)),10),((2,(39,5)),43)),58),1)),(45,(56,55)))),(((((((24,20),9),(36,11)),19),38),((8,13),(40,28))),(30,59))),((17,(15,53)),41)),51),49),(21,57)),35),22),32);
*** Subsample Process ***
Use two-step algorithm!
#NNI moves:0/152
Remaining: 0
#NNI moves:0/152
#NNI moves:0/152
((((((((((((((((((((11,36),((20,24),9)),19),38),((28,40),(13,8))),(59,30)),(((((35,(22,32)),(21,57)),49),51),((17,(15,53)),41))),((((((((39,5),2),43),(((46,37),23),10)),58),1),(42,((18,44),31))),(45,(55,56)))),((((29,54),(33,52)),(4,47)),((12,16),25))),((26,14),((((50,27),3),6),34))),(48,7)),(((((74,(77,94)),(93,81)),80),(79,64)),(((((70,66),97),95),(((99,76),91),98)),82))),(((65,(78,68)),67),((87,(85,71)),90))),(((88,(61,(92,86))),(100,73)),75)),((96,60),72)),83),69),(84,62)),89),63);
#NNI moves:0/152
Remaining: 0
#NNI moves:0/152
#NNI moves:0/152
(((((((((((((((((69,((89,63),(62,84))),83),((96,60),72)),(((88,((86,92),61)),(73,100)),75)),((90,(87,(71,85))),(((78,68),65),67))),((((((99,76),91),98),(((70,66),97),95)),82),((((74,(77,94)),(93,81)),80),(64,79)))),(48,7)),(((((50,27),3),6),34),(26,14))),((((54,29),(52,33)),(47,4)),(25,(12,16)))),((((((((46,37),23),10),((2,(39,5)),43)),58),1),(42,((18,44),31))),(45,(55,56)))),((((((9,(20,24)),(11,36)),19),38),((13,8),(28,40))),(30,59))),(41,(17,(53,15)))),51),49),(57,21)),(22,32)),35);
#NNI moves:0/152
Remaining: 0
#NNI moves:0/152
#NNI moves:0/152
(((((((((((((((((((((39,5),2),43),(((46,37),23),10)),58),1),(((18,44),31),42)),((56,55),45)),(((((((9,(20,24)),(11,36)),19),38),((13,8),(40,28))),(30,59)),(((((57,21),((32,22),35)),49),51),(41,((15,53),17))))),(((16,12),25),(((54,29),(52,33)),(47,4)))),(((((27,50),3),6),34),(26,14))),(48,7)),((((((76,99),91),98),(((70,66),97),95)),82),(((((94,77),74),(81,93)),80),(64,79)))),(((65,(78,68)),67),((87,(71,85)),90))),(((88,(61,(86,92))),(73,100)),75)),((96,60),72)),83),69),(89,63)),84),62);
#NNI moves:0/152
Remaining: 0
#NNI moves:2/152
#NNI moves:2/152
((((((((((((((((72,(60,96)),((((84,62),(63,89)),69),83)),(((100,73),((61,(86,92)),88)),75)),(((87,(85,71)),90),(67,(65,(78,68))))),(((((93,81),((94,77),74)),80),(79,64)),(((((99,76),91),98),(95,((70,66),97))),82))),(48,7)),((14,26),((6,((27,50),3)),34))),(((12,16),25),(((54,29),(33,52)),(47,4)))),((((((((39,5),2),43),((23,(37,46)),10)),58),1),(((18,44),31),42)),((56,55),45))),(((((((24,20),9),(36,11)),19),38),((28,40),(8,13))),(59,30))),((17,(53,15)),41)),51),49),((22,32),35)),21),57);
Current score: 3.61051e+09
Current tree: ((22,(35,((((((((((((((72,(60,96)),((((84,62),(63,89)),69),83)),(((100,73),((61,(86,92)),88)),75)),(((87,(85,71)),90),(67,(65,(78,68))))),(((((93,81),((94,77),74)),80),(79,64)),(((((99,76),91),98),(95,((70,66),97))),82))),(48,7)),((14,26),((6,((27,50),3)),34))),(((12,16),25),(((54,29),(33,52)),(47,4)))),((((((((39,5),2),43),((23,(37,46)),10)),58),1),(((18,44),31),42)),((56,55),45))),(((((((24,20),9),(36,11)),19),38),((28,40),(8,13))),(59,30))),((17,(53,15)),41)),51),49),(21,57)))),32);
Final Tree: ((22,(35,((((((((((((((72,(60,96)),((((84,62),(63,89)),69),83)),(((100,73),((61,(86,92)),88)),75)),(((87,(85,71)),90),(67,(65,(78,68))))),(((((93,81),((94,77),74)),80),(79,64)),(((((99,76),91),98),(95,((70,66),97))),82))),(48,7)),((14,26),((6,((27,50),3)),34))),(((12,16),25),(((54,29),(33,52)),(47,4)))),((((((((39,5),2),43),((23,(37,46)),10)),58),1),(((18,44),31),42)),((56,55),45))),(((((((24,20),9),(36,11)),19),38),((28,40),(8,13))),(59,30))),((17,(53,15)),41)),51),49),(21,57)))),32);
#EqQuartets: 3921225000
Score: 3610514825
ASTRAL for PaRalogs and Orthologs III (ASTRAL-Pro3)
*** NOW with integrated CASTLES-Pro ***
Version: v1.22.3.6
Read 512 genetrees and found 100 species.
#Genetrees: 1000
#Duploss: 0
#Species: 100
#Rounds: 4
#Samples: 4
#Threads: 1
Use two-step algorithm!
Guide Tree 0/16
#NNI moves:0/152
Guide Tree 1/16
#NNI moves:0/152
Guide Tree 2/16
#NNI moves:0/152
Guide Tree 3/16
#NNI moves:0/152
Guide Tree 4/16
#NNI moves:0/152
Guide Tree 5/16
#NNI moves:0/152
Guide Tree 6/16
#NNI moves:0/152
Guide Tree 7/16
#NNI moves:0/152
Guide Tree 8/16
#NNI moves:0/152
Guide Tree 9/16
#NNI moves:0/152
Guide Tree 10/16
#NNI moves:0/152
Guide Tree 11/16
#NNI moves:0/152
Guide Tree 12/16
#NNI moves:0/152
Guide Tree 13/16
#NNI moves:0/152
Guide Tree 14/16
#NNI moves:0/152
Guide Tree 15/16
#NNI moves:0/152
Remaining: 0
#NNI moves:0/152
#NNI moves:0/152
(((((((((((((((70,24),(45,52)),32),((38,21),((((36,(14,68)),((((((5,31),22),19),(((35,71),43),7)),(15,50)),((30,33),28))),44),56))),(((((((90,82),83),((98,94),100)),(96,((92,78),85))),75),99),(((86,(87,91)),(((((77,79),(88,93)),72),80),(97,((81,73),(74,84))))),(76,(89,95))))),(9,61)),((39,55),((13,3),51))),(((((63,58),(65,48)),20),60),(((41,8),46),(67,18)))),((37,((49,11),(((2,16),42),(29,4)))),((((66,64),1),12),(69,17)))),((((57,27),6),25),53)),((((54,26),59),10),47)),40),23),34),62);
Guide Tree 0/16
#NNI moves:0/152
Guide Tree 1/16
#NNI moves:0/152
Guide Tree 2/16
#NNI moves:0/152
Guide Tree 3/16
#NNI moves:0/152
Guide Tree 4/16
#NNI moves:0/152
Guide Tree 5/16
#NNI moves:0/152
Guide Tree 6/16
#NNI moves:0/152
Guide Tree 7/16
#NNI moves:0/152
Guide Tree 8/16
#NNI moves:0/152
Guide Tree 9/16
#NNI moves:0/152
Guide Tree 10/16
#NNI moves:0/152
Guide Tree 11/16
#NNI moves:0/152
Guide Tree 12/16
#NNI moves:0/152
Guide Tree 13/16
#NNI moves:0/152
Guide Tree 14/16
#NNI moves:0/152
Guide Tree 15/16
#NNI moves:0/152
Remaining: 0
#NNI moves:0/152
#NNI moves:0/152
(((((((((((((((70,24),(52,45)),32),(((((36,(14,68)),((((19,(22,(31,5))),(7,((71,35),43))),(15,50)),(28,(30,33)))),44),56),(38,21))),((((((85,(78,92)),96),(((98,94),100),(83,(90,82)))),75),99),(((((((79,77),(88,93)),72),80),(((84,74),(81,73)),97)),(86,(91,87))),((95,89),76)))),(61,9)),(((3,13),51),(39,55))),(((((65,48),(58,63)),20),60),(((8,41),46),(18,67)))),(((((42,(16,2)),(29,4)),(49,11)),37),((17,69),((1,(66,64)),12)))),((((27,57),6),25),53)),(((59,(54,26)),10),47)),40),23),34),62);
Guide Tree 0/16
#NNI moves:0/152
Guide Tree 1/16
#NNI moves:0/152
Guide Tree 2/16
#NNI moves:0/152
Guide Tree 3/16
#NNI moves:0/152
Guide Tree 4/16
#NNI moves:0/152
Guide Tree 5/16
#NNI moves:0/152
Guide Tree 6/16
#NNI moves:0/152
Guide Tree 7/16
#NNI moves:0/152
Guide Tree 8/16
#NNI moves:0/152
Guide Tree 9/16
#NNI moves:0/152
Guide Tree 10/16
#NNI moves:0/152
Guide Tree 11/16
#NNI moves:0/152
Guide Tree 12/16
#NNI moves:0/152
Guide Tree 13/16
#NNI moves:0/152
Guide Tree 14/16
#NNI moves:0/152
Guide Tree 15/16
#NNI moves:0/152
Remaining: 0
#NNI moves:0/152
#NNI moves:0/152
((((((((((((((((((92,78),85),96),(((90,82),83),((94,98),100))),75),99),((((((81,73),(74,84)),97),(80,(((93,88),(79,77)),72))),((91,87),86)),(76,(89,95)))),((((((36,(14,68)),(((((22,(31,5)),19),((43,(71,35)),7)),(50,15)),((33,30),28))),44),56),(21,38)),(((45,52),(24,70)),32))),(9,61)),(((3,13),51),(55,39))),((60,(((63,58),(65,48)),20)),((18,67),(46,(41,8))))),(((((42,(2,16)),(4,29)),(49,11)),37),((17,69),(((66,64),1),12)))),(53,(25,(6,(57,27))))),(((59,(26,54)),10),47)),40),23),34),62);
Guide Tree 0/16
#NNI moves:0/152
Guide Tree 1/16
#NNI moves:0/152
Guide Tree 2/16
#NNI moves:0/152
Guide Tree 3/16
#NNI moves:0/152
Guide Tree 4/16
#NNI moves:0/152
Guide Tree 5/16
#NNI moves:0/152
Guide Tree 6/16
#NNI moves:0/152
Guide Tree 7/16
#NNI moves:0/152
Guide Tree 8/16
#NNI moves:0/152
Guide Tree 9/16
#NNI moves:0/152
Guide Tree 10/16
#NNI moves:0/152
Guide Tree 11/16
#NNI moves:0/152
Guide Tree 12/16
#NNI moves:0/152
Guide Tree 13/16
#NNI moves:0/152
Guide Tree 14/16
#NNI moves:0/152
Guide Tree 15/16
#NNI moves:0/152
Remaining: 0
#NNI moves:0/152
#NNI moves:0/152
((((((((((((((((91,87),86),((((74,84),(81,73)),97),((((88,93),(79,77)),72),80))),((89,95),76)),(((((83,(90,82)),(100,(98,94))),(((78,92),85),96)),75),99)),((((((((33,30),28),(((19,((31,5),22)),(((35,71),43),7)),(15,50))),((14,68),36)),44),56),(21,38)),(((24,70),(52,45)),32))),(61,9)),(((13,3),51),(55,39))),(((((65,48),(63,58)),20),60),(((41,8),46),(67,18)))),(((69,17),(((66,64),1),12)),(((((2,16),42),(4,29)),(49,11)),37))),(((6,(27,57)),25),53)),((10,((54,26),59)),47)),40),23),34),62);
Initial score: 3.65125e+09
Initial tree: ((((((((((((((((91,87),86),((((74,84),(81,73)),97),((((88,93),(79,77)),72),80))),((89,95),76)),(((((83,(90,82)),(100,(98,94))),(((78,92),85),96)),75),99)),((((((((33,30),28),(((19,((31,5),22)),(((35,71),43),7)),(15,50))),((14,68),36)),44),56),(21,38)),(((24,70),(52,45)),32))),(61,9)),(((13,3),51),(55,39))),(((((65,48),(63,58)),20),60),(((41,8),46),(67,18)))),(((69,17),(((66,64),1),12)),(((((2,16),42),(4,29)),(49,11)),37))),(((6,(27,57)),25),53)),((10,((54,26),59)),47)),40),23),34),62);
*** Subsample Process ***
Use two-step algorithm!
#NNI moves:0/152
Remaining: 0
#NNI moves:0/152
#NNI moves:0/152
(((((((((((((((((((66,64),1),12),(17,69)),(((((2,16),42),(29,4)),(11,49)),37)),((((10,(59,(26,54))),47),((23,(34,62)),40)),(((6,(57,27)),25),53))),(((((58,63),(48,65)),20),60),(((41,8),46),(18,67)))),(((13,3),51),(55,39))),(61,9)),((((((((((22,(31,5)),19),((43,(71,35)),7)),(50,15)),((30,33),28)),((14,68),36)),44),56),(21,38)),(((70,24),(52,45)),32))),((((((90,82),83),((94,98),100)),(96,(85,(78,92)))),75),99)),((89,95),76)),(86,(87,91))),(((74,84),(73,81)),97)),80),72),(79,77)),88),93);
#NNI moves:0/152
Remaining: 0
#NNI moves:0/152
#NNI moves:0/152
((((((((((((((86,(87,91)),((97,((73,81),(74,84))),((((88,93),(79,77)),72),80))),((95,89),76)),((((96,(85,(92,78))),((83,(82,90)),((98,94),100))),75),99)),((((((((30,33),28),((50,15),(((22,(31,5)),19),(7,(43,(35,71)))))),(36,(14,68))),44),56),(38,21)),(((24,70),(52,45)),32))),(9,61)),((39,55),((3,13),51))),((((41,8),46),(18,67)),((((58,63),(48,65)),20),60))),((((((2,16),42),(4,29)),(49,11)),37),((17,69),((1,(64,66)),12)))),(((6,(27,57)),25),53)),(47,(((26,54),59),10))),40),(34,62)),23);
#NNI moves:0/152
Remaining: 0
#NNI moves:0/152
#NNI moves:0/152
(((((((((((((((((2,16),42),(4,29)),(49,11)),37),((((64,66),1),12),(17,69))),(((47,(10,(59,(54,26)))),(((62,34),23),40)),((25,(6,(27,57))),53))),(((67,18),((41,8),46)),((((58,63),(48,65)),20),60))),((39,55),((3,13),51))),(61,9)),(((((((14,68),36),((28,(30,33)),(((((71,35),43),7),(((5,31),22),19)),(50,15)))),44),56),(38,21)),(((70,24),(52,45)),32))),((((((82,90),83),((94,98),100)),(((92,78),85),96)),75),99)),(76,(89,95))),((((84,74),(81,73)),97),((((88,93),(79,77)),72),80))),86),91),87);
#NNI moves:0/152
Remaining: 0
#NNI moves:0/152
#NNI moves:0/152
(((((((((((((((((((((((35,71),43),7),(((31,5),22),19)),(15,50)),((30,33),28)),((68,14),36)),44),56),(21,38)),(((70,24),(45,52)),32)),(((((((74,84),(81,73)),97),((((88,93),(77,79)),72),80)),((87,91),86)),((89,95),76)),((((((90,82),83),(100,(94,98))),(((92,78),85),96)),75),99))),(9,61)),((39,55),(51,(3,13)))),((((41,8),46),(67,18)),((20,((58,63),(65,48))),60))),(((((66,64),1),12),(69,17)),((((29,4),((16,2),42)),(11,49)),37))),(53,(((57,27),6),25))),(40,((34,62),23))),47),10),59),54),26);
Current score: 3.65125e+09
Current tree: ((34,(23,(40,((((((((((((((((((35,71),43),7),(((31,5),22),19)),(15,50)),((30,33),28)),((68,14),36)),44),56),(21,38)),(((70,24),(45,52)),32)),(((((((74,84),(81,73)),97),((((88,93),(77,79)),72),80)),((87,91),86)),((89,95),76)),((((((90,82),83),(100,(94,98))),(((92,78),85),96)),75),99))),(9,61)),((39,55),(51,(3,13)))),((((41,8),46),(67,18)),((20,((58,63),(65,48))),60))),(((((66,64),1),12),(69,17)),((((29,4),((16,2),42)),(11,49)),37))),(53,(((57,27),6),25))),(47,(10,(59,(54,26)))))))),62);
Final Tree: ((34,(23,(40,((((((((((((((((((35,71),43),7),(((31,5),22),19)),(15,50)),((30,33),28)),((68,14),36)),44),56),(21,38)),(((70,24),(45,52)),32)),(((((((74,84),(81,73)),97),((((88,93),(77,79)),72),80)),((87,91),86)),((89,95),76)),((((((90,82),83),(100,(94,98))),(((92,78),85),96)),75),99))),(9,61)),((39,55),(51,(3,13)))),((((41,8),46),(67,18)),((20,((58,63),(65,48))),60))),(((((66,64),1),12),(69,17)),((((29,4),((16,2),42)),(11,49)),37))),(53,(((57,27),6),25))),(47,(10,(59,(54,26)))))))),62);
#EqQuartets: 3921225000
Score: 3651246043
ASTRAL for PaRalogs and Orthologs III (ASTRAL-Pro3)
*** NOW with integrated CASTLES-Pro ***
Version: v1.22.3.6
Read 512 genetrees and found 100 species.
#Genetrees: 1000
#Duploss: 0
#Species: 100
#Rounds: 4
#Samples: 4
#Threads: 1
Use two-step algorithm!
Guide Tree 0/16
#NNI moves:0/152
Guide Tree 1/16
#NNI moves:0/152
Guide Tree 2/16
#NNI moves:0/152
Guide Tree 3/16
#NNI moves:0/152
Guide Tree 4/16
#NNI moves:0/152
Guide Tree 5/16
#NNI moves:0/152
Guide Tree 6/16
#NNI moves:0/152
Guide Tree 7/16
#NNI moves:0/152
Guide Tree 8/16
#NNI moves:0/152
Guide Tree 9/16
#NNI moves:0/152
Guide Tree 10/16
#NNI moves:0/152
Guide Tree 11/16
#NNI moves:0/152
Guide Tree 12/16
#NNI moves:0/152
Guide Tree 13/16
#NNI moves:0/152
Guide Tree 14/16
#NNI moves:0/152
Guide Tree 15/16
#NNI moves:0/152
Remaining: 0
#NNI moves:0/152
#NNI moves:0/152
(((((((((((((((25,(44,31)),((19,34),8)),(((61,9),45),53)),((68,43),70)),(72,57)),((((((17,23),38),36),2),(39,18)),27)),(((3,47),(75,64)),(((37,4),33),(((((15,74),56),12),52),(49,13))))),((26,16),(76,(20,14)))),((((((((24,50),(66,71)),(1,10)),41),((29,(21,63)),((54,5),51))),30),((((46,59),28),11),(67,58))),((((((((85,92),90),77),95),(((96,100),84),((97,89),(94,93)))),(((((((91,86),87),78),81),(88,98)),99),((83,80),79))),82),((7,69),6)))),(((55,(60,32)),62),(48,73))),65),22),35),40),42);
Guide Tree 0/16
#NNI moves:0/152
Guide Tree 1/16
#NNI moves:0/152
Guide Tree 2/16
#NNI moves:0/152
Guide Tree 3/16
#NNI moves:0/152
Guide Tree 4/16
#NNI moves:0/152
Guide Tree 5/16
#NNI moves:0/152
Guide Tree 6/16
#NNI moves:0/152
Guide Tree 7/16
#NNI moves:0/152
Guide Tree 8/16
#NNI moves:0/152
Guide Tree 9/16
#NNI moves:0/152
Guide Tree 10/16
#NNI moves:0/152
Guide Tree 11/16
#NNI moves:0/152
Guide Tree 12/16
#NNI moves:0/152
Guide Tree 13/16
#NNI moves:0/152
Guide Tree 14/16
#NNI moves:0/152
Guide Tree 15/16
#NNI moves:0/152
Remaining: 0
#NNI moves:0/152
#NNI moves:0/152
((((((((((((((((34,19),8),((44,31),25)),((45,(9,61)),53)),((43,68),70)),(57,72)),(((39,18),(2,(((17,23),38),36))),27)),((((13,49),((((74,15),56),12),52)),((4,37),33)),((64,75),(3,47)))),(((14,20),76),(26,16))),(((((((((85,92),90),77),95),((84,(100,96)),((93,94),(89,97)))),(((((((91,86),87),78),81),(98,88)),99),(79,(83,80)))),82),(6,(69,7))),(((((46,59),28),11),(67,58)),(((((10,1),((24,50),(71,66))),41),(((54,5),51),((21,63),29))),30)))),((48,73),(((60,32),55),62))),65),22),35),40),42);
Guide Tree 0/16
#NNI moves:0/152
Guide Tree 1/16
#NNI moves:0/152
Guide Tree 2/16
#NNI moves:0/152
Guide Tree 3/16
#NNI moves:0/152
Guide Tree 4/16
#NNI moves:0/152
Guide Tree 5/16
#NNI moves:0/152
Guide Tree 6/16
#NNI moves:0/152
Guide Tree 7/16
#NNI moves:0/152
Guide Tree 8/16
#NNI moves:0/152
Guide Tree 9/16
#NNI moves:0/152
Guide Tree 10/16
#NNI moves:0/152
Guide Tree 11/16
#NNI moves:0/152
Guide Tree 12/16
#NNI moves:0/152
Guide Tree 13/16
#NNI moves:0/152
Guide Tree 14/16
#NNI moves:0/152
Guide Tree 15/16
#NNI moves:0/152
Remaining: 0
#NNI moves:0/152
#NNI moves:0/152
((((((((((((((((((91,86),87),78),81),(98,88)),99),((83,80),79)),((95,(77,(90,(85,92)))),(((97,89),(93,94)),((100,96),84)))),82),((69,7),6)),((((((54,5),51),(29,(63,21))),(41,(((50,24),(66,71)),(10,1)))),30),(((28,(46,59)),11),(58,67)))),((((((52,((56,(74,15)),12)),(13,49)),((37,4),33)),((3,47),(64,75))),(((((((34,19),8),((44,31),25)),((45,(61,9)),53)),((68,43),70)),(57,72)),(27,(((((17,23),38),36),2),(39,18))))),(((14,20),76),(16,26)))),((73,48),((55,(60,32)),62))),65),22),35),40),42);
Guide Tree 0/16
#NNI moves:0/152
Guide Tree 1/16
#NNI moves:0/152
Guide Tree 2/16
#NNI moves:0/152
Guide Tree 3/16
#NNI moves:0/152
Guide Tree 4/16
#NNI moves:0/152
Guide Tree 5/16
#NNI moves:0/152
Guide Tree 6/16
#NNI moves:0/152
Guide Tree 7/16
#NNI moves:0/152
Guide Tree 8/16
#NNI moves:0/152
Guide Tree 9/16
#NNI moves:0/152
Guide Tree 10/16
#NNI moves:0/152
Guide Tree 11/16
#NNI moves:0/152
Guide Tree 12/16
#NNI moves:0/152
Guide Tree 13/16
#NNI moves:0/152
Guide Tree 14/16
#NNI moves:0/152
Guide Tree 15/16
#NNI moves:0/152
Remaining: 0
#NNI moves:0/152
#NNI moves:0/152
((((((((((((((((17,23),38),36),2),(18,39)),27),((((53,((61,9),45)),(((19,34),8),((44,31),25))),(70,(43,68))),(72,57))),((((49,13),((12,((15,74),56)),52)),(33,(4,37))),((64,75),(3,47)))),((76,(20,14)),(16,26))),(((((((((((86,91),87),78),81),(88,98)),99),((80,83),79)),(((84,(96,100)),((93,94),(97,89))),(((90,(85,92)),77),95))),82),((7,69),6)),(((((((50,24),(66,71)),(1,10)),41),((51,(54,5)),((21,63),29))),30),((11,((46,59),28)),(67,58))))),((48,73),((55,(32,60)),62))),65),22),35),40),42);
Initial score: 3.49882e+09
Initial tree: ((((((((((((((((17,23),38),36),2),(18,39)),27),((((53,((61,9),45)),(((19,34),8),((44,31),25))),(70,(43,68))),(72,57))),((((49,13),((12,((15,74),56)),52)),(33,(4,37))),((64,75),(3,47)))),((76,(20,14)),(16,26))),(((((((((((86,91),87),78),81),(88,98)),99),((80,83),79)),(((84,(96,100)),((93,94),(97,89))),(((90,(85,92)),77),95))),82),((7,69),6)),(((((((50,24),(66,71)),(1,10)),41),((51,(54,5)),((21,63),29))),30),((11,((46,59),28)),(67,58))))),((48,73),((55,(32,60)),62))),65),22),35),40),42);
*** Subsample Process ***
Use two-step algorithm!
#NNI moves:0/152
Remaining: 0
#NNI moves:0/152
#NNI moves:0/152
((((((((((((((((((((((86,91),87),78),81),(98,88)),99),((83,80),79)),(((((85,92),90),77),95),(((89,97),(93,94)),((100,96),84)))),82),((69,7),6)),((((41,((1,10),((24,50),(66,71)))),(((63,21),29),(51,(5,54)))),30),(((28,(46,59)),11),(67,58)))),(((((60,32),55),62),(73,48)),((22,((40,42),35)),65))),((76,(14,20)),(16,26))),(((3,47),(75,64)),((((((15,74),56),12),52),(13,49)),(33,(4,37))))),((((((61,9),45),53),(((19,34),8),((31,44),25))),((68,43),70)),(57,72))),27),(39,18)),2),36),38),23),17);
#NNI moves:0/152
Remaining: 0
#NNI moves:0/152
#NNI moves:0/152
(((((((((((((24,50),(66,71)),(10,1)),41),(((21,63),29),((5,54),51))),30),(((28,(59,46)),11),(58,67))),((((((((((91,86),87),78),81),(98,88)),99),(79,(83,80))),((((90,(92,85)),77),95),(((97,89),(93,94)),(84,(96,100))))),82),((69,7),6))),((((((2,(36,(38,(23,17)))),(18,39)),27),((((((9,61),45),53),(((19,34),8),(25,(44,31)))),(70,(68,43))),(57,72))),(((((((15,74),56),12),52),(13,49)),(33,(37,4))),((75,64),(47,3)))),((26,16),((14,20),76)))),((((60,32),55),62),(73,48))),65),((40,42),35)),22);
#NNI moves:0/152
Remaining: 0
#NNI moves:0/152
#NNI moves:0/152
(((((((((((((((((((9,61),45),53),(((19,34),8),(25,(44,31)))),(70,(68,43))),(57,72)),((((((23,17),38),36),2),(18,39)),27)),(((47,3),(64,75)),(((((56,(74,15)),12),52),(13,49)),((4,37),33)))),((26,16),((14,20),76))),(((((60,32),55),62),(73,48)),((((42,40),35),22),65))),((((((((((86,91),87),78),81),(88,98)),99),((83,80),79)),(((((85,92),90),77),95),(((100,96),84),((97,89),(94,93))))),82),((7,69),6))),(((28,(46,59)),11),(67,58))),30),((51,(54,5)),((21,63),29))),41),(10,1)),(66,71)),24),50);
#NNI moves:0/152
Remaining: 0
#NNI moves:0/152
#NNI moves:0/152
((((((((((((((((85,92),90),77),95),(((96,100),84),((93,94),(89,97)))),(((((78,(87,(86,91))),81),(88,98)),99),((83,80),79))),82),((7,69),6)),(((58,67),(11,((59,46),28))),((((51,(54,5)),((21,63),29)),(41,(((66,71),(24,50)),(1,10)))),30))),(((((((53,(45,(61,9))),((8,(34,19)),(25,(31,44)))),((43,68),70)),(72,57)),((((((17,23),38),36),2),(39,18)),27)),(((3,47),(64,75)),(((52,(12,(56,(15,74)))),(13,49)),(33,(37,4))))),((26,16),((20,14),76)))),((((32,60),55),62),(48,73))),65),22),35),42),40);
Current score: 3.49882e+09
Current tree: ((((((((((((((((85,92),90),77),95),(((96,100),84),((93,94),(89,97)))),(((((78,(87,(86,91))),81),(88,98)),99),((83,80),79))),82),((7,69),6)),(((58,67),(11,((59,46),28))),((((51,(54,5)),((21,63),29)),(41,(((66,71),(24,50)),(1,10)))),30))),(((((((53,(45,(61,9))),((8,(34,19)),(25,(31,44)))),((43,68),70)),(72,57)),((((((17,23),38),36),2),(39,18)),27)),(((3,47),(64,75)),(((52,(12,(56,(15,74)))),(13,49)),(33,(37,4))))),((26,16),((20,14),76)))),((((32,60),55),62),(48,73))),65),22),35),40),42);
Final Tree: ((((((((((((((((85,92),90),77),95),(((96,100),84),((93,94),(89,97)))),(((((78,(87,(86,91))),81),(88,98)),99),((83,80),79))),82),((7,69),6)),(((58,67),(11,((59,46),28))),((((51,(54,5)),((21,63),29)),(41,(((66,71),(24,50)),(1,10)))),30))),(((((((53,(45,(61,9))),((8,(34,19)),(25,(31,44)))),((43,68),70)),(72,57)),((((((17,23),38),36),2),(39,18)),27)),(((3,47),(64,75)),(((52,(12,(56,(15,74)))),(13,49)),(33,(37,4))))),((26,16),((20,14),76)))),((((32,60),55),62),(48,73))),65),22),35),40),42);
#EqQuartets: 3921225000
Score: 3498816045
