ASTRAL for PaRalogs and Orthologs III (ASTRAL-Pro3)
*** NOW with integrated CASTLES-Pro ***
Version: v1.22.3.6
Read 512 genetrees and found 100 species.
#Genetrees: 997
#Duploss: 15178
#Species: 100
#Rounds: 4
#Samples: 4
#Threads: 1
Use two-step algorithm!
Guide Tree 0/16
#NNI moves:0/152
Guide Tree 1/16
#NNI moves:0/152
Guide Tree 2/16
#NNI moves:0/152
Guide Tree 3/16
#NNI moves:0/152
Guide Tree 4/16
#NNI moves:0/152
Guide Tree 5/16
#NNI moves:0/152
Guide Tree 6/16
#NNI moves:0/152
Guide Tree 7/16
#NNI moves:0/152
Guide Tree 8/16
#NNI moves:0/152
Guide Tree 9/16
#NNI moves:0/152
Guide Tree 10/16
#NNI moves:0/152
Guide Tree 11/16
#NNI moves:0/152
Guide Tree 12/16
#NNI moves:0/152
Guide Tree 13/16
#NNI moves:0/152
Guide Tree 14/16
#NNI moves:0/152
Guide Tree 15/16
#NNI moves:0/152
Remaining: 0
#NNI moves:2/152
#NNI moves:2/152
((((((((((((((34,((55,69),35)),(70,(40,86))),(65,24)),((((21,90),87),79),75)),(((((((95,92),100),(43,13)),(((53,(26,56)),(((60,27),29),45)),80)),((64,72),78)),(((84,59),(74,73)),((85,46),(48,22)))),(98,54))),((49,89),(57,(32,96)))),((((81,88),(62,82)),((42,67),((((14,99),(66,28)),83),61))),(37,38))),(((20,93),((25,31),(47,52))),((19,58),63))),((((((9,6),10),((1,11),8)),(3,12)),7),(2,(5,4)))),(((76,(68,15)),(18,51)),((17,39),(41,33)))),(91,(36,(30,94)))),77),((44,(50,23)),(71,16))),97);
Guide Tree 0/16
#NNI moves:0/152
Guide Tree 1/16
#NNI moves:0/152
Guide Tree 2/16
#NNI moves:0/152
Guide Tree 3/16
#NNI moves:0/152
Guide Tree 4/16
#NNI moves:0/152
Guide Tree 5/16
#NNI moves:0/152
Guide Tree 6/16
#NNI moves:0/152
Guide Tree 7/16
#NNI moves:0/152
Guide Tree 8/16
#NNI moves:0/152
Guide Tree 9/16
#NNI moves:0/152
Guide Tree 10/16
#NNI moves:0/152
Guide Tree 11/16
#NNI moves:0/152
Guide Tree 12/16
#NNI moves:0/152
Guide Tree 13/16
#NNI moves:0/152
Guide Tree 14/16
#NNI moves:0/152
Guide Tree 15/16
#NNI moves:0/152
Remaining: 0
#NNI moves:0/152
#NNI moves:0/152
((((((((((((((78,(72,64)),((((45,(29,(60,27))),((26,56),53)),80),((13,43),(100,(95,92))))),(((84,59),(73,74)),((48,22),(46,85)))),(54,98)),((((((69,55),35),34),((86,40),70)),(24,65)),(((87,(21,90)),79),75))),((49,89),((96,32),57))),((((42,67),((83,((14,99),(66,28))),61)),((88,81),(62,82))),(38,37))),(((58,19),63),(((47,52),(25,31)),(20,93)))),((((((11,1),8),(10,(6,9))),(12,3)),7),((4,5),2))),(((17,39),(33,41)),((51,18),(76,(68,15))))),(91,((94,30),36))),77),((16,71),((23,50),44))),97);
Guide Tree 0/16
#NNI moves:0/152
Guide Tree 1/16
#NNI moves:0/152
Guide Tree 2/16
#NNI moves:0/152
Guide Tree 3/16
#NNI moves:0/152
Guide Tree 4/16
#NNI moves:0/152
Guide Tree 5/16
#NNI moves:0/152
Guide Tree 6/16
#NNI moves:0/152
Guide Tree 7/16
#NNI moves:0/152
Guide Tree 8/16
#NNI moves:0/152
Guide Tree 9/16
#NNI moves:0/152
Guide Tree 10/16
#NNI moves:0/152
Guide Tree 11/16
#NNI moves:0/152
Guide Tree 12/16
#NNI moves:0/152
Guide Tree 13/16
#NNI moves:0/152
Guide Tree 14/16
#NNI moves:0/152
Guide Tree 15/16
#NNI moves:0/152
Remaining: 0
#NNI moves:0/152
#NNI moves:0/152
(((((((((((((((84,59),(74,73)),((46,85),(22,48))),(((72,64),78),(((((26,56),53),(45,(29,(27,60)))),80),((43,13),((95,92),100))))),(98,54)),((75,(((90,21),87),79)),(((((69,55),35),34),((86,40),70)),(24,65)))),((57,(32,96)),(49,89))),((((61,(((28,66),(99,14)),83)),(67,42)),((62,82),(81,88))),(37,38))),((((47,52),(25,31)),(20,93)),((58,19),63))),((((((1,11),8),((6,9),10)),(3,12)),7),((5,4),2))),(((18,51),(76,(15,68))),((41,33),(39,17)))),(91,((94,30),36))),77),((16,71),((23,50),44))),97);
Guide Tree 0/16
#NNI moves:0/152
Guide Tree 1/16
#NNI moves:0/152
Guide Tree 2/16
#NNI moves:0/152
Guide Tree 3/16
#NNI moves:0/152
Guide Tree 4/16
#NNI moves:0/152
Guide Tree 5/16
#NNI moves:0/152
Guide Tree 6/16
#NNI moves:0/152
Guide Tree 7/16
#NNI moves:0/152
Guide Tree 8/16
#NNI moves:0/152
Guide Tree 9/16
#NNI moves:0/152
Guide Tree 10/16
#NNI moves:0/152
Guide Tree 11/16
#NNI moves:0/152
Guide Tree 12/16
#NNI moves:0/152
Guide Tree 13/16
#NNI moves:0/152
Guide Tree 14/16
#NNI moves:0/152
Guide Tree 15/16
#NNI moves:0/152
Remaining: 0
#NNI moves:0/152
#NNI moves:0/152
(((((((((((((79,((21,90),87)),75),((((40,86),70),(((69,55),35),34)),(24,65))),(((((((((27,60),29),45),((26,56),53)),80),(((95,92),100),(43,13))),((64,72),78)),(((59,84),(73,74)),((85,46),(48,22)))),(98,54))),(((32,96),57),(49,89))),((38,37),(((81,88),(82,62)),(((((14,99),(66,28)),83),61),(42,67))))),((((52,47),(25,31)),(20,93)),(63,(19,58)))),((7,(((8,(1,11)),((6,9),10)),(3,12))),(2,(5,4)))),(((51,18),((15,68),76)),((33,41),(17,39)))),((36,(94,30)),91)),77),((71,16),(44,(23,50)))),97);
Initial score: 1.38623e+09
Initial tree: (((((((((((((79,((21,90),87)),75),((((40,86),70),(((69,55),35),34)),(24,65))),(((((((((27,60),29),45),((26,56),53)),80),(((95,92),100),(43,13))),((64,72),78)),(((59,84),(73,74)),((85,46),(48,22)))),(98,54))),(((32,96),57),(49,89))),((38,37),(((81,88),(82,62)),(((((14,99),(66,28)),83),61),(42,67))))),((((52,47),(25,31)),(20,93)),(63,(19,58)))),((7,(((8,(1,11)),((6,9),10)),(3,12))),(2,(5,4)))),(((51,18),((15,68),76)),((33,41),(17,39)))),((36,(94,30)),91)),77),((71,16),(44,(23,50)))),97);
*** Subsample Process ***
Use two-step algorithm!
#NNI moves:0/152
Remaining: 0
#NNI moves:0/152
#NNI moves:0/152
((((((((((((18,51),((15,68),76)),((41,33),(39,17))),(((((44,(23,50)),(71,16)),97),77),((36,(94,30)),91))),((((((6,9),10),((11,1),8)),(3,12)),7),((4,5),2))),((((25,31),(52,47)),(93,20)),((19,58),63))),(((((((99,14),(66,28)),83),61),(42,67)),((62,82),(81,88))),(37,38))),((57,(32,96)),(89,49))),((((((((29,(27,60)),45),((56,26),53)),80),(((95,92),100),(13,43))),((64,72),78)),(((59,84),(74,73)),((46,85),(48,22)))),(98,54))),((((35,(69,55)),34),((86,40),70)),(24,65))),(((21,90),87),79)),75);
#NNI moves:0/152
Remaining: 1
#NNI moves:0/152
#NNI moves:0/152
(((((((((((((((((((((27,60),29),45),((56,26),53)),80),((13,43),(100,(92,95)))),((72,64),78)),(((84,59),(74,73)),((46,85),(22,48)))),(98,54)),((((70,(86,40)),(34,((69,55),35))),(24,65)),((((21,90),87),79),75))),((57,(96,32)),(49,89))),((38,37),((((((28,66),(99,14)),83),61),(67,42)),((82,62),(88,81))))),((63,(58,19)),(((25,31),(47,52)),(20,93)))),((((((9,6),10),((11,1),8)),(3,12)),7),((5,4),2))),((((68,15),76),(51,18)),((17,39),(33,41)))),(((94,30),36),91)),77),97),(16,71)),(50,23)),44);
#NNI moves:0/152
Remaining: 0
#NNI moves:0/152
#NNI moves:0/152
(((((((((((((((((3,12),(((1,11),8),(10,(6,9)))),7),((4,5),2)),((((41,33),(39,17)),((51,18),((68,15),76))),((91,((30,94),36)),(((((23,50),44),(71,16)),97),77)))),((((52,47),(25,31)),(93,20)),(63,(58,19)))),((((42,67),((83,((28,66),(99,14))),61)),((82,62),(88,81))),(38,37))),((57,(32,96)),(49,89))),(((((90,21),87),79),75),(((70,(86,40)),(34,((69,55),35))),(65,24)))),(98,54)),(((85,46),(22,48)),((59,84),(73,74)))),((64,72),78)),(80,(((56,26),53),(((27,60),29),45)))),(13,43)),100),95),92);
#NNI moves:0/152
Remaining: 0
#NNI moves:0/152
#NNI moves:0/152
((((((((((((((59,84),(74,73)),((85,46),(48,22))),((((((26,56),53),((29,(60,27)),45)),80),(((95,92),100),(13,43))),((64,72),78))),(54,98)),(((((40,86),70),(34,(35,(69,55)))),(24,65)),((((21,90),87),79),75))),((89,49),((32,96),57))),((((42,67),((((14,99),(66,28)),83),61)),((88,81),(62,82))),(38,37))),((((52,47),(25,31)),(20,93)),(63,(19,58)))),(((5,4),2),(((((1,11),8),((6,9),10)),(3,12)),7))),(((18,51),((15,68),76)),((33,41),(39,17)))),(91,((30,94),36))),(((16,71),((23,50),44)),97)),77);
Current score: 1.38623e+09
Current tree: ((((16,71),((23,50),44)),(((((((((((((59,84),(74,73)),((85,46),(48,22))),((((((26,56),53),((29,(60,27)),45)),80),(((95,92),100),(13,43))),((64,72),78))),(54,98)),(((((40,86),70),(34,(35,(69,55)))),(24,65)),((((21,90),87),79),75))),((89,49),((32,96),57))),((((42,67),((((14,99),(66,28)),83),61)),((88,81),(62,82))),(38,37))),((((52,47),(25,31)),(20,93)),(63,(19,58)))),(((5,4),2),(((((1,11),8),((6,9),10)),(3,12)),7))),(((18,51),((15,68),76)),((33,41),(39,17)))),(91,((30,94),36))),77)),97);
Final Tree: ((((16,71),((23,50),44)),(((((((((((((59,84),(74,73)),((85,46),(48,22))),((((((26,56),53),((29,(60,27)),45)),80),(((95,92),100),(13,43))),((64,72),78))),(54,98)),(((((40,86),70),(34,(35,(69,55)))),(24,65)),((((21,90),87),79),75))),((89,49),((32,96),57))),((((42,67),((((14,99),(66,28)),83),61)),((88,81),(62,82))),(38,37))),((((52,47),(25,31)),(20,93)),(63,(19,58)))),(((5,4),2),(((((1,11),8),((6,9),10)),(3,12)),7))),(((18,51),((15,68),76)),((33,41),(39,17)))),(91,((30,94),36))),77)),97);
#EqQuartets: 1489045948
Score: 1386233973
ASTRAL for PaRalogs and Orthologs III (ASTRAL-Pro3)
*** NOW with integrated CASTLES-Pro ***
Version: v1.22.3.6
Read 512 genetrees and found 100 species.
#Genetrees: 1000
#Duploss: 18125
#Species: 100
#Rounds: 4
#Samples: 4
#Threads: 1
Use two-step algorithm!
Guide Tree 0/16
#NNI moves:0/152
Guide Tree 1/16
#NNI moves:0/152
Guide Tree 2/16
#NNI moves:0/152
Guide Tree 3/16
#NNI moves:0/152
Guide Tree 4/16
#NNI moves:0/152
Guide Tree 5/16
#NNI moves:0/152
Guide Tree 6/16
#NNI moves:0/152
Guide Tree 7/16
#NNI moves:0/152
Guide Tree 8/16
#NNI moves:0/152
Guide Tree 9/16
#NNI moves:0/152
Guide Tree 10/16
#NNI moves:0/152
Guide Tree 11/16
#NNI moves:0/152
Guide Tree 12/16
#NNI moves:0/152
Guide Tree 13/16
#NNI moves:0/152
Guide Tree 14/16
#NNI moves:0/152
Guide Tree 15/16
#NNI moves:0/152
Remaining: 0
#NNI moves:0/152
#NNI moves:0/152
(((((((((((((20,32),(13,35)),((29,(37,12)),(44,(25,(24,41))))),(((10,21),30),(5,23))),(((42,43),17),((15,31),39))),((((((((((82,(65,63)),92),61),59),51),((((72,94),83),((97,84),88)),(55,66))),((46,87),86)),(57,(98,54))),(((((76,90),(47,95)),56),((74,79),(70,89))),67)),((((((69,85),52),(73,(48,58))),((71,80),(((64,68),91),((49,100),(78,96))))),(50,(75,(53,(99,77))))),((60,93),(62,81))))),((((((9,7),33),28),14),11),((26,2),8))),36),(45,((22,19),(6,27)))),(40,38)),(34,(3,1))),(18,4)),16);
Guide Tree 0/16
#NNI moves:0/152
Guide Tree 1/16
#NNI moves:0/152
Guide Tree 2/16
#NNI moves:0/152
Guide Tree 3/16
#NNI moves:0/152
Guide Tree 4/16
#NNI moves:0/152
Guide Tree 5/16
#NNI moves:0/152
Guide Tree 6/16
#NNI moves:0/152
Guide Tree 7/16
#NNI moves:0/152
Guide Tree 8/16
#NNI moves:0/152
Guide Tree 9/16
#NNI moves:0/152
Guide Tree 10/16
#NNI moves:0/152
Guide Tree 11/16
#NNI moves:0/152
Guide Tree 12/16
#NNI moves:0/152
Guide Tree 13/16
#NNI moves:0/152
Guide Tree 14/16
#NNI moves:0/152
Guide Tree 15/16
#NNI moves:0/152
Remaining: 0
#NNI moves:0/152
#NNI moves:0/152
((((((((((((((89,70),(74,79)),(((90,76),(95,47)),56)),67),(((54,98),57),(((((((82,(65,63)),92),61),59),51),((66,55),((88,(97,84)),(83,(94,72))))),((46,87),86)))),((((((91,(64,68)),((96,78),(100,49))),(80,71)),((73,(48,58)),((85,69),52))),(((53,(99,77)),75),50)),((93,60),(62,81)))),(((((13,35),(32,20)),((44,((24,41),25)),((12,37),29))),((23,5),(30,(10,21)))),((17,(43,42)),((15,31),39)))),((((((7,9),33),28),14),11),(8,(26,2)))),36),(((19,22),(27,6)),45)),(40,38)),(34,(3,1))),(18,4)),16);
Guide Tree 0/16
#NNI moves:0/152
Guide Tree 1/16
#NNI moves:0/152
Guide Tree 2/16
#NNI moves:0/152
Guide Tree 3/16
#NNI moves:0/152
Guide Tree 4/16
#NNI moves:0/152
Guide Tree 5/16
#NNI moves:0/152
Guide Tree 6/16
#NNI moves:0/152
Guide Tree 7/16
#NNI moves:0/152
Guide Tree 8/16
#NNI moves:0/152
Guide Tree 9/16
#NNI moves:0/152
Guide Tree 10/16
#NNI moves:0/152
Guide Tree 11/16
#NNI moves:0/152
Guide Tree 12/16
#NNI moves:0/152
Guide Tree 13/16
#NNI moves:0/152
Guide Tree 14/16
#NNI moves:0/152
Guide Tree 15/16
#NNI moves:0/152
Remaining: 0
#NNI moves:2/152
#NNI moves:2/152
((((((((((((((73,(48,58)),((69,85),52)),((((96,78),(100,49)),(91,(64,68))),(80,71))),((((99,77),53),75),50)),((62,81),(60,93))),(((((((61,(((63,65),82),92)),59),51),(((83,(94,72)),((84,97),88)),(66,55))),(86,(87,46))),((54,98),57)),(((((90,76),(47,95)),56),((74,79),(70,89))),67))),((((23,5),((10,21),30)),(((29,(12,37)),((25,(41,24)),44)),((13,35),(32,20)))),(((42,43),17),(39,(15,31))))),(((((33,(7,9)),28),14),11),((26,2),8))),36),(((19,22),(6,27)),45)),(38,40)),((1,3),34)),(18,4)),16);
Guide Tree 0/16
#NNI moves:0/152
Guide Tree 1/16
#NNI moves:0/152
Guide Tree 2/16
#NNI moves:0/152
Guide Tree 3/16
#NNI moves:0/152
Guide Tree 4/16
#NNI moves:0/152
Guide Tree 5/16
#NNI moves:0/152
Guide Tree 6/16
#NNI moves:0/152
Guide Tree 7/16
#NNI moves:0/152
Guide Tree 8/16
#NNI moves:0/152
Guide Tree 9/16
#NNI moves:0/152
Guide Tree 10/16
#NNI moves:0/152
Guide Tree 11/16
#NNI moves:0/152
Guide Tree 12/16
#NNI moves:0/152
Guide Tree 13/16
#NNI moves:0/152
Guide Tree 14/16
#NNI moves:0/152
Guide Tree 15/16
#NNI moves:0/152
Remaining: 0
#NNI moves:0/152
#NNI moves:0/152
(((((((((((((((((84,97),88),((94,72),83)),(66,55)),((((92,(82,(65,63))),61),59),51)),((46,87),86)),(57,(54,98))),(((((47,95),(76,90)),56),((79,74),(70,89))),67)),((((((48,58),73),((69,85),52)),(((91,(68,64)),((49,100),(96,78))),(71,80))),(50,((53,(99,77)),75))),((81,62),(60,93)))),((((((12,37),29),(((24,41),25),44)),((35,13),(20,32))),(((21,10),30),(5,23))),(((42,43),17),((31,15),39)))),((11,(14,((33,(9,7)),28))),(8,(26,2)))),36),(((22,19),(6,27)),45)),(40,38)),((3,1),34)),(18,4)),16);
Initial score: 1.12187e+09
Initial tree: (((((((((((((((((84,97),88),((94,72),83)),(66,55)),((((92,(82,(65,63))),61),59),51)),((46,87),86)),(57,(54,98))),(((((47,95),(76,90)),56),((79,74),(70,89))),67)),((((((48,58),73),((69,85),52)),(((91,(68,64)),((49,100),(96,78))),(71,80))),(50,((53,(99,77)),75))),((81,62),(60,93)))),((((((12,37),29),(((24,41),25),44)),((35,13),(20,32))),(((21,10),30),(5,23))),(((42,43),17),((31,15),39)))),((11,(14,((33,(9,7)),28))),(8,(26,2)))),36),(((22,19),(6,27)),45)),(40,38)),((3,1),34)),(18,4)),16);
*** Subsample Process ***
Use two-step algorithm!
#NNI moves:0/152
Remaining: 0
#NNI moves:0/152
#NNI moves:0/152
(((((((((((((((69,85),52),((48,58),73)),((((64,68),91),((78,96),(100,49))),(71,80))),(((53,(77,99)),75),50)),((81,62),(93,60))),((((((29,(37,12)),((25,(41,24)),44)),((32,20),(13,35))),(((21,10),30),(23,5))),((39,(15,31)),((42,43),17))),((((((33,(7,9)),28),14),11),((2,26),8)),((((((18,4),16),((3,1),34)),(38,40)),(((22,19),(6,27)),45)),36)))),(((((47,95),(90,76)),56),((74,79),(70,89))),67)),(57,(98,54))),(86,(46,87))),(((((82,(65,63)),92),61),59),51)),(66,55)),((97,84),88)),(94,72)),83);
#NNI moves:0/152
Remaining: 0
#NNI moves:0/152
#NNI moves:0/152
((((((((((((((((((92,((63,65),82)),61),59),51),((((97,84),88),(83,(94,72))),(66,55))),((46,87),86)),(57,(54,98))),(((((95,47),(90,76)),56),((79,74),(70,89))),67)),(((((73,(48,58)),((85,69),52)),((71,80),(((78,96),(49,100)),((64,68),91)))),((((77,99),53),75),50)),((60,93),(62,81)))),((((31,15),39),((42,43),17)),(((((37,12),29),(44,((24,41),25))),((20,32),(13,35))),((23,5),((21,10),30))))),((((((9,7),33),28),14),11),(8,(26,2)))),36),(((22,19),(27,6)),45)),(38,40)),(34,(1,3))),16),4),18);
#NNI moves:0/152
Remaining: 0
#NNI moves:0/152
#NNI moves:0/152
(((((((((((((((((38,40),((34,(1,3)),(16,(18,4)))),(45,((22,19),(6,27)))),36),((11,((28,((9,7),33)),14)),((26,2),8))),((((42,43),17),((31,15),39)),(((((25,(41,24)),44),((12,37),29)),((20,32),(13,35))),((30,(21,10)),(23,5))))),((((((48,58),73),(52,(69,85))),((((49,100),(78,96)),((64,68),91)),(71,80))),(((53,(77,99)),75),50)),((93,60),(81,62)))),(((((95,47),(90,76)),56),((79,74),(70,89))),67)),(57,(98,54))),((87,46),86)),(((88,(97,84)),((72,94),83)),(55,66))),51),59),61),92),(63,65)),82);
#NNI moves:0/152
Remaining: 0
#NNI moves:0/152
#NNI moves:0/152
(((((((((((((((((92,(82,(65,63))),61),59),51),((((94,72),83),((97,84),88)),(55,66))),((46,87),86)),((98,54),57)),(((56,((47,95),(76,90))),((89,70),(74,79))),67)),((((((69,85),52),((58,48),73)),((71,80),(((68,64),91),((49,100),(78,96))))),((((99,77),53),75),50)),((60,93),(81,62)))),(((((29,(12,37)),(((24,41),25),44)),((35,13),(20,32))),((5,23),((21,10),30))),(((31,15),39),((42,43),17)))),((((28,(33,(9,7))),14),11),((26,2),8))),36),(((19,22),(6,27)),45)),(38,40)),((4,18),16)),(1,3)),34);
Current score: 1.12187e+09
Current tree: (((4,18),(((((((((((((((92,(82,(65,63))),61),59),51),((((94,72),83),((97,84),88)),(55,66))),((46,87),86)),((98,54),57)),(((56,((47,95),(76,90))),((89,70),(74,79))),67)),((((((69,85),52),((58,48),73)),((71,80),(((68,64),91),((49,100),(78,96))))),((((99,77),53),75),50)),((60,93),(81,62)))),(((((29,(12,37)),(((24,41),25),44)),((35,13),(20,32))),((5,23),((21,10),30))),(((31,15),39),((42,43),17)))),((((28,(33,(9,7))),14),11),((26,2),8))),36),(((19,22),(6,27)),45)),(38,40)),((1,3),34))),16);
Final Tree: (((4,18),(((((((((((((((92,(82,(65,63))),61),59),51),((((94,72),83),((97,84),88)),(55,66))),((46,87),86)),((98,54),57)),(((56,((47,95),(76,90))),((89,70),(74,79))),67)),((((((69,85),52),((58,48),73)),((71,80),(((68,64),91),((49,100),(78,96))))),((((99,77),53),75),50)),((60,93),(81,62)))),(((((29,(12,37)),(((24,41),25),44)),((35,13),(20,32))),((5,23),((21,10),30))),(((31,15),39),((42,43),17)))),((((28,(33,(9,7))),14),11),((26,2),8))),36),(((19,22),(6,27)),45)),(38,40)),((1,3),34))),16);
#EqQuartets: 1270189228
Score: 1121873495
ASTRAL for PaRalogs and Orthologs III (ASTRAL-Pro3)
*** NOW with integrated CASTLES-Pro ***
Version: v1.22.3.6
Read 512 genetrees and found 100 species.
#Genetrees: 1000
#Duploss: 15076
#Species: 100
#Rounds: 4
#Samples: 4
#Threads: 1
Use two-step algorithm!
Guide Tree 0/16
#NNI moves:0/152
Guide Tree 1/16
#NNI moves:0/152
Guide Tree 2/16
#NNI moves:0/152
Guide Tree 3/16
#NNI moves:0/152
Guide Tree 4/16
#NNI moves:0/152
Guide Tree 5/16
#NNI moves:0/152
Guide Tree 6/16
#NNI moves:0/152
Guide Tree 7/16
#NNI moves:0/152
Guide Tree 8/16
#NNI moves:0/152
Guide Tree 9/16
#NNI moves:0/152
Guide Tree 10/16
#NNI moves:0/152
Guide Tree 11/16
#NNI moves:0/152
Guide Tree 12/16
#NNI moves:0/152
Guide Tree 13/16
#NNI moves:0/152
Guide Tree 14/16
#NNI moves:0/152
Guide Tree 15/16
#NNI moves:0/152
Remaining: 0
#NNI moves:0/152
#NNI moves:0/152
((((((((((((30,10),((8,2),(11,5))),7),23),(20,41)),((36,(39,34)),28)),((16,((12,26),14)),21)),((((17,15),(33,40)),25),((((6,3),24),(13,18)),(27,(42,29))))),(((19,32),38),(((((22,31),35),1),(37,4)),9))),(((((((((63,(43,53)),81),(((79,59),97),88)),87),(85,51)),((((49,(69,86)),48),(47,100)),((74,60),(82,98)))),(70,72)),((((((52,(83,64)),(96,77)),73),(((66,57),(55,65)),(45,80))),((75,67),95)),(50,(58,92)))),(((((94,(84,61)),(91,89)),76),93),(((((62,71),46),68),44),54)))),((56,78),90)),99);
Guide Tree 0/16
#NNI moves:0/152
Guide Tree 1/16
#NNI moves:0/152
Guide Tree 2/16
#NNI moves:0/152
Guide Tree 3/16
#NNI moves:0/152
Guide Tree 4/16
#NNI moves:0/152
Guide Tree 5/16
#NNI moves:0/152
Guide Tree 6/16
#NNI moves:0/152
Guide Tree 7/16
#NNI moves:0/152
Guide Tree 8/16
#NNI moves:0/152
Guide Tree 9/16
#NNI moves:0/152
Guide Tree 10/16
#NNI moves:0/152
Guide Tree 11/16
#NNI moves:0/152
Guide Tree 12/16
#NNI moves:0/152
Guide Tree 13/16
#NNI moves:0/152
Guide Tree 14/16
#NNI moves:0/152
Guide Tree 15/16
#NNI moves:0/152
Remaining: 0
#NNI moves:0/152
#NNI moves:0/152
(((((((((((((79,59),97),88),((63,(53,43)),81)),87),(51,85)),(((60,74),(82,98)),((100,47),(((69,86),49),48)))),(72,70)),((((((52,(83,64)),(77,96)),73),((80,45),((65,55),(57,66)))),((67,75),95)),((92,58),50))),((54,((((71,62),46),68),44)),(93,((((61,84),94),(89,91)),76)))),((((((15,17),(33,40)),25),(((13,18),(24,(3,6))),((29,42),27))),(((((7,(((2,8),(11,5)),(10,30))),23),(20,41)),(28,(36,(34,39)))),((16,((26,12),14)),21))),(((((35,(31,22)),1),(37,4)),9),((19,32),38)))),((78,56),90)),99);
Guide Tree 0/16
#NNI moves:0/152
Guide Tree 1/16
#NNI moves:0/152
Guide Tree 2/16
#NNI moves:0/152
Guide Tree 3/16
#NNI moves:0/152
Guide Tree 4/16
#NNI moves:0/152
Guide Tree 5/16
#NNI moves:0/152
Guide Tree 6/16
#NNI moves:0/152
Guide Tree 7/16
#NNI moves:0/152
Guide Tree 8/16
#NNI moves:0/152
Guide Tree 9/16
#NNI moves:0/152
Guide Tree 10/16
#NNI moves:0/152
Guide Tree 11/16
#NNI moves:0/152
Guide Tree 12/16
#NNI moves:0/152
Guide Tree 13/16
#NNI moves:0/152
Guide Tree 14/16
#NNI moves:0/152
Guide Tree 15/16
#NNI moves:0/152
Remaining: 0
#NNI moves:0/152
#NNI moves:0/152
((((((((((((69,86),49),48),(47,100)),((60,74),(98,82))),((((81,((53,43),63)),(88,((59,79),97))),87),(85,51))),(72,70)),((((((52,(83,64)),(96,77)),73),(((55,65),(57,66)),(80,45))),(95,(75,67))),((58,92),50))),((((68,((71,62),46)),44),54),((((94,(84,61)),(89,91)),76),93))),((((21,((14,(12,26)),16)),(((20,41),((((30,10),((8,2),(5,11))),7),23)),(((39,34),36),28))),((((18,13),((6,3),24)),((42,29),27)),(((15,17),(33,40)),25))),(((((35,(22,31)),1),(37,4)),9),((19,32),38)))),((56,78),90)),99);
Guide Tree 0/16
#NNI moves:0/152
Guide Tree 1/16
#NNI moves:0/152
Guide Tree 2/16
#NNI moves:0/152
Guide Tree 3/16
#NNI moves:0/152
Guide Tree 4/16
#NNI moves:0/152
Guide Tree 5/16
#NNI moves:0/152
Guide Tree 6/16
#NNI moves:0/152
Guide Tree 7/16
#NNI moves:0/152
Guide Tree 8/16
#NNI moves:0/152
Guide Tree 9/16
#NNI moves:0/152
Guide Tree 10/16
#NNI moves:0/152
Guide Tree 11/16
#NNI moves:0/152
Guide Tree 12/16
#NNI moves:0/152
Guide Tree 13/16
#NNI moves:0/152
Guide Tree 14/16
#NNI moves:0/152
Guide Tree 15/16
#NNI moves:0/152
Remaining: 0
#NNI moves:0/152
#NNI moves:0/152
((((((((95,(75,67)),(((((83,64),52),(77,96)),73),(((57,66),(65,55)),(45,80)))),(50,(92,58))),(((((48,((69,86),49)),(47,100)),((60,74),(82,98))),((51,85),(((((53,43),63),81),(((79,59),97),88)),87))),(70,72))),(((44,((46,(62,71)),68)),54),((((89,91),(94,(61,84))),76),93))),((((((((((5,11),(8,2)),(30,10)),7),23),(20,41)),((36,(34,39)),28)),(((14,(12,26)),16),21)),((25,((15,17),(33,40))),(((13,18),((6,3),24)),(27,(42,29))))),(((32,19),38),(9,((((31,22),35),1),(37,4)))))),((56,78),90)),99);
Initial score: 1.29573e+09
Initial tree: ((((((((95,(75,67)),(((((83,64),52),(77,96)),73),(((57,66),(65,55)),(45,80)))),(50,(92,58))),(((((48,((69,86),49)),(47,100)),((60,74),(82,98))),((51,85),(((((53,43),63),81),(((79,59),97),88)),87))),(70,72))),(((44,((46,(62,71)),68)),54),((((89,91),(94,(61,84))),76),93))),((((((((((5,11),(8,2)),(30,10)),7),23),(20,41)),((36,(34,39)),28)),(((14,(12,26)),16),21)),((25,((15,17),(33,40))),(((13,18),((6,3),24)),(27,(42,29))))),(((32,19),38),(9,((((31,22),35),1),(37,4)))))),((56,78),90)),99);
*** Subsample Process ***
Use two-step algorithm!
#NNI moves:0/152
Remaining: 0
#NNI moves:0/152
#NNI moves:0/152
((((((((((((((((((((30,10),((2,8),(5,11))),7),23),(41,20)),(28,((39,34),36))),(21,(16,((12,26),14)))),((((24,(6,3)),(18,13)),((42,29),27)),(((40,33),(15,17)),25))),((((37,4),(1,((31,22),35))),9),((32,19),38))),(((56,78),90),99)),(((44,(((71,62),46),68)),54),((((94,(84,61)),(91,89)),76),93))),((((((((43,53),63),81),(((59,79),97),88)),87),(51,85)),(((98,82),(60,74)),((48,((86,69),49)),(100,47)))),(70,72))),((58,92),50)),((75,67),95)),((45,80),((65,55),(57,66)))),73),(96,77)),52),64),83);
#NNI moves:0/152
Remaining: 0
#NNI moves:0/152
#NNI moves:0/152
(((((((((((((((53,43),63),81),(((59,79),97),88)),87),(85,51)),(((82,98),(74,60)),((47,100),((49,(86,69)),48)))),(72,70)),((((75,67),95),((((52,(83,64)),(96,77)),73),(((55,65),(57,66)),(45,80)))),((58,92),50))),((((((62,71),46),68),44),54),((((91,89),((61,84),94)),76),93))),((((((((((5,11),(2,8)),(10,30)),7),23),(41,20)),(((39,34),36),28)),((16,((12,26),14)),21)),((((42,29),27),((24,(6,3)),(18,13))),(((17,15),(33,40)),25))),((((37,4),((35,(22,31)),1)),9),((19,32),38)))),99),90),78),56);
#NNI moves:0/152
Remaining: 0
#NNI moves:0/152
#NNI moves:0/152
((((((((((((((((((12,26),14),16),21),(((((((8,2),(5,11)),(30,10)),7),23),(41,20)),(28,((34,39),36)))),(((27,(42,29)),((24,(6,3)),(18,13))),(((17,15),(33,40)),25))),(((19,32),38),(((1,((31,22),35)),(37,4)),9))),(((56,78),90),99)),(((44,(68,((71,62),46))),54),(((((84,61),94),(89,91)),76),93))),(((((((83,64),52),(96,77)),73),((45,80),((66,57),(55,65)))),((67,75),95)),((92,58),50))),(72,70)),(((74,60),(82,98)),((100,47),(48,(49,(69,86)))))),(85,51)),87),(((59,79),97),88)),81),(43,53)),63);
#NNI moves:0/152
Remaining: 0
#NNI moves:0/152
#NNI moves:0/152
(((((((((((((((((((57,66),(65,55)),(45,80)),(73,((96,77),((64,83),52)))),((75,67),95)),(50,(58,92))),(((((47,100),(48,(49,(69,86)))),((60,74),(82,98))),((((((53,43),63),81),((97,(59,79)),88)),87),(51,85))),(70,72))),(((((94,(61,84)),(89,91)),76),93),(((68,(46,(71,62))),44),54))),(((78,56),90),99)),(((19,32),38),((((35,(22,31)),1),(4,37)),9))),((25,((17,15),(40,33))),((((3,6),24),(13,18)),(27,(29,42))))),(21,(((12,26),14),16))),(((39,34),36),28)),(20,41)),23),7),((8,2),(11,5))),10),30);
Current score: 1.29573e+09
Current tree: ((((78,56),90),(((((((((57,66),(65,55)),(45,80)),(73,((96,77),((64,83),52)))),((75,67),95)),(50,(58,92))),(((((47,100),(48,(49,(69,86)))),((60,74),(82,98))),((((((53,43),63),81),((97,(59,79)),88)),87),(51,85))),(70,72))),(((((94,(61,84)),(89,91)),76),93),(((68,(46,(71,62))),44),54))),((((19,32),38),((((35,(22,31)),1),(4,37)),9)),(((25,((17,15),(40,33))),((((3,6),24),(13,18)),(27,(29,42)))),((21,(((12,26),14),16)),((((39,34),36),28),((20,41),(23,(7,(((8,2),(11,5)),(10,30))))))))))),99);
Final Tree: ((((78,56),90),(((((((((57,66),(65,55)),(45,80)),(73,((96,77),((64,83),52)))),((75,67),95)),(50,(58,92))),(((((47,100),(48,(49,(69,86)))),((60,74),(82,98))),((((((53,43),63),81),((97,(59,79)),88)),87),(51,85))),(70,72))),(((((94,(61,84)),(89,91)),76),93),(((68,(46,(71,62))),44),54))),((((19,32),38),((((35,(22,31)),1),(4,37)),9)),(((25,((17,15),(40,33))),((((3,6),24),(13,18)),(27,(29,42)))),((21,(((12,26),14),16)),((((39,34),36),28),((20,41),(23,(7,(((8,2),(11,5)),(10,30))))))))))),99);
#EqQuartets: 1399441356
Score: 1295727727
ASTRAL for PaRalogs and Orthologs III (ASTRAL-Pro3)
*** NOW with integrated CASTLES-Pro ***
Version: v1.22.3.6
Read 512 genetrees and found 100 species.
#Genetrees: 999
#Duploss: 15999
#Species: 100
#Rounds: 4
#Samples: 4
#Threads: 1
Use two-step algorithm!
Guide Tree 0/16
#NNI moves:0/152
Guide Tree 1/16
#NNI moves:0/152
Guide Tree 2/16
#NNI moves:0/152
Guide Tree 3/16
#NNI moves:0/152
Guide Tree 4/16
#NNI moves:0/152
Guide Tree 5/16
#NNI moves:0/152
Guide Tree 6/16
#NNI moves:0/152
Guide Tree 7/16
#NNI moves:0/152
Guide Tree 8/16
#NNI moves:0/152
Guide Tree 9/16
#NNI moves:0/152
Guide Tree 10/16
#NNI moves:0/152
Guide Tree 11/16
#NNI moves:0/152
Guide Tree 12/16
#NNI moves:0/152
Guide Tree 13/16
#NNI moves:0/152
Guide Tree 14/16
#NNI moves:0/152
Guide Tree 15/16
#NNI moves:0/152
Remaining: 0
#NNI moves:4/152
#NNI moves:4/152
(((((((((((52,((62,59),(((((31,29),25),45),55),(77,98)))),((((30,36),(47,(94,35))),83),((95,97),86))),(((((71,99),78),(42,73)),79),(88,(92,41)))),((67,(74,51)),(84,81))),((28,44),65)),((((26,80),((((76,66),75),((50,54),63)),57)),49),(61,34))),(((((43,39),90),(((38,96),48),60)),(((46,(72,69)),(37,64)),85)),((70,56),(40,89)))),((((((10,4),((19,6),24)),16),3),(((13,20),(11,15)),22)),(((((9,17),(1,2)),(14,8)),((21,7),(12,18))),(5,23)))),((93,32),27)),(((100,53),((33,(68,91)),87)),82)),58);
Guide Tree 0/16
#NNI moves:0/152
Guide Tree 1/16
#NNI moves:0/152
Guide Tree 2/16
#NNI moves:0/152
Guide Tree 3/16
#NNI moves:0/152
Guide Tree 4/16
#NNI moves:0/152
Guide Tree 5/16
#NNI moves:0/152
Guide Tree 6/16
#NNI moves:0/152
Guide Tree 7/16
#NNI moves:0/152
Guide Tree 8/16
#NNI moves:0/152
Guide Tree 9/16
#NNI moves:0/152
Guide Tree 10/16
#NNI moves:0/152
Guide Tree 11/16
#NNI moves:0/152
Guide Tree 12/16
#NNI moves:0/152
Guide Tree 13/16
#NNI moves:0/152
Guide Tree 14/16
#NNI moves:0/152
Guide Tree 15/16
#NNI moves:0/152
Remaining: 0
#NNI moves:0/152
#NNI moves:0/152
((((((((((67,(51,74)),(81,84)),(((((62,59),((55,(45,((31,29),25))),(98,77))),52),(((((35,94),47),(36,30)),83),(86,(95,97)))),((((78,(71,99)),(42,73)),79),((41,92),88)))),((28,44),65)),(((((((66,76),75),((54,50),63)),57),(80,26)),49),(61,34))),(((((39,43),90),(((96,38),48),60)),(((37,64),((72,69),46)),85)),((40,89),(56,70)))),((((((10,4),(24,(6,19))),16),3),(((15,11),(13,20)),22)),((((8,14),((9,17),(2,1))),((7,21),(12,18))),(23,5)))),((32,93),27)),(((((91,68),33),87),(100,53)),82)),58);
Guide Tree 0/16
#NNI moves:0/152
Guide Tree 1/16
#NNI moves:0/152
Guide Tree 2/16
#NNI moves:0/152
Guide Tree 3/16
#NNI moves:0/152
Guide Tree 4/16
#NNI moves:0/152
Guide Tree 5/16
#NNI moves:0/152
Guide Tree 6/16
#NNI moves:0/152
Guide Tree 7/16
#NNI moves:0/152
Guide Tree 8/16
#NNI moves:0/152
Guide Tree 9/16
#NNI moves:0/152
Guide Tree 10/16
#NNI moves:0/152
Guide Tree 11/16
#NNI moves:0/152
Guide Tree 12/16
#NNI moves:0/152
Guide Tree 13/16
#NNI moves:0/152
Guide Tree 14/16
#NNI moves:0/152
Guide Tree 15/16
#NNI moves:0/152
Remaining: 0
#NNI moves:6/152
#NNI moves:6/152
((((((((((((((77,98),((((29,31),25),45),55)),(62,59)),52),(((((94,35),47),(36,30)),83),((97,95),86))),((((42,73),((99,71),78)),79),(88,(92,41)))),(((74,51),67),(81,84))),((28,44),65)),((((((75,(66,76)),((54,50),63)),57),(26,80)),49),(34,61))),(((((39,43),90),(((38,96),48),60)),(((64,37),((69,72),46)),85)),((70,56),(89,40)))),((((16,((10,4),((6,19),24))),3),(((13,20),(11,15)),22)),(((((17,9),(1,2)),(14,8)),((21,7),(18,12))),(23,5)))),((32,93),27)),(((((91,68),33),87),(100,53)),82)),58);
Guide Tree 0/16
#NNI moves:0/152
Guide Tree 1/16
#NNI moves:0/152
Guide Tree 2/16
#NNI moves:0/152
Guide Tree 3/16
#NNI moves:0/152
Guide Tree 4/16
#NNI moves:0/152
Guide Tree 5/16
#NNI moves:0/152
Guide Tree 6/16
#NNI moves:0/152
Guide Tree 7/16
#NNI moves:0/152
Guide Tree 8/16
#NNI moves:0/152
Guide Tree 9/16
#NNI moves:0/152
Guide Tree 10/16
#NNI moves:0/152
Guide Tree 11/16
#NNI moves:0/152
Guide Tree 12/16
#NNI moves:0/152
Guide Tree 13/16
#NNI moves:0/152
Guide Tree 14/16
#NNI moves:0/152
Guide Tree 15/16
#NNI moves:0/152
Remaining: 0
#NNI moves:2/152
#NNI moves:2/152
(((((53,100),(87,((68,91),33))),82),((((((((((83,(((35,94),47),(36,30))),((95,97),86)),(52,((((((31,29),25),45),55),(98,77)),(62,59)))),((((73,42),((71,99),78)),79),((92,41),88))),((84,81),(67,(51,74)))),((44,28),65)),(((((((66,76),75),((54,50),63)),57),(26,80)),49),(61,34))),(((((48,(38,96)),60),(90,(39,43))),(((37,64),((69,72),46)),85)),((70,56),(89,40)))),(((23,5),(((14,8),((1,2),(17,9))),((12,18),(21,7)))),(((((4,10),((6,19),24)),16),3),(((13,20),(15,11)),22)))),((93,32),27))),58);
Initial score: 1.36747e+09
Initial tree: (((((53,100),(87,((68,91),33))),82),((((((((((83,(((35,94),47),(36,30))),((95,97),86)),(52,((((((31,29),25),45),55),(98,77)),(62,59)))),((((73,42),((71,99),78)),79),((92,41),88))),((84,81),(67,(51,74)))),((44,28),65)),(((((((66,76),75),((54,50),63)),57),(26,80)),49),(61,34))),(((((48,(38,96)),60),(90,(39,43))),(((37,64),((69,72),46)),85)),((70,56),(89,40)))),(((23,5),(((14,8),((1,2),(17,9))),((12,18),(21,7)))),(((((4,10),((6,19),24)),16),3),(((13,20),(15,11)),22)))),((93,32),27))),58);
*** Subsample Process ***
Use two-step algorithm!
#NNI moves:0/152
Remaining: 0
#NNI moves:0/152
#NNI moves:0/152
(((((((((((((((((((17,9),(1,2)),(8,14)),((18,12),(7,21))),(5,23)),((((13,20),(11,15)),22),(((((19,6),24),(10,4)),16),3))),(((93,32),27),((82,((53,100),(((68,91),33),87))),58))),((((((38,96),48),60),(90,(39,43))),(((37,64),((69,72),46)),85)),((56,70),(40,89)))),((((80,26),(57,(((54,50),63),((76,66),75)))),49),(61,34))),((44,28),65)),((84,81),((51,74),67))),((((73,42),(78,(71,99))),79),(88,(92,41)))),((((((25,(31,29)),45),55),(98,77)),(62,59)),52)),((95,97),86)),83),(36,30)),47),35),94);
#NNI moves:0/152
Remaining: 0
#NNI moves:4/152
#NNI moves:4/152
((((((((((((88,(41,92)),((((99,71),78),(42,73)),79)),((((95,97),86),((((94,35),47),(36,30)),83)),(((((((29,31),25),45),55),(77,98)),(59,62)),52))),((81,84),(67,(51,74)))),((28,44),65)),(((((((50,54),63),(75,(76,66))),57),(80,26)),49),(34,61))),(((((48,(96,38)),60),(90,(43,39))),((((69,72),46),(37,64)),85)),((89,40),(56,70)))),((((((9,17),(1,2)),(14,8)),((12,18),(21,7))),(5,23)),((((((19,6),24),(10,4)),16),3),(((11,15),(20,13)),22)))),((((100,53),(((91,68),33),87)),82),58)),27),32),93);
#NNI moves:0/152
Remaining: 0
#NNI moves:2/152
#NNI moves:2/152
((((((((((((((((97,95),86),(((30,36),((94,35),47)),83)),(((62,59),(((45,((29,31),25)),55),(77,98))),52)),((88,(92,41)),(((78,(71,99)),(73,42)),79))),((84,81),(67,(51,74)))),((44,28),65)),(((((((50,54),63),(75,(66,76))),57),(80,26)),49),(34,61))),((((90,(43,39)),(((38,96),48),60)),(((37,64),((72,69),46)),85)),((70,56),(89,40)))),((((((1,2),(9,17)),(14,8)),((12,18),(21,7))),(23,5)),((((20,13),(15,11)),22),((((24,(6,19)),(10,4)),16),3)))),((32,93),27)),58),82),(((68,91),33),87)),53),100);
#NNI moves:0/152
Remaining: 0
#NNI moves:2/152
#NNI moves:2/152
(((((((((((((((((13,20),(11,15)),22),((((4,10),((6,19),24)),16),3)),((23,5),(((12,18),(21,7)),(((17,9),(1,2)),(14,8))))),(((((87,((91,68),33)),(100,53)),82),58),((32,93),27))),((((((38,96),48),60),((43,39),90)),(((64,37),(46,(69,72))),85)),((40,89),(70,56)))),(((((((54,50),63),((76,66),75)),57),(80,26)),49),(61,34))),(65,(44,28))),((81,84),((74,51),67))),(((((99,71),78),(73,42)),79),((92,41),88))),(((((((31,29),25),45),55),(98,77)),(62,59)),52)),((95,97),86)),83),(47,(94,35))),30),36);
Current score: 1.36747e+09
Current tree: (((((87,((91,68),33)),(100,53)),82),(((32,93),27),((((((13,20),(11,15)),22),((((4,10),((6,19),24)),16),3)),((23,5),(((12,18),(21,7)),(((17,9),(1,2)),(14,8))))),(((((((38,96),48),60),((43,39),90)),(((64,37),(46,(69,72))),85)),((40,89),(70,56))),((((((((54,50),63),((76,66),75)),57),(80,26)),49),(61,34)),((65,(44,28)),(((81,84),((74,51),67)),((((((99,71),78),(73,42)),79),((92,41),88)),((((((((31,29),25),45),55),(98,77)),(62,59)),52),(((95,97),86),(83,((47,(94,35)),(30,36))))))))))))),58);
Final Tree: (((((87,((91,68),33)),(100,53)),82),(((32,93),27),((((((13,20),(11,15)),22),((((4,10),((6,19),24)),16),3)),((23,5),(((12,18),(21,7)),(((17,9),(1,2)),(14,8))))),(((((((38,96),48),60),((43,39),90)),(((64,37),(46,(69,72))),85)),((40,89),(70,56))),((((((((54,50),63),((76,66),75)),57),(80,26)),49),(61,34)),((65,(44,28)),(((81,84),((74,51),67)),((((((99,71),78),(73,42)),79),((92,41),88)),((((((((31,29),25),45),55),(98,77)),(62,59)),52),(((95,97),86),(83,((47,(94,35)),(30,36))))))))))))),58);
#EqQuartets: 1496808170
Score: 1367470520
ASTRAL for PaRalogs and Orthologs III (ASTRAL-Pro3)
*** NOW with integrated CASTLES-Pro ***
Version: v1.22.3.6
Read 512 genetrees and found 100 species.
#Genetrees: 999
#Duploss: 13941
#Species: 100
#Rounds: 4
#Samples: 4
#Threads: 1
Use two-step algorithm!
Guide Tree 0/16
#NNI moves:0/152
Guide Tree 1/16
#NNI moves:0/152
Guide Tree 2/16
#NNI moves:0/152
Guide Tree 3/16
#NNI moves:0/152
Guide Tree 4/16
#NNI moves:2/152
Guide Tree 5/16
#NNI moves:0/152
Guide Tree 6/16
#NNI moves:0/152
Guide Tree 7/16
#NNI moves:0/152
Guide Tree 8/16
#NNI moves:2/152
Guide Tree 9/16
#NNI moves:0/152
Guide Tree 10/16
#NNI moves:2/152
Guide Tree 11/16
#NNI moves:0/152
Guide Tree 12/16
#NNI moves:0/152
Guide Tree 13/16
#NNI moves:0/152
Guide Tree 14/16
#NNI moves:0/152
Guide Tree 15/16
#NNI moves:2/152
Remaining: 0
#NNI moves:0/152
#NNI moves:0/152
(((((((((((((31,(83,92)),1),(((84,(40,4)),((47,66),45)),(12,30))),(((42,((63,(41,14)),(75,62))),(81,(65,56))),((((((((94,43),(61,55)),67),(26,(60,25))),((((77,37),46),72),90)),((35,48),(22,82))),(18,69)),6))),(((((5,57),8),59),(21,39)),(11,49))),(((((((34,27),86),(95,2)),((70,36),10)),((15,85),73)),(91,24)),(((100,((96,99),98)),97),78))),(((((33,52),80),32),(53,23)),((20,76),((89,38),93)))),((51,50),28)),((13,(88,3)),(29,71))),((((16,64),54),(44,((87,19),9))),(68,74))),58),(79,7)),17);
Guide Tree 0/16
#NNI moves:0/152
Guide Tree 1/16
#NNI moves:0/152
Guide Tree 2/16
#NNI moves:0/152
Guide Tree 3/16
#NNI moves:0/152
Guide Tree 4/16
#NNI moves:0/152
Guide Tree 5/16
#NNI moves:0/152
Guide Tree 6/16
#NNI moves:0/152
Guide Tree 7/16
#NNI moves:0/152
Guide Tree 8/16
#NNI moves:0/152
Guide Tree 9/16
#NNI moves:0/152
Guide Tree 10/16
#NNI moves:0/152
Guide Tree 11/16
#NNI moves:0/152
Guide Tree 12/16
#NNI moves:0/152
Guide Tree 13/16
#NNI moves:0/152
Guide Tree 14/16
#NNI moves:0/152
Guide Tree 15/16
#NNI moves:0/152
Remaining: 0
#NNI moves:0/152
#NNI moves:0/152
(((((((((((((((((((77,37),46),72),90),(((25,60),26),(((43,94),(61,55)),67))),((82,22),(48,35))),(69,18)),6),((((62,75),((41,14),63)),42),((65,56),81))),((1,((83,92),31)),((((66,47),45),(84,(4,40))),(30,12)))),((49,11),((39,21),(((5,57),8),59)))),(((((((34,27),86),(2,95)),((70,36),10)),((85,15),73)),(24,91)),(((((96,99),98),100),97),78))),((((80,(52,33)),32),(53,23)),(((38,89),93),(76,20)))),((50,51),28)),((71,29),(13,(88,3)))),(((((87,19),9),44),(54,(16,64))),(74,68))),58),(79,7)),17);
Guide Tree 0/16
#NNI moves:0/152
Guide Tree 1/16
#NNI moves:0/152
Guide Tree 2/16
#NNI moves:0/152
Guide Tree 3/16
#NNI moves:0/152
Guide Tree 4/16
#NNI moves:0/152
Guide Tree 5/16
#NNI moves:0/152
Guide Tree 6/16
#NNI moves:0/152
Guide Tree 7/16
#NNI moves:0/152
Guide Tree 8/16
#NNI moves:0/152
Guide Tree 9/16
#NNI moves:0/152
Guide Tree 10/16
#NNI moves:0/152
Guide Tree 11/16
#NNI moves:0/152
Guide Tree 12/16
#NNI moves:0/152
Guide Tree 13/16
#NNI moves:0/152
Guide Tree 14/16
#NNI moves:0/152
Guide Tree 15/16
#NNI moves:0/152
Remaining: 1
#NNI moves:0/152
#NNI moves:0/152
((((((((((((((((((60,25),26),(((55,61),(94,43)),67)),((((77,37),46),72),90)),((82,22),(48,35))),(69,18)),6),((81,(65,56)),(42,(((41,14),63),(75,62))))),((1,((83,92),31)),((((66,47),45),((40,4),84)),(30,12)))),((11,49),((((57,5),8),59),(39,21)))),((((((96,99),98),100),97),78),(((((86,(34,27)),(95,2)),(10,(70,36))),(73,(15,85))),(91,24)))),((((89,38),93),(76,20)),((((52,33),80),32),(53,23)))),((51,50),28)),((71,29),((3,88),13))),((68,74),(((16,64),54),(((19,87),9),44)))),58),(79,7)),17);
Guide Tree 0/16
#NNI moves:0/152
Guide Tree 1/16
#NNI moves:0/152
Guide Tree 2/16
#NNI moves:6/152
Guide Tree 3/16
#NNI moves:0/152
Guide Tree 4/16
#NNI moves:0/152
Guide Tree 5/16
#NNI moves:0/152
Guide Tree 6/16
#NNI moves:0/152
Guide Tree 7/16
#NNI moves:2/152
Guide Tree 8/16
#NNI moves:6/152
Guide Tree 9/16
#NNI moves:6/152
Guide Tree 10/16
#NNI moves:0/152
Guide Tree 11/16
#NNI moves:0/152
Guide Tree 12/16
#NNI moves:2/152
Guide Tree 13/16
#NNI moves:6/152
Guide Tree 14/16
#NNI moves:6/152
Guide Tree 15/16
#NNI moves:0/152
Remaining: 0
#NNI moves:0/152
#NNI moves:0/152
(((((((((((((((((26,(25,60)),(((94,43),(61,55)),67)),(((46,(37,77)),72),90)),((35,48),(82,22))),(69,18)),6),(((((14,41),63),(62,75)),42),(81,(56,65)))),((((45,(66,47)),(84,(4,40))),(12,30)),(1,((83,92),31)))),(((((57,5),8),59),(21,39)),(11,49))),(((((98,(96,99)),100),97),78),((((85,15),73),((10,(70,36)),(((34,27),86),(95,2)))),(91,24)))),(((23,53),((80,(33,52)),32)),((20,76),((38,89),93)))),(28,(50,51))),(((88,3),13),(29,71))),(((54,(16,64)),((9,(87,19)),44)),(74,68))),58),(79,7)),17);
Initial score: 1.31935e+09
Initial tree: (((((((((((((((((26,(25,60)),(((94,43),(61,55)),67)),(((46,(37,77)),72),90)),((35,48),(82,22))),(69,18)),6),(((((14,41),63),(62,75)),42),(81,(56,65)))),((((45,(66,47)),(84,(4,40))),(12,30)),(1,((83,92),31)))),(((((57,5),8),59),(21,39)),(11,49))),(((((98,(96,99)),100),97),78),((((85,15),73),((10,(70,36)),(((34,27),86),(95,2)))),(91,24)))),(((23,53),((80,(33,52)),32)),((20,76),((38,89),93)))),(28,(50,51))),(((88,3),13),(29,71))),(((54,(16,64)),((9,(87,19)),44)),(74,68))),58),(79,7)),17);
*** Subsample Process ***
Use two-step algorithm!
#NNI moves:0/152
Remaining: 0
#NNI moves:0/152
#NNI moves:0/152
(((((((((((((((((((52,33),80),32),(53,23)),((93,(38,89)),(76,20))),(((((((16,64),54),(44,((19,87),9))),(74,68)),(((79,7),17),58)),(((88,3),13),(71,29))),(28,(50,51)))),((((((70,36),10),((95,2),((27,34),86))),((85,15),73)),(24,91)),((97,((98,(99,96)),100)),78))),((11,49),((21,39),(((5,57),8),59)))),(((12,30),(((40,4),84),((66,47),45))),(((92,83),31),1))),(((((41,14),63),(75,62)),42),(81,(65,56)))),6),(18,69)),((22,82),(48,35))),(((46,(37,77)),72),90)),(26,(60,25))),67),(61,55)),94),43);
#NNI moves:0/152
Remaining: 0
#NNI moves:0/152
#NNI moves:0/152
((((((((((((((((((26,(25,60)),(67,((43,94),(61,55)))),((((77,37),46),72),90)),((22,82),(35,48))),(18,69)),6),(((((14,41),63),(75,62)),42),(81,(56,65)))),(((((47,66),45),((40,4),84)),(12,30)),((31,(83,92)),1))),(((((5,57),8),59),(39,21)),(11,49))),((((((95,2),((34,27),86)),(10,(36,70))),(73,(15,85))),(91,24)),(78,((100,((99,96),98)),97)))),(((((52,33),80),32),(53,23)),(((89,38),93),(20,76)))),(28,(51,50))),((13,(3,88)),(71,29))),(((44,((87,19),9)),(54,(64,16))),(68,74))),58),17),7),79);
#NNI moves:0/152
Remaining: 0
#NNI moves:0/152
#NNI moves:0/152
((((((((((((((((((95,2),((34,27),86)),((70,36),10)),((15,85),73)),(24,91)),((((98,(96,99)),100),97),78)),(((((13,(3,88)),(71,29)),(((((64,16),54),(((19,87),9),44)),(68,74)),(58,(17,(79,7))))),((50,51),28)),(((76,20),((89,38),93)),((((33,52),80),32),(53,23))))),(((((57,5),8),59),(39,21)),(49,11))),(((((47,66),45),((4,40),84)),(12,30)),((31,(83,92)),1))),((((63,(14,41)),(75,62)),42),(81,(56,65)))),6),(69,18)),((35,48),(22,82))),((((43,94),(61,55)),67),(26,(25,60)))),90),72),(37,77)),46);
#NNI moves:0/152
Remaining: 0
#NNI moves:6/152
#NNI moves:6/152
(((((((((((((((((62,75),(63,(41,14))),42),((65,56),81)),((((((((55,61),(43,94)),67),(26,(60,25))),((((37,77),46),72),90)),((35,48),(22,82))),(18,69)),6)),((((45,(66,47)),((40,4),84)),(12,30)),((31,(92,83)),1))),((11,49),(((8,(5,57)),59),(21,39)))),((((((70,36),10),((86,(27,34)),(2,95))),((85,15),73)),(91,24)),((((98,(96,99)),100),97),78))),(((20,76),((38,89),93)),((53,23),(((33,52),80),32)))),(28,(51,50))),((13,(3,88)),(29,71))),(58,((7,79),17))),(68,74)),((9,(19,87)),44)),54),64),16);
Current score: 1.31935e+09
Current tree: (((7,79),(58,((((((((((((62,75),(63,(41,14))),42),((65,56),81)),((((((((55,61),(43,94)),67),(26,(60,25))),((((37,77),46),72),90)),((35,48),(22,82))),(18,69)),6)),((((45,(66,47)),((40,4),84)),(12,30)),((31,(92,83)),1))),((11,49),(((8,(5,57)),59),(21,39)))),((((((70,36),10),((86,(27,34)),(2,95))),((85,15),73)),(91,24)),((((98,(96,99)),100),97),78))),(((20,76),((38,89),93)),((53,23),(((33,52),80),32)))),(28,(51,50))),((13,(3,88)),(29,71))),((68,74),(((9,(19,87)),44),(54,(64,16))))))),17);
Final Tree: (((7,79),(58,((((((((((((62,75),(63,(41,14))),42),((65,56),81)),((((((((55,61),(43,94)),67),(26,(60,25))),((((37,77),46),72),90)),((35,48),(22,82))),(18,69)),6)),((((45,(66,47)),((40,4),84)),(12,30)),((31,(92,83)),1))),((11,49),(((8,(5,57)),59),(21,39)))),((((((70,36),10),((86,(27,34)),(2,95))),((85,15),73)),(91,24)),((((98,(96,99)),100),97),78))),(((20,76),((38,89),93)),((53,23),(((33,52),80),32)))),(28,(51,50))),((13,(3,88)),(29,71))),((68,74),(((9,(19,87)),44),(54,(64,16))))))),17);
#EqQuartets: 1472478622
Score: 1319350215
ASTRAL for PaRalogs and Orthologs III (ASTRAL-Pro3)
*** NOW with integrated CASTLES-Pro ***
Version: v1.22.3.6
Read 512 genetrees and found 100 species.
#Genetrees: 1000
#Duploss: 13452
#Species: 100
#Rounds: 4
#Samples: 4
#Threads: 1
Use two-step algorithm!
Guide Tree 0/16
#NNI moves:0/152
Guide Tree 1/16
#NNI moves:0/152
Guide Tree 2/16
#NNI moves:0/152
Guide Tree 3/16
#NNI moves:0/152
Guide Tree 4/16
#NNI moves:0/152
Guide Tree 5/16
#NNI moves:0/152
Guide Tree 6/16
#NNI moves:0/152
Guide Tree 7/16
#NNI moves:0/152
Guide Tree 8/16
#NNI moves:0/152
Guide Tree 9/16
#NNI moves:0/152
Guide Tree 10/16
#NNI moves:0/152
Guide Tree 11/16
#NNI moves:0/152
Guide Tree 12/16
#NNI moves:0/152
Guide Tree 13/16
#NNI moves:0/152
Guide Tree 14/16
#NNI moves:0/152
Guide Tree 15/16
#NNI moves:0/152
Remaining: 0
#NNI moves:0/152
#NNI moves:0/152
(((((((((((((((90,(72,86)),((52,71),73)),(((((53,((91,78),47)),50),67),41),(74,82))),((((54,88),63),(95,76)),(43,(((((((77,44),99),49),(92,56)),42),62),(55,83))))),(((80,45),35),97)),(((((((1,4),30),((25,16),18)),9),((((7,32),33),(22,12)),((((19,3),(27,20)),(((11,15),2),5)),24))),(6,14)),((((((13,31),23),21),8),((10,17),(28,29))),26))),(((96,51),(85,84)),58)),100),(((87,61),75),((93,68),(46,(69,34))))),((((((79,66),81),65),89),(57,36)),((70,38),(37,39)))),94),40),((98,64),59)),60),48);
Guide Tree 0/16
#NNI moves:0/152
Guide Tree 1/16
#NNI moves:0/152
Guide Tree 2/16
#NNI moves:0/152
Guide Tree 3/16
#NNI moves:0/152
Guide Tree 4/16
#NNI moves:0/152
Guide Tree 5/16
#NNI moves:0/152
Guide Tree 6/16
#NNI moves:0/152
Guide Tree 7/16
#NNI moves:0/152
Guide Tree 8/16
#NNI moves:0/152
Guide Tree 9/16
#NNI moves:0/152
Guide Tree 10/16
#NNI moves:0/152
Guide Tree 11/16
#NNI moves:0/152
Guide Tree 12/16
#NNI moves:0/152
Guide Tree 13/16
#NNI moves:0/152
Guide Tree 14/16
#NNI moves:0/152
Guide Tree 15/16
#NNI moves:0/152
Remaining: 0
#NNI moves:0/152
#NNI moves:0/152
((((((((((((((((((20,27),(3,19)),(((11,15),2),5)),24),(((32,7),33),(22,12))),((((1,4),30),(18,(16,25))),9)),(6,14)),((((17,10),(29,28)),(((23,(31,13)),21),8)),26)),(((((((((47,(78,91)),53),50),67),41),(82,74)),(((86,72),90),((71,52),73))),((((54,88),63),(76,95)),((((((56,92),((99,(77,44)),49)),42),62),(83,55)),43))),(((80,45),35),97))),(((84,85),(51,96)),58)),100),((((34,69),46),(68,93)),((61,87),75))),((((65,((66,79),81)),89),(36,57)),((70,38),(39,37)))),94),40),(59,(98,64))),60),48);
Guide Tree 0/16
#NNI moves:0/152
Guide Tree 1/16
#NNI moves:0/152
Guide Tree 2/16
#NNI moves:0/152
Guide Tree 3/16
#NNI moves:0/152
Guide Tree 4/16
#NNI moves:0/152
Guide Tree 5/16
#NNI moves:0/152
Guide Tree 6/16
#NNI moves:0/152
Guide Tree 7/16
#NNI moves:0/152
Guide Tree 8/16
#NNI moves:0/152
Guide Tree 9/16
#NNI moves:0/152
Guide Tree 10/16
#NNI moves:0/152
Guide Tree 11/16
#NNI moves:0/152
Guide Tree 12/16
#NNI moves:0/152
Guide Tree 13/16
#NNI moves:0/152
Guide Tree 14/16
#NNI moves:0/152
Guide Tree 15/16
#NNI moves:0/152
Remaining: 0
#NNI moves:0/152
#NNI moves:0/152
((((((((((((((((((((78,91),47),53),50),67),41),(74,82)),((90,(86,72)),((52,71),73))),((((((((99,(77,44)),49),(56,92)),42),62),(55,83)),43),((63,(54,88)),(95,76)))),(97,((45,80),35))),(((((((((11,15),2),5),((20,27),(19,3))),24),(((32,7),33),(12,22))),((((1,4),30),((25,16),18)),9)),(14,6)),((((29,28),(17,10)),(8,(((13,31),23),21))),26))),(((84,85),(96,51)),58)),100),(((93,68),((69,34),46)),(75,(61,87)))),((((65,((79,66),81)),89),(36,57)),((39,37),(70,38)))),94),40),((98,64),59)),60),48);
Guide Tree 0/16
#NNI moves:0/152
Guide Tree 1/16
#NNI moves:0/152
Guide Tree 2/16
#NNI moves:0/152
Guide Tree 3/16
#NNI moves:0/152
Guide Tree 4/16
#NNI moves:0/152
Guide Tree 5/16
#NNI moves:0/152
Guide Tree 6/16
#NNI moves:0/152
Guide Tree 7/16
#NNI moves:0/152
Guide Tree 8/16
#NNI moves:0/152
Guide Tree 9/16
#NNI moves:0/152
Guide Tree 10/16
#NNI moves:0/152
Guide Tree 11/16
#NNI moves:0/152
Guide Tree 12/16
#NNI moves:0/152
Guide Tree 13/16
#NNI moves:0/152
Guide Tree 14/16
#NNI moves:0/152
Guide Tree 15/16
#NNI moves:0/152
Remaining: 0
#NNI moves:0/152
#NNI moves:0/152
(((((((((((((((((((15,11),2),5),((19,3),(20,27))),24),((33,(7,32)),(12,22))),((((16,25),18),((4,1),30)),9)),(6,14)),((((17,10),(29,28)),((((13,31),23),21),8)),26)),(((((((50,(((78,91),47),53)),67),41),(74,82)),((90,(72,86)),((71,52),73))),(((((((49,(99,(77,44))),(92,56)),42),62),(55,83)),43),((95,76),((54,88),63)))),(((45,80),35),97))),(((85,84),(96,51)),58)),100),((((34,69),46),(68,93)),((87,61),75))),(((36,57),(((81,(66,79)),65),89)),((38,70),(39,37)))),94),40),((64,98),59)),60),48);
Initial score: 1.41076e+09
Initial tree: (((((((((((((((((((15,11),2),5),((19,3),(20,27))),24),((33,(7,32)),(12,22))),((((16,25),18),((4,1),30)),9)),(6,14)),((((17,10),(29,28)),((((13,31),23),21),8)),26)),(((((((50,(((78,91),47),53)),67),41),(74,82)),((90,(72,86)),((71,52),73))),(((((((49,(99,(77,44))),(92,56)),42),62),(55,83)),43),((95,76),((54,88),63)))),(((45,80),35),97))),(((85,84),(96,51)),58)),100),((((34,69),46),(68,93)),((87,61),75))),(((36,57),(((81,(66,79)),65),89)),((38,70),(39,37)))),94),40),((64,98),59)),60),48);
*** Subsample Process ***
Use two-step algorithm!
#NNI moves:0/152
Remaining: 0
#NNI moves:0/152
#NNI moves:0/152
(((((((((((((((((((((78,91),47),53),50),67),41),(74,82)),((90,(72,86)),((52,71),73))),((((62,(((49,((44,77),99)),(92,56)),42)),(83,55)),43),((63,(88,54)),(95,76)))),(((80,45),35),97)),(((((((69,34),46),(68,93)),(75,(61,87))),(((((60,48),((98,64),59)),40),94),(((((81,(66,79)),65),89),(57,36)),((38,70),(39,37))))),100),(((85,84),(51,96)),58))),(((((23,(31,13)),21),8),((28,29),(10,17))),26)),(6,14)),((((25,16),18),(30,(1,4))),9)),((33,(32,7)),(12,22))),24),((19,3),(20,27))),5),2),11),15);
#NNI moves:0/152
Remaining: 0
#NNI moves:0/152
#NNI moves:0/152
(((((((((((((((((42,((56,92),(((77,44),99),49))),62),(55,83)),43),((63,(54,88)),(76,95))),((((((53,((91,78),47)),50),67),41),(74,82)),(((72,86),90),((71,52),73)))),(((45,80),35),97)),(((((((5,((11,15),2)),((27,20),(19,3))),24),((12,22),(33,(32,7)))),((((16,25),18),((1,4),30)),9)),(14,6)),(26,(((28,29),(10,17)),(((23,(13,31)),21),8))))),(((85,84),(96,51)),58)),100),((((69,34),46),(93,68)),(75,(87,61)))),(((57,36),((65,(81,(79,66))),89)),((37,39),(70,38)))),94),40),((64,98),59)),48),60);
#NNI moves:0/152
Remaining: 0
#NNI moves:0/152
#NNI moves:0/152
((((((((((((((((19,3),(27,20)),(((15,11),2),5)),24),((33,(32,7)),(12,22))),((((25,16),18),((1,4),30)),9)),(14,6)),((((10,17),(28,29)),(((23,(31,13)),21),8)),26)),((((85,84),(96,51)),58),((((((70,38),(39,37)),((36,57),((((66,79),81),65),89))),(((((64,98),59),(48,60)),40),94)),(((61,87),75),(((69,34),46),(93,68)))),100))),(((80,45),35),97)),(((((50,(53,(47,(78,91)))),67),41),(74,82)),(((52,71),73),((86,72),90)))),((63,(54,88)),(95,76))),43),((((49,((77,44),99)),(56,92)),42),62)),55),83);
#NNI moves:0/152
Remaining: 0
#NNI moves:0/152
#NNI moves:0/152
((((((((((((((((((((91,78),47),53),50),67),41),(74,82)),((90,(72,86)),((71,52),73))),(((((((49,((77,44),99)),(92,56)),42),62),(55,83)),43),(((88,54),63),(95,76)))),(((80,45),35),97)),(((((((25,16),18),((4,1),30)),9),((((5,(2,(15,11))),((20,27),(19,3))),24),((22,12),(33,(7,32))))),(6,14)),(((8,(21,(23,(13,31)))),((10,17),(28,29))),26))),(((51,96),(84,85)),58)),100),(((87,61),75),((68,93),(46,(69,34))))),(((70,38),(39,37)),((89,(65,(81,(79,66)))),(36,57)))),94),40),(60,48)),(98,64)),59);
Current score: 1.41076e+09
Current tree: ((60,((((((((((((((((((91,78),47),53),50),67),41),(74,82)),((90,(72,86)),((71,52),73))),(((((((49,((77,44),99)),(92,56)),42),62),(55,83)),43),(((88,54),63),(95,76)))),(((80,45),35),97)),(((((((25,16),18),((4,1),30)),9),((((5,(2,(15,11))),((20,27),(19,3))),24),((22,12),(33,(7,32))))),(6,14)),(((8,(21,(23,(13,31)))),((10,17),(28,29))),26))),(((51,96),(84,85)),58)),100),(((87,61),75),((68,93),(46,(69,34))))),(((70,38),(39,37)),((89,(65,(81,(79,66)))),(36,57)))),94),40),((98,64),59))),48);
Final Tree: ((60,((((((((((((((((((91,78),47),53),50),67),41),(74,82)),((90,(72,86)),((71,52),73))),(((((((49,((77,44),99)),(92,56)),42),62),(55,83)),43),(((88,54),63),(95,76)))),(((80,45),35),97)),(((((((25,16),18),((4,1),30)),9),((((5,(2,(15,11))),((20,27),(19,3))),24),((22,12),(33,(7,32))))),(6,14)),(((8,(21,(23,(13,31)))),((10,17),(28,29))),26))),(((51,96),(84,85)),58)),100),(((87,61),75),((68,93),(46,(69,34))))),(((70,38),(39,37)),((89,(65,(81,(79,66)))),(36,57)))),94),40),((98,64),59))),48);
#EqQuartets: 1476521323
Score: 1410764538
ASTRAL for PaRalogs and Orthologs III (ASTRAL-Pro3)
*** NOW with integrated CASTLES-Pro ***
Version: v1.22.3.6
Read 512 genetrees and found 100 species.
#Genetrees: 999
#Duploss: 15174
#Species: 100
#Rounds: 4
#Samples: 4
#Threads: 1
Use two-step algorithm!
Guide Tree 0/16
#NNI moves:0/152
Guide Tree 1/16
#NNI moves:0/152
Guide Tree 2/16
#NNI moves:0/152
Guide Tree 3/16
#NNI moves:0/152
Guide Tree 4/16
#NNI moves:0/152
Guide Tree 5/16
#NNI moves:0/152
Guide Tree 6/16
#NNI moves:0/152
Guide Tree 7/16
#NNI moves:0/152
Guide Tree 8/16
#NNI moves:0/152
Guide Tree 9/16
#NNI moves:0/152
Guide Tree 10/16
#NNI moves:0/152
Guide Tree 11/16
#NNI moves:0/152
Guide Tree 12/16
#NNI moves:0/152
Guide Tree 13/16
#NNI moves:0/152
Guide Tree 14/16
#NNI moves:0/152
Guide Tree 15/16
#NNI moves:0/152
Remaining: 0
#NNI moves:6/152
#NNI moves:20/152
(((((((((((((26,(45,96)),89),((77,(35,53)),(33,10))),79),((88,92),((((71,17),98),(40,34)),((54,62),(18,21))))),(((50,52),12),46)),((((19,95),((31,90),(97,9))),(16,((((((84,15),82),100),81),(39,25)),((43,93),(41,59))))),((55,65),80))),(28,23)),(((((86,(64,27)),(20,(94,60))),((56,72),85)),(22,11)),(51,83))),(((73,48),(((63,66),(((57,76),((67,69),36)),29)),(30,47))),(((((42,70),87),(91,75)),44),(((((32,58),13),(8,38)),(78,49)),7)))),(((99,74),((68,24),37)),(14,61))),(((3,5),2),(1,6))),4);
Guide Tree 0/16
#NNI moves:0/152
Guide Tree 1/16
#NNI moves:0/152
Guide Tree 2/16
#NNI moves:0/152
Guide Tree 3/16
#NNI moves:0/152
Guide Tree 4/16
#NNI moves:0/152
Guide Tree 5/16
#NNI moves:0/152
Guide Tree 6/16
#NNI moves:0/152
Guide Tree 7/16
#NNI moves:0/152
Guide Tree 8/16
#NNI moves:0/152
Guide Tree 9/16
#NNI moves:0/152
Guide Tree 10/16
#NNI moves:0/152
Guide Tree 11/16
#NNI moves:0/152
Guide Tree 12/16
#NNI moves:0/152
Guide Tree 13/16
#NNI moves:0/152
Guide Tree 14/16
#NNI moves:0/152
Guide Tree 15/16
#NNI moves:0/152
Remaining: 0
#NNI moves:0/152
#NNI moves:0/152
(((((((((((((34,40),(98,(71,17))),((54,62),(18,21))),(92,88)),(((((53,35),77),(33,10)),(((96,45),26),89)),79)),(46,((50,52),12))),(((16,(((81,(100,((15,84),82))),(39,25)),((41,59),(43,93)))),(((9,97),(90,31)),(95,19))),(80,(55,65)))),(23,28)),((83,51),(((((60,94),20),(86,(64,27))),((56,72),85)),(22,11)))),((((((42,70),87),(75,91)),44),(((49,78),((38,8),((58,32),13))),7)),((73,48),((((((69,67),36),(76,57)),29),(66,63)),(30,47))))),(((99,74),((24,68),37)),(14,61))),(((3,5),2),(1,6))),4);
Guide Tree 0/16
#NNI moves:0/152
Guide Tree 1/16
#NNI moves:0/152
Guide Tree 2/16
#NNI moves:0/152
Guide Tree 3/16
#NNI moves:0/152
Guide Tree 4/16
#NNI moves:0/152
Guide Tree 5/16
#NNI moves:0/152
Guide Tree 6/16
#NNI moves:0/152
Guide Tree 7/16
#NNI moves:0/152
Guide Tree 8/16
#NNI moves:0/152
Guide Tree 9/16
#NNI moves:0/152
Guide Tree 10/16
#NNI moves:0/152
Guide Tree 11/16
#NNI moves:0/152
Guide Tree 12/16
#NNI moves:0/152
Guide Tree 13/16
#NNI moves:0/152
Guide Tree 14/16
#NNI moves:0/152
Guide Tree 15/16
#NNI moves:0/152
Remaining: 0
#NNI moves:0/152
#NNI moves:0/152
(((((((51,83),(((((64,27),86),(20,(60,94))),((56,72),85)),(22,11))),(((((((((53,35),77),(10,33)),((26,(96,45)),89)),79),((((34,40),((71,17),98)),((54,62),(21,18))),(92,88))),(46,((52,50),12))),(((((9,97),(90,31)),(95,19)),((((((82,(84,15)),100),81),(25,39)),((41,59),(43,93))),16)),((55,65),80))),(23,28))),(((7,((78,49),((8,38),(13,(32,58))))),(((91,75),(87,(42,70))),44)),((((((57,76),(36,(69,67))),29),(66,63)),(47,30)),(73,48)))),(((99,74),(37,(68,24))),(14,61))),(((5,3),2),(1,6))),4);
Guide Tree 0/16
#NNI moves:0/152
Guide Tree 1/16
#NNI moves:0/152
Guide Tree 2/16
#NNI moves:0/152
Guide Tree 3/16
#NNI moves:0/152
Guide Tree 4/16
#NNI moves:0/152
Guide Tree 5/16
#NNI moves:0/152
Guide Tree 6/16
#NNI moves:0/152
Guide Tree 7/16
#NNI moves:0/152
Guide Tree 8/16
#NNI moves:0/152
Guide Tree 9/16
#NNI moves:0/152
Guide Tree 10/16
#NNI moves:0/152
Guide Tree 11/16
#NNI moves:0/152
Guide Tree 12/16
#NNI moves:0/152
Guide Tree 13/16
#NNI moves:0/152
Guide Tree 14/16
#NNI moves:0/152
Guide Tree 15/16
#NNI moves:0/152
Remaining: 0
#NNI moves:6/152
#NNI moves:6/152
(((((((((((((62,54),(21,18)),((40,34),((17,71),98))),(92,88)),(((((96,45),26),89),(((35,53),77),(33,10))),79)),(((50,52),12),46)),((((((59,41),(93,43)),(((100,((84,15),82)),81),(25,39))),16),(((31,90),(9,97)),(19,95))),((55,65),80))),(28,23)),((((((27,64),86),(20,(60,94))),((56,72),85)),(11,22)),(51,83))),(((((78,49),(((58,32),13),(8,38))),7),(((87,(42,70)),(75,91)),44)),(((((((69,67),36),(57,76)),29),(63,66)),(30,47)),(48,73)))),(((37,(68,24)),(74,99)),(14,61))),((1,6),((5,3),2))),4);
Initial score: 1.44257e+09
Initial tree: (((((((((((((62,54),(21,18)),((40,34),((17,71),98))),(92,88)),(((((96,45),26),89),(((35,53),77),(33,10))),79)),(((50,52),12),46)),((((((59,41),(93,43)),(((100,((84,15),82)),81),(25,39))),16),(((31,90),(9,97)),(19,95))),((55,65),80))),(28,23)),((((((27,64),86),(20,(60,94))),((56,72),85)),(11,22)),(51,83))),(((((78,49),(((58,32),13),(8,38))),7),(((87,(42,70)),(75,91)),44)),(((((((69,67),36),(57,76)),29),(63,66)),(30,47)),(48,73)))),(((37,(68,24)),(74,99)),(14,61))),((1,6),((5,3),2))),4);
*** Subsample Process ***
Use two-step algorithm!
#NNI moves:0/152
Remaining: 0
#NNI moves:6/152
#NNI moves:6/152
(((((((((((((((((42,70),87),(75,91)),44),(((78,49),((8,38),((58,32),13))),7)),((((((76,57),(36,(69,67))),29),(66,63)),(30,47)),(73,48))),((((74,99),((68,24),37)),(14,61)),(((1,6),(2,(5,3))),4))),((((((64,27),86),(20,(60,94))),((72,56),85)),(22,11)),(83,51))),(28,23)),((((((41,59),(43,93)),(((((15,84),82),100),81),(25,39))),16),(((97,9),(90,31)),(95,19))),((55,65),80))),(46,((50,52),12))),((((26,(45,96)),89),(((35,53),77),(10,33))),79)),(88,92)),((40,34),((71,17),98))),(54,62)),18),21);
#NNI moves:0/152
Remaining: 0
#NNI moves:4/152
#NNI moves:18/152
((((((((((((((((100,((84,15),82)),81),(25,39)),((59,41),(43,93))),16),(((97,9),(31,90)),(19,95))),(80,(65,55))),((((((40,34),((17,71),98)),((18,21),(54,62))),(88,92)),(((89,((96,45),26)),((33,10),((53,35),77))),79)),((12,(50,52)),46))),(28,23)),(((((86,(27,64)),(20,(60,94))),((56,72),85)),(11,22)),(83,51))),((((((8,38),(13,(32,58))),(78,49)),7),(((87,(70,42)),(75,91)),44)),(((47,30),((66,63),(((57,76),(36,(69,67))),29))),(73,48)))),(((99,74),((68,24),37)),(14,61))),4),(2,(3,5))),6),1);
#NNI moves:0/152
Remaining: 0
#NNI moves:2/152
#NNI moves:2/152
((((((((((((((((8,38),((32,58),13)),(49,78)),7),((((42,70),87),(75,91)),44)),((73,48),(((29,((57,76),((67,69),36))),(63,66)),(47,30)))),((((74,99),((24,68),37)),(61,14)),((((3,5),2),(1,6)),4))),((((((27,64),86),(20,(60,94))),((72,56),85)),(11,22)),(51,83))),(28,23)),((((((18,21),(54,62)),((40,34),((17,71),98))),(92,88)),(79,(((10,33),((35,53),77)),(((96,45),26),89)))),(46,((50,52),12)))),((65,55),80)),((((43,93),(59,41)),(((((15,84),82),100),81),(25,39))),16)),(19,95)),(97,9)),90),31);
#NNI moves:0/152
Remaining: 0
#NNI moves:0/152
#NNI moves:0/152
((((((((((((((((62,54),(21,18)),((98,(71,17)),(34,40))),(88,92)),((((26,(96,45)),89),((33,10),((53,35),77))),79)),((12,(52,50)),46)),(((55,65),80),(((((((82,(84,15)),100),81),(39,25)),((93,43),(41,59))),16),(((31,90),(97,9)),(19,95))))),(28,23)),((51,83),((11,22),(((56,72),85),(((64,27),86),(20,(94,60))))))),((((((13,(58,32)),(38,8)),(78,49)),7),((((42,70),87),(91,75)),44)),((((((36,(67,69)),(76,57)),29),(63,66)),(30,47)),(48,73)))),((14,61),(((68,24),37),(74,99)))),4),(6,1)),2),5),3);
Current score: 1.44257e+09
Current tree: (((((((((((((62,54),(21,18)),((98,(71,17)),(34,40))),(88,92)),((((26,(96,45)),89),((33,10),((53,35),77))),79)),((12,(52,50)),46)),(((55,65),80),(((((((82,(84,15)),100),81),(39,25)),((93,43),(41,59))),16),(((31,90),(97,9)),(19,95))))),(28,23)),((51,83),((11,22),(((56,72),85),(((64,27),86),(20,(94,60))))))),((((((13,(58,32)),(38,8)),(78,49)),7),((((42,70),87),(91,75)),44)),((((((36,(67,69)),(76,57)),29),(63,66)),(30,47)),(48,73)))),((14,61),(((68,24),37),(74,99)))),((6,1),(2,(5,3)))),4);
Final Tree: (((((((((((((62,54),(21,18)),((98,(71,17)),(34,40))),(88,92)),((((26,(96,45)),89),((33,10),((53,35),77))),79)),((12,(52,50)),46)),(((55,65),80),(((((((82,(84,15)),100),81),(39,25)),((93,43),(41,59))),16),(((31,90),(97,9)),(19,95))))),(28,23)),((51,83),((11,22),(((56,72),85),(((64,27),86),(20,(94,60))))))),((((((13,(58,32)),(38,8)),(78,49)),7),((((42,70),87),(91,75)),44)),((((((36,(67,69)),(76,57)),29),(63,66)),(30,47)),(48,73)))),((14,61),(((68,24),37),(74,99)))),((6,1),(2,(5,3)))),4);
#EqQuartets: 1597612834
Score: 1442571704
ASTRAL for PaRalogs and Orthologs III (ASTRAL-Pro3)
*** NOW with integrated CASTLES-Pro ***
Version: v1.22.3.6
Read 512 genetrees and found 100 species.
#Genetrees: 998
#Duploss: 16778
#Species: 100
#Rounds: 4
#Samples: 4
#Threads: 1
Use two-step algorithm!
Guide Tree 0/16
#NNI moves:0/152
Guide Tree 1/16
#NNI moves:0/152
Guide Tree 2/16
#NNI moves:0/152
Guide Tree 3/16
#NNI moves:0/152
Guide Tree 4/16
#NNI moves:0/152
Guide Tree 5/16
#NNI moves:0/152
Guide Tree 6/16
#NNI moves:0/152
Guide Tree 7/16
#NNI moves:0/152
Guide Tree 8/16
#NNI moves:0/152
Guide Tree 9/16
#NNI moves:0/152
Guide Tree 10/16
#NNI moves:0/152
Guide Tree 11/16
#NNI moves:0/152
Guide Tree 12/16
#NNI moves:0/152
Guide Tree 13/16
#NNI moves:0/152
Guide Tree 14/16
#NNI moves:0/152
Guide Tree 15/16
#NNI moves:0/152
Remaining: 0
#NNI moves:2/152
#NNI moves:2/152
((((((((((((((((24,(15,92)),(9,(44,75))),37),(8,58)),((62,(70,97)),((93,45),60))),(89,77)),(((48,25),88),(17,10))),((87,((85,71),72)),((32,2),86))),(((42,((((19,35),18),(90,51)),(14,20))),(47,66)),(((((4,78),67),61),57),(49,33)))),((((((13,91),(11,(38,22))),64),98),((((94,54),56),5),41)),((100,46),81))),(((((((52,28),96),68),53),((50,12),65)),((((31,43),(36,76)),((((74,73),84),(7,82)),80)),39)),1)),(40,59)),(79,69)),(((16,27),30),((3,23),(63,(99,29))))),((83,(21,26)),((55,34),6))),95);
Guide Tree 0/16
#NNI moves:0/152
Guide Tree 1/16
#NNI moves:0/152
Guide Tree 2/16
#NNI moves:0/152
Guide Tree 3/16
#NNI moves:0/152
Guide Tree 4/16
#NNI moves:0/152
Guide Tree 5/16
#NNI moves:0/152
Guide Tree 6/16
#NNI moves:0/152
Guide Tree 7/16
#NNI moves:0/152
Guide Tree 8/16
#NNI moves:0/152
Guide Tree 9/16
#NNI moves:0/152
Guide Tree 10/16
#NNI moves:0/152
Guide Tree 11/16
#NNI moves:0/152
Guide Tree 12/16
#NNI moves:0/152
Guide Tree 13/16
#NNI moves:0/152
Guide Tree 14/16
#NNI moves:0/152
Guide Tree 15/16
#NNI moves:0/152
Remaining: 2
#NNI moves:0/152
#NNI moves:0/152
((((((3,23),((29,99),63)),((16,27),30)),((((((((((((((75,44),9),((15,92),24)),37),(58,8)),(((70,97),62),((45,93),60))),(89,77)),(((25,48),88),(17,10))),((((71,85),72),87),(86,(2,32)))),((((((51,90),(18,(19,35))),(14,20)),42),(66,47)),((33,49),(((67,(4,78)),61),57)))),(((((((22,38),11),(91,13)),64),98),((5,((54,94),56)),41)),((46,100),81))),(((((((52,28),96),68),53),((50,12),65)),(((((84,(73,74)),(7,82)),80),((76,36),(31,43))),39)),1)),(40,59)),(79,69))),(((34,55),6),((26,21),83))),95);
Guide Tree 0/16
#NNI moves:0/152
Guide Tree 1/16
#NNI moves:0/152
Guide Tree 2/16
#NNI moves:0/152
Guide Tree 3/16
#NNI moves:0/152
Guide Tree 4/16
#NNI moves:0/152
Guide Tree 5/16
#NNI moves:0/152
Guide Tree 6/16
#NNI moves:0/152
Guide Tree 7/16
#NNI moves:0/152
Guide Tree 8/16
#NNI moves:0/152
Guide Tree 9/16
#NNI moves:0/152
Guide Tree 10/16
#NNI moves:0/152
Guide Tree 11/16
#NNI moves:0/152
Guide Tree 12/16
#NNI moves:0/152
Guide Tree 13/16
#NNI moves:0/152
Guide Tree 14/16
#NNI moves:0/152
Guide Tree 15/16
#NNI moves:0/152
Remaining: 0
#NNI moves:2/152
#NNI moves:2/152
((((((((((((((90,51),((19,35),18)),(20,14)),42),(47,66)),((57,(((78,4),67),61)),(33,49))),(((86,(2,32)),(87,((71,85),72))),((((((((75,44),9),((15,92),24)),37),(8,58)),(((97,70),62),(60,(93,45)))),(89,77)),((17,10),((25,48),88))))),(((((((38,22),11),(91,13)),64),98),(((56,(94,54)),5),41)),(81,(46,100)))),(((((80,((7,82),(84,(74,73)))),((36,76),(43,31))),39),((((96,(52,28)),68),53),((12,50),65))),1)),(59,40)),(79,69)),((((29,99),63),(3,23)),((27,16),30))),((83,(26,21)),((55,34),6))),95);
Guide Tree 0/16
#NNI moves:0/152
Guide Tree 1/16
#NNI moves:0/152
Guide Tree 2/16
#NNI moves:0/152
Guide Tree 3/16
#NNI moves:0/152
Guide Tree 4/16
#NNI moves:0/152
Guide Tree 5/16
#NNI moves:0/152
Guide Tree 6/16
#NNI moves:0/152
Guide Tree 7/16
#NNI moves:0/152
Guide Tree 8/16
#NNI moves:0/152
Guide Tree 9/16
#NNI moves:0/152
Guide Tree 10/16
#NNI moves:0/152
Guide Tree 11/16
#NNI moves:0/152
Guide Tree 12/16
#NNI moves:0/152
Guide Tree 13/16
#NNI moves:0/152
Guide Tree 14/16
#NNI moves:0/152
Guide Tree 15/16
#NNI moves:0/152
Remaining: 0
#NNI moves:0/152
#NNI moves:0/152
(((((((((((((((35,19),18),(51,90)),(14,20)),42),(47,66)),(((((4,78),67),61),57),(33,49))),((((((60,(45,93)),(62,(70,97))),((((9,(75,44)),((15,92),24)),37),(58,8))),(89,77)),((88,(48,25)),(17,10))),((((71,85),72),87),((32,2),86)))),(((((56,(94,54)),5),41),(98,((((38,22),11),(13,91)),64))),((46,100),81))),((((((((74,73),84),(7,82)),80),((36,76),(31,43))),39),((65,(12,50)),((((52,28),96),68),53))),1)),(40,59)),(69,79)),(((63,(99,29)),(3,23)),(30,(27,16)))),(((26,21),83),((34,55),6))),95);
Initial score: 1.19137e+09
Initial tree: (((((((((((((((35,19),18),(51,90)),(14,20)),42),(47,66)),(((((4,78),67),61),57),(33,49))),((((((60,(45,93)),(62,(70,97))),((((9,(75,44)),((15,92),24)),37),(58,8))),(89,77)),((88,(48,25)),(17,10))),((((71,85),72),87),((32,2),86)))),(((((56,(94,54)),5),41),(98,((((38,22),11),(13,91)),64))),((46,100),81))),((((((((74,73),84),(7,82)),80),((36,76),(31,43))),39),((65,(12,50)),((((52,28),96),68),53))),1)),(40,59)),(69,79)),(((63,(99,29)),(3,23)),(30,(27,16)))),(((26,21),83),((34,55),6))),95);
*** Subsample Process ***
Use two-step algorithm!
#NNI moves:0/152
Remaining: 0
#NNI moves:2/152
#NNI moves:2/152
((((((((((((((62,(70,97)),(60,(93,45))),((((9,(44,75)),((92,15),24)),37),(8,58))),(89,77)),(((48,25),88),(10,17))),((((85,71),72),87),((2,32),86))),((((((((((74,73),84),(82,7)),80),((36,76),(31,43))),39),(((50,12),65),((68,((28,52),96)),53))),1),((((((3,23),(63,(99,29))),((27,16),30)),(((83,(21,26)),((55,34),6)),95)),(69,79)),(59,40))),(((((((38,22),11),(13,91)),64),98),(41,(((94,54),56),5))),(81,(46,100))))),(((61,(67,(4,78))),57),(33,49))),(47,66)),42),(14,20)),((19,35),18)),51),90);
#NNI moves:0/152
Remaining: 0
#NNI moves:2/152
#NNI moves:2/152
((((((((((((((((60,(45,93)),(62,(97,70))),((((9,(75,44)),(24,(15,92))),37),(8,58))),(77,89)),((10,17),(88,(48,25)))),(((2,32),86),(((85,71),72),87))),(((((14,20),((90,51),((19,35),18))),42),(66,47)),(((((78,4),67),61),57),(33,49)))),((((((13,91),((38,22),11)),64),98),((((94,54),56),5),41)),((46,100),81))),(((((68,((52,28),96)),53),((12,50),65)),((((((73,74),84),(7,82)),80),((43,31),(36,76))),39)),1)),(59,40)),(69,79)),((((21,26),83),((34,55),6)),95)),((16,27),30)),((29,99),63)),23),3);
#NNI moves:0/152
Remaining: 0
#NNI moves:0/152
#NNI moves:0/152
(((((((((((((((((((9,(44,75)),(24,(15,92))),37),(8,58)),((62,(97,70)),(60,(45,93)))),(77,89)),((88,(25,48)),(10,17))),(((32,2),86),(((85,71),72),87))),(((((20,14),((18,(19,35)),(90,51))),42),(47,66)),((((67,(78,4)),61),57),(49,33)))),((((((94,54),56),5),41),((((91,13),(11,(22,38))),64),98)),((46,100),81))),(((((68,((52,28),96)),53),((50,12),65)),((((((73,74),84),(7,82)),80),((76,36),(31,43))),39)),1)),(40,59)),(69,79)),(((16,27),30),(((99,29),63),(3,23)))),95),((26,21),83)),6),34),55);
#NNI moves:0/152
Remaining: 0
#NNI moves:0/152
#NNI moves:0/152
(((((((((((((((50,12),65),(((96,(28,52)),68),53)),((((36,76),(43,31)),(((84,(74,73)),(7,82)),80)),39)),1),((((((16,27),30),(((29,99),63),(23,3))),(((83,(26,21)),((34,55),6)),95)),(69,79)),(59,40))),((((((11,(38,22)),(13,91)),64),98),((((94,54),56),5),41)),((46,100),81))),((((((4,78),67),61),57),(33,49)),((((((19,35),18),(90,51)),(14,20)),42),(66,47)))),(((72,(85,71)),87),((32,2),86))),((17,10),((48,25),88))),(89,77)),((62,(70,97)),((93,45),60))),((((44,75),9),(24,(92,15))),37)),8),58);
Current score: 1.19137e+09
Current tree: ((((83,(26,21)),((34,55),6)),((((16,27),30),(((29,99),63),(23,3))),((69,79),((59,40),((((((50,12),65),(((96,(28,52)),68),53)),((((36,76),(43,31)),(((84,(74,73)),(7,82)),80)),39)),1),(((((((11,(38,22)),(13,91)),64),98),((((94,54),56),5),41)),((46,100),81)),(((((((4,78),67),61),57),(33,49)),((((((19,35),18),(90,51)),(14,20)),42),(66,47))),((((72,(85,71)),87),((32,2),86)),(((17,10),((48,25),88)),((89,77),(((62,(70,97)),((93,45),60)),(((((44,75),9),(24,(92,15))),37),(8,58))))))))))))),95);
Final Tree: ((((83,(26,21)),((34,55),6)),((((16,27),30),(((29,99),63),(23,3))),((69,79),((59,40),((((((50,12),65),(((96,(28,52)),68),53)),((((36,76),(43,31)),(((84,(74,73)),(7,82)),80)),39)),1),(((((((11,(38,22)),(13,91)),64),98),((((94,54),56),5),41)),((46,100),81)),(((((((4,78),67),61),57),(33,49)),((((((19,35),18),(90,51)),(14,20)),42),(66,47))),((((72,(85,71)),87),((32,2),86)),(((17,10),((48,25),88)),((89,77),(((62,(70,97)),((93,45),60)),(((((44,75),9),(24,(92,15))),37),(8,58))))))))))))),95);
#EqQuartets: 1366538225
Score: 1191365840
ASTRAL for PaRalogs and Orthologs III (ASTRAL-Pro3)
*** NOW with integrated CASTLES-Pro ***
Version: v1.22.3.6
Read 512 genetrees and found 100 species.
#Genetrees: 1000
#Duploss: 14135
#Species: 100
#Rounds: 4
#Samples: 4
#Threads: 1
Use two-step algorithm!
Guide Tree 0/16
#NNI moves:0/152
Guide Tree 1/16
#NNI moves:0/152
Guide Tree 2/16
#NNI moves:0/152
Guide Tree 3/16
#NNI moves:2/152
Guide Tree 4/16
#NNI moves:2/152
Guide Tree 5/16
#NNI moves:0/152
Guide Tree 6/16
#NNI moves:0/152
Guide Tree 7/16
#NNI moves:0/152
Guide Tree 8/16
#NNI moves:0/152
Guide Tree 9/16
#NNI moves:0/152
Guide Tree 10/16
#NNI moves:0/152
Guide Tree 11/16
#NNI moves:0/152
Guide Tree 12/16
#NNI moves:0/152
Guide Tree 13/16
#NNI moves:2/152
Guide Tree 14/16
#NNI moves:0/152
Guide Tree 15/16
#NNI moves:0/152
Remaining: 0
#NNI moves:2/152
#NNI moves:2/152
(((((((((((((((78,66),31),(57,29)),15),63),5),(39,2)),((74,58),8)),((((((90,((84,49),(20,88))),((((56,28),68),(16,(3,(77,34)))),(33,(44,35)))),((((37,17),46),81),((53,(11,9)),((80,7),((6,(72,47)),38))))),(87,(25,41))),((32,21),61)),(((26,70),(83,4)),(14,30)))),(((((((79,55),(24,13)),(67,65)),(1,54)),(86,(64,40))),((((50,52),((62,73),27)),((12,82),59)),(((((((85,(18,89)),71),48),19),60),75),((76,36),23)))),((45,51),10))),((93,((100,97),98)),(((((95,96),91),94),92),99))),42),22),43),69);
Guide Tree 0/16
#NNI moves:0/152
Guide Tree 1/16
#NNI moves:0/152
Guide Tree 2/16
#NNI moves:0/152
Guide Tree 3/16
#NNI moves:0/152
Guide Tree 4/16
#NNI moves:0/152
Guide Tree 5/16
#NNI moves:0/152
Guide Tree 6/16
#NNI moves:0/152
Guide Tree 7/16
#NNI moves:2/152
Guide Tree 8/16
#NNI moves:0/152
Guide Tree 9/16
#NNI moves:0/152
Guide Tree 10/16
#NNI moves:2/152
Guide Tree 11/16
#NNI moves:0/152
Guide Tree 12/16
#NNI moves:0/152
Guide Tree 13/16
#NNI moves:0/152
Guide Tree 14/16
#NNI moves:0/152
Guide Tree 15/16
#NNI moves:0/152
Remaining: 0
#NNI moves:6/152
#NNI moves:6/152
(((((((((((((((((72,47),6),38),(7,80)),(53,(9,11))),(((37,17),46),81)),((((20,88),(49,84)),90),(((44,35),33),(((28,56),68),((3,(77,34)),16))))),((25,41),87)),((21,32),61)),((30,14),((83,4),(70,26)))),((((((((78,66),31),(29,57)),15),63),5),(39,2)),(8,(74,58)))),((((((52,50),((62,73),27)),((82,12),59)),(((((48,(((18,89),85),71)),19),60),75),(23,(76,36)))),(((54,1),((67,65),((55,79),(24,13)))),((40,64),86))),(10,(51,45)))),((((94,((96,95),91)),92),99),(93,(98,(100,97))))),42),22),43),69);
Guide Tree 0/16
#NNI moves:0/152
Guide Tree 1/16
#NNI moves:0/152
Guide Tree 2/16
#NNI moves:0/152
Guide Tree 3/16
#NNI moves:0/152
Guide Tree 4/16
#NNI moves:0/152
Guide Tree 5/16
#NNI moves:0/152
Guide Tree 6/16
#NNI moves:0/152
Guide Tree 7/16
#NNI moves:0/152
Guide Tree 8/16
#NNI moves:0/152
Guide Tree 9/16
#NNI moves:0/152
Guide Tree 10/16
#NNI moves:0/152
Guide Tree 11/16
#NNI moves:0/152
Guide Tree 12/16
#NNI moves:0/152
Guide Tree 13/16
#NNI moves:0/152
Guide Tree 14/16
#NNI moves:0/152
Guide Tree 15/16
#NNI moves:0/152
Remaining: 0
#NNI moves:6/152
#NNI moves:6/152
((((((((((((12,82),59),(((73,62),27),(52,50))),(((76,36),23),(((((((18,89),85),71),48),19),60),75))),(((((24,13),(55,79)),(65,67)),(54,1)),(86,(64,40)))),(10,(45,51))),((((((((53,(9,11)),((((47,72),6),38),(7,80))),(81,(46,(37,17)))),((((((77,34),3),16),((56,28),68)),((44,35),33)),(90,((84,49),(88,20))))),((41,25),87)),((21,32),61)),(((26,70),(4,83)),(30,14))),(((((((57,29),(31,(78,66))),15),63),5),(2,39)),((58,74),8)))),((((94,((95,96),91)),92),99),((98,(97,100)),93))),42),22),43),69);
Guide Tree 0/16
#NNI moves:2/152
Guide Tree 1/16
#NNI moves:0/152
Guide Tree 2/16
#NNI moves:2/152
Guide Tree 3/16
#NNI moves:0/152
Guide Tree 4/16
#NNI moves:8/152
Guide Tree 5/16
#NNI moves:0/152
Guide Tree 6/16
#NNI moves:0/152
Guide Tree 7/16
#NNI moves:0/152
Guide Tree 8/16
#NNI moves:0/152
Guide Tree 9/16
#NNI moves:4/152
Guide Tree 10/16
#NNI moves:0/152
Guide Tree 11/16
#NNI moves:0/152
Guide Tree 12/16
#NNI moves:2/152
Guide Tree 13/16
#NNI moves:6/152
Guide Tree 14/16
#NNI moves:2/152
Guide Tree 15/16
#NNI moves:2/152
Remaining: 0
#NNI moves:6/152
#NNI moves:6/152
(((((((((((((((17,37),46),81),(((((72,47),6),38),(80,7)),((11,9),53))),((((35,44),33),(((56,28),68),((3,(77,34)),16))),(90,((84,49),(88,20))))),((41,25),87)),(61,(32,21))),((30,14),((83,4),(26,70)))),((8,(74,58)),((((((31,(78,66)),(29,57)),15),63),5),(39,2)))),((((((27,(73,62)),(52,50)),(59,(12,82))),(((36,76),23),((((((85,(18,89)),71),48),19),60),75))),(((((55,79),(24,13)),(67,65)),(1,54)),(86,(40,64)))),((45,51),10))),(((92,((91,(96,95)),94)),99),(((97,100),98),93))),42),22),43),69);
Initial score: 1.3749e+09
Initial tree: (((((((((((((((17,37),46),81),(((((72,47),6),38),(80,7)),((11,9),53))),((((35,44),33),(((56,28),68),((3,(77,34)),16))),(90,((84,49),(88,20))))),((41,25),87)),(61,(32,21))),((30,14),((83,4),(26,70)))),((8,(74,58)),((((((31,(78,66)),(29,57)),15),63),5),(39,2)))),((((((27,(73,62)),(52,50)),(59,(12,82))),(((36,76),23),((((((85,(18,89)),71),48),19),60),75))),(((((55,79),(24,13)),(67,65)),(1,54)),(86,(40,64)))),((45,51),10))),(((92,((91,(96,95)),94)),99),(((97,100),98),93))),42),22),43),69);
*** Subsample Process ***
Use two-step algorithm!
#NNI moves:0/152
Remaining: 0
#NNI moves:8/152
#NNI moves:8/152
((((((((((((((((73,62),27),(52,50)),((82,12),59)),((((((((89,18),85),71),48),19),60),75),((36,76),23))),(((((24,13),(79,55)),(65,67)),(1,54)),(86,(64,40)))),((45,51),10)),(((99,(92,(((96,95),91),94))),(((97,100),98),93)),((22,(43,69)),42))),((((((((78,66),31),(29,57)),15),63),5),(39,2)),(8,(74,58)))),(((70,26),(83,4)),(30,14))),((21,32),61)),(87,(41,25))),((((44,35),33),(((28,56),68),((3,(34,77)),16))),(90,((49,84),(20,88))))),(((11,9),53),((38,(6,(47,72))),(7,80)))),((37,17),46)),81);
#NNI moves:0/152
Remaining: 0
#NNI moves:4/152
#NNI moves:6/152
((((((((((((((35,44),33),((((34,77),3),16),((28,56),68))),(((88,20),(49,84)),90)),(((53,(11,9)),((38,((47,72),6)),(80,7))),(81,((37,17),46)))),(87,(41,25))),((21,32),61)),(((26,70),(83,4)),(30,14))),(((((((31,(66,78)),(29,57)),15),63),5),(2,39)),((58,74),8))),((((((((((85,(18,89)),71),48),19),60),75),((76,36),23)),((((62,73),27),(50,52)),((82,12),59))),(((1,54),(((55,79),(13,24)),(67,65))),(86,(64,40)))),((51,45),10))),((93,((100,97),98)),(((94,(91,(95,96))),92),99))),42),(43,69)),22);
#NNI moves:2/152
Remaining: 0
#NNI moves:8/152
#NNI moves:8/152
(((((((((((((((((((((85,(89,18)),71),48),19),60),75),(23,(36,76))),(((27,(62,73)),(50,52)),((12,82),59))),(((((13,24),(55,79)),(65,67)),(54,1)),(86,(40,64)))),((51,45),10)),(((93,((100,97),98)),(((((96,95),91),94),92),99)),(42,((69,43),22)))),((((((((78,66),31),(29,57)),15),63),5),(2,39)),((74,58),8))),(((4,83),(26,70)),(14,30))),((32,21),61)),((25,41),87)),((81,(46,(37,17))),(((80,7),(38,((47,72),6))),((11,9),53)))),((((28,56),68),((3,(34,77)),16)),((35,44),33))),90),(88,20)),49),84);
#NNI moves:0/152
Remaining: 0
#NNI moves:4/152
#NNI moves:6/152
((((((((((((90,((20,88),(84,49))),(((((77,34),3),16),(68,(28,56))),((44,35),33))),((((17,37),46),81),(((11,9),53),((80,7),((6,(72,47)),38))))),((41,25),87)),(61,(32,21))),(((83,4),(70,26)),(14,30))),((((((((78,66),31),(57,29)),15),63),5),(39,2)),((58,74),8))),(((((((24,13),(55,79)),(67,65)),(1,54)),((64,40),86)),((((36,76),23),(((19,((((18,89),85),71),48)),60),75)),(((12,82),59),(((73,62),27),(50,52))))),(10,(45,51)))),(42,((43,69),22))),((((91,(95,96)),94),92),99)),((97,100),98)),93);
Current score: 1.3749e+09
Current tree: ((43,(22,(42,(((((((((90,((20,88),(84,49))),(((((77,34),3),16),(68,(28,56))),((44,35),33))),((((17,37),46),81),(((11,9),53),((80,7),((6,(72,47)),38))))),((41,25),87)),(61,(32,21))),(((83,4),(70,26)),(14,30))),((((((((78,66),31),(57,29)),15),63),5),(39,2)),((58,74),8))),(((((((24,13),(55,79)),(67,65)),(1,54)),((64,40),86)),((((36,76),23),(((19,((((18,89),85),71),48)),60),75)),(((12,82),59),(((73,62),27),(50,52))))),(10,(45,51)))),(((((91,(95,96)),94),92),99),(((97,100),98),93)))))),69);
Final Tree: ((43,(22,(42,(((((((((90,((20,88),(84,49))),(((((77,34),3),16),(68,(28,56))),((44,35),33))),((((17,37),46),81),(((11,9),53),((80,7),((6,(72,47)),38))))),((41,25),87)),(61,(32,21))),(((83,4),(70,26)),(14,30))),((((((((78,66),31),(57,29)),15),63),5),(39,2)),((58,74),8))),(((((((24,13),(55,79)),(67,65)),(1,54)),((64,40),86)),((((36,76),23),(((19,((((18,89),85),71),48)),60),75)),(((12,82),59),(((73,62),27),(50,52))))),(10,(45,51)))),(((((91,(95,96)),94),92),99),(((97,100),98),93)))))),69);
#EqQuartets: 1511569710
Score: 1374900828
ASTRAL for PaRalogs and Orthologs III (ASTRAL-Pro3)
*** NOW with integrated CASTLES-Pro ***
Version: v1.22.3.6
Read 512 genetrees and found 100 species.
#Genetrees: 1000
#Duploss: 14693
#Species: 100
#Rounds: 4
#Samples: 4
#Threads: 1
Use two-step algorithm!
Guide Tree 0/16
#NNI moves:0/152
Guide Tree 1/16
#NNI moves:0/152
Guide Tree 2/16
#NNI moves:0/152
Guide Tree 3/16
#NNI moves:0/152
Guide Tree 4/16
#NNI moves:0/152
Guide Tree 5/16
#NNI moves:0/152
Guide Tree 6/16
#NNI moves:0/152
Guide Tree 7/16
#NNI moves:0/152
Guide Tree 8/16
#NNI moves:0/152
Guide Tree 9/16
#NNI moves:0/152
Guide Tree 10/16
#NNI moves:0/152
Guide Tree 11/16
#NNI moves:0/152
Guide Tree 12/16
#NNI moves:0/152
Guide Tree 13/16
#NNI moves:0/152
Guide Tree 14/16
#NNI moves:0/152
Guide Tree 15/16
#NNI moves:0/152
Remaining: 0
#NNI moves:0/152
#NNI moves:0/152
((((((((((20,24),86),((((78,3),(59,51)),((27,(89,10)),65)),((18,(((66,30),39),70)),(84,17)))),(((((((83,46),(25,50)),((40,61),15)),(38,22)),(((((((14,(31,74)),36),55),(75,(8,56))),77),(54,49)),(21,12))),(((((81,11),(76,82)),(68,32)),((53,(63,60)),9)),(((48,91),58),7))),(62,((52,(((43,88),(57,47)),28)),45)))),(((((29,(1,72)),((4,5),80)),64),(34,44)),(87,((71,13),69)))),((((((((79,19),((37,26),6)),73),16),(23,41)),((90,42),85)),67),(35,(2,33)))),(((96,98),97),95)),(93,(99,92))),100),94);
Guide Tree 0/16
#NNI moves:0/152
Guide Tree 1/16
#NNI moves:0/152
Guide Tree 2/16
#NNI moves:0/152
Guide Tree 3/16
#NNI moves:0/152
Guide Tree 4/16
#NNI moves:0/152
Guide Tree 5/16
#NNI moves:0/152
Guide Tree 6/16
#NNI moves:0/152
Guide Tree 7/16
#NNI moves:0/152
Guide Tree 8/16
#NNI moves:0/152
Guide Tree 9/16
#NNI moves:0/152
Guide Tree 10/16
#NNI moves:0/152
Guide Tree 11/16
#NNI moves:0/152
Guide Tree 12/16
#NNI moves:0/152
Guide Tree 13/16
#NNI moves:0/152
Guide Tree 14/16
#NNI moves:0/152
Guide Tree 15/16
#NNI moves:0/152
Remaining: 0
#NNI moves:0/152
#NNI moves:0/152
(((((((((((((((55,(((31,74),14),36)),((8,56),75)),77),(49,54)),(12,21)),((((50,25),(83,46)),((61,40),15)),(38,22))),(((((81,11),(82,76)),(32,68)),(9,(53,(63,60)))),((58,(91,48)),7))),((((((88,43),(47,57)),28),52),45),62)),(((((78,3),(59,51)),(((10,89),27),65)),((((39,(66,30)),70),18),(84,17))),((20,24),86))),((((13,71),69),87),(((((5,4),80),(29,(72,1))),64),(44,34)))),(((((((((37,26),6),(79,19)),73),16),(41,23)),(85,(42,90))),67),(35,(2,33)))),(((96,98),97),95)),((92,99),93)),100),94);
Guide Tree 0/16
#NNI moves:0/152
Guide Tree 1/16
#NNI moves:0/152
Guide Tree 2/16
#NNI moves:0/152
Guide Tree 3/16
#NNI moves:0/152
Guide Tree 4/16
#NNI moves:0/152
Guide Tree 5/16
#NNI moves:0/152
Guide Tree 6/16
#NNI moves:0/152
Guide Tree 7/16
#NNI moves:0/152
Guide Tree 8/16
#NNI moves:0/152
Guide Tree 9/16
#NNI moves:0/152
Guide Tree 10/16
#NNI moves:0/152
Guide Tree 11/16
#NNI moves:0/152
Guide Tree 12/16
#NNI moves:0/152
Guide Tree 13/16
#NNI moves:0/152
Guide Tree 14/16
#NNI moves:0/152
Guide Tree 15/16
#NNI moves:0/152
Remaining: 0
#NNI moves:0/152
#NNI moves:0/152
((((((((((((((81,11),(82,76)),(32,68)),(((60,63),53),9)),(((91,48),58),7)),((((77,(((8,56),75),(((14,(74,31)),36),55))),(49,54)),(12,21)),((((40,61),15),((83,46),(25,50))),(38,22)))),((((((43,88),(57,47)),28),52),45),62)),(((((((66,30),39),70),18),(17,84)),(((51,59),(78,3)),(65,(27,(89,10))))),(86,(24,20)))),(((64,(((72,1),29),((5,4),80))),(34,44)),(((13,71),69),87))),(((((90,42),85),(((((79,19),(6,(37,26))),73),16),(41,23))),67),(35,(33,2)))),(((98,96),97),95)),((92,99),93)),100),94);
Guide Tree 0/16
#NNI moves:0/152
Guide Tree 1/16
#NNI moves:0/152
Guide Tree 2/16
#NNI moves:0/152
Guide Tree 3/16
#NNI moves:0/152
Guide Tree 4/16
#NNI moves:0/152
Guide Tree 5/16
#NNI moves:0/152
Guide Tree 6/16
#NNI moves:0/152
Guide Tree 7/16
#NNI moves:0/152
Guide Tree 8/16
#NNI moves:0/152
Guide Tree 9/16
#NNI moves:0/152
Guide Tree 10/16
#NNI moves:0/152
Guide Tree 11/16
#NNI moves:0/152
Guide Tree 12/16
#NNI moves:0/152
Guide Tree 13/16
#NNI moves:0/152
Guide Tree 14/16
#NNI moves:0/152
Guide Tree 15/16
#NNI moves:0/152
Remaining: 0
#NNI moves:0/152
#NNI moves:0/152
((((((((((((((63,60),53),9),(((11,81),(76,82)),(32,68))),((58,(48,91)),7)),(((22,38),(((83,46),(50,25)),((40,61),15))),((21,12),((((55,((14,(74,31)),36)),((8,56),75)),77),(54,49))))),(((52,(28,((88,43),(47,57)))),45),62)),(((((70,((66,30),39)),18),(84,17)),((((89,10),27),65),((78,3),(51,59)))),((24,20),86))),(((69,(13,71)),87),(((((72,1),29),(80,(5,4))),64),(44,34)))),(((((16,(((79,19),((26,37),6)),73)),(23,41)),((42,90),85)),67),((33,2),35))),((97,(98,96)),95)),((99,92),93)),100),94);
Initial score: 1.36062e+09
Initial tree: ((((((((((((((63,60),53),9),(((11,81),(76,82)),(32,68))),((58,(48,91)),7)),(((22,38),(((83,46),(50,25)),((40,61),15))),((21,12),((((55,((14,(74,31)),36)),((8,56),75)),77),(54,49))))),(((52,(28,((88,43),(47,57)))),45),62)),(((((70,((66,30),39)),18),(84,17)),((((89,10),27),65),((78,3),(51,59)))),((24,20),86))),(((69,(13,71)),87),(((((72,1),29),(80,(5,4))),64),(44,34)))),(((((16,(((79,19),((26,37),6)),73)),(23,41)),((42,90),85)),67),((33,2),35))),((97,(98,96)),95)),((99,92),93)),100),94);
*** Subsample Process ***
Use two-step algorithm!
#NNI moves:0/152
Remaining: 0
#NNI moves:0/152
#NNI moves:0/152
(((((((((((((((((((79,19),(6,(37,26))),73),16),(41,23)),(85,(42,90))),67),((33,2),35)),(((100,94),(93,(92,99))),((97,(98,96)),95))),(((64,((80,(5,4)),(29,(1,72)))),(34,44)),(((13,71),69),87))),((((17,84),((70,((30,66),39)),18)),(((59,51),(3,78)),(((89,10),27),65))),((20,24),86))),((((((57,47),(88,43)),28),52),45),62)),(((((83,46),(25,50)),((40,61),15)),(38,22)),((((((((31,74),14),36),55),((56,8),75)),77),(49,54)),(12,21)))),(((91,48),58),7)),((53,(63,60)),9)),(32,68)),(76,82)),81),11);
#NNI moves:0/152
Remaining: 0
#NNI moves:0/152
#NNI moves:0/152
((((((((((((((40,61),15),((25,50),(46,83))),(22,38)),((((((56,8),75),((((31,74),14),36),55)),77),(49,54)),(21,12))),((((53,(63,60)),9),(((81,11),(76,82)),(32,68))),(((91,48),58),7))),((((28,((43,88),(57,47))),52),45),62)),((((((10,89),27),65),((51,59),(78,3))),((84,17),(18,(((30,66),39),70)))),((24,20),86))),(((((29,(1,72)),((5,4),80)),64),(34,44)),(((71,13),69),87))),((((((73,(((37,26),6),(19,79))),16),(41,23)),(85,(90,42))),67),((2,33),35))),(95,((96,98),97))),((92,99),93)),94),100);
#NNI moves:0/152
Remaining: 0
#NNI moves:0/152
#NNI moves:0/152
((((((((((((((((1,72),29),((5,4),80)),64),(44,34)),(((71,13),69),87)),(((((((((19,79),(6,(37,26))),73),16),(41,23)),((90,42),85)),67),((2,33),35)),((((96,98),97),95),((93,(92,99)),(94,100))))),(((((51,59),(78,3)),((27,(89,10)),65)),((((39,(66,30)),70),18),(84,17))),((20,24),86))),((((((47,57),(43,88)),28),52),45),62)),(((((60,63),53),9),(((11,81),(76,82)),(68,32))),(((91,48),58),7))),(((54,49),((((((31,74),14),36),55),((56,8),75)),77)),(21,12))),(22,38)),((46,83),(25,50))),15),61),40);
#NNI moves:0/152
Remaining: 0
#NNI moves:0/152
#NNI moves:0/152
(((((((((((((((76,82),(11,81)),(32,68)),((53,(63,60)),9)),(7,((48,91),58))),(((((83,46),(50,25)),((61,40),15)),(38,22)),((((((8,56),75),((36,((31,74),14)),55)),77),(54,49)),(12,21)))),(((52,(((57,47),(43,88)),28)),45),62)),((((65,((89,10),27)),((3,78),(59,51))),(((70,(39,(66,30))),18),(84,17))),((20,24),86))),(((34,44),(64,(((1,72),29),((4,5),80)))),((69,(13,71)),87))),((((((((79,19),((26,37),6)),73),16),(23,41)),((90,42),85)),67),((33,2),35))),(((96,98),97),95)),(100,94)),93),92),99);
Current score: 1.36062e+09
Current tree: ((100,((((((((((((76,82),(11,81)),(32,68)),((53,(63,60)),9)),(7,((48,91),58))),(((((83,46),(50,25)),((61,40),15)),(38,22)),((((((8,56),75),((36,((31,74),14)),55)),77),(54,49)),(12,21)))),(((52,(((57,47),(43,88)),28)),45),62)),((((65,((89,10),27)),((3,78),(59,51))),(((70,(39,(66,30))),18),(84,17))),((20,24),86))),(((34,44),(64,(((1,72),29),((4,5),80)))),((69,(13,71)),87))),((((((((79,19),((26,37),6)),73),16),(23,41)),((90,42),85)),67),((33,2),35))),(((96,98),97),95)),(93,(92,99)))),94);
Final Tree: ((100,((((((((((((76,82),(11,81)),(32,68)),((53,(63,60)),9)),(7,((48,91),58))),(((((83,46),(50,25)),((61,40),15)),(38,22)),((((((8,56),75),((36,((31,74),14)),55)),77),(54,49)),(12,21)))),(((52,(((57,47),(43,88)),28)),45),62)),((((65,((89,10),27)),((3,78),(59,51))),(((70,(39,(66,30))),18),(84,17))),((20,24),86))),(((34,44),(64,(((1,72),29),((4,5),80)))),((69,(13,71)),87))),((((((((79,19),((26,37),6)),73),16),(23,41)),((90,42),85)),67),((33,2),35))),(((96,98),97),95)),(93,(92,99)))),94);
#EqQuartets: 1481948289
Score: 1360619527
