ASTRAL for PaRalogs and Orthologs III (ASTRAL-Pro3)
*** NOW with integrated CASTLES-Pro ***
Version: v1.22.3.6
Read 512 genetrees and found 100 species.
#Genetrees: 995
#Duploss: 48095
#Species: 100
#Rounds: 4
#Samples: 4
#Threads: 1
Use two-step algorithm!
Guide Tree 0/16
#NNI moves:2/152
Guide Tree 1/16
#NNI moves:0/152
Guide Tree 2/16
#NNI moves:2/152
Guide Tree 3/16
#NNI moves:0/152
Guide Tree 4/16
#NNI moves:6/152
Guide Tree 5/16
#NNI moves:8/152
Guide Tree 6/16
#NNI moves:6/152
Guide Tree 7/16
#NNI moves:6/152
Guide Tree 8/16
#NNI moves:2/152
Guide Tree 9/16
#NNI moves:0/152
Guide Tree 10/16
#NNI moves:0/152
Guide Tree 11/16
#NNI moves:0/152
Guide Tree 12/16
#NNI moves:2/152
Guide Tree 13/16
#NNI moves:2/152
Guide Tree 14/16
#NNI moves:0/152
Guide Tree 15/16
#NNI moves:0/152
Remaining: 1
#NNI moves:8/152
#NNI moves:8/152
(((((((((((((((((6,9),10),((1,11),8)),(3,12)),7),((5,4),2)),((((((71,16),(44,(23,50))),97),77),(91,((94,30),36))),(((41,33),(39,17)),(((15,68),76),(51,18))))),(((58,19),63),(((31,25),(47,52)),(93,20)))),((((62,82),(88,81)),(((42,67),61),(((28,66),(14,99)),83))),(37,38))),((49,89),((32,96),57))),(((((40,86),70),((35,(55,69)),34)),(65,24)),((((21,90),87),79),75))),(98,54)),(((((((60,27),29),45),80),((26,56),53)),((100,(95,92)),(13,43))),(78,(72,64)))),((48,22),(85,46))),(73,74)),84),59);
Guide Tree 0/16
#NNI moves:4/152
Guide Tree 1/16
#NNI moves:0/152
Guide Tree 2/16
#NNI moves:0/152
Guide Tree 3/16
#NNI moves:2/152
Guide Tree 4/16
#NNI moves:2/152
Guide Tree 5/16
#NNI moves:10/152
Guide Tree 6/16
#NNI moves:16/152
Guide Tree 7/16
#NNI moves:2/152
Guide Tree 8/16
#NNI moves:6/152
Guide Tree 9/16
#NNI moves:0/152
Guide Tree 10/16
#NNI moves:0/152
Guide Tree 11/16
#NNI moves:0/152
Guide Tree 12/16
#NNI moves:2/152
Guide Tree 13/16
#NNI moves:2/152
Guide Tree 14/16
#NNI moves:6/152
Guide Tree 15/16
#NNI moves:2/152
Remaining: 0
#NNI moves:14/152
#NNI moves:18/152
(((((((((((((((((9,6),10),((1,11),8)),(12,3)),7),(2,(5,4))),(((((((23,50),44),(16,71)),97),77),((36,(30,94)),91)),(((51,18),(76,(15,68))),((33,41),(39,17))))),(((20,93),((31,25),(47,52))),(63,(58,19)))),((((62,82),(81,88)),((((99,14),(66,28)),83),(61,(67,42)))),(37,38))),(((32,96),57),(49,89))),(((79,((21,90),87)),75),((((40,86),70),(((55,69),35),34)),(24,65)))),(54,98)),(((((26,56),53),(((29,(60,27)),45),80)),((43,13),((95,92),100))),((72,64),78))),((85,46),(48,22))),(74,73)),84),59);
Guide Tree 0/16
#NNI moves:0/152
Guide Tree 1/16
#NNI moves:0/152
Guide Tree 2/16
#NNI moves:0/152
Guide Tree 3/16
#NNI moves:0/152
Guide Tree 4/16
#NNI moves:0/152
Guide Tree 5/16
#NNI moves:0/152
Guide Tree 6/16
#NNI moves:0/152
Guide Tree 7/16
#NNI moves:0/152
Guide Tree 8/16
#NNI moves:0/152
Guide Tree 9/16
#NNI moves:0/152
Guide Tree 10/16
#NNI moves:6/152
Guide Tree 11/16
#NNI moves:6/152
Guide Tree 12/16
#NNI moves:0/152
Guide Tree 13/16
#NNI moves:0/152
Guide Tree 14/16
#NNI moves:0/152
Guide Tree 15/16
#NNI moves:0/152
Remaining: 2
#NNI moves:12/152
#NNI moves:26/152
(((((((((((((((3,12),((10,(9,6)),((1,11),8))),7),(5,(4,2))),((((76,(15,68)),(51,18)),((41,33),(39,17))),((((((50,23),44),(71,16)),97),77),(91,((30,94),36))))),(((19,58),63),(((47,52),(31,25)),(93,20)))),(((((67,42),61),(83,((66,28),(99,14)))),((82,62),(81,88))),(37,38))),(((96,32),57),(89,49))),((((87,(90,21)),79),75),(((70,(40,86)),(((69,55),35),34)),(65,24)))),(98,54)),(((((26,56),53),((((60,27),29),45),80)),((13,43),(100,(92,95)))),((64,72),78))),((46,85),(22,48))),(73,74)),84),59);
Guide Tree 0/16
#NNI moves:0/152
Guide Tree 1/16
#NNI moves:0/152
Guide Tree 2/16
#NNI moves:0/152
Guide Tree 3/16
#NNI moves:0/152
Guide Tree 4/16
#NNI moves:0/152
Guide Tree 5/16
#NNI moves:0/152
Guide Tree 6/16
#NNI moves:2/152
Guide Tree 7/16
#NNI moves:0/152
Guide Tree 8/16
#NNI moves:2/152
Guide Tree 9/16
#NNI moves:0/152
Guide Tree 10/16
#NNI moves:0/152
Guide Tree 11/16
#NNI moves:0/152
Guide Tree 12/16
#NNI moves:0/152
Guide Tree 13/16
#NNI moves:0/152
Guide Tree 14/16
#NNI moves:0/152
Guide Tree 15/16
#NNI moves:0/152
Remaining: 0
#NNI moves:8/152
#NNI moves:8/152
(((((((((((((((97,((71,16),((23,50),44))),77),(91,(36,(94,30)))),(((76,(15,68)),(18,51)),((41,33),(17,39)))),((((((6,9),10),(8,(1,11))),(3,12)),7),((5,4),2))),((63,(58,19)),(((47,52),(25,31)),(93,20)))),((37,38),(((((99,14),(28,66)),83),(61,(42,67))),((81,88),(62,82))))),((57,(32,96)),(49,89))),(((((86,40),70),(((55,69),35),34)),(65,24)),((((90,21),87),79),75))),(54,98)),(((((92,95),100),(13,43)),(((56,26),53),((((60,27),29),45),80))),((72,64),78))),((46,85),(22,48))),(74,73)),84),59);
Initial score: 1.22839e+08
Initial tree: (((((((((((((((97,((71,16),((23,50),44))),77),(91,(36,(94,30)))),(((76,(15,68)),(18,51)),((41,33),(17,39)))),((((((6,9),10),(8,(1,11))),(3,12)),7),((5,4),2))),((63,(58,19)),(((47,52),(25,31)),(93,20)))),((37,38),(((((99,14),(28,66)),83),(61,(42,67))),((81,88),(62,82))))),((57,(32,96)),(49,89))),(((((86,40),70),(((55,69),35),34)),(65,24)),((((90,21),87),79),75))),(54,98)),(((((92,95),100),(13,43)),(((56,26),53),((((60,27),29),45),80))),((72,64),78))),((46,85),(22,48))),(74,73)),84),59);
*** Subsample Process ***
Use two-step algorithm!
#NNI moves:0/152
Remaining: 0
#NNI moves:12/152
#NNI moves:24/152
(((((((((((((((((((56,26),53),((((60,27),29),45),80)),((13,43),((92,95),100))),(78,(72,64))),(((22,48),(85,46)),((74,73),(84,59)))),(98,54)),((((87,(21,90)),79),75),((65,24),(((86,40),70),(((69,55),35),34))))),(((96,32),57),(49,89))),((((88,81),(62,82)),((83,((66,28),(99,14))),(61,(67,42)))),(37,38))),((((47,52),(31,25)),(93,20)),(63,(58,19)))),(((4,5),2),(((((11,1),8),(10,(9,6))),(3,12)),7))),(((18,51),((68,15),76)),((41,33),(39,17)))),(((30,94),36),91)),77),97),(44,(50,23))),16),71);
#NNI moves:2/152
Remaining: 0
#NNI moves:16/152
#NNI moves:16/152
(((((((((((((((((3,12),((8,(1,11)),(10,(9,6)))),7),((4,5),2)),((((41,33),(17,39)),(((15,68),76),(18,51))),(((97,((44,(50,23)),(16,71))),77),(((30,94),36),91)))),((((47,52),(25,31)),(93,20)),((19,58),63))),((((81,88),(82,62)),(((67,42),61),(((99,14),(28,66)),83))),(38,37))),(((96,32),57),(89,49))),((((((69,55),35),34),((40,86),70)),(65,24)),((((21,90),87),79),75))),(98,54)),(((48,22),(46,85)),((84,59),(73,74)))),(78,(64,72))),((100,(92,95)),(13,43))),(((29,(27,60)),45),80)),53),56),26);
#NNI moves:2/152
Remaining: 0
#NNI moves:6/152
#NNI moves:6/152
(((((((((((((((((((27,60),29),45),80),((56,26),53)),(((95,92),100),(43,13))),(78,(64,72))),(((46,85),(48,22)),((74,73),(59,84)))),(54,98)),(((((40,86),70),(((69,55),35),34)),(65,24)),((((90,21),87),79),75))),((89,49),((32,96),57))),((((62,82),(88,81)),((((66,28),(14,99)),83),((67,42),61))),(37,38))),(((58,19),63),(((25,31),(47,52)),(93,20)))),((((41,33),(17,39)),((18,51),((15,68),76))),((((30,94),36),91),((((44,(50,23)),(71,16)),97),77)))),((5,4),2)),7),((8,(1,11)),(10,(9,6)))),12),3);
#NNI moves:0/152
Remaining: 1
#NNI moves:36/152
#NNI moves:36/152
((((((((((((((((((31,25),(52,47)),(20,93)),((19,58),63)),(((((((71,16),(44,(23,50))),97),77),(91,(36,(94,30)))),(((33,41),(39,17)),((51,18),((15,68),76)))),(((4,5),2),(((((6,9),10),(8,(11,1))),(12,3)),7)))),((((62,82),(81,88)),((((28,66),(14,99)),83),(61,(42,67)))),(37,38))),(((32,96),57),(89,49))),(((((40,86),70),(34,(35,(69,55)))),(65,24)),(75,((87,(21,90)),79)))),(54,98)),(((46,85),(22,48)),((84,59),(73,74)))),(78,(72,64))),((13,43),((95,92),100))),(53,(56,26))),80),45),29),27),60);
Current score: 1.22839e+08
Current tree: ((84,((73,74),(((46,85),(22,48)),((((((((((31,25),(52,47)),(20,93)),((19,58),63)),(((((((71,16),(44,(23,50))),97),77),(91,(36,(94,30)))),(((33,41),(39,17)),((51,18),((15,68),76)))),(((4,5),2),(((((6,9),10),(8,(11,1))),(12,3)),7)))),((((62,82),(81,88)),((((28,66),(14,99)),83),(61,(42,67)))),(37,38))),(((32,96),57),(89,49))),(((((40,86),70),(34,(35,(69,55)))),(65,24)),(75,((87,(21,90)),79)))),(54,98)),((78,(72,64)),(((13,43),((95,92),100)),((53,(56,26)),(80,(45,(29,(27,60))))))))))),59);
Final Tree: ((84,((73,74),(((46,85),(22,48)),((((((((((31,25),(52,47)),(20,93)),((19,58),63)),(((((((71,16),(44,(23,50))),97),77),(91,(36,(94,30)))),(((33,41),(39,17)),((51,18),((15,68),76)))),(((4,5),2),(((((6,9),10),(8,(11,1))),(12,3)),7)))),((((62,82),(81,88)),((((28,66),(14,99)),83),(61,(42,67)))),(37,38))),(((32,96),57),(89,49))),(((((40,86),70),(34,(35,(69,55)))),(65,24)),(75,((87,(21,90)),79)))),(54,98)),((78,(72,64)),(((13,43),((95,92),100)),((53,(56,26)),(80,(45,(29,(27,60))))))))))),59);
#EqQuartets: 180579102
Score: 122839425
ASTRAL for PaRalogs and Orthologs III (ASTRAL-Pro3)
*** NOW with integrated CASTLES-Pro ***
Version: v1.22.3.6
Read 512 genetrees and found 100 species.
#Genetrees: 996
#Duploss: 47969
#Species: 100
#Rounds: 4
#Samples: 4
#Threads: 1
Use two-step algorithm!
Guide Tree 0/16
#NNI moves:6/152
Guide Tree 1/16
#NNI moves:0/152
Guide Tree 2/16
#NNI moves:4/152
Guide Tree 3/16
#NNI moves:0/152
Guide Tree 4/16
#NNI moves:0/152
Guide Tree 5/16
#NNI moves:4/152
Guide Tree 6/16
#NNI moves:0/152
Guide Tree 7/16
#NNI moves:0/152
Guide Tree 8/16
#NNI moves:2/152
Guide Tree 9/16
#NNI moves:0/152
Guide Tree 10/16
#NNI moves:0/152
Guide Tree 11/16
#NNI moves:0/152
Guide Tree 12/16
#NNI moves:0/152
Guide Tree 13/16
#NNI moves:0/152
Guide Tree 14/16
#NNI moves:0/152
Guide Tree 15/16
#NNI moves:0/152
Remaining: 0
#NNI moves:0/152
#NNI moves:0/152
(((((((((((((((((54,51),81),(88,71)),((((78,41),29),((50,86),55)),65)),((((45,85),((((87,61),67),59),52)),47),39)),(((14,(15,9)),((((((((22,19),26),20),((12,8),17)),((3,16),(11,18))),27),((24,5),(1,13))),(((28,23),(10,4)),(6,(2,21))))),(25,7))),(((((31,44),97),94),(((((40,63),100),83),34),((57,(53,91)),92))),((((49,(((96,72),42),((30,82),38))),(46,79)),60),((56,(76,62)),(37,(69,80)))))),(70,36)),(((64,98),84),58)),(89,99)),(43,(73,33))),(48,90)),((35,(68,66)),93)),(95,75)),77),32),74);
Guide Tree 0/16
#NNI moves:2/152
Guide Tree 1/16
#NNI moves:0/152
Guide Tree 2/16
#NNI moves:6/152
Guide Tree 3/16
#NNI moves:0/152
Guide Tree 4/16
#NNI moves:6/152
Guide Tree 5/16
#NNI moves:0/152
Guide Tree 6/16
#NNI moves:2/152
Guide Tree 7/16
#NNI moves:2/152
Guide Tree 8/16
#NNI moves:6/152
Guide Tree 9/16
#NNI moves:0/152
Guide Tree 10/16
#NNI moves:0/152
Guide Tree 11/16
#NNI moves:6/152
Guide Tree 12/16
#NNI moves:6/152
Guide Tree 13/16
#NNI moves:2/152
Guide Tree 14/16
#NNI moves:6/152
Guide Tree 15/16
#NNI moves:0/152
Remaining: 1
#NNI moves:8/152
#NNI moves:8/152
(((((((((((((((65,(((78,41),29),((86,50),55))),(((54,51),81),(88,71))),((((45,85),((((61,87),67),59),52)),47),39)),((25,7),(((((21,2),6),((23,28),(10,4))),(((13,1),(24,5)),(27,(((11,18),(3,16)),((17,(8,12)),(20,(26,(19,22)))))))),((9,15),14)))),((((((((82,30),38),((72,96),42)),49),(46,79)),60),(((62,76),56),(37,(69,80)))),(((((53,91),57),92),((83,((63,40),100)),34)),((97,(44,31)),94)))),(70,36)),(((98,64),84),58)),(89,99)),((73,33),43)),(90,48)),(93,((66,68),35))),(75,95)),77),32),74);
Guide Tree 0/16
#NNI moves:4/152
Guide Tree 1/16
#NNI moves:2/152
Guide Tree 2/16
#NNI moves:6/152
Guide Tree 3/16
#NNI moves:2/152
Guide Tree 4/16
#NNI moves:6/152
Guide Tree 5/16
#NNI moves:0/152
Guide Tree 6/16
#NNI moves:2/152
Guide Tree 7/16
#NNI moves:6/152
Guide Tree 8/16
#NNI moves:2/152
Guide Tree 9/16
#NNI moves:2/152
Guide Tree 10/16
#NNI moves:4/152
Guide Tree 11/16
#NNI moves:2/152
Guide Tree 12/16
#NNI moves:0/152
Guide Tree 13/16
#NNI moves:8/152
Guide Tree 14/16
#NNI moves:2/152
Guide Tree 15/16
#NNI moves:0/152
Remaining: 0
#NNI moves:8/152
#NNI moves:8/152
((((((((((((((((((((11,18),(16,3)),(((12,8),17),(((19,22),26),20))),27),((24,5),(1,13))),(((21,2),6),((4,10),(23,28)))),((9,15),14)),(7,25)),((((((59,(67,(61,87))),52),(45,85)),47),39),((65,((55,(86,50)),((78,41),29))),(((51,54),81),(88,71))))),(((((((63,40),100),83),34),((57,(91,53)),92)),(((44,31),97),94)),((((62,76),56),((69,80),37)),((((((96,72),42),((82,30),38)),49),(79,46)),60)))),(70,36)),(((64,98),84),58)),(99,89)),(43,(73,33))),(48,90)),(((68,66),35),93)),(95,75)),77),32),74);
Guide Tree 0/16
#NNI moves:2/152
Guide Tree 1/16
#NNI moves:0/152
Guide Tree 2/16
#NNI moves:2/152
Guide Tree 3/16
#NNI moves:4/152
Guide Tree 4/16
#NNI moves:0/152
Guide Tree 5/16
#NNI moves:0/152
Guide Tree 6/16
#NNI moves:2/152
Guide Tree 7/16
#NNI moves:2/152
Guide Tree 8/16
#NNI moves:2/152
Guide Tree 9/16
#NNI moves:6/152
Guide Tree 10/16
#NNI moves:2/152
Guide Tree 11/16
#NNI moves:0/152
Guide Tree 12/16
#NNI moves:2/152
Guide Tree 13/16
#NNI moves:4/152
Guide Tree 14/16
#NNI moves:0/152
Guide Tree 15/16
#NNI moves:2/152
Remaining: 1
#NNI moves:0/152
#NNI moves:0/152
((((((((((((((((((((((19,22),26),20),((8,12),17)),((16,3),(11,18))),27),((24,5),(1,13))),((6,(21,2)),((10,4),(28,23)))),((9,15),14)),(25,7)),((((((41,78),29),(55,(86,50))),65),(((54,51),81),(71,88))),((47,(((((87,61),67),59),52),(45,85))),39))),((((92,(57,(91,53))),((83,(100,(40,63))),34)),(((44,31),97),94)),((((79,46),(49,((38,(82,30)),((72,96),42)))),60),((37,(69,80)),(56,(62,76)))))),(70,36)),(((98,64),84),58)),(99,89)),((33,73),43)),(90,48)),(((68,66),35),93)),(75,95)),77),32),74);
Initial score: 1.52314e+08
Initial tree: ((((((((((((((((((((((19,22),26),20),((8,12),17)),((16,3),(11,18))),27),((24,5),(1,13))),((6,(21,2)),((10,4),(28,23)))),((9,15),14)),(25,7)),((((((41,78),29),(55,(86,50))),65),(((54,51),81),(71,88))),((47,(((((87,61),67),59),52),(45,85))),39))),((((92,(57,(91,53))),((83,(100,(40,63))),34)),(((44,31),97),94)),((((79,46),(49,((38,(82,30)),((72,96),42)))),60),((37,(69,80)),(56,(62,76)))))),(70,36)),(((98,64),84),58)),(99,89)),((33,73),43)),(90,48)),(((68,66),35),93)),(75,95)),77),32),74);
*** Subsample Process ***
Use two-step algorithm!
#NNI moves:4/152
Remaining: 0
#NNI moves:22/152
#NNI moves:22/152
(((((((((((((((((82,30),38),((96,72),42)),49),(79,46)),60),((56,(76,62)),(37,(80,69)))),((((((63,40),100),83),34),((57,(53,91)),92)),(((44,31),97),94))),((((((33,73),43),((((77,(32,74)),(95,75)),((35,(66,68)),93)),(90,48))),(99,89)),(((64,98),84),58)),(36,70))),(((((45,85),(52,(59,((61,87),67)))),47),39),((((55,(86,50)),((41,78),29)),65),((81,(51,54)),(88,71))))),(7,25)),((9,15),14)),(((28,23),(10,4)),(6,(21,2)))),((((16,3),(18,11)),((((22,19),26),20),(17,(12,8)))),27)),(13,1)),24),5);
#NNI moves:0/152
Remaining: 0
#NNI moves:2/152
#NNI moves:12/152
(((((((((((((((((((((22,19),26),20),((12,8),17)),((3,16),(18,11))),27),((1,13),(24,5))),(((10,4),(28,23)),((2,21),6))),((9,15),14)),(7,25)),(((47,((((67,(87,61)),59),52),(85,45))),39),((65,(((50,86),55),((78,41),29))),(((51,54),81),(71,88))))),(((((79,46),(((42,(96,72)),((30,82),38)),49)),60),((56,(62,76)),((80,69),37))),((((((63,40),100),83),34),(((91,53),57),92)),(94,(97,(44,31)))))),(70,36)),((84,(98,64)),58)),(89,99)),((73,33),43)),(48,90)),((35,(68,66)),93)),(75,95)),(32,74)),77);
#NNI moves:0/152
Remaining: 2
#NNI moves:6/152
#NNI moves:6/152
(((((((((((((((((((((72,96),42),((30,82),38)),49),(79,46)),60),((56,(76,62)),(37,(80,69)))),((94,(97,(44,31))),((((91,53),57),92),((((40,63),100),83),34)))),((((((((95,75),((74,32),77)),(((66,68),35),93)),(90,48)),(43,(33,73))),(89,99)),(((98,64),84),58)),(70,36))),(((((55,(86,50)),((78,41),29)),65),(((54,51),81),(71,88))),((((45,85),((((61,87),67),59),52)),47),39))),(7,25)),((9,15),14)),(((2,21),6),((4,10),(28,23)))),((13,1),(5,24))),27),((16,3),(11,18))),((12,8),17)),20),26),19),22);
#NNI moves:0/152
Remaining: 0
#NNI moves:8/152
#NNI moves:10/152
((((((((((((((78,41),29),((86,50),55)),65),(((51,54),81),(88,71))),((((45,85),((((87,61),67),59),52)),47),39)),((((((1,13),(24,5)),((((16,3),(11,18)),((20,((22,19),26)),((8,12),17))),27)),(((28,23),(10,4)),((21,2),6))),((15,9),14)),(25,7))),((((((53,91),57),92),(((100,(40,63)),83),34)),(((44,31),97),94)),(((((((96,72),42),(38,(30,82))),49),(46,79)),60),(((69,80),37),((76,62),56))))),(36,70)),(((43,(73,33)),((((75,95),((32,74),77)),(((68,66),35),93)),(48,90))),(99,89))),58),84),98),64);
Current score: 1.52314e+08
Current tree: ((32,(77,((75,95),((((68,66),35),93),((48,90),((43,(73,33)),((99,89),((((((((((78,41),29),((86,50),55)),65),(((51,54),81),(88,71))),((((45,85),((((87,61),67),59),52)),47),39)),((((((1,13),(24,5)),((((16,3),(11,18)),((20,((22,19),26)),((8,12),17))),27)),(((28,23),(10,4)),((21,2),6))),((15,9),14)),(25,7))),((((((53,91),57),92),(((100,(40,63)),83),34)),(((44,31),97),94)),(((((((96,72),42),(38,(30,82))),49),(46,79)),60),(((69,80),37),((76,62),56))))),(36,70)),(58,(84,(98,64))))))))))),74);
Final Tree: ((32,(77,((75,95),((((68,66),35),93),((48,90),((43,(73,33)),((99,89),((((((((((78,41),29),((86,50),55)),65),(((51,54),81),(88,71))),((((45,85),((((87,61),67),59),52)),47),39)),((((((1,13),(24,5)),((((16,3),(11,18)),((20,((22,19),26)),((8,12),17))),27)),(((28,23),(10,4)),((21,2),6))),((15,9),14)),(25,7))),((((((53,91),57),92),(((100,(40,63)),83),34)),(((44,31),97),94)),(((((((96,72),42),(38,(30,82))),49),(46,79)),60),(((69,80),37),((76,62),56))))),(36,70)),(58,(84,(98,64))))))))))),74);
#EqQuartets: 213506523
Score: 152314321
ASTRAL for PaRalogs and Orthologs III (ASTRAL-Pro3)
*** NOW with integrated CASTLES-Pro ***
Version: v1.22.3.6
Read 512 genetrees and found 100 species.
#Genetrees: 999
#Duploss: 54407
#Species: 100
#Rounds: 4
#Samples: 4
#Threads: 1
Use two-step algorithm!
Guide Tree 0/16
#NNI moves:2/152
Guide Tree 1/16
#NNI moves:0/152
Guide Tree 2/16
#NNI moves:0/152
Guide Tree 3/16
#NNI moves:2/152
Guide Tree 4/16
#NNI moves:0/152
Guide Tree 5/16
#NNI moves:2/152
Guide Tree 6/16
#NNI moves:0/152
Guide Tree 7/16
#NNI moves:0/152
Guide Tree 8/16
#NNI moves:2/152
Guide Tree 9/16
#NNI moves:2/152
Guide Tree 10/16
#NNI moves:0/152
Guide Tree 11/16
#NNI moves:0/152
Guide Tree 12/16
#NNI moves:0/152
Guide Tree 13/16
#NNI moves:2/152
Guide Tree 14/16
#NNI moves:0/152
Guide Tree 15/16
#NNI moves:0/152
Remaining: 1
#NNI moves:52/152
#NNI moves:74/152
((((((((((((((83,51),59),70),((89,69),93)),((((91,97),77),49),(73,58))),((43,42),50)),(((56,92),68),((75,95),85))),((((((98,48),84),38),(45,64)),((((44,63),61),(39,(67,99))),(71,86))),((53,(((40,87),(54,65)),(81,(76,60)))),(82,57)))),((((((79,46),52),(66,94)),(((36,90),((74,80),(100,35))),78)),(96,55)),(88,((37,(72,47)),(62,41))))),((((((33,7),3),(27,14)),((8,4),9)),((((5,2),34),13),((22,26),(20,21)))),((25,30),(12,10)))),(24,(((((23,17),(29,11)),32),19),(16,(31,28))))),(6,15)),1),18);
Guide Tree 0/16
#NNI moves:0/152
Guide Tree 1/16
#NNI moves:2/152
Guide Tree 2/16
#NNI moves:0/152
Guide Tree 3/16
#NNI moves:2/152
Guide Tree 4/16
#NNI moves:0/152
Guide Tree 5/16
#NNI moves:0/152
Guide Tree 6/16
#NNI moves:0/152
Guide Tree 7/16
#NNI moves:0/152
Guide Tree 8/16
#NNI moves:0/152
Guide Tree 9/16
#NNI moves:0/152
Guide Tree 10/16
#NNI moves:8/152
Guide Tree 11/16
#NNI moves:8/152
Guide Tree 12/16
#NNI moves:4/152
Guide Tree 13/16
#NNI moves:6/152
Guide Tree 14/16
#NNI moves:4/152
Guide Tree 15/16
#NNI moves:0/152
Remaining: 0
#NNI moves:82/152
#NNI moves:100/152
(((((((((((71,86),(((67,99),39),((63,44),61))),((((98,48),84),38),(64,45))),(((((76,60),81),((40,87),(65,54))),53),(82,57))),((((43,42),50),((((69,89),93),(((83,51),59),70)),(((77,(97,91)),49),(58,73)))),((85,(75,95)),(68,(92,56))))),((((((36,90),((80,74),(35,100))),78),((52,(46,79)),(94,66))),(96,55)),((((47,72),37),(41,62)),88))),((((13,((2,5),34)),((22,26),(20,21))),((((33,7),3),(14,27)),((8,4),9))),((30,25),(10,12)))),((((28,31),16),((((29,11),(23,17)),32),19)),24)),(6,15)),1),18);
Guide Tree 0/16
#NNI moves:6/152
Guide Tree 1/16
#NNI moves:8/152
Guide Tree 2/16
#NNI moves:6/152
Guide Tree 3/16
#NNI moves:0/152
Guide Tree 4/16
#NNI moves:8/152
Guide Tree 5/16
#NNI moves:2/152
Guide Tree 6/16
#NNI moves:6/152
Guide Tree 7/16
#NNI moves:2/152
Guide Tree 8/16
#NNI moves:0/152
Guide Tree 9/16
#NNI moves:4/152
Guide Tree 10/16
#NNI moves:2/152
Guide Tree 11/16
#NNI moves:0/152
Guide Tree 12/16
#NNI moves:12/152
Guide Tree 13/16
#NNI moves:0/152
Guide Tree 14/16
#NNI moves:2/152
Guide Tree 15/16
#NNI moves:2/152
Remaining: 0
#NNI moves:20/152
#NNI moves:30/152
((((((((((((84,(48,98)),38),(64,45)),((86,71),(((44,63),61),((99,67),39)))),(((((76,60),81),((87,40),(65,54))),53),(57,82))),((((((77,(97,91)),49),(73,58)),(((59,(51,83)),70),((69,89),93))),(50,(43,42))),((85,(95,75)),((92,56),68)))),((((78,((90,36),((100,35),(80,74)))),(((79,46),52),(66,94))),(96,55)),(((62,41),((72,47),37)),88))),((((13,((5,2),34)),((26,22),(21,20))),((((33,7),3),(27,14)),((4,8),9))),((12,10),(30,25)))),((((((29,11),(23,17)),32),19),(16,(28,31))),24)),(15,6)),1),18);
Guide Tree 0/16
#NNI moves:0/152
Guide Tree 1/16
#NNI moves:8/152
Guide Tree 2/16
#NNI moves:2/152
Guide Tree 3/16
#NNI moves:2/152
Guide Tree 4/16
#NNI moves:2/152
Guide Tree 5/16
#NNI moves:6/152
Guide Tree 6/16
#NNI moves:6/152
Guide Tree 7/16
#NNI moves:0/152
Guide Tree 8/16
#NNI moves:0/152
Guide Tree 9/16
#NNI moves:6/152
Guide Tree 10/16
#NNI moves:2/152
Guide Tree 11/16
#NNI moves:8/152
Guide Tree 12/16
#NNI moves:0/152
Guide Tree 13/16
#NNI moves:2/152
Guide Tree 14/16
#NNI moves:2/152
Guide Tree 15/16
#NNI moves:6/152
Remaining: 2
#NNI moves:44/152
#NNI moves:80/152
((((((((((((73,58),(((97,91),77),49)),(((89,69),93),(((83,51),59),70))),((43,42),50)),((68,(92,56)),((95,75),85))),((((((98,48),84),38),(45,64)),((71,86),(((44,63),61),((99,67),39)))),(((((60,76),81),((87,40),(54,65))),53),(82,57)))),(((((72,47),37),(41,62)),88),((((94,66),(52,(46,79))),(((36,90),((80,74),(35,100))),78)),(96,55)))),(((((4,8),9),(((7,33),3),(14,27))),((13,((5,2),34)),((20,21),(22,26)))),((12,10),(30,25)))),((((((23,17),(29,11)),32),19),(16,(28,31))),24)),(15,6)),1),18);
Initial score: 1.01027e+08
Initial tree: ((((((((((((73,58),(((97,91),77),49)),(((89,69),93),(((83,51),59),70))),((43,42),50)),((68,(92,56)),((95,75),85))),((((((98,48),84),38),(45,64)),((71,86),(((44,63),61),((99,67),39)))),(((((60,76),81),((87,40),(54,65))),53),(82,57)))),(((((72,47),37),(41,62)),88),((((94,66),(52,(46,79))),(((36,90),((80,74),(35,100))),78)),(96,55)))),(((((4,8),9),(((7,33),3),(14,27))),((13,((5,2),34)),((20,21),(22,26)))),((12,10),(30,25)))),((((((23,17),(29,11)),32),19),(16,(28,31))),24)),(15,6)),1),18);
*** Subsample Process ***
Use two-step algorithm!
#NNI moves:0/152
Remaining: 0
#NNI moves:22/152
#NNI moves:32/152
((((((((((((((((((17,23),(29,11)),32),19),(16,(31,28))),24),((1,18),(6,15))),(((12,10),(30,25)),((((3,(7,33)),(27,14)),(9,(8,4))),(((26,22),(21,20)),(((2,5),34),13))))),((((((46,79),52),(94,66)),((((100,35),(80,74)),(36,90)),78)),(96,55)),(88,((41,62),((47,72),37))))),((((((98,48),84),38),(45,64)),((((63,44),61),(39,(67,99))),(86,71))),(((((60,76),81),((87,40),(65,54))),53),(82,57)))),(((75,95),85),(68,(56,92)))),(50,(42,43))),((((83,51),59),70),((69,89),93))),(73,58)),49),77),91),97);
#NNI moves:0/152
Remaining: 0
#NNI moves:28/152
#NNI moves:32/152
((((((((((68,(92,56)),((95,75),85)),(((((59,(83,51)),70),(93,(69,89))),((49,(77,(97,91))),(58,73))),(50,(43,42)))),((((((48,98),84),38),(45,64)),(((39,(99,67)),((63,44),61)),(86,71))),(((((76,60),81),((54,65),(87,40))),53),(82,57)))),(((((52,(46,79)),(94,66)),(((90,36),((80,74),(100,35))),78)),(96,55)),(88,(((47,72),37),(62,41))))),(((12,10),(25,30)),((((3,(33,7)),(27,14)),((8,4),9)),((13,(34,(5,2))),((22,26),(20,21)))))),(((19,(((23,17),(29,11)),32)),(16,(28,31))),24)),(6,15)),18),1);
#NNI moves:8/152
Remaining: 4
#NNI moves:28/152
#NNI moves:30/152
(((((((((((((14,27),((33,7),3)),((4,8),9)),(((26,22),(21,20)),(((2,5),34),13))),((12,10),(25,30))),(((18,1),(6,15)),(((19,(((17,23),(11,29)),32)),((28,31),16)),24))),((88,(((72,47),37),(41,62))),((((((35,100),(74,80)),(90,36)),78),((66,94),((46,79),52))),(96,55)))),((((((87,40),(54,65)),((60,76),81)),53),(82,57)),(((((98,48),84),38),(45,64)),(((39,(99,67)),((63,44),61)),(86,71))))),((((((51,83),59),70),(93,(69,89))),((((97,91),77),49),(73,58))),(50,(43,42)))),(85,(95,75))),68),92),56);
#NNI moves:2/152
Remaining: 2
#NNI moves:46/152
#NNI moves:58/152
((((((((((((59,(51,83)),70),((89,69),93)),((73,58),(((97,91),77),49))),((42,43),50)),(((75,95),85),((56,92),68))),((((((98,48),84),38),(45,64)),((((67,99),39),(61,(63,44))),(71,86))),((53,(((54,65),(40,87)),(81,(60,76)))),(57,82)))),(((((((80,74),(100,35)),(36,90)),78),((52,(79,46)),(66,94))),(96,55)),(((37,(72,47)),(62,41)),88))),(((((27,14),((33,7),3)),((8,4),9)),(((34,(5,2)),13),((20,21),(26,22)))),((10,12),(25,30)))),((15,6),(18,1))),((19,(((23,17),(29,11)),32)),(16,(31,28)))),24);
Current score: 1.01027e+08
Current tree: ((1,((15,6),((((((((((59,(51,83)),70),((89,69),93)),((73,58),(((97,91),77),49))),((42,43),50)),(((75,95),85),((56,92),68))),((((((98,48),84),38),(45,64)),((((67,99),39),(61,(63,44))),(71,86))),((53,(((54,65),(40,87)),(81,(60,76)))),(57,82)))),(((((((80,74),(100,35)),(36,90)),78),((52,(79,46)),(66,94))),(96,55)),(((37,(72,47)),(62,41)),88))),(((((27,14),((33,7),3)),((8,4),9)),(((34,(5,2)),13),((20,21),(26,22)))),((10,12),(25,30)))),(((19,(((23,17),(29,11)),32)),(16,(31,28))),24)))),18);
Final Tree: ((1,((15,6),((((((((((59,(51,83)),70),((89,69),93)),((73,58),(((97,91),77),49))),((42,43),50)),(((75,95),85),((56,92),68))),((((((98,48),84),38),(45,64)),((((67,99),39),(61,(63,44))),(71,86))),((53,(((54,65),(40,87)),(81,(60,76)))),(57,82)))),(((((((80,74),(100,35)),(36,90)),78),((52,(79,46)),(66,94))),(96,55)),(((37,(72,47)),(62,41)),88))),(((((27,14),((33,7),3)),((8,4),9)),(((34,(5,2)),13),((20,21),(26,22)))),((10,12),(25,30)))),(((19,(((23,17),(29,11)),32)),(16,(31,28))),24)))),18);
#EqQuartets: 149331176
Score: 101027129
ASTRAL for PaRalogs and Orthologs III (ASTRAL-Pro3)
*** NOW with integrated CASTLES-Pro ***
Version: v1.22.3.6
Read 512 genetrees and found 100 species.
#Genetrees: 1000
#Duploss: 53845
#Species: 100
#Rounds: 4
#Samples: 4
#Threads: 1
Use two-step algorithm!
Guide Tree 0/16
#NNI moves:2/152
Guide Tree 1/16
#NNI moves:2/152
Guide Tree 2/16
#NNI moves:2/152
Guide Tree 3/16
#NNI moves:2/152
Guide Tree 4/16
#NNI moves:8/152
Guide Tree 5/16
#NNI moves:0/152
Guide Tree 6/16
#NNI moves:2/152
Guide Tree 7/16
#NNI moves:0/152
Guide Tree 8/16
#NNI moves:4/152
Guide Tree 9/16
#NNI moves:2/152
Guide Tree 10/16
#NNI moves:2/152
Guide Tree 11/16
#NNI moves:2/152
Guide Tree 12/16
#NNI moves:2/152
Guide Tree 13/16
#NNI moves:2/152
Guide Tree 14/16
#NNI moves:10/152
Guide Tree 15/16
#NNI moves:0/152
Remaining: 2
#NNI moves:18/152
#NNI moves:18/152
(((((((((((((((63,65),61),(59,(28,75))),((((86,6),((48,53),82)),36),20)),((21,18),78)),((14,17),(((((27,80),45),(38,67)),76),((7,2),(((74,(23,83)),66),62))))),((((92,100),96),97),(((99,93),(94,95)),98))),(((((60,(57,11)),((41,29),((32,3),50))),((((30,9),13),(35,68)),42)),((((((56,8),52),(12,43)),91),(87,24)),((26,73),(81,77)))),((((4,33),34),((49,47),51)),((39,55),1)))),(19,16)),((64,(25,37)),54)),(89,((71,85),10))),((88,44),15)),(((5,72),84),((((90,22),58),((79,46),40)),31))),69),70);
Guide Tree 0/16
#NNI moves:4/152
Guide Tree 1/16
#NNI moves:0/152
Guide Tree 2/16
#NNI moves:8/152
Guide Tree 3/16
#NNI moves:0/152
Guide Tree 4/16
#NNI moves:6/152
Guide Tree 5/16
#NNI moves:6/152
Guide Tree 6/16
#NNI moves:0/152
Guide Tree 7/16
#NNI moves:4/152
Guide Tree 8/16
#NNI moves:6/152
Guide Tree 9/16
#NNI moves:0/152
Guide Tree 10/16
#NNI moves:2/152
Guide Tree 11/16
#NNI moves:2/152
Guide Tree 12/16
#NNI moves:0/152
Guide Tree 13/16
#NNI moves:4/152
Guide Tree 14/16
#NNI moves:8/152
Guide Tree 15/16
#NNI moves:8/152
Remaining: 1
#NNI moves:36/152
#NNI moves:46/152
((((((((((((((68,35),(13,(30,9))),42),(((11,57),60),((29,41),((3,32),50)))),(((((43,12),((8,56),52)),91),(87,24)),((26,73),(77,81)))),((1,(39,55)),(((33,4),34),(51,(49,47))))),((((((2,7),(62,(((23,83),74),66))),(((38,67),(45,(80,27))),76)),(14,17)),(((21,18),78),(((61,(65,63)),((75,28),59)),((((86,6),(82,(53,48))),36),20)))),((((94,95),(93,99)),98),(((100,92),96),97)))),(19,16)),((64,(37,25)),54)),(((71,85),10),89)),((88,44),15)),((((40,(46,79)),(58,(22,90))),31),(84,(5,72)))),69),70);
Guide Tree 0/16
#NNI moves:6/152
Guide Tree 1/16
#NNI moves:0/152
Guide Tree 2/16
#NNI moves:0/152
Guide Tree 3/16
#NNI moves:2/152
Guide Tree 4/16
#NNI moves:6/152
Guide Tree 5/16
#NNI moves:0/152
Guide Tree 6/16
#NNI moves:2/152
Guide Tree 7/16
#NNI moves:2/152
Guide Tree 8/16
#NNI moves:0/152
Guide Tree 9/16
#NNI moves:8/152
Guide Tree 10/16
#NNI moves:0/152
Guide Tree 11/16
#NNI moves:8/152
Guide Tree 12/16
#NNI moves:8/152
Guide Tree 13/16
#NNI moves:4/152
Guide Tree 14/16
#NNI moves:8/152
Guide Tree 15/16
#NNI moves:2/152
Remaining: 0
#NNI moves:2/152
#NNI moves:2/152
(((((((((((((((52,(8,56)),(43,12)),91),(87,24)),((77,81),(26,73))),((((11,57),60),(((32,3),50),(41,29))),((((30,9),13),(68,35)),42))),((((4,33),34),(51,(47,49))),((55,39),1))),((((((59,(28,75)),(61,(65,63))),(20,(((86,6),((48,53),82)),36))),((18,21),78)),(((((38,67),((80,27),45)),76),((62,(66,((83,23),74))),(2,7))),(14,17))),((97,((92,100),96)),(((94,95),(93,99)),98)))),(16,19)),(((25,37),64),54)),(((71,85),10),89)),(15,(88,44))),(((((90,22),58),((79,46),40)),31),((72,5),84))),69),70);
Guide Tree 0/16
#NNI moves:0/152
Guide Tree 1/16
#NNI moves:8/152
Guide Tree 2/16
#NNI moves:6/152
Guide Tree 3/16
#NNI moves:2/152
Guide Tree 4/16
#NNI moves:0/152
Guide Tree 5/16
#NNI moves:0/152
Guide Tree 6/16
#NNI moves:0/152
Guide Tree 7/16
#NNI moves:0/152
Guide Tree 8/16
#NNI moves:0/152
Guide Tree 9/16
#NNI moves:0/152
Guide Tree 10/16
#NNI moves:0/152
Guide Tree 11/16
#NNI moves:0/152
Guide Tree 12/16
#NNI moves:0/152
Guide Tree 13/16
#NNI moves:0/152
Guide Tree 14/16
#NNI moves:0/152
Guide Tree 15/16
#NNI moves:0/152
Remaining: 3
#NNI moves:16/152
#NNI moves:16/152
((((((((((((((((82,(53,48)),(6,86)),36),20),(((28,75),59),((65,63),61))),((21,18),78)),(((((67,38),(45,(80,27))),76),((2,7),(((74,(23,83)),66),62))),(14,17))),((((92,100),96),97),(((99,93),(94,95)),98))),(((((73,26),(81,77)),((((12,43),(52,(56,8))),91),(24,87))),((((13,(30,9)),(68,35)),42),(((57,11),60),(((32,3),50),(41,29))))),((((47,49),51),((33,4),34)),((55,39),1)))),(19,16)),(((37,25),64),54)),(((85,71),10),89)),(15,(88,44))),(((5,72),84),((((22,90),58),((46,79),40)),31))),69),70);
Initial score: 9.91793e+07
Initial tree: ((((((((((((((((82,(53,48)),(6,86)),36),20),(((28,75),59),((65,63),61))),((21,18),78)),(((((67,38),(45,(80,27))),76),((2,7),(((74,(23,83)),66),62))),(14,17))),((((92,100),96),97),(((99,93),(94,95)),98))),(((((73,26),(81,77)),((((12,43),(52,(56,8))),91),(24,87))),((((13,(30,9)),(68,35)),42),(((57,11),60),(((32,3),50),(41,29))))),((((47,49),51),((33,4),34)),((55,39),1)))),(19,16)),(((37,25),64),54)),(((85,71),10),89)),(15,(88,44))),(((5,72),84),((((22,90),58),((46,79),40)),31))),69),70);
*** Subsample Process ***
Use two-step algorithm!
#NNI moves:2/152
Remaining: 0
#NNI moves:36/152
#NNI moves:40/152
((((((((((((((81,77),(73,26)),((((52,(56,8)),(43,12)),91),(87,24))),(((((30,9),13),(68,35)),42),((((32,3),50),(41,29)),(60,(11,57))))),((1,(55,39)),((51,(47,49)),((4,33),34)))),((((((85,71),10),89),((15,(44,88)),((((((46,79),40),(58,(22,90))),31),((5,72),84)),(69,70)))),((64,(25,37)),54)),(19,16))),((((92,100),96),97),(((95,94),(93,99)),98))),(((((38,67),((80,27),45)),76),((7,2),((66,((23,83),74)),62))),(14,17))),(78,(18,21))),(20,(((86,6),((48,53),82)),36))),((75,28),59)),61),63),65);
#NNI moves:0/152
Remaining: 1
#NNI moves:16/152
#NNI moves:18/152
((((((((((((((((56,8),52),(43,12)),91),(24,87)),((81,77),(26,73))),(((((32,3),50),(41,29)),((11,57),60)),(((35,68),((9,30),13)),42))),((1,(55,39)),(((47,49),51),((4,33),34)))),(((((((65,63),61),((28,75),59)),(((((53,48),82),(6,86)),36),20)),(78,(21,18))),((17,14),((((38,67),((80,27),45)),76),((7,2),((66,(74,(83,23))),62))))),((97,((100,92),96)),(((93,99),(95,94)),98)))),(16,19)),(((37,25),64),54)),(((71,85),10),89)),((44,88),15)),(((((22,90),58),(40,(79,46))),31),((72,5),84))),70),69);
#NNI moves:0/152
Remaining: 0
#NNI moves:18/152
#NNI moves:18/152
((((((((((((((28,75),59),((65,63),61)),(20,(36,((6,86),((53,48),82))))),((18,21),78)),(((((45,(27,80)),(38,67)),76),((((74,(83,23)),66),62),(7,2))),(17,14))),(((96,(100,92)),97),(98,((94,95),(99,93))))),((((((85,71),10),89),(((88,44),15),((69,70),(((((22,90),58),((46,79),40)),31),((5,72),84))))),((64,(37,25)),54)),(16,19))),(((55,39),1),((34,(4,33)),((47,49),51)))),(((((32,3),50),(41,29)),(60,(11,57))),((((9,30),13),(35,68)),42))),((91,(((8,56),52),(43,12))),(87,24))),(77,81)),73),26);
#NNI moves:2/152
Remaining: 0
#NNI moves:12/152
#NNI moves:12/152
((((((((((((((((20,(36,((82,(53,48)),(6,86)))),(((65,63),61),((75,28),59))),(78,(18,21))),((((((80,27),45),(38,67)),76),((7,2),(((74,(23,83)),66),62))),(14,17))),((((99,93),(95,94)),98),(((92,100),96),97))),((((((29,41),((3,32),50)),((57,11),60)),((((30,9),13),(68,35)),42)),(((26,73),(77,81)),((91,((52,(8,56)),(43,12))),(87,24)))),((((4,33),34),(51,(49,47))),((39,55),1)))),(19,16)),((64,(37,25)),54)),(89,(10,(85,71)))),((44,88),15)),(69,70)),((72,5),84)),31),(40,(46,79))),(22,90)),58);
Current score: 9.91793e+07
Current tree: ((69,(((((((((((20,(36,((82,(53,48)),(6,86)))),(((65,63),61),((75,28),59))),(78,(18,21))),((((((80,27),45),(38,67)),76),((7,2),(((74,(23,83)),66),62))),(14,17))),((((99,93),(95,94)),98),(((92,100),96),97))),((((((29,41),((3,32),50)),((57,11),60)),((((30,9),13),(68,35)),42)),(((26,73),(77,81)),((91,((52,(8,56)),(43,12))),(87,24)))),((((4,33),34),(51,(49,47))),((39,55),1)))),(19,16)),((64,(37,25)),54)),(89,(10,(85,71)))),((44,88),15)),(((72,5),84),(31,((40,(46,79)),((22,90),58)))))),70);
Final Tree: ((69,(((((((((((20,(36,((82,(53,48)),(6,86)))),(((65,63),61),((75,28),59))),(78,(18,21))),((((((80,27),45),(38,67)),76),((7,2),(((74,(23,83)),66),62))),(14,17))),((((99,93),(95,94)),98),(((92,100),96),97))),((((((29,41),((3,32),50)),((57,11),60)),((((30,9),13),(68,35)),42)),(((26,73),(77,81)),((91,((52,(8,56)),(43,12))),(87,24)))),((((4,33),34),(51,(49,47))),((39,55),1)))),(19,16)),((64,(37,25)),54)),(89,(10,(85,71)))),((44,88),15)),(((72,5),84),(31,((40,(46,79)),((22,90),58)))))),70);
#EqQuartets: 148490762
Score: 99179291
ASTRAL for PaRalogs and Orthologs III (ASTRAL-Pro3)
*** NOW with integrated CASTLES-Pro ***
Version: v1.22.3.6
Read 512 genetrees and found 100 species.
#Genetrees: 954
#Duploss: 52005
#Species: 100
#Rounds: 4
#Samples: 4
#Threads: 1
Use two-step algorithm!
Guide Tree 0/16
#NNI moves:0/152
Guide Tree 1/16
#NNI moves:4/152
Guide Tree 2/16
#NNI moves:0/152
Guide Tree 3/16
#NNI moves:0/152
Guide Tree 4/16
#NNI moves:0/152
Guide Tree 5/16
#NNI moves:2/152
Guide Tree 6/16
#NNI moves:0/152
Guide Tree 7/16
#NNI moves:0/152
Guide Tree 8/16
#NNI moves:0/152
Guide Tree 9/16
#NNI moves:2/152
Guide Tree 10/16
#NNI moves:0/152
Guide Tree 11/16
#NNI moves:0/152
Guide Tree 12/16
#NNI moves:0/152
Guide Tree 13/16
#NNI moves:4/152
Guide Tree 14/16
#NNI moves:4/152
Guide Tree 15/16
#NNI moves:0/152
Remaining: 1
#NNI moves:28/152
#NNI moves:32/152
((((((((((((((((62,85),25),((4,84),36)),19),15),(((((40,23),44),17),(49,37)),((7,(14,90)),8))),((50,33),((74,78),53))),(((((64,9),73),(((29,46),16),91)),(((((((((75,13),(18,98)),31),(95,20)),80),(54,((11,68),(56,38)))),(((99,6),93),(12,42))),(35,((82,(71,76)),24))),((100,92),81))),((2,1),3))),(((((72,58),77),34),65),(69,48))),(79,(((5,21),96),55))),94),((((((((((41,86),(83,10)),(30,(87,26))),((66,88),63)),43),(61,97)),27),28),((((70,59),(39,67)),(52,57)),47)),32)),89),(45,60)),51),22);
Guide Tree 0/16
#NNI moves:0/152
Guide Tree 1/16
#NNI moves:0/152
Guide Tree 2/16
#NNI moves:0/152
Guide Tree 3/16
#NNI moves:0/152
Guide Tree 4/16
#NNI moves:0/152
Guide Tree 5/16
#NNI moves:0/152
Guide Tree 6/16
#NNI moves:6/152
Guide Tree 7/16
#NNI moves:0/152
Guide Tree 8/16
#NNI moves:0/152
Guide Tree 9/16
#NNI moves:2/152
Guide Tree 10/16
#NNI moves:0/152
Guide Tree 11/16
#NNI moves:0/152
Guide Tree 12/16
#NNI moves:0/152
Guide Tree 13/16
#NNI moves:0/152
Guide Tree 14/16
#NNI moves:0/152
Guide Tree 15/16
#NNI moves:2/152
Remaining: 0
#NNI moves:4/152
#NNI moves:4/152
((((((((((((((17,((40,23),44)),(49,37)),(8,((14,90),7))),((((36,(4,84)),(25,(62,85))),19),15)),((50,33),((74,78),53))),(((((((((((75,13),(18,98)),80),31),(20,95)),(((56,38),(11,68)),54)),(((6,99),93),(42,12))),((((71,76),82),24),35)),(81,(100,92))),((((29,46),16),91),((64,9),73))),(3,(1,2)))),(((((58,72),77),34),65),(69,48))),((((21,5),96),55),79)),94),((((((((63,(66,88)),(((41,86),(10,83)),(30,(26,87)))),43),(97,61)),27),28),((((67,39),(70,59)),(57,52)),47)),32)),89),(45,60)),51),22);
Guide Tree 0/16
#NNI moves:2/152
Guide Tree 1/16
#NNI moves:0/152
Guide Tree 2/16
#NNI moves:0/152
Guide Tree 3/16
#NNI moves:0/152
Guide Tree 4/16
#NNI moves:0/152
Guide Tree 5/16
#NNI moves:0/152
Guide Tree 6/16
#NNI moves:2/152
Guide Tree 7/16
#NNI moves:0/152
Guide Tree 8/16
#NNI moves:0/152
Guide Tree 9/16
#NNI moves:6/152
Guide Tree 10/16
#NNI moves:6/152
Guide Tree 11/16
#NNI moves:10/152
Guide Tree 12/16
#NNI moves:0/152
Guide Tree 13/16
#NNI moves:2/152
Guide Tree 14/16
#NNI moves:2/152
Guide Tree 15/16
#NNI moves:0/152
Remaining: 1
#NNI moves:12/152
#NNI moves:12/152
((((((((((((((((((56,38),(11,68)),54),(((((98,18),(75,13)),80),31),(95,20))),((12,42),((99,6),93))),(((82,(76,71)),24),35)),((92,100),81)),(((64,9),73),(91,((46,29),16)))),((1,2),3)),(((53,(78,74)),(33,50)),(((((14,90),7),8),((17,((40,23),44)),(37,49))),(((((62,85),25),((4,84),36)),19),15)))),((((77,(72,58)),34),65),(48,69))),((55,(96,(21,5))),79)),94),(((((((((88,66),63),(((86,41),(83,10)),(30,(87,26)))),43),(97,61)),27),28),((((67,39),(70,59)),(57,52)),47)),32)),89),(60,45)),51),22);
Guide Tree 0/16
#NNI moves:0/152
Guide Tree 1/16
#NNI moves:6/152
Guide Tree 2/16
#NNI moves:2/152
Guide Tree 3/16
#NNI moves:8/152
Guide Tree 4/16
#NNI moves:0/152
Guide Tree 5/16
#NNI moves:8/152
Guide Tree 6/16
#NNI moves:4/152
Guide Tree 7/16
#NNI moves:4/152
Guide Tree 8/16
#NNI moves:0/152
Guide Tree 9/16
#NNI moves:2/152
Guide Tree 10/16
#NNI moves:0/152
Guide Tree 11/16
#NNI moves:2/152
Guide Tree 12/16
#NNI moves:8/152
Guide Tree 13/16
#NNI moves:2/152
Guide Tree 14/16
#NNI moves:2/152
Guide Tree 15/16
#NNI moves:2/152
Remaining: 2
#NNI moves:16/152
#NNI moves:16/152
(((((((((((((((((76,71),82),24),35),(((((((98,18),(75,13)),31),(95,20)),80),(((56,38),(11,68)),54)),((93,(99,6)),(12,42)))),((92,100),81)),(((16,(29,46)),91),(73,(64,9)))),(3,(2,1))),(((15,((((62,85),25),((84,4),36)),19)),((((44,(40,23)),17),(49,37)),((7,(90,14)),8))),(((74,78),53),(33,50)))),(((((58,72),77),34),65),(69,48))),((55,(96,(5,21))),79)),94),(((((57,52),((59,70),(39,67))),47),((((((((86,41),(83,10)),((26,87),30)),((66,88),63)),43),(97,61)),27),28)),32)),89),(45,60)),51),22);
Initial score: 1.1871e+08
Initial tree: (((((((((((((((((76,71),82),24),35),(((((((98,18),(75,13)),80),31),(95,20)),(((56,38),(11,68)),54)),((93,(99,6)),(12,42)))),((92,100),81)),(((16,(29,46)),91),(73,(64,9)))),(3,(2,1))),(((15,((((62,85),25),((84,4),36)),19)),((((44,(40,23)),17),(49,37)),((7,(90,14)),8))),(((74,78),53),(33,50)))),(((((58,72),77),34),65),(69,48))),((55,(96,(5,21))),79)),94),(((((57,52),((59,70),(39,67))),47),((((((((86,41),(83,10)),((26,87),30)),((66,88),63)),43),(97,61)),27),28)),32)),89),(45,60)),51),22);
*** Subsample Process ***
Use two-step algorithm!
#NNI moves:0/152
Remaining: 0
#NNI moves:38/152
#NNI moves:38/152
((((((((((((((((((((((((66,88),63),(((10,83),(41,86)),(30,(26,87)))),43),(61,97)),27),28),((((59,70),(39,67)),(52,57)),47)),32),(((51,22),(45,60)),89)),94),((55,(96,(21,5))),79)),((((77,(72,58)),34),65),(69,48))),(((((((62,85),25),((4,84),36)),19),15),(((7,(90,14)),8),((((23,40),44),17),(37,49)))),(((78,74),53),(33,50)))),(3,(2,1))),((73,(9,64)),(((29,46),16),91))),((100,92),81)),((24,(82,(76,71))),35)),((12,42),(93,(6,99)))),(((((98,18),(13,75)),31),(20,95)),80)),54),(38,56)),11),68);
#NNI moves:2/152
Remaining: 0
#NNI moves:22/152
#NNI moves:24/152
((((((((((((((((12,42),((6,99),93)),(((95,20),((((18,98),(75,13)),80),31)),(((11,68),(38,56)),54))),((24,(82,(76,71))),35)),((100,92),81)),(((16,(29,46)),91),((64,9),73))),((2,1),3)),(((((7,(14,90)),8),((49,37),(17,((40,23),44)))),((19,(((84,4),36),(25,(85,62)))),15)),(((78,74),53),(50,33)))),((((77,(58,72)),34),65),(69,48))),((((5,21),96),55),79)),94),((((((((((83,10),(41,86)),((26,87),30)),((88,66),63)),43),(61,97)),27),28),(((52,57),((67,39),(59,70))),47)),32)),89),(60,45)),22),51);
#NNI moves:6/152
Remaining: 1
#NNI moves:18/152
#NNI moves:20/152
((((((((((75,13),(98,18)),80),31),(20,95)),(((68,11),(56,38)),54)),((((((((((7,(90,14)),8),((49,37),(((40,23),44),17))),(((((85,62),25),((84,4),36)),19),15)),((50,33),(53,(74,78)))),((((((((((((((83,10),(86,41)),((26,87),30)),(63,(88,66))),43),(61,97)),27),28),(((57,52),((39,67),(59,70))),47)),32),(89,((22,51),(45,60)))),94),((((5,21),96),55),79)),((69,48),(((77,(58,72)),34),65)))),(3,(1,2))),((73,(9,64)),(((29,46),16),91))),((92,100),81)),((((71,76),82),24),35))),((99,6),93)),42),12);
#NNI moves:0/152
Remaining: 1
#NNI moves:32/152
#NNI moves:42/152
((((((((((((((((((((((((((98,18),(13,75)),80),31),(95,20)),(((56,38),(68,11)),54)),((93,(6,99)),(42,12))),(((82,(71,76)),24),35)),((100,92),81)),((((29,46),16),91),((64,9),73))),((1,2),3)),((((((90,14),7),8),(((44,(23,40)),17),(37,49))),(((((62,85),25),(36,(4,84))),19),15)),((50,33),((78,74),53)))),((48,69),((((72,58),77),34),65))),((((21,5),96),55),79)),94),(89,((60,45),(51,22)))),32),(47,((57,52),((67,39),(59,70))))),28),27),(61,97)),43),(((26,87),30),((83,10),(41,86)))),63),88),66);
Current score: 1.1871e+08
Current tree: ((51,((60,45),(89,((((((((((((((((98,18),(13,75)),80),31),(95,20)),(((56,38),(68,11)),54)),((93,(6,99)),(42,12))),(((82,(71,76)),24),35)),((100,92),81)),((((29,46),16),91),((64,9),73))),((1,2),3)),((((((90,14),7),8),(((44,(23,40)),17),(37,49))),(((((62,85),25),(36,(4,84))),19),15)),((50,33),((78,74),53)))),((48,69),((((72,58),77),34),65))),((((21,5),96),55),79)),94),(32,((47,((57,52),((67,39),(59,70)))),(28,(27,((61,97),(43,((((26,87),30),((83,10),(41,86))),(63,(88,66))))))))))))),22);
Final Tree: ((51,((60,45),(89,((((((((((((((((98,18),(13,75)),80),31),(95,20)),(((56,38),(68,11)),54)),((93,(6,99)),(42,12))),(((82,(71,76)),24),35)),((100,92),81)),((((29,46),16),91),((64,9),73))),((1,2),3)),((((((90,14),7),8),(((44,(23,40)),17),(37,49))),(((((62,85),25),(36,(4,84))),19),15)),((50,33),((78,74),53)))),((48,69),((((72,58),77),34),65))),((((21,5),96),55),79)),94),(32,((47,((57,52),((67,39),(59,70)))),(28,(27,((61,97),(43,((((26,87),30),((83,10),(41,86))),(63,(88,66))))))))))))),22);
#EqQuartets: 175830180
Score: 118709929
ASTRAL for PaRalogs and Orthologs III (ASTRAL-Pro3)
*** NOW with integrated CASTLES-Pro ***
Version: v1.22.3.6
Read 512 genetrees and found 100 species.
#Genetrees: 985
#Duploss: 48077
#Species: 100
#Rounds: 4
#Samples: 4
#Threads: 1
Use two-step algorithm!
Guide Tree 0/16
#NNI moves:0/152
Guide Tree 1/16
#NNI moves:2/152
Guide Tree 2/16
#NNI moves:6/152
Guide Tree 3/16
#NNI moves:0/152
Guide Tree 4/16
#NNI moves:0/152
Guide Tree 5/16
#NNI moves:2/152
Guide Tree 6/16
#NNI moves:0/152
Guide Tree 7/16
#NNI moves:6/152
Guide Tree 8/16
#NNI moves:6/152
Guide Tree 9/16
#NNI moves:2/152
Guide Tree 10/16
#NNI moves:2/152
Guide Tree 11/16
#NNI moves:0/152
Guide Tree 12/16
#NNI moves:6/152
Guide Tree 13/16
#NNI moves:2/152
Guide Tree 14/16
#NNI moves:2/152
Guide Tree 15/16
#NNI moves:2/152
Remaining: 0
#NNI moves:0/152
#NNI moves:0/152
(((((((((((((((((16,1),(4,5)),(52,((74,21),73))),(7,(60,19))),((((((66,79),64),(53,62)),54),27),((89,13),48))),(((((((42,40),88),((91,6),20)),(80,81)),14),63),(((((87,36),15),(10,90)),(59,(22,25))),(((72,75),(39,24)),(85,(61,17)))))),((((12,55),8),(((((32,83),76),((68,11),86)),23),26)),((67,56),50))),((((((33,35),44),(49,51)),((((29,71),3),(31,43)),45)),((((37,69),(92,70)),30),(77,41))),82)),((84,28),(58,57))),(46,34)),((38,65),47)),((93,(9,18)),(78,2))),(99,97)),98),(94,95)),100),96);
Guide Tree 0/16
#NNI moves:0/152
Guide Tree 1/16
#NNI moves:0/152
Guide Tree 2/16
#NNI moves:0/152
Guide Tree 3/16
#NNI moves:0/152
Guide Tree 4/16
#NNI moves:0/152
Guide Tree 5/16
#NNI moves:0/152
Guide Tree 6/16
#NNI moves:0/152
Guide Tree 7/16
#NNI moves:0/152
Guide Tree 8/16
#NNI moves:0/152
Guide Tree 9/16
#NNI moves:0/152
Guide Tree 10/16
#NNI moves:0/152
Guide Tree 11/16
#NNI moves:0/152
Guide Tree 12/16
#NNI moves:6/152
Guide Tree 13/16
#NNI moves:0/152
Guide Tree 14/16
#NNI moves:0/152
Guide Tree 15/16
#NNI moves:0/152
Remaining: 0
#NNI moves:0/152
#NNI moves:0/152
((((((((((((((((59,(25,22)),((15,(36,87)),(90,10))),(((72,75),(24,39)),(85,(61,17)))),((((((40,42),88),(20,(6,91))),(80,81)),14),63)),((((((62,53),((66,79),64)),54),27),((13,89),48)),((((73,(21,74)),52),((5,4),(16,1))),((60,19),7)))),((((12,55),8),(((((32,83),76),((11,68),86)),23),26)),((56,67),50))),((((((70,92),(37,69)),30),(41,77)),((((33,35),44),(51,49)),(((43,31),((71,29),3)),45))),82)),((58,57),(84,28))),(34,46)),((65,38),47)),((2,78),((18,9),93))),(99,97)),98),(95,94)),100),96);
Guide Tree 0/16
#NNI moves:0/152
Guide Tree 1/16
#NNI moves:0/152
Guide Tree 2/16
#NNI moves:0/152
Guide Tree 3/16
#NNI moves:2/152
Guide Tree 4/16
#NNI moves:0/152
Guide Tree 5/16
#NNI moves:2/152
Guide Tree 6/16
#NNI moves:2/152
Guide Tree 7/16
#NNI moves:0/152
Guide Tree 8/16
#NNI moves:0/152
Guide Tree 9/16
#NNI moves:6/152
Guide Tree 10/16
#NNI moves:6/152
Guide Tree 11/16
#NNI moves:0/152
Guide Tree 12/16
#NNI moves:2/152
Guide Tree 13/16
#NNI moves:4/152
Guide Tree 14/16
#NNI moves:0/152
Guide Tree 15/16
#NNI moves:2/152
Remaining: 0
#NNI moves:6/152
#NNI moves:8/152
((((((((((((((((((53,62),((79,66),64)),54),27),((89,13),48)),((((16,1),(5,4)),(52,((21,74),73))),(7,(60,19)))),(((((72,75),(39,24)),((61,17),85)),(((25,22),59),(((87,36),15),(90,10)))),(((((88,(40,42)),((91,6),20)),(81,80)),14),63))),(((((((83,32),76),(86,(11,68))),23),26),((55,12),8)),((67,56),50))),(((((((71,29),3),(31,43)),45),((44,(33,35)),(49,51))),((((70,92),(37,69)),30),(41,77))),82)),((57,58),(28,84))),(46,34)),((65,38),47)),((2,78),((18,9),93))),(99,97)),98),(95,94)),100),96);
Guide Tree 0/16
#NNI moves:6/152
Guide Tree 1/16
#NNI moves:2/152
Guide Tree 2/16
#NNI moves:6/152
Guide Tree 3/16
#NNI moves:6/152
Guide Tree 4/16
#NNI moves:2/152
Guide Tree 5/16
#NNI moves:6/152
Guide Tree 6/16
#NNI moves:4/152
Guide Tree 7/16
#NNI moves:2/152
Guide Tree 8/16
#NNI moves:0/152
Guide Tree 9/16
#NNI moves:0/152
Guide Tree 10/16
#NNI moves:2/152
Guide Tree 11/16
#NNI moves:0/152
Guide Tree 12/16
#NNI moves:0/152
Guide Tree 13/16
#NNI moves:6/152
Guide Tree 14/16
#NNI moves:0/152
Guide Tree 15/16
#NNI moves:2/152
Remaining: 0
#NNI moves:38/152
#NNI moves:40/152
(((((((((((((((14,(((88,(42,40)),((91,6),20)),(80,81))),63),((((61,17),85),((72,75),(24,39))),((((87,36),15),(10,90)),(59,(25,22))))),(((27,(((64,(66,79)),(53,62)),54)),(48,(13,89))),((((5,4),(16,1)),(((21,74),73),52)),(7,(19,60))))),(((((((32,83),76),((68,11),86)),23),26),((55,12),8)),((56,67),50))),((((((31,43),((29,71),3)),45),((49,51),((33,35),44))),((((69,37),(70,92)),30),(41,77))),82)),((57,58),(84,28))),(46,34)),((65,38),47)),((78,2),((18,9),93))),(97,99)),98),(95,94)),100),96);
Initial score: 1.18593e+08
Initial tree: (((((((((((((((14,(((88,(42,40)),((91,6),20)),(80,81))),63),((((61,17),85),((72,75),(24,39))),((((87,36),15),(10,90)),(59,(25,22))))),(((27,(((64,(66,79)),(53,62)),54)),(48,(13,89))),((((5,4),(16,1)),(((21,74),73),52)),(7,(19,60))))),(((((((32,83),76),((68,11),86)),23),26),((55,12),8)),((56,67),50))),((((((31,43),((29,71),3)),45),((49,51),((33,35),44))),((((69,37),(70,92)),30),(41,77))),82)),((57,58),(84,28))),(46,34)),((65,38),47)),((78,2),((18,9),93))),(97,99)),98),(95,94)),100),96);
*** Subsample Process ***
Use two-step algorithm!
#NNI moves:2/152
Remaining: 0
#NNI moves:22/152
#NNI moves:22/152
((((((((((((32,83),76),(86,(11,68))),23),26),((12,55),8)),(50,(56,67))),(((((30,((92,70),(37,69))),(41,77)),((((31,43),((29,71),3)),45),((44,(35,33)),(49,51)))),82),((((((((100,96),(95,94)),98),(97,99)),(((18,9),93),(2,78))),((65,38),47)),(34,46)),((28,84),(57,58))))),(((27,(((62,53),((66,79),64)),54)),((89,13),48)),((((16,1),(4,5)),(((21,74),73),52)),((60,19),7)))),((((61,17),85),((39,24),(72,75))),((((36,87),15),(10,90)),((22,25),59)))),(((((42,40),88),((91,6),20)),(81,80)),14)),63);
#NNI moves:0/152
Remaining: 0
#NNI moves:16/152
#NNI moves:16/152
((((((((((((((((85,(61,17)),((72,75),(39,24))),((((36,87),15),(10,90)),((22,25),59))),((((((42,40),88),((91,6),20)),(80,81)),14),63)),(((((4,5),(16,1)),(((21,74),73),52)),((60,19),7)),((((((66,79),64),(62,53)),54),27),((89,13),48)))),((((55,12),8),((((76,(83,32)),(86,(68,11))),23),26)),((56,67),50))),(((((44,(33,35)),(51,49)),(((3,(71,29)),(31,43)),45)),((77,41),(((70,92),(37,69)),30))),82)),((57,58),(28,84))),(46,34)),(47,(38,65))),((2,78),((9,18),93))),(99,97)),98),(94,95)),96),100);
#NNI moves:0/152
Remaining: 0
#NNI moves:12/152
#NNI moves:24/152
((((((((((((((44,(33,35)),(49,51)),(((43,31),((29,71),3)),45)),((77,41),(30,((37,69),(92,70))))),82),((((((99,97),(((95,94),(96,100)),98)),((78,2),((9,18),93))),((65,38),47)),(34,46)),((57,58),(84,28)))),((((12,55),8),(((((11,68),86),(76,(32,83))),23),26)),((56,67),50))),(((((1,16),(5,4)),((73,(74,21)),52)),((60,19),7)),(((89,13),48),((((53,62),((79,66),64)),54),27)))),((((((91,6),20),((40,42),88)),(81,80)),14),63)),((((87,36),15),(10,90)),((22,25),59))),((75,72),(39,24))),85),17),61);
#NNI moves:8/152
Remaining: 0
#NNI moves:18/152
#NNI moves:18/152
((((((((((((((((68,11),86),((32,83),76)),23),26),((12,55),8)),((56,67),50)),((((((16,1),(5,4)),(((21,74),73),52)),((19,60),7)),((48,(89,13)),((((53,62),((66,79),64)),54),27))),((((((36,87),15),(10,90)),((22,25),59)),(((24,39),(72,75)),(85,(17,61)))),((((80,81),(((91,6),20),(88,(42,40)))),14),63)))),((((((31,43),(3,(71,29))),45),(((35,33),44),(51,49))),((((69,37),(70,92)),30),(77,41))),82)),((28,84),(58,57))),(46,34)),((38,65),47)),((2,78),((9,18),93))),(99,97)),((95,94),(100,96))),98);
Current score: 1.18593e+08
Current tree: ((100,((95,94),(((((((((((((((68,11),86),((32,83),76)),23),26),((12,55),8)),((56,67),50)),((((((16,1),(5,4)),(((21,74),73),52)),((19,60),7)),((48,(89,13)),((((53,62),((66,79),64)),54),27))),((((((36,87),15),(10,90)),((22,25),59)),(((24,39),(72,75)),(85,(17,61)))),((((80,81),(((91,6),20),(88,(42,40)))),14),63)))),((((((31,43),(3,(71,29))),45),(((35,33),44),(51,49))),((((69,37),(70,92)),30),(77,41))),82)),((28,84),(58,57))),(46,34)),((38,65),47)),((2,78),((9,18),93))),(99,97)),98))),96);
Final Tree: ((100,((95,94),(((((((((((((((68,11),86),((32,83),76)),23),26),((12,55),8)),((56,67),50)),((((((16,1),(5,4)),(((21,74),73),52)),((19,60),7)),((48,(89,13)),((((53,62),((66,79),64)),54),27))),((((((36,87),15),(10,90)),((22,25),59)),(((24,39),(72,75)),(85,(17,61)))),((((80,81),(((91,6),20),(88,(42,40)))),14),63)))),((((((31,43),(3,(71,29))),45),(((35,33),44),(51,49))),((((69,37),(70,92)),30),(77,41))),82)),((28,84),(58,57))),(46,34)),((38,65),47)),((2,78),((9,18),93))),(99,97)),98))),96);
#EqQuartets: 183782698
Score: 118592502
ASTRAL for PaRalogs and Orthologs III (ASTRAL-Pro3)
*** NOW with integrated CASTLES-Pro ***
Version: v1.22.3.6
Read 512 genetrees and found 100 species.
#Genetrees: 998
#Duploss: 52163
#Species: 100
#Rounds: 4
#Samples: 4
#Threads: 1
Use two-step algorithm!
Guide Tree 0/16
#NNI moves:0/152
Guide Tree 1/16
#NNI moves:2/152
Guide Tree 2/16
#NNI moves:2/152
Guide Tree 3/16
#NNI moves:0/152
Guide Tree 4/16
#NNI moves:0/152
Guide Tree 5/16
#NNI moves:0/152
Guide Tree 6/16
#NNI moves:0/152
Guide Tree 7/16
#NNI moves:0/152
Guide Tree 8/16
#NNI moves:4/152
Guide Tree 9/16
#NNI moves:0/152
Guide Tree 10/16
#NNI moves:4/152
Guide Tree 11/16
#NNI moves:6/152
Guide Tree 12/16
#NNI moves:4/152
Guide Tree 13/16
#NNI moves:6/152
Guide Tree 14/16
#NNI moves:2/152
Guide Tree 15/16
#NNI moves:0/152
Remaining: 0
#NNI moves:4/152
#NNI moves:4/152
(((((((((((65,(44,12)),((51,(54,41)),59)),(((5,32),50),45)),((((((1,(39,29)),46),(17,25)),4),(55,((40,19),35))),23)),(52,(31,61))),((24,(28,(14,37))),(((27,34),(8,7)),((((26,18),36),43),(66,60))))),((((((((((75,99),100),((92,76),(89,(85,90)))),(((71,87),84),(97,(95,82)))),78),((73,96),70)),(93,94)),((((81,80),((((79,74),77),(72,67)),86)),((83,68),(91,88))),98)),69),(((11,38),(10,9)),22))),((((((63,(3,42)),(20,56)),21),48),((58,2),57)),(13,(15,53)))),((47,(49,64)),(16,(6,62)))),33),30);
Guide Tree 0/16
#NNI moves:8/152
Guide Tree 1/16
#NNI moves:2/152
Guide Tree 2/16
#NNI moves:8/152
Guide Tree 3/16
#NNI moves:0/152
Guide Tree 4/16
#NNI moves:20/152
Guide Tree 5/16
#NNI moves:0/152
Guide Tree 6/16
#NNI moves:4/152
Guide Tree 7/16
#NNI moves:0/152
Guide Tree 8/16
#NNI moves:4/152
Guide Tree 9/16
#NNI moves:4/152
Guide Tree 10/16
#NNI moves:0/152
Guide Tree 11/16
#NNI moves:0/152
Guide Tree 12/16
#NNI moves:2/152
Guide Tree 13/16
#NNI moves:2/152
Guide Tree 14/16
#NNI moves:2/152
Guide Tree 15/16
#NNI moves:0/152
Remaining: 0
#NNI moves:10/152
#NNI moves:10/152
(((((((((((36,(26,18)),43),(66,60)),((34,27),(8,7))),(24,((37,14),28))),(((((((19,40),35),55),(((((29,39),1),46),(17,25)),4)),23),(((((41,54),51),59),((12,44),65)),((50,(5,32)),45))),((61,31),52))),(((((((((84,(87,71)),((95,82),97)),(((99,75),100),(((90,85),89),(76,92)))),78),((96,73),70)),(93,94)),((((81,80),((((74,79),77),(72,67)),86)),((68,83),(88,91))),98)),69),(((11,38),(9,10)),22))),((((((63,(42,3)),(20,56)),21),48),(57,(2,58))),((53,15),13))),((47,(49,64)),((62,6),16))),33),30);
Guide Tree 0/16
#NNI moves:0/152
Guide Tree 1/16
#NNI moves:2/152
Guide Tree 2/16
#NNI moves:2/152
Guide Tree 3/16
#NNI moves:4/152
Guide Tree 4/16
#NNI moves:8/152
Guide Tree 5/16
#NNI moves:0/152
Guide Tree 6/16
#NNI moves:0/152
Guide Tree 7/16
#NNI moves:2/152
Guide Tree 8/16
#NNI moves:0/152
Guide Tree 9/16
#NNI moves:12/152
Guide Tree 10/16
#NNI moves:8/152
Guide Tree 11/16
#NNI moves:6/152
Guide Tree 12/16
#NNI moves:2/152
Guide Tree 13/16
#NNI moves:2/152
Guide Tree 14/16
#NNI moves:8/152
Guide Tree 15/16
#NNI moves:6/152
Remaining: 0
#NNI moves:20/152
#NNI moves:20/152
(((((((((((((((39,29),1),46),(25,17)),4),(((19,40),35),55)),23),((((5,32),50),45),((59,(51,(41,54))),(65,(44,12))))),(52,(31,61))),(((((36,(18,26)),43),(66,60)),((8,7),(34,27))),(24,(28,(14,37))))),(((((((((72,67),((79,74),77)),86),(81,80)),((88,91),(68,83))),98),((((96,73),70),(((((95,82),97),((71,87),84)),(((99,75),100),((92,76),(89,(85,90))))),78)),(93,94))),69),(((38,11),(10,9)),22))),(((((((3,42),63),(56,20)),21),48),((2,58),57)),((53,15),13))),(((49,64),47),((6,62),16))),33),30);
Guide Tree 0/16
#NNI moves:2/152
Guide Tree 1/16
#NNI moves:0/152
Guide Tree 2/16
#NNI moves:0/152
Guide Tree 3/16
#NNI moves:0/152
Guide Tree 4/16
#NNI moves:2/152
Guide Tree 5/16
#NNI moves:0/152
Guide Tree 6/16
#NNI moves:6/152
Guide Tree 7/16
#NNI moves:4/152
Guide Tree 8/16
#NNI moves:4/152
Guide Tree 9/16
#NNI moves:8/152
Guide Tree 10/16
#NNI moves:0/152
Guide Tree 11/16
#NNI moves:2/152
Guide Tree 12/16
#NNI moves:4/152
Guide Tree 13/16
#NNI moves:2/152
Guide Tree 14/16
#NNI moves:0/152
Guide Tree 15/16
#NNI moves:2/152
Remaining: 0
#NNI moves:6/152
#NNI moves:6/152
(((((((((((((40,19),35),55),(((25,17),(((39,29),1),46)),4)),23),(((50,(5,32)),45),(((44,12),65),((51,(41,54)),59)))),((61,31),52)),((((((18,26),36),43),(60,66)),((7,8),(27,34))),(24,(28,(37,14))))),((((((78,(((((90,85),89),(76,92)),((75,99),100)),((84,(71,87)),((95,82),97)))),((73,96),70)),(94,93)),((((86,((77,(79,74)),(67,72))),(80,81)),((68,83),(88,91))),98)),69),(((10,9),(11,38)),22))),((((2,58),57),(((((42,3),63),(20,56)),21),48)),((53,15),13))),(((6,62),16),((49,64),47))),33),30);
Initial score: 1.10861e+08
Initial tree: (((((((((((((40,19),35),55),(((25,17),(((39,29),1),46)),4)),23),(((50,(5,32)),45),(((44,12),65),((51,(41,54)),59)))),((61,31),52)),((((((18,26),36),43),(60,66)),((7,8),(27,34))),(24,(28,(37,14))))),((((((78,(((((90,85),89),(76,92)),((75,99),100)),((84,(71,87)),((95,82),97)))),((73,96),70)),(94,93)),((((86,((77,(79,74)),(67,72))),(80,81)),((68,83),(88,91))),98)),69),(((10,9),(11,38)),22))),((((2,58),57),(((((42,3),63),(20,56)),21),48)),((53,15),13))),(((6,62),16),((49,64),47))),33),30);
*** Subsample Process ***
Use two-step algorithm!
#NNI moves:6/152
Remaining: 0
#NNI moves:14/152
#NNI moves:14/152
(((((((((((((((((((86,((72,67),(77,(79,74)))),(80,81)),((83,68),(88,91))),98),(((((((89,(85,90)),(92,76)),(100,(99,75))),(((87,71),84),((82,95),97))),78),(70,(73,96))),(93,94))),69),(((38,11),(10,9)),22)),(((33,30),(((6,62),16),((64,49),47))),((((((63,(3,42)),(20,56)),21),48),((58,2),57)),(13,(53,15))))),((((7,8),(34,27)),((66,60),((36,(26,18)),43))),(((14,37),28),24))),((31,61),52)),((((5,32),50),45),(((44,12),65),((51,(41,54)),59)))),23),(((40,19),35),55)),4),(17,25)),46),1),29),39);
#NNI moves:0/152
Remaining: 1
#NNI moves:2/152
#NNI moves:2/152
((((((((((((((77,(74,79)),(72,67)),86),(81,80)),((88,91),(68,83))),98),((((((((90,85),89),(92,76)),(100,(99,75))),(((82,95),97),((71,87),84))),78),((96,73),70)),(93,94))),69),(((38,11),(9,10)),22)),(((((8,7),(27,34)),((((26,18),36),43),(60,66))),(((14,37),28),24)),(((23,(((((1,(39,29)),46),(25,17)),4),(55,((19,40),35)))),((((51,(41,54)),59),((44,12),65)),(45,(50,(32,5))))),(52,(31,61))))),(((((((42,3),63),(56,20)),21),48),((58,2),57)),((53,15),13))),((16,(6,62)),((64,49),47))),30),33);
#NNI moves:6/152
Remaining: 1
#NNI moves:16/152
#NNI moves:16/152
((((((((((((((((((((25,17),(46,(1,(29,39)))),4),(55,((19,40),35))),23),((((32,5),50),45),((((41,54),51),59),((12,44),65)))),((31,61),52)),((((8,7),(27,34)),((((26,18),36),43),(60,66))),((28,(14,37)),24))),(((((62,6),16),(47,(49,64))),(30,33)),((((((63,(42,3)),(56,20)),21),48),(57,(2,58))),((15,53),13)))),(((38,11),(10,9)),22)),69),((((73,96),70),((((100,(99,75)),((89,(90,85)),(76,92))),(((87,71),84),((82,95),97))),78)),(93,94))),98),((91,88),(83,68))),(80,81)),86),(67,72)),77),79),74);
#NNI moves:2/152
Remaining: 0
#NNI moves:8/152
#NNI moves:8/152
(((((((((((((((((92,76),((85,90),89)),((75,99),100)),(((95,82),97),((71,87),84))),78),((73,96),70)),(93,94)),((((88,91),(83,68)),((80,81),((((79,74),77),(72,67)),86))),98)),69),(((10,9),(38,11)),22)),((((((55,(35,(19,40))),(((46,((39,29),1)),(25,17)),4)),23),((((5,32),50),45),(((44,12),65),(((54,41),51),59)))),((31,61),52)),((((((18,26),36),43),(66,60)),((7,8),(27,34))),(((37,14),28),24)))),((((((63,(42,3)),(20,56)),21),48),((2,58),57)),((15,53),13))),(33,30)),(47,(49,64))),16),62),6);
Current score: 1.10861e+08
Current tree: ((33,(((((((((((((92,76),((85,90),89)),((75,99),100)),(((95,82),97),((71,87),84))),78),((73,96),70)),(93,94)),((((88,91),(83,68)),((80,81),((((79,74),77),(72,67)),86))),98)),69),(((10,9),(38,11)),22)),((((((55,(35,(19,40))),(((46,((39,29),1)),(25,17)),4)),23),((((5,32),50),45),(((44,12),65),(((54,41),51),59)))),((31,61),52)),((((((18,26),36),43),(66,60)),((7,8),(27,34))),(((37,14),28),24)))),((((((63,(42,3)),(20,56)),21),48),((2,58),57)),((15,53),13))),((47,(49,64)),(16,(62,6))))),30);
Final Tree: ((33,(((((((((((((92,76),((85,90),89)),((75,99),100)),(((95,82),97),((71,87),84))),78),((73,96),70)),(93,94)),((((88,91),(83,68)),((80,81),((((79,74),77),(72,67)),86))),98)),69),(((10,9),(38,11)),22)),((((((55,(35,(19,40))),(((46,((39,29),1)),(25,17)),4)),23),((((5,32),50),45),(((44,12),65),(((54,41),51),59)))),((31,61),52)),((((((18,26),36),43),(66,60)),((7,8),(27,34))),(((37,14),28),24)))),((((((63,(42,3)),(20,56)),21),48),((2,58),57)),((15,53),13))),((47,(49,64)),(16,(62,6))))),30);
#EqQuartets: 163610613
Score: 110860631
ASTRAL for PaRalogs and Orthologs III (ASTRAL-Pro3)
*** NOW with integrated CASTLES-Pro ***
Version: v1.22.3.6
Read 512 genetrees and found 100 species.
#Genetrees: 995
#Duploss: 52006
#Species: 100
#Rounds: 4
#Samples: 4
#Threads: 1
Use two-step algorithm!
Guide Tree 0/16
#NNI moves:2/152
Guide Tree 1/16
#NNI moves:2/152
Guide Tree 2/16
#NNI moves:6/152
Guide Tree 3/16
#NNI moves:0/152
Guide Tree 4/16
#NNI moves:2/152
Guide Tree 5/16
#NNI moves:6/152
Guide Tree 6/16
#NNI moves:0/152
Guide Tree 7/16
#NNI moves:8/152
Guide Tree 8/16
#NNI moves:0/152
Guide Tree 9/16
#NNI moves:0/152
Guide Tree 10/16
#NNI moves:4/152
Guide Tree 11/16
#NNI moves:2/152
Guide Tree 12/16
#NNI moves:4/152
Guide Tree 13/16
#NNI moves:0/152
Guide Tree 14/16
#NNI moves:8/152
Guide Tree 15/16
#NNI moves:2/152
Remaining: 0
#NNI moves:18/152
#NNI moves:18/152
((((((((((((((78,(39,(67,55))),84),(86,75)),(((71,(74,57)),((45,40),(46,51))),58)),((83,(90,76)),((((((70,52),((61,65),48)),80),43),((((47,49),38),91),94)),54))),(((((((((26,5),(25,10)),(35,18)),8),3),2),((((31,33),((4,14),1)),30),(7,27))),(((29,24),(28,16)),((((13,19),(23,(21,12))),(6,34)),((((15,32),(17,9)),11),(20,22))))),((((100,59),(79,68)),77),((98,50),(((44,72),36),63))))),(((99,62),93),97)),(((82,96),66),(95,73))),(85,42)),(((64,56),87),(60,53))),((88,37),(92,89))),69),41),81);
Guide Tree 0/16
#NNI moves:6/152
Guide Tree 1/16
#NNI moves:0/152
Guide Tree 2/16
#NNI moves:0/152
Guide Tree 3/16
#NNI moves:6/152
Guide Tree 4/16
#NNI moves:0/152
Guide Tree 5/16
#NNI moves:0/152
Guide Tree 6/16
#NNI moves:0/152
Guide Tree 7/16
#NNI moves:0/152
Guide Tree 8/16
#NNI moves:0/152
Guide Tree 9/16
#NNI moves:0/152
Guide Tree 10/16
#NNI moves:4/152
Guide Tree 11/16
#NNI moves:0/152
Guide Tree 12/16
#NNI moves:0/152
Guide Tree 13/16
#NNI moves:2/152
Guide Tree 14/16
#NNI moves:0/152
Guide Tree 15/16
#NNI moves:0/152
Remaining: 0
#NNI moves:2/152
#NNI moves:2/152
(((((((((((((((30,((1,(4,14)),(33,31))),(27,7)),(2,8)),(3,(((5,26),(10,25)),(35,18)))),(((24,29),(16,28)),(((((17,9),(15,32)),11),(20,22)),((6,34),((19,13),((12,21),23)))))),(((63,((44,72),36)),(98,50)),(((59,100),(79,68)),77))),(((((94,(((47,49),38),91)),((((70,52),((65,61),48)),80),43)),54),(83,(76,90))),(((75,86),((((67,55),39),78),84)),((((46,51),(40,45)),((74,57),71)),58)))),((93,(62,99)),97)),((66,(96,82)),(73,95))),(42,85)),(((64,56),87),(60,53))),((89,92),(37,88))),69),41),81);
Guide Tree 0/16
#NNI moves:0/152
Guide Tree 1/16
#NNI moves:0/152
Guide Tree 2/16
#NNI moves:0/152
Guide Tree 3/16
#NNI moves:0/152
Guide Tree 4/16
#NNI moves:0/152
Guide Tree 5/16
#NNI moves:0/152
Guide Tree 6/16
#NNI moves:0/152
Guide Tree 7/16
#NNI moves:0/152
Guide Tree 8/16
#NNI moves:0/152
Guide Tree 9/16
#NNI moves:2/152
Guide Tree 10/16
#NNI moves:2/152
Guide Tree 11/16
#NNI moves:6/152
Guide Tree 12/16
#NNI moves:0/152
Guide Tree 13/16
#NNI moves:0/152
Guide Tree 14/16
#NNI moves:0/152
Guide Tree 15/16
#NNI moves:0/152
Remaining: 1
#NNI moves:14/152
#NNI moves:32/152
(((((((((((((((30,((1,(14,4)),(33,31))),(27,7)),(2,8)),(((35,18),((5,26),(10,25))),3)),(((16,28),(29,24)),(((11,((32,15),(9,17))),(22,20)),(((23,(12,21)),(13,19)),(6,34))))),((((79,68),(59,100)),77),((98,50),(((72,44),36),63)))),((((((39,(55,67)),78),84),(86,75)),(((71,(74,57)),((46,51),(40,45))),58)),(((((80,((48,(61,65)),(52,70))),43),((((49,47),38),91),94)),54),((90,76),83)))),(((99,62),93),97)),(((82,96),66),(95,73))),(85,42)),((87,(64,56)),(60,53))),((89,92),(37,88))),69),41),81);
Guide Tree 0/16
#NNI moves:0/152
Guide Tree 1/16
#NNI moves:0/152
Guide Tree 2/16
#NNI moves:0/152
Guide Tree 3/16
#NNI moves:0/152
Guide Tree 4/16
#NNI moves:0/152
Guide Tree 5/16
#NNI moves:0/152
Guide Tree 6/16
#NNI moves:2/152
Guide Tree 7/16
#NNI moves:0/152
Guide Tree 8/16
#NNI moves:0/152
Guide Tree 9/16
#NNI moves:0/152
Guide Tree 10/16
#NNI moves:0/152
Guide Tree 11/16
#NNI moves:0/152
Guide Tree 12/16
#NNI moves:0/152
Guide Tree 13/16
#NNI moves:0/152
Guide Tree 14/16
#NNI moves:0/152
Guide Tree 15/16
#NNI moves:0/152
Remaining: 1
#NNI moves:8/152
#NNI moves:18/152
((((((((((((((((((9,17),(15,32)),11),(22,20)),(((13,19),((21,12),23)),(34,6))),((29,24),(28,16))),(((((((14,4),1),(31,33)),30),(27,7)),(2,8)),((((26,5),(25,10)),(35,18)),3))),97),((((68,79),(100,59)),77),(((36,(44,72)),63),(98,50)))),(((((((67,55),39),78),84),(86,75)),(58,(((40,45),(46,51)),((57,74),71)))),(((((((48,(61,65)),(70,52)),80),43),((((49,47),38),91),94)),54),((90,76),83)))),((62,99),93)),(((82,96),66),(73,95))),(42,85)),(((56,64),87),(60,53))),((37,88),(92,89))),69),41),81);
Initial score: 1.40716e+08
Initial tree: (((((((((((((((((9,17),(15,32)),11),(22,20)),(((13,19),((21,12),23)),(34,6))),((29,24),(28,16))),(((((((14,4),1),(31,33)),30),(27,7)),(2,8)),((((26,5),(25,10)),(35,18)),3))),((((68,79),(100,59)),77),(((36,(44,72)),63),(98,50)))),(((((((67,55),39),78),84),(86,75)),(58,(((40,45),(46,51)),((57,74),71)))),(((((((48,(61,65)),(70,52)),80),43),((((49,47),38),91),94)),54),((90,76),83)))),(((62,99),93),97)),(((82,96),66),(73,95))),(42,85)),(((56,64),87),(60,53))),((37,88),(92,89))),69),41),81);
*** Subsample Process ***
Use two-step algorithm!
#NNI moves:0/152
Remaining: 1
#NNI moves:16/152
#NNI moves:16/152
(((((((((((((((((47,49),38),91),94),(((((61,65),48),(52,70)),80),43)),54),((90,76),83)),(((86,75),((((67,55),39),78),84)),((((74,57),71),((40,45),(46,51))),58))),((93,(62,99)),((((82,96),66),(95,73)),((((60,53),((56,64),87)),(((41,81),69),((88,37),(89,92)))),(42,85))))),(((50,98),(((44,72),36),63)),(((68,79),(100,59)),77))),97),(((((((5,26),(25,10)),(18,35)),8),3),2),((((33,31),((14,4),1)),30),(7,27)))),((16,28),(29,24))),((6,34),(((12,21),23),(19,13)))),(22,20)),((15,32),(9,17))),11);
#NNI moves:4/152
Remaining: 3
#NNI moves:24/152
#NNI moves:26/152
((((((((((((((18,35),((25,10),(5,26))),3),((((((14,4),1),(33,31)),30),(7,27)),(2,8))),((((((15,32),(9,17)),11),(22,20)),(((23,(12,21)),(13,19)),(6,34))),((16,28),(24,29)))),(((99,62),93),97)),((((36,(72,44)),63),(98,50)),(((100,59),(79,68)),77))),(((((((((65,61),48),(52,70)),80),43),((((49,47),38),91),94)),54),((90,76),83)),(((((51,46),(45,40)),(71,(74,57))),58),(((((55,67),39),78),84),(86,75))))),((66,(96,82)),(73,95))),(85,42)),(((88,37),(89,92)),((41,81),69))),((64,56),87)),53),60);
#NNI moves:0/152
Remaining: 0
#NNI moves:24/152
#NNI moves:24/152
((((((((((((((((((((65,61),48),(52,70)),80),43),((((47,49),38),91),94)),54),((90,76),83)),((((78,(39,(55,67))),84),(75,86)),(58,(((57,74),71),((45,40),(51,46)))))),((((95,73),((96,82),66)),(((((64,56),87),(60,53)),(((37,88),(89,92)),(69,(81,41)))),(42,85))),((62,99),93))),((((100,59),(68,79)),77),(((36,(44,72)),63),(50,98)))),97),((((((32,15),(17,9)),11),(22,20)),((((21,12),23),(19,13)),(6,34))),((24,29),(28,16)))),(((25,10),(5,26)),(18,35))),((8,2),3)),(27,7)),30),(1,(14,4))),33),31);
#NNI moves:0/152
Remaining: 2
#NNI moves:12/152
#NNI moves:26/152
(((((((((((((((((14,4),1),(31,33)),30),(27,7)),(2,(((((25,10),(26,5)),(35,18)),8),3))),((((22,20),(((15,32),(17,9)),11)),(((23,(21,12)),(13,19)),(34,6))),((29,24),(28,16)))),((((68,79),(59,100)),77),(((36,(44,72)),63),(98,50)))),((((((((47,49),38),91),94),((((48,(61,65)),(52,70)),80),43)),54),(83,(76,90))),(((((39,(67,55)),78),84),(86,75)),((((74,57),71),((40,45),(51,46))),58)))),((93,(99,62)),97)),(((82,96),66),(73,95))),(85,42)),(((64,56),87),(53,60))),((41,81),69)),(37,88)),89),92);
Current score: 1.40716e+08
Current tree: ((41,(69,(((((((((((((25,10),(26,5)),(35,18)),3),((((((14,4),1),(31,33)),30),(27,7)),(8,2))),((((22,20),(((15,32),(17,9)),11)),(((23,(21,12)),(13,19)),(34,6))),((29,24),(28,16)))),((((68,79),(59,100)),77),(((36,(44,72)),63),(98,50)))),((((((((47,49),38),91),94),((((48,(61,65)),(52,70)),80),43)),54),(83,(76,90))),(((((39,(67,55)),78),84),(86,75)),((((74,57),71),((40,45),(51,46))),58)))),((93,(99,62)),97)),(((82,96),66),(73,95))),(85,42)),(((64,56),87),(53,60))),((37,88),(89,92))))),81);
Final Tree: ((41,(69,(((((((((((((25,10),(26,5)),(35,18)),3),((((((14,4),1),(31,33)),30),(27,7)),(8,2))),((((22,20),(((15,32),(17,9)),11)),(((23,(21,12)),(13,19)),(34,6))),((29,24),(28,16)))),((((68,79),(59,100)),77),(((36,(44,72)),63),(98,50)))),((((((((47,49),38),91),94),((((48,(61,65)),(52,70)),80),43)),54),(83,(76,90))),(((((39,(67,55)),78),84),(86,75)),((((74,57),71),((40,45),(51,46))),58)))),((93,(99,62)),97)),(((82,96),66),(73,95))),(85,42)),(((64,56),87),(53,60))),((37,88),(89,92))))),81);
#EqQuartets: 202121351
Score: 140715954
ASTRAL for PaRalogs and Orthologs III (ASTRAL-Pro3)
*** NOW with integrated CASTLES-Pro ***
Version: v1.22.3.6
Read 512 genetrees and found 100 species.
#Genetrees: 999
#Duploss: 46080
#Species: 100
#Rounds: 4
#Samples: 4
#Threads: 1
Use two-step algorithm!
Guide Tree 0/16
#NNI moves:6/152
Guide Tree 1/16
#NNI moves:0/152
Guide Tree 2/16
#NNI moves:0/152
Guide Tree 3/16
#NNI moves:0/152
Guide Tree 4/16
#NNI moves:2/152
Guide Tree 5/16
#NNI moves:2/152
Guide Tree 6/16
#NNI moves:0/152
Guide Tree 7/16
#NNI moves:8/152
Guide Tree 8/16
#NNI moves:0/152
Guide Tree 9/16
#NNI moves:0/152
Guide Tree 10/16
#NNI moves:0/152
Guide Tree 11/16
#NNI moves:0/152
Guide Tree 12/16
#NNI moves:6/152
Guide Tree 13/16
#NNI moves:0/152
Guide Tree 14/16
#NNI moves:6/152
Guide Tree 15/16
#NNI moves:0/152
Remaining: 0
#NNI moves:14/152
#NNI moves:30/152
(((((((((((((((36,(25,12)),((28,14),9)),((((((21,((41,3),(24,15))),4),10),(26,30)),44),(((29,(((37,17),8),35)),31),(6,1)))),(((((43,16),7),(32,19)),(((((((((((38,5),20),11),45),27),39),34),(13,40)),2),33),(42,23))),(18,22))),(((49,62),55),73)),((72,53),((48,98),60))),((84,((((83,69),87),46),(58,96))),(((90,68),82),75))),((91,(57,(67,79))),70)),(76,93)),((((89,78),81),92),74)),(((((94,(63,85)),77),((50,(95,52)),((100,47),(64,51)))),56),(88,71))),((((97,86),99),80),(65,61))),59),66),54);
Guide Tree 0/16
#NNI moves:0/152
Guide Tree 1/16
#NNI moves:0/152
Guide Tree 2/16
#NNI moves:2/152
Guide Tree 3/16
#NNI moves:0/152
Guide Tree 4/16
#NNI moves:8/152
Guide Tree 5/16
#NNI moves:4/152
Guide Tree 6/16
#NNI moves:0/152
Guide Tree 7/16
#NNI moves:0/152
Guide Tree 8/16
#NNI moves:2/152
Guide Tree 9/16
#NNI moves:0/152
Guide Tree 10/16
#NNI moves:4/152
Guide Tree 11/16
#NNI moves:2/152
Guide Tree 12/16
#NNI moves:6/152
Guide Tree 13/16
#NNI moves:0/152
Guide Tree 14/16
#NNI moves:0/152
Guide Tree 15/16
#NNI moves:8/152
Remaining: 0
#NNI moves:8/152
#NNI moves:10/152
((((((((((((((((((((15,24),(41,3)),21),4),10),(26,30)),44),((1,6),(((35,(8,(37,17))),29),31))),(((12,25),36),((28,14),9))),(((((43,16),7),(32,19)),(((((((((((5,38),20),11),45),27),39),34),(40,13)),2),33),(23,42))),(18,22))),((((58,96),(46,(87,(69,83)))),84),(((90,68),82),75))),((((62,49),55),73),(70,(((67,79),57),91)))),((72,53),((98,48),60))),(93,76)),((((78,89),81),92),74)),(((((94,(85,63)),77),(((64,51),(100,47)),(50,(52,95)))),56),(88,71))),((61,65),(((97,86),99),80))),59),66),54);
Guide Tree 0/16
#NNI moves:0/152
Guide Tree 1/16
#NNI moves:0/152
Guide Tree 2/16
#NNI moves:2/152
Guide Tree 3/16
#NNI moves:2/152
Guide Tree 4/16
#NNI moves:2/152
Guide Tree 5/16
#NNI moves:0/152
Guide Tree 6/16
#NNI moves:0/152
Guide Tree 7/16
#NNI moves:0/152
Guide Tree 8/16
#NNI moves:6/152
Guide Tree 9/16
#NNI moves:0/152
Guide Tree 10/16
#NNI moves:0/152
Guide Tree 11/16
#NNI moves:0/152
Guide Tree 12/16
#NNI moves:2/152
Guide Tree 13/16
#NNI moves:0/152
Guide Tree 14/16
#NNI moves:0/152
Guide Tree 15/16
#NNI moves:0/152
Remaining: 0
#NNI moves:42/152
#NNI moves:46/152
(((((((((((((((((((39,((45,(11,((5,38),20))),27)),34),(13,40)),2),33),(23,42)),((32,19),(7,(43,16)))),(22,18)),((((1,6),((((8,(17,37)),35),29),31)),(((((21,((24,15),(41,3))),4),10),(30,26)),44)),(((12,25),36),(9,(14,28))))),(((((87,(69,83)),46),(58,96)),84),((82,(90,68)),75))),(((((67,79),57),91),70),(((62,49),55),73))),((72,53),(60,(98,48)))),(76,93)),((((78,89),81),92),74)),((((((95,52),50),((47,100),(51,64))),(((63,85),94),77)),56),(88,71))),((61,65),(((86,97),99),80))),59),66),54);
Guide Tree 0/16
#NNI moves:0/152
Guide Tree 1/16
#NNI moves:2/152
Guide Tree 2/16
#NNI moves:0/152
Guide Tree 3/16
#NNI moves:0/152
Guide Tree 4/16
#NNI moves:0/152
Guide Tree 5/16
#NNI moves:0/152
Guide Tree 6/16
#NNI moves:0/152
Guide Tree 7/16
#NNI moves:0/152
Guide Tree 8/16
#NNI moves:2/152
Guide Tree 9/16
#NNI moves:0/152
Guide Tree 10/16
#NNI moves:0/152
Guide Tree 11/16
#NNI moves:2/152
Guide Tree 12/16
#NNI moves:6/152
Guide Tree 13/16
#NNI moves:8/152
Guide Tree 14/16
#NNI moves:0/152
Guide Tree 15/16
#NNI moves:0/152
Remaining: 0
#NNI moves:28/152
#NNI moves:44/152
(((((((((((((((((((13,40),(((((((5,38),20),11),45),27),39),34)),2),33),(23,42)),((19,32),((43,16),7))),(22,18)),(((((30,26),(((21,((15,24),(3,41))),4),10)),44),(((29,(35,(8,(17,37)))),31),(6,1))),((36,(12,25)),(9,(28,14))))),((55,(62,49)),73)),(((98,48),60),(53,72))),(((82,(68,90)),75),(((46,(87,(83,69))),(96,58)),84))),((91,((67,79),57)),70)),(93,76)),((((89,78),81),92),74)),((((((95,52),50),((100,47),(51,64))),(((85,63),94),77)),56),(71,88))),((80,(99,(86,97))),(65,61))),59),66),54);
Initial score: 1.67449e+08
Initial tree: (((((((((((((((((((13,40),(((((((5,38),20),11),45),27),39),34)),2),33),(23,42)),((19,32),((43,16),7))),(22,18)),(((((30,26),(((21,((15,24),(3,41))),4),10)),44),(((29,(35,(8,(17,37)))),31),(6,1))),((36,(12,25)),(9,(28,14))))),((55,(62,49)),73)),(((98,48),60),(53,72))),(((82,(68,90)),75),(((46,(87,(83,69))),(96,58)),84))),((91,((67,79),57)),70)),(93,76)),((((89,78),81),92),74)),((((((95,52),50),((100,47),(51,64))),(((85,63),94),77)),56),(71,88))),((80,(99,(86,97))),(65,61))),59),66),54);
*** Subsample Process ***
Use two-step algorithm!
#NNI moves:0/152
Remaining: 0
#NNI moves:36/152
#NNI moves:36/152
(((((((((((((((((((89,78),81),92),74),((((66,54),59),((80,((86,97),99)),(65,61))),((((((95,52),50),((47,100),(64,51))),(((63,85),94),77)),56),(88,71)))),(76,93)),((91,((79,67),57)),70)),(((((87,(83,69)),46),(58,96)),84),(((90,68),82),75))),((60,(48,98)),(53,72))),(((62,49),55),73)),(((((((((24,15),(41,3)),21),4),10),(30,26)),44),((6,1),(((35,((17,37),8)),29),31))),(((12,25),36),(9,(28,14))))),(22,18)),(((43,16),7),(19,32))),(42,23)),33),2),((((45,(11,((5,38),20))),27),39),34)),40),13);
#NNI moves:0/152
Remaining: 0
#NNI moves:16/152
#NNI moves:16/152
(((((((((((((((((30,26),(10,((((41,3),(24,15)),21),4))),44),((6,1),(((((17,37),8),35),29),31))),(((25,12),36),((14,28),9))),((((33,(((34,(((45,(11,((5,38),20))),27),39)),(40,13)),2)),(42,23)),((32,19),(7,(16,43)))),(22,18))),(((62,49),55),73)),((53,72),((48,98),60))),((((90,68),82),75),(((((83,69),87),46),(96,58)),84))),(70,((57,(79,67)),91))),(93,76)),(((81,(89,78)),92),74)),((((((63,85),94),77),(((51,64),(100,47)),(50,(95,52)))),56),(71,88))),((((97,86),99),80),(61,65))),59),54),66);
#NNI moves:4/152
Remaining: 1
#NNI moves:68/152
#NNI moves:68/152
(((((((((((((((((((((63,85),94),77),(((47,100),(64,51)),((52,95),50))),56),(88,71)),(((((97,86),99),80),(65,61)),(59,(54,66)))),(((81,(89,78)),92),74)),(76,93)),((91,(57,(67,79))),70)),(((82,(90,68)),75),(((96,58),(((69,83),87),46)),84))),(((98,48),60),(53,72))),(((49,62),55),73)),(((((43,16),7),(19,32)),(((((13,40),(((((((38,5),20),11),45),27),39),34)),2),33),(23,42))),(18,22))),((9,(14,28)),((25,12),36))),((6,1),(((35,((17,37),8)),29),31))),44),(30,26)),10),(((41,3),(15,24)),21)),4);
#NNI moves:2/152
Remaining: 0
#NNI moves:20/152
#NNI moves:20/152
(((((((((((((((((((((11,((38,5),20)),45),27),39),34),(40,13)),2),33),(42,23)),(((43,16),7),(19,32))),(18,22)),(((((((8,(37,17)),35),29),31),(6,1)),(((((21,((3,41),(24,15))),4),10),(26,30)),44)),(((28,14),9),((25,12),36)))),((84,((((69,83),87),46),(58,96))),(75,((90,68),82)))),(((55,(62,49)),73),(((57,(67,79)),91),70))),(((98,48),60),(53,72))),(76,93)),((92,((89,78),81)),74)),((((((64,51),(100,47)),((95,52),50)),(((85,63),94),77)),56),(71,88))),((((97,86),99),80),(61,65))),(66,54)),59);
Current score: 1.67449e+08
Current tree: ((66,(((((((((57,(67,79)),91),70),(((84,((((69,83),87),46),(58,96))),(75,((90,68),82))),((((98,48),60),(53,72)),(((55,(62,49)),73),((((((((((((11,((38,5),20)),45),27),39),34),(40,13)),2),33),(42,23)),(((43,16),7),(19,32))),(18,22)),(((((((8,(37,17)),35),29),31),(6,1)),(((((21,((3,41),(24,15))),4),10),(26,30)),44)),(((28,14),9),((25,12),36)))))))),(76,93)),((92,((89,78),81)),74)),((((((64,51),(100,47)),((95,52),50)),(((85,63),94),77)),56),(71,88))),((((97,86),99),80),(61,65))),59)),54);
Final Tree: ((66,(((((((((57,(67,79)),91),70),(((84,((((69,83),87),46),(58,96))),(75,((90,68),82))),((((98,48),60),(53,72)),(((55,(62,49)),73),((((((((((((11,((38,5),20)),45),27),39),34),(40,13)),2),33),(42,23)),(((43,16),7),(19,32))),(18,22)),(((((((8,(37,17)),35),29),31),(6,1)),(((((21,((3,41),(24,15))),4),10),(26,30)),44)),(((28,14),9),((25,12),36)))))))),(76,93)),((92,((89,78),81)),74)),((((((64,51),(100,47)),((95,52),50)),(((85,63),94),77)),56),(71,88))),((((97,86),99),80),(61,65))),59)),54);
#EqQuartets: 231713603
Score: 167449316
ASTRAL for PaRalogs and Orthologs III (ASTRAL-Pro3)
*** NOW with integrated CASTLES-Pro ***
Version: v1.22.3.6
Read 512 genetrees and found 100 species.
#Genetrees: 998
#Duploss: 52090
#Species: 100
#Rounds: 4
#Samples: 4
#Threads: 1
Use two-step algorithm!
Guide Tree 0/16
#NNI moves:0/152
Guide Tree 1/16
#NNI moves:2/152
Guide Tree 2/16
#NNI moves:2/152
Guide Tree 3/16
#NNI moves:0/152
Guide Tree 4/16
#NNI moves:0/152
Guide Tree 5/16
#NNI moves:0/152
Guide Tree 6/16
#NNI moves:2/152
Guide Tree 7/16
#NNI moves:2/152
Guide Tree 8/16
#NNI moves:2/152
Guide Tree 9/16
#NNI moves:2/152
Guide Tree 10/16
#NNI moves:0/152
Guide Tree 11/16
#NNI moves:0/152
Guide Tree 12/16
#NNI moves:6/152
Guide Tree 13/16
#NNI moves:2/152
Guide Tree 14/16
#NNI moves:2/152
Guide Tree 15/16
#NNI moves:2/152
Remaining: 2
#NNI moves:8/152
#NNI moves:10/152
(((((((((((((50,57),(61,(47,(98,66)))),96),(54,((71,56),44))),((85,55),68)),74),((((((((93,53),78),95),89),86),((((((80,51),90),99),(100,46)),((75,(79,60)),(67,94))),62)),((((72,48),((88,76),84)),70),(69,91))),(((((77,65),83),(49,(73,(63,87)))),((58,81),82)),(((45,(59,52)),(92,97)),64)))),(20,36)),((31,11),(40,7))),((((((((28,27),25),16),30),((((24,14),(15,(32,42))),(34,8)),37)),38),((19,4),(13,(29,2)))),17)),((((22,6),9),39),(3,12))),((((1,43),18),((33,10),35)),(41,(5,(23,21))))),26);
Guide Tree 0/16
#NNI moves:2/152
Guide Tree 1/16
#NNI moves:2/152
Guide Tree 2/16
#NNI moves:2/152
Guide Tree 3/16
#NNI moves:2/152
Guide Tree 4/16
#NNI moves:0/152
Guide Tree 5/16
#NNI moves:0/152
Guide Tree 6/16
#NNI moves:0/152
Guide Tree 7/16
#NNI moves:6/152
Guide Tree 8/16
#NNI moves:0/152
Guide Tree 9/16
#NNI moves:0/152
Guide Tree 10/16
#NNI moves:2/152
Guide Tree 11/16
#NNI moves:0/152
Guide Tree 12/16
#NNI moves:0/152
Guide Tree 13/16
#NNI moves:2/152
Guide Tree 14/16
#NNI moves:0/152
Guide Tree 15/16
#NNI moves:0/152
Remaining: 0
#NNI moves:32/152
#NNI moves:36/152
(((((((((((((((93,53),78),95),89),86),((((67,94),((79,60),75)),((99,((51,80),90)),(46,100))),62)),((91,69),((((76,88),84),(48,72)),70))),((((((77,65),83),82),(((63,87),73),49)),(81,58)),(((92,97),((59,52),45)),64))),((((((61,(47,(66,98))),(50,57)),96),(54,((56,71),44))),(68,(55,85))),74)),(36,20)),((7,40),(11,31))),(((38,((37,((((32,42),15),(14,24)),(8,34))),((((27,28),25),16),30))),(((29,2),13),(4,19))),17)),((((6,22),9),39),(12,3))),((((21,23),5),41),(((1,43),18),(35,(33,10))))),26);
Guide Tree 0/16
#NNI moves:0/152
Guide Tree 1/16
#NNI moves:10/152
Guide Tree 2/16
#NNI moves:0/152
Guide Tree 3/16
#NNI moves:0/152
Guide Tree 4/16
#NNI moves:0/152
Guide Tree 5/16
#NNI moves:0/152
Guide Tree 6/16
#NNI moves:10/152
Guide Tree 7/16
#NNI moves:0/152
Guide Tree 8/16
#NNI moves:2/152
Guide Tree 9/16
#NNI moves:0/152
Guide Tree 10/16
#NNI moves:2/152
Guide Tree 11/16
#NNI moves:0/152
Guide Tree 12/16
#NNI moves:0/152
Guide Tree 13/16
#NNI moves:0/152
Guide Tree 14/16
#NNI moves:0/152
Guide Tree 15/16
#NNI moves:0/152
Remaining: 0
#NNI moves:18/152
#NNI moves:18/152
((((((((((((((((51,80),90),99),(46,100)),((94,67),((60,79),75))),62),(86,((((53,93),78),95),89))),(((((76,88),84),(72,48)),70),(69,91))),((((((77,65),83),82),(((87,63),73),49)),(58,81)),(64,((97,92),((59,52),45))))),((((96,((((98,66),47),61),(57,50))),((44,(71,56)),54)),(68,(55,85))),74)),(36,20)),((7,40),(11,31))),(((((((((32,42),15),(24,14)),(34,8)),37),(30,(((28,27),25),16))),38),((13,(2,29)),(4,19))),17)),((((6,22),9),39),(12,3))),((((21,23),5),41),((35,(33,10)),((1,43),18)))),26);
Guide Tree 0/16
#NNI moves:2/152
Guide Tree 1/16
#NNI moves:0/152
Guide Tree 2/16
#NNI moves:0/152
Guide Tree 3/16
#NNI moves:0/152
Guide Tree 4/16
#NNI moves:0/152
Guide Tree 5/16
#NNI moves:0/152
Guide Tree 6/16
#NNI moves:0/152
Guide Tree 7/16
#NNI moves:0/152
Guide Tree 8/16
#NNI moves:2/152
Guide Tree 9/16
#NNI moves:0/152
Guide Tree 10/16
#NNI moves:0/152
Guide Tree 11/16
#NNI moves:2/152
Guide Tree 12/16
#NNI moves:0/152
Guide Tree 13/16
#NNI moves:0/152
Guide Tree 14/16
#NNI moves:2/152
Guide Tree 15/16
#NNI moves:0/152
Remaining: 0
#NNI moves:32/152
#NNI moves:36/152
(((((((((((((((60,79),75),(94,67)),((100,46),(99,(90,(80,51))))),62),(((((53,93),78),95),89),86)),((91,69),(((72,48),((76,88),84)),70))),((((((65,77),83),82),(((63,87),73),49)),(81,58)),(((45,(52,59)),(92,97)),64))),(((((96,61),((47,(98,66)),(57,50))),(((56,71),44),54)),((55,85),68)),74)),(36,20)),((40,7),(11,31))),(((((((25,(28,27)),16),30),(((8,34),((24,14),((32,42),15))),37)),38),((13,(29,2)),(19,4))),17)),(((9,(22,6)),39),(3,12))),((((23,21),5),41),((18,(43,1)),((33,10),35)))),26);
Initial score: 1.09279e+08
Initial tree: (((((((((((((((60,79),75),(94,67)),((100,46),(99,(90,(80,51))))),62),(((((53,93),78),95),89),86)),((91,69),(((72,48),((76,88),84)),70))),((((((65,77),83),82),(((63,87),73),49)),(81,58)),(((45,(52,59)),(92,97)),64))),((((96,(((47,(98,66)),61),(57,50))),(((56,71),44),54)),((55,85),68)),74)),(36,20)),((40,7),(11,31))),(((((((25,(28,27)),16),30),(((8,34),((24,14),((32,42),15))),37)),38),((13,(29,2)),(19,4))),17)),(((9,(22,6)),39),(3,12))),((((23,21),5),41),((18,(43,1)),((33,10),35)))),26);
*** Subsample Process ***
Use two-step algorithm!
#NNI moves:6/152
Remaining: 6
#NNI moves:26/152
#NNI moves:26/152
(((((((((((((((57,50),((98,66),47)),(96,61)),(((56,71),44),54)),(68,(55,85))),74),((((((((((34,8),((14,24),((42,32),15))),37),((((28,27),25),16),30)),38),((13,(2,29)),(4,19))),17),(((((5,(21,23)),41),(((33,10),35),(18,(43,1)))),26),((12,3),(((22,6),9),39)))),((40,7),(31,11))),(20,36))),((((49,((87,63),73)),(((65,77),83),82)),(58,81)),(64,(((59,52),45),(92,97))))),((((48,72),((88,76),84)),70),(69,91))),(((((93,53),78),95),89),86)),62),((((51,80),90),99),(100,46))),(75,(60,79))),67),94);
#NNI moves:0/152
Remaining: 4
#NNI moves:26/152
#NNI moves:26/152
(((((((((((((((((53,93),78),95),89),86),((((75,(60,79)),(94,67)),((46,100),(((51,80),90),99))),62)),((69,91),(((84,(88,76)),(48,72)),70))),(((((52,59),45),(97,92)),64),(((((65,77),83),82),(((63,87),73),49)),(58,81)))),((((((((98,66),47),61),(50,57)),96),((44,(71,56)),54)),((55,85),68)),74)),(20,36)),((40,7),(31,11))),((((((((27,28),25),16),30),((((15,(42,32)),(14,24)),(34,8)),37)),38),(((29,2),13),(4,19))),17)),((((22,6),9),39),(3,12))),26),(((33,10),35),((1,43),18))),((21,23),5)),41);
#NNI moves:0/152
Remaining: 2
#NNI moves:28/152
#NNI moves:30/152
(((((((((((((((((((((24,14),(15,(32,42))),(8,34)),37),((16,((27,28),25)),30)),38),((4,19),((2,29),13))),17),((((((1,43),18),(35,(33,10))),(41,((21,23),5))),26),((((22,6),9),39),(12,3)))),((40,7),(11,31))),(20,36)),(((((((98,66),47),(50,57)),(96,61)),(54,((71,56),44))),((55,85),68)),74)),(((((77,65),83),(49,((87,63),73))),((81,58),82)),(((45,(52,59)),(97,92)),64))),(((((76,88),84),(48,72)),70),(91,69))),(((((79,60),75),(94,67)),((((80,51),90),99),(100,46))),62)),86),89),95),78),53),93);
#NNI moves:4/152
Remaining: 1
#NNI moves:60/152
#NNI moves:64/152
(((((((((((31,11),(7,40)),((((((((((90,(80,51)),99),(46,100)),((94,67),((75,79),60))),62),(((((53,93),78),95),89),86)),(((((88,76),84),(48,72)),70),(69,91))),((((82,(83,(65,77))),(49,(73,(87,63)))),(58,81)),(64,(((59,52),45),(97,92))))),((((((57,50),(((66,98),47),61)),96),((44,(56,71)),54)),(68,(85,55))),74)),(20,36))),((((((((28,27),25),16),30),(((8,34),((15,(32,42)),(24,14))),37)),38),((13,(29,2)),(19,4))),17)),((3,12),(39,((6,22),9)))),26),(((23,21),5),41)),(35,(10,33))),18),43),1);
Current score: 1.09279e+08
Current tree: (((((((31,11),(7,40)),((((((((((90,(80,51)),99),(46,100)),((94,67),((79,60),75))),62),(((((53,93),78),95),89),86)),(((((88,76),84),(48,72)),70),(69,91))),((((82,(83,(65,77))),(49,(73,(87,63)))),(58,81)),(64,(((59,52),45),(97,92))))),((((((57,50),(((66,98),47),61)),96),((44,(56,71)),54)),(68,(85,55))),74)),(20,36))),((((((((28,27),25),16),30),(((8,34),((15,(32,42)),(24,14))),37)),38),((13,(29,2)),(19,4))),17)),((3,12),(39,((6,22),9)))),((((23,21),5),41),((35,(10,33)),(18,(43,1))))),26);
Final Tree: (((((((31,11),(7,40)),((((((((((90,(80,51)),99),(46,100)),((94,67),((79,60),75))),62),(((((53,93),78),95),89),86)),(((((88,76),84),(48,72)),70),(69,91))),((((82,(83,(65,77))),(49,(73,(87,63)))),(58,81)),(64,(((59,52),45),(97,92))))),((((((57,50),(((66,98),47),61)),96),((44,(56,71)),54)),(68,(85,55))),74)),(20,36))),((((((((28,27),25),16),30),(((8,34),((15,(32,42)),(24,14))),37)),38),((13,(29,2)),(19,4))),17)),((3,12),(39,((6,22),9)))),((((23,21),5),41),((35,(10,33)),(18,(43,1))))),26);
#EqQuartets: 157408286
Score: 109279411
