ASTRAL for PaRalogs and Orthologs III (ASTRAL-Pro3)
*** NOW with integrated CASTLES-Pro ***
Version: v1.22.3.6
Read 512 genetrees and found 100 species.
#Genetrees: 1000
#Duploss: 0
#Species: 100
#Rounds: 4
#Samples: 4
#Threads: 1
Use two-step algorithm!
Guide Tree 0/16
#NNI moves:0/152
Guide Tree 1/16
#NNI moves:0/152
Guide Tree 2/16
#NNI moves:0/152
Guide Tree 3/16
#NNI moves:0/152
Guide Tree 4/16
#NNI moves:0/152
Guide Tree 5/16
#NNI moves:0/152
Guide Tree 6/16
#NNI moves:0/152
Guide Tree 7/16
#NNI moves:0/152
Guide Tree 8/16
#NNI moves:0/152
Guide Tree 9/16
#NNI moves:0/152
Guide Tree 10/16
#NNI moves:0/152
Guide Tree 11/16
#NNI moves:0/152
Guide Tree 12/16
#NNI moves:0/152
Guide Tree 13/16
#NNI moves:0/152
Guide Tree 14/16
#NNI moves:0/152
Guide Tree 15/16
#NNI moves:0/152
Remaining: 0
#NNI moves:16/152
#NNI moves:16/152
((((((((((((((((68,15),76),(51,18)),((17,39),(41,33))),(((91,((94,30),36)),(((16,71),((50,23),44)),97)),77)),((((12,3),(((11,1),8),((6,9),10))),7),(2,(5,4)))),(((20,93),((25,31),(47,52))),((58,19),63))),((((((14,99),(28,66)),83),(61,(67,42))),((62,82),(81,88))),(38,37))),((57,(32,96)),(49,89))),(((24,65),((((55,69),35),34),((40,86),70))),((79,((21,90),87)),75))),(98,54)),(((84,59),(74,73)),((22,48),(85,46)))),(78,(72,64))),((13,43),((95,92),100))),((45,(29,(27,60))),((56,26),53))),80);
Guide Tree 0/16
#NNI moves:0/152
Guide Tree 1/16
#NNI moves:0/152
Guide Tree 2/16
#NNI moves:0/152
Guide Tree 3/16
#NNI moves:0/152
Guide Tree 4/16
#NNI moves:0/152
Guide Tree 5/16
#NNI moves:0/152
Guide Tree 6/16
#NNI moves:0/152
Guide Tree 7/16
#NNI moves:0/152
Guide Tree 8/16
#NNI moves:0/152
Guide Tree 9/16
#NNI moves:0/152
Guide Tree 10/16
#NNI moves:0/152
Guide Tree 11/16
#NNI moves:0/152
Guide Tree 12/16
#NNI moves:0/152
Guide Tree 13/16
#NNI moves:0/152
Guide Tree 14/16
#NNI moves:0/152
Guide Tree 15/16
#NNI moves:0/152
Remaining: 1
#NNI moves:4/152
#NNI moves:4/152
((((((((((((((4,5),2),(((12,3),((8,(1,11)),((9,6),10))),7)),((((76,(15,68)),(51,18)),((17,39),(33,41))),(77,((97,(((23,50),44),(71,16))),((36,(94,30)),91))))),(((58,19),63),((93,20),((47,52),(31,25))))),(((((42,67),61),(((66,28),(14,99)),83)),((82,62),(88,81))),(37,38))),(((96,32),57),(49,89))),((((70,(86,40)),(34,((69,55),35))),(24,65)),((((90,21),87),79),75))),(54,98)),(((22,48),(85,46)),((59,84),(74,73)))),((64,72),78)),((13,43),((92,95),100))),((((27,60),29),45),(53,(26,56)))),80);
Guide Tree 0/16
#NNI moves:0/152
Guide Tree 1/16
#NNI moves:0/152
Guide Tree 2/16
#NNI moves:0/152
Guide Tree 3/16
#NNI moves:0/152
Guide Tree 4/16
#NNI moves:0/152
Guide Tree 5/16
#NNI moves:0/152
Guide Tree 6/16
#NNI moves:0/152
Guide Tree 7/16
#NNI moves:0/152
Guide Tree 8/16
#NNI moves:0/152
Guide Tree 9/16
#NNI moves:0/152
Guide Tree 10/16
#NNI moves:0/152
Guide Tree 11/16
#NNI moves:0/152
Guide Tree 12/16
#NNI moves:0/152
Guide Tree 13/16
#NNI moves:0/152
Guide Tree 14/16
#NNI moves:0/152
Guide Tree 15/16
#NNI moves:0/152
Remaining: 1
#NNI moves:2/152
#NNI moves:2/152
((((((((((((((5,4),2),(((((1,11),8),((6,9),10)),(12,3)),7)),((((((94,30),36),91),((((50,23),44),(16,71)),97)),77),(((76,(15,68)),(51,18)),((33,41),(17,39))))),(((20,93),((52,47),(25,31))),(63,(58,19)))),((38,37),((((42,67),61),(((14,99),(28,66)),83)),((82,62),(81,88))))),((57,(32,96)),(89,49))),(((((90,21),87),79),75),((((86,40),70),(((55,69),35),34)),(65,24)))),(98,54)),(((73,74),(59,84)),((48,22),(46,85)))),(78,(64,72))),(((95,92),100),(13,43))),((((60,27),29),45),(53,(26,56)))),80);
Guide Tree 0/16
#NNI moves:0/152
Guide Tree 1/16
#NNI moves:0/152
Guide Tree 2/16
#NNI moves:0/152
Guide Tree 3/16
#NNI moves:0/152
Guide Tree 4/16
#NNI moves:0/152
Guide Tree 5/16
#NNI moves:0/152
Guide Tree 6/16
#NNI moves:0/152
Guide Tree 7/16
#NNI moves:0/152
Guide Tree 8/16
#NNI moves:0/152
Guide Tree 9/16
#NNI moves:0/152
Guide Tree 10/16
#NNI moves:0/152
Guide Tree 11/16
#NNI moves:0/152
Guide Tree 12/16
#NNI moves:0/152
Guide Tree 13/16
#NNI moves:0/152
Guide Tree 14/16
#NNI moves:0/152
Guide Tree 15/16
#NNI moves:0/152
Remaining: 0
#NNI moves:6/152
#NNI moves:6/152
(((((((((((((((18,51),(76,(68,15))),((33,41),(17,39))),(((((30,94),36),91),(((16,71),((23,50),44)),97)),77)),((((3,12),((8,(11,1)),((6,9),10))),7),((5,4),2))),(((19,58),63),(((31,25),(47,52)),(93,20)))),((((((14,99),(66,28)),83),((42,67),61)),((88,81),(62,82))),(38,37))),(((32,96),57),(89,49))),(((79,(87,(21,90))),75),(((70,(40,86)),(((55,69),35),34)),(24,65)))),(54,98)),(((85,46),(22,48)),((84,59),(74,73)))),((72,64),78)),(((92,95),100),(43,13))),((45,(29,(60,27))),(53,(56,26)))),80);
Initial score: 2.37946e+09
Initial tree: (((((((((((((((18,51),(76,(68,15))),((33,41),(17,39))),(((((30,94),36),91),(((16,71),((23,50),44)),97)),77)),((((3,12),((8,(11,1)),((6,9),10))),7),((5,4),2))),(((19,58),63),(((31,25),(47,52)),(93,20)))),((((((14,99),(66,28)),83),((42,67),61)),((88,81),(62,82))),(38,37))),(((32,96),57),(89,49))),(((79,(87,(21,90))),75),(((70,(40,86)),(((55,69),35),34)),(24,65)))),(54,98)),(((85,46),(22,48)),((84,59),(74,73)))),((72,64),78)),(((92,95),100),(43,13))),((45,(29,(60,27))),(53,(56,26)))),80);
*** Subsample Process ***
Use two-step algorithm!
#NNI moves:0/152
Remaining: 2
#NNI moves:4/152
#NNI moves:4/152
(((((((((((((((((((95,92),100),(43,13)),(((53,(56,26)),((29,(60,27)),45)),80)),(78,(72,64))),(((74,73),(59,84)),((48,22),(46,85)))),(98,54)),((((34,((69,55),35)),((40,86),70)),(24,65)),(75,(79,((21,90),87))))),(((32,96),57),(89,49))),((((((14,99),(28,66)),83),(61,(42,67))),((82,62),(81,88))),(38,37))),(((58,19),63),(((47,52),(31,25)),(20,93)))),(((4,5),2),(((3,12),(((1,11),8),((9,6),10))),7))),((((15,68),76),(51,18)),((41,33),(39,17)))),77),(((30,94),36),91)),97),(16,71)),(23,50)),44);
#NNI moves:0/152
Remaining: 0
#NNI moves:12/152
#NNI moves:14/152
(((((((((((((((((((16,71),((23,50),44)),97),(91,((94,30),36))),77),(((33,41),(17,39)),(((68,15),76),(51,18)))),((((12,3),(((1,11),8),((9,6),10))),7),((4,5),2))),(((19,58),63),((93,20),((25,31),(52,47))))),((((61,(67,42)),(83,((28,66),(99,14)))),((88,81),(82,62))),(38,37))),((89,49),(57,(96,32)))),(((65,24),((((69,55),35),34),((86,40),70))),((((90,21),87),79),75))),(54,98)),(((73,74),(84,59)),((22,48),(85,46)))),(78,(72,64))),((43,13),((92,95),100))),80),((29,(60,27)),45)),(56,26)),53);
#NNI moves:0/152
Remaining: 0
#NNI moves:8/152
#NNI moves:8/152
((((((((((((((((((13,43),(100,(92,95))),(((((60,27),29),45),(53,(26,56))),80)),((72,64),78)),(((48,22),(46,85)),((59,84),(73,74)))),(54,98)),(((24,65),(((35,(69,55)),34),((86,40),70))),((((21,90),87),79),75))),(((32,96),57),(49,89))),((((61,(67,42)),(((99,14),(28,66)),83)),((82,62),(88,81))),(37,38))),((63,(19,58)),(((25,31),(47,52)),(93,20)))),(((5,4),2),(((3,12),(((11,1),8),((6,9),10))),7))),(((33,41),(17,39)),(((68,15),76),(51,18)))),77),((36,(30,94)),91)),97),((23,50),44)),71),16);
#NNI moves:0/152
Remaining: 1
#NNI moves:10/152
#NNI moves:10/152
((((((((((((((((((6,9),10),((11,1),8)),(3,12)),7),(2,(5,4))),((((18,51),((68,15),76)),((39,17),(33,41))),(((((30,94),36),91),((((23,50),44),(16,71)),97)),77))),((((52,47),(31,25)),(93,20)),((58,19),63))),((((((14,99),(66,28)),83),((42,67),61)),((81,88),(62,82))),(38,37))),(((96,32),57),(89,49))),(((24,65),(((40,86),70),((35,(55,69)),34))),(((87,(90,21)),79),75))),(54,98)),(((84,59),(74,73)),((85,46),(48,22)))),(78,(72,64))),((((29,(27,60)),45),((26,56),53)),80)),((95,92),100)),43),13);
Current score: 2.37946e+09
Current tree: (((((29,(27,60)),45),((26,56),53)),(((((((((((((((6,9),10),((11,1),8)),(3,12)),7),(2,(5,4))),((((18,51),((68,15),76)),((39,17),(33,41))),(((((30,94),36),91),((((23,50),44),(16,71)),97)),77))),((((52,47),(31,25)),(93,20)),((58,19),63))),((((((14,99),(66,28)),83),((42,67),61)),((81,88),(62,82))),(38,37))),(((96,32),57),(89,49))),(((24,65),(((40,86),70),((35,(55,69)),34))),(((87,(90,21)),79),75))),(54,98)),(((84,59),(74,73)),((85,46),(48,22)))),(78,(72,64))),(((95,92),100),(43,13)))),80);
Final Tree: (((((29,(27,60)),45),((26,56),53)),(((((((((((((((6,9),10),((11,1),8)),(3,12)),7),(2,(5,4))),((((18,51),((68,15),76)),((39,17),(33,41))),(((((30,94),36),91),((((23,50),44),(16,71)),97)),77))),((((52,47),(31,25)),(93,20)),((58,19),63))),((((((14,99),(66,28)),83),((42,67),61)),((81,88),(62,82))),(38,37))),(((96,32),57),(89,49))),(((24,65),(((40,86),70),((35,(55,69)),34))),(((87,(90,21)),79),75))),(54,98)),(((84,59),(74,73)),((85,46),(48,22)))),(78,(72,64))),(((95,92),100),(43,13)))),80);
#EqQuartets: 3921225000
Score: 2379460140
ASTRAL for PaRalogs and Orthologs III (ASTRAL-Pro3)
*** NOW with integrated CASTLES-Pro ***
Version: v1.22.3.6
Read 512 genetrees and found 100 species.
#Genetrees: 1000
#Duploss: 0
#Species: 100
#Rounds: 4
#Samples: 4
#Threads: 1
Use two-step algorithm!
Guide Tree 0/16
#NNI moves:0/152
Guide Tree 1/16
#NNI moves:0/152
Guide Tree 2/16
#NNI moves:0/152
Guide Tree 3/16
#NNI moves:6/152
Guide Tree 4/16
#NNI moves:0/152
Guide Tree 5/16
#NNI moves:0/152
Guide Tree 6/16
#NNI moves:0/152
Guide Tree 7/16
#NNI moves:0/152
Guide Tree 8/16
#NNI moves:0/152
Guide Tree 9/16
#NNI moves:0/152
Guide Tree 10/16
#NNI moves:0/152
Guide Tree 11/16
#NNI moves:0/152
Guide Tree 12/16
#NNI moves:2/152
Guide Tree 13/16
#NNI moves:0/152
Guide Tree 14/16
#NNI moves:2/152
Guide Tree 15/16
#NNI moves:0/152
Remaining: 0
#NNI moves:2/152
#NNI moves:2/152
(((((((((((((12,10),97),20),((70,((98,75),48)),(57,(51,28)))),72),(((95,(((94,65),76),(69,41))),((18,(56,96)),83)),88)),((((((((36,37),22),79),59),((78,93),63)),8),11),(((((((13,100),(85,53)),((19,73),52)),(25,9)),81),((42,58),64)),(35,(38,54))))),((27,33),((((74,23),61),(((16,17),((60,67),87)),(34,90))),(55,24)))),(((6,2),(7,4)),((5,1),3))),((((((49,32),(62,((26,92),15))),29),31),(((71,86),99),(((47,43),45),46))),((((82,(14,(80,89))),(66,(39,91))),((44,77),30)),(40,21)))),84),50),68);
Guide Tree 0/16
#NNI moves:0/152
Guide Tree 1/16
#NNI moves:0/152
Guide Tree 2/16
#NNI moves:0/152
Guide Tree 3/16
#NNI moves:0/152
Guide Tree 4/16
#NNI moves:0/152
Guide Tree 5/16
#NNI moves:2/152
Guide Tree 6/16
#NNI moves:0/152
Guide Tree 7/16
#NNI moves:2/152
Guide Tree 8/16
#NNI moves:2/152
Guide Tree 9/16
#NNI moves:0/152
Guide Tree 10/16
#NNI moves:2/152
Guide Tree 11/16
#NNI moves:0/152
Guide Tree 12/16
#NNI moves:0/152
Guide Tree 13/16
#NNI moves:0/152
Guide Tree 14/16
#NNI moves:0/152
Guide Tree 15/16
#NNI moves:0/152
Remaining: 0
#NNI moves:0/152
#NNI moves:0/152
((((((((((((57,(28,51)),((48,(75,98)),70)),(((12,10),97),20)),72),(((95,(((65,94),76),(41,69))),(((56,96),18),83)),88)),((((38,54),35),((((((73,19),52),((53,85),(100,13))),(9,25)),81),(64,(42,58)))),((((59,((22,(36,37)),79)),((93,78),63)),8),11))),((((61,(74,23)),(((87,(60,67)),(17,16)),(90,34))),(24,55)),(33,27))),(((7,4),(2,6)),((5,1),3))),(((((77,44),30),((66,(91,39)),(82,((80,89),14)))),(21,40)),((((45,(43,47)),46),((86,71),99)),((((62,((92,26),15)),(32,49)),29),31)))),84),50),68);
Guide Tree 0/16
#NNI moves:0/152
Guide Tree 1/16
#NNI moves:0/152
Guide Tree 2/16
#NNI moves:0/152
Guide Tree 3/16
#NNI moves:0/152
Guide Tree 4/16
#NNI moves:0/152
Guide Tree 5/16
#NNI moves:0/152
Guide Tree 6/16
#NNI moves:0/152
Guide Tree 7/16
#NNI moves:0/152
Guide Tree 8/16
#NNI moves:0/152
Guide Tree 9/16
#NNI moves:0/152
Guide Tree 10/16
#NNI moves:0/152
Guide Tree 11/16
#NNI moves:0/152
Guide Tree 12/16
#NNI moves:0/152
Guide Tree 13/16
#NNI moves:0/152
Guide Tree 14/16
#NNI moves:0/152
Guide Tree 15/16
#NNI moves:0/152
Remaining: 0
#NNI moves:6/152
#NNI moves:6/152
((((((((((((57,(28,51)),(70,((75,98),48))),((97,(12,10)),20)),72),(((((76,(94,65)),(69,41)),95),((18,(56,96)),83)),88)),((((((((85,53),(100,13)),(52,(73,19))),(9,25)),81),((58,42),64)),((38,54),35)),((8,(((((36,37),22),79),59),(63,(78,93)))),11))),((((((87,(60,67)),(16,17)),(90,34)),(61,(74,23))),(55,24)),(33,27))),(((5,1),3),((4,7),(2,6)))),(((((44,77),30),((((89,80),14),82),(66,(39,91)))),(21,40)),((((45,(43,47)),46),((71,86),99)),((((49,32),(((26,92),15),62)),29),31)))),84),50),68);
Guide Tree 0/16
#NNI moves:0/152
Guide Tree 1/16
#NNI moves:0/152
Guide Tree 2/16
#NNI moves:0/152
Guide Tree 3/16
#NNI moves:0/152
Guide Tree 4/16
#NNI moves:0/152
Guide Tree 5/16
#NNI moves:0/152
Guide Tree 6/16
#NNI moves:0/152
Guide Tree 7/16
#NNI moves:0/152
Guide Tree 8/16
#NNI moves:0/152
Guide Tree 9/16
#NNI moves:0/152
Guide Tree 10/16
#NNI moves:0/152
Guide Tree 11/16
#NNI moves:0/152
Guide Tree 12/16
#NNI moves:0/152
Guide Tree 13/16
#NNI moves:0/152
Guide Tree 14/16
#NNI moves:0/152
Guide Tree 15/16
#NNI moves:0/152
Remaining: 0
#NNI moves:0/152
#NNI moves:0/152
(((((((((((81,((25,9),(((73,19),52),((100,13),(53,85))))),((42,58),64)),(35,(38,54))),((((63,(93,78)),((((36,37),22),79),59)),8),11)),(((((((65,94),76),(69,41)),95),(83,(18,(56,96)))),88),(((20,((12,10),97)),(((51,28),57),(((98,75),48),70))),72))),(((((23,74),61),((90,34),((16,17),((67,60),87)))),(55,24)),(27,33))),((3,(5,1)),((7,4),(6,2)))),((((46,((43,47),45)),(99,(86,71))),((((32,49),(((92,26),15),62)),29),31)),((((((89,80),14),82),(66,(91,39))),(30,(44,77))),(21,40)))),84),50),68);
Initial score: 2.61557e+09
Initial tree: (((((((((((81,((25,9),(((73,19),52),((100,13),(53,85))))),((42,58),64)),(35,(38,54))),((((63,(93,78)),((((36,37),22),79),59)),8),11)),(((((((65,94),76),(69,41)),95),(83,(18,(56,96)))),88),(((20,((12,10),97)),(((51,28),57),(((98,75),48),70))),72))),(((((23,74),61),((90,34),((16,17),((67,60),87)))),(55,24)),(27,33))),((3,(5,1)),((7,4),(6,2)))),((((46,((43,47),45)),(99,(86,71))),((((32,49),(((92,26),15),62)),29),31)),((((((89,80),14),82),(66,(91,39))),(30,(44,77))),(21,40)))),84),50),68);
*** Subsample Process ***
Use two-step algorithm!
#NNI moves:0/152
Remaining: 0
#NNI moves:0/152
#NNI moves:0/152
((((9,25),((52,(73,19)),((53,85),(100,13)))),(((((((((((((49,32),(((26,92),15),62)),29),31),((((47,43),45),46),((86,71),99))),(((30,(77,44)),((82,(14,(80,89))),((39,91),66))),(21,40))),((50,68),84)),((3,(1,5)),((2,6),(4,7)))),((((((16,17),((60,67),87)),(90,34)),(61,(74,23))),(24,55)),(33,27))),((((((12,10),97),20),(((51,28),57),(((98,75),48),70))),72),(((83,((56,96),18)),(((69,41),((65,94),76)),95)),88))),(((((((36,37),22),79),59),(63,(78,93))),8),11)),(35,(38,54))),((42,58),64))),81);
#NNI moves:2/152
Remaining: 1
#NNI moves:4/152
#NNI moves:4/152
((((((((((((((98,75),48),70),(57,(51,28))),(20,(97,(10,12)))),72),(((((96,56),18),83),(((69,41),(76,(94,65))),95)),88)),(((((63,(93,78)),((79,(22,(37,36))),59)),8),11),((((42,58),64),((((52,(73,19)),((85,53),(100,13))),(9,25)),81)),((54,38),35)))),((((((16,17),((67,60),87)),(34,90)),(61,(74,23))),(24,55)),(27,33))),(((1,5),3),((2,6),(4,7)))),(((((82,(14,(89,80))),((39,91),66)),(30,(77,44))),(40,21)),(((((47,43),45),46),(99,(71,86))),((29,((32,49),(62,((92,26),15)))),31)))),84),68),50);
#NNI moves:2/152
Remaining: 0
#NNI moves:14/152
#NNI moves:14/152
(((((((((((((((((14,(89,80)),82),(66,(91,39))),((44,77),30)),(21,40)),(((((((26,92),15),62),(32,49)),29),31),(((86,71),99),((45,(43,47)),46)))),((68,50),84)),(((6,2),(4,7)),(3,(5,1)))),((((((16,17),((67,60),87)),(90,34)),((74,23),61)),(24,55)),(27,33))),(((((58,42),64),(81,((((13,100),(85,53)),(52,(19,73))),(9,25)))),(35,(54,38))),(((((((37,36),22),79),59),(63,(93,78))),8),11))),(((((69,41),((94,65),76)),95),(((56,96),18),83)),88)),72),(((51,28),57),(((98,75),48),70))),20),97),10),12);
#NNI moves:0/152
Remaining: 0
#NNI moves:0/152
#NNI moves:0/152
((((((((((((((((((36,37),22),79),59),((78,93),63)),8),11),(((((((100,13),(53,85)),((19,73),52)),(9,25)),81),((42,58),64)),(35,(38,54)))),((((20,((12,10),97)),(((51,28),57),(70,(48,(98,75))))),72),((((18,(56,96)),83),(((41,69),(76,(65,94))),95)),88))),((((((17,16),((60,67),87)),(34,90)),((23,74),61)),(24,55)),(27,33))),((3,(5,1)),((6,2),(7,4)))),(84,(50,68))),(((((49,32),(((92,26),15),62)),29),31),((99,(71,86)),((45,(43,47)),46)))),(21,40)),((44,77),30)),((14,(80,89)),82)),(39,91)),66);
Current score: 2.61557e+09
Current tree: ((50,(84,((((((((((((36,37),22),79),59),((78,93),63)),8),11),(((((((100,13),(53,85)),((19,73),52)),(9,25)),81),((42,58),64)),(35,(38,54)))),((((20,((12,10),97)),(((51,28),57),(70,(48,(98,75))))),72),((((18,(56,96)),83),(((41,69),(76,(65,94))),95)),88))),((((((17,16),((60,67),87)),(34,90)),((23,74),61)),(24,55)),(27,33))),((3,(5,1)),((6,2),(7,4)))),((((((49,32),(((92,26),15),62)),29),31),((99,(71,86)),((45,(43,47)),46))),((21,40),(((44,77),30),(((14,(80,89)),82),((39,91),66)))))))),68);
Final Tree: ((50,(84,((((((((((((36,37),22),79),59),((78,93),63)),8),11),(((((((100,13),(53,85)),((19,73),52)),(9,25)),81),((42,58),64)),(35,(38,54)))),((((20,((12,10),97)),(((51,28),57),(70,(48,(98,75))))),72),((((18,(56,96)),83),(((41,69),(76,(65,94))),95)),88))),((((((17,16),((60,67),87)),(34,90)),((23,74),61)),(24,55)),(27,33))),((3,(5,1)),((6,2),(7,4)))),((((((49,32),(((92,26),15),62)),29),31),((99,(71,86)),((45,(43,47)),46))),((21,40),(((44,77),30),(((14,(80,89)),82),((39,91),66)))))))),68);
#EqQuartets: 3921225000
Score: 2615569642
ASTRAL for PaRalogs and Orthologs III (ASTRAL-Pro3)
*** NOW with integrated CASTLES-Pro ***
Version: v1.22.3.6
Read 512 genetrees and found 100 species.
#Genetrees: 1000
#Duploss: 0
#Species: 100
#Rounds: 4
#Samples: 4
#Threads: 1
Use two-step algorithm!
Guide Tree 0/16
#NNI moves:6/152
Guide Tree 1/16
#NNI moves:6/152
Guide Tree 2/16
#NNI moves:0/152
Guide Tree 3/16
#NNI moves:0/152
Guide Tree 4/16
#NNI moves:6/152
Guide Tree 5/16
#NNI moves:0/152
Guide Tree 6/16
#NNI moves:2/152
Guide Tree 7/16
#NNI moves:2/152
Guide Tree 8/16
#NNI moves:6/152
Guide Tree 9/16
#NNI moves:2/152
Guide Tree 10/16
#NNI moves:6/152
Guide Tree 11/16
#NNI moves:0/152
Guide Tree 12/16
#NNI moves:6/152
Guide Tree 13/16
#NNI moves:2/152
Guide Tree 14/16
#NNI moves:0/152
Guide Tree 15/16
#NNI moves:0/152
Remaining: 0
#NNI moves:8/152
#NNI moves:8/152
(((((((((((((((7,(14,(13,9))),(((((1,10),6),(8,2)),4),(12,5))),(3,11)),(20,67)),((((79,(59,(26,37))),((((81,23),66),55),68)),((((40,78),33),(((54,51),(90,((63,15),34))),46)),((28,((82,89),88)),60))),((47,50),((((44,85),94),58),((52,57),43))))),(((((((((87,96),(65,21)),95),((84,42),98)),29),70),(92,38)),((((((25,18),53),72),97),27),(((41,17),93),80))),(((62,(75,19)),(35,16)),(39,(56,61))))),((22,83),(24,64))),((45,32),(74,71))),((86,(91,49)),(99,73))),31),48),(77,76)),(36,30)),69),100);
Guide Tree 0/16
#NNI moves:0/152
Guide Tree 1/16
#NNI moves:2/152
Guide Tree 2/16
#NNI moves:0/152
Guide Tree 3/16
#NNI moves:2/152
Guide Tree 4/16
#NNI moves:0/152
Guide Tree 5/16
#NNI moves:0/152
Guide Tree 6/16
#NNI moves:2/152
Guide Tree 7/16
#NNI moves:0/152
Guide Tree 8/16
#NNI moves:0/152
Guide Tree 9/16
#NNI moves:0/152
Guide Tree 10/16
#NNI moves:0/152
Guide Tree 11/16
#NNI moves:0/152
Guide Tree 12/16
#NNI moves:2/152
Guide Tree 13/16
#NNI moves:0/152
Guide Tree 14/16
#NNI moves:0/152
Guide Tree 15/16
#NNI moves:0/152
Remaining: 0
#NNI moves:6/152
#NNI moves:6/152
((((((((((((((((((((63,15),34),90),(51,54)),46),(33,(78,40))),(60,(((89,82),88),28))),((((37,26),59),79),(68,(55,((23,81),66))))),(((((44,85),94),58),((52,57),43)),(47,50))),((((7,((13,9),14)),((4,((2,8),((10,1),6))),(5,12))),(11,3)),(20,67))),(((39,(56,61)),((35,16),((19,75),62))),((((29,((95,((87,96),(21,65))),((42,84),98))),70),(92,38)),((((72,(53,(18,25))),97),27),(80,((17,41),93)))))),((83,22),(24,64))),((71,74),(45,32))),(((49,91),86),(99,73))),31),48),(77,76)),(36,30)),69),100);
Guide Tree 0/16
#NNI moves:0/152
Guide Tree 1/16
#NNI moves:0/152
Guide Tree 2/16
#NNI moves:0/152
Guide Tree 3/16
#NNI moves:0/152
Guide Tree 4/16
#NNI moves:0/152
Guide Tree 5/16
#NNI moves:0/152
Guide Tree 6/16
#NNI moves:0/152
Guide Tree 7/16
#NNI moves:0/152
Guide Tree 8/16
#NNI moves:0/152
Guide Tree 9/16
#NNI moves:0/152
Guide Tree 10/16
#NNI moves:0/152
Guide Tree 11/16
#NNI moves:0/152
Guide Tree 12/16
#NNI moves:0/152
Guide Tree 13/16
#NNI moves:0/152
Guide Tree 14/16
#NNI moves:0/152
Guide Tree 15/16
#NNI moves:0/152
Remaining: 0
#NNI moves:0/152
#NNI moves:0/152
(((((((((((((((((98,(84,42)),(((96,87),(65,21)),95)),29),70),(38,92)),((((17,41),93),80),((97,(72,((25,18),53))),27))),((39,(61,56)),((62,(75,19)),(16,35)))),(((((58,((44,85),94)),((52,57),43)),(47,50)),((((((((15,63),34),90),(54,51)),46),(33,(78,40))),((((89,82),88),28),60)),(((((81,23),66),55),68),(79,(59,(26,37)))))),(((((((8,2),(6,(10,1))),4),(5,12)),((14,(9,13)),7)),(3,11)),(20,67)))),((24,64),(83,22))),((71,74),(45,32))),(((49,91),86),(73,99))),31),48),(77,76)),(36,30)),69),100);
Guide Tree 0/16
#NNI moves:0/152
Guide Tree 1/16
#NNI moves:0/152
Guide Tree 2/16
#NNI moves:0/152
Guide Tree 3/16
#NNI moves:0/152
Guide Tree 4/16
#NNI moves:6/152
Guide Tree 5/16
#NNI moves:2/152
Guide Tree 6/16
#NNI moves:0/152
Guide Tree 7/16
#NNI moves:0/152
Guide Tree 8/16
#NNI moves:0/152
Guide Tree 9/16
#NNI moves:2/152
Guide Tree 10/16
#NNI moves:0/152
Guide Tree 11/16
#NNI moves:0/152
Guide Tree 12/16
#NNI moves:0/152
Guide Tree 13/16
#NNI moves:0/152
Guide Tree 14/16
#NNI moves:2/152
Guide Tree 15/16
#NNI moves:0/152
Remaining: 0
#NNI moves:0/152
#NNI moves:0/152
((((((((((((((((((42,84),98),(((96,87),(65,21)),95)),29),70),(38,92)),(((93,(41,17)),80),(((((18,25),53),72),97),27))),(((56,61),39),((62,(19,75)),(35,16)))),(((((58,(94,(44,85))),((52,57),43)),(50,47)),(((79,(59,(37,26))),((55,((81,23),66)),68)),(((((((63,15),34),90),(54,51)),46),(33,(40,78))),(60,(28,((89,82),88)))))),(((11,3),(((4,((2,8),((1,10),6))),(5,12)),(7,((9,13),14)))),(67,20)))),((83,22),(24,64))),((45,32),(71,74))),((86,(91,49)),(99,73))),31),48),(76,77)),(36,30)),69),100);
Initial score: 2.3674e+09
Initial tree: ((((((((((((((((((42,84),98),(((96,87),(65,21)),95)),29),70),(38,92)),(((93,(41,17)),80),(((((18,25),53),72),97),27))),(((56,61),39),((62,(19,75)),(35,16)))),(((((58,(94,(44,85))),((52,57),43)),(50,47)),(((79,(59,(37,26))),((55,((81,23),66)),68)),(((((((63,15),34),90),(54,51)),46),(33,(40,78))),(60,(28,((89,82),88)))))),(((11,3),(((4,((2,8),((1,10),6))),(5,12)),(7,((9,13),14)))),(67,20)))),((83,22),(24,64))),((45,32),(71,74))),((86,(91,49)),(99,73))),31),48),(76,77)),(36,30)),69),100);
*** Subsample Process ***
Use two-step algorithm!
#NNI moves:0/152
Remaining: 0
#NNI moves:0/152
#NNI moves:0/152
(((((((((((((44,85),94),58),((57,52),43)),(50,47)),((((((81,23),66),55),68),(79,((26,37),59))),(((((51,54),((34,(15,63)),90)),46),((78,40),33)),(60,((88,(89,82)),28))))),(((((((6,(10,1)),(8,2)),4),(5,12)),(((9,13),14),7)),(11,3)),(67,20))),((((31,((((36,30),(69,100)),(77,76)),48)),((86,(49,91)),(73,99))),((71,74),(32,45))),((24,64),(22,83)))),(((62,(75,19)),(16,35)),((56,61),39))),((((17,41),93),80),(27,((((18,25),53),72),97)))),((((98,(42,84)),(((87,96),(65,21)),95)),29),70)),92),38);
#NNI moves:0/152
Remaining: 0
#NNI moves:0/152
#NNI moves:0/152
((((((((((((((((((81,23),66),55),68),(((26,37),59),79)),((((88,(82,89)),28),60),(((((34,(15,63)),90),(51,54)),46),((40,78),33)))),((((94,(85,44)),58),((52,57),43)),(50,47))),(((((((2,8),(6,(1,10))),4),(5,12)),(((9,13),14),7)),(11,3)),(67,20))),(((((((53,(25,18)),72),97),27),(((17,41),93),80)),(((((((87,96),(65,21)),95),((84,42),98)),29),70),(38,92))),(((56,61),39),((35,16),((19,75),62))))),((24,64),(22,83))),((74,71),(32,45))),(((49,91),86),(73,99))),31),48),(77,76)),(69,100)),36),30);
#NNI moves:0/152
Remaining: 0
#NNI moves:0/152
#NNI moves:0/152
((((((((((((((((72,((25,18),53)),97),27),(80,((41,17),93))),(((((((96,87),(65,21)),95),(98,(84,42))),29),70),(92,38))),(((61,56),39),(((75,19),62),(16,35)))),((((((((36,30),(100,69)),(77,76)),48),31),((73,99),((49,91),86))),((32,45),(71,74))),((83,22),(24,64)))),(((((5,12),((((10,1),6),(8,2)),4)),(7,((13,9),14))),(3,11)),(20,67))),(((((44,85),94),58),((57,52),43)),(50,47))),(((((90,(34,(15,63))),(51,54)),46),((40,78),33)),(60,((88,(89,82)),28)))),((59,(26,37)),79)),68),55),66),23),81);
#NNI moves:6/152
Remaining: 0
#NNI moves:8/152
#NNI moves:8/152
((((((((((((((((((1,10),6),(2,8)),4),(12,5)),(((9,13),14),7)),(11,3)),(20,67)),((((((37,26),59),79),((((23,81),66),55),68)),(((((89,82),88),28),60),((((90,(34,(63,15))),(51,54)),46),((40,78),33)))),(((((44,85),94),58),((52,57),43)),(50,47)))),(((((97,(((18,25),53),72)),27),(((41,17),93),80)),(((((98,(84,42)),(((65,21),(87,96)),95)),29),70),(38,92))),(((62,(19,75)),(16,35)),((56,61),39)))),((83,22),(64,24))),((74,71),(32,45))),(((91,49),86),(73,99))),31),48),((69,100),(36,30))),77),76);
Current score: 2.3674e+09
Current tree: ((69,((36,30),((((((((((((((((1,10),6),(2,8)),4),(12,5)),(((9,13),14),7)),(11,3)),(20,67)),((((((37,26),59),79),((((23,81),66),55),68)),(((((89,82),88),28),60),((((90,(34,(63,15))),(51,54)),46),((40,78),33)))),(((((44,85),94),58),((52,57),43)),(50,47)))),(((((97,(((18,25),53),72)),27),(((41,17),93),80)),(((((98,(84,42)),(((65,21),(87,96)),95)),29),70),(38,92))),(((62,(19,75)),(16,35)),((56,61),39)))),((83,22),(64,24))),((74,71),(32,45))),(((91,49),86),(73,99))),31),48),(77,76)))),100);
Final Tree: ((69,((36,30),((((((((((((((((1,10),6),(2,8)),4),(12,5)),(((9,13),14),7)),(11,3)),(20,67)),((((((37,26),59),79),((((23,81),66),55),68)),(((((89,82),88),28),60),((((90,(34,(63,15))),(51,54)),46),((40,78),33)))),(((((44,85),94),58),((52,57),43)),(50,47)))),(((((97,(((18,25),53),72)),27),(((41,17),93),80)),(((((98,(84,42)),(((65,21),(87,96)),95)),29),70),(38,92))),(((62,(19,75)),(16,35)),((56,61),39)))),((83,22),(64,24))),((74,71),(32,45))),(((91,49),86),(73,99))),31),48),(77,76)))),100);
#EqQuartets: 3921225000
Score: 2367398773
ASTRAL for PaRalogs and Orthologs III (ASTRAL-Pro3)
*** NOW with integrated CASTLES-Pro ***
Version: v1.22.3.6
Read 512 genetrees and found 100 species.
#Genetrees: 1000
#Duploss: 0
#Species: 100
#Rounds: 4
#Samples: 4
#Threads: 1
Use two-step algorithm!
Guide Tree 0/16
#NNI moves:0/152
Guide Tree 1/16
#NNI moves:0/152
Guide Tree 2/16
#NNI moves:0/152
Guide Tree 3/16
#NNI moves:0/152
Guide Tree 4/16
#NNI moves:0/152
Guide Tree 5/16
#NNI moves:2/152
Guide Tree 6/16
#NNI moves:0/152
Guide Tree 7/16
#NNI moves:0/152
Guide Tree 8/16
#NNI moves:0/152
Guide Tree 9/16
#NNI moves:0/152
Guide Tree 10/16
#NNI moves:0/152
Guide Tree 11/16
#NNI moves:0/152
Guide Tree 12/16
#NNI moves:0/152
Guide Tree 13/16
#NNI moves:0/152
Guide Tree 14/16
#NNI moves:0/152
Guide Tree 15/16
#NNI moves:0/152
Remaining: 0
#NNI moves:2/152
#NNI moves:2/152
(((((((((((57,41),(67,(82,37))),((((51,83),43),((((8,12),(42,88)),21),32)),((90,17),89))),((27,60),(((25,13),15),(((84,87),(9,49)),14)))),((((((38,(((81,55),6),69)),((45,71),(36,24))),(((50,52),80),(((72,78),63),(47,61)))),(26,(64,33))),((((4,62),39),(2,76)),((66,31),((73,(58,53)),75)))),(((92,(96,99)),((((95,94),100),98),93)),97))),((23,35),((((18,40),(70,7)),(1,48)),((77,(28,3)),44)))),((29,79),(22,86))),(((19,(56,74)),((34,91),20)),((68,(10,16)),((11,(65,30)),59)))),46),(54,5)),85);
Guide Tree 0/16
#NNI moves:0/152
Guide Tree 1/16
#NNI moves:0/152
Guide Tree 2/16
#NNI moves:0/152
Guide Tree 3/16
#NNI moves:0/152
Guide Tree 4/16
#NNI moves:0/152
Guide Tree 5/16
#NNI moves:0/152
Guide Tree 6/16
#NNI moves:0/152
Guide Tree 7/16
#NNI moves:0/152
Guide Tree 8/16
#NNI moves:0/152
Guide Tree 9/16
#NNI moves:0/152
Guide Tree 10/16
#NNI moves:0/152
Guide Tree 11/16
#NNI moves:0/152
Guide Tree 12/16
#NNI moves:0/152
Guide Tree 13/16
#NNI moves:2/152
Guide Tree 14/16
#NNI moves:0/152
Guide Tree 15/16
#NNI moves:0/152
Remaining: 0
#NNI moves:2/152
#NNI moves:2/152
(((((((((((92,(96,99)),(93,((100,(94,95)),98))),97),(((((38,(((55,81),6),69)),((36,24),(71,45))),((80,(52,50)),(((78,72),63),(61,47)))),((64,33),26)),((((4,62),39),(76,2)),(((73,(58,53)),75),(31,66))))),((((((((12,8),(88,42)),21),32),((83,51),43)),((17,90),89)),(((37,82),67),(41,57))),(((14,((84,87),(9,49))),((13,25),15)),(27,60)))),((((48,1),((40,18),(70,7))),(44,(77,(28,3)))),(23,35))),((29,79),(22,86))),(((20,(91,34)),(19,(74,56))),(((16,10),68),(((30,65),11),59)))),46),(5,54)),85);
Guide Tree 0/16
#NNI moves:0/152
Guide Tree 1/16
#NNI moves:0/152
Guide Tree 2/16
#NNI moves:0/152
Guide Tree 3/16
#NNI moves:0/152
Guide Tree 4/16
#NNI moves:0/152
Guide Tree 5/16
#NNI moves:0/152
Guide Tree 6/16
#NNI moves:0/152
Guide Tree 7/16
#NNI moves:0/152
Guide Tree 8/16
#NNI moves:0/152
Guide Tree 9/16
#NNI moves:0/152
Guide Tree 10/16
#NNI moves:0/152
Guide Tree 11/16
#NNI moves:0/152
Guide Tree 12/16
#NNI moves:0/152
Guide Tree 13/16
#NNI moves:0/152
Guide Tree 14/16
#NNI moves:0/152
Guide Tree 15/16
#NNI moves:0/152
Remaining: 0
#NNI moves:0/152
#NNI moves:0/152
(((((((((((((((88,42),(12,8)),21),32),((51,83),43)),(89,(17,90))),((57,41),((82,37),67))),(((((9,49),(87,84)),14),(15,(25,13))),(60,27))),((((((4,62),39),(2,76)),(((73,(53,58)),75),(66,31))),((((((72,78),63),(61,47)),((50,52),80)),(((((81,55),6),69),38),((36,24),(71,45)))),((33,64),26))),(((((100,(95,94)),98),93),((96,99),92)),97))),((35,23),(((48,1),((18,40),(7,70))),((77,(28,3)),44)))),((29,79),(86,22))),((((74,56),19),(20,(34,91))),(((16,10),68),(((30,65),11),59)))),46),(5,54)),85);
Guide Tree 0/16
#NNI moves:0/152
Guide Tree 1/16
#NNI moves:0/152
Guide Tree 2/16
#NNI moves:0/152
Guide Tree 3/16
#NNI moves:0/152
Guide Tree 4/16
#NNI moves:0/152
Guide Tree 5/16
#NNI moves:0/152
Guide Tree 6/16
#NNI moves:0/152
Guide Tree 7/16
#NNI moves:0/152
Guide Tree 8/16
#NNI moves:0/152
Guide Tree 9/16
#NNI moves:0/152
Guide Tree 10/16
#NNI moves:0/152
Guide Tree 11/16
#NNI moves:0/152
Guide Tree 12/16
#NNI moves:0/152
Guide Tree 13/16
#NNI moves:0/152
Guide Tree 14/16
#NNI moves:0/152
Guide Tree 15/16
#NNI moves:0/152
Remaining: 0
#NNI moves:0/152
#NNI moves:0/152
((((((((((((17,90),89),(((21,((8,12),(88,42))),32),(43,(83,51)))),((41,57),((37,82),67))),(((15,(13,25)),(((87,84),(9,49)),14)),(27,60))),(((((75,((58,53),73)),(31,66)),(((62,4),39),(76,2))),(((((69,((81,55),6)),38),((36,24),(45,71))),(((52,50),80),(((78,72),63),(47,61)))),(26,(33,64)))),(((93,(((95,94),100),98)),((99,96),92)),97))),((23,35),((((18,40),(70,7)),(1,48)),(((3,28),77),44)))),((79,29),(22,86))),((((91,34),20),((74,56),19)),(((10,16),68),(((65,30),11),59)))),46),(54,5)),85);
Initial score: 2.46386e+09
Initial tree: ((((((((((((17,90),89),(((21,((8,12),(88,42))),32),(43,(83,51)))),((41,57),((37,82),67))),(((15,(13,25)),(((87,84),(9,49)),14)),(27,60))),(((((75,((58,53),73)),(31,66)),(((62,4),39),(76,2))),(((((69,((81,55),6)),38),((36,24),(45,71))),(((52,50),80),(((78,72),63),(47,61)))),(26,(33,64)))),(((93,(((95,94),100),98)),((99,96),92)),97))),((23,35),((((18,40),(70,7)),(1,48)),(((3,28),77),44)))),((79,29),(22,86))),((((91,34),20),((74,56),19)),(((10,16),68),(((65,30),11),59)))),46),(54,5)),85);
*** Subsample Process ***
Use two-step algorithm!
#NNI moves:0/152
Remaining: 0
#NNI moves:6/152
#NNI moves:6/152
(((((((((((((62,4),39),(2,76)),((31,66),(((58,53),73),75))),(((((45,71),(24,36)),((((81,55),6),69),38)),(((63,(78,72)),(61,47)),(80,(50,52)))),((64,33),26))),((((96,99),92),((98,((94,95),100)),93)),97)),((((((7,70),(40,18)),(1,48)),((77,(28,3)),44)),(23,35)),((((((10,16),68),(((30,65),11),59)),((19,(56,74)),((34,91),20))),(((54,5),85),46)),((86,22),(79,29))))),(((((84,87),(49,9)),14),(15,(25,13))),(27,60))),((57,41),((82,37),67))),((90,17),89)),((83,51),43)),(((12,8),(42,88)),21)),32);
#NNI moves:0/152
Remaining: 0
#NNI moves:0/152
#NNI moves:0/152
(((((((((((((((((81,55),6),69),38),((24,36),(45,71))),(((52,50),80),(((72,78),63),(61,47)))),((33,64),26)),((((4,62),39),(2,76)),((((58,53),73),75),(31,66)))),((((98,(100,(95,94))),93),((96,99),92)),97)),((((15,(13,25)),(((49,9),(84,87)),14)),(60,27)),((((90,17),89),(((((88,42),(12,8)),21),32),(43,(51,83)))),((67,(37,82)),(41,57))))),(((((70,7),(40,18)),(1,48)),(((3,28),77),44)),(35,23))),((86,22),(29,79))),(((19,(56,74)),(20,(34,91))),((((65,30),11),59),(68,(10,16))))),46),85),5),54);
#NNI moves:0/152
Remaining: 0
#NNI moves:2/152
#NNI moves:2/152
((((((((((((((((((56,74),19),((34,91),20)),((((65,30),11),59),((10,16),68))),(((5,54),85),46)),((29,79),(22,86))),(((((18,40),(70,7)),(1,48)),(((3,28),77),44)),(35,23))),((((14,((87,84),(9,49))),(15,(13,25))),(27,60)),((((82,37),67),(41,57)),((((((42,88),(8,12)),21),32),((83,51),43)),(89,(17,90)))))),(((92,(96,99)),((98,(100,(94,95))),93)),97)),((((62,4),39),(2,76)),((((53,58),73),75),(31,66)))),((64,33),26)),((80,(52,50)),(((72,78),63),(47,61)))),((45,71),(24,36))),38),69),6),55),81);
#NNI moves:0/152
Remaining: 0
#NNI moves:0/152
#NNI moves:0/152
((((((((((((((((52,50),80),(((78,72),63),(47,61))),(((36,24),(45,71)),((69,(6,(55,81))),38))),(26,(64,33))),((((73,(58,53)),75),(31,66)),((39,(62,4)),(2,76)))),(((92,(99,96)),((((95,94),100),98),93)),97)),((((((87,84),(9,49)),14),((25,13),15)),(60,27)),(((57,41),((37,82),67)),(((43,(51,83)),(32,(((88,42),(12,8)),21))),(89,(17,90)))))),(((44,((28,3),77)),(((70,7),(18,40)),(48,1))),(23,35))),((29,79),(86,22))),(((5,54),85),46)),(((10,16),68),(59,((65,30),11)))),((56,74),19)),20),34),91);
Current score: 2.46386e+09
Current tree: (((5,54),(46,(((((((((((52,50),80),(((78,72),63),(47,61))),(((36,24),(45,71)),((69,(6,(55,81))),38))),(26,(64,33))),((((73,(58,53)),75),(31,66)),((39,(62,4)),(2,76)))),(((92,(99,96)),((((95,94),100),98),93)),97)),((((((87,84),(9,49)),14),((25,13),15)),(60,27)),(((57,41),((37,82),67)),(((43,(51,83)),(32,(((88,42),(12,8)),21))),(89,(17,90)))))),(((44,((28,3),77)),(((70,7),(18,40)),(48,1))),(23,35))),((29,79),(86,22))),((((10,16),68),(59,((65,30),11))),(((56,74),19),(20,(34,91))))))),85);
Final Tree: (((5,54),(46,(((((((((((52,50),80),(((78,72),63),(47,61))),(((36,24),(45,71)),((69,(6,(55,81))),38))),(26,(64,33))),((((73,(58,53)),75),(31,66)),((39,(62,4)),(2,76)))),(((92,(99,96)),((((95,94),100),98),93)),97)),((((((87,84),(9,49)),14),((25,13),15)),(60,27)),(((57,41),((37,82),67)),(((43,(51,83)),(32,(((88,42),(12,8)),21))),(89,(17,90)))))),(((44,((28,3),77)),(((70,7),(18,40)),(48,1))),(23,35))),((29,79),(86,22))),((((10,16),68),(59,((65,30),11))),(((56,74),19),(20,(34,91))))))),85);
#EqQuartets: 3921225000
Score: 2463863342
ASTRAL for PaRalogs and Orthologs III (ASTRAL-Pro3)
*** NOW with integrated CASTLES-Pro ***
Version: v1.22.3.6
Read 512 genetrees and found 100 species.
#Genetrees: 1000
#Duploss: 0
#Species: 100
#Rounds: 4
#Samples: 4
#Threads: 1
Use two-step algorithm!
Guide Tree 0/16
#NNI moves:0/152
Guide Tree 1/16
#NNI moves:0/152
Guide Tree 2/16
#NNI moves:0/152
Guide Tree 3/16
#NNI moves:0/152
Guide Tree 4/16
#NNI moves:0/152
Guide Tree 5/16
#NNI moves:0/152
Guide Tree 6/16
#NNI moves:0/152
Guide Tree 7/16
#NNI moves:0/152
Guide Tree 8/16
#NNI moves:0/152
Guide Tree 9/16
#NNI moves:0/152
Guide Tree 10/16
#NNI moves:0/152
Guide Tree 11/16
#NNI moves:0/152
Guide Tree 12/16
#NNI moves:0/152
Guide Tree 13/16
#NNI moves:0/152
Guide Tree 14/16
#NNI moves:0/152
Guide Tree 15/16
#NNI moves:0/152
Remaining: 2
#NNI moves:0/152
#NNI moves:0/152
((((((((((((((((82,86),(90,44)),(7,34)),((58,60),83)),(9,59)),(((100,75),50),((((72,46),43),(74,91)),(20,67)))),(24,((32,(19,15)),51))),35),(85,93)),((((5,1),2),3),4)),(((((6,76),((94,29),13)),(71,36)),((((((70,61),8),(30,41)),23),77),27)),((11,54),(97,89)))),(22,((80,(((56,47),84),57)),(18,95)))),(((((((12,87),((65,69),37)),(45,21)),((68,28),66)),49),(16,((((40,64),38),((55,98),73)),(99,(81,(26,63)))))),(((53,42),((88,(31,25)),10)),33))),((((92,62),((14,52),79)),(39,78)),96)),17),48);
Guide Tree 0/16
#NNI moves:0/152
Guide Tree 1/16
#NNI moves:0/152
Guide Tree 2/16
#NNI moves:0/152
Guide Tree 3/16
#NNI moves:0/152
Guide Tree 4/16
#NNI moves:0/152
Guide Tree 5/16
#NNI moves:0/152
Guide Tree 6/16
#NNI moves:0/152
Guide Tree 7/16
#NNI moves:0/152
Guide Tree 8/16
#NNI moves:0/152
Guide Tree 9/16
#NNI moves:0/152
Guide Tree 10/16
#NNI moves:0/152
Guide Tree 11/16
#NNI moves:0/152
Guide Tree 12/16
#NNI moves:0/152
Guide Tree 13/16
#NNI moves:0/152
Guide Tree 14/16
#NNI moves:0/152
Guide Tree 15/16
#NNI moves:0/152
Remaining: 0
#NNI moves:4/152
#NNI moves:4/152
((((((((((((29,94),13),(6,76)),(36,71)),(27,(((((61,70),8),(30,41)),23),77))),((11,54),(89,97))),((((((((100,75),50),((67,20),((43,(46,72)),(74,91)))),(((((82,86),(44,90)),(7,34)),(83,(60,58))),(59,9))),((((15,19),32),51),24)),35),(93,85)),(4,(((1,5),2),3)))),(((((84,(47,56)),57),80),(18,95)),22)),(((((99,(81,(26,63))),(((64,40),38),((55,98),73))),16),((((28,68),66),(((87,12),((69,65),37)),(21,45))),49)),((((88,(31,25)),10),(42,53)),33))),(((39,78),((92,62),(79,(52,14)))),96)),17),48);
Guide Tree 0/16
#NNI moves:0/152
Guide Tree 1/16
#NNI moves:0/152
Guide Tree 2/16
#NNI moves:0/152
Guide Tree 3/16
#NNI moves:0/152
Guide Tree 4/16
#NNI moves:0/152
Guide Tree 5/16
#NNI moves:0/152
Guide Tree 6/16
#NNI moves:0/152
Guide Tree 7/16
#NNI moves:0/152
Guide Tree 8/16
#NNI moves:0/152
Guide Tree 9/16
#NNI moves:0/152
Guide Tree 10/16
#NNI moves:0/152
Guide Tree 11/16
#NNI moves:0/152
Guide Tree 12/16
#NNI moves:0/152
Guide Tree 13/16
#NNI moves:0/152
Guide Tree 14/16
#NNI moves:0/152
Guide Tree 15/16
#NNI moves:0/152
Remaining: 0
#NNI moves:8/152
#NNI moves:8/152
((((((((((((((((90,44),(82,86)),(34,7)),((58,60),83)),(9,59)),((((74,91),((72,46),43)),(20,67)),(50,(100,75)))),((((19,15),32),51),24)),35),(93,85)),((3,((5,1),2)),4)),(((27,(77,(23,(((70,61),8),(30,41))))),((((29,94),13),(6,76)),(71,36))),((54,11),(97,89)))),(((((84,(47,56)),57),80),(95,18)),22)),(((((99,((26,63),81)),((73,(55,98)),((40,64),38))),16),((((28,68),66),((45,21),((12,87),((69,65),37)))),49)),((((88,(25,31)),10),(53,42)),33))),(((((52,14),79),(92,62)),(39,78)),96)),17),48);
Guide Tree 0/16
#NNI moves:0/152
Guide Tree 1/16
#NNI moves:0/152
Guide Tree 2/16
#NNI moves:0/152
Guide Tree 3/16
#NNI moves:0/152
Guide Tree 4/16
#NNI moves:0/152
Guide Tree 5/16
#NNI moves:0/152
Guide Tree 6/16
#NNI moves:0/152
Guide Tree 7/16
#NNI moves:0/152
Guide Tree 8/16
#NNI moves:0/152
Guide Tree 9/16
#NNI moves:0/152
Guide Tree 10/16
#NNI moves:0/152
Guide Tree 11/16
#NNI moves:0/152
Guide Tree 12/16
#NNI moves:0/152
Guide Tree 13/16
#NNI moves:0/152
Guide Tree 14/16
#NNI moves:0/152
Guide Tree 15/16
#NNI moves:0/152
Remaining: 0
#NNI moves:0/152
#NNI moves:0/152
((((((((((36,71),(((29,94),13),(6,76))),(((23,(((70,61),8),(41,30))),77),27)),((54,11),(89,97))),(((((((((91,74),((46,72),43)),(20,67)),((100,75),50)),(((((44,90),(82,86)),(7,34)),(83,(58,60))),(9,59))),((51,((15,19),32)),24)),35),(93,85)),((((5,1),2),3),4))),(((80,(((56,47),84),57)),(18,95)),22)),((((((((69,65),37),(87,12)),(21,45)),((68,28),66)),49),(((((26,63),81),99),(((40,64),38),((55,98),73))),16)),(((((25,31),88),10),(42,53)),33))),(((78,39),((79,(14,52)),(92,62))),96)),17),48);
Initial score: 2.4258e+09
Initial tree: ((((((((((36,71),(((29,94),13),(6,76))),(((23,(((70,61),8),(41,30))),77),27)),((54,11),(89,97))),(((((((((91,74),((46,72),43)),(20,67)),((100,75),50)),(((((44,90),(82,86)),(7,34)),(83,(58,60))),(9,59))),((51,((15,19),32)),24)),35),(93,85)),((((5,1),2),3),4))),(((80,(((56,47),84),57)),(18,95)),22)),((((((((69,65),37),(87,12)),(21,45)),((68,28),66)),49),(((((26,63),81),99),(((40,64),38),((55,98),73))),16)),(((((25,31),88),10),(42,53)),33))),(((78,39),((79,(14,52)),(92,62))),96)),17),48);
*** Subsample Process ***
Use two-step algorithm!
#NNI moves:0/152
Remaining: 0
#NNI moves:2/152
#NNI moves:2/152
((((((((((((((((82,86),(90,44)),(7,34)),((60,58),83)),(9,59)),((((91,74),((46,72),43)),(67,20)),(50,(75,100)))),((((19,15),32),51),24)),35),(93,85)),((((5,1),2),3),4)),(((((((((26,63),81),99),(((64,40),38),((55,98),73))),16),((((68,28),66),(((37,(65,69)),(87,12)),(45,21))),49)),(((10,((25,31),88)),(53,42)),33)),((17,48),(((((14,52),79),(92,62)),(78,39)),96))),(((80,(((47,56),84),57)),(18,95)),22))),((11,54),(97,89))),(27,((((30,41),((70,61),8)),23),77))),((13,(29,94)),(76,6))),36),71);
#NNI moves:0/152
Remaining: 0
#NNI moves:6/152
#NNI moves:6/152
(((((((((((((((43,(72,46)),(74,91)),(20,67)),(50,(100,75))),(((((44,90),(86,82)),(34,7)),((58,60),83)),(9,59))),((((19,15),32),51),24)),35),(93,85)),((3,((1,5),2)),4)),(((((((41,30),((70,61),8)),23),77),27),((((94,29),13),(6,76)),(71,36))),((11,54),(97,89)))),(((80,(((47,56),84),57)),(95,18)),22)),(((((99,((26,63),81)),(((98,55),73),((64,40),38))),16),((((((65,69),37),(12,87)),(21,45)),((28,68),66)),49)),(((((25,31),88),10),(53,42)),33))),(((((14,52),79),(62,92)),(39,78)),96)),48),17);
#NNI moves:0/152
Remaining: 0
#NNI moves:6/152
#NNI moves:10/152
(((((((((((((((((((26,63),81),99),(((64,40),38),((55,98),73))),16),((((45,21),(((69,65),37),(87,12))),(66,(28,68))),49)),(((42,53),(10,(88,(25,31)))),33)),((((39,78),((92,62),((52,14),79))),96),(48,17))),((((((56,47),84),57),80),(95,18)),22)),((((((94,29),13),(6,76)),(71,36)),((((((70,61),8),(41,30)),23),77),27)),((54,11),(89,97)))),(((2,(5,1)),3),4)),(85,93)),35),(24,((32,(19,15)),51))),(((((82,86),(44,90)),(34,7)),(83,(58,60))),(9,59))),(50,(100,75))),(((46,72),43),(91,74))),20),67);
#NNI moves:0/152
Remaining: 0
#NNI moves:0/152
#NNI moves:0/152
((((((((((((((((((82,86),(44,90)),(7,34)),((60,58),83)),(59,9)),((((91,74),((46,72),43)),(20,67)),((75,100),50))),(((32,(19,15)),51),24)),35),(93,85)),((((5,1),2),3),4)),((((36,71),(((29,94),13),(76,6))),(((23,((41,30),((70,61),8))),77),27)),((97,89),(11,54)))),(((80,(((56,47),84),57)),(18,95)),22)),((((((68,28),66),((((69,65),37),(12,87)),(21,45))),49),((((73,(98,55)),(38,(64,40))),(((63,26),81),99)),16)),(((((31,25),88),10),(53,42)),33))),(17,48)),96),(((52,14),79),(92,62))),78),39);
Current score: 2.4258e+09
Current tree: ((17,((((((((((((((82,86),(44,90)),(7,34)),((60,58),83)),(59,9)),((((91,74),((46,72),43)),(20,67)),((75,100),50))),(((32,(19,15)),51),24)),35),(93,85)),((((5,1),2),3),4)),((((36,71),(((29,94),13),(76,6))),(((23,((41,30),((70,61),8))),77),27)),((97,89),(11,54)))),(((80,(((56,47),84),57)),(18,95)),22)),((((((68,28),66),((((69,65),37),(12,87)),(21,45))),49),((((73,(98,55)),(38,(64,40))),(((63,26),81),99)),16)),(((((31,25),88),10),(53,42)),33))),(96,((((52,14),79),(92,62)),(78,39))))),48);
Final Tree: ((17,((((((((((((((82,86),(44,90)),(7,34)),((60,58),83)),(59,9)),((((91,74),((46,72),43)),(20,67)),((75,100),50))),(((32,(19,15)),51),24)),35),(93,85)),((((5,1),2),3),4)),((((36,71),(((29,94),13),(76,6))),(((23,((41,30),((70,61),8))),77),27)),((97,89),(11,54)))),(((80,(((56,47),84),57)),(18,95)),22)),((((((68,28),66),((((69,65),37),(12,87)),(21,45))),49),((((73,(98,55)),(38,(64,40))),(((63,26),81),99)),16)),(((((31,25),88),10),(53,42)),33))),(96,((((52,14),79),(92,62)),(78,39))))),48);
#EqQuartets: 3921225000
Score: 2425798704
ASTRAL for PaRalogs and Orthologs III (ASTRAL-Pro3)
*** NOW with integrated CASTLES-Pro ***
Version: v1.22.3.6
Read 512 genetrees and found 100 species.
#Genetrees: 1000
#Duploss: 0
#Species: 100
#Rounds: 4
#Samples: 4
#Threads: 1
Use two-step algorithm!
Guide Tree 0/16
#NNI moves:0/152
Guide Tree 1/16
#NNI moves:0/152
Guide Tree 2/16
#NNI moves:2/152
Guide Tree 3/16
#NNI moves:0/152
Guide Tree 4/16
#NNI moves:0/152
Guide Tree 5/16
#NNI moves:0/152
Guide Tree 6/16
#NNI moves:0/152
Guide Tree 7/16
#NNI moves:0/152
Guide Tree 8/16
#NNI moves:0/152
Guide Tree 9/16
#NNI moves:0/152
Guide Tree 10/16
#NNI moves:0/152
Guide Tree 11/16
#NNI moves:0/152
Guide Tree 12/16
#NNI moves:0/152
Guide Tree 13/16
#NNI moves:0/152
Guide Tree 14/16
#NNI moves:2/152
Guide Tree 15/16
#NNI moves:0/152
Remaining: 0
#NNI moves:6/152
#NNI moves:6/152
(((((((((((((90,(5,4)),(84,34)),((40,31),(82,44))),(((11,85),22),(68,6))),((18,(((63,23),((24,27),75)),12)),(((35,15),((16,86),64)),43))),((((94,97),100),96),(98,(95,99)))),((51,(((52,8),((32,42),9)),54)),((2,13),((29,39),81)))),(((76,(89,((67,92),46))),(((48,65),((59,(56,61)),72)),73)),(83,38))),((3,(47,37)),(1,79))),((((((((70,28),69),(50,55)),93),(41,58)),(49,(60,26))),((((25,7),10),(80,57)),45)),20)),(((17,(71,19)),(30,53)),(((74,62),(87,78)),14))),((66,77),(21,((36,88),91)))),33);
Guide Tree 0/16
#NNI moves:0/152
Guide Tree 1/16
#NNI moves:0/152
Guide Tree 2/16
#NNI moves:0/152
Guide Tree 3/16
#NNI moves:0/152
Guide Tree 4/16
#NNI moves:0/152
Guide Tree 5/16
#NNI moves:0/152
Guide Tree 6/16
#NNI moves:0/152
Guide Tree 7/16
#NNI moves:0/152
Guide Tree 8/16
#NNI moves:0/152
Guide Tree 9/16
#NNI moves:0/152
Guide Tree 10/16
#NNI moves:0/152
Guide Tree 11/16
#NNI moves:0/152
Guide Tree 12/16
#NNI moves:2/152
Guide Tree 13/16
#NNI moves:0/152
Guide Tree 14/16
#NNI moves:0/152
Guide Tree 15/16
#NNI moves:0/152
Remaining: 0
#NNI moves:6/152
#NNI moves:8/152
((((((((((((22,(85,11)),(6,68)),((((4,5),90),(34,84)),((31,40),(44,82)))),(((((23,63),((27,24),75)),12),18),((((86,16),64),(35,15)),43))),((((94,97),100),96),((99,95),98))),(((2,13),(81,(39,29))),((((9,(32,42)),(8,52)),54),51))),(((76,(((67,92),46),89)),(((65,48),(((61,56),59),72)),73)),(83,38))),((79,1),((37,47),3))),(((((93,((69,(70,28)),(50,55))),(58,41)),(49,(26,60))),((((7,25),10),(80,57)),45)),20)),((((62,74),(78,87)),14),((30,53),((71,19),17)))),((77,66),((91,(88,36)),21))),33);
Guide Tree 0/16
#NNI moves:0/152
Guide Tree 1/16
#NNI moves:0/152
Guide Tree 2/16
#NNI moves:0/152
Guide Tree 3/16
#NNI moves:2/152
Guide Tree 4/16
#NNI moves:0/152
Guide Tree 5/16
#NNI moves:0/152
Guide Tree 6/16
#NNI moves:0/152
Guide Tree 7/16
#NNI moves:0/152
Guide Tree 8/16
#NNI moves:0/152
Guide Tree 9/16
#NNI moves:0/152
Guide Tree 10/16
#NNI moves:0/152
Guide Tree 11/16
#NNI moves:10/152
Guide Tree 12/16
#NNI moves:0/152
Guide Tree 13/16
#NNI moves:0/152
Guide Tree 14/16
#NNI moves:2/152
Guide Tree 15/16
#NNI moves:0/152
Remaining: 0
#NNI moves:6/152
#NNI moves:6/152
((((((((((((((5,4),90),(34,84)),((82,44),(31,40))),((6,68),(22,(85,11)))),((((15,35),(64,(16,86))),43),(((((24,27),75),(63,23)),12),18))),((98,(95,99)),(96,((94,97),100)))),(((((8,52),((32,42),9)),54),51),(((29,39),81),(2,13)))),((((((59,(56,61)),72),(48,65)),73),((89,((92,67),46)),76)),(38,83))),((1,79),((47,37),3))),((((49,(60,26)),((((69,(70,28)),(50,55)),93),(58,41))),(((57,80),(10,(25,7))),45)),20)),(((30,53),((71,19),17)),(((78,87),(62,74)),14))),((77,66),((91,(36,88)),21))),33);
Guide Tree 0/16
#NNI moves:2/152
Guide Tree 1/16
#NNI moves:2/152
Guide Tree 2/16
#NNI moves:2/152
Guide Tree 3/16
#NNI moves:2/152
Guide Tree 4/16
#NNI moves:0/152
Guide Tree 5/16
#NNI moves:0/152
Guide Tree 6/16
#NNI moves:0/152
Guide Tree 7/16
#NNI moves:2/152
Guide Tree 8/16
#NNI moves:8/152
Guide Tree 9/16
#NNI moves:0/152
Guide Tree 10/16
#NNI moves:6/152
Guide Tree 11/16
#NNI moves:0/152
Guide Tree 12/16
#NNI moves:0/152
Guide Tree 13/16
#NNI moves:0/152
Guide Tree 14/16
#NNI moves:0/152
Guide Tree 15/16
#NNI moves:2/152
Remaining: 0
#NNI moves:10/152
#NNI moves:12/152
(((((((((((((15,35),((16,86),64)),43),(18,(((63,23),((24,27),75)),12))),((((34,84),((5,4),90)),((44,82),(40,31))),(((11,85),22),(68,6)))),(((99,95),98),(((94,97),100),96))),(((13,2),(81,(39,29))),((((9,(32,42)),(52,8)),54),51))),(((((((56,61),59),72),(65,48)),73),(((46,(92,67)),89),76)),(83,38))),((3,(37,47)),(79,1))),(((45,(((7,25),10),(80,57))),(((93,(((70,28),69),(55,50))),(41,58)),(49,(60,26)))),20)),((((78,87),(62,74)),14),((53,30),((71,19),17)))),((21,(91,(88,36))),(66,77))),33);
Initial score: 2.31436e+09
Initial tree: (((((((((((((15,35),((16,86),64)),43),(18,(((63,23),((24,27),75)),12))),((((34,84),((5,4),90)),((44,82),(40,31))),(((11,85),22),(68,6)))),(((99,95),98),(((94,97),100),96))),(((13,2),(81,(39,29))),((((9,(32,42)),(52,8)),54),51))),(((((((56,61),59),72),(65,48)),73),(((46,(92,67)),89),76)),(83,38))),((3,(37,47)),(79,1))),(((45,(((7,25),10),(80,57))),(((93,(((70,28),69),(55,50))),(41,58)),(49,(60,26)))),20)),((((78,87),(62,74)),14),((53,30),((71,19),17)))),((21,(91,(88,36))),(66,77))),33);
*** Subsample Process ***
Use two-step algorithm!
#NNI moves:2/152
Remaining: 0
#NNI moves:16/152
#NNI moves:30/152
((((((((((((((((((50,55),((70,28),69)),93),(41,58)),((60,26),49)),(((80,57),(10,(25,7))),45)),20),((((30,53),((71,19),17)),(((87,78),(62,74)),14)),(((((36,88),91),21),(77,66)),33))),(((47,37),3),(79,1))),((((((92,67),46),89),76),(73,(((59,(56,61)),72),(65,48)))),(83,38))),(((((8,52),((32,42),9)),54),51),(((29,39),81),(2,13)))),((96,((97,94),100)),(98,(99,95)))),((((11,85),22),(6,68)),((((5,4),90),(84,34)),((40,31),(44,82))))),(18,((((24,27),75),(63,23)),12))),43),((16,86),64)),35),15);
#NNI moves:0/152
Remaining: 6
#NNI moves:6/152
#NNI moves:12/152
((((((((((((((39,29),81),(2,13)),((((9,(42,32)),(8,52)),54),51)),((((((90,(5,4)),(84,34)),((40,31),(82,44))),((68,6),(22,(11,85)))),((((((24,27),75),(23,63)),12),18),((((16,86),64),(15,35)),43))),((96,(100,(94,97))),((95,99),98)))),(((73,((48,65),(72,(59,(56,61))))),(((46,(92,67)),89),76)),(38,83))),((1,79),((47,37),3))),(((((10,(7,25)),(80,57)),45),((49,(60,26)),((41,58),(((50,55),(69,(28,70))),93)))),20)),(((((36,88),91),21),(66,77)),33)),(((74,62),(87,78)),14)),(53,30)),17),19),71);
#NNI moves:6/152
Remaining: 0
#NNI moves:16/152
#NNI moves:18/152
((((((((((((((((86,16),64),(15,35)),43),(((((24,27),75),(63,23)),12),18)),((((84,34),(90,(4,5))),((31,40),(82,44))),((68,6),((11,85),22)))),((96,((94,97),100)),((95,99),98))),((((29,39),81),(2,13)),((((52,8),((32,42),9)),54),51))),(((((((61,56),59),72),(65,48)),73),(76,(89,(46,(92,67))))),(38,83))),(((37,47),3),(79,1))),((((((((28,70),69),(50,55)),93),(41,58)),((60,26),49)),(((80,57),(10,(7,25))),45)),20)),((((78,87),(74,62)),14),(((71,19),17),(30,53)))),33),((91,(88,36)),21)),77),66);
#NNI moves:2/152
Remaining: 0
#NNI moves:8/152
#NNI moves:8/152
((((((((((((((((30,53),(17,(19,71))),(((78,87),(74,62)),14)),(((((36,88),91),21),(66,77)),33)),(((((41,58),(((55,50),((28,70),69)),93)),((26,60),49)),(((57,80),((25,7),10)),45)),20)),((3,(47,37)),(79,1))),(((((((56,61),59),72),(48,65)),73),(76,((46,(67,92)),89))),(83,38))),(((13,2),(81,(29,39))),(((((32,42),9),(52,8)),54),51))),((98,(99,95)),(((97,94),100),96))),(((22,(11,85)),(68,6)),(((82,44),(40,31)),(((5,4),90),(84,34))))),((((16,86),64),(35,15)),43)),18),12),((27,24),75)),63),23);
Current score: 2.31436e+09
Current tree: ((((((36,88),91),21),(66,77)),((((30,53),(17,(19,71))),(((78,87),(74,62)),14)),((((((41,58),(((55,50),((28,70),69)),93)),((26,60),49)),(((57,80),((25,7),10)),45)),20),(((3,(47,37)),(79,1)),((((((((56,61),59),72),(48,65)),73),(76,((46,(67,92)),89))),(83,38)),((((13,2),(81,(29,39))),(((((32,42),9),(52,8)),54),51)),(((98,(99,95)),(((97,94),100),96)),((((22,(11,85)),(68,6)),(((82,44),(40,31)),(((5,4),90),(84,34)))),(((((16,86),64),(35,15)),43),(18,(12,(((27,24),75),(63,23))))))))))))),33);
Final Tree: ((((((36,88),91),21),(66,77)),((((30,53),(17,(19,71))),(((78,87),(74,62)),14)),((((((41,58),(((55,50),((28,70),69)),93)),((26,60),49)),(((57,80),((25,7),10)),45)),20),(((3,(47,37)),(79,1)),((((((((56,61),59),72),(48,65)),73),(76,((46,(67,92)),89))),(83,38)),((((13,2),(81,(29,39))),(((((32,42),9),(52,8)),54),51)),(((98,(99,95)),(((97,94),100),96)),((((22,(11,85)),(68,6)),(((82,44),(40,31)),(((5,4),90),(84,34)))),(((((16,86),64),(35,15)),43),(18,(12,(((27,24),75),(63,23))))))))))))),33);
#EqQuartets: 3921225000
Score: 2314361220
ASTRAL for PaRalogs and Orthologs III (ASTRAL-Pro3)
*** NOW with integrated CASTLES-Pro ***
Version: v1.22.3.6
Read 512 genetrees and found 100 species.
#Genetrees: 1000
#Duploss: 0
#Species: 100
#Rounds: 4
#Samples: 4
#Threads: 1
Use two-step algorithm!
Guide Tree 0/16
#NNI moves:2/152
Guide Tree 1/16
#NNI moves:0/152
Guide Tree 2/16
#NNI moves:6/152
Guide Tree 3/16
#NNI moves:0/152
Guide Tree 4/16
#NNI moves:0/152
Guide Tree 5/16
#NNI moves:0/152
Guide Tree 6/16
#NNI moves:0/152
Guide Tree 7/16
#NNI moves:0/152
Guide Tree 8/16
#NNI moves:6/152
Guide Tree 9/16
#NNI moves:0/152
Guide Tree 10/16
#NNI moves:0/152
Guide Tree 11/16
#NNI moves:6/152
Guide Tree 12/16
#NNI moves:0/152
Guide Tree 13/16
#NNI moves:0/152
Guide Tree 14/16
#NNI moves:0/152
Guide Tree 15/16
#NNI moves:6/152
Remaining: 0
#NNI moves:12/152
#NNI moves:12/152
(((((((((((((((30,37),20),(5,(13,11))),((((4,26),(39,(44,8))),10),((15,33),2))),(43,(27,28))),((((22,41),(12,23)),9),(14,3))),(21,(((19,((45,24),32)),(35,38)),25))),((((6,31),29),1),(18,17))),(((16,36),34),(7,(42,40)))),(((((((89,61),79),((((70,96),80),67),74)),52),((((82,91),58),90),68)),((51,83),72)),((71,((66,54),99)),(46,69)))),(((98,(85,78)),73),(53,88))),((((((47,56),76),77),(65,60)),((((((100,59),87),62),50),(48,55)),(((63,(57,92)),64),(86,84)))),(((97,75),93),95))),49),81),94);
Guide Tree 0/16
#NNI moves:0/152
Guide Tree 1/16
#NNI moves:0/152
Guide Tree 2/16
#NNI moves:0/152
Guide Tree 3/16
#NNI moves:0/152
Guide Tree 4/16
#NNI moves:0/152
Guide Tree 5/16
#NNI moves:0/152
Guide Tree 6/16
#NNI moves:0/152
Guide Tree 7/16
#NNI moves:0/152
Guide Tree 8/16
#NNI moves:0/152
Guide Tree 9/16
#NNI moves:0/152
Guide Tree 10/16
#NNI moves:6/152
Guide Tree 11/16
#NNI moves:0/152
Guide Tree 12/16
#NNI moves:0/152
Guide Tree 13/16
#NNI moves:0/152
Guide Tree 14/16
#NNI moves:0/152
Guide Tree 15/16
#NNI moves:0/152
Remaining: 0
#NNI moves:32/152
#NNI moves:34/152
(((((((((((((((15,33),2),(((4,26),((44,8),39)),10)),((20,(37,30)),((11,13),5))),((28,27),43)),((14,3),(((12,23),(41,22)),9))),(21,(((38,35),((32,(24,45)),19)),25))),((((31,6),29),1),(17,18))),(((36,16),34),((40,42),7))),((((((79,(89,61)),((((70,96),80),67),74)),52),(68,(((91,82),58),90))),((51,83),72)),((69,46),(71,((66,54),99))))),((73,(98,(85,78))),(88,53))),(((((((92,57),63),64),(86,84)),((50,((87,(59,100)),62)),(48,55))),((((47,56),76),77),(65,60))),(((97,75),93),95))),49),81),94);
Guide Tree 0/16
#NNI moves:0/152
Guide Tree 1/16
#NNI moves:0/152
Guide Tree 2/16
#NNI moves:0/152
Guide Tree 3/16
#NNI moves:0/152
Guide Tree 4/16
#NNI moves:0/152
Guide Tree 5/16
#NNI moves:0/152
Guide Tree 6/16
#NNI moves:0/152
Guide Tree 7/16
#NNI moves:2/152
Guide Tree 8/16
#NNI moves:0/152
Guide Tree 9/16
#NNI moves:0/152
Guide Tree 10/16
#NNI moves:0/152
Guide Tree 11/16
#NNI moves:0/152
Guide Tree 12/16
#NNI moves:0/152
Guide Tree 13/16
#NNI moves:0/152
Guide Tree 14/16
#NNI moves:0/152
Guide Tree 15/16
#NNI moves:0/152
Remaining: 1
#NNI moves:6/152
#NNI moves:6/152
(((((((((((((((30,37),20),(5,(11,13))),((((4,26),((8,44),39)),10),((33,15),2))),(43,(27,28))),((((12,23),(22,41)),9),(3,14))),(((((32,(24,45)),19),(35,38)),25),21)),((((31,6),29),1),(18,17))),(((36,16),34),((40,42),7))),(((((((82,91),58),90),68),((((61,89),79),(74,(((96,70),80),67))),52)),(72,(83,51))),((((54,66),99),71),(46,69)))),((73,((78,85),98)),(53,88))),((((60,65),(77,((47,56),76))),((((((100,59),87),62),50),(55,48)),((((92,57),63),64),(84,86)))),(((75,97),93),95))),49),81),94);
Guide Tree 0/16
#NNI moves:0/152
Guide Tree 1/16
#NNI moves:0/152
Guide Tree 2/16
#NNI moves:0/152
Guide Tree 3/16
#NNI moves:0/152
Guide Tree 4/16
#NNI moves:0/152
Guide Tree 5/16
#NNI moves:0/152
Guide Tree 6/16
#NNI moves:0/152
Guide Tree 7/16
#NNI moves:0/152
Guide Tree 8/16
#NNI moves:0/152
Guide Tree 9/16
#NNI moves:0/152
Guide Tree 10/16
#NNI moves:0/152
Guide Tree 11/16
#NNI moves:0/152
Guide Tree 12/16
#NNI moves:0/152
Guide Tree 13/16
#NNI moves:0/152
Guide Tree 14/16
#NNI moves:0/152
Guide Tree 15/16
#NNI moves:0/152
Remaining: 0
#NNI moves:4/152
#NNI moves:4/152
(((((((((((((((11,13),5),((30,37),20)),((((26,4),(39,(44,8))),10),(2,(15,33)))),(43,(28,27))),((9,((23,12),(41,22))),(3,14))),((((19,((24,45),32)),(35,38)),25),21)),((1,((6,31),29)),(18,17))),(((42,40),7),((16,36),34))),(((69,46),(((66,54),99),71)),(((52,((74,(((70,96),80),67)),((89,61),79))),(68,(90,((91,82),58)))),((51,83),72)))),((88,53),(((85,78),98),73))),(((((((87,(100,59)),62),50),(48,55)),((84,86),(((57,92),63),64))),((((56,47),76),77),(65,60))),(((75,97),93),95))),49),81),94);
Initial score: 2.5967e+09
Initial tree: (((((((((((((((11,13),5),((30,37),20)),((((26,4),(39,(44,8))),10),(2,(15,33)))),(43,(28,27))),((9,((23,12),(41,22))),(3,14))),((((19,((24,45),32)),(35,38)),25),21)),((1,((6,31),29)),(18,17))),(((42,40),7),((16,36),34))),(((69,46),(((66,54),99),71)),(((52,((74,(((70,96),80),67)),((89,61),79))),(68,(90,((91,82),58)))),((51,83),72)))),((88,53),(((85,78),98),73))),(((((((87,(100,59)),62),50),(48,55)),((84,86),(((57,92),63),64))),((((56,47),76),77),(65,60))),(((75,97),93),95))),49),81),94);
*** Subsample Process ***
Use two-step algorithm!
#NNI moves:0/152
Remaining: 0
#NNI moves:8/152
#NNI moves:8/152
((((((((((((((((((((96,70),80),67),74),(79,(61,89))),52),((((91,82),58),90),68)),((83,51),72)),((71,((66,54),99)),(46,69))),((((((((((100,59),87),62),50),(55,48)),((((57,92),63),64),(86,84))),((65,60),(((56,47),76),77))),(((97,75),93),95)),((81,94),49)),((73,((78,85),98)),(53,88)))),(((16,36),34),((40,42),7))),((1,((31,6),29)),(18,17))),(((((32,(24,45)),19),(38,35)),25),21)),((((23,12),(22,41)),9),(3,14))),((27,28),43)),((((26,4),((44,8),39)),10),(2,(33,15)))),(5,(11,13))),20),37),30);
#NNI moves:0/152
Remaining: 0
#NNI moves:6/152
#NNI moves:6/152
((((((((((((((((4,26),(39,(8,44))),10),(2,(33,15))),(((11,13),5),(20,(37,30)))),((27,28),43)),((9,((22,41),(12,23))),(3,14))),((((35,38),((32,(24,45)),19)),25),21)),((18,17),((29,(31,6)),1))),(((16,36),34),(7,(40,42)))),(((((((67,((96,70),80)),74),((89,61),79)),52),((90,((82,91),58)),68)),(72,(83,51))),(((99,(66,54)),71),(69,46)))),((73,(98,(85,78))),(88,53))),((((97,75),93),95),((((48,55),((((59,100),87),62),50)),((86,84),(64,((92,57),63)))),(((76,(47,56)),77),(60,65))))),49),94),81);
#NNI moves:0/152
Remaining: 0
#NNI moves:0/152
#NNI moves:0/152
((((((((((((((((((75,97),93),95),(((((47,56),76),77),(60,65)),(((((87,(59,100)),62),50),(48,55)),((86,84),(64,((57,92),63)))))),((94,81),49)),((53,88),(((78,85),98),73))),(((((((89,61),79),(((80,(70,96)),67),74)),52),((90,((82,91),58)),68)),(72,(83,51))),((71,((66,54),99)),(69,46)))),(((16,36),34),(7,(40,42)))),((1,(29,(31,6))),(17,18))),((((38,35),(19,((45,24),32))),25),21)),((14,3),(((23,12),(41,22)),9))),(43,(27,28))),((20,(30,37)),((11,13),5))),(2,(33,15))),10),(39,(8,44))),4),26);
#NNI moves:2/152
Remaining: 0
#NNI moves:12/152
#NNI moves:12/152
(((((((((((((((((((30,37),20),((13,11),5)),((10,((39,(44,8)),(26,4))),(2,(15,33)))),((28,27),43)),((((23,12),(22,41)),9),(14,3))),((((35,38),(((24,45),32),19)),25),21)),((18,17),(1,(29,(6,31))))),(((42,40),7),(34,(36,16)))),((((((79,(89,61)),(74,(((96,70),80),67))),52),((((91,82),58),90),68)),((51,83),72)),((((54,66),99),71),(46,69)))),((((85,78),98),73),(88,53))),((81,94),49)),(95,((97,75),93))),((((62,(87,(100,59))),50),(48,55)),((64,((92,57),63)),(84,86)))),(65,60)),77),76),56),47);
Current score: 2.5967e+09
Current tree: ((81,(49,((((((((((((30,37),20),((13,11),5)),((10,((39,(44,8)),(26,4))),(2,(15,33)))),((28,27),43)),((((23,12),(22,41)),9),(14,3))),((((35,38),(((24,45),32),19)),25),21)),((18,17),(1,(29,(6,31))))),(((42,40),7),(34,(36,16)))),((((((79,(89,61)),(74,(((96,70),80),67))),52),((((91,82),58),90),68)),((51,83),72)),((((54,66),99),71),(46,69)))),((((85,78),98),73),(88,53))),((95,((97,75),93)),(((((62,(87,(100,59))),50),(48,55)),((64,((92,57),63)),(84,86))),((65,60),(77,(76,(56,47))))))))),94);
Final Tree: ((81,(49,((((((((((((30,37),20),((13,11),5)),((10,((39,(44,8)),(26,4))),(2,(15,33)))),((28,27),43)),((((23,12),(22,41)),9),(14,3))),((((35,38),(((24,45),32),19)),25),21)),((18,17),(1,(29,(6,31))))),(((42,40),7),(34,(36,16)))),((((((79,(89,61)),(74,(((96,70),80),67))),52),((((91,82),58),90),68)),((51,83),72)),((((54,66),99),71),(46,69)))),((((85,78),98),73),(88,53))),((95,((97,75),93)),(((((62,(87,(100,59))),50),(48,55)),((64,((92,57),63)),(84,86))),((65,60),(77,(76,(56,47))))))))),94);
#EqQuartets: 3921225000
Score: 2596703145
ASTRAL for PaRalogs and Orthologs III (ASTRAL-Pro3)
*** NOW with integrated CASTLES-Pro ***
Version: v1.22.3.6
Read 512 genetrees and found 100 species.
#Genetrees: 1000
#Duploss: 0
#Species: 100
#Rounds: 4
#Samples: 4
#Threads: 1
Use two-step algorithm!
Guide Tree 0/16
#NNI moves:0/152
Guide Tree 1/16
#NNI moves:0/152
Guide Tree 2/16
#NNI moves:0/152
Guide Tree 3/16
#NNI moves:0/152
Guide Tree 4/16
#NNI moves:0/152
Guide Tree 5/16
#NNI moves:0/152
Guide Tree 6/16
#NNI moves:0/152
Guide Tree 7/16
#NNI moves:2/152
Guide Tree 8/16
#NNI moves:2/152
Guide Tree 9/16
#NNI moves:0/152
Guide Tree 10/16
#NNI moves:4/152
Guide Tree 11/16
#NNI moves:2/152
Guide Tree 12/16
#NNI moves:0/152
Guide Tree 13/16
#NNI moves:0/152
Guide Tree 14/16
#NNI moves:0/152
Guide Tree 15/16
#NNI moves:0/152
Remaining: 0
#NNI moves:0/152
#NNI moves:0/152
((((((((((((((((((((30,36),((9,(22,24)),15)),(31,41)),(26,39)),(((((32,(4,5)),(19,(37,34))),((6,((11,7),8)),3)),(((14,38),20),((21,27),10))),(((23,18),(13,1)),12))),(((17,28),16),42)),((40,33),(((29,35),2),25))),((((81,70),85),(54,93)),56)),((89,(66,67)),((72,63),51))),(((((69,52),(95,84)),(73,78)),60),((((80,97),88),(99,(49,48))),45))),((((53,62),94),65),((74,43),59))),((((92,(57,58)),(47,86)),87),82)),75),(((55,(77,100)),(83,44)),(90,68))),(71,61)),(64,50)),(98,46)),(91,79)),76),96);
Guide Tree 0/16
#NNI moves:2/152
Guide Tree 1/16
#NNI moves:0/152
Guide Tree 2/16
#NNI moves:2/152
Guide Tree 3/16
#NNI moves:0/152
Guide Tree 4/16
#NNI moves:2/152
Guide Tree 5/16
#NNI moves:2/152
Guide Tree 6/16
#NNI moves:0/152
Guide Tree 7/16
#NNI moves:2/152
Guide Tree 8/16
#NNI moves:2/152
Guide Tree 9/16
#NNI moves:2/152
Guide Tree 10/16
#NNI moves:0/152
Guide Tree 11/16
#NNI moves:2/152
Guide Tree 12/16
#NNI moves:2/152
Guide Tree 13/16
#NNI moves:0/152
Guide Tree 14/16
#NNI moves:2/152
Guide Tree 15/16
#NNI moves:2/152
Remaining: 0
#NNI moves:20/152
#NNI moves:20/152
((((((((((((((((((((1,13),(18,23)),12),(((3,(((7,11),8),6)),(((37,34),19),((4,5),32))),(((27,21),10),(20,(38,14))))),((((30,36),(((24,22),9),15)),(31,41)),(26,39))),((16,(17,28)),42)),((((29,35),2),25),(33,40))),(((85,(70,81)),(93,54)),56)),((89,(67,66)),(51,(63,72)))),(((((97,80),88),((49,48),99)),45),(((78,73),((69,52),(84,95))),60))),(((94,(62,53)),65),((43,74),59))),((((86,47),((57,58),92)),87),82)),75),((((100,77),55),(83,44)),(90,68))),(61,71)),(64,50)),(98,46)),(91,79)),76),96);
Guide Tree 0/16
#NNI moves:8/152
Guide Tree 1/16
#NNI moves:0/152
Guide Tree 2/16
#NNI moves:2/152
Guide Tree 3/16
#NNI moves:6/152
Guide Tree 4/16
#NNI moves:8/152
Guide Tree 5/16
#NNI moves:2/152
Guide Tree 6/16
#NNI moves:0/152
Guide Tree 7/16
#NNI moves:8/152
Guide Tree 8/16
#NNI moves:6/152
Guide Tree 9/16
#NNI moves:6/152
Guide Tree 10/16
#NNI moves:2/152
Guide Tree 11/16
#NNI moves:2/152
Guide Tree 12/16
#NNI moves:0/152
Guide Tree 13/16
#NNI moves:0/152
Guide Tree 14/16
#NNI moves:0/152
Guide Tree 15/16
#NNI moves:0/152
Remaining: 1
#NNI moves:6/152
#NNI moves:6/152
(((((((((((((((((((((14,38),20),(10,(27,21))),((((8,(11,7)),6),3),(((4,5),32),((34,37),19)))),(((18,23),(1,13)),12)),(((31,41),((((22,24),9),15),(36,30))),(26,39))),(42,((28,17),16))),((((29,35),2),25),(40,33))),(((54,93),(85,(70,81))),56)),(((72,63),51),((66,67),89))),((60,(((84,95),(52,69)),(73,78))),(((99,(49,48)),(88,(97,80))),45))),(((94,(62,53)),65),((74,43),59))),((((92,(57,58)),(86,47)),87),82)),75),((((100,77),55),(83,44)),(90,68))),(71,61)),(50,64)),(98,46)),(79,91)),76),96);
Guide Tree 0/16
#NNI moves:0/152
Guide Tree 1/16
#NNI moves:0/152
Guide Tree 2/16
#NNI moves:0/152
Guide Tree 3/16
#NNI moves:0/152
Guide Tree 4/16
#NNI moves:0/152
Guide Tree 5/16
#NNI moves:0/152
Guide Tree 6/16
#NNI moves:0/152
Guide Tree 7/16
#NNI moves:0/152
Guide Tree 8/16
#NNI moves:0/152
Guide Tree 9/16
#NNI moves:2/152
Guide Tree 10/16
#NNI moves:2/152
Guide Tree 11/16
#NNI moves:6/152
Guide Tree 12/16
#NNI moves:0/152
Guide Tree 13/16
#NNI moves:0/152
Guide Tree 14/16
#NNI moves:0/152
Guide Tree 15/16
#NNI moves:2/152
Remaining: 1
#NNI moves:0/152
#NNI moves:0/152
(((((((((((((((((((41,31),((36,30),((9,(22,24)),15))),(39,26)),((((((5,4),32),((34,37),19)),((6,(8,(7,11))),3)),(((27,21),10),((38,14),20))),(12,((1,13),(18,23))))),((16,(28,17)),42)),((((35,29),2),25),(40,33))),(((93,54),((81,70),85)),56)),(((63,72),51),(89,(66,67)))),(((((84,95),(52,69)),(73,78)),60),((((48,49),99),(88,(97,80))),45))),(((43,74),59),(((62,53),94),65))),(((((58,57),92),(86,47)),87),82)),75),((68,90),((55,(77,100)),(44,83)))),(61,71)),(64,50)),(46,98)),(79,91)),76),96);
Initial score: 2.53924e+09
Initial tree: (((((((((((((((((((41,31),((36,30),((9,(22,24)),15))),(39,26)),((((((5,4),32),((34,37),19)),((6,(8,(7,11))),3)),(((27,21),10),((38,14),20))),(12,((1,13),(18,23))))),((16,(28,17)),42)),((((35,29),2),25),(40,33))),(((93,54),((81,70),85)),56)),(((63,72),51),(89,(66,67)))),(((((84,95),(52,69)),(73,78)),60),((((48,49),99),(88,(97,80))),45))),(((43,74),59),(((62,53),94),65))),(((((58,57),92),(86,47)),87),82)),75),((68,90),((55,(77,100)),(44,83)))),(61,71)),(64,50)),(46,98)),(79,91)),76),96);
*** Subsample Process ***
Use two-step algorithm!
#NNI moves:2/152
Remaining: 0
#NNI moves:14/152
#NNI moves:28/152
(((((((((((((((((92,(57,58)),(86,47)),87),82),((((90,68),((55,(77,100)),(83,44))),((71,61),((((76,96),(79,91)),(46,98)),(50,64)))),75)),((((62,53),94),65),((74,43),59))),((60,((78,73),((69,52),(95,84)))),(((88,(97,80)),((49,48),99)),45))),(((66,67),89),(51,(72,63)))),(((85,(81,70)),(93,54)),56)),((((35,29),2),25),(40,33))),(((28,17),16),42)),(((((((11,7),8),6),3),(((4,5),32),((34,37),19))),((10,(27,21)),(20,(38,14)))),(((23,18),(13,1)),12))),(26,39)),(41,31)),(15,((24,22),9))),36),30);
#NNI moves:4/152
Remaining: 0
#NNI moves:10/152
#NNI moves:10/152
((((((((((((((((((39,26),(((((22,24),9),15),(30,36)),(31,41))),((12,((23,18),(13,1))),(((((8,(11,7)),6),3),((19,(34,37)),((4,5),32))),((10,(27,21)),((14,38),20))))),(((28,17),16),42)),((((29,35),2),25),(33,40))),((((81,70),85),(54,93)),56)),(((66,67),89),((63,72),51))),(((((69,52),(95,84)),(78,73)),60),((((48,49),99),((97,80),88)),45))),((((62,53),94),65),(59,(43,74)))),((((47,86),((57,58),92)),87),82)),75),(((83,44),((100,77),55)),(68,90))),(71,61)),(50,64)),(46,98)),(91,79)),96),76);
#NNI moves:0/152
Remaining: 0
#NNI moves:6/152
#NNI moves:20/152
(((((((((((((((((((47,86),((57,58),92)),87),82),(((((((91,79),(96,76)),(46,98)),(50,64)),(61,71)),((68,90),(((77,100),55),(83,44)))),75)),((((62,53),94),65),((74,43),59))),(((((95,84),(69,52)),(73,78)),60),((((48,49),99),(88,(97,80))),45))),(((66,67),89),(51,(63,72)))),(56,((93,54),(85,(81,70))))),((((35,29),2),25),(40,33))),(((28,17),16),42)),(((((19,(34,37)),(32,(4,5))),(3,(((7,11),8),6))),((20,(14,38)),(10,(21,27)))),(((23,18),(1,13)),12))),(26,39)),(41,31)),(30,36)),15),9),22),24);
#NNI moves:2/152
Remaining: 2
#NNI moves:16/152
#NNI moves:22/152
((((((((((((((((((((((4,5),32),(19,(37,34))),((6,((11,7),8)),3)),(((38,14),20),((21,27),10))),(12,((13,1),(23,18)))),((((30,36),(((22,24),9),15)),(41,31)),(39,26))),(42,((17,28),16))),((25,((35,29),2)),(40,33))),(((54,93),(85,(81,70))),56)),(((63,72),51),((67,66),89))),(((((48,49),99),((80,97),88)),45),(60,(((95,84),(52,69)),(73,78))))),(((43,74),59),(((53,62),94),65))),(((((58,57),92),(86,47)),87),82)),75),(((44,83),((100,77),55)),(68,90))),(71,61)),(64,50)),(46,98)),(76,96)),79),91);
Current score: 2.53924e+09
Current tree: ((76,((((((((((((((((((((4,5),32),(19,(37,34))),((6,((11,7),8)),3)),(((38,14),20),((21,27),10))),(12,((13,1),(23,18)))),((((30,36),(((22,24),9),15)),(41,31)),(39,26))),(42,((17,28),16))),((25,((35,29),2)),(40,33))),(((54,93),(85,(81,70))),56)),(((63,72),51),((67,66),89))),(((((48,49),99),((80,97),88)),45),(60,(((95,84),(52,69)),(73,78))))),(((43,74),59),(((53,62),94),65))),(((((58,57),92),(86,47)),87),82)),75),(((44,83),((100,77),55)),(68,90))),(71,61)),(64,50)),(46,98)),(79,91))),96);
Final Tree: ((76,((((((((((((((((((((4,5),32),(19,(37,34))),((6,((11,7),8)),3)),(((38,14),20),((21,27),10))),(12,((13,1),(23,18)))),((((30,36),(((22,24),9),15)),(41,31)),(39,26))),(42,((17,28),16))),((25,((35,29),2)),(40,33))),(((54,93),(85,(81,70))),56)),(((63,72),51),((67,66),89))),(((((48,49),99),((80,97),88)),45),(60,(((95,84),(52,69)),(73,78))))),(((43,74),59),(((53,62),94),65))),(((((58,57),92),(86,47)),87),82)),75),(((44,83),((100,77),55)),(68,90))),(71,61)),(64,50)),(46,98)),(79,91))),96);
#EqQuartets: 3921225000
Score: 2539241417
ASTRAL for PaRalogs and Orthologs III (ASTRAL-Pro3)
*** NOW with integrated CASTLES-Pro ***
Version: v1.22.3.6
Read 512 genetrees and found 100 species.
#Genetrees: 1000
#Duploss: 0
#Species: 100
#Rounds: 4
#Samples: 4
#Threads: 1
Use two-step algorithm!
Guide Tree 0/16
#NNI moves:0/152
Guide Tree 1/16
#NNI moves:0/152
Guide Tree 2/16
#NNI moves:0/152
Guide Tree 3/16
#NNI moves:0/152
Guide Tree 4/16
#NNI moves:0/152
Guide Tree 5/16
#NNI moves:0/152
Guide Tree 6/16
#NNI moves:0/152
Guide Tree 7/16
#NNI moves:0/152
Guide Tree 8/16
#NNI moves:0/152
Guide Tree 9/16
#NNI moves:0/152
Guide Tree 10/16
#NNI moves:0/152
Guide Tree 11/16
#NNI moves:0/152
Guide Tree 12/16
#NNI moves:0/152
Guide Tree 13/16
#NNI moves:0/152
Guide Tree 14/16
#NNI moves:0/152
Guide Tree 15/16
#NNI moves:0/152
Remaining: 0
#NNI moves:6/152
#NNI moves:6/152
(((((((((((((42,48),(36,18)),25),((21,29),(53,(39,5)))),44),((((((47,54),3),10),(15,12)),9),((((((1,26),50),31),(17,38)),(45,46)),(30,13)))),(7,((((((40,4),(57,6)),(51,33)),((37,52),24)),(((35,(43,49)),28),(8,56))),((((((27,34),11),(55,19)),(41,20)),(14,((58,(2,22)),32))),(16,23))))),(((94,92),((100,87),(61,97))),(74,84))),((((67,82),90),((96,(66,88)),83)),((65,72),(((79,86),68),((91,(75,59)),(81,76)))))),((((((77,62),99),63),95),(((73,(85,60)),(71,80)),93)),((89,64),69))),98),70),78);
Guide Tree 0/16
#NNI moves:0/152
Guide Tree 1/16
#NNI moves:0/152
Guide Tree 2/16
#NNI moves:0/152
Guide Tree 3/16
#NNI moves:0/152
Guide Tree 4/16
#NNI moves:0/152
Guide Tree 5/16
#NNI moves:0/152
Guide Tree 6/16
#NNI moves:0/152
Guide Tree 7/16
#NNI moves:0/152
Guide Tree 8/16
#NNI moves:0/152
Guide Tree 9/16
#NNI moves:0/152
Guide Tree 10/16
#NNI moves:0/152
Guide Tree 11/16
#NNI moves:0/152
Guide Tree 12/16
#NNI moves:0/152
Guide Tree 13/16
#NNI moves:0/152
Guide Tree 14/16
#NNI moves:0/152
Guide Tree 15/16
#NNI moves:0/152
Remaining: 0
#NNI moves:6/152
#NNI moves:6/152
(((((((((((((48,42),(36,18)),25),((29,21),((39,5),53))),44),((((((47,54),3),10),(12,15)),9),((((((26,1),50),31),(17,38)),(45,46)),(13,30)))),(((((((58,(22,2)),32),14),((((27,34),11),(19,55)),(20,41))),(16,23)),(((((49,43),35),28),(8,56)),((((4,40),(6,57)),(51,33)),(24,(52,37))))),7)),(((94,92),((97,61),(87,100))),(84,74))),(((((76,81),((59,75),91)),((86,79),68)),(72,65)),((((88,66),96),83),(90,(67,82))))),(((95,(63,((77,62),99))),((((60,85),73),(71,80)),93)),(69,(64,89)))),98),70),78);
Guide Tree 0/16
#NNI moves:0/152
Guide Tree 1/16
#NNI moves:0/152
Guide Tree 2/16
#NNI moves:0/152
Guide Tree 3/16
#NNI moves:0/152
Guide Tree 4/16
#NNI moves:0/152
Guide Tree 5/16
#NNI moves:0/152
Guide Tree 6/16
#NNI moves:0/152
Guide Tree 7/16
#NNI moves:0/152
Guide Tree 8/16
#NNI moves:0/152
Guide Tree 9/16
#NNI moves:0/152
Guide Tree 10/16
#NNI moves:0/152
Guide Tree 11/16
#NNI moves:0/152
Guide Tree 12/16
#NNI moves:0/152
Guide Tree 13/16
#NNI moves:0/152
Guide Tree 14/16
#NNI moves:0/152
Guide Tree 15/16
#NNI moves:0/152
Remaining: 1
#NNI moves:4/152
#NNI moves:4/152
((((((((((((((57,6),(40,4)),(33,51)),((37,52),24)),((((43,49),35),28),(8,56))),((((((27,34),11),(55,19)),(20,41)),((((22,2),58),32),14)),(16,23))),7),((((((((26,1),50),31),(17,38)),(45,46)),(30,13)),(((10,(3,(47,54))),(15,12)),9)),(((((48,42),(36,18)),25),(((39,5),53),(21,29))),44))),((((61,97),(100,87)),(94,92)),(74,84))),(((((88,66),96),83),((82,67),90)),(((68,(79,86)),((76,81),((59,75),91))),(72,65)))),(((((73,(60,85)),(80,71)),93),(95,(((77,62),99),63))),((89,64),69))),98),70),78);
Guide Tree 0/16
#NNI moves:0/152
Guide Tree 1/16
#NNI moves:0/152
Guide Tree 2/16
#NNI moves:0/152
Guide Tree 3/16
#NNI moves:0/152
Guide Tree 4/16
#NNI moves:0/152
Guide Tree 5/16
#NNI moves:0/152
Guide Tree 6/16
#NNI moves:0/152
Guide Tree 7/16
#NNI moves:0/152
Guide Tree 8/16
#NNI moves:0/152
Guide Tree 9/16
#NNI moves:0/152
Guide Tree 10/16
#NNI moves:0/152
Guide Tree 11/16
#NNI moves:0/152
Guide Tree 12/16
#NNI moves:0/152
Guide Tree 13/16
#NNI moves:0/152
Guide Tree 14/16
#NNI moves:0/152
Guide Tree 15/16
#NNI moves:0/152
Remaining: 0
#NNI moves:0/152
#NNI moves:0/152
(((((((((((((((34,27),11),(55,19)),(41,20)),(((58,(22,2)),32),14)),(23,16)),(((((49,43),35),28),(56,8)),((((40,4),(6,57)),(33,51)),((37,52),24)))),7),((((((5,39),53),(21,29)),(((18,36),(48,42)),25)),44),((((((50,(26,1)),31),(38,17)),(45,46)),(30,13)),(((10,(3,(47,54))),(12,15)),9)))),((((87,100),(61,97)),(94,92)),(74,84))),(((((81,76),(91,(59,75))),(68,(79,86))),(65,72)),((((66,88),96),83),((67,82),90)))),((((((60,85),73),(71,80)),93),((((62,77),99),63),95)),((89,64),69))),98),70),78);
Initial score: 2.46217e+09
Initial tree: (((((((((((((((34,27),11),(55,19)),(41,20)),(((58,(22,2)),32),14)),(23,16)),(((((49,43),35),28),(56,8)),((((40,4),(6,57)),(33,51)),((37,52),24)))),7),((((((5,39),53),(21,29)),(((18,36),(48,42)),25)),44),((((((50,(26,1)),31),(38,17)),(45,46)),(30,13)),(((10,(3,(47,54))),(12,15)),9)))),((((87,100),(61,97)),(94,92)),(74,84))),(((((81,76),(91,(59,75))),(68,(79,86))),(65,72)),((((66,88),96),83),((67,82),90)))),((((((60,85),73),(71,80)),93),((((62,77),99),63),95)),((89,64),69))),98),70),78);
*** Subsample Process ***
Use two-step algorithm!
#NNI moves:0/152
Remaining: 0
#NNI moves:0/152
#NNI moves:0/152
(((((((((((((((((47,54),3),10),(12,15)),9),(((46,45),(((50,(1,26)),31),(17,38))),(30,13))),(((((39,5),53),(29,21)),(((36,18),(48,42)),25)),44)),(((((((91,(59,75)),(76,81)),((79,86),68)),(65,72)),((83,(96,(88,66))),(90,(82,67)))),((((((73,(85,60)),(80,71)),93),((((62,77),99),63),95)),((64,89),69)),((70,78),98))),((((61,97),(87,100)),(92,94)),(84,74)))),7),(((((43,49),35),28),(8,56)),(((52,37),24),(((4,40),(6,57)),(33,51))))),(16,23)),((((2,22),58),32),14)),(41,20)),(55,19)),11),27),34);
#NNI moves:0/152
Remaining: 0
#NNI moves:0/152
#NNI moves:0/152
(((((((((((((38,17),(31,((26,1),50))),(45,46)),(30,13)),((((3,(54,47)),10),(15,12)),9)),(((((5,39),53),(29,21)),(((42,48),(18,36)),25)),44)),(((((((55,19),((27,34),11)),(41,20)),((((2,22),58),32),14)),(16,23)),((((33,51),((6,57),(40,4))),((37,52),24)),((((43,49),35),28),(8,56)))),7)),((((61,97),(100,87)),(94,92)),(74,84))),((((((75,59),91),(76,81)),((79,86),68)),(65,72)),((90,(82,67)),(((88,66),96),83)))),(((((99,(62,77)),63),95),(93,(((60,85),73),(71,80)))),((89,64),69))),98),78),70);
#NNI moves:0/152
Remaining: 0
#NNI moves:0/152
#NNI moves:0/152
((((((((((((((75,59),91),(76,81)),((79,86),68)),(72,65)),(((96,(88,66)),83),(90,(67,82)))),((((95,((99,(62,77)),63)),(((80,71),((60,85),73)),93)),((64,89),69)),((78,70),98))),((((61,97),(100,87)),(94,92)),(84,74))),((((((((34,27),11),(19,55)),(41,20)),(14,(((2,22),58),32))),(16,23)),(((8,56),((35,(43,49)),28)),((((4,40),(57,6)),(33,51)),(24,(37,52))))),7)),((((21,29),((5,39),53)),(((18,36),(42,48)),25)),44)),(((((47,54),3),10),(12,15)),9)),((((50,(26,1)),31),(38,17)),(46,45))),13),30);
#NNI moves:0/152
Remaining: 0
#NNI moves:0/152
#NNI moves:0/152
((((((((((((((41,20),((55,19),(11,(34,27)))),(14,(32,((2,22),58)))),(16,23)),(((28,(35,(43,49))),(56,8)),((((6,57),(40,4)),(51,33)),((52,37),24)))),7),(((((((47,54),3),10),(12,15)),9),(((((50,(1,26)),31),(38,17)),(45,46)),(13,30))),(44,(((21,29),((39,5),53)),(((36,18),(42,48)),25))))),((74,84),((92,94),((87,100),(97,61))))),(((((66,88),96),83),((82,67),90)),((((81,76),(91,(75,59))),((79,86),68)),(65,72)))),(98,(70,78))),(69,(89,64))),(((73,(60,85)),(71,80)),93)),(((62,77),99),63)),95);
Current score: 2.46217e+09
Current tree: ((70,(98,((((((((((41,20),((55,19),(11,(34,27)))),(14,(32,((2,22),58)))),(16,23)),(((28,(35,(43,49))),(56,8)),((((6,57),(40,4)),(51,33)),((52,37),24)))),7),(((((((47,54),3),10),(12,15)),9),(((((50,(1,26)),31),(38,17)),(45,46)),(13,30))),(44,(((21,29),((39,5),53)),(((36,18),(42,48)),25))))),((74,84),((92,94),((87,100),(97,61))))),(((((66,88),96),83),((82,67),90)),((((81,76),(91,(75,59))),((79,86),68)),(65,72)))),((69,(89,64)),((((73,(60,85)),(71,80)),93),((((62,77),99),63),95)))))),78);
Final Tree: ((70,(98,((((((((((41,20),((55,19),(11,(34,27)))),(14,(32,((2,22),58)))),(16,23)),(((28,(35,(43,49))),(56,8)),((((6,57),(40,4)),(51,33)),((52,37),24)))),7),(((((((47,54),3),10),(12,15)),9),(((((50,(1,26)),31),(38,17)),(45,46)),(13,30))),(44,(((21,29),((39,5),53)),(((36,18),(42,48)),25))))),((74,84),((92,94),((87,100),(97,61))))),(((((66,88),96),83),((82,67),90)),((((81,76),(91,(75,59))),((79,86),68)),(65,72)))),((69,(89,64)),((((73,(60,85)),(71,80)),93),((((62,77),99),63),95)))))),78);
#EqQuartets: 3921225000
Score: 2462172292
ASTRAL for PaRalogs and Orthologs III (ASTRAL-Pro3)
*** NOW with integrated CASTLES-Pro ***
Version: v1.22.3.6
Read 512 genetrees and found 100 species.
#Genetrees: 1000
#Duploss: 0
#Species: 100
#Rounds: 4
#Samples: 4
#Threads: 1
Use two-step algorithm!
Guide Tree 0/16
#NNI moves:0/152
Guide Tree 1/16
#NNI moves:0/152
Guide Tree 2/16
#NNI moves:0/152
Guide Tree 3/16
#NNI moves:0/152
Guide Tree 4/16
#NNI moves:0/152
Guide Tree 5/16
#NNI moves:0/152
Guide Tree 6/16
#NNI moves:0/152
Guide Tree 7/16
#NNI moves:0/152
Guide Tree 8/16
#NNI moves:0/152
Guide Tree 9/16
#NNI moves:0/152
Guide Tree 10/16
#NNI moves:0/152
Guide Tree 11/16
#NNI moves:0/152
Guide Tree 12/16
#NNI moves:0/152
Guide Tree 13/16
#NNI moves:0/152
Guide Tree 14/16
#NNI moves:0/152
Guide Tree 15/16
#NNI moves:0/152
Remaining: 0
#NNI moves:0/152
#NNI moves:0/152
((((((((((((36,26),(28,1)),49),(68,57)),(47,(((15,39),(13,11)),58))),((44,56),16)),(((((42,((6,34),31)),51),(((9,52),41),23)),(55,7)),2)),((((62,67),(((((3,53),(54,37)),(50,33)),(((40,25),20),(((61,48),4),38))),8)),(12,(22,35))),((64,43),(30,45)))),(((((((63,32),(17,(10,14))),27),(5,60)),(((46,65),21),(66,(19,24)))),18),(59,29))),(((((100,(94,78)),((74,75),(95,96))),((82,99),72)),((((93,(88,79)),97),((77,84),91)),(87,89))),((((85,69),(73,81)),(76,98)),((71,90),(83,(80,92)))))),86),70);
Guide Tree 0/16
#NNI moves:0/152
Guide Tree 1/16
#NNI moves:0/152
Guide Tree 2/16
#NNI moves:0/152
Guide Tree 3/16
#NNI moves:0/152
Guide Tree 4/16
#NNI moves:0/152
Guide Tree 5/16
#NNI moves:0/152
Guide Tree 6/16
#NNI moves:0/152
Guide Tree 7/16
#NNI moves:0/152
Guide Tree 8/16
#NNI moves:0/152
Guide Tree 9/16
#NNI moves:0/152
Guide Tree 10/16
#NNI moves:0/152
Guide Tree 11/16
#NNI moves:0/152
Guide Tree 12/16
#NNI moves:0/152
Guide Tree 13/16
#NNI moves:0/152
Guide Tree 14/16
#NNI moves:0/152
Guide Tree 15/16
#NNI moves:0/152
Remaining: 0
#NNI moves:16/152
#NNI moves:16/152
(((((((((27,(((14,10),17),(63,32))),(60,5)),((21,(65,46)),((19,24),66))),18),(59,29)),(((((62,67),(((((3,53),(54,37)),(50,33)),(((4,(61,48)),38),(20,(25,40)))),8)),((35,22),12)),((43,64),(30,45))),(((((((1,28),(26,36)),49),(57,68)),((((15,39),(13,11)),58),47)),(16,(56,44))),((((((31,(6,34)),42),51),((41,(52,9)),23)),(7,55)),2)))),((((((75,74),(96,95)),(100,(94,78))),(72,(82,99))),((((93,(79,88)),97),((84,77),91)),(87,89))),(((98,76),((69,85),(81,73))),((90,71),((80,92),83))))),86),70);
Guide Tree 0/16
#NNI moves:6/152
Guide Tree 1/16
#NNI moves:6/152
Guide Tree 2/16
#NNI moves:2/152
Guide Tree 3/16
#NNI moves:0/152
Guide Tree 4/16
#NNI moves:2/152
Guide Tree 5/16
#NNI moves:0/152
Guide Tree 6/16
#NNI moves:6/152
Guide Tree 7/16
#NNI moves:0/152
Guide Tree 8/16
#NNI moves:0/152
Guide Tree 9/16
#NNI moves:0/152
Guide Tree 10/16
#NNI moves:4/152
Guide Tree 11/16
#NNI moves:2/152
Guide Tree 12/16
#NNI moves:0/152
Guide Tree 13/16
#NNI moves:0/152
Guide Tree 14/16
#NNI moves:0/152
Guide Tree 15/16
#NNI moves:0/152
Remaining: 0
#NNI moves:14/152
#NNI moves:14/152
((((((((((((13,11),(15,39)),58),47),((((1,28),(36,26)),49),(57,68))),((44,56),16)),((((51,(((34,6),31),42)),(((9,52),41),23)),(7,55)),2)),((((((((3,53),(54,37)),(33,50)),((38,((48,61),4)),(20,(25,40)))),8),(62,67)),((22,35),12)),((43,64),(45,30)))),(((((21,(65,46)),(66,(19,24))),((27,(((14,10),17),(32,63))),(5,60))),18),(59,29))),((((((75,74),(96,95)),(100,(94,78))),((99,82),72)),((((77,84),91),(97,((88,79),93))),(89,87))),((((80,92),83),(71,90)),(((73,81),(69,85)),(98,76))))),86),70);
Guide Tree 0/16
#NNI moves:0/152
Guide Tree 1/16
#NNI moves:0/152
Guide Tree 2/16
#NNI moves:0/152
Guide Tree 3/16
#NNI moves:0/152
Guide Tree 4/16
#NNI moves:0/152
Guide Tree 5/16
#NNI moves:0/152
Guide Tree 6/16
#NNI moves:0/152
Guide Tree 7/16
#NNI moves:0/152
Guide Tree 8/16
#NNI moves:0/152
Guide Tree 9/16
#NNI moves:0/152
Guide Tree 10/16
#NNI moves:0/152
Guide Tree 11/16
#NNI moves:0/152
Guide Tree 12/16
#NNI moves:0/152
Guide Tree 13/16
#NNI moves:0/152
Guide Tree 14/16
#NNI moves:0/152
Guide Tree 15/16
#NNI moves:0/152
Remaining: 0
#NNI moves:4/152
#NNI moves:4/152
((((((((((((28,1),(26,36)),49),(68,57)),((58,((13,11),(15,39))),47)),(16,(56,44))),(2,((7,55),((51,((31,(6,34)),42)),(((52,9),41),23))))),(((((((38,((61,48),4)),((25,40),20)),(((54,37),(3,53)),(50,33))),8),(62,67)),((35,22),12)),((45,30),(64,43)))),(((((((17,(14,10)),(63,32)),27),(60,5)),((66,(24,19)),(21,(46,65)))),18),(29,59))),((((((94,78),100),((74,75),(96,95))),((82,99),72)),(((((88,79),93),97),(91,(84,77))),(89,87))),((((73,81),(85,69)),(98,76)),((71,90),((80,92),83))))),86),70);
Initial score: 2.3428e+09
Initial tree: ((((((((((((28,1),(26,36)),49),(68,57)),((58,((13,11),(15,39))),47)),(16,(56,44))),(2,((7,55),((51,((31,(6,34)),42)),(((52,9),41),23))))),(((((((38,((61,48),4)),((25,40),20)),(((54,37),(3,53)),(50,33))),8),(62,67)),((35,22),12)),((45,30),(64,43)))),(((((((17,(14,10)),(63,32)),27),(60,5)),((66,(24,19)),(21,(46,65)))),18),(29,59))),((((((94,78),100),((74,75),(96,95))),((82,99),72)),(((((88,79),93),97),(91,(84,77))),(89,87))),((((73,81),(85,69)),(98,76)),((71,90),((80,92),83))))),86),70);
*** Subsample Process ***
Use two-step algorithm!
#NNI moves:0/152
Remaining: 0
#NNI moves:12/152
#NNI moves:12/152
((((((((((((((38,((61,48),4)),(20,(25,40))),(((54,37),(53,3)),(50,33))),8),(62,67)),((22,35),12)),((64,43),(45,30))),((((((((17,(14,10)),(32,63)),27),(5,60)),((66,(19,24)),((65,46),21))),18),(29,59)),(((((((74,75),(96,95)),((94,78),100)),(72,(99,82))),((87,89),((97,(93,(88,79))),((77,84),91)))),((((85,69),(81,73)),(76,98)),((90,71),((92,80),83)))),(86,70)))),((((51,(42,((34,6),31))),(23,(41,(52,9)))),(55,7)),2)),((44,56),16)),((((15,39),(11,13)),58),47)),(((28,1),(26,36)),49)),57),68);
#NNI moves:0/152
Remaining: 0
#NNI moves:2/152
#NNI moves:2/152
((((((((45,30),(64,43)),((((((((61,48),4),38),(20,(25,40))),(((3,53),(54,37)),(33,50))),8),(67,62)),((22,35),12))),((((((42,(31,(34,6))),51),(((52,9),41),23)),(55,7)),2),((((((1,28),(36,26)),49),(57,68)),(47,(((13,11),(15,39)),58))),((44,56),16)))),(((((66,(24,19)),((46,65),21)),((((32,63),((10,14),17)),27),(5,60))),18),(29,59))),(((((97,((79,88),93)),((84,77),91)),(89,87)),(((99,82),72),(((95,96),(75,74)),(100,(78,94))))),((((85,69),(73,81)),(76,98)),(((92,80),83),(71,90))))),70),86);
#NNI moves:0/152
Remaining: 2
#NNI moves:2/152
#NNI moves:8/152
((((((((((((99,82),72),((100,(94,78)),((75,74),(96,95)))),(((97,(93,(88,79))),(91,(84,77))),(87,89))),((((81,73),(69,85)),(98,76)),((90,71),((92,80),83)))),(86,70)),(((((66,(24,19)),((46,65),21)),((((17,(10,14)),(63,32)),27),(5,60))),18),(29,59))),((((55,7),((((52,9),41),23),(((31,(6,34)),42),51))),2),((((49,((26,36),(1,28))),(68,57)),((((39,15),(13,11)),58),47)),((56,44),16)))),((((((((48,61),4),38),((40,25),20)),(((37,54),(53,3)),(33,50))),8),(62,67)),((22,35),12))),(45,30)),64),43);
#NNI moves:0/152
Remaining: 0
#NNI moves:14/152
#NNI moves:14/152
((((((((((((((68,57),(((1,28),(36,26)),49)),((58,((11,13),(15,39))),47)),(16,(44,56))),(2,(((((52,9),41),23),(51,(42,((6,34),31)))),(55,7)))),(((((((20,(40,25)),(((61,48),4),38)),(((54,37),(53,3)),(50,33))),8),(62,67)),(12,(22,35))),((43,64),(30,45)))),(((((((32,63),(17,(10,14))),27),(60,5)),(((19,24),66),((46,65),21))),18),(29,59))),(86,70)),((((80,92),83),(71,90)),((76,98),((73,81),(85,69))))),((((84,77),91),(((88,79),93),97)),(89,87))),((100,(78,94)),((74,75),(96,95)))),72),99),82);
Current score: 2.3428e+09
Current tree: ((86,((((((((68,57),(((1,28),(36,26)),49)),((58,((11,13),(15,39))),47)),(16,(44,56))),(2,(((((52,9),41),23),(51,(42,((6,34),31)))),(55,7)))),(((((((20,(40,25)),(((61,48),4),38)),(((54,37),(53,3)),(50,33))),8),(62,67)),(12,(22,35))),((43,64),(30,45)))),(((((((32,63),(17,(10,14))),27),(60,5)),(((19,24),66),((46,65),21))),18),(29,59))),(((((80,92),83),(71,90)),((76,98),((73,81),(85,69)))),(((((84,77),91),(((88,79),93),97)),(89,87)),(((100,(78,94)),((74,75),(96,95))),(72,(99,82))))))),70);
Final Tree: ((86,((((((((68,57),(((1,28),(36,26)),49)),((58,((11,13),(15,39))),47)),(16,(44,56))),(2,(((((52,9),41),23),(51,(42,((6,34),31)))),(55,7)))),(((((((20,(40,25)),(((61,48),4),38)),(((54,37),(53,3)),(50,33))),8),(62,67)),(12,(22,35))),((43,64),(30,45)))),(((((((32,63),(17,(10,14))),27),(60,5)),(((19,24),66),((46,65),21))),18),(29,59))),(((((80,92),83),(71,90)),((76,98),((73,81),(85,69)))),(((((84,77),91),(((88,79),93),97)),(89,87)),(((100,(78,94)),((74,75),(96,95))),(72,(99,82))))))),70);
#EqQuartets: 3921225000
Score: 2342798530
