ASTRAL for PaRalogs and Orthologs III (ASTRAL-Pro3)
*** NOW with integrated CASTLES-Pro ***
Version: v1.22.3.6
Read 512 genetrees and found 100 species.
#Genetrees: 994
#Duploss: 49536
#Species: 100
#Rounds: 4
#Samples: 4
#Threads: 1
Use two-step algorithm!
Guide Tree 0/16
#NNI moves:4/152
Guide Tree 1/16
#NNI moves:0/152
Guide Tree 2/16
#NNI moves:0/152
Guide Tree 3/16
#NNI moves:0/152
Guide Tree 4/16
#NNI moves:2/152
Guide Tree 5/16
#NNI moves:2/152
Guide Tree 6/16
#NNI moves:0/152
Guide Tree 7/16
#NNI moves:4/152
Guide Tree 8/16
#NNI moves:0/152
Guide Tree 9/16
#NNI moves:2/152
Guide Tree 10/16
#NNI moves:2/152
Guide Tree 11/16
#NNI moves:0/152
Guide Tree 12/16
#NNI moves:0/152
Guide Tree 13/16
#NNI moves:0/152
Guide Tree 14/16
#NNI moves:0/152
Guide Tree 15/16
#NNI moves:0/152
Remaining: 0
#NNI moves:10/152
#NNI moves:12/152
(((((((((((((((51,18),((68,15),76)),((17,39),(33,41))),(((((50,23),44),(16,71)),97),((((30,94),36),91),77))),((7,((((1,11),8),(10,(9,6))),(12,3))),(2,(5,4)))),((((47,52),(31,25)),(93,20)),(63,(58,19)))),((((61,(67,42)),(((14,99),(28,66)),83)),((81,88),(62,82))),(37,38))),((49,89),((96,32),57))),((((((((27,60),29),45),((53,(26,56)),80)),(((92,95),100),(13,43))),(78,(64,72))),(((59,84),(73,74)),((22,48),(46,85)))),(54,98))),((79,((90,21),87)),75)),(24,65)),((35,(69,55)),34)),70),40),86);
Guide Tree 0/16
#NNI moves:0/152
Guide Tree 1/16
#NNI moves:0/152
Guide Tree 2/16
#NNI moves:0/152
Guide Tree 3/16
#NNI moves:0/152
Guide Tree 4/16
#NNI moves:2/152
Guide Tree 5/16
#NNI moves:8/152
Guide Tree 6/16
#NNI moves:4/152
Guide Tree 7/16
#NNI moves:8/152
Guide Tree 8/16
#NNI moves:8/152
Guide Tree 9/16
#NNI moves:4/152
Guide Tree 10/16
#NNI moves:0/152
Guide Tree 11/16
#NNI moves:2/152
Guide Tree 12/16
#NNI moves:6/152
Guide Tree 13/16
#NNI moves:6/152
Guide Tree 14/16
#NNI moves:4/152
Guide Tree 15/16
#NNI moves:0/152
Remaining: 0
#NNI moves:14/152
#NNI moves:20/152
(((((((((((((((18,51),((15,68),76)),((41,33),(17,39))),((77,(((94,30),36),91)),((((23,50),44),(71,16)),97))),((((3,12),(((9,6),10),((11,1),8))),7),((5,4),2))),((63,(58,19)),(((52,47),(25,31)),(93,20)))),((((61,(67,42)),(((66,28),(99,14)),83)),((82,62),(81,88))),(37,38))),((49,89),(57,(96,32)))),((((((((56,26),53),80),(((27,60),29),45)),((100,(95,92)),(43,13))),((72,64),78)),(((73,74),(59,84)),((85,46),(22,48)))),(98,54))),((79,((90,21),87)),75)),(65,24)),(((69,55),35),34)),70),40),86);
Guide Tree 0/16
#NNI moves:4/152
Guide Tree 1/16
#NNI moves:2/152
Guide Tree 2/16
#NNI moves:10/152
Guide Tree 3/16
#NNI moves:4/152
Guide Tree 4/16
#NNI moves:6/152
Guide Tree 5/16
#NNI moves:8/152
Guide Tree 6/16
#NNI moves:0/152
Guide Tree 7/16
#NNI moves:4/152
Guide Tree 8/16
#NNI moves:0/152
Guide Tree 9/16
#NNI moves:10/152
Guide Tree 10/16
#NNI moves:4/152
Guide Tree 11/16
#NNI moves:0/152
Guide Tree 12/16
#NNI moves:2/152
Guide Tree 13/16
#NNI moves:4/152
Guide Tree 14/16
#NNI moves:8/152
Guide Tree 15/16
#NNI moves:8/152
Remaining: 0
#NNI moves:36/152
#NNI moves:36/152
(((((((((((((((76,(68,15)),(18,51)),((39,17),(41,33))),((((16,71),(44,(50,23))),97),(77,(((30,94),36),91)))),((((((11,1),8),(10,(6,9))),(3,12)),7),((4,5),2))),(((93,20),((52,47),(31,25))),((19,58),63))),((((((28,66),(14,99)),83),(61,(42,67))),((88,81),(62,82))),(38,37))),((89,49),(57,(96,32)))),(((((59,84),(74,73)),((48,22),(85,46))),(((72,64),78),(((((56,26),53),80),((29,(27,60)),45)),(((92,95),100),(13,43))))),(98,54))),((((21,90),87),79),75)),(24,65)),(34,((55,69),35))),70),40),86);
Guide Tree 0/16
#NNI moves:0/152
Guide Tree 1/16
#NNI moves:2/152
Guide Tree 2/16
#NNI moves:2/152
Guide Tree 3/16
#NNI moves:2/152
Guide Tree 4/16
#NNI moves:0/152
Guide Tree 5/16
#NNI moves:2/152
Guide Tree 6/16
#NNI moves:0/152
Guide Tree 7/16
#NNI moves:6/152
Guide Tree 8/16
#NNI moves:8/152
Guide Tree 9/16
#NNI moves:6/152
Guide Tree 10/16
#NNI moves:6/152
Guide Tree 11/16
#NNI moves:2/152
Guide Tree 12/16
#NNI moves:4/152
Guide Tree 13/16
#NNI moves:2/152
Guide Tree 14/16
#NNI moves:2/152
Guide Tree 15/16
#NNI moves:2/152
Remaining: 0
#NNI moves:20/152
#NNI moves:22/152
(((((((((((((((39,17),(33,41)),(((15,68),76),(51,18))),(((((50,23),44),(71,16)),97),((((30,94),36),91),77))),((((((6,9),10),(8,(1,11))),(12,3)),7),((5,4),2))),((((52,47),(31,25)),(93,20)),((58,19),63))),((((((28,66),(99,14)),83),(61,(42,67))),((62,82),(81,88))),(37,38))),((89,49),(57,(96,32)))),((((((((26,56),53),80),(((60,27),29),45)),(((95,92),100),(43,13))),((64,72),78)),(((59,84),(73,74)),((22,48),(46,85)))),(54,98))),(75,(((90,21),87),79))),(24,65)),(((69,55),35),34)),70),40),86);
Initial score: 1.09376e+08
Initial tree: (((((((((((((((39,17),(33,41)),(((15,68),76),(51,18))),(((((50,23),44),(71,16)),97),((((30,94),36),91),77))),((((((6,9),10),(8,(1,11))),(12,3)),7),((5,4),2))),((((52,47),(31,25)),(93,20)),((58,19),63))),((((((28,66),(99,14)),83),(61,(42,67))),((62,82),(81,88))),(37,38))),((89,49),(57,(96,32)))),((((((((26,56),53),80),(((60,27),29),45)),(((95,92),100),(43,13))),((64,72),78)),(((59,84),(73,74)),((22,48),(46,85)))),(54,98))),(75,(((90,21),87),79))),(24,65)),(((69,55),35),34)),70),40),86);
*** Subsample Process ***
Use two-step algorithm!
#NNI moves:2/152
Remaining: 0
#NNI moves:18/152
#NNI moves:18/152
(((((((((((((((((53,(56,26)),80),(((60,27),29),45)),(((95,92),100),(43,13))),((64,72),78)),(((59,84),(74,73)),((46,85),(22,48)))),(54,98)),(((((90,21),87),79),75),((65,24),((34,((55,69),35)),(70,(86,40)))))),(((96,32),57),(49,89))),((37,38),(((((28,66),(14,99)),83),((42,67),61)),((62,82),(81,88))))),(((93,20),((31,25),(47,52))),((19,58),63))),(((4,5),2),(((((11,1),8),(10,(6,9))),(12,3)),7))),(((((94,30),36),91),77),((((23,50),44),(16,71)),97))),((76,(15,68)),(18,51))),(17,39)),41),33);
#NNI moves:4/152
Remaining: 0
#NNI moves:50/152
#NNI moves:50/152
(((((((((((((((((8,(11,1)),(10,(6,9))),(3,12)),7),((5,4),2)),((((17,39),(33,41)),((76,(68,15)),(18,51))),((((16,71),(44,(23,50))),97),((((94,30),36),91),77)))),((((31,25),(47,52)),(93,20)),((58,19),63))),((((((99,14),(28,66)),83),(61,(42,67))),((82,62),(88,81))),(38,37))),((89,49),((96,32),57))),((98,54),((((((95,92),100),(43,13)),((80,((56,26),53)),(((27,60),29),45))),(78,(72,64))),(((48,22),(46,85)),((73,74),(84,59)))))),((((90,21),87),79),75)),(24,65)),(70,(40,86))),34),35),69),55);
#NNI moves:6/152
Remaining: 0
#NNI moves:18/152
#NNI moves:18/152
((((((((((((((((((80,(53,(56,26))),(((27,60),29),45)),((100,(95,92)),(43,13))),(78,(72,64))),(((84,59),(74,73)),((85,46),(48,22)))),(54,98)),(((79,((21,90),87)),75),((((86,40),70),(((55,69),35),34)),(24,65)))),(((32,96),57),(89,49))),((((61,(42,67)),(((66,28),(99,14)),83)),((81,88),(62,82))),(38,37))),(((93,20),((31,25),(52,47))),(63,(58,19)))),((((39,17),(33,41)),(((68,15),76),(18,51))),(((((50,23),44),(71,16)),97),((((94,30),36),91),77)))),((4,5),2)),7),(3,12)),((1,11),8)),10),6),9);
#NNI moves:0/152
Remaining: 0
#NNI moves:10/152
#NNI moves:10/152
(((((((((((((((16,71),((50,23),44)),97),((91,((94,30),36)),77)),((((68,15),76),(18,51)),((33,41),(17,39)))),((2,(5,4)),((((10,(9,6)),((1,11),8)),(12,3)),7))),((((52,47),(31,25)),(20,93)),((58,19),63))),((((((28,66),(99,14)),83),((67,42),61)),((88,81),(62,82))),(37,38))),(((96,32),57),(89,49))),(((((((53,(26,56)),80),(((27,60),29),45)),((100,(92,95)),(13,43))),(78,(64,72))),(((59,84),(73,74)),((22,48),(46,85)))),(98,54))),((79,((21,90),87)),75)),(65,24)),((40,86),70)),(35,(55,69))),34);
Current score: 1.09376e+08
Current tree: ((40,(70,(((((((((((((16,71),((50,23),44)),97),((91,((94,30),36)),77)),((((68,15),76),(18,51)),((33,41),(17,39)))),((2,(5,4)),((((10,(9,6)),((1,11),8)),(12,3)),7))),((((52,47),(31,25)),(20,93)),((58,19),63))),((((((28,66),(99,14)),83),((67,42),61)),((88,81),(62,82))),(37,38))),(((96,32),57),(89,49))),(((((((53,(26,56)),80),(((27,60),29),45)),((100,(92,95)),(13,43))),(78,(64,72))),(((59,84),(73,74)),((22,48),(46,85)))),(98,54))),((79,((21,90),87)),75)),(65,24)),((35,(55,69)),34)))),86);
Final Tree: ((40,(70,(((((((((((((16,71),((50,23),44)),97),((91,((94,30),36)),77)),((((68,15),76),(18,51)),((33,41),(17,39)))),((2,(5,4)),((((10,(9,6)),((1,11),8)),(12,3)),7))),((((52,47),(31,25)),(20,93)),((58,19),63))),((((((28,66),(99,14)),83),((67,42),61)),((88,81),(62,82))),(37,38))),(((96,32),57),(89,49))),(((((((53,(26,56)),80),(((27,60),29),45)),((100,(92,95)),(13,43))),(78,(64,72))),(((59,84),(73,74)),((22,48),(46,85)))),(98,54))),((79,((21,90),87)),75)),(65,24)),((35,(55,69)),34)))),86);
#EqQuartets: 162462330
Score: 109375796
ASTRAL for PaRalogs and Orthologs III (ASTRAL-Pro3)
*** NOW with integrated CASTLES-Pro ***
Version: v1.22.3.6
Read 512 genetrees and found 100 species.
#Genetrees: 1000
#Duploss: 53111
#Species: 100
#Rounds: 4
#Samples: 4
#Threads: 1
Use two-step algorithm!
Guide Tree 0/16
#NNI moves:2/152
Guide Tree 1/16
#NNI moves:0/152
Guide Tree 2/16
#NNI moves:2/152
Guide Tree 3/16
#NNI moves:10/152
Guide Tree 4/16
#NNI moves:2/152
Guide Tree 5/16
#NNI moves:2/152
Guide Tree 6/16
#NNI moves:2/152
Guide Tree 7/16
#NNI moves:2/152
Guide Tree 8/16
#NNI moves:0/152
Guide Tree 9/16
#NNI moves:2/152
Guide Tree 10/16
#NNI moves:2/152
Guide Tree 11/16
#NNI moves:4/152
Guide Tree 12/16
#NNI moves:0/152
Guide Tree 13/16
#NNI moves:2/152
Guide Tree 14/16
#NNI moves:4/152
Guide Tree 15/16
#NNI moves:2/152
Remaining: 0
#NNI moves:20/152
#NNI moves:26/152
((((61,4),26),((((((((((((68,90),83),(82,97)),((64,77),88)),((((76,((72,100),91)),78),(((71,85),94),(((67,92),75),(70,62)))),(((98,63),(((87,89),((79,93),80)),73)),69))),(((84,((66,74),95)),(65,99)),(96,(81,86)))),((((((11,45),(33,18)),(54,(43,50))),(((56,21),23),42)),(((((6,3),32),28),((53,((25,13),5)),8)),((((24,12),22),(41,((17,19),34))),(9,38)))),(59,1))),(((47,46),((30,52),((16,14),(58,2)))),(((29,(37,44)),7),(48,55)))),((60,20),(((39,(10,15)),(49,57)),27))),40),31),(51,36))),35);
Guide Tree 0/16
#NNI moves:8/152
Guide Tree 1/16
#NNI moves:6/152
Guide Tree 2/16
#NNI moves:12/152
Guide Tree 3/16
#NNI moves:2/152
Guide Tree 4/16
#NNI moves:0/152
Guide Tree 5/16
#NNI moves:6/152
Guide Tree 6/16
#NNI moves:2/152
Guide Tree 7/16
#NNI moves:0/152
Guide Tree 8/16
#NNI moves:2/152
Guide Tree 9/16
#NNI moves:2/152
Guide Tree 10/16
#NNI moves:0/152
Guide Tree 11/16
#NNI moves:6/152
Guide Tree 12/16
#NNI moves:2/152
Guide Tree 13/16
#NNI moves:6/152
Guide Tree 14/16
#NNI moves:6/152
Guide Tree 15/16
#NNI moves:0/152
Remaining: 0
#NNI moves:10/152
#NNI moves:10/152
(((26,(61,4)),((((((((((((76,(91,(100,72))),78),(((70,62),(75,(92,67))),(94,(85,71)))),(((63,98),(73,(((79,93),80),(89,87)))),69)),((((90,68),83),(97,82)),((77,64),88))),((((95,(74,66)),84),(99,65)),((81,86),96))),(((((((6,3),32),28),(((5,(13,25)),53),8)),(((22,(12,24)),(((19,17),34),41)),(38,9))),((((33,18),(11,45)),(54,(43,50))),(42,(23,(56,21))))),(1,59))),(((((14,16),(58,2)),(52,30)),(47,46)),((55,48),(7,((37,44),29))))),((60,20),((((10,15),39),(49,57)),27))),40),31),(36,51))),35);
Guide Tree 0/16
#NNI moves:8/152
Guide Tree 1/16
#NNI moves:0/152
Guide Tree 2/16
#NNI moves:8/152
Guide Tree 3/16
#NNI moves:6/152
Guide Tree 4/16
#NNI moves:2/152
Guide Tree 5/16
#NNI moves:4/152
Guide Tree 6/16
#NNI moves:0/152
Guide Tree 7/16
#NNI moves:0/152
Guide Tree 8/16
#NNI moves:4/152
Guide Tree 9/16
#NNI moves:6/152
Guide Tree 10/16
#NNI moves:0/152
Guide Tree 11/16
#NNI moves:4/152
Guide Tree 12/16
#NNI moves:0/152
Guide Tree 13/16
#NNI moves:4/152
Guide Tree 14/16
#NNI moves:0/152
Guide Tree 15/16
#NNI moves:0/152
Remaining: 1
#NNI moves:24/152
#NNI moves:28/152
((((((((((((((((72,100),91),76),78),(((62,70),((67,92),75)),((85,71),94))),(((((80,(93,79)),(89,87)),73),(98,63)),69)),(((83,(68,90)),(82,97)),((77,64),88))),(((((74,66),95),84),(65,99)),(96,(81,86)))),(((((((6,3),32),28),((((13,25),5),53),8)),((9,38),(((12,24),22),((34,(19,17)),41)))),(((23,(21,56)),42),(((43,50),54),((45,11),(18,33))))),(59,1))),(((55,48),(7,((37,44),29))),((46,47),(((14,16),(2,58)),(30,52))))),((((39,(10,15)),(49,57)),27),(60,20))),40),31),(51,36)),((4,61),26)),35);
Guide Tree 0/16
#NNI moves:2/152
Guide Tree 1/16
#NNI moves:4/152
Guide Tree 2/16
#NNI moves:2/152
Guide Tree 3/16
#NNI moves:4/152
Guide Tree 4/16
#NNI moves:4/152
Guide Tree 5/16
#NNI moves:2/152
Guide Tree 6/16
#NNI moves:6/152
Guide Tree 7/16
#NNI moves:0/152
Guide Tree 8/16
#NNI moves:2/152
Guide Tree 9/16
#NNI moves:0/152
Guide Tree 10/16
#NNI moves:0/152
Guide Tree 11/16
#NNI moves:8/152
Guide Tree 12/16
#NNI moves:0/152
Guide Tree 13/16
#NNI moves:6/152
Guide Tree 14/16
#NNI moves:0/152
Guide Tree 15/16
#NNI moves:8/152
Remaining: 0
#NNI moves:16/152
#NNI moves:16/152
((((((((((((((98,63),((((79,93),80),(89,87)),73)),69),(((((100,72),91),76),78),((94,(71,85)),((62,70),((67,92),75))))),(((77,64),88),((83,(90,68)),(82,97)))),((96,(81,86)),(((95,(66,74)),84),(65,99)))),(((((8,(((25,13),5),53)),(28,((3,6),32))),(((41,((19,17),34)),((24,12),22)),(9,38))),((((21,56),23),42),((54,(43,50)),((11,45),(18,33))))),(1,59))),((((52,30),((16,14),(58,2))),(46,47)),((((37,44),29),7),(48,55)))),((60,20),(((39,(15,10)),(57,49)),27))),40),31),(51,36)),((4,61),26)),35);
Initial score: 9.84324e+07
Initial tree: ((((((((((((((98,63),((((79,93),80),(89,87)),73)),69),(((((100,72),91),76),78),((94,(71,85)),((62,70),((67,92),75))))),(((77,64),88),((83,(90,68)),(82,97)))),((96,(81,86)),(((95,(66,74)),84),(65,99)))),(((((8,(((25,13),5),53)),(28,((3,6),32))),(((41,((19,17),34)),((24,12),22)),(9,38))),((((21,56),23),42),((54,(43,50)),((11,45),(18,33))))),(1,59))),((((52,30),((16,14),(58,2))),(46,47)),((((37,44),29),7),(48,55)))),((60,20),(((39,(15,10)),(57,49)),27))),40),31),(51,36)),((4,61),26)),35);
*** Subsample Process ***
Use two-step algorithm!
#NNI moves:0/152
Remaining: 0
#NNI moves:10/152
#NNI moves:28/152
((((((((((((((41,(34,(19,17))),(22,(12,24))),(38,9)),(((((13,25),5),53),8),(28,(32,(6,3))))),((((45,11),(33,18)),((50,43),54)),(((21,56),23),42))),(59,1)),(((40,((((26,(4,61)),35),(51,36)),31)),((27,(((10,15),39),(57,49))),(20,60))),(((((16,14),(2,58)),(30,52)),(47,46)),((((37,44),29),7),(48,55))))),((96,(81,86)),((84,((66,74),95)),(65,99)))),(((83,(90,68)),(97,82)),(88,(64,77)))),((((62,70),(75,(67,92))),(94,(85,71))),(78,((91,(100,72)),76)))),69),(((89,87),((93,79),80)),73)),63),98);
#NNI moves:6/152
Remaining: 0
#NNI moves:38/152
#NNI moves:38/152
(((((((((((((28,((6,3),32)),((((13,25),5),53),8)),(((41,(34,(19,17))),((24,12),22)),(9,38))),((((43,50),54),((45,11),(18,33))),((23,(56,21)),42))),(59,1)),((((86,81),96),(((95,(74,66)),84),(65,99))),((((64,77),88),((82,97),((68,90),83))),(((((((93,79),80),(87,89)),73),(63,98)),69),(((94,(71,85)),((62,70),(75,(67,92)))),(((91,(72,100)),76),78)))))),((((30,52),((14,16),(58,2))),(47,46)),((7,((44,37),29)),(55,48)))),(((((15,10),39),(49,57)),27),(60,20))),40),31),(35,((61,4),26))),36),51);
#NNI moves:6/152
Remaining: 0
#NNI moves:22/152
#NNI moves:64/152
(((((((((((((((((3,6),32),28),(((5,(13,25)),53),8)),(((22,(12,24)),(((17,19),34),41)),(9,38))),((((56,21),23),42),(((18,33),(11,45)),(54,(43,50))))),(59,1)),(((96,(86,81)),((((66,74),95),84),(65,99))),((((((71,85),94),((75,(67,92)),(62,70))),((((72,100),91),76),78)),(((73,((89,87),((93,79),80))),(98,63)),69)),(((97,82),((90,68),83)),((77,64),88))))),((((30,52),((16,14),(2,58))),(46,47)),((7,(29,(37,44))),(48,55)))),((((39,(15,10)),(57,49)),27),(60,20))),40),31),(51,36)),35),26),4),61);
#NNI moves:8/152
Remaining: 0
#NNI moves:56/152
#NNI moves:56/152
(((((((((((((((((26,(61,4)),35),(51,36)),31),40),((20,60),(((57,49),((10,15),39)),27))),((((52,30),((14,16),(2,58))),(47,46)),((((44,37),29),7),(55,48)))),((((((((80,(93,79)),(87,89)),73),(98,63)),69),(((((92,67),75),(70,62)),((71,85),94)),((((72,100),91),76),78))),(((83,(90,68)),(82,97)),((77,64),88))),(((84,((66,74),95)),(99,65)),((81,86),96)))),(1,59)),((((33,18),(45,11)),((43,50),54)),(((21,56),23),42))),((((24,12),22),((34,(17,19)),41)),(38,9))),(28,((3,6),32))),8),53),5),13),25);
Current score: 9.84324e+07
Current tree: (((26,(61,4)),((51,36),(31,(40,(((20,60),(((57,49),((10,15),39)),27)),(((((52,30),((14,16),(2,58))),(47,46)),((((44,37),29),7),(55,48))),(((((((((80,(93,79)),(87,89)),73),(98,63)),69),(((((92,67),75),(70,62)),((71,85),94)),((((72,100),91),76),78))),(((83,(90,68)),(82,97)),((77,64),88))),(((84,((66,74),95)),(99,65)),((81,86),96))),((1,59),(((((33,18),(45,11)),((43,50),54)),(((21,56),23),42)),(((((24,12),22),((34,(17,19)),41)),(38,9)),((28,((3,6),32)),(8,(53,(5,(13,25))))))))))))))),35);
Final Tree: (((26,(61,4)),((51,36),(31,(40,(((20,60),(((57,49),((10,15),39)),27)),(((((52,30),((14,16),(2,58))),(47,46)),((((44,37),29),7),(55,48))),(((((((((80,(93,79)),(87,89)),73),(98,63)),69),(((((92,67),75),(70,62)),((71,85),94)),((((72,100),91),76),78))),(((83,(90,68)),(82,97)),((77,64),88))),(((84,((66,74),95)),(99,65)),((81,86),96))),((1,59),(((((33,18),(45,11)),((43,50),54)),(((21,56),23),42)),(((((24,12),22),((34,(17,19)),41)),(38,9)),((28,((3,6),32)),(8,(53,(5,(13,25))))))))))))))),35);
#EqQuartets: 144927730
Score: 98432368
ASTRAL for PaRalogs and Orthologs III (ASTRAL-Pro3)
*** NOW with integrated CASTLES-Pro ***
Version: v1.22.3.6
Read 512 genetrees and found 100 species.
#Genetrees: 999
#Duploss: 52084
#Species: 100
#Rounds: 4
#Samples: 4
#Threads: 1
Use two-step algorithm!
Guide Tree 0/16
#NNI moves:0/152
Guide Tree 1/16
#NNI moves:0/152
Guide Tree 2/16
#NNI moves:0/152
Guide Tree 3/16
#NNI moves:0/152
Guide Tree 4/16
#NNI moves:0/152
Guide Tree 5/16
#NNI moves:2/152
Guide Tree 6/16
#NNI moves:0/152
Guide Tree 7/16
#NNI moves:0/152
Guide Tree 8/16
#NNI moves:0/152
Guide Tree 9/16
#NNI moves:2/152
Guide Tree 10/16
#NNI moves:2/152
Guide Tree 11/16
#NNI moves:0/152
Guide Tree 12/16
#NNI moves:2/152
Guide Tree 13/16
#NNI moves:0/152
Guide Tree 14/16
#NNI moves:2/152
Guide Tree 15/16
#NNI moves:2/152
Remaining: 0
#NNI moves:104/152
#NNI moves:104/152
((((((((((((55,57),((65,69),94)),(88,78)),(((92,((61,73),64)),(62,((48,93),96))),71)),((((60,63),85),((((76,90),(89,100)),(77,51)),66)),((((53,(((56,75),79),95)),(((58,70),72),(81,(50,(99,49))))),(((87,74),54),97)),((((83,82),(((80,47),(91,68)),84)),(((98,52),(59,86)),67)),46)))),(((((31,35),(((10,18),14),(38,2))),(29,28)),(43,26)),(25,32))),((3,39),(33,((45,27),16)))),(((((5,12),(19,4)),37),(15,11)),((((17,1),13),((41,34),(23,40))),22))),(((8,44),(30,24)),36)),(((9,6),42),7)),21),20);
Guide Tree 0/16
#NNI moves:2/152
Guide Tree 1/16
#NNI moves:12/152
Guide Tree 2/16
#NNI moves:0/152
Guide Tree 3/16
#NNI moves:6/152
Guide Tree 4/16
#NNI moves:0/152
Guide Tree 5/16
#NNI moves:2/152
Guide Tree 6/16
#NNI moves:6/152
Guide Tree 7/16
#NNI moves:0/152
Guide Tree 8/16
#NNI moves:8/152
Guide Tree 9/16
#NNI moves:0/152
Guide Tree 10/16
#NNI moves:2/152
Guide Tree 11/16
#NNI moves:12/152
Guide Tree 12/16
#NNI moves:6/152
Guide Tree 13/16
#NNI moves:6/152
Guide Tree 14/16
#NNI moves:12/152
Guide Tree 15/16
#NNI moves:6/152
Remaining: 0
#NNI moves:34/152
#NNI moves:52/152
(((((((((((((((50,(49,99)),81),(72,(70,58))),(((79,(75,56)),95),53)),((54,(74,87)),97)),(((((52,98),(86,59)),67),((((91,68),(47,80)),84),(83,82))),46)),((((77,51),((100,89),(90,76))),66),((63,60),85))),((((55,57),(94,(65,69))),(88,78)),((((64,(61,73)),92),(((48,93),96),62)),71))),(((((((10,18),14),(2,38)),(31,35)),(28,29)),(26,43)),(32,25))),((((27,45),16),33),(39,3))),(((37,((12,5),(19,4))),(11,15)),((((17,1),13),((23,40),(34,41))),22))),(((44,8),(24,30)),36)),(((6,9),42),7)),21),20);
Guide Tree 0/16
#NNI moves:8/152
Guide Tree 1/16
#NNI moves:10/152
Guide Tree 2/16
#NNI moves:8/152
Guide Tree 3/16
#NNI moves:4/152
Guide Tree 4/16
#NNI moves:2/152
Guide Tree 5/16
#NNI moves:0/152
Guide Tree 6/16
#NNI moves:4/152
Guide Tree 7/16
#NNI moves:4/152
Guide Tree 8/16
#NNI moves:10/152
Guide Tree 9/16
#NNI moves:2/152
Guide Tree 10/16
#NNI moves:2/152
Guide Tree 11/16
#NNI moves:6/152
Guide Tree 12/16
#NNI moves:4/152
Guide Tree 13/16
#NNI moves:0/152
Guide Tree 14/16
#NNI moves:4/152
Guide Tree 15/16
#NNI moves:0/152
Remaining: 1
#NNI moves:36/152
#NNI moves:36/152
(((((((((((((((50,(99,49)),81),((70,58),72)),((((56,75),79),95),53)),((54,(74,87)),97)),(((67,((59,86),(52,98))),((82,83),(84,((47,80),(68,91))))),46)),((((77,51),((100,89),(76,90))),66),((60,63),85))),((((((48,93),96),62),(((61,73),64),92)),71),(((57,55),((69,65),94)),(78,88)))),(((43,26),(((35,31),((38,2),((18,10),14))),(29,28))),(25,32))),((39,3),(33,(16,(27,45))))),(((37,((5,12),(4,19))),(15,11)),((((1,17),13),((41,34),(40,23))),22))),(((44,8),(24,30)),36)),(7,(42,(6,9)))),21),20);
Guide Tree 0/16
#NNI moves:6/152
Guide Tree 1/16
#NNI moves:0/152
Guide Tree 2/16
#NNI moves:12/152
Guide Tree 3/16
#NNI moves:4/152
Guide Tree 4/16
#NNI moves:4/152
Guide Tree 5/16
#NNI moves:6/152
Guide Tree 6/16
#NNI moves:6/152
Guide Tree 7/16
#NNI moves:0/152
Guide Tree 8/16
#NNI moves:2/152
Guide Tree 9/16
#NNI moves:10/152
Guide Tree 10/16
#NNI moves:6/152
Guide Tree 11/16
#NNI moves:12/152
Guide Tree 12/16
#NNI moves:2/152
Guide Tree 13/16
#NNI moves:6/152
Guide Tree 14/16
#NNI moves:0/152
Guide Tree 15/16
#NNI moves:0/152
Remaining: 1
#NNI moves:22/152
#NNI moves:22/152
(((((((((((((((59,86),(52,98)),67),((((91,68),(47,80)),84),(82,83))),46),((((((99,49),50),81),(72,(58,70))),((((75,56),79),95),53)),(97,((87,74),54)))),((66,((51,77),((90,76),(89,100)))),((60,63),85))),(((78,88),((57,55),((65,69),94))),((((96,(48,93)),62),(((73,61),64),92)),71))),((((29,28),(((14,(18,10)),(38,2)),(31,35))),(26,43)),(32,25))),((((27,45),16),33),(3,39))),(((11,15),(((4,19),(12,5)),37)),((((23,40),(41,34)),((1,17),13)),22))),(((24,30),(8,44)),36)),(((9,6),42),7)),21),20);
Initial score: 1.15899e+08
Initial tree: (((((((((((((((59,86),(52,98)),67),((((91,68),(47,80)),84),(82,83))),46),((((((99,49),50),81),(72,(58,70))),((((75,56),79),95),53)),(97,((87,74),54)))),((66,((51,77),((90,76),(89,100)))),((60,63),85))),(((78,88),((57,55),((65,69),94))),((((96,(48,93)),62),(((73,61),64),92)),71))),((((29,28),(((14,(18,10)),(38,2)),(31,35))),(26,43)),(32,25))),((((27,45),16),33),(3,39))),(((11,15),(((4,19),(12,5)),37)),((((23,40),(41,34)),((1,17),13)),22))),(((24,30),(8,44)),36)),(((9,6),42),7)),21),20);
*** Subsample Process ***
Use two-step algorithm!
#NNI moves:2/152
Remaining: 1
#NNI moves:34/152
#NNI moves:46/152
(((((((((((((((((40,23),(41,34)),((1,17),13)),22),((15,11),(((4,19),(12,5)),37))),((((24,30),(44,8)),36),((((9,6),42),7),(21,20)))),((39,3),((16,(27,45)),33))),((((29,28),((((18,10),14),(38,2)),(35,31))),(26,43)),(32,25))),(((88,78),((57,55),(94,(65,69)))),(((((73,61),64),92),((96,(93,48)),62)),71))),((((51,77),((89,100),(90,76))),66),((63,60),85))),((((87,74),54),97),((((79,(75,56)),95),53),(((70,58),72),((50,(49,99)),81))))),46),((83,82),(((47,80),(68,91)),84))),67),(98,52)),86),59);
#NNI moves:2/152
Remaining: 4
#NNI moves:26/152
#NNI moves:42/152
((((((((((((((((((56,75),79),95),53),((81,((49,99),50)),((58,70),72))),(((74,87),54),97)),((((((68,91),(80,47)),84),(83,82)),(67,((98,52),(59,86)))),46)),((((77,51),((90,76),(100,89))),66),(85,(63,60)))),((((55,57),((69,65),94)),(88,78)),(((92,((61,73),64)),(62,((93,48),96))),71))),((((((38,2),(14,(10,18))),(35,31)),(29,28)),(26,43)),(25,32))),((39,3),((16,(27,45)),33))),(((((40,23),(41,34)),(13,(17,1))),22),((((19,4),(5,12)),37),(11,15)))),(((44,8),(24,30)),36)),(21,20)),7),42),6),9);
#NNI moves:4/152
Remaining: 0
#NNI moves:36/152
#NNI moves:44/152
((((((((((((((((41,34),(40,23)),((17,1),13)),22),((11,15),(((19,4),(12,5)),37))),((((24,30),(44,8)),36),((7,(42,(6,9))),(20,21)))),((3,39),(33,((45,27),16)))),(((((35,31),(((10,18),14),(38,2))),(29,28)),(26,43)),(25,32))),((((92,(64,(73,61))),(62,(96,(48,93)))),71),((78,88),((94,(69,65)),(55,57))))),(((60,63),85),((((90,76),(100,89)),(51,77)),66))),((((84,((68,91),(47,80))),(83,82)),(((59,86),(52,98)),67)),46)),(((87,74),54),97)),(53,(95,(79,(56,75))))),((58,70),72)),(50,(49,99))),81);
#NNI moves:4/152
Remaining: 0
#NNI moves:32/152
#NNI moves:34/152
((((((((((((((95,((56,75),79)),53),((((99,49),50),81),((58,70),72))),(97,(54,(87,74)))),((((82,83),(((80,47),(68,91)),84)),(((98,52),(86,59)),67)),46)),((((51,77),((90,76),(89,100))),66),((60,63),85))),(((((96,(48,93)),62),(((61,73),64),92)),71),((((65,69),94),(57,55)),(88,78)))),(((((((10,18),14),(38,2)),(35,31)),(29,28)),(43,26)),(25,32))),((33,(16,(45,27))),(3,39))),(((((17,1),13),((34,41),(40,23))),22),((15,11),(37,((4,19),(5,12)))))),(36,((24,30),(8,44)))),(7,(42,(9,6)))),20),21);
Current score: 1.15899e+08
Current tree: ((((((((((((((95,((56,75),79)),53),((((99,49),50),81),((58,70),72))),(97,(54,(87,74)))),((((82,83),(((80,47),(68,91)),84)),(((98,52),(86,59)),67)),46)),((((51,77),((90,76),(89,100))),66),((60,63),85))),(((((96,(48,93)),62),(((61,73),64),92)),71),((((65,69),94),(57,55)),(88,78)))),(((((((10,18),14),(38,2)),(35,31)),(29,28)),(43,26)),(25,32))),((33,(16,(45,27))),(3,39))),(((((17,1),13),((34,41),(40,23))),22),((15,11),(37,((4,19),(5,12)))))),(36,((24,30),(8,44)))),(7,(42,(9,6)))),21),20);
Final Tree: ((((((((((((((95,((56,75),79)),53),((((99,49),50),81),((58,70),72))),(97,(54,(87,74)))),((((82,83),(((80,47),(68,91)),84)),(((98,52),(86,59)),67)),46)),((((51,77),((90,76),(89,100))),66),((60,63),85))),(((((96,(48,93)),62),(((61,73),64),92)),71),((((65,69),94),(57,55)),(88,78)))),(((((((10,18),14),(38,2)),(35,31)),(29,28)),(43,26)),(25,32))),((33,(16,(45,27))),(3,39))),(((((17,1),13),((34,41),(40,23))),22),((15,11),(37,((4,19),(5,12)))))),(36,((24,30),(8,44)))),(7,(42,(9,6)))),21),20);
#EqQuartets: 169825202
Score: 115899223
ASTRAL for PaRalogs and Orthologs III (ASTRAL-Pro3)
*** NOW with integrated CASTLES-Pro ***
Version: v1.22.3.6
Read 512 genetrees and found 100 species.
#Genetrees: 999
#Duploss: 55435
#Species: 100
#Rounds: 4
#Samples: 4
#Threads: 1
Use two-step algorithm!
Guide Tree 0/16
#NNI moves:12/152
Guide Tree 1/16
#NNI moves:10/152
Guide Tree 2/16
#NNI moves:6/152
Guide Tree 3/16
#NNI moves:0/152
Guide Tree 4/16
#NNI moves:8/152
Guide Tree 5/16
#NNI moves:2/152
Guide Tree 6/16
#NNI moves:16/152
Guide Tree 7/16
#NNI moves:6/152
Guide Tree 8/16
#NNI moves:2/152
Guide Tree 9/16
#NNI moves:6/152
Guide Tree 10/16
#NNI moves:4/152
Guide Tree 11/16
#NNI moves:6/152
Guide Tree 12/16
#NNI moves:6/152
Guide Tree 13/16
#NNI moves:14/152
Guide Tree 14/16
#NNI moves:6/152
Guide Tree 15/16
#NNI moves:0/152
Remaining: 0
#NNI moves:18/152
#NNI moves:18/152
(((((((((((((((1,58),(17,23)),(51,42)),6),((((4,(36,29)),38),3),31)),(((54,44),47),16)),((((50,28),33),12),(((56,26),((19,43),27)),((57,14),(7,34))))),(((((((70,65),92),((96,73),81)),(((60,95),71),(77,69))),79),((((97,74),(93,(((66,80),((87,76),63)),(68,84)))),(((((94,90),88),78),((83,89),64)),((((((99,85),67),86),(62,59)),(75,98)),100))),((72,(91,61)),82))),21)),10),(((46,(35,55)),45),(52,(15,5)))),((((((9,41),25),(18,8)),((11,40),39)),(22,2)),(((48,37),24),(32,20)))),13),49),30),53);
Guide Tree 0/16
#NNI moves:4/152
Guide Tree 1/16
#NNI moves:0/152
Guide Tree 2/16
#NNI moves:10/152
Guide Tree 3/16
#NNI moves:2/152
Guide Tree 4/16
#NNI moves:6/152
Guide Tree 5/16
#NNI moves:4/152
Guide Tree 6/16
#NNI moves:4/152
Guide Tree 7/16
#NNI moves:0/152
Guide Tree 8/16
#NNI moves:2/152
Guide Tree 9/16
#NNI moves:0/152
Guide Tree 10/16
#NNI moves:2/152
Guide Tree 11/16
#NNI moves:0/152
Guide Tree 12/16
#NNI moves:0/152
Guide Tree 13/16
#NNI moves:6/152
Guide Tree 14/16
#NNI moves:4/152
Guide Tree 15/16
#NNI moves:2/152
Remaining: 1
#NNI moves:26/152
#NNI moves:44/152
(((((((((((((((((80,66),(63,(76,87))),(68,84)),93),(74,97)),((100,(((86,((99,85),67)),(62,59)),(75,98))),(((83,89),64),((88,(94,90)),78)))),(82,((61,91),72))),(((((70,65),92),((73,96),81)),((71,(60,95)),(77,69))),79)),21),(((((((58,1),(17,23)),(51,42)),6),(((38,((29,36),4)),3),31)),((47,(54,44)),16)),((((50,28),33),12),((34,((14,57),7)),((27,(43,19)),(26,56)))))),10),((52,(15,5)),(45,(46,(55,35))))),((((48,37),24),(20,32)),((((8,18),(25,(9,41))),(39,(11,40))),(2,22)))),13),49),30),53);
Guide Tree 0/16
#NNI moves:0/152
Guide Tree 1/16
#NNI moves:0/152
Guide Tree 2/16
#NNI moves:0/152
Guide Tree 3/16
#NNI moves:0/152
Guide Tree 4/16
#NNI moves:2/152
Guide Tree 5/16
#NNI moves:0/152
Guide Tree 6/16
#NNI moves:0/152
Guide Tree 7/16
#NNI moves:0/152
Guide Tree 8/16
#NNI moves:6/152
Guide Tree 9/16
#NNI moves:2/152
Guide Tree 10/16
#NNI moves:0/152
Guide Tree 11/16
#NNI moves:0/152
Guide Tree 12/16
#NNI moves:2/152
Guide Tree 13/16
#NNI moves:0/152
Guide Tree 14/16
#NNI moves:0/152
Guide Tree 15/16
#NNI moves:0/152
Remaining: 0
#NNI moves:18/152
#NNI moves:30/152
((((((((((((((((83,89),64),(((94,90),88),78)),((((62,59),(((99,85),67),86)),(98,75)),100)),(((((63,(76,87)),(80,66)),(84,68)),93),(97,74))),((72,(61,91)),82)),(((((65,70),92),((73,96),81)),((69,77),((95,60),71))),79)),21),(((((3,(((36,29),4),38)),31),((((17,23),(58,1)),(42,51)),6)),(16,(47,(54,44)))),((((56,26),((19,43),27)),((14,57),(34,7))),(12,((28,50),33))))),10),((52,(15,5)),(45,(46,(35,55))))),(((((8,18),((9,41),25)),((11,40),39)),(2,22)),((32,20),((37,48),24)))),13),49),30),53);
Guide Tree 0/16
#NNI moves:4/152
Guide Tree 1/16
#NNI moves:8/152
Guide Tree 2/16
#NNI moves:0/152
Guide Tree 3/16
#NNI moves:0/152
Guide Tree 4/16
#NNI moves:8/152
Guide Tree 5/16
#NNI moves:0/152
Guide Tree 6/16
#NNI moves:8/152
Guide Tree 7/16
#NNI moves:6/152
Guide Tree 8/16
#NNI moves:2/152
Guide Tree 9/16
#NNI moves:0/152
Guide Tree 10/16
#NNI moves:2/152
Guide Tree 11/16
#NNI moves:2/152
Guide Tree 12/16
#NNI moves:2/152
Guide Tree 13/16
#NNI moves:0/152
Guide Tree 14/16
#NNI moves:0/152
Guide Tree 15/16
#NNI moves:0/152
Remaining: 0
#NNI moves:22/152
#NNI moves:28/152
(((((((((((((((((((85,99),67),86),(62,59)),(98,75)),100),((64,(83,89)),(78,((94,90),88)))),((97,74),((((80,66),(63,(76,87))),(68,84)),93))),(((61,91),72),82)),((((81,(73,96)),((70,65),92)),(((60,95),71),(77,69))),79)),21),((((((19,43),27),(56,26)),((7,34),(57,14))),((33,(50,28)),12)),((16,(47,(44,54))),((((((29,36),4),38),3),31),(6,((42,51),((58,1),(23,17)))))))),10),((52,(15,5)),(((55,35),46),45))),((((39,(11,40)),((18,8),(25,(41,9)))),(2,22)),((24,(37,48)),(20,32)))),13),49),30),53);
Initial score: 1.07322e+08
Initial tree: (((((((((((((((((((85,99),67),86),(62,59)),(98,75)),100),((64,(83,89)),(78,((94,90),88)))),((97,74),((((80,66),(63,(76,87))),(68,84)),93))),(((61,91),72),82)),((((81,(73,96)),((70,65),92)),(((60,95),71),(77,69))),79)),21),((((((19,43),27),(56,26)),((7,34),(57,14))),((33,(50,28)),12)),((16,(47,(44,54))),((((((29,36),4),38),3),31),(6,((42,51),((58,1),(23,17)))))))),10),((52,(15,5)),(((55,35),46),45))),((((39,(11,40)),((18,8),(25,(41,9)))),(2,22)),((24,(37,48)),(20,32)))),13),49),30),53);
*** Subsample Process ***
Use two-step algorithm!
#NNI moves:0/152
Remaining: 3
#NNI moves:12/152
#NNI moves:12/152
((((((((((((((((7,34),(57,14)),(((19,43),27),(26,56))),(12,(33,(50,28)))),((((3,((4,(29,36)),38)),31),(((42,51),((17,23),(58,1))),6)),((47,(54,44)),16))),((((((35,55),46),45),(52,(5,15))),((((((11,40),39),((18,8),(25,(41,9)))),(2,22)),((20,32),((37,48),24))),(((30,53),49),13))),10)),21),(((((70,65),92),((96,73),81)),(((95,60),71),(77,69))),79)),(((61,91),72),82)),((97,74),(93,((((76,87),63),(66,80)),(68,84))))),((((90,94),88),78),(64,(89,83)))),100),(98,75)),((67,(99,85)),86)),59),62);
#NNI moves:8/152
Remaining: 0
#NNI moves:16/152
#NNI moves:16/152
(((((((((((((34,7),(14,57)),(((43,19),27),(26,56))),(12,((28,50),33))),(((((42,51),((17,23),(1,58))),6),((((4,(36,29)),38),3),31)),(16,((44,54),47)))),((((((((98,75),(((67,(99,85)),86),(62,59))),100),((78,((94,90),88)),((89,83),64))),((((((87,76),63),(66,80)),(84,68)),93),(74,97))),((72,(61,91)),82)),((((92,(65,70)),((73,96),81)),((69,77),((95,60),71))),79)),21)),10),(((5,15),52),(((35,55),46),45))),((((37,48),24),(20,32)),(((((41,9),25),(8,18)),(39,(40,11))),(22,2)))),13),49),53),30);
#NNI moves:4/152
Remaining: 0
#NNI moves:12/152
#NNI moves:12/152
((((((((((((((((62,59),(86,((99,85),67))),(98,75)),100),((64,(83,89)),(78,((90,94),88)))),(((((66,80),((76,87),63)),(84,68)),93),(97,74))),((72,(91,61)),82)),(((((70,65),92),((96,73),81)),((71,(95,60)),(69,77))),79)),21),(((((((48,37),24),(20,32)),((((40,11),39),(((41,9),25),(8,18))),(2,22))),(((53,30),49),13)),((52,(5,15)),(((55,35),46),45))),10)),(((((42,51),((23,17),(1,58))),6),(((38,((36,29),4)),3),31)),(16,((44,54),47)))),(12,((50,28),33))),(((43,19),27),(56,26))),(7,34)),57),14);
#NNI moves:0/152
Remaining: 1
#NNI moves:48/152
#NNI moves:60/152
(((((((((((((((((36,29),4),38),3),31),(6,((42,51),((23,17),(1,58))))),(16,((44,54),47))),((((28,50),33),12),(((27,(19,43)),(56,26)),((14,57),(7,34))))),(((((((((((99,85),67),86),(59,62)),(75,98)),100),((64,(83,89)),(78,((94,90),88)))),((93,((((87,76),63),(66,80)),(68,84))),(97,74))),(((61,91),72),82)),(((((70,65),92),(81,(73,96))),(((60,95),71),(77,69))),79)),21)),10),(((15,5),52),(((35,55),46),45))),(((30,53),49),13)),((((11,40),39),((8,18),((9,41),25))),(2,22))),(32,20)),24),37),48);
Current score: 1.07322e+08
Current tree: ((30,(49,(13,((((((((((((36,29),4),38),3),31),(6,((42,51),((23,17),(1,58))))),(16,((44,54),47))),((((28,50),33),12),(((27,(19,43)),(56,26)),((14,57),(7,34))))),(((((((((((99,85),67),86),(59,62)),(75,98)),100),((64,(83,89)),(78,((94,90),88)))),((93,((((87,76),63),(66,80)),(68,84))),(97,74))),(((61,91),72),82)),(((((70,65),92),(81,(73,96))),(((60,95),71),(77,69))),79)),21)),10),(((15,5),52),(((35,55),46),45))),(((((11,40),39),((8,18),((9,41),25))),(2,22)),((32,20),(24,(37,48)))))))),53);
Final Tree: ((30,(49,(13,((((((((((((36,29),4),38),3),31),(6,((42,51),((23,17),(1,58))))),(16,((44,54),47))),((((28,50),33),12),(((27,(19,43)),(56,26)),((14,57),(7,34))))),(((((((((((99,85),67),86),(59,62)),(75,98)),100),((64,(83,89)),(78,((94,90),88)))),((93,((((87,76),63),(66,80)),(68,84))),(97,74))),(((61,91),72),82)),(((((70,65),92),(81,(73,96))),(((60,95),71),(77,69))),79)),21)),10),(((15,5),52),(((35,55),46),45))),(((((11,40),39),((8,18),((9,41),25))),(2,22)),((32,20),(24,(37,48)))))))),53);
#EqQuartets: 155882077
Score: 107321787
ASTRAL for PaRalogs and Orthologs III (ASTRAL-Pro3)
*** NOW with integrated CASTLES-Pro ***
Version: v1.22.3.6
Read 512 genetrees and found 100 species.
#Genetrees: 999
#Duploss: 49769
#Species: 100
#Rounds: 4
#Samples: 4
#Threads: 1
Use two-step algorithm!
Guide Tree 0/16
#NNI moves:0/152
Guide Tree 1/16
#NNI moves:4/152
Guide Tree 2/16
#NNI moves:0/152
Guide Tree 3/16
#NNI moves:4/152
Guide Tree 4/16
#NNI moves:0/152
Guide Tree 5/16
#NNI moves:0/152
Guide Tree 6/16
#NNI moves:4/152
Guide Tree 7/16
#NNI moves:0/152
Guide Tree 8/16
#NNI moves:10/152
Guide Tree 9/16
#NNI moves:6/152
Guide Tree 10/16
#NNI moves:10/152
Guide Tree 11/16
#NNI moves:6/152
Guide Tree 12/16
#NNI moves:6/152
Guide Tree 13/16
#NNI moves:4/152
Guide Tree 14/16
#NNI moves:6/152
Guide Tree 15/16
#NNI moves:10/152
Remaining: 0
#NNI moves:24/152
#NNI moves:40/152
((((((((((((((43,39),((69,44),(4,(49,48)))),(34,28)),37),(((((7,63),(10,25)),(18,65)),41),(71,62))),(((20,61),(46,17)),((36,13),54))),(53,(8,(22,30)))),((((59,((47,16),32)),((24,33),11)),((((64,58),38),((19,6),(50,(23,57)))),42)),45)),56),((((((98,87),83),73),95),(((((88,96),(((90,(99,89)),77),(92,79))),86),(81,100)),((82,91),97))),((((((80,84),94),(93,78)),(75,85)),74),76))),((((((26,21),52),68),55),(((14,66),1),2)),(((((3,9),29),(35,27)),70),60))),((67,40),((15,(12,72)),31))),51),5);
Guide Tree 0/16
#NNI moves:2/152
Guide Tree 1/16
#NNI moves:0/152
Guide Tree 2/16
#NNI moves:2/152
Guide Tree 3/16
#NNI moves:4/152
Guide Tree 4/16
#NNI moves:2/152
Guide Tree 5/16
#NNI moves:6/152
Guide Tree 6/16
#NNI moves:2/152
Guide Tree 7/16
#NNI moves:6/152
Guide Tree 8/16
#NNI moves:2/152
Guide Tree 9/16
#NNI moves:8/152
Guide Tree 10/16
#NNI moves:2/152
Guide Tree 11/16
#NNI moves:6/152
Guide Tree 12/16
#NNI moves:2/152
Guide Tree 13/16
#NNI moves:2/152
Guide Tree 14/16
#NNI moves:0/152
Guide Tree 15/16
#NNI moves:8/152
Remaining: 0
#NNI moves:16/152
#NNI moves:16/152
(((((((((((((((18,65),((10,25),(63,7))),41),(62,71)),(((34,28),(((4,(49,48)),(44,69)),(39,43))),37)),53),(((20,61),(17,46)),((36,13),54))),((22,30),8)),(((((24,33),11),(59,((47,16),32))),(42,((((57,23),50),(6,19)),((58,64),38)))),45)),56),((((73,((87,98),83)),95),(((100,81),((((((99,89),90),77),(79,92)),(96,88)),86)),((91,82),97))),(((((78,93),((84,80),94)),(75,85)),74),76))),(((2,(1,(14,66))),((((26,21),52),68),55)),(((((3,9),29),(35,27)),70),60))),((((12,72),15),31),(67,40))),51),5);
Guide Tree 0/16
#NNI moves:0/152
Guide Tree 1/16
#NNI moves:0/152
Guide Tree 2/16
#NNI moves:0/152
Guide Tree 3/16
#NNI moves:0/152
Guide Tree 4/16
#NNI moves:2/152
Guide Tree 5/16
#NNI moves:0/152
Guide Tree 6/16
#NNI moves:8/152
Guide Tree 7/16
#NNI moves:6/152
Guide Tree 8/16
#NNI moves:4/152
Guide Tree 9/16
#NNI moves:2/152
Guide Tree 10/16
#NNI moves:2/152
Guide Tree 11/16
#NNI moves:6/152
Guide Tree 12/16
#NNI moves:0/152
Guide Tree 13/16
#NNI moves:2/152
Guide Tree 14/16
#NNI moves:0/152
Guide Tree 15/16
#NNI moves:0/152
Remaining: 2
#NNI moves:10/152
#NNI moves:16/152
(((((((((((87,98),83),73),95),((((((92,79),((90,(89,99)),77)),(88,96)),86),(81,100)),((91,82),97))),(((((78,93),((80,84),94)),(75,85)),74),76)),((((((((50,(23,57)),(19,6)),(38,(64,58))),42),(((24,33),11),(((47,16),32),59))),45),((((((((65,18),((7,63),(25,10))),41),(71,62)),(((34,28),((((49,48),4),(69,44)),(39,43))),37)),53),(((17,46),(20,61)),((36,13),54))),((30,22),8))),56)),(((55,(((21,26),52),68)),(2,((66,14),1))),(((((9,3),29),(27,35)),70),60))),((67,40),(((72,12),15),31))),51),5);
Guide Tree 0/16
#NNI moves:2/152
Guide Tree 1/16
#NNI moves:2/152
Guide Tree 2/16
#NNI moves:0/152
Guide Tree 3/16
#NNI moves:0/152
Guide Tree 4/16
#NNI moves:12/152
Guide Tree 5/16
#NNI moves:2/152
Guide Tree 6/16
#NNI moves:20/152
Guide Tree 7/16
#NNI moves:12/152
Guide Tree 8/16
#NNI moves:8/152
Guide Tree 9/16
#NNI moves:6/152
Guide Tree 10/16
#NNI moves:6/152
Guide Tree 11/16
#NNI moves:0/152
Guide Tree 12/16
#NNI moves:2/152
Guide Tree 13/16
#NNI moves:6/152
Guide Tree 14/16
#NNI moves:6/152
Guide Tree 15/16
#NNI moves:6/152
Remaining: 0
#NNI moves:12/152
#NNI moves:12/152
((((((((((75,85),((93,78),((84,80),94))),74),76),(((((98,87),83),73),95),(((100,81),(((((90,(89,99)),77),(79,92)),(96,88)),86)),(97,(82,91))))),(((((((((28,34),(((44,69),(4,(49,48))),(43,39))),37),((62,71),(((18,65),((7,63),(25,10))),41))),53),(((46,17),(20,61)),((13,36),54))),(8,(22,30))),(((((((23,57),50),(19,6)),((58,64),38)),42),((59,((47,16),32)),((33,24),11))),45)),56)),((((((21,26),52),68),55),((1,(14,66)),2)),((((35,27),(29,(9,3))),70),60))),((31,((12,72),15)),(67,40))),51),5);
Initial score: 1.09346e+08
Initial tree: ((((((((((75,85),((93,78),((84,80),94))),74),76),(((((98,87),83),73),95),(((100,81),(((((90,(89,99)),77),(79,92)),(96,88)),86)),(97,(82,91))))),(((((((((28,34),(((44,69),(4,(49,48))),(43,39))),37),((62,71),(((18,65),((7,63),(25,10))),41))),53),(((46,17),(20,61)),((13,36),54))),(8,(22,30))),(((((((23,57),50),(19,6)),((58,64),38)),42),((59,((47,16),32)),((33,24),11))),45)),56)),((((((21,26),52),68),55),((1,(14,66)),2)),((((35,27),(29,(9,3))),70),60))),((31,((12,72),15)),(67,40))),51),5);
*** Subsample Process ***
Use two-step algorithm!
#NNI moves:8/152
Remaining: 0
#NNI moves:20/152
#NNI moves:20/152
(((((((((((((((4,(48,49)),(69,44)),(39,43)),(28,34)),37),(((((7,63),(10,25)),(65,18)),41),(71,62))),53),(((20,61),(46,17)),((13,36),54))),((30,22),8)),(((((32,(16,47)),59),((33,24),11)),(((((23,57),50),(19,6)),((58,64),38)),42)),45)),56),((((67,40),(((72,12),15),31)),(51,5)),(((55,(((26,21),52),68)),(2,(1,(66,14)))),((((29,(9,3)),(35,27)),70),60)))),(((((((((99,89),90),77),(79,92)),(88,96)),86),(81,100)),((91,82),97)),((((98,87),83),73),95))),((((93,78),((84,80),94)),(75,85)),74)),76);
#NNI moves:0/152
Remaining: 1
#NNI moves:4/152
#NNI moves:10/152
((((((((((((((((((48,49),4),(44,69)),(43,39)),(28,34)),37),(((((7,63),(25,10)),(65,18)),41),(71,62))),53),(((17,46),(61,20)),(54,(13,36)))),((22,30),8)),((((((19,6),(50,(23,57))),(38,(64,58))),42),(((24,33),11),(((47,16),32),59))),45)),56),(((95,(73,((98,87),83))),(((81,100),((((92,79),(((99,89),90),77)),(88,96)),86)),((91,82),97))),((74,(((94,(80,84)),(78,93)),(85,75))),76))),((((((26,21),52),68),55),(2,((66,14),1))),((((29,(3,9)),(35,27)),70),60))),(5,51)),(31,((12,72),15))),67),40);
#NNI moves:2/152
Remaining: 0
#NNI moves:30/152
#NNI moves:30/152
(((((((((((((((((((21,26),52),68),55),(((14,66),1),2)),(((((3,9),29),(27,35)),70),60)),(((((72,12),15),31),(67,40)),(5,51))),(((95,(73,((98,87),83))),((((((((99,89),90),77),(92,79)),(96,88)),86),(81,100)),((82,91),97))),(76,(74,(((94,(84,80)),(78,93)),(75,85)))))),56),((((((19,6),((57,23),50)),((64,58),38)),42),((59,(32,(47,16))),((33,24),11))),45)),(((30,22),8),53)),((54,(13,36)),((46,17),(20,61)))),((((43,39),(((48,49),4),(44,69))),(34,28)),37)),(62,71)),41),(65,18)),(25,10)),63),7);
#NNI moves:2/152
Remaining: 0
#NNI moves:16/152
#NNI moves:20/152
(((((((((((((((((49,48),4),(69,44)),(43,39)),(34,28)),37),((62,71),((((10,25),(63,7)),(18,65)),41))),(((17,46),(20,61)),((13,36),54))),(53,((30,22),8))),(((((((23,57),50),(6,19)),(38,(58,64))),42),(((33,24),11),(((47,16),32),59))),45)),56),((((((((79,92),(((99,89),90),77)),(88,96)),86),(100,81)),(97,(82,91))),(95,(73,((98,87),83)))),((((85,75),((78,93),((80,84),94))),74),76))),((((((3,9),29),(35,27)),70),60),((((66,14),1),2),(55,((52,(26,21)),68))))),(51,5)),(31,(15,(72,12)))),40),67);
Current score: 1.09346e+08
Current tree: ((51,(((((((((((((((49,48),4),(69,44)),(43,39)),(34,28)),37),((62,71),((((10,25),(63,7)),(18,65)),41))),53),(((17,46),(20,61)),((13,36),54))),((30,22),8)),(((((((23,57),50),(6,19)),(38,(58,64))),42),(((33,24),11),(((47,16),32),59))),45)),56),((((((((79,92),(((99,89),90),77)),(88,96)),86),(100,81)),(97,(82,91))),(95,(73,((98,87),83)))),((((85,75),((78,93),((80,84),94))),74),76))),((((((3,9),29),(35,27)),70),60),((((66,14),1),2),(55,((52,(26,21)),68))))),((31,(15,(72,12))),(40,67)))),5);
Final Tree: ((51,(((((((((((((((49,48),4),(69,44)),(43,39)),(34,28)),37),((62,71),((((10,25),(63,7)),(18,65)),41))),53),(((17,46),(20,61)),((13,36),54))),((30,22),8)),(((((((23,57),50),(6,19)),(38,(58,64))),42),(((33,24),11),(((47,16),32),59))),45)),56),((((((((79,92),(((99,89),90),77)),(88,96)),86),(100,81)),(97,(82,91))),(95,(73,((98,87),83)))),((((85,75),((78,93),((80,84),94))),74),76))),((((((3,9),29),(35,27)),70),60),((((66,14),1),2),(55,((52,(26,21)),68))))),((31,(15,(72,12))),(40,67)))),5);
#EqQuartets: 159921764
Score: 109346116
ASTRAL for PaRalogs and Orthologs III (ASTRAL-Pro3)
*** NOW with integrated CASTLES-Pro ***
Version: v1.22.3.6
Read 512 genetrees and found 100 species.
#Genetrees: 995
#Duploss: 48153
#Species: 100
#Rounds: 4
#Samples: 4
#Threads: 1
Use two-step algorithm!
Guide Tree 0/16
#NNI moves:0/152
Guide Tree 1/16
#NNI moves:0/152
Guide Tree 2/16
#NNI moves:0/152
Guide Tree 3/16
#NNI moves:0/152
Guide Tree 4/16
#NNI moves:6/152
Guide Tree 5/16
#NNI moves:0/152
Guide Tree 6/16
#NNI moves:10/152
Guide Tree 7/16
#NNI moves:0/152
Guide Tree 8/16
#NNI moves:4/152
Guide Tree 9/16
#NNI moves:6/152
Guide Tree 10/16
#NNI moves:0/152
Guide Tree 11/16
#NNI moves:8/152
Guide Tree 12/16
#NNI moves:4/152
Guide Tree 13/16
#NNI moves:8/152
Guide Tree 14/16
#NNI moves:4/152
Guide Tree 15/16
#NNI moves:4/152
Remaining: 0
#NNI moves:10/152
#NNI moves:10/152
((((((((((((((((((((((70,67),35),28),32),((9,14),(((25,13),43),11))),(44,16)),(54,62)),(((38,(71,(47,80))),37),(69,((76,(55,18)),(65,30))))),1),(((34,7),(19,(6,10))),(75,(23,60)))),83),((91,85),(((86,95),((93,99),((100,89),96))),((((97,82),(92,88)),(87,81)),((90,(98,94)),84))))),(((22,45),((((41,36),(52,63)),(77,(29,(51,79)))),(59,(24,72)))),50)),(78,66)),((((2,8),56),74),(((21,61),5),(68,26)))),40),(((49,3),(46,12)),15)),((57,48),(53,20))),(((42,31),58),(39,73))),(27,(17,4))),33),64);
Guide Tree 0/16
#NNI moves:0/152
Guide Tree 1/16
#NNI moves:0/152
Guide Tree 2/16
#NNI moves:0/152
Guide Tree 3/16
#NNI moves:0/152
Guide Tree 4/16
#NNI moves:0/152
Guide Tree 5/16
#NNI moves:0/152
Guide Tree 6/16
#NNI moves:0/152
Guide Tree 7/16
#NNI moves:0/152
Guide Tree 8/16
#NNI moves:0/152
Guide Tree 9/16
#NNI moves:0/152
Guide Tree 10/16
#NNI moves:0/152
Guide Tree 11/16
#NNI moves:0/152
Guide Tree 12/16
#NNI moves:0/152
Guide Tree 13/16
#NNI moves:0/152
Guide Tree 14/16
#NNI moves:0/152
Guide Tree 15/16
#NNI moves:0/152
Remaining: 3
#NNI moves:40/152
#NNI moves:40/152
(((((((((((((((((((76,(18,55)),(65,30)),69),((((47,80),71),38),37)),((62,54),((((9,14),(((13,25),43),11)),((28,((67,70),35)),32)),(16,44)))),1),((((6,10),19),(34,7)),((23,60),75))),83),((((((89,100),96),(99,93)),(95,86)),((((82,97),(92,88)),(87,81)),(((94,98),90),84))),(91,85))),(((((((79,51),29),77),((36,41),(63,52))),((72,24),59)),(45,22)),50)),(66,78)),(((5,(61,21)),(26,68)),((56,(2,8)),74))),40),(((49,3),(12,46)),15)),((20,53),(57,48))),((73,39),((31,42),58))),(27,(4,17))),33),64);
Guide Tree 0/16
#NNI moves:2/152
Guide Tree 1/16
#NNI moves:0/152
Guide Tree 2/16
#NNI moves:2/152
Guide Tree 3/16
#NNI moves:2/152
Guide Tree 4/16
#NNI moves:0/152
Guide Tree 5/16
#NNI moves:6/152
Guide Tree 6/16
#NNI moves:2/152
Guide Tree 7/16
#NNI moves:0/152
Guide Tree 8/16
#NNI moves:6/152
Guide Tree 9/16
#NNI moves:0/152
Guide Tree 10/16
#NNI moves:12/152
Guide Tree 11/16
#NNI moves:4/152
Guide Tree 12/16
#NNI moves:2/152
Guide Tree 13/16
#NNI moves:2/152
Guide Tree 14/16
#NNI moves:2/152
Guide Tree 15/16
#NNI moves:0/152
Remaining: 1
#NNI moves:16/152
#NNI moves:16/152
(((((((((((((((((88,92),(82,97)),(81,87)),(((98,94),90),84)),((((100,89),96),(93,99)),(86,95))),(83,(91,85))),((((((((9,14),(((13,25),43),11)),((28,((67,70),35)),32)),(16,44)),(54,62)),(((((18,55),76),(65,30)),69),(37,(38,(71,(80,47)))))),1),((((10,6),19),(34,7)),((60,23),75)))),(((((77,((79,51),29)),((41,36),(63,52))),((24,72),59)),(22,45)),50)),(78,66)),(((68,26),((61,21),5)),((56,(8,2)),74))),40),(15,((3,49),(46,12)))),((48,57),(20,53))),((73,39),((42,31),58))),((4,17),27)),33),64);
Guide Tree 0/16
#NNI moves:0/152
Guide Tree 1/16
#NNI moves:0/152
Guide Tree 2/16
#NNI moves:0/152
Guide Tree 3/16
#NNI moves:0/152
Guide Tree 4/16
#NNI moves:2/152
Guide Tree 5/16
#NNI moves:4/152
Guide Tree 6/16
#NNI moves:0/152
Guide Tree 7/16
#NNI moves:2/152
Guide Tree 8/16
#NNI moves:2/152
Guide Tree 9/16
#NNI moves:6/152
Guide Tree 10/16
#NNI moves:0/152
Guide Tree 11/16
#NNI moves:0/152
Guide Tree 12/16
#NNI moves:4/152
Guide Tree 13/16
#NNI moves:0/152
Guide Tree 14/16
#NNI moves:8/152
Guide Tree 15/16
#NNI moves:2/152
Remaining: 1
#NNI moves:20/152
#NNI moves:28/152
((((((((((((((((((((14,9),(((25,13),43),11)),(32,((35,(70,67)),28))),(16,44)),(62,54)),(((((18,55),76),(30,65)),69),((38,((80,47),71)),37))),1),(((34,7),(19,(10,6))),(75,(23,60)))),83),(((((81,87),((92,88),(97,82))),((90,(98,94)),84)),((((89,100),96),(93,99)),(95,86))),(91,85))),(((((((51,79),29),77),((52,63),(41,36))),(59,(24,72))),(22,45)),50)),(66,78)),((((61,21),5),(26,68)),(((8,2),56),74))),40),(((12,46),(3,49)),15)),((20,53),(48,57))),((39,73),(58,(31,42)))),((4,17),27)),33),64);
Initial score: 1.53405e+08
Initial tree: ((((((((((((((((((((14,9),(((25,13),43),11)),(32,((35,(70,67)),28))),(16,44)),(62,54)),(((((18,55),76),(30,65)),69),((38,((80,47),71)),37))),1),(((34,7),(19,(10,6))),(75,(23,60)))),83),(((((81,87),((92,88),(97,82))),((90,(98,94)),84)),((((89,100),96),(93,99)),(95,86))),(91,85))),(((((((51,79),29),77),((52,63),(41,36))),(59,(24,72))),(22,45)),50)),(66,78)),((((61,21),5),(26,68)),(((8,2),56),74))),40),(((12,46),(3,49)),15)),((20,53),(48,57))),((39,73),(58,(31,42)))),((4,17),27)),33),64);
*** Subsample Process ***
Use two-step algorithm!
#NNI moves:0/152
Remaining: 0
#NNI moves:8/152
#NNI moves:8/152
((((((((((((((((88,92),(82,97)),(81,87)),(84,((98,94),90))),((((100,89),96),(93,99)),(86,95))),((91,85),83)),(((((((63,52),(36,41)),((29,(79,51)),77)),(59,(72,24))),(22,45)),50),((78,66),(((((((33,64),((4,17),27)),((39,73),((31,42),58))),((20,53),(48,57))),(15,((49,3),(46,12)))),40),((((21,61),5),(26,68)),(((8,2),56),74)))))),(((34,7),((6,10),19)),(75,(23,60)))),1),(((38,(71,(47,80))),37),((((55,18),76),(30,65)),69))),(54,62)),(16,44)),(32,(((67,70),35),28))),(((25,13),43),11)),9),14);
#NNI moves:0/152
Remaining: 0
#NNI moves:16/152
#NNI moves:16/152
((((((((((((((((((16,44),(((9,14),(((25,13),43),11)),(((35,(70,67)),28),32))),(62,54)),(((38,((80,47),71)),37),(((30,65),((55,18),76)),69))),1),((((10,6),19),(7,34)),(75,(60,23)))),83),((((((92,88),(97,82)),(81,87)),(((98,94),90),84)),(((96,(100,89)),(99,93)),(86,95))),(85,91))),((((((52,63),(41,36)),(((79,51),29),77)),((24,72),59)),(22,45)),50)),(66,78)),((((21,61),5),(68,26)),((56,(2,8)),74))),40),(((49,3),(12,46)),15)),((53,20),(48,57))),((73,39),(58,(42,31)))),((17,4),27)),64),33);
#NNI moves:2/152
Remaining: 0
#NNI moves:18/152
#NNI moves:18/152
((((((((((((((((((53,20),(48,57)),(((27,(4,17)),(64,33)),(((31,42),58),(73,39)))),(((49,3),(12,46)),15)),40),((74,((2,8),56)),((26,68),(5,(61,21))))),(66,78)),(((((((51,79),29),77),((52,63),(41,36))),((72,24),59)),(22,45)),50)),(((((87,81),((97,82),(92,88))),(((94,98),90),84)),(((96,(100,89)),(99,93)),(95,86))),((91,85),83))),(((7,34),((6,10),19)),(75,(60,23)))),1),(((38,((80,47),71)),37),((((55,18),76),(30,65)),69))),(54,62)),(16,44)),(((35,(70,67)),28),32)),(((25,13),43),11)),9),14);
#NNI moves:0/152
Remaining: 0
#NNI moves:0/152
#NNI moves:0/152
(((((((((((((((34,7),((10,6),19)),(75,(23,60))),(((((((47,80),71),38),37),(69,((30,65),((55,18),76)))),(((44,16),(((((25,13),43),11),(14,9)),(((35,(70,67)),28),32))),(54,62))),1)),(((((93,99),((100,89),96)),(86,95)),(((90,(98,94)),84),(((92,88),(97,82)),(87,81)))),((91,85),83))),(((((24,72),59),(((52,63),(41,36)),(77,((51,79),29)))),(22,45)),50)),(78,66)),(((56,(8,2)),74),((68,26),((61,21),5)))),40),(((12,46),(3,49)),15)),((57,48),(20,53))),((58,(42,31)),(73,39))),(33,64)),(4,17)),27);
Current score: 1.53405e+08
Current tree: ((33,((((((((((((((34,7),((10,6),19)),(75,(23,60))),(((((((47,80),71),38),37),(69,((30,65),((55,18),76)))),(((44,16),(((((25,13),43),11),(14,9)),(((35,(70,67)),28),32))),(54,62))),1)),83),(((((93,99),((100,89),96)),(86,95)),(((90,(98,94)),84),(((92,88),(97,82)),(87,81)))),(91,85))),(((((24,72),59),(((52,63),(41,36)),(77,((51,79),29)))),(22,45)),50)),(78,66)),(((56,(8,2)),74),((68,26),((61,21),5)))),40),(((12,46),(3,49)),15)),((57,48),(20,53))),((58,(42,31)),(73,39))),((4,17),27))),64);
Final Tree: ((33,((((((((((((((34,7),((10,6),19)),(75,(23,60))),(((((((47,80),71),38),37),(69,((30,65),((55,18),76)))),(((44,16),(((((25,13),43),11),(14,9)),(((35,(70,67)),28),32))),(54,62))),1)),83),(((((93,99),((100,89),96)),(86,95)),(((90,(98,94)),84),(((92,88),(97,82)),(87,81)))),(91,85))),(((((24,72),59),(((52,63),(41,36)),(77,((51,79),29)))),(22,45)),50)),(78,66)),(((56,(8,2)),74),((68,26),((61,21),5)))),40),(((12,46),(3,49)),15)),((57,48),(20,53))),((58,(42,31)),(73,39))),((4,17),27))),64);
#EqQuartets: 212971038
Score: 153404533
ASTRAL for PaRalogs and Orthologs III (ASTRAL-Pro3)
*** NOW with integrated CASTLES-Pro ***
Version: v1.22.3.6
Read 512 genetrees and found 100 species.
#Genetrees: 1000
#Duploss: 54323
#Species: 100
#Rounds: 4
#Samples: 4
#Threads: 1
Use two-step algorithm!
Guide Tree 0/16
#NNI moves:2/152
Guide Tree 1/16
#NNI moves:8/152
Guide Tree 2/16
#NNI moves:12/152
Guide Tree 3/16
#NNI moves:6/152
Guide Tree 4/16
#NNI moves:2/152
Guide Tree 5/16
#NNI moves:16/152
Guide Tree 6/16
#NNI moves:6/152
Guide Tree 7/16
#NNI moves:12/152
Guide Tree 8/16
#NNI moves:6/152
Guide Tree 9/16
#NNI moves:6/152
Guide Tree 10/16
#NNI moves:12/152
Guide Tree 11/16
#NNI moves:0/152
Guide Tree 12/16
#NNI moves:2/152
Guide Tree 13/16
#NNI moves:0/152
Guide Tree 14/16
#NNI moves:4/152
Guide Tree 15/16
#NNI moves:12/152
Remaining: 0
#NNI moves:44/152
#NNI moves:44/152
(((((((((((((((((28,34),(14,25)),37),((((((38,12),29),(((22,(26,27)),30),39)),3),8),((7,32),(5,23)))),(((2,(21,10)),(18,1)),((16,(11,40)),6))),((33,(((((41,31),17),(35,4)),((19,20),36)),(9,(15,24)))),(42,13))),(((((92,(62,86)),87),(99,93)),(((((94,46),((48,89),91)),56),47),82)),((80,43),45))),(((95,90),63),((49,60),88))),(51,((70,61),85))),(((50,65),(97,74)),(78,75))),(59,57)),((((54,73),(58,55)),79),72)),((81,((69,44),67)),83)),((((64,52),71),53),(66,((77,76),96)))),(100,84)),98),68);
Guide Tree 0/16
#NNI moves:14/152
Guide Tree 1/16
#NNI moves:0/152
Guide Tree 2/16
#NNI moves:6/152
Guide Tree 3/16
#NNI moves:4/152
Guide Tree 4/16
#NNI moves:2/152
Guide Tree 5/16
#NNI moves:2/152
Guide Tree 6/16
#NNI moves:8/152
Guide Tree 7/16
#NNI moves:0/152
Guide Tree 8/16
#NNI moves:10/152
Guide Tree 9/16
#NNI moves:0/152
Guide Tree 10/16
#NNI moves:0/152
Guide Tree 11/16
#NNI moves:0/152
Guide Tree 12/16
#NNI moves:16/152
Guide Tree 13/16
#NNI moves:0/152
Guide Tree 14/16
#NNI moves:14/152
Guide Tree 15/16
#NNI moves:8/152
Remaining: 1
#NNI moves:40/152
#NNI moves:40/152
(((((((((44,69),67),81),83),(((((((((((56,((94,46),(91,(48,89)))),47),82),((((86,62),92),87),(93,99))),((43,80),45)),(((((2,(10,21)),(1,18)),(((40,11),16),6)),((((23,5),(7,32)),(((((((26,27),22),30),39),((12,38),29)),3),8)),(((25,14),(28,34)),37))),(((((15,24),9),(((4,35),(17,(31,41))),((20,19),36))),33),(42,13)))),(((95,90),63),(88,(60,49)))),((85,(61,70)),51)),(((50,65),(97,74)),(75,78))),(59,57)),((((55,58),(54,73)),79),72))),((((76,77),96),66),(53,((52,64),71)))),(84,100)),98),68);
Guide Tree 0/16
#NNI moves:2/152
Guide Tree 1/16
#NNI moves:2/152
Guide Tree 2/16
#NNI moves:0/152
Guide Tree 3/16
#NNI moves:6/152
Guide Tree 4/16
#NNI moves:2/152
Guide Tree 5/16
#NNI moves:0/152
Guide Tree 6/16
#NNI moves:0/152
Guide Tree 7/16
#NNI moves:2/152
Guide Tree 8/16
#NNI moves:4/152
Guide Tree 9/16
#NNI moves:6/152
Guide Tree 10/16
#NNI moves:0/152
Guide Tree 11/16
#NNI moves:0/152
Guide Tree 12/16
#NNI moves:6/152
Guide Tree 13/16
#NNI moves:4/152
Guide Tree 14/16
#NNI moves:0/152
Guide Tree 15/16
#NNI moves:0/152
Remaining: 0
#NNI moves:34/152
#NNI moves:44/152
(((((((((((((((((((29,(12,38)),(39,(((27,26),22),30))),3),8),((5,23),(32,7))),(((28,34),(14,25)),37)),(((2,(21,10)),(1,18)),(((40,11),16),6))),((((9,(15,24)),(((19,20),36),(((31,41),17),(4,35)))),33),(42,13))),(((80,43),45),(((87,((62,86),92)),(99,93)),(82,((((91,(89,48)),(46,94)),56),47))))),(((60,49),88),((90,95),63))),(51,(85,(70,61)))),(((74,97),(50,65)),(78,75))),(59,57)),((((55,58),(54,73)),79),72)),(83,((67,(44,69)),81))),((((76,77),96),66),(((52,64),71),53))),(84,100)),98),68);
Guide Tree 0/16
#NNI moves:2/152
Guide Tree 1/16
#NNI moves:2/152
Guide Tree 2/16
#NNI moves:2/152
Guide Tree 3/16
#NNI moves:4/152
Guide Tree 4/16
#NNI moves:6/152
Guide Tree 5/16
#NNI moves:8/152
Guide Tree 6/16
#NNI moves:12/152
Guide Tree 7/16
#NNI moves:6/152
Guide Tree 8/16
#NNI moves:2/152
Guide Tree 9/16
#NNI moves:0/152
Guide Tree 10/16
#NNI moves:8/152
Guide Tree 11/16
#NNI moves:2/152
Guide Tree 12/16
#NNI moves:2/152
Guide Tree 13/16
#NNI moves:0/152
Guide Tree 14/16
#NNI moves:0/152
Guide Tree 15/16
#NNI moves:4/152
Remaining: 2
#NNI moves:0/152
#NNI moves:10/152
((((((((((((((((((((((27,26),22),30),39),((12,38),29)),3),8),((23,5),(7,32))),(((28,34),(25,14)),37)),((6,((11,40),16)),((18,1),(2,(10,21))))),(((((((31,41),17),(4,35)),((20,19),36)),(9,(24,15))),33),(42,13))),(((43,80),45),(((87,(92,(62,86))),(99,93)),(((56,(((89,48),91),(46,94))),47),82)))),((88,(49,60)),((95,90),63))),(((70,61),85),51)),(((97,74),(50,65)),(75,78))),(59,57)),((79,((73,54),(58,55))),72)),(((67,(69,44)),81),83)),((53,((64,52),71)),(((77,76),96),66))),(84,100)),98),68);
Initial score: 1.05027e+08
Initial tree: ((((((((((((((((((((((27,26),22),30),39),((12,38),29)),3),8),((23,5),(7,32))),(((28,34),(25,14)),37)),((6,((11,40),16)),((18,1),(2,(10,21))))),(((((((31,41),17),(4,35)),((20,19),36)),(9,(24,15))),33),(42,13))),(((43,80),45),(((87,(92,(62,86))),(99,93)),(((56,(((89,48),91),(46,94))),47),82)))),((88,(49,60)),((95,90),63))),(((70,61),85),51)),(((97,74),(50,65)),(75,78))),(59,57)),((79,((73,54),(58,55))),72)),(((67,(69,44)),81),83)),((53,((64,52),71)),(((77,76),96),66))),(84,100)),98),68);
*** Subsample Process ***
Use two-step algorithm!
#NNI moves:2/152
Remaining: 3
#NNI moves:24/152
#NNI moves:26/152
((((((((((((((((((44,69),67),81),83),(((((77,76),96),66),(53,((52,64),71))),((98,68),(84,100)))),((((73,54),(55,58)),79),72)),(59,57)),(((50,65),(97,74)),(78,75))),(((70,61),85),51)),((63,(90,95)),((49,60),88))),(((((((94,46),(91,(89,48))),56),47),82),((87,((86,62),92)),(99,93))),(45,(43,80)))),(((((36,(20,19)),((17,(41,31)),(4,35))),(9,(24,15))),33),(13,42))),((((40,11),16),6),(((10,21),2),(1,18)))),(((28,34),(14,25)),37)),((5,23),(7,32))),8),((29,(12,38)),(((22,(27,26)),30),39))),3);
#NNI moves:0/152
Remaining: 1
#NNI moves:10/152
#NNI moves:10/152
((((((((((55,58),(73,54)),79),72),(((((((((((11,40),16),6),((2,(21,10)),(18,1))),((((((((22,(27,26)),30),39),(29,(12,38))),3),8),((5,23),(32,7))),(37,((14,25),(34,28))))),((((((20,19),36),(((41,31),17),(4,35))),((24,15),9)),33),(13,42))),((((((62,86),92),87),(93,99)),(82,((((94,46),((89,48),91)),56),47))),(45,(43,80)))),(((90,95),63),((49,60),88))),(((61,70),85),51)),(((74,97),(65,50)),(78,75))),(57,59))),((81,(67,(69,44))),83)),((((77,76),96),66),((71,(52,64)),53))),(100,84)),68),98);
#NNI moves:0/152
Remaining: 0
#NNI moves:12/152
#NNI moves:12/152
((((((((((((57,59),(((((((77,76),96),66),(53,(71,(52,64)))),((84,100),(68,98))),((((44,69),67),81),83)),(72,(((55,58),(73,54)),79)))),(((50,65),(74,97)),(75,78))),(((61,70),85),51)),(((90,95),63),((60,49),88))),((((((86,62),92),87),(99,93)),(((((94,46),((89,48),91)),56),47),82)),(45,(80,43)))),(((((((41,31),17),(4,35)),((20,19),36)),((15,24),9)),33),(42,13))),(((((((((26,27),22),30),39),((38,12),29)),3),8),((7,32),(5,23))),(((34,28),(14,25)),37))),(6,((11,40),16))),((10,21),2)),1),18);
#NNI moves:0/152
Remaining: 1
#NNI moves:30/152
#NNI moves:38/152
(((((((((((((((((7,32),(5,23)),(((((12,38),29),(((22,(26,27)),30),39)),3),8)),(((28,34),(25,14)),37)),((((21,10),2),(18,1)),((16,(40,11)),6))),(((((24,15),9),(((20,19),36),(((41,31),17),(35,4)))),33),(42,13))),((45,(80,43)),(((((62,86),92),87),(99,93)),(((((91,(48,89)),(94,46)),56),47),82)))),(((90,95),63),((60,49),88))),(((70,61),85),51)),(((50,65),(97,74)),(78,75))),(59,57)),((((58,55),(73,54)),79),72)),((((69,44),67),81),83)),((84,100),(98,68))),((96,(76,77)),66)),(71,(64,52))),53);
Current score: 1.05027e+08
Current tree: ((98,((84,100),((((((((((((((7,32),(5,23)),(((((12,38),29),(((22,(26,27)),30),39)),3),8)),(((28,34),(25,14)),37)),((((21,10),2),(18,1)),((16,(40,11)),6))),(((((24,15),9),(((20,19),36),(((41,31),17),(35,4)))),33),(42,13))),((45,(80,43)),(((((62,86),92),87),(99,93)),(((((91,(48,89)),(94,46)),56),47),82)))),(((90,95),63),((60,49),88))),(((70,61),85),51)),(((50,65),(97,74)),(78,75))),(59,57)),((((58,55),(73,54)),79),72)),((((69,44),67),81),83)),(((96,(76,77)),66),((71,(64,52)),53))))),68);
Final Tree: ((98,((84,100),((((((((((((((7,32),(5,23)),(((((12,38),29),(((22,(26,27)),30),39)),3),8)),(((28,34),(25,14)),37)),((((21,10),2),(18,1)),((16,(40,11)),6))),(((((24,15),9),(((20,19),36),(((41,31),17),(35,4)))),33),(42,13))),((45,(80,43)),(((((62,86),92),87),(99,93)),(((((91,(48,89)),(94,46)),56),47),82)))),(((90,95),63),((60,49),88))),(((70,61),85),51)),(((50,65),(97,74)),(78,75))),(59,57)),((((58,55),(73,54)),79),72)),((((69,44),67),81),83)),(((96,(76,77)),66),((71,(64,52)),53))))),68);
#EqQuartets: 152332887
Score: 105027410
ASTRAL for PaRalogs and Orthologs III (ASTRAL-Pro3)
*** NOW with integrated CASTLES-Pro ***
Version: v1.22.3.6
Read 512 genetrees and found 100 species.
#Genetrees: 999
#Duploss: 47555
#Species: 100
#Rounds: 4
#Samples: 4
#Threads: 1
Use two-step algorithm!
Guide Tree 0/16
#NNI moves:6/152
Guide Tree 1/16
#NNI moves:0/152
Guide Tree 2/16
#NNI moves:8/152
Guide Tree 3/16
#NNI moves:0/152
Guide Tree 4/16
#NNI moves:0/152
Guide Tree 5/16
#NNI moves:2/152
Guide Tree 6/16
#NNI moves:2/152
Guide Tree 7/16
#NNI moves:0/152
Guide Tree 8/16
#NNI moves:6/152
Guide Tree 9/16
#NNI moves:6/152
Guide Tree 10/16
#NNI moves:6/152
Guide Tree 11/16
#NNI moves:8/152
Guide Tree 12/16
#NNI moves:6/152
Guide Tree 13/16
#NNI moves:2/152
Guide Tree 14/16
#NNI moves:6/152
Guide Tree 15/16
#NNI moves:2/152
Remaining: 0
#NNI moves:10/152
#NNI moves:10/152
((((((((((((((((((53,17),15),(29,30)),(35,46)),((((64,37),(50,7)),14),(((42,41),6),1))),((((5,12),(((3,66),18),((31,45),56))),(61,(57,59))),(11,21))),(43,((40,22),(((32,4),36),(62,9))))),(((2,54),(49,(52,44))),33)),(((((28,13),48),((51,8),(19,47))),(((26,55),(25,(24,63))),38)),((65,(58,27)),(((((60,20),34),16),(10,39)),23)))),((((100,78),79),85),75)),(((81,(((94,82),87),(77,83))),((90,(70,(73,86))),(88,96))),99)),(95,68)),(((84,74),(92,91)),69)),(((80,67),(98,93)),97)),76),72),71),89);
Guide Tree 0/16
#NNI moves:0/152
Guide Tree 1/16
#NNI moves:0/152
Guide Tree 2/16
#NNI moves:0/152
Guide Tree 3/16
#NNI moves:2/152
Guide Tree 4/16
#NNI moves:0/152
Guide Tree 5/16
#NNI moves:0/152
Guide Tree 6/16
#NNI moves:2/152
Guide Tree 7/16
#NNI moves:0/152
Guide Tree 8/16
#NNI moves:4/152
Guide Tree 9/16
#NNI moves:0/152
Guide Tree 10/16
#NNI moves:0/152
Guide Tree 11/16
#NNI moves:0/152
Guide Tree 12/16
#NNI moves:0/152
Guide Tree 13/16
#NNI moves:0/152
Guide Tree 14/16
#NNI moves:0/152
Guide Tree 15/16
#NNI moves:0/152
Remaining: 1
#NNI moves:36/152
#NNI moves:44/152
(((((((((((((((((32,4),36),(62,9)),(22,40)),43),((((((56,(45,31)),((3,66),18)),(12,5)),((59,57),61)),(11,21)),(((((64,37),(7,50)),14),(1,((42,41),6))),((46,35),((15,(53,17)),(29,30)))))),(33,(((52,44),49),(54,2)))),(((((26,55),((24,63),25)),38),(((28,13),48),((47,19),(8,51)))),((((16,((20,60),34)),(39,10)),23),((58,27),65)))),(((79,(78,100)),85),75)),((((90,((73,86),70)),(96,88)),(((83,77),((94,82),87)),81)),99)),(95,68)),(((92,91),(74,84)),69)),(((93,98),(67,80)),97)),76),72),71),89);
Guide Tree 0/16
#NNI moves:0/152
Guide Tree 1/16
#NNI moves:0/152
Guide Tree 2/16
#NNI moves:2/152
Guide Tree 3/16
#NNI moves:0/152
Guide Tree 4/16
#NNI moves:0/152
Guide Tree 5/16
#NNI moves:0/152
Guide Tree 6/16
#NNI moves:2/152
Guide Tree 7/16
#NNI moves:0/152
Guide Tree 8/16
#NNI moves:0/152
Guide Tree 9/16
#NNI moves:2/152
Guide Tree 10/16
#NNI moves:0/152
Guide Tree 11/16
#NNI moves:0/152
Guide Tree 12/16
#NNI moves:2/152
Guide Tree 13/16
#NNI moves:0/152
Guide Tree 14/16
#NNI moves:2/152
Guide Tree 15/16
#NNI moves:2/152
Remaining: 0
#NNI moves:42/152
#NNI moves:42/152
((((((((((((((27,58),65),(((10,39),(16,(34,(20,60)))),23)),((((13,28),48),((8,51),(19,47))),(((55,26),(25,(63,24))),38))),(((((((4,32),36),(9,62)),(22,40)),43),((((((56,(45,31)),((3,66),18)),(12,5)),(61,(57,59))),(21,11)),(((46,35),(((53,17),15),(29,30))),((((50,7),(37,64)),14),((6,(41,42)),1))))),((((52,44),49),(2,54)),33))),((85,(79,(100,78))),75)),((((90,((86,73),70)),(88,96)),(((83,77),((82,94),87)),81)),99)),(68,95)),(((84,74),(91,92)),69)),(((98,93),(67,80)),97)),76),72),71),89);
Guide Tree 0/16
#NNI moves:0/152
Guide Tree 1/16
#NNI moves:2/152
Guide Tree 2/16
#NNI moves:6/152
Guide Tree 3/16
#NNI moves:2/152
Guide Tree 4/16
#NNI moves:2/152
Guide Tree 5/16
#NNI moves:10/152
Guide Tree 6/16
#NNI moves:0/152
Guide Tree 7/16
#NNI moves:2/152
Guide Tree 8/16
#NNI moves:2/152
Guide Tree 9/16
#NNI moves:4/152
Guide Tree 10/16
#NNI moves:2/152
Guide Tree 11/16
#NNI moves:2/152
Guide Tree 12/16
#NNI moves:2/152
Guide Tree 13/16
#NNI moves:10/152
Guide Tree 14/16
#NNI moves:2/152
Guide Tree 15/16
#NNI moves:2/152
Remaining: 0
#NNI moves:26/152
#NNI moves:26/152
((((((((((((((((((18,(3,66)),(56,(45,31))),(12,5)),((57,59),61)),(21,11)),(((((42,41),6),1),(((64,37),(50,7)),14)),((((53,17),15),(30,29)),(35,46)))),(((22,40),(((4,32),36),(62,9))),43)),(((2,54),(49,(52,44))),33)),((((((34,(60,20)),16),(39,10)),23),(65,(27,58))),((((19,47),(8,51)),((28,13),48)),(((55,26),((63,24),25)),38)))),((((100,78),79),85),75)),((((88,96),((70,(73,86)),90)),((((82,94),87),(83,77)),81)),99)),(95,68)),(69,((92,91),(84,74)))),(((93,98),(67,80)),97)),76),72),71),89);
Initial score: 1.45318e+08
Initial tree: ((((((((((((((((((18,(3,66)),(56,(45,31))),(12,5)),((57,59),61)),(21,11)),(((((42,41),6),1),(((64,37),(50,7)),14)),((((53,17),15),(30,29)),(35,46)))),(((22,40),(((4,32),36),(62,9))),43)),(((2,54),(49,(52,44))),33)),((((((34,(60,20)),16),(39,10)),23),(65,(27,58))),((((19,47),(8,51)),((28,13),48)),(((55,26),((63,24),25)),38)))),((((100,78),79),85),75)),((((88,96),((70,(73,86)),90)),((((82,94),87),(83,77)),81)),99)),(95,68)),(69,((92,91),(84,74)))),(((93,98),(67,80)),97)),76),72),71),89);
*** Subsample Process ***
Use two-step algorithm!
#NNI moves:6/152
Remaining: 1
#NNI moves:32/152
#NNI moves:32/152
((((((((((((29,30),((53,17),15)),(35,46)),((((41,42),6),1),(((37,64),(7,50)),14))),((((((((((72,(71,89)),76),(97,((98,93),(67,80)))),(69,((74,84),(92,91)))),(95,68)),((((88,96),((70,(73,86)),90)),((((94,82),87),(77,83)),81)),99)),((((100,78),79),85),75)),(((65,(27,58)),(((((60,20),34),16),(39,10)),23)),((((51,8),(19,47)),(48,(13,28))),(((25,(24,63)),(55,26)),38)))),(((49,(44,52)),(2,54)),33)),((((9,62),(36,(32,4))),(40,22)),43))),(21,11)),((57,59),61)),(12,5)),((66,3),18)),56),31),45);
#NNI moves:2/152
Remaining: 2
#NNI moves:20/152
#NNI moves:22/152
(((((((((((((((21,11),(((59,57),61),((((31,45),56),((3,66),18)),(5,12)))),(((((50,7),(37,64)),14),((6,(41,42)),1)),((46,35),((15,(17,53)),(30,29))))),((((62,9),((32,4),36)),(40,22)),43)),((((44,52),49),(2,54)),33)),((((58,27),65),(((((60,20),34),16),(10,39)),23)),((((8,51),(47,19)),((28,13),48)),(((26,55),((63,24),25)),38)))),((((100,78),79),85),75)),((((90,(70,(86,73))),(88,96)),(((77,83),((94,82),87)),81)),99)),(68,95)),(((84,74),(92,91)),69)),(((67,80),(98,93)),97)),76),72),89),71);
#NNI moves:6/152
Remaining: 0
#NNI moves:28/152
#NNI moves:28/152
((((((((((((((78,100),79),85),75),(((((88,96),((70,(86,73)),90)),(((77,83),((94,82),87)),81)),99),((((76,((89,71),72)),(((80,67),(98,93)),97)),(((91,92),(84,74)),69)),(68,95)))),((((((8,19),51),47),((28,13),48)),(((26,55),((63,24),25)),38)),(((((34,(20,60)),16),(10,39)),23),((58,27),65)))),(((2,54),(49,(44,52))),33)),(((22,40),((62,9),((32,4),36))),43)),(((((7,50),(37,64)),14),(1,((42,41),6))),((((17,53),15),(29,30)),(46,35)))),(21,11)),((5,12),(((3,66),18),(56,(45,31))))),61),57),59);
#NNI moves:2/152
Remaining: 0
#NNI moves:32/152
#NNI moves:32/152
((((((((((((((((53,17),15),(30,29)),(46,35)),((((50,7),(64,37)),14),(((41,42),6),1))),(((((18,(3,66)),((31,45),56)),(5,12)),((57,59),61)),(11,21))),(((22,40),((62,9),((32,4),36))),43)),((((52,44),49),(2,54)),33)),(((((26,55),((24,63),25)),38),(((51,8),(19,47)),((13,28),48))),((65,(27,58)),(((10,39),(16,(34,(20,60)))),23)))),((((100,78),79),85),75)),(((((70,(73,86)),90),(88,96)),(((87,(94,82)),(77,83)),81)),99)),(95,68)),(((92,91),(74,84)),69)),(((67,80),(98,93)),97)),(72,(71,89))),76);
Current score: 1.45318e+08
Current tree: ((71,(72,(((((((((((((((53,17),15),(30,29)),(46,35)),((((50,7),(64,37)),14),(((41,42),6),1))),(((((18,(3,66)),((31,45),56)),(5,12)),((57,59),61)),(11,21))),(((22,40),((62,9),((32,4),36))),43)),((((52,44),49),(2,54)),33)),(((((26,55),((24,63),25)),38),(((51,8),(19,47)),((13,28),48))),((65,(27,58)),(((10,39),(16,(34,(20,60)))),23)))),((((100,78),79),85),75)),(((((70,(73,86)),90),(88,96)),(((87,(94,82)),(77,83)),81)),99)),(95,68)),(((92,91),(74,84)),69)),(((67,80),(98,93)),97)),76))),89);
Final Tree: ((71,(72,(((((((((((((((53,17),15),(30,29)),(46,35)),((((50,7),(64,37)),14),(((41,42),6),1))),(((((18,(3,66)),((31,45),56)),(5,12)),((57,59),61)),(11,21))),(((22,40),((62,9),((32,4),36))),43)),((((52,44),49),(2,54)),33)),(((((26,55),((24,63),25)),38),(((51,8),(19,47)),((13,28),48))),((65,(27,58)),(((10,39),(16,(34,(20,60)))),23)))),((((100,78),79),85),75)),(((((70,(73,86)),90),(88,96)),(((87,(94,82)),(77,83)),81)),99)),(95,68)),(((92,91),(74,84)),69)),(((67,80),(98,93)),97)),76))),89);
#EqQuartets: 208810478
Score: 145317567
ASTRAL for PaRalogs and Orthologs III (ASTRAL-Pro3)
*** NOW with integrated CASTLES-Pro ***
Version: v1.22.3.6
Read 512 genetrees and found 100 species.
#Genetrees: 985
#Duploss: 52557
#Species: 100
#Rounds: 4
#Samples: 4
#Threads: 1
Use two-step algorithm!
Guide Tree 0/16
#NNI moves:2/152
Guide Tree 1/16
#NNI moves:2/152
Guide Tree 2/16
#NNI moves:0/152
Guide Tree 3/16
#NNI moves:2/152
Guide Tree 4/16
#NNI moves:0/152
Guide Tree 5/16
#NNI moves:2/152
Guide Tree 6/16
#NNI moves:4/152
Guide Tree 7/16
#NNI moves:0/152
Guide Tree 8/16
#NNI moves:2/152
Guide Tree 9/16
#NNI moves:0/152
Guide Tree 10/16
#NNI moves:2/152
Guide Tree 11/16
#NNI moves:10/152
Guide Tree 12/16
#NNI moves:2/152
Guide Tree 13/16
#NNI moves:0/152
Guide Tree 14/16
#NNI moves:0/152
Guide Tree 15/16
#NNI moves:2/152
Remaining: 7
#NNI moves:58/152
#NNI moves:86/152
(((((((((((((((26,12),37),((67,(71,30)),((85,61),78))),((38,(5,74)),(8,(75,18)))),(86,58)),(((((((9,41),(79,24)),((84,51),28)),(76,82)),(57,80)),11),(36,13))),33),(((((((63,40),66),(23,73)),((56,59),(50,54))),((1,((3,65),25)),(17,34))),((44,43),60)),((52,47),72))),((((42,(16,2)),(((6,(53,32)),19),((((((31,29),35),20),15),7),(48,70)))),83),(14,4))),(((((((94,99),93),(95,88)),((98,(89,100)),92)),((90,(96,97)),(91,87))),(39,49)),(22,64))),(46,(45,(10,69)))),(62,55)),21),(27,(77,81))),68);
Guide Tree 0/16
#NNI moves:6/152
Guide Tree 1/16
#NNI moves:6/152
Guide Tree 2/16
#NNI moves:4/152
Guide Tree 3/16
#NNI moves:4/152
Guide Tree 4/16
#NNI moves:4/152
Guide Tree 5/16
#NNI moves:2/152
Guide Tree 6/16
#NNI moves:6/152
Guide Tree 7/16
#NNI moves:22/152
Guide Tree 8/16
#NNI moves:2/152
Guide Tree 9/16
#NNI moves:10/152
Guide Tree 10/16
#NNI moves:6/152
Guide Tree 11/16
#NNI moves:24/152
Guide Tree 12/16
#NNI moves:12/152
Guide Tree 13/16
#NNI moves:4/152
Guide Tree 14/16
#NNI moves:10/152
Guide Tree 15/16
#NNI moves:0/152
Remaining: 0
#NNI moves:42/152
#NNI moves:42/152
((((((((((((((78,(61,85)),((30,71),67)),(37,(26,12))),((38,(74,5)),(8,(75,18)))),(86,58)),(((((((9,41),(79,24)),((51,84),28)),(82,76)),(57,80)),11),(13,36))),33),(((((((((20,((29,31),35)),15),7),(48,70)),(((32,53),6),19)),((16,2),42)),83),(4,14)),((64,22),(((((98,(89,100)),92),((88,95),(93,(94,99)))),(((97,96),90),(91,87))),(49,39))))),(((((((40,63),66),(73,23)),((59,56),(54,50))),(((25,(65,3)),1),(34,17))),(60,(44,43))),((47,52),72))),(((10,69),45),46)),(62,55)),21),((81,77),27)),68);
Guide Tree 0/16
#NNI moves:2/152
Guide Tree 1/16
#NNI moves:8/152
Guide Tree 2/16
#NNI moves:4/152
Guide Tree 3/16
#NNI moves:8/152
Guide Tree 4/16
#NNI moves:4/152
Guide Tree 5/16
#NNI moves:8/152
Guide Tree 6/16
#NNI moves:4/152
Guide Tree 7/16
#NNI moves:6/152
Guide Tree 8/16
#NNI moves:2/152
Guide Tree 9/16
#NNI moves:6/152
Guide Tree 10/16
#NNI moves:0/152
Guide Tree 11/16
#NNI moves:6/152
Guide Tree 12/16
#NNI moves:10/152
Guide Tree 13/16
#NNI moves:2/152
Guide Tree 14/16
#NNI moves:2/152
Guide Tree 15/16
#NNI moves:0/152
Remaining: 1
#NNI moves:22/152
#NNI moves:28/152
(((((((((((((((5,74),38),((75,18),8)),(((78,(85,61)),(67,(71,30))),((26,12),37))),(58,86)),((((80,57),((((9,41),(24,79)),(28,(51,84))),(82,76))),11),(13,36))),33),(((52,47),72),((((34,17),((25,(3,65)),1)),((((40,63),66),(23,73)),((54,50),(59,56)))),((44,43),60)))),((((((((((31,29),35),20),15),7),(48,70)),(((53,32),6),19)),(42,(2,16))),83),(14,4))),((22,64),((39,49),(((92,(98,(89,100))),(((94,99),93),(95,88))),(((96,97),90),(87,91)))))),((45,(69,10)),46)),(55,62)),21),((81,77),27)),68);
Guide Tree 0/16
#NNI moves:8/152
Guide Tree 1/16
#NNI moves:0/152
Guide Tree 2/16
#NNI moves:0/152
Guide Tree 3/16
#NNI moves:2/152
Guide Tree 4/16
#NNI moves:4/152
Guide Tree 5/16
#NNI moves:2/152
Guide Tree 6/16
#NNI moves:2/152
Guide Tree 7/16
#NNI moves:8/152
Guide Tree 8/16
#NNI moves:2/152
Guide Tree 9/16
#NNI moves:4/152
Guide Tree 10/16
#NNI moves:6/152
Guide Tree 11/16
#NNI moves:18/152
Guide Tree 12/16
#NNI moves:8/152
Guide Tree 13/16
#NNI moves:4/152
Guide Tree 14/16
#NNI moves:4/152
Guide Tree 15/16
#NNI moves:10/152
Remaining: 2
#NNI moves:38/152
#NNI moves:46/152
((((((((((((((59,56),(50,54)),(((63,40),66),(73,23))),((((3,65),25),1),(17,34))),((44,43),60)),(72,(52,47))),(((((((((79,24),(9,41)),((51,84),28)),(76,82)),(80,57)),11),(13,36)),((((((71,30),67),((61,85),78)),((26,12),37)),(((18,75),8),((74,5),38))),(86,58))),33)),((((((48,70),(((20,((29,31),35)),15),7)),(((53,32),6),19)),((2,16),42)),83),(14,4))),(((49,39),(((91,87),(90,(96,97))),(((95,88),((94,99),93)),(((100,89),98),92)))),(64,22))),(46,((69,10),45))),(62,55)),21),(27,(81,77))),68);
Initial score: 1.03318e+08
Initial tree: ((((((((((((((((79,24),(9,41)),((51,84),28)),(76,82)),(80,57)),11),(13,36)),((((((71,30),67),((61,85),78)),((26,12),37)),(((18,75),8),((74,5),38))),(86,58))),33),(((((((48,70),(((20,((29,31),35)),15),7)),(((53,32),6),19)),((2,16),42)),83),(14,4)),(((49,39),(((91,87),(90,(96,97))),(((95,88),((94,99),93)),(((100,89),98),92)))),(64,22)))),((((((59,56),(50,54)),(((63,40),66),(73,23))),((((3,65),25),1),(17,34))),((44,43),60)),(72,(52,47)))),(46,((69,10),45))),(62,55)),21),(27,(81,77))),68);
*** Subsample Process ***
Use two-step algorithm!
#NNI moves:0/152
Remaining: 5
#NNI moves:14/152
#NNI moves:20/152
(((((((((((((((((((99,94),93),(88,95)),(((89,100),98),92)),((90,(97,96)),(91,87))),(39,49)),(22,64)),((((((48,70),(7,(((35,(31,29)),20),15))),(((53,32),6),19)),(42,(16,2))),83),(4,14))),((((((27,(81,77)),68),21),(55,62)),((45,(10,69)),46)),(((((((3,65),25),1),(34,17)),(((59,56),(54,50)),((66,(40,63)),(23,73)))),((44,43),60)),(72,(47,52))))),33),(((((26,12),37),(((71,30),67),((85,61),78))),((8,(75,18)),((5,74),38))),(86,58))),(13,36)),11),(57,80)),(82,76)),((79,24),(41,9))),28),51),84);
#NNI moves:4/152
Remaining: 1
#NNI moves:32/152
#NNI moves:32/152
(((((((((((((((23,73),(66,(40,63))),((59,56),(50,54))),((((65,3),25),1),(17,34))),((43,44),60)),(72,(47,52))),(((((((((79,24),(9,41)),((51,84),28)),(76,82)),(80,57)),11),(36,13)),(((((74,5),38),((75,18),8)),((((85,61),78),((71,30),67)),(37,(12,26)))),(86,58))),33)),(((((((15,(((31,29),35),20)),7),(70,48)),(19,((32,53),6))),((2,16),42)),83),(4,14))),(((((((99,94),93),(95,88)),(92,(98,(89,100)))),((90,(96,97)),(87,91))),(49,39)),(22,64))),(((69,10),45),46)),(55,62)),21),68),(77,81)),27);
#NNI moves:4/152
Remaining: 1
#NNI moves:62/152
#NNI moves:66/152
(((((((((((((((((15,((35,(29,31)),20)),7),(48,70)),(((53,32),6),19)),((2,16),42)),83),(14,4)),((((((90,(97,96)),(87,91)),((((89,100),98),92),((88,95),((99,94),93)))),(49,39)),(22,64)),(((21,(68,((81,77),27))),(62,55)),(((69,10),45),46)))),((((((38,(74,5)),((18,75),8)),((37,(12,26)),(((85,61),78),((30,71),67)))),(58,86)),(((((((24,79),(9,41)),((51,84),28)),(76,82)),(80,57)),11),(13,36))),33)),((52,47),72)),(60,(44,43))),(((23,73),((40,63),66)),((54,50),(56,59)))),(17,34)),1),25),3),65);
#NNI moves:6/152
Remaining: 0
#NNI moves:40/152
#NNI moves:46/152
((((((((((((37,(26,12)),(((61,85),78),((71,30),67))),(((74,5),38),(8,(18,75)))),(86,58)),(((((((84,51),28),((41,9),(79,24))),(76,82)),(80,57)),11),(36,13))),33),((((((((53,32),6),19),((((((31,29),35),20),15),7),(48,70))),(42,(2,16))),83),(14,4)),((22,64),(((((96,97),90),(91,87)),(((98,(100,89)),92),(((94,99),93),(95,88)))),(39,49))))),(((((((63,40),66),(23,73)),((50,54),(56,59))),((((3,65),25),1),(17,34))),((44,43),60)),((52,47),72))),(((10,69),45),46)),(62,55)),(((81,77),27),68)),21);
Current score: 1.03318e+08
Current tree: ((((81,77),27),(((((((((((37,(26,12)),(((61,85),78),((71,30),67))),(((74,5),38),(8,(18,75)))),(86,58)),(((((((84,51),28),((41,9),(79,24))),(76,82)),(80,57)),11),(36,13))),33),((((((((53,32),6),19),((((((31,29),35),20),15),7),(48,70))),(42,(2,16))),83),(14,4)),((22,64),(((((96,97),90),(91,87)),(((98,(100,89)),92),(((94,99),93),(95,88)))),(39,49))))),(((((((63,40),66),(23,73)),((50,54),(56,59))),((((3,65),25),1),(17,34))),((44,43),60)),((52,47),72))),(((10,69),45),46)),(62,55)),21)),68);
Final Tree: ((((81,77),27),(((((((((((37,(26,12)),(((61,85),78),((71,30),67))),(((74,5),38),(8,(18,75)))),(86,58)),(((((((84,51),28),((41,9),(79,24))),(76,82)),(80,57)),11),(36,13))),33),((((((((53,32),6),19),((((((31,29),35),20),15),7),(48,70))),(42,(2,16))),83),(14,4)),((22,64),(((((96,97),90),(91,87)),(((98,(100,89)),92),(((94,99),93),(95,88)))),(39,49))))),(((((((63,40),66),(23,73)),((50,54),(56,59))),((((3,65),25),1),(17,34))),((44,43),60)),((52,47),72))),(((10,69),45),46)),(62,55)),21)),68);
#EqQuartets: 166658468
Score: 103317669
ASTRAL for PaRalogs and Orthologs III (ASTRAL-Pro3)
*** NOW with integrated CASTLES-Pro ***
Version: v1.22.3.6
Read 512 genetrees and found 100 species.
#Genetrees: 991
#Duploss: 50403
#Species: 100
#Rounds: 4
#Samples: 4
#Threads: 1
Use two-step algorithm!
Guide Tree 0/16
#NNI moves:0/152
Guide Tree 1/16
#NNI moves:0/152
Guide Tree 2/16
#NNI moves:4/152
Guide Tree 3/16
#NNI moves:2/152
Guide Tree 4/16
#NNI moves:2/152
Guide Tree 5/16
#NNI moves:0/152
Guide Tree 6/16
#NNI moves:2/152
Guide Tree 7/16
#NNI moves:0/152
Guide Tree 8/16
#NNI moves:2/152
Guide Tree 9/16
#NNI moves:2/152
Guide Tree 10/16
#NNI moves:0/152
Guide Tree 11/16
#NNI moves:2/152
Guide Tree 12/16
#NNI moves:2/152
Guide Tree 13/16
#NNI moves:0/152
Guide Tree 14/16
#NNI moves:0/152
Guide Tree 15/16
#NNI moves:0/152
Remaining: 2
#NNI moves:42/152
#NNI moves:46/152
((((((((((((((9,60),10),((55,(48,(25,56))),4)),62),((53,(11,36)),31)),((61,((((52,(18,47)),66),50),((35,2),24))),45)),5),(((22,49),42),(28,(16,8)))),((((6,68),(23,(21,19))),(15,12)),30)),((((((((75,89),(93,78)),((76,90),94)),(92,86)),(82,97)),(43,44)),(((((((83,99),91),(74,71)),77),((87,79),85)),((100,(88,81)),73)),(95,98))),((84,((72,80),70)),96))),(((((38,64),57),26),((((63,58),67),39),17)),((54,13),46))),(((1,59),37),3)),(((32,69),((27,(40,41)),51)),(((65,33),(14,20)),(29,34)))),7);
Guide Tree 0/16
#NNI moves:0/152
Guide Tree 1/16
#NNI moves:8/152
Guide Tree 2/16
#NNI moves:2/152
Guide Tree 3/16
#NNI moves:0/152
Guide Tree 4/16
#NNI moves:6/152
Guide Tree 5/16
#NNI moves:8/152
Guide Tree 6/16
#NNI moves:10/152
Guide Tree 7/16
#NNI moves:4/152
Guide Tree 8/16
#NNI moves:6/152
Guide Tree 9/16
#NNI moves:2/152
Guide Tree 10/16
#NNI moves:8/152
Guide Tree 11/16
#NNI moves:0/152
Guide Tree 12/16
#NNI moves:0/152
Guide Tree 13/16
#NNI moves:2/152
Guide Tree 14/16
#NNI moves:2/152
Guide Tree 15/16
#NNI moves:0/152
Remaining: 0
#NNI moves:6/152
#NNI moves:6/152
(((((((((((((24,(35,2)),(50,(((47,18),52),66))),61),45),(((53,(36,11)),31),((((((56,25),48),55),4),((60,9),10)),62))),5),(((22,49),42),((8,16),28))),(((((19,21),23),(6,68)),(12,15)),30)),(((((98,95),((((81,88),100),73),((77,(((83,99),91),(71,74))),((79,87),85)))),((82,97),((86,92),(((90,76),94),((78,93),(75,89)))))),((((72,80),70),84),96)),(44,43))),(((((38,64),57),26),(17,(39,((63,58),67)))),((54,13),46))),((37,(59,1)),3)),((((20,14),(33,65)),(34,29)),((((40,41),27),51),(69,32)))),7);
Guide Tree 0/16
#NNI moves:0/152
Guide Tree 1/16
#NNI moves:0/152
Guide Tree 2/16
#NNI moves:0/152
Guide Tree 3/16
#NNI moves:0/152
Guide Tree 4/16
#NNI moves:0/152
Guide Tree 5/16
#NNI moves:0/152
Guide Tree 6/16
#NNI moves:6/152
Guide Tree 7/16
#NNI moves:0/152
Guide Tree 8/16
#NNI moves:0/152
Guide Tree 9/16
#NNI moves:0/152
Guide Tree 10/16
#NNI moves:2/152
Guide Tree 11/16
#NNI moves:2/152
Guide Tree 12/16
#NNI moves:0/152
Guide Tree 13/16
#NNI moves:0/152
Guide Tree 14/16
#NNI moves:0/152
Guide Tree 15/16
#NNI moves:0/152
Remaining: 1
#NNI moves:10/152
#NNI moves:18/152
(((((((((((((((99,83),91),(74,71)),77),((79,87),85)),((100,(81,88)),73)),(98,95)),((82,97),((((76,90),94),((78,93),(89,75))),(86,92)))),((((72,80),70),84),96)),(43,44)),((((((19,21),23),(6,68)),(12,15)),30),(((((((10,(60,9)),((((56,25),48),55),4)),62),(31,((11,36),53))),(((((((18,47),52),66),50),(24,(2,35))),61),45)),5),(((49,22),42),((16,8),28))))),((((((58,63),67),39),17),(((64,38),57),26)),(46,(54,13)))),(((1,59),37),3)),((((65,33),(20,14)),(34,29)),((69,32),(((40,41),27),51)))),7);
Guide Tree 0/16
#NNI moves:2/152
Guide Tree 1/16
#NNI moves:2/152
Guide Tree 2/16
#NNI moves:0/152
Guide Tree 3/16
#NNI moves:2/152
Guide Tree 4/16
#NNI moves:8/152
Guide Tree 5/16
#NNI moves:0/152
Guide Tree 6/16
#NNI moves:4/152
Guide Tree 7/16
#NNI moves:0/152
Guide Tree 8/16
#NNI moves:6/152
Guide Tree 9/16
#NNI moves:0/152
Guide Tree 10/16
#NNI moves:6/152
Guide Tree 11/16
#NNI moves:0/152
Guide Tree 12/16
#NNI moves:0/152
Guide Tree 13/16
#NNI moves:0/152
Guide Tree 14/16
#NNI moves:0/152
Guide Tree 15/16
#NNI moves:0/152
Remaining: 1
#NNI moves:8/152
#NNI moves:8/152
(((((((((((((4,(55,((56,25),48))),((9,60),10)),62),((53,(11,36)),31)),(((((66,(52,(18,47))),50),((35,2),24)),61),45)),5),(((49,22),42),((16,8),28))),((((68,6),((21,19),23)),(15,12)),30)),((((((((91,(99,83)),(74,71)),77),(85,(87,79))),(73,((88,81),100))),(95,98)),((((((93,78),(75,89)),((76,90),94)),(92,86)),(82,97)),(44,43))),((((80,72),70),84),96))),((((((58,63),67),39),17),(26,((64,38),57))),((54,13),46))),(((59,1),37),3)),(((51,((40,41),27)),(32,69)),((29,34),((20,14),(65,33))))),7);
Initial score: 1.23933e+08
Initial tree: (((((((((((((4,(55,((56,25),48))),((9,60),10)),62),((53,(11,36)),31)),(((((66,(52,(18,47))),50),((35,2),24)),61),45)),5),(((49,22),42),((16,8),28))),((((68,6),((21,19),23)),(15,12)),30)),(((((((((91,(99,83)),(74,71)),77),(85,(87,79))),(73,((88,81),100))),(95,98)),(((((93,78),(75,89)),((76,90),94)),(92,86)),(82,97))),((((80,72),70),84),96)),(44,43))),((((((58,63),67),39),17),(26,((64,38),57))),((54,13),46))),(((59,1),37),3)),(((51,((40,41),27)),(32,69)),((29,34),((20,14),(65,33))))),7);
*** Subsample Process ***
Use two-step algorithm!
#NNI moves:2/152
Remaining: 1
#NNI moves:48/152
#NNI moves:48/152
(((((((((((((((((((((99,83),91),(74,71)),77),((79,87),85)),(((88,81),100),73)),(98,95)),(((((89,75),(93,78)),(94,(76,90))),(86,92)),(97,82))),((((80,72),70),84),96)),(43,44)),((((((34,29),((33,65),(14,20))),((32,69),(((40,41),27),51))),7),(((1,59),37),3)),(((((38,64),57),26),((((58,63),67),39),17)),((54,13),46)))),(30,(((68,6),((21,19),23)),(12,15)))),((42,(49,22)),(28,(16,8)))),5),(((((2,35),24),((66,(52,(47,18))),50)),61),45)),(((11,36),53),31)),62),((60,9),10)),4),(48,(56,25))),55);
#NNI moves:6/152
Remaining: 1
#NNI moves:62/152
#NNI moves:68/152
(((((((((((((((79,87),85),((((83,99),91),(74,71)),77)),(73,((81,88),100))),(98,95)),((((((76,90),94),((89,75),(78,93))),(92,86)),(82,97)),(44,43))),((((72,80),70),84),96)),(((((((((((47,18),52),66),50),((35,2),24)),61),45),((((11,36),53),31),((((((25,56),48),55),4),((60,9),10)),62))),5),((42,(22,49)),((16,8),28))),((((6,68),((19,21),23)),(12,15)),30))),(((26,(57,(38,64))),((39,((63,58),67)),17)),((54,13),46))),(((59,1),37),3)),7),((((41,40),27),51),(32,69))),((33,65),(14,20))),34),29);
#NNI moves:4/152
Remaining: 0
#NNI moves:4/152
#NNI moves:4/152
((((((((((((((((((((((25,56),48),55),4),((60,9),10)),62),(((11,36),53),31)),(((((((18,47),52),66),50),((35,2),24)),61),45)),22),5),(((8,16),28),(49,42))),((((6,68),((21,19),23)),(12,15)),30)),((((((38,64),57),26),((((58,63),67),39),17)),(46,(54,13))),((3,((59,1),37)),(((((33,65),(20,14)),(29,34)),((((40,41),27),51),(32,69))),7)))),((((80,72),70),84),96)),((43,44),(((92,86),(((78,93),(89,75)),((76,90),94))),(97,82)))),(98,95)),(73,((81,88),100))),((87,79),85)),77),(74,71)),(83,99)),91);
#NNI moves:0/152
Remaining: 3
#NNI moves:12/152
#NNI moves:12/152
((((((((((((((((((48,(56,25)),55),4),(10,(9,60))),62),(((36,11),53),31)),((((50,(66,((47,18),52))),((35,2),24)),61),45)),5),(((16,8),28),((49,22),42))),((((6,68),((19,21),23)),(15,12)),30)),(((((((85,(87,79)),((((99,83),91),(74,71)),77)),((100,(88,81)),73)),(98,95)),(((((75,89),(93,78)),((90,76),94)),(92,86)),(97,82))),(((70,(80,72)),84),96)),(43,44))),((((((58,63),67),39),17),(((38,64),57),26)),(46,(13,54)))),(((1,59),37),3)),7),(((14,20),(33,65)),(34,29))),((27,(41,40)),51)),69),32);
Current score: 1.23933e+08
Current tree: (((((((((((((((48,(56,25)),55),4),(10,(9,60))),62),(((36,11),53),31)),((((50,(66,((47,18),52))),((35,2),24)),61),45)),5),(((16,8),28),((49,22),42))),((((6,68),((19,21),23)),(15,12)),30)),(((((((85,(87,79)),((((99,83),91),(74,71)),77)),((100,(88,81)),73)),(98,95)),(((((75,89),(93,78)),((90,76),94)),(92,86)),(97,82))),(((70,(80,72)),84),96)),(43,44))),((((((58,63),67),39),17),(((38,64),57),26)),(46,(13,54)))),(((1,59),37),3)),((((14,20),(33,65)),(34,29)),(((27,(41,40)),51),(69,32)))),7);
Final Tree: (((((((((((((((48,(56,25)),55),4),(10,(9,60))),62),(((36,11),53),31)),((((50,(66,((47,18),52))),((35,2),24)),61),45)),5),(((16,8),28),((49,22),42))),((((6,68),((19,21),23)),(15,12)),30)),(((((((85,(87,79)),((((99,83),91),(74,71)),77)),((100,(88,81)),73)),(98,95)),(((((75,89),(93,78)),((90,76),94)),(92,86)),(97,82))),(((70,(80,72)),84),96)),(43,44))),((((((58,63),67),39),17),(((38,64),57),26)),(46,(13,54)))),(((1,59),37),3)),((((14,20),(33,65)),(34,29)),(((27,(41,40)),51),(69,32)))),7);
#EqQuartets: 179992268
Score: 123932674
