ASTRAL for PaRalogs and Orthologs III (ASTRAL-Pro3)
*** NOW with integrated CASTLES-Pro ***
Version: v1.22.3.6
Read 512 genetrees and found 100 species.
#Genetrees: 1000
#Duploss: 13865
#Species: 100
#Rounds: 4
#Samples: 4
#Threads: 1
Use two-step algorithm!
Guide Tree 0/16
#NNI moves:0/152
Guide Tree 1/16
#NNI moves:4/152
Guide Tree 2/16
#NNI moves:0/152
Guide Tree 3/16
#NNI moves:2/152
Guide Tree 4/16
#NNI moves:4/152
Guide Tree 5/16
#NNI moves:0/152
Guide Tree 6/16
#NNI moves:0/152
Guide Tree 7/16
#NNI moves:0/152
Guide Tree 8/16
#NNI moves:2/152
Guide Tree 9/16
#NNI moves:4/152
Guide Tree 10/16
#NNI moves:2/152
Guide Tree 11/16
#NNI moves:0/152
Guide Tree 12/16
#NNI moves:0/152
Guide Tree 13/16
#NNI moves:4/152
Guide Tree 14/16
#NNI moves:0/152
Guide Tree 15/16
#NNI moves:0/152
Remaining: 1
#NNI moves:22/152
#NNI moves:22/152
((((((((((((((((((6,9),10),(8,(1,11))),(3,12)),7),((5,4),2)),(((((94,30),36),91),((((44,(50,23)),(71,16)),97),77)),(((18,51),((15,68),76)),((33,41),(39,17))))),((((47,52),(31,25)),(93,20)),((58,19),63))),(((((67,42),61),(((28,66),(14,99)),83)),((62,82),(81,88))),(37,38))),(((96,32),57),(89,49))),((((34,(35,(55,69))),((86,40),70)),(65,24)),((((90,21),87),79),75))),(54,98)),(((48,22),(85,46)),((74,73),(84,59)))),(78,(72,64))),((((29,(27,60)),45),((56,26),53)),80)),((13,43),100)),95),92);
Guide Tree 0/16
#NNI moves:0/152
Guide Tree 1/16
#NNI moves:0/152
Guide Tree 2/16
#NNI moves:0/152
Guide Tree 3/16
#NNI moves:0/152
Guide Tree 4/16
#NNI moves:0/152
Guide Tree 5/16
#NNI moves:0/152
Guide Tree 6/16
#NNI moves:0/152
Guide Tree 7/16
#NNI moves:0/152
Guide Tree 8/16
#NNI moves:0/152
Guide Tree 9/16
#NNI moves:0/152
Guide Tree 10/16
#NNI moves:0/152
Guide Tree 11/16
#NNI moves:0/152
Guide Tree 12/16
#NNI moves:0/152
Guide Tree 13/16
#NNI moves:0/152
Guide Tree 14/16
#NNI moves:0/152
Guide Tree 15/16
#NNI moves:0/152
Remaining: 0
#NNI moves:8/152
#NNI moves:8/152
((((((((((((((((18,51),(76,(15,68))),((41,33),(17,39))),(((((16,71),(44,(50,23))),97),77),(((30,94),36),91))),(((((8,(1,11)),(10,(9,6))),(12,3)),7),((5,4),2))),(((20,93),((47,52),(25,31))),(63,(19,58)))),(((((42,67),61),(83,((14,99),(66,28)))),((81,88),(62,82))),(37,38))),(((32,96),57),(89,49))),((((34,(35,(69,55))),((40,86),70)),(24,65)),((79,(87,(21,90))),75))),(98,54)),(((85,46),(22,48)),((74,73),(84,59)))),(78,(64,72))),(((((60,27),29),45),((26,56),53)),80)),((13,43),100)),95),92);
Guide Tree 0/16
#NNI moves:0/152
Guide Tree 1/16
#NNI moves:0/152
Guide Tree 2/16
#NNI moves:0/152
Guide Tree 3/16
#NNI moves:0/152
Guide Tree 4/16
#NNI moves:0/152
Guide Tree 5/16
#NNI moves:0/152
Guide Tree 6/16
#NNI moves:2/152
Guide Tree 7/16
#NNI moves:0/152
Guide Tree 8/16
#NNI moves:0/152
Guide Tree 9/16
#NNI moves:2/152
Guide Tree 10/16
#NNI moves:0/152
Guide Tree 11/16
#NNI moves:0/152
Guide Tree 12/16
#NNI moves:0/152
Guide Tree 13/16
#NNI moves:0/152
Guide Tree 14/16
#NNI moves:0/152
Guide Tree 15/16
#NNI moves:0/152
Remaining: 1
#NNI moves:6/152
#NNI moves:6/152
((((((((((((((81,88),(62,82)),(((42,67),61),(((28,66),(14,99)),83))),(37,38)),((((7,((((11,1),8),(10,(9,6))),(3,12))),(2,(5,4))),(((((((50,23),44),(71,16)),97),77),(((30,94),36),91)),(((33,41),(17,39)),((18,51),(76,(15,68)))))),((((47,52),(25,31)),(20,93)),((19,58),63)))),(((96,32),57),(89,49))),(((79,((21,90),87)),75),(((((55,69),35),34),((40,86),70)),(65,24)))),(54,98)),(((84,59),(74,73)),((46,85),(48,22)))),(78,(64,72))),(((((60,27),29),45),((26,56),53)),80)),((13,43),100)),95),92);
Guide Tree 0/16
#NNI moves:0/152
Guide Tree 1/16
#NNI moves:0/152
Guide Tree 2/16
#NNI moves:0/152
Guide Tree 3/16
#NNI moves:0/152
Guide Tree 4/16
#NNI moves:0/152
Guide Tree 5/16
#NNI moves:0/152
Guide Tree 6/16
#NNI moves:0/152
Guide Tree 7/16
#NNI moves:0/152
Guide Tree 8/16
#NNI moves:0/152
Guide Tree 9/16
#NNI moves:0/152
Guide Tree 10/16
#NNI moves:2/152
Guide Tree 11/16
#NNI moves:0/152
Guide Tree 12/16
#NNI moves:0/152
Guide Tree 13/16
#NNI moves:0/152
Guide Tree 14/16
#NNI moves:0/152
Guide Tree 15/16
#NNI moves:0/152
Remaining: 0
#NNI moves:2/152
#NNI moves:2/152
(((((((((((((((((((50,23),44),(16,71)),97),77),(91,((94,30),36))),(((76,(68,15)),(51,18)),((17,39),(33,41)))),(((5,4),2),((((10,(6,9)),(8,(1,11))),(12,3)),7))),(((93,20),((52,47),(31,25))),(63,(58,19)))),((((88,81),(62,82)),((((28,66),(99,14)),83),(61,(67,42)))),(38,37))),((57,(32,96)),(89,49))),(((65,24),((34,((55,69),35)),((86,40),70))),(((87,(90,21)),79),75))),(98,54)),(((73,74),(59,84)),((22,48),(85,46)))),(78,(64,72))),(((((27,60),29),45),((26,56),53)),80)),(100,(13,43))),95),92);
Initial score: 1.03026e+09
Initial tree: (((((((((((((((((((50,23),44),(16,71)),97),77),(91,((94,30),36))),(((76,(68,15)),(51,18)),((17,39),(33,41)))),(((5,4),2),((((10,(6,9)),(8,(1,11))),(12,3)),7))),(((93,20),((52,47),(31,25))),(63,(58,19)))),((((88,81),(62,82)),((((28,66),(99,14)),83),(61,(67,42)))),(38,37))),((57,(32,96)),(89,49))),(((65,24),((34,((55,69),35)),((86,40),70))),(((87,(90,21)),79),75))),(98,54)),(((73,74),(59,84)),((22,48),(85,46)))),(78,(64,72))),(((((27,60),29),45),((26,56),53)),80)),(100,(13,43))),95),92);
*** Subsample Process ***
Use two-step algorithm!
#NNI moves:0/152
Remaining: 0
#NNI moves:6/152
#NNI moves:6/152
((((((((((((((((((74,73),(84,59)),((46,85),(48,22))),((78,(64,72)),(((95,92),(100,(43,13))),(((45,((27,60),29)),((56,26),53)),80)))),(98,54)),(((((86,40),70),(((55,69),35),34)),(65,24)),((((21,90),87),79),75))),((49,89),((32,96),57))),((((((66,28),(14,99)),83),((42,67),61)),((82,62),(88,81))),(37,38))),((((31,25),(52,47)),(20,93)),((19,58),63))),(((((8,(1,11)),((9,6),10)),(3,12)),7),(2,(4,5)))),((((15,68),76),(51,18)),((33,41),(17,39)))),(91,((30,94),36))),77),97),(71,16)),44),23),50);
#NNI moves:0/152
Remaining: 0
#NNI moves:2/152
#NNI moves:2/152
((((((((((((((((36,(30,94)),91),((((44,(50,23)),(71,16)),97),77)),(((17,39),(33,41)),(((15,68),76),(51,18)))),(((((10,(6,9)),((11,1),8)),(12,3)),7),(2,(5,4)))),((((47,52),(31,25)),(20,93)),((58,19),63))),((((((28,66),(99,14)),83),((67,42),61)),((62,82),(88,81))),(37,38))),((89,49),((96,32),57))),((((((55,69),35),34),((86,40),70)),(24,65)),((((21,90),87),79),75))),(54,98)),(((73,74),(59,84)),((22,48),(85,46)))),((72,64),78)),((((56,26),53),(45,((60,27),29))),80)),((13,43),100)),92),95);
#NNI moves:0/152
Remaining: 0
#NNI moves:2/152
#NNI moves:2/152
((((((((((((((((55,69),35),34),((86,40),70)),(65,24)),((((90,21),87),79),75)),(((((((13,43),100),(92,95)),((((26,56),53),(((60,27),29),45)),80)),((64,72),78)),(((46,85),(22,48)),((84,59),(73,74)))),(98,54))),((89,49),((96,32),57))),((((((28,66),(99,14)),83),((67,42),61)),((88,81),(62,82))),(38,37))),((((31,25),(47,52)),(20,93)),((19,58),63))),(((((8,(11,1)),((6,9),10)),(3,12)),7),((5,4),2))),(((41,33),(39,17)),(((15,68),76),(18,51)))),(77,((((50,23),44),(71,16)),97))),91),(30,94)),36);
#NNI moves:0/152
Remaining: 0
#NNI moves:42/152
#NNI moves:42/152
((((((((((((((((77,(((16,71),(44,(23,50))),97)),(91,(36,(94,30)))),(((33,41),(39,17)),(((68,15),76),(51,18)))),(((((8,(1,11)),(10,(6,9))),(12,3)),7),(2,(4,5)))),((((31,25),(52,47)),(93,20)),((58,19),63))),((38,37),(((((99,14),(28,66)),83),((67,42),61)),((62,82),(81,88))))),((89,49),((32,96),57))),(((((90,21),87),79),75),((65,24),((((55,69),35),34),(70,(40,86)))))),(98,54)),(((48,22),(46,85)),((59,84),(74,73)))),(78,(64,72))),(((53,(26,56)),(45,((60,27),29))),80)),(95,92)),100),43),13);
Current score: 1.03026e+09
Current tree: ((95,(((((((((((((77,(((16,71),(44,(23,50))),97)),(91,(36,(94,30)))),(((33,41),(39,17)),(((68,15),76),(51,18)))),(((((8,(1,11)),(10,(6,9))),(12,3)),7),(2,(4,5)))),((((31,25),(52,47)),(93,20)),((58,19),63))),((38,37),(((((99,14),(28,66)),83),((67,42),61)),((62,82),(81,88))))),((89,49),((32,96),57))),(((((90,21),87),79),75),((65,24),((((55,69),35),34),(70,(40,86)))))),(98,54)),(((48,22),(46,85)),((59,84),(74,73)))),(78,(64,72))),(((53,(26,56)),(45,((60,27),29))),80)),(100,(43,13)))),92);
Final Tree: ((95,(((((((((((((77,(((16,71),(44,(23,50))),97)),(91,(36,(94,30)))),(((33,41),(39,17)),(((68,15),76),(51,18)))),(((((8,(1,11)),(10,(6,9))),(12,3)),7),(2,(4,5)))),((((31,25),(52,47)),(93,20)),((58,19),63))),((38,37),(((((99,14),(28,66)),83),((67,42),61)),((62,82),(81,88))))),((89,49),((32,96),57))),(((((90,21),87),79),75),((65,24),((((55,69),35),34),(70,(40,86)))))),(98,54)),(((48,22),(46,85)),((59,84),(74,73)))),(78,(64,72))),(((53,(26,56)),(45,((60,27),29))),80)),(100,(43,13)))),92);
#EqQuartets: 1666368397
Score: 1030256063
ASTRAL for PaRalogs and Orthologs III (ASTRAL-Pro3)
*** NOW with integrated CASTLES-Pro ***
Version: v1.22.3.6
Read 512 genetrees and found 100 species.
#Genetrees: 1000
#Duploss: 13170
#Species: 100
#Rounds: 4
#Samples: 4
#Threads: 1
Use two-step algorithm!
Guide Tree 0/16
#NNI moves:0/152
Guide Tree 1/16
#NNI moves:0/152
Guide Tree 2/16
#NNI moves:0/152
Guide Tree 3/16
#NNI moves:0/152
Guide Tree 4/16
#NNI moves:2/152
Guide Tree 5/16
#NNI moves:0/152
Guide Tree 6/16
#NNI moves:0/152
Guide Tree 7/16
#NNI moves:0/152
Guide Tree 8/16
#NNI moves:0/152
Guide Tree 9/16
#NNI moves:0/152
Guide Tree 10/16
#NNI moves:0/152
Guide Tree 11/16
#NNI moves:0/152
Guide Tree 12/16
#NNI moves:2/152
Guide Tree 13/16
#NNI moves:0/152
Guide Tree 14/16
#NNI moves:0/152
Guide Tree 15/16
#NNI moves:0/152
Remaining: 0
#NNI moves:18/152
#NNI moves:24/152
((((((((((((((((((96,91),44),((45,79),66)),(58,88)),(((78,87),(52,95)),62)),74),(54,64)),(41,100)),((76,((97,84),81)),((((65,(98,55)),67),57),(((92,94),53),69)))),(((((46,60),89),(((48,43),83),85)),((68,71),(59,49))),(47,51))),((((((31,(38,17)),(40,34)),13),((29,(((36,20),7),(25,33))),(14,(((21,27),26),28)))),((((((15,30),(1,24)),(((2,((35,18),4)),((9,22),12)),5)),((11,10),(39,23))),((37,6),8)),((32,3),16))),19)),90),(63,(99,(70,42)))),(75,77)),(61,82)),(((93,72),(80,56)),50)),73),86);
Guide Tree 0/16
#NNI moves:0/152
Guide Tree 1/16
#NNI moves:2/152
Guide Tree 2/16
#NNI moves:0/152
Guide Tree 3/16
#NNI moves:0/152
Guide Tree 4/16
#NNI moves:0/152
Guide Tree 5/16
#NNI moves:0/152
Guide Tree 6/16
#NNI moves:0/152
Guide Tree 7/16
#NNI moves:0/152
Guide Tree 8/16
#NNI moves:0/152
Guide Tree 9/16
#NNI moves:2/152
Guide Tree 10/16
#NNI moves:4/152
Guide Tree 11/16
#NNI moves:0/152
Guide Tree 12/16
#NNI moves:0/152
Guide Tree 13/16
#NNI moves:4/152
Guide Tree 14/16
#NNI moves:0/152
Guide Tree 15/16
#NNI moves:0/152
Remaining: 0
#NNI moves:4/152
#NNI moves:4/152
((((((((((((((((((91,96),44),((79,45),66)),(88,58)),(((87,78),(95,52)),62)),74),(54,64)),(41,100)),(((81,76),(97,84)),((69,((94,92),53)),(57,(67,((98,55),65)))))),((((71,68),(59,49)),((((48,43),83),85),((46,60),89))),(47,51))),(((((((39,23),(10,11)),(((15,30),(24,1)),(((((18,35),4),2),(12,(22,9))),5))),(8,(6,37))),((3,32),16)),(((((7,(20,36)),(33,25)),29),((((27,21),26),28),14)),(((34,40),((38,17),31)),13))),19)),90),(63,((42,70),99))),(75,77)),(82,61)),(((56,80),(93,72)),50)),73),86);
Guide Tree 0/16
#NNI moves:6/152
Guide Tree 1/16
#NNI moves:2/152
Guide Tree 2/16
#NNI moves:0/152
Guide Tree 3/16
#NNI moves:0/152
Guide Tree 4/16
#NNI moves:0/152
Guide Tree 5/16
#NNI moves:2/152
Guide Tree 6/16
#NNI moves:0/152
Guide Tree 7/16
#NNI moves:2/152
Guide Tree 8/16
#NNI moves:0/152
Guide Tree 9/16
#NNI moves:2/152
Guide Tree 10/16
#NNI moves:4/152
Guide Tree 11/16
#NNI moves:2/152
Guide Tree 12/16
#NNI moves:6/152
Guide Tree 13/16
#NNI moves:4/152
Guide Tree 14/16
#NNI moves:6/152
Guide Tree 15/16
#NNI moves:2/152
Remaining: 0
#NNI moves:10/152
#NNI moves:10/152
(((((((((((((((5,(((4,(35,18)),2),((9,22),12))),((1,24),(15,30))),((10,11),(23,39))),((37,6),8)),(16,(3,32))),((((((36,20),7),(25,33)),29),(((26,(21,27)),28),14)),(((31,(38,17)),(40,34)),13))),19),(((((54,64),(((((87,78),(52,95)),62),((88,58),(((79,45),66),((91,96),44)))),74)),(100,41)),(((((92,94),53),69),((67,((98,55),65)),57)),((76,81),(97,84)))),(((((83,(43,48)),85),((46,60),89)),((71,68),(49,59))),(51,47)))),90),((99,(70,42)),63)),(75,77)),(61,82)),(((56,80),(93,72)),50)),73),86);
Guide Tree 0/16
#NNI moves:6/152
Guide Tree 1/16
#NNI moves:6/152
Guide Tree 2/16
#NNI moves:10/152
Guide Tree 3/16
#NNI moves:2/152
Guide Tree 4/16
#NNI moves:8/152
Guide Tree 5/16
#NNI moves:0/152
Guide Tree 6/16
#NNI moves:6/152
Guide Tree 7/16
#NNI moves:0/152
Guide Tree 8/16
#NNI moves:12/152
Guide Tree 9/16
#NNI moves:8/152
Guide Tree 10/16
#NNI moves:0/152
Guide Tree 11/16
#NNI moves:2/152
Guide Tree 12/16
#NNI moves:4/152
Guide Tree 13/16
#NNI moves:0/152
Guide Tree 14/16
#NNI moves:0/152
Guide Tree 15/16
#NNI moves:6/152
Remaining: 0
#NNI moves:18/152
#NNI moves:18/152
((((((((((((((((58,88),(((45,79),66),((91,96),44))),(((78,87),(95,52)),62)),74),(64,54)),(100,41)),((((((55,98),65),67),57),(69,((94,92),53))),((81,76),(84,97)))),((47,51),(((((43,48),83),85),((60,46),89)),((59,49),(71,68))))),(((((((17,38),31),(40,34)),13),(((((20,36),7),(33,25)),29),((((27,21),26),28),14))),((((((((4,(35,18)),2),((22,9),12)),5),((15,30),(24,1))),((11,10),(23,39))),((37,6),8)),((32,3),16))),19)),90),(((42,70),99),63)),(75,77)),(82,61)),(((93,72),(80,56)),50)),73),86);
Initial score: 1.06284e+09
Initial tree: ((((((((((((((((58,88),(((45,79),66),((91,96),44))),(((78,87),(95,52)),62)),74),(64,54)),(100,41)),((((((55,98),65),67),57),(69,((94,92),53))),((81,76),(84,97)))),((47,51),(((((43,48),83),85),((60,46),89)),((59,49),(71,68))))),(((((((17,38),31),(40,34)),13),(((((20,36),7),(33,25)),29),((((27,21),26),28),14))),((((((((4,(35,18)),2),((22,9),12)),5),((15,30),(24,1))),((11,10),(23,39))),((37,6),8)),((32,3),16))),19)),90),(((42,70),99),63)),(75,77)),(82,61)),(((93,72),(80,56)),50)),73),86);
*** Subsample Process ***
Use two-step algorithm!
#NNI moves:0/152
Remaining: 0
#NNI moves:6/152
#NNI moves:6/152
(((((((((((((((((((38,17),31),(34,40)),13),((((25,33),(7,(20,36))),29),((28,(26,(21,27))),14))),((((37,6),8),((((30,15),(1,24)),((((4,(18,35)),2),((9,22),12)),5)),((10,11),(39,23)))),((3,32),16))),19),(((((70,42),99),63),((77,75),((61,82),((((93,72),(80,56)),50),(73,86))))),90)),((51,47),((((83,(48,43)),85),((60,46),89)),((68,71),(59,49))))),((((67,((98,55),65)),57),(((94,92),53),69)),((97,84),(76,81)))),(41,100)),(64,54)),74),(((52,95),(87,78)),62)),(88,58)),(44,(91,96))),66),79),45);
#NNI moves:2/152
Remaining: 1
#NNI moves:12/152
#NNI moves:32/152
((((((((((((((26,(27,21)),28),14),(29,((7,(36,20)),(25,33)))),((((17,38),31),(34,40)),13)),((((((((9,22),12),(((35,18),4),2)),5),((24,1),(30,15))),((11,10),(23,39))),((37,6),8)),((32,3),16))),19),(((((74,((((66,(45,79)),((96,91),44)),(88,58)),(((52,95),(87,78)),62))),(54,64)),(100,41)),(((76,81),(97,84)),((((92,94),53),69),(((65,(98,55)),67),57)))),((((((48,43),83),85),(89,(60,46))),((68,71),(59,49))),(47,51)))),90),((75,77),(((((56,80),(72,93)),50),(73,86)),(82,61)))),63),99),42),70);
#NNI moves:6/152
Remaining: 1
#NNI moves:12/152
#NNI moves:12/152
(((((((((((((((((9,22),12),(((18,35),4),2)),5),((15,30),(24,1))),((23,39),(10,11))),((37,6),8)),((32,3),16)),((((40,34),(31,(17,38))),13),((((33,25),((36,20),7)),29),((28,(26,(27,21))),14)))),19),(((51,47),(((((43,48),83),85),(89,(60,46))),((68,71),(59,49)))),((((((((66,(45,79)),((96,91),44)),(88,58)),(62,((87,78),(95,52)))),74),(64,54)),(41,100)),(((57,((65,(98,55)),67)),(((92,94),53),69)),((97,84),(81,76)))))),90),(63,((42,70),99))),(77,75)),((50,((80,56),(93,72))),(73,86))),82),61);
#NNI moves:2/152
Remaining: 0
#NNI moves:10/152
#NNI moves:10/152
((((((((((((((((((58,88),(((45,79),66),((96,91),44))),(((52,95),(78,87)),62)),74),(64,54)),(41,100)),((((((98,55),65),67),57),(((94,92),53),69)),((84,97),(76,81)))),((((85,(83,(48,43))),((60,46),89)),((49,59),(68,71))),(47,51))),(((((((((((35,18),4),2),((22,9),12)),5),((1,24),(30,15))),((39,23),(11,10))),((37,6),8)),((32,3),16)),((((31,(38,17)),(40,34)),13),(((((21,27),26),28),14),(((25,33),((36,20),7)),29)))),19)),90),(63,(99,(42,70)))),(75,77)),(82,61)),(86,73)),50),(56,80)),93),72);
Current score: 1.06284e+09
Current tree: ((73,((((((((((((((58,88),(((45,79),66),((96,91),44))),(((52,95),(78,87)),62)),74),(64,54)),(41,100)),((((((98,55),65),67),57),(((94,92),53),69)),((84,97),(76,81)))),((((85,(83,(48,43))),((60,46),89)),((49,59),(68,71))),(47,51))),(((((((((((35,18),4),2),((22,9),12)),5),((1,24),(30,15))),((39,23),(11,10))),((37,6),8)),((32,3),16)),((((31,(38,17)),(40,34)),13),(((((21,27),26),28),14),(((25,33),((36,20),7)),29)))),19)),90),(63,(99,(42,70)))),(75,77)),(82,61)),(50,((56,80),(93,72))))),86);
Final Tree: ((73,((((((((((((((58,88),(((45,79),66),((96,91),44))),(((52,95),(78,87)),62)),74),(64,54)),(41,100)),((((((98,55),65),67),57),(((94,92),53),69)),((84,97),(76,81)))),((((85,(83,(48,43))),((60,46),89)),((49,59),(68,71))),(47,51))),(((((((((((35,18),4),2),((22,9),12)),5),((1,24),(30,15))),((39,23),(11,10))),((37,6),8)),((32,3),16)),((((31,(38,17)),(40,34)),13),(((((21,27),26),28),14),(((25,33),((36,20),7)),29)))),19)),90),(63,(99,(42,70)))),(75,77)),(82,61)),(50,((56,80),(93,72))))),86);
#EqQuartets: 1625770493
Score: 1062841117
ASTRAL for PaRalogs and Orthologs III (ASTRAL-Pro3)
*** NOW with integrated CASTLES-Pro ***
Version: v1.22.3.6
Read 512 genetrees and found 100 species.
#Genetrees: 1000
#Duploss: 13051
#Species: 100
#Rounds: 4
#Samples: 4
#Threads: 1
Use two-step algorithm!
Guide Tree 0/16
#NNI moves:0/152
Guide Tree 1/16
#NNI moves:0/152
Guide Tree 2/16
#NNI moves:0/152
Guide Tree 3/16
#NNI moves:0/152
Guide Tree 4/16
#NNI moves:0/152
Guide Tree 5/16
#NNI moves:0/152
Guide Tree 6/16
#NNI moves:0/152
Guide Tree 7/16
#NNI moves:0/152
Guide Tree 8/16
#NNI moves:0/152
Guide Tree 9/16
#NNI moves:4/152
Guide Tree 10/16
#NNI moves:0/152
Guide Tree 11/16
#NNI moves:0/152
Guide Tree 12/16
#NNI moves:0/152
Guide Tree 13/16
#NNI moves:0/152
Guide Tree 14/16
#NNI moves:0/152
Guide Tree 15/16
#NNI moves:0/152
Remaining: 0
#NNI moves:0/152
#NNI moves:0/152
(((((((((((((((((69,46),(74,90)),(96,60)),(94,57)),(53,82)),(((88,(38,(54,52))),35),((86,27),((84,(72,56)),85)))),((63,47),61)),(98,39)),(((((99,((75,49),30)),((33,(24,36)),(48,26))),(92,(83,65))),(81,(71,(76,(28,62))))),((59,91),50))),((((17,4),2),(6,12)),(((((((8,22),5),((23,1),3)),20),15),(16,(19,14))),((((7,13),9),11),(21,(10,18)))))),((((77,87),55),(64,37)),58)),(100,70)),(((31,(((80,40),34),95)),42),((89,66),(97,79)))),((((((44,43),25),93),(68,73)),((45,67),78)),51)),41),32),29);
Guide Tree 0/16
#NNI moves:0/152
Guide Tree 1/16
#NNI moves:2/152
Guide Tree 2/16
#NNI moves:0/152
Guide Tree 3/16
#NNI moves:0/152
Guide Tree 4/16
#NNI moves:0/152
Guide Tree 5/16
#NNI moves:0/152
Guide Tree 6/16
#NNI moves:2/152
Guide Tree 7/16
#NNI moves:0/152
Guide Tree 8/16
#NNI moves:0/152
Guide Tree 9/16
#NNI moves:0/152
Guide Tree 10/16
#NNI moves:2/152
Guide Tree 11/16
#NNI moves:0/152
Guide Tree 12/16
#NNI moves:0/152
Guide Tree 13/16
#NNI moves:0/152
Guide Tree 14/16
#NNI moves:0/152
Guide Tree 15/16
#NNI moves:0/152
Remaining: 0
#NNI moves:12/152
#NNI moves:12/152
(((((((((((((((88,(38,(54,52))),35),((27,86),(((56,72),84),85))),(((((46,69),(90,74)),(60,96)),(94,57)),(82,53))),((63,47),61)),(39,98)),((((((30,(75,49)),99),(((36,24),33),(48,26))),((65,83),92)),(81,((76,(28,62)),71))),(50,(59,91)))),(((12,6),((4,17),2)),((((9,(13,7)),11),((10,18),21)),((((((1,23),3),((22,8),5)),20),15),((14,19),16))))),((((87,77),55),(64,37)),58)),(100,70)),((((95,((80,40),34)),31),42),((97,79),(66,89)))),((((45,67),78),((73,68),(((43,44),25),93))),51)),41),32),29);
Guide Tree 0/16
#NNI moves:0/152
Guide Tree 1/16
#NNI moves:0/152
Guide Tree 2/16
#NNI moves:0/152
Guide Tree 3/16
#NNI moves:0/152
Guide Tree 4/16
#NNI moves:0/152
Guide Tree 5/16
#NNI moves:0/152
Guide Tree 6/16
#NNI moves:0/152
Guide Tree 7/16
#NNI moves:0/152
Guide Tree 8/16
#NNI moves:0/152
Guide Tree 9/16
#NNI moves:0/152
Guide Tree 10/16
#NNI moves:0/152
Guide Tree 11/16
#NNI moves:0/152
Guide Tree 12/16
#NNI moves:0/152
Guide Tree 13/16
#NNI moves:0/152
Guide Tree 14/16
#NNI moves:0/152
Guide Tree 15/16
#NNI moves:0/152
Remaining: 0
#NNI moves:16/152
#NNI moves:16/152
((((((((((((((83,65),92),((((36,24),33),(48,26)),(99,(30,(75,49))))),(81,(((28,62),76),71))),((59,91),50)),(((((((84,(72,56)),85),(27,86)),((((52,54),38),88),35)),((((((46,69),(90,74)),(96,60)),82),(57,94)),53)),(61,(63,47))),(39,98))),((((((((22,8),5),(3,(23,1))),20),15),((19,14),16)),((21,(18,10)),((9,(7,13)),11))),((6,12),(2,(4,17))))),(((37,64),((77,87),55)),58)),(100,70)),(((89,66),(79,97)),(((95,(34,(80,40))),31),42))),((((((44,43),25),93),(68,73)),((67,45),78)),51)),41),32),29);
Guide Tree 0/16
#NNI moves:0/152
Guide Tree 1/16
#NNI moves:0/152
Guide Tree 2/16
#NNI moves:2/152
Guide Tree 3/16
#NNI moves:2/152
Guide Tree 4/16
#NNI moves:0/152
Guide Tree 5/16
#NNI moves:2/152
Guide Tree 6/16
#NNI moves:2/152
Guide Tree 7/16
#NNI moves:2/152
Guide Tree 8/16
#NNI moves:0/152
Guide Tree 9/16
#NNI moves:0/152
Guide Tree 10/16
#NNI moves:2/152
Guide Tree 11/16
#NNI moves:2/152
Guide Tree 12/16
#NNI moves:0/152
Guide Tree 13/16
#NNI moves:2/152
Guide Tree 14/16
#NNI moves:0/152
Guide Tree 15/16
#NNI moves:0/152
Remaining: 0
#NNI moves:8/152
#NNI moves:8/152
(((((((((((((((28,62),76),71),81),((((30,(49,75)),99),(((24,36),33),(48,26))),((65,83),92))),((91,59),50)),(((((((((90,74),(69,46)),(96,60)),82),(57,94)),53),((35,((38,(54,52)),88)),((86,27),(((56,72),84),85)))),((63,47),61)),(39,98))),((((11,((7,13),9)),((10,18),21)),(((((3,(1,23)),((8,22),5)),20),15),(16,(19,14)))),(((17,4),2),(6,12)))),(((64,37),((77,87),55)),58)),(100,70)),(((89,66),(79,97)),((((34,(80,40)),95),31),42))),((((((43,44),25),93),(73,68)),(78,(67,45))),51)),41),32),29);
Initial score: 1.08249e+09
Initial tree: (((((((((((((((28,62),76),71),81),((((30,(49,75)),99),(((24,36),33),(48,26))),((65,83),92))),((91,59),50)),((((((((90,74),(69,46)),(96,60)),(57,94)),(82,53)),((35,((38,(54,52)),88)),((86,27),(((56,72),84),85)))),((63,47),61)),(39,98))),((((11,((7,13),9)),((10,18),21)),(((((3,(1,23)),((8,22),5)),20),15),(16,(19,14)))),(((17,4),2),(6,12)))),(((64,37),((77,87),55)),58)),(100,70)),(((89,66),(79,97)),((((34,(80,40)),95),31),42))),((((((43,44),25),93),(73,68)),(78,(67,45))),51)),41),32),29);
*** Subsample Process ***
Use two-step algorithm!
#NNI moves:0/152
Remaining: 0
#NNI moves:0/152
#NNI moves:0/152
((((((((((((((77,87),55),(37,64)),58),(((((((((44,43),25),93),(73,68)),((67,45),78)),51),(41,(32,29))),(((((34,(40,80)),95),31),42),((66,89),(97,79)))),(100,70))),((((((7,13),9),11),((18,10),21)),(((((5,(8,22)),((23,1),3)),20),15),((14,19),16))),(((17,4),2),(12,6)))),((((((((54,52),38),88),35),((27,86),(85,(84,(72,56))))),((53,82),((((90,74),(46,69)),(96,60)),(57,94)))),((47,63),61)),(39,98))),((59,91),50)),(((((75,49),30),99),((33,(24,36)),(26,48))),((83,65),92))),81),71),76),62),28);
#NNI moves:0/152
Remaining: 0
#NNI moves:0/152
#NNI moves:0/152
(((((((((((((((96,60),((90,74),(46,69))),(94,57)),(82,53)),((35,(((52,54),38),88)),(((84,(72,56)),85),(86,27)))),((63,47),61)),(39,98)),(((81,((76,(28,62)),71)),((((26,48),(33,(36,24))),(((75,49),30),99)),((83,65),92))),((59,91),50))),((((((13,7),9),11),((10,18),21)),((((((8,22),5),((1,23),3)),20),15),((19,14),16))),(((17,4),2),(12,6)))),(((55,(87,77)),(37,64)),58)),(70,100)),(((((34,(80,40)),95),31),42),((79,97),(66,89)))),(((((25,(43,44)),93),(68,73)),((45,67),78)),51)),(32,29)),41);
#NNI moves:0/152
Remaining: 0
#NNI moves:6/152
#NNI moves:10/152
((((((((((((((((((8,22),5),(3,(1,23))),20),15),((14,19),16)),((((13,7),9),11),((10,18),21))),((2,(4,17)),(6,12))),((((((((34,(80,40)),95),31),42),((89,66),(79,97))),(((((45,67),78),((((43,44),25),93),(73,68))),51),((29,32),41))),(100,70)),(58,((55,(77,87)),(37,64))))),((((((28,62),76),71),81),((((33,(36,24)),(26,48)),(((75,49),30),99)),(92,(83,65)))),(50,(59,91)))),(98,39)),((63,47),61)),(((88,((52,54),38)),35),((86,27),(((72,56),84),85)))),(82,53)),(57,94)),((90,74),(46,69))),60),96);
#NNI moves:2/152
Remaining: 0
#NNI moves:14/152
#NNI moves:14/152
(((((((((((((((((88,(38,(54,52))),35),((85,(84,(56,72))),(86,27))),((53,82),((((74,90),(46,69)),(60,96)),(57,94)))),(61,(47,63))),(39,98)),((((71,(76,(62,28))),81),((((48,26),(33,(24,36))),(((49,75),30),99)),(92,(83,65)))),((59,91),50))),(((((((5,(8,22)),(3,(1,23))),20),15),((19,14),16)),((11,(9,(7,13))),((10,18),21))),((6,12),(2,(17,4))))),((((77,87),55),(37,64)),58)),(70,100)),(((97,79),(89,66)),((31,(((40,80),34),95)),42))),((32,29),41)),51),((((44,43),25),93),(68,73))),78),67),45);
Current score: 1.08249e+09
Current tree: ((32,(41,((((((((((((88,(38,(54,52))),35),((85,(84,(56,72))),(86,27))),((53,82),((((74,90),(46,69)),(60,96)),(57,94)))),(61,(47,63))),(39,98)),((((71,(76,(62,28))),81),((((48,26),(33,(24,36))),(((49,75),30),99)),(92,(83,65)))),((59,91),50))),(((((((5,(8,22)),(3,(1,23))),20),15),((19,14),16)),((11,(9,(7,13))),((10,18),21))),((6,12),(2,(17,4))))),((((77,87),55),(37,64)),58)),(70,100)),(((97,79),(89,66)),((31,(((40,80),34),95)),42))),(51,(((((44,43),25),93),(68,73)),(78,(67,45))))))),29);
Final Tree: ((32,(41,((((((((((((88,(38,(54,52))),35),((85,(84,(56,72))),(86,27))),((53,82),((((74,90),(46,69)),(60,96)),(57,94)))),(61,(47,63))),(39,98)),((((71,(76,(62,28))),81),((((48,26),(33,(24,36))),(((49,75),30),99)),(92,(83,65)))),((59,91),50))),(((((((5,(8,22)),(3,(1,23))),20),15),((19,14),16)),((11,(9,(7,13))),((10,18),21))),((6,12),(2,(17,4))))),((((77,87),55),(37,64)),58)),(70,100)),(((97,79),(89,66)),((31,(((40,80),34),95)),42))),(51,(((((44,43),25),93),(68,73)),(78,(67,45))))))),29);
#EqQuartets: 1631691108
Score: 1082486480
ASTRAL for PaRalogs and Orthologs III (ASTRAL-Pro3)
*** NOW with integrated CASTLES-Pro ***
Version: v1.22.3.6
Read 512 genetrees and found 100 species.
#Genetrees: 998
#Duploss: 13040
#Species: 100
#Rounds: 4
#Samples: 4
#Threads: 1
Use two-step algorithm!
Guide Tree 0/16
#NNI moves:6/152
Guide Tree 1/16
#NNI moves:0/152
Guide Tree 2/16
#NNI moves:0/152
Guide Tree 3/16
#NNI moves:0/152
Guide Tree 4/16
#NNI moves:0/152
Guide Tree 5/16
#NNI moves:2/152
Guide Tree 6/16
#NNI moves:6/152
Guide Tree 7/16
#NNI moves:0/152
Guide Tree 8/16
#NNI moves:0/152
Guide Tree 9/16
#NNI moves:0/152
Guide Tree 10/16
#NNI moves:6/152
Guide Tree 11/16
#NNI moves:0/152
Guide Tree 12/16
#NNI moves:6/152
Guide Tree 13/16
#NNI moves:0/152
Guide Tree 14/16
#NNI moves:6/152
Guide Tree 15/16
#NNI moves:2/152
Remaining: 0
#NNI moves:2/152
#NNI moves:2/152
(((((((((((((((55,((63,19),(61,27))),((9,94),51)),42),((((11,((40,17),87)),(90,93)),65),25)),100),(((((64,72),((29,99),80)),73),(((((83,47),(39,68)),20),((23,96),(70,71))),(69,36))),((((48,79),((24,34),37)),(60,98)),(((67,1),38),16)))),((((66,(7,54)),(78,53)),(((81,52),(45,62)),((8,10),89))),(((((95,91),(97,13)),43),(58,84)),(88,33)))),(((92,74),((((31,5),50),(46,(56,3))),82)),2)),(75,(57,(32,77)))),((((22,28),4),(30,(18,85))),(((59,49),((41,26),6)),(15,(12,76))))),86),44),14),35),21);
Guide Tree 0/16
#NNI moves:0/152
Guide Tree 1/16
#NNI moves:2/152
Guide Tree 2/16
#NNI moves:0/152
Guide Tree 3/16
#NNI moves:0/152
Guide Tree 4/16
#NNI moves:6/152
Guide Tree 5/16
#NNI moves:0/152
Guide Tree 6/16
#NNI moves:0/152
Guide Tree 7/16
#NNI moves:0/152
Guide Tree 8/16
#NNI moves:0/152
Guide Tree 9/16
#NNI moves:0/152
Guide Tree 10/16
#NNI moves:0/152
Guide Tree 11/16
#NNI moves:0/152
Guide Tree 12/16
#NNI moves:0/152
Guide Tree 13/16
#NNI moves:2/152
Guide Tree 14/16
#NNI moves:0/152
Guide Tree 15/16
#NNI moves:0/152
Remaining: 0
#NNI moves:0/152
#NNI moves:0/152
((((((((((((((((70,71),(96,23)),(((39,68),(47,83)),20)),(36,69)),(((80,(99,29)),(64,72)),73)),(((38,(1,67)),16),((60,98),((37,(34,24)),(79,48))))),((((((((17,40),87),11),(90,93)),65),25),(((((61,27),(19,63)),55),(51,(9,94))),42)),100)),((((66,(54,7)),(78,53)),((89,(8,10)),((45,62),(52,81)))),(((43,((13,97),(95,91))),(84,58)),(33,88)))),((((((3,56),46),(50,(31,5))),82),(92,74)),2)),(((77,32),57),75)),((((22,28),4),((85,18),30)),(((59,49),(6,(26,41))),(15,(12,76))))),86),44),14),35),21);
Guide Tree 0/16
#NNI moves:4/152
Guide Tree 1/16
#NNI moves:0/152
Guide Tree 2/16
#NNI moves:0/152
Guide Tree 3/16
#NNI moves:0/152
Guide Tree 4/16
#NNI moves:0/152
Guide Tree 5/16
#NNI moves:0/152
Guide Tree 6/16
#NNI moves:0/152
Guide Tree 7/16
#NNI moves:0/152
Guide Tree 8/16
#NNI moves:6/152
Guide Tree 9/16
#NNI moves:0/152
Guide Tree 10/16
#NNI moves:4/152
Guide Tree 11/16
#NNI moves:0/152
Guide Tree 12/16
#NNI moves:0/152
Guide Tree 13/16
#NNI moves:6/152
Guide Tree 14/16
#NNI moves:0/152
Guide Tree 15/16
#NNI moves:0/152
Remaining: 0
#NNI moves:0/152
#NNI moves:0/152
((((((((((((((8,10),89),((45,62),(81,52))),((78,53),((54,7),66))),((88,33),((((97,13),(91,95)),43),(84,58)))),(((((((24,34),37),(79,48)),(98,60)),((38,(67,1)),16)),(((((71,70),(96,23)),(((83,47),(68,39)),20)),(36,69)),((((99,29),80),(64,72)),73))),((((((90,93),(((17,40),87),11)),65),25),(((55,((63,19),(27,61))),(51,(94,9))),42)),100))),((((((3,56),46),(50,(5,31))),82),(92,74)),2)),((57,(32,77)),75)),((((18,85),30),((28,22),4)),(((59,49),((41,26),6)),((12,76),15)))),86),44),14),35),21);
Guide Tree 0/16
#NNI moves:0/152
Guide Tree 1/16
#NNI moves:2/152
Guide Tree 2/16
#NNI moves:0/152
Guide Tree 3/16
#NNI moves:0/152
Guide Tree 4/16
#NNI moves:0/152
Guide Tree 5/16
#NNI moves:0/152
Guide Tree 6/16
#NNI moves:0/152
Guide Tree 7/16
#NNI moves:0/152
Guide Tree 8/16
#NNI moves:0/152
Guide Tree 9/16
#NNI moves:0/152
Guide Tree 10/16
#NNI moves:0/152
Guide Tree 11/16
#NNI moves:0/152
Guide Tree 12/16
#NNI moves:2/152
Guide Tree 13/16
#NNI moves:0/152
Guide Tree 14/16
#NNI moves:0/152
Guide Tree 15/16
#NNI moves:2/152
Remaining: 0
#NNI moves:8/152
#NNI moves:8/152
((((((((((((((((94,9),51),(55,((63,19),(27,61)))),42),(((((87,(17,40)),11),(90,93)),65),25)),100),((((((99,29),80),(72,64)),73),((((70,71),(23,96)),(((83,47),(68,39)),20)),(36,69))),((((79,48),(37,(24,34))),(60,98)),(((67,1),38),16)))),(((((52,81),(45,62)),((8,10),89)),(((7,54),66),(78,53))),(((((13,97),(95,91)),43),(58,84)),(33,88)))),(((((50,(5,31)),(46,(56,3))),82),(74,92)),2)),(((32,77),57),75)),((((12,76),15),((49,59),((41,26),6))),(((28,22),4),((85,18),30)))),86),44),14),35),21);
Initial score: 9.73881e+08
Initial tree: ((((((((((((((((94,9),51),(55,((63,19),(27,61)))),42),(((((87,(17,40)),11),(90,93)),65),25)),100),((((((99,29),80),(72,64)),73),((((70,71),(23,96)),(((83,47),(68,39)),20)),(36,69))),((((79,48),(37,(24,34))),(60,98)),(((67,1),38),16)))),(((((52,81),(45,62)),((8,10),89)),(((7,54),66),(78,53))),(((((13,97),(95,91)),43),(58,84)),(33,88)))),(((((50,(5,31)),(46,(56,3))),82),(74,92)),2)),(((32,77),57),75)),((((12,76),15),((49,59),((41,26),6))),(((28,22),4),((85,18),30)))),86),44),14),35),21);
*** Subsample Process ***
Use two-step algorithm!
#NNI moves:0/152
Remaining: 0
#NNI moves:12/152
#NNI moves:12/152
(((((((((((((((22,28),4),((18,85),30)),(((12,76),15),((49,59),((26,41),6)))),(86,(((35,21),14),44))),((57,(77,32)),75)),(((((46,(3,56)),((5,31),50)),82),(74,92)),2)),(((((54,7),66),(53,78)),(((8,10),89),((81,52),(62,45)))),(((((97,13),(95,91)),43),(84,58)),(33,88)))),(((((((39,68),(83,47)),20),((96,23),(71,70))),(69,36)),(((72,64),((29,99),80)),73)),((((67,1),38),16),(((48,79),((34,24),37)),(98,60))))),100),((((93,90),(((17,40),87),11)),65),25)),42),(55,((19,63),(61,27)))),(94,9)),51);
#NNI moves:0/152
Remaining: 0
#NNI moves:0/152
#NNI moves:0/152
(((((((((((((((64,72),((29,99),80)),73),((69,36),((((68,39),(83,47)),20),((71,70),(23,96))))),((((67,1),38),16),(((48,79),((24,34),37)),(60,98)))),((((((93,90),(((40,17),87),11)),65),25),((((94,9),51),(((27,61),(19,63)),55)),42)),100)),((((((97,13),(91,95)),43),(58,84)),(88,33)),((((10,8),89),((81,52),(62,45))),((78,53),(66,(54,7)))))),(2,(((((31,5),50),((3,56),46)),82),(92,74)))),(((32,77),57),75)),(((15,(12,76)),((59,49),((26,41),6))),(((18,85),30),(4,(22,28))))),86),44),14),21),35);
#NNI moves:0/152
Remaining: 0
#NNI moves:2/152
#NNI moves:2/152
((((((((((((((((12,76),15),((6,(41,26)),(59,49))),(((22,28),4),((18,85),30))),(((14,(21,35)),44),86)),(((77,32),57),75)),(((((46,(3,56)),(50,(31,5))),82),(92,74)),2)),((((((97,13),(95,91)),43),(84,58)),(88,33)),(((66,(54,7)),(53,78)),(((10,8),89),((45,62),(52,81)))))),((((((((40,17),87),11),(93,90)),65),25),(((((63,19),(27,61)),55),((94,9),51)),42)),100)),((((67,1),38),16),((((34,24),37),(79,48)),(98,60)))),((((23,96),(71,70)),(((68,39),(83,47)),20)),(69,36))),73),(72,64)),80),99),29);
#NNI moves:0/152
Remaining: 0
#NNI moves:0/152
#NNI moves:0/152
((((((((((((((87,(17,40)),11),(90,93)),65),25),(((((61,27),(63,19)),55),(51,(9,94))),42)),100),((((69,36),((((47,83),(39,68)),20),((23,96),(70,71)))),((((29,99),80),(64,72)),73)),(((((24,34),37),(79,48)),(98,60)),(((1,67),38),16)))),((((((91,95),(13,97)),43),(58,84)),(33,88)),((((81,52),(45,62)),((10,8),89)),((78,53),((7,54),66))))),((((((56,3),46),(50,(5,31))),82),(92,74)),2)),(((32,77),57),75)),((((22,28),4),(30,(18,85))),(((49,59),((41,26),6)),(15,(76,12))))),((14,(35,21)),44)),86);
Current score: 9.73881e+08
Current tree: ((35,(14,(44,(((((((((((((87,(17,40)),11),(90,93)),65),25),(((((61,27),(63,19)),55),(51,(9,94))),42)),100),((((69,36),((((47,83),(39,68)),20),((23,96),(70,71)))),((((29,99),80),(64,72)),73)),(((((24,34),37),(79,48)),(98,60)),(((1,67),38),16)))),((((((91,95),(13,97)),43),(58,84)),(33,88)),((((81,52),(45,62)),((10,8),89)),((78,53),((7,54),66))))),((((((56,3),46),(50,(5,31))),82),(92,74)),2)),(((32,77),57),75)),((((22,28),4),(30,(18,85))),(((49,59),((41,26),6)),(15,(76,12))))),86)))),21);
Final Tree: ((35,(14,(44,(((((((((((((87,(17,40)),11),(90,93)),65),25),(((((61,27),(63,19)),55),(51,(9,94))),42)),100),((((69,36),((((47,83),(39,68)),20),((23,96),(70,71)))),((((29,99),80),(64,72)),73)),(((((24,34),37),(79,48)),(98,60)),(((1,67),38),16)))),((((((91,95),(13,97)),43),(58,84)),(33,88)),((((81,52),(45,62)),((10,8),89)),((78,53),((7,54),66))))),((((((56,3),46),(50,(5,31))),82),(92,74)),2)),(((32,77),57),75)),((((22,28),4),(30,(18,85))),(((49,59),((41,26),6)),(15,(76,12))))),86)))),21);
#EqQuartets: 1587534863
Score: 973880513
ASTRAL for PaRalogs and Orthologs III (ASTRAL-Pro3)
*** NOW with integrated CASTLES-Pro ***
Version: v1.22.3.6
Read 512 genetrees and found 100 species.
#Genetrees: 1000
#Duploss: 12233
#Species: 100
#Rounds: 4
#Samples: 4
#Threads: 1
Use two-step algorithm!
Guide Tree 0/16
#NNI moves:0/152
Guide Tree 1/16
#NNI moves:0/152
Guide Tree 2/16
#NNI moves:0/152
Guide Tree 3/16
#NNI moves:0/152
Guide Tree 4/16
#NNI moves:0/152
Guide Tree 5/16
#NNI moves:0/152
Guide Tree 6/16
#NNI moves:0/152
Guide Tree 7/16
#NNI moves:0/152
Guide Tree 8/16
#NNI moves:0/152
Guide Tree 9/16
#NNI moves:0/152
Guide Tree 10/16
#NNI moves:0/152
Guide Tree 11/16
#NNI moves:0/152
Guide Tree 12/16
#NNI moves:0/152
Guide Tree 13/16
#NNI moves:0/152
Guide Tree 14/16
#NNI moves:0/152
Guide Tree 15/16
#NNI moves:0/152
Remaining: 0
#NNI moves:10/152
#NNI moves:10/152
(((((((((((((((13,22),(27,1)),2),(((7,(9,17)),(26,18)),19)),(((16,(29,28)),((34,10),15)),((20,30),4))),(11,5)),(((((33,32),12),8),(((3,(14,31)),(21,25)),23)),(24,6))),(((((64,81),(35,42)),85),(((39,59),69),(((86,68),67),((52,77),78)))),43)),(((((80,89),46),((97,41),(70,49))),47),((82,60),(44,99)))),((((((62,79),56),((66,92),93)),83),57),(((36,91),37),(75,98)))),(((((53,(90,(63,48))),45),(((55,40),58),76)),(((73,94),74),(54,((95,84),72)))),((100,65),96))),(38,61)),((88,50),51)),87),71);
Guide Tree 0/16
#NNI moves:0/152
Guide Tree 1/16
#NNI moves:2/152
Guide Tree 2/16
#NNI moves:0/152
Guide Tree 3/16
#NNI moves:6/152
Guide Tree 4/16
#NNI moves:2/152
Guide Tree 5/16
#NNI moves:2/152
Guide Tree 6/16
#NNI moves:6/152
Guide Tree 7/16
#NNI moves:0/152
Guide Tree 8/16
#NNI moves:0/152
Guide Tree 9/16
#NNI moves:0/152
Guide Tree 10/16
#NNI moves:2/152
Guide Tree 11/16
#NNI moves:0/152
Guide Tree 12/16
#NNI moves:2/152
Guide Tree 13/16
#NNI moves:0/152
Guide Tree 14/16
#NNI moves:0/152
Guide Tree 15/16
#NNI moves:0/152
Remaining: 0
#NNI moves:2/152
#NNI moves:2/152
(((((((((((((35,42),(64,81)),85),(((39,59),69),((67,(86,68)),(78,(77,52))))),43),(((((((31,14),3),(25,21)),23),(8,(12,(33,32)))),(24,6)),((((((18,26),((9,17),7)),19),(((1,27),(13,22)),2)),((((10,34),15),((29,28),16)),(4,(20,30)))),(5,11)))),(((((49,70),(41,97)),((80,89),46)),47),((60,82),(44,99)))),(((83,((56,(79,62)),((66,92),93))),57),(((36,91),37),(75,98)))),(((((58,(40,55)),76),((((48,63),90),53),45)),((74,(94,73)),(((95,84),72),54))),((100,65),96))),(38,61)),((88,50),51)),87),71);
Guide Tree 0/16
#NNI moves:0/152
Guide Tree 1/16
#NNI moves:0/152
Guide Tree 2/16
#NNI moves:0/152
Guide Tree 3/16
#NNI moves:0/152
Guide Tree 4/16
#NNI moves:0/152
Guide Tree 5/16
#NNI moves:0/152
Guide Tree 6/16
#NNI moves:0/152
Guide Tree 7/16
#NNI moves:0/152
Guide Tree 8/16
#NNI moves:0/152
Guide Tree 9/16
#NNI moves:0/152
Guide Tree 10/16
#NNI moves:0/152
Guide Tree 11/16
#NNI moves:0/152
Guide Tree 12/16
#NNI moves:0/152
Guide Tree 13/16
#NNI moves:0/152
Guide Tree 14/16
#NNI moves:0/152
Guide Tree 15/16
#NNI moves:0/152
Remaining: 1
#NNI moves:2/152
#NNI moves:2/152
((((((((((((66,92),93),(56,(62,79))),83),57),(((36,91),37),(75,98))),(((((((((26,18),((17,9),7)),19),(((27,1),(13,22)),2)),((((29,28),16),((34,10),15)),((30,20),4))),(5,11)),((((((31,14),3),(21,25)),23),(((33,32),12),8)),(6,24))),((((((52,77),78),((68,86),67)),((39,59),69)),(((42,35),(64,81)),85)),43)),(((44,99),(60,82)),((((49,70),(41,97)),(46,(80,89))),47)))),((96,(100,65)),((((58,(40,55)),76),((53,(90,(63,48))),45)),(((94,73),74),((72,(84,95)),54))))),(38,61)),(51,(88,50))),87),71);
Guide Tree 0/16
#NNI moves:0/152
Guide Tree 1/16
#NNI moves:6/152
Guide Tree 2/16
#NNI moves:0/152
Guide Tree 3/16
#NNI moves:2/152
Guide Tree 4/16
#NNI moves:0/152
Guide Tree 5/16
#NNI moves:0/152
Guide Tree 6/16
#NNI moves:0/152
Guide Tree 7/16
#NNI moves:6/152
Guide Tree 8/16
#NNI moves:0/152
Guide Tree 9/16
#NNI moves:0/152
Guide Tree 10/16
#NNI moves:0/152
Guide Tree 11/16
#NNI moves:6/152
Guide Tree 12/16
#NNI moves:2/152
Guide Tree 13/16
#NNI moves:0/152
Guide Tree 14/16
#NNI moves:0/152
Guide Tree 15/16
#NNI moves:0/152
Remaining: 3
#NNI moves:0/152
#NNI moves:2/152
(((((((((((((((27,1),(22,13)),2),((((9,17),7),(26,18)),19)),((((34,10),15),((29,28),16)),(4,(20,30)))),(5,11)),(((((32,33),12),8),(((3,(14,31)),(25,21)),23)),(24,6))),(((((42,35),(64,81)),85),((((86,68),67),((52,77),78)),(69,(39,59)))),43)),(((((70,49),(97,41)),((80,89),46)),47),((99,44),(60,82)))),((((((62,79),56),(93,(66,92))),83),57),((37,(91,36)),(75,98)))),((((((84,95),72),54),((73,94),74)),(((53,(90,(48,63))),45),(((40,55),58),76))),((65,100),96))),(61,38)),((50,88),51)),87),71);
Initial score: 1.07021e+09
Initial tree: (((((((((((((((27,1),(22,13)),2),((((9,17),7),(26,18)),19)),((((34,10),15),((29,28),16)),(4,(20,30)))),(5,11)),(((((32,33),12),8),(((3,(14,31)),(25,21)),23)),(24,6))),(((((42,35),(64,81)),85),((((86,68),67),((52,77),78)),(69,(39,59)))),43)),(((((70,49),(97,41)),((80,89),46)),47),((99,44),(60,82)))),((((((62,79),56),(93,(66,92))),83),57),((37,(91,36)),(75,98)))),((((((84,95),72),54),((73,94),74)),(((53,(90,(48,63))),45),(((40,55),58),76))),((65,100),96))),(61,38)),((50,88),51)),87),71);
*** Subsample Process ***
Use two-step algorithm!
#NNI moves:0/152
Remaining: 0
#NNI moves:0/152
#NNI moves:0/152
((((((((((((((((((53,((63,48),90)),45),(((40,55),58),76)),(((94,73),74),((72,(84,95)),54))),((100,65),96)),((38,61),(((50,88),51),(87,71)))),((((((79,62),56),((66,92),93)),83),57),(((91,36),37),(98,75)))),(((((97,41),(49,70)),(46,(89,80))),47),((44,99),(60,82)))),(((((35,42),(81,64)),85),((((77,52),78),(67,(86,68))),((59,39),69))),43)),((((12,(32,33)),8),(((3,(14,31)),(21,25)),23)),(6,24))),(11,5)),((((34,10),15),((28,29),16)),(4,(20,30)))),(((13,22),(1,27)),2)),19),(18,26)),7),9),17);
#NNI moves:0/152
Remaining: 1
#NNI moves:10/152
#NNI moves:10/152
(((((((((((((15,(34,10)),(16,(28,29))),((30,20),4)),((((13,22),(1,27)),2),(((7,(17,9)),(18,26)),19))),(11,5)),(((8,((32,33),12)),(((21,25),((31,14),3)),23)),(24,6))),(((((42,35),(81,64)),85),((((68,86),67),((52,77),78)),(69,(39,59)))),43)),((47,((46,(89,80)),((49,70),(97,41)))),((60,82),(44,99)))),((((36,91),37),(98,75)),((((93,(66,92)),((79,62),56)),83),57))),((((((84,95),72),54),((94,73),74)),((((40,55),58),76),(45,(((63,48),90),53)))),((65,100),96))),((87,71),((88,50),51))),61),38);
#NNI moves:0/152
Remaining: 0
#NNI moves:2/152
#NNI moves:2/152
((((((((((((((((10,34),15),(16,(29,28))),((20,30),4)),((((27,1),(13,22)),2),(19,((26,18),((17,9),7))))),(5,11)),(((23,((21,25),((14,31),3))),(8,(12,(32,33)))),(6,24))),(((((35,42),(64,81)),85),(((78,(52,77)),((68,86),67)),(69,(39,59)))),43)),((47,(((97,41),(49,70)),((89,80),46))),((82,60),(44,99)))),((((((66,92),93),((79,62),56)),83),57),(((91,36),37),(98,75)))),((((((40,55),58),76),(((90,(63,48)),53),45)),(((73,94),74),((72,(84,95)),54))),((65,100),96))),(38,61)),(71,87)),51),50),88);
#NNI moves:0/152
Remaining: 0
#NNI moves:6/152
#NNI moves:6/152
(((((((((((((((((((48,63),90),53),45),(76,((55,40),58))),((54,((95,84),72)),((73,94),74))),((65,100),96)),((61,38),(((88,50),51),(87,71)))),((((91,36),37),(75,98)),((((93,(92,66)),((79,62),56)),83),57))),(((((70,49),(97,41)),(46,(89,80))),47),((44,99),(82,60)))),(((((35,42),(81,64)),85),((((86,68),67),((77,52),78)),(69,(59,39)))),43)),(((((3,(31,14)),(21,25)),23),(8,((32,33),12))),(6,24))),(5,11)),((((26,18),((17,9),7)),19),(2,((13,22),(27,1))))),((30,20),4)),((29,28),16)),15),10),34);
Current score: 1.07021e+09
Current tree: ((87,(((88,50),51),((61,38),((((((((48,63),90),53),45),(76,((55,40),58))),((54,((95,84),72)),((73,94),74))),((65,100),96)),(((((91,36),37),(75,98)),((((93,(92,66)),((79,62),56)),83),57)),((((((70,49),(97,41)),(46,(89,80))),47),((44,99),(82,60))),((((((35,42),(81,64)),85),((((86,68),67),((77,52),78)),(69,(59,39)))),43),((((((3,(31,14)),(21,25)),23),(8,((32,33),12))),(6,24)),((5,11),(((((26,18),((17,9),7)),19),(2,((13,22),(27,1)))),(((30,20),4),(((29,28),16),(15,(10,34)))))))))))))),71);
Final Tree: ((87,(((88,50),51),((61,38),((((((((48,63),90),53),45),(76,((55,40),58))),((54,((95,84),72)),((73,94),74))),((65,100),96)),(((((91,36),37),(75,98)),((((93,(92,66)),((79,62),56)),83),57)),((((((70,49),(97,41)),(46,(89,80))),47),((44,99),(82,60))),((((((35,42),(81,64)),85),((((86,68),67),((77,52),78)),(69,(59,39)))),43),((((((3,(31,14)),(21,25)),23),(8,((32,33),12))),(6,24)),((5,11),(((((26,18),((17,9),7)),19),(2,((13,22),(27,1)))),(((30,20),4),(((29,28),16),(15,(10,34)))))))))))))),71);
#EqQuartets: 1654378222
Score: 1070213769
ASTRAL for PaRalogs and Orthologs III (ASTRAL-Pro3)
*** NOW with integrated CASTLES-Pro ***
Version: v1.22.3.6
Read 512 genetrees and found 100 species.
#Genetrees: 1000
#Duploss: 13550
#Species: 100
#Rounds: 4
#Samples: 4
#Threads: 1
Use two-step algorithm!
Guide Tree 0/16
#NNI moves:0/152
Guide Tree 1/16
#NNI moves:0/152
Guide Tree 2/16
#NNI moves:0/152
Guide Tree 3/16
#NNI moves:0/152
Guide Tree 4/16
#NNI moves:0/152
Guide Tree 5/16
#NNI moves:0/152
Guide Tree 6/16
#NNI moves:0/152
Guide Tree 7/16
#NNI moves:0/152
Guide Tree 8/16
#NNI moves:0/152
Guide Tree 9/16
#NNI moves:0/152
Guide Tree 10/16
#NNI moves:0/152
Guide Tree 11/16
#NNI moves:0/152
Guide Tree 12/16
#NNI moves:0/152
Guide Tree 13/16
#NNI moves:0/152
Guide Tree 14/16
#NNI moves:0/152
Guide Tree 15/16
#NNI moves:0/152
Remaining: 0
#NNI moves:12/152
#NNI moves:12/152
((((((((((((((((((69,76),88),((90,83),(64,98))),(((56,92),(85,(86,75))),((99,93),(65,(68,71))))),(((((((84,61),62),89),(79,77)),((81,(82,74)),(((94,73),66),(((60,70),(72,(87,96))),95)))),100),((57,(59,91)),80))),(((67,(78,58)),97),63)),((((33,8),(28,30)),4),42)),((2,(44,11)),(55,25))),10),((((((35,45),34),(37,6)),(24,51)),38),(((49,36),40),9))),((((13,31),(20,12)),16),32)),((((43,21),(29,22)),17),((26,48),47))),(((((((46,23),52),5),19),53),15),(50,39))),(18,3)),14),(54,(7,27))),1),41);
Guide Tree 0/16
#NNI moves:0/152
Guide Tree 1/16
#NNI moves:0/152
Guide Tree 2/16
#NNI moves:0/152
Guide Tree 3/16
#NNI moves:0/152
Guide Tree 4/16
#NNI moves:0/152
Guide Tree 5/16
#NNI moves:0/152
Guide Tree 6/16
#NNI moves:0/152
Guide Tree 7/16
#NNI moves:0/152
Guide Tree 8/16
#NNI moves:0/152
Guide Tree 9/16
#NNI moves:0/152
Guide Tree 10/16
#NNI moves:0/152
Guide Tree 11/16
#NNI moves:0/152
Guide Tree 12/16
#NNI moves:0/152
Guide Tree 13/16
#NNI moves:0/152
Guide Tree 14/16
#NNI moves:0/152
Guide Tree 15/16
#NNI moves:0/152
Remaining: 0
#NNI moves:14/152
#NNI moves:16/152
((((((((((((((((((65,(68,71)),(99,93)),((56,92),((86,75),85))),(((69,76),88),((83,90),(64,98)))),(((((((61,84),62),89),(77,79)),((((((96,87),72),(70,60)),95),(66,(94,73))),((82,74),81))),100),(80,((91,59),57)))),(((67,(58,78)),97),63)),((((28,30),(33,8)),4),42)),(((11,44),2),(55,25))),10),(((40,(49,36)),9),((((6,37),((45,35),34)),(51,24)),38))),(32,(16,((20,12),(13,31))))),(((26,48),47),(((22,29),(21,43)),17))),((15,(((((23,46),52),5),19),53)),(39,50))),(3,18)),14),(54,(7,27))),1),41);
Guide Tree 0/16
#NNI moves:0/152
Guide Tree 1/16
#NNI moves:2/152
Guide Tree 2/16
#NNI moves:2/152
Guide Tree 3/16
#NNI moves:2/152
Guide Tree 4/16
#NNI moves:2/152
Guide Tree 5/16
#NNI moves:0/152
Guide Tree 6/16
#NNI moves:0/152
Guide Tree 7/16
#NNI moves:0/152
Guide Tree 8/16
#NNI moves:0/152
Guide Tree 9/16
#NNI moves:0/152
Guide Tree 10/16
#NNI moves:0/152
Guide Tree 11/16
#NNI moves:0/152
Guide Tree 12/16
#NNI moves:0/152
Guide Tree 13/16
#NNI moves:2/152
Guide Tree 14/16
#NNI moves:0/152
Guide Tree 15/16
#NNI moves:0/152
Remaining: 0
#NNI moves:14/152
#NNI moves:24/152
(((((((((((((((((((68,71),65),(99,93)),((56,92),((86,75),85))),(((64,98),(90,83)),(88,(76,69)))),((((((((60,70),((87,96),72)),95),((94,73),66)),((74,82),81)),(((62,(84,61)),89),(79,77))),100),(80,(57,(59,91))))),(((67,(78,58)),97),63)),((((8,33),(28,30)),4),42)),(((44,11),2),(25,55))),10),((9,(40,(36,49))),((((6,37),((45,35),34)),(24,51)),38))),((((12,20),(13,31)),16),32)),((((22,29),(21,43)),17),((26,48),47))),(((((((46,23),52),5),19),53),15),(50,39))),(3,18)),14),((27,7),54)),1),41);
Guide Tree 0/16
#NNI moves:0/152
Guide Tree 1/16
#NNI moves:2/152
Guide Tree 2/16
#NNI moves:2/152
Guide Tree 3/16
#NNI moves:0/152
Guide Tree 4/16
#NNI moves:2/152
Guide Tree 5/16
#NNI moves:0/152
Guide Tree 6/16
#NNI moves:0/152
Guide Tree 7/16
#NNI moves:0/152
Guide Tree 8/16
#NNI moves:0/152
Guide Tree 9/16
#NNI moves:0/152
Guide Tree 10/16
#NNI moves:0/152
Guide Tree 11/16
#NNI moves:0/152
Guide Tree 12/16
#NNI moves:0/152
Guide Tree 13/16
#NNI moves:0/152
Guide Tree 14/16
#NNI moves:0/152
Guide Tree 15/16
#NNI moves:0/152
Remaining: 0
#NNI moves:10/152
#NNI moves:10/152
((((((((((((((((((64,98),(90,83)),((76,69),88)),((((71,68),65),(99,93)),(((75,86),85),(56,92)))),((((((62,(84,61)),89),(79,77)),((((((96,87),72),(60,70)),95),(66,(94,73))),(81,(74,82)))),100),(((59,91),57),80))),(63,(97,(67,(78,58))))),((((30,28),(8,33)),4),42)),(((44,11),2),(25,55))),10),((((36,49),40),9),(38,(((37,6),(34,(35,45))),(51,24))))),((((13,31),(20,12)),16),32)),((((29,22),(21,43)),17),((26,48),47))),(((((((23,46),52),5),19),53),15),(50,39))),(18,3)),14),((7,27),54)),1),41);
Initial score: 1.06223e+09
Initial tree: ((((((((((((((((((64,98),(90,83)),((76,69),88)),((((71,68),65),(99,93)),(((75,86),85),(56,92)))),((((((62,(84,61)),89),(79,77)),((((((96,87),72),(60,70)),95),(66,(94,73))),(81,(74,82)))),100),(((59,91),57),80))),(63,(97,(67,(78,58))))),((((30,28),(8,33)),4),42)),(((44,11),2),(25,55))),10),((((36,49),40),9),(38,(((37,6),(34,(35,45))),(51,24))))),((((13,31),(20,12)),16),32)),((((29,22),(21,43)),17),((26,48),47))),(((((((23,46),52),5),19),53),15),(50,39))),(18,3)),14),((7,27),54)),1),41);
*** Subsample Process ***
Use two-step algorithm!
#NNI moves:2/152
Remaining: 0
#NNI moves:16/152
#NNI moves:18/152
(((((((((((((((((((((46,23),52),5),19),53),15),(50,39)),((((1,41),((7,27),54)),14),(3,18))),((((21,43),(22,29)),17),((48,26),47))),(32,(((20,12),(13,31)),16))),(((((37,6),((45,35),34)),(24,51)),38),(((36,49),40),9))),10),(((44,11),2),(55,25))),((((8,33),(28,30)),4),42)),(63,(((78,58),67),97))),(((((((((87,96),72),(70,60)),95),((73,94),66)),((74,82),81)),((77,79),(((84,61),62),89))),100),(((59,91),57),80))),(((56,92),((86,75),85)),(((71,68),65),(93,99)))),((76,69),88)),(90,83)),98),64);
#NNI moves:0/152
Remaining: 0
#NNI moves:16/152
#NNI moves:16/152
(((((((((((((((((((86,75),85),(92,56)),((93,99),((68,71),65))),(((90,83),(64,98)),((69,76),88))),((((((66,(94,73)),((((87,96),72),(60,70)),95)),((74,82),81)),((((84,61),62),89),(77,79))),100),(((91,59),57),80))),(((67,(78,58)),97),63)),((((33,8),(30,28)),4),42)),((2,(11,44)),(25,55))),10),((((36,49),40),9),((((37,6),((35,45),34)),(24,51)),38))),((((31,13),(20,12)),16),32)),((17,((22,29),(21,43))),((26,48),47))),((((((52,(23,46)),5),19),53),15),(50,39))),(3,18)),14),(54,(27,7))),41),1);
#NNI moves:2/152
Remaining: 0
#NNI moves:34/152
#NNI moves:34/152
((((((((((((((((17,((21,43),(22,29))),((26,48),47)),((((53,((((23,46),52),5),19)),15),(39,50)),((((54,(27,7)),(41,1)),14),(3,18)))),(32,(((31,13),(20,12)),16))),(((((37,6),(34,(45,35))),(51,24)),38),(9,(40,(36,49))))),10),((55,25),((11,44),2))),((((30,28),(33,8)),4),42)),((97,((78,58),67)),63)),(((((((84,61),62),89),(79,77)),(((66,(73,94)),((((87,96),72),(60,70)),95)),((82,74),81))),100),(80,(57,(59,91))))),(((64,98),(83,90)),((69,76),88))),(((71,68),65),(99,93))),(56,92)),85),75),86);
#NNI moves:2/152
Remaining: 0
#NNI moves:40/152
#NNI moves:40/152
((((((((((((((((((85,(75,86)),(56,92)),(((71,68),65),(99,93))),(((76,69),88),((90,83),(98,64)))),((((((95,((70,60),(72,(87,96)))),(66,(94,73))),(81,(82,74))),((79,77),(((84,61),62),89))),100),(((59,91),57),80))),(63,(97,((58,78),67)))),((4,((8,33),(28,30))),42)),(((44,11),2),(25,55))),10),((((24,51),(((45,35),34),(6,37))),38),(((49,36),40),9))),((((12,20),(31,13)),16),32)),((((29,22),(21,43)),17),(47,(48,26)))),(((((((46,23),52),5),19),53),15),(50,39))),(18,3)),14),(1,41)),(27,7)),54);
Current score: 1.06223e+09
Current tree: ((1,((((((((((((((((85,(75,86)),(56,92)),(((71,68),65),(99,93))),(((76,69),88),((90,83),(98,64)))),((((((95,((70,60),(72,(87,96)))),(66,(94,73))),(81,(82,74))),((79,77),(((84,61),62),89))),100),(((59,91),57),80))),(63,(97,((58,78),67)))),((4,((8,33),(28,30))),42)),(((44,11),2),(25,55))),10),((((24,51),(((45,35),34),(6,37))),38),(((49,36),40),9))),((((12,20),(31,13)),16),32)),((((29,22),(21,43)),17),(47,(48,26)))),(((((((46,23),52),5),19),53),15),(50,39))),(18,3)),14),((27,7),54))),41);
Final Tree: ((1,((((((((((((((((85,(75,86)),(56,92)),(((71,68),65),(99,93))),(((76,69),88),((90,83),(98,64)))),((((((95,((70,60),(72,(87,96)))),(66,(94,73))),(81,(82,74))),((79,77),(((84,61),62),89))),100),(((59,91),57),80))),(63,(97,((58,78),67)))),((4,((8,33),(28,30))),42)),(((44,11),2),(25,55))),10),((((24,51),(((45,35),34),(6,37))),38),(((49,36),40),9))),((((12,20),(31,13)),16),32)),((((29,22),(21,43)),17),(47,(48,26)))),(((((((46,23),52),5),19),53),15),(50,39))),(18,3)),14),((27,7),54))),41);
#EqQuartets: 1619889400
Score: 1062226101
ASTRAL for PaRalogs and Orthologs III (ASTRAL-Pro3)
*** NOW with integrated CASTLES-Pro ***
Version: v1.22.3.6
Read 512 genetrees and found 100 species.
#Genetrees: 1000
#Duploss: 13428
#Species: 100
#Rounds: 4
#Samples: 4
#Threads: 1
Use two-step algorithm!
Guide Tree 0/16
#NNI moves:0/152
Guide Tree 1/16
#NNI moves:0/152
Guide Tree 2/16
#NNI moves:0/152
Guide Tree 3/16
#NNI moves:0/152
Guide Tree 4/16
#NNI moves:0/152
Guide Tree 5/16
#NNI moves:0/152
Guide Tree 6/16
#NNI moves:0/152
Guide Tree 7/16
#NNI moves:0/152
Guide Tree 8/16
#NNI moves:0/152
Guide Tree 9/16
#NNI moves:0/152
Guide Tree 10/16
#NNI moves:0/152
Guide Tree 11/16
#NNI moves:0/152
Guide Tree 12/16
#NNI moves:0/152
Guide Tree 13/16
#NNI moves:0/152
Guide Tree 14/16
#NNI moves:0/152
Guide Tree 15/16
#NNI moves:0/152
Remaining: 0
#NNI moves:18/152
#NNI moves:30/152
(((((((((((((88,74),93),(71,85)),((100,83),95)),((84,(77,98)),79)),((((89,(80,76)),((81,87),(73,82))),(((94,97),91),((72,75),99))),((90,92),((86,96),78)))),((((((((60,52),54),68),(((1,18),49),((62,(16,30)),12))),(((5,(17,39)),(11,19)),((69,45),36))),2),61),(50,((((56,42),20),((34,13),26)),(10,28))))),((44,43),41)),((47,((27,65),35)),(48,(63,46)))),((((((33,(3,37)),(15,(67,25))),((((51,53),31),(((22,(8,57)),21),9)),((6,(24,55)),4))),(32,23)),((70,14),66)),40)),(29,(64,58))),(7,38)),59);
Guide Tree 0/16
#NNI moves:0/152
Guide Tree 1/16
#NNI moves:0/152
Guide Tree 2/16
#NNI moves:0/152
Guide Tree 3/16
#NNI moves:0/152
Guide Tree 4/16
#NNI moves:0/152
Guide Tree 5/16
#NNI moves:0/152
Guide Tree 6/16
#NNI moves:0/152
Guide Tree 7/16
#NNI moves:0/152
Guide Tree 8/16
#NNI moves:0/152
Guide Tree 9/16
#NNI moves:0/152
Guide Tree 10/16
#NNI moves:0/152
Guide Tree 11/16
#NNI moves:0/152
Guide Tree 12/16
#NNI moves:0/152
Guide Tree 13/16
#NNI moves:0/152
Guide Tree 14/16
#NNI moves:0/152
Guide Tree 15/16
#NNI moves:0/152
Remaining: 0
#NNI moves:4/152
#NNI moves:12/152
(((((((((((((88,74),93),(85,71)),(95,(83,100))),(((77,98),84),79)),((((96,86),78),(90,92)),((((81,87),(73,82)),((76,80),89)),((91,(97,94)),((72,75),99))))),((61,((((((60,52),54),68),((12,(62,(16,30))),(49,(18,1)))),((((39,17),5),(19,11)),((69,45),36))),2)),((((26,(13,34)),(20,(42,56))),(28,10)),50))),(41,(43,44))),((((65,27),35),47),(48,(46,63)))),(((((((37,3),33),((67,25),15)),(((31,(53,51)),((21,(22,(57,8))),9)),(((24,55),6),4))),(23,32)),((70,14),66)),40)),((58,64),29)),(7,38)),59);
Guide Tree 0/16
#NNI moves:0/152
Guide Tree 1/16
#NNI moves:2/152
Guide Tree 2/16
#NNI moves:0/152
Guide Tree 3/16
#NNI moves:0/152
Guide Tree 4/16
#NNI moves:0/152
Guide Tree 5/16
#NNI moves:0/152
Guide Tree 6/16
#NNI moves:0/152
Guide Tree 7/16
#NNI moves:0/152
Guide Tree 8/16
#NNI moves:0/152
Guide Tree 9/16
#NNI moves:2/152
Guide Tree 10/16
#NNI moves:0/152
Guide Tree 11/16
#NNI moves:0/152
Guide Tree 12/16
#NNI moves:0/152
Guide Tree 13/16
#NNI moves:0/152
Guide Tree 14/16
#NNI moves:0/152
Guide Tree 15/16
#NNI moves:0/152
Remaining: 0
#NNI moves:4/152
#NNI moves:4/152
((((((((((((((69,45),36),(((17,39),5),(11,19))),((68,((52,60),54)),(((18,1),49),(((30,16),62),12)))),2),61),(((((56,42),20),((13,34),26)),(10,28)),50)),(((((83,100),95),((93,(88,74)),(71,85))),(((98,77),84),79)),(((((81,87),(82,73)),((80,76),89)),((99,(75,72)),(91,(97,94)))),(((96,86),78),(92,90))))),(41,(43,44))),((48,(63,46)),(47,((65,27),35)))),(((((((37,3),33),(15,(67,25))),(((((22,(8,57)),21),9),((51,53),31)),((6,(24,55)),4))),(32,23)),((70,14),66)),40)),((58,64),29)),(7,38)),59);
Guide Tree 0/16
#NNI moves:0/152
Guide Tree 1/16
#NNI moves:0/152
Guide Tree 2/16
#NNI moves:0/152
Guide Tree 3/16
#NNI moves:0/152
Guide Tree 4/16
#NNI moves:0/152
Guide Tree 5/16
#NNI moves:0/152
Guide Tree 6/16
#NNI moves:0/152
Guide Tree 7/16
#NNI moves:0/152
Guide Tree 8/16
#NNI moves:0/152
Guide Tree 9/16
#NNI moves:0/152
Guide Tree 10/16
#NNI moves:0/152
Guide Tree 11/16
#NNI moves:0/152
Guide Tree 12/16
#NNI moves:0/152
Guide Tree 13/16
#NNI moves:0/152
Guide Tree 14/16
#NNI moves:0/152
Guide Tree 15/16
#NNI moves:0/152
Remaining: 0
#NNI moves:4/152
#NNI moves:4/152
((((((((((((99,(72,75)),((97,94),91)),(((80,76),89),((87,81),(82,73)))),(((86,96),78),(92,90))),((79,(84,(77,98))),(((83,100),95),(((88,74),93),(85,71))))),((((((36,(69,45)),((11,19),(5,(17,39)))),((((18,1),49),(((16,30),62),12)),(((60,52),54),68))),2),61),((((20,(42,56)),(26,(34,13))),(28,10)),50))),((44,43),41)),((((65,27),35),47),(48,(46,63)))),((((((4,(6,(55,24))),((9,(21,(22,(8,57)))),(31,(51,53)))),((15,(25,67)),((3,37),33))),(23,32)),((14,70),66)),40)),(29,(58,64))),(38,7)),59);
Initial score: 9.99627e+08
Initial tree: ((((((((((((99,(72,75)),((97,94),91)),(((80,76),89),((87,81),(82,73)))),(((86,96),78),(92,90))),((79,(84,(77,98))),(((83,100),95),(((88,74),93),(85,71))))),((((((36,(69,45)),((11,19),(5,(17,39)))),((((18,1),49),(((16,30),62),12)),(((60,52),54),68))),2),61),((((20,(42,56)),(26,(34,13))),(28,10)),50))),((44,43),41)),((((65,27),35),47),(48,(46,63)))),((((((4,(6,(55,24))),((9,(21,(22,(8,57)))),(31,(51,53)))),((15,(25,67)),((3,37),33))),(23,32)),((14,70),66)),40)),(29,(58,64))),(38,7)),59);
*** Subsample Process ***
Use two-step algorithm!
#NNI moves:0/152
Remaining: 0
#NNI moves:4/152
#NNI moves:4/152
(((((((((((((((60,52),54),68),((((30,16),62),12),((1,18),49))),((36,(45,69)),((11,19),((39,17),5)))),2),61),((((26,(13,34)),((42,56),20)),(10,28)),50)),((((((((((6,(24,55)),4),(((21,((8,57),22)),9),((53,51),31))),(((3,37),33),((67,25),15))),(32,23)),(66,(70,14))),40),((29,(58,64)),((38,7),59))),((48,(63,46)),((35,(27,65)),47))),(41,(43,44)))),((((83,100),95),((71,85),(93,(74,88)))),((84,(98,77)),79))),(((86,96),78),(90,92))),(((87,81),(82,73)),((80,76),89))),((97,94),91)),(72,75)),99);
#NNI moves:0/152
Remaining: 0
#NNI moves:4/152
#NNI moves:4/152
((((((((((((91,(97,94)),((72,75),99)),(((81,87),(73,82)),((76,80),89))),((90,92),((96,86),78))),((((93,(88,74)),(71,85)),((83,100),95)),((84,(77,98)),79))),(((((((((16,30),62),12),((1,18),49)),(((52,60),54),68)),(((19,11),((17,39),5)),((45,69),36))),2),61),(((((13,34),26),((56,42),20)),(10,28)),50))),((43,44),41)),((((27,65),35),47),((46,63),48))),((((((((((8,57),22),21),9),((51,53),31)),(4,((24,55),6))),(((3,37),33),((25,67),15))),(32,23)),((70,14),66)),40)),((7,38),59)),(64,58)),29);
#NNI moves:0/152
Remaining: 0
#NNI moves:2/152
#NNI moves:2/152
((((((((((((((75,72),99),((94,97),91)),(((73,82),(87,81)),((76,80),89))),(((86,96),78),(90,92))),((((93,(88,74)),(85,71)),((100,83),95)),(((98,77),84),79))),((((((((1,18),49),(((16,30),62),12)),(((60,52),54),68)),((((39,17),5),(11,19)),(36,(69,45)))),2),61),(((28,10),(((13,34),26),((56,42),20))),50))),((44,43),41)),(((63,46),48),(((65,27),35),47))),(((((((3,37),33),(15,(25,67))),((((24,55),6),4),(((53,51),31),((((8,57),22),21),9)))),(32,23)),((70,14),66)),40)),((58,64),29)),59),38),7);
#NNI moves:0/152
Remaining: 0
#NNI moves:14/152
#NNI moves:16/152
((((((((((((((((((6,(55,24)),4),((((22,(57,8)),21),9),((51,53),31))),((15,(67,25)),(33,(37,3)))),(23,32)),((14,70),66)),40),(((7,38),59),((58,64),29))),((48,(63,46)),(((65,27),35),47))),((44,43),41)),((((((((17,39),5),(11,19)),(36,(69,45))),((((60,52),54),68),((((16,30),62),12),((1,18),49)))),2),61),(((((42,56),20),((34,13),26)),(10,28)),50))),((((71,85),((74,88),93)),((100,83),95)),(79,((98,77),84)))),(((96,86),78),(90,92))),(((87,81),(73,82)),(89,(80,76)))),((72,75),99)),91),94),97);
Current score: 9.99627e+08
Current tree: (((7,38),(((58,64),29),((((((((6,(55,24)),4),((((22,(57,8)),21),9),((51,53),31))),((15,(67,25)),(33,(37,3)))),(23,32)),((14,70),66)),40),(((48,(63,46)),(((65,27),35),47)),(((44,43),41),(((((((((17,39),5),(11,19)),(36,(69,45))),((((60,52),54),68),((((16,30),62),12),((1,18),49)))),2),61),(((((42,56),20),((34,13),26)),(10,28)),50)),(((((71,85),((74,88),93)),((100,83),95)),(79,((98,77),84))),((((96,86),78),(90,92)),((((87,81),(73,82)),(89,(80,76))),(((72,75),99),(91,(94,97)))))))))))),59);
Final Tree: (((7,38),(((58,64),29),((((((((6,(55,24)),4),((((22,(57,8)),21),9),((51,53),31))),((15,(67,25)),(33,(37,3)))),(23,32)),((14,70),66)),40),(((48,(63,46)),(((65,27),35),47)),(((44,43),41),(((((((((17,39),5),(11,19)),(36,(69,45))),((((60,52),54),68),((((16,30),62),12),((1,18),49)))),2),61),(((((42,56),20),((34,13),26)),(10,28)),50)),(((((71,85),((74,88),93)),((100,83),95)),(79,((98,77),84))),((((96,86),78),(90,92)),((((87,81),(73,82)),(89,(80,76))),(((72,75),99),(91,(94,97)))))))))))),59);
#EqQuartets: 1561551671
Score: 999627333
ASTRAL for PaRalogs and Orthologs III (ASTRAL-Pro3)
*** NOW with integrated CASTLES-Pro ***
Version: v1.22.3.6
Read 512 genetrees and found 100 species.
#Genetrees: 1000
#Duploss: 13410
#Species: 100
#Rounds: 4
#Samples: 4
#Threads: 1
Use two-step algorithm!
Guide Tree 0/16
#NNI moves:2/152
Guide Tree 1/16
#NNI moves:0/152
Guide Tree 2/16
#NNI moves:2/152
Guide Tree 3/16
#NNI moves:2/152
Guide Tree 4/16
#NNI moves:2/152
Guide Tree 5/16
#NNI moves:6/152
Guide Tree 6/16
#NNI moves:0/152
Guide Tree 7/16
#NNI moves:0/152
Guide Tree 8/16
#NNI moves:0/152
Guide Tree 9/16
#NNI moves:2/152
Guide Tree 10/16
#NNI moves:2/152
Guide Tree 11/16
#NNI moves:2/152
Guide Tree 12/16
#NNI moves:2/152
Guide Tree 13/16
#NNI moves:0/152
Guide Tree 14/16
#NNI moves:0/152
Guide Tree 15/16
#NNI moves:2/152
Remaining: 0
#NNI moves:12/152
#NNI moves:12/152
((((((((((((((52,11),14),(38,(8,22))),34),(((66,12),33),44)),((((57,((49,45),48)),(19,(70,((72,55),71)))),9),(((27,((32,37),(((29,31),64),69))),21),(25,73)))),(((((36,1),(35,(50,62))),(3,61)),(42,(28,5))),(((18,56),((30,7),10)),58))),((((((((93,83),77),100),94),((79,((((98,82),89),91),(78,88))),90)),((76,97),95)),((87,86),(80,84))),((((96,99),85),92),81))),((((46,47),((23,59),(53,(39,41)))),(20,(17,54))),(60,(75,(6,68))))),(24,65)),(43,((4,26),(40,51)))),(((74,63),67),(16,2))),15),13);
Guide Tree 0/16
#NNI moves:2/152
Guide Tree 1/16
#NNI moves:2/152
Guide Tree 2/16
#NNI moves:6/152
Guide Tree 3/16
#NNI moves:0/152
Guide Tree 4/16
#NNI moves:0/152
Guide Tree 5/16
#NNI moves:2/152
Guide Tree 6/16
#NNI moves:6/152
Guide Tree 7/16
#NNI moves:2/152
Guide Tree 8/16
#NNI moves:0/152
Guide Tree 9/16
#NNI moves:6/152
Guide Tree 10/16
#NNI moves:4/152
Guide Tree 11/16
#NNI moves:6/152
Guide Tree 12/16
#NNI moves:0/152
Guide Tree 13/16
#NNI moves:0/152
Guide Tree 14/16
#NNI moves:0/152
Guide Tree 15/16
#NNI moves:6/152
Remaining: 0
#NNI moves:6/152
#NNI moves:6/152
(((((((((((((12,66),33),44),(((14,(11,52)),((22,8),38)),34)),(((((((64,(31,29)),69),(37,32)),27),21),(25,73)),((((70,(71,(72,55))),19),((48,(45,49)),57)),9))),((((((62,50),35),(1,36)),(3,61)),((5,28),42)),(58,((10,(30,7)),(56,18))))),(((((96,99),85),92),81),(((((((93,83),77),100),94),((((88,78),(91,((82,98),89))),79),90)),(95,(76,97))),((80,84),(87,86))))),(((((59,23),(53,(39,41))),(47,46)),(20,(54,17))),(60,((6,68),75)))),(65,24)),(43,((26,4),(51,40)))),(((63,74),67),(2,16))),15),13);
Guide Tree 0/16
#NNI moves:0/152
Guide Tree 1/16
#NNI moves:0/152
Guide Tree 2/16
#NNI moves:0/152
Guide Tree 3/16
#NNI moves:6/152
Guide Tree 4/16
#NNI moves:0/152
Guide Tree 5/16
#NNI moves:0/152
Guide Tree 6/16
#NNI moves:0/152
Guide Tree 7/16
#NNI moves:0/152
Guide Tree 8/16
#NNI moves:0/152
Guide Tree 9/16
#NNI moves:0/152
Guide Tree 10/16
#NNI moves:0/152
Guide Tree 11/16
#NNI moves:0/152
Guide Tree 12/16
#NNI moves:6/152
Guide Tree 13/16
#NNI moves:0/152
Guide Tree 14/16
#NNI moves:0/152
Guide Tree 15/16
#NNI moves:0/152
Remaining: 0
#NNI moves:46/152
#NNI moves:48/152
(((((((((((((30,7),10),(56,18)),58),((42,(5,28)),((((62,50),35),(36,1)),(61,3)))),(((((12,66),33),44),((((8,22),38),((11,52),14)),34)),(((((((64,(31,29)),69),(37,32)),27),21),(73,25)),((((((72,55),71),70),19),(57,((49,45),48))),9)))),((((((((((98,82),89),91),(88,78)),79),90),(((77,(93,83)),100),94)),(95,(97,76))),((86,87),(84,80))),((((99,96),85),92),81))),((((17,54),20),((47,46),(((41,39),53),(59,23)))),(((6,68),75),60))),(65,24)),(((51,40),(4,26)),43)),(((74,63),67),(16,2))),15),13);
Guide Tree 0/16
#NNI moves:0/152
Guide Tree 1/16
#NNI moves:0/152
Guide Tree 2/16
#NNI moves:2/152
Guide Tree 3/16
#NNI moves:4/152
Guide Tree 4/16
#NNI moves:12/152
Guide Tree 5/16
#NNI moves:2/152
Guide Tree 6/16
#NNI moves:0/152
Guide Tree 7/16
#NNI moves:8/152
Guide Tree 8/16
#NNI moves:0/152
Guide Tree 9/16
#NNI moves:0/152
Guide Tree 10/16
#NNI moves:10/152
Guide Tree 11/16
#NNI moves:6/152
Guide Tree 12/16
#NNI moves:8/152
Guide Tree 13/16
#NNI moves:2/152
Guide Tree 14/16
#NNI moves:0/152
Guide Tree 15/16
#NNI moves:6/152
Remaining: 1
#NNI moves:6/152
#NNI moves:12/152
(((((((((((((7,30),10),(56,18)),58),((42,(5,28)),(((1,36),((50,62),35)),(61,3)))),(((((57,((45,49),48)),(((71,(72,55)),70),19)),9),((25,73),(21,(27,((32,37),(((29,31),64),69)))))),(((((11,52),14),((22,8),38)),34),(44,(33,(12,66)))))),((((84,80),(87,86)),(((((77,(93,83)),100),94),(90,(((88,78),(91,((82,98),89))),79))),((76,97),95))),((((96,99),85),92),81))),((((54,17),20),((47,46),(((39,41),53),(59,23)))),(60,(75,(6,68))))),(24,65)),(((4,26),(51,40)),43)),((16,2),(67,(74,63)))),15),13);
Initial score: 9.96294e+08
Initial tree: (((((((((((((7,30),10),(56,18)),58),((42,(5,28)),(((1,36),((50,62),35)),(61,3)))),(((((57,((45,49),48)),(((71,(72,55)),70),19)),9),((25,73),(21,(27,((32,37),(((29,31),64),69)))))),(((((11,52),14),((22,8),38)),34),(44,(33,(12,66)))))),((((84,80),(87,86)),(((((77,(93,83)),100),94),(90,(((88,78),(91,((82,98),89))),79))),((76,97),95))),((((96,99),85),92),81))),((((54,17),20),((47,46),(((39,41),53),(59,23)))),(60,(75,(6,68))))),(24,65)),(((4,26),(51,40)),43)),((16,2),(67,(74,63)))),15),13);
*** Subsample Process ***
Use two-step algorithm!
#NNI moves:0/152
Remaining: 0
#NNI moves:10/152
#NNI moves:12/152
(((((((((((((17,54),20),((((41,39),53),(59,23)),(46,47))),((75,(68,6)),60)),(((((16,2),((63,74),67)),(15,13)),(((4,26),(51,40)),43)),(65,24))),((((((((93,83),77),100),94),(((((89,(98,82)),91),(78,88)),79),90)),(95,(76,97))),((87,86),(84,80))),(81,(((99,96),85),92)))),(((((57,(48,(49,45))),(19,((71,(55,72)),70))),9),(((((32,37),(69,((31,29),64))),27),21),(25,73))),(((((11,52),14),((8,22),38)),34),(44,((12,66),33))))),((((7,30),10),(56,18)),58)),((28,5),42)),(61,3)),(35,(62,50))),1),36);
#NNI moves:0/152
Remaining: 0
#NNI moves:0/152
#NNI moves:0/152
(((((((((((((((71,(55,72)),70),19),(((45,49),48),57)),9),(((27,((32,37),(69,(64,(29,31))))),21),(73,25))),(((33,(12,66)),44),((((8,22),38),(14,(11,52))),34))),((58,(((30,7),10),(18,56))),(((3,61),(((62,50),35),(1,36))),((28,5),42)))),((((((((88,78),(((98,82),89),91)),79),90),((((83,93),77),100),94)),((97,76),95)),((87,86),(84,80))),((((99,96),85),92),81))),((((((39,41),53),(59,23)),(46,47)),(20,(54,17))),((75,(6,68)),60))),(24,65)),(((40,51),(4,26)),43)),((16,2),((63,74),67))),13),15);
#NNI moves:0/152
Remaining: 0
#NNI moves:0/152
#NNI moves:0/152
((((((((((((((86,87),(80,84)),((((((93,83),77),100),94),((((78,88),(((98,82),89),91)),79),90)),((97,76),95))),((((99,96),85),92),81)),(((((54,17),20),((((39,41),53),(59,23)),(47,46))),((75,(6,68)),60)),((65,24),((43,((51,40),(26,4))),(((2,16),(67,(74,63))),(13,15)))))),((((10,(7,30)),(56,18)),58),((((1,36),(35,(62,50))),(3,61)),((5,28),42)))),(((33,(12,66)),44),((((11,52),14),((22,8),38)),34))),(((27,((((29,31),64),69),(32,37))),21),(25,73))),9),((((55,72),71),70),19)),57),48),45),49);
#NNI moves:2/152
Remaining: 0
#NNI moves:4/152
#NNI moves:4/152
(((((((((((((((72,55),71),70),19),(57,((49,45),48))),9),(((((32,37),(((29,31),64),69)),27),21),(73,25))),(((((8,22),38),(14,(11,52))),34),((33,(12,66)),44))),(((((36,1),((50,62),35)),(61,3)),(42,(28,5))),((((7,30),10),(56,18)),58))),((((((((88,78),(91,(89,(98,82)))),79),90),((((93,83),77),100),94)),((76,97),95)),((87,86),(80,84))),((92,(85,(99,96))),81))),((((((39,41),53),(23,59)),(47,46)),(20,(17,54))),(((6,68),75),60))),(24,65)),((((74,63),67),(16,2)),(15,13))),((26,4),(51,40))),43);
Current score: 9.96294e+08
Current tree: ((15,((((74,63),67),(16,2)),(((((((((((((72,55),71),70),19),(57,((49,45),48))),9),(((((32,37),(((29,31),64),69)),27),21),(73,25))),(((((8,22),38),(14,(11,52))),34),((33,(12,66)),44))),(((((36,1),((50,62),35)),(61,3)),(42,(28,5))),((((7,30),10),(56,18)),58))),((((((((88,78),(91,(89,(98,82)))),79),90),((((93,83),77),100),94)),((76,97),95)),((87,86),(80,84))),((92,(85,(99,96))),81))),((((((39,41),53),(23,59)),(47,46)),(20,(17,54))),(((6,68),75),60))),(24,65)),(((26,4),(51,40)),43)))),13);
Final Tree: ((15,((((74,63),67),(16,2)),(((((((((((((72,55),71),70),19),(57,((49,45),48))),9),(((((32,37),(((29,31),64),69)),27),21),(73,25))),(((((8,22),38),(14,(11,52))),34),((33,(12,66)),44))),(((((36,1),((50,62),35)),(61,3)),(42,(28,5))),((((7,30),10),(56,18)),58))),((((((((88,78),(91,(89,(98,82)))),79),90),((((93,83),77),100),94)),((76,97),95)),((87,86),(80,84))),((92,(85,(99,96))),81))),((((((39,41),53),(23,59)),(47,46)),(20,(17,54))),(((6,68),75),60))),(24,65)),(((26,4),(51,40)),43)))),13);
#EqQuartets: 1605863807
Score: 996293927
ASTRAL for PaRalogs and Orthologs III (ASTRAL-Pro3)
*** NOW with integrated CASTLES-Pro ***
Version: v1.22.3.6
Read 512 genetrees and found 100 species.
#Genetrees: 1000
#Duploss: 14090
#Species: 100
#Rounds: 4
#Samples: 4
#Threads: 1
Use two-step algorithm!
Guide Tree 0/16
#NNI moves:2/152
Guide Tree 1/16
#NNI moves:0/152
Guide Tree 2/16
#NNI moves:2/152
Guide Tree 3/16
#NNI moves:0/152
Guide Tree 4/16
#NNI moves:0/152
Guide Tree 5/16
#NNI moves:2/152
Guide Tree 6/16
#NNI moves:0/152
Guide Tree 7/16
#NNI moves:0/152
Guide Tree 8/16
#NNI moves:0/152
Guide Tree 9/16
#NNI moves:0/152
Guide Tree 10/16
#NNI moves:0/152
Guide Tree 11/16
#NNI moves:0/152
Guide Tree 12/16
#NNI moves:0/152
Guide Tree 13/16
#NNI moves:0/152
Guide Tree 14/16
#NNI moves:0/152
Guide Tree 15/16
#NNI moves:2/152
Remaining: 0
#NNI moves:12/152
#NNI moves:12/152
((((((((((((((((((((((8,9),68),(57,56)),((11,42),33)),47),((20,44),(31,16))),(62,(60,39))),((69,53),58)),32),71),((((50,((49,5),55)),15),(14,54)),(28,(51,25)))),(((48,3),12),30)),41),((((((40,59),35),(45,63)),((43,61),(67,(23,24)))),((((46,66),(13,1)),7),(70,29))),(37,(38,6)))),65),(((((22,36),18),(((21,4),(((27,52),(34,10)),(19,64))),2)),17),26)),((91,85),89)),((((84,(93,((100,82),77))),((((74,(97,78)),96),88),95)),(83,81)),(((90,79),92),(86,99)))),(98,87)),(76,(80,75))),(72,94)),73);
Guide Tree 0/16
#NNI moves:0/152
Guide Tree 1/16
#NNI moves:0/152
Guide Tree 2/16
#NNI moves:0/152
Guide Tree 3/16
#NNI moves:0/152
Guide Tree 4/16
#NNI moves:0/152
Guide Tree 5/16
#NNI moves:0/152
Guide Tree 6/16
#NNI moves:6/152
Guide Tree 7/16
#NNI moves:0/152
Guide Tree 8/16
#NNI moves:0/152
Guide Tree 9/16
#NNI moves:0/152
Guide Tree 10/16
#NNI moves:0/152
Guide Tree 11/16
#NNI moves:0/152
Guide Tree 12/16
#NNI moves:0/152
Guide Tree 13/16
#NNI moves:0/152
Guide Tree 14/16
#NNI moves:0/152
Guide Tree 15/16
#NNI moves:0/152
Remaining: 0
#NNI moves:14/152
#NNI moves:14/152
((((((((((((((((58,(53,69)),((62,(39,60)),((47,(((68,(8,9)),(57,56)),(33,(42,11)))),((16,31),(20,44))))),32),71),((((50,((5,49),55)),15),(54,14)),(28,(51,25)))),(30,(12,(3,48)))),41),(((6,38),37),(((((59,40),35),(45,63)),(((23,24),67),(61,43))),((29,70),(((13,1),(46,66)),7))))),65),((((((((10,34),(52,27)),(19,64)),(21,4)),2),(18,(36,22))),17),26)),((91,85),89)),((((((96,((78,97),74)),88),95),(((77,(100,82)),93),84)),(83,81)),((99,86),((90,79),92)))),(87,98)),(76,(80,75))),(72,94)),73);
Guide Tree 0/16
#NNI moves:2/152
Guide Tree 1/16
#NNI moves:0/152
Guide Tree 2/16
#NNI moves:2/152
Guide Tree 3/16
#NNI moves:0/152
Guide Tree 4/16
#NNI moves:0/152
Guide Tree 5/16
#NNI moves:0/152
Guide Tree 6/16
#NNI moves:0/152
Guide Tree 7/16
#NNI moves:0/152
Guide Tree 8/16
#NNI moves:0/152
Guide Tree 9/16
#NNI moves:0/152
Guide Tree 10/16
#NNI moves:0/152
Guide Tree 11/16
#NNI moves:0/152
Guide Tree 12/16
#NNI moves:0/152
Guide Tree 13/16
#NNI moves:0/152
Guide Tree 14/16
#NNI moves:0/152
Guide Tree 15/16
#NNI moves:0/152
Remaining: 0
#NNI moves:2/152
#NNI moves:2/152
(((72,94),(((((((((((((((62,(39,60)),(((((56,57),((8,9),68)),((11,42),33)),47),((31,16),(20,44)))),(58,(69,53))),32),71),(((14,54),((((49,5),55),50),15)),((25,51),28))),((12,(3,48)),30)),41),((((((1,13),(66,46)),7),(29,70)),(((63,45),(35,(59,40))),((61,43),((24,23),67)))),((6,38),37))),65),((((((((52,27),(10,34)),(64,19)),(21,4)),2),((36,22),18)),17),26)),(89,(91,85))),((((90,79),92),(86,99)),((83,81),((((96,((78,97),74)),88),95),(84,((77,(100,82)),93)))))),(87,98)),(76,(75,80)))),73);
Guide Tree 0/16
#NNI moves:0/152
Guide Tree 1/16
#NNI moves:0/152
Guide Tree 2/16
#NNI moves:0/152
Guide Tree 3/16
#NNI moves:0/152
Guide Tree 4/16
#NNI moves:0/152
Guide Tree 5/16
#NNI moves:0/152
Guide Tree 6/16
#NNI moves:0/152
Guide Tree 7/16
#NNI moves:0/152
Guide Tree 8/16
#NNI moves:0/152
Guide Tree 9/16
#NNI moves:0/152
Guide Tree 10/16
#NNI moves:0/152
Guide Tree 11/16
#NNI moves:0/152
Guide Tree 12/16
#NNI moves:0/152
Guide Tree 13/16
#NNI moves:0/152
Guide Tree 14/16
#NNI moves:0/152
Guide Tree 15/16
#NNI moves:0/152
Remaining: 0
#NNI moves:6/152
#NNI moves:6/152
(((((((((((((((1,13),(46,66)),7),(29,70)),(((43,61),(67,(23,24))),((45,63),((59,40),35)))),((38,6),37)),(((((((((((((8,9),68),(57,56)),(33,(42,11))),47),((16,31),(44,20))),((60,39),62)),((69,53),58)),32),71),(((((55,(5,49)),50),15),(14,54)),((51,25),28))),(30,((3,48),12))),41)),65),((((2,((((34,10),(52,27)),(19,64)),(21,4))),((36,22),18)),17),26)),((85,91),89)),(((((88,((74,(78,97)),96)),95),(84,(((82,100),77),93))),(83,81)),((86,99),((90,79),92)))),(98,87)),((75,80),76)),(94,72)),73);
Initial score: 9.87764e+08
Initial tree: (((((((((((((((1,13),(46,66)),7),(29,70)),(((43,61),(67,(23,24))),((45,63),((59,40),35)))),((38,6),37)),(((((((((((((8,9),68),(57,56)),(33,(42,11))),47),((16,31),(44,20))),((60,39),62)),((69,53),58)),32),71),(((((55,(5,49)),50),15),(14,54)),((51,25),28))),(30,((3,48),12))),41)),65),((((2,((((34,10),(52,27)),(19,64)),(21,4))),((36,22),18)),17),26)),((85,91),89)),(((((88,((74,(78,97)),96)),95),(84,(((82,100),77),93))),(83,81)),((86,99),((90,79),92)))),(98,87)),((75,80),76)),(94,72)),73);
*** Subsample Process ***
Use two-step algorithm!
#NNI moves:0/152
Remaining: 0
#NNI moves:0/152
#NNI moves:0/152
(((((((((((((((((((((8,9),68),(56,57)),((11,42),33)),47),((16,31),(20,44))),((60,39),62)),((69,53),58)),32),71),((((50,((5,49),55)),15),(54,14)),(28,(51,25)))),((12,(3,48)),30)),41),(((((((((((74,(78,97)),96),88),95),((((100,82),77),93),84)),(83,81)),((92,(79,90)),(86,99))),((((94,72),73),((75,80),76)),(87,98))),((85,91),89)),((((((((52,27),(10,34)),(64,19)),(21,4)),2),((22,36),18)),17),26)),65)),((38,6),37)),(((63,45),((59,40),35)),((61,43),((23,24),67)))),(70,29)),7),(46,66)),13),1);
#NNI moves:0/152
Remaining: 1
#NNI moves:4/152
#NNI moves:10/152
((((((((((((((((((((((((16,31),(44,20)),(((33,(11,42)),((56,57),(68,(9,8)))),47)),(62,(60,39))),((69,53),58)),32),71),(((25,51),28),((((55,(5,49)),50),15),(14,54)))),((12,(3,48)),30)),41),(((((63,45),(35,(40,59))),((67,(24,23)),(43,61))),((((46,66),(1,13)),7),(70,29))),((6,38),37))),65),(((((22,36),18),(2,((((52,27),(10,34)),(19,64)),(4,21)))),17),26)),((91,85),89)),((((80,75),76),((72,94),73)),(87,98))),((99,86),((90,79),92))),(83,81)),((((82,100),77),93),84)),95),88),96),74),78),97);
#NNI moves:0/152
Remaining: 0
#NNI moves:6/152
#NNI moves:8/152
((((((((((((((((((((63,45),(35,(40,59))),((67,(24,23)),(43,61))),((((1,13),(66,46)),7),(29,70))),((38,6),37)),(((((((((((74,(97,78)),96),88),95),(84,(((82,100),77),93))),(83,81)),((92,(90,79)),(86,99))),((((94,72),73),((80,75),76)),(87,98))),((91,85),89)),((((2,((4,21),((64,19),((27,52),(10,34))))),((36,22),18)),17),26)),65)),41),((12,(48,3)),30)),((((50,((5,49),55)),15),(14,54)),(28,(51,25)))),71),32),((69,53),58)),((39,60),62)),((44,20),(31,16))),47),((42,11),33)),(57,56)),68),8),9);
#NNI moves:0/152
Remaining: 0
#NNI moves:2/152
#NNI moves:2/152
((((((((((((((((((((((56,57),((8,9),68)),((11,42),33)),47),((31,16),(20,44))),((60,39),62)),((53,69),58)),32),71),((((50,(55,(49,5))),15),(54,14)),((25,51),28))),(((3,48),12),30)),41),(((((35,(40,59)),(63,45)),((67,(23,24)),(61,43))),((((46,66),(13,1)),7),(70,29))),(37,(38,6)))),65),((((((21,4),(((27,52),(10,34)),(19,64))),2),((36,22),18)),17),26)),((91,85),89)),(((((88,(96,(74,(97,78)))),95),((((82,100),77),93),84)),(81,83)),(((90,79),92),(86,99)))),(98,87)),((75,80),76)),73),72),94);
Current score: 9.87764e+08
Current tree: (((((((((((((((((((((56,57),((8,9),68)),((11,42),33)),47),((31,16),(20,44))),((60,39),62)),((53,69),58)),32),71),((((50,(55,(49,5))),15),(54,14)),((25,51),28))),(((3,48),12),30)),41),(((((35,(40,59)),(63,45)),((67,(23,24)),(61,43))),((((46,66),(13,1)),7),(70,29))),(37,(38,6)))),65),((((((21,4),(((27,52),(10,34)),(19,64))),2),((36,22),18)),17),26)),((91,85),89)),(((((88,(96,(74,(97,78)))),95),((((82,100),77),93),84)),(81,83)),(((90,79),92),(86,99)))),(98,87)),((75,80),76)),(72,94)),73);
Final Tree: (((((((((((((((((((((56,57),((8,9),68)),((11,42),33)),47),((31,16),(20,44))),((60,39),62)),((53,69),58)),32),71),((((50,(55,(49,5))),15),(54,14)),((25,51),28))),(((3,48),12),30)),41),(((((35,(40,59)),(63,45)),((67,(23,24)),(61,43))),((((46,66),(13,1)),7),(70,29))),(37,(38,6)))),65),((((((21,4),(((27,52),(10,34)),(19,64))),2),((36,22),18)),17),26)),((91,85),89)),(((((88,(96,(74,(97,78)))),95),((((82,100),77),93),84)),(81,83)),(((90,79),92),(86,99)))),(98,87)),((75,80),76)),(72,94)),73);
#EqQuartets: 1616375971
Score: 987763993
ASTRAL for PaRalogs and Orthologs III (ASTRAL-Pro3)
*** NOW with integrated CASTLES-Pro ***
Version: v1.22.3.6
Read 512 genetrees and found 100 species.
#Genetrees: 1000
#Duploss: 14094
#Species: 100
#Rounds: 4
#Samples: 4
#Threads: 1
Use two-step algorithm!
Guide Tree 0/16
#NNI moves:0/152
Guide Tree 1/16
#NNI moves:0/152
Guide Tree 2/16
#NNI moves:0/152
Guide Tree 3/16
#NNI moves:0/152
Guide Tree 4/16
#NNI moves:0/152
Guide Tree 5/16
#NNI moves:0/152
Guide Tree 6/16
#NNI moves:0/152
Guide Tree 7/16
#NNI moves:0/152
Guide Tree 8/16
#NNI moves:0/152
Guide Tree 9/16
#NNI moves:0/152
Guide Tree 10/16
#NNI moves:0/152
Guide Tree 11/16
#NNI moves:0/152
Guide Tree 12/16
#NNI moves:0/152
Guide Tree 13/16
#NNI moves:0/152
Guide Tree 14/16
#NNI moves:0/152
Guide Tree 15/16
#NNI moves:0/152
Remaining: 0
#NNI moves:2/152
#NNI moves:2/152
(((((((((20,(41,29)),((((17,15),(((37,21),7),19)),31),38)),(((((((((((35,43),40),28),(33,5)),3),((25,34),27)),((26,24),(32,30))),((((22,(6,(1,12))),18),(4,14)),(((16,23),13),39))),(2,10)),(((42,11),8),9)),36)),((((((48,68),(54,80)),44),(45,70)),85),(97,96))),(((((89,95),79),(47,86)),(75,72)),((((100,71),64),91),59))),(((((65,90),(74,61)),98),((94,(52,49)),(58,57))),(((63,92),((46,53),87)),50))),(((((((55,93),73),67),(88,60)),(((((78,81),76),(62,77)),(99,83)),82)),84),(69,66))),51),56);
Guide Tree 0/16
#NNI moves:0/152
Guide Tree 1/16
#NNI moves:0/152
Guide Tree 2/16
#NNI moves:0/152
Guide Tree 3/16
#NNI moves:0/152
Guide Tree 4/16
#NNI moves:0/152
Guide Tree 5/16
#NNI moves:0/152
Guide Tree 6/16
#NNI moves:0/152
Guide Tree 7/16
#NNI moves:0/152
Guide Tree 8/16
#NNI moves:0/152
Guide Tree 9/16
#NNI moves:0/152
Guide Tree 10/16
#NNI moves:0/152
Guide Tree 11/16
#NNI moves:0/152
Guide Tree 12/16
#NNI moves:0/152
Guide Tree 13/16
#NNI moves:0/152
Guide Tree 14/16
#NNI moves:0/152
Guide Tree 15/16
#NNI moves:0/152
Remaining: 0
#NNI moves:4/152
#NNI moves:4/152
(((((((((((((((((1,12),6),22),18),(14,4)),(39,((23,16),13))),(((((((43,35),40),28),(33,5)),3),((34,25),27)),((24,26),(32,30)))),(10,2)),(((42,11),8),9)),36),((20,(29,41)),((31,(((7,(37,21)),19),(17,15))),38))),((((((80,54),(48,68)),44),(70,45)),85),(97,96))),(((91,((71,100),64)),59),((((89,95),79),(47,86)),(72,75)))),(((((65,90),(61,74)),98),((94,(49,52)),(58,57))),(((92,63),(87,(46,53))),50))),(((((67,((93,55),73)),(88,60)),((((77,62),(76,(81,78))),(99,83)),82)),84),(66,69))),51),56);
Guide Tree 0/16
#NNI moves:0/152
Guide Tree 1/16
#NNI moves:0/152
Guide Tree 2/16
#NNI moves:0/152
Guide Tree 3/16
#NNI moves:0/152
Guide Tree 4/16
#NNI moves:0/152
Guide Tree 5/16
#NNI moves:0/152
Guide Tree 6/16
#NNI moves:2/152
Guide Tree 7/16
#NNI moves:0/152
Guide Tree 8/16
#NNI moves:0/152
Guide Tree 9/16
#NNI moves:0/152
Guide Tree 10/16
#NNI moves:2/152
Guide Tree 11/16
#NNI moves:0/152
Guide Tree 12/16
#NNI moves:0/152
Guide Tree 13/16
#NNI moves:0/152
Guide Tree 14/16
#NNI moves:0/152
Guide Tree 15/16
#NNI moves:0/152
Remaining: 0
#NNI moves:2/152
#NNI moves:2/152
(((((((((((((((23,16),13),39),(((((12,1),6),22),18),(14,4))),(((26,24),(30,32)),((27,(25,34)),(((((43,35),40),28),(33,5)),3)))),(10,2)),(((42,11),8),9)),36),(((((19,((21,37),7)),(17,15)),31),38),(20,(41,29)))),((((((80,54),(48,68)),44),(45,70)),85),(96,97))),(((75,72),(((95,89),79),(47,86))),((91,((71,100),64)),59))),(((((74,61),(90,65)),98),(((52,49),94),(57,58))),((((53,46),87),(92,63)),50))),(((((((93,55),73),67),(60,88)),((((76,(78,81)),(77,62)),(99,83)),82)),84),(66,69))),51),56);
Guide Tree 0/16
#NNI moves:0/152
Guide Tree 1/16
#NNI moves:0/152
Guide Tree 2/16
#NNI moves:0/152
Guide Tree 3/16
#NNI moves:0/152
Guide Tree 4/16
#NNI moves:0/152
Guide Tree 5/16
#NNI moves:0/152
Guide Tree 6/16
#NNI moves:0/152
Guide Tree 7/16
#NNI moves:0/152
Guide Tree 8/16
#NNI moves:0/152
Guide Tree 9/16
#NNI moves:0/152
Guide Tree 10/16
#NNI moves:0/152
Guide Tree 11/16
#NNI moves:0/152
Guide Tree 12/16
#NNI moves:0/152
Guide Tree 13/16
#NNI moves:0/152
Guide Tree 14/16
#NNI moves:0/152
Guide Tree 15/16
#NNI moves:0/152
Remaining: 0
#NNI moves:2/152
#NNI moves:2/152
((((((((((((17,15),((7,(21,37)),19)),31),38),((41,29),20)),((((8,(11,42)),9),(((((4,14),((((1,12),6),22),18)),(39,(13,(16,23)))),(((27,(25,34)),(((28,((43,35),40)),(5,33)),3)),((24,26),(32,30)))),(2,10))),36)),((((((54,80),(68,48)),44),(70,45)),85),(96,97))),((59,(((100,71),64),91)),(((79,(95,89)),(47,86)),(72,75)))),(((((53,46),87),(63,92)),50),((((90,65),(61,74)),98),((94,(52,49)),(57,58))))),(((((60,88),(((93,55),73),67)),(82,((((78,81),76),(77,62)),(83,99)))),84),(69,66))),51),56);
Initial score: 1.12804e+09
Initial tree: ((((((((((((17,15),((7,(21,37)),19)),31),38),((41,29),20)),((((8,(11,42)),9),(((((4,14),((((1,12),6),22),18)),(39,(13,(16,23)))),(((27,(25,34)),(((28,((43,35),40)),(5,33)),3)),((24,26),(32,30)))),(2,10))),36)),((((((54,80),(68,48)),44),(70,45)),85),(96,97))),((59,(((100,71),64),91)),(((79,(95,89)),(47,86)),(72,75)))),(((((53,46),87),(63,92)),50),((((90,65),(61,74)),98),((94,(52,49)),(57,58))))),(((((60,88),(((93,55),73),67)),(82,((((78,81),76),(77,62)),(83,99)))),84),(69,66))),51),56);
*** Subsample Process ***
Use two-step algorithm!
#NNI moves:0/152
Remaining: 0
#NNI moves:8/152
#NNI moves:8/152
(((((((((((((((34,25),27),(((28,(40,(43,35))),(33,5)),3)),((30,32),(24,26))),((((23,16),13),39),((18,(22,(6,(12,1)))),(4,14)))),(10,2)),((8,(11,42)),9)),36),(((((((((((93,55),73),67),(88,60)),(((((81,78),76),(77,62)),(99,83)),82)),84),(69,66)),(51,56)),(((((65,90),(61,74)),98),((57,58),(94,(52,49)))),((((53,46),87),(92,63)),50))),(((((100,71),64),91),59),(((47,86),(79,(95,89))),(75,72)))),((85,((((68,48),(80,54)),44),(45,70))),(96,97)))),((29,41),20)),38),31),(((21,37),7),19)),15),17);
#NNI moves:0/152
Remaining: 0
#NNI moves:4/152
#NNI moves:4/152
((((((((((((((((((((28,((35,43),40)),(5,33)),3),((25,34),27)),((26,24),(30,32))),(((4,14),(18,(((12,1),6),22))),(((23,16),13),39))),(2,10)),(((42,11),8),9)),36),(((((((21,37),7),19),(15,17)),31),38),((29,41),20))),((((45,70),(((80,54),(68,48)),44)),85),(96,97))),((((64,(100,71)),91),59),(((47,86),((89,95),79)),(72,75)))),((((57,58),((49,52),94)),(((90,65),(61,74)),98)),((((46,53),87),(63,92)),50))),(56,51)),(69,66)),84),(((((78,81),76),(77,62)),(83,99)),82)),(((93,55),73),67)),60),88);
#NNI moves:0/152
Remaining: 2
#NNI moves:4/152
#NNI moves:12/152
((((((((((((((((((57,58),(94,(52,49))),(((65,90),(61,74)),98)),(((92,63),((53,46),87)),50)),(((((((((78,81),76),(77,62)),(83,99)),82),((60,88),((73,(93,55)),67))),84),(66,69)),(56,51))),((((64,(100,71)),91),59),((((89,95),79),(47,86)),(75,72)))),((97,96),(((((54,80),(68,48)),44),(45,70)),85))),(((41,29),20),((((((21,37),7),19),(17,15)),31),38))),36),((8,(11,42)),9)),(2,10)),((((16,23),13),39),((18,(((12,1),6),22)),(14,4)))),((30,32),(26,24))),(27,(34,25))),3),(5,33)),((35,43),40)),28);
#NNI moves:2/152
Remaining: 0
#NNI moves:14/152
#NNI moves:14/152
(((((((((((((((25,34),27),(3,((33,5),(((35,43),40),28)))),((24,26),(30,32))),(((13,(16,23)),39),((4,14),(((6,(1,12)),22),18)))),(2,10)),(((11,42),8),9)),36),(((((19,((37,21),7)),(17,15)),31),38),((41,29),20))),((((70,45),(((54,80),(68,48)),44)),85),(97,96))),((59,(91,((100,71),64))),((((89,95),79),(86,47)),(72,75)))),(((((65,90),(74,61)),98),((58,57),((52,49),94))),((((53,46),87),(92,63)),50))),((((((73,(93,55)),67),(88,60)),(((83,99),((76,(78,81)),(62,77))),82)),84),(69,66))),56),51);
Current score: 1.12804e+09
Current tree: (((((((((((((((25,34),27),(3,((33,5),(((35,43),40),28)))),((24,26),(30,32))),(((13,(16,23)),39),((4,14),(((6,(1,12)),22),18)))),(2,10)),(((11,42),8),9)),36),(((((19,((37,21),7)),(17,15)),31),38),((41,29),20))),((((70,45),(((54,80),(68,48)),44)),85),(97,96))),((59,(91,((100,71),64))),((((89,95),79),(86,47)),(72,75)))),(((((65,90),(74,61)),98),((58,57),((52,49),94))),((((53,46),87),(92,63)),50))),((((((73,(93,55)),67),(88,60)),(((83,99),((76,(78,81)),(62,77))),82)),84),(69,66))),51),56);
Final Tree: (((((((((((((((25,34),27),(3,((33,5),(((35,43),40),28)))),((24,26),(30,32))),(((13,(16,23)),39),((4,14),(((6,(1,12)),22),18)))),(2,10)),(((11,42),8),9)),36),(((((19,((37,21),7)),(17,15)),31),38),((41,29),20))),((((70,45),(((54,80),(68,48)),44)),85),(97,96))),((59,(91,((100,71),64))),((((89,95),79),(86,47)),(72,75)))),(((((65,90),(74,61)),98),((58,57),((52,49),94))),((((53,46),87),(92,63)),50))),((((((73,(93,55)),67),(88,60)),(((83,99),((76,(78,81)),(62,77))),82)),84),(69,66))),51),56);
#EqQuartets: 1675449628
Score: 1128041419
