ASTRAL for PaRalogs and Orthologs III (ASTRAL-Pro3)
*** NOW with integrated CASTLES-Pro ***
Version: v1.22.3.6
Read 512 genetrees and found 100 species.
#Genetrees: 997
#Duploss: 25176
#Species: 100
#Rounds: 4
#Samples: 4
#Threads: 1
Use two-step algorithm!
Guide Tree 0/16
#NNI moves:0/152
Guide Tree 1/16
#NNI moves:0/152
Guide Tree 2/16
#NNI moves:0/152
Guide Tree 3/16
#NNI moves:2/152
Guide Tree 4/16
#NNI moves:0/152
Guide Tree 5/16
#NNI moves:0/152
Guide Tree 6/16
#NNI moves:0/152
Guide Tree 7/16
#NNI moves:0/152
Guide Tree 8/16
#NNI moves:0/152
Guide Tree 9/16
#NNI moves:2/152
Guide Tree 10/16
#NNI moves:0/152
Guide Tree 11/16
#NNI moves:0/152
Guide Tree 12/16
#NNI moves:4/152
Guide Tree 13/16
#NNI moves:0/152
Guide Tree 14/16
#NNI moves:2/152
Guide Tree 15/16
#NNI moves:6/152
Remaining: 0
#NNI moves:8/152
#NNI moves:8/152
(((((((((((((((55,69),35),34),(70,(40,86))),(65,24)),(75,(79,(87,(21,90))))),(54,98)),(((((80,(((60,27),29),45)),((26,56),53)),(((92,95),(13,43)),100)),((64,72),78)),(((74,73),(84,59)),((46,85),(48,22))))),((57,(32,96)),(49,89))),((((((66,28),(99,14)),83),(61,(42,67))),((82,62),(81,88))),(38,37))),(((31,25),(52,47)),(((19,58),63),(20,93)))),((((39,17),(33,41)),((76,(68,15)),(51,18))),((((((50,23),44),(71,16)),97),77),(((94,30),36),91)))),(((3,12),((9,6),((8,(11,1)),10))),7)),(5,4)),2);
Guide Tree 0/16
#NNI moves:6/152
Guide Tree 1/16
#NNI moves:4/152
Guide Tree 2/16
#NNI moves:6/152
Guide Tree 3/16
#NNI moves:2/152
Guide Tree 4/16
#NNI moves:2/152
Guide Tree 5/16
#NNI moves:0/152
Guide Tree 6/16
#NNI moves:0/152
Guide Tree 7/16
#NNI moves:10/152
Guide Tree 8/16
#NNI moves:6/152
Guide Tree 9/16
#NNI moves:0/152
Guide Tree 10/16
#NNI moves:2/152
Guide Tree 11/16
#NNI moves:0/152
Guide Tree 12/16
#NNI moves:0/152
Guide Tree 13/16
#NNI moves:0/152
Guide Tree 14/16
#NNI moves:0/152
Guide Tree 15/16
#NNI moves:0/152
Remaining: 0
#NNI moves:24/152
#NNI moves:24/152
(((((((((((((34,((69,55),35)),((86,40),70)),(24,65)),(75,(((21,90),87),79))),(54,98)),((((46,85),(22,48)),((59,84),(74,73))),(((100,((92,95),(13,43))),(((45,((27,60),29)),80),(53,(26,56)))),((72,64),78)))),((57,(96,32)),(49,89))),((((88,81),(82,62)),((((28,66),(99,14)),83),(61,(42,67)))),(37,38))),(((47,52),(25,31)),((20,93),((19,58),63)))),(((91,((30,94),36)),(((((23,50),44),(71,16)),97),77)),(((18,51),((68,15),76)),((17,39),(33,41))))),(((3,12),((((1,11),8),10),(6,9))),7)),(5,4)),2);
Guide Tree 0/16
#NNI moves:2/152
Guide Tree 1/16
#NNI moves:0/152
Guide Tree 2/16
#NNI moves:0/152
Guide Tree 3/16
#NNI moves:0/152
Guide Tree 4/16
#NNI moves:0/152
Guide Tree 5/16
#NNI moves:0/152
Guide Tree 6/16
#NNI moves:0/152
Guide Tree 7/16
#NNI moves:0/152
Guide Tree 8/16
#NNI moves:0/152
Guide Tree 9/16
#NNI moves:0/152
Guide Tree 10/16
#NNI moves:0/152
Guide Tree 11/16
#NNI moves:0/152
Guide Tree 12/16
#NNI moves:0/152
Guide Tree 13/16
#NNI moves:2/152
Guide Tree 14/16
#NNI moves:0/152
Guide Tree 15/16
#NNI moves:0/152
Remaining: 0
#NNI moves:10/152
#NNI moves:10/152
((((((((((((46,85),(22,48)),((73,74),(59,84))),(((((95,92),(13,43)),100),(((45,(29,(60,27))),80),(53,(26,56)))),(78,(64,72)))),((((65,24),((34,((69,55),35)),((86,40),70))),((((90,21),87),79),75)),(54,98))),((49,89),(57,(32,96)))),((((61,(42,67)),(((66,28),(14,99)),83)),((82,62),(81,88))),(37,38))),(((63,(19,58)),(20,93)),((52,47),(25,31)))),((((36,(30,94)),91),((((16,71),(44,(23,50))),97),77)),(((18,51),(76,(68,15))),((39,17),(41,33))))),((((6,9),(((1,11),8),10)),(12,3)),7)),(5,4)),2);
Guide Tree 0/16
#NNI moves:0/152
Guide Tree 1/16
#NNI moves:0/152
Guide Tree 2/16
#NNI moves:0/152
Guide Tree 3/16
#NNI moves:4/152
Guide Tree 4/16
#NNI moves:0/152
Guide Tree 5/16
#NNI moves:0/152
Guide Tree 6/16
#NNI moves:0/152
Guide Tree 7/16
#NNI moves:0/152
Guide Tree 8/16
#NNI moves:0/152
Guide Tree 9/16
#NNI moves:0/152
Guide Tree 10/16
#NNI moves:0/152
Guide Tree 11/16
#NNI moves:0/152
Guide Tree 12/16
#NNI moves:0/152
Guide Tree 13/16
#NNI moves:2/152
Guide Tree 14/16
#NNI moves:2/152
Guide Tree 15/16
#NNI moves:0/152
Remaining: 0
#NNI moves:12/152
#NNI moves:14/152
(((((((((((((80,(((27,60),29),45)),((26,56),53)),(((43,13),(92,95)),100)),((64,72),78)),(((74,73),(84,59)),((85,46),(22,48)))),((54,98),(((((40,86),70),(34,((69,55),35))),(24,65)),((79,(87,(90,21))),75)))),(((32,96),57),(49,89))),((((((14,99),(28,66)),83),((42,67),61)),((62,82),(81,88))),(37,38))),(((63,(19,58)),(20,93)),((31,25),(52,47)))),((((17,39),(41,33)),(((68,15),76),(51,18))),((77,(((16,71),((50,23),44)),97)),(((30,94),36),91)))),((((6,9),(10,((11,1),8))),(12,3)),7)),(5,4)),2);
Initial score: 5.03328e+08
Initial tree: (((((((((((((80,(((27,60),29),45)),((26,56),53)),(((43,13),(92,95)),100)),((64,72),78)),(((74,73),(84,59)),((85,46),(22,48)))),((54,98),(((((40,86),70),(34,((69,55),35))),(24,65)),((79,(87,(90,21))),75)))),(((32,96),57),(49,89))),((((((14,99),(28,66)),83),((42,67),61)),((62,82),(81,88))),(37,38))),(((63,(19,58)),(20,93)),((31,25),(52,47)))),((((17,39),(41,33)),(((68,15),76),(51,18))),((77,(((16,71),((50,23),44)),97)),(((30,94),36),91)))),((((6,9),(10,((11,1),8))),(12,3)),7)),(5,4)),2);
*** Subsample Process ***
Use two-step algorithm!
#NNI moves:6/152
Remaining: 0
#NNI moves:16/152
#NNI moves:20/152
(((((((((((((((39,17),(41,33)),(((68,15),76),(51,18))),(((((16,71),((50,23),44)),97),77),(91,((30,94),36)))),(((5,4),2),((((((11,1),8),10),(9,6)),(12,3)),7))),((((58,19),63),(93,20)),((25,31),(47,52)))),(((((42,67),61),(83,((28,66),(14,99)))),((82,62),(81,88))),(37,38))),((89,49),(57,(32,96)))),(((((87,(21,90)),79),75),((((35,(69,55)),34),((86,40),70)),(65,24))),(54,98))),(((84,59),(73,74)),((48,22),(46,85)))),((64,72),78)),(((13,43),(95,92)),100)),((26,56),53)),(45,(29,(60,27)))),80);
#NNI moves:6/152
Remaining: 2
#NNI moves:8/152
#NNI moves:8/152
(((((((((((((((92,95),(43,13)),100),((((29,(27,60)),45),80),((26,56),53))),((64,72),78)),(((46,85),(48,22)),((73,74),(84,59)))),((54,98),((((70,(86,40)),(((55,69),35),34)),(24,65)),((((90,21),87),79),75)))),((49,89),((96,32),57))),((((83,((28,66),(14,99))),(61,(42,67))),((62,82),(81,88))),(37,38))),(((52,47),(25,31)),(((19,58),63),(93,20)))),((((((71,16),((50,23),44)),97),77),(91,(36,(30,94)))),(((33,41),(17,39)),((18,51),((15,68),76))))),((((10,((1,11),8)),(9,6)),(3,12)),7)),2),4),5);
#NNI moves:6/152
Remaining: 0
#NNI moves:8/152
#NNI moves:8/152
(((((((((((((((((9,6),(10,((1,11),8))),(3,12)),7),(2,(5,4))),((((97,((44,(23,50)),(71,16))),77),(((94,30),36),91)),(((17,39),(33,41)),((51,18),((68,15),76))))),(((47,52),(31,25)),((63,(58,19)),(20,93)))),(((((42,67),61),(((99,14),(28,66)),83)),((62,82),(81,88))),(38,37))),((49,89),(57,(32,96)))),(((((70,(86,40)),(((55,69),35),34)),(65,24)),(75,(((21,90),87),79))),(54,98))),(((85,46),(48,22)),((84,59),(74,73)))),((64,72),78)),(((26,56),53),(((29,(27,60)),45),80))),100),(43,13)),95),92);
#NNI moves:0/152
Remaining: 0
#NNI moves:28/152
#NNI moves:28/152
((((((((((((((((40,86),70),(((55,69),35),34)),(24,65)),(75,(79,(87,(21,90))))),(54,98)),((((84,59),(73,74)),((85,46),(48,22))),((((80,(((60,27),29),45)),((56,26),53)),(((43,13),(95,92)),100)),((64,72),78)))),((89,49),(57,(32,96)))),((((88,81),(82,62)),((83,((66,28),(99,14))),(61,(67,42)))),(38,37))),(((52,47),(25,31)),((20,93),(63,(19,58))))),((((39,17),(41,33)),(((15,68),76),(18,51))),((((30,94),36),91),((((16,71),(44,(50,23))),97),77)))),((4,5),2)),7),((10,(8,(11,1))),(9,6))),12),3);
Current score: 5.03328e+08
Current tree: (((4,5),((((((((((((40,86),70),(((55,69),35),34)),(24,65)),(75,(79,(87,(21,90))))),(54,98)),((((84,59),(73,74)),((85,46),(48,22))),((((80,(((60,27),29),45)),((56,26),53)),(((43,13),(95,92)),100)),((64,72),78)))),((89,49),(57,(32,96)))),((((88,81),(82,62)),((83,((66,28),(99,14))),(61,(67,42)))),(38,37))),(((52,47),(25,31)),((20,93),(63,(19,58))))),((((39,17),(41,33)),(((15,68),76),(18,51))),((((30,94),36),91),((((16,71),(44,(50,23))),97),77)))),(7,(((10,(8,(11,1))),(9,6)),(12,3))))),2);
Final Tree: (((4,5),((((((((((((40,86),70),(((55,69),35),34)),(24,65)),(75,(79,(87,(21,90))))),(54,98)),((((84,59),(73,74)),((85,46),(48,22))),((((80,(((60,27),29),45)),((56,26),53)),(((43,13),(95,92)),100)),((64,72),78)))),((89,49),(57,(32,96)))),((((88,81),(82,62)),((83,((66,28),(99,14))),(61,(67,42)))),(38,37))),(((52,47),(25,31)),((20,93),(63,(19,58))))),((((39,17),(41,33)),(((15,68),76),(18,51))),((((30,94),36),91),((((16,71),(44,(50,23))),97),77)))),(7,(((10,(8,(11,1))),(9,6)),(12,3))))),2);
#EqQuartets: 796304409
Score: 503328273
ASTRAL for PaRalogs and Orthologs III (ASTRAL-Pro3)
*** NOW with integrated CASTLES-Pro ***
Version: v1.22.3.6
Read 512 genetrees and found 100 species.
#Genetrees: 1000
#Duploss: 29285
#Species: 100
#Rounds: 4
#Samples: 4
#Threads: 1
Use two-step algorithm!
Guide Tree 0/16
#NNI moves:0/152
Guide Tree 1/16
#NNI moves:6/152
Guide Tree 2/16
#NNI moves:0/152
Guide Tree 3/16
#NNI moves:2/152
Guide Tree 4/16
#NNI moves:6/152
Guide Tree 5/16
#NNI moves:0/152
Guide Tree 6/16
#NNI moves:0/152
Guide Tree 7/16
#NNI moves:2/152
Guide Tree 8/16
#NNI moves:6/152
Guide Tree 9/16
#NNI moves:0/152
Guide Tree 10/16
#NNI moves:0/152
Guide Tree 11/16
#NNI moves:0/152
Guide Tree 12/16
#NNI moves:0/152
Guide Tree 13/16
#NNI moves:0/152
Guide Tree 14/16
#NNI moves:6/152
Guide Tree 15/16
#NNI moves:2/152
Remaining: 0
#NNI moves:4/152
#NNI moves:12/152
((((((((((29,(37,12)),((25,(41,24)),44)),((20,32),(13,35))),(((10,21),30),(5,23))),(((((((90,76),(95,47)),56),((74,79),(70,89))),67),(((((((97,84),88),((94,72),83)),(66,55)),(((((63,65),(82,92)),61),59),51)),((46,87),86)),(57,(98,54)))),((((31,15),39),(17,(42,43))),(((((85,(52,69)),((58,48),73)),((((96,78),(100,49)),(91,(64,68))),(71,80))),((((77,99),53),75),50)),((62,81),(93,60)))))),(((((19,22),(6,27)),45),(((1,3),34),(((4,18),16),(38,40)))),36)),((26,2),8)),11),((33,(7,9)),28)),14);
Guide Tree 0/16
#NNI moves:4/152
Guide Tree 1/16
#NNI moves:6/152
Guide Tree 2/16
#NNI moves:8/152
Guide Tree 3/16
#NNI moves:4/152
Guide Tree 4/16
#NNI moves:0/152
Guide Tree 5/16
#NNI moves:0/152
Guide Tree 6/16
#NNI moves:2/152
Guide Tree 7/16
#NNI moves:6/152
Guide Tree 8/16
#NNI moves:8/152
Guide Tree 9/16
#NNI moves:2/152
Guide Tree 10/16
#NNI moves:6/152
Guide Tree 11/16
#NNI moves:0/152
Guide Tree 12/16
#NNI moves:4/152
Guide Tree 13/16
#NNI moves:8/152
Guide Tree 14/16
#NNI moves:8/152
Guide Tree 15/16
#NNI moves:0/152
Remaining: 0
#NNI moves:12/152
#NNI moves:18/152
((((((((((((((((82,92),(63,65)),61),59),51),((((94,72),83),((84,97),88)),(55,66))),(86,(46,87))),((98,54),57)),((((89,70),(79,74)),(((76,90),(47,95)),56)),67)),(((((((77,99),53),75),50),((((91,(64,68)),((49,100),(78,96))),(71,80)),((73,(58,48)),((69,52),85)))),((60,93),(81,62))),(((15,31),39),((42,43),17)))),((((35,13),(20,32)),(((12,37),29),((25,(41,24)),44))),((5,23),((10,21),30)))),(((45,((6,27),(22,19))),(((1,3),34),((40,38),((4,18),16)))),36)),((26,2),8)),11),(((9,7),33),28)),14);
Guide Tree 0/16
#NNI moves:2/152
Guide Tree 1/16
#NNI moves:2/152
Guide Tree 2/16
#NNI moves:0/152
Guide Tree 3/16
#NNI moves:2/152
Guide Tree 4/16
#NNI moves:0/152
Guide Tree 5/16
#NNI moves:0/152
Guide Tree 6/16
#NNI moves:0/152
Guide Tree 7/16
#NNI moves:0/152
Guide Tree 8/16
#NNI moves:0/152
Guide Tree 9/16
#NNI moves:2/152
Guide Tree 10/16
#NNI moves:0/152
Guide Tree 11/16
#NNI moves:0/152
Guide Tree 12/16
#NNI moves:0/152
Guide Tree 13/16
#NNI moves:0/152
Guide Tree 14/16
#NNI moves:0/152
Guide Tree 15/16
#NNI moves:0/152
Remaining: 3
#NNI moves:22/152
#NNI moves:24/152
(((((((((((93,60),(62,81)),((((80,71),(((100,49),(96,78)),((68,64),91))),(((58,48),73),(85,(69,52)))),(50,((53,(77,99)),75)))),(((31,15),39),(17,(43,42)))),(((((87,46),86),(((((94,72),83),((97,84),88)),(66,55)),(((((92,82),(63,65)),61),59),51))),(57,(54,98))),((((89,70),(74,79)),(((76,90),(95,47)),56)),67))),(((5,23),((10,21),30)),((((12,37),29),(44,((24,41),25))),((35,13),(20,32))))),(((((22,19),(6,27)),45),(((38,40),((4,18),16)),((3,1),34))),36)),((2,26),8)),11),(((7,9),33),28)),14);
Guide Tree 0/16
#NNI moves:0/152
Guide Tree 1/16
#NNI moves:0/152
Guide Tree 2/16
#NNI moves:4/152
Guide Tree 3/16
#NNI moves:2/152
Guide Tree 4/16
#NNI moves:8/152
Guide Tree 5/16
#NNI moves:6/152
Guide Tree 6/16
#NNI moves:4/152
Guide Tree 7/16
#NNI moves:8/152
Guide Tree 8/16
#NNI moves:4/152
Guide Tree 9/16
#NNI moves:4/152
Guide Tree 10/16
#NNI moves:8/152
Guide Tree 11/16
#NNI moves:6/152
Guide Tree 12/16
#NNI moves:10/152
Guide Tree 13/16
#NNI moves:0/152
Guide Tree 14/16
#NNI moves:6/152
Guide Tree 15/16
#NNI moves:8/152
Remaining: 0
#NNI moves:10/152
#NNI moves:10/152
(((((((((((((((64,68),91),((96,78),(49,100))),(71,80)),((85,(52,69)),(73,(48,58)))),(((53,(99,77)),75),50)),((81,62),(93,60))),((17,(42,43)),((31,15),39))),(((((((83,(94,72)),((97,84),88)),(55,66)),(((((82,92),(65,63)),61),59),51)),((87,46),86)),((54,98),57)),(((((95,47),(90,76)),56),((74,79),(89,70))),67))),((((13,35),(20,32)),(((37,12),29),(((41,24),25),44))),((23,5),((10,21),30)))),((((((18,4),16),(40,38)),((3,1),34)),(45,((6,27),(19,22)))),36)),(8,(2,26))),11),(((7,9),33),28)),14);
Initial score: 3.78198e+08
Initial tree: (((((((((((((((64,68),91),((96,78),(49,100))),(71,80)),((85,(52,69)),(73,(48,58)))),(((53,(99,77)),75),50)),((81,62),(93,60))),((17,(42,43)),((31,15),39))),(((((((83,(94,72)),((97,84),88)),(55,66)),(((((82,92),(65,63)),61),59),51)),((87,46),86)),((54,98),57)),(((((95,47),(90,76)),56),((74,79),(89,70))),67))),((((13,35),(20,32)),(((37,12),29),(((41,24),25),44))),((23,5),((10,21),30)))),((((((18,4),16),(40,38)),((3,1),34)),(45,((6,27),(19,22)))),36)),(8,(2,26))),11),(((7,9),33),28)),14);
*** Subsample Process ***
Use two-step algorithm!
#NNI moves:6/152
Remaining: 1
#NNI moves:30/152
#NNI moves:32/152
((((((((((((((((95,47),(76,90)),56),((74,79),(89,70))),67),((((((83,(94,72)),((84,97),88)),(66,55)),(((((63,65),(92,82)),61),59),51)),(86,(87,46))),(57,(98,54)))),(((((((24,41),25),44),((37,12),29)),((32,20),(35,13))),(((10,21),30),(23,5))),(((((((4,18),16),(38,40)),((1,3),34)),(((6,27),(22,19)),45)),36),((8,(2,26)),(11,(((33,(7,9)),28),14)))))),(((31,15),39),((42,43),17))),((93,60),(81,62))),((((77,99),53),75),50)),((85,(69,52)),((58,48),73))),(80,71)),(91,(64,68))),(96,78)),49),100);
#NNI moves:10/152
Remaining: 0
#NNI moves:42/152
#NNI moves:52/152
((((((((((((((94,72),83),(88,(97,84))),(55,66)),(((((63,65),(92,82)),61),59),51)),(86,(46,87))),((54,98),57)),(((((47,95),(76,90)),56),((74,79),(70,89))),67)),((((31,15),39),((43,42),17)),(((((53,(99,77)),75),50),(((71,80),(((100,49),(78,96)),(91,(64,68)))),(((58,48),73),((69,52),85)))),((93,60),(62,81))))),((((((41,24),25),44),((12,37),29)),((20,32),(35,13))),((30,(21,10)),(5,23)))),((((((4,18),16),(38,40)),((1,3),34)),(((19,22),(27,6)),45)),36)),((((33,(7,9)),28),14),11)),(26,2)),8);
#NNI moves:6/152
Remaining: 0
#NNI moves:24/152
#NNI moves:24/152
((((((((((((((((3,1),34),(((4,18),16),(38,40))),(45,((19,22),(6,27)))),36),(((26,2),8),(11,((((7,9),33),28),14)))),((((21,10),30),(23,5)),(((((41,24),25),44),((37,12),29)),((20,32),(35,13))))),((((((((68,64),91),((49,100),(96,78))),(80,71)),(((52,69),85),((58,48),73))),((((77,99),53),75),50)),((62,81),(60,93))),(((42,43),17),((15,31),39)))),(((((47,95),(76,90)),56),((74,79),(89,70))),67)),((54,98),57)),((87,46),86)),((59,(61,((63,65),(92,82)))),51)),(66,55)),((84,97),88)),(94,72)),83);
#NNI moves:0/152
Remaining: 2
#NNI moves:26/152
#NNI moves:26/152
((((((((((((((((92,82),(65,63)),61),59),51),((66,55),((88,(97,84)),(83,(72,94))))),((87,46),86)),((98,54),57)),(((56,((95,47),(90,76))),((70,89),(79,74))),67)),(((((((77,99),53),75),50),(((85,(52,69)),((48,58),73)),((((96,78),(100,49)),(91,(64,68))),(71,80)))),((62,81),(93,60))),((17,(42,43)),((31,15),39)))),((((10,21),30),(23,5)),(((13,35),(32,20)),((((41,24),25),44),((12,37),29))))),(((((27,6),(22,19)),45),(((40,38),((18,4),16)),(34,(1,3)))),36)),(((((9,7),33),28),14),11)),8),2),26);
Current score: 3.78198e+08
Current tree: (((((9,7),33),28),(11,(((((((((((((92,82),(65,63)),61),59),51),((66,55),((88,(97,84)),(83,(72,94))))),((87,46),86)),((98,54),57)),(((56,((95,47),(90,76))),((70,89),(79,74))),67)),(((((((77,99),53),75),50),(((85,(52,69)),((48,58),73)),((((96,78),(100,49)),(91,(64,68))),(71,80)))),((62,81),(93,60))),((17,(42,43)),((31,15),39)))),((((10,21),30),(23,5)),(((13,35),(32,20)),((((41,24),25),44),((12,37),29))))),(((((27,6),(22,19)),45),(((40,38),((18,4),16)),(34,(1,3)))),36)),(8,(2,26))))),14);
Final Tree: (((((9,7),33),28),(11,(((((((((((((92,82),(65,63)),61),59),51),((66,55),((88,(97,84)),(83,(72,94))))),((87,46),86)),((98,54),57)),(((56,((95,47),(90,76))),((70,89),(79,74))),67)),(((((((77,99),53),75),50),(((85,(52,69)),((48,58),73)),((((96,78),(100,49)),(91,(64,68))),(71,80)))),((62,81),(93,60))),((17,(42,43)),((31,15),39)))),((((10,21),30),(23,5)),(((13,35),(32,20)),((((41,24),25),44),((12,37),29))))),(((((27,6),(22,19)),45),(((40,38),((18,4),16)),(34,(1,3)))),36)),(8,(2,26))))),14);
#EqQuartets: 614604442
Score: 378198005
ASTRAL for PaRalogs and Orthologs III (ASTRAL-Pro3)
*** NOW with integrated CASTLES-Pro ***
Version: v1.22.3.6
Read 512 genetrees and found 100 species.
#Genetrees: 1000
#Duploss: 25614
#Species: 100
#Rounds: 4
#Samples: 4
#Threads: 1
Use two-step algorithm!
Guide Tree 0/16
#NNI moves:0/152
Guide Tree 1/16
#NNI moves:0/152
Guide Tree 2/16
#NNI moves:0/152
Guide Tree 3/16
#NNI moves:0/152
Guide Tree 4/16
#NNI moves:0/152
Guide Tree 5/16
#NNI moves:6/152
Guide Tree 6/16
#NNI moves:0/152
Guide Tree 7/16
#NNI moves:0/152
Guide Tree 8/16
#NNI moves:0/152
Guide Tree 9/16
#NNI moves:0/152
Guide Tree 10/16
#NNI moves:0/152
Guide Tree 11/16
#NNI moves:0/152
Guide Tree 12/16
#NNI moves:0/152
Guide Tree 13/16
#NNI moves:0/152
Guide Tree 14/16
#NNI moves:0/152
Guide Tree 15/16
#NNI moves:0/152
Remaining: 0
#NNI moves:0/152
#NNI moves:0/152
((((((((((6,3),24),(13,18)),((29,42),27)),(((40,33),(15,17)),25)),((21,((14,(26,12)),16)),((((34,39),36),28),((((((11,5),(2,8)),(30,10)),7),23),(41,20))))),((((1,((31,22),35)),(37,4)),9),((38,19),32))),(((93,(((94,(61,84)),(91,89)),76)),(54,(44,(68,((71,62),46))))),(((((87,((88,(97,(59,79))),(81,((53,43),63)))),(85,51)),(((((69,86),49),48),(100,47)),((60,74),(98,82)))),(70,72)),((((((57,66),(65,55)),(80,45)),(((52,(83,64)),(96,77)),73)),((75,67),95)),((92,58),50))))),(90,(78,56))),99);
Guide Tree 0/16
#NNI moves:2/152
Guide Tree 1/16
#NNI moves:2/152
Guide Tree 2/16
#NNI moves:2/152
Guide Tree 3/16
#NNI moves:2/152
Guide Tree 4/16
#NNI moves:2/152
Guide Tree 5/16
#NNI moves:0/152
Guide Tree 6/16
#NNI moves:0/152
Guide Tree 7/16
#NNI moves:2/152
Guide Tree 8/16
#NNI moves:0/152
Guide Tree 9/16
#NNI moves:0/152
Guide Tree 10/16
#NNI moves:2/152
Guide Tree 11/16
#NNI moves:0/152
Guide Tree 12/16
#NNI moves:2/152
Guide Tree 13/16
#NNI moves:0/152
Guide Tree 14/16
#NNI moves:2/152
Guide Tree 15/16
#NNI moves:0/152
Remaining: 0
#NNI moves:2/152
#NNI moves:2/152
((((((((((100,47),(((69,86),49),48)),((74,60),(98,82))),((((((59,79),97),88),(((43,53),63),81)),87),(51,85))),(72,70)),((((((57,66),(55,65)),(80,45)),((((64,83),52),(96,77)),73)),((67,75),95)),(50,(58,92)))),((93,((((61,84),94),(89,91)),76)),(((((71,62),46),68),44),54))),(((((((6,3),24),(13,18)),((29,42),27)),(((17,15),(33,40)),25)),(((((12,26),14),16),21),(((23,(((30,10),((2,8),(11,5))),7)),(20,41)),(28,((34,39),36))))),((((4,37),(((22,31),35),1)),9),((19,38),32)))),(90,(56,78))),99);
Guide Tree 0/16
#NNI moves:0/152
Guide Tree 1/16
#NNI moves:0/152
Guide Tree 2/16
#NNI moves:0/152
Guide Tree 3/16
#NNI moves:0/152
Guide Tree 4/16
#NNI moves:0/152
Guide Tree 5/16
#NNI moves:0/152
Guide Tree 6/16
#NNI moves:0/152
Guide Tree 7/16
#NNI moves:0/152
Guide Tree 8/16
#NNI moves:0/152
Guide Tree 9/16
#NNI moves:0/152
Guide Tree 10/16
#NNI moves:0/152
Guide Tree 11/16
#NNI moves:0/152
Guide Tree 12/16
#NNI moves:0/152
Guide Tree 13/16
#NNI moves:0/152
Guide Tree 14/16
#NNI moves:0/152
Guide Tree 15/16
#NNI moves:0/152
Remaining: 0
#NNI moves:6/152
#NNI moves:6/152
((((((((((((30,10),((11,5),(8,2))),7),23),(41,20)),(28,((39,34),36))),((16,(14,(12,26))),21)),(((((3,6),24),(18,13)),(27,(42,29))),(((17,15),(33,40)),25))),((((4,37),(1,((31,22),35))),9),(32,(19,38)))),((((((((57,66),(65,55)),(45,80)),(73,((96,77),((64,83),52)))),(95,(67,75))),((92,58),50)),(((((47,100),((49,(69,86)),48)),((74,60),(82,98))),((((((43,53),63),81),(88,((59,79),97))),87),(85,51))),(72,70))),((((((71,62),46),68),44),54),((((89,91),(94,(61,84))),76),93)))),(90,(78,56))),99);
Guide Tree 0/16
#NNI moves:0/152
Guide Tree 1/16
#NNI moves:0/152
Guide Tree 2/16
#NNI moves:0/152
Guide Tree 3/16
#NNI moves:0/152
Guide Tree 4/16
#NNI moves:0/152
Guide Tree 5/16
#NNI moves:0/152
Guide Tree 6/16
#NNI moves:0/152
Guide Tree 7/16
#NNI moves:0/152
Guide Tree 8/16
#NNI moves:0/152
Guide Tree 9/16
#NNI moves:0/152
Guide Tree 10/16
#NNI moves:0/152
Guide Tree 11/16
#NNI moves:0/152
Guide Tree 12/16
#NNI moves:0/152
Guide Tree 13/16
#NNI moves:0/152
Guide Tree 14/16
#NNI moves:0/152
Guide Tree 15/16
#NNI moves:0/152
Remaining: 0
#NNI moves:0/152
#NNI moves:0/152
(((((((((((65,55),(57,66)),(80,45)),(((77,96),((64,83),52)),73)),((75,67),95)),((92,58),50)),((((((((79,59),97),88),(81,((43,53),63))),87),(85,51)),(((100,47),(((86,69),49),48)),((74,60),(82,98)))),(70,72))),((((((61,84),94),(89,91)),76),93),((44,((46,(71,62)),68)),54))),((((((35,(22,31)),1),(37,4)),9),((38,19),32)),((((16,(14,(12,26))),21),((((((10,30),((2,8),(11,5))),7),23),(20,41)),(28,((34,39),36)))),(((27,(42,29)),((24,(6,3)),(18,13))),(((15,17),(40,33)),25))))),((56,78),90)),99);
Initial score: 5.078e+08
Initial tree: (((((((((((65,55),(57,66)),(80,45)),(((77,96),((64,83),52)),73)),((75,67),95)),((92,58),50)),((((((((79,59),97),88),(81,((43,53),63))),87),(85,51)),(((100,47),(((86,69),49),48)),((74,60),(82,98)))),(70,72))),((((((61,84),94),(89,91)),76),93),((44,((46,(71,62)),68)),54))),((((((35,(22,31)),1),(37,4)),9),((38,19),32)),((((16,(14,(12,26))),21),((((((10,30),((2,8),(11,5))),7),23),(20,41)),(28,((34,39),36)))),(((27,(42,29)),((24,(6,3)),(18,13))),(((15,17),(40,33)),25))))),((56,78),90)),99);
*** Subsample Process ***
Use two-step algorithm!
#NNI moves:0/152
Remaining: 0
#NNI moves:0/152
#NNI moves:0/152
((((((((((((((((((((8,2),(5,11)),(10,30)),7),23),(20,41)),(28,((39,34),36))),(21,((14,(12,26)),16))),((((29,42),27),((18,13),((3,6),24))),(((15,17),(33,40)),25))),((((1,((31,22),35)),(37,4)),9),((38,19),32))),((90,(78,56)),99)),((((((71,62),46),68),44),54),((76,(((61,84),94),(89,91))),93))),((((((((59,79),97),88),((63,(43,53)),81)),87),(85,51)),(((((69,86),49),48),(47,100)),((74,60),(98,82)))),(72,70))),((58,92),50)),((67,75),95)),(73,((96,77),((64,83),52)))),(80,45)),(57,66)),55),65);
#NNI moves:0/152
Remaining: 0
#NNI moves:0/152
#NNI moves:0/152
((((((((((((((((((((((79,59),97),88),((63,(53,43)),81)),87),(85,51)),(((60,74),(82,98)),(((49,(69,86)),48),(47,100)))),(72,70)),(((((80,45),((57,66),(55,65))),(73,(((64,83),52),(96,77)))),(95,(67,75))),((92,58),50))),((((((62,71),46),68),44),54),((((91,89),((84,61),94)),76),93))),(((78,56),90),99)),(((38,19),32),(((4,37),((35,(22,31)),1)),9))),((((18,13),(24,(6,3))),((42,29),27)),(((15,17),(40,33)),25))),(21,((14,(12,26)),16))),(((39,34),36),28)),(41,20)),23),7),(30,10)),(11,5)),8),2);
#NNI moves:0/152
Remaining: 0
#NNI moves:4/152
#NNI moves:4/152
((((((((((((((((18,13),((6,3),24)),((29,42),27)),(((15,17),(40,33)),25)),((((14,(12,26)),16),21),(((23,(((10,30),((2,8),(11,5))),7)),(41,20)),((36,(34,39)),28)))),((((((31,22),35),1),(37,4)),9),(32,(19,38)))),((90,(78,56)),99)),(((44,((46,(71,62)),68)),54),(93,(((89,91),((61,84),94)),76)))),((((((66,57),(65,55)),(45,80)),(((52,(83,64)),(96,77)),73)),(95,(75,67))),(50,(92,58)))),(70,72)),(((47,100),((49,(69,86)),48)),((60,74),(82,98)))),(85,51)),87),(((79,59),97),88)),(63,(43,53))),81);
#NNI moves:0/152
Remaining: 0
#NNI moves:0/152
#NNI moves:0/152
(((((((((((75,67),95),((((96,77),(52,(83,64))),73),((80,45),((55,65),(66,57))))),((58,92),50)),((((87,((((43,53),63),81),(88,((59,79),97)))),(51,85)),(((98,82),(74,60)),((((86,69),49),48),(100,47)))),(70,72))),((93,((((84,61),94),(89,91)),76)),(54,(44,((46,(62,71)),68))))),(((((((((10,30),((2,8),(11,5))),7),23),(41,20)),(((39,34),36),28)),(((14,(26,12)),16),21)),((((24,(3,6)),(13,18)),((29,42),27)),(((40,33),(17,15)),25))),((((1,(35,(22,31))),(4,37)),9),(32,(38,19))))),99),90),78),56);
Current score: 5.078e+08
Current tree: (((((((((75,67),95),((((96,77),(52,(83,64))),73),((80,45),((55,65),(66,57))))),((58,92),50)),((((87,((((43,53),63),81),(88,((59,79),97)))),(51,85)),(((98,82),(74,60)),((((86,69),49),48),(100,47)))),(70,72))),((93,((((84,61),94),(89,91)),76)),(54,(44,((46,(62,71)),68))))),(((((((((10,30),((2,8),(11,5))),7),23),(41,20)),(((39,34),36),28)),(((14,(26,12)),16),21)),((((24,(3,6)),(13,18)),((29,42),27)),(((40,33),(17,15)),25))),((((1,(35,(22,31))),(4,37)),9),(32,(38,19))))),(90,(78,56))),99);
Final Tree: (((((((((75,67),95),((((96,77),(52,(83,64))),73),((80,45),((55,65),(66,57))))),((58,92),50)),((((87,((((43,53),63),81),(88,((59,79),97)))),(51,85)),(((98,82),(74,60)),((((86,69),49),48),(100,47)))),(70,72))),((93,((((84,61),94),(89,91)),76)),(54,(44,((46,(62,71)),68))))),(((((((((10,30),((2,8),(11,5))),7),23),(41,20)),(((39,34),36),28)),(((14,(26,12)),16),21)),((((24,(3,6)),(13,18)),((29,42),27)),(((40,33),(17,15)),25))),((((1,(35,(22,31))),(4,37)),9),(32,(38,19))))),(90,(78,56))),99);
#EqQuartets: 766244769
Score: 507799966
ASTRAL for PaRalogs and Orthologs III (ASTRAL-Pro3)
*** NOW with integrated CASTLES-Pro ***
Version: v1.22.3.6
Read 512 genetrees and found 100 species.
#Genetrees: 999
#Duploss: 26920
#Species: 100
#Rounds: 4
#Samples: 4
#Threads: 1
Use two-step algorithm!
Guide Tree 0/16
#NNI moves:2/152
Guide Tree 1/16
#NNI moves:2/152
Guide Tree 2/16
#NNI moves:2/152
Guide Tree 3/16
#NNI moves:2/152
Guide Tree 4/16
#NNI moves:0/152
Guide Tree 5/16
#NNI moves:2/152
Guide Tree 6/16
#NNI moves:0/152
Guide Tree 7/16
#NNI moves:0/152
Guide Tree 8/16
#NNI moves:6/152
Guide Tree 9/16
#NNI moves:0/152
Guide Tree 10/16
#NNI moves:0/152
Guide Tree 11/16
#NNI moves:8/152
Guide Tree 12/16
#NNI moves:0/152
Guide Tree 13/16
#NNI moves:2/152
Guide Tree 14/16
#NNI moves:0/152
Guide Tree 15/16
#NNI moves:0/152
Remaining: 0
#NNI moves:4/152
#NNI moves:4/152
((((((((((((((((30,36),(47,(94,35))),83),(86,(97,95))),((((45,(25,(29,31))),55),(77,98)),((62,59),52))),((((42,73),((99,71),78)),79),(88,(92,41)))),(((51,74),67),(84,81))),((28,44),65)),(((((((66,76),75),((50,54),63)),57),(80,26)),49),(61,34))),(((27,(32,93)),((((53,100),(((68,91),33),87)),82),58)),(((((7,21),(18,12)),(((2,1),(14,8)),(17,9))),(23,5)),(((((4,10),((6,19),24)),16),3),(((11,15),(20,13)),22))))),((89,40),(70,56))),(((43,39),90),((48,(96,38)),60))),85),(37,64)),(72,69)),46);
Guide Tree 0/16
#NNI moves:2/152
Guide Tree 1/16
#NNI moves:0/152
Guide Tree 2/16
#NNI moves:0/152
Guide Tree 3/16
#NNI moves:0/152
Guide Tree 4/16
#NNI moves:0/152
Guide Tree 5/16
#NNI moves:0/152
Guide Tree 6/16
#NNI moves:6/152
Guide Tree 7/16
#NNI moves:0/152
Guide Tree 8/16
#NNI moves:6/152
Guide Tree 9/16
#NNI moves:2/152
Guide Tree 10/16
#NNI moves:0/152
Guide Tree 11/16
#NNI moves:2/152
Guide Tree 12/16
#NNI moves:0/152
Guide Tree 13/16
#NNI moves:2/152
Guide Tree 14/16
#NNI moves:6/152
Guide Tree 15/16
#NNI moves:0/152
Remaining: 0
#NNI moves:2/152
#NNI moves:2/152
(((((((((((((((((25,(31,29)),45),55),(98,77)),(52,(62,59))),(((((35,94),47),(36,30)),83),((97,95),86))),((((42,73),(78,(71,99))),79),((92,41),88))),((84,81),((51,74),67))),(65,(44,28))),((61,34),((((((54,50),63),((66,76),75)),57),(80,26)),49))),((((((((68,91),33),87),(100,53)),82),58),(27,(93,32))),(((((((6,19),24),(10,4)),16),3),(((13,20),(15,11)),22)),((((12,18),(21,7)),(((1,2),(14,8)),(9,17))),(23,5))))),((70,56),(40,89))),(((39,43),90),(((96,38),48),60))),85),(37,64)),(69,72)),46);
Guide Tree 0/16
#NNI moves:0/152
Guide Tree 1/16
#NNI moves:6/152
Guide Tree 2/16
#NNI moves:0/152
Guide Tree 3/16
#NNI moves:0/152
Guide Tree 4/16
#NNI moves:0/152
Guide Tree 5/16
#NNI moves:0/152
Guide Tree 6/16
#NNI moves:0/152
Guide Tree 7/16
#NNI moves:0/152
Guide Tree 8/16
#NNI moves:0/152
Guide Tree 9/16
#NNI moves:6/152
Guide Tree 10/16
#NNI moves:0/152
Guide Tree 11/16
#NNI moves:0/152
Guide Tree 12/16
#NNI moves:0/152
Guide Tree 13/16
#NNI moves:0/152
Guide Tree 14/16
#NNI moves:0/152
Guide Tree 15/16
#NNI moves:0/152
Remaining: 3
#NNI moves:4/152
#NNI moves:4/152
(((((((((((((((95,97),86),(83,((30,36),(47,(94,35))))),((((((31,29),25),45),55),(77,98)),(52,(59,62)))),((((78,(71,99)),(42,73)),79),((41,92),88))),((67,(51,74)),(81,84))),((28,44),65)),(((((((76,66),75),((50,54),63)),57),(26,80)),49),(61,34))),((((22,((20,13),(11,15))),(((((6,19),24),(10,4)),16),3)),((((12,18),(7,21)),(((2,1),(8,14)),(17,9))),(23,5))),((27,(93,32)),((((((91,68),33),87),(100,53)),82),58)))),((56,70),(89,40))),((((96,38),48),60),((39,43),90))),85),(37,64)),(69,72)),46);
Guide Tree 0/16
#NNI moves:0/152
Guide Tree 1/16
#NNI moves:0/152
Guide Tree 2/16
#NNI moves:0/152
Guide Tree 3/16
#NNI moves:2/152
Guide Tree 4/16
#NNI moves:2/152
Guide Tree 5/16
#NNI moves:0/152
Guide Tree 6/16
#NNI moves:2/152
Guide Tree 7/16
#NNI moves:6/152
Guide Tree 8/16
#NNI moves:6/152
Guide Tree 9/16
#NNI moves:0/152
Guide Tree 10/16
#NNI moves:2/152
Guide Tree 11/16
#NNI moves:0/152
Guide Tree 12/16
#NNI moves:0/152
Guide Tree 13/16
#NNI moves:6/152
Guide Tree 14/16
#NNI moves:0/152
Guide Tree 15/16
#NNI moves:0/152
Remaining: 1
#NNI moves:4/152
#NNI moves:4/152
(((((((((((((((55,((25,(31,29)),45)),(77,98)),((62,59),52)),((((30,36),(47,(35,94))),83),(86,(97,95)))),((79,((42,73),((71,99),78))),(88,(92,41)))),((67,(51,74)),(81,84))),((28,44),65)),((((26,80),((((50,54),63),((76,66),75)),57)),49),(34,61))),((((((15,11),(13,20)),22),((((4,10),(24,(19,6))),16),3)),((((18,12),(21,7)),(((14,8),(2,1)),(9,17))),(5,23))),(((((100,53),((33,(68,91)),87)),82),58),(27,(32,93))))),((56,70),(40,89))),((((38,96),48),60),((43,39),90))),85),(64,37)),(69,72)),46);
Initial score: 5.00281e+08
Initial tree: (((((((((((((((55,((25,(31,29)),45)),(77,98)),((62,59),52)),((((30,36),(47,(35,94))),83),(86,(97,95)))),((79,((42,73),((71,99),78))),(88,(92,41)))),((67,(51,74)),(81,84))),((28,44),65)),((((26,80),((((50,54),63),((76,66),75)),57)),49),(34,61))),((((((15,11),(13,20)),22),((((4,10),(24,(19,6))),16),3)),((((18,12),(21,7)),(((14,8),(2,1)),(9,17))),(5,23))),(((((100,53),((33,(68,91)),87)),82),58),(27,(32,93))))),((56,70),(40,89))),((((38,96),48),60),((43,39),90))),85),(64,37)),(69,72)),46);
*** Subsample Process ***
Use two-step algorithm!
#NNI moves:2/152
Remaining: 0
#NNI moves:8/152
#NNI moves:8/152
(((((((((((((((((17,9),((14,8),(2,1))),((21,7),(12,18))),(5,23)),(((((10,4),((6,19),24)),16),3),(((11,15),(13,20)),22))),((27,(32,93)),((82,((((91,68),33),87),(53,100))),58))),(((((43,39),90),(((38,96),48),60)),(((64,37),((69,72),46)),85)),((56,70),(89,40)))),(((((((50,54),63),((76,66),75)),57),(80,26)),49),(34,61))),(65,(28,44))),((67,(74,51)),(84,81))),((((42,73),(78,(71,99))),79),((92,41),88))),((((30,36),((94,35),47)),83),((95,97),86))),(52,(62,59))),(77,98)),55),((29,31),25)),45);
#NNI moves:2/152
Remaining: 0
#NNI moves:12/152
#NNI moves:12/152
((((((((((((((24,(6,19)),(10,4)),16),3),(((20,13),(11,15)),22)),(((((2,1),(14,8)),(17,9)),((12,18),(7,21))),(5,23))),(((32,93),27),((((53,100),(((68,91),33),87)),82),58))),((((((((54,50),63),((66,76),75)),57),(26,80)),49),(61,34)),((((81,84),((74,51),67)),(((((77,98),((((29,31),25),45),55)),(52,(62,59))),(((95,97),86),((((94,35),47),(36,30)),83))),((((78,(71,99)),(73,42)),79),(88,(41,92))))),((28,44),65)))),((56,70),(89,40))),(((43,39),90),((48,(96,38)),60))),85),((72,69),46)),37),64);
#NNI moves:2/152
Remaining: 0
#NNI moves:16/152
#NNI moves:16/152
(((((((((((((((((98,77),((((29,31),25),45),55)),((59,62),52)),((((47,(94,35)),(30,36)),83),(86,(95,97)))),((((42,73),(78,(99,71))),79),(88,(41,92)))),(((51,74),67),(84,81))),((28,44),65)),(((((((54,50),63),((66,76),75)),57),(26,80)),49),(61,34))),(((((43,39),90),(((38,96),48),60)),(((37,64),(46,(72,69))),85)),((40,89),(56,70)))),(((((((91,68),33),87),(100,53)),82),58),((93,32),27))),(((((24,(19,6)),(10,4)),16),3),(((20,13),(15,11)),22))),(23,5)),((21,7),(12,18))),(9,17)),(14,8)),1),2);
#NNI moves:0/152
Remaining: 0
#NNI moves:8/152
#NNI moves:8/152
(((((((((((((((((35,94),47),(30,36)),83),((97,95),86)),(((55,(45,((29,31),25))),(77,98)),((62,59),52))),((((42,73),((71,99),78)),79),(88,(92,41)))),(((74,51),67),(81,84))),(65,(28,44))),((34,61),(((80,26),((((50,54),63),((76,66),75)),57)),49))),((((((20,13),(11,15)),22),(3,(((24,(6,19)),(4,10)),16))),((((18,12),(7,21)),(((8,14),(1,2)),(17,9))),(23,5))),((27,(93,32)),((((100,53),((33,(91,68)),87)),82),58)))),((89,40),(70,56))),((((38,96),48),60),(90,(39,43)))),85),((72,69),46)),64),37);
Current score: 5.00281e+08
Current tree: (((72,69),(((((((((((((((35,94),47),(30,36)),83),((97,95),86)),(((55,(45,((29,31),25))),(77,98)),((62,59),52))),((((42,73),((71,99),78)),79),(88,(92,41)))),(((74,51),67),(81,84))),(65,(28,44))),((34,61),(((80,26),((((50,54),63),((76,66),75)),57)),49))),((((((20,13),(11,15)),22),(3,(((24,(6,19)),(4,10)),16))),((((18,12),(7,21)),(((8,14),(1,2)),(17,9))),(23,5))),((27,(93,32)),((((100,53),((33,(91,68)),87)),82),58)))),((89,40),(70,56))),((((38,96),48),60),(90,(39,43)))),85),(64,37))),46);
Final Tree: (((72,69),(((((((((((((((35,94),47),(30,36)),83),((97,95),86)),(((55,(45,((29,31),25))),(77,98)),((62,59),52))),((((42,73),((71,99),78)),79),(88,(92,41)))),(((74,51),67),(81,84))),(65,(28,44))),((34,61),(((80,26),((((50,54),63),((76,66),75)),57)),49))),((((((20,13),(11,15)),22),(3,(((24,(6,19)),(4,10)),16))),((((18,12),(7,21)),(((8,14),(1,2)),(17,9))),(23,5))),((27,(93,32)),((((100,53),((33,(91,68)),87)),82),58)))),((89,40),(70,56))),((((38,96),48),60),(90,(39,43)))),85),(64,37))),46);
#EqQuartets: 778315483
Score: 500281002
ASTRAL for PaRalogs and Orthologs III (ASTRAL-Pro3)
*** NOW with integrated CASTLES-Pro ***
Version: v1.22.3.6
Read 512 genetrees and found 100 species.
#Genetrees: 999
#Duploss: 24437
#Species: 100
#Rounds: 4
#Samples: 4
#Threads: 1
Use two-step algorithm!
Guide Tree 0/16
#NNI moves:0/152
Guide Tree 1/16
#NNI moves:2/152
Guide Tree 2/16
#NNI moves:0/152
Guide Tree 3/16
#NNI moves:0/152
Guide Tree 4/16
#NNI moves:8/152
Guide Tree 5/16
#NNI moves:6/152
Guide Tree 6/16
#NNI moves:8/152
Guide Tree 7/16
#NNI moves:4/152
Guide Tree 8/16
#NNI moves:0/152
Guide Tree 9/16
#NNI moves:4/152
Guide Tree 10/16
#NNI moves:2/152
Guide Tree 11/16
#NNI moves:4/152
Guide Tree 12/16
#NNI moves:0/152
Guide Tree 13/16
#NNI moves:6/152
Guide Tree 14/16
#NNI moves:4/152
Guide Tree 15/16
#NNI moves:2/152
Remaining: 1
#NNI moves:20/152
#NNI moves:20/152
(((((((((((((37,(77,46)),72),90),((((94,43),(55,61)),67),(26,(25,60)))),((35,48),(82,22))),6),(69,18)),((((62,75),((41,14),63)),42),(81,(65,56)))),(((((4,40),84),((66,47),45)),(30,12)),((31,(92,83)),1))),(((((((((44,((19,87),9)),(54,(16,64))),(68,74)),(((7,79),17),58)),(((88,3),13),(29,71))),((50,51),28)),((((38,89),93),(76,20)),(((80,(33,52)),32),(53,23)))),((11,49),((21,39),(((5,57),8),59)))),(((97,100),(98,(96,99))),78))),(((85,15),73),((((27,34),86),(2,95)),((36,70),10)))),24),91);
Guide Tree 0/16
#NNI moves:0/152
Guide Tree 1/16
#NNI moves:0/152
Guide Tree 2/16
#NNI moves:0/152
Guide Tree 3/16
#NNI moves:0/152
Guide Tree 4/16
#NNI moves:0/152
Guide Tree 5/16
#NNI moves:0/152
Guide Tree 6/16
#NNI moves:0/152
Guide Tree 7/16
#NNI moves:0/152
Guide Tree 8/16
#NNI moves:0/152
Guide Tree 9/16
#NNI moves:0/152
Guide Tree 10/16
#NNI moves:0/152
Guide Tree 11/16
#NNI moves:0/152
Guide Tree 12/16
#NNI moves:0/152
Guide Tree 13/16
#NNI moves:0/152
Guide Tree 14/16
#NNI moves:0/152
Guide Tree 15/16
#NNI moves:0/152
Remaining: 0
#NNI moves:20/152
#NNI moves:26/152
((((((((((((((61,55),(43,94)),67),(25,60)),((90,(72,((46,77),37))),26)),((22,82),(48,35))),6),(69,18)),(((((14,41),63),(75,62)),42),((65,56),81))),(((31,(92,83)),1),((((66,47),45),((4,40),84)),(12,30)))),((((((((((44,(9,(19,87))),(54,(16,64))),(68,74)),((17,(7,79)),58)),(((3,88),13),(29,71))),((51,50),28)),(((32,((33,52),80)),(23,53)),((76,20),((89,38),93)))),78),(((((57,5),8),59),(21,39)),(49,11))),((99,(96,98)),(97,100)))),((((95,2),((27,34),86)),(10,(70,36))),((85,15),73))),24),91);
Guide Tree 0/16
#NNI moves:0/152
Guide Tree 1/16
#NNI moves:0/152
Guide Tree 2/16
#NNI moves:6/152
Guide Tree 3/16
#NNI moves:12/152
Guide Tree 4/16
#NNI moves:0/152
Guide Tree 5/16
#NNI moves:2/152
Guide Tree 6/16
#NNI moves:0/152
Guide Tree 7/16
#NNI moves:0/152
Guide Tree 8/16
#NNI moves:4/152
Guide Tree 9/16
#NNI moves:6/152
Guide Tree 10/16
#NNI moves:2/152
Guide Tree 11/16
#NNI moves:2/152
Guide Tree 12/16
#NNI moves:2/152
Guide Tree 13/16
#NNI moves:0/152
Guide Tree 14/16
#NNI moves:6/152
Guide Tree 15/16
#NNI moves:0/152
Remaining: 0
#NNI moves:26/152
#NNI moves:28/152
((((((((((((((79,7),17),58),((74,68),((((87,19),9),44),(54,(64,16))))),(((88,3),13),(71,29))),(28,(51,50))),(((76,20),((38,89),93)),((((52,33),80),32),(23,53)))),78),(((((5,57),8),59),(21,39)),(49,11))),((99,(98,96)),(100,97))),((((((66,47),45),(84,(4,40))),(30,12)),(((83,92),31),1)),(((((63,(41,14)),(75,62)),42),((56,65),81)),((6,((((((61,55),(43,94)),67),(26,(60,25))),((72,(37,(46,77))),90)),((35,48),(82,22)))),(18,69))))),((73,(15,85)),(((95,2),((34,27),86)),(10,(36,70))))),24),91);
Guide Tree 0/16
#NNI moves:0/152
Guide Tree 1/16
#NNI moves:0/152
Guide Tree 2/16
#NNI moves:2/152
Guide Tree 3/16
#NNI moves:0/152
Guide Tree 4/16
#NNI moves:0/152
Guide Tree 5/16
#NNI moves:0/152
Guide Tree 6/16
#NNI moves:0/152
Guide Tree 7/16
#NNI moves:0/152
Guide Tree 8/16
#NNI moves:2/152
Guide Tree 9/16
#NNI moves:0/152
Guide Tree 10/16
#NNI moves:2/152
Guide Tree 11/16
#NNI moves:0/152
Guide Tree 12/16
#NNI moves:0/152
Guide Tree 13/16
#NNI moves:2/152
Guide Tree 14/16
#NNI moves:0/152
Guide Tree 15/16
#NNI moves:12/152
Remaining: 2
#NNI moves:18/152
#NNI moves:24/152
((((((((((((((46,77),37),72),90),(((60,25),26),(((61,55),(94,43)),67))),((35,48),(82,22))),6),(69,18)),((((75,62),((14,41),63)),42),((65,56),81))),(((((47,66),45),((4,40),84)),(30,12)),(((92,83),31),1))),(((((((5,57),8),59),(21,39)),(49,11)),((((((74,68),(((9,(19,87)),44),((16,64),54))),(58,((7,79),17))),((71,29),((88,3),13))),(28,(50,51))),(((32,((33,52),80)),(23,53)),(((38,89),93),(76,20))))),(((100,97),(98,(99,96))),78))),(((((27,34),86),(2,95)),(10,(70,36))),((15,85),73))),24),91);
Initial score: 5.74207e+08
Initial tree: ((((((((((((((46,77),37),72),90),(((60,25),26),(((61,55),(94,43)),67))),((35,48),(82,22))),6),(69,18)),((((75,62),((14,41),63)),42),((65,56),81))),(((((47,66),45),((4,40),84)),(30,12)),(((92,83),31),1))),(((((((5,57),8),59),(21,39)),(49,11)),((((((74,68),(((9,(19,87)),44),((16,64),54))),(58,((7,79),17))),((71,29),((88,3),13))),(28,(50,51))),(((32,((33,52),80)),(23,53)),(((38,89),93),(76,20))))),(((100,97),(98,(99,96))),78))),(((((27,34),86),(2,95)),(10,(70,36))),((15,85),73))),24),91);
*** Subsample Process ***
Use two-step algorithm!
#NNI moves:0/152
Remaining: 2
#NNI moves:42/152
#NNI moves:58/152
((((((((((((((((((((64,16),54),(44,(9,(19,87)))),(74,68)),(((79,7),17),58)),(((88,3),13),(29,71))),((50,51),28)),((((89,38),93),(20,76)),((((33,52),80),32),(23,53)))),78),(((((5,57),8),59),(39,21)),(49,11))),((100,97),(98,(99,96)))),(((((36,70),10),(((27,34),86),(2,95))),((15,85),73)),(24,91))),(((31,(92,83)),1),((((47,66),45),(84,(40,4))),(30,12)))),((((63,(41,14)),(75,62)),42),((65,56),81))),(69,18)),6),((35,48),(82,22))),((67,((43,94),(61,55))),(60,25))),((((46,77),37),72),90)),26);
#NNI moves:2/152
Remaining: 0
#NNI moves:20/152
#NNI moves:20/152
((((((((((((((16,64),54),(((87,19),9),44)),(68,74)),(((7,79),17),58)),((71,29),((3,88),13))),((50,51),28)),(((20,76),(93,(89,38))),((23,53),((80,(33,52)),32)))),((((8,(5,57)),59),(39,21)),(11,49))),(((97,100),(98,(99,96))),78)),((((((((60,25),(67,((61,55),(94,43)))),(26,(90,(((77,46),37),72)))),((48,35),(22,82))),6),(18,69)),((((63,(14,41)),(75,62)),42),(81,(56,65)))),(((((66,47),45),(84,(40,4))),(30,12)),(((83,92),31),1)))),(((10,(36,70)),(((34,27),86),(95,2))),(73,(85,15)))),91),24);
#NNI moves:2/152
Remaining: 2
#NNI moves:40/152
#NNI moves:40/152
(((((((((((((((((((90,(((77,46),37),72)),26),((((55,61),(43,94)),67),(60,25))),((82,22),(35,48))),6),(69,18)),((((62,75),((41,14),63)),42),(81,(56,65)))),(((((47,66),45),((40,4),84)),(12,30)),((31,(83,92)),1))),((((85,15),73),(((70,36),10),((2,95),((27,34),86)))),(91,24))),(((100,97),(98,(99,96))),78)),((49,11),((59,((57,5),8)),(21,39)))),((((89,38),93),(76,20)),((((33,52),80),32),(53,23)))),((51,50),28)),((13,(3,88)),(29,71))),(((7,79),17),58)),(68,74)),((16,64),54)),((19,87),9)),44);
#NNI moves:0/152
Remaining: 0
#NNI moves:48/152
#NNI moves:56/152
(((((((((((((22,82),(35,48)),(((25,60),(67,((94,43),(55,61)))),(((((46,77),37),72),90),26))),6),(69,18)),(((((41,14),63),(62,75)),42),(81,(65,56)))),(((31,(92,83)),1),(((84,(40,4)),(45,(47,66))),(30,12)))),((((49,11),((21,39),(((5,57),8),59))),(((((((74,68),((((87,19),9),44),(54,(16,64)))),(((79,7),17),58)),(((88,3),13),(71,29))),(28,(50,51))),(((((52,33),80),32),(23,53)),((93,(89,38)),(20,76)))),78)),((100,97),(98,(96,99))))),(24,91)),((10,(36,70)),((86,(34,27)),(95,2)))),73),15),85);
Current score: 5.74207e+08
Current tree: ((24,(((((((((22,82),(35,48)),(((((46,77),37),72),90),(((25,60),26),(67,((94,43),(55,61)))))),6),(69,18)),(((((41,14),63),(62,75)),42),(81,(65,56)))),(((31,(92,83)),1),(((84,(40,4)),(45,(47,66))),(30,12)))),((((100,97),(98,(96,99))),78),(((49,11),((21,39),(((5,57),8),59))),((((((74,68),((((87,19),9),44),(54,(16,64)))),(((79,7),17),58)),(((88,3),13),(71,29))),(28,(50,51))),(((((52,33),80),32),(23,53)),((93,(89,38)),(20,76))))))),(((10,(36,70)),((86,(34,27)),(95,2))),(73,(15,85))))),91);
Final Tree: ((24,(((((((((22,82),(35,48)),(((((46,77),37),72),90),(((25,60),26),(67,((94,43),(55,61)))))),6),(69,18)),(((((41,14),63),(62,75)),42),(81,(65,56)))),(((31,(92,83)),1),(((84,(40,4)),(45,(47,66))),(30,12)))),((((100,97),(98,(96,99))),78),(((49,11),((21,39),(((5,57),8),59))),((((((74,68),((((87,19),9),44),(54,(16,64)))),(((79,7),17),58)),(((88,3),13),(71,29))),(28,(50,51))),(((((52,33),80),32),(23,53)),((93,(89,38)),(20,76))))))),(((10,(36,70)),((86,(34,27)),(95,2))),(73,(15,85))))),91);
#EqQuartets: 867446597
Score: 574206940
ASTRAL for PaRalogs and Orthologs III (ASTRAL-Pro3)
*** NOW with integrated CASTLES-Pro ***
Version: v1.22.3.6
Read 512 genetrees and found 100 species.
#Genetrees: 1000
#Duploss: 23440
#Species: 100
#Rounds: 4
#Samples: 4
#Threads: 1
Use two-step algorithm!
Guide Tree 0/16
#NNI moves:0/152
Guide Tree 1/16
#NNI moves:0/152
Guide Tree 2/16
#NNI moves:0/152
Guide Tree 3/16
#NNI moves:0/152
Guide Tree 4/16
#NNI moves:0/152
Guide Tree 5/16
#NNI moves:0/152
Guide Tree 6/16
#NNI moves:0/152
Guide Tree 7/16
#NNI moves:0/152
Guide Tree 8/16
#NNI moves:0/152
Guide Tree 9/16
#NNI moves:0/152
Guide Tree 10/16
#NNI moves:0/152
Guide Tree 11/16
#NNI moves:0/152
Guide Tree 12/16
#NNI moves:0/152
Guide Tree 13/16
#NNI moves:0/152
Guide Tree 14/16
#NNI moves:0/152
Guide Tree 15/16
#NNI moves:0/152
Remaining: 0
#NNI moves:4/152
#NNI moves:4/152
(((((((((((((((7,32),33),(12,22)),((((19,3),(27,20)),(((15,11),2),5)),24)),((((1,4),30),((16,25),18)),9)),(6,14)),(((((29,28),(10,17)),8),((23,(13,31)),21)),26)),(((((((((79,66),81),65),89),(36,57)),((38,70),(39,37))),(94,(40,((59,(64,98)),(48,60))))),((75,(87,61)),(((69,34),46),(93,68)))),((((51,96),(84,85)),58),100))),(((80,45),35),97)),(((((((47,(78,91)),53),50),67),41),(74,82)),(((71,52),73),((72,86),90)))),(((62,(((92,56),((99,(44,77)),49)),42)),(83,55)),43)),(76,95)),63),54),88);
Guide Tree 0/16
#NNI moves:0/152
Guide Tree 1/16
#NNI moves:0/152
Guide Tree 2/16
#NNI moves:0/152
Guide Tree 3/16
#NNI moves:0/152
Guide Tree 4/16
#NNI moves:0/152
Guide Tree 5/16
#NNI moves:0/152
Guide Tree 6/16
#NNI moves:0/152
Guide Tree 7/16
#NNI moves:0/152
Guide Tree 8/16
#NNI moves:0/152
Guide Tree 9/16
#NNI moves:0/152
Guide Tree 10/16
#NNI moves:0/152
Guide Tree 11/16
#NNI moves:0/152
Guide Tree 12/16
#NNI moves:0/152
Guide Tree 13/16
#NNI moves:0/152
Guide Tree 14/16
#NNI moves:0/152
Guide Tree 15/16
#NNI moves:0/152
Remaining: 0
#NNI moves:0/152
#NNI moves:0/152
((((((((((((((((20,27),(3,19)),(((15,11),2),5)),24),((22,12),((7,32),33))),((((1,4),30),(18,(25,16))),9)),(6,14)),(((((13,31),23),21),(((28,29),(10,17)),8)),26)),(((((((((79,66),81),65),89),(57,36)),((70,38),(39,37))),(((((98,64),59),(60,48)),40),94)),((75,(87,61)),((93,68),(46,(69,34))))),((((85,84),(96,51)),58),100))),(((45,80),35),97)),((((((((91,78),47),53),50),67),41),(82,74)),(((72,86),90),(73,(71,52))))),((((((((44,77),99),49),(92,56)),42),62),(55,83)),43)),(76,95)),63),54),88);
Guide Tree 0/16
#NNI moves:0/152
Guide Tree 1/16
#NNI moves:0/152
Guide Tree 2/16
#NNI moves:0/152
Guide Tree 3/16
#NNI moves:0/152
Guide Tree 4/16
#NNI moves:0/152
Guide Tree 5/16
#NNI moves:0/152
Guide Tree 6/16
#NNI moves:0/152
Guide Tree 7/16
#NNI moves:0/152
Guide Tree 8/16
#NNI moves:0/152
Guide Tree 9/16
#NNI moves:0/152
Guide Tree 10/16
#NNI moves:0/152
Guide Tree 11/16
#NNI moves:0/152
Guide Tree 12/16
#NNI moves:0/152
Guide Tree 13/16
#NNI moves:0/152
Guide Tree 14/16
#NNI moves:0/152
Guide Tree 15/16
#NNI moves:0/152
Remaining: 0
#NNI moves:8/152
#NNI moves:14/152
((((((((((((((36,57),((((66,79),81),65),89)),((38,70),(37,39))),((((48,60),((98,64),59)),40),94)),(((61,87),75),(((34,69),46),(93,68)))),(100,(((51,96),(85,84)),58))),(((((((((15,11),2),5),((20,27),(19,3))),24),(((7,32),33),(12,22))),(9,(((1,4),30),((16,25),18)))),(14,6)),(((((31,13),23),21),(((29,28),(10,17)),8)),26))),((35,(45,80)),97)),((((72,86),90),((71,52),73)),((((50,(((91,78),47),53)),67),41),(82,74)))),((((((((44,77),99),49),(56,92)),42),62),(83,55)),43)),(76,95)),63),54),88);
Guide Tree 0/16
#NNI moves:0/152
Guide Tree 1/16
#NNI moves:0/152
Guide Tree 2/16
#NNI moves:0/152
Guide Tree 3/16
#NNI moves:0/152
Guide Tree 4/16
#NNI moves:0/152
Guide Tree 5/16
#NNI moves:0/152
Guide Tree 6/16
#NNI moves:0/152
Guide Tree 7/16
#NNI moves:0/152
Guide Tree 8/16
#NNI moves:0/152
Guide Tree 9/16
#NNI moves:0/152
Guide Tree 10/16
#NNI moves:0/152
Guide Tree 11/16
#NNI moves:0/152
Guide Tree 12/16
#NNI moves:0/152
Guide Tree 13/16
#NNI moves:0/152
Guide Tree 14/16
#NNI moves:0/152
Guide Tree 15/16
#NNI moves:0/152
Remaining: 0
#NNI moves:2/152
#NNI moves:2/152
(((((((((((((((25,16),18),(30,(1,4))),9),((((((11,15),2),5),((19,3),(27,20))),24),((22,12),((7,32),33)))),(6,14)),(((((13,31),23),21),(((29,28),(17,10)),8)),26)),(((((((59,(98,64)),(60,48)),40),94),(((57,36),(((81,(79,66)),65),89)),((70,38),(39,37)))),(((46,(69,34)),(93,68)),(75,(61,87)))),((((96,51),(85,84)),58),100))),((35,(80,45)),97)),(((41,((50,(53,((78,91),47))),67)),(74,82)),((90,(72,86)),(73,(71,52))))),(((((((99,(44,77)),49),(56,92)),42),62),(55,83)),43)),(95,76)),63),54),88);
Initial score: 6.33533e+08
Initial tree: (((((((((((((((25,16),18),(30,(1,4))),9),((((((11,15),2),5),((19,3),(27,20))),24),((22,12),((7,32),33)))),(6,14)),(((((13,31),23),21),(((29,28),(17,10)),8)),26)),(((((((59,(98,64)),(60,48)),40),94),(((57,36),(((81,(79,66)),65),89)),((70,38),(39,37)))),(((46,(69,34)),(93,68)),(75,(61,87)))),((((96,51),(85,84)),58),100))),((35,(80,45)),97)),(((41,((50,(53,((78,91),47))),67)),(74,82)),((90,(72,86)),(73,(71,52))))),(((((((99,(44,77)),49),(56,92)),42),62),(55,83)),43)),(95,76)),63),54),88);
*** Subsample Process ***
Use two-step algorithm!
#NNI moves:0/152
Remaining: 0
#NNI moves:6/152
#NNI moves:6/152
((((((((((((((((((79,66),81),65),89),(36,57)),((37,39),(70,38))),((((59,(98,64)),(48,60)),40),94)),(((61,87),75),((46,(69,34)),(93,68)))),((((84,85),(51,96)),58),100)),(((((((50,(((91,78),47),53)),67),41),(82,74)),(((52,71),73),(90,(86,72)))),((((62,(((56,92),(49,(99,(44,77)))),42)),(55,83)),43),(((54,88),63),(76,95)))),(((80,45),35),97))),((((23,(31,13)),21),(((29,28),(17,10)),8)),26)),(6,14)),((((((11,15),2),5),((27,20),(19,3))),24),((12,22),((32,7),33)))),9),((4,1),30)),18),25),16);
#NNI moves:0/152
Remaining: 0
#NNI moves:0/152
#NNI moves:0/152
(((((((((((((((((15,11),2),5),((27,20),(19,3))),24),((22,12),(33,(32,7)))),((((25,16),18),((1,4),30)),9)),(6,14)),(((((17,10),(29,28)),8),(21,(23,(31,13)))),26)),((((((34,69),46),(68,93)),((61,87),75)),((((57,36),((((66,79),81),65),89)),((38,70),(37,39))),(((((64,98),59),(48,60)),40),94))),((((51,96),(84,85)),58),100))),(((80,45),35),97)),(((((((47,(78,91)),53),50),67),41),(82,74)),((73,(71,52)),((86,72),90)))),((((((92,56),(((44,77),99),49)),42),62),(83,55)),43)),(95,76)),63),88),54);
#NNI moves:0/152
Remaining: 0
#NNI moves:0/152
#NNI moves:0/152
((((((((((((((((61,87),75),((93,68),((69,34),46))),((((((64,98),59),(48,60)),40),94),((((((79,66),81),65),89),(57,36)),((38,70),(39,37))))),((((96,51),(84,85)),58),100)),((((((((53,((78,91),47)),50),67),41),(82,74)),((90,(72,86)),(73,(52,71)))),(((((((49,((44,77),99)),(92,56)),42),62),(55,83)),43),((95,76),((88,54),63)))),(97,((45,80),35)))),(26,((21,(23,(31,13))),(((17,10),(29,28)),8)))),(6,14)),((((16,25),18),((1,4),30)),9)),((33,(32,7)),(22,12))),24),((19,3),(27,20))),5),2),15),11);
#NNI moves:0/152
Remaining: 0
#NNI moves:4/152
#NNI moves:14/152
((((((((((((((((((((((79,66),81),65),89),(57,36)),((70,38),(37,39))),((40,(((98,64),59),(48,60))),94)),((((34,69),46),(93,68)),((87,61),75))),((((51,96),(85,84)),58),100)),(((((((16,25),18),(30,(4,1))),9),(((((2,(11,15)),5),((19,3),(20,27))),24),((12,22),((32,7),33)))),(14,6)),(((8,((29,28),(17,10))),((23,(13,31)),21)),26))),((35,(80,45)),97)),(((90,(72,86)),(73,(71,52))),((((50,(53,(47,(91,78)))),67),41),(74,82)))),((76,95),(63,(54,88)))),43),(83,55)),62),42),(56,92)),49),99),44),77);
Current score: 6.33533e+08
Current tree: ((54,(63,((76,95),(((((((((((((79,66),81),65),89),(57,36)),((70,38),(37,39))),((40,(((98,64),59),(48,60))),94)),((((34,69),46),(93,68)),((87,61),75))),((((51,96),(85,84)),58),100)),(((((((16,25),18),(30,(4,1))),9),(((((2,(11,15)),5),((19,3),(20,27))),24),((12,22),((32,7),33)))),(14,6)),(((8,((29,28),(17,10))),((23,(13,31)),21)),26))),((35,(80,45)),97)),(((90,(72,86)),(73,(71,52))),((((50,(53,(47,(91,78)))),67),41),(74,82)))),(43,((83,55),(62,(42,((56,92),(49,(99,(44,77)))))))))))),88);
Final Tree: ((54,(63,((76,95),(((((((((((((79,66),81),65),89),(57,36)),((70,38),(37,39))),((40,(((98,64),59),(48,60))),94)),((((34,69),46),(93,68)),((87,61),75))),((((51,96),(85,84)),58),100)),(((((((16,25),18),(30,(4,1))),9),(((((2,(11,15)),5),((19,3),(20,27))),24),((12,22),((32,7),33)))),(14,6)),(((8,((29,28),(17,10))),((23,(13,31)),21)),26))),((35,(80,45)),97)),(((90,(72,86)),(73,(71,52))),((((50,(53,(47,(91,78)))),67),41),(74,82)))),(43,((83,55),(62,(42,((56,92),(49,(99,(44,77)))))))))))),88);
#EqQuartets: 898370565
Score: 633532711
ASTRAL for PaRalogs and Orthologs III (ASTRAL-Pro3)
*** NOW with integrated CASTLES-Pro ***
Version: v1.22.3.6
Read 512 genetrees and found 100 species.
#Genetrees: 999
#Duploss: 25518
#Species: 100
#Rounds: 4
#Samples: 4
#Threads: 1
Use two-step algorithm!
Guide Tree 0/16
#NNI moves:0/152
Guide Tree 1/16
#NNI moves:8/152
Guide Tree 2/16
#NNI moves:4/152
Guide Tree 3/16
#NNI moves:8/152
Guide Tree 4/16
#NNI moves:4/152
Guide Tree 5/16
#NNI moves:8/152
Guide Tree 6/16
#NNI moves:0/152
Guide Tree 7/16
#NNI moves:4/152
Guide Tree 8/16
#NNI moves:8/152
Guide Tree 9/16
#NNI moves:0/152
Guide Tree 10/16
#NNI moves:10/152
Guide Tree 11/16
#NNI moves:0/152
Guide Tree 12/16
#NNI moves:4/152
Guide Tree 13/16
#NNI moves:0/152
Guide Tree 14/16
#NNI moves:0/152
Guide Tree 15/16
#NNI moves:8/152
Remaining: 0
#NNI moves:22/152
#NNI moves:22/152
(((((((((((((((45,96),26),89),(((35,53),77),(10,33))),79),(92,88)),(((18,21),(62,54)),(((17,71),98),(40,34)))),(46,((50,52),12))),((((((25,39),(((82,(15,84)),100),81)),((93,43),(41,59))),16),(((31,90),(97,9)),(95,19))),((65,55),80))),(28,23)),((((((63,66),((((67,69),36),(57,76)),29)),(30,47)),(48,73)),(((((70,42),87),(91,75)),44),((((58,32),((38,8),13)),(49,78)),7))),((((1,6),(2,(5,3))),4),((61,14),((74,99),((24,68),37)))))),(83,51)),((((60,94),20),((27,64),86)),(85,(72,56)))),11),22);
Guide Tree 0/16
#NNI moves:6/152
Guide Tree 1/16
#NNI moves:0/152
Guide Tree 2/16
#NNI moves:2/152
Guide Tree 3/16
#NNI moves:2/152
Guide Tree 4/16
#NNI moves:6/152
Guide Tree 5/16
#NNI moves:2/152
Guide Tree 6/16
#NNI moves:2/152
Guide Tree 7/16
#NNI moves:2/152
Guide Tree 8/16
#NNI moves:6/152
Guide Tree 9/16
#NNI moves:0/152
Guide Tree 10/16
#NNI moves:0/152
Guide Tree 11/16
#NNI moves:6/152
Guide Tree 12/16
#NNI moves:8/152
Guide Tree 13/16
#NNI moves:0/152
Guide Tree 14/16
#NNI moves:2/152
Guide Tree 15/16
#NNI moves:6/152
Remaining: 2
#NNI moves:14/152
#NNI moves:16/152
(((((((((((52,50),12),46),((((40,34),((71,17),98)),((54,62),(21,18))),((92,88),(((((35,53),77),(33,10)),((26,(45,96)),89)),79)))),(((((9,97),(90,31)),(19,95)),(16,(((25,39),((((15,84),82),100),81)),((59,41),(43,93))))),((65,55),80))),(23,28)),(((((((13,(8,38)),(58,32)),(78,49)),7),((((42,70),87),(91,75)),44)),(((30,47),((((76,57),(36,(69,67))),29),(66,63))),(73,48))),((((1,6),((5,3),2)),4),((61,14),((99,74),(37,(68,24))))))),(83,51)),((85,(72,56)),(((94,60),20),((64,27),86)))),11),22);
Guide Tree 0/16
#NNI moves:0/152
Guide Tree 1/16
#NNI moves:0/152
Guide Tree 2/16
#NNI moves:2/152
Guide Tree 3/16
#NNI moves:0/152
Guide Tree 4/16
#NNI moves:2/152
Guide Tree 5/16
#NNI moves:0/152
Guide Tree 6/16
#NNI moves:0/152
Guide Tree 7/16
#NNI moves:0/152
Guide Tree 8/16
#NNI moves:2/152
Guide Tree 9/16
#NNI moves:6/152
Guide Tree 10/16
#NNI moves:6/152
Guide Tree 11/16
#NNI moves:6/152
Guide Tree 12/16
#NNI moves:2/152
Guide Tree 13/16
#NNI moves:0/152
Guide Tree 14/16
#NNI moves:2/152
Guide Tree 15/16
#NNI moves:0/152
Remaining: 0
#NNI moves:12/152
#NNI moves:24/152
((((((((((30,47),((29,(((67,69),36),(76,57))),(63,66))),(73,48)),((((75,91),((42,70),87)),44),(((((8,38),13),(32,58)),(78,49)),7))),(((((24,68),37),(74,99)),(61,14)),((((3,5),2),(1,6)),4))),(((((((97,9),(31,90)),(19,95)),((((25,39),(81,(((84,15),82),100))),((41,59),(43,93))),16)),(80,(55,65))),((((50,52),12),46),(((((((45,96),26),89),(((53,35),77),(10,33))),79),(92,88)),(((40,34),((17,71),98)),((54,62),(21,18)))))),(28,23))),(51,83)),((((60,94),20),(86,(27,64))),((72,56),85))),11),22);
Guide Tree 0/16
#NNI moves:2/152
Guide Tree 1/16
#NNI moves:0/152
Guide Tree 2/16
#NNI moves:0/152
Guide Tree 3/16
#NNI moves:2/152
Guide Tree 4/16
#NNI moves:0/152
Guide Tree 5/16
#NNI moves:8/152
Guide Tree 6/16
#NNI moves:0/152
Guide Tree 7/16
#NNI moves:2/152
Guide Tree 8/16
#NNI moves:0/152
Guide Tree 9/16
#NNI moves:2/152
Guide Tree 10/16
#NNI moves:2/152
Guide Tree 11/16
#NNI moves:2/152
Guide Tree 12/16
#NNI moves:2/152
Guide Tree 13/16
#NNI moves:2/152
Guide Tree 14/16
#NNI moves:6/152
Guide Tree 15/16
#NNI moves:8/152
Remaining: 0
#NNI moves:24/152
#NNI moves:24/152
(((((((((((((39,25),(81,((82,(15,84)),100))),((43,93),(59,41))),16),((95,19),((97,9),(90,31)))),((55,65),80)),(((((((77,(35,53)),(10,33)),(((45,96),26),89)),79),(88,92)),(((62,54),(18,21)),(((17,71),98),(34,40)))),((12,(52,50)),46))),(28,23)),(((((47,30),((63,66),(((57,76),((69,67),36)),29))),(73,48)),((((78,49),((13,(38,8)),(32,58))),7),(((75,91),(87,(70,42))),44))),(((14,61),((99,74),((24,68),37))),(((6,1),((5,3),2)),4)))),(83,51)),((((60,94),20),((27,64),86)),((56,72),85))),11),22);
Initial score: 5.27417e+08
Initial tree: (((((((((((((39,25),(81,((82,(15,84)),100))),((43,93),(59,41))),16),((95,19),((97,9),(90,31)))),((55,65),80)),(((((((77,(35,53)),(10,33)),(((45,96),26),89)),79),(88,92)),(((62,54),(18,21)),(((17,71),98),(34,40)))),((12,(52,50)),46))),(28,23)),(((((47,30),((63,66),(((57,76),((69,67),36)),29))),(73,48)),((((78,49),((13,(38,8)),(32,58))),7),(((75,91),(87,(70,42))),44))),(((14,61),((99,74),((24,68),37))),(((6,1),((5,3),2)),4)))),(83,51)),((((60,94),20),((27,64),86)),((56,72),85))),11),22);
*** Subsample Process ***
Use two-step algorithm!
#NNI moves:0/152
Remaining: 3
#NNI moves:20/152
#NNI moves:20/152
((((((((((((((((((63,66),(29,((57,76),((67,69),36)))),(47,30)),(73,48)),(((((58,32),((38,8),13)),(78,49)),7),((((42,70),87),(91,75)),44))),((((1,6),((5,3),2)),4),((((68,24),37),(74,99)),(14,61)))),((((((27,64),86),((94,60),20)),((72,56),85)),(11,22)),(83,51))),(28,23)),(((((62,54),(21,18)),(((17,71),98),(34,40))),((88,92),(((((45,96),26),89),(((53,35),77),(10,33))),79))),((12,(50,52)),46))),(80,(65,55))),(((90,31),(97,9)),(19,95))),16),((93,43),(59,41))),(39,25)),81),100),(15,84)),82);
#NNI moves:0/152
Remaining: 0
#NNI moves:6/152
#NNI moves:6/152
((((((((((((((((17,71),98),(34,40)),((18,21),(62,54))),((92,88),(((89,(26,(96,45))),(((53,35),77),(10,33))),79))),(46,(12,(50,52)))),(((((31,90),(9,97)),(19,95)),((((93,43),(41,59)),(((100,(82,(84,15))),81),(25,39))),16)),((65,55),80))),(28,23)),(((((((((67,69),36),(76,57)),29),(66,63)),(30,47)),(73,48)),((((78,49),((58,32),((8,38),13))),7),((((42,70),87),(91,75)),44))),((((99,74),((24,68),37)),(14,61)),((((3,5),2),(6,1)),4)))),(83,51)),(11,22)),((72,56),85)),(20,(94,60))),86),64),27);
#NNI moves:6/152
Remaining: 0
#NNI moves:16/152
#NNI moves:16/152
(((((((((((((((((((67,69),36),(76,57)),29),(63,66)),(47,30)),(48,73)),((((((38,8),13),(58,32)),(78,49)),7),(((87,(70,42)),(91,75)),44))),(((61,14),((37,(24,68)),(99,74))),(((1,6),((3,5),2)),4))),((((((60,94),20),((64,27),86)),((72,56),85)),(22,11)),(83,51))),(28,23)),((((((25,39),(((82,(84,15)),100),81)),((41,59),(43,93))),16),(((97,9),(31,90)),(19,95))),((55,65),80))),(46,(12,(50,52)))),(((((26,(96,45)),89),(((53,35),77),(33,10))),79),(88,92))),((62,54),(18,21))),(34,40)),98),71),17);
#NNI moves:2/152
Remaining: 1
#NNI moves:12/152
#NNI moves:16/152
(((((((((((((((((82,(15,84)),100),81),(25,39)),((59,41),(43,93))),16),(((31,90),(97,9)),(95,19))),(80,(65,55))),((((((((45,96),26),89),((77,(53,35)),(10,33))),79),(92,88)),(((34,40),((71,17),98)),((62,54),(18,21)))),(((50,52),12),46))),(23,28)),(((((1,6),(2,(5,3))),4),(((99,74),((68,24),37)),(14,61))),(((((63,66),(((36,(67,69)),(57,76)),29)),(47,30)),(48,73)),(((((32,58),((38,8),13)),(49,78)),7),((((70,42),87),(91,75)),44))))),(51,83)),(11,22)),(((60,94),20),((64,27),86))),85),72),56);
Current score: 5.27417e+08
Current tree: ((11,(((((((((((((82,(15,84)),100),81),(25,39)),((59,41),(43,93))),16),(((31,90),(97,9)),(95,19))),(80,(65,55))),((((((((45,96),26),89),((77,(53,35)),(10,33))),79),(92,88)),(((34,40),((71,17),98)),((62,54),(18,21)))),(((50,52),12),46))),(23,28)),(((((1,6),(2,(5,3))),4),(((99,74),((68,24),37)),(14,61))),(((((63,66),(((36,(67,69)),(57,76)),29)),(47,30)),(48,73)),(((((32,58),((38,8),13)),(49,78)),7),((((70,42),87),(91,75)),44))))),(51,83)),((((60,94),20),((64,27),86)),(85,(72,56))))),22);
Final Tree: ((11,(((((((((((((82,(15,84)),100),81),(25,39)),((59,41),(43,93))),16),(((31,90),(97,9)),(95,19))),(80,(65,55))),((((((((45,96),26),89),((77,(53,35)),(10,33))),79),(92,88)),(((34,40),((71,17),98)),((62,54),(18,21)))),(((50,52),12),46))),(23,28)),(((((1,6),(2,(5,3))),4),(((99,74),((68,24),37)),(14,61))),(((((63,66),(((36,(67,69)),(57,76)),29)),(47,30)),(48,73)),(((((32,58),((38,8),13)),(49,78)),7),((((70,42),87),(91,75)),44))))),(51,83)),((((60,94),20),((64,27),86)),(85,(72,56))))),22);
#EqQuartets: 813324922
Score: 527417346
ASTRAL for PaRalogs and Orthologs III (ASTRAL-Pro3)
*** NOW with integrated CASTLES-Pro ***
Version: v1.22.3.6
Read 512 genetrees and found 100 species.
#Genetrees: 998
#Duploss: 28052
#Species: 100
#Rounds: 4
#Samples: 4
#Threads: 1
Use two-step algorithm!
Guide Tree 0/16
#NNI moves:6/152
Guide Tree 1/16
#NNI moves:6/152
Guide Tree 2/16
#NNI moves:6/152
Guide Tree 3/16
#NNI moves:0/152
Guide Tree 4/16
#NNI moves:4/152
Guide Tree 5/16
#NNI moves:2/152
Guide Tree 6/16
#NNI moves:0/152
Guide Tree 7/16
#NNI moves:6/152
Guide Tree 8/16
#NNI moves:6/152
Guide Tree 9/16
#NNI moves:8/152
Guide Tree 10/16
#NNI moves:0/152
Guide Tree 11/16
#NNI moves:0/152
Guide Tree 12/16
#NNI moves:2/152
Guide Tree 13/16
#NNI moves:0/152
Guide Tree 14/16
#NNI moves:6/152
Guide Tree 15/16
#NNI moves:0/152
Remaining: 2
#NNI moves:12/152
#NNI moves:18/152
(((((((((((((((48,25),(17,10)),88),(((62,(97,70)),((45,93),60)),(77,89))),(((((15,92),24),((44,75),9)),37),(58,8))),(((72,(85,71)),87),((32,2),86))),(((33,49),((((4,78),67),61),57)),(((((19,35),18),(90,51)),(42,(14,20))),(47,66)))),((((((91,13),(11,(38,22))),64),98),((5,((94,54),56)),41)),((100,46),81))),(1,((((12,50),65),((((52,28),96),68),53)),((((76,36),(43,31)),(80,((84,(73,74)),(82,7)))),39)))),(59,40)),(79,69)),((((21,26),83),((6,55),34)),95)),((63,(99,29)),(30,(27,16)))),3),23);
Guide Tree 0/16
#NNI moves:2/152
Guide Tree 1/16
#NNI moves:0/152
Guide Tree 2/16
#NNI moves:2/152
Guide Tree 3/16
#NNI moves:2/152
Guide Tree 4/16
#NNI moves:0/152
Guide Tree 5/16
#NNI moves:2/152
Guide Tree 6/16
#NNI moves:2/152
Guide Tree 7/16
#NNI moves:4/152
Guide Tree 8/16
#NNI moves:6/152
Guide Tree 9/16
#NNI moves:2/152
Guide Tree 10/16
#NNI moves:0/152
Guide Tree 11/16
#NNI moves:6/152
Guide Tree 12/16
#NNI moves:2/152
Guide Tree 13/16
#NNI moves:6/152
Guide Tree 14/16
#NNI moves:2/152
Guide Tree 15/16
#NNI moves:4/152
Remaining: 0
#NNI moves:28/152
#NNI moves:32/152
(((((((((((((((24,(92,15)),((75,44),9)),37),(8,58)),(((62,(97,70)),(89,77)),((((10,17),(48,25)),88),(60,(45,93))))),((87,((71,85),72)),((2,32),86))),(((33,49),((((78,4),67),61),57)),((((20,14),42),((18,(35,19)),(51,90))),(66,47)))),((81,(100,46)),(((((13,91),((38,22),11)),64),98),((((94,54),56),5),41)))),(((((12,50),65),(((96,(52,28)),68),53)),((((31,43),(76,36)),((((74,73),84),(82,7)),80)),39)),1)),(59,40)),(69,79)),(95,(((21,26),83),(34,(6,55))))),((30,(27,16)),(63,(29,99)))),3),23);
Guide Tree 0/16
#NNI moves:4/152
Guide Tree 1/16
#NNI moves:0/152
Guide Tree 2/16
#NNI moves:6/152
Guide Tree 3/16
#NNI moves:4/152
Guide Tree 4/16
#NNI moves:2/152
Guide Tree 5/16
#NNI moves:2/152
Guide Tree 6/16
#NNI moves:4/152
Guide Tree 7/16
#NNI moves:2/152
Guide Tree 8/16
#NNI moves:6/152
Guide Tree 9/16
#NNI moves:2/152
Guide Tree 10/16
#NNI moves:2/152
Guide Tree 11/16
#NNI moves:6/152
Guide Tree 12/16
#NNI moves:2/152
Guide Tree 13/16
#NNI moves:2/152
Guide Tree 14/16
#NNI moves:2/152
Guide Tree 15/16
#NNI moves:2/152
Remaining: 0
#NNI moves:38/152
#NNI moves:52/152
((((((((((((((((17,10),(48,25)),88),(60,(45,93))),((89,77),((97,70),62))),((37,((24,(92,15)),((44,75),9))),(58,8))),(((72,(85,71)),87),(86,(32,2)))),((((((4,78),67),61),57),(49,33)),((((14,20),42),((18,(35,19)),(51,90))),(47,66)))),((81,(46,100)),(((((54,94),56),5),41),((((91,13),(11,(22,38))),64),98)))),(((((((82,7),((74,73),84)),80),((36,76),(31,43))),39),((65,(12,50)),((68,((52,28),96)),53))),1)),(40,59)),(69,79)),(95,(((21,26),83),((6,55),34)))),((30,(27,16)),(63,(29,99)))),3),23);
Guide Tree 0/16
#NNI moves:2/152
Guide Tree 1/16
#NNI moves:2/152
Guide Tree 2/16
#NNI moves:4/152
Guide Tree 3/16
#NNI moves:0/152
Guide Tree 4/16
#NNI moves:2/152
Guide Tree 5/16
#NNI moves:8/152
Guide Tree 6/16
#NNI moves:0/152
Guide Tree 7/16
#NNI moves:2/152
Guide Tree 8/16
#NNI moves:2/152
Guide Tree 9/16
#NNI moves:6/152
Guide Tree 10/16
#NNI moves:0/152
Guide Tree 11/16
#NNI moves:8/152
Guide Tree 12/16
#NNI moves:0/152
Guide Tree 13/16
#NNI moves:6/152
Guide Tree 14/16
#NNI moves:2/152
Guide Tree 15/16
#NNI moves:6/152
Remaining: 0
#NNI moves:4/152
#NNI moves:4/152
(((((((((((((((35,19),18),(90,51)),(42,(20,14))),(47,66)),((49,33),((((78,4),67),61),57))),(((((((25,48),(17,10)),88),((93,45),60)),((77,89),((97,70),62))),((58,8),(((9,(75,44)),(24,(15,92))),37))),(((2,32),86),(((71,85),72),87)))),((((((54,94),56),5),41),((((91,13),(11,(22,38))),64),98)),((46,100),81))),(((((((84,(74,73)),(7,82)),80),((36,76),(31,43))),39),(((12,50),65),((((52,28),96),68),53))),1)),(59,40)),(69,79)),((((26,21),83),((55,6),34)),95)),(((29,99),63),((27,16),30))),3),23);
Initial score: 4.33607e+08
Initial tree: (((((((((((((((35,19),18),(90,51)),(42,(20,14))),(47,66)),((49,33),((((78,4),67),61),57))),(((((((25,48),(17,10)),88),((93,45),60)),((77,89),((97,70),62))),((58,8),(((9,(75,44)),(24,(15,92))),37))),(((2,32),86),(((71,85),72),87)))),((((((54,94),56),5),41),((((91,13),(11,(22,38))),64),98)),((46,100),81))),(((((((84,(74,73)),(7,82)),80),((36,76),(31,43))),39),(((12,50),65),((((52,28),96),68),53))),1)),(59,40)),(69,79)),((((26,21),83),((55,6),34)),95)),(((29,99),63),((27,16),30))),3),23);
*** Subsample Process ***
Use two-step algorithm!
#NNI moves:0/152
Remaining: 1
#NNI moves:16/152
#NNI moves:18/152
((((((((((((((((16,27),30),(63,(99,29))),(3,23)),((((55,6),34),((26,21),83)),95)),(69,79)),(40,59)),(((((((84,(74,73)),(7,82)),80),((76,36),(43,31))),39),(((((52,28),96),68),53),(65,(50,12)))),1)),((((((91,13),((38,22),11)),64),98),((((54,94),56),5),41)),((46,100),81))),((((58,8),((((44,75),9),((92,15),24)),37)),((((62,(70,97)),((45,93),60)),(77,89)),(((10,17),(48,25)),88))),((((85,71),72),87),((2,32),86)))),((((67,(78,4)),61),57),(33,49))),(47,66)),((51,90),(18,(35,19)))),42),20),14);
#NNI moves:4/152
Remaining: 0
#NNI moves:22/152
#NNI moves:22/152
((((((((((((((77,89),(62,(97,70))),((((10,17),(48,25)),88),((93,45),60))),((58,8),((((15,92),24),(9,(44,75))),37))),((((85,71),72),87),(86,(32,2)))),(((47,66),(((14,20),42),((90,51),(18,(35,19))))),(((61,((4,78),67)),57),(33,49)))),((((((94,54),56),5),41),(((((22,38),11),(13,91)),64),98)),((46,100),81))),((((((((73,74),84),(82,7)),80),((76,36),(43,31))),39),((53,(((52,28),96),68)),(65,(12,50)))),1)),(40,59)),(79,69)),((((21,26),83),((55,6),34)),95)),(((99,29),63),((27,16),30))),23),3);
#NNI moves:6/152
Remaining: 0
#NNI moves:30/152
#NNI moves:32/152
((((((((((((((((73,74),84),(7,82)),80),((36,76),(31,43))),39),(((((28,52),96),68),53),((12,50),65))),1),(((((((21,26),83),(34,(55,6))),95),((((29,99),63),(30,(16,27))),(23,3))),(69,79)),(59,40))),((((((54,94),56),5),41),(((((22,38),11),(91,13)),64),98)),(81,(46,100)))),(((33,49),((61,((4,78),67)),57)),((66,47),(((51,90),((19,35),18)),(42,(14,20)))))),((((85,71),72),87),((32,2),86))),(((58,8),(((9,(44,75)),((15,92),24)),37)),((97,70),62))),((60,(93,45)),(88,((48,25),(17,10))))),89),77);
#NNI moves:2/152
Remaining: 0
#NNI moves:20/152
#NNI moves:20/152
(((((((((((((33,49),((((78,4),67),61),57)),((((90,51),(18,(19,35))),(42,(14,20))),(47,66))),(((((71,85),72),87),(86,(2,32))),((((((25,48),(17,10)),88),((93,45),60)),(((97,70),62),(77,89))),(((((75,44),9),((15,92),24)),37),(8,58))))),((((((91,13),((38,22),11)),64),98),((5,((94,54),56)),41)),((100,46),81))),(((((((7,82),(84,(73,74))),80),((43,31),(76,36))),39),(((((52,28),96),68),53),((50,12),65))),1)),(40,59)),(69,79)),((((21,26),83),((55,6),34)),95)),(3,23)),((27,16),30)),(29,99)),63);
Current score: 4.33607e+08
Current tree: ((3,((((((((((33,49),((((78,4),67),61),57)),((((90,51),(18,(19,35))),(42,(14,20))),(47,66))),(((((71,85),72),87),(86,(2,32))),((((((25,48),(17,10)),88),((93,45),60)),(((97,70),62),(77,89))),(((((75,44),9),((15,92),24)),37),(8,58))))),((((((91,13),((38,22),11)),64),98),((5,((94,54),56)),41)),((100,46),81))),(((((((7,82),(84,(73,74))),80),((43,31),(76,36))),39),(((((52,28),96),68),53),((50,12),65))),1)),(40,59)),(69,79)),((((21,26),83),((55,6),34)),95)),(((27,16),30),((29,99),63)))),23);
Final Tree: ((3,((((((((((33,49),((((78,4),67),61),57)),((((90,51),(18,(19,35))),(42,(14,20))),(47,66))),(((((71,85),72),87),(86,(2,32))),((((((25,48),(17,10)),88),((93,45),60)),(((97,70),62),(77,89))),(((((75,44),9),((15,92),24)),37),(8,58))))),((((((91,13),((38,22),11)),64),98),((5,((94,54),56)),41)),((100,46),81))),(((((((7,82),(84,(73,74))),80),((43,31),(76,36))),39),(((((52,28),96),68),53),((50,12),65))),1)),(40,59)),(69,79)),((((21,26),83),((55,6),34)),95)),(((27,16),30),((29,99),63)))),23);
#EqQuartets: 710000665
Score: 433606840
ASTRAL for PaRalogs and Orthologs III (ASTRAL-Pro3)
*** NOW with integrated CASTLES-Pro ***
Version: v1.22.3.6
Read 512 genetrees and found 100 species.
#Genetrees: 1000
#Duploss: 24509
#Species: 100
#Rounds: 4
#Samples: 4
#Threads: 1
Use two-step algorithm!
Guide Tree 0/16
#NNI moves:0/152
Guide Tree 1/16
#NNI moves:0/152
Guide Tree 2/16
#NNI moves:12/152
Guide Tree 3/16
#NNI moves:0/152
Guide Tree 4/16
#NNI moves:0/152
Guide Tree 5/16
#NNI moves:0/152
Guide Tree 6/16
#NNI moves:0/152
Guide Tree 7/16
#NNI moves:0/152
Guide Tree 8/16
#NNI moves:0/152
Guide Tree 9/16
#NNI moves:0/152
Guide Tree 10/16
#NNI moves:0/152
Guide Tree 11/16
#NNI moves:0/152
Guide Tree 12/16
#NNI moves:0/152
Guide Tree 13/16
#NNI moves:0/152
Guide Tree 14/16
#NNI moves:0/152
Guide Tree 15/16
#NNI moves:0/152
Remaining: 0
#NNI moves:8/152
#NNI moves:10/152
(((((((((((((((48,((85,(89,18)),71)),19),60),75),((76,36),23)),(((62,73),27),((59,(82,12)),(52,50)))),((((67,65),((24,13),(79,55))),(54,1)),((64,40),86))),((10,(45,51)),((22,(43,69)),42))),((99,((91,(95,96)),(94,92))),(93,((100,97),98)))),(((((((57,29),15),((66,78),31)),63),5),((74,58),8)),(2,39))),(((26,70),(83,4)),(14,30))),(((((46,(17,37)),81),(((9,11),53),((((47,72),6),38),(7,80)))),((25,41),87)),((((((34,77),3),16),((35,44),33)),((56,28),68)),(((49,84),(20,88)),90)))),61),21),32);
Guide Tree 0/16
#NNI moves:0/152
Guide Tree 1/16
#NNI moves:0/152
Guide Tree 2/16
#NNI moves:0/152
Guide Tree 3/16
#NNI moves:0/152
Guide Tree 4/16
#NNI moves:0/152
Guide Tree 5/16
#NNI moves:0/152
Guide Tree 6/16
#NNI moves:0/152
Guide Tree 7/16
#NNI moves:0/152
Guide Tree 8/16
#NNI moves:2/152
Guide Tree 9/16
#NNI moves:0/152
Guide Tree 10/16
#NNI moves:0/152
Guide Tree 11/16
#NNI moves:0/152
Guide Tree 12/16
#NNI moves:0/152
Guide Tree 13/16
#NNI moves:0/152
Guide Tree 14/16
#NNI moves:0/152
Guide Tree 15/16
#NNI moves:0/152
Remaining: 0
#NNI moves:8/152
#NNI moves:8/152
((((((((((11,9),53),((80,7),((6,(72,47)),38))),(((37,17),46),81)),((41,25),87)),((((56,28),68),((33,(35,44)),(((77,34),3),16))),(((88,20),(84,49)),90))),(((((((((59,(82,12)),(50,52)),((73,62),27)),((23,(36,76)),(((((((89,18),85),71),48),19),60),75))),(((((79,55),(13,24)),(67,65)),(54,1)),(86,(40,64)))),(((51,45),10),(((43,69),22),42))),((((97,100),98),93),((((96,95),91),(94,92)),99))),(((((((57,29),15),((78,66),31)),63),5),((74,58),8)),(39,2))),(((70,26),(83,4)),(30,14)))),61),21),32);
Guide Tree 0/16
#NNI moves:0/152
Guide Tree 1/16
#NNI moves:6/152
Guide Tree 2/16
#NNI moves:0/152
Guide Tree 3/16
#NNI moves:0/152
Guide Tree 4/16
#NNI moves:0/152
Guide Tree 5/16
#NNI moves:0/152
Guide Tree 6/16
#NNI moves:2/152
Guide Tree 7/16
#NNI moves:2/152
Guide Tree 8/16
#NNI moves:0/152
Guide Tree 9/16
#NNI moves:2/152
Guide Tree 10/16
#NNI moves:0/152
Guide Tree 11/16
#NNI moves:0/152
Guide Tree 12/16
#NNI moves:2/152
Guide Tree 13/16
#NNI moves:2/152
Guide Tree 14/16
#NNI moves:6/152
Guide Tree 15/16
#NNI moves:6/152
Remaining: 0
#NNI moves:20/152
#NNI moves:30/152
((((((((((((((19,((71,((18,89),85)),48)),60),75),((76,36),23)),(((59,(82,12)),(52,50)),((73,62),27))),(((54,1),(((79,55),(13,24)),(67,65))),((64,40),86))),(((51,45),10),((22,(69,43)),42))),(((((95,96),91),(92,94)),99),(((100,97),98),93))),((((63,(((66,78),31),((29,57),15))),5),(8,(74,58))),(2,39))),(((83,4),(70,26)),(14,30))),(((((((34,77),3),16),((44,35),33)),((28,56),68)),(((49,84),(88,20)),90)),(((25,41),87),((((80,7),(((72,47),6),38)),(53,(11,9))),(((37,17),46),81))))),61),21),32);
Guide Tree 0/16
#NNI moves:0/152
Guide Tree 1/16
#NNI moves:0/152
Guide Tree 2/16
#NNI moves:0/152
Guide Tree 3/16
#NNI moves:0/152
Guide Tree 4/16
#NNI moves:0/152
Guide Tree 5/16
#NNI moves:0/152
Guide Tree 6/16
#NNI moves:0/152
Guide Tree 7/16
#NNI moves:0/152
Guide Tree 8/16
#NNI moves:0/152
Guide Tree 9/16
#NNI moves:0/152
Guide Tree 10/16
#NNI moves:0/152
Guide Tree 11/16
#NNI moves:0/152
Guide Tree 12/16
#NNI moves:0/152
Guide Tree 13/16
#NNI moves:0/152
Guide Tree 14/16
#NNI moves:0/152
Guide Tree 15/16
#NNI moves:0/152
Remaining: 2
#NNI moves:8/152
#NNI moves:8/152
((((((((((((((((((18,89),85),71),48),19),60),75),((36,76),23)),((((82,12),59),(52,50)),((62,73),27))),(((((55,79),(13,24)),(67,65)),(54,1)),((40,64),86))),((((69,43),22),42),((45,51),10))),((((92,94),((96,95),91)),99),(((100,97),98),93))),(((((((29,57),15),(31,(66,78))),63),5),((58,74),8)),(2,39))),((30,14),((26,70),(83,4)))),(((((((6,(72,47)),38),(7,80)),((11,9),53)),(81,((37,17),46))),((41,25),87)),((((((77,34),3),16),((44,35),33)),((56,28),68)),(((88,20),(49,84)),90)))),61),21),32);
Initial score: 5.42969e+08
Initial tree: ((((((((((((((((((18,89),85),71),48),19),60),75),((36,76),23)),((((82,12),59),(52,50)),((62,73),27))),(((((55,79),(13,24)),(67,65)),(54,1)),((40,64),86))),((((69,43),22),42),((45,51),10))),((((92,94),((96,95),91)),99),(((100,97),98),93))),(((((((29,57),15),(31,(66,78))),63),5),((58,74),8)),(2,39))),((30,14),((26,70),(83,4)))),(((((((6,(72,47)),38),(7,80)),((11,9),53)),(81,((37,17),46))),((41,25),87)),((((((77,34),3),16),((44,35),33)),((56,28),68)),(((88,20),(49,84)),90)))),61),21),32);
*** Subsample Process ***
Use two-step algorithm!
#NNI moves:4/152
Remaining: 0
#NNI moves:26/152
#NNI moves:26/152
(((((((((((((((((56,28),68),((((34,77),3),16),((44,35),33))),(90,((88,20),(49,84)))),(((81,((37,17),46)),(((((72,47),6),38),(80,7)),((9,11),53))),(87,(41,25)))),(61,(21,32))),(((83,4),(70,26)),(14,30))),(((8,(74,58)),((63,(((57,29),15),((78,66),31))),5)),(39,2))),(((((95,96),91),(94,92)),99),((98,(97,100)),93))),(((22,(43,69)),42),((45,51),10))),(((((13,24),(79,55)),(67,65)),(1,54)),((64,40),86))),((((82,12),59),(52,50)),(27,(62,73)))),(23,(36,76))),75),60),(48,((85,(18,89)),71))),19);
#NNI moves:2/152
Remaining: 0
#NNI moves:8/152
#NNI moves:8/152
((((((((((((59,(82,12)),(50,52)),((62,73),27)),(((((48,((85,(18,89)),71)),19),60),75),(23,(76,36)))),(((((55,79),(24,13)),(65,67)),(1,54)),((64,40),86))),(((45,51),10),(((69,43),22),42))),(((((95,96),91),(92,94)),99),(((97,100),98),93))),(((((((66,78),31),(15,(57,29))),63),5),((58,74),8)),(2,39))),((30,14),((83,4),(26,70)))),(((((28,56),68),(((35,44),33),(16,((77,34),3)))),(((49,84),(88,20)),90)),(((((((47,72),6),38),(80,7)),(53,(9,11))),((46,(37,17)),81)),((41,25),87)))),(21,32)),61);
#NNI moves:0/152
Remaining: 0
#NNI moves:18/152
#NNI moves:22/152
(((((((((((((((((56,28),68),(((3,(77,34)),16),((35,44),33))),(((84,49),(20,88)),90)),((((46,(17,37)),81),((53,(11,9)),((((72,47),6),38),(80,7)))),(87,(41,25)))),((32,21),61)),(((26,70),(83,4)),(30,14))),(((((((78,66),31),(15,(57,29))),63),5),((58,74),8)),(39,2))),((((92,94),(91,(95,96))),99),(((97,100),98),93))),((((69,43),22),42),((45,51),10))),((((65,67),((24,13),(55,79))),(1,54)),((40,64),86))),((((((((89,18),85),71),48),19),60),75),((76,36),23))),((73,62),27)),(50,52)),59),12),82);
#NNI moves:2/152
Remaining: 0
#NNI moves:18/152
#NNI moves:18/152
((((((((((((((((67,65),((24,13),(79,55))),(54,1)),((64,40),86)),((((60,((((85,(89,18)),71),48),19)),75),((76,36),23)),((27,(62,73)),(((12,82),59),(52,50))))),((10,(51,45)),(((43,69),22),42))),((((94,92),(91,(95,96))),99),(((100,97),98),93))),(((((((66,78),31),((29,57),15)),63),5),((58,74),8)),(2,39))),((14,30),((26,70),(4,83)))),((21,32),61)),((((((6,(72,47)),38),(7,80)),((9,11),53)),((46,(37,17)),81)),((25,41),87))),(((88,20),(49,84)),90)),((((34,77),3),16),((44,35),33))),68),28),56);
Current score: 5.42969e+08
Current tree: ((21,(61,((((((((((67,65),((24,13),(79,55))),(54,1)),((64,40),86)),((((60,((((85,(89,18)),71),48),19)),75),((76,36),23)),((27,(62,73)),(((12,82),59),(52,50))))),((10,(51,45)),(((43,69),22),42))),((((94,92),(91,(95,96))),99),(((100,97),98),93))),(((((((66,78),31),((29,57),15)),63),5),((58,74),8)),(2,39))),((14,30),((26,70),(4,83)))),(((((((6,(72,47)),38),(7,80)),((9,11),53)),((46,(37,17)),81)),((25,41),87)),((((88,20),(49,84)),90),(((((34,77),3),16),((44,35),33)),(68,(28,56)))))))),32);
Final Tree: ((21,(61,((((((((((67,65),((24,13),(79,55))),(54,1)),((64,40),86)),((((60,((((85,(89,18)),71),48),19)),75),((76,36),23)),((27,(62,73)),(((12,82),59),(52,50))))),((10,(51,45)),(((43,69),22),42))),((((94,92),(91,(95,96))),99),(((100,97),98),93))),(((((((66,78),31),((29,57),15)),63),5),((58,74),8)),(2,39))),((14,30),((26,70),(4,83)))),(((((((6,(72,47)),38),(7,80)),((9,11),53)),((46,(37,17)),81)),((25,41),87)),((((88,20),(49,84)),90),(((((34,77),3),16),((44,35),33)),(68,(28,56)))))))),32);
#EqQuartets: 833323299
Score: 542969176
ASTRAL for PaRalogs and Orthologs III (ASTRAL-Pro3)
*** NOW with integrated CASTLES-Pro ***
Version: v1.22.3.6
Read 512 genetrees and found 100 species.
#Genetrees: 1000
#Duploss: 24655
#Species: 100
#Rounds: 4
#Samples: 4
#Threads: 1
Use two-step algorithm!
Guide Tree 0/16
#NNI moves:0/152
Guide Tree 1/16
#NNI moves:8/152
Guide Tree 2/16
#NNI moves:0/152
Guide Tree 3/16
#NNI moves:2/152
Guide Tree 4/16
#NNI moves:0/152
Guide Tree 5/16
#NNI moves:2/152
Guide Tree 6/16
#NNI moves:2/152
Guide Tree 7/16
#NNI moves:2/152
Guide Tree 8/16
#NNI moves:0/152
Guide Tree 9/16
#NNI moves:6/152
Guide Tree 10/16
#NNI moves:2/152
Guide Tree 11/16
#NNI moves:0/152
Guide Tree 12/16
#NNI moves:2/152
Guide Tree 13/16
#NNI moves:0/152
Guide Tree 14/16
#NNI moves:6/152
Guide Tree 15/16
#NNI moves:2/152
Remaining: 0
#NNI moves:8/152
#NNI moves:8/152
(((((((((((((((75,(56,8)),((36,((74,31),14)),55)),77),(54,49)),(21,12)),((((50,25),(46,83)),((61,40),15)),(38,22))),(((((60,63),53),9),(((11,81),(76,82)),(32,68))),(((48,91),58),7))),((((((43,88),(47,57)),28),52),45),62)),((((65,(27,(10,89))),((51,59),(3,78))),((((39,(30,66)),70),18),(17,84))),((24,20),86))),((((((5,4),80),(29,(72,1))),64),(44,34)),(((13,71),69),87))),((((((73,((6,(26,37)),(79,19))),16),(41,23)),((42,90),85)),67),((33,2),35))),(((98,96),97),95)),94),((99,92),93)),100);
Guide Tree 0/16
#NNI moves:0/152
Guide Tree 1/16
#NNI moves:2/152
Guide Tree 2/16
#NNI moves:0/152
Guide Tree 3/16
#NNI moves:2/152
Guide Tree 4/16
#NNI moves:2/152
Guide Tree 5/16
#NNI moves:6/152
Guide Tree 6/16
#NNI moves:0/152
Guide Tree 7/16
#NNI moves:4/152
Guide Tree 8/16
#NNI moves:6/152
Guide Tree 9/16
#NNI moves:0/152
Guide Tree 10/16
#NNI moves:2/152
Guide Tree 11/16
#NNI moves:0/152
Guide Tree 12/16
#NNI moves:0/152
Guide Tree 13/16
#NNI moves:0/152
Guide Tree 14/16
#NNI moves:2/152
Guide Tree 15/16
#NNI moves:2/152
Remaining: 0
#NNI moves:6/152
#NNI moves:6/152
(((((((((((7,((91,48),58)),((((11,81),(82,76)),(32,68)),((53,(63,60)),9))),((((((75,(56,8)),((((31,74),14),36),55)),77),(49,54)),(12,21)),((22,38),(((83,46),(25,50)),((40,61),15))))),((((((88,43),(47,57)),28),52),45),62)),((((65,(27,(10,89))),((59,51),(3,78))),((84,17),((((66,30),39),70),18))),((20,24),86))),(((69,(71,13)),87),((34,44),((((1,72),29),((5,4),80)),64)))),(((((((((37,26),6),(19,79)),73),16),(23,41)),(85,(42,90))),67),((2,33),35))),(95,((98,96),97))),94),((92,99),93)),100);
Guide Tree 0/16
#NNI moves:6/152
Guide Tree 1/16
#NNI moves:6/152
Guide Tree 2/16
#NNI moves:0/152
Guide Tree 3/16
#NNI moves:0/152
Guide Tree 4/16
#NNI moves:2/152
Guide Tree 5/16
#NNI moves:0/152
Guide Tree 6/16
#NNI moves:6/152
Guide Tree 7/16
#NNI moves:2/152
Guide Tree 8/16
#NNI moves:6/152
Guide Tree 9/16
#NNI moves:0/152
Guide Tree 10/16
#NNI moves:2/152
Guide Tree 11/16
#NNI moves:0/152
Guide Tree 12/16
#NNI moves:0/152
Guide Tree 13/16
#NNI moves:0/152
Guide Tree 14/16
#NNI moves:0/152
Guide Tree 15/16
#NNI moves:0/152
Remaining: 0
#NNI moves:0/152
#NNI moves:0/152
(((((((((((((77,((55,(((74,31),14),36)),((8,56),75))),(54,49)),(21,12)),((((61,40),15),((50,25),(46,83))),(38,22))),(((((11,81),(76,82)),(32,68)),(((60,63),53),9)),(((91,48),58),7))),(((52,(((47,57),(88,43)),28)),45),62)),((((((39,(66,30)),70),18),(17,84)),(((51,59),(78,3)),(((89,10),27),65))),(86,(24,20)))),(((((80,(4,5)),(29,(1,72))),64),(34,44)),((69,(71,13)),87))),((((((((6,(37,26)),(79,19)),73),16),(41,23)),(85,(90,42))),67),(35,(2,33)))),(95,((98,96),97))),94),((92,99),93)),100);
Guide Tree 0/16
#NNI moves:0/152
Guide Tree 1/16
#NNI moves:0/152
Guide Tree 2/16
#NNI moves:0/152
Guide Tree 3/16
#NNI moves:0/152
Guide Tree 4/16
#NNI moves:0/152
Guide Tree 5/16
#NNI moves:0/152
Guide Tree 6/16
#NNI moves:0/152
Guide Tree 7/16
#NNI moves:0/152
Guide Tree 8/16
#NNI moves:0/152
Guide Tree 9/16
#NNI moves:0/152
Guide Tree 10/16
#NNI moves:2/152
Guide Tree 11/16
#NNI moves:0/152
Guide Tree 12/16
#NNI moves:0/152
Guide Tree 13/16
#NNI moves:0/152
Guide Tree 14/16
#NNI moves:0/152
Guide Tree 15/16
#NNI moves:0/152
Remaining: 0
#NNI moves:0/152
#NNI moves:0/152
((((((((((((((25,50),(83,46)),((61,40),15)),(38,22)),(((((55,((14,(74,31)),36)),((8,56),75)),77),(54,49)),(12,21))),((7,((48,91),58)),((((60,63),53),9),(((76,82),(11,81)),(32,68))))),(((52,(((47,57),(88,43)),28)),45),62)),((86,(24,20)),((((59,51),(3,78)),((27,(10,89)),65)),((84,17),((((66,30),39),70),18))))),((((((4,5),80),(29,(1,72))),64),(44,34)),(87,(69,(13,71))))),((((85,(90,42)),((((((26,37),6),(19,79)),73),16),(23,41))),67),((33,2),35))),(((96,98),97),95)),94),((99,92),93)),100);
Initial score: 5.50403e+08
Initial tree: ((((((((((((((25,50),(83,46)),((61,40),15)),(38,22)),(((((55,((14,(74,31)),36)),((8,56),75)),77),(54,49)),(12,21))),((7,((48,91),58)),((((60,63),53),9),(((76,82),(11,81)),(32,68))))),(((52,(((47,57),(88,43)),28)),45),62)),((86,(24,20)),((((59,51),(3,78)),((27,(10,89)),65)),((84,17),((((66,30),39),70),18))))),((((((4,5),80),(29,(1,72))),64),(44,34)),(87,(69,(13,71))))),((((85,(90,42)),((((((26,37),6),(19,79)),73),16),(23,41))),67),((33,2),35))),(((96,98),97),95)),94),((99,92),93)),100);
*** Subsample Process ***
Use two-step algorithm!
#NNI moves:0/152
Remaining: 0
#NNI moves:0/152
#NNI moves:0/152
(((((((((((((((10,89),27),65),((78,3),(51,59))),((17,84),((70,((66,30),39)),18))),((24,20),86)),((((((((73,(((37,26),6),(79,19))),16),(41,23)),((90,42),85)),67),((33,2),35)),(((((99,92),93),100),94),(((96,98),97),95))),(((((80,(5,4)),(29,(1,72))),64),(34,44)),(((71,13),69),87)))),(((52,(((47,57),(88,43)),28)),45),62)),((((53,(63,60)),9),(((76,82),(11,81)),(68,32))),((58,(48,91)),7))),((12,21),((((55,((14,(31,74)),36)),((56,8),75)),77),(54,49)))),(22,38)),((61,40),15)),(46,83)),25),50);
#NNI moves:0/152
Remaining: 0
#NNI moves:12/152
#NNI moves:24/152
((((((((((((((((((((74,31),14),36),55),((8,56),75)),77),(54,49)),(12,21)),((((83,46),(25,50)),((61,40),15)),(22,38))),(((((11,81),(76,82)),(68,32)),((53,(60,63)),9)),((58,(91,48)),7))),((45,(52,(((47,57),(88,43)),28))),62)),(((((3,78),(51,59)),(((89,10),27),65)),((17,84),(((39,(66,30)),70),18))),((24,20),86))),((((((5,4),80),(29,(1,72))),64),(34,44)),(87,((13,71),69)))),(((33,2),35),((((42,90),85),((41,23),(16,((((37,26),6),(19,79)),73)))),67))),(((98,96),97),95)),94),100),93),92),99);
#NNI moves:2/152
Remaining: 0
#NNI moves:8/152
#NNI moves:8/152
((((((((((((((((((((4,5),80),(29,(1,72))),64),(34,44)),(87,((13,71),69))),(((((((((79,19),(6,(37,26))),73),16),(23,41)),(85,(42,90))),67),(35,(2,33))),((((98,96),97),95),((((92,99),93),100),94)))),((((65,((89,10),27)),((3,78),(51,59))),((18,((39,(30,66)),70)),(17,84))),((20,24),86))),(((52,(((57,47),(88,43)),28)),45),62)),((((48,91),58),7),(((53,(63,60)),9),(((76,82),(11,81)),(68,32))))),((((61,40),15),((50,25),(83,46))),(38,22))),(12,21)),(54,49)),77),(75,(56,8))),55),36),14),74),31);
#NNI moves:2/152
Remaining: 0
#NNI moves:16/152
#NNI moves:18/152
((((((((((((((((55,(((74,31),14),36)),((8,56),75)),77),(49,54)),(21,12)),((((50,25),(46,83)),((40,61),15)),(38,22))),(((((76,82),(81,11)),(32,68)),(9,(53,(60,63)))),(((48,91),58),7))),((((((47,57),(43,88)),28),52),45),62)),((((65,(27,(10,89))),((59,51),(3,78))),(((((66,30),39),70),18),(17,84))),((24,20),86))),((((13,71),69),87),((44,34),(((80,(5,4)),(29,(72,1))),64)))),((((((73,((6,(37,26)),(19,79))),16),(41,23)),(85,(90,42))),67),(35,(33,2)))),((((92,99),93),100),94)),95),97),96),98);
Current score: 5.50403e+08
Current tree: ((((92,99),93),(94,((((((((((((55,(((74,31),14),36)),((8,56),75)),77),(49,54)),(21,12)),((((50,25),(46,83)),((40,61),15)),(38,22))),(((((76,82),(81,11)),(32,68)),(9,(53,(60,63)))),(((48,91),58),7))),((((((47,57),(43,88)),28),52),45),62)),((((65,(27,(10,89))),((59,51),(3,78))),(((((66,30),39),70),18),(17,84))),((24,20),86))),((((13,71),69),87),((44,34),(((80,(5,4)),(29,(72,1))),64)))),((((((73,((6,(37,26)),(19,79))),16),(41,23)),(85,(90,42))),67),(35,(33,2)))),(95,(97,(96,98)))))),100);
Final Tree: ((((92,99),93),(94,((((((((((((55,(((74,31),14),36)),((8,56),75)),77),(49,54)),(21,12)),((((50,25),(46,83)),((40,61),15)),(38,22))),(((((76,82),(81,11)),(32,68)),(9,(53,(60,63)))),(((48,91),58),7))),((((((47,57),(43,88)),28),52),45),62)),((((65,(27,(10,89))),((59,51),(3,78))),(((((66,30),39),70),18),(17,84))),((24,20),86))),((((13,71),69),87),((44,34),(((80,(5,4)),(29,(72,1))),64)))),((((((73,((6,(37,26)),(19,79))),16),(41,23)),(85,(90,42))),67),(35,(33,2)))),(95,(97,(96,98)))))),100);
#EqQuartets: 851002472
Score: 550402858
