ASTRAL for PaRalogs and Orthologs III (ASTRAL-Pro3)
*** NOW with integrated CASTLES-Pro ***
Version: v1.22.3.6
Read 512 genetrees and found 100 species.
#Genetrees: 1000
#Duploss: 0
#Species: 100
#Rounds: 4
#Samples: 4
#Threads: 1
Use two-step algorithm!
Guide Tree 0/16
#NNI moves:0/152
Guide Tree 1/16
#NNI moves:0/152
Guide Tree 2/16
#NNI moves:0/152
Guide Tree 3/16
#NNI moves:0/152
Guide Tree 4/16
#NNI moves:0/152
Guide Tree 5/16
#NNI moves:0/152
Guide Tree 6/16
#NNI moves:0/152
Guide Tree 7/16
#NNI moves:0/152
Guide Tree 8/16
#NNI moves:0/152
Guide Tree 9/16
#NNI moves:0/152
Guide Tree 10/16
#NNI moves:0/152
Guide Tree 11/16
#NNI moves:0/152
Guide Tree 12/16
#NNI moves:0/152
Guide Tree 13/16
#NNI moves:0/152
Guide Tree 14/16
#NNI moves:0/152
Guide Tree 15/16
#NNI moves:0/152
Remaining: 0
#NNI moves:6/152
#NNI moves:6/152
(((((((((((((((56,26),53),80),(((27,60),29),45)),((43,13),((95,92),100))),((72,64),78)),(((48,22),(85,46)),((73,74),(84,59)))),(54,98)),((((((((76,(68,15)),(51,18)),((39,17),(41,33))),(((((16,71),(44,(23,50))),97),77),((36,(30,94)),91))),((((((11,1),8),((6,9),10)),(12,3)),7),((5,4),2))),((((25,31),(47,52)),(93,20)),((19,58),63))),((((61,(67,42)),(((14,99),(28,66)),83)),((82,62),(88,81))),(38,37))),(((96,32),57),(49,89)))),((((21,90),87),79),75)),(24,65)),(34,((55,69),35))),70),40),86);
Guide Tree 0/16
#NNI moves:0/152
Guide Tree 1/16
#NNI moves:0/152
Guide Tree 2/16
#NNI moves:0/152
Guide Tree 3/16
#NNI moves:0/152
Guide Tree 4/16
#NNI moves:0/152
Guide Tree 5/16
#NNI moves:0/152
Guide Tree 6/16
#NNI moves:0/152
Guide Tree 7/16
#NNI moves:0/152
Guide Tree 8/16
#NNI moves:0/152
Guide Tree 9/16
#NNI moves:0/152
Guide Tree 10/16
#NNI moves:0/152
Guide Tree 11/16
#NNI moves:0/152
Guide Tree 12/16
#NNI moves:0/152
Guide Tree 13/16
#NNI moves:0/152
Guide Tree 14/16
#NNI moves:0/152
Guide Tree 15/16
#NNI moves:0/152
Remaining: 0
#NNI moves:0/152
#NNI moves:0/152
((((((((((((((53,(26,56)),80),(((60,27),29),45)),(((92,95),100),(13,43))),((72,64),78)),(((46,85),(22,48)),((59,84),(74,73)))),(54,98)),(((((((((94,30),36),91),((((16,71),((23,50),44)),97),77)),(((17,39),(33,41)),(((15,68),76),(51,18)))),((((3,12),(((9,6),10),((1,11),8))),7),(2,(4,5)))),(((20,93),((25,31),(47,52))),((58,19),63))),((37,38),((((42,67),61),(((28,66),(14,99)),83)),((88,81),(82,62))))),((89,49),((32,96),57)))),((((21,90),87),79),75)),(65,24)),(((69,55),35),34)),70),40),86);
Guide Tree 0/16
#NNI moves:0/152
Guide Tree 1/16
#NNI moves:0/152
Guide Tree 2/16
#NNI moves:0/152
Guide Tree 3/16
#NNI moves:0/152
Guide Tree 4/16
#NNI moves:0/152
Guide Tree 5/16
#NNI moves:0/152
Guide Tree 6/16
#NNI moves:6/152
Guide Tree 7/16
#NNI moves:0/152
Guide Tree 8/16
#NNI moves:0/152
Guide Tree 9/16
#NNI moves:0/152
Guide Tree 10/16
#NNI moves:0/152
Guide Tree 11/16
#NNI moves:0/152
Guide Tree 12/16
#NNI moves:0/152
Guide Tree 13/16
#NNI moves:0/152
Guide Tree 14/16
#NNI moves:0/152
Guide Tree 15/16
#NNI moves:0/152
Remaining: 0
#NNI moves:0/152
#NNI moves:0/152
(((((((((((((((12,3),((8,(1,11)),(10,(6,9)))),7),((5,4),2)),(((((94,30),36),91),((97,((71,16),(44,(50,23)))),77)),(((76,(68,15)),(18,51)),((17,39),(41,33))))),((((31,25),(47,52)),(20,93)),((19,58),63))),(((((67,42),61),(((28,66),(99,14)),83)),((62,82),(88,81))),(37,38))),((57,(32,96)),(89,49))),((((((((26,56),53),80),(((60,27),29),45)),(((92,95),100),(13,43))),((64,72),78)),(((48,22),(85,46)),((74,73),(59,84)))),(54,98))),((79,(87,(21,90))),75)),(24,65)),(((55,69),35),34)),70),40),86);
Guide Tree 0/16
#NNI moves:0/152
Guide Tree 1/16
#NNI moves:0/152
Guide Tree 2/16
#NNI moves:0/152
Guide Tree 3/16
#NNI moves:0/152
Guide Tree 4/16
#NNI moves:0/152
Guide Tree 5/16
#NNI moves:0/152
Guide Tree 6/16
#NNI moves:0/152
Guide Tree 7/16
#NNI moves:0/152
Guide Tree 8/16
#NNI moves:0/152
Guide Tree 9/16
#NNI moves:0/152
Guide Tree 10/16
#NNI moves:0/152
Guide Tree 11/16
#NNI moves:0/152
Guide Tree 12/16
#NNI moves:0/152
Guide Tree 13/16
#NNI moves:0/152
Guide Tree 14/16
#NNI moves:0/152
Guide Tree 15/16
#NNI moves:0/152
Remaining: 1
#NNI moves:6/152
#NNI moves:6/152
((((((((((((((((15,68),76),(18,51)),((41,33),(39,17))),((((30,94),36),91),((((44,(50,23)),(71,16)),97),77))),(((((10,(6,9)),(8,(1,11))),(3,12)),7),(2,(4,5)))),(((93,20),((25,31),(52,47))),((19,58),63))),(((((67,42),61),(((66,28),(14,99)),83)),((82,62),(81,88))),(37,38))),((49,89),((96,32),57))),(((((84,59),(74,73)),((85,46),(22,48))),((((((27,60),29),45),(80,((26,56),53))),((43,13),((92,95),100))),((64,72),78))),(98,54))),(75,(((21,90),87),79))),(24,65)),((35,(55,69)),34)),70),40),86);
Initial score: 2.35131e+09
Initial tree: ((((((((((((((((15,68),76),(18,51)),((41,33),(39,17))),((((30,94),36),91),((((44,(50,23)),(71,16)),97),77))),(((((10,(6,9)),(8,(1,11))),(3,12)),7),(2,(4,5)))),(((93,20),((25,31),(52,47))),((19,58),63))),(((((67,42),61),(((66,28),(14,99)),83)),((82,62),(81,88))),(37,38))),((49,89),((96,32),57))),(((((84,59),(74,73)),((85,46),(22,48))),((((((27,60),29),45),(80,((26,56),53))),((43,13),((92,95),100))),((64,72),78))),(98,54))),(75,(((21,90),87),79))),(24,65)),((35,(55,69)),34)),70),40),86);
*** Subsample Process ***
Use two-step algorithm!
#NNI moves:0/152
Remaining: 0
#NNI moves:8/152
#NNI moves:8/152
((((((((((((((((((27,60),29),45),(((56,26),53),80)),(((95,92),100),(13,43))),((72,64),78)),(((73,74),(84,59)),((22,48),(85,46)))),(54,98)),(((((35,(69,55)),34),(70,(40,86))),(24,65)),((79,((90,21),87)),75))),((57,(32,96)),(89,49))),((((82,62),(88,81)),(((67,42),61),(((14,99),(66,28)),83))),(37,38))),(((19,58),63),(((47,52),(25,31)),(20,93)))),(((((8,(1,11)),((6,9),10)),(12,3)),7),(2,(5,4)))),((((((23,50),44),(71,16)),97),77),(91,((94,30),36)))),((41,33),(17,39))),(18,51)),(68,15)),76);
#NNI moves:0/152
Remaining: 0
#NNI moves:4/152
#NNI moves:4/152
((((((((((((82,62),(81,88)),(((42,67),61),(((14,99),(66,28)),83))),(37,38)),((((19,58),63),(((31,25),(52,47)),(20,93))),(((((((6,9),10),(8,(1,11))),(12,3)),7),((5,4),2)),((((33,41),(17,39)),((51,18),((15,68),76))),(((36,(94,30)),91),((((16,71),((23,50),44)),97),77)))))),((57,(96,32)),(49,89))),((((((((26,56),53),80),(((60,27),29),45)),((13,43),(100,(95,92)))),(78,(72,64))),(((73,74),(84,59)),((48,22),(46,85)))),(98,54))),((79,((21,90),87)),75)),(65,24)),(70,(40,86))),(35,(69,55))),34);
#NNI moves:0/152
Remaining: 1
#NNI moves:2/152
#NNI moves:2/152
((((((((((((((((9,6),10),(8,(11,1))),(12,3)),7),((5,4),2)),((((33,41),(17,39)),(((68,15),76),(51,18))),(((((16,71),((23,50),44)),97),77),(91,((94,30),36))))),(((19,58),63),(((25,31),(52,47)),(20,93)))),((((((((43,13),((95,92),100)),((80,((26,56),53)),(((27,60),29),45))),((72,64),78)),(((85,46),(22,48)),((59,84),(74,73)))),(98,54)),(((((21,90),87),79),75),((((86,40),70),(((55,69),35),34)),(24,65)))),(((32,96),57),(49,89)))),(37,38)),((81,88),(62,82))),((67,42),61)),83),(66,28)),99),14);
#NNI moves:0/152
Remaining: 0
#NNI moves:12/152
#NNI moves:12/152
((((((((((((((((16,71),((23,50),44)),97),77),(((30,94),36),91)),(((76,(15,68)),(18,51)),((41,33),(39,17)))),((((((1,11),8),((6,9),10)),(12,3)),7),(2,(5,4)))),((((31,25),(47,52)),(93,20)),((58,19),63))),(((((67,42),61),(83,((14,99),(28,66)))),((81,88),(82,62))),(38,37))),(((96,32),57),(49,89))),((((((80,((26,56),53)),(((27,60),29),45)),((100,(95,92)),(13,43))),((72,64),78)),(((46,85),(48,22)),((74,73),(84,59)))),(54,98))),((((90,21),87),79),75)),(24,65)),(((55,69),35),34)),(40,86)),70);
Current score: 2.35131e+09
Current tree: ((40,(((((((((((((((16,71),((23,50),44)),97),77),(((30,94),36),91)),(((76,(15,68)),(18,51)),((41,33),(39,17)))),((((((1,11),8),((6,9),10)),(12,3)),7),(2,(5,4)))),((((31,25),(47,52)),(93,20)),((58,19),63))),(((((67,42),61),(83,((14,99),(28,66)))),((81,88),(82,62))),(38,37))),(((96,32),57),(49,89))),((((((80,((26,56),53)),(((27,60),29),45)),((100,(95,92)),(13,43))),((72,64),78)),(((46,85),(48,22)),((74,73),(84,59)))),(54,98))),((((90,21),87),79),75)),(24,65)),(((55,69),35),34)),70)),86);
Final Tree: ((40,(((((((((((((((16,71),((23,50),44)),97),77),(((30,94),36),91)),(((76,(15,68)),(18,51)),((41,33),(39,17)))),((((((1,11),8),((6,9),10)),(12,3)),7),(2,(5,4)))),((((31,25),(47,52)),(93,20)),((58,19),63))),(((((67,42),61),(83,((14,99),(28,66)))),((81,88),(82,62))),(38,37))),(((96,32),57),(49,89))),((((((80,((26,56),53)),(((27,60),29),45)),((100,(95,92)),(13,43))),((72,64),78)),(((46,85),(48,22)),((74,73),(84,59)))),(54,98))),((((90,21),87),79),75)),(24,65)),(((55,69),35),34)),70)),86);
#EqQuartets: 3921225000
Score: 2351313851
ASTRAL for PaRalogs and Orthologs III (ASTRAL-Pro3)
*** NOW with integrated CASTLES-Pro ***
Version: v1.22.3.6
Read 512 genetrees and found 100 species.
#Genetrees: 1000
#Duploss: 0
#Species: 100
#Rounds: 4
#Samples: 4
#Threads: 1
Use two-step algorithm!
Guide Tree 0/16
#NNI moves:4/152
Guide Tree 1/16
#NNI moves:0/152
Guide Tree 2/16
#NNI moves:0/152
Guide Tree 3/16
#NNI moves:0/152
Guide Tree 4/16
#NNI moves:0/152
Guide Tree 5/16
#NNI moves:2/152
Guide Tree 6/16
#NNI moves:0/152
Guide Tree 7/16
#NNI moves:2/152
Guide Tree 8/16
#NNI moves:0/152
Guide Tree 9/16
#NNI moves:0/152
Guide Tree 10/16
#NNI moves:0/152
Guide Tree 11/16
#NNI moves:0/152
Guide Tree 12/16
#NNI moves:2/152
Guide Tree 13/16
#NNI moves:0/152
Guide Tree 14/16
#NNI moves:2/152
Guide Tree 15/16
#NNI moves:0/152
Remaining: 0
#NNI moves:8/152
#NNI moves:10/152
(((((((((((((((((((6,44),56),52),(32,57)),66),(((53,(11,40)),((72,(16,(27,26))),76)),(14,(18,(67,2))))),(((65,(49,(78,1))),(((62,70),((7,61),(69,36))),(58,21))),29)),((20,(9,17)),((73,(77,12)),3))),(((37,38),((60,47),(71,22))),(((((((95,85),90),(84,93)),(96,(87,81))),(97,94)),((((86,(92,91)),83),98),99)),((88,89),(100,82))))),((75,31),55)),(((((24,80),((63,68),48)),5),(59,42)),(25,46))),((35,51),50)),(8,(39,74))),((33,43),19)),(41,((34,15),4))),(((10,64),54),23)),(79,(13,28))),45),30);
Guide Tree 0/16
#NNI moves:2/152
Guide Tree 1/16
#NNI moves:0/152
Guide Tree 2/16
#NNI moves:2/152
Guide Tree 3/16
#NNI moves:0/152
Guide Tree 4/16
#NNI moves:0/152
Guide Tree 5/16
#NNI moves:0/152
Guide Tree 6/16
#NNI moves:0/152
Guide Tree 7/16
#NNI moves:0/152
Guide Tree 8/16
#NNI moves:0/152
Guide Tree 9/16
#NNI moves:6/152
Guide Tree 10/16
#NNI moves:0/152
Guide Tree 11/16
#NNI moves:0/152
Guide Tree 12/16
#NNI moves:0/152
Guide Tree 13/16
#NNI moves:0/152
Guide Tree 14/16
#NNI moves:0/152
Guide Tree 15/16
#NNI moves:0/152
Remaining: 0
#NNI moves:4/152
#NNI moves:4/152
(((((((((((((((((57,32),((56,(44,6)),52)),66),((((((27,26),16),72),76),(53,(11,40))),(((67,2),18),14))),(((((62,70),((61,7),(69,36))),(21,58)),(((1,78),49),65)),29)),((20,(9,17)),(((12,77),73),3))),(((((((81,87),96),(((85,95),90),(84,93))),(97,94)),(((83,((92,91),86)),98),99)),((88,89),(100,82))),(((22,71),(47,60)),(37,38)))),((31,75),55)),((46,25),(((((63,68),48),(24,80)),5),(59,42)))),((35,51),50)),((74,39),8)),((33,43),19)),((4,(34,15)),41)),(23,((10,64),54))),((28,13),79)),45),30);
Guide Tree 0/16
#NNI moves:0/152
Guide Tree 1/16
#NNI moves:0/152
Guide Tree 2/16
#NNI moves:0/152
Guide Tree 3/16
#NNI moves:0/152
Guide Tree 4/16
#NNI moves:0/152
Guide Tree 5/16
#NNI moves:0/152
Guide Tree 6/16
#NNI moves:0/152
Guide Tree 7/16
#NNI moves:0/152
Guide Tree 8/16
#NNI moves:0/152
Guide Tree 9/16
#NNI moves:0/152
Guide Tree 10/16
#NNI moves:0/152
Guide Tree 11/16
#NNI moves:0/152
Guide Tree 12/16
#NNI moves:2/152
Guide Tree 13/16
#NNI moves:0/152
Guide Tree 14/16
#NNI moves:0/152
Guide Tree 15/16
#NNI moves:6/152
Remaining: 1
#NNI moves:16/152
#NNI moves:16/152
(((((((((((((((((57,32),((56,(44,6)),52)),66),(((76,(((27,26),16),72)),(53,(11,40))),(14,((2,67),18)))),((((58,21),(((36,69),(61,7)),(70,62))),(65,(49,(78,1)))),29)),(((73,(77,12)),3),((17,9),20))),((((88,89),(100,82)),((((((85,95),90),(84,93)),((81,87),96)),(94,97)),(((83,((91,92),86)),98),99))),((38,37),((60,47),(22,71))))),((31,75),55)),(((((24,80),(48,(68,63))),5),(59,42)),(46,25))),((35,51),50)),((74,39),8)),(19,(33,43))),(41,((34,15),4))),(((10,64),54),23)),((13,28),79)),45),30);
Guide Tree 0/16
#NNI moves:0/152
Guide Tree 1/16
#NNI moves:0/152
Guide Tree 2/16
#NNI moves:0/152
Guide Tree 3/16
#NNI moves:0/152
Guide Tree 4/16
#NNI moves:0/152
Guide Tree 5/16
#NNI moves:0/152
Guide Tree 6/16
#NNI moves:0/152
Guide Tree 7/16
#NNI moves:0/152
Guide Tree 8/16
#NNI moves:2/152
Guide Tree 9/16
#NNI moves:6/152
Guide Tree 10/16
#NNI moves:0/152
Guide Tree 11/16
#NNI moves:0/152
Guide Tree 12/16
#NNI moves:0/152
Guide Tree 13/16
#NNI moves:0/152
Guide Tree 14/16
#NNI moves:0/152
Guide Tree 15/16
#NNI moves:0/152
Remaining: 0
#NNI moves:4/152
#NNI moves:4/152
(((((((((((((((((52,(56,(6,44))),(57,32)),66),((((2,67),18),14),((76,(72,((26,27),16))),(53,(40,11))))),(((65,(49,(1,78))),(((70,62),((7,61),(69,36))),(58,21))),29)),((((77,12),73),3),(20,(17,9)))),((((((((91,92),86),83),98),99),((((81,87),96),(((95,85),90),(84,93))),(97,94))),((100,82),(89,88))),((38,37),((60,47),(71,22))))),(55,(31,75))),(((((48,(63,68)),(24,80)),5),(42,59)),(25,46))),((51,35),50)),(8,(74,39))),((33,43),19)),(((34,15),4),41)),(((10,64),54),23)),((13,28),79)),45),30);
Initial score: 2.2891e+09
Initial tree: (((((((((((((((((52,(56,(6,44))),(57,32)),66),((((2,67),18),14),((76,(72,((26,27),16))),(53,(40,11))))),(((65,(49,(1,78))),(((70,62),((7,61),(69,36))),(58,21))),29)),((((77,12),73),3),(20,(17,9)))),((((((((91,92),86),83),98),99),((((81,87),96),(((95,85),90),(84,93))),(97,94))),((100,82),(89,88))),((38,37),((60,47),(71,22))))),(55,(31,75))),(((((48,(63,68)),(24,80)),5),(42,59)),(25,46))),((51,35),50)),(8,(74,39))),((33,43),19)),(((34,15),4),41)),(((10,64),54),23)),((13,28),79)),45),30);
*** Subsample Process ***
Use two-step algorithm!
#NNI moves:0/152
Remaining: 0
#NNI moves:8/152
#NNI moves:12/152
((((((((((((((((10,64),54),23),((45,30),((28,13),79))),(((15,34),4),41)),((33,43),19)),((74,39),8)),((35,51),50)),(((((24,80),((68,63),48)),5),(42,59)),(25,46))),(55,(31,75))),((((((83,((91,92),86)),98),99),(((96,(87,81)),((84,93),((95,85),90))),(97,94))),((100,82),(89,88))),(((71,22),(60,47)),(37,38)))),(((17,9),20),((73,(77,12)),3))),(((((62,70),((69,36),(61,7))),(21,58)),(65,((78,1),49))),29)),(((18,(2,67)),14),(((72,(16,(27,26))),76),((40,11),53)))),((((44,6),56),52),(57,32))),66);
#NNI moves:2/152
Remaining: 2
#NNI moves:32/152
#NNI moves:34/152
((((((((((35,51),50),(((((((((((91,92),86),83),98),99),(((96,(87,81)),(((85,95),90),(93,84))),(94,97))),((88,89),(100,82))),(((60,47),(22,71)),(37,38))),((((((18,(2,67)),14),(((72,((26,27),16)),76),((11,40),53))),(((32,57),(((6,44),56),52)),66)),(((((70,62),((36,69),(7,61))),(58,21)),(((78,1),49),65)),29)),(((17,9),20),(((12,77),73),3)))),((31,75),55)),((25,46),((5,((48,(63,68)),(80,24))),(42,59))))),((39,74),8)),(19,(43,33))),((4,(15,34)),41)),(((64,10),54),23)),(79,(13,28))),30),45);
#NNI moves:0/152
Remaining: 0
#NNI moves:6/152
#NNI moves:6/152
((((((((((((((((72,((26,27),16)),76),(53,(40,11))),(((67,2),18),14)),(((32,57),(((6,44),56),52)),66)),(((((62,70),((61,7),(36,69))),(58,21)),((49,(78,1)),65)),29)),(((17,9),20),(3,((77,12),73)))),(((((((80,24),((68,63),48)),5),(42,59)),(46,25)),((50,(35,51)),(((((((28,13),79),(30,45)),(((64,10),54),23)),(((15,34),4),41)),(19,(33,43))),((74,39),8)))),((75,31),55))),(((60,47),(22,71)),(38,37))),((100,82),(89,88))),(99,((((91,92),86),83),98))),(97,94)),(96,(81,87))),((85,95),90)),84),93);
#NNI moves:0/152
Remaining: 1
#NNI moves:4/152
#NNI moves:4/152
((((((((((((((((((62,70),((7,61),(69,36))),(21,58)),(((1,78),49),65)),29),((((76,((16,(27,26)),72)),(53,(40,11))),(14,(18,(67,2)))),(((52,((6,44),56)),(57,32)),66))),(((73,(77,12)),3),((9,17),20))),((((89,88),(82,100)),(((94,97),(((87,81),96),((93,84),((95,85),90)))),((((86,(92,91)),83),98),99))),(((60,47),(71,22)),(37,38)))),((75,31),55)),(((((24,80),(48,(63,68))),5),(42,59)),(25,46))),((51,35),50)),((39,74),8)),((43,33),19)),(41,((34,15),4))),(((64,10),54),23)),(45,30)),(28,13)),79);
Current score: 2.2891e+09
Current tree: ((45,((((((((((((((((62,70),((7,61),(69,36))),(21,58)),(((1,78),49),65)),29),((((76,((16,(27,26)),72)),(53,(40,11))),(14,(18,(67,2)))),(((52,((6,44),56)),(57,32)),66))),(((73,(77,12)),3),((9,17),20))),((((89,88),(82,100)),(((94,97),(((87,81),96),((93,84),((95,85),90)))),((((86,(92,91)),83),98),99))),(((60,47),(71,22)),(37,38)))),((75,31),55)),(((((24,80),(48,(63,68))),5),(42,59)),(25,46))),((51,35),50)),((39,74),8)),((43,33),19)),(41,((34,15),4))),(((64,10),54),23)),((28,13),79))),30);
Final Tree: ((45,((((((((((((((((62,70),((7,61),(69,36))),(21,58)),(((1,78),49),65)),29),((((76,((16,(27,26)),72)),(53,(40,11))),(14,(18,(67,2)))),(((52,((6,44),56)),(57,32)),66))),(((73,(77,12)),3),((9,17),20))),((((89,88),(82,100)),(((94,97),(((87,81),96),((93,84),((95,85),90)))),((((86,(92,91)),83),98),99))),(((60,47),(71,22)),(37,38)))),((75,31),55)),(((((24,80),(48,(63,68))),5),(42,59)),(25,46))),((51,35),50)),((39,74),8)),((43,33),19)),(41,((34,15),4))),(((64,10),54),23)),((28,13),79))),30);
#EqQuartets: 3921225000
Score: 2289101887
ASTRAL for PaRalogs and Orthologs III (ASTRAL-Pro3)
*** NOW with integrated CASTLES-Pro ***
Version: v1.22.3.6
Read 512 genetrees and found 100 species.
#Genetrees: 1000
#Duploss: 0
#Species: 100
#Rounds: 4
#Samples: 4
#Threads: 1
Use two-step algorithm!
Guide Tree 0/16
#NNI moves:0/152
Guide Tree 1/16
#NNI moves:0/152
Guide Tree 2/16
#NNI moves:0/152
Guide Tree 3/16
#NNI moves:6/152
Guide Tree 4/16
#NNI moves:0/152
Guide Tree 5/16
#NNI moves:0/152
Guide Tree 6/16
#NNI moves:2/152
Guide Tree 7/16
#NNI moves:0/152
Guide Tree 8/16
#NNI moves:0/152
Guide Tree 9/16
#NNI moves:2/152
Guide Tree 10/16
#NNI moves:0/152
Guide Tree 11/16
#NNI moves:2/152
Guide Tree 12/16
#NNI moves:2/152
Guide Tree 13/16
#NNI moves:0/152
Guide Tree 14/16
#NNI moves:0/152
Guide Tree 15/16
#NNI moves:0/152
Remaining: 0
#NNI moves:18/152
#NNI moves:18/152
((((((((((((((4,55),10),36),(((66,27),83),(((((42,70),(18,57)),46),(87,25)),22))),(14,35)),(59,89)),((((49,47),(30,26)),((19,68),((76,77),((52,13),91)))),(((9,((43,5),(33,50))),(67,(65,12))),(21,((84,53),(75,51)))))),(((96,45),(((56,79),11),94)),(((99,98),100),97))),(((((90,(1,60)),29),34),93),((86,54),(72,3)))),((44,23),15)),(((20,((24,7),81)),((41,39),63)),(31,62))),((((48,80),64),((92,(40,(58,32))),(88,17))),(((38,(2,((74,16),73))),85),((((37,6),78),82),95)))),((28,8),(69,71))),61);
Guide Tree 0/16
#NNI moves:0/152
Guide Tree 1/16
#NNI moves:0/152
Guide Tree 2/16
#NNI moves:0/152
Guide Tree 3/16
#NNI moves:0/152
Guide Tree 4/16
#NNI moves:0/152
Guide Tree 5/16
#NNI moves:0/152
Guide Tree 6/16
#NNI moves:0/152
Guide Tree 7/16
#NNI moves:0/152
Guide Tree 8/16
#NNI moves:2/152
Guide Tree 9/16
#NNI moves:0/152
Guide Tree 10/16
#NNI moves:6/152
Guide Tree 11/16
#NNI moves:2/152
Guide Tree 12/16
#NNI moves:0/152
Guide Tree 13/16
#NNI moves:0/152
Guide Tree 14/16
#NNI moves:0/152
Guide Tree 15/16
#NNI moves:2/152
Remaining: 0
#NNI moves:4/152
#NNI moves:4/152
(((((((((((((((87,25),(46,((70,42),(57,18)))),22),(83,(27,66))),(((4,55),10),36)),(14,35)),(59,89)),((((9,((33,50),(43,5))),((12,65),67)),(((75,51),(84,53)),21)),((((77,76),((13,52),91)),(19,68)),((30,26),(47,49))))),((((11,(79,56)),94),(96,45)),((100,(98,99)),97))),(((72,3),(86,54)),(((((60,1),90),29),34),93))),((23,44),15)),(((63,(39,41)),(((7,24),81),20)),(62,31))),((((38,(2,((74,16),73))),85),((((6,37),78),82),95)),((64,(80,48)),((((58,32),40),92),(88,17))))),((71,69),(28,8))),61);
Guide Tree 0/16
#NNI moves:0/152
Guide Tree 1/16
#NNI moves:0/152
Guide Tree 2/16
#NNI moves:0/152
Guide Tree 3/16
#NNI moves:6/152
Guide Tree 4/16
#NNI moves:2/152
Guide Tree 5/16
#NNI moves:0/152
Guide Tree 6/16
#NNI moves:0/152
Guide Tree 7/16
#NNI moves:0/152
Guide Tree 8/16
#NNI moves:0/152
Guide Tree 9/16
#NNI moves:2/152
Guide Tree 10/16
#NNI moves:0/152
Guide Tree 11/16
#NNI moves:2/152
Guide Tree 12/16
#NNI moves:0/152
Guide Tree 13/16
#NNI moves:2/152
Guide Tree 14/16
#NNI moves:0/152
Guide Tree 15/16
#NNI moves:0/152
Remaining: 0
#NNI moves:12/152
#NNI moves:12/152
(((((((((((((((((18,57),(42,70)),46),(87,25)),22),((66,27),83)),((10,(55,4)),36)),(14,35)),(59,89)),(((((75,51),(53,84)),21),((((50,33),(5,43)),9),((12,65),67))),(((26,30),(49,47)),((((13,52),91),(77,76)),(19,68))))),(((96,45),(94,(11,(56,79)))),(97,(100,(99,98))))),(((86,54),(3,72)),((((90,(1,60)),29),34),93))),(15,(23,44))),(((63,(39,41)),(((7,24),81),20)),(62,31))),((((88,17),(92,((58,32),40))),((48,80),64)),(((38,(((74,16),73),2)),85),((82,((37,6),78)),95)))),((71,69),(28,8))),61);
Guide Tree 0/16
#NNI moves:0/152
Guide Tree 1/16
#NNI moves:0/152
Guide Tree 2/16
#NNI moves:0/152
Guide Tree 3/16
#NNI moves:0/152
Guide Tree 4/16
#NNI moves:0/152
Guide Tree 5/16
#NNI moves:0/152
Guide Tree 6/16
#NNI moves:0/152
Guide Tree 7/16
#NNI moves:0/152
Guide Tree 8/16
#NNI moves:0/152
Guide Tree 9/16
#NNI moves:0/152
Guide Tree 10/16
#NNI moves:0/152
Guide Tree 11/16
#NNI moves:0/152
Guide Tree 12/16
#NNI moves:0/152
Guide Tree 13/16
#NNI moves:0/152
Guide Tree 14/16
#NNI moves:0/152
Guide Tree 15/16
#NNI moves:0/152
Remaining: 0
#NNI moves:12/152
#NNI moves:34/152
(((((((((((((((((57,18),(42,70)),46),(25,87)),22),((27,66),83)),(((55,4),10),36)),(35,14)),(59,89)),(((((53,84),(75,51)),21),((67,(12,65)),(9,((43,5),(50,33))))),(((26,30),(49,47)),((76,(((13,52),91),77)),(68,19))))),((96,((((79,56),11),94),45)),(((99,98),100),97))),(((3,72),(54,86)),(((((60,1),90),29),34),93))),((23,44),15)),(((((24,7),81),20),(63,(41,39))),(62,31))),(((85,(((73,(74,16)),2),38)),(95,(82,(78,(37,6))))),(((48,80),64),((92,((32,58),40)),(17,88))))),((69,71),(28,8))),61);
Initial score: 2.30545e+09
Initial tree: (((((((((((((((((57,18),(42,70)),46),(25,87)),22),((27,66),83)),(((55,4),10),36)),(35,14)),(59,89)),(((((53,84),(75,51)),21),((67,(12,65)),(9,((43,5),(50,33))))),(((26,30),(49,47)),((((13,52),91),(77,76)),(68,19))))),(((96,45),(((79,56),11),94)),(((99,98),100),97))),(((3,72),(54,86)),(((((60,1),90),29),34),93))),((23,44),15)),(((((24,7),81),20),(63,(41,39))),(62,31))),(((85,(((73,(74,16)),2),38)),(95,(82,(78,(37,6))))),(((48,80),64),((92,((32,58),40)),(17,88))))),((69,71),(28,8))),61);
*** Subsample Process ***
Use two-step algorithm!
#NNI moves:2/152
Remaining: 0
#NNI moves:6/152
#NNI moves:6/152
((((((((((((((((17,88),(92,((58,32),40))),((48,80),64)),((((2,((16,74),73)),38),85),(95,(((37,6),78),82)))),(((69,71),(8,28)),61)),(((((24,7),81),20),((39,41),63)),(31,62))),(15,(23,44))),(((34,((90,(1,60)),29)),93),((54,86),(3,72)))),(((96,45),(((56,79),11),94)),((100,(99,98)),97))),((((26,30),(47,49)),((19,68),(((52,13),91),(76,77)))),(((67,(12,65)),(((5,43),(33,50)),9)),(((53,84),(51,75)),21)))),(59,89)),(14,35)),(((4,55),10),36)),(83,(66,27))),((87,25),(((42,70),(18,57)),46))),22);
#NNI moves:2/152
Remaining: 0
#NNI moves:10/152
#NNI moves:10/152
(((((((((((((((67,(65,12)),(((50,33),(5,43)),9)),(((84,53),(51,75)),21)),(((30,26),(49,47)),((((52,13),91),(76,77)),(19,68)))),((((((27,66),83),(((((42,70),(57,18)),46),(25,87)),22)),((10,(55,4)),36)),(14,35)),(89,59))),((((98,99),100),97),((((56,79),11),94),(45,96)))),((((((60,1),90),29),34),93),((54,86),(3,72)))),(15,(23,44))),((((81,(24,7)),20),((41,39),63)),(31,62))),(((28,8),(71,69)),61)),((((((16,74),73),2),38),85),(95,((78,(37,6)),82)))),(64,(80,48))),(88,17)),((32,58),40)),92);
#NNI moves:0/152
Remaining: 0
#NNI moves:2/152
#NNI moves:2/152
(((((((((((((((((((42,70),(57,18)),46),(25,87)),22),(83,(27,66))),(((4,55),10),36)),(14,35)),(59,89)),((((9,((33,50),(5,43))),((12,65),67)),(((84,53),(75,51)),21)),(((68,19),(((52,13),91),(77,76))),((49,47),(30,26))))),(((100,(99,98)),97),((45,96),(94,(11,(79,56)))))),(((72,3),(86,54)),((34,(29,((60,1),90))),93))),((44,23),15)),((((81,(24,7)),20),((41,39),63)),(62,31))),((((82,(78,(37,6))),95),(((2,((16,74),73)),38),85)),(((92,((32,58),40)),(17,88)),(64,(48,80))))),61),(69,71)),8),28);
#NNI moves:0/152
Remaining: 0
#NNI moves:6/152
#NNI moves:14/152
(((((((((((((((((((6,37),78),82),95),(((((74,16),73),2),38),85)),(((48,80),64),((((32,58),40),92),(88,17)))),(((28,8),(71,69)),61)),((31,62),((((24,7),81),20),((41,39),63)))),(15,(44,23))),(((86,54),(72,3)),((34,(((1,60),90),29)),93))),((97,(100,(98,99))),((96,45),(((79,56),11),94)))),(((((77,76),(91,(52,13))),(68,19)),((26,30),(47,49))),(((((43,5),(33,50)),9),((12,65),67)),(((53,84),(75,51)),21)))),(89,59)),(35,14)),(((4,55),10),36)),(((((18,57),(42,70)),46),(87,25)),22)),83),66),27);
Current score: 2.30545e+09
Current tree: ((((28,8),(71,69)),(((((((6,37),78),82),95),(((((74,16),73),2),38),85)),(((48,80),64),((((32,58),40),92),(88,17)))),(((31,62),((((24,7),81),20),((41,39),63))),((15,(44,23)),((((86,54),(72,3)),((34,(((1,60),90),29)),93)),(((97,(100,(98,99))),((96,45),(((79,56),11),94))),((((((77,76),(91,(52,13))),(68,19)),((26,30),(47,49))),(((((43,5),(33,50)),9),((12,65),67)),(((53,84),(75,51)),21))),((89,59),((35,14),((((4,55),10),36),((((((18,57),(42,70)),46),(87,25)),22),(83,(66,27))))))))))))),61);
Final Tree: ((((28,8),(71,69)),(((((((6,37),78),82),95),(((((74,16),73),2),38),85)),(((48,80),64),((((32,58),40),92),(88,17)))),(((31,62),((((24,7),81),20),((41,39),63))),((15,(44,23)),((((86,54),(72,3)),((34,(((1,60),90),29)),93)),(((97,(100,(98,99))),((96,45),(((79,56),11),94))),((((((77,76),(91,(52,13))),(68,19)),((26,30),(47,49))),(((((43,5),(33,50)),9),((12,65),67)),(((53,84),(75,51)),21))),((89,59),((35,14),((((4,55),10),36),((((((18,57),(42,70)),46),(87,25)),22),(83,(66,27))))))))))))),61);
#EqQuartets: 3921225000
Score: 2305454307
ASTRAL for PaRalogs and Orthologs III (ASTRAL-Pro3)
*** NOW with integrated CASTLES-Pro ***
Version: v1.22.3.6
Read 512 genetrees and found 100 species.
#Genetrees: 1000
#Duploss: 0
#Species: 100
#Rounds: 4
#Samples: 4
#Threads: 1
Use two-step algorithm!
Guide Tree 0/16
#NNI moves:0/152
Guide Tree 1/16
#NNI moves:0/152
Guide Tree 2/16
#NNI moves:0/152
Guide Tree 3/16
#NNI moves:0/152
Guide Tree 4/16
#NNI moves:0/152
Guide Tree 5/16
#NNI moves:0/152
Guide Tree 6/16
#NNI moves:0/152
Guide Tree 7/16
#NNI moves:0/152
Guide Tree 8/16
#NNI moves:0/152
Guide Tree 9/16
#NNI moves:0/152
Guide Tree 10/16
#NNI moves:0/152
Guide Tree 11/16
#NNI moves:0/152
Guide Tree 12/16
#NNI moves:0/152
Guide Tree 13/16
#NNI moves:0/152
Guide Tree 14/16
#NNI moves:0/152
Guide Tree 15/16
#NNI moves:0/152
Remaining: 3
#NNI moves:12/152
#NNI moves:12/152
((((((((((((((27,53),87),38),(67,((((91,79),89),68),(52,48)))),(((72,43),70),57)),(((23,22),17),(60,82))),((97,40),((((((55,20),(((44,33),(66,(29,56))),(37,100))),45),86),8),(30,49)))),((2,3),(((6,5),(7,4)),1))),(((((((42,(32,15)),(31,74)),(50,25)),47),((93,16),9)),((((((81,26),(11,69)),(((46,24),99),12)),65),(71,73)),(28,(83,35)))),(((((41,75),76),34),95),54))),((62,90),(((39,18),59),10))),(((((13,96),(36,58)),(63,94)),(51,64)),((80,(21,92)),((14,(84,77)),19)))),((88,85),78)),98),61);
Guide Tree 0/16
#NNI moves:0/152
Guide Tree 1/16
#NNI moves:4/152
Guide Tree 2/16
#NNI moves:0/152
Guide Tree 3/16
#NNI moves:0/152
Guide Tree 4/16
#NNI moves:0/152
Guide Tree 5/16
#NNI moves:2/152
Guide Tree 6/16
#NNI moves:4/152
Guide Tree 7/16
#NNI moves:0/152
Guide Tree 8/16
#NNI moves:0/152
Guide Tree 9/16
#NNI moves:2/152
Guide Tree 10/16
#NNI moves:2/152
Guide Tree 11/16
#NNI moves:2/152
Guide Tree 12/16
#NNI moves:0/152
Guide Tree 13/16
#NNI moves:2/152
Guide Tree 14/16
#NNI moves:0/152
Guide Tree 15/16
#NNI moves:6/152
Remaining: 0
#NNI moves:4/152
#NNI moves:4/152
((((((((((((50,25),((31,74),((15,32),42))),47),((16,93),9)),((((((81,26),(11,69)),(((46,24),99),12)),65),(73,71)),((35,83),28))),(((((75,41),76),34),95),54)),((((((70,(43,72)),57),((38,((53,27),87)),(((((91,79),89),68),(52,48)),67))),(((22,23),17),(60,82))),((((86,((((37,100),((33,44),(66,(29,56)))),(20,55)),45)),8),(30,49)),(97,40))),((((4,7),(5,6)),1),(3,2)))),((10,(59,(18,39))),(62,90))),((((21,92),80),(19,(14,(77,84)))),((((58,36),(13,96)),(94,63)),(64,51)))),((85,88),78)),98),61);
Guide Tree 0/16
#NNI moves:0/152
Guide Tree 1/16
#NNI moves:0/152
Guide Tree 2/16
#NNI moves:0/152
Guide Tree 3/16
#NNI moves:0/152
Guide Tree 4/16
#NNI moves:0/152
Guide Tree 5/16
#NNI moves:0/152
Guide Tree 6/16
#NNI moves:2/152
Guide Tree 7/16
#NNI moves:0/152
Guide Tree 8/16
#NNI moves:0/152
Guide Tree 9/16
#NNI moves:0/152
Guide Tree 10/16
#NNI moves:0/152
Guide Tree 11/16
#NNI moves:0/152
Guide Tree 12/16
#NNI moves:0/152
Guide Tree 13/16
#NNI moves:0/152
Guide Tree 14/16
#NNI moves:0/152
Guide Tree 15/16
#NNI moves:0/152
Remaining: 0
#NNI moves:10/152
#NNI moves:16/152
((((((((((((70,(72,43)),57),(((87,(53,27)),38),(((68,((79,91),89)),(48,52)),67))),((82,60),(17,(23,22)))),(((30,49),(8,(((((((29,56),66),(44,33)),(100,37)),(55,20)),45),86))),(40,97))),((((5,6),(7,4)),1),(2,3))),(((((16,93),9),(((50,25),((31,74),((15,32),42))),47)),(((((((46,24),99),12),((69,11),(81,26))),65),(73,71)),((35,83),28))),((95,(((75,41),76),34)),54))),((62,90),(((18,39),59),10))),(((((84,77),14),19),((21,92),80)),(((94,63),((96,13),(58,36))),(51,64)))),((88,85),78)),98),61);
Guide Tree 0/16
#NNI moves:4/152
Guide Tree 1/16
#NNI moves:0/152
Guide Tree 2/16
#NNI moves:2/152
Guide Tree 3/16
#NNI moves:0/152
Guide Tree 4/16
#NNI moves:0/152
Guide Tree 5/16
#NNI moves:0/152
Guide Tree 6/16
#NNI moves:2/152
Guide Tree 7/16
#NNI moves:2/152
Guide Tree 8/16
#NNI moves:0/152
Guide Tree 9/16
#NNI moves:0/152
Guide Tree 10/16
#NNI moves:2/152
Guide Tree 11/16
#NNI moves:0/152
Guide Tree 12/16
#NNI moves:0/152
Guide Tree 13/16
#NNI moves:0/152
Guide Tree 14/16
#NNI moves:0/152
Guide Tree 15/16
#NNI moves:0/152
Remaining: 4
#NNI moves:16/152
#NNI moves:16/152
(((((((((((((((20,55),(((33,44),(66,(29,56))),(37,100))),45),86),8),(30,49)),(97,40)),((((((27,53),87),38),(67,((52,48),(((91,79),89),68)))),(57,((43,72),70))),((82,60),((23,22),17)))),((((4,7),(6,5)),1),(2,3))),((((((((26,81),(11,69)),((99,(46,24)),12)),65),(73,71)),(28,(35,83))),((((25,50),(((15,32),42),(31,74))),47),(9,(16,93)))),(((((75,41),76),34),95),54))),((((18,39),59),10),(90,62))),((((92,21),80),(19,(14,(77,84)))),((64,51),(((96,13),(58,36)),(94,63))))),((88,85),78)),98),61);
Initial score: 2.27975e+09
Initial tree: (((((((((((((((20,55),(((33,44),(66,(29,56))),(37,100))),45),86),8),(30,49)),(97,40)),((((((27,53),87),38),(67,((52,48),(((91,79),89),68)))),(57,((43,72),70))),((82,60),((23,22),17)))),((((4,7),(6,5)),1),(2,3))),((((((((26,81),(11,69)),((99,(46,24)),12)),65),(73,71)),(28,(35,83))),((((25,50),(((15,32),42),(31,74))),47),(9,(16,93)))),(((((75,41),76),34),95),54))),((((18,39),59),10),(90,62))),((((92,21),80),(19,(14,(77,84)))),((64,51),(((96,13),(58,36)),(94,63))))),((88,85),78)),98),61);
*** Subsample Process ***
Use two-step algorithm!
#NNI moves:2/152
Remaining: 0
#NNI moves:30/152
#NNI moves:56/152
((((((((((((((((51,64),((94,63),((13,96),(58,36)))),(((92,21),80),(((77,84),14),19))),(((88,85),78),(98,61))),((((39,18),59),10),(90,62))),((((28,(35,83)),(((((26,81),(11,69)),(((24,46),99),12)),65),(71,73))),((((50,25),((31,74),((32,15),42))),47),((93,16),9))),(((((41,75),76),34),95),54))),((((5,6),(7,4)),1),(2,3))),((((((((91,79),89),68),(48,52)),67),(((27,53),87),38)),(57,((43,72),70))),(((22,23),17),(82,60)))),(40,97)),(30,49)),8),86),45),(((66,(56,29)),(44,33)),(37,100))),20),55);
#NNI moves:0/152
Remaining: 0
#NNI moves:10/152
#NNI moves:10/152
((((((((((((((((((56,29),66),(33,44)),(100,37)),(20,55)),45),86),8),(30,49)),(40,97)),((((70,(43,72)),57),((((((79,91),89),68),(48,52)),67),((87,(27,53)),38))),((17,(22,23)),(82,60)))),((2,3),(((5,6),(4,7)),1))),((((((((69,11),(81,26)),(((24,46),99),12)),65),(73,71)),(28,(83,35))),((((((32,15),42),(31,74)),(50,25)),47),((16,93),9))),(54,((((41,75),76),34),95)))),((((39,18),59),10),(90,62))),((((63,94),((13,96),(58,36))),(64,51)),(((92,21),80),((14,(77,84)),19)))),(98,61)),(88,85)),78);
#NNI moves:0/152
Remaining: 1
#NNI moves:8/152
#NNI moves:10/152
(((((((((((((((32,15),42),(31,74)),(50,25)),47),((93,16),9)),((((((81,26),(11,69)),(((46,24),99),12)),65),(71,73)),((35,83),28))),(((34,((41,75),76)),95),54)),((((((63,94),((96,13),(58,36))),(64,51)),(((92,21),80),(((77,84),14),19))),(((85,88),78),(98,61))),(((59,(18,39)),10),(90,62)))),((2,3),(((6,5),(7,4)),1))),((((((((91,79),89),68),(48,52)),67),(((27,53),87),38)),(((43,72),70),57)),(((23,22),17),(60,82)))),(97,40)),(30,49)),((((((66,(56,29)),(33,44)),(100,37)),(55,20)),45),86)),8);
#NNI moves:6/152
Remaining: 0
#NNI moves:10/152
#NNI moves:10/152
(((((((((((((((((91,79),89),68),(52,48)),67),((87,(27,53)),38)),(57,((72,43),70))),(((23,22),17),(60,82))),((((((((((29,56),66),(44,33)),(37,100)),(55,20)),45),86),8),(49,30)),(40,97))),((((7,4),(6,5)),1),(3,2))),((((((((81,26),(69,11)),(12,(99,(46,24)))),65),(73,71)),((35,83),28)),((((25,50),(((15,32),42),(74,31))),47),(9,(16,93)))),((((76,(41,75)),34),95),54))),((90,62),(((18,39),59),10))),(((51,64),((94,63),((13,96),(36,58)))),(((92,21),80),(((84,77),14),19)))),(61,98)),78),85),88);
Current score: 2.27975e+09
Current tree: ((98,((((((((((((((91,79),89),68),(52,48)),67),((87,(27,53)),38)),(57,((72,43),70))),(((23,22),17),(60,82))),((((((((((29,56),66),(44,33)),(37,100)),(55,20)),45),86),8),(49,30)),(40,97))),((((7,4),(6,5)),1),(3,2))),((((((((81,26),(69,11)),(12,(99,(46,24)))),65),(73,71)),((35,83),28)),((((25,50),(((15,32),42),(74,31))),47),(9,(16,93)))),((((76,(41,75)),34),95),54))),((90,62),(((18,39),59),10))),(((51,64),((94,63),((13,96),(36,58)))),(((92,21),80),(((84,77),14),19)))),(78,(85,88)))),61);
Final Tree: ((98,((((((((((((((91,79),89),68),(52,48)),67),((87,(27,53)),38)),(57,((72,43),70))),(((23,22),17),(60,82))),((((((((((29,56),66),(44,33)),(37,100)),(55,20)),45),86),8),(49,30)),(40,97))),((((7,4),(6,5)),1),(3,2))),((((((((81,26),(69,11)),(12,(99,(46,24)))),65),(73,71)),((35,83),28)),((((25,50),(((15,32),42),(74,31))),47),(9,(16,93)))),((((76,(41,75)),34),95),54))),((90,62),(((18,39),59),10))),(((51,64),((94,63),((13,96),(36,58)))),(((92,21),80),(((84,77),14),19)))),(78,(85,88)))),61);
#EqQuartets: 3921225000
Score: 2279752010
ASTRAL for PaRalogs and Orthologs III (ASTRAL-Pro3)
*** NOW with integrated CASTLES-Pro ***
Version: v1.22.3.6
Read 512 genetrees and found 100 species.
#Genetrees: 1000
#Duploss: 0
#Species: 100
#Rounds: 4
#Samples: 4
#Threads: 1
Use two-step algorithm!
Guide Tree 0/16
#NNI moves:0/152
Guide Tree 1/16
#NNI moves:0/152
Guide Tree 2/16
#NNI moves:0/152
Guide Tree 3/16
#NNI moves:0/152
Guide Tree 4/16
#NNI moves:0/152
Guide Tree 5/16
#NNI moves:0/152
Guide Tree 6/16
#NNI moves:0/152
Guide Tree 7/16
#NNI moves:2/152
Guide Tree 8/16
#NNI moves:2/152
Guide Tree 9/16
#NNI moves:0/152
Guide Tree 10/16
#NNI moves:0/152
Guide Tree 11/16
#NNI moves:0/152
Guide Tree 12/16
#NNI moves:0/152
Guide Tree 13/16
#NNI moves:0/152
Guide Tree 14/16
#NNI moves:0/152
Guide Tree 15/16
#NNI moves:0/152
Remaining: 1
#NNI moves:42/152
#NNI moves:42/152
(((((((((((((((((74,67),((57,87),((60,70),(84,93)))),47),(((76,62),(((49,78),50),89)),96)),((((((48,65),51),90),(82,71)),99),79)),54),((98,75),((((((55,53),69),(94,83)),(((88,100),61),(52,56))),((((((73,77),45),66),(58,85)),95),((64,(59,46)),(((80,68),92),63)))),((86,72),((91,97),81))))),((((37,10),21),(31,19)),((14,7),33))),((((((3,34),8),6),1),(9,20)),((43,((2,24),((5,(16,(32,44))),(35,42)))),((17,4),(28,41))))),(27,((18,36),12))),13),(25,(39,23))),(26,38)),(40,30)),(11,22)),15),29);
Guide Tree 0/16
#NNI moves:0/152
Guide Tree 1/16
#NNI moves:0/152
Guide Tree 2/16
#NNI moves:0/152
Guide Tree 3/16
#NNI moves:0/152
Guide Tree 4/16
#NNI moves:0/152
Guide Tree 5/16
#NNI moves:0/152
Guide Tree 6/16
#NNI moves:0/152
Guide Tree 7/16
#NNI moves:0/152
Guide Tree 8/16
#NNI moves:0/152
Guide Tree 9/16
#NNI moves:0/152
Guide Tree 10/16
#NNI moves:0/152
Guide Tree 11/16
#NNI moves:0/152
Guide Tree 12/16
#NNI moves:0/152
Guide Tree 13/16
#NNI moves:0/152
Guide Tree 14/16
#NNI moves:0/152
Guide Tree 15/16
#NNI moves:0/152
Remaining: 0
#NNI moves:14/152
#NNI moves:18/152
(((((((((((((((((((49,78),50),89),(76,62)),96),((((87,57),((84,93),(70,60))),(74,67)),47)),(((((51,(48,65)),90),(71,82)),99),79)),54),(((((((((73,77),45),66),(85,58)),95),(((46,59),64),(63,((80,68),92)))),((((55,53),69),(94,83)),(((100,88),61),(52,56)))),(((91,97),81),(72,86))),(98,75))),(((19,31),((10,37),21)),(33,(7,14)))),(((((2,24),((((44,32),16),5),(35,42))),43),((28,41),(17,4))),(((((3,34),8),6),1),(9,20)))),(((18,36),12),27)),13),((23,39),25)),(38,26)),(30,40)),(11,22)),15),29);
Guide Tree 0/16
#NNI moves:0/152
Guide Tree 1/16
#NNI moves:2/152
Guide Tree 2/16
#NNI moves:2/152
Guide Tree 3/16
#NNI moves:2/152
Guide Tree 4/16
#NNI moves:6/152
Guide Tree 5/16
#NNI moves:2/152
Guide Tree 6/16
#NNI moves:0/152
Guide Tree 7/16
#NNI moves:0/152
Guide Tree 8/16
#NNI moves:0/152
Guide Tree 9/16
#NNI moves:2/152
Guide Tree 10/16
#NNI moves:0/152
Guide Tree 11/16
#NNI moves:0/152
Guide Tree 12/16
#NNI moves:2/152
Guide Tree 13/16
#NNI moves:2/152
Guide Tree 14/16
#NNI moves:2/152
Guide Tree 15/16
#NNI moves:0/152
Remaining: 2
#NNI moves:4/152
#NNI moves:4/152
(((((((((((((((((71,82),(90,((48,65),51))),99),79),(((((87,57),((60,70),(84,93))),(74,67)),47),(96,((89,((49,78),50)),(62,76))))),54),(((((((66,(45,(73,77))),(85,58)),95),((((80,68),92),63),(64,(46,59)))),((((88,100),61),(56,52)),((94,83),((55,53),69)))),(((91,97),81),(72,86))),(75,98))),(((31,19),(21,(10,37))),((14,7),33))),((((((3,34),8),6),1),(20,9)),((((24,2),(((16,(32,44)),5),(42,35))),43),((41,28),(4,17))))),((12,(18,36)),27)),13),((39,23),25)),(38,26)),(30,40)),(22,11)),15),29);
Guide Tree 0/16
#NNI moves:0/152
Guide Tree 1/16
#NNI moves:0/152
Guide Tree 2/16
#NNI moves:0/152
Guide Tree 3/16
#NNI moves:0/152
Guide Tree 4/16
#NNI moves:0/152
Guide Tree 5/16
#NNI moves:0/152
Guide Tree 6/16
#NNI moves:6/152
Guide Tree 7/16
#NNI moves:6/152
Guide Tree 8/16
#NNI moves:2/152
Guide Tree 9/16
#NNI moves:2/152
Guide Tree 10/16
#NNI moves:0/152
Guide Tree 11/16
#NNI moves:0/152
Guide Tree 12/16
#NNI moves:0/152
Guide Tree 13/16
#NNI moves:0/152
Guide Tree 14/16
#NNI moves:0/152
Guide Tree 15/16
#NNI moves:0/152
Remaining: 2
#NNI moves:2/152
#NNI moves:2/152
((((((((((((((((97,91),81),(86,72)),(((((66,((73,77),45)),(85,58)),95),((64,(59,46)),(63,((80,68),92)))),(((83,94),((55,53),69)),((52,56),((100,88),61))))),(75,98)),((((((71,82),(((65,48),51),90)),99),79),((((((78,49),50),89),(76,62)),96),(((74,67),(((60,70),(93,84)),(87,57))),47))),54)),(((7,14),33),(((37,10),21),(31,19)))),((((4,17),(28,41)),(((2,24),((((32,44),16),5),(42,35))),43)),(((6,((34,3),8)),1),(20,9)))),(((18,36),12),27)),13),((23,39),25)),(38,26)),(30,40)),(22,11)),15),29);
Initial score: 2.42576e+09
Initial tree: ((((((((((((((((97,91),81),(86,72)),(((((66,((73,77),45)),(85,58)),95),((64,(59,46)),(63,((80,68),92)))),(((83,94),((55,53),69)),((52,56),((100,88),61))))),(75,98)),((((((71,82),(((65,48),51),90)),99),79),((((((78,49),50),89),(76,62)),96),(((74,67),(((60,70),(93,84)),(87,57))),47))),54)),(((7,14),33),(((37,10),21),(31,19)))),((((4,17),(28,41)),(((2,24),((((32,44),16),5),(42,35))),43)),(((6,((34,3),8)),1),(20,9)))),(((18,36),12),27)),13),((23,39),25)),(38,26)),(30,40)),(22,11)),15),29);
*** Subsample Process ***
Use two-step algorithm!
#NNI moves:0/152
Remaining: 1
#NNI moves:8/152
#NNI moves:12/152
(((((((((((((71,82),(90,((65,48),51))),99),79),(((((50,(49,78)),89),(76,62)),96),(((74,67),(((60,70),(84,93)),(87,57))),47))),54),((((((28,41),(4,17)),((((((44,32),16),5),(42,35)),(24,2)),43)),(((6,((34,3),8)),1),(20,9))),(((12,(18,36)),27),((((39,23),25),((((11,22),(15,29)),(30,40)),(38,26))),13))),((((37,10),21),(19,31)),((14,7),33)))),(75,98)),(((((((73,77),45),66),(85,58)),95),(((92,(68,80)),63),((59,46),64))),(((56,52),((88,100),61)),(((53,55),69),(83,94))))),(72,86)),81),91),97);
#NNI moves:2/152
Remaining: 0
#NNI moves:10/152
#NNI moves:10/152
((((((((((((((((((100,88),61),(56,52)),((69,(55,53)),(83,94))),(((63,((80,68),92)),(64,(46,59))),((((45,(77,73)),66),(85,58)),95))),(((91,97),81),(86,72))),(75,98)),((((((((60,70),(93,84)),(57,87)),(67,74)),47),(((62,76),((50,(49,78)),89)),96)),((((82,71),(((65,48),51),90)),99),79)),54)),((((37,10),21),(19,31)),((7,14),33))),((((4,17),(41,28)),((((42,35),(((44,32),16),5)),(24,2)),43)),(((((3,34),8),6),1),(9,20)))),((12,(36,18)),27)),13),((39,23),25)),(26,38)),(30,40)),(15,29)),22),11);
#NNI moves:2/152
Remaining: 0
#NNI moves:10/152
#NNI moves:10/152
(((((((((((((9,20),((6,((34,3),8)),1)),(((41,28),(4,17)),((((((44,32),16),5),(42,35)),(24,2)),43))),((13,(((((22,11),(29,15)),(30,40)),(38,26)),(25,(39,23)))),((12,(18,36)),27))),(((14,7),33),((21,(10,37)),(31,19)))),((((((((60,70),(93,84)),(57,87)),(67,74)),47),((((50,(49,78)),89),(76,62)),96)),((((71,82),((51,(65,48)),90)),99),79)),54)),(98,75)),((72,86),(81,(91,97)))),(((64,(46,59)),(63,(92,(80,68)))),(((((73,77),45),66),(58,85)),95))),(((55,53),69),(94,83))),(61,(100,88))),52),56);
#NNI moves:2/152
Remaining: 0
#NNI moves:12/152
#NNI moves:14/152
((((((((((((((((((((73,77),45),66),(85,58)),95),((63,((80,68),92)),(64,(59,46)))),(((61,(100,88)),(56,52)),(((53,55),69),(83,94)))),((86,72),((97,91),81))),(75,98)),((((((((78,49),50),89),(62,76)),96),(((74,67),(((93,84),(60,70)),(57,87))),47)),((((90,((65,48),51)),(71,82)),99),79)),54)),(((31,19),(21,(37,10))),((7,14),33))),((((((34,3),8),6),1),(9,20)),((((((16,(44,32)),5),(35,42)),(2,24)),43),((28,41),(17,4))))),(((36,18),12),27)),13),(25,(39,23))),(38,26)),(40,30)),(11,22)),29),15);
Current score: 2.42576e+09
Current tree: ((((((((((((((((((((73,77),45),66),(85,58)),95),((63,((80,68),92)),(64,(59,46)))),(((61,(100,88)),(56,52)),(((53,55),69),(83,94)))),((86,72),((97,91),81))),(75,98)),((((((((78,49),50),89),(62,76)),96),(((74,67),(((93,84),(60,70)),(57,87))),47)),((((90,((65,48),51)),(71,82)),99),79)),54)),(((31,19),(21,(37,10))),((7,14),33))),((((((34,3),8),6),1),(9,20)),((((((16,(44,32)),5),(35,42)),(2,24)),43),((28,41),(17,4))))),(((36,18),12),27)),13),(25,(39,23))),(38,26)),(40,30)),(11,22)),15),29);
Final Tree: ((((((((((((((((((((73,77),45),66),(85,58)),95),((63,((80,68),92)),(64,(59,46)))),(((61,(100,88)),(56,52)),(((53,55),69),(83,94)))),((86,72),((97,91),81))),(75,98)),((((((((78,49),50),89),(62,76)),96),(((74,67),(((93,84),(60,70)),(57,87))),47)),((((90,((65,48),51)),(71,82)),99),79)),54)),(((31,19),(21,(37,10))),((7,14),33))),((((((34,3),8),6),1),(9,20)),((((((16,(44,32)),5),(35,42)),(2,24)),43),((28,41),(17,4))))),(((36,18),12),27)),13),(25,(39,23))),(38,26)),(40,30)),(11,22)),15),29);
#EqQuartets: 3921225000
Score: 2425763271
ASTRAL for PaRalogs and Orthologs III (ASTRAL-Pro3)
*** NOW with integrated CASTLES-Pro ***
Version: v1.22.3.6
Read 512 genetrees and found 100 species.
#Genetrees: 1000
#Duploss: 0
#Species: 100
#Rounds: 4
#Samples: 4
#Threads: 1
Use two-step algorithm!
Guide Tree 0/16
#NNI moves:2/152
Guide Tree 1/16
#NNI moves:0/152
Guide Tree 2/16
#NNI moves:0/152
Guide Tree 3/16
#NNI moves:0/152
Guide Tree 4/16
#NNI moves:0/152
Guide Tree 5/16
#NNI moves:6/152
Guide Tree 6/16
#NNI moves:0/152
Guide Tree 7/16
#NNI moves:0/152
Guide Tree 8/16
#NNI moves:0/152
Guide Tree 9/16
#NNI moves:0/152
Guide Tree 10/16
#NNI moves:6/152
Guide Tree 11/16
#NNI moves:2/152
Guide Tree 12/16
#NNI moves:0/152
Guide Tree 13/16
#NNI moves:0/152
Guide Tree 14/16
#NNI moves:0/152
Guide Tree 15/16
#NNI moves:2/152
Remaining: 0
#NNI moves:6/152
#NNI moves:6/152
((((((((((((55,85),((93,88),82)),(((71,38),((56,47),77)),(((43,75),58),84))),(((((87,62),(99,54)),50),81),((45,((57,41),(((69,(90,100)),68),53))),(((46,67),98),((83,65),(78,86)))))),(((((61,(74,73)),80),(95,48)),((49,94),37)),((64,97),70))),(((((((((((((23,15),27),(30,1)),((8,(35,6)),10)),(13,3)),(34,26)),((4,32),11)),28),((((21,18),(22,16)),(2,17)),14)),(((31,9),(25,12)),(19,7))),(((5,36),(24,33)),(20,29))),((96,72),92)),(60,(79,44)))),39),(((51,91),(59,(42,52))),89)),66),40),63),76);
Guide Tree 0/16
#NNI moves:6/152
Guide Tree 1/16
#NNI moves:0/152
Guide Tree 2/16
#NNI moves:0/152
Guide Tree 3/16
#NNI moves:0/152
Guide Tree 4/16
#NNI moves:2/152
Guide Tree 5/16
#NNI moves:2/152
Guide Tree 6/16
#NNI moves:0/152
Guide Tree 7/16
#NNI moves:0/152
Guide Tree 8/16
#NNI moves:0/152
Guide Tree 9/16
#NNI moves:0/152
Guide Tree 10/16
#NNI moves:0/152
Guide Tree 11/16
#NNI moves:0/152
Guide Tree 12/16
#NNI moves:0/152
Guide Tree 13/16
#NNI moves:0/152
Guide Tree 14/16
#NNI moves:0/152
Guide Tree 15/16
#NNI moves:0/152
Remaining: 0
#NNI moves:6/152
#NNI moves:6/152
(((((((((((((((((100,90),69),68),53),(41,57)),45),(((67,46),98),((78,86),(83,65)))),((((54,99),(62,87)),50),81)),(((((47,56),77),(71,38)),(84,((75,43),58))),((82,(88,93)),(85,55)))),((((94,49),37),((48,95),(((73,74),61),80))),((97,64),70))),(((((((((((((23,15),27),(30,1)),(((6,35),8),10)),(3,13)),(26,34)),((4,32),11)),28),(((17,2),((18,21),(22,16))),14)),(((31,9),(12,25)),(19,7))),(((5,36),(33,24)),(20,29))),(92,(72,96))),(60,(79,44)))),39),((((52,42),59),(51,91)),89)),66),40),63),76);
Guide Tree 0/16
#NNI moves:0/152
Guide Tree 1/16
#NNI moves:0/152
Guide Tree 2/16
#NNI moves:0/152
Guide Tree 3/16
#NNI moves:0/152
Guide Tree 4/16
#NNI moves:0/152
Guide Tree 5/16
#NNI moves:0/152
Guide Tree 6/16
#NNI moves:2/152
Guide Tree 7/16
#NNI moves:2/152
Guide Tree 8/16
#NNI moves:0/152
Guide Tree 9/16
#NNI moves:0/152
Guide Tree 10/16
#NNI moves:0/152
Guide Tree 11/16
#NNI moves:0/152
Guide Tree 12/16
#NNI moves:0/152
Guide Tree 13/16
#NNI moves:0/152
Guide Tree 14/16
#NNI moves:0/152
Guide Tree 15/16
#NNI moves:0/152
Remaining: 0
#NNI moves:0/152
#NNI moves:0/152
(((((((((((((((((((30,1),(27,(23,15))),(10,(8,(35,6)))),(13,3)),(26,34)),((4,32),11)),28),((((21,18),(22,16)),(17,2)),14)),(((9,31),(12,25)),(7,19))),((29,20),((33,24),(5,36)))),((96,72),92)),((79,44),60)),((((((58,(43,75)),84),(((47,56),77),(71,38))),((85,55),((93,88),82))),(((((53,(((100,90),69),68)),(57,41)),45),(((67,46),98),((86,78),(83,65)))),((((87,62),(54,99)),50),81))),(((((61,(74,73)),80),(95,48)),(37,(94,49))),((64,97),70)))),39),((((52,42),59),(51,91)),89)),66),40),63),76);
Guide Tree 0/16
#NNI moves:2/152
Guide Tree 1/16
#NNI moves:0/152
Guide Tree 2/16
#NNI moves:0/152
Guide Tree 3/16
#NNI moves:0/152
Guide Tree 4/16
#NNI moves:0/152
Guide Tree 5/16
#NNI moves:6/152
Guide Tree 6/16
#NNI moves:6/152
Guide Tree 7/16
#NNI moves:0/152
Guide Tree 8/16
#NNI moves:0/152
Guide Tree 9/16
#NNI moves:2/152
Guide Tree 10/16
#NNI moves:0/152
Guide Tree 11/16
#NNI moves:6/152
Guide Tree 12/16
#NNI moves:0/152
Guide Tree 13/16
#NNI moves:6/152
Guide Tree 14/16
#NNI moves:0/152
Guide Tree 15/16
#NNI moves:0/152
Remaining: 1
#NNI moves:4/152
#NNI moves:4/152
(((((((((((((((((13,3),((((35,6),8),10),((30,1),((23,15),27)))),(26,34)),((32,4),11)),28),((((22,16),(21,18)),(2,17)),14)),((7,19),((31,9),(12,25)))),(((33,24),(5,36)),(20,29))),(92,(72,96))),((44,79),60)),(((((((62,87),(99,54)),50),81),(((((((100,90),69),68),53),(57,41)),45),(((78,86),(65,83)),(98,(67,46))))),((((38,71),((56,47),77)),((58,(75,43)),84)),(((93,88),82),(55,85)))),((((((73,74),61),80),(95,48)),((49,94),37)),(70,(97,64))))),39),((((42,52),59),(51,91)),89)),66),40),63),76);
Initial score: 2.50956e+09
Initial tree: (((((((((((((((((13,3),((((35,6),8),10),((30,1),((23,15),27)))),(26,34)),((32,4),11)),28),((((22,16),(21,18)),(2,17)),14)),((7,19),((31,9),(12,25)))),(((33,24),(5,36)),(20,29))),(92,(72,96))),((44,79),60)),(((((((62,87),(99,54)),50),81),(((((((100,90),69),68),53),(57,41)),45),(((78,86),(65,83)),(98,(67,46))))),((((38,71),((56,47),77)),((58,(75,43)),84)),(((93,88),82),(55,85)))),((((((73,74),61),80),(95,48)),((49,94),37)),(70,(97,64))))),39),((((42,52),59),(51,91)),89)),66),40),63),76);
*** Subsample Process ***
Use two-step algorithm!
#NNI moves:0/152
Remaining: 0
#NNI moves:4/152
#NNI moves:4/152
(((((((((((((((((87,62),(54,99)),50),81),((((((69,(90,100)),68),53),(57,41)),45),(((78,86),(83,65)),(98,(67,46))))),((((58,(43,75)),84),((38,71),(77,(47,56)))),((82,(93,88)),(55,85)))),(((((61,(74,73)),80),(95,48)),((49,94),37)),((97,64),70))),(((((59,(52,42)),(51,91)),89),(66,(40,(63,76)))),39)),((79,44),60)),((96,72),92)),(((5,36),(33,24)),(20,29))),(((12,25),(9,31)),(7,19))),((((22,16),(18,21)),(17,2)),14)),28),(((13,3),(((1,30),(27,(15,23))),(((35,6),8),10))),(34,26))),(32,4)),11);
#NNI moves:0/152
Remaining: 0
#NNI moves:8/152
#NNI moves:8/152
((((((((((((((((((((6,35),8),10),((27,(23,15)),(1,30))),(13,3)),(26,34)),((32,4),11)),28),(((2,17),((21,18),(22,16))),14)),(((31,9),(12,25)),(7,19))),((29,20),((36,5),(33,24)))),((72,96),92)),(60,(79,44))),(((((((62,87),(54,99)),50),81),((((57,41),(((69,(90,100)),68),53)),45),((98,(46,67)),((65,83),(78,86))))),((((93,88),82),(85,55)),((((75,43),58),84),((71,38),((47,56),77))))),((((49,94),37),((80,((73,74),61)),(95,48))),(70,(64,97))))),39),(66,(40,(76,63)))),89),((52,42),59)),91),51);
#NNI moves:0/152
Remaining: 0
#NNI moves:12/152
#NNI moves:12/152
(((((((((((((((((((((99,54),(87,62)),50),81),((((57,41),(((69,(100,90)),68),53)),45),(((65,83),(78,86)),(98,(67,46))))),((((93,88),82),(55,85)),(((71,38),(77,(47,56))),(((75,43),58),84)))),((((((74,73),61),80),(48,95)),(37,(94,49))),((97,64),70))),(((89,(((52,42),59),(51,91))),(((76,63),40),66)),39)),((44,79),60)),((72,96),92)),(((5,36),(24,33)),(29,20))),(((31,9),(25,12)),(19,7))),((((22,16),(21,18)),(2,17)),14)),28),(11,(4,32))),(34,26)),(3,13)),((8,(35,6)),10)),(30,1)),(23,15)),27);
#NNI moves:0/152
Remaining: 0
#NNI moves:8/152
#NNI moves:8/152
(((((((((((((((13,3),((10,((35,6),8)),(((15,23),27),(30,1)))),(34,26)),(11,(32,4))),28),((((18,21),(16,22)),(2,17)),14)),(((12,25),(31,9)),(19,7))),(((5,36),(33,24)),(20,29))),((72,96),92)),(60,(79,44))),((((((((68,((90,100),69)),53),(41,57)),45),(((46,67),98),((86,78),(83,65)))),((((87,62),(99,54)),50),81)),((((71,38),((56,47),77)),((58,(43,75)),84)),((85,55),((93,88),82)))),(((((61,(73,74)),80),(48,95)),(37,(49,94))),((64,97),70)))),39),((((42,52),59),(91,51)),89)),(40,(63,76))),66);
Current score: 2.50956e+09
Current tree: ((63,(40,((((((((((((((13,3),((10,((35,6),8)),(((15,23),27),(30,1)))),(34,26)),(11,(32,4))),28),((((18,21),(16,22)),(2,17)),14)),(((12,25),(31,9)),(19,7))),(((5,36),(33,24)),(20,29))),((72,96),92)),(60,(79,44))),((((((((68,((90,100),69)),53),(41,57)),45),(((46,67),98),((86,78),(83,65)))),((((87,62),(99,54)),50),81)),((((71,38),((56,47),77)),((58,(43,75)),84)),((85,55),((93,88),82)))),(((((61,(73,74)),80),(48,95)),(37,(49,94))),((64,97),70)))),39),((((42,52),59),(91,51)),89)),66))),76);
Final Tree: ((63,(40,((((((((((((((13,3),((10,((35,6),8)),(((15,23),27),(30,1)))),(34,26)),(11,(32,4))),28),((((18,21),(16,22)),(2,17)),14)),(((12,25),(31,9)),(19,7))),(((5,36),(33,24)),(20,29))),((72,96),92)),(60,(79,44))),((((((((68,((90,100),69)),53),(41,57)),45),(((46,67),98),((86,78),(83,65)))),((((87,62),(99,54)),50),81)),((((71,38),((56,47),77)),((58,(43,75)),84)),((85,55),((93,88),82)))),(((((61,(73,74)),80),(48,95)),(37,(49,94))),((64,97),70)))),39),((((42,52),59),(91,51)),89)),66))),76);
#EqQuartets: 3921225000
Score: 2509564598
ASTRAL for PaRalogs and Orthologs III (ASTRAL-Pro3)
*** NOW with integrated CASTLES-Pro ***
Version: v1.22.3.6
Read 512 genetrees and found 100 species.
#Genetrees: 1000
#Duploss: 0
#Species: 100
#Rounds: 4
#Samples: 4
#Threads: 1
Use two-step algorithm!
Guide Tree 0/16
#NNI moves:2/152
Guide Tree 1/16
#NNI moves:2/152
Guide Tree 2/16
#NNI moves:0/152
Guide Tree 3/16
#NNI moves:0/152
Guide Tree 4/16
#NNI moves:2/152
Guide Tree 5/16
#NNI moves:6/152
Guide Tree 6/16
#NNI moves:6/152
Guide Tree 7/16
#NNI moves:0/152
Guide Tree 8/16
#NNI moves:6/152
Guide Tree 9/16
#NNI moves:2/152
Guide Tree 10/16
#NNI moves:2/152
Guide Tree 11/16
#NNI moves:2/152
Guide Tree 12/16
#NNI moves:2/152
Guide Tree 13/16
#NNI moves:6/152
Guide Tree 14/16
#NNI moves:0/152
Guide Tree 15/16
#NNI moves:2/152
Remaining: 0
#NNI moves:18/152
#NNI moves:18/152
((((((((((((((((9,(43,2)),(96,41)),53),((74,34),(50,38))),(3,(((66,28),26),62))),((69,(22,(46,(48,42)))),(99,47))),(93,33)),(((((64,13),(75,8)),((59,23),21)),5),((78,90),27))),((82,54),45)),((((4,(29,32)),(44,(95,94))),(((24,83),(67,65)),(72,77))),((((((80,(52,85)),11),(56,68)),((((60,18),6),(37,84)),88)),(((((79,61),12),(16,30)),57),(((25,98),(1,39)),((31,(20,87)),63)))),100))),(((49,(10,51)),(((36,55),17),7)),70)),((86,71),35)),((((76,14),(40,97)),89),(15,91))),(58,(81,73))),92),19);
Guide Tree 0/16
#NNI moves:0/152
Guide Tree 1/16
#NNI moves:0/152
Guide Tree 2/16
#NNI moves:2/152
Guide Tree 3/16
#NNI moves:0/152
Guide Tree 4/16
#NNI moves:6/152
Guide Tree 5/16
#NNI moves:0/152
Guide Tree 6/16
#NNI moves:6/152
Guide Tree 7/16
#NNI moves:0/152
Guide Tree 8/16
#NNI moves:0/152
Guide Tree 9/16
#NNI moves:0/152
Guide Tree 10/16
#NNI moves:0/152
Guide Tree 11/16
#NNI moves:6/152
Guide Tree 12/16
#NNI moves:0/152
Guide Tree 13/16
#NNI moves:0/152
Guide Tree 14/16
#NNI moves:0/152
Guide Tree 15/16
#NNI moves:2/152
Remaining: 0
#NNI moves:2/152
#NNI moves:2/152
(((((((((((((47,99),(69,((46,(48,42)),22))),(((((28,66),26),62),3),(((((43,2),9),(41,96)),53),((38,50),(74,34))))),(33,93)),(((78,90),27),((((23,59),21),((64,13),(8,75))),5))),((54,82),45)),((((((((61,79),12),(30,16)),57),(((25,98),(1,39)),(((87,20),31),63))),(((((52,85),80),11),(56,68)),(((37,84),((18,60),6)),88))),100),((((29,32),4),((95,94),44)),((77,72),((65,67),(83,24)))))),((((51,10),49),(7,((55,36),17))),70)),(35,(86,71))),((89,((14,76),(40,97))),(15,91))),(58,(81,73))),92),19);
Guide Tree 0/16
#NNI moves:0/152
Guide Tree 1/16
#NNI moves:0/152
Guide Tree 2/16
#NNI moves:6/152
Guide Tree 3/16
#NNI moves:0/152
Guide Tree 4/16
#NNI moves:0/152
Guide Tree 5/16
#NNI moves:0/152
Guide Tree 6/16
#NNI moves:0/152
Guide Tree 7/16
#NNI moves:0/152
Guide Tree 8/16
#NNI moves:0/152
Guide Tree 9/16
#NNI moves:0/152
Guide Tree 10/16
#NNI moves:0/152
Guide Tree 11/16
#NNI moves:0/152
Guide Tree 12/16
#NNI moves:0/152
Guide Tree 13/16
#NNI moves:2/152
Guide Tree 14/16
#NNI moves:0/152
Guide Tree 15/16
#NNI moves:0/152
Remaining: 0
#NNI moves:0/152
#NNI moves:0/152
(((((((((((((((74,34),(50,38)),(((9,(43,2)),(96,41)),53)),((((66,28),26),62),3)),(((((42,48),46),22),69),(47,99))),(93,33)),(((((59,23),21),((13,64),(8,75))),5),((90,78),27))),((54,82),45)),(((((((25,98),(39,1)),(63,(31,(87,20)))),(((30,16),((61,79),12)),57)),((88,((6,(18,60)),(84,37))),((11,(80,(52,85))),(68,56)))),100),(((72,77),((65,67),(24,83))),((44,(95,94)),((29,32),4))))),(70,((49,(10,51)),(7,((55,36),17))))),(35,(86,71))),((89,((14,76),(97,40))),(15,91))),(58,(73,81))),92),19);
Guide Tree 0/16
#NNI moves:6/152
Guide Tree 1/16
#NNI moves:0/152
Guide Tree 2/16
#NNI moves:6/152
Guide Tree 3/16
#NNI moves:2/152
Guide Tree 4/16
#NNI moves:0/152
Guide Tree 5/16
#NNI moves:2/152
Guide Tree 6/16
#NNI moves:6/152
Guide Tree 7/16
#NNI moves:2/152
Guide Tree 8/16
#NNI moves:0/152
Guide Tree 9/16
#NNI moves:6/152
Guide Tree 10/16
#NNI moves:6/152
Guide Tree 11/16
#NNI moves:0/152
Guide Tree 12/16
#NNI moves:0/152
Guide Tree 13/16
#NNI moves:0/152
Guide Tree 14/16
#NNI moves:0/152
Guide Tree 15/16
#NNI moves:6/152
Remaining: 0
#NNI moves:8/152
#NNI moves:8/152
((((((((((((((8,75),(13,64)),(21,(59,23))),5),((90,78),27)),((((((50,38),(74,34)),(((96,41),((43,2),9)),53)),(((26,(66,28)),62),3)),(((22,((48,42),46)),69),(47,99))),(33,93))),((82,54),45)),(((((94,95),44),((29,32),4)),(((83,24),(65,67)),(77,72))),(((((((85,52),80),11),(68,56)),(((37,84),((60,18),6)),88)),((((98,25),(1,39)),((31,(20,87)),63)),((((61,79),12),(30,16)),57))),100))),(((49,(51,10)),((17,(55,36)),7)),70)),((71,86),35)),((91,15),(((76,14),(40,97)),89))),((81,73),58)),92),19);
Initial score: 2.20078e+09
Initial tree: ((((((((((((((8,75),(13,64)),(21,(59,23))),5),((90,78),27)),((((((50,38),(74,34)),(((96,41),((43,2),9)),53)),(((26,(66,28)),62),3)),(((22,((48,42),46)),69),(47,99))),(33,93))),((82,54),45)),(((((94,95),44),((29,32),4)),(((83,24),(65,67)),(77,72))),(((((((85,52),80),11),(68,56)),(((37,84),((60,18),6)),88)),((((98,25),(1,39)),((31,(20,87)),63)),((((61,79),12),(30,16)),57))),100))),(((49,(51,10)),((17,(55,36)),7)),70)),((71,86),35)),((91,15),(((76,14),(40,97)),89))),((81,73),58)),92),19);
*** Subsample Process ***
Use two-step algorithm!
#NNI moves:0/152
Remaining: 0
#NNI moves:0/152
#NNI moves:0/152
(((((((((((((((((52,85),80),11),(68,56)),(((6,(18,60)),(84,37)),88)),((((98,25),(1,39)),((31,(87,20)),63)),(((16,30),((79,61),12)),57))),100),(((44,(95,94)),((32,29),4)),((72,77),((65,67),(24,83))))),(((((((14,76),(97,40)),89),(15,91)),((92,19),((81,73),58))),((71,86),35)),((((10,51),49),(((55,36),17),7)),70))),((54,82),45)),((((((46,(48,42)),22),69),(99,47)),(((62,(26,(28,66))),3),(((50,38),(34,74)),(((41,96),((43,2),9)),53)))),(93,33))),((78,90),27)),5),((23,59),21)),(75,8)),64),13);
#NNI moves:0/152
Remaining: 0
#NNI moves:0/152
#NNI moves:0/152
((((((((((((((25,98),(1,39)),((31,(20,87)),63)),(57,(((79,61),12),(16,30)))),(((((85,52),80),11),(68,56)),(88,((6,(60,18)),(37,84))))),100),((((95,94),44),(4,(29,32))),(((83,24),(65,67)),(72,77)))),((((((((((2,43),9),(96,41)),53),((34,74),(50,38))),(3,(62,((66,28),26)))),((99,47),(((46,(48,42)),22),69))),(93,33)),(((((75,8),(64,13)),((23,59),21)),5),(27,(78,90)))),((82,54),45))),((((17,(55,36)),7),((10,51),49)),70)),(35,(71,86))),((((97,40),(14,76)),89),(91,15))),((73,81),58)),19),92);
#NNI moves:0/152
Remaining: 1
#NNI moves:12/152
#NNI moves:26/152
((((((((((((((((((41,96),((43,2),9)),53),((38,50),(74,34))),((((28,66),26),62),3)),((99,47),(69,((46,(48,42)),22)))),(33,93)),(((((75,8),(64,13)),((59,23),21)),5),((78,90),27))),((82,54),45)),((((49,(10,51)),((17,(55,36)),7)),70),((((58,(81,73)),(19,92)),((15,91),(((40,97),(14,76)),89))),(35,(71,86))))),((((65,67),(24,83)),(72,77)),(((94,95),44),((29,32),4)))),100),(((56,68),(11,(80,(85,52)))),(((84,37),((18,60),6)),88))),(((16,30),((79,61),12)),57)),(((20,87),31),63)),(39,1)),25),98);
#NNI moves:0/152
Remaining: 0
#NNI moves:8/152
#NNI moves:8/152
(((((((((((((11,(80,(52,85))),(56,68)),((((60,18),6),(37,84)),88)),((((31,(20,87)),63),((1,39),(98,25))),(((12,(79,61)),(16,30)),57))),100),((((95,94),44),(4,(32,29))),(((65,67),(24,83)),(72,77)))),(((((((53,((9,(43,2)),(96,41))),((50,38),(74,34))),(((26,(66,28)),62),3)),(((((42,48),46),22),69),(47,99))),(33,93)),(((78,90),27),((((59,23),21),((13,64),(75,8))),5))),((82,54),45))),((((51,10),49),((17,(36,55)),7)),70)),((71,86),35)),((91,15),(((97,40),(76,14)),89))),(92,19)),(73,81)),58);
Current score: 2.20078e+09
Current tree: ((92,(((((((((((11,(80,(52,85))),(56,68)),((((60,18),6),(37,84)),88)),((((31,(20,87)),63),((1,39),(98,25))),(((12,(79,61)),(16,30)),57))),100),((((95,94),44),(4,(32,29))),(((65,67),(24,83)),(72,77)))),(((((((53,((9,(43,2)),(96,41))),((50,38),(74,34))),(((26,(66,28)),62),3)),(((((42,48),46),22),69),(47,99))),(33,93)),(((78,90),27),((((59,23),21),((13,64),(75,8))),5))),((82,54),45))),((((51,10),49),((17,(36,55)),7)),70)),((71,86),35)),((91,15),(((97,40),(76,14)),89))),((73,81),58))),19);
Final Tree: ((92,(((((((((((11,(80,(52,85))),(56,68)),((((60,18),6),(37,84)),88)),((((31,(20,87)),63),((1,39),(98,25))),(((12,(79,61)),(16,30)),57))),100),((((95,94),44),(4,(32,29))),(((65,67),(24,83)),(72,77)))),(((((((53,((9,(43,2)),(96,41))),((50,38),(74,34))),(((26,(66,28)),62),3)),(((((42,48),46),22),69),(47,99))),(33,93)),(((78,90),27),((((59,23),21),((13,64),(75,8))),5))),((82,54),45))),((((51,10),49),((17,(36,55)),7)),70)),((71,86),35)),((91,15),(((97,40),(76,14)),89))),((73,81),58))),19);
#EqQuartets: 3921225000
Score: 2200782617
ASTRAL for PaRalogs and Orthologs III (ASTRAL-Pro3)
*** NOW with integrated CASTLES-Pro ***
Version: v1.22.3.6
Read 512 genetrees and found 100 species.
#Genetrees: 1000
#Duploss: 0
#Species: 100
#Rounds: 4
#Samples: 4
#Threads: 1
Use two-step algorithm!
Guide Tree 0/16
#NNI moves:0/152
Guide Tree 1/16
#NNI moves:0/152
Guide Tree 2/16
#NNI moves:0/152
Guide Tree 3/16
#NNI moves:0/152
Guide Tree 4/16
#NNI moves:0/152
Guide Tree 5/16
#NNI moves:0/152
Guide Tree 6/16
#NNI moves:0/152
Guide Tree 7/16
#NNI moves:0/152
Guide Tree 8/16
#NNI moves:0/152
Guide Tree 9/16
#NNI moves:0/152
Guide Tree 10/16
#NNI moves:0/152
Guide Tree 11/16
#NNI moves:0/152
Guide Tree 12/16
#NNI moves:0/152
Guide Tree 13/16
#NNI moves:0/152
Guide Tree 14/16
#NNI moves:0/152
Guide Tree 15/16
#NNI moves:0/152
Remaining: 0
#NNI moves:8/152
#NNI moves:8/152
(((((((((((((((88,((86,92),61)),(73,100)),75),((((84,62),(63,89)),69),83)),(72,(96,60))),(((87,(85,71)),90),(((78,68),65),67))),((((95,((66,70),97)),((91,(76,99)),98)),82),((((81,93),(74,(94,77))),80),(79,64)))),(7,48)),((26,14),((((27,50),3),6),34))),(((47,4),((54,29),(52,33))),(25,(16,12)))),((((((10,(23,(46,37))),(((39,5),2),43)),58),1),(((18,44),31),42)),((55,56),45))),(((((36,11),((20,24),9)),19),38),((28,40),(8,13)))),((((((22,32),35),(57,21)),49),51),(((15,53),17),41))),59),30);
Guide Tree 0/16
#NNI moves:0/152
Guide Tree 1/16
#NNI moves:0/152
Guide Tree 2/16
#NNI moves:0/152
Guide Tree 3/16
#NNI moves:0/152
Guide Tree 4/16
#NNI moves:0/152
Guide Tree 5/16
#NNI moves:0/152
Guide Tree 6/16
#NNI moves:0/152
Guide Tree 7/16
#NNI moves:0/152
Guide Tree 8/16
#NNI moves:0/152
Guide Tree 9/16
#NNI moves:2/152
Guide Tree 10/16
#NNI moves:2/152
Guide Tree 11/16
#NNI moves:2/152
Guide Tree 12/16
#NNI moves:6/152
Guide Tree 13/16
#NNI moves:2/152
Guide Tree 14/16
#NNI moves:2/152
Guide Tree 15/16
#NNI moves:6/152
Remaining: 0
#NNI moves:2/152
#NNI moves:2/152
(((((((((((((((73,100),((61,(92,86)),88)),75),((((84,62),(63,89)),69),83)),((60,96),72)),(((87,(71,85)),90),(67,((78,68),65)))),((((98,((99,76),91)),(((70,66),97),95)),82),(((((77,94),74),(93,81)),80),(79,64)))),(48,7)),(((((50,27),3),6),34),(14,26))),(((47,4),((54,29),(33,52))),((16,12),25))),((((31,(44,18)),42),((((((46,37),23),10),(((39,5),2),43)),58),1)),((55,56),45))),(((((36,11),(9,(24,20))),19),38),((13,8),(40,28)))),((((53,15),17),41),((((21,57),(35,(22,32))),49),51))),59),30);
Guide Tree 0/16
#NNI moves:0/152
Guide Tree 1/16
#NNI moves:0/152
Guide Tree 2/16
#NNI moves:0/152
Guide Tree 3/16
#NNI moves:0/152
Guide Tree 4/16
#NNI moves:0/152
Guide Tree 5/16
#NNI moves:0/152
Guide Tree 6/16
#NNI moves:0/152
Guide Tree 7/16
#NNI moves:0/152
Guide Tree 8/16
#NNI moves:0/152
Guide Tree 9/16
#NNI moves:0/152
Guide Tree 10/16
#NNI moves:0/152
Guide Tree 11/16
#NNI moves:0/152
Guide Tree 12/16
#NNI moves:0/152
Guide Tree 13/16
#NNI moves:0/152
Guide Tree 14/16
#NNI moves:0/152
Guide Tree 15/16
#NNI moves:0/152
Remaining: 0
#NNI moves:2/152
#NNI moves:2/152
((((((((((((80,((93,81),((94,77),74))),(64,79)),((((97,(66,70)),95),(((99,76),91),98)),82)),(((((85,71),87),90),(((68,78),65),67)),(((60,96),72),((((100,73),(((86,92),61),88)),75),((((63,89),(84,62)),69),83))))),(7,48)),((34,((3,(50,27)),6)),(14,26))),(((47,4),((54,29),(52,33))),((12,16),25))),(((1,(((10,((37,46),23)),(((5,39),2),43)),58)),(((18,44),31),42)),((55,56),45))),(((13,8),(28,40)),(((((20,24),9),(36,11)),19),38))),((((53,15),17),41),((((21,57),(35,(22,32))),49),51))),59),30);
Guide Tree 0/16
#NNI moves:0/152
Guide Tree 1/16
#NNI moves:2/152
Guide Tree 2/16
#NNI moves:0/152
Guide Tree 3/16
#NNI moves:0/152
Guide Tree 4/16
#NNI moves:0/152
Guide Tree 5/16
#NNI moves:0/152
Guide Tree 6/16
#NNI moves:0/152
Guide Tree 7/16
#NNI moves:0/152
Guide Tree 8/16
#NNI moves:0/152
Guide Tree 9/16
#NNI moves:0/152
Guide Tree 10/16
#NNI moves:0/152
Guide Tree 11/16
#NNI moves:0/152
Guide Tree 12/16
#NNI moves:0/152
Guide Tree 13/16
#NNI moves:0/152
Guide Tree 14/16
#NNI moves:0/152
Guide Tree 15/16
#NNI moves:0/152
Remaining: 2
#NNI moves:0/152
#NNI moves:6/152
((((((((((((((((63,89),(84,62)),69),83),(75,(((61,(86,92)),88),(100,73)))),(72,(96,60))),(((87,(71,85)),90),(((78,68),65),67))),(((((97,(66,70)),95),(98,((99,76),91))),82),(((((77,94),74),(81,93)),80),(79,64)))),(48,7)),((((3,(50,27)),6),34),(14,26))),((((54,29),(52,33)),(4,47)),(25,(16,12)))),(((42,((44,18),31)),((((((5,39),2),43),(10,(23,(46,37)))),58),1)),((55,56),45))),((38,((((20,24),9),(36,11)),19)),((13,8),(40,28)))),(((((57,21),(35,(22,32))),49),51),((17,(15,53)),41))),59),30);
Initial score: 2.5705e+09
Initial tree: ((((((((((((((((63,89),(84,62)),69),83),(75,(((61,(86,92)),88),(100,73)))),(72,(96,60))),(((87,(71,85)),90),(((78,68),65),67))),(((((97,(66,70)),95),(98,((99,76),91))),82),(((((77,94),74),(81,93)),80),(79,64)))),(48,7)),((((3,(50,27)),6),34),(14,26))),((((54,29),(52,33)),(4,47)),(25,(16,12)))),(((42,((44,18),31)),((((((5,39),2),43),(10,(23,(46,37)))),58),1)),((55,56),45))),((38,((((20,24),9),(36,11)),19)),((13,8),(40,28)))),(((((57,21),(35,(22,32))),49),51),((17,(15,53)),41))),59),30);
*** Subsample Process ***
Use two-step algorithm!
#NNI moves:0/152
Remaining: 0
#NNI moves:0/152
#NNI moves:0/152
(((((((((((((((((57,21),(35,(32,22))),49),51),(41,((15,53),17))),(59,30)),((((((20,24),9),(36,11)),19),38),((28,40),(8,13)))),((((((10,(23,(37,46))),(((39,5),2),43)),58),1),((31,(44,18)),42)),(45,(56,55)))),((((54,29),(52,33)),(4,47)),(25,(16,12)))),(((((50,27),3),6),34),(26,14))),(48,7)),((((((94,77),74),(93,81)),80),(64,79)),((((91,(76,99)),98),((97,(70,66)),95)),82))),(((65,(78,68)),67),(90,((71,85),87)))),(72,(60,96))),(((73,100),(((92,86),61),88)),75)),(((89,63),(62,84)),69)),83);
#NNI moves:0/152
Remaining: 0
#NNI moves:14/152
#NNI moves:14/152
((((((((((((((((((89,63),(62,84)),69),83),(((100,73),(((86,92),61),88)),75)),(72,(60,96))),((90,(87,(71,85))),(((68,78),65),67))),((((((66,70),97),95),(((76,99),91),98)),82),((((93,81),((77,94),74)),80),(64,79)))),(7,48)),(((6,((50,27),3)),34),(26,14))),((((52,33),(29,54)),(47,4)),(25,(12,16)))),((((((((39,5),2),43),((23,(46,37)),10)),58),1),((31,(18,44)),42)),((56,55),45))),((((((20,24),9),(36,11)),19),38),((28,40),(13,8)))),(59,30)),(((53,15),17),41)),51),(((32,22),35),(57,21))),49);
#NNI moves:0/152
Remaining: 0
#NNI moves:6/152
#NNI moves:6/152
((((((((((((((((((((57,21),((32,22),35)),49),51),(((15,53),17),41)),(30,59)),((((((20,24),9),(36,11)),19),38),((13,8),(40,28)))),((((((((5,39),2),43),(((37,46),23),10)),58),1),(42,((18,44),31))),(45,(55,56)))),((((29,54),(33,52)),(47,4)),(25,(12,16)))),(((6,((50,27),3)),34),(26,14))),(48,7)),((((((70,66),97),95),(((76,99),91),98)),82),((((81,93),(74,(94,77))),80),(79,64)))),((90,(87,(71,85))),(67,((68,78),65)))),((60,96),72)),(((73,100),(((92,86),61),88)),75)),83),69),(89,63)),62),84);
#NNI moves:0/152
Remaining: 0
#NNI moves:0/152
#NNI moves:0/152
(((((((((((((((((((73,100),(((86,92),61),88)),75),((((63,89),(84,62)),69),83)),((96,60),72)),((((78,68),65),67),(((85,71),87),90))),((((((66,70),97),95),((91,(76,99)),98)),82),((64,79),(((81,93),((94,77),74)),80)))),(7,48)),((14,26),((6,(3,(27,50))),34))),((25,(16,12)),(((52,33),(29,54)),(4,47)))),((((((10,((37,46),23)),((2,(39,5)),43)),58),1),(42,((18,44),31))),((55,56),45))),(((((11,36),(9,(20,24))),19),38),((28,40),(8,13)))),(59,30)),((17,(53,15)),41)),51),49),(57,21)),(32,22)),35);
Current score: 2.5705e+09
Current tree: ((59,(((((((((((((73,100),(((86,92),61),88)),75),((((63,89),(84,62)),69),83)),((96,60),72)),((((78,68),65),67),(((85,71),87),90))),((((((66,70),97),95),((91,(76,99)),98)),82),((64,79),(((81,93),((94,77),74)),80)))),(7,48)),((14,26),((6,(3,(27,50))),34))),((25,(16,12)),(((52,33),(29,54)),(4,47)))),((((((10,((37,46),23)),((2,(39,5)),43)),58),1),(42,((18,44),31))),((55,56),45))),(((((11,36),(9,(20,24))),19),38),((28,40),(8,13)))),(((17,(53,15)),41),(51,(49,((57,21),((32,22),35))))))),30);
Final Tree: ((59,(((((((((((((73,100),(((86,92),61),88)),75),((((63,89),(84,62)),69),83)),((96,60),72)),((((78,68),65),67),(((85,71),87),90))),((((((66,70),97),95),((91,(76,99)),98)),82),((64,79),(((81,93),((94,77),74)),80)))),(7,48)),((14,26),((6,(3,(27,50))),34))),((25,(16,12)),(((52,33),(29,54)),(4,47)))),((((((10,((37,46),23)),((2,(39,5)),43)),58),1),(42,((18,44),31))),((55,56),45))),(((((11,36),(9,(20,24))),19),38),((28,40),(8,13)))),(((17,(53,15)),41),(51,(49,((57,21),((32,22),35))))))),30);
#EqQuartets: 3921225000
Score: 2570498574
ASTRAL for PaRalogs and Orthologs III (ASTRAL-Pro3)
*** NOW with integrated CASTLES-Pro ***
Version: v1.22.3.6
Read 512 genetrees and found 100 species.
#Genetrees: 1000
#Duploss: 0
#Species: 100
#Rounds: 4
#Samples: 4
#Threads: 1
Use two-step algorithm!
Guide Tree 0/16
#NNI moves:0/152
Guide Tree 1/16
#NNI moves:0/152
Guide Tree 2/16
#NNI moves:0/152
Guide Tree 3/16
#NNI moves:0/152
Guide Tree 4/16
#NNI moves:0/152
Guide Tree 5/16
#NNI moves:0/152
Guide Tree 6/16
#NNI moves:0/152
Guide Tree 7/16
#NNI moves:0/152
Guide Tree 8/16
#NNI moves:0/152
Guide Tree 9/16
#NNI moves:0/152
Guide Tree 10/16
#NNI moves:0/152
Guide Tree 11/16
#NNI moves:0/152
Guide Tree 12/16
#NNI moves:0/152
Guide Tree 13/16
#NNI moves:0/152
Guide Tree 14/16
#NNI moves:0/152
Guide Tree 15/16
#NNI moves:0/152
Remaining: 0
#NNI moves:6/152
#NNI moves:12/152
((((((((((((((((((14,68),36),((33,30),28)),(((((5,31),22),19),(((71,35),43),7)),(50,15))),44),56),(21,38)),(((52,45),(70,24)),32)),((((((((88,93),(77,79)),72),80),(((84,74),(73,81)),97)),(86,(87,91))),((89,95),76)),((((((90,82),83),((94,98),100)),(((78,92),85),96)),75),99))),(61,9)),(((51,13),3),(55,39))),((((41,8),46),(18,67)),((((63,58),(48,65)),20),60))),((((((34,62),23),40),((10,(59,(54,26))),47)),((53,25),((27,57),6))),(((1,(66,64)),12),(69,17)))),37),(49,11)),(42,(2,16))),29),4);
Guide Tree 0/16
#NNI moves:0/152
Guide Tree 1/16
#NNI moves:0/152
Guide Tree 2/16
#NNI moves:0/152
Guide Tree 3/16
#NNI moves:2/152
Guide Tree 4/16
#NNI moves:0/152
Guide Tree 5/16
#NNI moves:0/152
Guide Tree 6/16
#NNI moves:0/152
Guide Tree 7/16
#NNI moves:0/152
Guide Tree 8/16
#NNI moves:0/152
Guide Tree 9/16
#NNI moves:0/152
Guide Tree 10/16
#NNI moves:0/152
Guide Tree 11/16
#NNI moves:2/152
Guide Tree 12/16
#NNI moves:2/152
Guide Tree 13/16
#NNI moves:0/152
Guide Tree 14/16
#NNI moves:0/152
Guide Tree 15/16
#NNI moves:2/152
Remaining: 0
#NNI moves:2/152
#NNI moves:2/152
((((((((((((((((((((31,5),22),19),(((35,71),43),7)),(50,15)),((28,(30,33)),((68,14),36))),44),56),(21,38)),(32,((24,70),(45,52)))),((((((72,((88,93),(77,79))),80),(((74,84),(81,73)),97)),((91,87),86)),(76,(95,89))),((((((82,90),83),(100,(98,94))),(((92,78),85),96)),75),99))),(61,9)),((3,(13,51)),(55,39))),(((((65,48),(58,63)),20),60),(((41,8),46),(67,18)))),(((((10,((54,26),59)),47),((23,(34,62)),40)),(((57,27),6),(53,25))),((12,((64,66),1)),(69,17)))),37),(11,49)),(42,(16,2))),29),4);
Guide Tree 0/16
#NNI moves:0/152
Guide Tree 1/16
#NNI moves:2/152
Guide Tree 2/16
#NNI moves:0/152
Guide Tree 3/16
#NNI moves:0/152
Guide Tree 4/16
#NNI moves:0/152
Guide Tree 5/16
#NNI moves:0/152
Guide Tree 6/16
#NNI moves:2/152
Guide Tree 7/16
#NNI moves:6/152
Guide Tree 8/16
#NNI moves:0/152
Guide Tree 9/16
#NNI moves:0/152
Guide Tree 10/16
#NNI moves:0/152
Guide Tree 11/16
#NNI moves:0/152
Guide Tree 12/16
#NNI moves:2/152
Guide Tree 13/16
#NNI moves:0/152
Guide Tree 14/16
#NNI moves:2/152
Guide Tree 15/16
#NNI moves:2/152
Remaining: 0
#NNI moves:6/152
#NNI moves:8/152
((((((((((((((((85,(78,92)),96),(((98,94),100),(83,(82,90)))),75),99),(((86,(91,87)),(((((93,88),(79,77)),72),80),(((84,74),(73,81)),97))),((89,95),76))),((32,((52,45),(24,70))),(((((((((31,5),22),19),(7,((35,71),43))),(50,15)),(((14,68),36),((30,33),28))),44),56),(21,38)))),(61,9)),((55,39),((13,51),3))),(((((65,48),(63,58)),20),60),((18,67),(46,(41,8))))),(((((27,57),6),(25,53)),(((10,((26,54),59)),47),((23,(62,34)),40))),(((1,(64,66)),12),(17,69)))),37),(49,11)),(42,(16,2))),29),4);
Guide Tree 0/16
#NNI moves:0/152
Guide Tree 1/16
#NNI moves:0/152
Guide Tree 2/16
#NNI moves:0/152
Guide Tree 3/16
#NNI moves:2/152
Guide Tree 4/16
#NNI moves:0/152
Guide Tree 5/16
#NNI moves:0/152
Guide Tree 6/16
#NNI moves:0/152
Guide Tree 7/16
#NNI moves:0/152
Guide Tree 8/16
#NNI moves:6/152
Guide Tree 9/16
#NNI moves:6/152
Guide Tree 10/16
#NNI moves:0/152
Guide Tree 11/16
#NNI moves:0/152
Guide Tree 12/16
#NNI moves:0/152
Guide Tree 13/16
#NNI moves:0/152
Guide Tree 14/16
#NNI moves:0/152
Guide Tree 15/16
#NNI moves:0/152
Remaining: 0
#NNI moves:10/152
#NNI moves:18/152
((((((((((((((((((14,68),36),((33,30),28)),(((19,(22,(31,5))),(((35,71),43),7)),(15,50))),44),56),(38,21)),(((45,52),(24,70)),32)),((99,(((96,((92,78),85)),(((90,82),83),((94,98),100))),75)),((((80,(((88,93),(77,79)),72)),(((84,74),(81,73)),97)),((91,87),86)),((95,89),76)))),(9,61)),((39,55),((51,13),3))),(((67,18),((8,41),46)),((20,((48,65),(58,63))),60))),((((25,53),(6,(27,57))),((((34,62),23),40),(47,((59,(54,26)),10)))),((17,69),((1,(66,64)),12)))),37),(11,49)),((16,2),42)),29),4);
Initial score: 2.55931e+09
Initial tree: ((((((((((((((((((14,68),36),((33,30),28)),(((19,(22,(31,5))),(((35,71),43),7)),(15,50))),44),56),(38,21)),(((45,52),(24,70)),32)),((99,(((96,((92,78),85)),(((90,82),83),((94,98),100))),75)),((((80,(((88,93),(77,79)),72)),(((84,74),(81,73)),97)),((91,87),86)),((95,89),76)))),(9,61)),((39,55),((51,13),3))),(((67,18),((8,41),46)),((20,((48,65),(58,63))),60))),((((25,53),(6,(27,57))),((((34,62),23),40),(47,((59,(54,26)),10)))),((17,69),((1,(66,64)),12)))),37),(11,49)),((16,2),42)),29),4);
*** Subsample Process ***
Use two-step algorithm!
#NNI moves:0/152
Remaining: 0
#NNI moves:0/152
#NNI moves:0/152
((((((((((((((((((79,77),(88,93)),72),80),(((73,81),(84,74)),97)),((91,87),86)),(76,(89,95))),(99,(((((78,92),85),96),((100,(98,94)),((82,90),83))),75))),(((((((((23,(62,34)),40),(((59,(54,26)),10),47)),((6,(57,27)),(53,25))),(((1,(64,66)),12),(17,69))),(37,((49,11),(((2,16),42),(29,4))))),(((18,67),((8,41),46)),((20,((58,63),(65,48))),60))),(((51,13),3),(55,39))),(9,61))),(((52,45),(24,70)),32)),(21,38)),56),44),(((19,(22,(31,5))),(((35,71),43),7)),(50,15))),((30,33),28)),36),68),14);
#NNI moves:0/152
Remaining: 0
#NNI moves:6/152
#NNI moves:6/152
((((((((((((((((((((22,(5,31)),19),((43,(71,35)),7)),(15,50)),(((33,30),28),((68,14),36))),44),56),(21,38)),(((52,45),(24,70)),32)),(((((((84,74),(73,81)),97),((((93,88),(79,77)),72),80)),(86,(91,87))),((95,89),76)),(((((83,(90,82)),((98,94),100)),(((78,92),85),96)),75),99))),(9,61)),(((51,13),3),(39,55))),((60,(((65,48),(63,58)),20)),(((41,8),46),(67,18)))),((((29,4),((2,16),42)),(11,49)),37)),((17,69),((1,(64,66)),12))),((53,25),(6,(57,27)))),(((62,34),23),40)),47),(59,(26,54))),10);
#NNI moves:6/152
Remaining: 0
#NNI moves:16/152
#NNI moves:16/152
(((((((((((((((((88,93),(79,77)),72),80),(((84,74),(81,73)),97)),(86,(87,91))),(76,(95,89))),((((((82,90),83),((98,94),100)),(96,((78,92),85))),75),99)),(((((((((22,(5,31)),19),(((35,71),43),7)),(15,50)),((36,(14,68)),((30,33),28))),44),56),(21,38)),(((52,45),(24,70)),32))),(61,9)),(((13,51),3),(55,39))),((((41,8),46),(67,18)),(60,(((58,63),(65,48)),20)))),((((25,53),((27,57),6)),((40,(23,(34,62))),(47,((59,(26,54)),10)))),((69,17),(((66,64),1),12)))),37),(((16,2),42),(4,29))),11),49);
#NNI moves:0/152
Remaining: 0
#NNI moves:2/152
#NNI moves:2/152
((((((((((((((((((14,68),36),(28,(30,33))),(((7,((71,35),43)),(19,((5,31),22))),(50,15))),44),56),(21,38)),(((45,52),(70,24)),32)),(((((((41,8),46),(18,67)),((((48,65),(63,58)),20),60)),(((((((62,34),23),40),(((59,(54,26)),10),47)),(((27,57),6),(53,25))),((17,69),(12,((66,64),1)))),(((((2,16),42),(29,4)),(11,49)),37))),((39,55),((13,51),3))),(9,61))),(((((83,(82,90)),((94,98),100)),(96,(85,(78,92)))),75),99)),((95,89),76)),((91,87),86)),(((73,81),(74,84)),97)),80),72),(88,93)),79),77);
Current score: 2.55931e+09
Current tree: ((29,(((2,16),42),((11,49),(37,(((((((62,34),23),40),(((59,(54,26)),10),47)),(((27,57),6),(53,25))),((17,69),(12,((66,64),1)))),(((((41,8),46),(18,67)),((((48,65),(63,58)),20),60)),(((39,55),((13,51),3)),((9,61),(((((((((14,68),36),(28,(30,33))),(((7,((71,35),43)),(19,((5,31),22))),(50,15))),44),56),(21,38)),(((45,52),(70,24)),32)),((((((83,(82,90)),((94,98),100)),(96,(85,(78,92)))),75),99),(((95,89),76),(((91,87),86),((((73,81),(74,84)),97),(80,(72,((88,93),(79,77))))))))))))))))),4);
Final Tree: ((29,(((2,16),42),((11,49),(37,(((((((62,34),23),40),(((59,(54,26)),10),47)),(((27,57),6),(53,25))),((17,69),(12,((66,64),1)))),(((((41,8),46),(18,67)),((((48,65),(63,58)),20),60)),(((39,55),((13,51),3)),((9,61),(((((((((14,68),36),(28,(30,33))),(((7,((71,35),43)),(19,((5,31),22))),(50,15))),44),56),(21,38)),(((45,52),(70,24)),32)),((((((83,(82,90)),((94,98),100)),(96,(85,(78,92)))),75),99),(((95,89),76),(((91,87),86),((((73,81),(74,84)),97),(80,(72,((88,93),(79,77))))))))))))))))),4);
