ASTRAL for PaRalogs and Orthologs III (ASTRAL-Pro3)
*** NOW with integrated CASTLES-Pro ***
Version: v1.22.3.6
Read 512 genetrees and found 100 species.
#Genetrees: 999
#Duploss: 24830
#Species: 100
#Rounds: 4
#Samples: 4
#Threads: 1
Use two-step algorithm!
Guide Tree 0/16
#NNI moves:6/152
Guide Tree 1/16
#NNI moves:0/152
Guide Tree 2/16
#NNI moves:0/152
Guide Tree 3/16
#NNI moves:0/152
Guide Tree 4/16
#NNI moves:0/152
Guide Tree 5/16
#NNI moves:6/152
Guide Tree 6/16
#NNI moves:0/152
Guide Tree 7/16
#NNI moves:0/152
Guide Tree 8/16
#NNI moves:0/152
Guide Tree 9/16
#NNI moves:0/152
Guide Tree 10/16
#NNI moves:0/152
Guide Tree 11/16
#NNI moves:0/152
Guide Tree 12/16
#NNI moves:6/152
Guide Tree 13/16
#NNI moves:0/152
Guide Tree 14/16
#NNI moves:0/152
Guide Tree 15/16
#NNI moves:2/152
Remaining: 0
#NNI moves:26/152
#NNI moves:26/152
((((((((((((((((69,55),35),34),(70,(40,86))),(65,24)),((((90,21),87),79),75)),(54,98)),((((59,84),(74,73)),((22,48),(85,46))),((((100,(95,92)),(13,43)),((53,(56,26)),((45,((27,60),29)),80))),((72,64),78)))),((57,(96,32)),(89,49))),((38,37),(((42,67),((((66,28),(14,99)),83),61)),((82,62),(81,88))))),((((58,19),63),(93,20)),((47,52),(31,25)))),((((((44,(50,23)),(16,71)),97),77),((36,(30,94)),91)),(((39,17),(33,41)),(((15,68),76),(51,18))))),(((12,3),(((1,11),8),(10,(6,9)))),7)),2),4),5);
Guide Tree 0/16
#NNI moves:6/152
Guide Tree 1/16
#NNI moves:6/152
Guide Tree 2/16
#NNI moves:2/152
Guide Tree 3/16
#NNI moves:6/152
Guide Tree 4/16
#NNI moves:0/152
Guide Tree 5/16
#NNI moves:6/152
Guide Tree 6/16
#NNI moves:2/152
Guide Tree 7/16
#NNI moves:2/152
Guide Tree 8/16
#NNI moves:0/152
Guide Tree 9/16
#NNI moves:0/152
Guide Tree 10/16
#NNI moves:2/152
Guide Tree 11/16
#NNI moves:0/152
Guide Tree 12/16
#NNI moves:0/152
Guide Tree 13/16
#NNI moves:2/152
Guide Tree 14/16
#NNI moves:6/152
Guide Tree 15/16
#NNI moves:0/152
Remaining: 0
#NNI moves:6/152
#NNI moves:6/152
(((((((((((((((86,40),70),(((55,69),35),34)),(24,65)),((((21,90),87),79),75)),(54,98)),((((48,22),(46,85)),((59,84),(74,73))),(((((26,56),53),((((27,60),29),45),80)),(((95,92),100),(43,13))),(78,(64,72))))),((57,(32,96)),(49,89))),((((61,(((99,14),(28,66)),83)),(67,42)),((81,88),(62,82))),(37,38))),(((20,93),((58,19),63)),((31,25),(47,52)))),((((41,33),(39,17)),((18,51),((68,15),76))),(((97,((16,71),(44,(23,50)))),77),(((94,30),36),91)))),((((10,(9,6)),(8,(11,1))),(3,12)),7)),2),4),5);
Guide Tree 0/16
#NNI moves:6/152
Guide Tree 1/16
#NNI moves:0/152
Guide Tree 2/16
#NNI moves:0/152
Guide Tree 3/16
#NNI moves:6/152
Guide Tree 4/16
#NNI moves:0/152
Guide Tree 5/16
#NNI moves:0/152
Guide Tree 6/16
#NNI moves:4/152
Guide Tree 7/16
#NNI moves:0/152
Guide Tree 8/16
#NNI moves:0/152
Guide Tree 9/16
#NNI moves:0/152
Guide Tree 10/16
#NNI moves:0/152
Guide Tree 11/16
#NNI moves:6/152
Guide Tree 12/16
#NNI moves:0/152
Guide Tree 13/16
#NNI moves:0/152
Guide Tree 14/16
#NNI moves:0/152
Guide Tree 15/16
#NNI moves:0/152
Remaining: 0
#NNI moves:16/152
#NNI moves:24/152
(((((((((((((22,48),(85,46)),((73,74),(59,84))),((((13,43),((95,92),100)),((53,(56,26)),(((29,(60,27)),45),80))),(78,(72,64)))),((54,98),(((((86,40),70),(((55,69),35),34)),(65,24)),((((21,90),87),79),75)))),(((96,32),57),(89,49))),((((62,82),(88,81)),(((((66,28),(14,99)),83),61),(42,67))),(38,37))),(((20,93),((19,58),63)),((25,31),(47,52)))),(((((((50,23),44),(71,16)),97),77),((36,(30,94)),91)),(((33,41),(17,39)),((76,(15,68)),(18,51))))),(7,((((6,9),10),((11,1),8)),(3,12)))),2),4),5);
Guide Tree 0/16
#NNI moves:0/152
Guide Tree 1/16
#NNI moves:0/152
Guide Tree 2/16
#NNI moves:2/152
Guide Tree 3/16
#NNI moves:2/152
Guide Tree 4/16
#NNI moves:0/152
Guide Tree 5/16
#NNI moves:0/152
Guide Tree 6/16
#NNI moves:0/152
Guide Tree 7/16
#NNI moves:0/152
Guide Tree 8/16
#NNI moves:0/152
Guide Tree 9/16
#NNI moves:2/152
Guide Tree 10/16
#NNI moves:0/152
Guide Tree 11/16
#NNI moves:0/152
Guide Tree 12/16
#NNI moves:6/152
Guide Tree 13/16
#NNI moves:2/152
Guide Tree 14/16
#NNI moves:0/152
Guide Tree 15/16
#NNI moves:6/152
Remaining: 0
#NNI moves:12/152
#NNI moves:12/152
(((((((((((((((40,86),70),(((69,55),35),34)),(65,24)),(((87,(21,90)),79),75)),(98,54)),((((((56,26),53),((45,(29,(60,27))),80)),((100,(95,92)),(43,13))),((72,64),78)),(((48,22),(46,85)),((84,59),(74,73))))),((49,89),(57,(32,96)))),((38,37),((((((99,14),(66,28)),83),61),(42,67)),((81,88),(82,62))))),(((63,(19,58)),(93,20)),((52,47),(31,25)))),(((((((50,23),44),(16,71)),97),77),(((30,94),36),91)),(((76,(15,68)),(51,18)),((33,41),(39,17))))),(((3,12),(((11,1),8),(10,(9,6)))),7)),2),4),5);
Initial score: 5.06898e+08
Initial tree: (((((((((((((((40,86),70),(((69,55),35),34)),(65,24)),(((87,(21,90)),79),75)),(98,54)),((((((56,26),53),((45,(29,(60,27))),80)),((100,(95,92)),(43,13))),((72,64),78)),(((48,22),(46,85)),((84,59),(74,73))))),((49,89),(57,(32,96)))),((38,37),((((((99,14),(66,28)),83),61),(42,67)),((81,88),(82,62))))),(((63,(19,58)),(93,20)),((52,47),(31,25)))),(((((((50,23),44),(16,71)),97),77),(((30,94),36),91)),(((76,(15,68)),(51,18)),((33,41),(39,17))))),(((3,12),(((11,1),8),(10,(9,6)))),7)),2),4),5);
*** Subsample Process ***
Use two-step algorithm!
#NNI moves:8/152
Remaining: 0
#NNI moves:24/152
#NNI moves:24/152
(((((((((((((((82,62),(81,88)),(((((28,66),(14,99)),83),61),(42,67))),(38,37)),(((((((((23,50),44),(16,71)),97),77),(91,((30,94),36))),(((33,41),(39,17)),((51,18),((15,68),76)))),((7,((((1,11),8),((6,9),10)),(12,3))),(2,(4,5)))),(((52,47),(31,25)),((20,93),(63,(19,58)))))),((49,89),((32,96),57))),((((59,84),(74,73)),((85,46),(22,48))),((((13,43),((95,92),100)),(((((60,27),29),45),80),(53,(56,26)))),(78,(72,64))))),(98,54)),(((87,(21,90)),79),75)),(65,24)),((86,40),70)),34),35),69),55);
#NNI moves:8/152
Remaining: 0
#NNI moves:14/152
#NNI moves:14/152
(((((((((((((87,(90,21)),79),75),((24,65),((34,(35,(55,69))),((86,40),70)))),(54,98)),((((((45,((60,27),29)),80),((26,56),53)),(((95,92),100),(13,43))),((72,64),78)),(((73,74),(84,59)),((22,48),(85,46))))),((49,89),(57,(32,96)))),(((((((99,14),(28,66)),83),61),(67,42)),((62,82),(81,88))),(37,38))),(((25,31),(52,47)),((20,93),((58,19),63)))),((((((71,16),(44,(23,50))),97),77),(((94,30),36),91)),(((39,17),(33,41)),(((15,68),76),(18,51))))),(((((1,11),8),(10,(9,6))),(12,3)),7)),(4,5)),2);
#NNI moves:2/152
Remaining: 0
#NNI moves:8/152
#NNI moves:12/152
((((((((((((((((15,68),76),(18,51)),((17,39),(41,33))),(((97,(((50,23),44),(16,71))),77),((36,(30,94)),91))),((((((6,9),10),(8,(11,1))),(3,12)),7),(2,(4,5)))),((((58,19),63),(20,93)),((31,25),(52,47)))),((((42,67),((((28,66),(99,14)),83),61)),((82,62),(81,88))),(38,37))),((89,49),(57,(32,96)))),((((((((27,60),29),45),80),(53,(56,26))),(((95,92),100),(43,13))),((72,64),78)),(((59,84),(73,74)),((48,22),(85,46))))),(98,54)),((24,65),((70,(86,40)),((35,(55,69)),34)))),75),79),(90,21)),87);
#NNI moves:0/152
Remaining: 1
#NNI moves:16/152
#NNI moves:20/152
((((((((((((59,84),(74,73)),((46,85),(22,48))),(((((((60,27),29),45),80),(53,(56,26))),((100,(95,92)),(13,43))),((72,64),78))),((((((40,86),70),(34,(35,(69,55)))),(65,24)),((79,((90,21),87)),75)),(98,54))),(((96,32),57),(49,89))),((((82,62),(88,81)),((67,42),((((14,99),(28,66)),83),61))),(38,37))),((((58,19),63),(93,20)),((25,31),(52,47)))),(((((((50,23),44),(71,16)),97),77),(((30,94),36),91)),(((33,41),(39,17)),(((15,68),76),(51,18))))),((5,4),2)),((3,12),((8,(11,1)),((6,9),10)))),7);
Current score: 5.06898e+08
Current tree: ((4,(2,((((((((((59,84),(74,73)),((46,85),(22,48))),(((((((60,27),29),45),80),(53,(56,26))),((100,(95,92)),(13,43))),((72,64),78))),((((((40,86),70),(34,(35,(69,55)))),(65,24)),((79,((90,21),87)),75)),(98,54))),(((96,32),57),(49,89))),((((82,62),(88,81)),((67,42),((((14,99),(28,66)),83),61))),(38,37))),((((58,19),63),(93,20)),((25,31),(52,47)))),(((((((50,23),44),(71,16)),97),77),(((30,94),36),91)),(((33,41),(39,17)),(((15,68),76),(51,18))))),(((3,12),((8,(11,1)),((6,9),10))),7)))),5);
Final Tree: ((4,(2,((((((((((59,84),(74,73)),((46,85),(22,48))),(((((((60,27),29),45),80),(53,(56,26))),((100,(95,92)),(13,43))),((72,64),78))),((((((40,86),70),(34,(35,(69,55)))),(65,24)),((79,((90,21),87)),75)),(98,54))),(((96,32),57),(49,89))),((((82,62),(88,81)),((67,42),((((14,99),(28,66)),83),61))),(38,37))),((((58,19),63),(93,20)),((25,31),(52,47)))),(((((((50,23),44),(71,16)),97),77),(((30,94),36),91)),(((33,41),(39,17)),(((15,68),76),(51,18))))),(((3,12),((8,(11,1)),((6,9),10))),7)))),5);
#EqQuartets: 794383886
Score: 506898407
ASTRAL for PaRalogs and Orthologs III (ASTRAL-Pro3)
*** NOW with integrated CASTLES-Pro ***
Version: v1.22.3.6
Read 512 genetrees and found 100 species.
#Genetrees: 1000
#Duploss: 25380
#Species: 100
#Rounds: 4
#Samples: 4
#Threads: 1
Use two-step algorithm!
Guide Tree 0/16
#NNI moves:0/152
Guide Tree 1/16
#NNI moves:2/152
Guide Tree 2/16
#NNI moves:0/152
Guide Tree 3/16
#NNI moves:2/152
Guide Tree 4/16
#NNI moves:0/152
Guide Tree 5/16
#NNI moves:2/152
Guide Tree 6/16
#NNI moves:0/152
Guide Tree 7/16
#NNI moves:0/152
Guide Tree 8/16
#NNI moves:6/152
Guide Tree 9/16
#NNI moves:0/152
Guide Tree 10/16
#NNI moves:0/152
Guide Tree 11/16
#NNI moves:6/152
Guide Tree 12/16
#NNI moves:0/152
Guide Tree 13/16
#NNI moves:0/152
Guide Tree 14/16
#NNI moves:0/152
Guide Tree 15/16
#NNI moves:0/152
Remaining: 0
#NNI moves:10/152
#NNI moves:10/152
((((((((((((((69,60),81),(65,70)),((59,58),(89,52))),(55,(64,56))),((50,76),(62,(97,78)))),74),((((((((54,63),57),91),(96,86)),(((73,(((90,67),68),100)),94),66)),(((79,48),95),84)),((72,(99,82)),61)),(((((47,(80,49)),77),87),85),(75,(((((98,93),53),(88,92)),(71,51)),83))))),((((20,3),13),(((((((31,4),28),(9,24)),44),(22,(1,12))),((40,21),34)),((((((8,17),19),((2,18),10)),(26,15)),30),(((((14,46),42),(33,41)),43),(6,(37,23)))))),((11,45),29))),(36,16)),(5,39)),((7,(25,32)),35)),27),38);
Guide Tree 0/16
#NNI moves:0/152
Guide Tree 1/16
#NNI moves:0/152
Guide Tree 2/16
#NNI moves:0/152
Guide Tree 3/16
#NNI moves:0/152
Guide Tree 4/16
#NNI moves:0/152
Guide Tree 5/16
#NNI moves:0/152
Guide Tree 6/16
#NNI moves:0/152
Guide Tree 7/16
#NNI moves:0/152
Guide Tree 8/16
#NNI moves:0/152
Guide Tree 9/16
#NNI moves:0/152
Guide Tree 10/16
#NNI moves:0/152
Guide Tree 11/16
#NNI moves:0/152
Guide Tree 12/16
#NNI moves:0/152
Guide Tree 13/16
#NNI moves:0/152
Guide Tree 14/16
#NNI moves:0/152
Guide Tree 15/16
#NNI moves:0/152
Remaining: 0
#NNI moves:12/152
#NNI moves:12/152
(((((((((((((((((67,90),68),100),73),94),66),((((63,54),57),91),(96,86))),(((79,48),95),84)),(61,(72,(99,82)))),((((((53,(98,93)),(88,92)),(51,71)),83),75),(((77,((80,49),47)),87),85))),(((((((69,60),81),(70,65)),((89,52),(58,59))),(55,(56,64))),(((97,78),62),(50,76))),74)),(((((((((4,31),28),(9,24)),44),((12,1),22)),((40,21),34)),((((((18,2),10),((17,8),19)),(15,26)),30),(((37,23),6),(((41,33),(42,(14,46))),43)))),((20,3),13)),((45,11),29))),(36,16)),(39,5)),(((32,25),7),35)),27),38);
Guide Tree 0/16
#NNI moves:6/152
Guide Tree 1/16
#NNI moves:0/152
Guide Tree 2/16
#NNI moves:0/152
Guide Tree 3/16
#NNI moves:0/152
Guide Tree 4/16
#NNI moves:0/152
Guide Tree 5/16
#NNI moves:2/152
Guide Tree 6/16
#NNI moves:2/152
Guide Tree 7/16
#NNI moves:6/152
Guide Tree 8/16
#NNI moves:2/152
Guide Tree 9/16
#NNI moves:2/152
Guide Tree 10/16
#NNI moves:6/152
Guide Tree 11/16
#NNI moves:0/152
Guide Tree 12/16
#NNI moves:2/152
Guide Tree 13/16
#NNI moves:0/152
Guide Tree 14/16
#NNI moves:0/152
Guide Tree 15/16
#NNI moves:0/152
Remaining: 0
#NNI moves:0/152
#NNI moves:0/152
((((((((((((((28,(4,31)),(9,24)),44),(22,(12,1))),((21,40),34)),(((((33,41),((46,14),42)),43),((37,23),6)),(30,((((2,18),10),((17,8),19)),(15,26))))),((20,3),13)),((11,45),29)),(((((((79,48),95),84),(((((63,54),57),91),(96,86)),((((((67,90),68),100),73),94),66))),(((99,82),72),61)),(((((51,71),((53,(93,98)),(92,88))),83),75),((87,((47,(80,49)),77)),85))),((((76,50),(62,(97,78))),(((((60,69),81),(70,65)),((52,89),(59,58))),((56,64),55))),74))),(16,36)),(39,5)),(((32,25),7),35)),27),38);
Guide Tree 0/16
#NNI moves:0/152
Guide Tree 1/16
#NNI moves:6/152
Guide Tree 2/16
#NNI moves:0/152
Guide Tree 3/16
#NNI moves:0/152
Guide Tree 4/16
#NNI moves:0/152
Guide Tree 5/16
#NNI moves:0/152
Guide Tree 6/16
#NNI moves:0/152
Guide Tree 7/16
#NNI moves:0/152
Guide Tree 8/16
#NNI moves:0/152
Guide Tree 9/16
#NNI moves:0/152
Guide Tree 10/16
#NNI moves:2/152
Guide Tree 11/16
#NNI moves:2/152
Guide Tree 12/16
#NNI moves:0/152
Guide Tree 13/16
#NNI moves:0/152
Guide Tree 14/16
#NNI moves:0/152
Guide Tree 15/16
#NNI moves:2/152
Remaining: 0
#NNI moves:6/152
#NNI moves:6/152
(((((((((((((((((68,(90,67)),100),73),94),66),(((57,(63,54)),91),(86,96))),(((48,79),95),84)),(((99,82),72),61)),(((83,(((53,(93,98)),(88,92)),(51,71))),75),(((77,(47,(49,80))),87),85))),((((((59,58),(52,89)),((65,70),((69,60),81))),((56,64),55)),((76,50),(62,(97,78)))),74)),(36,16)),(((((6,(37,23)),((((14,46),42),(41,33)),43)),((((19,(17,8)),((18,2),10)),(15,26)),30)),(((44,((28,(31,4)),(24,9))),(22,(12,1))),((40,21),34))),(13,(20,3)))),((45,11),29)),(5,39)),((7,(25,32)),35)),27),38);
Initial score: 6.06415e+08
Initial tree: ((((((((((((6,(37,23)),((((14,46),42),(41,33)),43)),((((19,(17,8)),((18,2),10)),(15,26)),30)),(((44,((28,(31,4)),(24,9))),(22,(12,1))),((40,21),34))),(13,(20,3))),((45,11),29)),((((((((((68,(90,67)),100),73),94),66),(((57,(63,54)),91),(86,96))),(((48,79),95),84)),(((99,82),72),61)),(((83,(((53,(93,98)),(88,92)),(51,71))),75),(((77,(47,(49,80))),87),85))),((((((59,58),(52,89)),((65,70),((69,60),81))),((56,64),55)),((76,50),(62,(97,78)))),74))),(36,16)),(5,39)),((7,(25,32)),35)),27),38);
*** Subsample Process ***
Use two-step algorithm!
#NNI moves:4/152
Remaining: 0
#NNI moves:12/152
#NNI moves:12/152
(((((((((((((((((((90,67),68),100),73),94),66),(((57,(63,54)),91),(96,86))),(((48,79),95),84)),(((99,82),72),61)),((((((80,49),47),77),87),85),((((71,51),(((93,98),53),(88,92))),83),75))),((((((59,58),(89,52)),((70,65),(81,(60,69)))),((64,56),55)),((76,50),((97,78),62))),74)),(16,36)),(((11,45),29),(((27,38),(35,(7,(32,25)))),(5,39)))),(13,(3,20))),(((((28,(4,31)),(9,24)),44),(22,(12,1))),(34,(21,40)))),(30,((((2,18),10),((17,8),19)),(15,26)))),((23,37),6)),((41,33),(42,(14,46)))),43);
#NNI moves:0/152
Remaining: 0
#NNI moves:12/152
#NNI moves:12/152
((((((((((((((((100,((67,90),68)),73),94),66),(((57,(54,63)),91),(86,96))),(((79,48),95),84)),((72,(99,82)),61)),(((((((93,98),53),(92,88)),(71,51)),83),75),(((77,((80,49),47)),87),85))),((((((81,(69,60)),(65,70)),((89,52),(58,59))),((56,64),55)),(((78,97),62),(50,76))),74)),(16,36)),((((((((31,4),28),(24,9)),44),(22,(12,1))),((40,21),34)),((((((46,14),42),(33,41)),43),((23,37),6)),(30,((26,15),(((17,8),19),((18,2),10)))))),((20,3),13))),(29,(45,11))),(5,39)),(((32,25),7),35)),38),27);
#NNI moves:0/152
Remaining: 0
#NNI moves:18/152
#NNI moves:24/152
(((((((((((((((((100,((90,67),68)),73),94),66),(((57,(54,63)),91),(86,96))),(((48,79),95),84)),(((99,82),72),61)),((75,(((71,51),((53,(93,98)),(92,88))),83)),(((((80,49),47),77),87),85))),((((((81,(69,60)),(65,70)),((89,52),(59,58))),(55,(64,56))),(((97,78),62),(76,50))),74)),(((39,5),((38,27),(((32,25),7),35))),(36,16))),((45,11),29)),((20,3),13)),((((((2,18),10),((8,17),19)),(15,26)),30),((((42,(46,14)),(41,33)),43),((37,23),6)))),(34,(40,21))),(22,(12,1))),((24,9),((31,4),28))),44);
#NNI moves:2/152
Remaining: 0
#NNI moves:6/152
#NNI moves:18/152
(((((((((((((((((((68,(67,90)),100),73),94),66),((96,86),(((54,63),57),91))),(((48,79),95),84)),((72,(82,99)),61)),(((87,(((49,80),47),77)),85),((((((98,93),53),(88,92)),(71,51)),83),75))),((((55,(56,64)),(((59,58),(89,52)),(((60,69),81),(65,70)))),((62,(97,78)),(76,50))),74)),(36,16)),((((((((14,46),42),(41,33)),43),((37,23),6)),(((((17,8),19),((18,2),10)),(15,26)),30)),(((((24,9),(28,(31,4))),44),(22,(1,12))),(34,(21,40)))),((20,3),13))),((11,45),29)),(5,39)),(27,38)),35),7),32),25);
Current score: 6.06415e+08
Current tree: ((27,((((36,16),(((((((((((68,(67,90)),100),73),94),66),((96,86),(((54,63),57),91))),(((48,79),95),84)),((72,(82,99)),61)),(((87,(((49,80),47),77)),85),((((((98,93),53),(88,92)),(71,51)),83),75))),((((55,(56,64)),(((59,58),(89,52)),(((60,69),81),(65,70)))),((62,(97,78)),(76,50))),74)),(((11,45),29),((((((((14,46),42),(41,33)),43),((37,23),6)),(((((17,8),19),((18,2),10)),(15,26)),30)),(((((24,9),(28,(31,4))),44),(22,(1,12))),(34,(21,40)))),((20,3),13))))),(5,39)),(35,(7,(32,25))))),38);
Final Tree: ((27,((((36,16),(((((((((((68,(67,90)),100),73),94),66),((96,86),(((54,63),57),91))),(((48,79),95),84)),((72,(82,99)),61)),(((87,(((49,80),47),77)),85),((((((98,93),53),(88,92)),(71,51)),83),75))),((((55,(56,64)),(((59,58),(89,52)),(((60,69),81),(65,70)))),((62,(97,78)),(76,50))),74)),(((11,45),29),((((((((14,46),42),(41,33)),43),((37,23),6)),(((((17,8),19),((18,2),10)),(15,26)),30)),(((((24,9),(28,(31,4))),44),(22,(1,12))),(34,(21,40)))),((20,3),13))))),(5,39)),(35,(7,(32,25))))),38);
#EqQuartets: 882186553
Score: 606414680
ASTRAL for PaRalogs and Orthologs III (ASTRAL-Pro3)
*** NOW with integrated CASTLES-Pro ***
Version: v1.22.3.6
Read 512 genetrees and found 100 species.
#Genetrees: 1000
#Duploss: 23354
#Species: 100
#Rounds: 4
#Samples: 4
#Threads: 1
Use two-step algorithm!
Guide Tree 0/16
#NNI moves:0/152
Guide Tree 1/16
#NNI moves:0/152
Guide Tree 2/16
#NNI moves:0/152
Guide Tree 3/16
#NNI moves:0/152
Guide Tree 4/16
#NNI moves:0/152
Guide Tree 5/16
#NNI moves:0/152
Guide Tree 6/16
#NNI moves:0/152
Guide Tree 7/16
#NNI moves:0/152
Guide Tree 8/16
#NNI moves:0/152
Guide Tree 9/16
#NNI moves:0/152
Guide Tree 10/16
#NNI moves:0/152
Guide Tree 11/16
#NNI moves:0/152
Guide Tree 12/16
#NNI moves:0/152
Guide Tree 13/16
#NNI moves:0/152
Guide Tree 14/16
#NNI moves:0/152
Guide Tree 15/16
#NNI moves:6/152
Remaining: 0
#NNI moves:2/152
#NNI moves:2/152
((((((((((5,11),(((((6,4),3),(20,8)),((12,19),10)),((14,18),2))),((((15,(16,9)),7),(1,13)),17)),((((((76,97),87),(((((((41,40),99),63),((43,56),86)),25),(38,69)),49)),((((71,(60,(29,72))),83),44),(30,(26,23)))),(((96,42),(22,(54,(89,59)))),(74,47))),91)),(((((((((95,45),93),58),33),64),(65,90)),((46,((((53,61),(88,85)),57),((37,(98,92)),(84,79)))),((62,31),(36,34)))),(78,75)),73)),(((((52,51),67),((94,32),(39,27))),(68,70)),(82,48))),((((35,(66,81)),50),((28,80),55)),100)),21),24),77);
Guide Tree 0/16
#NNI moves:0/152
Guide Tree 1/16
#NNI moves:2/152
Guide Tree 2/16
#NNI moves:0/152
Guide Tree 3/16
#NNI moves:0/152
Guide Tree 4/16
#NNI moves:0/152
Guide Tree 5/16
#NNI moves:0/152
Guide Tree 6/16
#NNI moves:0/152
Guide Tree 7/16
#NNI moves:6/152
Guide Tree 8/16
#NNI moves:0/152
Guide Tree 9/16
#NNI moves:0/152
Guide Tree 10/16
#NNI moves:2/152
Guide Tree 11/16
#NNI moves:0/152
Guide Tree 12/16
#NNI moves:0/152
Guide Tree 13/16
#NNI moves:0/152
Guide Tree 14/16
#NNI moves:0/152
Guide Tree 15/16
#NNI moves:2/152
Remaining: 0
#NNI moves:6/152
#NNI moves:6/152
((((((((((((((((((41,40),99),63),(86,(56,43))),25),(69,38)),49),((76,97),87)),((((71,(60,(29,72))),83),44),((26,23),30))),((47,74),((((59,89),54),22),(42,96)))),91),((((13,1),(7,((9,16),15))),17),(((((19,12),10),((3,(6,4)),(20,8))),(2,(14,18))),(5,11)))),(((((((((61,53),(85,88)),57),(((98,92),37),(84,79))),46),((34,36),(31,62))),((((((95,45),93),58),33),64),(65,90))),(78,75)),73)),(((((39,27),(32,94)),(67,(52,51))),(70,68)),(82,48))),((((35,(66,81)),50),((80,28),55)),100)),21),24),77);
Guide Tree 0/16
#NNI moves:6/152
Guide Tree 1/16
#NNI moves:0/152
Guide Tree 2/16
#NNI moves:0/152
Guide Tree 3/16
#NNI moves:0/152
Guide Tree 4/16
#NNI moves:0/152
Guide Tree 5/16
#NNI moves:0/152
Guide Tree 6/16
#NNI moves:0/152
Guide Tree 7/16
#NNI moves:0/152
Guide Tree 8/16
#NNI moves:0/152
Guide Tree 9/16
#NNI moves:0/152
Guide Tree 10/16
#NNI moves:0/152
Guide Tree 11/16
#NNI moves:0/152
Guide Tree 12/16
#NNI moves:0/152
Guide Tree 13/16
#NNI moves:0/152
Guide Tree 14/16
#NNI moves:2/152
Guide Tree 15/16
#NNI moves:0/152
Remaining: 0
#NNI moves:0/152
#NNI moves:0/152
((((((((((((((((((41,40),99),63),((56,43),86)),25),(69,38)),49),(87,(76,97))),((((((72,29),60),71),83),44),((26,23),30))),((47,74),((((59,89),54),22),(42,96)))),91),(((5,11),(((10,(12,19)),(((6,4),3),(8,20))),((14,18),2))),(((13,1),(7,((16,9),15))),17))),(((((((((53,61),(85,88)),57),((37,(92,98)),(79,84))),46),((31,62),(36,34))),((90,65),(((((95,45),93),58),33),64))),(75,78)),73)),(((68,70),(((94,32),(39,27)),((51,52),67))),(82,48))),(((50,((81,66),35)),((28,80),55)),100)),21),24),77);
Guide Tree 0/16
#NNI moves:0/152
Guide Tree 1/16
#NNI moves:0/152
Guide Tree 2/16
#NNI moves:0/152
Guide Tree 3/16
#NNI moves:0/152
Guide Tree 4/16
#NNI moves:0/152
Guide Tree 5/16
#NNI moves:0/152
Guide Tree 6/16
#NNI moves:0/152
Guide Tree 7/16
#NNI moves:0/152
Guide Tree 8/16
#NNI moves:0/152
Guide Tree 9/16
#NNI moves:2/152
Guide Tree 10/16
#NNI moves:0/152
Guide Tree 11/16
#NNI moves:2/152
Guide Tree 12/16
#NNI moves:0/152
Guide Tree 13/16
#NNI moves:0/152
Guide Tree 14/16
#NNI moves:0/152
Guide Tree 15/16
#NNI moves:6/152
Remaining: 2
#NNI moves:8/152
#NNI moves:18/152
((((((((((((42,96),(22,(54,(59,89)))),(74,47)),(((44,(83,((60,(29,72)),71))),(30,(26,23))),((((((((40,41),99),63),(86,(43,56))),25),(69,38)),49),((76,97),87)))),91),((((((8,20),((4,6),3)),((12,19),10)),((18,14),2)),(5,11)),(((((16,9),15),7),(13,1)),17))),(((((((((45,95),93),58),33),64),(90,65)),(((31,62),(36,34)),(((((92,98),37),(84,79)),(57,((85,88),(53,61)))),46))),(78,75)),73)),(((68,70),((67,(52,51)),((94,32),(27,39)))),(48,82))),(((((81,66),35),50),((28,80),55)),100)),21),24),77);
Initial score: 5.99693e+08
Initial tree: ((((((((((((42,96),(22,(54,(59,89)))),(74,47)),(((44,(83,((60,(29,72)),71))),(30,(26,23))),((((((((40,41),99),63),(86,(43,56))),25),(69,38)),49),((76,97),87)))),91),((((((8,20),((4,6),3)),((12,19),10)),((18,14),2)),(5,11)),(((((16,9),15),7),(13,1)),17))),(((((((((45,95),93),58),33),64),(90,65)),(((31,62),(36,34)),(((((92,98),37),(84,79)),(57,((85,88),(53,61)))),46))),(78,75)),73)),(((68,70),((67,(52,51)),((94,32),(27,39)))),(48,82))),(((((81,66),35),50),((28,80),55)),100)),21),24),77);
*** Subsample Process ***
Use two-step algorithm!
#NNI moves:0/152
Remaining: 0
#NNI moves:6/152
#NNI moves:6/152
((((((((((((((31,62),(36,34)),((((79,84),(37,(92,98))),(((61,53),(85,88)),57)),46)),((65,90),(((58,(93,(95,45))),33),64))),(75,78)),73),((((((35,(66,81)),50),(55,(28,80))),100),((24,77),21)),(((68,70),(((39,27),(94,32)),(67,(52,51)))),(48,82)))),((((((16,9),15),7),(1,13)),17),((5,11),(((((4,6),3),(20,8)),(10,(12,19))),(2,(14,18)))))),91),(((((((((40,41),99),63),((56,43),86)),25),(69,38)),49),(87,(76,97))),((((((29,72),60),71),83),44),(30,(23,26))))),(47,74)),(((89,59),54),22)),96),42);
#NNI moves:0/152
Remaining: 0
#NNI moves:0/152
#NNI moves:0/152
((((((((((((87,(97,76)),(((((((41,40),99),63),((56,43),86)),25),(69,38)),49)),((30,(23,26)),((83,(((72,29),60),71)),44))),(((42,96),(((89,59),54),22)),(47,74))),91),((((((9,16),15),7),(1,13)),17),(((((12,19),10),(((4,6),3),(8,20))),((14,18),2)),(11,5)))),((((((((84,79),(37,(92,98))),(((85,88),(61,53)),57)),46),((31,62),(36,34))),((65,90),((33,(((95,45),93),58)),64))),(78,75)),73)),(((((51,52),67),((94,32),(27,39))),(68,70)),(48,82))),(((((81,66),35),50),(55,(28,80))),100)),21),77),24);
#NNI moves:0/152
Remaining: 0
#NNI moves:18/152
#NNI moves:28/152
(((((((((((((90,65),(64,(33,(58,((95,45),93))))),(((31,62),(36,34)),(((((98,92),37),(84,79)),(((88,85),(53,61)),57)),46))),(75,78)),73),((((70,68),(((52,51),67),((27,39),(94,32)))),(82,48)),(((((35,(66,81)),50),(55,(28,80))),100),((77,24),21)))),((((((9,16),15),7),(13,1)),17),(((((19,12),10),((20,8),(3,(4,6)))),(2,(14,18))),(11,5)))),91),((((54,(89,59)),22),(42,96)),(47,74))),((30,(23,26)),(((71,((72,29),60)),83),44))),(((((((40,41),99),63),((43,56),86)),25),(38,69)),49)),(76,97)),87);
#NNI moves:0/152
Remaining: 0
#NNI moves:0/152
#NNI moves:0/152
(((((((((((((71,(60,(29,72))),83),44),((26,23),30)),(((((((43,56),86),((99,(40,41)),63)),25),(38,69)),49),((97,76),87))),(((42,96),(22,(54,(89,59)))),(74,47))),91),(((((14,18),2),(((8,20),((4,6),3)),((12,19),10))),(5,11)),(((1,13),(((16,9),15),7)),17))),(((((((58,((45,95),93)),33),64),(65,90)),(((34,36),(31,62)),(((((53,61),(85,88)),57),((84,79),(37,(92,98)))),46))),(75,78)),73)),(((68,70),(((51,52),67),((94,32),(39,27)))),(82,48))),((((35,(81,66)),50),(55,(28,80))),100)),(24,77)),21);
Current score: 5.99693e+08
Current tree: ((24,((((((((((((71,(60,(29,72))),83),44),((26,23),30)),(((((((43,56),86),((99,(40,41)),63)),25),(38,69)),49),((97,76),87))),(((42,96),(22,(54,(89,59)))),(74,47))),91),(((((14,18),2),(((8,20),((4,6),3)),((12,19),10))),(5,11)),(((1,13),(((16,9),15),7)),17))),(((((((58,((45,95),93)),33),64),(65,90)),(((34,36),(31,62)),(((((53,61),(85,88)),57),((84,79),(37,(92,98)))),46))),(75,78)),73)),(((68,70),(((51,52),67),((94,32),(39,27)))),(82,48))),((((35,(81,66)),50),(55,(28,80))),100)),21)),77);
Final Tree: ((24,((((((((((((71,(60,(29,72))),83),44),((26,23),30)),(((((((43,56),86),((99,(40,41)),63)),25),(38,69)),49),((97,76),87))),(((42,96),(22,(54,(89,59)))),(74,47))),91),(((((14,18),2),(((8,20),((4,6),3)),((12,19),10))),(5,11)),(((1,13),(((16,9),15),7)),17))),(((((((58,((45,95),93)),33),64),(65,90)),(((34,36),(31,62)),(((((53,61),(85,88)),57),((84,79),(37,(92,98)))),46))),(75,78)),73)),(((68,70),(((51,52),67),((94,32),(39,27)))),(82,48))),((((35,(81,66)),50),(55,(28,80))),100)),21)),77);
#EqQuartets: 891738601
Score: 599693315
ASTRAL for PaRalogs and Orthologs III (ASTRAL-Pro3)
*** NOW with integrated CASTLES-Pro ***
Version: v1.22.3.6
Read 512 genetrees and found 100 species.
#Genetrees: 998
#Duploss: 28203
#Species: 100
#Rounds: 4
#Samples: 4
#Threads: 1
Use two-step algorithm!
Guide Tree 0/16
#NNI moves:0/152
Guide Tree 1/16
#NNI moves:6/152
Guide Tree 2/16
#NNI moves:8/152
Guide Tree 3/16
#NNI moves:2/152
Guide Tree 4/16
#NNI moves:0/152
Guide Tree 5/16
#NNI moves:0/152
Guide Tree 6/16
#NNI moves:0/152
Guide Tree 7/16
#NNI moves:6/152
Guide Tree 8/16
#NNI moves:0/152
Guide Tree 9/16
#NNI moves:0/152
Guide Tree 10/16
#NNI moves:6/152
Guide Tree 11/16
#NNI moves:2/152
Guide Tree 12/16
#NNI moves:0/152
Guide Tree 13/16
#NNI moves:0/152
Guide Tree 14/16
#NNI moves:0/152
Guide Tree 15/16
#NNI moves:0/152
Remaining: 0
#NNI moves:16/152
#NNI moves:16/152
(((((((((((((12,26),31),44),97),(((60,39),(47,(10,81))),69)),((((35,86),(((33,70),(24,7)),54)),((((46,((8,90),25)),((82,41),30)),(64,67)),38)),((((((13,53),87),95),99),11),(((52,74),57),73)))),((2,(5,4)),(3,1))),((((92,(45,((20,65),100))),((28,(((78,93),50),66)),75)),((89,29),62)),(((88,68),85),(27,18)))),(((91,42),(19,79)),(59,15))),(((((((21,48),56),32),(((40,36),49),61)),(80,83)),((((((71,23),9),16),(63,37)),((14,6),(77,17))),94)),((72,(84,96)),(34,((58,43),22))))),(98,76)),51),55);
Guide Tree 0/16
#NNI moves:0/152
Guide Tree 1/16
#NNI moves:0/152
Guide Tree 2/16
#NNI moves:0/152
Guide Tree 3/16
#NNI moves:0/152
Guide Tree 4/16
#NNI moves:0/152
Guide Tree 5/16
#NNI moves:0/152
Guide Tree 6/16
#NNI moves:0/152
Guide Tree 7/16
#NNI moves:0/152
Guide Tree 8/16
#NNI moves:0/152
Guide Tree 9/16
#NNI moves:0/152
Guide Tree 10/16
#NNI moves:2/152
Guide Tree 11/16
#NNI moves:0/152
Guide Tree 12/16
#NNI moves:0/152
Guide Tree 13/16
#NNI moves:0/152
Guide Tree 14/16
#NNI moves:6/152
Guide Tree 15/16
#NNI moves:2/152
Remaining: 1
#NNI moves:18/152
#NNI moves:30/152
(((((((((((((((25,(90,8)),46),(30,(41,82))),(64,67)),38),((((70,33),(24,7)),54),(35,86))),(((57,(52,74)),73),(((95,((53,13),87)),99),11))),((((47,(10,81)),(39,60)),69),((44,((26,12),31)),97))),((1,3),((5,4),2))),((((27,18),((68,88),85)),((((20,65),100),45),92)),((((66,(50,(93,78))),28),75),(62,(29,89))))),(((91,42),(79,19)),(59,15))),((((96,84),72),(34,(22,(43,58)))),((((((21,48),56),32),(((40,36),49),61)),(80,83)),((((17,77),(14,6)),((37,63),(((23,71),9),16))),94)))),(76,98)),51),55);
Guide Tree 0/16
#NNI moves:6/152
Guide Tree 1/16
#NNI moves:6/152
Guide Tree 2/16
#NNI moves:2/152
Guide Tree 3/16
#NNI moves:0/152
Guide Tree 4/16
#NNI moves:6/152
Guide Tree 5/16
#NNI moves:6/152
Guide Tree 6/16
#NNI moves:0/152
Guide Tree 7/16
#NNI moves:0/152
Guide Tree 8/16
#NNI moves:6/152
Guide Tree 9/16
#NNI moves:6/152
Guide Tree 10/16
#NNI moves:0/152
Guide Tree 11/16
#NNI moves:8/152
Guide Tree 12/16
#NNI moves:6/152
Guide Tree 13/16
#NNI moves:0/152
Guide Tree 14/16
#NNI moves:2/152
Guide Tree 15/16
#NNI moves:0/152
Remaining: 2
#NNI moves:18/152
#NNI moves:32/152
(((((((((((((((41,82),30),(((8,90),25),46)),(64,67)),38),((((70,33),(7,24)),54),(35,86))),((((95,((13,53),87)),99),11),((57,(52,74)),73))),((((39,60),(47,(10,81))),69),(((31,(26,12)),44),97))),(((5,4),2),(1,3))),(((((88,68),85),(18,27)),((((65,20),100),45),92)),((((66,(50,(78,93))),28),75),(62,(89,29))))),(((19,79),(42,91)),(15,59))),(((72,(84,96)),((22,(58,43)),34)),((((((40,36),49),61),(((48,21),56),32)),(83,80)),((((6,14),(17,77)),((((71,23),9),16),(37,63))),94)))),(76,98)),51),55);
Guide Tree 0/16
#NNI moves:2/152
Guide Tree 1/16
#NNI moves:2/152
Guide Tree 2/16
#NNI moves:0/152
Guide Tree 3/16
#NNI moves:2/152
Guide Tree 4/16
#NNI moves:2/152
Guide Tree 5/16
#NNI moves:2/152
Guide Tree 6/16
#NNI moves:2/152
Guide Tree 7/16
#NNI moves:6/152
Guide Tree 8/16
#NNI moves:2/152
Guide Tree 9/16
#NNI moves:4/152
Guide Tree 10/16
#NNI moves:2/152
Guide Tree 11/16
#NNI moves:0/152
Guide Tree 12/16
#NNI moves:0/152
Guide Tree 13/16
#NNI moves:0/152
Guide Tree 14/16
#NNI moves:6/152
Guide Tree 15/16
#NNI moves:2/152
Remaining: 3
#NNI moves:30/152
#NNI moves:38/152
(((((((((92,(((65,20),100),45)),((27,18),(85,(68,88)))),(((89,29),62),((((50,(78,93)),66),28),75))),(((((((((82,41),30),(((90,8),25),46)),(64,67)),38),((((33,70),(7,24)),54),(35,86))),(((((87,(53,13)),95),99),11),(((74,52),57),73))),((((31,(12,26)),44),97),(((39,60),((81,10),47)),69))),(((5,4),2),(1,3)))),(((79,19),(42,91)),(59,15))),((((22,(58,43)),34),(72,(84,96))),(((((14,6),(17,77)),((((71,23),9),16),(63,37))),94),(((((21,48),56),32),(((40,36),49),61)),(80,83))))),(76,98)),51),55);
Initial score: 4.40442e+08
Initial tree: (((((((((92,(((65,20),100),45)),((27,18),(85,(68,88)))),(((89,29),62),((((50,(78,93)),66),28),75))),(((((((((82,41),30),(((90,8),25),46)),(64,67)),38),((((33,70),(7,24)),54),(35,86))),(((((87,(53,13)),95),99),11),(((74,52),57),73))),((((31,(12,26)),44),97),(((39,60),((81,10),47)),69))),(((5,4),2),(1,3)))),(((79,19),(42,91)),(59,15))),((((22,(58,43)),34),(72,(84,96))),(((((14,6),(17,77)),((((71,23),9),16),(63,37))),94),(((((21,48),56),32),(((40,36),49),61)),(80,83))))),(76,98)),51),55);
*** Subsample Process ***
Use two-step algorithm!
#NNI moves:0/152
Remaining: 0
#NNI moves:36/152
#NNI moves:54/152
(((((((((((((((82,41),30),(46,((90,8),25))),(64,67)),38),((((33,70),(24,7)),54),(35,86))),((((((53,13),87),95),99),11),(73,(57,(52,74))))),((((39,60),((10,81),47)),69),((((26,12),31),44),97))),(((4,5),2),(3,1))),((((((((17,77),(14,6)),((((23,71),9),16),(37,63))),94),((80,83),(((56,(48,21)),32),((49,(40,36)),61)))),((72,(96,84)),(((58,43),22),34))),((76,98),(51,55))),((15,59),((79,19),(42,91))))),((18,27),((88,68),85))),((89,29),62)),(((((78,93),50),66),28),75)),((100,(65,20)),45)),92);
#NNI moves:6/152
Remaining: 5
#NNI moves:22/152
#NNI moves:30/152
((((((((((((20,65),100),45),92),(((88,68),85),(18,27))),((((((78,93),50),66),28),75),(62,(89,29)))),((((((60,39),((81,10),47)),69),((((26,12),31),44),97)),(((((((41,82),30),(46,(25,(8,90)))),(64,67)),38),((((33,70),(7,24)),54),(86,35))),(((57,(52,74)),73),(((95,(87,(13,53))),99),11)))),((2,(4,5)),(1,3)))),((59,15),((79,19),(91,42)))),((((((49,(40,36)),61),(32,((21,48),56))),(83,80)),((((77,17),(14,6)),(((9,(23,71)),16),(63,37))),94)),((((58,43),22),34),((96,84),72)))),(51,55)),98),76);
#NNI moves:0/152
Remaining: 1
#NNI moves:48/152
#NNI moves:54/152
((((((((((((((((((41,82),30),(((8,90),25),46)),(67,64)),38),((((33,70),(7,24)),54),(35,86))),(((((87,(53,13)),95),99),11),(((52,74),57),73))),((69,((47,(81,10)),(39,60))),(((31,(26,12)),44),97))),((3,1),(2,(5,4)))),(((((((((21,48),56),32),(((40,36),49),61)),(83,80)),((((63,37),((9,(23,71)),16)),((6,14),(17,77))),94)),((((43,58),22),34),((84,96),72))),((98,76),(55,51))),((15,59),((91,42),(19,79))))),(((((65,20),100),45),92),((27,18),((88,68),85)))),((29,89),62)),75),28),66),50),93),78);
#NNI moves:0/152
Remaining: 2
#NNI moves:32/152
#NNI moves:34/152
(((((((((((((26,12),31),44),97),(((39,60),((81,10),47)),69)),((((((24,7),(70,33)),54),(35,86)),((((((8,90),25),46),((82,41),30)),(64,67)),38)),((11,(((87,(13,53)),95),99)),(((74,52),57),73)))),((2,(5,4)),(1,3))),((((((65,20),100),45),92),((85,(88,68)),(18,27))),(((89,29),62),(75,(((50,(93,78)),66),28))))),(((91,42),(19,79)),(59,15))),(((((32,((48,21),56)),(61,((36,40),49))),(80,83)),((((6,14),(77,17)),((63,37),(((23,71),9),16))),94)),((72,(84,96)),(34,((58,43),22))))),(51,55)),76),98);
Current score: 4.40442e+08
Current tree: ((51,(((((((((((26,12),31),44),97),(((39,60),((81,10),47)),69)),((((((24,7),(70,33)),54),(35,86)),((((((8,90),25),46),((82,41),30)),(64,67)),38)),((11,(((87,(13,53)),95),99)),(((74,52),57),73)))),((2,(5,4)),(1,3))),((((((65,20),100),45),92),((85,(88,68)),(18,27))),(((89,29),62),(75,(((50,(93,78)),66),28))))),(((91,42),(19,79)),(59,15))),(((((32,((48,21),56)),(61,((36,40),49))),(80,83)),((((6,14),(77,17)),((63,37),(((23,71),9),16))),94)),((72,(84,96)),(34,((58,43),22))))),(76,98))),55);
Final Tree: ((51,(((((((((((26,12),31),44),97),(((39,60),((81,10),47)),69)),((((((24,7),(70,33)),54),(35,86)),((((((8,90),25),46),((82,41),30)),(64,67)),38)),((11,(((87,(13,53)),95),99)),(((74,52),57),73)))),((2,(5,4)),(1,3))),((((((65,20),100),45),92),((85,(88,68)),(18,27))),(((89,29),62),(75,(((50,(93,78)),66),28))))),(((91,42),(19,79)),(59,15))),(((((32,((48,21),56)),(61,((36,40),49))),(80,83)),((((6,14),(77,17)),((63,37),(((23,71),9),16))),94)),((72,(84,96)),(34,((58,43),22))))),(76,98))),55);
#EqQuartets: 699806273
Score: 440442040
ASTRAL for PaRalogs and Orthologs III (ASTRAL-Pro3)
*** NOW with integrated CASTLES-Pro ***
Version: v1.22.3.6
Read 512 genetrees and found 100 species.
#Genetrees: 999
#Duploss: 25428
#Species: 100
#Rounds: 4
#Samples: 4
#Threads: 1
Use two-step algorithm!
Guide Tree 0/16
#NNI moves:2/152
Guide Tree 1/16
#NNI moves:2/152
Guide Tree 2/16
#NNI moves:2/152
Guide Tree 3/16
#NNI moves:0/152
Guide Tree 4/16
#NNI moves:8/152
Guide Tree 5/16
#NNI moves:6/152
Guide Tree 6/16
#NNI moves:10/152
Guide Tree 7/16
#NNI moves:2/152
Guide Tree 8/16
#NNI moves:10/152
Guide Tree 9/16
#NNI moves:2/152
Guide Tree 10/16
#NNI moves:4/152
Guide Tree 11/16
#NNI moves:2/152
Guide Tree 12/16
#NNI moves:2/152
Guide Tree 13/16
#NNI moves:0/152
Guide Tree 14/16
#NNI moves:4/152
Guide Tree 15/16
#NNI moves:6/152
Remaining: 1
#NNI moves:6/152
#NNI moves:6/152
((((((((((((((((81,((96,94),77)),80),(91,93)),((((((89,92),87),83),((76,78),98)),86),((((84,99),85),((95,90),88)),79))),((100,75),82)),97),(((((21,(50,72)),22),(((55,6),(73,33)),(29,54))),((((((17,5),43),27),(24,42)),18),((34,35),67))),(((56,65),40),10))),(((71,(51,74)),(64,(28,19))),((44,37),(((68,38),66),45)))),(((23,47),62),((4,20),25))),((((12,30),9),15),((49,(57,52)),((39,63),13)))),((2,31),(14,3))),((41,((1,(48,7)),16)),((((70,26),(((11,36),61),8)),69),(46,32)))),53),60),58),59);
Guide Tree 0/16
#NNI moves:16/152
Guide Tree 1/16
#NNI moves:6/152
Guide Tree 2/16
#NNI moves:6/152
Guide Tree 3/16
#NNI moves:2/152
Guide Tree 4/16
#NNI moves:2/152
Guide Tree 5/16
#NNI moves:6/152
Guide Tree 6/16
#NNI moves:4/152
Guide Tree 7/16
#NNI moves:8/152
Guide Tree 8/16
#NNI moves:2/152
Guide Tree 9/16
#NNI moves:2/152
Guide Tree 10/16
#NNI moves:6/152
Guide Tree 11/16
#NNI moves:2/152
Guide Tree 12/16
#NNI moves:2/152
Guide Tree 13/16
#NNI moves:4/152
Guide Tree 14/16
#NNI moves:2/152
Guide Tree 15/16
#NNI moves:2/152
Remaining: 4
#NNI moves:18/152
#NNI moves:18/152
(((((((((((((((((((92,89),87),83),((76,78),98)),86),(((85,(99,84)),(88,(95,90))),79)),(((((94,96),77),81),80),(91,93))),((100,75),82)),97),((((((55,6),(73,33)),(54,29)),((21,(72,50)),22)),((((((5,17),43),27),(42,24)),18),((35,34),67))),(((65,56),40),10))),(((37,44),((66,(68,38)),45)),((71,(51,74)),((28,19),64)))),(((47,23),62),(25,(20,4)))),((((12,30),9),15),((49,(57,52)),(13,(63,39))))),((31,2),(3,14))),(((((7,48),1),16),41),(((((61,(11,36)),8),(70,26)),69),(32,46)))),53),60),58),59);
Guide Tree 0/16
#NNI moves:0/152
Guide Tree 1/16
#NNI moves:2/152
Guide Tree 2/16
#NNI moves:0/152
Guide Tree 3/16
#NNI moves:0/152
Guide Tree 4/16
#NNI moves:0/152
Guide Tree 5/16
#NNI moves:0/152
Guide Tree 6/16
#NNI moves:2/152
Guide Tree 7/16
#NNI moves:0/152
Guide Tree 8/16
#NNI moves:0/152
Guide Tree 9/16
#NNI moves:0/152
Guide Tree 10/16
#NNI moves:2/152
Guide Tree 11/16
#NNI moves:0/152
Guide Tree 12/16
#NNI moves:0/152
Guide Tree 13/16
#NNI moves:0/152
Guide Tree 14/16
#NNI moves:0/152
Guide Tree 15/16
#NNI moves:0/152
Remaining: 0
#NNI moves:46/152
#NNI moves:46/152
((((((((((((((18,((((5,17),43),27),(24,42))),(67,(35,34))),(((29,54),((33,73),(6,55))),(((72,50),21),22))),(10,(40,(65,56)))),(((((((83,((92,89),87)),((76,78),98)),(86,79)),((88,(90,95)),(85,(99,84)))),(((81,((96,94),77)),80),(93,91))),((100,75),82)),97)),(((44,37),(45,(66,(68,38)))),((64,(19,28)),(71,(51,74))))),(((20,4),25),((47,23),62))),((((52,57),49),((39,63),13)),(((30,12),9),15))),((31,2),(14,3))),(((((((11,36),61),8),(26,70)),69),(46,32)),((((7,48),1),16),41))),53),60),58),59);
Guide Tree 0/16
#NNI moves:0/152
Guide Tree 1/16
#NNI moves:0/152
Guide Tree 2/16
#NNI moves:0/152
Guide Tree 3/16
#NNI moves:0/152
Guide Tree 4/16
#NNI moves:2/152
Guide Tree 5/16
#NNI moves:0/152
Guide Tree 6/16
#NNI moves:0/152
Guide Tree 7/16
#NNI moves:2/152
Guide Tree 8/16
#NNI moves:2/152
Guide Tree 9/16
#NNI moves:0/152
Guide Tree 10/16
#NNI moves:0/152
Guide Tree 11/16
#NNI moves:0/152
Guide Tree 12/16
#NNI moves:0/152
Guide Tree 13/16
#NNI moves:0/152
Guide Tree 14/16
#NNI moves:2/152
Guide Tree 15/16
#NNI moves:6/152
Remaining: 2
#NNI moves:6/152
#NNI moves:6/152
((((((((((48,7),1),16),41),((((8,((11,36),61)),(70,26)),69),(46,32))),((((((((((((((((92,89),87),83),(76,78)),(((90,95),88),((84,99),85))),86),79),98),(((81,((96,94),77)),80),(93,91))),(82,(100,75))),97),((((((72,50),21),22),(((6,55),(73,33)),(54,29))),((((((17,5),43),27),(24,42)),18),(67,(34,35)))),(((65,56),40),10))),((((51,74),71),((28,19),64)),((44,37),(45,((38,68),66))))),(((20,4),25),(62,(47,23)))),((((52,57),49),(13,(39,63))),(((12,30),9),15))),((31,2),(14,3)))),53),60),58),59);
Initial score: 4.97051e+08
Initial tree: ((((((((((48,7),1),16),41),((((8,((11,36),61)),(70,26)),69),(46,32))),((((((((((((((92,89),87),83),((76,78),98)),86),((((90,95),88),((84,99),85)),79)),(((81,((96,94),77)),80),(93,91))),(82,(100,75))),97),((((((72,50),21),22),(((6,55),(73,33)),(54,29))),((((((17,5),43),27),(24,42)),18),(67,(34,35)))),(((65,56),40),10))),((((51,74),71),((28,19),64)),((44,37),(45,((38,68),66))))),(((20,4),25),(62,(47,23)))),((((52,57),49),(13,(39,63))),(((12,30),9),15))),((31,2),(14,3)))),53),60),58),59);
*** Subsample Process ***
Use two-step algorithm!
#NNI moves:6/152
Remaining: 1
#NNI moves:40/152
#NNI moves:42/152
((((((((((((((((52,57),49),(13,(39,63))),(((30,12),9),15)),(((2,31),(14,3)),(((((1,(48,7)),16),41),((((8,((36,11),61)),(70,26)),69),(32,46))),(((58,59),60),53)))),(((47,23),62),((4,20),25))),(((64,(19,28)),((51,74),71)),((44,37),(((68,38),66),45)))),((((((55,6),(73,33)),(54,29)),((21,(50,72)),22)),((((((5,17),43),27),(24,42)),18),((35,34),67))),(10,(40,(65,56))))),97),((75,100),82)),(((81,((96,94),77)),80),(93,91))),((((84,99),85),(88,(90,95))),79)),86),((87,(89,92)),83)),(76,78)),98);
#NNI moves:0/152
Remaining: 0
#NNI moves:8/152
#NNI moves:16/152
((((((((((((((((((90,95),88),((99,84),85)),79),((((76,78),98),(83,((89,92),87))),86)),((93,91),(((77,(94,96)),81),80))),((100,75),82)),97),(((((21,(50,72)),22),(((6,55),(33,73)),(29,54))),(((((43,(5,17)),27),(42,24)),18),(67,(34,35)))),(10,(40,(65,56))))),(((((38,68),66),45),(44,37)),((71,(74,51)),(64,(28,19))))),(((4,20),25),(62,(23,47)))),((((57,52),49),((39,63),13)),(((30,12),9),15))),((2,31),(14,3))),((((1,(7,48)),16),41),((((26,70),(((36,11),61),8)),69),(46,32)))),53),60),59),58);
#NNI moves:2/152
Remaining: 1
#NNI moves:10/152
#NNI moves:10/152
(((((((((((((((((39,63),13),((52,57),49)),(((30,12),9),15)),((((((1,(48,7)),16),41),(((((61,(11,36)),8),(70,26)),69),(32,46))),((60,(59,58)),53)),((2,31),(14,3)))),(((23,47),62),(25,(20,4)))),(((45,((38,68),66)),(37,44)),((71,(51,74)),((19,28),64)))),((((((50,72),21),22),(((55,6),(33,73)),(54,29))),((((42,24),(27,((5,17),43))),18),((35,34),67))),(10,((56,65),40)))),97),((100,75),82)),(((((96,94),77),81),80),(93,91))),(86,((98,(76,78)),(((92,89),87),83)))),79),((90,95),88)),85),99),84);
#NNI moves:2/152
Remaining: 0
#NNI moves:32/152
#NNI moves:32/152
((((((((((((((((55,6),(73,33)),(29,54)),(((50,72),21),22)),(((((43,(17,5)),27),(24,42)),18),((34,35),67))),((40,(56,65)),10)),((((((((94,96),77),81),80),(91,93)),((86,(((((92,89),87),83),(98,(78,76))),(((95,90),88),79))),((84,99),85))),(82,(75,100))),97)),(((71,(74,51)),(64,(28,19))),((((38,68),66),45),(44,37)))),((62,(23,47)),((20,4),25))),(((49,(57,52)),(13,(63,39))),((9,(30,12)),15))),((14,3),(2,31))),((60,(58,59)),53)),((((8,(61,(11,36))),(26,70)),69),(46,32))),41),((7,48),1)),16);
Current score: 4.97051e+08
Current tree: ((58,(60,(53,((((((((((((55,6),(73,33)),(29,54)),(((50,72),21),22)),(((((43,(17,5)),27),(24,42)),18),((34,35),67))),((40,(56,65)),10)),((((((((94,96),77),81),80),(91,93)),((86,((((92,89),87),83),(98,(78,76)))),(79,(((95,90),88),((84,99),85))))),(82,(75,100))),97)),(((71,(74,51)),(64,(28,19))),((((38,68),66),45),(44,37)))),((62,(23,47)),((20,4),25))),(((49,(57,52)),(13,(63,39))),((9,(30,12)),15))),((14,3),(2,31))),(((((8,(61,(11,36))),(26,70)),69),(46,32)),(41,(((7,48),1),16))))))),59);
Final Tree: ((58,(60,(53,((((((((((((55,6),(73,33)),(29,54)),(((50,72),21),22)),(((((43,(17,5)),27),(24,42)),18),((34,35),67))),((40,(56,65)),10)),((((((((94,96),77),81),80),(91,93)),((86,((((92,89),87),83),(98,(78,76)))),(79,(((95,90),88),((84,99),85))))),(82,(75,100))),97)),(((71,(74,51)),(64,(28,19))),((((38,68),66),45),(44,37)))),((62,(23,47)),((20,4),25))),(((49,(57,52)),(13,(63,39))),((9,(30,12)),15))),((14,3),(2,31))),(((((8,(61,(11,36))),(26,70)),69),(46,32)),(41,(((7,48),1),16))))))),59);
#EqQuartets: 760252119
Score: 497051495
ASTRAL for PaRalogs and Orthologs III (ASTRAL-Pro3)
*** NOW with integrated CASTLES-Pro ***
Version: v1.22.3.6
Read 512 genetrees and found 100 species.
#Genetrees: 999
#Duploss: 22926
#Species: 100
#Rounds: 4
#Samples: 4
#Threads: 1
Use two-step algorithm!
Guide Tree 0/16
#NNI moves:0/152
Guide Tree 1/16
#NNI moves:0/152
Guide Tree 2/16
#NNI moves:6/152
Guide Tree 3/16
#NNI moves:6/152
Guide Tree 4/16
#NNI moves:0/152
Guide Tree 5/16
#NNI moves:0/152
Guide Tree 6/16
#NNI moves:0/152
Guide Tree 7/16
#NNI moves:0/152
Guide Tree 8/16
#NNI moves:2/152
Guide Tree 9/16
#NNI moves:2/152
Guide Tree 10/16
#NNI moves:0/152
Guide Tree 11/16
#NNI moves:2/152
Guide Tree 12/16
#NNI moves:0/152
Guide Tree 13/16
#NNI moves:2/152
Guide Tree 14/16
#NNI moves:2/152
Guide Tree 15/16
#NNI moves:0/152
Remaining: 0
#NNI moves:18/152
#NNI moves:18/152
((((((((((((((35,78),(86,51)),(((84,57),(75,54)),(45,80))),((40,25),(58,41))),((37,20),59)),11),((((91,93),98),((96,(90,94)),(99,(92,97)))),(95,100))),(((((24,42),((14,(31,23)),50)),((21,89),29)),73),(((63,(26,81)),((61,64),(32,68))),(12,77)))),((((((((44,60),(66,79)),(52,(1,74))),((33,38),(82,56))),(((87,30),(53,34)),(13,17))),(10,22)),3),(((72,49),69),((28,88),46)))),((((39,83),6),((76,65),55)),((((((47,19),(7,43)),(8,(48,4))),(62,18)),85),((27,5),2)))),36),((70,67),9)),(16,15)),71);
Guide Tree 0/16
#NNI moves:2/152
Guide Tree 1/16
#NNI moves:0/152
Guide Tree 2/16
#NNI moves:2/152
Guide Tree 3/16
#NNI moves:0/152
Guide Tree 4/16
#NNI moves:2/152
Guide Tree 5/16
#NNI moves:0/152
Guide Tree 6/16
#NNI moves:0/152
Guide Tree 7/16
#NNI moves:6/152
Guide Tree 8/16
#NNI moves:2/152
Guide Tree 9/16
#NNI moves:0/152
Guide Tree 10/16
#NNI moves:0/152
Guide Tree 11/16
#NNI moves:2/152
Guide Tree 12/16
#NNI moves:2/152
Guide Tree 13/16
#NNI moves:0/152
Guide Tree 14/16
#NNI moves:6/152
Guide Tree 15/16
#NNI moves:2/152
Remaining: 1
#NNI moves:4/152
#NNI moves:4/152
((((((((((((((78,35),(51,86)),(((54,75),(57,84)),(45,80))),((41,58),(25,40))),(59,(37,20))),11),(((((97,92),99),((90,94),96)),((93,91),98)),(95,100))),(((((42,24),(((23,31),14),50)),(29,(89,21))),73),((((81,26),63),((32,68),(64,61))),(77,12)))),((((((((79,66),(44,60)),((74,1),52)),((82,56),(38,33))),(((34,53),(87,30)),(17,13))),(22,10)),3),((46,(28,88)),(69,(72,49))))),(((55,(76,65)),((39,83),6)),(((27,5),2),(((((7,43),(19,47)),(8,(48,4))),(62,18)),85)))),36),(9,(70,67))),(16,15)),71);
Guide Tree 0/16
#NNI moves:2/152
Guide Tree 1/16
#NNI moves:0/152
Guide Tree 2/16
#NNI moves:2/152
Guide Tree 3/16
#NNI moves:2/152
Guide Tree 4/16
#NNI moves:2/152
Guide Tree 5/16
#NNI moves:2/152
Guide Tree 6/16
#NNI moves:6/152
Guide Tree 7/16
#NNI moves:2/152
Guide Tree 8/16
#NNI moves:2/152
Guide Tree 9/16
#NNI moves:2/152
Guide Tree 10/16
#NNI moves:0/152
Guide Tree 11/16
#NNI moves:6/152
Guide Tree 12/16
#NNI moves:6/152
Guide Tree 13/16
#NNI moves:0/152
Guide Tree 14/16
#NNI moves:2/152
Guide Tree 15/16
#NNI moves:6/152
Remaining: 0
#NNI moves:6/152
#NNI moves:6/152
(((((((((((((((75,54),(57,84)),(80,45)),((86,51),(78,35))),((40,25),(58,41))),((37,20),59)),11),(((((92,97),99),((90,94),96)),((91,93),98)),(95,100))),(((((32,68),(64,61)),((81,26),63)),(77,12)),((((21,89),29),((50,(14,(31,23))),(24,42))),73))),((((28,88),46),((72,49),69)),(3,((((((79,66),(44,60)),(52,(1,74))),((38,33),(82,56))),(((34,53),(30,87)),(13,17))),(10,22))))),((((27,5),2),(85,((((43,7),(47,19)),(8,(4,48))),(18,62)))),((55,(76,65)),(6,(39,83))))),36),(9,(70,67))),(15,16)),71);
Guide Tree 0/16
#NNI moves:0/152
Guide Tree 1/16
#NNI moves:2/152
Guide Tree 2/16
#NNI moves:0/152
Guide Tree 3/16
#NNI moves:6/152
Guide Tree 4/16
#NNI moves:0/152
Guide Tree 5/16
#NNI moves:0/152
Guide Tree 6/16
#NNI moves:0/152
Guide Tree 7/16
#NNI moves:0/152
Guide Tree 8/16
#NNI moves:0/152
Guide Tree 9/16
#NNI moves:0/152
Guide Tree 10/16
#NNI moves:6/152
Guide Tree 11/16
#NNI moves:0/152
Guide Tree 12/16
#NNI moves:0/152
Guide Tree 13/16
#NNI moves:0/152
Guide Tree 14/16
#NNI moves:0/152
Guide Tree 15/16
#NNI moves:2/152
Remaining: 0
#NNI moves:8/152
#NNI moves:8/152
(((((((((((((((57,84),(75,54)),(45,80)),((35,78),(51,86))),((41,58),(40,25))),(59,(20,37))),11),(((((94,90),96),((97,92),99)),(98,(91,93))),(95,100))),(((((((31,23),14),50),(24,42)),((89,21),29)),73),((((81,26),63),((32,68),(64,61))),(12,77)))),((((((((60,44),(66,79)),(52,(74,1))),((56,82),(33,38))),((13,17),((87,30),(34,53)))),(10,22)),3),(((88,28),46),((72,49),69)))),((((5,27),2),(((((7,43),(47,19)),(8,(48,4))),(18,62)),85)),(((83,39),6),((65,76),55)))),36),((70,67),9)),(16,15)),71);
Initial score: 6.50202e+08
Initial tree: (((((((((((((((57,84),(75,54)),(45,80)),((35,78),(51,86))),((41,58),(40,25))),(59,(20,37))),11),(((((94,90),96),((97,92),99)),(98,(91,93))),(95,100))),(((((((31,23),14),50),(24,42)),((89,21),29)),73),((((81,26),63),((32,68),(64,61))),(12,77)))),((((((((60,44),(66,79)),(52,(74,1))),((56,82),(33,38))),((13,17),((87,30),(34,53)))),(10,22)),3),(((88,28),46),((72,49),69)))),((((5,27),2),(((((7,43),(47,19)),(8,(48,4))),(18,62)),85)),(((83,39),6),((65,76),55)))),36),((70,67),9)),(16,15)),71);
*** Subsample Process ***
Use two-step algorithm!
#NNI moves:0/152
Remaining: 0
#NNI moves:10/152
#NNI moves:10/152
((((((((((((((((((19,47),(43,7)),((4,48),8)),(18,62)),85),((5,27),2)),(((83,39),6),((76,65),55))),((((70,67),9),((16,15),71)),36)),((((((13,17),((53,34),(30,87))),((((66,79),(44,60)),((1,74),52)),((38,33),(82,56)))),(10,22)),3),(((88,28),46),(69,(49,72))))),(((((42,24),(50,((31,23),14))),(29,(21,89))),73),(((63,(26,81)),((64,61),(32,68))),(77,12)))),((((91,93),98),(((92,97),99),((90,94),96))),(100,95))),11),((37,20),59)),((25,40),(58,41))),((35,78),(86,51))),((54,75),(57,84))),45),80);
#NNI moves:0/152
Remaining: 2
#NNI moves:4/152
#NNI moves:4/152
((((((((((((((90,94),96),((92,97),99)),(98,(93,91))),(95,100)),((((((35,78),(51,86)),(((57,84),(54,75)),(80,45))),((40,25),(41,58))),((20,37),59)),11)),(((((50,((23,31),14)),(24,42)),((89,21),29)),73),(((63,(26,81)),((64,61),(32,68))),(12,77)))),((((((17,13),((30,87),(34,53))),((((66,79),(44,60)),((1,74),52)),((33,38),(56,82)))),(10,22)),3),(((72,49),69),((28,88),46)))),(((((((7,43),(19,47)),((48,4),8)),(18,62)),85),((27,5),2)),(((39,83),6),(55,(65,76))))),36),((15,16),71)),9),67),70);
#NNI moves:0/152
Remaining: 0
#NNI moves:10/152
#NNI moves:14/152
((((((((((((((17,13),((34,53),(87,30))),((((66,79),(44,60)),(52,(1,74))),((56,82),(33,38)))),(10,22)),3),((46,(88,28)),((72,49),69))),(((((5,27),2),(((((19,47),(7,43)),((48,4),8)),(18,62)),85)),(((39,83),6),((76,65),55))),(((9,(70,67)),(71,(15,16))),36))),(((((24,42),(50,(14,(31,23)))),(29,(89,21))),73),((12,77),(((64,61),(32,68)),(63,(81,26)))))),(((((((57,84),(75,54)),(80,45)),((86,51),(78,35))),((58,41),(40,25))),(59,(37,20))),11)),(100,95)),((91,93),98)),(96,(90,94))),(92,97)),99);
#NNI moves:0/152
Remaining: 1
#NNI moves:32/152
#NNI moves:32/152
(((((((((((((42,24),(((23,31),14),50)),((89,21),29)),73),(((63,(26,81)),((61,64),(68,32))),(12,77))),(((((91,93),98),(((90,94),96),(99,(92,97)))),(95,100)),((((37,20),59),(((25,40),(41,58)),((((75,54),(84,57)),(80,45)),((78,35),(86,51))))),11))),((((((((60,44),(79,66)),((74,1),52)),((82,56),(33,38))),(((30,87),(34,53)),(13,17))),(10,22)),3),(((88,28),46),((72,49),69)))),(((((((43,7),(19,47)),(8,(48,4))),(62,18)),85),(2,(5,27))),(((39,83),6),((65,76),55)))),36),(9,(67,70))),71),15),16);
Current score: 6.50202e+08
Current tree: ((((((((((((42,24),(((23,31),14),50)),((89,21),29)),73),(((63,(26,81)),((61,64),(68,32))),(12,77))),(((((91,93),98),(((90,94),96),(99,(92,97)))),(95,100)),((((37,20),59),(((25,40),(41,58)),((((75,54),(84,57)),(80,45)),((78,35),(86,51))))),11))),((((((((60,44),(79,66)),((74,1),52)),((82,56),(33,38))),(((30,87),(34,53)),(13,17))),(10,22)),3),(((88,28),46),((72,49),69)))),(((((((43,7),(19,47)),(8,(48,4))),(62,18)),85),(2,(5,27))),(((39,83),6),((65,76),55)))),36),(9,(67,70))),(15,16)),71);
Final Tree: ((((((((((((42,24),(((23,31),14),50)),((89,21),29)),73),(((63,(26,81)),((61,64),(68,32))),(12,77))),(((((91,93),98),(((90,94),96),(99,(92,97)))),(95,100)),((((37,20),59),(((25,40),(41,58)),((((75,54),(84,57)),(80,45)),((78,35),(86,51))))),11))),((((((((60,44),(79,66)),((74,1),52)),((82,56),(33,38))),(((30,87),(34,53)),(13,17))),(10,22)),3),(((88,28),46),((72,49),69)))),(((((((43,7),(19,47)),(8,(48,4))),(62,18)),85),(2,(5,27))),(((39,83),6),((65,76),55)))),36),(9,(67,70))),(15,16)),71);
#EqQuartets: 950755023
Score: 650201596
ASTRAL for PaRalogs and Orthologs III (ASTRAL-Pro3)
*** NOW with integrated CASTLES-Pro ***
Version: v1.22.3.6
Read 512 genetrees and found 100 species.
#Genetrees: 999
#Duploss: 25864
#Species: 100
#Rounds: 4
#Samples: 4
#Threads: 1
Use two-step algorithm!
Guide Tree 0/16
#NNI moves:0/152
Guide Tree 1/16
#NNI moves:0/152
Guide Tree 2/16
#NNI moves:0/152
Guide Tree 3/16
#NNI moves:0/152
Guide Tree 4/16
#NNI moves:0/152
Guide Tree 5/16
#NNI moves:0/152
Guide Tree 6/16
#NNI moves:0/152
Guide Tree 7/16
#NNI moves:0/152
Guide Tree 8/16
#NNI moves:0/152
Guide Tree 9/16
#NNI moves:2/152
Guide Tree 10/16
#NNI moves:0/152
Guide Tree 11/16
#NNI moves:4/152
Guide Tree 12/16
#NNI moves:0/152
Guide Tree 13/16
#NNI moves:0/152
Guide Tree 14/16
#NNI moves:0/152
Guide Tree 15/16
#NNI moves:0/152
Remaining: 1
#NNI moves:22/152
#NNI moves:22/152
(((((((((((((((((((11,13),(76,7)),((9,97),54)),(58,(22,91))),(((74,38),36),40)),(((32,65),(48,3)),(21,99))),((27,2),(34,28))),(15,(84,6))),((41,57),(62,4))),(((((5,100),90),78),18),(49,95))),(((12,82),(70,83)),((((14,63),25),(10,46)),((31,44),45)))),((((8,(73,(79,69))),((((47,55),(((61,77),66),26)),(39,30)),((((23,17),(16,87)),(80,52)),75))),(93,68)),1)),((59,89),(43,((24,72),33)))),(((64,(53,88)),(96,86)),(94,37))),(((19,20),((((35,50),98),60),85)),56)),(81,71)),((92,51),67)),29),42);
Guide Tree 0/16
#NNI moves:2/152
Guide Tree 1/16
#NNI moves:0/152
Guide Tree 2/16
#NNI moves:2/152
Guide Tree 3/16
#NNI moves:0/152
Guide Tree 4/16
#NNI moves:2/152
Guide Tree 5/16
#NNI moves:0/152
Guide Tree 6/16
#NNI moves:0/152
Guide Tree 7/16
#NNI moves:0/152
Guide Tree 8/16
#NNI moves:0/152
Guide Tree 9/16
#NNI moves:2/152
Guide Tree 10/16
#NNI moves:2/152
Guide Tree 11/16
#NNI moves:0/152
Guide Tree 12/16
#NNI moves:0/152
Guide Tree 13/16
#NNI moves:0/152
Guide Tree 14/16
#NNI moves:0/152
Guide Tree 15/16
#NNI moves:0/152
Remaining: 1
#NNI moves:26/152
#NNI moves:26/152
(((((((((((((((((((7,76),(13,11)),(54,(97,9))),((22,91),58)),(40,(36,(74,38)))),((99,21),((32,65),(3,48)))),((27,2),(34,28))),((6,84),15)),((4,62),(57,41))),(((((5,100),90),78),18),(49,95))),(((12,82),(70,83)),(((44,31),45),((10,46),((14,63),25))))),((((8,((69,79),73)),((((52,80),((16,87),(17,23))),75),(((55,47),((66,(61,77)),26)),(30,39)))),(68,93)),1)),((59,89),(((72,24),33),43))),((((53,88),64),(96,86)),(94,37))),(((19,20),(85,(60,(98,(35,50))))),56)),(71,81)),((51,92),67)),29),42);
Guide Tree 0/16
#NNI moves:0/152
Guide Tree 1/16
#NNI moves:0/152
Guide Tree 2/16
#NNI moves:0/152
Guide Tree 3/16
#NNI moves:0/152
Guide Tree 4/16
#NNI moves:0/152
Guide Tree 5/16
#NNI moves:0/152
Guide Tree 6/16
#NNI moves:0/152
Guide Tree 7/16
#NNI moves:0/152
Guide Tree 8/16
#NNI moves:0/152
Guide Tree 9/16
#NNI moves:0/152
Guide Tree 10/16
#NNI moves:0/152
Guide Tree 11/16
#NNI moves:0/152
Guide Tree 12/16
#NNI moves:0/152
Guide Tree 13/16
#NNI moves:0/152
Guide Tree 14/16
#NNI moves:2/152
Guide Tree 15/16
#NNI moves:0/152
Remaining: 1
#NNI moves:14/152
#NNI moves:14/152
((((((((((((((84,6),15),(((28,34),(27,2)),((((((97,9),54),((7,76),(11,13))),(58,(22,91))),(((38,74),36),40)),(((65,32),(48,3)),(99,21))))),((4,62),(57,41))),((((90,(100,5)),78),18),(95,49))),((((10,46),((14,63),25)),((44,31),45)),((83,70),(12,82)))),((((((39,30),((((77,61),66),26),(47,55))),(75,(((16,87),(17,23)),(52,80)))),((73,(79,69)),8)),(93,68)),1)),((59,89),((33,(72,24)),43))),(((86,96),(64,(88,53))),(94,37))),((((60,(98,(35,50))),85),(19,20)),56)),(71,81)),((51,92),67)),29),42);
Guide Tree 0/16
#NNI moves:6/152
Guide Tree 1/16
#NNI moves:0/152
Guide Tree 2/16
#NNI moves:6/152
Guide Tree 3/16
#NNI moves:0/152
Guide Tree 4/16
#NNI moves:2/152
Guide Tree 5/16
#NNI moves:2/152
Guide Tree 6/16
#NNI moves:0/152
Guide Tree 7/16
#NNI moves:0/152
Guide Tree 8/16
#NNI moves:6/152
Guide Tree 9/16
#NNI moves:2/152
Guide Tree 10/16
#NNI moves:0/152
Guide Tree 11/16
#NNI moves:2/152
Guide Tree 12/16
#NNI moves:0/152
Guide Tree 13/16
#NNI moves:2/152
Guide Tree 14/16
#NNI moves:0/152
Guide Tree 15/16
#NNI moves:0/152
Remaining: 0
#NNI moves:2/152
#NNI moves:2/152
(((((((((((((((((36,(38,74)),40),(((54,(9,97)),((76,7),(11,13))),(58,(91,22)))),(((65,32),(3,48)),(99,21))),((2,27),(28,34))),((84,6),15)),((41,57),(4,62))),(((((100,5),90),78),18),(49,95))),(((82,12),(70,83)),(((46,10),((14,63),25)),(45,(31,44))))),(((((((((77,61),66),26),(47,55)),(30,39)),((((87,16),(17,23)),(52,80)),75)),(((79,69),73),8)),(68,93)),1)),((((72,24),33),43),(89,59))),(((64,(53,88)),(96,86)),(37,94))),(((20,19),((((50,35),98),60),85)),56)),(71,81)),(67,(92,51))),29),42);
Initial score: 5.1524e+08
Initial tree: (((((((((((((((((36,(38,74)),40),(((54,(9,97)),((76,7),(11,13))),(58,(91,22)))),(((65,32),(3,48)),(99,21))),((2,27),(28,34))),((84,6),15)),((41,57),(4,62))),(((((100,5),90),78),18),(49,95))),(((82,12),(70,83)),(((46,10),((14,63),25)),(45,(31,44))))),(((((((((77,61),66),26),(47,55)),(30,39)),((((87,16),(17,23)),(52,80)),75)),(((79,69),73),8)),(68,93)),1)),((((72,24),33),43),(89,59))),(((64,(53,88)),(96,86)),(37,94))),(((20,19),((((50,35),98),60),85)),56)),(71,81)),(67,(92,51))),29),42);
*** Subsample Process ***
Use two-step algorithm!
#NNI moves:0/152
Remaining: 0
#NNI moves:16/152
#NNI moves:16/152
((((((((((((((((((((47,55),(((77,61),66),26)),(30,39)),((((16,87),(17,23)),(52,80)),75)),((73,(79,69)),8)),(93,68)),1),((((((((98,(50,35)),60),85),(20,19)),56),(((29,42),((51,92),67)),(71,81))),((94,37),((96,86),(64,(53,88))))),((43,(33,(24,72))),(59,89)))),((((25,(63,14)),(46,10)),((31,44),45)),((12,82),(70,83)))),(((((5,100),90),78),18),(49,95))),((41,57),(4,62))),((84,6),15)),((28,34),(27,2))),(((48,3),(32,65)),(99,21))),((36,(38,74)),40)),(58,(22,91))),((9,97),54)),(11,13)),7),76);
#NNI moves:0/152
Remaining: 0
#NNI moves:8/152
#NNI moves:12/152
(((((((((((((((((((36,(38,74)),40),((((9,97),54),((76,7),(11,13))),(58,(22,91)))),(((48,3),(65,32)),(99,21))),((2,27),(28,34))),(15,(84,6))),((62,4),(41,57))),(((((100,5),90),78),18),(95,49))),(((45,(31,44)),(((14,63),25),(10,46))),((83,70),(12,82)))),(((((73,(69,79)),8),((((((61,77),66),26),(55,47)),(39,30)),(75,(((16,87),(17,23)),(52,80))))),(93,68)),1)),((59,89),(43,(33,(24,72))))),((((88,53),64),(96,86)),(94,37))),((((92,51),67),(42,29)),(81,71))),56),(19,20)),85),60),(50,35)),98);
#NNI moves:0/152
Remaining: 0
#NNI moves:8/152
#NNI moves:8/152
((((((((((((((((((((76,7),(11,13)),((97,9),54)),(58,(22,91))),(((38,74),36),40)),(((65,32),(3,48)),(99,21))),((2,27),(28,34))),(15,(6,84))),((62,4),(41,57))),(((((5,100),90),78),18),(95,49))),((((44,31),45),((46,10),(25,(14,63)))),((70,83),(12,82)))),(((((((((77,61),66),26),(47,55)),(39,30)),(((80,52),((23,17),(16,87))),75)),((73,(79,69)),8)),(68,93)),1)),((((24,72),33),43),(89,59))),((94,37),((96,86),((88,53),64)))),(((19,20),((60,(98,(50,35))),85)),56)),(71,81)),(42,29)),67),92),51);
#NNI moves:0/152
Remaining: 0
#NNI moves:6/152
#NNI moves:6/152
(((((((((((((((5,100),90),78),18),(49,95)),(((((((((13,11),(7,76)),((97,9),54)),((91,22),58)),(((74,38),36),40)),(((48,3),(32,65)),(21,99))),((28,34),(27,2))),((84,6),15)),((4,62),(41,57)))),(((83,70),(82,12)),(((46,10),((14,63),25)),(45,(44,31))))),(((((((47,55),(((61,77),66),26)),(30,39)),((((17,23),(16,87)),(80,52)),75)),(((79,69),73),8)),(93,68)),1)),((43,((24,72),33)),(59,89))),(((86,96),(64,(53,88))),(37,94))),(((19,20),((((50,35),98),60),85)),56)),(71,81)),(67,(92,51))),42),29);
Current score: 5.1524e+08
Current tree: (((((((((((((((5,100),90),78),18),(49,95)),(((((((((13,11),(7,76)),((97,9),54)),((91,22),58)),(((74,38),36),40)),(((48,3),(32,65)),(21,99))),((28,34),(27,2))),((84,6),15)),((4,62),(41,57)))),(((83,70),(82,12)),(((46,10),((14,63),25)),(45,(44,31))))),(((((((47,55),(((61,77),66),26)),(30,39)),((((17,23),(16,87)),(80,52)),75)),(((79,69),73),8)),(93,68)),1)),((43,((24,72),33)),(59,89))),(((86,96),(64,(53,88))),(37,94))),(((19,20),((((50,35),98),60),85)),56)),(71,81)),(67,(92,51))),29),42);
Final Tree: (((((((((((((((5,100),90),78),18),(49,95)),(((((((((13,11),(7,76)),((97,9),54)),((91,22),58)),(((74,38),36),40)),(((48,3),(32,65)),(21,99))),((28,34),(27,2))),((84,6),15)),((4,62),(41,57)))),(((83,70),(82,12)),(((46,10),((14,63),25)),(45,(44,31))))),(((((((47,55),(((61,77),66),26)),(30,39)),((((17,23),(16,87)),(80,52)),75)),(((79,69),73),8)),(93,68)),1)),((43,((24,72),33)),(59,89))),(((86,96),(64,(53,88))),(37,94))),(((19,20),((((50,35),98),60),85)),56)),(71,81)),(67,(92,51))),29),42);
#EqQuartets: 772521444
Score: 515239864
ASTRAL for PaRalogs and Orthologs III (ASTRAL-Pro3)
*** NOW with integrated CASTLES-Pro ***
Version: v1.22.3.6
Read 512 genetrees and found 100 species.
#Genetrees: 999
#Duploss: 25116
#Species: 100
#Rounds: 4
#Samples: 4
#Threads: 1
Use two-step algorithm!
Guide Tree 0/16
#NNI moves:0/152
Guide Tree 1/16
#NNI moves:0/152
Guide Tree 2/16
#NNI moves:0/152
Guide Tree 3/16
#NNI moves:0/152
Guide Tree 4/16
#NNI moves:0/152
Guide Tree 5/16
#NNI moves:0/152
Guide Tree 6/16
#NNI moves:0/152
Guide Tree 7/16
#NNI moves:0/152
Guide Tree 8/16
#NNI moves:0/152
Guide Tree 9/16
#NNI moves:0/152
Guide Tree 10/16
#NNI moves:0/152
Guide Tree 11/16
#NNI moves:0/152
Guide Tree 12/16
#NNI moves:0/152
Guide Tree 13/16
#NNI moves:0/152
Guide Tree 14/16
#NNI moves:0/152
Guide Tree 15/16
#NNI moves:6/152
Remaining: 0
#NNI moves:10/152
#NNI moves:12/152
((((((((((((((((21,78),(49,27)),32),((83,96),50)),(68,(82,53))),(46,41)),(65,(86,54))),29),(((((44,((47,98),35)),60),((36,71),(67,30))),59),((((62,81),(33,((72,24),99))),(80,((43,64),93))),(22,(20,90))))),((((((76,70),((37,57),25)),77),55),((89,(74,85)),((58,38),(88,40)))),(((((73,84),69),52),(61,45)),42))),(34,(87,31))),(((((((14,10),((12,13),15)),(((7,(18,8)),(2,17)),19)),(5,(6,3))),(((16,11),9),1)),4),(((75,94),39),(92,51)))),26),(((100,(66,63)),(56,48)),23)),((95,91),(79,28))),97);
Guide Tree 0/16
#NNI moves:0/152
Guide Tree 1/16
#NNI moves:0/152
Guide Tree 2/16
#NNI moves:0/152
Guide Tree 3/16
#NNI moves:0/152
Guide Tree 4/16
#NNI moves:0/152
Guide Tree 5/16
#NNI moves:0/152
Guide Tree 6/16
#NNI moves:0/152
Guide Tree 7/16
#NNI moves:0/152
Guide Tree 8/16
#NNI moves:0/152
Guide Tree 9/16
#NNI moves:0/152
Guide Tree 10/16
#NNI moves:0/152
Guide Tree 11/16
#NNI moves:0/152
Guide Tree 12/16
#NNI moves:0/152
Guide Tree 13/16
#NNI moves:0/152
Guide Tree 14/16
#NNI moves:0/152
Guide Tree 15/16
#NNI moves:0/152
Remaining: 0
#NNI moves:8/152
#NNI moves:10/152
((((((((((((60,(((47,98),35),44)),((67,30),(71,36))),59),((22,(90,20)),((((43,64),93),80),((81,62),((99,(24,72)),33))))),((((((((21,78),(27,49)),32),((83,96),50)),(68,(82,53))),(41,46)),((86,54),65)),29)),(((((38,58),(40,88)),(89,(74,85))),(((((57,37),25),(70,76)),77),55)),(((45,61),(((84,73),69),52)),42))),((87,31),34)),((((((((13,12),15),(10,14)),((((8,18),7),(2,17)),19)),((6,3),5)),(((11,16),9),1)),4),((92,51),(39,(75,94))))),26),(((100,(63,66)),(56,48)),23)),((95,91),(28,79))),97);
Guide Tree 0/16
#NNI moves:0/152
Guide Tree 1/16
#NNI moves:0/152
Guide Tree 2/16
#NNI moves:0/152
Guide Tree 3/16
#NNI moves:0/152
Guide Tree 4/16
#NNI moves:0/152
Guide Tree 5/16
#NNI moves:0/152
Guide Tree 6/16
#NNI moves:0/152
Guide Tree 7/16
#NNI moves:0/152
Guide Tree 8/16
#NNI moves:0/152
Guide Tree 9/16
#NNI moves:0/152
Guide Tree 10/16
#NNI moves:0/152
Guide Tree 11/16
#NNI moves:0/152
Guide Tree 12/16
#NNI moves:0/152
Guide Tree 13/16
#NNI moves:0/152
Guide Tree 14/16
#NNI moves:0/152
Guide Tree 15/16
#NNI moves:0/152
Remaining: 0
#NNI moves:18/152
#NNI moves:20/152
(((((((((((((((72,24),99),33),(81,62)),((93,(64,43)),80)),(22,(90,20))),((((67,30),(36,71)),(60,(((47,98),35),44))),59)),((((((((49,27),(21,78)),32),(50,(96,83))),((82,53),68)),(46,41)),((54,86),65)),29)),(((((40,88),(38,58)),((74,85),89)),((((76,70),((37,57),25)),77),55)),(((((73,84),69),52),(61,45)),42))),((31,87),34)),((((((((12,13),15),(10,14)),(((2,17),((18,8),7)),19)),(5,(3,6))),(((11,16),9),1)),4),((92,51),(39,(75,94))))),26),(((48,56),(100,(63,66))),23)),((28,79),(95,91))),97);
Guide Tree 0/16
#NNI moves:0/152
Guide Tree 1/16
#NNI moves:0/152
Guide Tree 2/16
#NNI moves:0/152
Guide Tree 3/16
#NNI moves:0/152
Guide Tree 4/16
#NNI moves:0/152
Guide Tree 5/16
#NNI moves:0/152
Guide Tree 6/16
#NNI moves:0/152
Guide Tree 7/16
#NNI moves:0/152
Guide Tree 8/16
#NNI moves:0/152
Guide Tree 9/16
#NNI moves:0/152
Guide Tree 10/16
#NNI moves:0/152
Guide Tree 11/16
#NNI moves:0/152
Guide Tree 12/16
#NNI moves:0/152
Guide Tree 13/16
#NNI moves:0/152
Guide Tree 14/16
#NNI moves:0/152
Guide Tree 15/16
#NNI moves:0/152
Remaining: 0
#NNI moves:8/152
#NNI moves:8/152
((((((((((((10,14),(15,(12,13))),((((18,8),7),(2,17)),19)),((3,6),5)),((9,(16,11)),1)),4),((51,92),((94,75),39))),((((((((84,73),69),52),(61,45)),42),(((((76,70),((37,57),25)),77),55),(((38,58),(88,40)),(89,(74,85))))),(((((((35,(47,98)),44),60),((36,71),(67,30))),59),(((((64,43),93),80),((62,81),(33,((72,24),99)))),((90,20),22))),((((((32,((27,49),(21,78))),((96,83),50)),(68,(82,53))),(46,41)),((86,54),65)),29))),((87,31),34))),26),(((56,48),((63,66),100)),23)),((28,79),(91,95))),97);
Initial score: 4.837e+08
Initial tree: ((((((((((((10,14),(15,(12,13))),((((18,8),7),(2,17)),19)),((3,6),5)),((9,(16,11)),1)),4),((51,92),((94,75),39))),((((((((84,73),69),52),(61,45)),42),(((((76,70),((37,57),25)),77),55),(((38,58),(88,40)),(89,(74,85))))),(((((((35,(47,98)),44),60),((36,71),(67,30))),59),(((((64,43),93),80),((62,81),(33,((72,24),99)))),((90,20),22))),((((((32,((27,49),(21,78))),((96,83),50)),(68,(82,53))),(46,41)),((86,54),65)),29))),((87,31),34))),26),(((56,48),((63,66),100)),23)),((28,79),(91,95))),97);
*** Subsample Process ***
Use two-step algorithm!
#NNI moves:0/152
Remaining: 0
#NNI moves:16/152
#NNI moves:18/152
(((((((((((((((89,(85,74)),((58,38),(88,40))),((((76,70),(25,(37,57))),77),55)),(((((73,84),69),52),(61,45)),42)),((((((((83,96),50),(((78,21),(49,27)),32)),((53,82),68)),(46,41)),((86,54),65)),29),(((((81,62),(((24,72),99),33)),((93,(64,43)),80)),(22,(90,20))),((((36,71),(67,30)),((((98,47),35),44),60)),59)))),((31,87),34)),((((((63,66),100),(56,48)),23),(((91,95),(28,79)),97)),26)),((51,92),((94,75),39))),4),((9,(11,16)),1)),(5,(3,6))),((((18,8),7),(17,2)),19)),(14,10)),(13,12)),15);
#NNI moves:0/152
Remaining: 0
#NNI moves:20/152
#NNI moves:20/152
(((((((((((((3,6),5),((((7,(18,8)),(17,2)),19),((14,10),(15,(13,12))))),(1,(9,(11,16)))),4),((92,51),((94,75),39))),(((((((((50,(96,83)),(((27,49),(21,78)),32)),(68,(53,82))),(46,41)),(65,(54,86))),29),(((((81,62),(((72,24),99),33)),((93,(64,43)),80)),(22,(90,20))),((((36,71),(67,30)),(60,(44,((47,98),35)))),59))),((((77,((25,(57,37)),(70,76))),55),(((74,85),89),((58,38),(40,88)))),((((69,(84,73)),52),(61,45)),42))),(34,(87,31)))),26),(((100,(63,66)),(56,48)),23)),97),(79,28)),95),91);
#NNI moves:0/152
Remaining: 0
#NNI moves:20/152
#NNI moves:20/152
(((((((((((((((((83,96),50),(((21,78),(27,49)),32)),(68,(53,82))),(46,41)),(65,(86,54))),29),((((((43,64),93),80),(((99,(72,24)),33),(62,81))),(22,(20,90))),(59,(((44,((47,98),35)),60),((36,71),(67,30)))))),(((((69,(84,73)),52),(45,61)),42),((((((37,57),25),(76,70)),77),55),(((58,38),(40,88)),(89,(85,74)))))),(34,(31,87))),(((((48,56),((63,66),100)),23),(((95,91),(28,79)),97)),26)),((51,92),(39,(94,75)))),4),((9,(11,16)),1)),(((((8,18),7),(17,2)),19),(((12,13),15),(10,14)))),(3,6)),5);
#NNI moves:2/152
Remaining: 1
#NNI moves:14/152
#NNI moves:14/152
(((((((((((((6,3),5),(((((18,8),7),(2,17)),19),(((12,13),15),(10,14)))),(1,(9,(16,11)))),4),(((94,75),39),(51,92))),((((((((((83,96),50),(((27,49),(78,21)),32)),((82,53),68)),(41,46)),(65,(86,54))),29),(((((93,(43,64)),80),((33,((24,72),99)),(62,81))),(22,(20,90))),(((((35,(98,47)),44),60),((71,36),(67,30))),59))),(((((((57,37),25),(76,70)),77),55),((89,(74,85)),((88,40),(58,38)))),(((((73,84),69),52),(45,61)),42))),(34,(31,87)))),26),(((56,48),(100,(66,63))),23)),97),(28,79)),91),95);
Current score: 4.837e+08
Current tree: (((((((((((6,3),5),(((((18,8),7),(2,17)),19),(((12,13),15),(10,14)))),(1,(9,(16,11)))),4),(((94,75),39),(51,92))),((((((((((83,96),50),(((27,49),(78,21)),32)),((82,53),68)),(41,46)),(65,(86,54))),29),(((((93,(43,64)),80),((33,((24,72),99)),(62,81))),(22,(20,90))),(((((35,(98,47)),44),60),((71,36),(67,30))),59))),(((((((57,37),25),(76,70)),77),55),((89,(74,85)),((88,40),(58,38)))),(((((73,84),69),52),(45,61)),42))),(34,(31,87)))),26),(((56,48),(100,(66,63))),23)),((28,79),(91,95))),97);
Final Tree: (((((((((((6,3),5),(((((18,8),7),(2,17)),19),(((12,13),15),(10,14)))),(1,(9,(16,11)))),4),(((94,75),39),(51,92))),((((((((((83,96),50),(((27,49),(78,21)),32)),((82,53),68)),(41,46)),(65,(86,54))),29),(((((93,(43,64)),80),((33,((24,72),99)),(62,81))),(22,(20,90))),(((((35,(98,47)),44),60),((71,36),(67,30))),59))),(((((((57,37),25),(76,70)),77),55),((89,(74,85)),((88,40),(58,38)))),(((((73,84),69),52),(45,61)),42))),(34,(31,87)))),26),(((56,48),(100,(66,63))),23)),((28,79),(91,95))),97);
#EqQuartets: 766446658
Score: 483699861
ASTRAL for PaRalogs and Orthologs III (ASTRAL-Pro3)
*** NOW with integrated CASTLES-Pro ***
Version: v1.22.3.6
Read 512 genetrees and found 100 species.
#Genetrees: 1000
#Duploss: 26210
#Species: 100
#Rounds: 4
#Samples: 4
#Threads: 1
Use two-step algorithm!
Guide Tree 0/16
#NNI moves:0/152
Guide Tree 1/16
#NNI moves:6/152
Guide Tree 2/16
#NNI moves:0/152
Guide Tree 3/16
#NNI moves:0/152
Guide Tree 4/16
#NNI moves:2/152
Guide Tree 5/16
#NNI moves:0/152
Guide Tree 6/16
#NNI moves:2/152
Guide Tree 7/16
#NNI moves:0/152
Guide Tree 8/16
#NNI moves:4/152
Guide Tree 9/16
#NNI moves:6/152
Guide Tree 10/16
#NNI moves:2/152
Guide Tree 11/16
#NNI moves:2/152
Guide Tree 12/16
#NNI moves:0/152
Guide Tree 13/16
#NNI moves:2/152
Guide Tree 14/16
#NNI moves:2/152
Guide Tree 15/16
#NNI moves:2/152
Remaining: 0
#NNI moves:0/152
#NNI moves:0/152
(((((((((((((((55,60),81),28),84),63),(((((45,78),(80,47)),(57,26)),(56,54)),94)),((((61,82),32),(((29,66),88),(67,93))),(27,(74,79)))),((((((((83,90),(65,(97,36))),(((40,92),31),76)),((42,(73,34)),(53,69))),44),(43,71)),((((38,70),52),100),89)),49)),(((((((23,18),(19,16)),((10,1),(24,21))),(2,7)),(((15,4),9),(11,20))),(3,13)),(((12,17),(14,8)),((6,5),22)))),30),((((96,62),((((87,41),95),(46,98)),(25,86))),(68,(59,37))),91)),(((58,33),((35,75),99)),(((64,39),51),85))),(77,72)),48),50);
Guide Tree 0/16
#NNI moves:4/152
Guide Tree 1/16
#NNI moves:2/152
Guide Tree 2/16
#NNI moves:0/152
Guide Tree 3/16
#NNI moves:2/152
Guide Tree 4/16
#NNI moves:0/152
Guide Tree 5/16
#NNI moves:2/152
Guide Tree 6/16
#NNI moves:0/152
Guide Tree 7/16
#NNI moves:2/152
Guide Tree 8/16
#NNI moves:0/152
Guide Tree 9/16
#NNI moves:0/152
Guide Tree 10/16
#NNI moves:2/152
Guide Tree 11/16
#NNI moves:2/152
Guide Tree 12/16
#NNI moves:2/152
Guide Tree 13/16
#NNI moves:0/152
Guide Tree 14/16
#NNI moves:0/152
Guide Tree 15/16
#NNI moves:0/152
Remaining: 0
#NNI moves:6/152
#NNI moves:6/152
((((((((((((((66,29),88),(93,67)),((82,61),32)),((79,74),27)),((((((55,60),81),28),84),63),(((((45,78),(80,47)),(26,57)),(54,56)),94))),(((((((42,(34,73)),(69,53)),((76,((92,40),31)),(((36,97),65),(83,90)))),44),(71,43)),(89,(100,((70,38),52)))),49)),(((((((1,10),(24,21)),((23,18),(16,19))),(7,2)),((20,11),((4,15),9))),(3,13)),((22,(5,6)),((14,8),(17,12))))),30),(((((86,25),((98,46),((41,87),95))),(62,96)),((37,59),68)),91)),((((39,64),51),85),(((35,75),99),(58,33)))),(77,72)),48),50);
Guide Tree 0/16
#NNI moves:0/152
Guide Tree 1/16
#NNI moves:0/152
Guide Tree 2/16
#NNI moves:0/152
Guide Tree 3/16
#NNI moves:0/152
Guide Tree 4/16
#NNI moves:0/152
Guide Tree 5/16
#NNI moves:0/152
Guide Tree 6/16
#NNI moves:2/152
Guide Tree 7/16
#NNI moves:0/152
Guide Tree 8/16
#NNI moves:0/152
Guide Tree 9/16
#NNI moves:0/152
Guide Tree 10/16
#NNI moves:0/152
Guide Tree 11/16
#NNI moves:2/152
Guide Tree 12/16
#NNI moves:0/152
Guide Tree 13/16
#NNI moves:0/152
Guide Tree 14/16
#NNI moves:0/152
Guide Tree 15/16
#NNI moves:0/152
Remaining: 2
#NNI moves:4/152
#NNI moves:4/152
((((((((((((((24,21),(10,1)),((18,23),(19,16))),(2,7)),((11,20),((15,4),9))),(13,3)),(((6,5),22),((17,12),(8,14)))),(((((((((73,34),42),(69,53)),((76,((40,92),31)),((65,(36,97)),(83,90)))),44),(43,71)),(((52,(38,70)),100),89)),49),(((((56,54),(((47,80),(45,78)),(57,26))),94),(((28,((55,60),81)),84),63)),((((61,82),32),(((66,29),88),(93,67))),((79,74),27))))),30),((((59,37),68),(((86,25),((95,(87,41)),(46,98))),(62,96))),91)),((85,(51,(39,64))),((58,33),(99,(75,35))))),(77,72)),48),50);
Guide Tree 0/16
#NNI moves:2/152
Guide Tree 1/16
#NNI moves:2/152
Guide Tree 2/16
#NNI moves:0/152
Guide Tree 3/16
#NNI moves:2/152
Guide Tree 4/16
#NNI moves:2/152
Guide Tree 5/16
#NNI moves:0/152
Guide Tree 6/16
#NNI moves:2/152
Guide Tree 7/16
#NNI moves:0/152
Guide Tree 8/16
#NNI moves:6/152
Guide Tree 9/16
#NNI moves:0/152
Guide Tree 10/16
#NNI moves:0/152
Guide Tree 11/16
#NNI moves:0/152
Guide Tree 12/16
#NNI moves:0/152
Guide Tree 13/16
#NNI moves:2/152
Guide Tree 14/16
#NNI moves:0/152
Guide Tree 15/16
#NNI moves:0/152
Remaining: 0
#NNI moves:10/152
#NNI moves:10/152
((((((((((((((18,23),(19,16)),((10,1),(24,21))),(2,7)),((11,20),((15,4),9))),(3,13)),(((8,14),(17,12)),((5,6),22))),(((((((81,(55,60)),28),84),63),(94,((((78,45),(80,47)),(26,57)),(54,56)))),((((93,67),((66,29),88)),(32,(82,61))),((79,74),27))),((((((((31,(40,92)),76),((83,90),(65,(36,97)))),(((34,73),42),(53,69))),44),(43,71)),((((38,70),52),100),89)),49))),30),(((((25,86),((46,98),((41,87),95))),(62,96)),((59,37),68)),91)),(((99,(35,75)),(58,33)),((51,(64,39)),85))),(72,77)),48),50);
Initial score: 5.47175e+08
Initial tree: ((((((((((((((18,23),(19,16)),((10,1),(24,21))),(2,7)),((11,20),((15,4),9))),(3,13)),(((8,14),(17,12)),((5,6),22))),(((((((81,(55,60)),28),84),63),(94,((((78,45),(80,47)),(26,57)),(54,56)))),((((93,67),((66,29),88)),(32,(82,61))),((79,74),27))),((((((((31,(40,92)),76),((83,90),(65,(36,97)))),(((34,73),42),(53,69))),44),(43,71)),((((38,70),52),100),89)),49))),30),(((((25,86),((46,98),((41,87),95))),(62,96)),((59,37),68)),91)),(((99,(35,75)),(58,33)),((51,(64,39)),85))),(72,77)),48),50);
*** Subsample Process ***
Use two-step algorithm!
#NNI moves:2/152
Remaining: 1
#NNI moves:10/152
#NNI moves:10/152
(((((((((((((((((45,78),(80,47)),(57,26)),(54,56)),94),(((28,(81,(55,60))),84),63)),((((88,(29,66)),(67,93)),((82,61),32)),((79,74),27))),((((((((73,34),42),(53,69)),(((65,(36,97)),(83,90)),(((92,40),31),76))),44),(71,43)),((100,((70,38),52)),89)),49)),((((((58,33),((75,35),99)),(((64,39),51),85)),((48,50),(72,77))),((((59,37),68),((((95,(87,41)),(46,98)),(25,86)),(62,96))),91)),30)),(((6,5),22),((17,12),(8,14)))),(13,3)),((9,(4,15)),(11,20))),(7,2)),((23,18),(19,16))),(21,24)),1),10);
#NNI moves:0/152
Remaining: 0
#NNI moves:0/152
#NNI moves:0/152
(((((((((((((88,(29,66)),(67,93)),(32,(82,61))),(27,(79,74))),(((((81,(60,55)),28),84),63),(((((47,80),(78,45)),(57,26)),(56,54)),94))),((((((((65,(36,97)),(90,83)),((31,(92,40)),76)),((42,(73,34)),(53,69))),44),(43,71)),((100,((38,70),52)),89)),49)),(((((((23,18),(19,16)),((1,10),(21,24))),(2,7)),(((15,4),9),(11,20))),(3,13)),(((6,5),22),((17,12),(8,14))))),30),(((((((87,41),95),(46,98)),(86,25)),(96,62)),(68,(59,37))),91)),((((64,39),51),85),((99,(35,75)),(33,58)))),(77,72)),50),48);
#NNI moves:0/152
Remaining: 2
#NNI moves:2/152
#NNI moves:2/152
(((((((((((((18,23),(19,16)),((10,1),(24,21))),(2,7)),((20,11),(9,(15,4)))),(13,3)),(((6,5),22),((14,8),(12,17)))),(((((48,50),(77,72)),(((33,58),((75,35),99)),(((39,64),51),85))),(((((((87,41),95),(98,46)),(86,25)),(62,96)),((37,59),68)),91)),30)),((((((((65,(36,97)),(90,83)),(((40,92),31),76)),((53,69),(42,(73,34)))),44),(43,71)),((100,((70,38),52)),89)),49)),((((((45,78),(47,80)),(26,57)),(56,54)),94),(((((55,60),81),28),84),63))),((((66,29),88),(93,67)),((82,61),32))),(74,79)),27);
#NNI moves:0/152
Remaining: 0
#NNI moves:0/152
#NNI moves:0/152
(((((((((((((((45,78),(80,47)),(57,26)),(54,56)),94),((84,(((60,55),81),28)),63)),((((93,67),((29,66),88)),(32,(61,82))),((79,74),27))),(((((52,(38,70)),100),89),(((((53,69),((73,34),42)),((((40,92),31),76),(((97,36),65),(83,90)))),44),(71,43))),49)),(((((2,7),(((19,16),(23,18)),((24,21),(10,1)))),((11,20),((15,4),9))),(3,13)),(((17,12),(14,8)),((5,6),22)))),30),(((((((41,87),95),(46,98)),(86,25)),(96,62)),((59,37),68)),91)),(((58,33),(99,(35,75))),(85,(51,(64,39))))),(48,50)),72),77);
Current score: 5.47175e+08
Current tree: ((48,(((((((((((((45,78),(80,47)),(57,26)),(54,56)),94),((84,(((60,55),81),28)),63)),((((93,67),((29,66),88)),(32,(61,82))),((79,74),27))),(((((52,(38,70)),100),89),(((((53,69),((73,34),42)),((((40,92),31),76),(((97,36),65),(83,90)))),44),(71,43))),49)),(((((2,7),(((19,16),(23,18)),((24,21),(10,1)))),((11,20),((15,4),9))),(3,13)),(((17,12),(14,8)),((5,6),22)))),30),(((((((41,87),95),(46,98)),(86,25)),(96,62)),((59,37),68)),91)),(((58,33),(99,(35,75))),(85,(51,(64,39))))),(72,77))),50);
Final Tree: ((48,(((((((((((((45,78),(80,47)),(57,26)),(54,56)),94),((84,(((60,55),81),28)),63)),((((93,67),((29,66),88)),(32,(61,82))),((79,74),27))),(((((52,(38,70)),100),89),(((((53,69),((73,34),42)),((((40,92),31),76),(((97,36),65),(83,90)))),44),(71,43))),49)),(((((2,7),(((19,16),(23,18)),((24,21),(10,1)))),((11,20),((15,4),9))),(3,13)),(((17,12),(14,8)),((5,6),22)))),30),(((((((41,87),95),(46,98)),(86,25)),(96,62)),((59,37),68)),91)),(((58,33),(99,(35,75))),(85,(51,(64,39))))),(72,77))),50);
#EqQuartets: 792500826
Score: 547174667
ASTRAL for PaRalogs and Orthologs III (ASTRAL-Pro3)
*** NOW with integrated CASTLES-Pro ***
Version: v1.22.3.6
Read 512 genetrees and found 100 species.
#Genetrees: 1000
#Duploss: 24090
#Species: 100
#Rounds: 4
#Samples: 4
#Threads: 1
Use two-step algorithm!
Guide Tree 0/16
#NNI moves:0/152
Guide Tree 1/16
#NNI moves:0/152
Guide Tree 2/16
#NNI moves:0/152
Guide Tree 3/16
#NNI moves:0/152
Guide Tree 4/16
#NNI moves:0/152
Guide Tree 5/16
#NNI moves:0/152
Guide Tree 6/16
#NNI moves:0/152
Guide Tree 7/16
#NNI moves:0/152
Guide Tree 8/16
#NNI moves:0/152
Guide Tree 9/16
#NNI moves:0/152
Guide Tree 10/16
#NNI moves:0/152
Guide Tree 11/16
#NNI moves:2/152
Guide Tree 12/16
#NNI moves:0/152
Guide Tree 13/16
#NNI moves:0/152
Guide Tree 14/16
#NNI moves:2/152
Guide Tree 15/16
#NNI moves:0/152
Remaining: 1
#NNI moves:2/152
#NNI moves:2/152
(((((((((((((61,83),94),((((75,77),32),31),40)),((85,73),(95,63))),(((33,(37,52)),99),((38,57),98))),56),((((97,(42,79)),(((84,55),(80,67)),88)),((((((59,46),((43,36),41)),70),(82,39)),(68,93)),((((87,48),47),((89,92),58)),((((44,76),45),65),((69,86),96))))),(((((64,91),62),(54,((49,100),((50,34),78)))),53),(((((71,60),(90,(81,35))),72),66),(51,74))))),(((2,7),(((9,3),11),18)),27)),((((5,((23,17),16)),(((15,4),25),29)),21),(((6,(30,14)),26),1))),((19,20),8)),(12,(22,28))),(10,24)),13);
Guide Tree 0/16
#NNI moves:0/152
Guide Tree 1/16
#NNI moves:0/152
Guide Tree 2/16
#NNI moves:0/152
Guide Tree 3/16
#NNI moves:0/152
Guide Tree 4/16
#NNI moves:0/152
Guide Tree 5/16
#NNI moves:0/152
Guide Tree 6/16
#NNI moves:0/152
Guide Tree 7/16
#NNI moves:0/152
Guide Tree 8/16
#NNI moves:0/152
Guide Tree 9/16
#NNI moves:0/152
Guide Tree 10/16
#NNI moves:0/152
Guide Tree 11/16
#NNI moves:0/152
Guide Tree 12/16
#NNI moves:0/152
Guide Tree 13/16
#NNI moves:0/152
Guide Tree 14/16
#NNI moves:0/152
Guide Tree 15/16
#NNI moves:0/152
Remaining: 0
#NNI moves:0/152
#NNI moves:0/152
(((((((((((((84,55),(67,80)),88),((79,42),97)),((((((59,46),(41,(36,43))),70),(39,82)),(93,68)),(((65,((44,76),45)),((69,86),96)),(((89,92),58),((48,87),47))))),((((((100,49),(78,(34,50))),54),(62,(91,64))),53),(((((71,60),(90,(81,35))),72),66),(51,74)))),((((((((77,75),32),31),40),((61,83),94)),((63,95),(73,85))),(((33,(37,52)),99),((38,57),98))),56)),(27,((7,2),(((9,3),11),18)))),((((((15,4),25),29),(((17,23),16),5)),21),(((6,(14,30)),26),1))),((20,19),8)),((28,22),12)),(10,24)),13);
Guide Tree 0/16
#NNI moves:0/152
Guide Tree 1/16
#NNI moves:0/152
Guide Tree 2/16
#NNI moves:0/152
Guide Tree 3/16
#NNI moves:0/152
Guide Tree 4/16
#NNI moves:0/152
Guide Tree 5/16
#NNI moves:4/152
Guide Tree 6/16
#NNI moves:0/152
Guide Tree 7/16
#NNI moves:0/152
Guide Tree 8/16
#NNI moves:2/152
Guide Tree 9/16
#NNI moves:0/152
Guide Tree 10/16
#NNI moves:2/152
Guide Tree 11/16
#NNI moves:0/152
Guide Tree 12/16
#NNI moves:0/152
Guide Tree 13/16
#NNI moves:2/152
Guide Tree 14/16
#NNI moves:0/152
Guide Tree 15/16
#NNI moves:0/152
Remaining: 0
#NNI moves:6/152
#NNI moves:6/152
((((((((((((((71,60),((81,35),90)),72),66),(51,74)),(((((78,(34,50)),(100,49)),54),((64,91),62)),53)),(((((82,39),((((43,36),41),(59,46)),70)),(93,68)),((((45,(76,44)),65),((86,69),96)),((47,(48,87)),((92,89),58)))),((((80,67),(84,55)),88),(97,(42,79))))),((((((((77,75),32),31),40),((61,83),94)),((63,95),(73,85))),((99,(33,(37,52))),((57,38),98))),56)),(((18,((9,3),11)),(7,2)),27)),((21,((5,((17,23),16)),(29,((4,15),25)))),((((14,30),6),26),1))),((19,20),8)),((28,22),12)),(10,24)),13);
Guide Tree 0/16
#NNI moves:0/152
Guide Tree 1/16
#NNI moves:0/152
Guide Tree 2/16
#NNI moves:0/152
Guide Tree 3/16
#NNI moves:0/152
Guide Tree 4/16
#NNI moves:0/152
Guide Tree 5/16
#NNI moves:0/152
Guide Tree 6/16
#NNI moves:6/152
Guide Tree 7/16
#NNI moves:0/152
Guide Tree 8/16
#NNI moves:0/152
Guide Tree 9/16
#NNI moves:0/152
Guide Tree 10/16
#NNI moves:0/152
Guide Tree 11/16
#NNI moves:0/152
Guide Tree 12/16
#NNI moves:0/152
Guide Tree 13/16
#NNI moves:0/152
Guide Tree 14/16
#NNI moves:0/152
Guide Tree 15/16
#NNI moves:0/152
Remaining: 0
#NNI moves:4/152
#NNI moves:4/152
((((((((((((((92,89),58),((48,87),47)),((65,((44,76),45)),((69,86),96))),((93,68),(((((36,43),41),(59,46)),70),(39,82)))),((97,(42,79)),(88,((84,55),(80,67))))),(((((((81,35),90),(60,71)),72),66),(51,74)),(53,((((100,49),((50,34),78)),54),((64,91),62))))),((((((83,61),94),((31,((77,75),32)),40)),((85,73),(63,95))),((((37,52),33),99),((38,57),98))),56)),(((7,2),(18,((9,3),11))),27)),(((((14,30),6),26),1),(((5,(16,(23,17))),((25,(15,4)),29)),21))),((19,20),8)),(12,(22,28))),(10,24)),13);
Initial score: 6.25462e+08
Initial tree: ((((((((((((((92,89),58),((48,87),47)),((65,((44,76),45)),((69,86),96))),((93,68),(((((36,43),41),(59,46)),70),(39,82)))),((97,(42,79)),(88,((84,55),(80,67))))),(((((((81,35),90),(60,71)),72),66),(51,74)),(53,((((100,49),((50,34),78)),54),((64,91),62))))),((((((83,61),94),((31,((77,75),32)),40)),((85,73),(63,95))),((((37,52),33),99),((38,57),98))),56)),(((7,2),(18,((9,3),11))),27)),(((((14,30),6),26),1),(((5,(16,(23,17))),((25,(15,4)),29)),21))),((19,20),8)),(12,(22,28))),(10,24)),13);
*** Subsample Process ***
Use two-step algorithm!
#NNI moves:0/152
Remaining: 0
#NNI moves:0/152
#NNI moves:0/152
(((((((((((((19,20),8),(((10,24),13),(12,(22,28)))),((((5,((23,17),16)),(29,((4,15),25))),21),(((6,(30,14)),26),1))),(((((3,9),11),18),(2,7)),27)),(((((85,73),(63,95)),(((31,(32,(77,75))),40),(94,(61,83)))),(((57,38),98),(((37,52),33),99))),56)),(((((((81,35),90),(60,71)),72),66),(74,51)),(((54,(((34,50),78),(49,100))),((64,91),62)),53))),((97,(79,42)),(((80,67),(84,55)),88))),(((((59,46),(41,(43,36))),70),(82,39)),(68,93))),((58,(92,89)),((48,87),47))),((86,69),96)),(45,(44,76))),65);
#NNI moves:6/152
Remaining: 0
#NNI moves:10/152
#NNI moves:10/152
((((((((((((((58,(92,89)),(47,(48,87))),((((76,44),45),65),((69,86),96))),((((((36,43),41),(46,59)),70),(82,39)),(68,93))),((((80,67),(55,84)),88),((79,42),97))),((((((90,(81,35)),(71,60)),72),66),(74,51)),(53,(((((34,50),78),(49,100)),54),((64,91),62))))),(((((95,63),(85,73)),(((31,((75,77),32)),40),((61,83),94))),(((57,38),98),((33,(52,37)),99))),56)),(((2,7),(((9,3),11),18)),27)),((((6,(30,14)),26),1),(((((23,17),16),5),(((15,4),25),29)),21))),(8,(19,20))),((28,22),12)),13),24),10);
#NNI moves:0/152
Remaining: 0
#NNI moves:2/152
#NNI moves:2/152
((((((((((((((95,63),(85,73)),(((31,(32,(75,77))),40),((61,83),94))),(((33,(37,52)),99),(98,(38,57)))),56),(((((((30,14),6),26),1),(((29,((4,15),25)),(((17,23),16),5)),21)),((8,(20,19)),(((22,28),12),(13,(10,24))))),(27,((7,2),(18,((3,9),11)))))),(((((((81,35),90),(60,71)),72),66),(74,51)),((((((50,34),78),(100,49)),54),((91,64),62)),53))),((((80,67),(84,55)),88),((42,79),97))),(((((59,46),(41,(36,43))),70),(82,39)),(93,68))),((96,(86,69)),(((76,44),45),65))),(47,(87,48))),58),92),89);
#NNI moves:0/152
Remaining: 0
#NNI moves:8/152
#NNI moves:12/152
(((((((((((((((69,86),96),(((44,76),45),65)),((47,(48,87)),((89,92),58))),(((((59,46),((36,43),41)),70),(82,39)),(68,93))),((((67,80),(55,84)),88),(97,(42,79)))),((((((60,71),(90,(35,81))),72),66),(51,74)),(((((49,100),((50,34),78)),54),((64,91),62)),53))),(((((33,(52,37)),99),((57,38),98)),((((83,61),94),(((32,(75,77)),31),40)),((63,95),(85,73)))),56)),(((18,((9,3),11)),(7,2)),27)),((8,(19,20)),(((28,22),12),((24,10),13)))),((((30,14),6),26),1)),21),((25,(4,15)),29)),(16,(23,17))),5);
Current score: 6.25462e+08
Current tree: (((24,10),(((28,22),12),((8,(19,20)),((((((((((69,86),96),(((44,76),45),65)),((47,(48,87)),((89,92),58))),(((((59,46),((36,43),41)),70),(82,39)),(68,93))),((((67,80),(55,84)),88),(97,(42,79)))),((((((60,71),(90,(35,81))),72),66),(51,74)),(((((49,100),((50,34),78)),54),((64,91),62)),53))),(((((33,(52,37)),99),((57,38),98)),((((83,61),94),(((32,(75,77)),31),40)),((63,95),(85,73)))),56)),(((18,((9,3),11)),(7,2)),27)),(((((30,14),6),26),1),(21,(((25,(4,15)),29),((16,(23,17)),5)))))))),13);
Final Tree: (((24,10),(((28,22),12),((8,(19,20)),((((((((((69,86),96),(((44,76),45),65)),((47,(48,87)),((89,92),58))),(((((59,46),((36,43),41)),70),(82,39)),(68,93))),((((67,80),(55,84)),88),(97,(42,79)))),((((((60,71),(90,(35,81))),72),66),(51,74)),(((((49,100),((50,34),78)),54),((64,91),62)),53))),(((((33,(52,37)),99),((57,38),98)),((((83,61),94),(((32,(75,77)),31),40)),((63,95),(85,73)))),56)),(((18,((9,3),11)),(7,2)),27)),(((((30,14),6),26),1),(21,(((25,(4,15)),29),((16,(23,17)),5)))))))),13);
#EqQuartets: 891689713
Score: 625462319
