ASTRAL for PaRalogs and Orthologs III (ASTRAL-Pro3)
*** NOW with integrated CASTLES-Pro ***
Version: v1.22.3.6
Read 512 genetrees and found 100 species.
#Genetrees: 999
#Duploss: 13295
#Species: 100
#Rounds: 4
#Samples: 4
#Threads: 1
Use two-step algorithm!
Guide Tree 0/16
#NNI moves:0/152
Guide Tree 1/16
#NNI moves:6/152
Guide Tree 2/16
#NNI moves:0/152
Guide Tree 3/16
#NNI moves:0/152
Guide Tree 4/16
#NNI moves:0/152
Guide Tree 5/16
#NNI moves:6/152
Guide Tree 6/16
#NNI moves:0/152
Guide Tree 7/16
#NNI moves:0/152
Guide Tree 8/16
#NNI moves:0/152
Guide Tree 9/16
#NNI moves:0/152
Guide Tree 10/16
#NNI moves:0/152
Guide Tree 11/16
#NNI moves:2/152
Guide Tree 12/16
#NNI moves:0/152
Guide Tree 13/16
#NNI moves:0/152
Guide Tree 14/16
#NNI moves:0/152
Guide Tree 15/16
#NNI moves:0/152
Remaining: 1
#NNI moves:2/152
#NNI moves:2/152
(((((((((((((48,22),(85,46)),((74,73),(84,59))),((((45,((27,60),29)),(((56,26),53),80)),((92,95),((13,43),100))),(78,(72,64)))),(54,98)),(((((86,40),70),((35,(69,55)),34)),(65,24)),(75,(79,((90,21),87))))),(((96,32),57),(89,49))),((((((((44,(50,23)),(16,71)),97),77),(91,((94,30),36))),(((17,39),(41,33)),(((15,68),76),(18,51)))),(((4,5),2),(((((11,1),8),((6,9),10)),(12,3)),7))),(((93,20),((25,31),(52,47))),((19,58),63)))),(38,37)),(((42,67),61),(((99,14),(28,66)),83))),(62,82)),88),81);
Guide Tree 0/16
#NNI moves:0/152
Guide Tree 1/16
#NNI moves:0/152
Guide Tree 2/16
#NNI moves:0/152
Guide Tree 3/16
#NNI moves:0/152
Guide Tree 4/16
#NNI moves:0/152
Guide Tree 5/16
#NNI moves:0/152
Guide Tree 6/16
#NNI moves:0/152
Guide Tree 7/16
#NNI moves:0/152
Guide Tree 8/16
#NNI moves:0/152
Guide Tree 9/16
#NNI moves:0/152
Guide Tree 10/16
#NNI moves:0/152
Guide Tree 11/16
#NNI moves:0/152
Guide Tree 12/16
#NNI moves:0/152
Guide Tree 13/16
#NNI moves:0/152
Guide Tree 14/16
#NNI moves:0/152
Guide Tree 15/16
#NNI moves:0/152
Remaining: 0
#NNI moves:6/152
#NNI moves:6/152
((((((((((((((92,95),(100,(13,43))),(((29,(60,27)),45),((53,(26,56)),80))),((64,72),78)),(((48,22),(46,85)),((59,84),(74,73)))),(54,98)),((((87,(90,21)),79),75),((((40,86),70),(34,(35,(69,55)))),(65,24)))),((89,49),(57,(32,96)))),(((((((30,94),36),91),(77,(((44,(23,50)),(16,71)),97))),(((39,17),(33,41)),((18,51),((68,15),76)))),((((((9,6),10),(8,(1,11))),(3,12)),7),((5,4),2))),((((25,31),(52,47)),(93,20)),((58,19),63)))),(37,38)),((((14,99),(66,28)),83),(61,(42,67)))),(82,62)),88),81);
Guide Tree 0/16
#NNI moves:0/152
Guide Tree 1/16
#NNI moves:0/152
Guide Tree 2/16
#NNI moves:2/152
Guide Tree 3/16
#NNI moves:0/152
Guide Tree 4/16
#NNI moves:6/152
Guide Tree 5/16
#NNI moves:2/152
Guide Tree 6/16
#NNI moves:0/152
Guide Tree 7/16
#NNI moves:0/152
Guide Tree 8/16
#NNI moves:2/152
Guide Tree 9/16
#NNI moves:0/152
Guide Tree 10/16
#NNI moves:0/152
Guide Tree 11/16
#NNI moves:0/152
Guide Tree 12/16
#NNI moves:6/152
Guide Tree 13/16
#NNI moves:0/152
Guide Tree 14/16
#NNI moves:0/152
Guide Tree 15/16
#NNI moves:0/152
Remaining: 0
#NNI moves:10/152
#NNI moves:12/152
(((((((((((((73,74),(84,59)),((22,48),(85,46))),(((((53,(56,26)),80),(((60,27),29),45)),((100,(13,43)),(92,95))),((72,64),78))),(54,98)),((24,(((34,(35,(55,69))),((86,40),70)),65)),(((87,(21,90)),79),75))),((89,49),(57,(32,96)))),(((((25,31),(47,52)),(20,93)),(63,(19,58))),((((((15,68),76),(51,18)),((17,39),(33,41))),((((30,94),36),91),(((((23,50),44),(16,71)),97),77))),((((((1,11),8),((9,6),10)),(3,12)),7),((5,4),2))))),(38,37)),((((14,99),(66,28)),83),(61,(42,67)))),(62,82)),88),81);
Guide Tree 0/16
#NNI moves:0/152
Guide Tree 1/16
#NNI moves:2/152
Guide Tree 2/16
#NNI moves:0/152
Guide Tree 3/16
#NNI moves:2/152
Guide Tree 4/16
#NNI moves:0/152
Guide Tree 5/16
#NNI moves:0/152
Guide Tree 6/16
#NNI moves:0/152
Guide Tree 7/16
#NNI moves:0/152
Guide Tree 8/16
#NNI moves:0/152
Guide Tree 9/16
#NNI moves:0/152
Guide Tree 10/16
#NNI moves:0/152
Guide Tree 11/16
#NNI moves:6/152
Guide Tree 12/16
#NNI moves:6/152
Guide Tree 13/16
#NNI moves:0/152
Guide Tree 14/16
#NNI moves:0/152
Guide Tree 15/16
#NNI moves:0/152
Remaining: 1
#NNI moves:6/152
#NNI moves:6/152
((((((((((((70,(86,40)),((35,(55,69)),34)),(65,24)),((79,(87,(90,21))),75)),(((((((13,43),100),(92,95)),((((26,56),53),80),(((27,60),29),45))),((72,64),78)),(((84,59),(73,74)),((48,22),(46,85)))),(54,98))),((49,89),((32,96),57))),(((((5,4),2),(((((6,9),10),(8,(11,1))),(12,3)),7)),((((36,(30,94)),91),((97,((71,16),((23,50),44))),77)),(((17,39),(33,41)),(((68,15),76),(18,51))))),((((31,25),(47,52)),(93,20)),((19,58),63)))),(37,38)),(((42,67),61),(((28,66),(99,14)),83))),(82,62)),88),81);
Initial score: 1.03339e+09
Initial tree: ((((((((((((70,(86,40)),((35,(55,69)),34)),(65,24)),((79,(87,(90,21))),75)),(((((((13,43),100),(92,95)),((((26,56),53),80),(((27,60),29),45))),((72,64),78)),(((84,59),(73,74)),((48,22),(46,85)))),(54,98))),((49,89),((32,96),57))),(((((5,4),2),(((((6,9),10),(8,(11,1))),(12,3)),7)),((((36,(30,94)),91),((97,((71,16),((23,50),44))),77)),(((17,39),(33,41)),(((68,15),76),(18,51))))),((((31,25),(47,52)),(93,20)),((19,58),63)))),(37,38)),(((42,67),61),(((28,66),(99,14)),83))),(82,62)),88),81);
*** Subsample Process ***
Use two-step algorithm!
#NNI moves:0/152
Remaining: 0
#NNI moves:2/152
#NNI moves:2/152
(((((((((((((((((6,9),10),((1,11),8)),(3,12)),7),(2,(5,4))),((((17,39),(33,41)),((51,18),((68,15),76))),(((((16,71),((23,50),44)),97),77),(((30,94),36),91)))),((((31,25),(52,47)),(20,93)),((58,19),63))),((((62,82),(81,88)),(((42,67),61),(((99,14),(66,28)),83))),(37,38))),(((96,32),57),(49,89))),((((((92,95),(100,(13,43))),((((27,60),29),45),(((26,56),53),80))),((72,64),78)),(((73,74),(84,59)),((22,48),(46,85)))),(98,54))),((79,((21,90),87)),75)),(24,65)),((35,(55,69)),34)),70),40),86);
#NNI moves:0/152
Remaining: 0
#NNI moves:4/152
#NNI moves:4/152
(((((((((((((((72,64),78),(((((27,60),29),45),(80,(53,(56,26)))),((95,92),((13,43),100)))),(((74,73),(84,59)),((22,48),(85,46)))),(54,98)),((((((55,69),35),34),(70,(40,86))),(65,24)),((79,(87,(21,90))),75))),((57,(96,32)),(49,89))),((((((14,99),(28,66)),83),(61,(67,42))),((88,81),(82,62))),(37,38))),((((25,31),(52,47)),(20,93)),((19,58),63))),((((((1,11),8),(10,(6,9))),(3,12)),7),((5,4),2))),((((94,30),36),91),(((((50,23),44),(16,71)),97),77))),(((15,68),76),(51,18))),(41,33)),17),39);
#NNI moves:0/152
Remaining: 0
#NNI moves:4/152
#NNI moves:4/152
(((((((((((((22,48),(46,85)),((59,84),(74,73))),((78,(72,64)),(((92,95),(100,(43,13))),((((27,60),29),45),(((56,26),53),80))))),(54,98)),(((79,((90,21),87)),75),((24,65),((((55,69),35),34),((86,40),70))))),((49,89),((96,32),57))),((((((((44,(23,50)),(16,71)),97),77),(((94,30),36),91)),(((76,(15,68)),(51,18)),((33,41),(39,17)))),((((((6,9),10),((11,1),8)),(12,3)),7),((5,4),2))),((((31,25),(47,52)),(93,20)),((58,19),63)))),(37,38)),((((66,28),(99,14)),83),(61,(67,42)))),(88,81)),82),62);
#NNI moves:0/152
Remaining: 2
#NNI moves:2/152
#NNI moves:2/152
((((((((((13,43),100),(92,95)),((80,((26,56),53)),(((27,60),29),45))),(78,(64,72))),((((((((((33,41),(39,17)),(((68,15),76),(51,18))),(((((44,(23,50)),(71,16)),97),77),((36,(30,94)),91))),((((((11,1),8),((6,9),10)),(12,3)),7),((4,5),2))),((((52,47),(31,25)),(20,93)),((19,58),63))),((((((28,66),(14,99)),83),(61,(42,67))),((82,62),(88,81))),(38,37))),(((32,96),57),(49,89))),((((34,((69,55),35)),((86,40),70)),(65,24)),((((21,90),87),79),75))),(54,98))),((85,46),(22,48))),(73,74)),59),84);
Current score: 1.03339e+09
Current tree: ((88,((82,62),(((((28,66),(14,99)),83),(61,(42,67))),((38,37),(((((((33,41),(39,17)),(((68,15),76),(51,18))),(((((44,(23,50)),(71,16)),97),77),((36,(30,94)),91))),((((((11,1),8),((6,9),10)),(12,3)),7),((4,5),2))),((((52,47),(31,25)),(20,93)),((19,58),63))),((((32,96),57),(49,89)),(((((34,((69,55),35)),((86,40),70)),(65,24)),((((21,90),87),79),75)),((54,98),((((((13,43),100),(92,95)),((80,((26,56),53)),(((27,60),29),45))),(78,(64,72))),(((85,46),(22,48)),((73,74),(59,84)))))))))))),81);
Final Tree: ((88,((82,62),(((((28,66),(14,99)),83),(61,(42,67))),((38,37),(((((((33,41),(39,17)),(((68,15),76),(51,18))),(((((44,(23,50)),(71,16)),97),77),((36,(30,94)),91))),((((((11,1),8),((6,9),10)),(12,3)),7),((4,5),2))),((((52,47),(31,25)),(20,93)),((19,58),63))),((((32,96),57),(49,89)),(((((34,((69,55),35)),((86,40),70)),(65,24)),((((21,90),87),79),75)),((54,98),((((((13,43),100),(92,95)),((80,((26,56),53)),(((27,60),29),45))),(78,(64,72))),(((85,46),(22,48)),((73,74),(59,84)))))))))))),81);
#EqQuartets: 1641165662
Score: 1033394929
ASTRAL for PaRalogs and Orthologs III (ASTRAL-Pro3)
*** NOW with integrated CASTLES-Pro ***
Version: v1.22.3.6
Read 512 genetrees and found 100 species.
#Genetrees: 1000
#Duploss: 12637
#Species: 100
#Rounds: 4
#Samples: 4
#Threads: 1
Use two-step algorithm!
Guide Tree 0/16
#NNI moves:0/152
Guide Tree 1/16
#NNI moves:0/152
Guide Tree 2/16
#NNI moves:0/152
Guide Tree 3/16
#NNI moves:0/152
Guide Tree 4/16
#NNI moves:0/152
Guide Tree 5/16
#NNI moves:6/152
Guide Tree 6/16
#NNI moves:0/152
Guide Tree 7/16
#NNI moves:0/152
Guide Tree 8/16
#NNI moves:0/152
Guide Tree 9/16
#NNI moves:0/152
Guide Tree 10/16
#NNI moves:0/152
Guide Tree 11/16
#NNI moves:0/152
Guide Tree 12/16
#NNI moves:6/152
Guide Tree 13/16
#NNI moves:0/152
Guide Tree 14/16
#NNI moves:0/152
Guide Tree 15/16
#NNI moves:0/152
Remaining: 0
#NNI moves:10/152
#NNI moves:12/152
((((((((((((((94,((92,89),81)),(((84,79),97),((96,82),90))),((83,86),((85,(77,98)),100))),((((93,99),78),((91,88),95)),(80,87))),(((34,59),(23,45)),((((40,16),55),(64,47)),(70,30)))),(((((4,(27,26)),(2,(68,66))),74),(((((63,35),60),(22,53)),(6,20)),((19,32),62))),((((46,41),31),10),(44,(((73,43),69),58))))),((18,50),(24,21))),((((67,56),17),48),14)),(((71,36),(65,75)),((51,38),52))),((((13,((8,3),25)),(72,15)),((12,(((76,11),(28,42)),39)),((1,61),(37,29)))),(5,57))),(54,33)),9),7),49);
Guide Tree 0/16
#NNI moves:2/152
Guide Tree 1/16
#NNI moves:0/152
Guide Tree 2/16
#NNI moves:0/152
Guide Tree 3/16
#NNI moves:2/152
Guide Tree 4/16
#NNI moves:0/152
Guide Tree 5/16
#NNI moves:0/152
Guide Tree 6/16
#NNI moves:2/152
Guide Tree 7/16
#NNI moves:0/152
Guide Tree 8/16
#NNI moves:0/152
Guide Tree 9/16
#NNI moves:2/152
Guide Tree 10/16
#NNI moves:0/152
Guide Tree 11/16
#NNI moves:0/152
Guide Tree 12/16
#NNI moves:0/152
Guide Tree 13/16
#NNI moves:2/152
Guide Tree 14/16
#NNI moves:2/152
Guide Tree 15/16
#NNI moves:6/152
Remaining: 0
#NNI moves:10/152
#NNI moves:20/152
(((((((((((((((81,(92,89)),94),(((96,82),90),((79,84),97))),((((77,98),85),100),(83,86))),(((78,(99,93)),(95,(91,88))),(80,87))),(((34,59),(45,23)),((((16,40),55),(64,47)),(30,70)))),(((((4,(26,27)),(2,(68,66))),74),(((((63,35),60),(53,22)),(6,20)),(62,(32,19)))),((44,(((43,73),69),58)),(10,((41,46),31))))),((50,18),(21,24))),((((67,56),17),48),14)),(((75,65),(71,36)),((38,51),52))),(((((((28,42),(11,76)),39),12),((29,37),(61,1))),((((3,8),25),13),(15,72))),(5,57))),(54,33)),9),7),49);
Guide Tree 0/16
#NNI moves:2/152
Guide Tree 1/16
#NNI moves:0/152
Guide Tree 2/16
#NNI moves:0/152
Guide Tree 3/16
#NNI moves:0/152
Guide Tree 4/16
#NNI moves:0/152
Guide Tree 5/16
#NNI moves:2/152
Guide Tree 6/16
#NNI moves:0/152
Guide Tree 7/16
#NNI moves:0/152
Guide Tree 8/16
#NNI moves:2/152
Guide Tree 9/16
#NNI moves:2/152
Guide Tree 10/16
#NNI moves:6/152
Guide Tree 11/16
#NNI moves:0/152
Guide Tree 12/16
#NNI moves:0/152
Guide Tree 13/16
#NNI moves:0/152
Guide Tree 14/16
#NNI moves:0/152
Guide Tree 15/16
#NNI moves:0/152
Remaining: 0
#NNI moves:4/152
#NNI moves:4/152
((((((((((((((64,47),((40,16),55)),(30,70)),((34,59),(45,23))),((((((82,96),90),(97,(84,79))),((81,(92,89)),94)),((((98,77),85),100),(83,86))),((((88,91),95),((93,99),78)),(80,87)))),((((((22,53),((35,63),60)),(20,6)),((32,19),62)),((((27,26),4),((66,68),2)),74)),(((((43,73),69),58),44),(((41,46),31),10)))),((24,21),(18,50))),((((56,67),17),48),14)),(((75,65),(71,36)),((38,51),52))),(((((39,((28,42),(11,76))),12),((29,37),(1,61))),((15,72),(13,((3,8),25)))),(57,5))),(54,33)),9),7),49);
Guide Tree 0/16
#NNI moves:0/152
Guide Tree 1/16
#NNI moves:6/152
Guide Tree 2/16
#NNI moves:0/152
Guide Tree 3/16
#NNI moves:0/152
Guide Tree 4/16
#NNI moves:6/152
Guide Tree 5/16
#NNI moves:0/152
Guide Tree 6/16
#NNI moves:0/152
Guide Tree 7/16
#NNI moves:0/152
Guide Tree 8/16
#NNI moves:0/152
Guide Tree 9/16
#NNI moves:0/152
Guide Tree 10/16
#NNI moves:0/152
Guide Tree 11/16
#NNI moves:2/152
Guide Tree 12/16
#NNI moves:0/152
Guide Tree 13/16
#NNI moves:0/152
Guide Tree 14/16
#NNI moves:6/152
Guide Tree 15/16
#NNI moves:0/152
Remaining: 0
#NNI moves:12/152
#NNI moves:18/152
((((((((((((((100,((77,98),85)),(86,83)),((((96,82),90),((84,79),97)),((81,(92,89)),94))),((((93,99),78),((91,88),95)),(87,80))),((((47,64),((40,16),55)),(30,70)),((23,45),(34,59)))),((((31,(41,46)),10),((((73,43),69),58),44)),((((20,6),(((63,35),60),(22,53))),((32,19),62)),((((26,27),4),(2,(68,66))),74)))),((50,18),(21,24))),(((17,(56,67)),48),14)),(((51,38),52),((71,36),(65,75)))),(((((37,29),(1,61)),(12,(((11,76),(42,28)),39))),((((3,8),25),13),(15,72))),(5,57))),(33,54)),9),7),49);
Initial score: 1.03799e+09
Initial tree: ((((((((((((((100,((77,98),85)),(86,83)),((((96,82),90),((84,79),97)),((81,(92,89)),94))),((((93,99),78),((91,88),95)),(87,80))),((((47,64),((40,16),55)),(30,70)),((23,45),(34,59)))),((((31,(41,46)),10),((((73,43),69),58),44)),((((20,6),(((63,35),60),(22,53))),((32,19),62)),((((26,27),4),(2,(68,66))),74)))),((50,18),(21,24))),(((17,(56,67)),48),14)),(((51,38),52),((71,36),(65,75)))),(((((37,29),(1,61)),(12,(((11,76),(42,28)),39))),((((3,8),25),13),(15,72))),(5,57))),(33,54)),9),7),49);
*** Subsample Process ***
Use two-step algorithm!
#NNI moves:0/152
Remaining: 0
#NNI moves:16/152
#NNI moves:38/152
((((((((((((20,6),((53,22),(60,(35,63)))),((19,32),62)),(((4,(27,26)),((68,66),2)),74)),(((((43,73),69),58),44),(((41,46),31),10))),((((((51,38),52),((71,36),(65,75))),(((57,5),((((((76,11),(28,42)),39),12),((29,37),(61,1))),(((25,(8,3)),13),(15,72)))),(((7,49),9),(33,54)))),((((56,67),17),48),14)),((21,24),(50,18)))),(((30,70),((47,64),(55,(16,40)))),((23,45),(34,59)))),((((93,99),78),((88,91),95)),(80,87))),((((89,92),81),94),((90,(82,96)),((79,84),97)))),(100,((98,77),85))),86),83);
#NNI moves:2/152
Remaining: 0
#NNI moves:8/152
#NNI moves:8/152
((((((((((((((((98,77),85),100),(83,86)),(((90,(82,96)),((84,79),97)),(94,(81,(92,89))))),((((88,91),95),((99,93),78)),(87,80))),(((34,59),(23,45)),((((40,16),55),(64,47)),(30,70)))),(((((32,19),62),(((22,53),(60,(63,35))),(6,20))),((((26,27),4),((66,68),2)),74)),(((((73,43),69),58),44),(((41,46),31),10)))),((21,24),(18,50))),((((67,56),17),48),14)),((52,(51,38)),((75,65),(36,71)))),((5,57),((((((76,11),(42,28)),39),12),((29,37),(61,1))),((((8,3),25),13),(72,15))))),(54,33)),9),49),7);
#NNI moves:0/152
Remaining: 0
#NNI moves:14/152
#NNI moves:14/152
(((((((((((((((63,35),60),(22,53)),(20,6)),((32,19),62)),(((4,(26,27)),((66,68),2)),74)),((((69,(43,73)),58),44),(10,((46,41),31)))),(((((52,(51,38)),((36,71),(65,75))),((((((((42,28),(11,76)),39),12),((61,1),(29,37))),((((3,8),25),13),(15,72))),(57,5)),((54,33),((49,7),9)))),(((17,(67,56)),48),14)),((21,24),(18,50)))),(((((16,40),55),(47,64)),(70,30)),((23,45),(34,59)))),((((90,(82,96)),((79,84),97)),(94,(81,(92,89)))),((83,86),(((98,77),85),100)))),(87,80)),((93,99),78)),95),91),88);
#NNI moves:2/152
Remaining: 0
#NNI moves:16/152
#NNI moves:16/152
(((((((((((((4,(26,27)),(2,(68,66))),74),((((60,(35,63)),(53,22)),(6,20)),((19,32),62))),((((41,46),31),10),((((73,43),69),58),44))),((((((93,99),78),((91,88),95)),(80,87)),((((97,(84,79)),(90,(96,82))),(94,((89,92),81))),(((85,(98,77)),100),(86,83)))),((((47,64),((40,16),55)),(70,30)),((23,45),(59,34))))),((24,21),(50,18))),((((56,67),17),48),14)),(((71,36),(75,65)),((51,38),52))),(((((37,29),(1,61)),((39,((28,42),(76,11))),12)),((((3,8),25),13),(15,72))),(57,5))),(54,33)),(7,49)),9);
Current score: 1.03799e+09
Current tree: ((7,((((((((((((4,(26,27)),(2,(68,66))),74),((((60,(35,63)),(53,22)),(6,20)),((19,32),62))),((((41,46),31),10),((((73,43),69),58),44))),((((((93,99),78),((91,88),95)),(80,87)),((((97,(84,79)),(90,(96,82))),(94,((89,92),81))),(((85,(98,77)),100),(86,83)))),((((47,64),((40,16),55)),(70,30)),((23,45),(59,34))))),((24,21),(50,18))),((((56,67),17),48),14)),(((71,36),(75,65)),((51,38),52))),(((((37,29),(1,61)),((39,((28,42),(76,11))),12)),((((3,8),25),13),(15,72))),(57,5))),(54,33)),9)),49);
Final Tree: ((7,((((((((((((4,(26,27)),(2,(68,66))),74),((((60,(35,63)),(53,22)),(6,20)),((19,32),62))),((((41,46),31),10),((((73,43),69),58),44))),((((((93,99),78),((91,88),95)),(80,87)),((((97,(84,79)),(90,(96,82))),(94,((89,92),81))),(((85,(98,77)),100),(86,83)))),((((47,64),((40,16),55)),(70,30)),((23,45),(59,34))))),((24,21),(50,18))),((((56,67),17),48),14)),(((71,36),(75,65)),((51,38),52))),(((((37,29),(1,61)),((39,((28,42),(76,11))),12)),((((3,8),25),13),(15,72))),(57,5))),(54,33)),9)),49);
#EqQuartets: 1667121985
Score: 1037990343
ASTRAL for PaRalogs and Orthologs III (ASTRAL-Pro3)
*** NOW with integrated CASTLES-Pro ***
Version: v1.22.3.6
Read 512 genetrees and found 100 species.
#Genetrees: 1000
#Duploss: 11590
#Species: 100
#Rounds: 4
#Samples: 4
#Threads: 1
Use two-step algorithm!
Guide Tree 0/16
#NNI moves:0/152
Guide Tree 1/16
#NNI moves:0/152
Guide Tree 2/16
#NNI moves:0/152
Guide Tree 3/16
#NNI moves:6/152
Guide Tree 4/16
#NNI moves:0/152
Guide Tree 5/16
#NNI moves:0/152
Guide Tree 6/16
#NNI moves:0/152
Guide Tree 7/16
#NNI moves:0/152
Guide Tree 8/16
#NNI moves:0/152
Guide Tree 9/16
#NNI moves:0/152
Guide Tree 10/16
#NNI moves:0/152
Guide Tree 11/16
#NNI moves:2/152
Guide Tree 12/16
#NNI moves:0/152
Guide Tree 13/16
#NNI moves:0/152
Guide Tree 14/16
#NNI moves:0/152
Guide Tree 15/16
#NNI moves:0/152
Remaining: 0
#NNI moves:6/152
#NNI moves:6/152
(((((((((((((((59,85),(81,(((63,(61,79)),((75,90),83)),(58,87)))),((86,73),100)),(74,93)),((((80,71),97),(96,98)),((62,91),88))),((78,((60,84),95)),(66,72))),(((89,(94,92)),(((99,76),64),77)),(((82,((67,70),65)),69),68))),(((((16,(((48,17),34),29)),7),39),((38,33),42)),41)),((((((53,24),9),(32,54)),19),(27,26)),(10,3))),(((((((((40,35),((23,(44,15)),6)),((30,37),(45,5))),52),(50,((49,43),11))),(12,57)),(47,((22,36),2))),56),((55,(51,14)),((20,8),25)))),((18,1),31)),28),(13,21)),46),4);
Guide Tree 0/16
#NNI moves:0/152
Guide Tree 1/16
#NNI moves:0/152
Guide Tree 2/16
#NNI moves:0/152
Guide Tree 3/16
#NNI moves:0/152
Guide Tree 4/16
#NNI moves:0/152
Guide Tree 5/16
#NNI moves:0/152
Guide Tree 6/16
#NNI moves:0/152
Guide Tree 7/16
#NNI moves:0/152
Guide Tree 8/16
#NNI moves:0/152
Guide Tree 9/16
#NNI moves:0/152
Guide Tree 10/16
#NNI moves:0/152
Guide Tree 11/16
#NNI moves:0/152
Guide Tree 12/16
#NNI moves:0/152
Guide Tree 13/16
#NNI moves:0/152
Guide Tree 14/16
#NNI moves:0/152
Guide Tree 15/16
#NNI moves:0/152
Remaining: 1
#NNI moves:8/152
#NNI moves:8/152
(((((((((((((((59,85),(((87,58),(((90,75),83),((61,79),63))),81)),((86,73),100)),(93,74)),((88,(62,91)),(((71,80),97),(98,96)))),((66,72),(((84,60),95),78))),((((82,(65,(70,67))),69),68),(((92,94),89),((64,(99,76)),77)))),(((((((34,(17,48)),29),16),7),39),(42,(33,38))),41)),(((19,((9,(53,24)),(32,54))),(26,27)),(10,3))),(((((((((35,40),(((44,15),23),6)),((37,30),(45,5))),52),(((43,49),11),50)),(12,57)),((2,(22,36)),47)),56),(((14,51),55),((8,20),25)))),((18,1),31)),28),(21,13)),46),4);
Guide Tree 0/16
#NNI moves:6/152
Guide Tree 1/16
#NNI moves:2/152
Guide Tree 2/16
#NNI moves:0/152
Guide Tree 3/16
#NNI moves:6/152
Guide Tree 4/16
#NNI moves:0/152
Guide Tree 5/16
#NNI moves:6/152
Guide Tree 6/16
#NNI moves:2/152
Guide Tree 7/16
#NNI moves:0/152
Guide Tree 8/16
#NNI moves:6/152
Guide Tree 9/16
#NNI moves:0/152
Guide Tree 10/16
#NNI moves:6/152
Guide Tree 11/16
#NNI moves:0/152
Guide Tree 12/16
#NNI moves:2/152
Guide Tree 13/16
#NNI moves:6/152
Guide Tree 14/16
#NNI moves:6/152
Guide Tree 15/16
#NNI moves:0/152
Remaining: 0
#NNI moves:2/152
#NNI moves:2/152
((((((((((((((62,91),88),(((71,80),97),(98,96))),((((((((75,90),83),((79,61),63)),(87,58)),81),(59,85)),(100,(86,73))),(93,74))),((72,66),(((60,84),95),78))),((((82,((70,67),65)),69),68),((((76,99),64),77),(89,(94,92))))),((((((((17,48),34),29),16),7),39),((33,38),42)),41)),(((19,(((53,24),9),(54,32))),(26,27)),(10,3))),(((((((((37,30),(5,45)),((35,40),((23,(15,44)),6))),52),(((43,49),11),50)),(57,12)),(47,(2,(36,22)))),56),(((14,51),55),((20,8),25)))),((18,1),31)),28),(21,13)),46),4);
Guide Tree 0/16
#NNI moves:0/152
Guide Tree 1/16
#NNI moves:0/152
Guide Tree 2/16
#NNI moves:0/152
Guide Tree 3/16
#NNI moves:0/152
Guide Tree 4/16
#NNI moves:0/152
Guide Tree 5/16
#NNI moves:0/152
Guide Tree 6/16
#NNI moves:0/152
Guide Tree 7/16
#NNI moves:0/152
Guide Tree 8/16
#NNI moves:0/152
Guide Tree 9/16
#NNI moves:0/152
Guide Tree 10/16
#NNI moves:0/152
Guide Tree 11/16
#NNI moves:0/152
Guide Tree 12/16
#NNI moves:0/152
Guide Tree 13/16
#NNI moves:0/152
Guide Tree 14/16
#NNI moves:0/152
Guide Tree 15/16
#NNI moves:0/152
Remaining: 0
#NNI moves:6/152
#NNI moves:6/152
(((((((((((((77,((99,76),64)),((94,92),89)),((69,(((67,70),65),82)),68)),((((84,60),95),78),((((91,62),88),((97,(80,71)),(98,96))),((((((87,58),((63,(79,61)),((90,75),83))),81),(59,85)),(100,(86,73))),(74,93))))),(66,72)),((((((29,((17,48),34)),16),7),39),((38,33),42)),41)),(((26,27),((((24,53),9),(32,54)),19)),(10,3))),((((((36,22),2),47),((12,57),(((11,(43,49)),50),((((30,37),(5,45)),((((15,44),23),6),(35,40))),52)))),56),(((51,14),55),((20,8),25)))),((1,18),31)),28),(21,13)),46),4);
Initial score: 1.15028e+09
Initial tree: (((((((((((((77,((99,76),64)),((94,92),89)),((69,(((67,70),65),82)),68)),((((84,60),95),78),((((91,62),88),((97,(80,71)),(98,96))),((((((87,58),((63,(79,61)),((90,75),83))),81),(59,85)),(100,(86,73))),(74,93))))),(66,72)),((((((29,((17,48),34)),16),7),39),((38,33),42)),41)),(((26,27),((((24,53),9),(32,54)),19)),(10,3))),((((((36,22),2),47),((12,57),(((11,(43,49)),50),((((30,37),(5,45)),((((15,44),23),6),(35,40))),52)))),56),(((51,14),55),((20,8),25)))),((1,18),31)),28),(21,13)),46),4);
*** Subsample Process ***
Use two-step algorithm!
#NNI moves:0/152
Remaining: 0
#NNI moves:0/152
#NNI moves:0/152
(((((((((((((2,(36,22)),47),((((((30,37),(5,45)),(((23,(44,15)),6),(35,40))),52),(50,((43,49),11))),(12,57))),56),(((51,14),55),((8,20),25))),((28,((21,13),(46,4))),(31,(1,18)))),((10,3),(((((24,53),9),(54,32)),19),(27,26)))),((((((((17,48),34),29),16),7),39),((38,33),42)),41)),((((((86,73),100),(((((83,(90,75)),((61,79),63)),(87,58)),81),(85,59))),(74,93)),((((71,80),97),(98,96)),((91,62),88))),(((95,(84,60)),78),(72,66)))),((((99,76),64),77),((94,92),89))),68),(((70,67),65),82)),69);
#NNI moves:0/152
Remaining: 0
#NNI moves:12/152
#NNI moves:12/152
((((((((((((98,96),((71,80),97)),((62,91),88)),(((100,(73,86)),((((((79,61),63),((75,90),83)),(87,58)),81),(59,85))),(93,74))),((((84,60),95),78),(72,66))),(((((99,76),64),77),((92,94),89)),(((82,((70,67),65)),69),68))),(((((16,(29,((17,48),34))),7),39),((38,33),42)),41)),(((27,26),(19,(((24,53),9),(32,54)))),(3,10))),(((((((((30,37),(5,45)),((40,35),(((15,44),23),6))),52),(((49,43),11),50)),(12,57)),(((36,22),2),47)),56),(((8,20),25),((51,14),55)))),(31,(18,1))),((13,21),(46,4))),28);
#NNI moves:0/152
Remaining: 0
#NNI moves:12/152
#NNI moves:12/152
(((((((((((((((((((49,43),11),50),((((30,37),(5,45)),((((15,44),23),6),(40,35))),52)),(12,57)),(47,((36,22),2))),56),(((51,14),55),((8,20),25))),(((18,1),31),(((21,13),(4,46)),28))),((3,10),((((54,32),(9,(24,53))),19),(26,27)))),((((((29,((48,17),34)),16),7),39),((38,33),42)),41)),(72,66)),(((((98,96),((80,71),97)),(88,(91,62))),((((86,73),100),((59,85),(((((61,79),63),((75,90),83)),(58,87)),81))),(93,74))),(((84,60),95),78))),(((((67,70),65),82),69),68)),(89,(94,92))),77),64),99),76);
#NNI moves:0/152
Remaining: 0
#NNI moves:0/152
#NNI moves:0/152
(((((((((((((((86,73),100),(((((63,(61,79)),((90,75),83)),(58,87)),81),(85,59))),(74,93)),(((96,98),(97,(80,71))),((91,62),88))),((((84,60),95),78),(66,72))),(((((99,76),64),77),((94,92),89)),(((((67,70),65),82),69),68))),((((38,33),42),((((((48,17),34),29),16),7),39)),41)),((10,3),((26,27),(((32,54),((24,53),9)),19)))),(((((((11,(43,49)),50),((((((44,15),23),6),(40,35)),((5,45),(37,30))),52)),(57,12)),(47,(2,(22,36)))),56),((25,(8,20)),((51,14),55)))),((18,1),31)),28),(21,13)),4),46);
Current score: 1.15028e+09
Current tree: ((((((((((66,72),(((((((86,73),100),(((((63,(61,79)),((90,75),83)),(58,87)),81),(85,59))),(74,93)),(((96,98),(97,(80,71))),((91,62),88))),(((84,60),95),78)),(((((99,76),64),77),((94,92),89)),(((((67,70),65),82),69),68)))),((((38,33),42),((((((48,17),34),29),16),7),39)),41)),((10,3),((26,27),(((32,54),((24,53),9)),19)))),(((((((11,(43,49)),50),((((((44,15),23),6),(40,35)),((5,45),(37,30))),52)),(57,12)),(47,(2,(22,36)))),56),((25,(8,20)),((51,14),55)))),((18,1),31)),28),(21,13)),46),4);
Final Tree: ((((((((((66,72),(((((((86,73),100),(((((63,(61,79)),((90,75),83)),(58,87)),81),(85,59))),(74,93)),(((96,98),(97,(80,71))),((91,62),88))),(((84,60),95),78)),(((((99,76),64),77),((94,92),89)),(((((67,70),65),82),69),68)))),((((38,33),42),((((((48,17),34),29),16),7),39)),41)),((10,3),((26,27),(((32,54),((24,53),9)),19)))),(((((((11,(43,49)),50),((((((44,15),23),6),(40,35)),((5,45),(37,30))),52)),(57,12)),(47,(2,(22,36)))),56),((25,(8,20)),((51,14),55)))),((18,1),31)),28),(21,13)),46),4);
#EqQuartets: 1712977425
Score: 1150284484
ASTRAL for PaRalogs and Orthologs III (ASTRAL-Pro3)
*** NOW with integrated CASTLES-Pro ***
Version: v1.22.3.6
Read 512 genetrees and found 100 species.
#Genetrees: 1000
#Duploss: 13010
#Species: 100
#Rounds: 4
#Samples: 4
#Threads: 1
Use two-step algorithm!
Guide Tree 0/16
#NNI moves:0/152
Guide Tree 1/16
#NNI moves:6/152
Guide Tree 2/16
#NNI moves:6/152
Guide Tree 3/16
#NNI moves:0/152
Guide Tree 4/16
#NNI moves:6/152
Guide Tree 5/16
#NNI moves:0/152
Guide Tree 6/16
#NNI moves:0/152
Guide Tree 7/16
#NNI moves:6/152
Guide Tree 8/16
#NNI moves:0/152
Guide Tree 9/16
#NNI moves:0/152
Guide Tree 10/16
#NNI moves:0/152
Guide Tree 11/16
#NNI moves:0/152
Guide Tree 12/16
#NNI moves:0/152
Guide Tree 13/16
#NNI moves:0/152
Guide Tree 14/16
#NNI moves:6/152
Guide Tree 15/16
#NNI moves:0/152
Remaining: 0
#NNI moves:6/152
#NNI moves:6/152
(((((((((((((96,97),99),(100,98)),(((8,54),52),78)),(((19,((71,21),85)),(((81,15),(30,79)),75)),(70,80))),((((29,63),(((41,36),77),22)),(51,(27,61))),(((((31,89),24),25),92),(((59,(9,2)),(66,((((65,56),74),12),(68,40)))),((49,7),64))))),(((((((76,73),(60,84)),5),93),((44,(91,26)),((16,6),20))),1),(43,87))),((((((3,94),10),38),(13,69)),((42,33),((23,(48,90)),(((14,82),28),(37,39))))),((((50,55),((88,47),(17,83))),(86,72)),62))),((((11,32),(35,53)),46),(18,(4,58)))),(34,95)),45),57),67);
Guide Tree 0/16
#NNI moves:0/152
Guide Tree 1/16
#NNI moves:0/152
Guide Tree 2/16
#NNI moves:0/152
Guide Tree 3/16
#NNI moves:0/152
Guide Tree 4/16
#NNI moves:0/152
Guide Tree 5/16
#NNI moves:0/152
Guide Tree 6/16
#NNI moves:0/152
Guide Tree 7/16
#NNI moves:0/152
Guide Tree 8/16
#NNI moves:0/152
Guide Tree 9/16
#NNI moves:0/152
Guide Tree 10/16
#NNI moves:0/152
Guide Tree 11/16
#NNI moves:0/152
Guide Tree 12/16
#NNI moves:0/152
Guide Tree 13/16
#NNI moves:0/152
Guide Tree 14/16
#NNI moves:0/152
Guide Tree 15/16
#NNI moves:0/152
Remaining: 0
#NNI moves:0/152
#NNI moves:0/152
((((((((((((((31,89),24),25),92),(((66,((12,(74,(56,65))),(68,40))),((2,9),59)),((49,7),64))),(((61,27),51),((63,29),(((36,41),77),22)))),(((((85,(21,71)),19),(((81,15),(30,79)),75)),(70,80)),(((100,98),((96,97),99)),((52,(8,54)),78)))),(((((((84,60),(76,73)),5),93),(((26,91),44),((16,6),20))),1),(43,87))),(((((55,50),((17,83),(47,88))),(86,72)),62),(((69,13),(((94,3),10),38)),((((90,48),23),(((82,14),28),(37,39))),(33,42))))),((((11,32),(53,35)),46),((58,4),18))),(95,34)),45),57),67);
Guide Tree 0/16
#NNI moves:2/152
Guide Tree 1/16
#NNI moves:0/152
Guide Tree 2/16
#NNI moves:0/152
Guide Tree 3/16
#NNI moves:2/152
Guide Tree 4/16
#NNI moves:2/152
Guide Tree 5/16
#NNI moves:2/152
Guide Tree 6/16
#NNI moves:6/152
Guide Tree 7/16
#NNI moves:0/152
Guide Tree 8/16
#NNI moves:0/152
Guide Tree 9/16
#NNI moves:0/152
Guide Tree 10/16
#NNI moves:2/152
Guide Tree 11/16
#NNI moves:2/152
Guide Tree 12/16
#NNI moves:2/152
Guide Tree 13/16
#NNI moves:0/152
Guide Tree 14/16
#NNI moves:6/152
Guide Tree 15/16
#NNI moves:0/152
Remaining: 0
#NNI moves:2/152
#NNI moves:2/152
(((((((((((78,((54,8),52)),(((96,97),99),(98,100))),((70,80),(((85,(71,21)),19),(75,((81,15),(30,79)))))),((((27,61),51),((((41,36),77),22),(63,29))),((((49,7),64),((((((56,65),74),12),(68,40)),66),((9,2),59))),((25,((89,31),24)),92)))),(((((((84,60),(76,73)),5),93),(((26,91),44),((6,16),20))),1),(43,87))),((62,(((55,50),((47,88),(83,17))),(72,86))),((((((82,14),28),(37,39)),(23,(48,90))),(42,33)),((13,69),(((3,94),10),38))))),((((35,53),(11,32)),46),((4,58),18))),(95,34)),45),57),67);
Guide Tree 0/16
#NNI moves:2/152
Guide Tree 1/16
#NNI moves:2/152
Guide Tree 2/16
#NNI moves:0/152
Guide Tree 3/16
#NNI moves:0/152
Guide Tree 4/16
#NNI moves:0/152
Guide Tree 5/16
#NNI moves:2/152
Guide Tree 6/16
#NNI moves:0/152
Guide Tree 7/16
#NNI moves:0/152
Guide Tree 8/16
#NNI moves:0/152
Guide Tree 9/16
#NNI moves:0/152
Guide Tree 10/16
#NNI moves:4/152
Guide Tree 11/16
#NNI moves:2/152
Guide Tree 12/16
#NNI moves:0/152
Guide Tree 13/16
#NNI moves:0/152
Guide Tree 14/16
#NNI moves:2/152
Guide Tree 15/16
#NNI moves:2/152
Remaining: 0
#NNI moves:8/152
#NNI moves:10/152
((((((((((((((15,81),(79,30)),75),(((71,21),85),19)),(70,80)),(((98,100),((96,97),99)),(((8,54),52),78))),(((((((40,68),(12,((65,56),74))),66),(59,(9,2))),((7,49),64)),(((24,(31,89)),25),92)),(((22,((36,41),77)),(29,63)),((27,61),51)))),(((((44,(91,26)),((6,16),20)),((((73,76),(60,84)),5),93)),1),(43,87))),((((72,86),(((88,47),(17,83)),(55,50))),62),(((((3,94),10),38),(69,13)),((42,33),(((48,90),23),(((82,14),28),(39,37))))))),(((58,4),18),(((11,32),(35,53)),46))),(95,34)),45),57),67);
Initial score: 1.11313e+09
Initial tree: ((((((((((((((15,81),(79,30)),75),(((71,21),85),19)),(70,80)),(((98,100),((96,97),99)),(((8,54),52),78))),(((((((40,68),(12,((65,56),74))),66),(59,(9,2))),((7,49),64)),(((24,(31,89)),25),92)),(((22,((36,41),77)),(29,63)),((27,61),51)))),(((((44,(91,26)),((6,16),20)),((((73,76),(60,84)),5),93)),1),(43,87))),((((72,86),(((88,47),(17,83)),(55,50))),62),(((((3,94),10),38),(69,13)),((42,33),(((48,90),23),(((82,14),28),(39,37))))))),(((58,4),18),(((11,32),(35,53)),46))),(95,34)),45),57),67);
*** Subsample Process ***
Use two-step algorithm!
#NNI moves:0/152
Remaining: 0
#NNI moves:0/152
#NNI moves:0/152
((((((((((((((((3,94),10),38),(13,69)),(((23,(48,90)),((28,(82,14)),(37,39))),(33,42))),(((((47,88),(17,83)),(55,50)),(72,86)),62)),(((18,(4,58)),(((35,53),(11,32)),46)),((45,(67,57)),(95,34)))),((((((26,91),44),((16,6),20)),((((73,76),(60,84)),5),93)),1),(87,43))),((((((31,89),24),25),92),(((((((56,65),74),12),(68,40)),66),((2,9),59)),((7,49),64))),(((27,61),51),((29,63),(((41,36),77),22))))),((((96,97),99),(100,98)),(((54,8),52),78))),(70,80)),(75,((30,79),(81,15)))),19),85),21),71);
#NNI moves:0/152
Remaining: 0
#NNI moves:6/152
#NNI moves:8/152
((((((((((((66,((((56,65),74),12),(68,40))),((9,2),59)),(64,(49,7))),(((24,(89,31)),25),92)),(((29,63),(22,((36,41),77))),((27,61),51))),((((99,(97,96)),(100,98)),(((54,8),52),78)),(((((21,71),85),19),(75,((79,30),(81,15)))),(70,80)))),((((((91,26),44),(20,(6,16))),((5,((84,60),(73,76))),93)),1),(43,87))),((((13,69),(((94,3),10),38)),((((28,(14,82)),(39,37)),(23,(48,90))),(42,33))),(((72,86),(((47,88),(83,17)),(50,55))),62))),((((35,53),(32,11)),46),((4,58),18))),(34,95)),(57,67)),45);
#NNI moves:0/152
Remaining: 0
#NNI moves:2/152
#NNI moves:2/152
((((((((((((((21,71),85),19),(((81,15),(79,30)),75)),(70,80)),(((99,(97,96)),(98,100)),((52,(54,8)),78))),((((((((74,(65,56)),12),(68,40)),66),((2,9),59)),((7,49),64)),((((31,89),24),25),92)),(((((41,36),77),22),(63,29)),(51,(61,27))))),((((((6,16),20),((26,91),44)),(93,(5,((60,84),(73,76))))),1),(87,43))),((((13,69),((10,(94,3)),38)),(((23,(90,48)),((39,37),(28,(82,14)))),(33,42))),(((((88,47),(83,17)),(50,55)),(72,86)),62))),((((35,53),(11,32)),46),(18,(58,4)))),(95,34)),45),67),57);
#NNI moves:6/152
Remaining: 0
#NNI moves:8/152
#NNI moves:8/152
((((((((((((((((90,48),23),(((82,14),28),(37,39))),(42,33)),((((3,94),10),38),(69,13))),(((((88,47),(17,83)),(50,55)),(86,72)),62)),(((18,(4,58)),(46,((32,11),(53,35)))),(((57,67),45),(95,34)))),((1,((((6,16),20),((91,26),44)),((((84,60),(73,76)),5),93))),(43,87))),(((((((68,40),(((65,56),74),12)),66),((9,2),59)),((7,49),64)),((((31,89),24),25),92)),((51,(27,61)),((((36,41),77),22),(29,63))))),((((96,97),99),(100,98)),(((8,54),52),78))),(80,70)),((85,(71,21)),19)),75),(79,30)),81),15);
Current score: 1.11313e+09
Current tree: ((57,(45,((95,34),(((18,(4,58)),(46,((32,11),(53,35)))),(((((((90,48),23),(((82,14),28),(37,39))),(42,33)),((((3,94),10),38),(69,13))),(((((88,47),(17,83)),(50,55)),(86,72)),62)),(((1,((((6,16),20),((91,26),44)),((((84,60),(73,76)),5),93))),(43,87)),((((((((68,40),(((65,56),74),12)),66),((9,2),59)),((7,49),64)),((((31,89),24),25),92)),((51,(27,61)),((((36,41),77),22),(29,63)))),(((((96,97),99),(100,98)),(((8,54),52),78)),((80,70),(((85,(71,21)),19),(75,((79,30),(81,15))))))))))))),67);
Final Tree: ((57,(45,((95,34),(((18,(4,58)),(46,((32,11),(53,35)))),(((((((90,48),23),(((82,14),28),(37,39))),(42,33)),((((3,94),10),38),(69,13))),(((((88,47),(17,83)),(50,55)),(86,72)),62)),(((1,((((6,16),20),((91,26),44)),((((84,60),(73,76)),5),93))),(43,87)),((((((((68,40),(((65,56),74),12)),66),((9,2),59)),((7,49),64)),((((31,89),24),25),92)),((51,(27,61)),((((36,41),77),22),(29,63)))),(((((96,97),99),(100,98)),(((8,54),52),78)),((80,70),(((85,(71,21)),19),(75,((79,30),(81,15))))))))))))),67);
#EqQuartets: 1718686486
Score: 1113128975
ASTRAL for PaRalogs and Orthologs III (ASTRAL-Pro3)
*** NOW with integrated CASTLES-Pro ***
Version: v1.22.3.6
Read 512 genetrees and found 100 species.
#Genetrees: 1000
#Duploss: 14356
#Species: 100
#Rounds: 4
#Samples: 4
#Threads: 1
Use two-step algorithm!
Guide Tree 0/16
#NNI moves:0/152
Guide Tree 1/16
#NNI moves:0/152
Guide Tree 2/16
#NNI moves:0/152
Guide Tree 3/16
#NNI moves:0/152
Guide Tree 4/16
#NNI moves:0/152
Guide Tree 5/16
#NNI moves:0/152
Guide Tree 6/16
#NNI moves:0/152
Guide Tree 7/16
#NNI moves:0/152
Guide Tree 8/16
#NNI moves:0/152
Guide Tree 9/16
#NNI moves:0/152
Guide Tree 10/16
#NNI moves:0/152
Guide Tree 11/16
#NNI moves:0/152
Guide Tree 12/16
#NNI moves:0/152
Guide Tree 13/16
#NNI moves:0/152
Guide Tree 14/16
#NNI moves:0/152
Guide Tree 15/16
#NNI moves:0/152
Remaining: 0
#NNI moves:6/152
#NNI moves:8/152
((((((((((((68,(31,((((84,49),23),21),20))),87),((71,(46,52)),24)),(3,54)),((25,(43,1)),((58,18),((((81,10),6),13),((77,72),(75,37)))))),(((((70,17),59),((80,5),(19,69))),((65,(85,7)),(12,32))),((63,38),((83,(42,28)),78)))),((((96,((89,((98,100),97)),91)),(95,92)),(((90,93),99),94)),(((86,51),56),((((76,4),61),(((15,26),(((45,14),40),16)),36)),82)))),(((50,44),79),((((57,(34,33)),(8,48)),27),((2,74),62)))),(((88,55),29),41)),(((((30,9),53),35),(39,64)),(((60,(22,47)),67),66))),73),11);
Guide Tree 0/16
#NNI moves:0/152
Guide Tree 1/16
#NNI moves:0/152
Guide Tree 2/16
#NNI moves:0/152
Guide Tree 3/16
#NNI moves:0/152
Guide Tree 4/16
#NNI moves:0/152
Guide Tree 5/16
#NNI moves:0/152
Guide Tree 6/16
#NNI moves:0/152
Guide Tree 7/16
#NNI moves:0/152
Guide Tree 8/16
#NNI moves:0/152
Guide Tree 9/16
#NNI moves:0/152
Guide Tree 10/16
#NNI moves:6/152
Guide Tree 11/16
#NNI moves:0/152
Guide Tree 12/16
#NNI moves:2/152
Guide Tree 13/16
#NNI moves:0/152
Guide Tree 14/16
#NNI moves:0/152
Guide Tree 15/16
#NNI moves:0/152
Remaining: 0
#NNI moves:6/152
#NNI moves:6/152
((((((((((((68,(((((84,49),23),21),20),31)),87),((71,(46,52)),24)),(54,3)),((25,(43,1)),((((72,77),(37,75)),(((10,81),6),13)),(58,18)))),(((((70,17),59),((69,19),(80,5))),((12,32),((7,85),65))),((((42,28),83),78),(38,63)))),(((((91,(((100,98),97),89)),96),(95,92)),(((90,93),99),94)),(((86,51),56),((((4,76),61),(((16,((45,14),40)),(15,26)),36)),82)))),(((27,((8,48),((34,33),57))),((2,74),62)),((44,50),79))),(41,((55,88),29))),(((((47,22),60),67),66),((64,39),(((30,9),53),35)))),73),11);
Guide Tree 0/16
#NNI moves:0/152
Guide Tree 1/16
#NNI moves:2/152
Guide Tree 2/16
#NNI moves:0/152
Guide Tree 3/16
#NNI moves:0/152
Guide Tree 4/16
#NNI moves:2/152
Guide Tree 5/16
#NNI moves:0/152
Guide Tree 6/16
#NNI moves:0/152
Guide Tree 7/16
#NNI moves:0/152
Guide Tree 8/16
#NNI moves:2/152
Guide Tree 9/16
#NNI moves:2/152
Guide Tree 10/16
#NNI moves:0/152
Guide Tree 11/16
#NNI moves:0/152
Guide Tree 12/16
#NNI moves:0/152
Guide Tree 13/16
#NNI moves:0/152
Guide Tree 14/16
#NNI moves:0/152
Guide Tree 15/16
#NNI moves:0/152
Remaining: 0
#NNI moves:18/152
#NNI moves:18/152
(((((((((((58,18),(((37,75),(72,77)),((6,(81,10)),13))),((43,1),25)),((54,3),((87,((((21,((49,84),23)),20),31),68)),((71,(52,46)),24)))),(((38,63),(((42,28),83),78)),((((5,80),(19,69)),(59,(70,17))),(((7,85),65),(32,12))))),(((((((((45,14),40),16),(15,26)),36),((4,76),61)),82),((51,86),56)),((((91,(((100,98),97),89)),96),(95,92)),(94,((93,90),99))))),(((((48,8),((33,34),57)),27),((74,2),62)),(79,(44,50)))),(((88,55),29),41)),(((((22,47),60),67),66),((39,64),((53,(9,30)),35)))),73),11);
Guide Tree 0/16
#NNI moves:2/152
Guide Tree 1/16
#NNI moves:2/152
Guide Tree 2/16
#NNI moves:0/152
Guide Tree 3/16
#NNI moves:6/152
Guide Tree 4/16
#NNI moves:0/152
Guide Tree 5/16
#NNI moves:2/152
Guide Tree 6/16
#NNI moves:2/152
Guide Tree 7/16
#NNI moves:2/152
Guide Tree 8/16
#NNI moves:0/152
Guide Tree 9/16
#NNI moves:2/152
Guide Tree 10/16
#NNI moves:8/152
Guide Tree 11/16
#NNI moves:6/152
Guide Tree 12/16
#NNI moves:6/152
Guide Tree 13/16
#NNI moves:2/152
Guide Tree 14/16
#NNI moves:0/152
Guide Tree 15/16
#NNI moves:8/152
Remaining: 2
#NNI moves:0/152
#NNI moves:2/152
(((((((((((1,43),25),((18,58),(((72,77),(37,75)),(((81,10),6),13)))),((((((20,((23,(84,49)),21)),31),68),87),(((52,46),71),24)),(3,54))),(((((85,7),65),(32,12)),((59,(70,17)),((80,5),(69,19)))),((((28,42),83),78),(63,38)))),((((92,95),(((89,((100,98),97)),91),96)),(((90,93),99),94)),((((36,((((45,14),40),16),(15,26))),(61,(4,76))),82),((86,51),56)))),((((2,74),62),(((57,(34,33)),(48,8)),27)),((44,50),79))),(((88,55),29),41)),(((((9,30),53),35),(39,64)),((67,(60,(22,47))),66))),73),11);
Initial score: 9.6701e+08
Initial tree: (((((((((((1,43),25),((18,58),(((72,77),(37,75)),(((81,10),6),13)))),((((((20,((23,(84,49)),21)),31),68),87),(((52,46),71),24)),(3,54))),(((((85,7),65),(32,12)),((59,(70,17)),((80,5),(69,19)))),((((28,42),83),78),(63,38)))),((((92,95),(((89,((100,98),97)),91),96)),(((90,93),99),94)),((((36,((((45,14),40),16),(15,26))),(61,(4,76))),82),((86,51),56)))),((((2,74),62),(((57,(34,33)),(48,8)),27)),((44,50),79))),(((88,55),29),41)),(((((9,30),53),35),(39,64)),((67,(60,(22,47))),66))),73),11);
*** Subsample Process ***
Use two-step algorithm!
#NNI moves:0/152
Remaining: 0
#NNI moves:6/152
#NNI moves:6/152
((((((((((((((53,(30,9)),35),(64,39)),((((22,47),60),67),66)),(73,11)),(((88,55),29),41)),(((((8,48),((34,33),57)),27),(62,(2,74))),(79,(44,50)))),((((((89,(97,(100,98))),91),96),(95,92)),(94,((93,90),99))),((((((26,15),(((14,45),40),16)),36),(61,(4,76))),82),((51,86),56)))),(((((70,17),59),((19,69),(80,5))),((65,(7,85)),(32,12))),((((42,28),83),78),(38,63)))),(((87,((((21,((49,84),23)),20),31),68)),(((52,46),71),24)),(3,54))),((43,1),25)),((((81,10),6),13),((75,37),(77,72)))),58),18);
#NNI moves:0/152
Remaining: 0
#NNI moves:8/152
#NNI moves:8/152
(((((((((((59,(17,70)),((5,80),(19,69))),((65,(7,85)),(32,12))),((((28,42),83),78),(38,63))),((((58,18),((((81,10),6),13),((75,37),(77,72)))),((1,43),25)),(((((46,52),71),24),((68,((20,(((84,49),23),21)),31)),87)),(54,3)))),((((((((98,100),97),89),91),96),(95,92)),(94,((93,90),99))),(((((((40,(14,45)),16),(15,26)),36),((4,76),61)),82),(56,(86,51))))),(((62,(2,74)),(((48,8),(57,(34,33))),27)),(79,(44,50)))),(((55,88),29),41)),(((((30,9),53),35),(64,39)),((((22,47),60),67),66))),11),73);
#NNI moves:0/152
Remaining: 0
#NNI moves:6/152
#NNI moves:6/152
((((((((((((((((98,100),97),89),91),96),(95,92)),(94,(99,(90,93)))),((((((16,(40,(45,14))),(26,15)),36),((4,76),61)),82),((86,51),56))),((((((((9,30),53),35),(39,64)),((((22,47),60),67),66)),(11,73)),((29,(55,88)),41)),((((74,2),62),(((8,48),((34,33),57)),27)),((50,44),79)))),((((18,58),((13,((81,10),6)),((75,37),(72,77)))),((1,43),25)),((((68,(((21,((49,84),23)),20),31)),87),(((46,52),71),24)),(3,54)))),((63,38),(((28,42),83),78))),((12,32),((7,85),65))),((69,19),(5,80))),59),17),70);
#NNI moves:0/152
Remaining: 0
#NNI moves:0/152
#NNI moves:0/152
(((((((((((((68,((20,((23,(49,84)),21)),31)),87),(24,((52,46),71))),(54,3)),((((((81,10),6),13),((77,72),(75,37))),(18,58)),(25,(43,1)))),((((59,(70,17)),((80,5),(19,69))),((12,32),((85,7),65))),((63,38),((83,(42,28)),78)))),(((((36,(((40,(45,14)),16),(15,26))),((76,4),61)),82),(56,(51,86))),(((92,95),(((((100,98),97),89),91),96)),(((93,90),99),94)))),((((((33,34),57),(8,48)),27),((2,74),62)),(79,(50,44)))),((((39,64),((53,(30,9)),35)),((67,((47,22),60)),66)),(73,11))),41),29),55),88);
Current score: 9.6701e+08
Current tree: ((73,((((39,64),((53,(30,9)),35)),((67,((47,22),60)),66)),(((((((((68,((20,((23,(49,84)),21)),31)),87),(24,((52,46),71))),(54,3)),((((((81,10),6),13),((77,72),(75,37))),(18,58)),(25,(43,1)))),((((59,(70,17)),((80,5),(19,69))),((12,32),((85,7),65))),((63,38),((83,(42,28)),78)))),(((((36,(((40,(45,14)),16),(15,26))),((76,4),61)),82),(56,(51,86))),(((92,95),(((((100,98),97),89),91),96)),(((93,90),99),94)))),((((((33,34),57),(8,48)),27),((2,74),62)),(79,(50,44)))),(41,(29,(55,88)))))),11);
Final Tree: ((73,((((39,64),((53,(30,9)),35)),((67,((47,22),60)),66)),(((((((((68,((20,((23,(49,84)),21)),31)),87),(24,((52,46),71))),(54,3)),((((((81,10),6),13),((77,72),(75,37))),(18,58)),(25,(43,1)))),((((59,(70,17)),((80,5),(19,69))),((12,32),((85,7),65))),((63,38),((83,(42,28)),78)))),(((((36,(((40,(45,14)),16),(15,26))),((76,4),61)),82),(56,(51,86))),(((92,95),(((((100,98),97),89),91),96)),(((93,90),99),94)))),((((((33,34),57),(8,48)),27),((2,74),62)),(79,(50,44)))),(41,(29,(55,88)))))),11);
#EqQuartets: 1609514527
Score: 967010301
ASTRAL for PaRalogs and Orthologs III (ASTRAL-Pro3)
*** NOW with integrated CASTLES-Pro ***
Version: v1.22.3.6
Read 512 genetrees and found 100 species.
#Genetrees: 1000
#Duploss: 12535
#Species: 100
#Rounds: 4
#Samples: 4
#Threads: 1
Use two-step algorithm!
Guide Tree 0/16
#NNI moves:0/152
Guide Tree 1/16
#NNI moves:0/152
Guide Tree 2/16
#NNI moves:0/152
Guide Tree 3/16
#NNI moves:0/152
Guide Tree 4/16
#NNI moves:0/152
Guide Tree 5/16
#NNI moves:0/152
Guide Tree 6/16
#NNI moves:2/152
Guide Tree 7/16
#NNI moves:0/152
Guide Tree 8/16
#NNI moves:0/152
Guide Tree 9/16
#NNI moves:0/152
Guide Tree 10/16
#NNI moves:2/152
Guide Tree 11/16
#NNI moves:0/152
Guide Tree 12/16
#NNI moves:0/152
Guide Tree 13/16
#NNI moves:2/152
Guide Tree 14/16
#NNI moves:0/152
Guide Tree 15/16
#NNI moves:0/152
Remaining: 0
#NNI moves:2/152
#NNI moves:2/152
(((((((((((33,(65,97)),(54,((((89,43),35),71),90))),69),((12,77),84)),((((30,79),37),52),(60,47))),70),((((((((13,78),80),11),46),(95,(17,23))),((((57,20),22),81),((((59,68),100),63),(((66,7),10),86)))),(96,28)),((((((58,85),((82,(42,83)),41)),(21,98)),((50,(91,56)),(9,(74,75)))),((((((88,8),25),62),(27,55)),(((34,36),26),32)),19)),(87,53)))),(((((((67,61),(39,15)),(48,18)),((49,(51,40)),99)),((44,(45,64)),94)),(((24,16),(73,29)),72)),(((38,92),76),(31,(14,93))))),(1,5)),((4,2),6)),3);
Guide Tree 0/16
#NNI moves:0/152
Guide Tree 1/16
#NNI moves:2/152
Guide Tree 2/16
#NNI moves:0/152
Guide Tree 3/16
#NNI moves:0/152
Guide Tree 4/16
#NNI moves:0/152
Guide Tree 5/16
#NNI moves:0/152
Guide Tree 6/16
#NNI moves:0/152
Guide Tree 7/16
#NNI moves:0/152
Guide Tree 8/16
#NNI moves:0/152
Guide Tree 9/16
#NNI moves:0/152
Guide Tree 10/16
#NNI moves:0/152
Guide Tree 11/16
#NNI moves:0/152
Guide Tree 12/16
#NNI moves:0/152
Guide Tree 13/16
#NNI moves:2/152
Guide Tree 14/16
#NNI moves:0/152
Guide Tree 15/16
#NNI moves:0/152
Remaining: 0
#NNI moves:0/152
#NNI moves:0/152
((((((((((((((88,8),25),62),(55,27)),(32,((36,34),26))),19),((((((83,42),82),41),(85,58)),(21,98)),(((75,74),9),((91,56),50)))),(87,53)),(((((((13,78),80),11),46),((23,17),95)),((((57,20),22),81),(((100,(59,68)),63),((10,(7,66)),86)))),(28,96))),(((((((65,97),33),(((71,((43,89),35)),90),54)),69),((12,77),84)),((47,60),(52,((30,79),37)))),70)),(((((99,((51,40),49)),(((15,39),(67,61)),(48,18))),(((64,45),44),94)),(72,((73,29),(24,16)))),(((93,14),31),((92,38),76)))),(5,1)),((2,4),6)),3);
Guide Tree 0/16
#NNI moves:0/152
Guide Tree 1/16
#NNI moves:0/152
Guide Tree 2/16
#NNI moves:0/152
Guide Tree 3/16
#NNI moves:0/152
Guide Tree 4/16
#NNI moves:0/152
Guide Tree 5/16
#NNI moves:0/152
Guide Tree 6/16
#NNI moves:0/152
Guide Tree 7/16
#NNI moves:0/152
Guide Tree 8/16
#NNI moves:0/152
Guide Tree 9/16
#NNI moves:0/152
Guide Tree 10/16
#NNI moves:0/152
Guide Tree 11/16
#NNI moves:0/152
Guide Tree 12/16
#NNI moves:0/152
Guide Tree 13/16
#NNI moves:2/152
Guide Tree 14/16
#NNI moves:0/152
Guide Tree 15/16
#NNI moves:0/152
Remaining: 0
#NNI moves:2/152
#NNI moves:2/152
(((((((((((((66,7),10),86),(((59,68),100),63)),(((20,57),22),81)),((95,(23,17)),(((80,(78,13)),11),46))),(28,96)),((((((((88,8),25),62),(55,27)),((26,(34,36)),32)),19),((((56,91),50),(9,(74,75))),(((41,(82,(83,42))),(58,85)),(21,98)))),(53,87))),((((69,((((((43,89),35),71),90),54),((65,97),33))),(84,(12,77))),((47,60),(52,(37,(30,79))))),70)),(((((73,29),(16,24)),72),(((44,(64,45)),94),((99,(49,(51,40))),((48,18),((67,61),(39,15)))))),(((93,14),31),((38,92),76)))),(5,1)),((4,2),6)),3);
Guide Tree 0/16
#NNI moves:0/152
Guide Tree 1/16
#NNI moves:0/152
Guide Tree 2/16
#NNI moves:0/152
Guide Tree 3/16
#NNI moves:0/152
Guide Tree 4/16
#NNI moves:0/152
Guide Tree 5/16
#NNI moves:0/152
Guide Tree 6/16
#NNI moves:0/152
Guide Tree 7/16
#NNI moves:6/152
Guide Tree 8/16
#NNI moves:0/152
Guide Tree 9/16
#NNI moves:0/152
Guide Tree 10/16
#NNI moves:0/152
Guide Tree 11/16
#NNI moves:0/152
Guide Tree 12/16
#NNI moves:0/152
Guide Tree 13/16
#NNI moves:0/152
Guide Tree 14/16
#NNI moves:0/152
Guide Tree 15/16
#NNI moves:0/152
Remaining: 0
#NNI moves:18/152
#NNI moves:18/152
((((((((((45,64),44),94),(((18,48),((67,61),(15,39))),((49,(40,51)),99))),(((29,73),(24,16)),72)),((31,(14,93)),((38,92),76))),((((((((41,((42,83),82)),(58,85)),(98,21)),(((75,74),9),(50,(91,56)))),((((((8,88),25),62),(27,55)),(((34,36),26),32)),19)),(53,87)),((((((100,(59,68)),63),((10,(7,66)),86)),((22,(57,20)),81)),(((23,17),95),((((13,78),80),11),46))),(96,28))),((((60,47),(((30,79),37),52)),((69,((((((89,43),35),71),90),54),((65,97),33))),((77,12),84))),70))),(1,5)),((2,4),6)),3);
Initial score: 1.09382e+09
Initial tree: ((((((((((45,64),44),94),(((18,48),((67,61),(15,39))),((49,(40,51)),99))),(((29,73),(24,16)),72)),((31,(14,93)),((38,92),76))),((((((((41,((42,83),82)),(58,85)),(98,21)),(((75,74),9),(50,(91,56)))),((((((8,88),25),62),(27,55)),(((34,36),26),32)),19)),(53,87)),((((((100,(59,68)),63),((10,(7,66)),86)),((22,(57,20)),81)),(((23,17),95),((((13,78),80),11),46))),(96,28))),((((60,47),(((30,79),37),52)),((69,((((((89,43),35),71),90),54),((65,97),33))),((77,12),84))),70))),(1,5)),((2,4),6)),3);
*** Subsample Process ***
Use two-step algorithm!
#NNI moves:0/152
Remaining: 0
#NNI moves:0/152
#NNI moves:0/152
(((((((((((((((63,((68,59),100)),(86,(10,(66,7)))),(((57,20),22),81)),((95,(17,23)),((((78,13),80),11),46))),(28,96)),((((((((8,88),25),62),(55,27)),(((34,36),26),32)),19),(((9,(74,75)),((91,56),50)),(((((42,83),82),41),(58,85)),(21,98)))),(53,87))),((((69,((((((89,43),35),71),90),54),((97,65),33))),(84,(77,12))),((52,(37,(79,30))),(47,60))),70)),((((4,2),6),3),(1,5))),(((38,92),76),(31,(93,14)))),(((29,73),(24,16)),72)),(((64,45),44),94)),((49,(51,40)),99)),((67,61),(39,15))),18),48);
#NNI moves:0/152
Remaining: 0
#NNI moves:0/152
#NNI moves:0/152
((((((((((((((88,8),25),62),(55,27)),(((34,36),26),32)),19),((((75,74),9),(50,(91,56))),(((58,85),(((83,42),82),41)),(21,98)))),(53,87)),(((((((78,13),80),11),46),((17,23),95)),(((22,(20,57)),81),((((66,7),10),86),(((59,68),100),63)))),(96,28))),((((((((((89,43),35),71),90),54),(33,(65,97))),69),((12,77),84)),(((37,(79,30)),52),(47,60))),70)),((((((49,(40,51)),99),((18,48),((39,15),(61,67)))),(94,((64,45),44))),(((16,24),(73,29)),72)),(((92,38),76),((93,14),31)))),((6,(2,4)),3)),5),1);
#NNI moves:0/152
Remaining: 0
#NNI moves:8/152
#NNI moves:8/152
((((((((((((((((((49,(40,51)),99),(((61,67),(39,15)),(18,48))),((44,(64,45)),94)),(72,((29,73),(24,16)))),(((92,38),76),((93,14),31))),((((2,4),6),3),(5,1))),(((((12,77),84),(((((71,((43,89),35)),90),54),(33,(65,97))),69)),((((79,30),37),52),(47,60))),70)),(((((((78,13),80),11),46),((17,23),95)),((((57,20),22),81),((63,((59,68),100)),(((66,7),10),86)))),(28,96))),(53,87)),((((58,85),(41,((83,42),82))),(21,98)),((9,(75,74)),((91,56),50)))),19),(((36,34),26),32)),(27,55)),62),25),88),8);
#NNI moves:0/152
Remaining: 0
#NNI moves:16/152
#NNI moves:20/152
((((((((((((((57,20),22),81),(((10,(66,7)),86),(((59,68),100),63))),((((80,(78,13)),11),46),((17,23),95))),(96,28)),(((((21,98),(((82,(42,83)),41),(58,85))),(((56,91),50),((74,75),9))),(((((25,(88,8)),62),(27,55)),(((34,36),26),32)),19)),(87,53))),(((((37,(79,30)),52),(60,47)),((((((((43,89),35),71),90),54),(33,(97,65))),69),((12,77),84))),70)),(((((((67,61),(15,39)),(48,18)),(((51,40),49),99)),((44,(64,45)),94)),(((29,73),(16,24)),72)),(((14,93),31),((38,92),76)))),(5,1)),3),6),2),4);
Current score: 1.09382e+09
Current tree: ((((((((((((57,20),22),81),(((10,(66,7)),86),(((59,68),100),63))),((((80,(78,13)),11),46),((17,23),95))),(96,28)),(((((21,98),(((82,(42,83)),41),(58,85))),(((56,91),50),((74,75),9))),(((((25,(88,8)),62),(27,55)),(((34,36),26),32)),19)),(87,53))),(((((37,(79,30)),52),(60,47)),((((((((43,89),35),71),90),54),(33,(97,65))),69),((12,77),84))),70)),(((((((67,61),(15,39)),(48,18)),(((51,40),49),99)),((44,(64,45)),94)),(((29,73),(16,24)),72)),(((14,93),31),((38,92),76)))),(5,1)),(6,(2,4))),3);
Final Tree: ((((((((((((57,20),22),81),(((10,(66,7)),86),(((59,68),100),63))),((((80,(78,13)),11),46),((17,23),95))),(96,28)),(((((21,98),(((82,(42,83)),41),(58,85))),(((56,91),50),((74,75),9))),(((((25,(88,8)),62),(27,55)),(((34,36),26),32)),19)),(87,53))),(((((37,(79,30)),52),(60,47)),((((((((43,89),35),71),90),54),(33,(97,65))),69),((12,77),84))),70)),(((((((67,61),(15,39)),(48,18)),(((51,40),49),99)),((44,(64,45)),94)),(((29,73),(16,24)),72)),(((14,93),31),((38,92),76)))),(5,1)),(6,(2,4))),3);
#EqQuartets: 1703335593
Score: 1093820828
ASTRAL for PaRalogs and Orthologs III (ASTRAL-Pro3)
*** NOW with integrated CASTLES-Pro ***
Version: v1.22.3.6
Read 512 genetrees and found 100 species.
#Genetrees: 1000
#Duploss: 13042
#Species: 100
#Rounds: 4
#Samples: 4
#Threads: 1
Use two-step algorithm!
Guide Tree 0/16
#NNI moves:2/152
Guide Tree 1/16
#NNI moves:0/152
Guide Tree 2/16
#NNI moves:0/152
Guide Tree 3/16
#NNI moves:0/152
Guide Tree 4/16
#NNI moves:0/152
Guide Tree 5/16
#NNI moves:0/152
Guide Tree 6/16
#NNI moves:0/152
Guide Tree 7/16
#NNI moves:0/152
Guide Tree 8/16
#NNI moves:0/152
Guide Tree 9/16
#NNI moves:0/152
Guide Tree 10/16
#NNI moves:0/152
Guide Tree 11/16
#NNI moves:0/152
Guide Tree 12/16
#NNI moves:2/152
Guide Tree 13/16
#NNI moves:0/152
Guide Tree 14/16
#NNI moves:0/152
Guide Tree 15/16
#NNI moves:0/152
Remaining: 0
#NNI moves:30/152
#NNI moves:30/152
(((((((((((((22,32),(44,(12,(17,72)))),35),((9,((50,77),34)),((38,16),11))),((((89,69),((59,64),(29,76))),(62,(75,24))),(67,(((45,51),54),((40,53),39))))),(((((((60,33),(61,87)),88),(66,(((79,63),(85,3)),((21,78),71)))),81),((65,(((48,46),28),2)),((52,82),(25,47)))),(((((((56,31),20),(27,90)),((70,5),(41,14))),(42,83)),37),((((93,96),99),((94,(100,95)),97)),98)))),(((((18,19),(92,15)),4),(86,68)),74)),1),(((((((58,80),91),(57,8)),6),23),((55,36),7)),49)),(73,26)),(13,43)),(84,10)),30);
Guide Tree 0/16
#NNI moves:0/152
Guide Tree 1/16
#NNI moves:0/152
Guide Tree 2/16
#NNI moves:0/152
Guide Tree 3/16
#NNI moves:0/152
Guide Tree 4/16
#NNI moves:0/152
Guide Tree 5/16
#NNI moves:2/152
Guide Tree 6/16
#NNI moves:2/152
Guide Tree 7/16
#NNI moves:0/152
Guide Tree 8/16
#NNI moves:0/152
Guide Tree 9/16
#NNI moves:0/152
Guide Tree 10/16
#NNI moves:0/152
Guide Tree 11/16
#NNI moves:0/152
Guide Tree 12/16
#NNI moves:0/152
Guide Tree 13/16
#NNI moves:0/152
Guide Tree 14/16
#NNI moves:0/152
Guide Tree 15/16
#NNI moves:0/152
Remaining: 0
#NNI moves:16/152
#NNI moves:16/152
(((((((((((((((61,87),(33,60)),88),((((78,21),71),((63,79),(3,85))),66)),81),(((((46,48),28),2),65),((82,52),(25,47)))),(((((93,96),99),(((95,100),94),97)),98),(((((5,70),(14,41)),((90,27),((56,31),20))),(83,42)),37))),(((((89,69),((29,76),(64,59))),((24,75),62)),(((54,(51,45)),((40,53),39)),67)),(((11,(38,16)),(((77,50),34),9)),(((((17,72),12),44),(32,22)),35)))),(((((19,18),(15,92)),4),(68,86)),74)),1),(((23,(((57,8),((58,80),91)),6)),((36,55),7)),49)),(73,26)),(13,43)),(84,10)),30);
Guide Tree 0/16
#NNI moves:0/152
Guide Tree 1/16
#NNI moves:0/152
Guide Tree 2/16
#NNI moves:0/152
Guide Tree 3/16
#NNI moves:0/152
Guide Tree 4/16
#NNI moves:0/152
Guide Tree 5/16
#NNI moves:0/152
Guide Tree 6/16
#NNI moves:0/152
Guide Tree 7/16
#NNI moves:0/152
Guide Tree 8/16
#NNI moves:0/152
Guide Tree 9/16
#NNI moves:0/152
Guide Tree 10/16
#NNI moves:0/152
Guide Tree 11/16
#NNI moves:0/152
Guide Tree 12/16
#NNI moves:0/152
Guide Tree 13/16
#NNI moves:0/152
Guide Tree 14/16
#NNI moves:0/152
Guide Tree 15/16
#NNI moves:0/152
Remaining: 0
#NNI moves:16/152
#NNI moves:16/152
((((((((((((((40,53),39),((45,51),54)),67),(((24,75),62),(((59,64),(29,76)),(89,69)))),(((((77,50),34),9),((16,38),11)),(((((17,72),12),44),(32,22)),35))),(((((97,((100,95),94)),(99,(93,96))),98),(((((20,(31,56)),(27,90)),((5,70),(41,14))),(83,42)),37)),(((((28,(46,48)),2),65),((25,47),(82,52))),(81,((((33,60),(61,87)),88),(66,(((21,78),71),((79,63),(85,3))))))))),(((((92,15),(19,18)),4),(86,68)),74)),1),((((6,((57,8),(91,(80,58)))),23),((36,55),7)),49)),(73,26)),(43,13)),(84,10)),30);
Guide Tree 0/16
#NNI moves:2/152
Guide Tree 1/16
#NNI moves:0/152
Guide Tree 2/16
#NNI moves:2/152
Guide Tree 3/16
#NNI moves:0/152
Guide Tree 4/16
#NNI moves:0/152
Guide Tree 5/16
#NNI moves:0/152
Guide Tree 6/16
#NNI moves:6/152
Guide Tree 7/16
#NNI moves:0/152
Guide Tree 8/16
#NNI moves:2/152
Guide Tree 9/16
#NNI moves:0/152
Guide Tree 10/16
#NNI moves:0/152
Guide Tree 11/16
#NNI moves:2/152
Guide Tree 12/16
#NNI moves:0/152
Guide Tree 13/16
#NNI moves:0/152
Guide Tree 14/16
#NNI moves:2/152
Guide Tree 15/16
#NNI moves:0/152
Remaining: 0
#NNI moves:10/152
#NNI moves:16/152
(((((((((((((((20,(56,31)),(27,90)),((70,5),(41,14))),(83,42)),37),(((99,(93,96)),((94,(95,100)),97)),98)),(((((((3,85),(79,63)),((21,78),71)),66),(88,((33,60),(61,87)))),81),(((((46,48),28),2),65),((52,82),(25,47))))),(((((39,(40,53)),((45,51),54)),67),((((76,29),(59,64)),(89,69)),((75,24),62))),((((44,(12,(72,17))),(32,22)),35),((11,(16,38)),(9,((77,50),34)))))),(((((15,92),(18,19)),4),(68,86)),74)),1),((((36,55),7),((((91,(80,58)),(8,57)),6),23)),49)),(26,73)),(43,13)),(84,10)),30);
Initial score: 1.07329e+09
Initial tree: (((((((((((((((20,(56,31)),(27,90)),((70,5),(41,14))),(83,42)),37),(((99,(93,96)),((94,(95,100)),97)),98)),(((((((3,85),(79,63)),((21,78),71)),66),(88,((33,60),(61,87)))),81),(((((46,48),28),2),65),((52,82),(25,47))))),(((((39,(40,53)),((45,51),54)),67),((((76,29),(59,64)),(89,69)),((75,24),62))),((((44,(12,(72,17))),(32,22)),35),((11,(16,38)),(9,((77,50),34)))))),(((((15,92),(18,19)),4),(68,86)),74)),1),((((36,55),7),((((91,(80,58)),(8,57)),6),23)),49)),(26,73)),(43,13)),(84,10)),30);
*** Subsample Process ***
Use two-step algorithm!
#NNI moves:0/152
Remaining: 3
#NNI moves:10/152
#NNI moves:10/152
(((((((((((((((50,77),34),9),((16,38),11)),(((((72,17),12),44),(32,22)),35)),((((24,75),62),(((59,64),(76,29)),(69,89))),(((39,(53,40)),(54,(45,51))),67))),(((((((6,((57,8),((58,80),91))),23),(7,(55,36))),49),((((84,10),30),(43,13)),(26,73))),1),(((((18,19),(15,92)),4),(86,68)),74))),(((((((21,78),71),((63,79),(3,85))),66),(88,((33,60),(87,61)))),81),(((((48,46),28),2),65),((25,47),(82,52))))),((((93,96),99),(((100,95),94),97)),98)),37),(83,42)),((41,14),(5,70))),(27,90)),(56,31)),20);
#NNI moves:0/152
Remaining: 0
#NNI moves:6/152
#NNI moves:12/152
(((((((((((((((59,64),(29,76)),(89,69)),((24,75),62)),((((51,45),54),((53,40),39)),67)),((((16,38),11),(((50,77),34),9)),(((((17,72),12),44),(22,32)),35))),(((((((14,41),(5,70)),(((56,31),20),(27,90))),(83,42)),37),(((99,(96,93)),(97,((100,95),94))),98)),(((((((3,85),(63,79)),(71,(21,78))),66),(((33,60),(61,87)),88)),81),(((25,47),(52,82)),((((48,46),28),2),65))))),(((((18,19),(92,15)),4),(68,86)),74)),1),(((((((58,80),91),(8,57)),6),23),((55,36),7)),49)),(73,26)),(13,43)),30),10),84);
#NNI moves:0/152
Remaining: 0
#NNI moves:6/152
#NNI moves:6/152
((((((((((((((((31,56),20),(90,27)),((14,41),(5,70))),(42,83)),37),((((93,96),99),(((95,100),94),97)),98)),(((((((79,63),(85,3)),(71,(78,21))),66),(((33,60),(61,87)),88)),81),(((52,82),(25,47)),((((48,46),28),2),65)))),((((((((((80,58),91),(8,57)),6),23),((36,55),7)),49),(((13,43),(30,(84,10))),(73,26))),1),(((86,68),(4,((19,18),(92,15)))),74))),((((((72,17),12),44),(32,22)),35),((((77,50),34),9),((16,38),11)))),(((54,(51,45)),(39,(40,53))),67)),((75,24),62)),(89,69)),(76,29)),64),59);
#NNI moves:0/152
Remaining: 0
#NNI moves:4/152
#NNI moves:4/152
(((((((((((((((70,5),(41,14)),(((56,31),20),(90,27))),(83,42)),37),((((93,96),99),((94,(100,95)),97)),98)),(((((((78,21),71),((79,63),(85,3))),66),(88,((87,61),(60,33)))),81),(((2,((48,46),28)),65),((52,82),(25,47))))),((((((12,(17,72)),44),(32,22)),35),(((34,(50,77)),9),((38,16),11))),(((((51,45),54),(39,(40,53))),67),(((75,24),62),((69,89),((76,29),(64,59))))))),(((((92,15),(18,19)),4),(68,86)),74)),1),((((36,55),7),((6,(((80,58),91),(57,8))),23)),49)),(26,73)),((10,84),30)),43),13);
Current score: 1.07329e+09
Current tree: (((10,84),(((((((((((((70,5),(41,14)),(((56,31),20),(90,27))),(83,42)),37),((((93,96),99),((94,(100,95)),97)),98)),(((((((78,21),71),((79,63),(85,3))),66),(88,((87,61),(60,33)))),81),(((2,((48,46),28)),65),((52,82),(25,47))))),((((((12,(17,72)),44),(32,22)),35),(((34,(50,77)),9),((38,16),11))),(((((51,45),54),(39,(40,53))),67),(((75,24),62),((69,89),((76,29),(64,59))))))),(((((92,15),(18,19)),4),(68,86)),74)),1),((((36,55),7),((6,(((80,58),91),(57,8))),23)),49)),(26,73)),(43,13))),30);
Final Tree: (((10,84),(((((((((((((70,5),(41,14)),(((56,31),20),(90,27))),(83,42)),37),((((93,96),99),((94,(100,95)),97)),98)),(((((((78,21),71),((79,63),(85,3))),66),(88,((87,61),(60,33)))),81),(((2,((48,46),28)),65),((52,82),(25,47))))),((((((12,(17,72)),44),(32,22)),35),(((34,(50,77)),9),((38,16),11))),(((((51,45),54),(39,(40,53))),67),(((75,24),62),((69,89),((76,29),(64,59))))))),(((((92,15),(18,19)),4),(68,86)),74)),1),((((36,55),7),((6,(((80,58),91),(57,8))),23)),49)),(26,73)),(43,13))),30);
#EqQuartets: 1719646445
Score: 1073294926
ASTRAL for PaRalogs and Orthologs III (ASTRAL-Pro3)
*** NOW with integrated CASTLES-Pro ***
Version: v1.22.3.6
Read 512 genetrees and found 100 species.
#Genetrees: 1000
#Duploss: 13482
#Species: 100
#Rounds: 4
#Samples: 4
#Threads: 1
Use two-step algorithm!
Guide Tree 0/16
#NNI moves:0/152
Guide Tree 1/16
#NNI moves:0/152
Guide Tree 2/16
#NNI moves:0/152
Guide Tree 3/16
#NNI moves:0/152
Guide Tree 4/16
#NNI moves:0/152
Guide Tree 5/16
#NNI moves:2/152
Guide Tree 6/16
#NNI moves:0/152
Guide Tree 7/16
#NNI moves:0/152
Guide Tree 8/16
#NNI moves:0/152
Guide Tree 9/16
#NNI moves:2/152
Guide Tree 10/16
#NNI moves:2/152
Guide Tree 11/16
#NNI moves:0/152
Guide Tree 12/16
#NNI moves:6/152
Guide Tree 13/16
#NNI moves:0/152
Guide Tree 14/16
#NNI moves:0/152
Guide Tree 15/16
#NNI moves:0/152
Remaining: 0
#NNI moves:10/152
#NNI moves:10/152
(((((((((((((((((96,(78,94)),86),((23,30),((28,71),33))),63),(((16,((11,9),2)),((13,8),(10,4))),(((((3,1),12),(7,15)),14),(6,5)))),((((56,47),(((76,27),83),((46,(64,82)),42))),(((84,25),89),((66,17),54))),(31,32))),((((((50,68),(98,29)),38),81),((74,(26,((75,93),53))),24)),((((51,21),(90,35)),((39,37),73)),45))),((((72,77),((52,48),20)),(61,55)),(87,58))),((80,43),34)),(60,100)),(((97,(85,91)),79),18)),92),(((((22,19),95),(69,(59,36))),(99,49)),((((40,65),44),62),41))),88),67),70),57);
Guide Tree 0/16
#NNI moves:0/152
Guide Tree 1/16
#NNI moves:0/152
Guide Tree 2/16
#NNI moves:0/152
Guide Tree 3/16
#NNI moves:0/152
Guide Tree 4/16
#NNI moves:0/152
Guide Tree 5/16
#NNI moves:0/152
Guide Tree 6/16
#NNI moves:0/152
Guide Tree 7/16
#NNI moves:0/152
Guide Tree 8/16
#NNI moves:0/152
Guide Tree 9/16
#NNI moves:0/152
Guide Tree 10/16
#NNI moves:0/152
Guide Tree 11/16
#NNI moves:0/152
Guide Tree 12/16
#NNI moves:0/152
Guide Tree 13/16
#NNI moves:2/152
Guide Tree 14/16
#NNI moves:0/152
Guide Tree 15/16
#NNI moves:0/152
Remaining: 0
#NNI moves:6/152
#NNI moves:6/152
((((((((((((((((47,56),((83,(27,76)),(42,((64,82),46)))),(((66,17),54),(89,(84,25)))),(32,31)),((((((9,11),2),16),((10,4),(8,13))),((((15,7),(12,(1,3))),14),(6,5))),((((96,(94,78)),86),((33,(71,28)),(30,23))),63))),(((((((93,75),53),26),74),24),((((68,50),(29,98)),38),81)),(((73,(39,37)),((90,35),(51,21))),45))),((87,58),((((48,52),20),(72,77)),(61,55)))),((43,80),34)),(60,100)),(((97,(85,91)),79),18)),92),(((((22,19),95),(69,(59,36))),(99,49)),((((65,40),44),62),41))),88),67),70),57);
Guide Tree 0/16
#NNI moves:0/152
Guide Tree 1/16
#NNI moves:2/152
Guide Tree 2/16
#NNI moves:0/152
Guide Tree 3/16
#NNI moves:0/152
Guide Tree 4/16
#NNI moves:0/152
Guide Tree 5/16
#NNI moves:0/152
Guide Tree 6/16
#NNI moves:2/152
Guide Tree 7/16
#NNI moves:0/152
Guide Tree 8/16
#NNI moves:0/152
Guide Tree 9/16
#NNI moves:0/152
Guide Tree 10/16
#NNI moves:0/152
Guide Tree 11/16
#NNI moves:0/152
Guide Tree 12/16
#NNI moves:0/152
Guide Tree 13/16
#NNI moves:0/152
Guide Tree 14/16
#NNI moves:2/152
Guide Tree 15/16
#NNI moves:0/152
Remaining: 0
#NNI moves:8/152
#NNI moves:8/152
(((((((((((((((((((1,3),12),(15,7)),14),(6,5)),(((13,8),(4,10)),(((9,11),2),16))),(((((28,71),33),(23,30)),(((78,94),96),86)),63)),((31,32),((((84,25),89),(54,(17,66))),((47,56),(((46,(64,82)),42),((76,27),83)))))),(((((90,35),(51,21)),((37,39),73)),45),((((((93,75),53),26),74),24),((((98,29),(50,68)),38),81)))),((58,87),((55,61),(((52,48),20),(72,77))))),((43,80),34)),(60,100)),(((97,(85,91)),79),18)),92),((((95,(22,19)),((59,36),69)),(49,99)),((62,((40,65),44)),41))),88),67),70),57);
Guide Tree 0/16
#NNI moves:0/152
Guide Tree 1/16
#NNI moves:0/152
Guide Tree 2/16
#NNI moves:0/152
Guide Tree 3/16
#NNI moves:2/152
Guide Tree 4/16
#NNI moves:0/152
Guide Tree 5/16
#NNI moves:0/152
Guide Tree 6/16
#NNI moves:0/152
Guide Tree 7/16
#NNI moves:0/152
Guide Tree 8/16
#NNI moves:0/152
Guide Tree 9/16
#NNI moves:0/152
Guide Tree 10/16
#NNI moves:2/152
Guide Tree 11/16
#NNI moves:0/152
Guide Tree 12/16
#NNI moves:0/152
Guide Tree 13/16
#NNI moves:0/152
Guide Tree 14/16
#NNI moves:2/152
Guide Tree 15/16
#NNI moves:0/152
Remaining: 0
#NNI moves:8/152
#NNI moves:8/152
(((((((((((((((((29,98),(50,68)),38),81),(24,((26,((75,93),53)),74))),((((37,39),73),((90,35),(51,21))),45)),((((((2,(9,11)),16),((8,13),(10,4))),((5,6),(((15,7),((3,1),12)),14))),(((86,(96,(78,94))),((30,23),(33,(28,71)))),63)),((((54,(66,17)),((84,25),89)),((((76,27),83),((46,(82,64)),42)),(47,56))),(31,32)))),((((20,(48,52)),(72,77)),(61,55)),(58,87))),(34,(80,43))),(60,100)),((((85,91),97),79),18)),92),(((49,99),((69,(59,36)),((22,19),95))),((((40,65),44),62),41))),88),67),70),57);
Initial score: 1.03114e+09
Initial tree: (((((((((((((((((29,98),(50,68)),38),81),(24,((26,((75,93),53)),74))),((((37,39),73),((90,35),(51,21))),45)),((((((2,(9,11)),16),((8,13),(10,4))),((5,6),(((15,7),((3,1),12)),14))),(((86,(96,(78,94))),((30,23),(33,(28,71)))),63)),((((54,(66,17)),((84,25),89)),((((76,27),83),((46,(82,64)),42)),(47,56))),(31,32)))),((((20,(48,52)),(72,77)),(61,55)),(58,87))),(34,(80,43))),(60,100)),((((85,91),97),79),18)),92),(((49,99),((69,(59,36)),((22,19),95))),((((40,65),44),62),41))),88),67),70),57);
*** Subsample Process ***
Use two-step algorithm!
#NNI moves:0/152
Remaining: 0
#NNI moves:2/152
#NNI moves:2/152
((((((((((((((((1,3),12),(15,7)),14),(6,5)),((((9,11),2),16),((8,13),(4,10)))),(((((71,28),33),(30,23)),(((78,94),96),86)),63)),(((((84,25),89),((17,66),54)),((((46,(64,82)),42),((27,76),83)),(47,56))),(31,32))),(((((((((((22,19),95),(69,(36,59))),(49,99)),((62,((40,65),44)),41)),(88,((70,57),67))),92),((((85,91),97),79),18)),(60,100)),((80,43),34)),((58,87),(((77,72),((48,52),20)),(55,61))))),((((21,51),(35,90)),((37,39),73)),45)),((74,((53,(75,93)),26)),24)),81),38),(98,29)),68),50);
#NNI moves:0/152
Remaining: 0
#NNI moves:8/152
#NNI moves:8/152
((((((((((((((((78,94),96),86),(((28,71),33),(30,23))),63),(((((11,9),2),16),((13,8),(4,10))),(((((1,3),12),(15,7)),14),(6,5)))),((((((46,(82,64)),42),((27,76),83)),(56,47)),((54,(66,17)),(89,(25,84)))),(31,32))),(((((39,37),73),((51,21),(35,90))),45),((81,(((29,98),(68,50)),38)),((((53,(93,75)),26),74),24)))),((((77,72),((48,52),20)),(55,61)),(87,58))),((43,80),34)),(100,60)),(((97,(85,91)),79),18)),92),(((((36,59),69),(95,(19,22))),(99,49)),((((40,65),44),62),41))),(67,(70,57))),88);
#NNI moves:0/152
Remaining: 2
#NNI moves:2/152
#NNI moves:8/152
(((((((((((((((((78,94),96),86),((30,23),(33,(28,71)))),63),(((((11,9),2),16),((10,4),(13,8))),((14,(((3,1),12),(7,15))),(6,5)))),((((((46,(82,64)),42),((76,27),83)),(56,47)),(((25,84),89),((17,66),54))),(32,31))),((((73,(37,39)),((21,51),(90,35))),45),((((((75,93),53),26),74),24),((((50,68),(29,98)),38),81)))),((((72,77),((48,52),20)),(61,55)),(87,58))),((80,43),34)),(60,100)),((((85,91),97),79),18)),92),(((((22,19),95),(69,(36,59))),(49,99)),((((40,65),44),62),41))),88),(57,70)),67);
#NNI moves:0/152
Remaining: 0
#NNI moves:6/152
#NNI moves:6/152
(((((((((((((((((((22,19),95),((59,36),69)),(99,49)),((((40,65),44),62),41)),((67,(70,57)),88)),92),((79,((91,85),97)),18)),(100,60)),(34,(43,80))),(((55,61),((20,(48,52)),(72,77))),(87,58))),(((((37,39),73),((51,21),(90,35))),45),(((((53,(75,93)),26),74),24),((((50,68),(98,29)),38),81)))),(((((83,(76,27)),(((64,82),46),42)),(56,47)),(((84,25),89),(54,(17,66)))),(31,32))),(((14,(((3,1),12),(7,15))),(6,5)),(((2,(9,11)),16),((13,8),(10,4))))),63),(((94,78),96),86)),((71,28),33)),23),30);
Current score: 1.03114e+09
Current tree: ((70,(67,(88,((((((22,19),95),((59,36),69)),(99,49)),((((40,65),44),62),41)),(92,(((79,((91,85),97)),18),((100,60),((34,(43,80)),((((55,61),((20,(48,52)),(72,77))),(87,58)),((((((37,39),73),((51,21),(90,35))),45),(((((53,(75,93)),26),74),24),((((50,68),(98,29)),38),81))),((((((83,(76,27)),(((64,82),46),42)),(56,47)),(((84,25),89),(54,(17,66)))),(31,32)),((((14,(((3,1),12),(7,15))),(6,5)),(((2,(9,11)),16),((13,8),(10,4)))),(63,((((94,78),96),86),(((71,28),33),(23,30)))))))))))))))),57);
Final Tree: ((70,(67,(88,((((((22,19),95),((59,36),69)),(99,49)),((((40,65),44),62),41)),(92,(((79,((91,85),97)),18),((100,60),((34,(43,80)),((((55,61),((20,(48,52)),(72,77))),(87,58)),((((((37,39),73),((51,21),(90,35))),45),(((((53,(75,93)),26),74),24),((((50,68),(98,29)),38),81))),((((((83,(76,27)),(((64,82),46),42)),(56,47)),(((84,25),89),(54,(17,66)))),(31,32)),((((14,(((3,1),12),(7,15))),(6,5)),(((2,(9,11)),16),((13,8),(10,4)))),(63,((((94,78),96),86),(((71,28),33),(23,30)))))))))))))))),57);
#EqQuartets: 1642382740
Score: 1031139993
ASTRAL for PaRalogs and Orthologs III (ASTRAL-Pro3)
*** NOW with integrated CASTLES-Pro ***
Version: v1.22.3.6
Read 512 genetrees and found 100 species.
#Genetrees: 991
#Duploss: 14525
#Species: 100
#Rounds: 4
#Samples: 4
#Threads: 1
Use two-step algorithm!
Guide Tree 0/16
#NNI moves:0/152
Guide Tree 1/16
#NNI moves:0/152
Guide Tree 2/16
#NNI moves:2/152
Guide Tree 3/16
#NNI moves:0/152
Guide Tree 4/16
#NNI moves:0/152
Guide Tree 5/16
#NNI moves:0/152
Guide Tree 6/16
#NNI moves:0/152
Guide Tree 7/16
#NNI moves:2/152
Guide Tree 8/16
#NNI moves:0/152
Guide Tree 9/16
#NNI moves:0/152
Guide Tree 10/16
#NNI moves:0/152
Guide Tree 11/16
#NNI moves:0/152
Guide Tree 12/16
#NNI moves:6/152
Guide Tree 13/16
#NNI moves:0/152
Guide Tree 14/16
#NNI moves:0/152
Guide Tree 15/16
#NNI moves:0/152
Remaining: 0
#NNI moves:12/152
#NNI moves:16/152
(((((((((((((56,55),18),(71,70)),(((96,39),72),(41,21))),((25,((37,27),((33,42),(49,62)))),16)),(13,20)),(((((73,87),30),(43,64)),((51,47),79)),(97,(93,22)))),(((8,46),57),59)),((((((((92,45),4),91),26),100),78),(((83,68),44),(29,(67,32)))),((((86,84),66),(81,76)),((11,(19,(60,(61,7)))),(((85,35),((36,99),75)),((23,5),(9,74))))))),(((94,88),(28,95)),10)),(((3,1),2),(((24,69),((89,82),(48,52))),((65,(77,12)),(98,(((53,58),50),6)))))),((((17,80),(31,38)),63),((90,(40,54)),(34,14)))),15);
Guide Tree 0/16
#NNI moves:0/152
Guide Tree 1/16
#NNI moves:0/152
Guide Tree 2/16
#NNI moves:4/152
Guide Tree 3/16
#NNI moves:0/152
Guide Tree 4/16
#NNI moves:2/152
Guide Tree 5/16
#NNI moves:6/152
Guide Tree 6/16
#NNI moves:0/152
Guide Tree 7/16
#NNI moves:0/152
Guide Tree 8/16
#NNI moves:2/152
Guide Tree 9/16
#NNI moves:0/152
Guide Tree 10/16
#NNI moves:2/152
Guide Tree 11/16
#NNI moves:2/152
Guide Tree 12/16
#NNI moves:2/152
Guide Tree 13/16
#NNI moves:0/152
Guide Tree 14/16
#NNI moves:2/152
Guide Tree 15/16
#NNI moves:2/152
Remaining: 0
#NNI moves:8/152
#NNI moves:12/152
(((((((((((((39,96),72),(21,41)),(((55,56),18),(71,70))),((((27,37),((42,33),(49,62))),25),16)),(13,20)),((((47,51),79),((30,(73,87)),(64,43))),(97,(93,22)))),(((8,46),57),59)),((((((91,(4,(45,92))),26),100),78),(((32,67),29),((68,83),44))),(((66,(86,84)),(81,76)),(((19,((61,7),60)),11),(((75,(36,99)),(85,35)),((74,9),(5,23))))))),(((94,88),(28,95)),10)),(((((48,52),(89,82)),(69,24)),((((50,(53,58)),6),98),((77,12),65))),((3,1),2))),((((17,80),(38,31)),63),((90,(40,54)),(14,34)))),15);
Guide Tree 0/16
#NNI moves:2/152
Guide Tree 1/16
#NNI moves:0/152
Guide Tree 2/16
#NNI moves:8/152
Guide Tree 3/16
#NNI moves:0/152
Guide Tree 4/16
#NNI moves:0/152
Guide Tree 5/16
#NNI moves:0/152
Guide Tree 6/16
#NNI moves:0/152
Guide Tree 7/16
#NNI moves:0/152
Guide Tree 8/16
#NNI moves:0/152
Guide Tree 9/16
#NNI moves:0/152
Guide Tree 10/16
#NNI moves:0/152
Guide Tree 11/16
#NNI moves:0/152
Guide Tree 12/16
#NNI moves:0/152
Guide Tree 13/16
#NNI moves:2/152
Guide Tree 14/16
#NNI moves:0/152
Guide Tree 15/16
#NNI moves:6/152
Remaining: 0
#NNI moves:10/152
#NNI moves:10/152
((((((((((((36,99),75),(35,85)),((23,5),(9,74))),(11,(((61,7),60),19))),((76,81),((86,84),66))),((((26,(91,(4,(45,92)))),100),78),(((68,83),44),((67,32),29)))),((((((25,((27,37),((62,49),(42,33)))),16),((((56,55),18),(71,70)),(((39,96),72),(41,21)))),(13,20)),(((((73,87),30),(64,43)),((47,51),79)),(97,(93,22)))),(59,((46,8),57)))),(((88,94),(95,28)),10)),(((((48,52),(82,89)),(24,69)),(((((53,58),50),6),98),((12,77),65))),((1,3),2))),(((90,(54,40)),(34,14)),(63,((38,31),(17,80))))),15);
Guide Tree 0/16
#NNI moves:2/152
Guide Tree 1/16
#NNI moves:0/152
Guide Tree 2/16
#NNI moves:2/152
Guide Tree 3/16
#NNI moves:0/152
Guide Tree 4/16
#NNI moves:0/152
Guide Tree 5/16
#NNI moves:2/152
Guide Tree 6/16
#NNI moves:0/152
Guide Tree 7/16
#NNI moves:0/152
Guide Tree 8/16
#NNI moves:2/152
Guide Tree 9/16
#NNI moves:0/152
Guide Tree 10/16
#NNI moves:0/152
Guide Tree 11/16
#NNI moves:0/152
Guide Tree 12/16
#NNI moves:0/152
Guide Tree 13/16
#NNI moves:2/152
Guide Tree 14/16
#NNI moves:0/152
Guide Tree 15/16
#NNI moves:2/152
Remaining: 0
#NNI moves:8/152
#NNI moves:8/152
((((((((((((7,61),60),19),11),(((9,74),(5,23)),((85,35),((36,99),75)))),(((86,84),66),(81,76))),(((((((45,92),4),91),26),100),78),(((68,83),44),((67,32),29)))),(((((((((62,49),(33,42)),(37,27)),25),16),(((41,21),((96,39),72)),((70,71),((55,56),18)))),(20,13)),((((51,47),79),(((73,87),30),(64,43))),(97,(93,22)))),((57,(8,46)),59))),(((94,88),(28,95)),10)),(((((89,82),(52,48)),(24,69)),(((((58,53),50),6),98),((77,12),65))),((3,1),2))),((((54,40),90),(34,14)),(((17,80),(31,38)),63))),15);
Initial score: 9.20727e+08
Initial tree: ((((((((((((7,61),60),19),11),(((9,74),(5,23)),((85,35),((36,99),75)))),(((86,84),66),(81,76))),(((((((45,92),4),91),26),100),78),(((68,83),44),((67,32),29)))),(((((((((62,49),(33,42)),(37,27)),25),16),(((41,21),((96,39),72)),((70,71),((55,56),18)))),(20,13)),((((51,47),79),(((73,87),30),(64,43))),(97,(93,22)))),((57,(8,46)),59))),(((94,88),(28,95)),10)),(((((89,82),(52,48)),(24,69)),(((((58,53),50),6),98),((77,12),65))),((3,1),2))),((((54,40),90),(34,14)),(((17,80),(31,38)),63))),15);
*** Subsample Process ***
Use two-step algorithm!
#NNI moves:0/152
Remaining: 0
#NNI moves:4/152
#NNI moves:20/152
((((((((((((((((41,21),((39,96),72)),((70,71),(18,(55,56)))),((25,(((33,42),(49,62)),(37,27))),16)),(20,13)),((((51,47),79),(((73,87),30),(64,43))),((22,93),97))),(59,((46,8),57))),((((94,88),(28,95)),10),((((((54,40),90),(34,14)),(((38,31),(17,80)),63)),15),((((98,(6,((53,58),50))),(65,(77,12))),(((48,52),(82,89)),(24,69))),((1,3),2))))),((((83,68),44),(29,(32,67))),(((26,(91,(4,(92,45)))),100),78))),(((86,84),66),(76,81))),((((99,36),75),(85,35)),((5,23),(9,74)))),11),19),60),7),61);
#NNI moves:6/152
Remaining: 2
#NNI moves:14/152
#NNI moves:16/152
(((((((((((((((41,21),(72,(96,39))),((71,70),((55,56),18))),(((((49,62),(42,33)),(27,37)),25),16)),(20,13)),((((51,47),79),((30,(87,73)),(64,43))),((22,93),97))),(59,((8,46),57))),((((((5,23),(74,9)),((35,85),((99,36),75))),(((60,(7,61)),19),11)),((76,81),(66,(84,86)))),((((83,68),44),(29,(67,32))),((((91,((92,45),4)),26),100),78)))),(((95,28),(88,94)),10)),(((((77,12),65),(98,(6,((53,58),50)))),((24,69),((82,89),(48,52)))),((1,3),2))),15),(((38,31),(80,17)),63)),(34,14)),(40,54)),90);
#NNI moves:2/152
Remaining: 0
#NNI moves:10/152
#NNI moves:12/152
((((((((((((((((12,77),65),(((50,(53,58)),6),98)),((24,69),((52,48),(89,82)))),(2,(3,1))),(((((31,38),(17,80)),63),(((54,40),90),(34,14))),15)),(((94,88),(95,28)),10)),((((((5,23),(9,74)),((75,(36,99)),(85,35))),((19,((7,61),60)),11)),(((84,86),66),(81,76))),((((26,(((92,45),4),91)),100),78),(((67,32),29),((68,83),44))))),(((46,8),57),59)),((((51,47),79),(((87,73),30),(64,43))),((22,93),97))),(13,20)),(((((62,49),(42,33)),(37,27)),25),16)),((70,71),(18,(55,56)))),(72,(96,39))),21),41);
#NNI moves:0/152
Remaining: 0
#NNI moves:8/152
#NNI moves:8/152
((((((((((((((26,(((45,92),4),91)),100),78),(((32,67),29),(44,(68,83)))),(((((35,85),(75,(36,99))),((23,5),(9,74))),((((61,7),60),19),11)),(((86,84),66),(81,76)))),(((((93,22),97),(((51,47),79),(((73,87),30),(43,64)))),((13,20),(((((56,55),18),(71,70)),((21,41),(72,(39,96)))),(((((49,62),(33,42)),(27,37)),25),16)))),(59,(57,(46,8))))),(((94,88),(28,95)),10)),(((((((53,58),50),6),98),((77,12),65)),(((52,48),(82,89)),(24,69))),((1,3),2))),15),(((31,38),(80,17)),63)),(34,14)),90),54),40);
Current score: 9.20727e+08
Current tree: ((((((((((26,(((45,92),4),91)),100),78),(((32,67),29),(44,(68,83)))),(((((35,85),(75,(36,99))),((23,5),(9,74))),((((61,7),60),19),11)),(((86,84),66),(81,76)))),(((((93,22),97),(((51,47),79),(((73,87),30),(43,64)))),((13,20),(((((56,55),18),(71,70)),((21,41),(72,(39,96)))),(((((49,62),(33,42)),(27,37)),25),16)))),(59,(57,(46,8))))),(((94,88),(28,95)),10)),(((((((53,58),50),6),98),((77,12),65)),(((52,48),(82,89)),(24,69))),((1,3),2))),((((31,38),(80,17)),63),((34,14),(90,(54,40))))),15);
Final Tree: ((((((((((26,(((45,92),4),91)),100),78),(((32,67),29),(44,(68,83)))),(((((35,85),(75,(36,99))),((23,5),(9,74))),((((61,7),60),19),11)),(((86,84),66),(81,76)))),(((((93,22),97),(((51,47),79),(((73,87),30),(43,64)))),((13,20),(((((56,55),18),(71,70)),((21,41),(72,(39,96)))),(((((49,62),(33,42)),(27,37)),25),16)))),(59,(57,(46,8))))),(((94,88),(28,95)),10)),(((((((53,58),50),6),98),((77,12),65)),(((52,48),(82,89)),(24,69))),((1,3),2))),((((31,38),(80,17)),63),((34,14),(90,(54,40))))),15);
#EqQuartets: 1542490535
Score: 920726665
ASTRAL for PaRalogs and Orthologs III (ASTRAL-Pro3)
*** NOW with integrated CASTLES-Pro ***
Version: v1.22.3.6
Read 512 genetrees and found 100 species.
#Genetrees: 1000
#Duploss: 11596
#Species: 100
#Rounds: 4
#Samples: 4
#Threads: 1
Use two-step algorithm!
Guide Tree 0/16
#NNI moves:0/152
Guide Tree 1/16
#NNI moves:0/152
Guide Tree 2/16
#NNI moves:0/152
Guide Tree 3/16
#NNI moves:0/152
Guide Tree 4/16
#NNI moves:0/152
Guide Tree 5/16
#NNI moves:0/152
Guide Tree 6/16
#NNI moves:0/152
Guide Tree 7/16
#NNI moves:0/152
Guide Tree 8/16
#NNI moves:0/152
Guide Tree 9/16
#NNI moves:0/152
Guide Tree 10/16
#NNI moves:6/152
Guide Tree 11/16
#NNI moves:0/152
Guide Tree 12/16
#NNI moves:0/152
Guide Tree 13/16
#NNI moves:0/152
Guide Tree 14/16
#NNI moves:0/152
Guide Tree 15/16
#NNI moves:0/152
Remaining: 2
#NNI moves:10/152
#NNI moves:22/152
(((((((((((((((78,25),70),(69,64)),((44,88),33)),84),(((92,(59,50)),98),71)),((((((((((87,(62,93)),40),100),47),(55,28)),(96,63)),51),81),((((83,32),79),(52,(89,39))),(54,43))),(((((31,95),35),(58,91)),48),(56,27)))),((85,49),(37,42))),46),(((90,(97,75)),41),(((67,29),26),60))),((((((53,(73,68)),57),(((30,65),76),99)),((((23,72),77),80),(34,66))),((36,45),74)),((61,(82,38)),((94,86),24)))),(((((9,13),11),12),((5,20),(1,14))),((16,6),(19,2)))),((22,(((8,4),21),(10,18))),(17,3))),7),15);
Guide Tree 0/16
#NNI moves:0/152
Guide Tree 1/16
#NNI moves:0/152
Guide Tree 2/16
#NNI moves:2/152
Guide Tree 3/16
#NNI moves:0/152
Guide Tree 4/16
#NNI moves:12/152
Guide Tree 5/16
#NNI moves:2/152
Guide Tree 6/16
#NNI moves:0/152
Guide Tree 7/16
#NNI moves:0/152
Guide Tree 8/16
#NNI moves:0/152
Guide Tree 9/16
#NNI moves:6/152
Guide Tree 10/16
#NNI moves:2/152
Guide Tree 11/16
#NNI moves:0/152
Guide Tree 12/16
#NNI moves:0/152
Guide Tree 13/16
#NNI moves:6/152
Guide Tree 14/16
#NNI moves:0/152
Guide Tree 15/16
#NNI moves:2/152
Remaining: 0
#NNI moves:6/152
#NNI moves:6/152
((((((((((((((79,(83,32)),((89,39),52)),(43,54)),((((63,96),((55,28),(((40,(87,(62,93))),100),47))),51),81)),((((91,58),((31,95),35)),48),(27,56))),((84,(((88,44),33),((70,(25,78)),(69,64)))),(71,(((50,59),92),98)))),((42,37),(85,49))),46),((41,((75,97),90)),(((29,67),26),60))),(((((57,(53,(68,73))),(((65,30),76),99)),(((77,(23,72)),80),(34,66))),(74,(45,36))),((24,(86,94)),((82,38),61)))),(((12,((9,13),11)),((20,5),(1,14))),((2,19),(6,16)))),((22,((10,18),((8,4),21))),(17,3))),7),15);
Guide Tree 0/16
#NNI moves:2/152
Guide Tree 1/16
#NNI moves:0/152
Guide Tree 2/16
#NNI moves:0/152
Guide Tree 3/16
#NNI moves:2/152
Guide Tree 4/16
#NNI moves:2/152
Guide Tree 5/16
#NNI moves:0/152
Guide Tree 6/16
#NNI moves:0/152
Guide Tree 7/16
#NNI moves:0/152
Guide Tree 8/16
#NNI moves:0/152
Guide Tree 9/16
#NNI moves:0/152
Guide Tree 10/16
#NNI moves:0/152
Guide Tree 11/16
#NNI moves:2/152
Guide Tree 12/16
#NNI moves:6/152
Guide Tree 13/16
#NNI moves:2/152
Guide Tree 14/16
#NNI moves:0/152
Guide Tree 15/16
#NNI moves:0/152
Remaining: 0
#NNI moves:12/152
#NNI moves:12/152
((((((((((((((44,88),33),(((25,78),70),(64,69))),84),(((92,(59,50)),98),71)),(((((58,91),(35,(95,31))),48),(27,56)),(((((63,96),((55,28),((100,((87,(93,62)),40)),47))),51),81),(((79,(32,83)),((89,39),52)),(43,54))))),((85,49),(42,37))),46),((((67,29),26),60),((90,(97,75)),41))),(((61,(38,82)),((86,94),24)),(((36,45),74),(((((72,23),77),80),(34,66)),((((73,68),53),57),((76,(30,65)),99)))))),(((2,19),(6,16)),((12,((13,9),11)),((20,5),(14,1))))),((((18,10),((8,4),21)),22),(17,3))),7),15);
Guide Tree 0/16
#NNI moves:0/152
Guide Tree 1/16
#NNI moves:0/152
Guide Tree 2/16
#NNI moves:2/152
Guide Tree 3/16
#NNI moves:0/152
Guide Tree 4/16
#NNI moves:0/152
Guide Tree 5/16
#NNI moves:6/152
Guide Tree 6/16
#NNI moves:0/152
Guide Tree 7/16
#NNI moves:0/152
Guide Tree 8/16
#NNI moves:0/152
Guide Tree 9/16
#NNI moves:0/152
Guide Tree 10/16
#NNI moves:2/152
Guide Tree 11/16
#NNI moves:2/152
Guide Tree 12/16
#NNI moves:2/152
Guide Tree 13/16
#NNI moves:0/152
Guide Tree 14/16
#NNI moves:0/152
Guide Tree 15/16
#NNI moves:0/152
Remaining: 1
#NNI moves:14/152
#NNI moves:14/152
(((((((((((((54,43),(((89,39),52),(79,(32,83)))),(((((((40,((93,62),87)),100),47),(55,28)),(96,63)),51),81)),(((((95,31),35),(58,91)),48),(27,56))),((((((25,78),70),(69,64)),(33,(44,88))),84),(71,(((50,59),92),98)))),((85,49),(37,42))),46),(((90,(97,75)),41),(((67,29),26),60))),((((((76,(30,65)),99),(((73,68),53),57)),((34,66),(((23,72),77),80))),((45,36),74)),((24,(94,86)),((82,38),61)))),((((14,1),(5,20)),(((9,13),11),12)),((19,2),(16,6)))),((3,17),((((8,4),21),(10,18)),22))),7),15);
Initial score: 1.22499e+09
Initial tree: (((((((((((((54,43),(((89,39),52),(79,(32,83)))),(((((((40,((93,62),87)),100),47),(55,28)),(96,63)),51),81)),(((((95,31),35),(58,91)),48),(27,56))),((((((25,78),70),(69,64)),(33,(44,88))),84),(71,(((50,59),92),98)))),((85,49),(37,42))),46),(((90,(97,75)),41),(((67,29),26),60))),((((((76,(30,65)),99),(((73,68),53),57)),((34,66),(((23,72),77),80))),((45,36),74)),((24,(94,86)),((82,38),61)))),((((14,1),(5,20)),(((9,13),11),12)),((19,2),(16,6)))),((3,17),((((8,4),21),(10,18)),22))),7),15);
*** Subsample Process ***
Use two-step algorithm!
#NNI moves:0/152
Remaining: 0
#NNI moves:6/152
#NNI moves:6/152
(((((((((((((((((((5,20),(1,14)),(((13,9),11),12)),((19,2),(6,16))),(((17,3),((((8,4),21),(10,18)),22)),(7,15))),(((((57,((73,68),53)),((76,(30,65)),99)),((80,(77,(23,72))),(66,34))),(74,(36,45))),(((86,94),24),((38,82),61)))),(((90,(75,97)),41),(((29,67),26),60))),46),((37,42),(85,49))),((((((25,78),70),(69,64)),(33,(88,44))),84),((98,((59,50),92)),71))),((((35,(31,95)),(91,58)),48),(27,56))),(((52,(89,39)),((32,83),79)),(43,54))),81),51),(96,63)),(55,28)),47),(((93,62),87),40)),100);
#NNI moves:0/152
Remaining: 0
#NNI moves:12/152
#NNI moves:12/152
((((((((((((((70,(25,78)),(64,69)),((44,88),33)),84),((((50,59),92),98),71)),((((((31,95),35),(91,58)),48),(27,56)),((((52,(39,89)),((83,32),79)),(43,54)),(((((((((62,93),87),40),100),47),(28,55)),(63,96)),51),81)))),((85,49),(37,42))),46),(((26,(29,67)),60),(((75,97),90),41))),(((((((65,30),76),99),((53,(73,68)),57)),((34,66),(((72,23),77),80))),((45,36),74)),(((86,94),24),(61,(82,38))))),((((1,14),(5,20)),(((13,9),11),12)),((19,2),(16,6)))),((3,17),((((8,4),21),(10,18)),22))),15),7);
#NNI moves:6/152
Remaining: 0
#NNI moves:8/152
#NNI moves:8/152
((((((((((((((((((53,(68,73)),57),(((30,65),76),99)),((34,66),((77,(72,23)),80))),(74,(45,36))),(((86,94),24),(61,(38,82)))),(((((1,14),(5,20)),((11,(9,13)),12)),((19,2),(16,6))),(((((10,18),((8,4),21)),22),(3,17)),(15,7)))),((((97,75),90),41),(((29,67),26),60))),46),((85,49),(37,42))),((((((83,32),79),((89,39),52)),(43,54)),(((((47,((40,((62,93),87)),100)),(55,28)),(96,63)),51),81)),(((((95,31),35),(58,91)),48),(27,56)))),((((50,59),92),98),71)),84),((88,44),33)),(69,64)),70),78),25);
#NNI moves:0/152
Remaining: 0
#NNI moves:14/152
#NNI moves:14/152
((((((((((((((((((83,32),79),((39,89),52)),(43,54)),((((((100,(40,((93,62),87))),47),(28,55)),(63,96)),51),81)),((((58,91),(35,(31,95))),48),(56,27))),((((33,(88,44)),((64,69),(70,(78,25)))),84),((((50,59),92),98),71))),((37,42),(49,85))),46),(((90,(97,75)),41),(60,(26,(29,67))))),(((((((73,68),53),57),(((30,65),76),99)),((((23,72),77),80),(66,34))),((45,36),74)),(((82,38),61),((94,86),24)))),((((14,1),(5,20)),(((13,9),11),12)),((16,6),(2,19)))),(7,15)),(17,3)),22),(21,(4,8))),10),18);
Current score: 1.22499e+09
Current tree: ((7,(((((((((((((83,32),79),((39,89),52)),(43,54)),((((((100,(40,((93,62),87))),47),(28,55)),(63,96)),51),81)),((((58,91),(35,(31,95))),48),(56,27))),((((33,(88,44)),((64,69),(70,(78,25)))),84),((((50,59),92),98),71))),((37,42),(49,85))),46),(((90,(97,75)),41),(60,(26,(29,67))))),(((((((73,68),53),57),(((30,65),76),99)),((((23,72),77),80),(66,34))),((45,36),74)),(((82,38),61),((94,86),24)))),((((14,1),(5,20)),(((13,9),11),12)),((16,6),(2,19)))),((17,3),(22,((21,(4,8)),(10,18)))))),15);
Final Tree: ((7,(((((((((((((83,32),79),((39,89),52)),(43,54)),((((((100,(40,((93,62),87))),47),(28,55)),(63,96)),51),81)),((((58,91),(35,(31,95))),48),(56,27))),((((33,(88,44)),((64,69),(70,(78,25)))),84),((((50,59),92),98),71))),((37,42),(49,85))),46),(((90,(97,75)),41),(60,(26,(29,67))))),(((((((73,68),53),57),(((30,65),76),99)),((((23,72),77),80),(66,34))),((45,36),74)),(((82,38),61),((94,86),24)))),((((14,1),(5,20)),(((13,9),11),12)),((16,6),(2,19)))),((17,3),(22,((21,(4,8)),(10,18)))))),15);
#EqQuartets: 1815343556
Score: 1224987333
