ASTRAL for PaRalogs and Orthologs III (ASTRAL-Pro3)
*** NOW with integrated CASTLES-Pro ***
Version: v1.22.3.6
Read 512 genetrees and found 100 species.
#Genetrees: 1000
#Duploss: 0
#Species: 100
#Rounds: 4
#Samples: 4
#Threads: 1
Use two-step algorithm!
Guide Tree 0/16
#NNI moves:0/152
Guide Tree 1/16
#NNI moves:0/152
Guide Tree 2/16
#NNI moves:0/152
Guide Tree 3/16
#NNI moves:0/152
Guide Tree 4/16
#NNI moves:0/152
Guide Tree 5/16
#NNI moves:0/152
Guide Tree 6/16
#NNI moves:0/152
Guide Tree 7/16
#NNI moves:0/152
Guide Tree 8/16
#NNI moves:0/152
Guide Tree 9/16
#NNI moves:0/152
Guide Tree 10/16
#NNI moves:0/152
Guide Tree 11/16
#NNI moves:0/152
Guide Tree 12/16
#NNI moves:0/152
Guide Tree 13/16
#NNI moves:0/152
Guide Tree 14/16
#NNI moves:0/152
Guide Tree 15/16
#NNI moves:0/152
Remaining: 0
#NNI moves:0/152
#NNI moves:0/152
(((((((((((((91,((94,30),36)),(77,(((71,16),(44,(23,50))),97))),(((76,(68,15)),(18,51)),((17,39),(41,33)))),((((12,3),(10,(((11,1),8),(9,6)))),7),((5,4),2))),((((47,52),(25,31)),(93,20)),((58,19),63))),((37,38),(((62,82),(81,88)),((((99,14),(28,66)),83),(61,(42,67)))))),((49,89),(57,(96,32)))),((((((100,(95,92)),(43,13)),((((60,27),29),45),(((26,56),53),80))),((72,64),78)),(((48,22),(85,46)),((59,84),(73,74)))),(98,54))),((((90,21),87),79),75)),(65,24)),(34,((69,55),35))),(40,86)),70);
Guide Tree 0/16
#NNI moves:0/152
Guide Tree 1/16
#NNI moves:0/152
Guide Tree 2/16
#NNI moves:0/152
Guide Tree 3/16
#NNI moves:0/152
Guide Tree 4/16
#NNI moves:0/152
Guide Tree 5/16
#NNI moves:0/152
Guide Tree 6/16
#NNI moves:0/152
Guide Tree 7/16
#NNI moves:0/152
Guide Tree 8/16
#NNI moves:0/152
Guide Tree 9/16
#NNI moves:0/152
Guide Tree 10/16
#NNI moves:0/152
Guide Tree 11/16
#NNI moves:0/152
Guide Tree 12/16
#NNI moves:0/152
Guide Tree 13/16
#NNI moves:0/152
Guide Tree 14/16
#NNI moves:0/152
Guide Tree 15/16
#NNI moves:0/152
Remaining: 0
#NNI moves:0/152
#NNI moves:0/152
(((((((((((((((((1,11),8),(9,6)),10),(3,12)),7),((4,5),2)),((((39,17),(41,33)),((51,18),(76,(15,68)))),(((((16,71),((23,50),44)),97),77),((36,(94,30)),91)))),((((52,47),(31,25)),(20,93)),((58,19),63))),((((62,82),(88,81)),((((28,66),(14,99)),83),((42,67),61))),(37,38))),(((96,32),57),(49,89))),((((((100,(92,95)),(13,43)),((((60,27),29),45),(80,((56,26),53)))),((64,72),78)),(((46,85),(48,22)),((59,84),(73,74)))),(98,54))),(75,(((90,21),87),79))),(65,24)),(((55,69),35),34)),(86,40)),70);
Guide Tree 0/16
#NNI moves:0/152
Guide Tree 1/16
#NNI moves:0/152
Guide Tree 2/16
#NNI moves:0/152
Guide Tree 3/16
#NNI moves:0/152
Guide Tree 4/16
#NNI moves:0/152
Guide Tree 5/16
#NNI moves:0/152
Guide Tree 6/16
#NNI moves:0/152
Guide Tree 7/16
#NNI moves:0/152
Guide Tree 8/16
#NNI moves:0/152
Guide Tree 9/16
#NNI moves:0/152
Guide Tree 10/16
#NNI moves:0/152
Guide Tree 11/16
#NNI moves:0/152
Guide Tree 12/16
#NNI moves:0/152
Guide Tree 13/16
#NNI moves:0/152
Guide Tree 14/16
#NNI moves:0/152
Guide Tree 15/16
#NNI moves:0/152
Remaining: 0
#NNI moves:2/152
#NNI moves:2/152
((((((((((((((17,39),(33,41)),(((15,68),76),(51,18))),((77,(((44,(50,23)),(16,71)),97)),(91,((30,94),36)))),((((((8,(1,11)),(6,9)),10),(12,3)),7),((5,4),2))),((((52,47),(31,25)),(93,20)),((58,19),63))),((((81,88),(62,82)),(((67,42),61),(((14,99),(66,28)),83))),(37,38))),(((96,32),57),(89,49))),(((((85,46),(48,22)),((59,84),(73,74))),(((((29,(60,27)),45),((53,(56,26)),80)),((43,13),((95,92),100))),(78,(72,64)))),(54,98))),(75,(((21,90),87),79))),(65,24)),(((55,69),35),34)),(40,86)),70);
Guide Tree 0/16
#NNI moves:0/152
Guide Tree 1/16
#NNI moves:0/152
Guide Tree 2/16
#NNI moves:0/152
Guide Tree 3/16
#NNI moves:0/152
Guide Tree 4/16
#NNI moves:0/152
Guide Tree 5/16
#NNI moves:0/152
Guide Tree 6/16
#NNI moves:0/152
Guide Tree 7/16
#NNI moves:0/152
Guide Tree 8/16
#NNI moves:0/152
Guide Tree 9/16
#NNI moves:0/152
Guide Tree 10/16
#NNI moves:0/152
Guide Tree 11/16
#NNI moves:0/152
Guide Tree 12/16
#NNI moves:0/152
Guide Tree 13/16
#NNI moves:0/152
Guide Tree 14/16
#NNI moves:0/152
Guide Tree 15/16
#NNI moves:0/152
Remaining: 0
#NNI moves:0/152
#NNI moves:0/152
(((((((((((((((15,68),76),(51,18)),((41,33),(17,39))),(((97,(((23,50),44),(71,16))),77),(((30,94),36),91))),(((((((1,11),8),(9,6)),10),(12,3)),7),(2,(4,5)))),((((25,31),(52,47)),(93,20)),(63,(58,19)))),(((((67,42),61),(((66,28),(14,99)),83)),((88,81),(82,62))),(37,38))),(((32,96),57),(89,49))),(((((85,46),(48,22)),((59,84),(74,73))),(((64,72),78),(((80,((26,56),53)),(((60,27),29),45)),((100,(95,92)),(13,43))))),(98,54))),((79,(87,(21,90))),75)),(65,24)),(((69,55),35),34)),(86,40)),70);
Initial score: 3.30926e+09
Initial tree: (((((((((((((((15,68),76),(51,18)),((41,33),(17,39))),(((97,(((23,50),44),(71,16))),77),(((30,94),36),91))),(((((((1,11),8),(9,6)),10),(12,3)),7),(2,(4,5)))),((((25,31),(52,47)),(93,20)),(63,(58,19)))),(((((67,42),61),(((66,28),(14,99)),83)),((88,81),(82,62))),(37,38))),(((32,96),57),(89,49))),(((((85,46),(48,22)),((59,84),(74,73))),(((64,72),78),(((80,((26,56),53)),(((60,27),29),45)),((100,(95,92)),(13,43))))),(98,54))),((79,(87,(21,90))),75)),(65,24)),(((69,55),35),34)),(86,40)),70);
*** Subsample Process ***
Use two-step algorithm!
#NNI moves:0/152
Remaining: 0
#NNI moves:2/152
#NNI moves:2/152
((((((((((((((((((60,27),29),45),((53,(56,26)),80)),(((95,92),100),(13,43))),((64,72),78)),(((22,48),(85,46)),((73,74),(84,59)))),(98,54)),((((((69,55),35),34),((40,86),70)),(65,24)),((79,((21,90),87)),75))),(((96,32),57),(89,49))),((((81,88),(82,62)),(((67,42),61),(((14,99),(66,28)),83))),(37,38))),(((93,20),((52,47),(31,25))),((19,58),63))),((((3,12),(10,((9,6),((11,1),8)))),7),((5,4),2))),((77,(((71,16),(44,(50,23))),97)),(((30,94),36),91))),((76,(68,15)),(51,18))),(39,17)),41),33);
#NNI moves:0/152
Remaining: 0
#NNI moves:6/152
#NNI moves:6/152
(((((((((((((((76,(68,15)),(51,18)),((33,41),(39,17))),(((((71,16),((23,50),44)),97),77),(((94,30),36),91))),((7,((3,12),(((8,(11,1)),(6,9)),10))),(2,(5,4)))),(((93,20),((31,25),(47,52))),(63,(58,19)))),((((62,82),(81,88)),(((42,67),61),(((14,99),(66,28)),83))),(38,37))),(((32,96),57),(89,49))),(((((((95,92),100),(13,43)),((80,(53,(26,56))),(45,(29,(27,60))))),(78,(72,64))),(((74,73),(84,59)),((48,22),(85,46)))),(98,54))),((((90,21),87),79),75)),(65,24)),((40,86),70)),34),(69,55)),35);
#NNI moves:0/152
Remaining: 0
#NNI moves:0/152
#NNI moves:0/152
((((((((((((((((((95,92),100),(13,43)),((((60,27),29),45),(((56,26),53),80))),((72,64),78)),(((46,85),(22,48)),((74,73),(59,84)))),(98,54)),((((((69,55),35),34),(70,(86,40))),(65,24)),((((90,21),87),79),75))),((89,49),((32,96),57))),((((((28,66),(99,14)),83),((67,42),61)),((82,62),(81,88))),(38,37))),(((93,20),((47,52),(31,25))),((58,19),63))),(((((((11,1),8),(6,9)),10),(3,12)),7),(2,(5,4)))),(((((44,(50,23)),(16,71)),97),77),(((94,30),36),91))),((17,39),(33,41))),(51,18)),76),15),68);
#NNI moves:0/152
Remaining: 0
#NNI moves:0/152
#NNI moves:0/152
(((((((((((((((14,99),(28,66)),83),((42,67),61)),((82,62),(81,88))),(37,38)),(((((4,5),2),(((10,(((11,1),8),(9,6))),(3,12)),7)),(((77,(97,(((23,50),44),(71,16)))),(((30,94),36),91)),(((17,39),(33,41)),(((68,15),76),(18,51))))),((((25,31),(47,52)),(20,93)),(63,(19,58))))),((49,89),((96,32),57))),((((((((26,56),53),80),(((60,27),29),45)),((43,13),((92,95),100))),(78,(64,72))),(((85,46),(48,22)),((74,73),(59,84)))),(54,98))),((((90,21),87),79),75)),(24,65)),(((69,55),35),34)),70),86),40);
Current score: 3.30926e+09
Current tree: ((((((((((((((14,99),(28,66)),83),((42,67),61)),((82,62),(81,88))),(37,38)),(((((4,5),2),(((10,(((11,1),8),(9,6))),(3,12)),7)),(((77,(97,(((23,50),44),(71,16)))),(((30,94),36),91)),(((17,39),(33,41)),(((68,15),76),(18,51))))),((((25,31),(47,52)),(20,93)),(63,(19,58))))),((49,89),((96,32),57))),((((((((26,56),53),80),(((60,27),29),45)),((43,13),((92,95),100))),(78,(64,72))),(((85,46),(48,22)),((74,73),(59,84)))),(54,98))),((((90,21),87),79),75)),(24,65)),(((69,55),35),34)),(86,40)),70);
Final Tree: ((((((((((((((14,99),(28,66)),83),((42,67),61)),((82,62),(81,88))),(37,38)),(((((4,5),2),(((10,(((11,1),8),(9,6))),(3,12)),7)),(((77,(97,(((23,50),44),(71,16)))),(((30,94),36),91)),(((17,39),(33,41)),(((68,15),76),(18,51))))),((((25,31),(47,52)),(20,93)),(63,(19,58))))),((49,89),((96,32),57))),((((((((26,56),53),80),(((60,27),29),45)),((43,13),((92,95),100))),(78,(64,72))),(((85,46),(48,22)),((74,73),(59,84)))),(54,98))),((((90,21),87),79),75)),(24,65)),(((69,55),35),34)),(86,40)),70);
#EqQuartets: 3921225000
Score: 3309256155
ASTRAL for PaRalogs and Orthologs III (ASTRAL-Pro3)
*** NOW with integrated CASTLES-Pro ***
Version: v1.22.3.6
Read 512 genetrees and found 100 species.
#Genetrees: 1000
#Duploss: 0
#Species: 100
#Rounds: 4
#Samples: 4
#Threads: 1
Use two-step algorithm!
Guide Tree 0/16
#NNI moves:0/152
Guide Tree 1/16
#NNI moves:0/152
Guide Tree 2/16
#NNI moves:0/152
Guide Tree 3/16
#NNI moves:0/152
Guide Tree 4/16
#NNI moves:0/152
Guide Tree 5/16
#NNI moves:0/152
Guide Tree 6/16
#NNI moves:0/152
Guide Tree 7/16
#NNI moves:0/152
Guide Tree 8/16
#NNI moves:0/152
Guide Tree 9/16
#NNI moves:0/152
Guide Tree 10/16
#NNI moves:0/152
Guide Tree 11/16
#NNI moves:0/152
Guide Tree 12/16
#NNI moves:0/152
Guide Tree 13/16
#NNI moves:0/152
Guide Tree 14/16
#NNI moves:0/152
Guide Tree 15/16
#NNI moves:0/152
Remaining: 0
#NNI moves:0/152
#NNI moves:0/152
(((((((((((((((23,((64,10),54)),(((28,13),79),(30,45))),((15,34),(4,41))),((33,43),19)),((74,39),8)),(50,(35,51))),(((((80,24),((63,68),48)),5),(42,59)),(25,46))),((31,75),55)),((((60,47),(22,71)),(38,37)),(((((97,94),((((90,(95,85)),93),84),((87,81),96))),((83,((91,92),86)),98)),99),((88,89),(100,82))))),((((77,12),73),3),((17,9),20))),(((((67,2),18),14),((53,(11,40)),((72,((27,26),16)),76))),(66,((((6,56),44),52),(32,57))))),29),(((62,70),((61,7),(69,36))),(58,21))),((1,78),49)),65);
Guide Tree 0/16
#NNI moves:0/152
Guide Tree 1/16
#NNI moves:0/152
Guide Tree 2/16
#NNI moves:0/152
Guide Tree 3/16
#NNI moves:0/152
Guide Tree 4/16
#NNI moves:0/152
Guide Tree 5/16
#NNI moves:0/152
Guide Tree 6/16
#NNI moves:0/152
Guide Tree 7/16
#NNI moves:0/152
Guide Tree 8/16
#NNI moves:0/152
Guide Tree 9/16
#NNI moves:0/152
Guide Tree 10/16
#NNI moves:0/152
Guide Tree 11/16
#NNI moves:0/152
Guide Tree 12/16
#NNI moves:0/152
Guide Tree 13/16
#NNI moves:0/152
Guide Tree 14/16
#NNI moves:0/152
Guide Tree 15/16
#NNI moves:0/152
Remaining: 0
#NNI moves:0/152
#NNI moves:0/152
(((((((((((((((81,87),96),((((95,85),90),93),84)),(94,97)),((83,(86,(91,92))),98)),99),((89,88),(100,82))),(((71,22),(60,47)),(38,37))),((((((((23,(54,(10,64))),(((28,13),79),(45,30))),((4,41),(34,15))),((43,33),19)),((39,74),8)),((51,35),50)),(((59,42),((((63,68),48),(80,24)),5)),(46,25))),((75,31),55))),((20,(9,17)),(((77,12),73),3))),(((((2,67),18),14),(((((26,27),16),72),76),(53,(40,11)))),(((57,32),(((56,6),44),52)),66))),29),((((61,7),(69,36)),(70,62)),(21,58))),((78,1),49)),65);
Guide Tree 0/16
#NNI moves:0/152
Guide Tree 1/16
#NNI moves:0/152
Guide Tree 2/16
#NNI moves:0/152
Guide Tree 3/16
#NNI moves:0/152
Guide Tree 4/16
#NNI moves:0/152
Guide Tree 5/16
#NNI moves:0/152
Guide Tree 6/16
#NNI moves:0/152
Guide Tree 7/16
#NNI moves:0/152
Guide Tree 8/16
#NNI moves:0/152
Guide Tree 9/16
#NNI moves:0/152
Guide Tree 10/16
#NNI moves:0/152
Guide Tree 11/16
#NNI moves:0/152
Guide Tree 12/16
#NNI moves:0/152
Guide Tree 13/16
#NNI moves:0/152
Guide Tree 14/16
#NNI moves:0/152
Guide Tree 15/16
#NNI moves:0/152
Remaining: 0
#NNI moves:0/152
#NNI moves:0/152
(((((((((((((((15,34),(4,41)),((((64,10),54),23),(((13,28),79),(30,45)))),((43,33),19)),(8,(39,74))),((35,51),50)),((((((63,68),48),(80,24)),5),(59,42)),(25,46))),((31,75),55)),((((((83,(86,(92,91))),98),(((96,(81,87)),((93,((85,95),90)),84)),(97,94))),99),((100,82),(88,89))),(((60,47),(22,71)),(38,37)))),(((9,17),20),(((12,77),73),3))),((((57,32),(((6,56),44),52)),66),((((2,67),18),14),(((((26,27),16),72),76),((11,40),53))))),29),(((62,70),((7,61),(36,69))),(21,58))),((78,1),49)),65);
Guide Tree 0/16
#NNI moves:0/152
Guide Tree 1/16
#NNI moves:0/152
Guide Tree 2/16
#NNI moves:0/152
Guide Tree 3/16
#NNI moves:0/152
Guide Tree 4/16
#NNI moves:0/152
Guide Tree 5/16
#NNI moves:0/152
Guide Tree 6/16
#NNI moves:0/152
Guide Tree 7/16
#NNI moves:0/152
Guide Tree 8/16
#NNI moves:0/152
Guide Tree 9/16
#NNI moves:0/152
Guide Tree 10/16
#NNI moves:0/152
Guide Tree 11/16
#NNI moves:0/152
Guide Tree 12/16
#NNI moves:0/152
Guide Tree 13/16
#NNI moves:0/152
Guide Tree 14/16
#NNI moves:0/152
Guide Tree 15/16
#NNI moves:0/152
Remaining: 0
#NNI moves:2/152
#NNI moves:2/152
(((((((((((100,82),(88,89)),(((98,((86,(92,91)),83)),((((81,87),96),(((90,(95,85)),93),84)),(97,94))),99)),((37,38),((60,47),(71,22)))),((((((19,(43,33)),((((45,30),((28,13),79)),(((10,64),54),23)),((4,41),(15,34)))),((74,39),8)),((51,35),50)),(((((48,(63,68)),(80,24)),5),(42,59)),(25,46))),((31,75),55))),((((12,77),73),3),((9,17),20))),((((((16,(26,27)),72),76),(53,(40,11))),(((2,67),18),14)),(((52,(44,(56,6))),(32,57)),66))),29),(((70,62),((69,36),(61,7))),(21,58))),((1,78),49)),65);
Initial score: 3.09549e+09
Initial tree: (((((((((((100,82),(88,89)),(((98,((86,(92,91)),83)),((((81,87),96),(((90,(95,85)),93),84)),(97,94))),99)),((37,38),((60,47),(71,22)))),((((((19,(43,33)),((((45,30),((28,13),79)),(((10,64),54),23)),((4,41),(15,34)))),((74,39),8)),((51,35),50)),(((((48,(63,68)),(80,24)),5),(42,59)),(25,46))),((31,75),55))),((((12,77),73),3),((9,17),20))),((((((16,(26,27)),72),76),(53,(40,11))),(((2,67),18),14)),(((52,(44,(56,6))),(32,57)),66))),29),(((70,62),((69,36),(61,7))),(21,58))),((1,78),49)),65);
*** Subsample Process ***
Use two-step algorithm!
#NNI moves:0/152
Remaining: 0
#NNI moves:0/152
#NNI moves:0/152
((((((((((((((41,4),(34,15)),((23,(54,(64,10))),(((13,28),79),(45,30)))),((43,33),19)),((39,74),8)),((35,51),50)),(((((24,80),(48,(68,63))),5),(42,59)),(46,25))),((31,75),55)),(((((((72,((26,27),16)),76),((11,40),53)),((18,(2,67)),14)),((((44,(56,6)),52),(57,32)),66)),(((((62,70),((7,61),(36,69))),(58,21)),(((1,78),49),65)),29)),(((9,17),20),(((77,12),73),3)))),((38,37),((60,47),(22,71)))),(((((((90,(95,85)),93),84),((87,81),96)),(94,97)),(((86,(92,91)),83),98)),99)),(88,89)),82),100);
#NNI moves:0/152
Remaining: 0
#NNI moves:4/152
#NNI moves:4/152
(((((((((((((((((((13,28),79),(30,45)),(((10,64),54),23)),((15,34),(4,41))),((43,33),19)),(8,(74,39))),((35,51),50)),(((5,((80,24),((68,63),48))),(59,42)),(25,46))),((31,75),55)),((((((((92,91),86),83),98),(((((90,(85,95)),93),84),(96,(87,81))),(94,97))),99),((88,89),(100,82))),((37,38),((22,71),(47,60))))),((((77,12),73),3),((9,17),20))),(((((((27,26),16),72),76),((11,40),53)),(((67,2),18),14)),(66,((57,32),((44,(6,56)),52))))),29),((58,21),((70,62),((61,7),(69,36))))),65),49),78),1);
#NNI moves:0/152
Remaining: 0
#NNI moves:6/152
#NNI moves:6/152
(((((((((((((((((((((27,26),16),72),76),((40,11),53)),(((67,2),18),14)),(66,((((56,6),44),52),(57,32)))),((((((7,61),(36,69)),(70,62)),(21,58)),(((78,1),49),65)),29)),((((12,77),73),3),((17,9),20))),((((100,82),(89,88)),(((((84,(93,(90,(85,95)))),(96,(81,87))),(94,97)),(((86,(92,91)),83),98)),99)),(((47,60),(22,71)),(37,38)))),((31,75),55)),((46,25),((((48,(63,68)),(24,80)),5),(59,42)))),(50,(35,51))),((39,74),8)),((33,43),19)),((41,4),(15,34))),(23,(54,(10,64)))),(30,45)),79),28),13);
#NNI moves:0/152
Remaining: 0
#NNI moves:0/152
#NNI moves:0/152
(((((((((((((((((23,((10,64),54)),((45,30),(79,(13,28)))),((4,41),(34,15))),((43,33),19)),((74,39),8)),(50,(35,51))),((25,46),((((48,(63,68)),(80,24)),5),(42,59)))),((75,31),55)),(((((((((90,(95,85)),93),84),((87,81),96)),(94,97)),((((91,92),86),83),98)),99),((88,89),(82,100))),(((60,47),(71,22)),(38,37)))),(((17,9),20),((73,(77,12)),3))),((((((16,(26,27)),72),76),((11,40),53)),(((67,2),18),14)),(66,((32,57),((44,(6,56)),52))))),29),(((78,1),49),65)),(21,58)),((69,36),(7,61))),70),62);
Current score: 3.09549e+09
Current tree: ((((78,1),49),(((((((((((((23,((10,64),54)),((45,30),(79,(13,28)))),((4,41),(34,15))),((43,33),19)),((74,39),8)),(50,(35,51))),((25,46),((((48,(63,68)),(80,24)),5),(42,59)))),((75,31),55)),(((((((((90,(95,85)),93),84),((87,81),96)),(94,97)),((((91,92),86),83),98)),99),((88,89),(82,100))),(((60,47),(71,22)),(38,37)))),(((17,9),20),((73,(77,12)),3))),((((((16,(26,27)),72),76),((11,40),53)),(((67,2),18),14)),(66,((32,57),((44,(6,56)),52))))),29),((21,58),(((69,36),(7,61)),(70,62))))),65);
Final Tree: ((((78,1),49),(((((((((((((23,((10,64),54)),((45,30),(79,(13,28)))),((4,41),(34,15))),((43,33),19)),((74,39),8)),(50,(35,51))),((25,46),((((48,(63,68)),(80,24)),5),(42,59)))),((75,31),55)),(((((((((90,(95,85)),93),84),((87,81),96)),(94,97)),((((91,92),86),83),98)),99),((88,89),(82,100))),(((60,47),(71,22)),(38,37)))),(((17,9),20),((73,(77,12)),3))),((((((16,(26,27)),72),76),((11,40),53)),(((67,2),18),14)),(66,((32,57),((44,(6,56)),52))))),29),((21,58),(((69,36),(7,61)),(70,62))))),65);
#EqQuartets: 3921225000
Score: 3095491226
ASTRAL for PaRalogs and Orthologs III (ASTRAL-Pro3)
*** NOW with integrated CASTLES-Pro ***
Version: v1.22.3.6
Read 512 genetrees and found 100 species.
#Genetrees: 1000
#Duploss: 0
#Species: 100
#Rounds: 4
#Samples: 4
#Threads: 1
Use two-step algorithm!
Guide Tree 0/16
#NNI moves:0/152
Guide Tree 1/16
#NNI moves:0/152
Guide Tree 2/16
#NNI moves:6/152
Guide Tree 3/16
#NNI moves:0/152
Guide Tree 4/16
#NNI moves:0/152
Guide Tree 5/16
#NNI moves:2/152
Guide Tree 6/16
#NNI moves:0/152
Guide Tree 7/16
#NNI moves:0/152
Guide Tree 8/16
#NNI moves:0/152
Guide Tree 9/16
#NNI moves:0/152
Guide Tree 10/16
#NNI moves:0/152
Guide Tree 11/16
#NNI moves:0/152
Guide Tree 12/16
#NNI moves:6/152
Guide Tree 13/16
#NNI moves:0/152
Guide Tree 14/16
#NNI moves:0/152
Guide Tree 15/16
#NNI moves:0/152
Remaining: 0
#NNI moves:0/152
#NNI moves:0/152
(((((((((((((((100,(99,98)),97),((94,(11,(56,79))),(96,45))),((((((4,55),10),36),(((66,27),83),(((((42,70),(18,57)),46),(87,25)),22))),(35,14)),(59,89))),((((((91,52),13),(76,77)),(68,19)),((30,26),(47,49))),(((((43,5),(33,50)),9),((65,12),67)),(((53,84),(75,51)),21)))),((((((60,1),90),29),34),93),((72,3),(86,54)))),((23,44),15)),((31,62),(((41,39),63),(((7,24),81),20)))),(((((2,((74,16),73)),38),85),(95,((78,(6,37)),82))),(((69,71),(8,28)),61))),((48,80),64)),(17,88)),92),40),32),58);
Guide Tree 0/16
#NNI moves:0/152
Guide Tree 1/16
#NNI moves:0/152
Guide Tree 2/16
#NNI moves:0/152
Guide Tree 3/16
#NNI moves:6/152
Guide Tree 4/16
#NNI moves:0/152
Guide Tree 5/16
#NNI moves:6/152
Guide Tree 6/16
#NNI moves:2/152
Guide Tree 7/16
#NNI moves:0/152
Guide Tree 8/16
#NNI moves:6/152
Guide Tree 9/16
#NNI moves:6/152
Guide Tree 10/16
#NNI moves:0/152
Guide Tree 11/16
#NNI moves:0/152
Guide Tree 12/16
#NNI moves:6/152
Guide Tree 13/16
#NNI moves:6/152
Guide Tree 14/16
#NNI moves:2/152
Guide Tree 15/16
#NNI moves:0/152
Remaining: 0
#NNI moves:2/152
#NNI moves:2/152
(((((((((((((((((91,52),13),(77,76)),(19,68)),((30,26),(49,47))),(((9,((50,33),(5,43))),((12,65),67)),(((75,51),(84,53)),21))),((((((79,56),11),94),(45,96)),((100,(98,99)),97)),((((((4,55),10),36),((((25,87),(((18,57),(42,70)),46)),22),((27,66),83))),(35,14)),(89,59)))),(((54,86),(3,72)),((((90,(1,60)),29),34),93))),((44,23),15)),(((20,(81,(24,7))),((41,39),63)),(62,31))),((((((37,6),78),82),95),((((73,(74,16)),2),38),85)),(((28,8),(69,71)),61))),(64,(80,48))),(88,17)),92),40),32),58);
Guide Tree 0/16
#NNI moves:0/152
Guide Tree 1/16
#NNI moves:0/152
Guide Tree 2/16
#NNI moves:2/152
Guide Tree 3/16
#NNI moves:0/152
Guide Tree 4/16
#NNI moves:2/152
Guide Tree 5/16
#NNI moves:0/152
Guide Tree 6/16
#NNI moves:0/152
Guide Tree 7/16
#NNI moves:0/152
Guide Tree 8/16
#NNI moves:6/152
Guide Tree 9/16
#NNI moves:0/152
Guide Tree 10/16
#NNI moves:0/152
Guide Tree 11/16
#NNI moves:0/152
Guide Tree 12/16
#NNI moves:6/152
Guide Tree 13/16
#NNI moves:6/152
Guide Tree 14/16
#NNI moves:0/152
Guide Tree 15/16
#NNI moves:0/152
Remaining: 0
#NNI moves:2/152
#NNI moves:2/152
(((((((((((((((30,26),(49,47)),((68,19),(((52,91),13),(77,76)))),((((53,84),(51,75)),21),((((50,33),(5,43)),9),(67,(65,12))))),((((45,96),(94,((79,56),11))),(97,((99,98),100))),(((((((((18,57),(42,70)),46),(25,87)),22),((66,27),83)),(((55,4),10),36)),(14,35)),(89,59)))),(((86,54),(72,3)),((34,(((1,60),90),29)),93))),((23,44),15)),((62,31),((20,(81,(7,24))),((41,39),63)))),((((((37,6),78),82),95),(85,((2,(73,(16,74))),38))),(((69,71),(8,28)),61))),((80,48),64)),(88,17)),92),40),32),58);
Guide Tree 0/16
#NNI moves:0/152
Guide Tree 1/16
#NNI moves:0/152
Guide Tree 2/16
#NNI moves:0/152
Guide Tree 3/16
#NNI moves:0/152
Guide Tree 4/16
#NNI moves:0/152
Guide Tree 5/16
#NNI moves:0/152
Guide Tree 6/16
#NNI moves:0/152
Guide Tree 7/16
#NNI moves:0/152
Guide Tree 8/16
#NNI moves:0/152
Guide Tree 9/16
#NNI moves:0/152
Guide Tree 10/16
#NNI moves:0/152
Guide Tree 11/16
#NNI moves:0/152
Guide Tree 12/16
#NNI moves:0/152
Guide Tree 13/16
#NNI moves:0/152
Guide Tree 14/16
#NNI moves:0/152
Guide Tree 15/16
#NNI moves:6/152
Remaining: 0
#NNI moves:0/152
#NNI moves:0/152
(((((((((((((((((5,43),(33,50)),9),((65,12),67)),(((75,51),(53,84)),21)),(((26,30),(47,49)),(((77,76),((91,52),13)),(19,68)))),(((((((55,4),10),36),((83,(66,27)),(((((18,57),(42,70)),46),(87,25)),22))),(35,14)),(59,89)),((97,((99,98),100)),((((79,56),11),94),(45,96))))),(((3,72),(86,54)),(((29,((60,1),90)),34),93))),((23,44),15)),(((63,(41,39)),(((7,24),81),20)),(62,31))),((((((73,(16,74)),2),38),85),(((78,(6,37)),82),95)),(((69,71),(28,8)),61))),((80,48),64)),(88,17)),92),40),32),58);
Initial score: 3.11606e+09
Initial tree: (((((((((((((((((5,43),(33,50)),9),((65,12),67)),(((75,51),(53,84)),21)),(((26,30),(47,49)),(((77,76),((91,52),13)),(19,68)))),(((((((55,4),10),36),((83,(66,27)),(((((18,57),(42,70)),46),(87,25)),22))),(35,14)),(59,89)),((97,((99,98),100)),((((79,56),11),94),(45,96))))),(((3,72),(86,54)),(((29,((60,1),90)),34),93))),((23,44),15)),(((63,(41,39)),(((7,24),81),20)),(62,31))),((((((73,(16,74)),2),38),85),(((78,(6,37)),82),95)),(((69,71),(28,8)),61))),((80,48),64)),(88,17)),92),40),32),58);
*** Subsample Process ***
Use two-step algorithm!
#NNI moves:6/152
Remaining: 0
#NNI moves:8/152
#NNI moves:8/152
((((((((((((((((69,71),(8,28)),61),((85,((((16,74),73),2),38)),(((78,(37,6)),82),95))),(((((32,58),40),92),(88,17)),((80,48),64))),(((((7,24),81),20),((39,41),63)),(62,31))),((23,44),15)),(((86,54),(3,72)),(((((60,1),90),29),34),93))),((((((((((70,42),(57,18)),46),(87,25)),22),(83,(66,27))),(((55,4),10),36)),(35,14)),(89,59)),((((11,(56,79)),94),(96,45)),((100,(99,98)),97)))),(((26,30),(47,49)),((((91,52),13),(76,77)),(19,68)))),(((51,75),(53,84)),21)),((65,12),67)),9),(5,43)),33),50);
#NNI moves:0/152
Remaining: 0
#NNI moves:0/152
#NNI moves:0/152
(((((((((((((((((((46,((42,70),(57,18))),(25,87)),22),((27,66),83)),((10,(4,55)),36)),(35,14)),(59,89)),(((100,(99,98)),97),((96,45),((11,(56,79)),94)))),((((30,26),(47,49)),(((77,76),((52,91),13)),(19,68))),((((65,12),67),(((50,33),(5,43)),9)),(((53,84),(75,51)),21)))),((((((60,1),90),29),34),93),((86,54),(72,3)))),((23,44),15)),(((((24,7),81),20),((41,39),63)),(31,62))),(((((((74,16),73),2),38),85),(95,(((37,6),78),82))),(((8,28),(71,69)),61))),((80,48),64)),(17,88)),92),40),58),32);
#NNI moves:0/152
Remaining: 1
#NNI moves:0/152
#NNI moves:0/152
(((((((((((((((17,88),(((58,32),40),92)),((80,48),64)),(((95,(82,((37,6),78))),((((73,(74,16)),2),38),85)),(((71,69),(8,28)),61))),(((((24,7),81),20),((41,39),63)),(31,62))),((23,44),15)),(((34,(((1,60),90),29)),93),((72,3),(54,86)))),((((26,30),(47,49)),((((91,52),13),(76,77)),(19,68))),((((12,65),67),(((43,5),(33,50)),9)),(((84,53),(51,75)),21)))),((((99,98),100),97),((96,45),((11,(79,56)),94)))),(59,89)),(35,14)),((((46,((70,42),(18,57))),(25,87)),22),((66,27),83))),36),(4,55)),10);
#NNI moves:0/152
Remaining: 0
#NNI moves:4/152
#NNI moves:4/152
((((((((((((((76,77),((91,52),13)),(68,19)),((47,49),(26,30))),(((((33,50),(43,5)),9),((65,12),67)),(((75,51),(53,84)),21))),((((((56,79),11),94),(96,45)),(((99,98),100),97)),(((((22,((46,((42,70),(18,57))),(87,25))),(83,(27,66))),(((55,4),10),36)),(14,35)),(59,89)))),(((72,3),(86,54)),(93,((29,((1,60),90)),34)))),((44,23),15)),(((63,(39,41)),(20,((7,24),81))),(31,62))),(((95,(((6,37),78),82)),(85,(((73,(16,74)),2),38))),(((69,71),(28,8)),61))),((48,80),64)),(88,17)),(40,(32,58))),92);
Current score: 3.11606e+09
Current tree: ((32,(40,(((((((((((((76,77),((91,52),13)),(68,19)),((47,49),(26,30))),(((((33,50),(43,5)),9),((65,12),67)),(((75,51),(53,84)),21))),((((((56,79),11),94),(96,45)),(((99,98),100),97)),(((((22,((46,((42,70),(18,57))),(87,25))),(83,(27,66))),(((55,4),10),36)),(14,35)),(59,89)))),(((72,3),(86,54)),(93,((29,((1,60),90)),34)))),((44,23),15)),(((63,(39,41)),(20,((7,24),81))),(31,62))),(((95,(((6,37),78),82)),(85,(((73,(16,74)),2),38))),(((69,71),(28,8)),61))),((48,80),64)),(88,17)),92))),58);
Final Tree: ((32,(40,(((((((((((((76,77),((91,52),13)),(68,19)),((47,49),(26,30))),(((((33,50),(43,5)),9),((65,12),67)),(((75,51),(53,84)),21))),((((((56,79),11),94),(96,45)),(((99,98),100),97)),(((((22,((46,((42,70),(18,57))),(87,25))),(83,(27,66))),(((55,4),10),36)),(14,35)),(59,89)))),(((72,3),(86,54)),(93,((29,((1,60),90)),34)))),((44,23),15)),(((63,(39,41)),(20,((7,24),81))),(31,62))),(((95,(((6,37),78),82)),(85,(((73,(16,74)),2),38))),(((69,71),(28,8)),61))),((48,80),64)),(88,17)),92))),58);
#EqQuartets: 3921225000
Score: 3116063929
ASTRAL for PaRalogs and Orthologs III (ASTRAL-Pro3)
*** NOW with integrated CASTLES-Pro ***
Version: v1.22.3.6
Read 512 genetrees and found 100 species.
#Genetrees: 1000
#Duploss: 0
#Species: 100
#Rounds: 4
#Samples: 4
#Threads: 1
Use two-step algorithm!
Guide Tree 0/16
#NNI moves:0/152
Guide Tree 1/16
#NNI moves:0/152
Guide Tree 2/16
#NNI moves:0/152
Guide Tree 3/16
#NNI moves:0/152
Guide Tree 4/16
#NNI moves:0/152
Guide Tree 5/16
#NNI moves:0/152
Guide Tree 6/16
#NNI moves:0/152
Guide Tree 7/16
#NNI moves:0/152
Guide Tree 8/16
#NNI moves:0/152
Guide Tree 9/16
#NNI moves:0/152
Guide Tree 10/16
#NNI moves:0/152
Guide Tree 11/16
#NNI moves:0/152
Guide Tree 12/16
#NNI moves:0/152
Guide Tree 13/16
#NNI moves:0/152
Guide Tree 14/16
#NNI moves:0/152
Guide Tree 15/16
#NNI moves:0/152
Remaining: 0
#NNI moves:0/152
#NNI moves:0/152
(((((((((((((((79,91),89),68),(48,52)),67),(38,((53,27),87))),((70,(43,72)),57)),((60,82),((22,23),17))),((((((((37,100),(((29,56),66),(33,44))),(55,20)),45),86),8),(30,49)),(97,40))),((((5,6),(4,7)),1),(3,2))),(((10,((39,18),59)),(62,90)),(((((85,88),78),98),61),(((((58,36),(96,13)),(94,63)),(51,64)),((((77,84),14),19),(80,(92,21))))))),((((((11,69),(81,26)),(((46,24),99),12)),65),(73,71)),((35,83),28))),((((((15,32),42),(31,74)),(50,25)),47),(9,(93,16)))),((((41,75),76),34),95)),54);
Guide Tree 0/16
#NNI moves:0/152
Guide Tree 1/16
#NNI moves:0/152
Guide Tree 2/16
#NNI moves:0/152
Guide Tree 3/16
#NNI moves:0/152
Guide Tree 4/16
#NNI moves:0/152
Guide Tree 5/16
#NNI moves:0/152
Guide Tree 6/16
#NNI moves:0/152
Guide Tree 7/16
#NNI moves:0/152
Guide Tree 8/16
#NNI moves:0/152
Guide Tree 9/16
#NNI moves:0/152
Guide Tree 10/16
#NNI moves:0/152
Guide Tree 11/16
#NNI moves:0/152
Guide Tree 12/16
#NNI moves:0/152
Guide Tree 13/16
#NNI moves:0/152
Guide Tree 14/16
#NNI moves:0/152
Guide Tree 15/16
#NNI moves:0/152
Remaining: 0
#NNI moves:0/152
#NNI moves:0/152
((((((((((((((89,(91,79)),68),(48,52)),67),((87,(53,27)),38)),(((72,43),70),57)),(((22,23),17),(60,82))),(((((((((66,(29,56)),(44,33)),(100,37)),(20,55)),45),86),8),(49,30)),(40,97))),((((7,4),(5,6)),1),(2,3))),(((10,(59,(18,39))),(90,62)),(((98,((85,88),78)),61),((((63,94),((96,13),(36,58))),(51,64)),(((21,92),80),((14,(84,77)),19)))))),((((((11,69),(26,81)),(((24,46),99),12)),65),(71,73)),((83,35),28))),((((50,25),((42,(15,32)),(74,31))),47),((16,93),9))),((((41,75),76),34),95)),54);
Guide Tree 0/16
#NNI moves:0/152
Guide Tree 1/16
#NNI moves:0/152
Guide Tree 2/16
#NNI moves:0/152
Guide Tree 3/16
#NNI moves:0/152
Guide Tree 4/16
#NNI moves:0/152
Guide Tree 5/16
#NNI moves:0/152
Guide Tree 6/16
#NNI moves:0/152
Guide Tree 7/16
#NNI moves:0/152
Guide Tree 8/16
#NNI moves:0/152
Guide Tree 9/16
#NNI moves:0/152
Guide Tree 10/16
#NNI moves:0/152
Guide Tree 11/16
#NNI moves:0/152
Guide Tree 12/16
#NNI moves:0/152
Guide Tree 13/16
#NNI moves:0/152
Guide Tree 14/16
#NNI moves:0/152
Guide Tree 15/16
#NNI moves:0/152
Remaining: 0
#NNI moves:0/152
#NNI moves:0/152
((((((((((80,(92,21)),(19,((77,84),14))),((51,64),(((58,36),(13,96)),(63,94)))),(((78,(88,85)),98),61)),((90,62),(((39,18),59),10))),((((((22,23),17),(60,82)),((((((89,(91,79)),68),(48,52)),67),((87,(53,27)),38)),(((72,43),70),57))),(((((((((44,33),(66,(29,56))),(37,100)),(20,55)),45),86),8),(30,49)),(97,40))),((3,2),(((7,4),(6,5)),1)))),((((((81,26),(11,69)),(12,(99,(24,46)))),65),(73,71)),((83,35),28))),((((((15,32),42),(74,31)),(25,50)),47),(9,(93,16)))),(((76,(41,75)),34),95)),54);
Guide Tree 0/16
#NNI moves:0/152
Guide Tree 1/16
#NNI moves:0/152
Guide Tree 2/16
#NNI moves:0/152
Guide Tree 3/16
#NNI moves:0/152
Guide Tree 4/16
#NNI moves:0/152
Guide Tree 5/16
#NNI moves:0/152
Guide Tree 6/16
#NNI moves:0/152
Guide Tree 7/16
#NNI moves:0/152
Guide Tree 8/16
#NNI moves:0/152
Guide Tree 9/16
#NNI moves:0/152
Guide Tree 10/16
#NNI moves:0/152
Guide Tree 11/16
#NNI moves:0/152
Guide Tree 12/16
#NNI moves:0/152
Guide Tree 13/16
#NNI moves:0/152
Guide Tree 14/16
#NNI moves:0/152
Guide Tree 15/16
#NNI moves:0/152
Remaining: 0
#NNI moves:4/152
#NNI moves:8/152
(((((((((((((52,48),(((91,79),89),68)),67),(38,(87,(27,53)))),((70,(72,43)),57)),(((23,22),17),(60,82))),(((30,49),(((((((66,(56,29)),(44,33)),(37,100)),(55,20)),45),86),8)),(40,97))),((1,((4,7),(6,5))),(2,3))),((((((92,21),80),(((84,77),14),19)),((((58,36),(96,13)),(94,63)),(51,64))),((((88,85),78),98),61)),((62,90),(((18,39),59),10)))),((28,(83,35)),((71,73),(((((46,24),99),12),((11,69),(26,81))),65)))),(((((74,31),((15,32),42)),(50,25)),47),((93,16),9))),((((75,41),76),34),95)),54);
Initial score: 3.16524e+09
Initial tree: (((((((((((((52,48),(((91,79),89),68)),67),(38,(87,(27,53)))),((70,(72,43)),57)),(((23,22),17),(60,82))),(((30,49),(((((((66,(56,29)),(44,33)),(37,100)),(55,20)),45),86),8)),(40,97))),((1,((4,7),(6,5))),(2,3))),((((((92,21),80),(((84,77),14),19)),((((58,36),(96,13)),(94,63)),(51,64))),((((88,85),78),98),61)),((62,90),(((18,39),59),10)))),((28,(83,35)),((71,73),(((((46,24),99),12),((11,69),(26,81))),65)))),(((((74,31),((15,32),42)),(50,25)),47),((93,16),9))),((((75,41),76),34),95)),54);
*** Subsample Process ***
Use two-step algorithm!
#NNI moves:0/152
Remaining: 0
#NNI moves:0/152
#NNI moves:0/152
(((((((((((((((((((11,69),(26,81)),((99,(24,46)),12)),65),(73,71)),((83,35),28)),(((((((15,32),42),(31,74)),(25,50)),47),((93,16),9)),((95,(((75,41),76),34)),54))),(((((((13,96),(58,36)),(94,63)),(64,51)),(((92,21),80),(((84,77),14),19))),(((78,(85,88)),98),61)),(((59,(39,18)),10),(90,62)))),((((7,4),(6,5)),1),(2,3))),((((((((((29,56),66),(33,44)),(100,37)),(20,55)),45),86),8),(30,49)),(97,40))),(((23,22),17),(60,82))),((70,(72,43)),57)),(((53,27),87),38)),67),(48,52)),68),89),79),91);
#NNI moves:0/152
Remaining: 0
#NNI moves:0/152
#NNI moves:0/152
(((((((((((((96,13),(58,36)),(63,94)),(51,64)),(((14,(77,84)),19),(80,(92,21)))),((((85,88),78),98),61)),((((18,39),59),10),(90,62))),(((((((43,72),70),57),((((((91,79),89),68),(48,52)),67),(((27,53),87),38))),(((22,23),17),(82,60))),(((30,49),(((45,((((33,44),((29,56),66)),(37,100)),(55,20))),86),8)),(97,40))),((((4,7),(6,5)),1),(3,2)))),(((((12,(99,(46,24))),((81,26),(69,11))),65),(73,71)),((83,35),28))),((47,(((31,74),(42,(32,15))),(50,25))),((93,16),9))),54),(34,((41,75),76))),95);
#NNI moves:0/152
Remaining: 1
#NNI moves:2/152
#NNI moves:2/152
((((((((((((((((43,72),70),57),((((((91,79),89),68),(48,52)),67),(((27,53),87),38))),(((23,22),17),(82,60))),(((49,30),(((((55,20),(((33,44),((29,56),66)),(100,37))),45),86),8)),(40,97))),((3,2),(((6,5),(4,7)),1))),((((((((32,15),42),(74,31)),(25,50)),47),((16,93),9)),(((((41,75),76),34),95),54)),((((((11,69),(81,26)),(((24,46),99),12)),65),(73,71)),((35,83),28)))),((10,(59,(18,39))),(90,62))),((((88,85),78),98),61)),((((84,77),14),19),((21,92),80))),(51,64)),(63,94)),(96,13)),36),58);
#NNI moves:0/152
Remaining: 2
#NNI moves:4/152
#NNI moves:6/152
((((((((((((((51,64),(((96,13),(58,36)),(94,63))),((19,((84,77),14)),((92,21),80))),(((78,(85,88)),98),61)),((((18,39),59),10),(62,90))),((((((((52,48),(((79,91),89),68)),67),((87,(53,27)),38)),(((72,43),70),57)),((60,82),(17,(23,22)))),(((((45,(((((56,29),66),(33,44)),(37,100)),(55,20))),86),8),(30,49)),(97,40))),((((5,6),(7,4)),1),(3,2)))),((((((11,69),(26,81)),(((46,24),99),12)),65),(73,71)),((83,35),28))),((((((15,32),42),(74,31)),(25,50)),47),((93,16),9))),54),95),34),76),75),41);
Current score: 3.16524e+09
Current tree: ((((((((((51,64),(((96,13),(58,36)),(94,63))),((19,((84,77),14)),((92,21),80))),(((78,(85,88)),98),61)),((((18,39),59),10),(62,90))),((((((((52,48),(((79,91),89),68)),67),((87,(53,27)),38)),(((72,43),70),57)),((60,82),(17,(23,22)))),(((((45,(((((56,29),66),(33,44)),(37,100)),(55,20))),86),8),(30,49)),(97,40))),((((5,6),(7,4)),1),(3,2)))),((((((11,69),(26,81)),(((46,24),99),12)),65),(73,71)),((83,35),28))),((((((15,32),42),(74,31)),(25,50)),47),((93,16),9))),(95,(34,(76,(75,41))))),54);
Final Tree: ((((((((((51,64),(((96,13),(58,36)),(94,63))),((19,((84,77),14)),((92,21),80))),(((78,(85,88)),98),61)),((((18,39),59),10),(62,90))),((((((((52,48),(((79,91),89),68)),67),((87,(53,27)),38)),(((72,43),70),57)),((60,82),(17,(23,22)))),(((((45,(((((56,29),66),(33,44)),(37,100)),(55,20))),86),8),(30,49)),(97,40))),((((5,6),(7,4)),1),(3,2)))),((((((11,69),(26,81)),(((46,24),99),12)),65),(73,71)),((83,35),28))),((((((15,32),42),(74,31)),(25,50)),47),((93,16),9))),(95,(34,(76,(75,41))))),54);
#EqQuartets: 3921225000
Score: 3165236515
ASTRAL for PaRalogs and Orthologs III (ASTRAL-Pro3)
*** NOW with integrated CASTLES-Pro ***
Version: v1.22.3.6
Read 512 genetrees and found 100 species.
#Genetrees: 1000
#Duploss: 0
#Species: 100
#Rounds: 4
#Samples: 4
#Threads: 1
Use two-step algorithm!
Guide Tree 0/16
#NNI moves:0/152
Guide Tree 1/16
#NNI moves:0/152
Guide Tree 2/16
#NNI moves:0/152
Guide Tree 3/16
#NNI moves:0/152
Guide Tree 4/16
#NNI moves:0/152
Guide Tree 5/16
#NNI moves:0/152
Guide Tree 6/16
#NNI moves:0/152
Guide Tree 7/16
#NNI moves:0/152
Guide Tree 8/16
#NNI moves:0/152
Guide Tree 9/16
#NNI moves:0/152
Guide Tree 10/16
#NNI moves:0/152
Guide Tree 11/16
#NNI moves:0/152
Guide Tree 12/16
#NNI moves:0/152
Guide Tree 13/16
#NNI moves:0/152
Guide Tree 14/16
#NNI moves:0/152
Guide Tree 15/16
#NNI moves:0/152
Remaining: 0
#NNI moves:0/152
#NNI moves:0/152
(((((((((((((((((87,57),93),(60,70)),84),(74,67)),47),(96,(((62,76),89),(50,(49,78))))),(79,(((((65,48),51),90),(82,71)),99))),54),(((((((88,100),61),(52,56)),((94,83),((53,55),69))),(((((45,(73,77)),66),(58,85)),95),((63,(92,(80,68))),((59,46),64)))),(((97,91),81),(86,72))),(98,75))),((((((35,42),(((32,44),16),5)),(2,24)),43),((17,4),(28,41))),(((6,((34,3),8)),1),(9,20)))),(((7,14),33),((19,31),((37,10),21)))),(27,((36,18),12))),13),((26,38),(((22,11),(29,15)),(30,40)))),(39,23)),25);
Guide Tree 0/16
#NNI moves:0/152
Guide Tree 1/16
#NNI moves:0/152
Guide Tree 2/16
#NNI moves:0/152
Guide Tree 3/16
#NNI moves:0/152
Guide Tree 4/16
#NNI moves:0/152
Guide Tree 5/16
#NNI moves:0/152
Guide Tree 6/16
#NNI moves:0/152
Guide Tree 7/16
#NNI moves:0/152
Guide Tree 8/16
#NNI moves:0/152
Guide Tree 9/16
#NNI moves:0/152
Guide Tree 10/16
#NNI moves:0/152
Guide Tree 11/16
#NNI moves:0/152
Guide Tree 12/16
#NNI moves:0/152
Guide Tree 13/16
#NNI moves:0/152
Guide Tree 14/16
#NNI moves:0/152
Guide Tree 15/16
#NNI moves:0/152
Remaining: 0
#NNI moves:0/152
#NNI moves:0/152
((((((((((((((((48,65),51),90),(71,82)),99),79),(((((76,62),89),((49,78),50)),96),(((84,((60,70),((87,57),93))),(74,67)),47))),54),((((((56,52),((100,88),61)),((94,83),((55,53),69))),(((((45,(77,73)),66),(85,58)),95),(((59,46),64),((92,(80,68)),63)))),((72,86),((91,97),81))),(75,98))),(((9,20),(((8,(3,34)),6),1)),(((((35,42),(((44,32),16),5)),(24,2)),43),((41,28),(4,17))))),(((7,14),33),((31,19),((10,37),21)))),((12,(36,18)),27)),13),((38,26),(((22,11),(29,15)),(40,30)))),(23,39)),25);
Guide Tree 0/16
#NNI moves:0/152
Guide Tree 1/16
#NNI moves:0/152
Guide Tree 2/16
#NNI moves:0/152
Guide Tree 3/16
#NNI moves:0/152
Guide Tree 4/16
#NNI moves:0/152
Guide Tree 5/16
#NNI moves:0/152
Guide Tree 6/16
#NNI moves:0/152
Guide Tree 7/16
#NNI moves:0/152
Guide Tree 8/16
#NNI moves:0/152
Guide Tree 9/16
#NNI moves:0/152
Guide Tree 10/16
#NNI moves:0/152
Guide Tree 11/16
#NNI moves:0/152
Guide Tree 12/16
#NNI moves:0/152
Guide Tree 13/16
#NNI moves:0/152
Guide Tree 14/16
#NNI moves:0/152
Guide Tree 15/16
#NNI moves:0/152
Remaining: 0
#NNI moves:2/152
#NNI moves:2/152
((((((((((((((52,56),(61,(100,88))),((83,94),(69,(53,55)))),((((59,46),64),(63,((68,80),92))),(((((73,77),45),66),(58,85)),95))),((86,72),(81,(97,91)))),(98,75)),(((((((76,62),89),(50,(78,49))),96),(((74,67),((((87,57),93),(70,60)),84)),47)),((((((48,65),51),90),(71,82)),99),79)),54)),((((((35,42),((16,(32,44)),5)),(24,2)),43),((17,4),(41,28))),((20,9),(1,(((3,34),8),6))))),(((19,31),(21,(10,37))),(33,(7,14)))),(27,(12,(18,36)))),13),((((11,22),(29,15)),(30,40)),(26,38))),(23,39)),25);
Guide Tree 0/16
#NNI moves:0/152
Guide Tree 1/16
#NNI moves:0/152
Guide Tree 2/16
#NNI moves:0/152
Guide Tree 3/16
#NNI moves:0/152
Guide Tree 4/16
#NNI moves:0/152
Guide Tree 5/16
#NNI moves:0/152
Guide Tree 6/16
#NNI moves:0/152
Guide Tree 7/16
#NNI moves:0/152
Guide Tree 8/16
#NNI moves:0/152
Guide Tree 9/16
#NNI moves:0/152
Guide Tree 10/16
#NNI moves:0/152
Guide Tree 11/16
#NNI moves:0/152
Guide Tree 12/16
#NNI moves:0/152
Guide Tree 13/16
#NNI moves:0/152
Guide Tree 14/16
#NNI moves:0/152
Guide Tree 15/16
#NNI moves:0/152
Remaining: 0
#NNI moves:2/152
#NNI moves:2/152
((((((((((((((((70,60),((87,57),93)),84),(74,67)),47),((((62,76),89),((78,49),50)),96)),(((((51,(48,65)),90),(71,82)),99),79)),54),(((((((46,59),64),(((80,68),92),63)),(((85,58),((45,(73,77)),66)),95)),(((61,(88,100)),(52,56)),((83,94),(69,(55,53))))),((81,(97,91)),(86,72))),(98,75))),((((((5,((32,44),16)),(42,35)),(24,2)),43),((41,28),(4,17))),((9,20),((6,((34,3),8)),1)))),(((31,19),((37,10),21)),((7,14),33))),((12,(18,36)),27)),13),((((22,11),(29,15)),(40,30)),(38,26))),(39,23)),25);
Initial score: 3.16446e+09
Initial tree: ((((((((((((((((70,60),((87,57),93)),84),(74,67)),47),((((62,76),89),((78,49),50)),96)),(((((51,(48,65)),90),(71,82)),99),79)),54),(((((((46,59),64),(((80,68),92),63)),(((85,58),((45,(73,77)),66)),95)),(((61,(88,100)),(52,56)),((83,94),(69,(55,53))))),((81,(97,91)),(86,72))),(98,75))),((((((5,((32,44),16)),(42,35)),(24,2)),43),((41,28),(4,17))),((9,20),((6,((34,3),8)),1)))),(((31,19),((37,10),21)),((7,14),33))),((12,(18,36)),27)),13),((((22,11),(29,15)),(40,30)),(38,26))),(39,23)),25);
*** Subsample Process ***
Use two-step algorithm!
#NNI moves:0/152
Remaining: 0
#NNI moves:0/152
#NNI moves:0/152
((((((((((((((((7,14),33),((21,(10,37)),(19,31))),((27,((18,36),12)),((((((29,15),(22,11)),(30,40)),(38,26)),((23,39),25)),13))),((((((42,35),(((32,44),16),5)),(24,2)),43),((4,17),(41,28))),(((6,(8,(34,3))),1),(20,9)))),((((((((68,80),92),63),((46,59),64)),(((((73,77),45),66),(85,58)),95)),(((83,94),((53,55),69)),(((88,100),61),(56,52)))),(((97,91),81),(72,86))),(75,98))),54),((((90,((48,65),51)),(71,82)),99),79)),((((62,76),89),(50,(49,78))),96)),47),(67,74)),84),(70,60)),93),57),87);
#NNI moves:0/152
Remaining: 0
#NNI moves:0/152
#NNI moves:0/152
((((((((((((((((((((73,77),45),66),(58,85)),95),((((80,68),92),63),(64,(59,46)))),(((94,83),((55,53),69)),(((88,100),61),(56,52)))),(((97,91),81),(86,72))),(75,98)),((((((((70,60),(93,(57,87))),84),(67,74)),47),((((62,76),89),((78,49),50)),96)),((99,((((48,65),51),90),(82,71))),79)),54)),((((((35,42),(((32,44),16),5)),(24,2)),43),((17,4),(41,28))),(((6,((34,3),8)),1),(20,9)))),(((31,19),(21,(37,10))),(33,(14,7)))),(((36,18),12),27)),13),((23,39),25)),(26,38)),(30,40)),(11,22)),15),29);
#NNI moves:0/152
Remaining: 0
#NNI moves:0/152
#NNI moves:0/152
((((((((((((((((((((44,32),16),5),(42,35)),(2,24)),43),((17,4),(28,41))),(((((34,3),8),6),1),(20,9))),((((7,14),33),(((10,37),21),(31,19))),((13,(((((11,22),(29,15)),(40,30)),(38,26)),(25,(23,39)))),((12,(36,18)),27)))),(((((((((57,87),93),(70,60)),84),(67,74)),47),((((62,76),89),((78,49),50)),96)),((99,((90,((65,48),51)),(82,71))),79)),54)),(75,98)),(((97,91),81),(72,86))),((((53,55),69),(94,83)),(((100,88),61),(52,56)))),(((46,59),64),(((80,68),92),63))),95),(58,85)),66),45),77),73);
#NNI moves:0/152
Remaining: 0
#NNI moves:0/152
#NNI moves:0/152
((((((((((((((((((87,57),93),(60,70)),84),(74,67)),47),((((49,78),50),(89,(76,62))),96)),(((((51,(48,65)),90),(82,71)),99),79)),54),((((86,72),((97,91),81)),(((((46,59),64),(((80,68),92),63)),(((66,((77,73),45)),(85,58)),95)),(((52,56),(61,(88,100))),((83,94),((55,53),69))))),(75,98))),(((((24,2),((((32,44),16),5),(42,35))),43),((4,17),(28,41))),(((6,((34,3),8)),1),(9,20)))),((((37,10),21),(31,19)),((7,14),33))),(27,(12,(18,36)))),13),(((30,40),((11,22),(15,29))),(26,38))),25),23),39);
Current score: 3.16446e+09
Current tree: (((((((((((((((((87,57),93),(60,70)),84),(74,67)),47),((((49,78),50),(89,(76,62))),96)),(((((51,(48,65)),90),(82,71)),99),79)),54),((((86,72),((97,91),81)),(((((46,59),64),(((80,68),92),63)),(((66,((77,73),45)),(85,58)),95)),(((52,56),(61,(88,100))),((83,94),((55,53),69))))),(75,98))),(((((24,2),((((32,44),16),5),(42,35))),43),((4,17),(28,41))),(((6,((34,3),8)),1),(9,20)))),((((37,10),21),(31,19)),((7,14),33))),(27,(12,(18,36)))),13),(((30,40),((11,22),(15,29))),(26,38))),(23,39)),25);
Final Tree: (((((((((((((((((87,57),93),(60,70)),84),(74,67)),47),((((49,78),50),(89,(76,62))),96)),(((((51,(48,65)),90),(82,71)),99),79)),54),((((86,72),((97,91),81)),(((((46,59),64),(((80,68),92),63)),(((66,((77,73),45)),(85,58)),95)),(((52,56),(61,(88,100))),((83,94),((55,53),69))))),(75,98))),(((((24,2),((((32,44),16),5),(42,35))),43),((4,17),(28,41))),(((6,((34,3),8)),1),(9,20)))),((((37,10),21),(31,19)),((7,14),33))),(27,(12,(18,36)))),13),(((30,40),((11,22),(15,29))),(26,38))),(23,39)),25);
#EqQuartets: 3921225000
Score: 3164463125
ASTRAL for PaRalogs and Orthologs III (ASTRAL-Pro3)
*** NOW with integrated CASTLES-Pro ***
Version: v1.22.3.6
Read 512 genetrees and found 100 species.
#Genetrees: 1000
#Duploss: 0
#Species: 100
#Rounds: 4
#Samples: 4
#Threads: 1
Use two-step algorithm!
Guide Tree 0/16
#NNI moves:0/152
Guide Tree 1/16
#NNI moves:0/152
Guide Tree 2/16
#NNI moves:0/152
Guide Tree 3/16
#NNI moves:0/152
Guide Tree 4/16
#NNI moves:0/152
Guide Tree 5/16
#NNI moves:0/152
Guide Tree 6/16
#NNI moves:0/152
Guide Tree 7/16
#NNI moves:0/152
Guide Tree 8/16
#NNI moves:0/152
Guide Tree 9/16
#NNI moves:0/152
Guide Tree 10/16
#NNI moves:0/152
Guide Tree 11/16
#NNI moves:0/152
Guide Tree 12/16
#NNI moves:0/152
Guide Tree 13/16
#NNI moves:0/152
Guide Tree 14/16
#NNI moves:0/152
Guide Tree 15/16
#NNI moves:0/152
Remaining: 0
#NNI moves:0/152
#NNI moves:0/152
(((((((((((((((((((8,(35,6)),10),((30,1),((15,23),27))),(3,13)),(26,34)),((4,32),11)),28),((((22,16),(18,21)),14),(17,2))),(((25,12),(9,31)),(7,19))),((20,29),((33,24),(36,5)))),((96,72),92)),((44,79),60)),(((((((62,87),(54,99)),50),81),(((86,78),(83,65)),((((((69,(90,100)),68),53),(57,41)),45),(98,(46,67))))),(((((56,47),77),(38,71)),(84,((75,43),58))),((82,(93,88)),(55,85)))),((((48,95),(80,((73,74),61))),((94,49),37)),((97,64),70)))),39),((((52,42),59),(91,51)),89)),66),40),63),76);
Guide Tree 0/16
#NNI moves:0/152
Guide Tree 1/16
#NNI moves:0/152
Guide Tree 2/16
#NNI moves:0/152
Guide Tree 3/16
#NNI moves:0/152
Guide Tree 4/16
#NNI moves:0/152
Guide Tree 5/16
#NNI moves:0/152
Guide Tree 6/16
#NNI moves:0/152
Guide Tree 7/16
#NNI moves:0/152
Guide Tree 8/16
#NNI moves:0/152
Guide Tree 9/16
#NNI moves:0/152
Guide Tree 10/16
#NNI moves:0/152
Guide Tree 11/16
#NNI moves:0/152
Guide Tree 12/16
#NNI moves:0/152
Guide Tree 13/16
#NNI moves:0/152
Guide Tree 14/16
#NNI moves:0/152
Guide Tree 15/16
#NNI moves:0/152
Remaining: 0
#NNI moves:0/152
#NNI moves:0/152
((((((((((((((((32,4),11),((((((15,23),27),(1,30)),(((6,35),8),10)),(13,3)),(34,26))),28),((2,17),(14,((22,16),(21,18))))),(((31,9),(25,12)),(19,7))),(((33,24),(36,5)),(20,29))),((96,72),92)),((44,79),60)),((((37,(49,94)),((48,95),((61,(74,73)),80))),((97,64),70)),((((((87,62),(54,99)),50),81),((((46,67),98),(45,(((((90,100),69),68),53),(57,41)))),((86,78),(83,65)))),((((88,93),82),(85,55)),(((38,71),(77,(47,56))),(((75,43),58),84)))))),39),(((59,(42,52)),(51,91)),89)),66),40),63),76);
Guide Tree 0/16
#NNI moves:0/152
Guide Tree 1/16
#NNI moves:0/152
Guide Tree 2/16
#NNI moves:0/152
Guide Tree 3/16
#NNI moves:0/152
Guide Tree 4/16
#NNI moves:0/152
Guide Tree 5/16
#NNI moves:0/152
Guide Tree 6/16
#NNI moves:0/152
Guide Tree 7/16
#NNI moves:0/152
Guide Tree 8/16
#NNI moves:0/152
Guide Tree 9/16
#NNI moves:0/152
Guide Tree 10/16
#NNI moves:0/152
Guide Tree 11/16
#NNI moves:0/152
Guide Tree 12/16
#NNI moves:0/152
Guide Tree 13/16
#NNI moves:0/152
Guide Tree 14/16
#NNI moves:0/152
Guide Tree 15/16
#NNI moves:0/152
Remaining: 0
#NNI moves:0/152
#NNI moves:0/152
((((((((((((((((26,34),((((8,(35,6)),10),((1,30),((23,15),27))),(3,13))),((32,4),11)),28),((17,2),(((16,22),(18,21)),14))),(((9,31),(12,25)),(7,19))),(((33,24),(36,5)),(20,29))),(92,(72,96))),((79,44),60)),(((((48,95),(((74,73),61),80)),((49,94),37)),(70,(64,97))),(((((77,(47,56)),(71,38)),((58,(75,43)),84)),((82,(88,93)),(55,85))),(((((87,62),(54,99)),50),81),((((67,46),98),(((((69,(100,90)),68),53),(41,57)),45)),((86,78),(83,65))))))),39),(((59,(42,52)),(91,51)),89)),66),40),63),76);
Guide Tree 0/16
#NNI moves:0/152
Guide Tree 1/16
#NNI moves:0/152
Guide Tree 2/16
#NNI moves:0/152
Guide Tree 3/16
#NNI moves:0/152
Guide Tree 4/16
#NNI moves:0/152
Guide Tree 5/16
#NNI moves:0/152
Guide Tree 6/16
#NNI moves:0/152
Guide Tree 7/16
#NNI moves:0/152
Guide Tree 8/16
#NNI moves:0/152
Guide Tree 9/16
#NNI moves:0/152
Guide Tree 10/16
#NNI moves:0/152
Guide Tree 11/16
#NNI moves:0/152
Guide Tree 12/16
#NNI moves:0/152
Guide Tree 13/16
#NNI moves:0/152
Guide Tree 14/16
#NNI moves:0/152
Guide Tree 15/16
#NNI moves:0/152
Remaining: 0
#NNI moves:8/152
#NNI moves:8/152
((((((((((((((((((100,90),69),68),53),(41,57)),45),((67,46),98)),((86,78),(65,83))),((50,((87,62),(54,99))),81)),((((71,38),((47,56),77)),(84,((75,43),58))),(((88,93),82),(85,55)))),((70,(97,64)),((37,(94,49)),((80,((73,74),61)),(48,95))))),(((((((((((((6,35),8),10),((1,30),(27,(15,23)))),(13,3)),(34,26)),((4,32),11)),28),((((16,22),(18,21)),14),(17,2))),(((9,31),(25,12)),(7,19))),(((33,24),(5,36)),(20,29))),((72,96),92)),((44,79),60))),39),(((91,51),((52,42),59)),89)),66),40),63),76);
Initial score: 3.30762e+09
Initial tree: ((((((((((((((((((100,90),69),68),53),(41,57)),45),((67,46),98)),((86,78),(65,83))),((50,((87,62),(54,99))),81)),((((71,38),((47,56),77)),(84,((75,43),58))),(((88,93),82),(85,55)))),((70,(97,64)),((37,(94,49)),((80,((73,74),61)),(48,95))))),(((((((((((((6,35),8),10),((1,30),(27,(15,23)))),(13,3)),(34,26)),((4,32),11)),28),((((16,22),(18,21)),14),(17,2))),(((9,31),(25,12)),(7,19))),(((33,24),(5,36)),(20,29))),((72,96),92)),((44,79),60))),39),(((91,51),((52,42),59)),89)),66),40),63),76);
*** Subsample Process ***
Use two-step algorithm!
#NNI moves:0/152
Remaining: 0
#NNI moves:0/152
#NNI moves:0/152
((((((((((((((((((((((8,(35,6)),10),((30,1),((23,15),27))),(13,3)),(34,26)),((4,32),11)),28),((17,2),(((22,16),(18,21)),14))),(((9,31),(25,12)),(7,19))),((29,20),((36,5),(24,33)))),((96,72),92)),((79,44),60)),(((((91,51),((42,52),59)),89),(66,(40,(63,76)))),39)),((70,(97,64)),(((80,(61,(73,74))),(95,48)),((94,49),37)))),((((77,(47,56)),(71,38)),(((43,75),58),84)),((55,85),(82,(88,93))))),(81,(((99,54),(87,62)),50))),((86,78),(83,65))),(98,(67,46))),45),(41,57)),(68,(69,(100,90)))),53);
#NNI moves:0/152
Remaining: 0
#NNI moves:0/152
#NNI moves:0/152
((((((((((((((22,16),(18,21)),14),(17,2)),(((((((30,1),((15,23),27)),(10,((6,35),8))),(3,13)),(26,34)),((32,4),11)),28)),(((12,25),(9,31)),(19,7))),(((5,36),(24,33)),(20,29))),((72,96),92)),((79,44),60)),(((((((((((100,90),69),68),53),(41,57)),45),(98,(46,67))),((65,83),(78,86))),(81,(((62,87),(54,99)),50))),((((58,(75,43)),84),((77,(47,56)),(71,38))),((82,(88,93)),(55,85)))),(((97,64),70),(((48,95),(80,((73,74),61))),((49,94),37))))),39),(((51,91),(59,(42,52))),89)),((63,76),40)),66);
#NNI moves:0/152
Remaining: 0
#NNI moves:0/152
#NNI moves:0/152
(((((((((((((((((78,86),(65,83)),((((53,(68,((100,90),69))),(41,57)),45),(98,(46,67)))),(81,(((62,87),(54,99)),50))),((((38,71),((56,47),77)),((58,(43,75)),84)),((85,55),(82,(93,88))))),(((64,97),70),(((((73,74),61),80),(95,48)),((49,94),37)))),(((((51,91),(59,(42,52))),89),(((76,63),40),66)),39)),((79,44),60)),((96,72),92)),(((5,36),(33,24)),(29,20))),(((31,9),(25,12)),(7,19))),((((((((35,6),8),10),(((23,15),27),(1,30))),(13,3)),(26,34)),((32,4),11)),28)),(2,17)),14),(18,21)),22),16);
#NNI moves:0/152
Remaining: 0
#NNI moves:6/152
#NNI moves:16/152
((((((((((((46,67),98),(((53,((69,(90,100)),68)),(57,41)),45)),((86,78),(83,65))),((50,((62,87),(99,54))),81)),(((((75,43),58),84),(((47,56),77),(38,71))),((55,85),(82,(93,88))))),((((80,((73,74),61)),(95,48)),((94,49),37)),((97,64),70))),((((((((((((8,(6,35)),10),((27,(23,15)),(1,30))),(3,13)),(26,34)),(11,(32,4))),28),((17,2),(((18,21),(22,16)),14))),(((9,31),(12,25)),(7,19))),(((5,36),(33,24)),(20,29))),((96,72),92)),(60,(79,44)))),39),((40,(63,76)),66)),((59,(52,42)),(91,51))),89);
Current score: 3.30762e+09
Current tree: ((63,(40,(66,((((((((((46,67),98),(((53,((69,(90,100)),68)),(57,41)),45)),((86,78),(83,65))),((50,((62,87),(99,54))),81)),(((((75,43),58),84),(((47,56),77),(38,71))),((55,85),(82,(93,88))))),((((80,((73,74),61)),(95,48)),((94,49),37)),((97,64),70))),((((((((((((8,(6,35)),10),((27,(23,15)),(1,30))),(3,13)),(26,34)),(11,(32,4))),28),((17,2),(((18,21),(22,16)),14))),(((9,31),(12,25)),(7,19))),(((5,36),(33,24)),(20,29))),((96,72),92)),(60,(79,44)))),39),(((59,(52,42)),(91,51)),89))))),76);
Final Tree: ((63,(40,(66,((((((((((46,67),98),(((53,((69,(90,100)),68)),(57,41)),45)),((86,78),(83,65))),((50,((62,87),(99,54))),81)),(((((75,43),58),84),(((47,56),77),(38,71))),((55,85),(82,(93,88))))),((((80,((73,74),61)),(95,48)),((94,49),37)),((97,64),70))),((((((((((((8,(6,35)),10),((27,(23,15)),(1,30))),(3,13)),(26,34)),(11,(32,4))),28),((17,2),(((18,21),(22,16)),14))),(((9,31),(12,25)),(7,19))),(((5,36),(33,24)),(20,29))),((96,72),92)),(60,(79,44)))),39),(((59,(52,42)),(91,51)),89))))),76);
#EqQuartets: 3921225000
Score: 3307617229
ASTRAL for PaRalogs and Orthologs III (ASTRAL-Pro3)
*** NOW with integrated CASTLES-Pro ***
Version: v1.22.3.6
Read 512 genetrees and found 100 species.
#Genetrees: 1000
#Duploss: 0
#Species: 100
#Rounds: 4
#Samples: 4
#Threads: 1
Use two-step algorithm!
Guide Tree 0/16
#NNI moves:0/152
Guide Tree 1/16
#NNI moves:0/152
Guide Tree 2/16
#NNI moves:0/152
Guide Tree 3/16
#NNI moves:0/152
Guide Tree 4/16
#NNI moves:0/152
Guide Tree 5/16
#NNI moves:0/152
Guide Tree 6/16
#NNI moves:0/152
Guide Tree 7/16
#NNI moves:0/152
Guide Tree 8/16
#NNI moves:0/152
Guide Tree 9/16
#NNI moves:0/152
Guide Tree 10/16
#NNI moves:0/152
Guide Tree 11/16
#NNI moves:0/152
Guide Tree 12/16
#NNI moves:0/152
Guide Tree 13/16
#NNI moves:0/152
Guide Tree 14/16
#NNI moves:0/152
Guide Tree 15/16
#NNI moves:0/152
Remaining: 0
#NNI moves:0/152
#NNI moves:0/152
((((((((((((((39,1),(25,98)),(((87,20),31),63)),(((30,16),((61,79),12)),57)),(((11,((85,52),80)),(68,56)),(88,(((18,60),6),(37,84))))),100),((((32,29),4),((95,94),44)),(((72,77),(67,65)),(24,83)))),(((((((((28,66),26),62),3),(((((2,43),9),(41,96)),53),((50,38),(74,34)))),(((((48,42),46),22),69),(99,47))),(93,33)),(((((8,75),(64,13)),((23,59),21)),5),((90,78),27))),(45,(82,54)))),((((10,51),49),(7,(17,(36,55)))),70)),((71,86),35)),(((73,81),58),(92,19))),((((76,14),40),97),89)),15),91);
Guide Tree 0/16
#NNI moves:0/152
Guide Tree 1/16
#NNI moves:0/152
Guide Tree 2/16
#NNI moves:0/152
Guide Tree 3/16
#NNI moves:0/152
Guide Tree 4/16
#NNI moves:0/152
Guide Tree 5/16
#NNI moves:0/152
Guide Tree 6/16
#NNI moves:0/152
Guide Tree 7/16
#NNI moves:0/152
Guide Tree 8/16
#NNI moves:0/152
Guide Tree 9/16
#NNI moves:0/152
Guide Tree 10/16
#NNI moves:0/152
Guide Tree 11/16
#NNI moves:0/152
Guide Tree 12/16
#NNI moves:0/152
Guide Tree 13/16
#NNI moves:0/152
Guide Tree 14/16
#NNI moves:0/152
Guide Tree 15/16
#NNI moves:0/152
Remaining: 0
#NNI moves:0/152
#NNI moves:0/152
((((((((((((88,((6,(60,18)),(84,37))),((56,68),(11,((52,85),80)))),(((63,(31,(87,20))),((1,39),(98,25))),((((61,79),12),(16,30)),57))),100),((((29,32),4),(44,(94,95))),(((65,67),(77,72)),(24,83)))),(((((((((28,66),26),62),3),((((96,41),((43,2),9)),53),((50,38),(74,34)))),((69,(22,((48,42),46))),(47,99))),(33,93)),(((78,90),27),((((59,23),21),((75,8),(64,13))),5))),((82,54),45))),(((((36,55),17),7),(49,(51,10))),70)),((86,71),35)),(((73,81),58),(19,92))),((((14,76),40),97),89)),15),91);
Guide Tree 0/16
#NNI moves:0/152
Guide Tree 1/16
#NNI moves:0/152
Guide Tree 2/16
#NNI moves:0/152
Guide Tree 3/16
#NNI moves:0/152
Guide Tree 4/16
#NNI moves:0/152
Guide Tree 5/16
#NNI moves:0/152
Guide Tree 6/16
#NNI moves:0/152
Guide Tree 7/16
#NNI moves:0/152
Guide Tree 8/16
#NNI moves:0/152
Guide Tree 9/16
#NNI moves:0/152
Guide Tree 10/16
#NNI moves:0/152
Guide Tree 11/16
#NNI moves:0/152
Guide Tree 12/16
#NNI moves:0/152
Guide Tree 13/16
#NNI moves:0/152
Guide Tree 14/16
#NNI moves:0/152
Guide Tree 15/16
#NNI moves:0/152
Remaining: 0
#NNI moves:0/152
#NNI moves:0/152
(((((((((((((((50,38),(34,74)),(((41,96),(9,(2,43))),53)),(((26,(28,66)),62),3)),((99,47),((((48,42),46),22),69))),(33,93)),((27,(78,90)),((((64,13),(75,8)),(21,(23,59))),5))),(45,(54,82))),((((((63,((87,20),31)),((39,1),(98,25))),(57,((16,30),(12,(61,79))))),(((68,56),((80,(85,52)),11)),(88,((84,37),((60,18),6))))),100),(((24,83),((72,77),(67,65))),(((95,94),44),((32,29),4))))),(((((55,36),17),7),(49,(51,10))),70)),((86,71),35)),((19,92),((73,81),58))),((((14,76),40),97),89)),15),91);
Guide Tree 0/16
#NNI moves:0/152
Guide Tree 1/16
#NNI moves:0/152
Guide Tree 2/16
#NNI moves:0/152
Guide Tree 3/16
#NNI moves:0/152
Guide Tree 4/16
#NNI moves:0/152
Guide Tree 5/16
#NNI moves:0/152
Guide Tree 6/16
#NNI moves:0/152
Guide Tree 7/16
#NNI moves:0/152
Guide Tree 8/16
#NNI moves:0/152
Guide Tree 9/16
#NNI moves:0/152
Guide Tree 10/16
#NNI moves:0/152
Guide Tree 11/16
#NNI moves:0/152
Guide Tree 12/16
#NNI moves:0/152
Guide Tree 13/16
#NNI moves:0/152
Guide Tree 14/16
#NNI moves:0/152
Guide Tree 15/16
#NNI moves:0/152
Remaining: 0
#NNI moves:0/152
#NNI moves:0/152
((((((((((((((1,39),(25,98)),(((20,87),31),63)),(((16,30),((79,61),12)),57)),((((80,(85,52)),11),(68,56)),((((18,60),6),(37,84)),88))),100),((((32,29),4),((95,94),44)),(((65,67),(72,77)),(24,83)))),((((((21,(23,59)),((64,13),(75,8))),5),((78,90),27)),((((((38,50),(74,34)),((((43,2),9),(41,96)),53)),((62,((28,66),26)),3)),(((22,((48,42),46)),69),(99,47))),(93,33))),((54,82),45))),(((((36,55),17),7),(49,(10,51))),70)),((71,86),35)),(((81,73),58),(19,92))),((((76,14),40),97),89)),15),91);
Initial score: 3.02729e+09
Initial tree: ((((((((((((((1,39),(25,98)),(((20,87),31),63)),(((16,30),((79,61),12)),57)),((((80,(85,52)),11),(68,56)),((((18,60),6),(37,84)),88))),100),((((32,29),4),((95,94),44)),(((65,67),(72,77)),(24,83)))),((((((21,(23,59)),((64,13),(75,8))),5),((78,90),27)),((((((38,50),(74,34)),((((43,2),9),(41,96)),53)),((62,((28,66),26)),3)),(((22,((48,42),46)),69),(99,47))),(93,33))),((54,82),45))),(((((36,55),17),7),(49,(10,51))),70)),((71,86),35)),(((81,73),58),(19,92))),((((76,14),40),97),89)),15),91);
*** Subsample Process ***
Use two-step algorithm!
#NNI moves:0/152
Remaining: 0
#NNI moves:0/152
#NNI moves:0/152
(((((((((((((((((74,34),(38,50)),(((41,96),((43,2),9)),53)),(3,(((66,28),26),62))),((((46,(42,48)),22),69),(47,99))),(33,93)),(((((64,13),(75,8)),((23,59),21)),5),(27,(78,90)))),(45,(54,82))),((((((((14,76),40),97),89),(15,91)),(((81,73),58),(19,92))),((86,71),35)),(((7,(17,(55,36))),((51,10),49)),70))),((((32,29),4),((95,94),44)),(((77,72),(67,65)),(83,24)))),100),(((68,56),(11,((85,52),80))),((((18,60),6),(84,37)),88))),(((30,16),(12,(61,79))),57)),(((20,87),31),63)),(98,25)),1),39);
#NNI moves:0/152
Remaining: 0
#NNI moves:0/152
#NNI moves:0/152
((((((((((((((((41,96),(9,(2,43))),53),((34,74),(50,38))),((62,((28,66),26)),3)),(((22,((48,42),46)),69),(99,47))),(93,33)),(((((23,59),21),((64,13),(75,8))),5),(27,(78,90)))),((54,82),45)),((((((11,((85,52),80)),(68,56)),(88,(((18,60),6),(84,37)))),((((30,16),((61,79),12)),57),(((25,98),(1,39)),(63,((20,87),31))))),100),((((65,67),(72,77)),(83,24)),(((95,94),44),((29,32),4))))),(((7,((55,36),17)),((10,51),49)),70)),(35,(86,71))),((92,19),((73,81),58))),(89,((40,(14,76)),97))),91),15);
#NNI moves:0/152
Remaining: 0
#NNI moves:0/152
#NNI moves:0/152
(((((((((((((((((((85,52),80),11),(56,68)),(((37,84),((18,60),6)),88)),((((98,25),(1,39)),((31,(20,87)),63)),(((12,(61,79)),(16,30)),57))),100),((((95,94),44),(4,(32,29))),(((77,72),(65,67)),(83,24)))),((((((73,81),58),(19,92)),((89,(97,((14,76),40))),(91,15))),(35,(86,71))),(((7,((55,36),17)),((10,51),49)),70))),(45,(54,82))),(((((64,13),(8,75)),((59,23),21)),5),(27,(90,78)))),(33,93)),(((22,(46,(48,42))),69),(99,47))),((((28,66),26),62),3)),((38,50),(34,74))),53),((2,43),9)),96),41);
#NNI moves:0/152
Remaining: 0
#NNI moves:0/152
#NNI moves:0/152
((((((((((((((((62,(26,(66,28))),3),(((38,50),(74,34)),(((9,(43,2)),(96,41)),53))),((47,99),((22,((48,42),46)),69))),(93,33)),(((((75,8),(13,64)),((23,59),21)),5),((90,78),27))),((82,54),45)),((((((((18,60),6),(37,84)),88),((68,56),(((85,52),80),11))),((((39,1),(25,98)),(63,((20,87),31))),(57,(((79,61),12),(16,30))))),100),((((32,29),4),(44,(95,94))),((24,83),((67,65),(72,77)))))),((((17,(36,55)),7),((10,51),49)),70)),((71,86),35)),(((73,81),58),(19,92))),(15,91)),89),97),(76,14)),40);
Current score: 3.02729e+09
Current tree: ((15,((((((((((((62,(26,(66,28))),3),(((38,50),(74,34)),(((9,(43,2)),(96,41)),53))),((47,99),((22,((48,42),46)),69))),(93,33)),(((((75,8),(13,64)),((23,59),21)),5),((90,78),27))),((82,54),45)),((((((((18,60),6),(37,84)),88),((68,56),(((85,52),80),11))),((((39,1),(25,98)),(63,((20,87),31))),(57,(((79,61),12),(16,30))))),100),((((32,29),4),(44,(95,94))),((24,83),((67,65),(72,77)))))),((((17,(36,55)),7),((10,51),49)),70)),((71,86),35)),(((73,81),58),(19,92))),(89,(97,((76,14),40))))),91);
Final Tree: ((15,((((((((((((62,(26,(66,28))),3),(((38,50),(74,34)),(((9,(43,2)),(96,41)),53))),((47,99),((22,((48,42),46)),69))),(93,33)),(((((75,8),(13,64)),((23,59),21)),5),((90,78),27))),((82,54),45)),((((((((18,60),6),(37,84)),88),((68,56),(((85,52),80),11))),((((39,1),(25,98)),(63,((20,87),31))),(57,(((79,61),12),(16,30))))),100),((((32,29),4),(44,(95,94))),((24,83),((67,65),(72,77)))))),((((17,(36,55)),7),((10,51),49)),70)),((71,86),35)),(((73,81),58),(19,92))),(89,(97,((76,14),40))))),91);
#EqQuartets: 3921225000
Score: 3027294953
ASTRAL for PaRalogs and Orthologs III (ASTRAL-Pro3)
*** NOW with integrated CASTLES-Pro ***
Version: v1.22.3.6
Read 512 genetrees and found 100 species.
#Genetrees: 1000
#Duploss: 0
#Species: 100
#Rounds: 4
#Samples: 4
#Threads: 1
Use two-step algorithm!
Guide Tree 0/16
#NNI moves:0/152
Guide Tree 1/16
#NNI moves:0/152
Guide Tree 2/16
#NNI moves:0/152
Guide Tree 3/16
#NNI moves:2/152
Guide Tree 4/16
#NNI moves:0/152
Guide Tree 5/16
#NNI moves:0/152
Guide Tree 6/16
#NNI moves:0/152
Guide Tree 7/16
#NNI moves:0/152
Guide Tree 8/16
#NNI moves:2/152
Guide Tree 9/16
#NNI moves:0/152
Guide Tree 10/16
#NNI moves:0/152
Guide Tree 11/16
#NNI moves:0/152
Guide Tree 12/16
#NNI moves:0/152
Guide Tree 13/16
#NNI moves:0/152
Guide Tree 14/16
#NNI moves:0/152
Guide Tree 15/16
#NNI moves:0/152
Remaining: 0
#NNI moves:6/152
#NNI moves:6/152
((((((((((((((((99,76),91),98),(((66,70),97),95)),82),((79,64),((((77,94),74),(93,81)),80))),(((((60,96),72),((((62,84),(89,63)),69),83)),(75,((((86,92),61),88),(73,100)))),((((78,68),65),67),(((85,71),87),90)))),(48,7)),((34,((3,(50,27)),6)),(26,14))),(((12,16),25),(((29,54),(33,52)),(47,4)))),((((((10,((37,46),23)),((2,(39,5)),43)),58),1),(42,(31,(44,18)))),((56,55),45))),((51,((((32,22),35),(21,57)),49)),((17,(53,15)),41))),(30,59)),((13,8),(28,40))),((((24,20),9),(36,11)),19)),38);
Guide Tree 0/16
#NNI moves:0/152
Guide Tree 1/16
#NNI moves:0/152
Guide Tree 2/16
#NNI moves:0/152
Guide Tree 3/16
#NNI moves:0/152
Guide Tree 4/16
#NNI moves:0/152
Guide Tree 5/16
#NNI moves:0/152
Guide Tree 6/16
#NNI moves:0/152
Guide Tree 7/16
#NNI moves:0/152
Guide Tree 8/16
#NNI moves:0/152
Guide Tree 9/16
#NNI moves:0/152
Guide Tree 10/16
#NNI moves:0/152
Guide Tree 11/16
#NNI moves:0/152
Guide Tree 12/16
#NNI moves:0/152
Guide Tree 13/16
#NNI moves:0/152
Guide Tree 14/16
#NNI moves:0/152
Guide Tree 15/16
#NNI moves:0/152
Remaining: 0
#NNI moves:6/152
#NNI moves:6/152
(((19,(((24,20),9),(11,36))),((((((((((((((99,76),91),98),(((66,70),97),95)),82),((((74,(77,94)),(93,81)),80),(64,79))),((((72,(96,60)),((((84,62),(63,89)),69),83)),(((88,((86,92),61)),(73,100)),75)),((((71,85),87),90),(((68,78),65),67)))),(48,7)),((14,26),((6,(3,(50,27))),34))),((25,(12,16)),(((33,52),(29,54)),(47,4)))),(((((18,44),31),42),((((((39,5),2),43),(((46,37),23),10)),58),1)),((55,56),45))),(((((57,21),((22,32),35)),49),51),((17,(15,53)),41))),(59,30)),((13,8),(40,28)))),38);
Guide Tree 0/16
#NNI moves:0/152
Guide Tree 1/16
#NNI moves:0/152
Guide Tree 2/16
#NNI moves:0/152
Guide Tree 3/16
#NNI moves:0/152
Guide Tree 4/16
#NNI moves:0/152
Guide Tree 5/16
#NNI moves:0/152
Guide Tree 6/16
#NNI moves:0/152
Guide Tree 7/16
#NNI moves:0/152
Guide Tree 8/16
#NNI moves:0/152
Guide Tree 9/16
#NNI moves:0/152
Guide Tree 10/16
#NNI moves:0/152
Guide Tree 11/16
#NNI moves:0/152
Guide Tree 12/16
#NNI moves:0/152
Guide Tree 13/16
#NNI moves:0/152
Guide Tree 14/16
#NNI moves:0/152
Guide Tree 15/16
#NNI moves:0/152
Remaining: 0
#NNI moves:0/152
#NNI moves:0/152
((((((((((((((72,(60,96)),((((84,62),(89,63)),69),83)),(((73,100),(((86,92),61),88)),75)),((67,(65,(68,78))),((87,(71,85)),90))),(((((91,(99,76)),98),((97,(70,66)),95)),82),((((93,81),((77,94),74)),80),(79,64)))),(7,48)),((14,26),((((27,50),3),6),34))),(((4,47),((54,29),(52,33))),((12,16),25))),(((((44,18),31),42),((((10,((46,37),23)),(43,((5,39),2))),58),1)),(45,(56,55)))),(((((57,21),((22,32),35)),49),51),((17,(53,15)),41))),(59,30)),((28,40),(13,8))),(19,(((20,24),9),(36,11)))),38);
Guide Tree 0/16
#NNI moves:0/152
Guide Tree 1/16
#NNI moves:0/152
Guide Tree 2/16
#NNI moves:0/152
Guide Tree 3/16
#NNI moves:0/152
Guide Tree 4/16
#NNI moves:0/152
Guide Tree 5/16
#NNI moves:0/152
Guide Tree 6/16
#NNI moves:0/152
Guide Tree 7/16
#NNI moves:0/152
Guide Tree 8/16
#NNI moves:0/152
Guide Tree 9/16
#NNI moves:0/152
Guide Tree 10/16
#NNI moves:0/152
Guide Tree 11/16
#NNI moves:0/152
Guide Tree 12/16
#NNI moves:0/152
Guide Tree 13/16
#NNI moves:0/152
Guide Tree 14/16
#NNI moves:0/152
Guide Tree 15/16
#NNI moves:0/152
Remaining: 0
#NNI moves:2/152
#NNI moves:2/152
(((((((((((((((((92,86),61),88),(73,100)),75),(((60,96),72),((((62,84),(89,63)),69),83))),((((71,85),87),90),(((78,68),65),67))),(((((81,93),((77,94),74)),80),(64,79)),(((((70,66),97),95),(((99,76),91),98)),82))),(7,48)),((14,26),((((50,27),3),6),34))),((((52,33),(54,29)),(47,4)),((12,16),25))),((((((((46,37),23),10),(43,(2,(39,5)))),58),1),(((44,18),31),42)),(45,(56,55)))),((((15,53),17),41),((49,((21,57),(35,(22,32)))),51))),(30,59)),((13,8),(40,28))),(((9,(20,24)),(36,11)),19)),38);
Initial score: 3.37642e+09
Initial tree: (((((((((((((((((92,86),61),88),(73,100)),75),(((60,96),72),((((62,84),(89,63)),69),83))),((((71,85),87),90),(((78,68),65),67))),(((((81,93),((77,94),74)),80),(64,79)),(((((70,66),97),95),(((99,76),91),98)),82))),(7,48)),((14,26),((((50,27),3),6),34))),((((52,33),(54,29)),(47,4)),((12,16),25))),((((((((46,37),23),10),(43,(2,(39,5)))),58),1),(((44,18),31),42)),(45,(56,55)))),((((15,53),17),41),((49,((21,57),(35,(22,32)))),51))),(30,59)),((13,8),(40,28))),(((9,(20,24)),(36,11)),19)),38);
*** Subsample Process ***
Use two-step algorithm!
#NNI moves:0/152
Remaining: 0
#NNI moves:0/152
#NNI moves:0/152
((((((((((((((((13,8),(28,40)),((((36,11),(9,(20,24))),19),38)),(59,30)),(((((35,(22,32)),(21,57)),49),51),(((53,15),17),41))),((((((10,(23,(37,46))),((2,(5,39)),43)),58),1),(((44,18),31),42)),((56,55),45))),(((12,16),25),((47,4),((52,33),(54,29))))),(((((27,50),3),6),34),(26,14))),(48,7)),((((((66,70),97),95),(98,((76,99),91))),82),((((81,93),((94,77),74)),80),(64,79)))),(((87,(71,85)),90),((65,(68,78)),67))),(((((62,84),(89,63)),69),83),((60,96),72))),75),((61,(86,92)),88)),100),73);
#NNI moves:0/152
Remaining: 0
#NNI moves:0/152
#NNI moves:0/152
(((((((((((((((((((70,66),97),95),(98,((99,76),91))),82),(((((77,94),74),(93,81)),80),(79,64))),((((72,(60,96)),((((62,84),(89,63)),69),83)),((((61,(86,92)),88),(73,100)),75)),(((87,(71,85)),90),(67,(65,(78,68)))))),(7,48)),(((((50,27),3),6),34),(26,14))),((((52,33),(54,29)),(47,4)),(25,(16,12)))),(((((((2,(39,5)),43),(((37,46),23),10)),58),1),(42,((44,18),31))),((56,55),45))),(((((35,(32,22)),(57,21)),49),51),(41,(17,(53,15))))),(59,30)),((13,8),(28,40))),38),19),((24,20),9)),36),11);
#NNI moves:0/152
Remaining: 0
#NNI moves:2/152
#NNI moves:2/152
(((((((((((((((((((36,11),((24,20),9)),19),38),((40,28),(13,8))),(59,30)),(((((35,(32,22)),(21,57)),49),51),(41,(17,(53,15))))),(((56,55),45),(((58,((((5,39),2),43),(((46,37),23),10))),1),((31,(18,44)),42)))),(((16,12),25),((47,4),((54,29),(52,33))))),((34,(((50,27),3),6)),(26,14))),(7,48)),(((((73,100),(88,((86,92),61))),75),(((((89,63),(84,62)),69),83),(72,(60,96)))),((((68,78),65),67),((87,(85,71)),90)))),((((74,(77,94)),(81,93)),80),(79,64))),82),(98,((99,76),91))),95),97),70),66);
#NNI moves:0/152
Remaining: 0
#NNI moves:2/152
#NNI moves:2/152
(((((((((((((((((((((86,92),61),88),(100,73)),75),(((((62,84),(63,89)),69),83),((96,60),72))),((((78,68),65),67),(90,((85,71),87)))),((((((77,94),74),(81,93)),80),(64,79)),(((((70,66),97),95),((91,(76,99)),98)),82))),(48,7)),(((((50,27),3),6),34),(26,14))),(((12,16),25),((4,47),((29,54),(33,52))))),((((((10,((46,37),23)),(43,((5,39),2))),58),1),((31,(44,18)),42)),((56,55),45))),(((49,((57,21),((32,22),35))),51),(((15,53),17),41))),(30,59)),((28,40),(8,13))),38),19),(36,11)),9),20),24);
Current score: 3.37642e+09
Current tree: (((((((((((((((((86,92),61),88),(100,73)),75),(((((62,84),(63,89)),69),83),((96,60),72))),((((78,68),65),67),(90,((85,71),87)))),((((((77,94),74),(81,93)),80),(64,79)),(((((70,66),97),95),((91,(76,99)),98)),82))),(48,7)),(((((50,27),3),6),34),(26,14))),(((12,16),25),((4,47),((29,54),(33,52))))),((((((10,((46,37),23)),(43,((5,39),2))),58),1),((31,(44,18)),42)),((56,55),45))),(((49,((57,21),((32,22),35))),51),(((15,53),17),41))),(30,59)),((28,40),(8,13))),(19,((36,11),(9,(20,24))))),38);
Final Tree: (((((((((((((((((86,92),61),88),(100,73)),75),(((((62,84),(63,89)),69),83),((96,60),72))),((((78,68),65),67),(90,((85,71),87)))),((((((77,94),74),(81,93)),80),(64,79)),(((((70,66),97),95),((91,(76,99)),98)),82))),(48,7)),(((((50,27),3),6),34),(26,14))),(((12,16),25),((4,47),((29,54),(33,52))))),((((((10,((46,37),23)),(43,((5,39),2))),58),1),((31,(44,18)),42)),((56,55),45))),(((49,((57,21),((32,22),35))),51),(((15,53),17),41))),(30,59)),((28,40),(8,13))),(19,((36,11),(9,(20,24))))),38);
#EqQuartets: 3921225000
Score: 3376419358
ASTRAL for PaRalogs and Orthologs III (ASTRAL-Pro3)
*** NOW with integrated CASTLES-Pro ***
Version: v1.22.3.6
Read 512 genetrees and found 100 species.
#Genetrees: 1000
#Duploss: 0
#Species: 100
#Rounds: 4
#Samples: 4
#Threads: 1
Use two-step algorithm!
Guide Tree 0/16
#NNI moves:0/152
Guide Tree 1/16
#NNI moves:0/152
Guide Tree 2/16
#NNI moves:0/152
Guide Tree 3/16
#NNI moves:0/152
Guide Tree 4/16
#NNI moves:0/152
Guide Tree 5/16
#NNI moves:0/152
Guide Tree 6/16
#NNI moves:0/152
Guide Tree 7/16
#NNI moves:0/152
Guide Tree 8/16
#NNI moves:0/152
Guide Tree 9/16
#NNI moves:0/152
Guide Tree 10/16
#NNI moves:0/152
Guide Tree 11/16
#NNI moves:0/152
Guide Tree 12/16
#NNI moves:0/152
Guide Tree 13/16
#NNI moves:0/152
Guide Tree 14/16
#NNI moves:0/152
Guide Tree 15/16
#NNI moves:0/152
Remaining: 0
#NNI moves:0/152
#NNI moves:0/152
((((((((((((((((((90,82),83),((94,98),100)),((85,(92,78)),96)),75),99),(((((72,((93,88),(79,77))),80),(97,((73,81),(74,84)))),((87,91),86)),(76,(95,89)))),(((38,21),(((((36,(14,68)),((33,30),28)),(((((5,31),22),19),(7,((35,71),43))),(50,15))),44),56)),(32,((52,45),(24,70))))),(9,61)),((55,39),(3,(51,13)))),((((41,8),46),(18,67)),((((65,48),(63,58)),20),60))),(((((4,29),(42,(16,2))),(11,49)),37),((((66,64),1),12),(17,69)))),((((27,57),6),25),53)),((((26,54),59),10),47)),40),23),34),62);
Guide Tree 0/16
#NNI moves:0/152
Guide Tree 1/16
#NNI moves:0/152
Guide Tree 2/16
#NNI moves:0/152
Guide Tree 3/16
#NNI moves:0/152
Guide Tree 4/16
#NNI moves:0/152
Guide Tree 5/16
#NNI moves:0/152
Guide Tree 6/16
#NNI moves:0/152
Guide Tree 7/16
#NNI moves:0/152
Guide Tree 8/16
#NNI moves:0/152
Guide Tree 9/16
#NNI moves:0/152
Guide Tree 10/16
#NNI moves:0/152
Guide Tree 11/16
#NNI moves:0/152
Guide Tree 12/16
#NNI moves:0/152
Guide Tree 13/16
#NNI moves:0/152
Guide Tree 14/16
#NNI moves:0/152
Guide Tree 15/16
#NNI moves:0/152
Remaining: 3
#NNI moves:0/152
#NNI moves:0/152
(((((((((((((((((((33,30),28),(36,(68,14))),((50,15),((19,(22,(31,5))),(7,((71,35),43))))),44),56),(21,38)),(((24,70),(52,45)),32)),(((((((90,82),83),((98,94),100)),((85,(92,78)),96)),75),99),(((89,95),76),(((80,(72,((88,93),(79,77)))),(((73,81),(74,84)),97)),((91,87),86))))),(61,9)),(((13,51),3),(39,55))),(((67,18),((41,8),46)),((((58,63),(48,65)),20),60))),(((12,(1,(64,66))),(69,17)),(((11,49),(((16,2),42),(4,29))),37))),((25,(6,(57,27))),53)),(((59,(26,54)),10),47)),40),23),34),62);
Guide Tree 0/16
#NNI moves:0/152
Guide Tree 1/16
#NNI moves:0/152
Guide Tree 2/16
#NNI moves:0/152
Guide Tree 3/16
#NNI moves:0/152
Guide Tree 4/16
#NNI moves:0/152
Guide Tree 5/16
#NNI moves:0/152
Guide Tree 6/16
#NNI moves:0/152
Guide Tree 7/16
#NNI moves:0/152
Guide Tree 8/16
#NNI moves:0/152
Guide Tree 9/16
#NNI moves:0/152
Guide Tree 10/16
#NNI moves:0/152
Guide Tree 11/16
#NNI moves:0/152
Guide Tree 12/16
#NNI moves:0/152
Guide Tree 13/16
#NNI moves:0/152
Guide Tree 14/16
#NNI moves:0/152
Guide Tree 15/16
#NNI moves:0/152
Remaining: 0
#NNI moves:4/152
#NNI moves:4/152
(((((((((((((((95,89),76),(((((73,81),(84,74)),97),((((77,79),(93,88)),72),80)),(86,(87,91)))),((((((94,98),100),(83,(90,82))),(((78,92),85),96)),75),99)),(((((((36,(68,14)),(28,(30,33))),((50,15),(((22,(31,5)),19),(((71,35),43),7)))),44),56),(21,38)),(((70,24),(45,52)),32))),(61,9)),((55,39),((51,13),3))),(((67,18),((41,8),46)),((((65,48),(63,58)),20),60))),(((12,(1,(64,66))),(69,17)),(((49,11),((4,29),((2,16),42))),37))),((((27,57),6),25),53)),(((59,(54,26)),10),47)),40),23),34),62);
Guide Tree 0/16
#NNI moves:0/152
Guide Tree 1/16
#NNI moves:0/152
Guide Tree 2/16
#NNI moves:0/152
Guide Tree 3/16
#NNI moves:0/152
Guide Tree 4/16
#NNI moves:0/152
Guide Tree 5/16
#NNI moves:0/152
Guide Tree 6/16
#NNI moves:0/152
Guide Tree 7/16
#NNI moves:0/152
Guide Tree 8/16
#NNI moves:0/152
Guide Tree 9/16
#NNI moves:0/152
Guide Tree 10/16
#NNI moves:0/152
Guide Tree 11/16
#NNI moves:0/152
Guide Tree 12/16
#NNI moves:0/152
Guide Tree 13/16
#NNI moves:0/152
Guide Tree 14/16
#NNI moves:0/152
Guide Tree 15/16
#NNI moves:0/152
Remaining: 0
#NNI moves:0/152
#NNI moves:0/152
(((((((((((((((((((77,79),(93,88)),72),80),(((73,81),(74,84)),97)),(86,(87,91))),((95,89),76)),(99,((((100,(98,94)),((90,82),83)),(96,(85,(92,78)))),75))),(((((((28,(33,30)),((14,68),36)),(((((31,5),22),19),(((35,71),43),7)),(50,15))),44),56),(38,21)),(32,((24,70),(45,52))))),(9,61)),(((13,51),3),(55,39))),(((20,((65,48),(58,63))),60),(((8,41),46),(18,67)))),((((((2,16),42),(4,29)),(49,11)),37),((17,69),(12,(1,(66,64)))))),((((27,57),6),25),53)),((10,((26,54),59)),47)),40),23),34),62);
Initial score: 3.3793e+09
Initial tree: (((((((((((((((((((77,79),(93,88)),72),80),(((73,81),(74,84)),97)),(86,(87,91))),((95,89),76)),(99,((((100,(98,94)),((90,82),83)),(96,(85,(92,78)))),75))),(((((((28,(33,30)),((14,68),36)),(((((31,5),22),19),(((35,71),43),7)),(50,15))),44),56),(38,21)),(32,((24,70),(45,52))))),(9,61)),(((13,51),3),(55,39))),(((20,((65,48),(58,63))),60),(((8,41),46),(18,67)))),((((((2,16),42),(4,29)),(49,11)),37),((17,69),(12,(1,(66,64)))))),((((27,57),6),25),53)),((10,((26,54),59)),47)),40),23),34),62);
*** Subsample Process ***
Use two-step algorithm!
#NNI moves:0/152
Remaining: 0
#NNI moves:0/152
#NNI moves:0/152
(((((((((((((((((10,(59,(54,26))),47),((23,(34,62)),40)),((((27,57),6),25),53)),(((((4,29),((2,16),42)),(49,11)),37),((((64,66),1),12),(69,17)))),(((((65,48),(63,58)),20),60),(((8,41),46),(18,67)))),((39,55),((51,13),3))),(61,9)),(((((((28,(33,30)),((14,68),36)),(((7,((71,35),43)),((22,(31,5)),19)),(15,50))),44),56),(38,21)),(((24,70),(45,52)),32))),(((((85,(92,78)),96),((83,(90,82)),((98,94),100))),75),99)),((95,89),76)),(86,(91,87))),((((88,93),(79,77)),72),80)),97),(81,73)),74),84);
#NNI moves:0/152
Remaining: 1
#NNI moves:4/152
#NNI moves:4/152
((((((((((((((((((((5,31),22),19),(((71,35),43),7)),(50,15)),(((33,30),28),(36,(14,68)))),44),56),(38,21)),(((45,52),(24,70)),32)),((((((((93,88),(77,79)),72),80),(((74,84),(81,73)),97)),((87,91),86)),((95,89),76)),(((((83,(82,90)),((98,94),100)),(96,((78,92),85))),75),99))),(9,61)),((55,39),((51,13),3))),(((46,(8,41)),(67,18)),((20,((58,63),(48,65))),60))),((((((2,16),42),(29,4)),(11,49)),37),((69,17),(((66,64),1),12)))),((((27,57),6),25),53)),(47,(((54,26),59),10))),40),(34,62)),23);
#NNI moves:0/152
Remaining: 0
#NNI moves:0/152
#NNI moves:0/152
((((((((((((((((((93,88),(77,79)),72),80),(((74,84),(73,81)),97)),((91,87),86)),(76,(89,95))),(((((83,(90,82)),((98,94),100)),((85,(78,92)),96)),75),99)),(((((((47,(10,(59,(26,54)))),(((62,34),23),40)),((((27,57),6),25),53)),(((((29,4),((2,16),42)),(11,49)),37),((((66,64),1),12),(69,17)))),(((((63,58),(48,65)),20),60),((46,(8,41)),(18,67)))),((55,39),(3,(51,13)))),(61,9))),(((24,70),(45,52)),32)),(21,38)),56),44),(((30,33),28),((14,68),36))),(50,15)),((43,(71,35)),7)),((5,31),22)),19);
#NNI moves:0/152
Remaining: 0
#NNI moves:0/152
#NNI moves:0/152
(((((((((((((((((87,91),86),((((74,84),(73,81)),97),((((93,88),(79,77)),72),80))),(76,(95,89))),(((((85,(92,78)),96),(((94,98),100),((82,90),83))),75),99)),((((((((14,68),36),((33,30),28)),((((22,(5,31)),19),(((35,71),43),7)),(15,50))),44),56),(38,21)),(((70,24),(52,45)),32))),(9,61)),(((51,13),3),(39,55))),(((((65,48),(58,63)),20),60),((67,18),((8,41),46)))),(((((4,29),((16,2),42)),(11,49)),37),((17,69),(((66,64),1),12)))),((25,((57,27),6)),53)),(40,((34,62),23))),47),10),59),26),54);
Current score: 3.3793e+09
Current tree: ((34,(23,(40,((((((((((((87,91),86),((((74,84),(73,81)),97),((((93,88),(79,77)),72),80))),(76,(95,89))),(((((85,(92,78)),96),(((94,98),100),((82,90),83))),75),99)),((((((((14,68),36),((33,30),28)),((((22,(5,31)),19),(((35,71),43),7)),(15,50))),44),56),(38,21)),(((70,24),(52,45)),32))),(9,61)),(((51,13),3),(39,55))),(((((65,48),(58,63)),20),60),((67,18),((8,41),46)))),(((((4,29),((16,2),42)),(11,49)),37),((17,69),(((66,64),1),12)))),((25,((57,27),6)),53)),(47,(10,(59,(26,54)))))))),62);
Final Tree: ((34,(23,(40,((((((((((((87,91),86),((((74,84),(73,81)),97),((((93,88),(79,77)),72),80))),(76,(95,89))),(((((85,(92,78)),96),(((94,98),100),((82,90),83))),75),99)),((((((((14,68),36),((33,30),28)),((((22,(5,31)),19),(((35,71),43),7)),(15,50))),44),56),(38,21)),(((70,24),(52,45)),32))),(9,61)),(((51,13),3),(39,55))),(((((65,48),(58,63)),20),60),((67,18),((8,41),46)))),(((((4,29),((16,2),42)),(11,49)),37),((17,69),(((66,64),1),12)))),((25,((57,27),6)),53)),(47,(10,(59,(26,54)))))))),62);
#EqQuartets: 3921225000
Score: 3379298204
ASTRAL for PaRalogs and Orthologs III (ASTRAL-Pro3)
*** NOW with integrated CASTLES-Pro ***
Version: v1.22.3.6
Read 512 genetrees and found 100 species.
#Genetrees: 1000
#Duploss: 0
#Species: 100
#Rounds: 4
#Samples: 4
#Threads: 1
Use two-step algorithm!
Guide Tree 0/16
#NNI moves:0/152
Guide Tree 1/16
#NNI moves:0/152
Guide Tree 2/16
#NNI moves:0/152
Guide Tree 3/16
#NNI moves:0/152
Guide Tree 4/16
#NNI moves:0/152
Guide Tree 5/16
#NNI moves:0/152
Guide Tree 6/16
#NNI moves:0/152
Guide Tree 7/16
#NNI moves:0/152
Guide Tree 8/16
#NNI moves:0/152
Guide Tree 9/16
#NNI moves:0/152
Guide Tree 10/16
#NNI moves:0/152
Guide Tree 11/16
#NNI moves:0/152
Guide Tree 12/16
#NNI moves:0/152
Guide Tree 13/16
#NNI moves:0/152
Guide Tree 14/16
#NNI moves:0/152
Guide Tree 15/16
#NNI moves:0/152
Remaining: 0
#NNI moves:0/152
#NNI moves:0/152
((((((((((((((66,71),(50,24)),(10,1)),41),(((5,54),51),((63,21),29))),30),((((46,59),28),11),(58,67))),(((((((81,((87,(91,86)),78)),(88,98)),99),((83,80),79)),((95,(77,((85,92),90))),(((93,94),(97,89)),((96,100),84)))),82),((69,7),6))),((((((13,49),((12,((74,15),56)),52)),((37,4),33)),((3,47),(64,75))),((((39,18),(((38,(23,17)),36),2)),27),((((((9,61),45),53),(((19,34),8),((31,44),25))),(70,(43,68))),(57,72)))),((16,26),((20,14),76)))),(((55,(32,60)),62),(48,73))),65),22),(40,35)),42);
Guide Tree 0/16
#NNI moves:0/152
Guide Tree 1/16
#NNI moves:0/152
Guide Tree 2/16
#NNI moves:0/152
Guide Tree 3/16
#NNI moves:0/152
Guide Tree 4/16
#NNI moves:0/152
Guide Tree 5/16
#NNI moves:0/152
Guide Tree 6/16
#NNI moves:0/152
Guide Tree 7/16
#NNI moves:0/152
Guide Tree 8/16
#NNI moves:0/152
Guide Tree 9/16
#NNI moves:0/152
Guide Tree 10/16
#NNI moves:0/152
Guide Tree 11/16
#NNI moves:0/152
Guide Tree 12/16
#NNI moves:0/152
Guide Tree 13/16
#NNI moves:0/152
Guide Tree 14/16
#NNI moves:0/152
Guide Tree 15/16
#NNI moves:0/152
Remaining: 0
#NNI moves:0/152
#NNI moves:0/152
((((((((((69,7),6),(((((((((86,91),87),78),81),(88,98)),99),(79,(80,83))),(((84,(96,100)),((97,89),(93,94))),((((92,85),90),77),95))),82)),((30,((((5,54),51),(29,(63,21))),((((71,66),(50,24)),(1,10)),41))),((((46,59),28),11),(67,58)))),((((((((56,(15,74)),12),52),(49,13)),(33,(4,37))),((75,64),(47,3))),((((39,18),((((17,23),38),36),2)),27),((((((9,61),45),53),(((44,31),25),((34,19),8))),((68,43),70)),(72,57)))),((26,16),(76,(20,14))))),((48,73),(((32,60),55),62))),65),22),(35,40)),42);
Guide Tree 0/16
#NNI moves:0/152
Guide Tree 1/16
#NNI moves:0/152
Guide Tree 2/16
#NNI moves:0/152
Guide Tree 3/16
#NNI moves:0/152
Guide Tree 4/16
#NNI moves:0/152
Guide Tree 5/16
#NNI moves:0/152
Guide Tree 6/16
#NNI moves:0/152
Guide Tree 7/16
#NNI moves:0/152
Guide Tree 8/16
#NNI moves:0/152
Guide Tree 9/16
#NNI moves:0/152
Guide Tree 10/16
#NNI moves:0/152
Guide Tree 11/16
#NNI moves:0/152
Guide Tree 12/16
#NNI moves:0/152
Guide Tree 13/16
#NNI moves:0/152
Guide Tree 14/16
#NNI moves:0/152
Guide Tree 15/16
#NNI moves:0/152
Remaining: 0
#NNI moves:0/152
#NNI moves:0/152
(((((((((((((((((91,86),87),78),81),(98,88)),99),((83,80),79)),((((97,89),(93,94)),(84,(96,100))),(((90,(85,92)),77),95))),82),((7,69),6)),((30,((((10,1),((66,71),(24,50))),41),((29,(63,21)),((5,54),51)))),((58,67),(((59,46),28),11)))),(((((((((9,61),45),53),(((34,19),8),(25,(31,44)))),(70,(68,43))),(72,57)),((((((23,17),38),36),2),(39,18)),27)),((((((56,(74,15)),12),52),(49,13)),((4,37),33)),((3,47),(64,75)))),((26,16),((20,14),76)))),((((60,32),55),62),(48,73))),65),22),(40,35)),42);
Guide Tree 0/16
#NNI moves:0/152
Guide Tree 1/16
#NNI moves:0/152
Guide Tree 2/16
#NNI moves:0/152
Guide Tree 3/16
#NNI moves:0/152
Guide Tree 4/16
#NNI moves:0/152
Guide Tree 5/16
#NNI moves:0/152
Guide Tree 6/16
#NNI moves:0/152
Guide Tree 7/16
#NNI moves:0/152
Guide Tree 8/16
#NNI moves:0/152
Guide Tree 9/16
#NNI moves:0/152
Guide Tree 10/16
#NNI moves:0/152
Guide Tree 11/16
#NNI moves:0/152
Guide Tree 12/16
#NNI moves:0/152
Guide Tree 13/16
#NNI moves:0/152
Guide Tree 14/16
#NNI moves:0/152
Guide Tree 15/16
#NNI moves:0/152
Remaining: 0
#NNI moves:0/152
#NNI moves:0/152
((((((((((((52,(((74,15),56),12)),(13,49)),((4,37),33)),((3,47),(64,75))),((((((25,(31,44)),(8,(19,34))),(((61,9),45),53)),(70,(43,68))),(72,57)),(((((38,(17,23)),36),2),(39,18)),27))),((16,26),((14,20),76))),((((((((98,88),((78,((91,86),87)),81)),99),((83,80),79)),((((90,(85,92)),77),95),(((97,89),(93,94)),((100,96),84)))),82),((69,7),6)),((((((1,10),((24,50),(71,66))),41),(((54,5),51),((63,21),29))),30),((67,58),(((46,59),28),11))))),(((55,(32,60)),62),(73,48))),65),22),(35,40)),42);
Initial score: 3.13981e+09
Initial tree: ((((((((((((52,(((74,15),56),12)),(13,49)),((4,37),33)),((3,47),(64,75))),((((((25,(31,44)),(8,(19,34))),(((61,9),45),53)),(70,(43,68))),(72,57)),(((((38,(17,23)),36),2),(39,18)),27))),((16,26),((14,20),76))),((((((((98,88),((78,((91,86),87)),81)),99),((83,80),79)),((((90,(85,92)),77),95),(((97,89),(93,94)),((100,96),84)))),82),((69,7),6)),((((((1,10),((24,50),(71,66))),41),(((54,5),51),((63,21),29))),30),((67,58),(((46,59),28),11))))),(((55,(32,60)),62),(73,48))),65),22),(35,40)),42);
*** Subsample Process ***
Use two-step algorithm!
#NNI moves:0/152
Remaining: 0
#NNI moves:0/152
#NNI moves:0/152
((((((((((((((((((((((91,86),87),78),81),(88,98)),99),((83,80),79)),((((89,97),(94,93)),((96,100),84)),(((90,(92,85)),77),95))),82),(6,(7,69))),((((((10,1),((24,50),(71,66))),41),(((63,21),29),((54,5),51))),30),((((59,46),28),11),(58,67)))),(((48,73),(((32,60),55),62)),(65,(((40,35),42),22)))),((16,26),((20,14),76))),(((((((34,19),8),((31,44),25)),(((61,9),45),53)),(70,(68,43))),(72,57)),(((39,18),((36,((17,23),38)),2)),27))),((3,47),(75,64))),((4,37),33)),(49,13)),52),12),56),15),74);
#NNI moves:0/152
Remaining: 0
#NNI moves:0/152
#NNI moves:0/152
(((((((((((((81,(((91,86),87),78)),(88,98)),99),((83,80),79)),((((100,96),84),((93,94),(89,97))),((((85,92),90),77),95))),82),(6,(7,69))),(((((59,46),28),11),(67,58)),(((((63,21),29),((5,54),51)),((((50,24),(66,71)),(1,10)),41)),30))),((((((4,37),33),(((((15,74),56),12),52),(13,49))),((75,64),(47,3))),(((((((31,44),25),((34,19),8)),(((9,61),45),53)),(70,(43,68))),(72,57)),(((2,(((23,17),38),36)),(18,39)),27))),((16,26),((14,20),76)))),((((40,35),42),22),65)),(48,73)),(55,(32,60))),62);
#NNI moves:0/152
Remaining: 0
#NNI moves:0/152
#NNI moves:0/152
(((((((((((((((((((61,9),45),53),(((44,31),25),((19,34),8))),((43,68),70)),(57,72)),(((39,18),(2,(((23,17),38),36))),27)),(((((((15,74),56),12),52),(13,49)),((4,37),33)),((64,75),(3,47)))),((16,26),((14,20),76))),(((48,73),(((32,60),55),62)),(((42,(35,40)),22),65))),(((((59,46),28),11),(67,58)),(((((5,54),51),(29,(63,21))),(41,((1,10),((50,24),(71,66))))),30))),(6,(7,69))),82),(((((92,85),90),77),95),(((100,96),84),((89,97),(93,94))))),((83,80),79)),99),(((87,(86,91)),78),81)),88),98);
#NNI moves:0/152
Remaining: 0
#NNI moves:0/152
#NNI moves:0/152
((((((((((((((((17,23),38),36),2),(39,18)),27),(((((8,(19,34)),((31,44),25)),((45,(61,9)),53)),(70,(43,68))),(57,72))),((((52,((56,(74,15)),12)),(13,49)),((37,4),33)),((3,47),(64,75)))),((76,(20,14)),(26,16))),(((((((5,54),51),(29,(21,63))),(((10,1),((24,50),(66,71))),41)),30),((67,58),((28,(59,46)),11))),((((((((85,92),90),77),95),(((100,96),84),((93,94),(97,89)))),((((((87,(91,86)),78),81),(88,98)),99),((83,80),79))),82),(6,(69,7))))),((((60,32),55),62),(73,48))),65),22),42),35),40);
Current score: 3.13981e+09
Current tree: (((((((((((((((17,23),38),36),2),(39,18)),27),(((((8,(19,34)),((31,44),25)),((45,(61,9)),53)),(70,(43,68))),(57,72))),((((52,((56,(74,15)),12)),(13,49)),((37,4),33)),((3,47),(64,75)))),((76,(20,14)),(26,16))),(((((((5,54),51),(29,(21,63))),(((10,1),((24,50),(66,71))),41)),30),((67,58),((28,(59,46)),11))),((((((((85,92),90),77),95),(((100,96),84),((93,94),(97,89)))),((((((87,(91,86)),78),81),(88,98)),99),((83,80),79))),82),(6,(69,7))))),((((60,32),55),62),(73,48))),65),22),(35,40)),42);
Final Tree: (((((((((((((((17,23),38),36),2),(39,18)),27),(((((8,(19,34)),((31,44),25)),((45,(61,9)),53)),(70,(43,68))),(57,72))),((((52,((56,(74,15)),12)),(13,49)),((37,4),33)),((3,47),(64,75)))),((76,(20,14)),(26,16))),(((((((5,54),51),(29,(21,63))),(((10,1),((24,50),(66,71))),41)),30),((67,58),((28,(59,46)),11))),((((((((85,92),90),77),95),(((100,96),84),((93,94),(97,89)))),((((((87,(91,86)),78),81),(88,98)),99),((83,80),79))),82),(6,(69,7))))),((((60,32),55),62),(73,48))),65),22),(35,40)),42);
#EqQuartets: 3921225000
Score: 3139814146
