ASTRAL for PaRalogs and Orthologs III (ASTRAL-Pro3)
*** NOW with integrated CASTLES-Pro ***
Version: v1.22.3.6
Read 512 genetrees and found 100 species.
#Genetrees: 994
#Duploss: 38929
#Species: 100
#Rounds: 4
#Samples: 4
#Threads: 1
Use two-step algorithm!
Guide Tree 0/16
#NNI moves:0/152
Guide Tree 1/16
#NNI moves:0/152
Guide Tree 2/16
#NNI moves:0/152
Guide Tree 3/16
#NNI moves:0/152
Guide Tree 4/16
#NNI moves:0/152
Guide Tree 5/16
#NNI moves:0/152
Guide Tree 6/16
#NNI moves:0/152
Guide Tree 7/16
#NNI moves:2/152
Guide Tree 8/16
#NNI moves:2/152
Guide Tree 9/16
#NNI moves:0/152
Guide Tree 10/16
#NNI moves:0/152
Guide Tree 11/16
#NNI moves:2/152
Guide Tree 12/16
#NNI moves:0/152
Guide Tree 13/16
#NNI moves:0/152
Guide Tree 14/16
#NNI moves:0/152
Guide Tree 15/16
#NNI moves:0/152
Remaining: 0
#NNI moves:0/152
#NNI moves:0/152
(((((((((((((((((13,43),((92,95),100)),(((53,(26,56)),((29,(27,60)),45)),80)),(78,(64,72))),(((85,46),(48,22)),((74,73),(84,59)))),(54,98)),((((87,(21,90)),79),75),((((35,(69,55)),34),(70,(86,40))),(65,24)))),((49,89),((32,96),57))),((((((51,18),((68,15),76)),((17,39),(33,41))),(((97,((16,71),(44,(50,23)))),77),((36,(94,30)),91))),((((3,12),((8,(1,11)),(10,(6,9)))),7),((4,5),2))),((((52,47),(31,25)),(20,93)),((58,19),63)))),(38,37)),((62,82),(81,88))),(67,42)),61),83),(99,14)),66),28);
Guide Tree 0/16
#NNI moves:0/152
Guide Tree 1/16
#NNI moves:0/152
Guide Tree 2/16
#NNI moves:0/152
Guide Tree 3/16
#NNI moves:0/152
Guide Tree 4/16
#NNI moves:0/152
Guide Tree 5/16
#NNI moves:0/152
Guide Tree 6/16
#NNI moves:0/152
Guide Tree 7/16
#NNI moves:0/152
Guide Tree 8/16
#NNI moves:0/152
Guide Tree 9/16
#NNI moves:0/152
Guide Tree 10/16
#NNI moves:0/152
Guide Tree 11/16
#NNI moves:0/152
Guide Tree 12/16
#NNI moves:0/152
Guide Tree 13/16
#NNI moves:0/152
Guide Tree 14/16
#NNI moves:0/152
Guide Tree 15/16
#NNI moves:0/152
Remaining: 0
#NNI moves:2/152
#NNI moves:2/152
(((((((((((((((((13,43),((95,92),100)),((((56,26),53),(((60,27),29),45)),80)),((64,72),78)),(((59,84),(74,73)),((48,22),(85,46)))),(54,98)),((((87,(21,90)),79),75),((((40,86),70),(((69,55),35),34)),(24,65)))),((49,89),((32,96),57))),(((((5,4),2),((((8,(11,1)),((6,9),10)),(12,3)),7)),(((((15,68),76),(51,18)),((41,33),(39,17))),((77,((((50,23),44),(71,16)),97)),(91,((94,30),36))))),((((25,31),(47,52)),(20,93)),((19,58),63)))),(37,38)),((88,81),(82,62))),(42,67)),61),83),(99,14)),66),28);
Guide Tree 0/16
#NNI moves:0/152
Guide Tree 1/16
#NNI moves:0/152
Guide Tree 2/16
#NNI moves:0/152
Guide Tree 3/16
#NNI moves:0/152
Guide Tree 4/16
#NNI moves:0/152
Guide Tree 5/16
#NNI moves:0/152
Guide Tree 6/16
#NNI moves:0/152
Guide Tree 7/16
#NNI moves:0/152
Guide Tree 8/16
#NNI moves:0/152
Guide Tree 9/16
#NNI moves:0/152
Guide Tree 10/16
#NNI moves:0/152
Guide Tree 11/16
#NNI moves:0/152
Guide Tree 12/16
#NNI moves:0/152
Guide Tree 13/16
#NNI moves:0/152
Guide Tree 14/16
#NNI moves:0/152
Guide Tree 15/16
#NNI moves:0/152
Remaining: 0
#NNI moves:2/152
#NNI moves:2/152
(((((((((((((((76,(15,68)),(18,51)),((39,17),(41,33))),((((30,94),36),91),((((16,71),((23,50),44)),97),77))),(((((8,(11,1)),((6,9),10)),(12,3)),7),(2,(5,4)))),(((20,93),((52,47),(25,31))),((58,19),63))),(((((((74,73),(84,59)),((85,46),(48,22))),(((((92,95),100),(13,43)),(((45,(29,(27,60))),((56,26),53)),80)),((64,72),78))),(98,54)),((((34,(35,(69,55))),((86,40),70)),(65,24)),((((90,21),87),79),75))),(((96,32),57),(49,89)))),(37,38)),((88,81),(62,82))),(67,42)),61),83),(14,99)),66),28);
Guide Tree 0/16
#NNI moves:0/152
Guide Tree 1/16
#NNI moves:0/152
Guide Tree 2/16
#NNI moves:0/152
Guide Tree 3/16
#NNI moves:0/152
Guide Tree 4/16
#NNI moves:0/152
Guide Tree 5/16
#NNI moves:0/152
Guide Tree 6/16
#NNI moves:0/152
Guide Tree 7/16
#NNI moves:0/152
Guide Tree 8/16
#NNI moves:0/152
Guide Tree 9/16
#NNI moves:0/152
Guide Tree 10/16
#NNI moves:0/152
Guide Tree 11/16
#NNI moves:0/152
Guide Tree 12/16
#NNI moves:0/152
Guide Tree 13/16
#NNI moves:0/152
Guide Tree 14/16
#NNI moves:0/152
Guide Tree 15/16
#NNI moves:0/152
Remaining: 0
#NNI moves:0/152
#NNI moves:0/152
((((((((((((((((((23,50),44),(71,16)),97),77),((36,(94,30)),91)),(((39,17),(33,41)),((76,(68,15)),(51,18)))),((7,(((10,(6,9)),((1,11),8)),(12,3))),((5,4),2))),((((47,52),(31,25)),(20,93)),((19,58),63))),((((((((100,(95,92)),(13,43)),(((((27,60),29),45),(53,(56,26))),80)),((72,64),78)),(((84,59),(74,73)),((22,48),(85,46)))),(54,98)),(((((40,86),70),((35,(55,69)),34)),(24,65)),(75,(79,(87,(21,90)))))),(((96,32),57),(89,49)))),(38,37)),((62,82),(81,88))),(42,67)),61),83),(14,99)),66),28);
Initial score: 3.77763e+08
Initial tree: ((((((((((((((((((23,50),44),(71,16)),97),77),((36,(94,30)),91)),(((39,17),(33,41)),((76,(68,15)),(51,18)))),((7,(((10,(6,9)),((1,11),8)),(12,3))),((5,4),2))),((((47,52),(31,25)),(20,93)),((19,58),63))),((((((((100,(95,92)),(13,43)),(((((27,60),29),45),(53,(56,26))),80)),((72,64),78)),(((84,59),(74,73)),((22,48),(85,46)))),(54,98)),(((((40,86),70),((35,(55,69)),34)),(24,65)),(75,(79,(87,(21,90)))))),(((96,32),57),(89,49)))),(38,37)),((62,82),(81,88))),(42,67)),61),83),(14,99)),66),28);
*** Subsample Process ***
Use two-step algorithm!
#NNI moves:0/152
Remaining: 0
#NNI moves:0/152
#NNI moves:0/152
(((((((((((((((35,(69,55)),34),((86,40),70)),(65,24)),(((87,(21,90)),79),75)),(((((46,85),(48,22)),((84,59),(73,74))),(((80,((53,(56,26)),(45,((27,60),29)))),((43,13),((92,95),100))),((72,64),78))),(54,98))),((57,(96,32)),(89,49))),((37,38),((((83,((14,99),(66,28))),61),(42,67)),((62,82),(81,88))))),((((52,47),(31,25)),(20,93)),((58,19),63))),(((((10,(6,9)),(8,(11,1))),(12,3)),7),((4,5),2))),(((33,41),(17,39)),((76,(15,68)),(18,51)))),(91,((94,30),36))),77),((16,71),((23,50),44))),97);
#NNI moves:0/152
Remaining: 0
#NNI moves:0/152
#NNI moves:0/152
((((((((((((((((45,((60,27),29)),((26,56),53)),80),((13,43),((95,92),100))),((72,64),78)),(((22,48),(85,46)),((73,74),(84,59)))),(98,54)),(((((35,(55,69)),34),((86,40),70)),(65,24)),(75,(((90,21),87),79)))),((89,49),((96,32),57))),((((((17,39),(33,41)),(((68,15),76),(18,51))),((((((23,50),44),(16,71)),97),77),(91,(36,(94,30))))),(((((8,(1,11)),(10,(6,9))),(12,3)),7),(2,(4,5)))),((((31,25),(47,52)),(20,93)),((19,58),63)))),(37,38)),((88,81),(62,82))),(42,67)),61),((66,28),(99,14))),83);
#NNI moves:0/152
Remaining: 0
#NNI moves:0/152
#NNI moves:0/152
(((((((((((((((((((26,56),53),(45,(29,(27,60)))),80),((13,43),((95,92),100))),(78,(72,64))),(((59,84),(74,73)),((22,48),(46,85)))),(98,54)),(((((35,(55,69)),34),(70,(86,40))),(24,65)),(((87,(90,21)),79),75))),(((32,96),57),(49,89))),((((((17,39),(33,41)),((18,51),((68,15),76))),((91,((94,30),36)),((97,(((23,50),44),(71,16))),77))),((((((1,11),8),((6,9),10)),(12,3)),7),(2,(5,4)))),(((20,93),((47,52),(25,31))),((58,19),63)))),(38,37)),((81,88),(62,82))),(42,67)),61),83),(28,66)),14),99);
#NNI moves:0/152
Remaining: 0
#NNI moves:0/152
#NNI moves:0/152
(((((((((((((((((97,((16,71),(44,(50,23)))),77),(((30,94),36),91)),(((18,51),(76,(68,15))),((33,41),(17,39)))),(((((10,(6,9)),((1,11),8)),(3,12)),7),((4,5),2))),((((52,47),(31,25)),(93,20)),((19,58),63))),((((82,62),(88,81)),(((((99,14),(66,28)),83),61),(67,42))),(38,37))),((89,49),((32,96),57))),((((87,(21,90)),79),75),((((86,40),70),(34,((69,55),35))),(65,24)))),(98,54)),(((84,59),(74,73)),((22,48),(85,46)))),((72,64),78)),((((56,26),53),(((27,60),29),45)),80)),(43,13)),100),92),95);
Current score: 3.77763e+08
Current tree: ((66,((99,14),(83,(61,((67,42),(((82,62),(88,81)),((38,37),(((((((97,((16,71),(44,(50,23)))),77),(((30,94),36),91)),(((18,51),(76,(68,15))),((33,41),(17,39)))),(((((10,(6,9)),((1,11),8)),(3,12)),7),((4,5),2))),((((52,47),(31,25)),(93,20)),((19,58),63))),(((89,49),((32,96),57)),(((((87,(21,90)),79),75),((((86,40),70),(34,((69,55),35))),(65,24))),((98,54),((((84,59),(74,73)),((22,48),(85,46))),(((72,64),78),(((((56,26),53),(((27,60),29),45)),80),((43,13),(100,(92,95))))))))))))))))),28);
Final Tree: ((66,((99,14),(83,(61,((67,42),(((82,62),(88,81)),((38,37),(((((((97,((16,71),(44,(50,23)))),77),(((30,94),36),91)),(((18,51),(76,(68,15))),((33,41),(17,39)))),(((((10,(6,9)),((1,11),8)),(3,12)),7),((4,5),2))),((((52,47),(31,25)),(93,20)),((19,58),63))),(((89,49),((32,96),57)),(((((87,(21,90)),79),75),((((86,40),70),(34,((69,55),35))),(65,24))),((98,54),((((84,59),(74,73)),((22,48),(85,46))),(((72,64),78),(((((56,26),53),(((27,60),29),45)),80),((43,13),(100,(92,95))))))))))))))))),28);
#EqQuartets: 436707048
Score: 377763301
ASTRAL for PaRalogs and Orthologs III (ASTRAL-Pro3)
*** NOW with integrated CASTLES-Pro ***
Version: v1.22.3.6
Read 512 genetrees and found 100 species.
#Genetrees: 1000
#Duploss: 41668
#Species: 100
#Rounds: 4
#Samples: 4
#Threads: 1
Use two-step algorithm!
Guide Tree 0/16
#NNI moves:0/152
Guide Tree 1/16
#NNI moves:0/152
Guide Tree 2/16
#NNI moves:0/152
Guide Tree 3/16
#NNI moves:0/152
Guide Tree 4/16
#NNI moves:0/152
Guide Tree 5/16
#NNI moves:0/152
Guide Tree 6/16
#NNI moves:0/152
Guide Tree 7/16
#NNI moves:0/152
Guide Tree 8/16
#NNI moves:0/152
Guide Tree 9/16
#NNI moves:0/152
Guide Tree 10/16
#NNI moves:0/152
Guide Tree 11/16
#NNI moves:0/152
Guide Tree 12/16
#NNI moves:0/152
Guide Tree 13/16
#NNI moves:0/152
Guide Tree 14/16
#NNI moves:0/152
Guide Tree 15/16
#NNI moves:0/152
Remaining: 0
#NNI moves:10/152
#NNI moves:10/152
(((((((((((((((26,(61,4)),35),(36,51)),31),40),(((((57,(15,10)),49),39),27),(60,20))),(((((14,16),(2,58)),(30,52)),(47,46)),((48,55),((7,29),(37,44))))),((((((85,71),94),(((92,67),75),(62,70))),(((91,(100,72)),76),78)),(((((80,(79,93)),(87,89)),73),(98,63)),69)),((((86,81),96),((84,((66,74),95)),(65,99))),(((82,97),((68,90),83)),((64,77),88))))),(59,1)),(((((5,(13,25)),53),8),(((6,3),32),28)),(((((19,17),34),41),((24,12),22)),(38,9)))),(45,11)),(((23,(56,21)),42),(33,18))),54),43),50);
Guide Tree 0/16
#NNI moves:0/152
Guide Tree 1/16
#NNI moves:0/152
Guide Tree 2/16
#NNI moves:0/152
Guide Tree 3/16
#NNI moves:0/152
Guide Tree 4/16
#NNI moves:0/152
Guide Tree 5/16
#NNI moves:0/152
Guide Tree 6/16
#NNI moves:0/152
Guide Tree 7/16
#NNI moves:0/152
Guide Tree 8/16
#NNI moves:0/152
Guide Tree 9/16
#NNI moves:0/152
Guide Tree 10/16
#NNI moves:0/152
Guide Tree 11/16
#NNI moves:0/152
Guide Tree 12/16
#NNI moves:0/152
Guide Tree 13/16
#NNI moves:0/152
Guide Tree 14/16
#NNI moves:0/152
Guide Tree 15/16
#NNI moves:0/152
Remaining: 0
#NNI moves:18/152
#NNI moves:18/152
(((((((((((((((66,74),95),84),(65,99)),((86,81),96)),(((77,64),88),(((90,68),83),(97,82)))),((((((89,87),((93,79),80)),73),(98,63)),69),(((76,((100,72),91)),78),((((67,92),75),(70,62)),(94,(71,85)))))),(((((((26,(61,4)),35),(51,36)),31),40),((((39,(10,15)),(57,49)),27),(20,60))),((((52,30),((14,16),(58,2))),(47,46)),(((7,29),(37,44)),(48,55))))),(59,1)),(((((12,24),22),((34,(17,19)),41)),(38,9)),(((53,(5,(13,25))),8),((32,(6,3)),28)))),(11,45)),(((23,(56,21)),42),(18,33))),54),43),50);
Guide Tree 0/16
#NNI moves:0/152
Guide Tree 1/16
#NNI moves:0/152
Guide Tree 2/16
#NNI moves:0/152
Guide Tree 3/16
#NNI moves:0/152
Guide Tree 4/16
#NNI moves:0/152
Guide Tree 5/16
#NNI moves:0/152
Guide Tree 6/16
#NNI moves:0/152
Guide Tree 7/16
#NNI moves:0/152
Guide Tree 8/16
#NNI moves:0/152
Guide Tree 9/16
#NNI moves:0/152
Guide Tree 10/16
#NNI moves:0/152
Guide Tree 11/16
#NNI moves:0/152
Guide Tree 12/16
#NNI moves:0/152
Guide Tree 13/16
#NNI moves:0/152
Guide Tree 14/16
#NNI moves:0/152
Guide Tree 15/16
#NNI moves:0/152
Remaining: 0
#NNI moves:14/152
#NNI moves:30/152
(((((((((((((86,81),96),((((74,66),95),84),(99,65))),(((97,82),(83,(90,68))),(88,(77,64)))),((((((89,87),(80,(79,93))),73),(98,63)),69),((((70,62),(75,(92,67))),((71,85),94)),(78,(((72,100),91),76))))),((((((35,((4,61),26)),(51,36)),31),40),((((49,57),((15,10),39)),27),(60,20))),((((7,29),(37,44)),(48,55)),((46,47),((52,30),((14,16),(58,2))))))),(59,1)),(((((24,12),22),(41,((17,19),34))),(9,38)),(((53,(5,(25,13))),8),(((6,3),32),28)))),(45,11)),((((21,56),23),42),(18,33))),54),43),50);
Guide Tree 0/16
#NNI moves:0/152
Guide Tree 1/16
#NNI moves:0/152
Guide Tree 2/16
#NNI moves:0/152
Guide Tree 3/16
#NNI moves:0/152
Guide Tree 4/16
#NNI moves:0/152
Guide Tree 5/16
#NNI moves:0/152
Guide Tree 6/16
#NNI moves:0/152
Guide Tree 7/16
#NNI moves:0/152
Guide Tree 8/16
#NNI moves:0/152
Guide Tree 9/16
#NNI moves:0/152
Guide Tree 10/16
#NNI moves:0/152
Guide Tree 11/16
#NNI moves:0/152
Guide Tree 12/16
#NNI moves:0/152
Guide Tree 13/16
#NNI moves:0/152
Guide Tree 14/16
#NNI moves:0/152
Guide Tree 15/16
#NNI moves:0/152
Remaining: 1
#NNI moves:10/152
#NNI moves:12/152
(((((((((((((((10,15),39),(57,49)),27),(60,20)),((31,(((26,(61,4)),35),(36,51))),40)),(((((16,14),(58,2)),(30,52)),(46,47)),(((7,29),(44,37)),(48,55)))),((((96,(81,86)),((((66,74),95),84),(65,99))),(((77,64),88),((82,97),((68,90),83)))),((((((72,100),91),76),78),(((62,70),((92,67),75)),(94,(85,71)))),(((((80,(93,79)),(87,89)),73),(63,98)),69)))),(59,1)),((((32,(6,3)),28),((((25,13),5),53),8)),(((((17,19),34),41),((24,12),22)),(38,9)))),(11,45)),((((56,21),23),42),(18,33))),54),43),50);
Initial score: 3.04714e+08
Initial tree: (((((((((((((((10,15),39),(57,49)),27),(60,20)),((31,(((26,(61,4)),35),(36,51))),40)),(((((16,14),(58,2)),(30,52)),(46,47)),(((7,29),(44,37)),(48,55)))),((((96,(81,86)),((((66,74),95),84),(65,99))),(((77,64),88),((82,97),((68,90),83)))),((((((72,100),91),76),78),(((62,70),((92,67),75)),(94,(85,71)))),(((((80,(93,79)),(87,89)),73),(63,98)),69)))),(59,1)),((((32,(6,3)),28),((((25,13),5),53),8)),(((((17,19),34),41),((24,12),22)),(38,9)))),(11,45)),((((56,21),23),42),(18,33))),54),43),50);
*** Subsample Process ***
Use two-step algorithm!
#NNI moves:0/152
Remaining: 0
#NNI moves:2/152
#NNI moves:2/152
(((((((((((((96,(81,86)),(((95,(74,66)),84),(65,99))),((88,(77,64)),((83,(68,90)),(97,82)))),((((76,(91,(72,100))),78),((((67,92),75),(70,62)),((71,85),94))),(((((87,89),((79,93),80)),73),(98,63)),69))),(((((((6,3),32),28),((((25,13),5),53),8)),((((24,12),22),(((19,17),34),41)),(9,38))),((((((56,21),23),42),(18,33)),((43,50),54)),(45,11))),(59,1))),(((55,48),((37,44),(7,29))),((47,46),((30,52),((58,2),(14,16)))))),((((49,57),((10,15),39)),27),(60,20))),40),31),(51,36)),35),(61,4)),26);
#NNI moves:0/152
Remaining: 0
#NNI moves:4/152
#NNI moves:4/152
((((((((((((60,20),((((15,10),39),(49,57)),27)),((31,((((4,61),26),35),(36,51))),40)),(((47,46),((30,52),((58,2),(14,16)))),(((44,37),(7,29)),(48,55)))),(((((((87,89),((79,93),80)),73),(63,98)),69),((((91,(72,100)),76),78),((((67,92),75),(62,70)),((85,71),94)))),((((86,81),96),(((95,(74,66)),84),(99,65))),((88,(77,64)),((97,82),((68,90),83)))))),(1,59)),((((22,(24,12)),(((19,17),34),41)),(38,9)),(((((13,25),5),53),8),((32,(3,6)),28)))),(45,11)),((18,33),(42,(23,(21,56))))),54),50),43);
#NNI moves:0/152
Remaining: 0
#NNI moves:12/152
#NNI moves:12/152
(((((((((((((87,89),(80,(79,93))),73),(63,98)),69),(((((100,72),91),76),78),((((67,92),75),(62,70)),((85,71),94)))),((((81,86),96),((84,(95,(74,66))),(99,65))),((((90,68),83),(82,97)),(88,(64,77))))),(((((((3,6),32),28),((((13,25),5),53),8)),((9,38),(((34,(17,19)),41),(22,(12,24))))),(((((23,(21,56)),42),(18,33)),((50,43),54)),(11,45))),(59,1))),(((46,47),((30,52),((58,2),(14,16)))),(((44,37),(7,29)),(55,48)))),(((((26,(4,61)),35),(51,36)),31),40)),(((39,(15,10)),(49,57)),27)),20),60);
#NNI moves:2/152
Remaining: 0
#NNI moves:34/152
#NNI moves:34/152
((((((((((((((((26,(61,4)),35),(36,51)),31),40),((((((15,10),57),49),39),27),(20,60))),(((((16,14),(2,58)),(52,30)),(47,46)),(((44,37),(7,29)),(48,55)))),((((((((93,79),80),(89,87)),73),(98,63)),69),((((62,70),((67,92),75)),(94,(85,71))),(((91,(100,72)),76),78))),(((((95,(66,74)),84),(65,99)),((81,86),96)),((((68,90),83),(82,97)),((64,77),88))))),(59,1)),(((((6,3),32),28),((53,((25,13),5)),8)),(((41,((17,19),34)),(22,(24,12))),(38,9)))),(45,11)),((43,50),54)),(33,18)),42),(56,21)),23);
Current score: 3.04714e+08
Current tree: ((43,(54,((((((((((((26,(61,4)),35),(36,51)),31),40),((((39,(15,10)),(49,57)),27),(20,60))),(((((16,14),(2,58)),(52,30)),(47,46)),(((44,37),(7,29)),(48,55)))),((((((((93,79),80),(89,87)),73),(98,63)),69),((((62,70),((67,92),75)),(94,(85,71))),(((91,(100,72)),76),78))),(((((95,(66,74)),84),(65,99)),((81,86),96)),((((68,90),83),(82,97)),((64,77),88))))),(59,1)),(((((6,3),32),28),((53,((25,13),5)),8)),(((41,((17,19),34)),(22,(24,12))),(38,9)))),(45,11)),((33,18),(42,((56,21),23)))))),50);
Final Tree: ((43,(54,((((((((((((26,(61,4)),35),(36,51)),31),40),((((39,(15,10)),(49,57)),27),(20,60))),(((((16,14),(2,58)),(52,30)),(47,46)),(((44,37),(7,29)),(48,55)))),((((((((93,79),80),(89,87)),73),(98,63)),69),((((62,70),((67,92),75)),(94,(85,71))),(((91,(100,72)),76),78))),(((((95,(66,74)),84),(65,99)),((81,86),96)),((((68,90),83),(82,97)),((64,77),88))))),(59,1)),(((((6,3),32),28),((53,((25,13),5)),8)),(((41,((17,19),34)),(22,(24,12))),(38,9)))),(45,11)),((33,18),(42,((56,21),23)))))),50);
#EqQuartets: 356822419
Score: 304714409
ASTRAL for PaRalogs and Orthologs III (ASTRAL-Pro3)
*** NOW with integrated CASTLES-Pro ***
Version: v1.22.3.6
Read 512 genetrees and found 100 species.
#Genetrees: 999
#Duploss: 40220
#Species: 100
#Rounds: 4
#Samples: 4
#Threads: 1
Use two-step algorithm!
Guide Tree 0/16
#NNI moves:0/152
Guide Tree 1/16
#NNI moves:0/152
Guide Tree 2/16
#NNI moves:0/152
Guide Tree 3/16
#NNI moves:0/152
Guide Tree 4/16
#NNI moves:2/152
Guide Tree 5/16
#NNI moves:2/152
Guide Tree 6/16
#NNI moves:0/152
Guide Tree 7/16
#NNI moves:0/152
Guide Tree 8/16
#NNI moves:0/152
Guide Tree 9/16
#NNI moves:2/152
Guide Tree 10/16
#NNI moves:0/152
Guide Tree 11/16
#NNI moves:2/152
Guide Tree 12/16
#NNI moves:2/152
Guide Tree 13/16
#NNI moves:2/152
Guide Tree 14/16
#NNI moves:0/152
Guide Tree 15/16
#NNI moves:0/152
Remaining: 0
#NNI moves:18/152
#NNI moves:18/152
(((((((((((((((9,6),42),7),(21,20)),((((8,44),30),24),36)),(((((34,41),(23,40)),((1,17),13)),((((5,12),(4,19)),37),(15,11))),22)),((39,3),(33,((27,45),16)))),((((((2,38),((18,10),14)),(31,35)),((43,26),29)),28),(32,25))),(((((62,(96,(93,48))),(64,(61,73))),92),71),((((69,65),94),(57,55)),(88,78)))),(((63,60),85),((((90,76),(100,89)),(51,77)),66))),(46,(((((80,47),(68,91)),84),(82,83)),(((98,52),(59,86)),67)))),(((58,(72,70)),81),(50,(49,99)))),(97,(54,(87,74)))),((75,(79,56)),95)),53);
Guide Tree 0/16
#NNI moves:0/152
Guide Tree 1/16
#NNI moves:0/152
Guide Tree 2/16
#NNI moves:0/152
Guide Tree 3/16
#NNI moves:0/152
Guide Tree 4/16
#NNI moves:0/152
Guide Tree 5/16
#NNI moves:0/152
Guide Tree 6/16
#NNI moves:0/152
Guide Tree 7/16
#NNI moves:0/152
Guide Tree 8/16
#NNI moves:6/152
Guide Tree 9/16
#NNI moves:0/152
Guide Tree 10/16
#NNI moves:0/152
Guide Tree 11/16
#NNI moves:2/152
Guide Tree 12/16
#NNI moves:0/152
Guide Tree 13/16
#NNI moves:0/152
Guide Tree 14/16
#NNI moves:0/152
Guide Tree 15/16
#NNI moves:0/152
Remaining: 0
#NNI moves:4/152
#NNI moves:6/152
(((((((((((39,3),((16,(45,27)),33)),((((((9,6),42),7),(21,20)),((((44,8),30),24),36)),((((((19,4),(12,5)),37),(15,11)),((13,(17,1)),((23,40),(41,34)))),22))),(((((((18,10),14),(38,2)),(35,31)),(29,(26,43))),28),(25,32))),(((((((48,93),96),62),(64,(61,73))),92),71),((88,78),((94,(69,65)),(55,57))))),((((77,51),((90,76),(89,100))),66),(85,(63,60)))),(((((52,98),(86,59)),67),((((47,80),(68,91)),84),(83,82))),46)),((81,((72,70),58)),((99,49),50))),((54,(87,74)),97)),(95,((56,79),75))),53);
Guide Tree 0/16
#NNI moves:0/152
Guide Tree 1/16
#NNI moves:0/152
Guide Tree 2/16
#NNI moves:0/152
Guide Tree 3/16
#NNI moves:0/152
Guide Tree 4/16
#NNI moves:0/152
Guide Tree 5/16
#NNI moves:0/152
Guide Tree 6/16
#NNI moves:0/152
Guide Tree 7/16
#NNI moves:0/152
Guide Tree 8/16
#NNI moves:0/152
Guide Tree 9/16
#NNI moves:0/152
Guide Tree 10/16
#NNI moves:0/152
Guide Tree 11/16
#NNI moves:0/152
Guide Tree 12/16
#NNI moves:0/152
Guide Tree 13/16
#NNI moves:0/152
Guide Tree 14/16
#NNI moves:0/152
Guide Tree 15/16
#NNI moves:0/152
Remaining: 0
#NNI moves:0/152
#NNI moves:0/152
(((((((((((((((1,17),13),((34,41),(40,23))),((((4,19),(12,5)),37),(11,15))),22),(((7,((6,9),42)),(20,21)),((((44,8),30),24),36))),((((27,45),16),33),(39,3))),((((((38,2),((10,18),14)),(31,35)),((43,26),29)),28),(25,32))),(((((((48,93),96),62),((61,73),64)),92),71),((((69,65),94),(55,57)),(78,88)))),((((51,77),((76,90),(89,100))),66),((63,60),85))),(((67,((86,59),(52,98))),((((68,91),(80,47)),84),(82,83))),46)),((81,((72,70),58)),((99,49),50))),(((74,87),54),97)),(((56,79),75),95)),53);
Guide Tree 0/16
#NNI moves:2/152
Guide Tree 1/16
#NNI moves:0/152
Guide Tree 2/16
#NNI moves:0/152
Guide Tree 3/16
#NNI moves:0/152
Guide Tree 4/16
#NNI moves:0/152
Guide Tree 5/16
#NNI moves:2/152
Guide Tree 6/16
#NNI moves:2/152
Guide Tree 7/16
#NNI moves:0/152
Guide Tree 8/16
#NNI moves:0/152
Guide Tree 9/16
#NNI moves:0/152
Guide Tree 10/16
#NNI moves:0/152
Guide Tree 11/16
#NNI moves:0/152
Guide Tree 12/16
#NNI moves:0/152
Guide Tree 13/16
#NNI moves:0/152
Guide Tree 14/16
#NNI moves:0/152
Guide Tree 15/16
#NNI moves:0/152
Remaining: 0
#NNI moves:8/152
#NNI moves:8/152
((((((((((((((11,15),(((19,4),(12,5)),37)),(((23,40),(34,41)),((1,17),13))),22),((((30,(8,44)),24),36),((((6,9),42),7),(21,20)))),((((45,27),16),33),(39,3))),(((((31,35),((38,2),(14,(18,10)))),((43,26),29)),28),(32,25))),(((((64,(61,73)),(((93,48),96),62)),92),71),(((55,57),((69,65),94)),(88,78)))),(((((89,100),(76,90)),(51,77)),66),((63,60),85))),(46,(((((47,80),(68,91)),84),(82,83)),(((52,98),(59,86)),67)))),(((49,99),50),(81,((72,70),58)))),((54,(87,74)),97)),(95,(75,(56,79)))),53);
Initial score: 3.48588e+08
Initial tree: ((((((((((((((11,15),(((19,4),(12,5)),37)),(((23,40),(34,41)),((1,17),13))),22),((((30,(8,44)),24),36),((((6,9),42),7),(21,20)))),((((45,27),16),33),(39,3))),(((((31,35),((38,2),(14,(18,10)))),((43,26),29)),28),(32,25))),(((((64,(61,73)),(((93,48),96),62)),92),71),(((55,57),((69,65),94)),(88,78)))),(((((89,100),(76,90)),(51,77)),66),((63,60),85))),(46,(((((47,80),(68,91)),84),(82,83)),(((52,98),(59,86)),67)))),(((49,99),50),(81,((72,70),58)))),((54,(87,74)),97)),(95,(75,(56,79)))),53);
*** Subsample Process ***
Use two-step algorithm!
#NNI moves:0/152
Remaining: 0
#NNI moves:6/152
#NNI moves:6/152
((((((((((((((46,(((83,82),(84,((91,68),(80,47)))),(((86,59),(98,52)),67))),(((((70,72),58),81),((99,49),50)),(((54,(87,74)),97),(((75,(56,79)),95),53)))),(((63,60),85),((((76,90),(100,89)),(77,51)),66))),(((((69,65),94),(57,55)),(78,88)),((92,((64,(61,73)),(((93,48),96),62))),71))),(((((35,31),(((10,18),14),(2,38))),(29,(26,43))),28),(32,25))),((((27,45),16),33),(3,39))),((((30,(44,8)),24),36),((((9,6),42),7),(21,20)))),22),(((34,41),(23,40)),((17,1),13))),(11,15)),37),(12,5)),19),4);
#NNI moves:0/152
Remaining: 0
#NNI moves:0/152
#NNI moves:0/152
(((((((((((((((((34,41),(23,40)),((1,17),13)),((((4,19),(12,5)),37),(11,15))),22),(((((6,9),42),7),(20,21)),((24,(30,(44,8))),36))),((((27,45),16),33),(39,3))),(((((43,26),29),(((2,38),((10,18),14)),(35,31))),28),(25,32))),((71,(((62,((48,93),96)),((73,61),64)),92)),(((57,55),(94,(65,69))),(88,78)))),(((((90,76),(100,89)),(77,51)),66),(85,(60,63)))),((((((91,68),(47,80)),84),(83,82)),(((86,59),(98,52)),67)),46)),((50,(99,49)),((58,(72,70)),81))),(97,(54,(74,87)))),53),95),(79,56)),75);
#NNI moves:0/152
Remaining: 0
#NNI moves:6/152
#NNI moves:20/152
((((((((((((((((100,89),(90,76)),(51,77)),66),((60,63),85)),(((((((59,86),(52,98)),67),((83,82),(84,((91,68),(47,80))))),46),((54,(74,87)),97)),(((50,(99,49)),((58,(72,70)),81)),(53,(95,(75,(79,56))))))),(((((62,((93,48),96)),(64,(61,73))),92),71),((((65,69),94),(55,57)),(78,88)))),(((((26,43),29),((31,35),((14,(18,10)),(2,38)))),28),(25,32))),((((27,45),16),33),(39,3))),(((((9,6),42),7),(20,21)),(((30,(44,8)),24),36))),22),((15,11),(((5,12),(4,19)),37))),(13,(1,17))),(40,23)),41),34);
#NNI moves:2/152
Remaining: 0
#NNI moves:34/152
#NNI moves:34/152
((((((((((((((9,6),42),7),(21,20)),((24,(30,(8,44))),36)),(22,((((41,34),(23,40)),((17,1),13)),((((12,5),(4,19)),37),(15,11))))),((3,39),(((45,27),16),33))),(((((31,35),(((18,10),14),(2,38))),((43,26),29)),28),(32,25))),(((((62,((48,93),96)),((73,61),64)),92),71),((((69,65),94),(55,57)),(78,88)))),(((((49,99),50),(81,(58,(70,72)))),(((95,((56,79),75)),53),((54,(87,74)),97))),((((((68,91),(80,47)),84),(83,82)),(((98,52),(59,86)),67)),46))),(((51,77),((76,90),(100,89))),66)),85),60),63);
Current score: 3.48588e+08
Current tree: (((95,((56,79),75)),(((54,(87,74)),97),((((49,99),50),(81,(58,(70,72)))),(((((((68,91),(80,47)),84),(83,82)),(((98,52),(59,86)),67)),46),((((((((((9,6),42),7),(21,20)),((24,(30,(8,44))),36)),(22,((((41,34),(23,40)),((17,1),13)),((((12,5),(4,19)),37),(15,11))))),((3,39),(((45,27),16),33))),(((((31,35),(((18,10),14),(2,38))),((43,26),29)),28),(32,25))),(((((62,((48,93),96)),((73,61),64)),92),71),((((69,65),94),(55,57)),(78,88)))),((((51,77),((76,90),(100,89))),66),(85,(60,63)))))))),53);
Final Tree: (((95,((56,79),75)),(((54,(87,74)),97),((((49,99),50),(81,(58,(70,72)))),(((((((68,91),(80,47)),84),(83,82)),(((98,52),(59,86)),67)),46),((((((((((9,6),42),7),(21,20)),((24,(30,(8,44))),36)),(22,((((41,34),(23,40)),((17,1),13)),((((12,5),(4,19)),37),(15,11))))),((3,39),(((45,27),16),33))),(((((31,35),(((18,10),14),(2,38))),((43,26),29)),28),(32,25))),(((((62,((48,93),96)),((73,61),64)),92),71),((((69,65),94),(55,57)),(78,88)))),((((51,77),((76,90),(100,89))),66),(85,(60,63)))))))),53);
#EqQuartets: 408944653
Score: 348588266
ASTRAL for PaRalogs and Orthologs III (ASTRAL-Pro3)
*** NOW with integrated CASTLES-Pro ***
Version: v1.22.3.6
Read 512 genetrees and found 100 species.
#Genetrees: 999
#Duploss: 43449
#Species: 100
#Rounds: 4
#Samples: 4
#Threads: 1
Use two-step algorithm!
Guide Tree 0/16
#NNI moves:0/152
Guide Tree 1/16
#NNI moves:0/152
Guide Tree 2/16
#NNI moves:0/152
Guide Tree 3/16
#NNI moves:2/152
Guide Tree 4/16
#NNI moves:0/152
Guide Tree 5/16
#NNI moves:0/152
Guide Tree 6/16
#NNI moves:0/152
Guide Tree 7/16
#NNI moves:0/152
Guide Tree 8/16
#NNI moves:0/152
Guide Tree 9/16
#NNI moves:0/152
Guide Tree 10/16
#NNI moves:0/152
Guide Tree 11/16
#NNI moves:0/152
Guide Tree 12/16
#NNI moves:0/152
Guide Tree 13/16
#NNI moves:0/152
Guide Tree 14/16
#NNI moves:0/152
Guide Tree 15/16
#NNI moves:0/152
Remaining: 0
#NNI moves:2/152
#NNI moves:2/152
(((((((((((((((((23,17),(1,58)),(51,42)),6),((((4,(36,29)),3),38),31)),((54,44),(47,16))),(((((19,43),27),(56,26)),((57,14),(34,7))),((33,12),(50,28)))),(((((((35,55),46),45),(52,(15,5))),(((53,30),49),13)),(((((40,11),39),(((41,9),25),(18,8))),(22,2)),((20,32),(24,(37,48))))),10)),21),(((((70,65),92),(81,(96,73))),((77,69),((60,95),71))),79)),((82,72),(91,61))),((74,97),(((84,68),((63,(76,87)),(80,66))),93))),(((75,98),(((((85,99),67),86),62),59)),100)),(((90,94),88),78)),64),89),83);
Guide Tree 0/16
#NNI moves:0/152
Guide Tree 1/16
#NNI moves:0/152
Guide Tree 2/16
#NNI moves:0/152
Guide Tree 3/16
#NNI moves:0/152
Guide Tree 4/16
#NNI moves:0/152
Guide Tree 5/16
#NNI moves:0/152
Guide Tree 6/16
#NNI moves:0/152
Guide Tree 7/16
#NNI moves:0/152
Guide Tree 8/16
#NNI moves:0/152
Guide Tree 9/16
#NNI moves:0/152
Guide Tree 10/16
#NNI moves:0/152
Guide Tree 11/16
#NNI moves:0/152
Guide Tree 12/16
#NNI moves:0/152
Guide Tree 13/16
#NNI moves:0/152
Guide Tree 14/16
#NNI moves:0/152
Guide Tree 15/16
#NNI moves:0/152
Remaining: 0
#NNI moves:0/152
#NNI moves:0/152
(((((((((((((((((23,17),(1,58)),(51,42)),6),((((4,(29,36)),3),38),31)),((54,44),(47,16))),(((((19,43),27),(56,26)),((14,57),(7,34))),((28,50),(12,33)))),(((((32,20),(24,(37,48))),(((39,(11,40)),((18,8),((41,9),25))),(2,22))),(((52,(15,5)),(45,((35,55),46))),(((53,30),49),13))),10)),21),((((92,(65,70)),((73,96),81)),((69,77),((95,60),71))),79)),((72,82),(91,61))),((((((87,76),63),(80,66)),(68,84)),93),(97,74))),(100,((((86,((85,99),67)),62),59),(98,75)))),(((90,94),88),78)),64),89),83);
Guide Tree 0/16
#NNI moves:0/152
Guide Tree 1/16
#NNI moves:0/152
Guide Tree 2/16
#NNI moves:0/152
Guide Tree 3/16
#NNI moves:0/152
Guide Tree 4/16
#NNI moves:0/152
Guide Tree 5/16
#NNI moves:0/152
Guide Tree 6/16
#NNI moves:0/152
Guide Tree 7/16
#NNI moves:0/152
Guide Tree 8/16
#NNI moves:0/152
Guide Tree 9/16
#NNI moves:0/152
Guide Tree 10/16
#NNI moves:0/152
Guide Tree 11/16
#NNI moves:0/152
Guide Tree 12/16
#NNI moves:0/152
Guide Tree 13/16
#NNI moves:0/152
Guide Tree 14/16
#NNI moves:0/152
Guide Tree 15/16
#NNI moves:0/152
Remaining: 0
#NNI moves:0/152
#NNI moves:0/152
(((((((((((((((20,32),((37,48),24)),((((18,8),((41,9),25)),((40,11),39)),(22,2))),((((30,53),49),13),(((15,5),52),(((55,35),46),45)))),10),(((((57,14),(34,7)),(((19,43),27),(56,26))),((12,33),(28,50))),((((((17,23),(1,58)),(51,42)),6),(((((36,29),4),3),38),31)),((16,47),(44,54))))),21),((((92,(70,65)),(81,(96,73))),(((60,95),71),(69,77))),79)),((82,72),(61,91))),(((((80,66),((87,76),63)),(68,84)),93),(97,74))),(100,((59,((((85,99),67),86),62)),(75,98)))),(78,((90,94),88))),64),89),83);
Guide Tree 0/16
#NNI moves:2/152
Guide Tree 1/16
#NNI moves:0/152
Guide Tree 2/16
#NNI moves:0/152
Guide Tree 3/16
#NNI moves:0/152
Guide Tree 4/16
#NNI moves:0/152
Guide Tree 5/16
#NNI moves:0/152
Guide Tree 6/16
#NNI moves:2/152
Guide Tree 7/16
#NNI moves:0/152
Guide Tree 8/16
#NNI moves:2/152
Guide Tree 9/16
#NNI moves:0/152
Guide Tree 10/16
#NNI moves:0/152
Guide Tree 11/16
#NNI moves:0/152
Guide Tree 12/16
#NNI moves:0/152
Guide Tree 13/16
#NNI moves:0/152
Guide Tree 14/16
#NNI moves:0/152
Guide Tree 15/16
#NNI moves:0/152
Remaining: 0
#NNI moves:0/152
#NNI moves:0/152
((((((((((((((((43,19),27),(26,56)),((14,57),(7,34))),((28,50),(33,12))),((((((1,58),(23,17)),(51,42)),6),((38,((4,(36,29)),3)),31)),((47,16),(44,54)))),((((((48,37),24),(20,32)),((22,2),(((40,11),39),((18,8),((41,9),25))))),(((((35,55),46),45),(52,(15,5))),(((53,30),49),13))),10)),21),(((((65,70),92),(81,(73,96))),(((95,60),71),(77,69))),79)),((61,91),(72,82))),((93,((84,68),((63,(76,87)),(80,66)))),(74,97))),(((((((99,85),67),86),62),59),(75,98)),100)),(((94,90),88),78)),64),89),83);
Initial score: 3.68249e+08
Initial tree: ((((((((((((((((43,19),27),(26,56)),((14,57),(7,34))),((28,50),(33,12))),((((((1,58),(23,17)),(51,42)),6),((38,((4,(36,29)),3)),31)),((47,16),(44,54)))),((((((48,37),24),(20,32)),((22,2),(((40,11),39),((18,8),((41,9),25))))),(((((35,55),46),45),(52,(15,5))),(((53,30),49),13))),10)),21),(((((65,70),92),(81,(73,96))),(((95,60),71),(77,69))),79)),((61,91),(72,82))),((93,((84,68),((63,(76,87)),(80,66)))),(74,97))),(((((((99,85),67),86),62),59),(75,98)),100)),(((94,90),88),78)),64),89),83);
*** Subsample Process ***
Use two-step algorithm!
#NNI moves:0/152
Remaining: 0
#NNI moves:0/152
#NNI moves:0/152
(((((((((((((((59,(((67,(85,99)),86),62)),(75,98)),100),(((89,83),64),(((94,90),88),78))),((((84,68),(((76,87),63),(66,80))),93),(97,74))),((61,91),(72,82))),((((81,(96,73)),((70,65),92)),((77,69),((60,95),71))),79)),21),((((((37,48),24),(32,20)),((((25,(9,41)),(8,18)),((40,11),39)),(22,2))),(((49,(53,30)),13),((52,(5,15)),(45,((55,35),46))))),10)),((((((1,58),(23,17)),(42,51)),6),(((((36,29),4),3),38),31)),((47,16),(54,44)))),((12,33),(28,50))),((34,7),(14,57))),((19,43),27)),26),56);
#NNI moves:0/152
Remaining: 0
#NNI moves:0/152
#NNI moves:0/152
((((((((((((((((((36,29),4),3),38),31),(6,((51,42),((23,17),(58,1))))),((44,54),(16,47))),((((27,(19,43)),(26,56)),((57,14),(34,7))),((12,33),(28,50)))),(((((((8,18),((41,9),25)),((40,11),39)),(2,22)),(((48,37),24),(32,20))),((((5,15),52),(((55,35),46),45)),(((30,53),49),13))),10)),21),(((((73,96),81),(92,(65,70))),((77,69),((95,60),71))),79)),((91,61),(82,72))),((((84,68),(((76,87),63),(80,66))),93),(74,97))),((((((67,(85,99)),86),62),59),(75,98)),100)),(((90,94),88),78)),64),83),89);
#NNI moves:0/152
Remaining: 0
#NNI moves:0/152
#NNI moves:0/152
((((((((((((((((((((86,((85,99),67)),62),59),(75,98)),100),((((90,94),88),78),((83,89),64))),(((((63,(76,87)),(80,66)),(84,68)),93),(74,97))),((91,61),(72,82))),(((((73,96),81),((65,70),92)),(((60,95),71),(69,77))),79)),21),(((((((40,11),39),((8,18),(25,(41,9)))),(22,2)),(((48,37),24),(20,32))),(((52,(5,15)),((46,(35,55)),45)),(((30,53),49),13))),10)),((((7,34),(57,14)),((26,56),((19,43),27))),((33,12),(50,28)))),((16,47),(44,54))),((((23,17),(58,1)),(42,51)),6)),31),38),3),4),29),36);
#NNI moves:0/152
Remaining: 0
#NNI moves:0/152
#NNI moves:0/152
((((((((((((((((((23,17),(1,58)),(51,42)),6),(((3,((29,36),4)),38),31)),((54,44),(16,47))),((((14,57),(34,7)),(((43,19),27),(56,26))),((33,12),(50,28)))),((((((15,5),52),(((55,35),46),45)),(((53,30),49),13)),(((22,2),(((8,18),((41,9),25)),((40,11),39))),((20,32),((37,48),24)))),10)),21),(((((70,65),92),(81,(96,73))),(((95,60),71),(77,69))),79)),((61,91),(82,72))),((((84,68),((63,(87,76)),(66,80))),93),(74,97))),(((((((85,99),67),86),62),59),(98,75)),100)),(64,(89,83))),78),88),94),90);
Current score: 3.68249e+08
Current tree: ((89,(64,((((((((((((((23,17),(1,58)),(51,42)),6),(((3,((29,36),4)),38),31)),((54,44),(16,47))),((((14,57),(34,7)),(((43,19),27),(56,26))),((33,12),(50,28)))),((((((15,5),52),(((55,35),46),45)),(((53,30),49),13)),(((22,2),(((8,18),((41,9),25)),((40,11),39))),((20,32),((37,48),24)))),10)),21),(((((70,65),92),(81,(96,73))),(((95,60),71),(77,69))),79)),((61,91),(82,72))),((((84,68),((63,(87,76)),(66,80))),93),(74,97))),(((((((85,99),67),86),62),59),(98,75)),100)),(78,(88,(94,90)))))),83);
Final Tree: ((89,(64,((((((((((((((23,17),(1,58)),(51,42)),6),(((3,((29,36),4)),38),31)),((54,44),(16,47))),((((14,57),(34,7)),(((43,19),27),(56,26))),((33,12),(50,28)))),((((((15,5),52),(((55,35),46),45)),(((53,30),49),13)),(((22,2),(((8,18),((41,9),25)),((40,11),39))),((20,32),((37,48),24)))),10)),21),(((((70,65),92),(81,(96,73))),(((95,60),71),(77,69))),79)),((61,91),(82,72))),((((84,68),((63,(87,76)),(66,80))),93),(74,97))),(((((((85,99),67),86),62),59),(98,75)),100)),(78,(88,(94,90)))))),83);
#EqQuartets: 427677734
Score: 368249379
ASTRAL for PaRalogs and Orthologs III (ASTRAL-Pro3)
*** NOW with integrated CASTLES-Pro ***
Version: v1.22.3.6
Read 512 genetrees and found 100 species.
#Genetrees: 999
#Duploss: 38755
#Species: 100
#Rounds: 4
#Samples: 4
#Threads: 1
Use two-step algorithm!
Guide Tree 0/16
#NNI moves:0/152
Guide Tree 1/16
#NNI moves:0/152
Guide Tree 2/16
#NNI moves:0/152
Guide Tree 3/16
#NNI moves:6/152
Guide Tree 4/16
#NNI moves:0/152
Guide Tree 5/16
#NNI moves:0/152
Guide Tree 6/16
#NNI moves:0/152
Guide Tree 7/16
#NNI moves:0/152
Guide Tree 8/16
#NNI moves:2/152
Guide Tree 9/16
#NNI moves:0/152
Guide Tree 10/16
#NNI moves:0/152
Guide Tree 11/16
#NNI moves:0/152
Guide Tree 12/16
#NNI moves:0/152
Guide Tree 13/16
#NNI moves:0/152
Guide Tree 14/16
#NNI moves:0/152
Guide Tree 15/16
#NNI moves:0/152
Remaining: 0
#NNI moves:0/152
#NNI moves:0/152
(((((((((((((((((52,(26,21)),68),55),((2,1),(14,66))),(60,((((3,9),29),(35,27)),70))),(((((85,75),(((84,80),94),(78,93))),74),76),(((73,95),((98,87),83)),((((((92,79),((90,(99,89)),77)),(96,88)),86),(100,81)),(97,(91,82)))))),(((40,67),((15,(12,72)),31)),(51,5))),56),(((((62,71),((((63,7),(10,25)),(65,18)),41)),((((39,43),((69,44),((49,48),4))),(28,34)),37)),(((30,22),8),53)),(((17,46),(61,20)),((13,36),54)))),45),((((47,16),32),59),(11,(33,24)))),42),((64,58),38)),(6,19)),50),57),23);
Guide Tree 0/16
#NNI moves:0/152
Guide Tree 1/16
#NNI moves:0/152
Guide Tree 2/16
#NNI moves:0/152
Guide Tree 3/16
#NNI moves:0/152
Guide Tree 4/16
#NNI moves:0/152
Guide Tree 5/16
#NNI moves:0/152
Guide Tree 6/16
#NNI moves:0/152
Guide Tree 7/16
#NNI moves:0/152
Guide Tree 8/16
#NNI moves:0/152
Guide Tree 9/16
#NNI moves:0/152
Guide Tree 10/16
#NNI moves:0/152
Guide Tree 11/16
#NNI moves:0/152
Guide Tree 12/16
#NNI moves:0/152
Guide Tree 13/16
#NNI moves:0/152
Guide Tree 14/16
#NNI moves:2/152
Guide Tree 15/16
#NNI moves:0/152
Remaining: 1
#NNI moves:0/152
#NNI moves:0/152
((((((((((((((((95,73),((87,98),83)),((((((((89,99),90),77),(92,79)),(88,96)),86),(100,81)),((91,82),97))),((74,(((93,78),(94,(80,84))),(85,75))),76)),((((2,1),(66,14)),(((52,(21,26)),68),55)),((((27,35),((9,3),29)),70),60))),(((((72,12),15),31),(67,40)),(51,5))),56),((((((34,28),((39,43),((4,(48,49)),(44,69)))),37),(((((10,25),(7,63)),(65,18)),41),(71,62))),(((22,30),8),53)),((54,(36,13)),((46,17),(61,20))))),45),(((32,(16,47)),59),((33,24),11))),42),((64,58),38)),(6,19)),50),57),23);
Guide Tree 0/16
#NNI moves:0/152
Guide Tree 1/16
#NNI moves:0/152
Guide Tree 2/16
#NNI moves:2/152
Guide Tree 3/16
#NNI moves:0/152
Guide Tree 4/16
#NNI moves:0/152
Guide Tree 5/16
#NNI moves:0/152
Guide Tree 6/16
#NNI moves:2/152
Guide Tree 7/16
#NNI moves:2/152
Guide Tree 8/16
#NNI moves:0/152
Guide Tree 9/16
#NNI moves:0/152
Guide Tree 10/16
#NNI moves:0/152
Guide Tree 11/16
#NNI moves:2/152
Guide Tree 12/16
#NNI moves:0/152
Guide Tree 13/16
#NNI moves:0/152
Guide Tree 14/16
#NNI moves:0/152
Guide Tree 15/16
#NNI moves:0/152
Remaining: 0
#NNI moves:0/152
#NNI moves:0/152
(((((((((((((((((100,81),((((79,92),(77,((89,99),90))),(96,88)),86)),(97,(82,91))),((95,73),((87,98),83))),((((75,85),(((80,84),94),(93,78))),74),76)),((((((26,21),52),68),55),((1,2),(14,66))),(((((3,9),29),(27,35)),70),60))),(((67,40),((15,(12,72)),31)),(51,5))),56),((((((28,34),(((4,(49,48)),(44,69)),(39,43))),37),((((18,65),((63,7),(25,10))),41),(71,62))),((8,(30,22)),53)),(((17,46),(20,61)),((13,36),54)))),45),((59,((16,47),32)),((24,33),11))),42),((64,58),38)),(19,6)),50),57),23);
Guide Tree 0/16
#NNI moves:0/152
Guide Tree 1/16
#NNI moves:0/152
Guide Tree 2/16
#NNI moves:0/152
Guide Tree 3/16
#NNI moves:0/152
Guide Tree 4/16
#NNI moves:6/152
Guide Tree 5/16
#NNI moves:0/152
Guide Tree 6/16
#NNI moves:0/152
Guide Tree 7/16
#NNI moves:2/152
Guide Tree 8/16
#NNI moves:0/152
Guide Tree 9/16
#NNI moves:0/152
Guide Tree 10/16
#NNI moves:2/152
Guide Tree 11/16
#NNI moves:0/152
Guide Tree 12/16
#NNI moves:2/152
Guide Tree 13/16
#NNI moves:0/152
Guide Tree 14/16
#NNI moves:2/152
Guide Tree 15/16
#NNI moves:2/152
Remaining: 0
#NNI moves:2/152
#NNI moves:2/152
(((((((((((((((((81,100),(((96,88),((92,79),(((89,99),90),77))),86)),((91,82),97)),(((98,87),83),(73,95))),((((((80,84),94),(78,93)),(75,85)),74),76)),((((14,66),(2,1)),((((21,26),52),68),55)),((((27,35),((9,3),29)),70),60))),(((31,((12,72),15)),(40,67)),(51,5))),56),((((46,17),(20,61)),(54,(36,13))),((((((43,39),((69,44),(4,(49,48)))),(28,34)),37),((71,62),(((65,18),((63,7),(25,10))),41))),(53,((22,30),8))))),45),(((24,33),11),(((16,47),32),59))),42),((58,64),38)),(19,6)),50),57),23);
Initial score: 3.2326e+08
Initial tree: (((((((((((((((((81,100),(((96,88),((92,79),(((89,99),90),77))),86)),((91,82),97)),(((98,87),83),(73,95))),((((((80,84),94),(78,93)),(75,85)),74),76)),((((14,66),(2,1)),((((21,26),52),68),55)),((((27,35),((9,3),29)),70),60))),(((31,((12,72),15)),(40,67)),(51,5))),56),((((46,17),(20,61)),(54,(36,13))),((((((43,39),((69,44),(4,(49,48)))),(28,34)),37),((71,62),(((65,18),((63,7),(25,10))),41))),(53,((22,30),8))))),45),(((24,33),11),(((16,47),32),59))),42),((58,64),38)),(19,6)),50),57),23);
*** Subsample Process ***
Use two-step algorithm!
#NNI moves:0/152
Remaining: 0
#NNI moves:0/152
#NNI moves:0/152
((((((((((((((((((((((69,44),((49,48),4)),(39,43)),(34,28)),37),(((((63,7),(10,25)),(65,18)),41),(71,62))),((8,(22,30)),53)),(((17,46),(20,61)),((13,36),54))),(((((((57,23),50),(19,6)),((58,64),38)),42),((((47,16),32),59),((24,33),11))),45)),56),(((67,40),(((12,72),15),31)),(51,5))),(((((52,(26,21)),68),55),((14,66),(2,1))),((((29,(9,3)),(27,35)),70),60))),((((75,85),((78,93),((84,80),94))),74),76)),(((98,87),83),(95,73))),((82,91),97)),(81,100)),86),(96,88)),(92,79)),77),(99,89)),90);
#NNI moves:2/152
Remaining: 0
#NNI moves:8/152
#NNI moves:8/152
(((((((((((((((((((88,96),((79,92),((90,(99,89)),77))),86),(100,81)),((91,82),97)),((83,(98,87)),(95,73))),((((85,75),(((84,80),94),(93,78))),74),76)),((((((21,26),52),68),55),((1,2),(66,14))),(((((3,9),29),(27,35)),70),60))),(((((12,72),15),31),(67,40)),(51,5))),56),((((((((63,7),(25,10)),(65,18)),41),(62,71)),(((28,34),(((69,44),((49,48),4)),(39,43))),37)),((8,(30,22)),53)),(((61,20),(46,17)),(54,(13,36))))),45),(((24,33),11),(((47,16),32),59))),42),((64,58),38)),(19,6)),50),23),57);
#NNI moves:0/152
Remaining: 0
#NNI moves:0/152
#NNI moves:0/152
(((((((((((((((((((((63,7),(25,10)),(65,18)),41),(62,71)),(37,(((((49,48),4),(69,44)),(39,43)),(28,34)))),(53,((22,30),8))),(((13,36),54),((46,17),(61,20)))),((((((64,58),38),((6,19),((23,57),50))),42),(((32,(16,47)),59),((24,33),11))),45)),56),((51,5),((((72,12),15),31),(40,67)))),(((((52,(21,26)),68),55),((2,1),(66,14))),((70,(((3,9),29),(35,27))),60))),((((((84,80),94),(93,78)),(85,75)),74),76)),((83,(98,87)),(95,73))),((91,82),97)),(81,100)),86),(96,88)),(92,79)),(90,(89,99))),77);
#NNI moves:0/152
Remaining: 0
#NNI moves:0/152
#NNI moves:0/152
((((((((((((((((52,(21,26)),68),55),((14,66),(2,1))),(((((9,3),29),(35,27)),70),60)),(((((81,100),((((79,92),(((99,89),90),77)),(96,88)),86)),((91,82),97)),((95,73),((98,87),83))),((((75,85),(((84,80),94),(78,93))),74),76))),((((15,(12,72)),31),(40,67)),(5,51))),56),((((((((10,25),(7,63)),(18,65)),41),(71,62)),(((((69,44),((48,49),4)),(43,39)),(34,28)),37)),((8,(30,22)),53)),(((17,46),(20,61)),(54,(36,13))))),45),((11,(33,24)),(59,((16,47),32)))),42),((19,6),(50,(57,23)))),38),58),64);
Current score: 3.2326e+08
Current tree: ((57,(50,((19,6),(((((((((((((52,(21,26)),68),55),((14,66),(2,1))),(((((9,3),29),(35,27)),70),60)),(((((81,100),((((79,92),(((99,89),90),77)),(96,88)),86)),((91,82),97)),((95,73),((98,87),83))),((((75,85),(((84,80),94),(78,93))),74),76))),((((15,(12,72)),31),(40,67)),(5,51))),56),((((((((10,25),(7,63)),(18,65)),41),(71,62)),(((((69,44),((48,49),4)),(43,39)),(34,28)),37)),((8,(30,22)),53)),(((17,46),(20,61)),(54,(36,13))))),45),((11,(33,24)),(59,((16,47),32)))),42),(38,(58,64)))))),23);
Final Tree: ((57,(50,((19,6),(((((((((((((52,(21,26)),68),55),((14,66),(2,1))),(((((9,3),29),(35,27)),70),60)),(((((81,100),((((79,92),(((99,89),90),77)),(96,88)),86)),((91,82),97)),((95,73),((98,87),83))),((((75,85),(((84,80),94),(78,93))),74),76))),((((15,(12,72)),31),(40,67)),(5,51))),56),((((((((10,25),(7,63)),(18,65)),41),(71,62)),(((((69,44),((48,49),4)),(43,39)),(34,28)),37)),((8,(30,22)),53)),(((17,46),(20,61)),(54,(36,13))))),45),((11,(33,24)),(59,((16,47),32)))),42),(38,(58,64)))))),23);
#EqQuartets: 376890893
Score: 323259817
ASTRAL for PaRalogs and Orthologs III (ASTRAL-Pro3)
*** NOW with integrated CASTLES-Pro ***
Version: v1.22.3.6
Read 512 genetrees and found 100 species.
#Genetrees: 995
#Duploss: 36455
#Species: 100
#Rounds: 4
#Samples: 4
#Threads: 1
Use two-step algorithm!
Guide Tree 0/16
#NNI moves:0/152
Guide Tree 1/16
#NNI moves:0/152
Guide Tree 2/16
#NNI moves:0/152
Guide Tree 3/16
#NNI moves:0/152
Guide Tree 4/16
#NNI moves:0/152
Guide Tree 5/16
#NNI moves:0/152
Guide Tree 6/16
#NNI moves:0/152
Guide Tree 7/16
#NNI moves:0/152
Guide Tree 8/16
#NNI moves:0/152
Guide Tree 9/16
#NNI moves:0/152
Guide Tree 10/16
#NNI moves:0/152
Guide Tree 11/16
#NNI moves:0/152
Guide Tree 12/16
#NNI moves:0/152
Guide Tree 13/16
#NNI moves:0/152
Guide Tree 14/16
#NNI moves:0/152
Guide Tree 15/16
#NNI moves:0/152
Remaining: 0
#NNI moves:6/152
#NNI moves:6/152
((((((((((((((81,87),((88,92),(82,97))),(84,((98,94),90))),((86,95),((93,99),((89,100),96)))),(91,85)),83),(((((((((28,((70,67),35)),32),((((25,13),43),11),(9,14))),(44,16)),(54,62)),((37,(38,(71,(47,80)))),(((30,65),(76,(18,55))),69))),1),(((34,7),(19,(6,10))),(75,(23,60)))),((((((((36,41),(63,52)),((79,51),29)),77),((24,72),59)),(22,45)),50),(78,66)))),(40,(((56,(2,8)),74),((68,26),((21,61),5))))),(((3,49),(12,46)),15)),(48,(57,(53,20)))),((39,73),((42,31),58))),((17,4),27)),33),64);
Guide Tree 0/16
#NNI moves:0/152
Guide Tree 1/16
#NNI moves:0/152
Guide Tree 2/16
#NNI moves:0/152
Guide Tree 3/16
#NNI moves:0/152
Guide Tree 4/16
#NNI moves:0/152
Guide Tree 5/16
#NNI moves:0/152
Guide Tree 6/16
#NNI moves:0/152
Guide Tree 7/16
#NNI moves:0/152
Guide Tree 8/16
#NNI moves:0/152
Guide Tree 9/16
#NNI moves:0/152
Guide Tree 10/16
#NNI moves:0/152
Guide Tree 11/16
#NNI moves:0/152
Guide Tree 12/16
#NNI moves:0/152
Guide Tree 13/16
#NNI moves:0/152
Guide Tree 14/16
#NNI moves:0/152
Guide Tree 15/16
#NNI moves:0/152
Remaining: 0
#NNI moves:2/152
#NNI moves:2/152
(((((((((((((((((((70,67),35),28),32),((((13,25),43),11),(14,9))),(44,16)),(54,62)),(((((80,47),71),38),37),(((65,30),(76,(18,55))),69))),1),(((34,7),(19,(6,10))),((23,60),75))),((66,78),((((((29,(79,51)),((36,41),(52,63))),77),((24,72),59)),(22,45)),50))),(((((((92,88),(97,82)),(81,87)),((90,(94,98)),84)),((((100,89),96),(99,93)),(86,95))),(91,85)),83)),((((56,(8,2)),74),(((21,61),5),(68,26))),40)),(((3,49),(12,46)),15)),(((53,20),57),48)),((73,39),(58,(42,31)))),((17,4),27)),33),64);
Guide Tree 0/16
#NNI moves:0/152
Guide Tree 1/16
#NNI moves:0/152
Guide Tree 2/16
#NNI moves:0/152
Guide Tree 3/16
#NNI moves:0/152
Guide Tree 4/16
#NNI moves:0/152
Guide Tree 5/16
#NNI moves:6/152
Guide Tree 6/16
#NNI moves:0/152
Guide Tree 7/16
#NNI moves:0/152
Guide Tree 8/16
#NNI moves:0/152
Guide Tree 9/16
#NNI moves:0/152
Guide Tree 10/16
#NNI moves:0/152
Guide Tree 11/16
#NNI moves:0/152
Guide Tree 12/16
#NNI moves:0/152
Guide Tree 13/16
#NNI moves:0/152
Guide Tree 14/16
#NNI moves:0/152
Guide Tree 15/16
#NNI moves:0/152
Remaining: 0
#NNI moves:0/152
#NNI moves:0/152
(((((((((((((((24,72),59),(77,(((41,36),(63,52)),(29,(79,51))))),(22,45)),50),(78,66)),((((34,7),((6,10),19)),(75,(60,23))),(((((((11,((13,25),43)),(14,9)),((((70,67),35),28),32)),(44,16)),(62,54)),(((((18,55),76),(65,30)),69),((((80,47),71),38),37))),1))),(((((((98,94),90),84),(((82,97),(88,92)),(81,87))),(((96,(100,89)),(99,93)),(95,86))),(85,91)),83)),((((68,26),((61,21),5)),(((8,2),56),74)),40)),(((49,3),(12,46)),15)),(48,(57,(20,53)))),((73,39),(58,(42,31)))),((4,17),27)),33),64);
Guide Tree 0/16
#NNI moves:6/152
Guide Tree 1/16
#NNI moves:0/152
Guide Tree 2/16
#NNI moves:0/152
Guide Tree 3/16
#NNI moves:0/152
Guide Tree 4/16
#NNI moves:0/152
Guide Tree 5/16
#NNI moves:0/152
Guide Tree 6/16
#NNI moves:2/152
Guide Tree 7/16
#NNI moves:0/152
Guide Tree 8/16
#NNI moves:6/152
Guide Tree 9/16
#NNI moves:0/152
Guide Tree 10/16
#NNI moves:0/152
Guide Tree 11/16
#NNI moves:0/152
Guide Tree 12/16
#NNI moves:0/152
Guide Tree 13/16
#NNI moves:0/152
Guide Tree 14/16
#NNI moves:0/152
Guide Tree 15/16
#NNI moves:0/152
Remaining: 0
#NNI moves:2/152
#NNI moves:2/152
(((((((((((((((((47,80),71),38),37),(((76,(18,55)),(65,30)),69)),(((16,44),((((35,(70,67)),28),32),((((25,13),43),11),(9,14)))),(54,62))),1),((((6,10),19),(7,34)),((60,23),75))),((((((72,24),59),((((41,36),(63,52)),((51,79),29)),77)),(22,45)),50),(78,66))),((((((81,87),((88,92),(82,97))),(84,((98,94),90))),((((100,89),96),(93,99)),(86,95))),(91,85)),83)),(((((8,2),56),74),((68,26),(5,(21,61)))),40)),(((3,49),(46,12)),15)),((57,(20,53)),48)),(((42,31),58),(73,39))),((4,17),27)),33),64);
Initial score: 3.74905e+08
Initial tree: (((((((((((((((((47,80),71),38),37),(((76,(18,55)),(65,30)),69)),(((16,44),((((35,(70,67)),28),32),((((25,13),43),11),(9,14)))),(54,62))),1),((((6,10),19),(7,34)),((60,23),75))),((((((72,24),59),((((41,36),(63,52)),((51,79),29)),77)),(22,45)),50),(78,66))),((((((81,87),((88,92),(82,97))),(84,((98,94),90))),((((100,89),96),(93,99)),(86,95))),(91,85)),83)),(((((8,2),56),74),((68,26),(5,(21,61)))),40)),(((3,49),(46,12)),15)),((57,(20,53)),48)),(((42,31),58),(73,39))),((4,17),27)),33),64);
*** Subsample Process ***
Use two-step algorithm!
#NNI moves:0/152
Remaining: 1
#NNI moves:0/152
#NNI moves:0/152
(((((((((((((((81,87),((92,88),(97,82))),(((94,98),90),84)),(((96,(100,89)),(99,93)),(95,86))),(91,85)),83),(((((56,(2,8)),74),((68,26),((61,21),5))),40),(((((33,64),((4,17),27)),(((42,31),58),(73,39))),(48,((53,20),57))),(((12,46),(49,3)),15)))),(((((77,(((79,51),29),((36,41),(63,52)))),((72,24),59)),(45,22)),50),(66,78))),((((6,10),19),(7,34)),(75,(60,23)))),1),(((44,16),(((((25,13),43),11),(14,9)),((((67,70),35),28),32))),(54,62))),(((65,30),(76,(55,18))),69)),37),((80,47),71)),38);
#NNI moves:2/152
Remaining: 0
#NNI moves:18/152
#NNI moves:18/152
(((((((((((((((16,44),(((((25,13),43),11),(9,14)),((28,((70,67),35)),32))),(54,62)),(((((55,18),76),(30,65)),69),(((71,(80,47)),38),37))),1),(((19,(6,10)),(34,7)),(75,(60,23)))),((((((((36,41),(63,52)),((51,79),29)),77),((24,72),59)),(22,45)),50),(66,78))),(((((((82,97),(88,92)),(87,81)),(((98,94),90),84)),((95,86),((96,(100,89)),(99,93)))),(85,91)),83)),(40,((((2,8),56),74),(((21,61),5),(26,68))))),(((46,12),(3,49)),15)),(48,(57,(20,53)))),((73,39),((31,42),58))),(27,(17,4))),64),33);
#NNI moves:2/152
Remaining: 0
#NNI moves:6/152
#NNI moves:6/152
(((((((((((((((((48,(57,(20,53))),((((17,4),27),(64,33)),((58,(42,31)),(73,39)))),(((3,49),(12,46)),15)),((((56,(8,2)),74),((26,68),((61,21),5))),40)),(((((((97,82),(88,92)),(87,81)),((90,(98,94)),84)),(((93,99),(96,(89,100))),(86,95))),(85,91)),83)),((((((((41,36),(63,52)),((51,79),29)),77),((72,24),59)),(45,22)),50),(78,66))),((((6,10),19),(7,34)),((23,60),75))),1),((((71,(80,47)),38),37),(((30,65),(76,(55,18))),69))),(62,54)),(16,44)),(((35,(70,67)),28),32)),(9,14)),11),43),13),25);
#NNI moves:0/152
Remaining: 0
#NNI moves:2/152
#NNI moves:2/152
((((((((((((((((82,97),(92,88)),(81,87)),(84,((94,98),90))),(((99,93),((89,100),96)),(95,86))),(91,85)),83),(((((7,34),(19,(10,6))),(75,(23,60))),(((((((47,80),71),38),37),((((18,55),76),(30,65)),69)),((((32,(28,((67,70),35))),((9,14),(((13,25),43),11))),(44,16)),(54,62))),1)),((((((72,24),59),((((51,79),29),((63,52),(36,41))),77)),(22,45)),50),(78,66)))),((((56,(8,2)),74),((68,26),(5,(61,21)))),40)),(((49,3),(46,12)),15)),((57,(53,20)),48)),(((31,42),58),(73,39))),(33,64)),27),4),17);
Current score: 3.74905e+08
Current tree: ((33,(((((((((((((82,97),(92,88)),(81,87)),(84,((94,98),90))),(((99,93),((89,100),96)),(95,86))),(91,85)),83),(((((7,34),(19,(10,6))),(75,(23,60))),(((((((47,80),71),38),37),((((18,55),76),(30,65)),69)),((((32,(28,((67,70),35))),((9,14),(((13,25),43),11))),(44,16)),(54,62))),1)),((((((72,24),59),((((51,79),29),((63,52),(36,41))),77)),(22,45)),50),(78,66)))),((((56,(8,2)),74),((68,26),(5,(61,21)))),40)),(((49,3),(46,12)),15)),((57,(53,20)),48)),(((31,42),58),(73,39))),(27,(4,17)))),64);
Final Tree: ((33,(((((((((((((82,97),(92,88)),(81,87)),(84,((94,98),90))),(((99,93),((89,100),96)),(95,86))),(91,85)),83),(((((7,34),(19,(10,6))),(75,(23,60))),(((((((47,80),71),38),37),((((18,55),76),(30,65)),69)),((((32,(28,((67,70),35))),((9,14),(((13,25),43),11))),(44,16)),(54,62))),1)),((((((72,24),59),((((51,79),29),((63,52),(36,41))),77)),(22,45)),50),(78,66)))),((((56,(8,2)),74),((68,26),(5,(61,21)))),40)),(((49,3),(46,12)),15)),((57,(53,20)),48)),(((31,42),58),(73,39))),(27,(4,17)))),64);
#EqQuartets: 430142435
Score: 374905130
ASTRAL for PaRalogs and Orthologs III (ASTRAL-Pro3)
*** NOW with integrated CASTLES-Pro ***
Version: v1.22.3.6
Read 512 genetrees and found 100 species.
#Genetrees: 1000
#Duploss: 42554
#Species: 100
#Rounds: 4
#Samples: 4
#Threads: 1
Use two-step algorithm!
Guide Tree 0/16
#NNI moves:0/152
Guide Tree 1/16
#NNI moves:0/152
Guide Tree 2/16
#NNI moves:0/152
Guide Tree 3/16
#NNI moves:0/152
Guide Tree 4/16
#NNI moves:0/152
Guide Tree 5/16
#NNI moves:0/152
Guide Tree 6/16
#NNI moves:0/152
Guide Tree 7/16
#NNI moves:0/152
Guide Tree 8/16
#NNI moves:0/152
Guide Tree 9/16
#NNI moves:2/152
Guide Tree 10/16
#NNI moves:0/152
Guide Tree 11/16
#NNI moves:0/152
Guide Tree 12/16
#NNI moves:0/152
Guide Tree 13/16
#NNI moves:0/152
Guide Tree 14/16
#NNI moves:0/152
Guide Tree 15/16
#NNI moves:0/152
Remaining: 0
#NNI moves:38/152
#NNI moves:38/152
(((((((((((((34,28),(14,25)),37),((((((12,38),29),((30,(22,(27,26))),39)),3),8),((5,23),(32,7)))),((((10,21),2),(18,1)),((6,(11,40)),16))),((((((4,35),((31,41),17)),((19,20),36)),((15,24),9)),33),(42,13))),((49,(88,60)),((90,95),63))),(((((((94,(91,(89,48))),46),56),47),82),((99,93),(87,((62,86),92)))),((80,43),45))),(51,(85,(70,61)))),(((50,65),(74,97)),(75,78))),(((((71,(64,52)),((66,((76,77),96)),53)),((98,68),(100,84))),((((69,44),67),81),83)),((((73,54),(55,58)),79),72))),59),57);
Guide Tree 0/16
#NNI moves:0/152
Guide Tree 1/16
#NNI moves:0/152
Guide Tree 2/16
#NNI moves:0/152
Guide Tree 3/16
#NNI moves:2/152
Guide Tree 4/16
#NNI moves:0/152
Guide Tree 5/16
#NNI moves:0/152
Guide Tree 6/16
#NNI moves:0/152
Guide Tree 7/16
#NNI moves:0/152
Guide Tree 8/16
#NNI moves:0/152
Guide Tree 9/16
#NNI moves:0/152
Guide Tree 10/16
#NNI moves:0/152
Guide Tree 11/16
#NNI moves:0/152
Guide Tree 12/16
#NNI moves:0/152
Guide Tree 13/16
#NNI moves:0/152
Guide Tree 14/16
#NNI moves:0/152
Guide Tree 15/16
#NNI moves:2/152
Remaining: 0
#NNI moves:6/152
#NNI moves:6/152
(((((((((((((32,7),(23,5)),((3,(((38,12),29),(((22,(27,26)),30),39))),8)),(((25,14),(34,28)),37)),((((10,21),2),(18,1)),(((40,11),6),16))),((((9,(24,15)),(((17,(41,31)),(4,35)),((19,20),36))),33),(13,42))),((49,(60,88)),(63,(95,90)))),((((93,99),(((86,62),92),87)),((((((91,(48,89)),94),46),56),47),82)),((43,80),45))),(((61,70),85),51)),(((50,65),(74,97)),(78,75))),(((((((96,(77,76)),66),53),((64,52),71)),((100,84),(98,68))),((((69,44),67),81),83)),((((58,55),(73,54)),79),72))),59),57);
Guide Tree 0/16
#NNI moves:0/152
Guide Tree 1/16
#NNI moves:6/152
Guide Tree 2/16
#NNI moves:6/152
Guide Tree 3/16
#NNI moves:0/152
Guide Tree 4/16
#NNI moves:0/152
Guide Tree 5/16
#NNI moves:2/152
Guide Tree 6/16
#NNI moves:0/152
Guide Tree 7/16
#NNI moves:0/152
Guide Tree 8/16
#NNI moves:2/152
Guide Tree 9/16
#NNI moves:6/152
Guide Tree 10/16
#NNI moves:6/152
Guide Tree 11/16
#NNI moves:0/152
Guide Tree 12/16
#NNI moves:6/152
Guide Tree 13/16
#NNI moves:2/152
Guide Tree 14/16
#NNI moves:0/152
Guide Tree 15/16
#NNI moves:0/152
Remaining: 0
#NNI moves:0/152
#NNI moves:0/152
(((((((((((((15,24),9),(((35,4),((31,41),17)),((20,19),36))),33),(42,13)),(((((10,21),2),(1,18)),(((11,40),6),16)),((((7,32),(23,5)),(((((((27,26),22),30),39),((12,38),29)),3),8)),(((34,28),(14,25)),37)))),(((90,95),63),((88,60),49))),((((47,((46,(((48,89),91),94)),56)),82),(((92,(62,86)),87),(99,93))),((43,80),45))),(((61,70),85),51)),(((97,74),(50,65)),(75,78))),(((((58,55),(73,54)),79),72),((((98,68),(84,100)),((((96,(76,77)),66),53),((64,52),71))),((81,((69,44),67)),83)))),59),57);
Guide Tree 0/16
#NNI moves:0/152
Guide Tree 1/16
#NNI moves:0/152
Guide Tree 2/16
#NNI moves:0/152
Guide Tree 3/16
#NNI moves:0/152
Guide Tree 4/16
#NNI moves:0/152
Guide Tree 5/16
#NNI moves:0/152
Guide Tree 6/16
#NNI moves:0/152
Guide Tree 7/16
#NNI moves:0/152
Guide Tree 8/16
#NNI moves:0/152
Guide Tree 9/16
#NNI moves:0/152
Guide Tree 10/16
#NNI moves:0/152
Guide Tree 11/16
#NNI moves:0/152
Guide Tree 12/16
#NNI moves:0/152
Guide Tree 13/16
#NNI moves:0/152
Guide Tree 14/16
#NNI moves:0/152
Guide Tree 15/16
#NNI moves:0/152
Remaining: 0
#NNI moves:6/152
#NNI moves:6/152
(((((((((((((((39,((22,(27,26)),30)),((12,38),29)),3),8),((32,7),(23,5))),(((34,28),(25,14)),37)),(((2,(10,21)),(1,18)),((6,(11,40)),16))),((((((35,4),((31,41),17)),(36,(20,19))),((24,15),9)),33),(13,42))),(((95,90),63),(49,(88,60)))),((45,(43,80)),((((((((89,48),91),94),46),56),47),82),(((92,(62,86)),87),(93,99))))),((85,(61,70)),51)),(((74,97),(50,65)),(78,75))),(((((67,(44,69)),81),83),(((53,(((76,77),96),66)),((64,52),71)),((98,68),(100,84)))),((((54,73),(55,58)),79),72))),59),57);
Initial score: 3.11658e+08
Initial tree: (((((((((((((((39,((22,(27,26)),30)),((12,38),29)),3),8),((32,7),(23,5))),(((34,28),(25,14)),37)),(((2,(10,21)),(1,18)),((6,(11,40)),16))),((((((35,4),((31,41),17)),(36,(20,19))),((24,15),9)),33),(13,42))),(((95,90),63),(49,(88,60)))),((45,(43,80)),((((((((89,48),91),94),46),56),47),82),(((92,(62,86)),87),(93,99))))),((85,(61,70)),51)),(((74,97),(50,65)),(78,75))),(((((67,(44,69)),81),83),(((53,(((76,77),96),66)),((64,52),71)),((98,68),(100,84)))),((((54,73),(55,58)),79),72))),59),57);
*** Subsample Process ***
Use two-step algorithm!
#NNI moves:0/152
Remaining: 0
#NNI moves:0/152
#NNI moves:0/152
(((((((((((((((((50,65),(74,97)),(75,78)),(((((((((76,77),96),66),53),((52,64),71)),((98,68),(84,100))),((((44,69),67),81),83)),((((54,73),(58,55)),79),72)),(59,57))),((85,(70,61)),51)),(((43,80),45),(((((46,(((48,89),91),94)),56),47),82),(((92,(86,62)),87),(93,99))))),(((88,60),49),(63,(90,95)))),((((((20,19),36),((4,35),((31,41),17))),((24,15),9)),33),(13,42))),(((2,(21,10)),(18,1)),(((11,40),6),16))),(((34,28),(14,25)),37)),((23,5),(7,32))),8),3),(((22,(26,27)),30),39)),29),12),38);
#NNI moves:0/152
Remaining: 0
#NNI moves:0/152
#NNI moves:0/152
((((((((((((((((((26,27),22),30),39),(29,(38,12))),3),8),((23,5),(7,32))),(37,((14,25),(28,34)))),((((10,21),2),(18,1)),(((11,40),6),16))),((((((4,35),((31,41),17)),(36,(20,19))),((15,24),9)),33),(42,13))),(((88,60),49),((95,90),63))),(((((56,(46,(((48,89),91),94))),47),82),((((62,86),92),87),(99,93))),((80,43),45))),((85,(61,70)),51)),(((97,74),(65,50)),(75,78))),((((((((77,76),96),66),53),(71,(64,52))),((100,84),(68,98))),((((69,44),67),81),83)),((79,((58,55),(54,73))),72))),57),59);
#NNI moves:0/152
Remaining: 0
#NNI moves:0/152
#NNI moves:0/152
((((((((((((((((((((77,76),96),66),53),(71,(64,52))),((68,98),(84,100))),((((69,44),67),81),83)),((79,((58,55),(54,73))),72)),(57,59)),(((50,65),(97,74)),(78,75))),((85,(70,61)),51)),((((((((91,(48,89)),94),46),56),47),82),((((86,62),92),87),(99,93))),((43,80),45))),(((88,60),49),(63,(95,90)))),((((((35,4),((31,41),17)),(36,(20,19))),((15,24),9)),33),(42,13))),(((2,(10,21)),(1,18)),((6,(11,40)),16))),((((((38,12),29),(((22,(26,27)),30),39)),3),8),((7,32),(5,23)))),37),(14,25)),34),28);
#NNI moves:0/152
Remaining: 0
#NNI moves:0/152
#NNI moves:0/152
((((((((((((((((((((((27,26),22),30),39),(29,(38,12))),3),8),((23,5),(32,7))),(((25,14),(34,28)),37)),(((18,1),((21,10),2)),((6,(40,11)),16))),((42,13),((((36,(19,20)),(((31,41),17),(4,35))),((24,15),9)),33))),(((95,90),63),((60,88),49))),((((((62,86),92),87),(93,99)),(((((((48,89),91),94),46),56),47),82)),((80,43),45))),(((70,61),85),51)),(((50,65),(74,97)),(75,78))),(59,57)),((((55,58),(54,73)),79),72)),((((69,44),67),81),83)),((98,68),(100,84))),(71,(52,64))),((96,(76,77)),66)),53);
Current score: 3.11658e+08
Current tree: ((59,((((((((((((((((27,26),22),30),39),(29,(38,12))),3),8),((23,5),(32,7))),(((25,14),(34,28)),37)),(((18,1),((21,10),2)),((6,(40,11)),16))),((42,13),((((36,(19,20)),(((31,41),17),(4,35))),((24,15),9)),33))),(((95,90),63),((60,88),49))),((((((62,86),92),87),(93,99)),(((((((48,89),91),94),46),56),47),82)),((80,43),45))),(((70,61),85),51)),(((50,65),(74,97)),(75,78))),(((((55,58),(54,73)),79),72),(((((69,44),67),81),83),(((98,68),(100,84)),((71,(52,64)),(((96,(76,77)),66),53))))))),57);
Final Tree: ((59,((((((((((((((((27,26),22),30),39),(29,(38,12))),3),8),((23,5),(32,7))),(((25,14),(34,28)),37)),(((18,1),((21,10),2)),((6,(40,11)),16))),((42,13),((((36,(19,20)),(((31,41),17),(4,35))),((24,15),9)),33))),(((95,90),63),((60,88),49))),((((((62,86),92),87),(93,99)),(((((((48,89),91),94),46),56),47),82)),((80,43),45))),(((70,61),85),51)),(((50,65),(74,97)),(75,78))),(((((55,58),(54,73)),79),72),(((((69,44),67),81),83),(((98,68),(100,84)),((71,(52,64)),(((96,(76,77)),66),53))))))),57);
#EqQuartets: 364607557
Score: 311657991
ASTRAL for PaRalogs and Orthologs III (ASTRAL-Pro3)
*** NOW with integrated CASTLES-Pro ***
Version: v1.22.3.6
Read 512 genetrees and found 100 species.
#Genetrees: 999
#Duploss: 35846
#Species: 100
#Rounds: 4
#Samples: 4
#Threads: 1
Use two-step algorithm!
Guide Tree 0/16
#NNI moves:0/152
Guide Tree 1/16
#NNI moves:0/152
Guide Tree 2/16
#NNI moves:0/152
Guide Tree 3/16
#NNI moves:0/152
Guide Tree 4/16
#NNI moves:0/152
Guide Tree 5/16
#NNI moves:0/152
Guide Tree 6/16
#NNI moves:0/152
Guide Tree 7/16
#NNI moves:0/152
Guide Tree 8/16
#NNI moves:0/152
Guide Tree 9/16
#NNI moves:0/152
Guide Tree 10/16
#NNI moves:0/152
Guide Tree 11/16
#NNI moves:2/152
Guide Tree 12/16
#NNI moves:0/152
Guide Tree 13/16
#NNI moves:0/152
Guide Tree 14/16
#NNI moves:0/152
Guide Tree 15/16
#NNI moves:0/152
Remaining: 0
#NNI moves:0/152
#NNI moves:0/152
(((((((((((((((41,42),6),1),(((64,37),(50,7)),14)),((46,35),(((53,17),15),(29,30)))),(((61,(57,59)),((12,5),(((45,31),56),((66,3),18)))),(11,21))),((((40,22),(62,9)),(36,(32,4))),43)),(((2,54),(49,(52,44))),33)),((((((92,91),(74,84)),69),((((80,67),(98,93)),97),(((71,89),72),76))),(68,95)),((99,((81,(((82,94),87),(77,83))),(((70,(86,73)),90),(96,88)))),(75,(((78,100),79),85))))),((((25,(63,24)),(26,55)),38),((48,(13,28)),((19,47),(51,8))))),((27,58),65)),23),(((60,20),34),16)),10),39);
Guide Tree 0/16
#NNI moves:0/152
Guide Tree 1/16
#NNI moves:0/152
Guide Tree 2/16
#NNI moves:0/152
Guide Tree 3/16
#NNI moves:0/152
Guide Tree 4/16
#NNI moves:0/152
Guide Tree 5/16
#NNI moves:0/152
Guide Tree 6/16
#NNI moves:0/152
Guide Tree 7/16
#NNI moves:0/152
Guide Tree 8/16
#NNI moves:0/152
Guide Tree 9/16
#NNI moves:0/152
Guide Tree 10/16
#NNI moves:0/152
Guide Tree 11/16
#NNI moves:0/152
Guide Tree 12/16
#NNI moves:0/152
Guide Tree 13/16
#NNI moves:0/152
Guide Tree 14/16
#NNI moves:0/152
Guide Tree 15/16
#NNI moves:0/152
Remaining: 0
#NNI moves:2/152
#NNI moves:2/152
((((((((((((((((3,66),18),(56,(45,31))),(5,12)),((59,57),61)),(21,11)),(((((7,50),(64,37)),14),(1,((41,42),6))),((35,46),((15,(53,17)),(29,30))))),((((32,4),36),((9,62),(40,22))),43)),((((44,52),49),(2,54)),33)),((((((90,((73,86),70)),(88,96)),(((83,77),((82,94),87)),81)),99),(75,(((100,78),79),85))),(((((92,91),(74,84)),69),((((93,98),(67,80)),97),(((89,71),72),76))),(95,68)))),(((((63,24),25),(26,55)),38),((48,(28,13)),((47,19),(8,51))))),((58,27),65)),23),(((60,20),34),16)),10),39);
Guide Tree 0/16
#NNI moves:0/152
Guide Tree 1/16
#NNI moves:0/152
Guide Tree 2/16
#NNI moves:0/152
Guide Tree 3/16
#NNI moves:0/152
Guide Tree 4/16
#NNI moves:2/152
Guide Tree 5/16
#NNI moves:0/152
Guide Tree 6/16
#NNI moves:0/152
Guide Tree 7/16
#NNI moves:0/152
Guide Tree 8/16
#NNI moves:0/152
Guide Tree 9/16
#NNI moves:0/152
Guide Tree 10/16
#NNI moves:0/152
Guide Tree 11/16
#NNI moves:0/152
Guide Tree 12/16
#NNI moves:6/152
Guide Tree 13/16
#NNI moves:0/152
Guide Tree 14/16
#NNI moves:0/152
Guide Tree 15/16
#NNI moves:0/152
Remaining: 0
#NNI moves:6/152
#NNI moves:6/152
((((((((((((((71,89),72),76),(((98,93),(67,80)),97)),(((84,74),(92,91)),69)),(68,95)),((75,((79,(100,78)),85)),((((((73,86),70),90),(96,88)),((((94,82),87),(77,83)),81)),99))),((((((((50,7),(37,64)),14),(((42,41),6),1)),(((15,(17,53)),(29,30)),(46,35))),((((59,57),61),((5,12),((56,(31,45)),((66,3),18)))),(21,11))),((((40,22),(62,9)),((4,32),36)),43)),(((2,54),((44,52),49)),33))),((((26,55),((63,24),25)),38),(((13,28),48),((8,51),(19,47))))),((58,27),65)),23),(((20,60),34),16)),10),39);
Guide Tree 0/16
#NNI moves:0/152
Guide Tree 1/16
#NNI moves:0/152
Guide Tree 2/16
#NNI moves:2/152
Guide Tree 3/16
#NNI moves:0/152
Guide Tree 4/16
#NNI moves:0/152
Guide Tree 5/16
#NNI moves:0/152
Guide Tree 6/16
#NNI moves:0/152
Guide Tree 7/16
#NNI moves:0/152
Guide Tree 8/16
#NNI moves:0/152
Guide Tree 9/16
#NNI moves:2/152
Guide Tree 10/16
#NNI moves:0/152
Guide Tree 11/16
#NNI moves:2/152
Guide Tree 12/16
#NNI moves:0/152
Guide Tree 13/16
#NNI moves:0/152
Guide Tree 14/16
#NNI moves:0/152
Guide Tree 15/16
#NNI moves:2/152
Remaining: 0
#NNI moves:0/152
#NNI moves:0/152
((((((((((((((57,59),61),((((31,45),56),(18,(66,3))),(12,5))),(11,21)),(((((42,41),6),1),(((50,7),(64,37)),14)),((35,46),((30,29),(15,(17,53)))))),(43,(((62,9),(40,22)),(36,(32,4))))),((((52,44),49),(54,2)),33)),((((((((94,82),87),(77,83)),81),((90,(70,(73,86))),(96,88))),99),(((79,(78,100)),85),75)),((((((93,98),(67,80)),97),(((89,71),72),76)),(69,((74,84),(92,91)))),(95,68)))),((38,((26,55),((63,24),25))),(((47,19),(8,51)),(48,(13,28))))),(65,(27,58))),23),((34,(20,60)),16)),10),39);
Initial score: 3.91161e+08
Initial tree: ((((((((((((((57,59),61),((((31,45),56),(18,(66,3))),(12,5))),(11,21)),(((((42,41),6),1),(((50,7),(64,37)),14)),((35,46),((30,29),(15,(17,53)))))),(43,(((62,9),(40,22)),(36,(32,4))))),((((52,44),49),(54,2)),33)),((((((((94,82),87),(77,83)),81),((90,(70,(73,86))),(96,88))),99),(((79,(78,100)),85),75)),((((((93,98),(67,80)),97),(((89,71),72),76)),(69,((74,84),(92,91)))),(95,68)))),((38,((26,55),((63,24),25))),(((47,19),(8,51)),(48,(13,28))))),(65,(27,58))),23),((34,(20,60)),16)),10),39);
*** Subsample Process ***
Use two-step algorithm!
#NNI moves:0/152
Remaining: 0
#NNI moves:0/152
#NNI moves:0/152
((((((((((((((((98,93),(67,80)),97),(76,((89,71),72))),(((92,91),(74,84)),69)),(95,68)),((((79,(78,100)),85),75),((((((82,94),87),(77,83)),81),((((86,73),70),90),(96,88))),99))),(((((55,26),((24,63),25)),38),(((51,8),(47,19)),((13,28),48))),((((10,39),((34,(20,60)),16)),23),((27,58),65)))),(((54,2),(49,(44,52))),33)),((((40,22),(62,9)),(36,(4,32))),43)),(((((50,7),(37,64)),14),(((41,42),6),1)),(((29,30),((17,53),15)),(46,35)))),(11,21)),((5,12),((56,(31,45)),((66,3),18)))),61),59),57);
#NNI moves:0/152
Remaining: 0
#NNI moves:0/152
#NNI moves:0/152
((((((((((((((30,29),((17,53),15)),(35,46)),((((41,42),6),1),(((50,7),(37,64)),14))),((((((31,45),56),(18,(66,3))),(5,12)),((57,59),61)),(11,21))),(((36,(32,4)),((62,9),(22,40))),43)),(((49,(44,52)),(2,54)),33)),(((75,(((78,100),79),85)),(((((77,83),((82,94),87)),81),((((86,73),70),90),(96,88))),99)),(((69,((84,74),(91,92))),((((98,93),(67,80)),97),(((71,89),72),76))),(95,68)))),((((13,28),48),((8,51),(19,47))),(((26,55),(25,(63,24))),38))),((58,27),65)),23),(16,((60,20),34))),39),10);
#NNI moves:0/152
Remaining: 0
#NNI moves:6/152
#NNI moves:6/152
(((((((((((((((79,(78,100)),85),75),(((((83,77),((82,94),87)),81),(((70,(86,73)),90),(96,88))),99)),(((((92,91),(84,74)),69),(((72,(71,89)),76),(((80,67),(98,93)),97))),(95,68))),(((((13,28),48),((19,47),(8,51))),(((55,26),(25,(63,24))),38)),((((((60,20),34),16),(39,10)),23),((27,58),65)))),(33,((54,2),((44,52),49)))),((((22,40),(9,62)),((4,32),36)),43)),((((((45,31),56),(18,(66,3))),(12,5)),((57,59),61)),(11,21))),(((30,29),((17,53),15)),(46,35))),(((37,64),(7,50)),14)),1),6),41),42);
#NNI moves:0/152
Remaining: 0
#NNI moves:0/152
#NNI moves:0/152
(((((((((((((((92,91),(74,84)),69),((((89,71),72),76),(((67,80),(98,93)),97))),(68,95)),(((((78,100),79),85),75),(((((77,83),(87,(82,94))),81),(((70,(86,73)),90),(88,96))),99))),(((((((((3,66),18),((45,31),56)),(12,5)),(61,(57,59))),(21,11)),((((15,(53,17)),(30,29)),(35,46)),((((37,64),(50,7)),14),((6,(41,42)),1)))),((((40,22),(9,62)),((4,32),36)),43)),(((54,2),((52,44),49)),33))),((((8,51),(47,19)),((28,13),48)),(((26,55),(25,(24,63))),38))),(65,(58,27))),23),(10,39)),16),34),20),60);
Current score: 3.91161e+08
Current tree: ((10,(((((((((((92,91),(74,84)),69),((((89,71),72),76),(((67,80),(98,93)),97))),(68,95)),(((((78,100),79),85),75),(((((77,83),(87,(82,94))),81),(((70,(86,73)),90),(88,96))),99))),(((((((((3,66),18),((45,31),56)),(12,5)),(61,(57,59))),(21,11)),((((15,(53,17)),(30,29)),(35,46)),((((37,64),(50,7)),14),((6,(41,42)),1)))),((((40,22),(9,62)),((4,32),36)),43)),(((54,2),((52,44),49)),33))),((((8,51),(47,19)),((28,13),48)),(((26,55),(25,(24,63))),38))),(65,(58,27))),23),(16,(34,(20,60))))),39);
Final Tree: ((10,(((((((((((92,91),(74,84)),69),((((89,71),72),76),(((67,80),(98,93)),97))),(68,95)),(((((78,100),79),85),75),(((((77,83),(87,(82,94))),81),(((70,(86,73)),90),(88,96))),99))),(((((((((3,66),18),((45,31),56)),(12,5)),(61,(57,59))),(21,11)),((((15,(53,17)),(30,29)),(35,46)),((((37,64),(50,7)),14),((6,(41,42)),1)))),((((40,22),(9,62)),((4,32),36)),43)),(((54,2),((52,44),49)),33))),((((8,51),(47,19)),((28,13),48)),(((26,55),(25,(24,63))),38))),(65,(58,27))),23),(16,(34,(20,60))))),39);
#EqQuartets: 454270055
Score: 391160577
ASTRAL for PaRalogs and Orthologs III (ASTRAL-Pro3)
*** NOW with integrated CASTLES-Pro ***
Version: v1.22.3.6
Read 512 genetrees and found 100 species.
#Genetrees: 985
#Duploss: 41467
#Species: 100
#Rounds: 4
#Samples: 4
#Threads: 1
Use two-step algorithm!
Guide Tree 0/16
#NNI moves:0/152
Guide Tree 1/16
#NNI moves:0/152
Guide Tree 2/16
#NNI moves:0/152
Guide Tree 3/16
#NNI moves:0/152
Guide Tree 4/16
#NNI moves:0/152
Guide Tree 5/16
#NNI moves:0/152
Guide Tree 6/16
#NNI moves:0/152
Guide Tree 7/16
#NNI moves:0/152
Guide Tree 8/16
#NNI moves:0/152
Guide Tree 9/16
#NNI moves:0/152
Guide Tree 10/16
#NNI moves:0/152
Guide Tree 11/16
#NNI moves:0/152
Guide Tree 12/16
#NNI moves:0/152
Guide Tree 13/16
#NNI moves:0/152
Guide Tree 14/16
#NNI moves:0/152
Guide Tree 15/16
#NNI moves:0/152
Remaining: 0
#NNI moves:64/152
#NNI moves:64/152
(((((((((((((((44,43),60),((((((3,65),25),1),(17,34)),((56,59),(54,50))),(((40,63),66),(73,23)))),((47,52),72)),((((((81,77),27),21),68),(62,55)),(46,((69,10),45)))),(((49,39),((((91,87),((97,96),90)),(((100,89),98),92)),((93,(99,94)),(88,95)))),(22,64))),((((((48,70),((((35,(31,29)),20),15),7)),(((32,53),6),19)),(42,(2,16))),83),(4,14))),(((((((((84,51),28),((79,24),(41,9))),(82,76)),(80,57)),11),36),13),33)),(86,58)),((38,(5,74)),((18,75),8))),(37,(12,26))),((61,85),78)),67),71),30);
Guide Tree 0/16
#NNI moves:0/152
Guide Tree 1/16
#NNI moves:0/152
Guide Tree 2/16
#NNI moves:0/152
Guide Tree 3/16
#NNI moves:0/152
Guide Tree 4/16
#NNI moves:0/152
Guide Tree 5/16
#NNI moves:0/152
Guide Tree 6/16
#NNI moves:0/152
Guide Tree 7/16
#NNI moves:0/152
Guide Tree 8/16
#NNI moves:0/152
Guide Tree 9/16
#NNI moves:0/152
Guide Tree 10/16
#NNI moves:0/152
Guide Tree 11/16
#NNI moves:0/152
Guide Tree 12/16
#NNI moves:0/152
Guide Tree 13/16
#NNI moves:0/152
Guide Tree 14/16
#NNI moves:0/152
Guide Tree 15/16
#NNI moves:0/152
Remaining: 0
#NNI moves:4/152
#NNI moves:4/152
((((((((((((((((23,73),((40,63),66)),(((54,50),(56,59)),((((65,3),25),1),(34,17)))),(60,(43,44))),((52,47),72)),((((21,((77,81),27)),68),(62,55)),(46,((10,69),45)))),((((((87,91),((96,97),90)),(((100,89),98),92)),((95,88),((99,94),93))),(49,39)),(64,22))),((((((70,48),(7,((20,(35,(31,29))),15))),((6,(53,32)),19)),((2,16),42)),83),(14,4))),((((((57,80),((((84,51),28),((9,41),(79,24))),(76,82))),11),36),13),33)),(86,58)),((8,(18,75)),((5,74),38))),((26,12),37)),((61,85),78)),67),71),30);
Guide Tree 0/16
#NNI moves:0/152
Guide Tree 1/16
#NNI moves:2/152
Guide Tree 2/16
#NNI moves:0/152
Guide Tree 3/16
#NNI moves:0/152
Guide Tree 4/16
#NNI moves:2/152
Guide Tree 5/16
#NNI moves:6/152
Guide Tree 6/16
#NNI moves:2/152
Guide Tree 7/16
#NNI moves:0/152
Guide Tree 8/16
#NNI moves:0/152
Guide Tree 9/16
#NNI moves:0/152
Guide Tree 10/16
#NNI moves:0/152
Guide Tree 11/16
#NNI moves:2/152
Guide Tree 12/16
#NNI moves:0/152
Guide Tree 13/16
#NNI moves:0/152
Guide Tree 14/16
#NNI moves:0/152
Guide Tree 15/16
#NNI moves:8/152
Remaining: 0
#NNI moves:8/152
#NNI moves:8/152
(((((((((((((((21,(27,(77,81))),68),(55,62)),((45,(10,69)),46)),(((60,(44,43)),((((34,17),(((65,3),25),1)),((50,54),(56,59))),((23,73),(66,(40,63))))),((52,47),72))),(((((95,88),((99,94),93)),((92,((89,100),98)),(((97,96),90),(87,91)))),(49,39)),(64,22))),((((((((((29,31),35),20),15),7),(70,48)),(((32,53),6),19)),(42,(16,2))),83),(4,14))),(((((((((51,84),28),((24,79),(9,41))),(82,76)),(57,80)),11),36),13),33)),(58,86)),((38,(74,5)),((18,75),8))),(37,(12,26))),((61,85),78)),67),71),30);
Guide Tree 0/16
#NNI moves:0/152
Guide Tree 1/16
#NNI moves:6/152
Guide Tree 2/16
#NNI moves:0/152
Guide Tree 3/16
#NNI moves:0/152
Guide Tree 4/16
#NNI moves:0/152
Guide Tree 5/16
#NNI moves:2/152
Guide Tree 6/16
#NNI moves:0/152
Guide Tree 7/16
#NNI moves:0/152
Guide Tree 8/16
#NNI moves:0/152
Guide Tree 9/16
#NNI moves:0/152
Guide Tree 10/16
#NNI moves:0/152
Guide Tree 11/16
#NNI moves:0/152
Guide Tree 12/16
#NNI moves:0/152
Guide Tree 13/16
#NNI moves:12/152
Guide Tree 14/16
#NNI moves:0/152
Guide Tree 15/16
#NNI moves:0/152
Remaining: 0
#NNI moves:2/152
#NNI moves:2/152
(((((((((((((((((50,54),(59,56)),(((25,(3,65)),1),(34,17))),((73,23),((40,63),66))),(60,(43,44))),((52,47),72)),(((55,62),((((77,81),27),21),68)),(((10,69),45),46))),(((((92,(98,(100,89))),((87,91),((97,96),90))),((95,88),((99,94),93))),(39,49)),(64,22))),((((((((((29,31),35),20),15),7),(70,48)),(((32,53),6),19)),((2,16),42)),83),(4,14))),(33,((36,(((((28,(84,51)),((79,24),(41,9))),(82,76)),(80,57)),11)),13))),(86,58)),(((5,74),38),((75,18),8))),(37,(12,26))),(78,(85,61))),67),71),30);
Initial score: 3.86395e+08
Initial tree: (((((((((((((((((50,54),(59,56)),(((25,(3,65)),1),(34,17))),((73,23),((40,63),66))),(60,(43,44))),((52,47),72)),(((55,62),((((77,81),27),21),68)),(((10,69),45),46))),(((((92,(98,(100,89))),((87,91),((97,96),90))),((95,88),((99,94),93))),(39,49)),(64,22))),((((((((((29,31),35),20),15),7),(70,48)),(((32,53),6),19)),((2,16),42)),83),(4,14))),(33,((36,(((((28,(84,51)),((79,24),(41,9))),(82,76)),(80,57)),11)),13))),(86,58)),(((5,74),38),((75,18),8))),(37,(12,26))),(78,(85,61))),67),71),30);
*** Subsample Process ***
Use two-step algorithm!
#NNI moves:0/152
Remaining: 0
#NNI moves:2/152
#NNI moves:2/152
((((((((((((((((((((84,51),28),((41,9),(79,24))),(76,82)),(80,57)),11),36),13),33),((((37,(26,12)),((78,(85,61)),(67,(71,30)))),((38,(74,5)),((18,75),8))),(58,86))),(((((16,2),42),(((((((29,31),35),20),15),7),(70,48)),(19,((32,53),6)))),83),(4,14))),(((((92,((100,89),98)),(((96,97),90),(91,87))),((88,95),((94,99),93))),(39,49)),(22,64))),(((((27,(81,77)),21),68),(62,55)),((45,(10,69)),46))),(72,(47,52))),(60,(43,44))),((66,(63,40)),(23,73))),(((25,(65,3)),1),(34,17))),(50,54)),59),56);
#NNI moves:2/152
Remaining: 0
#NNI moves:4/152
#NNI moves:4/152
(((((((((((((81,77),27),21),68),(62,55)),((45,(10,69)),46)),((((((1,(25,(65,3))),(34,17)),((59,56),(50,54))),((66,(40,63)),(23,73))),((43,44),60)),((47,52),72))),((((((94,99),93),(88,95)),((((96,97),90),(91,87)),((98,(89,100)),92))),(49,39)),(22,64))),((((((((((31,29),35),20),15),7),(48,70)),(((32,53),6),19)),((2,16),42)),83),(14,4))),(33,(((((((28,(84,51)),((24,79),(41,9))),(82,76)),(57,80)),11),36),13))),(((((71,30),67),((61,85),78)),((26,12),37)),(((75,18),8),((5,74),38)))),86),58);
#NNI moves:0/152
Remaining: 3
#NNI moves:4/152
#NNI moves:4/152
(((((((((((((((((40,63),66),(23,73)),(((1,(25,(65,3))),(17,34)),((54,50),(59,56)))),((43,44),60)),((52,47),72)),(((55,62),(68,(21,(27,(77,81))))),(46,(45,(69,10))))),((((((98,(89,100)),92),(((96,97),90),(87,91))),((88,95),((94,99),93))),(39,49)),(64,22))),((((((7,((((29,31),35),20),15)),(48,70)),(((32,53),6),19)),((2,16),42)),83),(4,14))),(((((((((84,51),28),((9,41),(24,79))),(82,76)),(80,57)),11),36),13),33)),(86,58)),((38,(74,5)),((75,18),8))),((12,26),37)),(67,(30,71))),78),85),61);
#NNI moves:0/152
Remaining: 1
#NNI moves:6/152
#NNI moves:6/152
(((((((((((((((((((84,51),28),((79,24),(41,9))),(76,82)),(80,57)),11),36),13),33),((((((85,61),78),(67,(71,30))),(37,(12,26))),((8,(18,75)),((5,74),38))),(58,86))),((((((((((29,31),35),20),15),7),(48,70)),(((32,53),6),19)),((2,16),42)),83),(14,4))),((((((99,94),93),(88,95)),(((91,87),((96,97),90)),((98,(100,89)),92))),(39,49)),(22,64))),(((68,((27,(77,81)),21)),(62,55)),(((69,10),45),46))),((52,47),72)),(60,(43,44))),(((34,17),((25,(3,65)),1)),((54,50),(56,59)))),(73,23)),(63,40)),66);
Current score: 3.86395e+08
Current tree: ((71,(67,(((85,61),78),((37,(12,26)),(((8,(18,75)),((5,74),38)),((58,86),((((((((((84,51),28),((79,24),(41,9))),(76,82)),(80,57)),11),36),13),33),(((((((((((29,31),35),20),15),7),(48,70)),(((32,53),6),19)),((2,16),42)),83),(14,4)),(((((((99,94),93),(88,95)),(((91,87),((96,97),90)),((98,(100,89)),92))),(39,49)),(22,64)),((((68,((27,(77,81)),21)),(62,55)),(((69,10),45),46)),(((52,47),72),((60,(43,44)),((((34,17),((25,(3,65)),1)),((54,50),(56,59))),((73,23),((63,40),66))))))))))))))),30);
Final Tree: ((71,(67,(((85,61),78),((37,(12,26)),(((8,(18,75)),((5,74),38)),((58,86),((((((((((84,51),28),((79,24),(41,9))),(76,82)),(80,57)),11),36),13),33),(((((((((((29,31),35),20),15),7),(48,70)),(((32,53),6),19)),((2,16),42)),83),(14,4)),(((((((99,94),93),(88,95)),(((91,87),((96,97),90)),((98,(100,89)),92))),(39,49)),(22,64)),((((68,((27,(77,81)),21)),(62,55)),(((69,10),45),46)),(((52,47),72),((60,(43,44)),((((34,17),((25,(3,65)),1)),((54,50),(56,59))),((73,23),((63,40),66))))))))))))))),30);
#EqQuartets: 494771837
Score: 386395165
ASTRAL for PaRalogs and Orthologs III (ASTRAL-Pro3)
*** NOW with integrated CASTLES-Pro ***
Version: v1.22.3.6
Read 512 genetrees and found 100 species.
#Genetrees: 991
#Duploss: 39421
#Species: 100
#Rounds: 4
#Samples: 4
#Threads: 1
Use two-step algorithm!
Guide Tree 0/16
#NNI moves:0/152
Guide Tree 1/16
#NNI moves:0/152
Guide Tree 2/16
#NNI moves:0/152
Guide Tree 3/16
#NNI moves:0/152
Guide Tree 4/16
#NNI moves:0/152
Guide Tree 5/16
#NNI moves:0/152
Guide Tree 6/16
#NNI moves:0/152
Guide Tree 7/16
#NNI moves:0/152
Guide Tree 8/16
#NNI moves:0/152
Guide Tree 9/16
#NNI moves:0/152
Guide Tree 10/16
#NNI moves:0/152
Guide Tree 11/16
#NNI moves:0/152
Guide Tree 12/16
#NNI moves:0/152
Guide Tree 13/16
#NNI moves:0/152
Guide Tree 14/16
#NNI moves:0/152
Guide Tree 15/16
#NNI moves:0/152
Remaining: 1
#NNI moves:0/152
#NNI moves:0/152
(((((((((((((((10,9),((4,(((56,25),48),55)),60)),62),31),((11,36),53)),(((((35,2),24),((66,(52,(18,47))),50)),61),45)),5),(((22,49),42),(28,(8,16)))),(30,((((21,19),23),(68,6)),(15,12)))),((((((((93,78),(89,75)),(94,(90,76))),(86,92)),(97,82)),((((72,80),70),84),96)),(((((81,88),100),73),(((((83,99),91),(74,71)),77),(85,(87,79)))),(95,98))),(44,43))),((((((58,63),67),39),17),(26,(57,(64,38)))),((54,13),46))),((59,1),37)),3),(((32,69),((51,27),(41,40))),(((33,65),(20,14)),(29,34)))),7);
Guide Tree 0/16
#NNI moves:2/152
Guide Tree 1/16
#NNI moves:0/152
Guide Tree 2/16
#NNI moves:2/152
Guide Tree 3/16
#NNI moves:2/152
Guide Tree 4/16
#NNI moves:0/152
Guide Tree 5/16
#NNI moves:0/152
Guide Tree 6/16
#NNI moves:0/152
Guide Tree 7/16
#NNI moves:0/152
Guide Tree 8/16
#NNI moves:0/152
Guide Tree 9/16
#NNI moves:0/152
Guide Tree 10/16
#NNI moves:0/152
Guide Tree 11/16
#NNI moves:0/152
Guide Tree 12/16
#NNI moves:0/152
Guide Tree 13/16
#NNI moves:2/152
Guide Tree 14/16
#NNI moves:2/152
Guide Tree 15/16
#NNI moves:0/152
Remaining: 0
#NNI moves:16/152
#NNI moves:34/152
(((((((((((((((((55,((25,56),48)),4),60),(9,10)),62),31),(53,(36,11))),(((((((47,18),52),66),50),(24,(35,2))),61),45)),5),((42,(49,22)),((16,8),28))),(((15,12),((68,6),((19,21),23))),30)),(((((((72,80),70),84),96),(((((90,76),94),((78,93),(75,89))),(92,86)),(97,82))),(((((87,79),85),(77,((91,(83,99)),(74,71)))),(73,((88,81),100))),(98,95))),(44,43))),((((((58,63),67),39),17),((57,(38,64)),26)),((54,13),46))),((59,1),37)),3),((((14,20),(65,33)),(29,34)),(((41,40),(51,27)),(69,32)))),7);
Guide Tree 0/16
#NNI moves:0/152
Guide Tree 1/16
#NNI moves:0/152
Guide Tree 2/16
#NNI moves:0/152
Guide Tree 3/16
#NNI moves:0/152
Guide Tree 4/16
#NNI moves:0/152
Guide Tree 5/16
#NNI moves:0/152
Guide Tree 6/16
#NNI moves:0/152
Guide Tree 7/16
#NNI moves:0/152
Guide Tree 8/16
#NNI moves:0/152
Guide Tree 9/16
#NNI moves:0/152
Guide Tree 10/16
#NNI moves:0/152
Guide Tree 11/16
#NNI moves:0/152
Guide Tree 12/16
#NNI moves:0/152
Guide Tree 13/16
#NNI moves:0/152
Guide Tree 14/16
#NNI moves:0/152
Guide Tree 15/16
#NNI moves:0/152
Remaining: 0
#NNI moves:0/152
#NNI moves:0/152
(((((((((((((72,80),70),84),96),(((((90,76),94),((89,75),(93,78))),(92,86)),(82,97))),((((((91,(83,99)),(71,74)),77),(85,(79,87))),((100,(81,88)),73)),(95,98))),(43,44)),(((((23,(19,21)),(6,68)),(15,12)),30),(((((((((((47,18),52),66),50),((35,2),24)),61),45),(((((((55,((56,25),48)),4),60),(10,9)),62),31),((36,11),53))),((49,22),42)),5),(28,(16,8))))),((((57,(64,38)),26),((((63,58),67),39),17)),(46,(54,13)))),((1,59),37)),3),((((40,41),(27,51)),(32,69)),(((33,65),(14,20)),(29,34)))),7);
Guide Tree 0/16
#NNI moves:0/152
Guide Tree 1/16
#NNI moves:6/152
Guide Tree 2/16
#NNI moves:2/152
Guide Tree 3/16
#NNI moves:0/152
Guide Tree 4/16
#NNI moves:0/152
Guide Tree 5/16
#NNI moves:0/152
Guide Tree 6/16
#NNI moves:6/152
Guide Tree 7/16
#NNI moves:0/152
Guide Tree 8/16
#NNI moves:0/152
Guide Tree 9/16
#NNI moves:2/152
Guide Tree 10/16
#NNI moves:6/152
Guide Tree 11/16
#NNI moves:0/152
Guide Tree 12/16
#NNI moves:0/152
Guide Tree 13/16
#NNI moves:0/152
Guide Tree 14/16
#NNI moves:0/152
Guide Tree 15/16
#NNI moves:2/152
Remaining: 0
#NNI moves:4/152
#NNI moves:4/152
(((((32,69),((41,40),(27,51))),((34,29),((14,20),(33,65)))),(((((((((((79,87),85),(77,((91,(83,99)),(74,71)))),(((88,81),100),73)),(95,98)),((((((76,90),94),((89,75),(78,93))),(86,92)),(97,82)),((((80,72),70),84),96))),(44,43)),(((((((((9,10),(((((56,25),48),55),4),60)),62),31),(53,(11,36))),((((((52,(18,47)),66),50),((35,2),24)),61),45)),5),(((16,8),28),((22,49),42))),(((((19,21),23),(68,6)),(12,15)),30))),(((54,13),46),((((67,(58,63)),39),17),(26,(57,(38,64)))))),(37,(1,59))),3)),7);
Initial score: 3.82535e+08
Initial tree: (((((32,69),((41,40),(27,51))),((34,29),((14,20),(33,65)))),(((((((((((79,87),85),(77,((91,(83,99)),(74,71)))),(((88,81),100),73)),(95,98)),((((((76,90),94),((89,75),(78,93))),(86,92)),(97,82)),((((80,72),70),84),96))),(44,43)),(((((((((9,10),(((((56,25),48),55),4),60)),62),31),(53,(11,36))),((((((52,(18,47)),66),50),((35,2),24)),61),45)),5),(((16,8),28),((22,49),42))),(((((19,21),23),(68,6)),(12,15)),30))),(((54,13),46),((((67,(58,63)),39),17),(26,(57,(38,64)))))),(37,(1,59))),3)),7);
*** Subsample Process ***
Use two-step algorithm!
#NNI moves:0/152
Remaining: 0
#NNI moves:18/152
#NNI moves:18/152
((((((((((((((((80,72),70),84),96),(((92,86),((94,(76,90)),((93,78),(89,75)))),(97,82))),((((((71,74),((99,83),91)),77),(85,(79,87))),(((88,81),100),73)),(95,98))),(43,44)),(((((((((((((56,25),48),55),4),60),(10,9)),62),31),((36,11),53)),(((((35,2),24),(50,((52,(18,47)),66))),61),45)),5),(((49,22),42),(28,(16,8)))),(((((21,19),23),(6,68)),(15,12)),30))),((((((58,63),67),39),17),((57,(64,38)),26)),((54,13),46))),(37,(1,59))),3),7),((29,34),((20,14),(33,65)))),((27,51),(40,41))),69),32);
#NNI moves:0/152
Remaining: 0
#NNI moves:2/152
#NNI moves:2/152
(((((((((((((((((27,51),(41,40)),(69,32)),((34,29),((20,14),(33,65)))),7),3),((59,1),37)),(((((67,(63,58)),39),17),((57,(64,38)),26)),((54,13),46))),(((((((((((((25,56),48),55),4),60),(10,9)),62),31),((36,11),53)),(((((((47,18),52),66),50),(24,(2,35))),61),45)),5),(((49,22),42),((16,8),28))),(((((21,19),23),(68,6)),(15,12)),30))),(43,44)),((((((74,71),((83,99),91)),77),(85,(79,87))),((100,(81,88)),73)),(98,95))),(((((93,78),(89,75)),((76,90),94)),(92,86)),(82,97))),96),84),70),80),72);
#NNI moves:0/152
Remaining: 0
#NNI moves:6/152
#NNI moves:8/152
((((((((((((((89,75),(78,93)),((76,90),94)),(86,92)),(82,97)),(96,(((80,72),70),84))),(((((87,79),85),(((74,71),((83,99),91)),77)),(73,((81,88),100))),(95,98))),(43,44)),(((((((((((((25,56),48),55),4),60),(10,9)),62),31),(53,(11,36))),(((((2,35),24),(50,(((18,47),52),66))),61),45)),5),((42,(22,49)),(28,(8,16)))),((((6,68),(23,(19,21))),(12,15)),30))),((((((58,63),67),39),17),(((38,64),57),26)),(46,(54,13)))),((((((20,14),(33,65)),(34,29)),((69,32),((27,51),(41,40)))),7),3)),37),1),59);
#NNI moves:0/152
Remaining: 1
#NNI moves:6/152
#NNI moves:6/152
((((((((((((((((((9,10),(((55,((56,25),48)),4),60)),62),31),((36,11),53)),(((((35,2),24),((((47,18),52),66),50)),61),45)),5),(((49,22),42),((8,16),28))),(30,(((23,(19,21)),(6,68)),(12,15)))),((((((85,(87,79)),(77,((74,71),((83,99),91)))),((100,(88,81)),73)),(95,98)),(((97,82),((86,92),(((89,75),(93,78)),(94,(76,90))))),(((70,(80,72)),84),96))),(43,44))),((((((58,63),67),39),17),(26,((64,38),57))),(46,(13,54)))),((59,1),37)),3),7),(((65,33),(20,14)),(29,34))),((40,41),(51,27))),69),32);
Current score: 3.82535e+08
Current tree: (((((((((((((((9,10),(((55,((56,25),48)),4),60)),62),31),((36,11),53)),(((((35,2),24),((((47,18),52),66),50)),61),45)),5),(((49,22),42),((8,16),28))),(30,(((23,(19,21)),(6,68)),(12,15)))),((((((85,(87,79)),(77,((74,71),((83,99),91)))),((100,(88,81)),73)),(95,98)),(((97,82),((86,92),(((89,75),(93,78)),(94,(76,90))))),(((70,(80,72)),84),96))),(43,44))),((((((58,63),67),39),17),(26,((64,38),57))),(46,(13,54)))),((59,1),37)),3),((((65,33),(20,14)),(29,34)),(((40,41),(51,27)),(69,32)))),7);
Final Tree: (((((((((((((((9,10),(((55,((56,25),48)),4),60)),62),31),((36,11),53)),(((((35,2),24),((((47,18),52),66),50)),61),45)),5),(((49,22),42),((8,16),28))),(30,(((23,(19,21)),(6,68)),(12,15)))),((((((85,(87,79)),(77,((74,71),((83,99),91)))),((100,(88,81)),73)),(95,98)),(((97,82),((86,92),(((89,75),(93,78)),(94,(76,90))))),(((70,(80,72)),84),96))),(43,44))),((((((58,63),67),39),17),(26,((64,38),57))),(46,(13,54)))),((59,1),37)),3),((((65,33),(20,14)),(29,34)),(((40,41),(51,27)),(69,32)))),7);
#EqQuartets: 441299450
Score: 382534877
