ASTRAL for PaRalogs and Orthologs III (ASTRAL-Pro3)
*** NOW with integrated CASTLES-Pro ***
Version: v1.22.3.6
Read 512 genetrees and found 100 species.
#Genetrees: 1000
#Duploss: 9366
#Species: 100
#Rounds: 4
#Samples: 4
#Threads: 1
Use two-step algorithm!
Guide Tree 0/16
#NNI moves:2/152
Guide Tree 1/16
#NNI moves:0/152
Guide Tree 2/16
#NNI moves:0/152
Guide Tree 3/16
#NNI moves:0/152
Guide Tree 4/16
#NNI moves:0/152
Guide Tree 5/16
#NNI moves:0/152
Guide Tree 6/16
#NNI moves:0/152
Guide Tree 7/16
#NNI moves:0/152
Guide Tree 8/16
#NNI moves:0/152
Guide Tree 9/16
#NNI moves:0/152
Guide Tree 10/16
#NNI moves:0/152
Guide Tree 11/16
#NNI moves:0/152
Guide Tree 12/16
#NNI moves:0/152
Guide Tree 13/16
#NNI moves:0/152
Guide Tree 14/16
#NNI moves:0/152
Guide Tree 15/16
#NNI moves:0/152
Remaining: 0
#NNI moves:0/152
#NNI moves:0/152
(((((((((((((((36,(94,30)),91),((((71,16),((50,23),44)),97),77)),((((68,15),76),(18,51)),((41,33),(39,17)))),(((4,5),2),(((12,3),((((1,11),8),10),(6,9))),7))),(((20,93),((25,31),(47,52))),((58,19),63))),((38,37),(((88,81),(62,82)),((((99,14),(28,66)),83),((67,42),61))))),(((32,96),57),(89,49))),(((((21,90),87),79),75),((65,24),(((40,86),70),(34,((55,69),35)))))),(98,54)),(((84,59),(73,74)),((46,85),(48,22)))),((((((60,27),29),45),((26,56),53)),80),(((92,95),100),(13,43)))),78),64),72);
Guide Tree 0/16
#NNI moves:0/152
Guide Tree 1/16
#NNI moves:0/152
Guide Tree 2/16
#NNI moves:0/152
Guide Tree 3/16
#NNI moves:0/152
Guide Tree 4/16
#NNI moves:0/152
Guide Tree 5/16
#NNI moves:0/152
Guide Tree 6/16
#NNI moves:0/152
Guide Tree 7/16
#NNI moves:0/152
Guide Tree 8/16
#NNI moves:0/152
Guide Tree 9/16
#NNI moves:0/152
Guide Tree 10/16
#NNI moves:0/152
Guide Tree 11/16
#NNI moves:0/152
Guide Tree 12/16
#NNI moves:0/152
Guide Tree 13/16
#NNI moves:0/152
Guide Tree 14/16
#NNI moves:0/152
Guide Tree 15/16
#NNI moves:0/152
Remaining: 0
#NNI moves:0/152
#NNI moves:0/152
(((((((((((((((((16,71),((23,50),44)),97),77),(((94,30),36),91)),(((39,17),(41,33)),((76,(15,68)),(51,18)))),(((((9,6),(((11,1),8),10)),(3,12)),7),((4,5),2))),(((93,20),((52,47),(31,25))),((19,58),63))),((((81,88),(82,62)),(((42,67),61),(((28,66),(99,14)),83))),(37,38))),(((32,96),57),(89,49))),(((((86,40),70),((35,(55,69)),34)),(24,65)),((((21,90),87),79),75))),(98,54)),(((74,73),(59,84)),((46,85),(22,48)))),((((53,(56,26)),(((60,27),29),45)),80),(((95,92),100),(13,43)))),78),64),72);
Guide Tree 0/16
#NNI moves:0/152
Guide Tree 1/16
#NNI moves:0/152
Guide Tree 2/16
#NNI moves:0/152
Guide Tree 3/16
#NNI moves:0/152
Guide Tree 4/16
#NNI moves:0/152
Guide Tree 5/16
#NNI moves:0/152
Guide Tree 6/16
#NNI moves:0/152
Guide Tree 7/16
#NNI moves:0/152
Guide Tree 8/16
#NNI moves:0/152
Guide Tree 9/16
#NNI moves:0/152
Guide Tree 10/16
#NNI moves:0/152
Guide Tree 11/16
#NNI moves:0/152
Guide Tree 12/16
#NNI moves:0/152
Guide Tree 13/16
#NNI moves:2/152
Guide Tree 14/16
#NNI moves:0/152
Guide Tree 15/16
#NNI moves:0/152
Remaining: 0
#NNI moves:0/152
#NNI moves:0/152
((((((((((((((4,5),2),((((10,(8,(1,11))),(9,6)),(3,12)),7)),(((((((23,50),44),(16,71)),97),77),(((94,30),36),91)),(((51,18),((68,15),76)),((33,41),(17,39))))),((((47,52),(31,25)),(93,20)),(63,(19,58)))),((((((28,66),(99,14)),83),((67,42),61)),((62,82),(81,88))),(37,38))),(((96,32),57),(49,89))),((((87,(21,90)),79),75),((((86,40),70),(34,((55,69),35))),(65,24)))),(54,98)),(((73,74),(59,84)),((48,22),(85,46)))),((((53,(26,56)),(((27,60),29),45)),80),((43,13),((92,95),100)))),78),64),72);
Guide Tree 0/16
#NNI moves:0/152
Guide Tree 1/16
#NNI moves:0/152
Guide Tree 2/16
#NNI moves:0/152
Guide Tree 3/16
#NNI moves:0/152
Guide Tree 4/16
#NNI moves:0/152
Guide Tree 5/16
#NNI moves:0/152
Guide Tree 6/16
#NNI moves:0/152
Guide Tree 7/16
#NNI moves:0/152
Guide Tree 8/16
#NNI moves:0/152
Guide Tree 9/16
#NNI moves:0/152
Guide Tree 10/16
#NNI moves:0/152
Guide Tree 11/16
#NNI moves:0/152
Guide Tree 12/16
#NNI moves:0/152
Guide Tree 13/16
#NNI moves:0/152
Guide Tree 14/16
#NNI moves:0/152
Guide Tree 15/16
#NNI moves:0/152
Remaining: 0
#NNI moves:0/152
#NNI moves:0/152
(((((((((((((((17,39),(33,41)),((18,51),((68,15),76))),((91,((94,30),36)),((((16,71),((50,23),44)),97),77))),((7,(((((1,11),8),10),(9,6)),(3,12))),(2,(5,4)))),(((19,58),63),((20,93),((25,31),(52,47))))),((37,38),(((((66,28),(99,14)),83),(61,(67,42))),((62,82),(81,88))))),((49,89),((32,96),57))),(((65,24),(((40,86),70),(((69,55),35),34))),((79,((21,90),87)),75))),(54,98)),(((59,84),(73,74)),((22,48),(46,85)))),(((((56,26),53),((29,(27,60)),45)),80),((100,(95,92)),(13,43)))),78),64),72);
Initial score: 1.94621e+09
Initial tree: (((((((((((((((17,39),(33,41)),((18,51),((68,15),76))),((91,((94,30),36)),((((16,71),((50,23),44)),97),77))),((7,(((((1,11),8),10),(9,6)),(3,12))),(2,(5,4)))),(((19,58),63),((20,93),((25,31),(52,47))))),((37,38),(((((66,28),(99,14)),83),(61,(67,42))),((62,82),(81,88))))),((49,89),((32,96),57))),(((65,24),(((40,86),70),(((69,55),35),34))),((79,((21,90),87)),75))),(54,98)),(((59,84),(73,74)),((22,48),(46,85)))),(((((56,26),53),((29,(27,60)),45)),80),((100,(95,92)),(13,43)))),78),64),72);
*** Subsample Process ***
Use two-step algorithm!
#NNI moves:0/152
Remaining: 0
#NNI moves:0/152
#NNI moves:0/152
(((((((((((((65,24),((70,(86,40)),(34,((55,69),35)))),((((21,90),87),79),75)),((((((((26,56),53),((29,(27,60)),45)),80),((43,13),(100,(95,92)))),(78,(64,72))),(((84,59),(74,73)),((48,22),(85,46)))),(54,98))),(((96,32),57),(89,49))),((((83,((66,28),(14,99))),(61,(42,67))),((82,62),(81,88))),(38,37))),((63,(19,58)),((93,20),((52,47),(31,25))))),((2,(5,4)),((((10,((1,11),8)),(9,6)),(3,12)),7))),(((((44,(50,23)),(71,16)),97),77),(((30,94),36),91))),((17,39),(33,41))),(76,(15,68))),51),18);
#NNI moves:0/152
Remaining: 0
#NNI moves:0/152
#NNI moves:0/152
(((((((((((((((((1,11),8),10),(6,9)),(3,12)),7),((4,5),2)),((((17,39),(33,41)),((76,(68,15)),(18,51))),(((((44,(23,50)),(71,16)),97),77),((36,(94,30)),91)))),((((47,52),(25,31)),(93,20)),((19,58),63))),(((((67,42),61),(((99,14),(28,66)),83)),((82,62),(81,88))),(38,37))),(((96,32),57),(89,49))),((((70,(86,40)),(((69,55),35),34)),(24,65)),((79,((90,21),87)),75))),(98,54)),(((84,59),(74,73)),((46,85),(22,48)))),(((13,43),(100,(92,95))),(((((60,27),29),45),(53,(56,26))),80))),(64,72)),78);
#NNI moves:0/152
Remaining: 0
#NNI moves:0/152
#NNI moves:0/152
(((((((((((((((((70,(40,86)),(((69,55),35),34)),(65,24)),((((21,90),87),79),75)),(((((48,22),(85,46)),((73,74),(59,84))),(((((((60,27),29),45),((56,26),53)),80),((13,43),((95,92),100))),((72,64),78))),(98,54))),(((96,32),57),(89,49))),((38,37),((((42,67),61),(((66,28),(99,14)),83)),((82,62),(81,88))))),((((31,25),(47,52)),(93,20)),((58,19),63))),((((18,51),(76,(15,68))),((33,41),(17,39))),((((((50,23),44),(16,71)),97),77),((36,(94,30)),91)))),(2,(5,4))),7),(12,3)),(6,9)),10),8),1),11);
#NNI moves:0/152
Remaining: 0
#NNI moves:0/152
#NNI moves:0/152
(((((((((((((((((((51,18),(76,(68,15))),((41,33),(39,17))),((91,(36,(30,94))),((((71,16),((50,23),44)),97),77))),(((5,4),2),(((3,12),((((1,11),8),10),(9,6))),7))),((((25,31),(52,47)),(20,93)),(63,(58,19)))),(((((67,42),61),(((66,28),(99,14)),83)),((82,62),(88,81))),(38,37))),((89,49),(57,(96,32)))),(((((35,(55,69)),34),((40,86),70)),(65,24)),((((21,90),87),79),75))),(54,98)),(((73,74),(59,84)),((22,48),(85,46)))),((64,72),78)),((43,13),(100,(92,95)))),80),((26,56),53)),45),29),27),60);
Current score: 1.94621e+09
Current tree: ((64,(78,((((((((((((51,18),(76,(68,15))),((41,33),(39,17))),((91,(36,(30,94))),((((71,16),((50,23),44)),97),77))),(((5,4),2),(((3,12),((((1,11),8),10),(9,6))),7))),((((25,31),(52,47)),(20,93)),(63,(58,19)))),(((((67,42),61),(((66,28),(99,14)),83)),((82,62),(88,81))),(38,37))),((89,49),(57,(96,32)))),(((((35,(55,69)),34),((40,86),70)),(65,24)),((((21,90),87),79),75))),(54,98)),(((73,74),(59,84)),((22,48),(85,46)))),(((43,13),(100,(92,95))),(80,(((26,56),53),(45,(29,(27,60))))))))),72);
Final Tree: ((64,(78,((((((((((((51,18),(76,(68,15))),((41,33),(39,17))),((91,(36,(30,94))),((((71,16),((50,23),44)),97),77))),(((5,4),2),(((3,12),((((1,11),8),10),(9,6))),7))),((((25,31),(52,47)),(20,93)),(63,(58,19)))),(((((67,42),61),(((66,28),(99,14)),83)),((82,62),(88,81))),(38,37))),((89,49),(57,(96,32)))),(((((35,(55,69)),34),((40,86),70)),(65,24)),((((21,90),87),79),75))),(54,98)),(((73,74),(59,84)),((22,48),(85,46)))),(((43,13),(100,(92,95))),(80,(((26,56),53),(45,(29,(27,60))))))))),72);
#EqQuartets: 2292390482
Score: 1946211654
ASTRAL for PaRalogs and Orthologs III (ASTRAL-Pro3)
*** NOW with integrated CASTLES-Pro ***
Version: v1.22.3.6
Read 512 genetrees and found 100 species.
#Genetrees: 1000
#Duploss: 8777
#Species: 100
#Rounds: 4
#Samples: 4
#Threads: 1
Use two-step algorithm!
Guide Tree 0/16
#NNI moves:0/152
Guide Tree 1/16
#NNI moves:0/152
Guide Tree 2/16
#NNI moves:0/152
Guide Tree 3/16
#NNI moves:0/152
Guide Tree 4/16
#NNI moves:0/152
Guide Tree 5/16
#NNI moves:0/152
Guide Tree 6/16
#NNI moves:0/152
Guide Tree 7/16
#NNI moves:0/152
Guide Tree 8/16
#NNI moves:6/152
Guide Tree 9/16
#NNI moves:0/152
Guide Tree 10/16
#NNI moves:2/152
Guide Tree 11/16
#NNI moves:0/152
Guide Tree 12/16
#NNI moves:0/152
Guide Tree 13/16
#NNI moves:0/152
Guide Tree 14/16
#NNI moves:0/152
Guide Tree 15/16
#NNI moves:2/152
Remaining: 0
#NNI moves:12/152
#NNI moves:12/152
((((((((((((((((66,(45,79)),((96,91),44)),(58,88)),(62,((52,95),(87,78)))),74),(64,54)),(100,41)),((((((55,98),65),67),57),((53,(94,92)),69)),((81,76),(84,97)))),(((((43,48),83),85),((46,60),89)),((71,68),(59,49)))),(47,51)),(((((31,((17,38),(40,34))),13),(((((21,27),26),28),14),((((20,36),7),(33,25)),29))),((((((1,24),(15,30)),(((((18,35),4),2),((22,9),12)),5)),((11,10),(39,23))),((37,6),8)),(16,(32,3)))),19)),90),(((((80,(93,72)),56),50),(86,73)),(82,61))),(77,75)),((42,70),99)),63);
Guide Tree 0/16
#NNI moves:2/152
Guide Tree 1/16
#NNI moves:0/152
Guide Tree 2/16
#NNI moves:6/152
Guide Tree 3/16
#NNI moves:0/152
Guide Tree 4/16
#NNI moves:0/152
Guide Tree 5/16
#NNI moves:0/152
Guide Tree 6/16
#NNI moves:0/152
Guide Tree 7/16
#NNI moves:0/152
Guide Tree 8/16
#NNI moves:0/152
Guide Tree 9/16
#NNI moves:0/152
Guide Tree 10/16
#NNI moves:6/152
Guide Tree 11/16
#NNI moves:2/152
Guide Tree 12/16
#NNI moves:0/152
Guide Tree 13/16
#NNI moves:6/152
Guide Tree 14/16
#NNI moves:0/152
Guide Tree 15/16
#NNI moves:0/152
Remaining: 0
#NNI moves:4/152
#NNI moves:4/152
((((((((((((((((95,52),(78,87)),62),((88,58),(((79,45),66),((91,96),44)))),74),(54,64)),(100,41)),((((((55,98),65),67),57),(69,((92,94),53))),((76,81),(84,97)))),(((89,(60,46)),(((48,43),83),85)),((49,59),(68,71)))),(47,51)),(((((((33,25),(7,(36,20))),29),(((26,(27,21)),28),14)),((((38,17),(40,34)),31),13)),((((((1,24),(30,15)),((((9,22),12),(2,((35,18),4))),5)),((39,23),(11,10))),(8,(37,6))),(16,(32,3)))),19)),90),((((((72,93),80),56),50),(73,86)),(82,61))),(77,75)),((42,70),99)),63);
Guide Tree 0/16
#NNI moves:0/152
Guide Tree 1/16
#NNI moves:2/152
Guide Tree 2/16
#NNI moves:0/152
Guide Tree 3/16
#NNI moves:2/152
Guide Tree 4/16
#NNI moves:2/152
Guide Tree 5/16
#NNI moves:2/152
Guide Tree 6/16
#NNI moves:2/152
Guide Tree 7/16
#NNI moves:2/152
Guide Tree 8/16
#NNI moves:0/152
Guide Tree 9/16
#NNI moves:6/152
Guide Tree 10/16
#NNI moves:0/152
Guide Tree 11/16
#NNI moves:0/152
Guide Tree 12/16
#NNI moves:2/152
Guide Tree 13/16
#NNI moves:0/152
Guide Tree 14/16
#NNI moves:0/152
Guide Tree 15/16
#NNI moves:2/152
Remaining: 0
#NNI moves:12/152
#NNI moves:12/152
((((((((((((46,60),89),(85,(83,(48,43)))),((71,68),(49,59))),((((64,54),((((88,58),(((79,45),66),(44,(91,96)))),(((95,52),(78,87)),62)),74)),(100,41)),(((84,97),(81,76)),(((53,(94,92)),69),((((98,55),65),67),57))))),(51,47)),((((((((1,24),(30,15)),(((12,(9,22)),(((35,18),4),2)),5)),((10,11),(23,39))),((6,37),8)),((3,32),16)),(((((25,33),((36,20),7)),29),(14,(((21,27),26),28))),((31,((40,34),(17,38))),13))),19)),90),((((((72,93),80),56),50),(86,73)),(61,82))),(77,75)),((70,42),99)),63);
Guide Tree 0/16
#NNI moves:0/152
Guide Tree 1/16
#NNI moves:0/152
Guide Tree 2/16
#NNI moves:0/152
Guide Tree 3/16
#NNI moves:0/152
Guide Tree 4/16
#NNI moves:0/152
Guide Tree 5/16
#NNI moves:0/152
Guide Tree 6/16
#NNI moves:0/152
Guide Tree 7/16
#NNI moves:0/152
Guide Tree 8/16
#NNI moves:0/152
Guide Tree 9/16
#NNI moves:0/152
Guide Tree 10/16
#NNI moves:0/152
Guide Tree 11/16
#NNI moves:0/152
Guide Tree 12/16
#NNI moves:0/152
Guide Tree 13/16
#NNI moves:0/152
Guide Tree 14/16
#NNI moves:0/152
Guide Tree 15/16
#NNI moves:0/152
Remaining: 0
#NNI moves:4/152
#NNI moves:4/152
((((((((((((((((78,87),(95,52)),62),((((45,79),66),((96,91),44)),(58,88))),74),(64,54)),(100,41)),(((97,84),(81,76)),((((92,94),53),69),((((55,98),65),67),57)))),((((60,46),89),(85,((43,48),83))),((71,68),(59,49)))),(51,47)),((((((((24,1),(15,30)),((((4,(35,18)),2),((9,22),12)),5)),((11,10),(23,39))),(8,(37,6))),(16,(32,3))),(((((34,40),(17,38)),31),13),((((33,25),((20,36),7)),29),((((21,27),26),28),14)))),19)),90),(((73,86),((((93,72),80),56),50)),(61,82))),(77,75)),(99,(70,42))),63);
Initial score: 1.77325e+09
Initial tree: ((((((((((((((((78,87),(95,52)),62),((((45,79),66),((96,91),44)),(58,88))),74),(64,54)),(100,41)),(((97,84),(81,76)),((((92,94),53),69),((((55,98),65),67),57)))),((((60,46),89),(85,((43,48),83))),((71,68),(59,49)))),(51,47)),((((((((24,1),(15,30)),((((4,(35,18)),2),((9,22),12)),5)),((11,10),(23,39))),(8,(37,6))),(16,(32,3))),(((((34,40),(17,38)),31),13),((((33,25),((20,36),7)),29),((((21,27),26),28),14)))),19)),90),(((73,86),((((93,72),80),56),50)),(61,82))),(77,75)),(99,(70,42))),63);
*** Subsample Process ***
Use two-step algorithm!
#NNI moves:0/152
Remaining: 1
#NNI moves:0/152
#NNI moves:0/152
((((((((((((((((((99,(70,42)),63),(77,75)),(((86,73),((56,((72,93),80)),50)),(61,82))),90),((((((((24,1),(15,30)),(((12,(9,22)),(((35,18),4),2)),5)),((11,10),(39,23))),((37,6),8)),((32,3),16)),(((((40,34),(38,17)),31),13),((((26,(21,27)),28),14),((((36,20),7),(25,33)),29)))),19)),(47,51)),(((85,((43,48),83)),(89,(60,46))),((59,49),(71,68)))),(((57,(((98,55),65),67)),((53,(92,94)),69)),((97,84),(76,81)))),(41,100)),(54,64)),74),(((95,52),(87,78)),62)),(58,88)),(44,(91,96))),66),79),45);
#NNI moves:0/152
Remaining: 0
#NNI moves:0/152
#NNI moves:0/152
(((((((((((((((98,55),65),67),57),(69,((94,92),53))),((81,76),(84,97))),(((((((52,95),(87,78)),62),((58,88),((44,(96,91)),((45,79),66)))),74),(64,54)),(100,41))),(((((43,48),83),85),(89,(46,60))),((71,68),(49,59)))),(47,51)),((((((((1,24),(15,30)),(((12,(9,22)),(((35,18),4),2)),5)),((11,10),(23,39))),(8,(6,37))),((3,32),16)),(((((34,40),(38,17)),31),13),((29,(((36,20),7),(25,33))),(((26,(21,27)),28),14)))),19)),90),((82,61),(((((72,93),80),56),50),(73,86)))),(((42,70),99),63)),75),77);
#NNI moves:2/152
Remaining: 0
#NNI moves:14/152
#NNI moves:14/152
(((((((((((((((((98,55),65),67),57),(((94,92),53),69)),((76,81),(97,84))),((((((58,88),(((45,79),66),((96,91),44))),(((52,95),(87,78)),62)),74),(64,54)),(41,100))),(((71,68),(49,59)),(((83,(48,43)),85),((46,60),89)))),(51,47)),((((((((24,1),(15,30)),(((2,((18,35),4)),(12,(22,9))),5)),((10,11),(23,39))),(8,(37,6))),((3,32),16)),(((((17,38),(34,40)),31),13),(((((20,36),7),(25,33)),29),(((26,(21,27)),28),14)))),19)),90),(((73,86),((56,((72,93),80)),50)),(82,61))),(77,75)),63),99),70),42);
#NNI moves:0/152
Remaining: 0
#NNI moves:12/152
#NNI moves:12/152
(((((((((((((((((((35,18),4),2),((22,9),12)),5),((15,30),(24,1))),((39,23),(11,10))),(8,(37,6))),(16,(32,3))),(((31,((17,38),(40,34))),13),((14,(((27,21),26),28)),(29,(((20,36),7),(33,25)))))),19),(((((86,73),((((93,72),80),56),50)),(61,82)),((((42,70),99),63),(75,77))),90)),(47,51)),((((46,60),89),(85,(83,(43,48)))),((71,68),(59,49)))),(((((((44,(96,91)),((45,79),66)),(88,58)),(((78,87),(95,52)),62)),74),(54,64)),(100,41))),((81,76),(97,84))),(69,(53,(92,94)))),(67,(65,(98,55)))),57);
Current score: 1.77325e+09
Current tree: ((((42,70),99),((75,77),((((86,73),((((93,72),80),56),50)),(61,82)),(90,((((((((((((35,18),4),2),((22,9),12)),5),((15,30),(24,1))),((39,23),(11,10))),(8,(37,6))),(16,(32,3))),(((31,((17,38),(40,34))),13),((14,(((27,21),26),28)),(29,(((20,36),7),(33,25)))))),19),((47,51),(((((46,60),89),(85,(83,(43,48)))),((71,68),(59,49))),((((((((44,(96,91)),((45,79),66)),(88,58)),(((78,87),(95,52)),62)),74),(54,64)),(100,41)),(((81,76),(97,84)),((69,(53,(92,94))),((67,(65,(98,55))),57))))))))))),63);
Final Tree: ((((42,70),99),((75,77),((((86,73),((((93,72),80),56),50)),(61,82)),(90,((((((((((((35,18),4),2),((22,9),12)),5),((15,30),(24,1))),((39,23),(11,10))),(8,(37,6))),(16,(32,3))),(((31,((17,38),(40,34))),13),((14,(((27,21),26),28)),(29,(((20,36),7),(33,25)))))),19),((47,51),(((((46,60),89),(85,(83,(43,48)))),((71,68),(59,49))),((((((((44,(96,91)),((45,79),66)),(88,58)),(((78,87),(95,52)),62)),74),(54,64)),(100,41)),(((81,76),(97,84)),((69,(53,(92,94))),((67,(65,(98,55))),57))))))))))),63);
#EqQuartets: 2146719369
Score: 1773250779
ASTRAL for PaRalogs and Orthologs III (ASTRAL-Pro3)
*** NOW with integrated CASTLES-Pro ***
Version: v1.22.3.6
Read 512 genetrees and found 100 species.
#Genetrees: 1000
#Duploss: 8756
#Species: 100
#Rounds: 4
#Samples: 4
#Threads: 1
Use two-step algorithm!
Guide Tree 0/16
#NNI moves:0/152
Guide Tree 1/16
#NNI moves:0/152
Guide Tree 2/16
#NNI moves:0/152
Guide Tree 3/16
#NNI moves:0/152
Guide Tree 4/16
#NNI moves:0/152
Guide Tree 5/16
#NNI moves:0/152
Guide Tree 6/16
#NNI moves:0/152
Guide Tree 7/16
#NNI moves:0/152
Guide Tree 8/16
#NNI moves:0/152
Guide Tree 9/16
#NNI moves:0/152
Guide Tree 10/16
#NNI moves:0/152
Guide Tree 11/16
#NNI moves:0/152
Guide Tree 12/16
#NNI moves:0/152
Guide Tree 13/16
#NNI moves:0/152
Guide Tree 14/16
#NNI moves:0/152
Guide Tree 15/16
#NNI moves:0/152
Remaining: 0
#NNI moves:0/152
#NNI moves:0/152
((((((((((((((54,52),38),88),35),((27,86),((84,(56,72)),85))),((((60,96),((46,69),(90,74))),(57,94)),(53,82))),((63,47),61)),(98,39)),((((71,(76,(28,62))),81),(((65,83),92),(((48,26),((36,24),33)),(((49,75),30),99)))),(50,(91,59)))),((((((((8,22),((1,23),3)),5),20),15),((14,19),16)),((11,((13,7),9)),(21,(18,10)))),((6,12),((17,4),2)))),(((((((34,(80,40)),95),31),42),((79,97),(89,66))),(100,70)),(((55,(87,77)),(37,64)),58))),((((68,73),(93,(25,(44,43)))),(78,(45,67))),51)),(32,29)),41);
Guide Tree 0/16
#NNI moves:0/152
Guide Tree 1/16
#NNI moves:0/152
Guide Tree 2/16
#NNI moves:0/152
Guide Tree 3/16
#NNI moves:0/152
Guide Tree 4/16
#NNI moves:2/152
Guide Tree 5/16
#NNI moves:0/152
Guide Tree 6/16
#NNI moves:2/152
Guide Tree 7/16
#NNI moves:0/152
Guide Tree 8/16
#NNI moves:2/152
Guide Tree 9/16
#NNI moves:2/152
Guide Tree 10/16
#NNI moves:6/152
Guide Tree 11/16
#NNI moves:0/152
Guide Tree 12/16
#NNI moves:0/152
Guide Tree 13/16
#NNI moves:0/152
Guide Tree 14/16
#NNI moves:0/152
Guide Tree 15/16
#NNI moves:0/152
Remaining: 0
#NNI moves:2/152
#NNI moves:2/152
((((((((((((((54,52),38),88),35),((86,27),(((72,56),84),85))),(((94,57),(((74,90),(69,46)),(96,60))),(82,53))),((63,47),61)),(39,98)),(((59,91),50),(((((62,28),76),71),81),(((99,((49,75),30)),((33,(24,36)),(48,26))),((83,65),92))))),((((((7,13),9),11),((10,18),21)),(((14,19),16),((20,(5,(((23,1),3),(8,22)))),15))),((6,12),((17,4),2)))),((58,(((77,87),55),(37,64))),(((((95,((80,40),34)),31),42),((97,79),(89,66))),(100,70)))),((((45,67),78),((73,68),(((44,43),25),93))),51)),(32,29)),41);
Guide Tree 0/16
#NNI moves:0/152
Guide Tree 1/16
#NNI moves:0/152
Guide Tree 2/16
#NNI moves:0/152
Guide Tree 3/16
#NNI moves:0/152
Guide Tree 4/16
#NNI moves:0/152
Guide Tree 5/16
#NNI moves:0/152
Guide Tree 6/16
#NNI moves:0/152
Guide Tree 7/16
#NNI moves:0/152
Guide Tree 8/16
#NNI moves:0/152
Guide Tree 9/16
#NNI moves:0/152
Guide Tree 10/16
#NNI moves:0/152
Guide Tree 11/16
#NNI moves:0/152
Guide Tree 12/16
#NNI moves:0/152
Guide Tree 13/16
#NNI moves:0/152
Guide Tree 14/16
#NNI moves:0/152
Guide Tree 15/16
#NNI moves:0/152
Remaining: 1
#NNI moves:6/152
#NNI moves:12/152
((((((((((((((46,69),(74,90)),(96,60)),(57,94)),(82,53)),(((88,(38,(54,52))),35),((85,((56,72),84)),(27,86)))),((47,63),61)),(98,39)),(((((((49,75),30),99),((48,26),((36,24),33))),(92,(83,65))),(81,((76,(62,28)),71))),((91,59),50))),(((6,12),(2,(4,17))),((((10,18),21),(((7,13),9),11)),((((((8,22),((23,1),3)),5),20),15),(16,(14,19)))))),(((100,70),(((79,97),(89,66)),(((95,((80,40),34)),31),42))),((((77,87),55),(64,37)),58))),((((68,73),(93,((43,44),25))),(78,(67,45))),51)),(32,29)),41);
Guide Tree 0/16
#NNI moves:0/152
Guide Tree 1/16
#NNI moves:0/152
Guide Tree 2/16
#NNI moves:0/152
Guide Tree 3/16
#NNI moves:0/152
Guide Tree 4/16
#NNI moves:0/152
Guide Tree 5/16
#NNI moves:0/152
Guide Tree 6/16
#NNI moves:0/152
Guide Tree 7/16
#NNI moves:0/152
Guide Tree 8/16
#NNI moves:0/152
Guide Tree 9/16
#NNI moves:0/152
Guide Tree 10/16
#NNI moves:0/152
Guide Tree 11/16
#NNI moves:0/152
Guide Tree 12/16
#NNI moves:0/152
Guide Tree 13/16
#NNI moves:0/152
Guide Tree 14/16
#NNI moves:0/152
Guide Tree 15/16
#NNI moves:0/152
Remaining: 0
#NNI moves:2/152
#NNI moves:2/152
((((((((((((((23,1),3),(8,22)),5),20),15),((19,14),16)),((11,((7,13),9)),((18,10),21))),((2,(17,4)),(12,6))),((((((83,65),92),((((75,49),30),99),(((24,36),33),(48,26)))),(81,((76,(62,28)),71))),((91,59),50)),(((((82,53),((94,57),((96,60),((74,90),(69,46))))),((((38,(54,52)),88),35),((27,86),((84,(72,56)),85)))),((63,47),61)),(39,98)))),(((((79,97),(89,66)),((31,(95,((80,40),34))),42)),(70,100)),(58,((55,(77,87)),(37,64))))),((((((43,44),25),93),(68,73)),((67,45),78)),51)),(32,29)),41);
Initial score: 1.83408e+09
Initial tree: ((((((((((((((23,1),3),(8,22)),5),20),15),((19,14),16)),((11,((7,13),9)),((18,10),21))),((2,(17,4)),(12,6))),((((((83,65),92),((((75,49),30),99),(((24,36),33),(48,26)))),(81,((76,(62,28)),71))),((91,59),50)),(((((82,53),((94,57),((96,60),((74,90),(69,46))))),((((38,(54,52)),88),35),((27,86),((84,(72,56)),85)))),((63,47),61)),(39,98)))),(((((79,97),(89,66)),((31,(95,((80,40),34))),42)),(70,100)),(58,((55,(77,87)),(37,64))))),((((((43,44),25),93),(68,73)),((67,45),78)),51)),(32,29)),41);
*** Subsample Process ***
Use two-step algorithm!
#NNI moves:0/152
Remaining: 0
#NNI moves:2/152
#NNI moves:2/152
(((((((((((((((((((54,52),38),88),35),((((56,72),84),85),(27,86))),(((57,94),(((74,90),(46,69)),(96,60))),(53,82))),((47,63),61)),(39,98)),((((((26,48),(33,(24,36))),(((75,49),30),99)),((65,83),92)),((71,(76,(62,28))),81)),((91,59),50))),((((((68,73),(((43,44),25),93)),(78,(45,67))),51),((32,29),41)),(((((87,77),55),(37,64)),58),((((31,(((40,80),34),95)),42),((97,79),(66,89))),(100,70))))),((2,(17,4)),(12,6))),((11,(9,(7,13))),(21,(10,18)))),((19,14),16)),15),20),5),(3,(1,23))),22),8);
#NNI moves:0/152
Remaining: 0
#NNI moves:4/152
#NNI moves:4/152
((((((((((((((24,36),33),(48,26)),((30,(49,75)),99)),((65,83),92)),((71,(76,(62,28))),81)),((91,59),50)),((((47,63),61),(((((38,(52,54)),88),35),((85,((56,72),84)),(86,27))),((53,82),((((46,69),(74,90)),(96,60)),(57,94))))),(98,39))),((((17,4),2),(6,12)),(((((13,7),9),11),((10,18),21)),(((((((1,23),3),(22,8)),5),20),15),((14,19),16))))),(((((31,((34,(80,40)),95)),42),((66,89),(79,97))),(100,70)),((((87,77),55),(64,37)),58))),((((((43,44),25),93),(73,68)),((67,45),78)),51)),41),29),32);
#NNI moves:0/152
Remaining: 0
#NNI moves:0/152
#NNI moves:0/152
((((((((((((((13,7),9),11),(21,(10,18))),((((((22,8),((23,1),3)),5),20),15),((14,19),16))),(((4,17),2),(12,6))),((((((31,((34,(80,40)),95)),42),((97,79),(66,89))),(100,70)),(((55,(87,77)),(64,37)),58)),(((((93,((43,44),25)),(68,73)),((67,45),78)),51),(41,(32,29))))),((((47,63),61),((((((54,52),38),88),35),((86,27),(((72,56),84),85))),((((60,96),((46,69),(90,74))),(57,94)),(82,53)))),(98,39))),(50,(59,91))),(((76,(62,28)),71),81)),(92,(83,65))),(((24,36),33),(26,48))),((75,49),30)),99);
#NNI moves:0/152
Remaining: 0
#NNI moves:0/152
#NNI moves:0/152
(((((((((((((((((54,52),38),88),35),(((84,(56,72)),85),(86,27))),((((96,60),((74,90),(46,69))),(57,94)),(53,82))),(61,(47,63))),(39,98)),(((((((36,24),33),(48,26)),(((75,49),30),99)),(92,(83,65))),(((76,(28,62)),71),81)),((91,59),50))),((((((((8,22),((23,1),3)),5),20),15),((14,19),16)),(((18,10),21),(((7,13),9),11))),((12,6),((17,4),2)))),(((((89,66),(79,97)),(42,(((34,(40,80)),95),31))),(70,100)),(((55,(87,77)),(37,64)),58))),((29,32),41)),51),((45,67),78)),((25,(44,43)),93)),73),68);
Current score: 1.83408e+09
Current tree: (((29,32),((((((((((((54,52),38),88),35),(((84,(56,72)),85),(86,27))),((((96,60),((74,90),(46,69))),(57,94)),(53,82))),(61,(47,63))),(39,98)),(((((((36,24),33),(48,26)),(((75,49),30),99)),(92,(83,65))),(((76,(28,62)),71),81)),((91,59),50))),((((((((8,22),((23,1),3)),5),20),15),((14,19),16)),(((18,10),21),(((7,13),9),11))),((12,6),((17,4),2)))),(((((89,66),(79,97)),(42,(((34,(40,80)),95),31))),(70,100)),(((55,(87,77)),(37,64)),58))),(51,(((45,67),78),(((25,(44,43)),93),(73,68)))))),41);
Final Tree: (((29,32),((((((((((((54,52),38),88),35),(((84,(56,72)),85),(86,27))),((((96,60),((74,90),(46,69))),(57,94)),(53,82))),(61,(47,63))),(39,98)),(((((((36,24),33),(48,26)),(((75,49),30),99)),(92,(83,65))),(((76,(28,62)),71),81)),((91,59),50))),((((((((8,22),((23,1),3)),5),20),15),((14,19),16)),(((18,10),21),(((7,13),9),11))),((12,6),((17,4),2)))),(((((89,66),(79,97)),(42,(((34,(40,80)),95),31))),(70,100)),(((55,(87,77)),(37,64)),58))),(51,(((45,67),78),(((25,(44,43)),93),(73,68)))))),41);
#EqQuartets: 2127958841
Score: 1834075087
ASTRAL for PaRalogs and Orthologs III (ASTRAL-Pro3)
*** NOW with integrated CASTLES-Pro ***
Version: v1.22.3.6
Read 512 genetrees and found 100 species.
#Genetrees: 998
#Duploss: 8942
#Species: 100
#Rounds: 4
#Samples: 4
#Threads: 1
Use two-step algorithm!
Guide Tree 0/16
#NNI moves:0/152
Guide Tree 1/16
#NNI moves:0/152
Guide Tree 2/16
#NNI moves:0/152
Guide Tree 3/16
#NNI moves:0/152
Guide Tree 4/16
#NNI moves:0/152
Guide Tree 5/16
#NNI moves:0/152
Guide Tree 6/16
#NNI moves:0/152
Guide Tree 7/16
#NNI moves:0/152
Guide Tree 8/16
#NNI moves:0/152
Guide Tree 9/16
#NNI moves:0/152
Guide Tree 10/16
#NNI moves:0/152
Guide Tree 11/16
#NNI moves:0/152
Guide Tree 12/16
#NNI moves:0/152
Guide Tree 13/16
#NNI moves:0/152
Guide Tree 14/16
#NNI moves:0/152
Guide Tree 15/16
#NNI moves:0/152
Remaining: 0
#NNI moves:0/152
#NNI moves:0/152
((((((((((((((((90,93),(11,((40,17),87))),65),25),(((((27,61),(19,63)),55),((94,9),51)),42)),100),((((((96,23),(70,71)),(((47,83),(68,39)),20)),(69,36)),(((((29,99),80),64),72),73)),((((48,79),(37,(24,34))),(60,98)),(16,((67,1),38))))),(((((66,(7,54)),(53,78)),(((8,10),89),((52,81),(45,62)))),((((91,95),(13,97)),43),(84,58))),(33,88))),(2,(((((5,31),50),((3,56),46)),82),(74,92)))),(75,((77,32),57))),((((18,85),30),((28,22),4)),(((59,49),((41,26),6)),(15,(76,12))))),86),44),14),35),21);
Guide Tree 0/16
#NNI moves:0/152
Guide Tree 1/16
#NNI moves:0/152
Guide Tree 2/16
#NNI moves:0/152
Guide Tree 3/16
#NNI moves:0/152
Guide Tree 4/16
#NNI moves:0/152
Guide Tree 5/16
#NNI moves:0/152
Guide Tree 6/16
#NNI moves:0/152
Guide Tree 7/16
#NNI moves:0/152
Guide Tree 8/16
#NNI moves:0/152
Guide Tree 9/16
#NNI moves:0/152
Guide Tree 10/16
#NNI moves:0/152
Guide Tree 11/16
#NNI moves:0/152
Guide Tree 12/16
#NNI moves:0/152
Guide Tree 13/16
#NNI moves:0/152
Guide Tree 14/16
#NNI moves:0/152
Guide Tree 15/16
#NNI moves:0/152
Remaining: 0
#NNI moves:0/152
#NNI moves:0/152
((((((((((((((((((17,40),87),11),(93,90)),65),25),(((((63,19),(27,61)),55),(51,(9,94))),42)),100),(((((((83,47),(39,68)),20),((70,71),(23,96))),(69,36)),((72,(64,(80,(29,99)))),73)),((((1,67),38),16),((((24,34),37),(79,48)),(60,98))))),((((((8,10),89),((45,62),(81,52))),((66,(54,7)),(78,53))),((58,84),(((97,13),(95,91)),43))),(33,88))),((((((56,3),46),(50,(31,5))),82),(74,92)),2)),((57,(77,32)),75)),(((15,(76,12)),((6,(41,26)),(49,59))),(((22,28),4),((18,85),30)))),86),44),14),35),21);
Guide Tree 0/16
#NNI moves:0/152
Guide Tree 1/16
#NNI moves:0/152
Guide Tree 2/16
#NNI moves:2/152
Guide Tree 3/16
#NNI moves:0/152
Guide Tree 4/16
#NNI moves:0/152
Guide Tree 5/16
#NNI moves:0/152
Guide Tree 6/16
#NNI moves:0/152
Guide Tree 7/16
#NNI moves:0/152
Guide Tree 8/16
#NNI moves:0/152
Guide Tree 9/16
#NNI moves:0/152
Guide Tree 10/16
#NNI moves:0/152
Guide Tree 11/16
#NNI moves:0/152
Guide Tree 12/16
#NNI moves:0/152
Guide Tree 13/16
#NNI moves:0/152
Guide Tree 14/16
#NNI moves:0/152
Guide Tree 15/16
#NNI moves:0/152
Remaining: 0
#NNI moves:0/152
#NNI moves:0/152
((((((((((((((69,36),((((39,68),(83,47)),20),((96,23),(71,70)))),(73,(((80,(99,29)),64),72))),((16,(38,(1,67))),(((79,48),(37,(34,24))),(98,60)))),((((65,((((17,40),87),11),(93,90))),25),((((94,9),51),(((27,61),(19,63)),55)),42)),100)),((((((52,81),(62,45)),(89,(8,10))),(((54,7),66),(78,53))),((84,58),(43,((13,97),(91,95))))),(33,88))),((((((3,56),46),(50,(31,5))),82),(92,74)),2)),((57,(77,32)),75)),((((28,22),4),((18,85),30)),((((41,26),6),(49,59)),((12,76),15)))),86),44),14),35),21);
Guide Tree 0/16
#NNI moves:0/152
Guide Tree 1/16
#NNI moves:0/152
Guide Tree 2/16
#NNI moves:0/152
Guide Tree 3/16
#NNI moves:0/152
Guide Tree 4/16
#NNI moves:0/152
Guide Tree 5/16
#NNI moves:0/152
Guide Tree 6/16
#NNI moves:0/152
Guide Tree 7/16
#NNI moves:0/152
Guide Tree 8/16
#NNI moves:0/152
Guide Tree 9/16
#NNI moves:0/152
Guide Tree 10/16
#NNI moves:0/152
Guide Tree 11/16
#NNI moves:0/152
Guide Tree 12/16
#NNI moves:0/152
Guide Tree 13/16
#NNI moves:0/152
Guide Tree 14/16
#NNI moves:0/152
Guide Tree 15/16
#NNI moves:0/152
Remaining: 0
#NNI moves:0/152
#NNI moves:0/152
((((((((((((((((34,24),37),(48,79)),(60,98)),(((1,67),38),16)),((73,(72,(64,(80,(99,29))))),(((((83,47),(39,68)),20),((96,23),(70,71))),(36,69)))),(((42,((((27,61),(63,19)),55),((94,9),51))),(((((87,(17,40)),11),(90,93)),65),25)),100)),((((84,58),(((95,91),(13,97)),43)),((((81,52),(62,45)),((8,10),89)),(((7,54),66),(53,78)))),(33,88))),(((82,(((31,5),50),(46,(3,56)))),(74,92)),2)),(75,((32,77),57))),((((22,28),4),((85,18),30)),(((76,12),15),((6,(41,26)),(49,59))))),86),44),14),35),21);
Initial score: 1.77739e+09
Initial tree: ((((((((((((((((34,24),37),(48,79)),(60,98)),(((1,67),38),16)),((73,(72,(64,(80,(99,29))))),(((((83,47),(39,68)),20),((96,23),(70,71))),(36,69)))),(((42,((((27,61),(63,19)),55),((94,9),51))),(((((87,(17,40)),11),(90,93)),65),25)),100)),((((84,58),(((95,91),(13,97)),43)),((((81,52),(62,45)),((8,10),89)),(((7,54),66),(53,78)))),(33,88))),(((82,(((31,5),50),(46,(3,56)))),(74,92)),2)),(75,((32,77),57))),((((22,28),4),((85,18),30)),(((76,12),15),((6,(41,26)),(49,59))))),86),44),14),35),21);
*** Subsample Process ***
Use two-step algorithm!
#NNI moves:0/152
Remaining: 0
#NNI moves:0/152
#NNI moves:0/152
((((((((((((((8,10),89),((81,52),(45,62))),(((54,7),66),(78,53))),((84,58),(43,((95,91),(13,97))))),(88,33)),(((((((28,22),4),((85,18),30)),(((49,59),((26,41),6)),((12,76),15))),((((35,21),14),44),86)),(75,((77,32),57))),(((92,74),((((56,3),46),((31,5),50)),82)),2))),(((((((27,61),(19,63)),55),((94,9),51)),42),(25,(((93,90),(((17,40),87),11)),65))),100)),(((((23,96),(70,71)),(((68,39),(47,83)),20)),(36,69)),(73,((64,((99,29),80)),72)))),((38,(1,67)),16)),(60,98)),(37,(34,24))),48),79);
#NNI moves:0/152
Remaining: 0
#NNI moves:0/152
#NNI moves:0/152
((((((((((((((((94,9),51),(((19,63),(61,27)),55)),42),((((((40,17),87),11),(90,93)),65),25)),100),(((((((99,29),80),64),72),73),((69,36),((((68,39),(47,83)),20),((23,96),(71,70))))),(((60,98),((79,48),(37,(34,24)))),(16,(38,(1,67)))))),((((((13,97),(91,95)),43),(84,58)),((((62,45),(81,52)),(89,(10,8))),((53,78),(66,(54,7))))),(88,33))),(2,((((50,(31,5)),((56,3),46)),82),(92,74)))),((57,(32,77)),75)),((((59,49),(6,(26,41))),(15,(76,12))),((30,(85,18)),((22,28),4)))),86),44),14),21),35);
#NNI moves:0/152
Remaining: 0
#NNI moves:0/152
#NNI moves:0/152
(((((((((((((((81,52),(45,62)),((8,10),89)),((66,(54,7)),(78,53))),((43,((91,95),(13,97))),(58,84))),(33,88)),((((((4,(22,28)),(30,(85,18))),(((12,76),15),((6,(41,26)),(49,59)))),(86,(44,((21,35),14)))),(((77,32),57),75)),(((82,((50,(31,5)),((3,56),46))),(92,74)),2))),(((73,((64,((99,29),80)),72)),(((20,((68,39),(83,47))),((23,96),(71,70))),(36,69))),(((98,60),(((24,34),37),(48,79))),(16,((67,1),38))))),100),((((((40,17),87),11),(90,93)),65),25)),42),(((61,27),(19,63)),55)),51),9),94);
#NNI moves:0/152
Remaining: 0
#NNI moves:0/152
#NNI moves:0/152
(((((((((((((80,(29,99)),64),72),73),((36,69),((((47,83),(68,39)),20),((23,96),(70,71))))),((((37,(24,34)),(48,79)),(60,98)),((38,(67,1)),16))),(((((((27,61),(63,19)),55),(51,(94,9))),42),(((((87,(17,40)),11),(90,93)),65),25)),100)),((((((62,45),(52,81)),((8,10),89)),((53,78),((7,54),66))),((((13,97),(95,91)),43),(84,58))),(33,88))),((((((3,56),46),((5,31),50)),82),(92,74)),2)),(((32,77),57),75)),((((28,22),4),((85,18),30)),((((26,41),6),(59,49)),((76,12),15)))),(44,(14,(35,21)))),86);
Current score: 1.77739e+09
Current tree: ((35,(14,(44,((((((((((((80,(29,99)),64),72),73),((36,69),((((47,83),(68,39)),20),((23,96),(70,71))))),((((37,(24,34)),(48,79)),(60,98)),((38,(67,1)),16))),(((((((27,61),(63,19)),55),(51,(94,9))),42),(((((87,(17,40)),11),(90,93)),65),25)),100)),((((((62,45),(52,81)),((8,10),89)),((53,78),((7,54),66))),((((13,97),(95,91)),43),(84,58))),(33,88))),((((((3,56),46),((5,31),50)),82),(92,74)),2)),(((32,77),57),75)),((((28,22),4),((85,18),30)),((((26,41),6),(59,49)),((76,12),15)))),86)))),21);
Final Tree: ((35,(14,(44,((((((((((((80,(29,99)),64),72),73),((36,69),((((47,83),(68,39)),20),((23,96),(70,71))))),((((37,(24,34)),(48,79)),(60,98)),((38,(67,1)),16))),(((((((27,61),(63,19)),55),(51,(94,9))),42),(((((87,(17,40)),11),(90,93)),65),25)),100)),((((((62,45),(52,81)),((8,10),89)),((53,78),((7,54),66))),((((13,97),(95,91)),43),(84,58))),(33,88))),((((((3,56),46),((5,31),50)),82),(92,74)),2)),(((32,77),57),75)),((((28,22),4),((85,18),30)),((((26,41),6),(59,49)),((76,12),15)))),86)))),21);
#EqQuartets: 2133374672
Score: 1777385110
ASTRAL for PaRalogs and Orthologs III (ASTRAL-Pro3)
*** NOW with integrated CASTLES-Pro ***
Version: v1.22.3.6
Read 512 genetrees and found 100 species.
#Genetrees: 1000
#Duploss: 8343
#Species: 100
#Rounds: 4
#Samples: 4
#Threads: 1
Use two-step algorithm!
Guide Tree 0/16
#NNI moves:0/152
Guide Tree 1/16
#NNI moves:0/152
Guide Tree 2/16
#NNI moves:0/152
Guide Tree 3/16
#NNI moves:0/152
Guide Tree 4/16
#NNI moves:0/152
Guide Tree 5/16
#NNI moves:0/152
Guide Tree 6/16
#NNI moves:0/152
Guide Tree 7/16
#NNI moves:0/152
Guide Tree 8/16
#NNI moves:0/152
Guide Tree 9/16
#NNI moves:0/152
Guide Tree 10/16
#NNI moves:0/152
Guide Tree 11/16
#NNI moves:0/152
Guide Tree 12/16
#NNI moves:0/152
Guide Tree 13/16
#NNI moves:0/152
Guide Tree 14/16
#NNI moves:0/152
Guide Tree 15/16
#NNI moves:0/152
Remaining: 0
#NNI moves:0/152
#NNI moves:0/152
(((((((((((((((17,(9,7)),(18,26)),19),(((1,27),(22,13)),2)),(((30,20),4),(((28,29),16),((34,10),15)))),(5,11)),((((12,(32,33)),8),((((31,14),3),(25,21)),23)),(6,24))),(((((64,81),(42,35)),85),(((39,59),69),(((77,52),78),((86,68),67)))),43)),((((46,(89,80)),((49,70),(41,97))),47),((99,44),(82,60)))),((((((66,92),((79,62),56)),93),83),57),(((36,91),37),(75,98)))),((((45,(53,((48,63),90))),(((55,40),58),76)),(((72,(84,95)),54),((94,73),74))),(100,(96,65)))),(38,61)),(87,71)),(50,88)),51);
Guide Tree 0/16
#NNI moves:0/152
Guide Tree 1/16
#NNI moves:0/152
Guide Tree 2/16
#NNI moves:0/152
Guide Tree 3/16
#NNI moves:0/152
Guide Tree 4/16
#NNI moves:0/152
Guide Tree 5/16
#NNI moves:0/152
Guide Tree 6/16
#NNI moves:0/152
Guide Tree 7/16
#NNI moves:0/152
Guide Tree 8/16
#NNI moves:0/152
Guide Tree 9/16
#NNI moves:0/152
Guide Tree 10/16
#NNI moves:0/152
Guide Tree 11/16
#NNI moves:0/152
Guide Tree 12/16
#NNI moves:0/152
Guide Tree 13/16
#NNI moves:0/152
Guide Tree 14/16
#NNI moves:0/152
Guide Tree 15/16
#NNI moves:0/152
Remaining: 0
#NNI moves:0/152
#NNI moves:0/152
(((((((((((((((17,(7,9)),(26,18)),19),(((13,22),(1,27)),2)),(((15,(34,10)),(16,(29,28))),((20,30),4))),(11,5)),((((12,(32,33)),8),(((25,21),((14,31),3)),23)),(6,24))),(((((39,59),69),(((68,86),67),((77,52),78))),(((35,42),(64,81)),85)),43)),(((82,60),(44,99)),((((97,41),(70,49)),(46,(80,89))),47))),(((98,75),((91,36),37)),((83,((((62,79),56),(66,92)),93)),57))),(((((58,(40,55)),76),((((63,48),90),53),45)),((((84,95),72),54),((73,94),74))),((96,65),100))),(61,38)),(87,71)),(50,88)),51);
Guide Tree 0/16
#NNI moves:0/152
Guide Tree 1/16
#NNI moves:0/152
Guide Tree 2/16
#NNI moves:0/152
Guide Tree 3/16
#NNI moves:0/152
Guide Tree 4/16
#NNI moves:0/152
Guide Tree 5/16
#NNI moves:0/152
Guide Tree 6/16
#NNI moves:0/152
Guide Tree 7/16
#NNI moves:0/152
Guide Tree 8/16
#NNI moves:0/152
Guide Tree 9/16
#NNI moves:0/152
Guide Tree 10/16
#NNI moves:0/152
Guide Tree 11/16
#NNI moves:0/152
Guide Tree 12/16
#NNI moves:0/152
Guide Tree 13/16
#NNI moves:0/152
Guide Tree 14/16
#NNI moves:0/152
Guide Tree 15/16
#NNI moves:0/152
Remaining: 0
#NNI moves:0/152
#NNI moves:0/152
(((((((((((((2,((22,13),(27,1))),((((9,7),17),(18,26)),19)),((((28,29),16),((10,34),15)),(4,(20,30)))),(5,11)),(((((21,25),((14,31),3)),23),((12,(33,32)),8)),(6,24))),(((85,((35,42),(81,64))),((((77,52),78),((68,86),67)),((39,59),69))),43)),(((60,82),(44,99)),((((97,41),(70,49)),((89,80),46)),47))),(((98,75),(37,(91,36))),(((((66,92),((62,79),56)),93),83),57))),(((((58,(40,55)),76),(45,(53,((48,63),90)))),(((73,94),74),((72,(84,95)),54))),((96,65),100))),(61,38)),(87,71)),(50,88)),51);
Guide Tree 0/16
#NNI moves:0/152
Guide Tree 1/16
#NNI moves:0/152
Guide Tree 2/16
#NNI moves:0/152
Guide Tree 3/16
#NNI moves:0/152
Guide Tree 4/16
#NNI moves:0/152
Guide Tree 5/16
#NNI moves:0/152
Guide Tree 6/16
#NNI moves:0/152
Guide Tree 7/16
#NNI moves:0/152
Guide Tree 8/16
#NNI moves:0/152
Guide Tree 9/16
#NNI moves:0/152
Guide Tree 10/16
#NNI moves:0/152
Guide Tree 11/16
#NNI moves:0/152
Guide Tree 12/16
#NNI moves:0/152
Guide Tree 13/16
#NNI moves:0/152
Guide Tree 14/16
#NNI moves:0/152
Guide Tree 15/16
#NNI moves:0/152
Remaining: 0
#NNI moves:0/152
#NNI moves:0/152
((((((((((((((3,(14,31)),(25,21)),23),(8,(12,(32,33)))),(6,24)),((((((22,13),(1,27)),2),(((26,18),(17,(7,9))),19)),(((15,(34,10)),(16,(29,28))),((30,20),4))),(5,11))),(((((81,64),(42,35)),85),(((67,(86,68)),((77,52),78)),((39,59),69))),43)),((47,(((49,70),(97,41)),(46,(80,89)))),((82,60),(99,44)))),(((((((62,79),56),(66,92)),93),83),57),((75,98),((36,91),37)))),(((65,96),100),(((45,(53,(90,(63,48)))),(((40,55),58),76)),(((72,(95,84)),54),((73,94),74))))),(38,61)),(71,87)),(50,88)),51);
Initial score: 1.77109e+09
Initial tree: ((((((((((((((3,(14,31)),(25,21)),23),(8,(12,(32,33)))),(6,24)),((((((22,13),(1,27)),2),(((26,18),(17,(7,9))),19)),(((15,(34,10)),(16,(29,28))),((30,20),4))),(5,11))),(((((81,64),(42,35)),85),(((67,(86,68)),((77,52),78)),((39,59),69))),43)),((47,(((49,70),(97,41)),(46,(80,89)))),((82,60),(99,44)))),(((((((62,79),56),(66,92)),93),83),57),((75,98),((36,91),37)))),(((65,96),100),(((45,(53,(90,(63,48)))),(((40,55),58),76)),(((72,(95,84)),54),((73,94),74))))),(38,61)),(71,87)),(50,88)),51);
*** Subsample Process ***
Use two-step algorithm!
#NNI moves:0/152
Remaining: 0
#NNI moves:0/152
#NNI moves:0/152
(((((((((((((((45,(((48,63),90),53)),(((40,55),58),76)),((((84,95),72),54),(74,(73,94)))),((96,65),100)),((((50,88),51),(71,87)),(61,38))),((((((66,92),(56,(79,62))),93),83),57),(((36,91),37),(75,98)))),(((((49,70),(97,41)),((89,80),46)),47),((44,99),(60,82)))),(((85,((35,42),(64,81))),((((52,77),78),((86,68),67)),((59,39),69))),43)),((((((34,10),15),(16,(28,29))),(4,(20,30))),((19,((18,26),((7,9),17))),(((22,13),(1,27)),2))),(5,11))),(6,24)),(8,(12,(32,33)))),23),((14,31),3)),25),21);
#NNI moves:0/152
Remaining: 0
#NNI moves:0/152
#NNI moves:0/152
((((((((((((((((18,26),(17,(7,9))),19),(((27,1),(22,13)),2)),((((10,34),15),((28,29),16)),(4,(30,20)))),(11,5)),((((12,(33,32)),8),(23,((21,25),((14,31),3)))),(6,24))),(((((42,35),(64,81)),85),(((67,(68,86)),((77,52),78)),((39,59),69))),43)),(((((41,97),(49,70)),((89,80),46)),47),((44,99),(60,82)))),((((36,91),37),(98,75)),((((((79,62),56),(92,66)),93),83),57))),((((((40,55),58),76),(((90,(48,63)),53),45)),((74,(94,73)),(((84,95),72),54))),((65,96),100))),(61,38)),(87,71)),51),88),50);
#NNI moves:0/152
Remaining: 0
#NNI moves:0/152
#NNI moves:0/152
((((((((((((((((((40,55),58),76),((53,(90,(48,63))),45)),((((84,95),72),54),(74,(73,94)))),((65,96),100)),(((87,71),(51,(50,88))),(61,38))),((((((92,66),((62,79),56)),93),83),57),((37,(91,36)),(75,98)))),(((((41,97),(49,70)),((80,89),46)),47),((99,44),(60,82)))),(((((42,35),(81,64)),85),(((67,(68,86)),((52,77),78)),((39,59),69))),43)),((6,24),((((25,21),((31,14),3)),23),(8,(12,(33,32)))))),(5,11)),(((20,30),4),(((10,34),15),((28,29),16)))),(((13,22),(1,27)),2)),19),(17,(7,9))),26),18);
#NNI moves:0/152
Remaining: 0
#NNI moves:0/152
#NNI moves:0/152
(((((((((((((((22,13),(27,1)),2),(19,((26,18),((9,7),17)))),(((30,20),4),((16,(28,29)),((34,10),15)))),(5,11)),((((((14,31),3),(25,21)),23),(8,((32,33),12))),(24,6))),(43,((((67,(86,68)),((77,52),78)),((59,39),69)),(85,((42,35),(64,81)))))),(((((89,80),46),((97,41),(49,70))),47),((99,44),(82,60)))),((((((66,92),((62,79),56)),93),83),57),((98,75),(37,(36,91))))),(((((((63,48),90),53),45),(76,((55,40),58))),(((73,94),74),(((95,84),72),54))),((96,65),100))),(38,61)),((88,50),51)),71),87);
Current score: 1.77109e+09
Current tree: (((88,50),(((((((((((((22,13),(27,1)),2),(19,((26,18),((9,7),17)))),(((30,20),4),((16,(28,29)),((34,10),15)))),(5,11)),((((((14,31),3),(25,21)),23),(8,((32,33),12))),(24,6))),(43,((((67,(86,68)),((77,52),78)),((59,39),69)),(85,((42,35),(64,81)))))),(((((89,80),46),((97,41),(49,70))),47),((99,44),(82,60)))),((((((66,92),((62,79),56)),93),83),57),((98,75),(37,(36,91))))),(((((((63,48),90),53),45),(76,((55,40),58))),(((73,94),74),(((95,84),72),54))),((96,65),100))),(38,61)),(71,87))),51);
Final Tree: (((88,50),(((((((((((((22,13),(27,1)),2),(19,((26,18),((9,7),17)))),(((30,20),4),((16,(28,29)),((34,10),15)))),(5,11)),((((((14,31),3),(25,21)),23),(8,((32,33),12))),(24,6))),(43,((((67,(86,68)),((77,52),78)),((59,39),69)),(85,((42,35),(64,81)))))),(((((89,80),46),((97,41),(49,70))),47),((99,44),(82,60)))),((((((66,92),((62,79),56)),93),83),57),((98,75),(37,(36,91))))),(((((((63,48),90),53),45),(76,((55,40),58))),(((73,94),74),(((95,84),72),54))),((96,65),100))),(38,61)),(71,87))),51);
#EqQuartets: 2116306508
Score: 1771087465
ASTRAL for PaRalogs and Orthologs III (ASTRAL-Pro3)
*** NOW with integrated CASTLES-Pro ***
Version: v1.22.3.6
Read 512 genetrees and found 100 species.
#Genetrees: 1000
#Duploss: 9263
#Species: 100
#Rounds: 4
#Samples: 4
#Threads: 1
Use two-step algorithm!
Guide Tree 0/16
#NNI moves:0/152
Guide Tree 1/16
#NNI moves:0/152
Guide Tree 2/16
#NNI moves:0/152
Guide Tree 3/16
#NNI moves:0/152
Guide Tree 4/16
#NNI moves:0/152
Guide Tree 5/16
#NNI moves:0/152
Guide Tree 6/16
#NNI moves:0/152
Guide Tree 7/16
#NNI moves:0/152
Guide Tree 8/16
#NNI moves:0/152
Guide Tree 9/16
#NNI moves:0/152
Guide Tree 10/16
#NNI moves:0/152
Guide Tree 11/16
#NNI moves:0/152
Guide Tree 12/16
#NNI moves:0/152
Guide Tree 13/16
#NNI moves:0/152
Guide Tree 14/16
#NNI moves:0/152
Guide Tree 15/16
#NNI moves:0/152
Remaining: 0
#NNI moves:2/152
#NNI moves:2/152
(((((((((((((((((((43,21),(22,29)),17),(47,(26,48))),((((((((23,46),52),5),19),53),15),(39,50)),((18,3),(((7,27),54),((1,41),14))))),(((12,20),(31,13)),(32,16))),((((((35,45),34),(37,6)),(24,51)),38),((40,(49,36)),9))),10),(((11,44),2),(55,25))),((((28,30),(8,33)),4),42)),(((67,(58,78)),97),63)),((((69,76),88),((64,(83,90)),98)),((((85,86),75),(56,92)),((65,(68,71)),(99,93))))),(((91,59),57),80)),100),(((62,(84,61)),89),(77,79))),((((72,(96,87)),(70,60)),95),(66,(73,94)))),81),74),82);
Guide Tree 0/16
#NNI moves:0/152
Guide Tree 1/16
#NNI moves:0/152
Guide Tree 2/16
#NNI moves:0/152
Guide Tree 3/16
#NNI moves:0/152
Guide Tree 4/16
#NNI moves:0/152
Guide Tree 5/16
#NNI moves:0/152
Guide Tree 6/16
#NNI moves:0/152
Guide Tree 7/16
#NNI moves:0/152
Guide Tree 8/16
#NNI moves:0/152
Guide Tree 9/16
#NNI moves:0/152
Guide Tree 10/16
#NNI moves:0/152
Guide Tree 11/16
#NNI moves:0/152
Guide Tree 12/16
#NNI moves:0/152
Guide Tree 13/16
#NNI moves:0/152
Guide Tree 14/16
#NNI moves:0/152
Guide Tree 15/16
#NNI moves:0/152
Remaining: 0
#NNI moves:0/152
#NNI moves:0/152
(((((((((((((((((((53,((((46,23),52),5),19)),15),(39,50)),((((7,27),54),(14,(1,41))),(3,18))),((((21,43),(22,29)),17),((26,48),47))),((16,32),((20,12),(31,13)))),(((((6,37),((45,35),34)),(51,24)),38),(((49,36),40),9))),10),(((44,11),2),(25,55))),((((28,30),(8,33)),4),42)),(((67,(78,58)),97),63)),(((((90,83),64),98),((76,69),88)),(((92,56),((86,85),75)),(((68,71),65),(99,93))))),(80,((59,91),57))),100),((89,((84,61),62)),(79,77))),(((((87,96),72),(70,60)),95),((73,94),66))),81),74),82);
Guide Tree 0/16
#NNI moves:0/152
Guide Tree 1/16
#NNI moves:0/152
Guide Tree 2/16
#NNI moves:0/152
Guide Tree 3/16
#NNI moves:0/152
Guide Tree 4/16
#NNI moves:0/152
Guide Tree 5/16
#NNI moves:0/152
Guide Tree 6/16
#NNI moves:0/152
Guide Tree 7/16
#NNI moves:0/152
Guide Tree 8/16
#NNI moves:0/152
Guide Tree 9/16
#NNI moves:0/152
Guide Tree 10/16
#NNI moves:0/152
Guide Tree 11/16
#NNI moves:0/152
Guide Tree 12/16
#NNI moves:0/152
Guide Tree 13/16
#NNI moves:0/152
Guide Tree 14/16
#NNI moves:0/152
Guide Tree 15/16
#NNI moves:0/152
Remaining: 0
#NNI moves:0/152
#NNI moves:0/152
((((((((((((((((((((7,27),54),((41,1),14)),(3,18)),((15,((((52,(23,46)),5),19),53)),(50,39))),((((21,43),(22,29)),17),(47,(48,26)))),(((20,12),(31,13)),(16,32))),(((((6,37),((45,35),34)),(24,51)),38),(9,((36,49),40)))),10),((55,25),(2,(11,44)))),((((33,8),(30,28)),4),42)),((((58,78),67),97),63)),(((((68,71),65),(93,99)),((56,92),(75,(85,86)))),((88,(76,69)),((64,(90,83)),98)))),((57,(91,59)),80)),100),((((84,61),62),89),(79,77))),(((((87,96),72),(70,60)),95),((94,73),66))),81),74),82);
Guide Tree 0/16
#NNI moves:0/152
Guide Tree 1/16
#NNI moves:0/152
Guide Tree 2/16
#NNI moves:0/152
Guide Tree 3/16
#NNI moves:0/152
Guide Tree 4/16
#NNI moves:0/152
Guide Tree 5/16
#NNI moves:0/152
Guide Tree 6/16
#NNI moves:0/152
Guide Tree 7/16
#NNI moves:0/152
Guide Tree 8/16
#NNI moves:0/152
Guide Tree 9/16
#NNI moves:0/152
Guide Tree 10/16
#NNI moves:0/152
Guide Tree 11/16
#NNI moves:0/152
Guide Tree 12/16
#NNI moves:0/152
Guide Tree 13/16
#NNI moves:0/152
Guide Tree 14/16
#NNI moves:0/152
Guide Tree 15/16
#NNI moves:0/152
Remaining: 0
#NNI moves:6/152
#NNI moves:6/152
((((((((((((((((((37,6),(34,(35,45))),(51,24)),38),(((36,49),40),9)),(((((((27,7),54),((1,41),14)),(18,3)),(((53,((((23,46),52),5),19)),15),(39,50))),((17,((21,43),(22,29))),((48,26),47))),(((13,31),(12,20)),(16,32)))),10),(((11,44),2),(25,55))),((((30,28),(8,33)),4),42)),(((67,(78,58)),97),63)),((((56,92),((86,85),75)),(((68,71),65),(99,93))),((88,(76,69)),((64,(83,90)),98)))),(((59,91),57),80)),100),((79,77),(((84,61),62),89))),((((70,60),((96,87),72)),95),(66,(73,94)))),81),74),82);
Initial score: 1.80922e+09
Initial tree: ((((((((((((((((((37,6),(34,(35,45))),(51,24)),38),(((36,49),40),9)),(((((((27,7),54),((1,41),14)),(18,3)),(((53,((((23,46),52),5),19)),15),(39,50))),((17,((21,43),(22,29))),((48,26),47))),(((13,31),(12,20)),(16,32)))),10),(((11,44),2),(25,55))),((((30,28),(8,33)),4),42)),(((67,(78,58)),97),63)),((((56,92),((86,85),75)),(((68,71),65),(99,93))),((88,(76,69)),((64,(83,90)),98)))),(((59,91),57),80)),100),((79,77),(((84,61),62),89))),((((70,60),((96,87),72)),95),(66,(73,94)))),81),74),82);
*** Subsample Process ***
Use two-step algorithm!
#NNI moves:0/152
Remaining: 0
#NNI moves:0/152
#NNI moves:0/152
(((((((((((((((((((84,61),62),89),(77,79)),((81,(74,82)),((66,(94,73)),(((70,60),((96,87),72)),95)))),100),((57,(59,91)),80)),((((93,99),((71,68),65)),((56,92),((86,85),75))),(((76,69),88),(((83,90),64),98)))),((((78,58),67),97),63)),((((28,30),(8,33)),4),42)),(((11,44),2),(25,55))),10),(((((((27,7),54),((1,41),14)),(3,18)),(((((((46,23),52),5),19),53),15),(39,50))),((17,((29,22),(21,43))),(47,(26,48)))),(((20,12),(31,13)),(16,32)))),(((36,49),40),9)),38),(24,51)),(6,37)),(45,35)),34);
#NNI moves:0/152
Remaining: 0
#NNI moves:6/152
#NNI moves:6/152
((((((((((((((((36,49),40),9),(38,((24,51),((6,37),(34,(45,35)))))),(((((((7,27),54),((1,41),14)),(3,18)),(((((((46,23),52),5),19),53),15),(50,39))),((17,((43,21),(22,29))),((48,26),47))),(((20,12),(31,13)),(16,32)))),10),((55,25),(2,(44,11)))),((((30,28),(33,8)),4),42)),((((78,58),67),97),63)),((((99,93),(65,(71,68))),((75,(85,86)),(56,92))),(((69,76),88),((64,(90,83)),98)))),((57,(91,59)),80)),100),((77,79),((62,(61,84)),89))),((66,(73,94)),(((72,(87,96)),(60,70)),95))),(74,82)),81);
#NNI moves:2/152
Remaining: 1
#NNI moves:12/152
#NNI moves:26/152
((((((((((((((23,46),52),5),19),53),15),(50,39)),((((41,1),14),((27,7),54)),(18,3))),((17,((43,21),(22,29))),((48,26),47))),(((12,20),(31,13)),(32,16))),((((((((88,(69,76)),((64,(90,83)),98)),(((92,56),((85,86),75)),((99,93),(65,(68,71))))),(((((((61,84),62),89),(79,77)),(((((72,(96,87)),(70,60)),95),((94,73),66)),((82,74),81))),100),(((91,59),57),80))),((((78,58),67),97),63)),((((28,30),(33,8)),4),42)),(((44,11),2),(55,25))),10)),(9,((36,49),40))),(((34,(45,35)),(6,37)),(51,24))),38);
#NNI moves:0/152
Remaining: 2
#NNI moves:0/152
#NNI moves:0/152
((((((((((((((((((((18,3),((54,(27,7)),((1,41),14))),((((((52,(46,23)),5),19),53),15),(39,50))),(((26,48),47),(((43,21),(29,22)),17))),(((31,13),(12,20)),(32,16))),(((((37,6),(34,(35,45))),(24,51)),38),((40,(49,36)),9))),10),(((11,44),2),(25,55))),((((28,30),(8,33)),4),42)),((((58,78),67),97),63)),((((56,92),(75,(86,85))),((99,93),(65,(68,71)))),(((64,(83,90)),98),((69,76),88)))),(((91,59),57),80)),100),((((84,61),62),89),(79,77))),((74,82),81)),((94,73),66)),95),(60,70)),(87,96)),72);
Current score: 1.80922e+09
Current tree: ((74,(81,(((((((((((((((18,3),((54,(27,7)),((1,41),14))),((((((52,(46,23)),5),19),53),15),(39,50))),(((26,48),47),(((43,21),(29,22)),17))),(((31,13),(12,20)),(32,16))),(((((37,6),(34,(35,45))),(24,51)),38),((40,(49,36)),9))),10),(((11,44),2),(25,55))),((((28,30),(8,33)),4),42)),((((58,78),67),97),63)),((((56,92),(75,(86,85))),((99,93),(65,(68,71)))),(((64,(83,90)),98),((69,76),88)))),(((91,59),57),80)),100),((((84,61),62),89),(79,77))),(((94,73),66),(95,((60,70),((87,96),72))))))),82);
Final Tree: ((74,(81,(((((((((((((((18,3),((54,(27,7)),((1,41),14))),((((((52,(46,23)),5),19),53),15),(39,50))),(((26,48),47),(((43,21),(29,22)),17))),(((31,13),(12,20)),(32,16))),(((((37,6),(34,(35,45))),(24,51)),38),((40,(49,36)),9))),10),(((11,44),2),(25,55))),((((28,30),(8,33)),4),42)),((((58,78),67),97),63)),((((56,92),(75,(86,85))),((99,93),(65,(68,71)))),(((64,(83,90)),98),((69,76),88)))),(((91,59),57),80)),100),((((84,61),62),89),(79,77))),(((94,73),66),(95,((60,70),((87,96),72))))))),82);
#EqQuartets: 2151669440
Score: 1809220461
ASTRAL for PaRalogs and Orthologs III (ASTRAL-Pro3)
*** NOW with integrated CASTLES-Pro ***
Version: v1.22.3.6
Read 512 genetrees and found 100 species.
#Genetrees: 1000
#Duploss: 9156
#Species: 100
#Rounds: 4
#Samples: 4
#Threads: 1
Use two-step algorithm!
Guide Tree 0/16
#NNI moves:0/152
Guide Tree 1/16
#NNI moves:0/152
Guide Tree 2/16
#NNI moves:0/152
Guide Tree 3/16
#NNI moves:0/152
Guide Tree 4/16
#NNI moves:0/152
Guide Tree 5/16
#NNI moves:0/152
Guide Tree 6/16
#NNI moves:0/152
Guide Tree 7/16
#NNI moves:0/152
Guide Tree 8/16
#NNI moves:0/152
Guide Tree 9/16
#NNI moves:0/152
Guide Tree 10/16
#NNI moves:0/152
Guide Tree 11/16
#NNI moves:0/152
Guide Tree 12/16
#NNI moves:0/152
Guide Tree 13/16
#NNI moves:0/152
Guide Tree 14/16
#NNI moves:0/152
Guide Tree 15/16
#NNI moves:0/152
Remaining: 0
#NNI moves:2/152
#NNI moves:2/152
((((((((((((((((62,(30,16)),12),((1,49),18)),(((52,60),54),68)),(((5,(17,39)),(19,11)),(36,(69,45)))),2),61),(((28,10),((20,(56,42)),((34,13),26))),50)),((((((83,100),95),(85,71)),((88,74),93)),(79,((98,77),84))),((((96,86),78),(92,90)),((((81,87),(82,73)),((76,80),89)),(((75,72),99),((94,97),91)))))),((44,43),41)),((((27,65),35),47),(48,(63,46)))),((((((((25,67),15),((37,3),33)),(((((8,57),22),21),9),(31,(51,53)))),(((24,55),6),4)),(32,23)),((70,14),66)),40)),(29,(58,64))),59),7),38);
Guide Tree 0/16
#NNI moves:0/152
Guide Tree 1/16
#NNI moves:0/152
Guide Tree 2/16
#NNI moves:0/152
Guide Tree 3/16
#NNI moves:0/152
Guide Tree 4/16
#NNI moves:0/152
Guide Tree 5/16
#NNI moves:0/152
Guide Tree 6/16
#NNI moves:0/152
Guide Tree 7/16
#NNI moves:0/152
Guide Tree 8/16
#NNI moves:0/152
Guide Tree 9/16
#NNI moves:0/152
Guide Tree 10/16
#NNI moves:0/152
Guide Tree 11/16
#NNI moves:0/152
Guide Tree 12/16
#NNI moves:0/152
Guide Tree 13/16
#NNI moves:0/152
Guide Tree 14/16
#NNI moves:0/152
Guide Tree 15/16
#NNI moves:0/152
Remaining: 0
#NNI moves:2/152
#NNI moves:2/152
((((((((((((((42,56),20),((13,34),26)),(10,28)),50),(((((((1,49),18),((62,(16,30)),12)),(((60,52),54),68)),((((39,17),5),(11,19)),((69,45),36))),2),61)),(((((99,(72,75)),((97,94),91)),(((81,87),(73,82)),((76,80),89))),((78,(86,96)),(92,90))),(((93,(88,74)),((71,85),(95,(83,100)))),(((77,98),84),79)))),(41,(44,43))),((47,(35,(27,65))),(48,(63,46)))),(((((((((22,(8,57)),21),9),((53,51),31)),(((67,25),15),((3,37),33))),(4,((24,55),6))),(23,32)),((14,70),66)),40)),(29,(58,64))),59),7),38);
Guide Tree 0/16
#NNI moves:6/152
Guide Tree 1/16
#NNI moves:0/152
Guide Tree 2/16
#NNI moves:0/152
Guide Tree 3/16
#NNI moves:0/152
Guide Tree 4/16
#NNI moves:0/152
Guide Tree 5/16
#NNI moves:6/152
Guide Tree 6/16
#NNI moves:0/152
Guide Tree 7/16
#NNI moves:0/152
Guide Tree 8/16
#NNI moves:0/152
Guide Tree 9/16
#NNI moves:0/152
Guide Tree 10/16
#NNI moves:2/152
Guide Tree 11/16
#NNI moves:0/152
Guide Tree 12/16
#NNI moves:0/152
Guide Tree 13/16
#NNI moves:0/152
Guide Tree 14/16
#NNI moves:0/152
Guide Tree 15/16
#NNI moves:0/152
Remaining: 0
#NNI moves:0/152
#NNI moves:0/152
(((((((((((((((((30,16),62),12),(18,(1,49))),(68,(54,(60,52)))),((((17,39),5),(11,19)),(36,(45,69)))),2),61),(((((13,34),26),((42,56),20)),(10,28)),50)),((((((81,87),(73,82)),((80,76),89)),(((72,75),99),(91,(97,94)))),((92,90),((96,86),78))),((((71,85),((83,100),95)),((88,74),93)),(((77,98),84),79)))),((44,43),41)),((48,(63,46)),(((65,27),35),47))),((((((((((57,8),22),21),9),((53,51),31)),(((25,67),15),((37,3),33))),(((24,55),6),4)),(23,32)),((14,70),66)),40)),((64,58),29)),59),7),38);
Guide Tree 0/16
#NNI moves:0/152
Guide Tree 1/16
#NNI moves:0/152
Guide Tree 2/16
#NNI moves:0/152
Guide Tree 3/16
#NNI moves:0/152
Guide Tree 4/16
#NNI moves:0/152
Guide Tree 5/16
#NNI moves:0/152
Guide Tree 6/16
#NNI moves:0/152
Guide Tree 7/16
#NNI moves:0/152
Guide Tree 8/16
#NNI moves:0/152
Guide Tree 9/16
#NNI moves:0/152
Guide Tree 10/16
#NNI moves:0/152
Guide Tree 11/16
#NNI moves:0/152
Guide Tree 12/16
#NNI moves:0/152
Guide Tree 13/16
#NNI moves:0/152
Guide Tree 14/16
#NNI moves:0/152
Guide Tree 15/16
#NNI moves:0/152
Remaining: 0
#NNI moves:0/152
#NNI moves:0/152
((((((((((((84,(98,77)),79),((((83,100),95),(85,71)),((74,88),93))),(((((87,81),(82,73)),((76,80),89)),((99,(75,72)),((94,97),91))),(((96,86),78),(92,90)))),((50,((((42,56),20),((34,13),26)),(28,10))),((((((45,69),36),(((39,17),5),(11,19))),(((((16,30),62),12),((1,49),18)),(((52,60),54),68))),2),61))),(41,(44,43))),(((63,46),48),((35,(27,65)),47))),(((((4,((55,24),6)),((((21,((57,8),22)),9),((51,53),31)),(((25,67),15),((3,37),33)))),(23,32)),(66,(70,14))),40)),((64,58),29)),59),7),38);
Initial score: 1.77285e+09
Initial tree: ((((((((((((84,(98,77)),79),((((83,100),95),(85,71)),((74,88),93))),(((((87,81),(82,73)),((76,80),89)),((99,(75,72)),((94,97),91))),(((96,86),78),(92,90)))),((50,((((42,56),20),((34,13),26)),(28,10))),((((((45,69),36),(((39,17),5),(11,19))),(((((16,30),62),12),((1,49),18)),(((52,60),54),68))),2),61))),(41,(44,43))),(((63,46),48),((35,(27,65)),47))),(((((4,((55,24),6)),((((21,((57,8),22)),9),((51,53),31)),(((25,67),15),((3,37),33)))),(23,32)),(66,(70,14))),40)),((64,58),29)),59),7),38);
*** Subsample Process ***
Use two-step algorithm!
#NNI moves:0/152
Remaining: 0
#NNI moves:2/152
#NNI moves:2/152
(((((((((((((((62,(30,16)),12),(18,(49,1))),((54,(60,52)),68)),((((17,39),5),(11,19)),(36,(45,69)))),2),61),(((((34,13),26),((42,56),20)),(10,28)),50)),(((((((((((((57,8),22),21),9),((51,53),31)),(((25,67),15),((37,3),33))),(((55,24),6),4)),(32,23)),((70,14),66)),40),(((7,38),59),((64,58),29))),(((63,46),48),((35,(27,65)),47))),((43,44),41))),(((((87,81),(82,73)),((76,80),89)),((91,(97,94)),((75,72),99))),((78,(86,96)),(90,92)))),((((83,100),95),(71,85)),((88,74),93))),79),84),98),77);
#NNI moves:2/152
Remaining: 0
#NNI moves:6/152
#NNI moves:6/152
(((((((((((((((((16,30),62),12),(18,(1,49))),(68,(54,(52,60)))),((((17,39),5),(11,19)),(36,(45,69)))),2),61),(((((34,13),26),((56,42),20)),(28,10)),50)),((((((81,87),(82,73)),((76,80),89)),((91,(94,97)),((72,75),99))),((90,92),(78,(96,86)))),(((84,(98,77)),79),(((74,88),93),((95,(100,83)),(71,85)))))),(41,(44,43))),((((65,27),35),47),((46,63),48))),((((((((((8,57),22),21),9),((53,51),31)),((15,(67,25)),((3,37),33))),((6,(55,24)),4)),(32,23)),((14,70),66)),40)),((58,64),29)),59),38),7);
#NNI moves:0/152
Remaining: 1
#NNI moves:2/152
#NNI moves:2/152
(((((((((((((((((32,23),(((((37,3),33),((67,25),15)),(((53,51),31),(9,(((8,57),22),21)))),(4,(6,(55,24))))),((70,14),66)),40),((29,(58,64)),((38,7),59))),((47,((27,65),35)),((63,46),48))),((43,44),41)),((((((87,81),(82,73)),((80,76),89)),(((94,97),91),((72,75),99))),((78,(86,96)),(90,92))),(((((100,83),95),(71,85)),((74,88),93)),((84,(98,77)),79)))),(((((34,13),26),((56,42),20)),(28,10)),50)),61),2),(((69,45),36),((5,(17,39)),(19,11)))),(((60,52),54),68)),(18,(1,49))),12),(16,30)),62);
#NNI moves:0/152
Remaining: 0
#NNI moves:6/152
#NNI moves:8/152
((((((((((((((((16,30),62),12),((49,1),18)),(((52,60),54),68)),((36,(69,45)),((11,19),(5,(17,39))))),2),61),((((26,(13,34)),((42,56),20)),(28,10)),50)),((((((82,73),(87,81)),((76,80),89)),(((75,72),99),((94,97),91))),((92,90),(78,(96,86)))),(((((83,100),95),(85,71)),(93,(88,74))),(79,((77,98),84))))),((43,44),41)),((((65,27),35),47),((63,46),48))),((((((((25,67),15),((3,37),33)),((9,(((57,8),22),21)),(31,(51,53)))),(4,((55,24),6))),(32,23)),(66,(14,70))),40)),((7,38),59)),(64,58)),29);
Current score: 1.77285e+09
Current tree: ((7,(59,((((((((((((((16,30),62),12),((49,1),18)),(((52,60),54),68)),((36,(69,45)),((11,19),(5,(17,39))))),2),61),((((26,(13,34)),((42,56),20)),(28,10)),50)),((((((82,73),(87,81)),((76,80),89)),(((75,72),99),((94,97),91))),((92,90),(78,(96,86)))),(((((83,100),95),(85,71)),(93,(88,74))),(79,((77,98),84))))),((43,44),41)),((((65,27),35),47),((63,46),48))),((((((((25,67),15),((3,37),33)),((9,(((57,8),22),21)),(31,(51,53)))),(4,((55,24),6))),(32,23)),(66,(14,70))),40)),((64,58),29)))),38);
Final Tree: ((7,(59,((((((((((((((16,30),62),12),((49,1),18)),(((52,60),54),68)),((36,(69,45)),((11,19),(5,(17,39))))),2),61),((((26,(13,34)),((42,56),20)),(28,10)),50)),((((((82,73),(87,81)),((76,80),89)),(((75,72),99),((94,97),91))),((92,90),(78,(96,86)))),(((((83,100),95),(85,71)),(93,(88,74))),(79,((77,98),84))))),((43,44),41)),((((65,27),35),47),((63,46),48))),((((((((25,67),15),((3,37),33)),((9,(((57,8),22),21)),(31,(51,53)))),(4,((55,24),6))),(32,23)),(66,(14,70))),40)),((64,58),29)))),38);
#EqQuartets: 2110234870
Score: 1772846211
ASTRAL for PaRalogs and Orthologs III (ASTRAL-Pro3)
*** NOW with integrated CASTLES-Pro ***
Version: v1.22.3.6
Read 512 genetrees and found 100 species.
#Genetrees: 1000
#Duploss: 9160
#Species: 100
#Rounds: 4
#Samples: 4
#Threads: 1
Use two-step algorithm!
Guide Tree 0/16
#NNI moves:0/152
Guide Tree 1/16
#NNI moves:0/152
Guide Tree 2/16
#NNI moves:0/152
Guide Tree 3/16
#NNI moves:0/152
Guide Tree 4/16
#NNI moves:0/152
Guide Tree 5/16
#NNI moves:0/152
Guide Tree 6/16
#NNI moves:0/152
Guide Tree 7/16
#NNI moves:0/152
Guide Tree 8/16
#NNI moves:0/152
Guide Tree 9/16
#NNI moves:0/152
Guide Tree 10/16
#NNI moves:0/152
Guide Tree 11/16
#NNI moves:0/152
Guide Tree 12/16
#NNI moves:0/152
Guide Tree 13/16
#NNI moves:0/152
Guide Tree 14/16
#NNI moves:0/152
Guide Tree 15/16
#NNI moves:0/152
Remaining: 0
#NNI moves:4/152
#NNI moves:4/152
(((((((((((((((52,11),14),((8,22),38)),34),((33,(12,66)),44)),(((27,(21,(((64,(31,29)),69),(32,37)))),(73,25)),((((48,(45,49)),57),((((72,55),71),70),19)),9))),(((((10,(30,7)),(18,56)),58),(42,(5,28))),((61,3),(((62,50),35),(36,1))))),((((((((((98,82),89),91),(88,78)),79),90),((((83,93),77),100),94)),(95,(76,97))),((80,84),(86,87))),((92,((96,99),85)),81))),(((75,(6,68)),60),((((59,23),((39,41),53)),(46,47)),(20,(54,17))))),(65,24)),(13,15)),((((51,40),26),4),43)),(67,(74,63))),16),2);
Guide Tree 0/16
#NNI moves:0/152
Guide Tree 1/16
#NNI moves:0/152
Guide Tree 2/16
#NNI moves:0/152
Guide Tree 3/16
#NNI moves:0/152
Guide Tree 4/16
#NNI moves:0/152
Guide Tree 5/16
#NNI moves:0/152
Guide Tree 6/16
#NNI moves:0/152
Guide Tree 7/16
#NNI moves:0/152
Guide Tree 8/16
#NNI moves:0/152
Guide Tree 9/16
#NNI moves:0/152
Guide Tree 10/16
#NNI moves:0/152
Guide Tree 11/16
#NNI moves:0/152
Guide Tree 12/16
#NNI moves:0/152
Guide Tree 13/16
#NNI moves:0/152
Guide Tree 14/16
#NNI moves:0/152
Guide Tree 15/16
#NNI moves:0/152
Remaining: 0
#NNI moves:2/152
#NNI moves:2/152
((((((((((((34,(((11,52),14),((22,8),38))),(((66,12),33),44)),((((((69,((29,31),64)),(32,37)),21),27),(73,25)),(((57,((49,45),48)),((((55,72),71),70),19)),9))),(((((56,18),(10,(7,30))),58),((5,28),42)),(((35,(50,62)),(36,1)),(3,61)))),((((((((((98,82),89),91),(88,78)),79),90),((100,((83,93),77)),94)),((97,76),95)),((86,87),(80,84))),(81,(((99,96),85),92)))),((((54,17),20),((((39,41),53),(59,23)),(47,46))),(60,(75,(6,68))))),(65,24)),(15,13)),(((26,(51,40)),4),43)),((63,74),67)),16),2);
Guide Tree 0/16
#NNI moves:0/152
Guide Tree 1/16
#NNI moves:0/152
Guide Tree 2/16
#NNI moves:0/152
Guide Tree 3/16
#NNI moves:0/152
Guide Tree 4/16
#NNI moves:0/152
Guide Tree 5/16
#NNI moves:0/152
Guide Tree 6/16
#NNI moves:0/152
Guide Tree 7/16
#NNI moves:0/152
Guide Tree 8/16
#NNI moves:0/152
Guide Tree 9/16
#NNI moves:0/152
Guide Tree 10/16
#NNI moves:0/152
Guide Tree 11/16
#NNI moves:0/152
Guide Tree 12/16
#NNI moves:0/152
Guide Tree 13/16
#NNI moves:0/152
Guide Tree 14/16
#NNI moves:0/152
Guide Tree 15/16
#NNI moves:0/152
Remaining: 0
#NNI moves:2/152
#NNI moves:2/152
((((((((((((((79,((91,(89,(98,82))),(88,78))),90),((((93,83),77),100),94)),(95,(76,97))),((86,87),(80,84))),(((85,(96,99)),92),81)),(((((27,(((((29,31),64),69),(37,32)),21)),(73,25)),(((((49,45),48),57),((70,(71,(72,55))),19)),9)),((34,(((8,22),38),((11,52),14))),(((66,12),33),44))),((((36,1),((50,62),35)),(61,3)),(((((7,30),10),(56,18)),58),(42,(5,28)))))),(((20,(54,17)),(((59,23),((41,39),53)),(47,46))),(60,((68,6),75)))),(65,24)),(13,15)),(((26,(51,40)),4),43)),((63,74),67)),16),2);
Guide Tree 0/16
#NNI moves:0/152
Guide Tree 1/16
#NNI moves:0/152
Guide Tree 2/16
#NNI moves:0/152
Guide Tree 3/16
#NNI moves:0/152
Guide Tree 4/16
#NNI moves:0/152
Guide Tree 5/16
#NNI moves:0/152
Guide Tree 6/16
#NNI moves:0/152
Guide Tree 7/16
#NNI moves:0/152
Guide Tree 8/16
#NNI moves:0/152
Guide Tree 9/16
#NNI moves:0/152
Guide Tree 10/16
#NNI moves:0/152
Guide Tree 11/16
#NNI moves:0/152
Guide Tree 12/16
#NNI moves:0/152
Guide Tree 13/16
#NNI moves:0/152
Guide Tree 14/16
#NNI moves:0/152
Guide Tree 15/16
#NNI moves:0/152
Remaining: 2
#NNI moves:6/152
#NNI moves:6/152
(((((((((((((((70,((72,55),71)),19),(57,((45,49),48))),9),(((((69,(64,(29,31))),(32,37)),21),27),(25,73))),((44,(33,(66,12))),((((8,22),38),((11,52),14)),34))),((((28,5),42),((((7,30),10),(56,18)),58)),((((50,62),35),(36,1)),(61,3)))),((((85,(96,99)),92),81),((((76,97),95),((((((89,(98,82)),91),(88,78)),79),90),((((83,93),77),100),94))),((86,87),(80,84))))),((((17,54),20),((47,46),((59,23),(53,(39,41))))),(((68,6),75),60))),(65,24)),(15,13)),(43,(((40,51),26),4))),(67,(63,74))),16),2);
Initial score: 1.71018e+09
Initial tree: (((((((((((((((70,((72,55),71)),19),(57,((45,49),48))),9),(((((69,(64,(29,31))),(32,37)),21),27),(25,73))),((44,(33,(66,12))),((((8,22),38),((11,52),14)),34))),((((28,5),42),((((7,30),10),(56,18)),58)),((((50,62),35),(36,1)),(61,3)))),((((85,(96,99)),92),81),((((76,97),95),((((((89,(98,82)),91),(88,78)),79),90),((((83,93),77),100),94))),((86,87),(80,84))))),((((17,54),20),((47,46),((59,23),(53,(39,41))))),(((68,6),75),60))),(65,24)),(15,13)),(43,(((40,51),26),4))),(67,(63,74))),16),2);
*** Subsample Process ***
Use two-step algorithm!
#NNI moves:0/152
Remaining: 0
#NNI moves:8/152
#NNI moves:8/152
(((((((((((((((((88,78),(((82,98),89),91)),79),90),(((77,(83,93)),100),94)),(95,(76,97))),((84,80),(87,86))),(81,((85,(99,96)),92))),((((((59,23),((41,39),53)),(46,47)),((54,17),20)),(60,((68,6),75))),((65,24),((((67,(63,74)),(2,16)),(43,(4,(26,(40,51))))),(13,15))))),(((58,((10,(30,7)),(56,18))),((5,28),42)),((3,61),(((50,62),35),(1,36))))),(((33,(66,12)),44),((((8,22),38),(14,(11,52))),34))),(((21,((((31,29),64),69),(32,37))),27),(73,25))),9),(((49,45),48),57)),19),((72,55),71)),70);
#NNI moves:0/152
Remaining: 0
#NNI moves:2/152
#NNI moves:2/152
((((((((((((((10,(30,7)),(56,18)),58),((28,5),42)),((((50,62),35),(1,36)),(61,3))),(((((12,66),33),44),((((8,22),38),((52,11),14)),34)),(((27,(21,((((31,29),64),69),(37,32)))),(73,25)),((((((72,55),71),70),19),(((49,45),48),57)),9)))),((((95,(97,76)),((((((89,(98,82)),91),(78,88)),79),90),((((93,83),77),100),94))),((80,84),(87,86))),((((96,99),85),92),81))),((((46,47),(((39,41),53),(23,59))),(20,(54,17))),(((6,68),75),60))),(24,65)),(13,15)),(((26,(40,51)),4),43)),(16,2)),(74,63)),67);
#NNI moves:0/152
Remaining: 0
#NNI moves:0/152
#NNI moves:0/152
(((((((((((((((((55,72),71),70),19),((48,(45,49)),57)),9),((((((64,(31,29)),69),(37,32)),21),27),(73,25))),((((12,66),33),44),((((8,22),38),((52,11),14)),34))),((((((30,7),10),(56,18)),58),((28,5),42)),((3,61),((1,36),((50,62),35))))),((((((((((98,82),89),91),(88,78)),79),90),((100,((93,83),77)),94)),(95,(76,97))),((84,80),(86,87))),((((99,96),85),92),81))),(((((23,59),((41,39),53)),(47,46)),((17,54),20)),(((6,68),75),60))),(24,65)),(13,15)),((4,(26,(51,40))),43)),((63,74),67)),2),16);
#NNI moves:0/152
Remaining: 1
#NNI moves:10/152
#NNI moves:12/152
(((((((((((((((((((89,(82,98)),91),(88,78)),79),90),((((83,93),77),100),94)),((76,97),95)),((80,84),(86,87))),((((96,99),85),92),81)),((((((((40,51),26),4),43),((16,2),((63,74),67))),(15,13)),(65,24)),(((((59,23),(53,(41,39))),(47,46)),((17,54),20)),(60,((68,6),75))))),((((((7,30),10),(18,56)),58),(42,(28,5))),(((36,1),((62,50),35)),(61,3)))),((44,((66,12),33)),((((22,8),38),((52,11),14)),34))),(((21,(((64,(31,29)),69),(32,37))),27),(25,73))),9),((((72,55),71),70),19)),57),48),49),45);
Current score: 1.71018e+09
Current tree: ((16,(((63,74),67),(((((40,51),26),4),43),((15,13),((65,24),((((((59,23),(53,(41,39))),(47,46)),((17,54),20)),(60,((68,6),75))),((((((((((89,(82,98)),91),(88,78)),79),90),((((83,93),77),100),94)),((76,97),95)),((80,84),(86,87))),((((96,99),85),92),81)),(((((((7,30),10),(18,56)),58),(42,(28,5))),(((36,1),((62,50),35)),(61,3))),(((44,((66,12),33)),((((22,8),38),((52,11),14)),34)),((((21,(((64,(31,29)),69),(32,37))),27),(25,73)),(9,(((((72,55),71),70),19),(57,(48,(49,45))))))))))))))),2);
Final Tree: ((16,(((63,74),67),(((((40,51),26),4),43),((15,13),((65,24),((((((59,23),(53,(41,39))),(47,46)),((17,54),20)),(60,((68,6),75))),((((((((((89,(82,98)),91),(88,78)),79),90),((((83,93),77),100),94)),((76,97),95)),((80,84),(86,87))),((((96,99),85),92),81)),(((((((7,30),10),(18,56)),58),(42,(28,5))),(((36,1),((62,50),35)),(61,3))),(((44,((66,12),33)),((((22,8),38),((52,11),14)),34)),((((21,(((64,(31,29)),69),(32,37))),27),(25,73)),(9,(((((72,55),71),70),19),(57,(48,(49,45))))))))))))))),2);
#EqQuartets: 2158649097
Score: 1710183480
ASTRAL for PaRalogs and Orthologs III (ASTRAL-Pro3)
*** NOW with integrated CASTLES-Pro ***
Version: v1.22.3.6
Read 512 genetrees and found 100 species.
#Genetrees: 1000
#Duploss: 10048
#Species: 100
#Rounds: 4
#Samples: 4
#Threads: 1
Use two-step algorithm!
Guide Tree 0/16
#NNI moves:0/152
Guide Tree 1/16
#NNI moves:0/152
Guide Tree 2/16
#NNI moves:0/152
Guide Tree 3/16
#NNI moves:0/152
Guide Tree 4/16
#NNI moves:0/152
Guide Tree 5/16
#NNI moves:0/152
Guide Tree 6/16
#NNI moves:0/152
Guide Tree 7/16
#NNI moves:0/152
Guide Tree 8/16
#NNI moves:0/152
Guide Tree 9/16
#NNI moves:0/152
Guide Tree 10/16
#NNI moves:0/152
Guide Tree 11/16
#NNI moves:0/152
Guide Tree 12/16
#NNI moves:0/152
Guide Tree 13/16
#NNI moves:0/152
Guide Tree 14/16
#NNI moves:0/152
Guide Tree 15/16
#NNI moves:0/152
Remaining: 0
#NNI moves:6/152
#NNI moves:6/152
((((((((((((((((((((((56,57),((8,9),68)),(11,42)),33),47),((44,20),(16,31))),(62,(60,39))),((69,53),58)),71),32),(((15,((55,(5,49)),50)),(14,54)),((25,51),28))),((12,(48,3)),30)),41),(((((35,(40,59)),(45,63)),((43,61),(67,(23,24)))),((((1,13),(46,66)),7),(29,70))),((38,6),37))),65),(((((((((((27,52),34),10),64),19),(21,4)),2),18),(36,22)),17),26)),(89,(85,91))),(((((93,((82,100),77)),84),(((((78,97),74),96),88),95)),(83,81)),(((90,79),92),(86,99)))),(87,98)),((80,75),76)),(72,94)),73);
Guide Tree 0/16
#NNI moves:0/152
Guide Tree 1/16
#NNI moves:0/152
Guide Tree 2/16
#NNI moves:0/152
Guide Tree 3/16
#NNI moves:0/152
Guide Tree 4/16
#NNI moves:0/152
Guide Tree 5/16
#NNI moves:0/152
Guide Tree 6/16
#NNI moves:0/152
Guide Tree 7/16
#NNI moves:0/152
Guide Tree 8/16
#NNI moves:0/152
Guide Tree 9/16
#NNI moves:0/152
Guide Tree 10/16
#NNI moves:0/152
Guide Tree 11/16
#NNI moves:0/152
Guide Tree 12/16
#NNI moves:0/152
Guide Tree 13/16
#NNI moves:0/152
Guide Tree 14/16
#NNI moves:0/152
Guide Tree 15/16
#NNI moves:0/152
Remaining: 0
#NNI moves:2/152
#NNI moves:2/152
(((((((((((((((15,(((5,49),55),50)),(54,14)),(28,(25,51))),(32,(((((((((68,(9,8)),(56,57)),(42,11)),33),47),((16,31),(44,20))),((60,39),62)),((53,69),58)),71))),((12,(3,48)),30)),41),(((((63,45),((40,59),35)),(((23,24),67),(43,61))),((((46,66),(13,1)),7),(29,70))),((6,38),37))),65),(((((((((((52,27),34),10),64),19),(21,4)),2),18),(36,22)),17),26)),((91,85),89)),(((((((74,(97,78)),96),88),95),((((100,82),77),93),84)),(81,83)),((92,(79,90)),(99,86)))),(87,98)),((80,75),76)),(72,94)),73);
Guide Tree 0/16
#NNI moves:0/152
Guide Tree 1/16
#NNI moves:0/152
Guide Tree 2/16
#NNI moves:0/152
Guide Tree 3/16
#NNI moves:0/152
Guide Tree 4/16
#NNI moves:0/152
Guide Tree 5/16
#NNI moves:0/152
Guide Tree 6/16
#NNI moves:0/152
Guide Tree 7/16
#NNI moves:0/152
Guide Tree 8/16
#NNI moves:0/152
Guide Tree 9/16
#NNI moves:0/152
Guide Tree 10/16
#NNI moves:0/152
Guide Tree 11/16
#NNI moves:0/152
Guide Tree 12/16
#NNI moves:0/152
Guide Tree 13/16
#NNI moves:0/152
Guide Tree 14/16
#NNI moves:0/152
Guide Tree 15/16
#NNI moves:0/152
Remaining: 0
#NNI moves:0/152
#NNI moves:0/152
(((72,94),(((((((((((((((62,(39,60)),(((((((9,8),68),(57,56)),(11,42)),33),47),((20,44),(31,16)))),((69,53),58)),71),32),(((15,(((49,5),55),50)),(54,14)),(28,(25,51)))),(((48,3),12),30)),41),((37,(6,38)),((((63,45),((40,59),35)),((43,61),(67,(24,23)))),((70,29),(((46,66),(1,13)),7))))),65),(((((((((10,((52,27),34)),64),19),(21,4)),2),18),(36,22)),17),26)),(89,(85,91))),(((81,83),((95,(((74,(78,97)),96),88)),((93,((100,82),77)),84))),((86,99),((79,90),92)))),(87,98)),(76,(80,75)))),73);
Guide Tree 0/16
#NNI moves:0/152
Guide Tree 1/16
#NNI moves:0/152
Guide Tree 2/16
#NNI moves:0/152
Guide Tree 3/16
#NNI moves:0/152
Guide Tree 4/16
#NNI moves:0/152
Guide Tree 5/16
#NNI moves:0/152
Guide Tree 6/16
#NNI moves:0/152
Guide Tree 7/16
#NNI moves:0/152
Guide Tree 8/16
#NNI moves:0/152
Guide Tree 9/16
#NNI moves:0/152
Guide Tree 10/16
#NNI moves:0/152
Guide Tree 11/16
#NNI moves:0/152
Guide Tree 12/16
#NNI moves:0/152
Guide Tree 13/16
#NNI moves:0/152
Guide Tree 14/16
#NNI moves:0/152
Guide Tree 15/16
#NNI moves:0/152
Remaining: 1
#NNI moves:0/152
#NNI moves:0/152
(((((((((((((((((((31,16),(44,20)),(((((68,(8,9)),(56,57)),(11,42)),33),47)),(62,(60,39))),((69,53),58)),71),32),((28,(51,25)),((((55,(5,49)),50),15),(54,14)))),(30,(12,(3,48)))),41),((((((66,46),(13,1)),7),(29,70)),(((43,61),((24,23),67)),((63,45),((40,59),35)))),((38,6),37))),65),((((((((((34,(27,52)),10),64),19),(21,4)),2),18),(22,36)),17),26)),(89,(91,85))),((((((96,((78,97),74)),88),95),((((100,82),77),93),84)),(83,81)),((86,99),((90,79),92)))),(87,98)),((75,80),76)),(94,72)),73);
Initial score: 1.88353e+09
Initial tree: (((((((((((((((((((31,16),(44,20)),(((((68,(8,9)),(56,57)),(11,42)),33),47)),(62,(60,39))),((69,53),58)),71),32),((28,(51,25)),((((55,(5,49)),50),15),(54,14)))),(30,(12,(3,48)))),41),((((((66,46),(13,1)),7),(29,70)),(((43,61),((24,23),67)),((63,45),((40,59),35)))),((38,6),37))),65),((((((((((34,(27,52)),10),64),19),(21,4)),2),18),(22,36)),17),26)),(89,(91,85))),((((((96,((78,97),74)),88),95),((((100,82),77),93),84)),(83,81)),((86,99),((90,79),92)))),(87,98)),((75,80),76)),(94,72)),73);
*** Subsample Process ***
Use two-step algorithm!
#NNI moves:0/152
Remaining: 0
#NNI moves:0/152
#NNI moves:0/152
((((((((((((((((((((((((((((78,97),74),96),88),95),(((77,(82,100)),93),84)),(83,81)),(((90,79),92),(86,99))),((87,98),(((94,72),73),((75,80),76)))),(89,(85,91))),(((((((((10,((52,27),34)),64),19),(4,21)),2),18),(36,22)),17),26)),65),((((((46,66),(1,13)),7),(29,70)),(((43,61),(67,(23,24))),(((59,40),35),(45,63)))),((6,38),37))),41),(((3,48),12),30)),(((25,51),28),((((55,(5,49)),50),15),(14,54)))),32),71),(58,(69,53))),(62,(60,39))),((44,20),(31,16))),47),33),(42,11)),(57,56)),68),8),9);
#NNI moves:0/152
Remaining: 0
#NNI moves:0/152
#NNI moves:0/152
((((((((((((((66,46),(13,1)),7),(29,70)),(((35,(40,59)),(63,45)),(((24,23),67),(61,43)))),(37,(38,6))),((((((15,((55,(49,5)),50)),(14,54)),((25,51),28)),(((((((44,20),(31,16)),(((((57,56),((9,8),68)),(42,11)),33),47)),((39,60),62)),((69,53),58)),71),32)),(30,(12,(3,48)))),41)),65),(((((((((((27,52),34),10),64),19),(21,4)),2),18),(22,36)),17),26)),((91,85),89)),((((((((97,78),74),96),88),95),((((82,100),77),93),84)),(81,83)),(((90,79),92),(99,86)))),(((80,75),76),((72,94),73))),98),87);
#NNI moves:0/152
Remaining: 0
#NNI moves:6/152
#NNI moves:6/152
((((((((((((((((((((20,44),(16,31)),((((11,42),(((9,8),68),(56,57))),33),47)),(62,(39,60))),((53,69),58)),71),32),((((50,(55,(49,5))),15),(14,54)),((25,51),28))),((12,(3,48)),30)),41),(((((61,43),((24,23),67)),((45,63),(35,(40,59)))),((29,70),(7,((66,46),(13,1))))),((6,38),37))),65),((((((((((34,(27,52)),10),64),19),(4,21)),2),18),(22,36)),17),26)),((85,91),89)),((((((((97,78),74),96),88),95),((((100,82),77),93),84)),(83,81)),(((79,90),92),(86,99)))),(87,98)),((94,72),73)),76),75),80);
#NNI moves:0/152
Remaining: 0
#NNI moves:10/152
#NNI moves:10/152
(((((((((((((((((((((((57,56),((8,9),68)),(11,42)),33),47),((44,20),(16,31))),((60,39),62)),(58,(69,53))),71),32),(((((55,(5,49)),50),15),(14,54)),((51,25),28))),(30,((48,3),12))),41),(((((43,61),((23,24),67)),((45,63),(35,(59,40)))),((70,29),(((1,13),(46,66)),7))),(37,(6,38)))),65),(((((((19,((10,((27,52),34)),64)),(21,4)),2),18),(22,36)),17),26)),(89,(91,85))),((((((96,(74,(78,97))),88),95),(84,(((100,82),77),93))),(81,83)),((86,99),((79,90),92)))),(98,87)),((80,75),76)),73),72),94);
Current score: 1.88353e+09
Current tree: ((((((((((((((((((((((57,56),((8,9),68)),(11,42)),33),47),((44,20),(16,31))),((60,39),62)),(58,(69,53))),71),32),(((((55,(5,49)),50),15),(14,54)),((51,25),28))),(30,((48,3),12))),41),(((((43,61),((23,24),67)),((45,63),(35,(59,40)))),((70,29),(((1,13),(46,66)),7))),(37,(6,38)))),65),(((((((19,((10,((27,52),34)),64)),(21,4)),2),18),(22,36)),17),26)),(89,(91,85))),((((((96,(74,(78,97))),88),95),(84,(((100,82),77),93))),(81,83)),((86,99),((79,90),92)))),(98,87)),((80,75),76)),(72,94)),73);
Final Tree: ((((((((((((((((((((((57,56),((8,9),68)),(11,42)),33),47),((44,20),(16,31))),((60,39),62)),(58,(69,53))),71),32),(((((55,(5,49)),50),15),(14,54)),((51,25),28))),(30,((48,3),12))),41),(((((43,61),((23,24),67)),((45,63),(35,(59,40)))),((70,29),(((1,13),(46,66)),7))),(37,(6,38)))),65),(((((((19,((10,((27,52),34)),64)),(21,4)),2),18),(22,36)),17),26)),(89,(91,85))),((((((96,(74,(78,97))),88),95),(84,(((100,82),77),93))),(81,83)),((86,99),((79,90),92)))),(98,87)),((80,75),76)),(72,94)),73);
#EqQuartets: 2234496430
Score: 1883534568
ASTRAL for PaRalogs and Orthologs III (ASTRAL-Pro3)
*** NOW with integrated CASTLES-Pro ***
Version: v1.22.3.6
Read 512 genetrees and found 100 species.
#Genetrees: 1000
#Duploss: 9396
#Species: 100
#Rounds: 4
#Samples: 4
#Threads: 1
Use two-step algorithm!
Guide Tree 0/16
#NNI moves:0/152
Guide Tree 1/16
#NNI moves:0/152
Guide Tree 2/16
#NNI moves:0/152
Guide Tree 3/16
#NNI moves:0/152
Guide Tree 4/16
#NNI moves:0/152
Guide Tree 5/16
#NNI moves:0/152
Guide Tree 6/16
#NNI moves:0/152
Guide Tree 7/16
#NNI moves:0/152
Guide Tree 8/16
#NNI moves:0/152
Guide Tree 9/16
#NNI moves:0/152
Guide Tree 10/16
#NNI moves:0/152
Guide Tree 11/16
#NNI moves:0/152
Guide Tree 12/16
#NNI moves:0/152
Guide Tree 13/16
#NNI moves:0/152
Guide Tree 14/16
#NNI moves:0/152
Guide Tree 15/16
#NNI moves:0/152
Remaining: 0
#NNI moves:0/152
#NNI moves:0/152
((((((((((((((((((87,(53,46)),(63,92)),50),((((52,49),94),(58,57)),(98,((74,61),(65,90))))),(((((((55,93),(67,73)),(60,88)),(82,((83,99),((77,62),((81,78),76))))),84),(66,69)),(56,51))),((((86,47),(79,(89,95))),(75,72)),(59,(((71,100),64),91)))),(((96,97),(((48,68),((54,80),44)),(45,70))),85)),(((20,29),41),(((((7,(37,21)),19),(15,17)),31),38))),36),(9,(8,(42,11)))),(2,10)),(((((6,(12,1)),22),18),(14,4)),((13,(16,23)),39))),(((30,32),26),24)),(27,(34,25))),3),(33,5)),(40,(43,35))),28);
Guide Tree 0/16
#NNI moves:0/152
Guide Tree 1/16
#NNI moves:0/152
Guide Tree 2/16
#NNI moves:0/152
Guide Tree 3/16
#NNI moves:0/152
Guide Tree 4/16
#NNI moves:0/152
Guide Tree 5/16
#NNI moves:0/152
Guide Tree 6/16
#NNI moves:0/152
Guide Tree 7/16
#NNI moves:0/152
Guide Tree 8/16
#NNI moves:0/152
Guide Tree 9/16
#NNI moves:0/152
Guide Tree 10/16
#NNI moves:0/152
Guide Tree 11/16
#NNI moves:0/152
Guide Tree 12/16
#NNI moves:0/152
Guide Tree 13/16
#NNI moves:0/152
Guide Tree 14/16
#NNI moves:0/152
Guide Tree 15/16
#NNI moves:0/152
Remaining: 0
#NNI moves:0/152
#NNI moves:0/152
(((((((((((((((((((((67,73),(55,93)),(88,60)),(((((81,78),76),(77,62)),(83,99)),82)),84),(66,69)),(51,56)),((((63,92),(87,(46,53))),50),(((57,58),((49,52),94)),(((90,65),(61,74)),98)))),((((64,(71,100)),91),59),(((47,86),(79,(95,89))),(75,72)))),((((((80,54),44),(68,48)),(45,70)),(96,97)),85)),((((((7,(37,21)),19),(15,17)),31),38),((29,20),41))),36),(((42,11),8),9)),(10,2)),((((23,16),13),39),(((((1,12),6),22),18),(14,4)))),(((32,30),26),24)),(27,(34,25))),3),(5,33)),((35,43),40)),28);
Guide Tree 0/16
#NNI moves:0/152
Guide Tree 1/16
#NNI moves:0/152
Guide Tree 2/16
#NNI moves:0/152
Guide Tree 3/16
#NNI moves:0/152
Guide Tree 4/16
#NNI moves:0/152
Guide Tree 5/16
#NNI moves:0/152
Guide Tree 6/16
#NNI moves:0/152
Guide Tree 7/16
#NNI moves:0/152
Guide Tree 8/16
#NNI moves:0/152
Guide Tree 9/16
#NNI moves:0/152
Guide Tree 10/16
#NNI moves:0/152
Guide Tree 11/16
#NNI moves:0/152
Guide Tree 12/16
#NNI moves:0/152
Guide Tree 13/16
#NNI moves:0/152
Guide Tree 14/16
#NNI moves:0/152
Guide Tree 15/16
#NNI moves:0/152
Remaining: 0
#NNI moves:2/152
#NNI moves:2/152
((((((((((((((((((58,57),(94,(49,52))),(((61,74),(65,90)),98)),((((53,46),87),(63,92)),50)),(((((((73,67),(55,93)),(60,88)),((((62,77),((81,78),76)),(99,83)),82)),84),(69,66)),(51,56))),((((79,(89,95)),(47,86)),(75,72)),(((64,(100,71)),91),59))),(((((48,68),(44,(80,54))),(70,45)),(97,96)),85)),((((((7,(21,37)),19),(17,15)),31),38),((29,20),41))),36),(9,(8,(11,42)))),(10,2)),((((23,16),13),39),((((6,(12,1)),22),18),(4,14)))),((26,(32,30)),24)),(27,(25,34))),3),(33,5)),((35,43),40)),28);
Guide Tree 0/16
#NNI moves:0/152
Guide Tree 1/16
#NNI moves:0/152
Guide Tree 2/16
#NNI moves:0/152
Guide Tree 3/16
#NNI moves:0/152
Guide Tree 4/16
#NNI moves:0/152
Guide Tree 5/16
#NNI moves:0/152
Guide Tree 6/16
#NNI moves:0/152
Guide Tree 7/16
#NNI moves:0/152
Guide Tree 8/16
#NNI moves:0/152
Guide Tree 9/16
#NNI moves:0/152
Guide Tree 10/16
#NNI moves:0/152
Guide Tree 11/16
#NNI moves:0/152
Guide Tree 12/16
#NNI moves:0/152
Guide Tree 13/16
#NNI moves:0/152
Guide Tree 14/16
#NNI moves:0/152
Guide Tree 15/16
#NNI moves:0/152
Remaining: 0
#NNI moves:6/152
#NNI moves:6/152
(((((((((((((((((((((((78,81),76),(77,62)),(99,83)),82),(((67,73),(93,55)),(60,88))),84),(66,69)),(56,51)),(((((49,52),94),(58,57)),(((65,90),(61,74)),98)),((((46,53),87),(63,92)),50))),(((((100,71),64),91),59),((72,75),((79,(95,89)),(47,86))))),(((97,96),((((80,54),44),(68,48)),(70,45))),85)),(((((19,((37,21),7)),(17,15)),31),38),((20,29),41))),36),(9,((11,42),8))),(10,2)),(((18,((6,(1,12)),22)),(4,14)),(39,((16,23),13)))),(24,((30,32),26))),((34,25),27)),3),(33,5)),((35,43),40)),28);
Initial score: 1.9473e+09
Initial tree: (((((((((((((((((((((((78,81),76),(77,62)),(99,83)),82),(((67,73),(93,55)),(60,88))),84),(66,69)),(56,51)),(((((49,52),94),(58,57)),(((65,90),(61,74)),98)),((((46,53),87),(63,92)),50))),(((((100,71),64),91),59),((72,75),((79,(95,89)),(47,86))))),(((97,96),((((80,54),44),(68,48)),(70,45))),85)),(((((19,((37,21),7)),(17,15)),31),38),((20,29),41))),36),(9,((11,42),8))),(10,2)),(((18,((6,(1,12)),22)),(4,14)),(39,((16,23),13)))),(24,((30,32),26))),((34,25),27)),3),(33,5)),((35,43),40)),28);
*** Subsample Process ***
Use two-step algorithm!
#NNI moves:0/152
Remaining: 0
#NNI moves:2/152
#NNI moves:2/152
(((((((((((((((((((((3,((33,5),(((43,35),40),28))),((25,34),27)),(((30,32),26),24)),(((((6,(12,1)),22),18),(4,14)),(((16,23),13),39))),(10,2)),((8,(42,11)),9)),36),(((((19,((37,21),7)),(17,15)),31),38),((29,20),41))),(((97,96),(((44,(80,54)),(68,48)),(45,70))),85)),(((91,(64,(71,100))),59),((((95,89),79),(47,86)),(75,72)))),((((87,(53,46)),(92,63)),50),(((94,(52,49)),(57,58)),(((61,74),(65,90)),98)))),(51,56)),(66,69)),84),((88,60),((93,55),(73,67)))),82),(99,83)),(62,77)),76),78),81);
#NNI moves:0/152
Remaining: 0
#NNI moves:2/152
#NNI moves:2/152
(((((((((((((((((((61,74),(90,65)),98),(((52,49),94),(58,57))),((((46,53),87),(63,92)),50)),((((((((77,62),((78,81),76)),(99,83)),82),((88,60),((73,67),(93,55)))),84),(69,66)),(51,56))),(((((71,100),64),91),59),((72,75),((47,86),(79,(89,95)))))),(((96,97),((70,45),((48,68),((80,54),44)))),85)),(((((((37,21),7),19),(15,17)),31),38),((29,20),41))),36),(((11,42),8),9)),(2,10)),(((14,4),(18,(((1,12),6),22))),(((23,16),13),39))),(((30,32),26),24)),((25,34),27)),3),((40,(35,43)),28)),5),33);
#NNI moves:0/152
Remaining: 0
#NNI moves:0/152
#NNI moves:0/152
(((((((((((((((((27,(34,25)),(((33,5),(28,(40,(35,43)))),3)),(((32,30),26),24)),((((((12,1),6),22),18),(14,4)),(((16,23),13),39))),(10,2)),(9,((11,42),8))),36),(((((((21,37),7),19),(15,17)),31),38),(41,(29,20)))),((((45,70),((48,68),((54,80),44))),(96,97)),85)),(((((71,100),64),91),59),((72,75),(((95,89),79),(47,86))))),((56,51),(((((88,60),((73,67),(55,93))),((((76,(78,81)),(77,62)),(99,83)),82)),84),(69,66)))),(((87,(46,53)),(63,92)),50)),(((52,49),94),(57,58))),98),(65,90)),74),61);
#NNI moves:0/152
Remaining: 0
#NNI moves:2/152
#NNI moves:2/152
((((((((((((((((87,(46,53)),(92,63)),50),(((94,(52,49)),(57,58)),(((74,61),(65,90)),98))),((((((((62,77),((81,78),76)),(83,99)),82),(((93,55),(67,73)),(88,60))),84),(66,69)),(56,51))),(((((100,71),64),91),59),((72,75),((79,(95,89)),(86,47))))),(((((68,48),(44,(54,80))),(45,70)),(97,96)),85)),((38,(((((37,21),7),19),(15,17)),31)),(41,(29,20)))),36),(((42,11),8),9)),(10,2)),(((((6,(1,12)),22),18),(4,14)),(39,((23,16),13)))),((26,(30,32)),24)),(((5,33),((40,(43,35)),28)),3)),(25,34)),27);
Current score: 1.9473e+09
Current tree: (((40,(43,35)),((5,33),(3,((((((((((((((87,(46,53)),(92,63)),50),(((94,(52,49)),(57,58)),(((74,61),(65,90)),98))),((((((((62,77),((81,78),76)),(83,99)),82),(((93,55),(67,73)),(88,60))),84),(66,69)),(56,51))),(((((100,71),64),91),59),((72,75),((79,(95,89)),(86,47))))),(((((68,48),(44,(54,80))),(45,70)),(97,96)),85)),((38,(((((37,21),7),19),(15,17)),31)),(41,(29,20)))),36),(((42,11),8),9)),(10,2)),(((((6,(1,12)),22),18),(4,14)),(39,((23,16),13)))),((26,(30,32)),24)),((25,34),27))))),28);
Final Tree: (((40,(43,35)),((5,33),(3,((((((((((((((87,(46,53)),(92,63)),50),(((94,(52,49)),(57,58)),(((74,61),(65,90)),98))),((((((((62,77),((81,78),76)),(83,99)),82),(((93,55),(67,73)),(88,60))),84),(66,69)),(56,51))),(((((100,71),64),91),59),((72,75),((79,(95,89)),(86,47))))),(((((68,48),(44,(54,80))),(45,70)),(97,96)),85)),((38,(((((37,21),7),19),(15,17)),31)),(41,(29,20)))),36),(((42,11),8),9)),(10,2)),(((((6,(1,12)),22),18),(4,14)),(39,((23,16),13)))),((26,(30,32)),24)),((25,34),27))))),28);
#EqQuartets: 2242006407
Score: 1947298100
