ASTRAL for PaRalogs and Orthologs III (ASTRAL-Pro3)
*** NOW with integrated CASTLES-Pro ***
Version: v1.22.3.6
Read 512 genetrees and found 100 species.
#Genetrees: 999
#Duploss: 17877
#Species: 100
#Rounds: 4
#Samples: 4
#Threads: 1
Use two-step algorithm!
Guide Tree 0/16
#NNI moves:0/152
Guide Tree 1/16
#NNI moves:0/152
Guide Tree 2/16
#NNI moves:0/152
Guide Tree 3/16
#NNI moves:0/152
Guide Tree 4/16
#NNI moves:0/152
Guide Tree 5/16
#NNI moves:0/152
Guide Tree 6/16
#NNI moves:0/152
Guide Tree 7/16
#NNI moves:0/152
Guide Tree 8/16
#NNI moves:0/152
Guide Tree 9/16
#NNI moves:0/152
Guide Tree 10/16
#NNI moves:0/152
Guide Tree 11/16
#NNI moves:0/152
Guide Tree 12/16
#NNI moves:0/152
Guide Tree 13/16
#NNI moves:0/152
Guide Tree 14/16
#NNI moves:0/152
Guide Tree 15/16
#NNI moves:0/152
Remaining: 0
#NNI moves:0/152
#NNI moves:0/152
(((((((((((((((79,((21,90),87)),75),((((40,86),70),(34,((69,55),35))),(24,65))),(((((22,48),(85,46)),((74,73),(59,84))),((((((26,56),53),(((27,60),29),45)),80),((43,13),((92,95),100))),((72,64),78))),(98,54))),(((96,32),57),(49,89))),((((61,(((66,28),(14,99)),83)),(42,67)),((82,62),(88,81))),(38,37))),(((58,19),63),((93,20),((31,25),(47,52))))),(((((((1,11),8),(9,6)),10),(3,12)),7),(2,(4,5)))),((((68,15),76),(51,18)),((39,17),(41,33)))),(((30,94),36),91)),77),97),(71,16)),(23,50)),44);
Guide Tree 0/16
#NNI moves:0/152
Guide Tree 1/16
#NNI moves:0/152
Guide Tree 2/16
#NNI moves:0/152
Guide Tree 3/16
#NNI moves:0/152
Guide Tree 4/16
#NNI moves:0/152
Guide Tree 5/16
#NNI moves:0/152
Guide Tree 6/16
#NNI moves:0/152
Guide Tree 7/16
#NNI moves:0/152
Guide Tree 8/16
#NNI moves:0/152
Guide Tree 9/16
#NNI moves:0/152
Guide Tree 10/16
#NNI moves:0/152
Guide Tree 11/16
#NNI moves:0/152
Guide Tree 12/16
#NNI moves:0/152
Guide Tree 13/16
#NNI moves:0/152
Guide Tree 14/16
#NNI moves:0/152
Guide Tree 15/16
#NNI moves:0/152
Remaining: 0
#NNI moves:0/152
#NNI moves:0/152
((((((((((((((((((((26,56),53),(45,(29,(60,27)))),80),((13,43),((92,95),100))),((64,72),78)),(((85,46),(48,22)),((74,73),(59,84)))),(54,98)),((75,(((21,90),87),79)),(((((55,69),35),34),((40,86),70)),(65,24)))),(((32,96),57),(89,49))),((38,37),(((67,42),(61,(((28,66),(99,14)),83))),((82,62),(81,88))))),(((93,20),((31,25),(47,52))),(63,(58,19)))),((((((6,9),((1,11),8)),10),(12,3)),7),((5,4),2))),(((33,41),(39,17)),((76,(68,15)),(18,51)))),(((30,94),36),91)),77),97),(71,16)),(50,23)),44);
Guide Tree 0/16
#NNI moves:0/152
Guide Tree 1/16
#NNI moves:0/152
Guide Tree 2/16
#NNI moves:0/152
Guide Tree 3/16
#NNI moves:0/152
Guide Tree 4/16
#NNI moves:0/152
Guide Tree 5/16
#NNI moves:0/152
Guide Tree 6/16
#NNI moves:0/152
Guide Tree 7/16
#NNI moves:0/152
Guide Tree 8/16
#NNI moves:0/152
Guide Tree 9/16
#NNI moves:0/152
Guide Tree 10/16
#NNI moves:0/152
Guide Tree 11/16
#NNI moves:0/152
Guide Tree 12/16
#NNI moves:0/152
Guide Tree 13/16
#NNI moves:0/152
Guide Tree 14/16
#NNI moves:0/152
Guide Tree 15/16
#NNI moves:0/152
Remaining: 0
#NNI moves:0/152
#NNI moves:0/152
((((((((((((((((((((26,56),53),(45,((60,27),29))),80),((100,(95,92)),(13,43))),(78,(64,72))),(((59,84),(74,73)),((22,48),(46,85)))),(98,54)),((75,(((21,90),87),79)),(((((55,69),35),34),((86,40),70)),(24,65)))),(((96,32),57),(89,49))),(((((((14,99),(28,66)),83),61),(67,42)),((81,88),(62,82))),(38,37))),(((58,19),63),(((25,31),(52,47)),(20,93)))),(((((((11,1),8),(6,9)),10),(12,3)),7),(2,(4,5)))),(((33,41),(39,17)),(((68,15),76),(18,51)))),(((94,30),36),91)),77),97),(16,71)),(50,23)),44);
Guide Tree 0/16
#NNI moves:0/152
Guide Tree 1/16
#NNI moves:0/152
Guide Tree 2/16
#NNI moves:0/152
Guide Tree 3/16
#NNI moves:0/152
Guide Tree 4/16
#NNI moves:0/152
Guide Tree 5/16
#NNI moves:0/152
Guide Tree 6/16
#NNI moves:0/152
Guide Tree 7/16
#NNI moves:0/152
Guide Tree 8/16
#NNI moves:0/152
Guide Tree 9/16
#NNI moves:0/152
Guide Tree 10/16
#NNI moves:0/152
Guide Tree 11/16
#NNI moves:0/152
Guide Tree 12/16
#NNI moves:0/152
Guide Tree 13/16
#NNI moves:0/152
Guide Tree 14/16
#NNI moves:0/152
Guide Tree 15/16
#NNI moves:0/152
Remaining: 0
#NNI moves:0/152
#NNI moves:0/152
((((((((((((((((((100,(92,95)),(13,43)),(80,(((56,26),53),(((27,60),29),45)))),(78,(72,64))),(((22,48),(46,85)),((73,74),(59,84)))),(54,98)),((((87,(21,90)),79),75),(((34,((55,69),35)),((40,86),70)),(24,65)))),((57,(32,96)),(49,89))),((((62,82),(81,88)),((61,(((66,28),(14,99)),83)),(42,67))),(38,37))),((((25,31),(47,52)),(93,20)),((58,19),63))),((((10,(((11,1),8),(9,6))),(12,3)),7),((4,5),2))),(((18,51),((68,15),76)),((17,39),(41,33)))),((36,(30,94)),91)),77),97),(71,16)),(23,50)),44);
Initial score: 1.16584e+09
Initial tree: ((((((((((((((((((100,(92,95)),(13,43)),(80,(((56,26),53),(((27,60),29),45)))),(78,(72,64))),(((22,48),(46,85)),((73,74),(59,84)))),(54,98)),((((87,(21,90)),79),75),(((34,((55,69),35)),((40,86),70)),(24,65)))),((57,(32,96)),(49,89))),((((62,82),(81,88)),((61,(((66,28),(14,99)),83)),(42,67))),(38,37))),((((25,31),(47,52)),(93,20)),((58,19),63))),((((10,(((11,1),8),(9,6))),(12,3)),7),((4,5),2))),(((18,51),((68,15),76)),((17,39),(41,33)))),((36,(30,94)),91)),77),97),(71,16)),(23,50)),44);
*** Subsample Process ***
Use two-step algorithm!
#NNI moves:0/152
Remaining: 0
#NNI moves:0/152
#NNI moves:0/152
((((((((((((((61,(((99,14),(28,66)),83)),(67,42)),((81,88),(62,82))),(38,37)),(((((((68,15),76),(51,18)),((17,39),(41,33))),((((((23,50),44),(71,16)),97),77),((36,(94,30)),91))),(((((((11,1),8),(6,9)),10),(3,12)),7),((4,5),2))),((((52,47),(31,25)),(20,93)),((19,58),63)))),((49,89),((32,96),57))),((((34,(35,(55,69))),((86,40),70)),(24,65)),((((90,21),87),79),75))),(98,54)),(((74,73),(84,59)),((48,22),(85,46)))),((64,72),78)),((((56,26),53),(((60,27),29),45)),80)),(13,43)),(92,95)),100);
#NNI moves:0/152
Remaining: 0
#NNI moves:0/152
#NNI moves:0/152
(((((((((((((((((((((26,56),53),(((60,27),29),45)),80),(((92,95),100),(13,43))),((64,72),78)),(((84,59),(74,73)),((46,85),(22,48)))),(98,54)),((((((69,55),35),34),((86,40),70)),(24,65)),((79,((21,90),87)),75))),((89,49),(57,(32,96)))),((((62,82),(81,88)),(((83,((14,99),(66,28))),61),(67,42))),(37,38))),((((47,52),(31,25)),(93,20)),(63,(58,19)))),(((((((1,11),8),(6,9)),10),(3,12)),7),(2,(4,5)))),(((51,18),(76,(15,68))),((33,41),(17,39)))),(((94,30),36),91)),77),97),(16,71)),44),50),23);
#NNI moves:0/152
Remaining: 0
#NNI moves:0/152
#NNI moves:0/152
((((((((((((((((((((94,30),36),91),((97,((71,16),((50,23),44))),77)),((((15,68),76),(18,51)),((41,33),(17,39)))),((((((8,(1,11)),(6,9)),10),(12,3)),7),((5,4),2))),(((20,93),((47,52),(31,25))),(63,(58,19)))),((((42,67),((((28,66),(14,99)),83),61)),((88,81),(62,82))),(38,37))),(((32,96),57),(89,49))),((((((69,55),35),34),(70,(40,86))),(24,65)),((79,((21,90),87)),75))),(98,54)),(((74,73),(84,59)),((46,85),(48,22)))),((72,64),78)),(((95,92),100),(43,13))),80),((56,26),53)),45),29),60),27);
#NNI moves:0/152
Remaining: 0
#NNI moves:0/152
#NNI moves:0/152
(((((((((((((((((59,84),(73,74)),((85,46),(22,48))),((((13,43),((92,95),100)),((((56,26),53),(((27,60),29),45)),80)),((72,64),78))),(98,54)),(((((86,40),70),(((55,69),35),34)),(65,24)),(((87,(90,21)),79),75))),((57,(96,32)),(49,89))),(((((((66,28),(99,14)),83),61),(42,67)),((81,88),(82,62))),(38,37))),((((47,52),(25,31)),(20,93)),((58,19),63))),(((4,5),2),(7,(((((11,1),8),(6,9)),10),(12,3))))),((((68,15),76),(18,51)),((33,41),(17,39)))),(91,((94,30),36))),77),97),((50,23),44)),71),16);
Current score: 1.16584e+09
Current tree: (((50,23),(((((((((((((((59,84),(73,74)),((85,46),(22,48))),((((13,43),((92,95),100)),((((56,26),53),(((27,60),29),45)),80)),((72,64),78))),(98,54)),(((((86,40),70),(((55,69),35),34)),(65,24)),(((87,(90,21)),79),75))),((57,(96,32)),(49,89))),(((((((66,28),(99,14)),83),61),(42,67)),((81,88),(82,62))),(38,37))),((((47,52),(25,31)),(20,93)),((58,19),63))),(((4,5),2),(7,(((((11,1),8),(6,9)),10),(12,3))))),((((68,15),76),(18,51)),((33,41),(17,39)))),(91,((94,30),36))),77),97),(71,16))),44);
Final Tree: (((50,23),(((((((((((((((59,84),(73,74)),((85,46),(22,48))),((((13,43),((92,95),100)),((((56,26),53),(((27,60),29),45)),80)),((72,64),78))),(98,54)),(((((86,40),70),(((55,69),35),34)),(65,24)),(((87,(90,21)),79),75))),((57,(96,32)),(49,89))),(((((((66,28),(99,14)),83),61),(42,67)),((81,88),(82,62))),(38,37))),((((47,52),(25,31)),(20,93)),((58,19),63))),(((4,5),2),(7,(((((11,1),8),(6,9)),10),(12,3))))),((((68,15),76),(18,51)),((33,41),(17,39)))),(91,((94,30),36))),77),97),(71,16))),44);
#EqQuartets: 1361919604
Score: 1165838624
ASTRAL for PaRalogs and Orthologs III (ASTRAL-Pro3)
*** NOW with integrated CASTLES-Pro ***
Version: v1.22.3.6
Read 512 genetrees and found 100 species.
#Genetrees: 1000
#Duploss: 17655
#Species: 100
#Rounds: 4
#Samples: 4
#Threads: 1
Use two-step algorithm!
Guide Tree 0/16
#NNI moves:0/152
Guide Tree 1/16
#NNI moves:0/152
Guide Tree 2/16
#NNI moves:0/152
Guide Tree 3/16
#NNI moves:0/152
Guide Tree 4/16
#NNI moves:0/152
Guide Tree 5/16
#NNI moves:0/152
Guide Tree 6/16
#NNI moves:0/152
Guide Tree 7/16
#NNI moves:0/152
Guide Tree 8/16
#NNI moves:0/152
Guide Tree 9/16
#NNI moves:0/152
Guide Tree 10/16
#NNI moves:0/152
Guide Tree 11/16
#NNI moves:0/152
Guide Tree 12/16
#NNI moves:0/152
Guide Tree 13/16
#NNI moves:0/152
Guide Tree 14/16
#NNI moves:0/152
Guide Tree 15/16
#NNI moves:0/152
Remaining: 0
#NNI moves:0/152
#NNI moves:0/152
((((((((((((((((57,(63,54)),91),(86,96)),(((((68,(90,67)),100),73),94),66)),((95,(79,48)),84)),(61,((99,82),72))),((((77,((80,49),47)),87),85),(((((92,88),((93,98),53)),(51,71)),83),75))),((((((89,52),(59,58)),((69,(81,60)),(70,65))),(55,(64,56))),(((78,97),62),(50,76))),74)),((29,(11,45)),(((38,27),(35,((32,25),7))),(5,39)))),(36,16)),((3,20),13)),(((((14,46),((41,33),42)),43),(6,(37,23))),((((10,(2,18)),((17,8),19)),(26,15)),30))),((40,21),34)),((((31,4),28),(24,9)),44)),(1,12)),22);
Guide Tree 0/16
#NNI moves:0/152
Guide Tree 1/16
#NNI moves:0/152
Guide Tree 2/16
#NNI moves:0/152
Guide Tree 3/16
#NNI moves:0/152
Guide Tree 4/16
#NNI moves:0/152
Guide Tree 5/16
#NNI moves:0/152
Guide Tree 6/16
#NNI moves:0/152
Guide Tree 7/16
#NNI moves:0/152
Guide Tree 8/16
#NNI moves:0/152
Guide Tree 9/16
#NNI moves:0/152
Guide Tree 10/16
#NNI moves:0/152
Guide Tree 11/16
#NNI moves:0/152
Guide Tree 12/16
#NNI moves:0/152
Guide Tree 13/16
#NNI moves:0/152
Guide Tree 14/16
#NNI moves:0/152
Guide Tree 15/16
#NNI moves:0/152
Remaining: 0
#NNI moves:0/152
#NNI moves:0/152
((((((((((((((((49,80),47),77),87),85),(((((92,88),(53,(93,98))),(71,51)),83),75)),(((((96,86),(((63,54),57),91)),(((73,(((67,90),68),100)),94),66)),(((79,48),95),84)),(((99,82),72),61))),((((76,50),(62,(97,78))),((55,(64,56)),((((60,81),69),(65,70)),((89,52),(59,58))))),74)),((((((25,32),7),35),(38,27)),(5,39)),(29,(11,45)))),(16,36)),(13,(3,20))),(((((14,46),((33,41),42)),43),((37,23),6)),(30,((((8,17),19),((18,2),10)),(15,26))))),(34,(21,40))),(44,(((31,4),28),(24,9)))),(1,12)),22);
Guide Tree 0/16
#NNI moves:0/152
Guide Tree 1/16
#NNI moves:0/152
Guide Tree 2/16
#NNI moves:0/152
Guide Tree 3/16
#NNI moves:0/152
Guide Tree 4/16
#NNI moves:0/152
Guide Tree 5/16
#NNI moves:0/152
Guide Tree 6/16
#NNI moves:0/152
Guide Tree 7/16
#NNI moves:0/152
Guide Tree 8/16
#NNI moves:0/152
Guide Tree 9/16
#NNI moves:0/152
Guide Tree 10/16
#NNI moves:0/152
Guide Tree 11/16
#NNI moves:0/152
Guide Tree 12/16
#NNI moves:0/152
Guide Tree 13/16
#NNI moves:0/152
Guide Tree 14/16
#NNI moves:0/152
Guide Tree 15/16
#NNI moves:0/152
Remaining: 0
#NNI moves:0/152
#NNI moves:0/152
(((((((((((((50,76),((97,78),62)),((((65,70),(69,(60,81))),((52,89),(59,58))),((56,64),55))),74),(((((((92,88),((93,98),53)),(71,51)),83),75),((87,(77,((49,80),47))),85)),(((((96,86),(((63,54),57),91)),(((((68,(90,67)),100),73),94),66)),((95,(48,79)),84)),(((82,99),72),61)))),((((35,((32,25),7)),(38,27)),(5,39)),(29,(45,11)))),(16,36)),((3,20),13)),((((((41,33),42),(14,46)),43),((23,37),6)),(((26,15),(((2,18),10),((8,17),19))),30))),((40,21),34)),(44,((9,24),((31,4),28)))),(1,12)),22);
Guide Tree 0/16
#NNI moves:0/152
Guide Tree 1/16
#NNI moves:0/152
Guide Tree 2/16
#NNI moves:0/152
Guide Tree 3/16
#NNI moves:0/152
Guide Tree 4/16
#NNI moves:0/152
Guide Tree 5/16
#NNI moves:0/152
Guide Tree 6/16
#NNI moves:0/152
Guide Tree 7/16
#NNI moves:0/152
Guide Tree 8/16
#NNI moves:0/152
Guide Tree 9/16
#NNI moves:0/152
Guide Tree 10/16
#NNI moves:0/152
Guide Tree 11/16
#NNI moves:0/152
Guide Tree 12/16
#NNI moves:0/152
Guide Tree 13/16
#NNI moves:0/152
Guide Tree 14/16
#NNI moves:0/152
Guide Tree 15/16
#NNI moves:0/152
Remaining: 0
#NNI moves:0/152
#NNI moves:0/152
(((((((((((((((((54,63),57),91),(86,96)),(((((68,(90,67)),100),73),94),66)),(((48,79),95),84)),(((99,82),72),61)),(((((((93,98),53),(88,92)),(51,71)),83),75),(((((49,80),47),77),87),85))),((((((52,89),(58,59)),((69,(60,81)),(70,65))),((64,56),55)),((62,(78,97)),(50,76))),74)),(((45,11),29),(((((32,25),7),35),(38,27)),(39,5)))),(16,36)),(13,(3,20))),((((((17,8),19),((18,2),10)),(26,15)),30),((((42,(33,41)),(14,46)),43),(6,(23,37))))),(34,(40,21))),((((4,31),28),(24,9)),44)),(1,12)),22);
Initial score: 1.24732e+09
Initial tree: (((((((((((((((((54,63),57),91),(86,96)),(((((68,(90,67)),100),73),94),66)),(((48,79),95),84)),(((99,82),72),61)),(((((((93,98),53),(88,92)),(51,71)),83),75),(((((49,80),47),77),87),85))),((((((52,89),(58,59)),((69,(60,81)),(70,65))),((64,56),55)),((62,(78,97)),(50,76))),74)),(((45,11),29),(((((32,25),7),35),(38,27)),(39,5)))),(16,36)),(13,(3,20))),((((((17,8),19),((18,2),10)),(26,15)),30),((((42,(33,41)),(14,46)),43),(6,(23,37))))),(34,(40,21))),((((4,31),28),(24,9)),44)),(1,12)),22);
*** Subsample Process ***
Use two-step algorithm!
#NNI moves:0/152
Remaining: 0
#NNI moves:0/152
#NNI moves:0/152
((((((((((((((((((17,8),19),((18,2),10)),(26,15)),30),((((14,46),((33,41),42)),43),((37,23),6))),(((21,40),34),(((1,12),22),((((4,31),28),(9,24)),44)))),((3,20),13)),(16,36)),((((27,38),(((32,25),7),35)),(5,39)),((45,11),29))),((((((65,70),(69,(60,81))),((89,52),(59,58))),((56,64),55)),((50,76),((78,97),62))),74)),(((((((93,98),53),(88,92)),(71,51)),83),75),(((((80,49),47),77),87),85))),(((99,82),72),61)),((95,(48,79)),84)),(((((68,(90,67)),100),73),94),66)),(91,((63,54),57))),96),86);
#NNI moves:0/152
Remaining: 0
#NNI moves:0/152
#NNI moves:0/152
((((((((((((((((48,79),95),84),(((86,96),((57,(63,54)),91)),((94,((((67,90),68),100),73)),66))),((72,(99,82)),61)),((((((92,88),((93,98),53)),(51,71)),83),75),(((((80,49),47),77),87),85))),((((((69,(60,81)),(65,70)),((89,52),(59,58))),(55,(64,56))),(((78,97),62),(50,76))),74)),(((39,5),((38,27),((7,(32,25)),35))),((11,45),29))),(16,36)),(13,(20,3))),(((((19,(17,8)),((2,18),10)),(26,15)),30),((((42,(33,41)),(46,14)),43),((23,37),6)))),((40,21),34)),((((31,4),28),(9,24)),44)),22),12),1);
#NNI moves:0/152
Remaining: 0
#NNI moves:0/152
#NNI moves:0/152
(((((((((((((((((19,(17,8)),(10,(2,18))),(26,15)),30),((((14,46),((33,41),42)),43),((37,23),6))),((((((31,4),28),(9,24)),44),(22,(1,12))),((40,21),34))),((20,3),13)),(36,16)),((((((25,32),7),35),(27,38)),(39,5)),((11,45),29))),((((((69,(60,81)),(70,65)),((52,89),(59,58))),((56,64),55)),(((97,78),62),(76,50))),74)),(((((((93,98),53),(88,92)),(51,71)),83),75),(85,((((80,49),47),77),87)))),(((99,82),72),61)),(((48,79),95),84)),((((100,((67,90),68)),73),94),66)),((57,(63,54)),91)),96),86);
#NNI moves:0/152
Remaining: 0
#NNI moves:0/152
#NNI moves:0/152
(((((((((((((((((((((68,(90,67)),100),73),94),66),((((54,63),57),91),(96,86))),((95,(79,48)),84)),(((82,99),72),61)),((((((88,92),((98,93),53)),(51,71)),83),75),((((47,(80,49)),77),87),85))),((((((59,58),(89,52)),((70,65),(69,(81,60)))),((64,56),55)),(((97,78),62),(50,76))),74)),((((((32,25),7),35),(38,27)),(39,5)),((45,11),29))),(36,16)),((3,20),13)),(((((14,46),(42,(41,33))),43),(6,(37,23))),(((((2,18),10),((17,8),19)),(15,26)),30))),(34,(21,40))),((12,1),22)),44),(9,24)),28),4),31);
Current score: 1.24732e+09
Current tree: (((12,1),((((((((((((((((68,(90,67)),100),73),94),66),((((54,63),57),91),(96,86))),((95,(79,48)),84)),(((82,99),72),61)),((((((88,92),((98,93),53)),(51,71)),83),75),((((47,(80,49)),77),87),85))),((((((59,58),(89,52)),((70,65),(69,(81,60)))),((64,56),55)),(((97,78),62),(50,76))),74)),((((((32,25),7),35),(38,27)),(39,5)),((45,11),29))),(36,16)),((3,20),13)),(((((14,46),(42,(41,33))),43),(6,(37,23))),(((((2,18),10),((17,8),19)),(15,26)),30))),(34,(21,40))),(44,((9,24),(28,(4,31)))))),22);
Final Tree: (((12,1),((((((((((((((((68,(90,67)),100),73),94),66),((((54,63),57),91),(96,86))),((95,(79,48)),84)),(((82,99),72),61)),((((((88,92),((98,93),53)),(51,71)),83),75),((((47,(80,49)),77),87),85))),((((((59,58),(89,52)),((70,65),(69,(81,60)))),((64,56),55)),(((97,78),62),(50,76))),74)),((((((32,25),7),35),(38,27)),(39,5)),((45,11),29))),(36,16)),((3,20),13)),(((((14,46),(42,(41,33))),43),(6,(37,23))),(((((2,18),10),((17,8),19)),(15,26)),30))),(34,(21,40))),(44,((9,24),(28,(4,31)))))),22);
#EqQuartets: 1410548088
Score: 1247320969
ASTRAL for PaRalogs and Orthologs III (ASTRAL-Pro3)
*** NOW with integrated CASTLES-Pro ***
Version: v1.22.3.6
Read 512 genetrees and found 100 species.
#Genetrees: 1000
#Duploss: 16298
#Species: 100
#Rounds: 4
#Samples: 4
#Threads: 1
Use two-step algorithm!
Guide Tree 0/16
#NNI moves:0/152
Guide Tree 1/16
#NNI moves:2/152
Guide Tree 2/16
#NNI moves:0/152
Guide Tree 3/16
#NNI moves:0/152
Guide Tree 4/16
#NNI moves:0/152
Guide Tree 5/16
#NNI moves:0/152
Guide Tree 6/16
#NNI moves:0/152
Guide Tree 7/16
#NNI moves:0/152
Guide Tree 8/16
#NNI moves:0/152
Guide Tree 9/16
#NNI moves:0/152
Guide Tree 10/16
#NNI moves:0/152
Guide Tree 11/16
#NNI moves:0/152
Guide Tree 12/16
#NNI moves:0/152
Guide Tree 13/16
#NNI moves:0/152
Guide Tree 14/16
#NNI moves:0/152
Guide Tree 15/16
#NNI moves:0/152
Remaining: 0
#NNI moves:0/152
#NNI moves:0/152
((((((((((((((94,32),(39,27)),((52,51),67)),(68,70)),(48,82)),(((((28,80),55),(((81,66),35),50)),100),((24,77),21))),(((((((((95,45),93),58),33),64),(65,90)),((46,(((37,(98,92)),(79,84)),(((53,61),(88,85)),57))),((36,34),(31,62)))),(75,78)),73)),((((13,1),(((9,16),15),7)),17),((((14,18),2),((10,((20,8),(3,(4,6)))),(19,12))),(11,5)))),91),(((22,(54,(59,89))),(96,42)),(47,74))),((30,(26,23)),(((((29,72),60),71),83),44))),((97,76),87)),((((86,(43,56)),((99,(41,40)),63)),25),(69,38))),49);
Guide Tree 0/16
#NNI moves:0/152
Guide Tree 1/16
#NNI moves:0/152
Guide Tree 2/16
#NNI moves:0/152
Guide Tree 3/16
#NNI moves:0/152
Guide Tree 4/16
#NNI moves:0/152
Guide Tree 5/16
#NNI moves:0/152
Guide Tree 6/16
#NNI moves:0/152
Guide Tree 7/16
#NNI moves:0/152
Guide Tree 8/16
#NNI moves:0/152
Guide Tree 9/16
#NNI moves:0/152
Guide Tree 10/16
#NNI moves:2/152
Guide Tree 11/16
#NNI moves:0/152
Guide Tree 12/16
#NNI moves:0/152
Guide Tree 13/16
#NNI moves:0/152
Guide Tree 14/16
#NNI moves:0/152
Guide Tree 15/16
#NNI moves:0/152
Remaining: 0
#NNI moves:2/152
#NNI moves:2/152
(((((((((((((((((88,85),(61,53)),57),((37,(98,92)),(79,84))),46),((62,31),(34,36))),(((33,((93,(95,45)),58)),64),(65,90))),(78,75)),73),((((((94,32),(27,39)),((52,51),67)),(70,68)),(82,48)),((21,(77,24)),((((35,(66,81)),50),((80,28),55)),100)))),(((((15,(16,9)),7),(13,1)),17),(((((((6,4),3),(8,20)),10),(19,12)),((18,14),2)),(5,11)))),91),(((((89,59),54),22),(42,96)),(74,47))),(((26,23),30),(((71,((29,72),60)),83),44))),(87,(97,76))),((((((40,41),99),63),(86,(56,43))),25),(69,38))),49);
Guide Tree 0/16
#NNI moves:0/152
Guide Tree 1/16
#NNI moves:0/152
Guide Tree 2/16
#NNI moves:0/152
Guide Tree 3/16
#NNI moves:0/152
Guide Tree 4/16
#NNI moves:0/152
Guide Tree 5/16
#NNI moves:0/152
Guide Tree 6/16
#NNI moves:2/152
Guide Tree 7/16
#NNI moves:2/152
Guide Tree 8/16
#NNI moves:0/152
Guide Tree 9/16
#NNI moves:0/152
Guide Tree 10/16
#NNI moves:0/152
Guide Tree 11/16
#NNI moves:0/152
Guide Tree 12/16
#NNI moves:0/152
Guide Tree 13/16
#NNI moves:0/152
Guide Tree 14/16
#NNI moves:0/152
Guide Tree 15/16
#NNI moves:0/152
Remaining: 3
#NNI moves:12/152
#NNI moves:12/152
(((((((((((((((((95,45),93),58),33),64),(65,90)),((((((85,88),(61,53)),57),(((92,98),37),(84,79))),46),((36,34),(62,31)))),(75,78)),73),(((((((81,66),35),50),((28,80),55)),100),(21,(77,24))),(((((32,94),(27,39)),(67,(52,51))),(68,70)),(48,82)))),(((11,5),((((((4,6),3),(8,20)),10),(12,19)),((18,14),2))),((((15,(9,16)),7),(13,1)),17))),91),(((((89,59),54),22),(42,96)),(74,47))),((((((29,72),60),71),83),44),(30,(26,23)))),((97,76),87)),((25,((63,((40,41),99)),((56,43),86))),(38,69))),49);
Guide Tree 0/16
#NNI moves:2/152
Guide Tree 1/16
#NNI moves:0/152
Guide Tree 2/16
#NNI moves:0/152
Guide Tree 3/16
#NNI moves:0/152
Guide Tree 4/16
#NNI moves:0/152
Guide Tree 5/16
#NNI moves:2/152
Guide Tree 6/16
#NNI moves:2/152
Guide Tree 7/16
#NNI moves:0/152
Guide Tree 8/16
#NNI moves:0/152
Guide Tree 9/16
#NNI moves:0/152
Guide Tree 10/16
#NNI moves:0/152
Guide Tree 11/16
#NNI moves:0/152
Guide Tree 12/16
#NNI moves:0/152
Guide Tree 13/16
#NNI moves:0/152
Guide Tree 14/16
#NNI moves:0/152
Guide Tree 15/16
#NNI moves:0/152
Remaining: 0
#NNI moves:16/152
#NNI moves:16/152
((((((((((((((80,28),55),(((66,81),35),50)),100),((24,77),21)),((82,48),(((67,(52,51)),((94,32),(27,39))),(68,70)))),(((((90,65),((((93,(95,45)),58),33),64)),((((57,((61,53),(85,88))),(((98,92),37),(84,79))),46),((36,34),(31,62)))),(75,78)),73)),((((7,((9,16),15)),(13,1)),17),((((12,19),(((20,8),((6,4),3)),10)),((18,14),2)),(11,5)))),91),((((54,(59,89)),22),(96,42)),(74,47))),(((23,26),30),((83,(71,((29,72),60))),44))),((76,97),87)),(((((56,43),86),(63,((41,40),99))),25),(38,69))),49);
Initial score: 1.16742e+09
Initial tree: ((((((((((((((80,28),55),(((66,81),35),50)),100),((24,77),21)),((82,48),(((67,(52,51)),((94,32),(27,39))),(68,70)))),(((((90,65),((((93,(95,45)),58),33),64)),((((57,((61,53),(85,88))),(((98,92),37),(84,79))),46),((36,34),(31,62)))),(75,78)),73)),((((7,((9,16),15)),(13,1)),17),((((12,19),(((20,8),((6,4),3)),10)),((18,14),2)),(11,5)))),91),((((54,(59,89)),22),(96,42)),(74,47))),(((23,26),30),((83,(71,((29,72),60))),44))),((76,97),87)),(((((56,43),86),(63,((41,40),99))),25),(38,69))),49);
*** Subsample Process ***
Use two-step algorithm!
#NNI moves:0/152
Remaining: 0
#NNI moves:0/152
#NNI moves:0/152
(((((((((((((((26,23),30),((((60,(72,29)),71),83),44)),((((25,((((41,40),99),63),(86,(43,56)))),(38,69)),49),((76,97),87))),(((42,96),((54,(89,59)),22)),(74,47))),91),((((((((4,6),3),(8,20)),10),(12,19)),(2,(18,14))),(5,11)),(((((9,16),15),7),(1,13)),17))),(((((90,65),((((93,(45,95)),58),33),64)),(((((37,(98,92)),(84,79)),(((88,85),(53,61)),57)),46),((36,34),(62,31)))),(75,78)),73)),(((((52,51),67),((27,39),(32,94))),(68,70)),(82,48))),((24,77),21)),100),(50,((66,81),35))),55),80),28);
#NNI moves:0/152
Remaining: 0
#NNI moves:0/152
#NNI moves:0/152
((((((((((((((((((((84,79),(37,(98,92))),(57,((85,88),(53,61)))),46),((36,34),(62,31))),((65,90),(((((45,95),93),58),33),64))),(75,78)),73),((((68,70),((67,(51,52)),((39,27),(94,32)))),(48,82)),(((24,77),21),(100,((((81,66),35),50),((80,28),55)))))),(((((((20,8),((4,6),3)),10),(12,19)),(2,(18,14))),(11,5)),(((((16,9),15),7),(13,1)),17))),91),(((42,96),(22,((89,59),54))),(47,74))),(((23,26),30),(((71,((29,72),60)),83),44))),((76,97),87)),49),(69,38)),25),(((40,41),99),63)),(43,56)),86);
#NNI moves:0/152
Remaining: 0
#NNI moves:6/152
#NNI moves:8/152
(((((((((((((((((((43,56),86),(((40,41),99),63)),25),(38,69)),49),(87,(76,97))),(((83,(71,(60,(29,72)))),44),(30,(23,26)))),(((96,42),(22,((89,59),54))),(74,47))),91),((((((16,9),15),7),(13,1)),17),((((19,12),((((4,6),3),(20,8)),10)),(2,(14,18))),(11,5)))),((((((52,51),67),((94,32),(39,27))),(68,70)),(48,82)),((((55,(80,28)),(50,((81,66),35))),100),((77,24),21)))),73),(75,78)),((90,65),(64,(33,(58,(93,(95,45))))))),((((37,(98,92)),(84,79)),(((85,88),(61,53)),57)),46)),(31,62)),34),36);
#NNI moves:0/152
Remaining: 0
#NNI moves:0/152
#NNI moves:0/152
((((((((((((((((33,(((45,95),93),58)),64),(90,65)),((((((92,98),37),(79,84)),(((53,61),(88,85)),57)),46),((31,62),(34,36)))),(75,78)),73),((((((52,51),67),((32,94),(27,39))),(70,68)),(82,48)),(((((28,80),55),(((81,66),35),50)),100),(21,(24,77))))),(((((((8,20),(3,(4,6))),10),(19,12)),((18,14),2)),(5,11)),(((7,(15,(9,16))),(1,13)),17))),91),(((22,((59,89),54)),(96,42)),(74,47))),((30,(26,23)),(((71,((29,72),60)),83),44))),((76,97),87)),49),(25,(((43,56),86),(63,(99,(41,40)))))),69),38);
Current score: 1.16742e+09
Current tree: ((((((((((((((33,(((45,95),93),58)),64),(90,65)),((((((92,98),37),(79,84)),(((53,61),(88,85)),57)),46),((31,62),(34,36)))),(75,78)),73),((((((52,51),67),((32,94),(27,39))),(70,68)),(82,48)),(((((28,80),55),(((81,66),35),50)),100),(21,(24,77))))),(((((((8,20),(3,(4,6))),10),(19,12)),((18,14),2)),(5,11)),(((7,(15,(9,16))),(1,13)),17))),91),(((22,((59,89),54)),(96,42)),(74,47))),((30,(26,23)),(((71,((29,72),60)),83),44))),((76,97),87)),((25,(((43,56),86),(63,(99,(41,40))))),(69,38))),49);
Final Tree: ((((((((((((((33,(((45,95),93),58)),64),(90,65)),((((((92,98),37),(79,84)),(((53,61),(88,85)),57)),46),((31,62),(34,36)))),(75,78)),73),((((((52,51),67),((32,94),(27,39))),(70,68)),(82,48)),(((((28,80),55),(((81,66),35),50)),100),(21,(24,77))))),(((((((8,20),(3,(4,6))),10),(19,12)),((18,14),2)),(5,11)),(((7,(15,(9,16))),(1,13)),17))),91),(((22,((59,89),54)),(96,42)),(74,47))),((30,(26,23)),(((71,((29,72),60)),83),44))),((76,97),87)),((25,(((43,56),86),(63,(99,(41,40))))),(69,38))),49);
#EqQuartets: 1385854875
Score: 1167418834
ASTRAL for PaRalogs and Orthologs III (ASTRAL-Pro3)
*** NOW with integrated CASTLES-Pro ***
Version: v1.22.3.6
Read 512 genetrees and found 100 species.
#Genetrees: 998
#Duploss: 20393
#Species: 100
#Rounds: 4
#Samples: 4
#Threads: 1
Use two-step algorithm!
Guide Tree 0/16
#NNI moves:0/152
Guide Tree 1/16
#NNI moves:2/152
Guide Tree 2/16
#NNI moves:0/152
Guide Tree 3/16
#NNI moves:0/152
Guide Tree 4/16
#NNI moves:0/152
Guide Tree 5/16
#NNI moves:0/152
Guide Tree 6/16
#NNI moves:0/152
Guide Tree 7/16
#NNI moves:0/152
Guide Tree 8/16
#NNI moves:0/152
Guide Tree 9/16
#NNI moves:2/152
Guide Tree 10/16
#NNI moves:0/152
Guide Tree 11/16
#NNI moves:0/152
Guide Tree 12/16
#NNI moves:0/152
Guide Tree 13/16
#NNI moves:0/152
Guide Tree 14/16
#NNI moves:0/152
Guide Tree 15/16
#NNI moves:0/152
Remaining: 0
#NNI moves:10/152
#NNI moves:18/152
((((((((((((((((((12,26),31),44),97),(((39,60),((81,10),47)),69)),(((((87,(13,53)),95),99),11),(73,(57,(74,52))))),(((54,((70,33),(24,7))),(35,86)),((((90,8),25),46),((38,(67,64)),(30,(82,41)))))),(((4,5),2),(3,1))),((((88,68),85),(27,18)),(((75,((66,((93,78),28)),50)),(62,(29,89))),((((20,65),100),45),92)))),((15,59),((42,91),(79,19)))),((55,51),(98,76))),((72,(96,84)),(((58,43),22),34))),(((49,((36,40),61)),(((21,48),56),32)),(80,83))),94),((14,6),(77,17))),(37,63)),(9,(23,71))),16);
Guide Tree 0/16
#NNI moves:0/152
Guide Tree 1/16
#NNI moves:0/152
Guide Tree 2/16
#NNI moves:0/152
Guide Tree 3/16
#NNI moves:0/152
Guide Tree 4/16
#NNI moves:2/152
Guide Tree 5/16
#NNI moves:2/152
Guide Tree 6/16
#NNI moves:0/152
Guide Tree 7/16
#NNI moves:0/152
Guide Tree 8/16
#NNI moves:0/152
Guide Tree 9/16
#NNI moves:0/152
Guide Tree 10/16
#NNI moves:0/152
Guide Tree 11/16
#NNI moves:0/152
Guide Tree 12/16
#NNI moves:0/152
Guide Tree 13/16
#NNI moves:0/152
Guide Tree 14/16
#NNI moves:0/152
Guide Tree 15/16
#NNI moves:0/152
Remaining: 0
#NNI moves:4/152
#NNI moves:4/152
(((((((((((((((((7,24),(70,33)),54),(86,35)),((((41,82),30),((67,64),38)),(46,(25,(90,8))))),(((((74,52),57),73),(((95,((53,13),87)),99),11)),((97,(((26,12),31),44)),((((10,81),47),(60,39)),69)))),(((4,5),2),(1,3))),((((75,(((28,(93,78)),66),50)),((89,29),62)),((((65,20),100),45),92)),((85,(88,68)),(18,27)))),(((79,19),(42,91)),(15,59))),((51,55),(76,98))),((72,(84,96)),(((43,58),22),34))),((((61,(36,40)),49),((56,(48,21)),32)),(80,83))),94),((17,77),(6,14))),(37,63)),((71,23),9)),16);
Guide Tree 0/16
#NNI moves:6/152
Guide Tree 1/16
#NNI moves:0/152
Guide Tree 2/16
#NNI moves:0/152
Guide Tree 3/16
#NNI moves:0/152
Guide Tree 4/16
#NNI moves:0/152
Guide Tree 5/16
#NNI moves:2/152
Guide Tree 6/16
#NNI moves:0/152
Guide Tree 7/16
#NNI moves:0/152
Guide Tree 8/16
#NNI moves:2/152
Guide Tree 9/16
#NNI moves:6/152
Guide Tree 10/16
#NNI moves:2/152
Guide Tree 11/16
#NNI moves:0/152
Guide Tree 12/16
#NNI moves:0/152
Guide Tree 13/16
#NNI moves:0/152
Guide Tree 14/16
#NNI moves:0/152
Guide Tree 15/16
#NNI moves:0/152
Remaining: 0
#NNI moves:2/152
#NNI moves:2/152
(((((((((((((((((31,(26,12)),44),97),(((60,39),((10,81),47)),69)),((((((13,53),87),95),99),11),(73,(57,(52,74))))),(((((67,64),38),((41,82),30)),(((8,90),25),46)),((35,86),(((7,24),(70,33)),54)))),((3,1),((5,4),2))),((((((20,65),100),45),92),((((((78,93),28),66),50),75),((29,89),62))),(((88,68),85),(18,27)))),(((42,91),(19,79)),(15,59))),((76,98),(51,55))),((72,(84,96)),(((58,43),22),34))),(((32,((21,48),56)),(49,(61,(40,36)))),(83,80))),94),((17,77),(14,6))),(37,63)),((71,23),9)),16);
Guide Tree 0/16
#NNI moves:0/152
Guide Tree 1/16
#NNI moves:0/152
Guide Tree 2/16
#NNI moves:2/152
Guide Tree 3/16
#NNI moves:0/152
Guide Tree 4/16
#NNI moves:0/152
Guide Tree 5/16
#NNI moves:0/152
Guide Tree 6/16
#NNI moves:0/152
Guide Tree 7/16
#NNI moves:2/152
Guide Tree 8/16
#NNI moves:0/152
Guide Tree 9/16
#NNI moves:2/152
Guide Tree 10/16
#NNI moves:0/152
Guide Tree 11/16
#NNI moves:0/152
Guide Tree 12/16
#NNI moves:0/152
Guide Tree 13/16
#NNI moves:0/152
Guide Tree 14/16
#NNI moves:2/152
Guide Tree 15/16
#NNI moves:0/152
Remaining: 0
#NNI moves:16/152
#NNI moves:18/152
(((((((((((((((((82,41),30),((67,64),38)),((25,(90,8)),46)),((35,86),(((24,7),(70,33)),54))),(((((((53,13),87),95),99),11),(73,((52,74),57))),((((60,39),(47,(10,81))),69),(((31,(12,26)),44),97)))),((1,3),((4,5),2))),(((18,27),((88,68),85)),(((((65,20),100),45),92),((62,(89,29)),(((66,((93,78),28)),50),75))))),(((42,91),(79,19)),(15,59))),((76,98),(51,55))),(((22,(58,43)),34),((96,84),72))),(((((40,36),61),49),(((21,48),56),32)),(83,80))),94),((77,17),(6,14))),(63,37)),(9,(71,23))),16);
Initial score: 1.05308e+09
Initial tree: (((((((((((((((((82,41),30),((67,64),38)),((25,(90,8)),46)),((35,86),(((24,7),(70,33)),54))),(((((((53,13),87),95),99),11),(73,((52,74),57))),((((60,39),(47,(10,81))),69),(((31,(12,26)),44),97)))),((1,3),((4,5),2))),(((18,27),((88,68),85)),(((((65,20),100),45),92),((62,(89,29)),(((66,((93,78),28)),50),75))))),(((42,91),(79,19)),(15,59))),((76,98),(51,55))),(((22,(58,43)),34),((96,84),72))),(((((40,36),61),49),(((21,48),56),32)),(83,80))),94),((77,17),(6,14))),(63,37)),(9,(71,23))),16);
*** Subsample Process ***
Use two-step algorithm!
#NNI moves:2/152
Remaining: 0
#NNI moves:34/152
#NNI moves:34/152
(((((((((((((((((61,(40,36)),49),((56,(48,21)),32)),(83,80)),(((((9,(71,23)),16),(63,37)),((6,14),(17,77))),94)),(((96,84),72),(34,((58,43),22)))),((98,76),(55,51))),(((42,91),(79,19)),(15,59))),((((((((93,78),28),66),50),75),((29,89),62)),(((100,(20,65)),45),92)),(((88,68),85),(27,18)))),(((5,4),2),(3,1))),(((((((53,13),87),95),99),11),((57,(74,52)),73)),((((31,(26,12)),44),97),(((47,(10,81)),(39,60)),69)))),((((64,67),38),((41,82),30)),((25,(90,8)),46))),(35,86)),54),(33,70)),7),24);
#NNI moves:0/152
Remaining: 0
#NNI moves:18/152
#NNI moves:20/152
((((((((((((((((((39,60),((10,81),47)),69),((((26,12),31),44),97)),(((((87,(13,53)),95),99),11),(((52,74),57),73))),(((((8,90),25),46),((30,(41,82)),((64,67),38))),((((24,7),(70,33)),54),(35,86)))),(((5,4),2),(1,3))),((((((((78,93),28),66),50),75),((29,89),62)),(((100,(20,65)),45),92)),((27,18),(85,(68,88))))),((15,59),((42,91),(19,79)))),((76,98),(55,51))),((72,(96,84)),(34,((58,43),22)))),(((((40,36),61),49),((56,(21,48)),32)),(83,80))),94),((17,77),(14,6))),(37,63)),16),(23,71)),9);
#NNI moves:0/152
Remaining: 1
#NNI moves:10/152
#NNI moves:18/152
(((((((((((((((96,84),72),(((43,58),22),34)),(((((37,63),(((71,23),9),16)),((6,14),(17,77))),94),((((56,(48,21)),32),(49,((40,36),61))),(83,80)))),((51,55),(98,76))),(((42,91),(19,79)),(59,15))),((((75,(((28,(78,93)),66),50)),(62,(89,29))),((((20,65),100),45),92)),(((68,88),85),(18,27)))),(((5,4),2),(1,3))),(((((24,7),(70,33)),54),(86,35)),(((30,(41,82)),(38,(67,64))),(((90,8),25),46)))),((73,((52,74),57)),(11,((95,((13,53),87)),99)))),((44,((26,12),31)),97)),69),((10,81),47)),60),39);
#NNI moves:0/152
Remaining: 0
#NNI moves:6/152
#NNI moves:6/152
((((((((((((((75,((66,((93,78),28)),50)),((29,89),62)),(92,(((20,65),100),45))),(((88,68),85),(18,27))),(((((((82,41),30),(38,(67,64))),(((8,90),25),46)),((35,86),(54,((33,70),(7,24))))),(((((74,52),57),73),(((((13,53),87),95),99),11)),((69,((39,60),((81,10),47))),(((31,(26,12)),44),97)))),((1,3),(2,(5,4))))),((15,59),((79,19),(91,42)))),((55,51),(98,76))),((((58,43),22),34),((96,84),72))),(((32,(56,(21,48))),(49,((36,40),61))),(80,83))),94),((77,17),(14,6))),(((71,23),9),16)),63),37);
Current score: 1.05308e+09
Current tree: ((((71,23),9),((((((((((((75,((66,((93,78),28)),50)),((29,89),62)),(92,(((20,65),100),45))),(((88,68),85),(18,27))),(((((((82,41),30),(38,(67,64))),(((8,90),25),46)),((35,86),(54,((33,70),(7,24))))),(((((74,52),57),73),(((((13,53),87),95),99),11)),((69,((39,60),((81,10),47))),(((31,(26,12)),44),97)))),((1,3),(2,(5,4))))),((15,59),((79,19),(91,42)))),((55,51),(98,76))),((((58,43),22),34),((96,84),72))),(((32,(56,(21,48))),(49,((36,40),61))),(80,83))),94),((77,17),(14,6))),(63,37))),16);
Final Tree: ((((71,23),9),((((((((((((75,((66,((93,78),28)),50)),((29,89),62)),(92,(((20,65),100),45))),(((88,68),85),(18,27))),(((((((82,41),30),(38,(67,64))),(((8,90),25),46)),((35,86),(54,((33,70),(7,24))))),(((((74,52),57),73),(((((13,53),87),95),99),11)),((69,((39,60),((81,10),47))),(((31,(26,12)),44),97)))),((1,3),(2,(5,4))))),((15,59),((79,19),(91,42)))),((55,51),(98,76))),((((58,43),22),34),((96,84),72))),(((32,(56,(21,48))),(49,((36,40),61))),(80,83))),94),((77,17),(14,6))),(63,37))),16);
#EqQuartets: 1263510236
Score: 1053081991
ASTRAL for PaRalogs and Orthologs III (ASTRAL-Pro3)
*** NOW with integrated CASTLES-Pro ***
Version: v1.22.3.6
Read 512 genetrees and found 100 species.
#Genetrees: 999
#Duploss: 17953
#Species: 100
#Rounds: 4
#Samples: 4
#Threads: 1
Use two-step algorithm!
Guide Tree 0/16
#NNI moves:0/152
Guide Tree 1/16
#NNI moves:0/152
Guide Tree 2/16
#NNI moves:0/152
Guide Tree 3/16
#NNI moves:0/152
Guide Tree 4/16
#NNI moves:0/152
Guide Tree 5/16
#NNI moves:0/152
Guide Tree 6/16
#NNI moves:0/152
Guide Tree 7/16
#NNI moves:0/152
Guide Tree 8/16
#NNI moves:0/152
Guide Tree 9/16
#NNI moves:0/152
Guide Tree 10/16
#NNI moves:0/152
Guide Tree 11/16
#NNI moves:0/152
Guide Tree 12/16
#NNI moves:0/152
Guide Tree 13/16
#NNI moves:0/152
Guide Tree 14/16
#NNI moves:0/152
Guide Tree 15/16
#NNI moves:0/152
Remaining: 0
#NNI moves:6/152
#NNI moves:6/152
(((((((((((((((((78,76),98),(83,((92,89),87))),86),((79,((95,90),88)),((84,99),85))),((((77,(94,96)),81),80),(93,91))),(82,(75,100))),97),((((((33,73),(6,55)),(29,54)),(((72,50),21),22)),((((24,(27,((5,17),43))),42),18),(67,(34,35)))),((40,(65,56)),10))),(((((38,68),66),45),(37,44)),(((51,74),71),((19,28),64)))),(25,(4,20))),((47,23),62)),((((60,(58,59)),53),((3,14),(31,2))),(((69,((70,26),(((11,36),61),8))),(46,32)),(41,(((7,48),1),16))))),(15,((12,30),9))),((63,39),13)),(52,57)),49);
Guide Tree 0/16
#NNI moves:0/152
Guide Tree 1/16
#NNI moves:0/152
Guide Tree 2/16
#NNI moves:0/152
Guide Tree 3/16
#NNI moves:0/152
Guide Tree 4/16
#NNI moves:0/152
Guide Tree 5/16
#NNI moves:0/152
Guide Tree 6/16
#NNI moves:0/152
Guide Tree 7/16
#NNI moves:0/152
Guide Tree 8/16
#NNI moves:0/152
Guide Tree 9/16
#NNI moves:0/152
Guide Tree 10/16
#NNI moves:0/152
Guide Tree 11/16
#NNI moves:0/152
Guide Tree 12/16
#NNI moves:0/152
Guide Tree 13/16
#NNI moves:0/152
Guide Tree 14/16
#NNI moves:0/152
Guide Tree 15/16
#NNI moves:0/152
Remaining: 0
#NNI moves:2/152
#NNI moves:2/152
((((((((((((((((((17,5),43),27),24),42),18),(67,(34,35))),(((29,54),((55,6),(73,33))),(((50,72),21),22))),(((56,65),40),10)),(((((((((89,92),87),83),((78,76),98)),86),(((84,99),85),(((95,90),88),79))),((91,93),(80,(81,(77,(94,96)))))),(82,(100,75))),97)),(((((38,68),66),45),(44,37)),((71,(51,74)),((19,28),64)))),((4,20),25)),((47,23),62)),((((60,(58,59)),53),((2,31),(3,14))),(((69,((((36,11),61),8),(70,26))),(32,46)),((((48,7),1),16),41)))),((9,(30,12)),15)),((39,63),13)),(52,57)),49);
Guide Tree 0/16
#NNI moves:0/152
Guide Tree 1/16
#NNI moves:0/152
Guide Tree 2/16
#NNI moves:0/152
Guide Tree 3/16
#NNI moves:0/152
Guide Tree 4/16
#NNI moves:0/152
Guide Tree 5/16
#NNI moves:0/152
Guide Tree 6/16
#NNI moves:0/152
Guide Tree 7/16
#NNI moves:0/152
Guide Tree 8/16
#NNI moves:0/152
Guide Tree 9/16
#NNI moves:0/152
Guide Tree 10/16
#NNI moves:0/152
Guide Tree 11/16
#NNI moves:0/152
Guide Tree 12/16
#NNI moves:0/152
Guide Tree 13/16
#NNI moves:2/152
Guide Tree 14/16
#NNI moves:0/152
Guide Tree 15/16
#NNI moves:2/152
Remaining: 0
#NNI moves:2/152
#NNI moves:2/152
((((((((((((((((88,(90,95)),79),((99,84),85)),(86,((((92,89),87),83),(98,(78,76))))),((91,93),(((77,(96,94)),81),80))),((75,100),82)),97),((((56,65),40),10),((((35,34),67),((((((17,5),43),27),24),42),18)),((((33,73),(6,55)),(54,29)),((21,(72,50)),22))))),((((19,28),64),((74,51),71)),(((66,(38,68)),45),(37,44)))),(25,(20,4))),((47,23),62)),((((69,(((61,(11,36)),8),(70,26))),(32,46)),((16,(1,(48,7))),41)),(((14,3),(31,2)),(((59,58),60),53)))),(15,(9,(30,12)))),((39,63),13)),(52,57)),49);
Guide Tree 0/16
#NNI moves:0/152
Guide Tree 1/16
#NNI moves:0/152
Guide Tree 2/16
#NNI moves:0/152
Guide Tree 3/16
#NNI moves:0/152
Guide Tree 4/16
#NNI moves:0/152
Guide Tree 5/16
#NNI moves:0/152
Guide Tree 6/16
#NNI moves:0/152
Guide Tree 7/16
#NNI moves:0/152
Guide Tree 8/16
#NNI moves:0/152
Guide Tree 9/16
#NNI moves:0/152
Guide Tree 10/16
#NNI moves:0/152
Guide Tree 11/16
#NNI moves:0/152
Guide Tree 12/16
#NNI moves:0/152
Guide Tree 13/16
#NNI moves:0/152
Guide Tree 14/16
#NNI moves:0/152
Guide Tree 15/16
#NNI moves:0/152
Remaining: 0
#NNI moves:0/152
#NNI moves:0/152
(((((((((((((((((76,78),98),((87,(92,89)),83)),86),((((90,95),88),79),(85,(84,99)))),(((81,((96,94),77)),80),(93,91))),(82,(100,75))),97),((((22,((50,72),21)),(((33,73),(6,55)),(54,29))),(((((27,((17,5),43)),24),42),18),(67,(34,35)))),((40,(56,65)),10))),(((64,(19,28)),((51,74),71)),((45,((38,68),66)),(37,44)))),((4,20),25)),(62,(47,23))),(((((((61,(11,36)),8),(26,70)),69),(46,32)),((((48,7),1),16),41)),((53,(60,(58,59))),((3,14),(2,31))))),(15,((30,12),9))),((63,39),13)),(52,57)),49);
Initial score: 1.07825e+09
Initial tree: (((((((((((((((((76,78),98),((87,(92,89)),83)),86),((((90,95),88),79),(85,(84,99)))),(((81,((96,94),77)),80),(93,91))),(82,(100,75))),97),((((22,((50,72),21)),(((33,73),(6,55)),(54,29))),(((((27,((17,5),43)),24),42),18),(67,(34,35)))),((40,(56,65)),10))),(((64,(19,28)),((51,74),71)),((45,((38,68),66)),(37,44)))),((4,20),25)),(62,(47,23))),(((((((61,(11,36)),8),(26,70)),69),(46,32)),((((48,7),1),16),41)),((53,(60,(58,59))),((3,14),(2,31))))),(15,((30,12),9))),((63,39),13)),(52,57)),49);
*** Subsample Process ***
Use two-step algorithm!
#NNI moves:0/152
Remaining: 0
#NNI moves:0/152
#NNI moves:0/152
((((((((((((((((((((61,(11,36)),8),(70,26)),69),(46,32)),((16,(1,(48,7))),41)),(((60,(58,59)),53),((31,2),(14,3)))),((((63,39),13),((52,57),49)),(((30,12),9),15))),((23,47),62)),((20,4),25)),(((64,(28,19)),(71,(51,74))),((37,44),(((68,38),66),45)))),(((((((27,(43,(17,5))),24),42),18),((34,35),67)),((((33,73),(55,6)),(29,54)),(22,(21,(72,50))))),(((65,56),40),10))),97),((75,100),82)),(((((96,94),77),81),80),(91,93))),(((83,((89,92),87)),((76,78),98)),86)),((99,84),85)),79),(95,90)),88);
#NNI moves:0/152
Remaining: 0
#NNI moves:2/152
#NNI moves:2/152
(((((((((((((((21,(50,72)),22),((54,29),((55,6),(73,33)))),(((((((5,17),43),27),24),42),18),((34,35),67))),(((65,56),40),10)),(((((((83,((89,92),87)),((78,76),98)),86),((((95,90),88),79),((84,99),85))),(((((94,96),77),81),80),(91,93))),((75,100),82)),97)),(((37,44),(((38,68),66),45)),(((74,51),71),((28,19),64)))),((4,20),25)),((47,23),62)),((((((((11,36),61),8),(70,26)),69),(46,32)),((16,(1,(48,7))),41)),((53,((59,58),60)),((14,3),(31,2))))),(15,(9,(30,12)))),((63,39),13)),49),57),52);
#NNI moves:0/152
Remaining: 0
#NNI moves:2/152
#NNI moves:2/152
((((((((((((((((((((36,11),61),8),(70,26)),69),(46,32)),(41,(16,((7,48),1)))),(((60,(59,58)),53),((2,31),(14,3)))),((15,(9,(30,12))),(((63,39),13),(49,(52,57))))),((47,23),62)),((4,20),25)),(((37,44),(((38,68),66),45)),((71,(51,74)),(64,(19,28))))),((((((((78,76),98),(((92,89),87),83)),86),((((90,95),88),79),((99,84),85))),(((81,((94,96),77)),80),(91,93))),((100,75),82)),97)),((40,(65,56)),10)),(((((((5,17),43),27),24),42),18),((34,35),67))),((21,(50,72)),22)),(54,29)),(33,73)),55),6);
#NNI moves:0/152
Remaining: 0
#NNI moves:2/152
#NNI moves:2/152
((((((((((((((((((((78,76),98),(((92,89),87),83)),86),((79,(88,(95,90))),(85,(99,84)))),((93,91),((81,((96,94),77)),80))),((75,100),82)),97),(((((29,54),((33,73),(6,55))),(((72,50),21),22)),(((35,34),67),((((((17,5),43),27),24),42),18))),((40,(65,56)),10))),((((74,51),71),(64,(19,28))),(((66,(68,38)),45),(44,37)))),((4,20),25)),(62,(23,47))),((15,((12,30),9)),((13,(39,63)),((57,52),49)))),(((60,(58,59)),53),((3,14),(31,2)))),(((1,(7,48)),16),41)),(46,32)),69),(((11,36),61),8)),26),70);
Current score: 1.07825e+09
Current tree: (((57,52),((13,(39,63)),((15,((12,30),9)),(((((((((((((78,76),98),(((92,89),87),83)),86),((79,(88,(95,90))),(85,(99,84)))),((93,91),((81,((96,94),77)),80))),((75,100),82)),97),(((((29,54),((33,73),(6,55))),(((72,50),21),22)),(((35,34),67),((((((17,5),43),27),24),42),18))),((40,(65,56)),10))),((((74,51),71),(64,(19,28))),(((66,(68,38)),45),(44,37)))),((4,20),25)),(62,(23,47))),((((60,(58,59)),53),((3,14),(31,2))),((((1,(7,48)),16),41),((46,32),(69,((((11,36),61),8),(26,70)))))))))),49);
Final Tree: (((57,52),((13,(39,63)),((15,((12,30),9)),(((((((((((((78,76),98),(((92,89),87),83)),86),((79,(88,(95,90))),(85,(99,84)))),((93,91),((81,((96,94),77)),80))),((75,100),82)),97),(((((29,54),((33,73),(6,55))),(((72,50),21),22)),(((35,34),67),((((((17,5),43),27),24),42),18))),((40,(65,56)),10))),((((74,51),71),(64,(19,28))),(((66,(68,38)),45),(44,37)))),((4,20),25)),(62,(23,47))),((((60,(58,59)),53),((3,14),(31,2))),((((1,(7,48)),16),41),((46,32),(69,((((11,36),61),8),(26,70)))))))))),49);
#EqQuartets: 1287470962
Score: 1078252067
ASTRAL for PaRalogs and Orthologs III (ASTRAL-Pro3)
*** NOW with integrated CASTLES-Pro ***
Version: v1.22.3.6
Read 512 genetrees and found 100 species.
#Genetrees: 999
#Duploss: 15876
#Species: 100
#Rounds: 4
#Samples: 4
#Threads: 1
Use two-step algorithm!
Guide Tree 0/16
#NNI moves:0/152
Guide Tree 1/16
#NNI moves:0/152
Guide Tree 2/16
#NNI moves:0/152
Guide Tree 3/16
#NNI moves:0/152
Guide Tree 4/16
#NNI moves:0/152
Guide Tree 5/16
#NNI moves:0/152
Guide Tree 6/16
#NNI moves:0/152
Guide Tree 7/16
#NNI moves:0/152
Guide Tree 8/16
#NNI moves:0/152
Guide Tree 9/16
#NNI moves:0/152
Guide Tree 10/16
#NNI moves:0/152
Guide Tree 11/16
#NNI moves:0/152
Guide Tree 12/16
#NNI moves:0/152
Guide Tree 13/16
#NNI moves:0/152
Guide Tree 14/16
#NNI moves:0/152
Guide Tree 15/16
#NNI moves:0/152
Remaining: 0
#NNI moves:0/152
#NNI moves:0/152
(((((((((((((20,37),59),((((80,45),((84,57),(75,54))),(((86,51),35),78)),((41,58),(25,40)))),11),(((98,(91,93)),((99,(92,97)),((94,90),96))),(100,95))),(((((((23,31),14),50),(42,24)),(29,(21,89))),73),((((32,68),(61,64)),((26,81),63)),(77,12)))),(((((83,39),6),((76,65),55)),((((((43,7),(47,19)),85),(8,(4,48))),(18,62)),(2,(5,27)))),((((16,15),71),((70,67),9)),36))),(((((33,38),(82,56)),(((74,1),52),((44,60),(66,79)))),(((34,(87,30)),53),(17,13))),(10,22))),3),(49,(69,72))),46),88),28);
Guide Tree 0/16
#NNI moves:0/152
Guide Tree 1/16
#NNI moves:0/152
Guide Tree 2/16
#NNI moves:0/152
Guide Tree 3/16
#NNI moves:0/152
Guide Tree 4/16
#NNI moves:0/152
Guide Tree 5/16
#NNI moves:0/152
Guide Tree 6/16
#NNI moves:0/152
Guide Tree 7/16
#NNI moves:0/152
Guide Tree 8/16
#NNI moves:0/152
Guide Tree 9/16
#NNI moves:0/152
Guide Tree 10/16
#NNI moves:0/152
Guide Tree 11/16
#NNI moves:0/152
Guide Tree 12/16
#NNI moves:0/152
Guide Tree 13/16
#NNI moves:0/152
Guide Tree 14/16
#NNI moves:0/152
Guide Tree 15/16
#NNI moves:0/152
Remaining: 0
#NNI moves:0/152
#NNI moves:0/152
(((((((((((77,12),((63,(81,26)),((64,61),(68,32)))),((((89,21),29),(((14,(23,31)),50),(42,24))),73)),(((((20,37),59),((((80,45),((54,75),(84,57))),((35,(51,86)),78)),((25,40),(41,58)))),11),(((((97,92),99),(96,(94,90))),((91,93),98)),(95,100)))),(((((67,70),9),((15,16),71)),36),((((65,76),55),((83,39),6)),((((8,(48,4)),(((7,43),(47,19)),85)),(18,62)),(2,(5,27)))))),((((((1,74),52),((79,66),(60,44))),((82,56),(33,38))),((((87,30),34),53),(13,17))),(10,22))),3),(49,(69,72))),46),88),28);
Guide Tree 0/16
#NNI moves:0/152
Guide Tree 1/16
#NNI moves:0/152
Guide Tree 2/16
#NNI moves:0/152
Guide Tree 3/16
#NNI moves:0/152
Guide Tree 4/16
#NNI moves:0/152
Guide Tree 5/16
#NNI moves:0/152
Guide Tree 6/16
#NNI moves:0/152
Guide Tree 7/16
#NNI moves:0/152
Guide Tree 8/16
#NNI moves:0/152
Guide Tree 9/16
#NNI moves:0/152
Guide Tree 10/16
#NNI moves:0/152
Guide Tree 11/16
#NNI moves:0/152
Guide Tree 12/16
#NNI moves:0/152
Guide Tree 13/16
#NNI moves:0/152
Guide Tree 14/16
#NNI moves:0/152
Guide Tree 15/16
#NNI moves:0/152
Remaining: 0
#NNI moves:0/152
#NNI moves:0/152
((((((((((((((((84,57),(75,54)),(45,80)),(78,((86,51),35))),((41,58),(25,40))),(59,(37,20))),11),(((((92,97),99),((94,90),96)),(98,(91,93))),(95,100))),(((((89,21),29),((((23,31),14),50),(42,24))),73),((12,77),(((81,26),63),((64,61),(32,68)))))),(((((((4,48),8),(((19,47),(43,7)),85)),(62,18)),((27,5),2)),((6,(39,83)),((76,65),55))),((((70,67),9),(71,(15,16))),36))),((((((1,74),52),((79,66),(44,60))),((38,33),(82,56))),((17,13),((34,(30,87)),53))),(22,10))),3),(49,(69,72))),46),88),28);
Guide Tree 0/16
#NNI moves:0/152
Guide Tree 1/16
#NNI moves:0/152
Guide Tree 2/16
#NNI moves:0/152
Guide Tree 3/16
#NNI moves:0/152
Guide Tree 4/16
#NNI moves:0/152
Guide Tree 5/16
#NNI moves:0/152
Guide Tree 6/16
#NNI moves:0/152
Guide Tree 7/16
#NNI moves:0/152
Guide Tree 8/16
#NNI moves:0/152
Guide Tree 9/16
#NNI moves:0/152
Guide Tree 10/16
#NNI moves:0/152
Guide Tree 11/16
#NNI moves:0/152
Guide Tree 12/16
#NNI moves:0/152
Guide Tree 13/16
#NNI moves:0/152
Guide Tree 14/16
#NNI moves:0/152
Guide Tree 15/16
#NNI moves:0/152
Remaining: 0
#NNI moves:0/152
#NNI moves:0/152
(((((((((((((93,91),98),(((90,94),96),((97,92),99))),(95,100)),(((((((75,54),(84,57)),(80,45)),(((51,86),35),78)),((40,25),(41,58))),((37,20),59)),11)),((((((14,(23,31)),50),(24,42)),((21,89),29)),73),((77,12),(((68,32),(61,64)),((26,81),63))))),(((((39,83),6),((76,65),55)),((((8,(4,48)),(((43,7),(47,19)),85)),(62,18)),(2,(5,27)))),(((9,(70,67)),((16,15),71)),36))),((((((66,79),(44,60)),(52,(1,74))),((33,38),(82,56))),(((34,(30,87)),53),(17,13))),(22,10))),3),((69,72),49)),46),88),28);
Initial score: 1.19853e+09
Initial tree: (((((((((((((93,91),98),(((90,94),96),((97,92),99))),(95,100)),(((((((75,54),(84,57)),(80,45)),(((51,86),35),78)),((40,25),(41,58))),((37,20),59)),11)),((((((14,(23,31)),50),(24,42)),((21,89),29)),73),((77,12),(((68,32),(61,64)),((26,81),63))))),(((((39,83),6),((76,65),55)),((((8,(4,48)),(((43,7),(47,19)),85)),(62,18)),(2,(5,27)))),(((9,(70,67)),((16,15),71)),36))),((((((66,79),(44,60)),(52,(1,74))),((33,38),(82,56))),(((34,(30,87)),53),(17,13))),(22,10))),3),((69,72),49)),46),88),28);
*** Subsample Process ***
Use two-step algorithm!
#NNI moves:0/152
Remaining: 0
#NNI moves:0/152
#NNI moves:0/152
(((((((((((((((44,60),(79,66)),(52,(1,74))),((38,33),(56,82))),((17,13),(53,(34,(87,30))))),(22,10)),((((69,72),49),((88,28),46)),3)),(((((((48,4),8),(((7,43),(47,19)),85)),(62,18)),((5,27),2)),((6,(83,39)),((76,65),55))),((((16,15),71),((67,70),9)),36))),(((((((23,31),14),50),(24,42)),(29,(89,21))),73),((((32,68),(61,64)),((81,26),63)),(12,77)))),(((((58,41),(25,40)),((((75,54),(57,84)),(45,80)),(((51,86),35),78))),((20,37),59)),11)),(95,100)),(((92,97),99),((94,90),96))),98),93),91);
#NNI moves:0/152
Remaining: 0
#NNI moves:0/152
#NNI moves:0/152
(((((((((((((((35,(86,51)),78),((45,80),((57,84),(75,54)))),((40,25),(41,58))),((37,20),59)),11),((((93,91),98),(((92,97),99),((94,90),96))),(95,100))),(((((50,(14,(31,23))),(24,42)),((89,21),29)),73),((((32,68),(61,64)),((81,26),63)),(12,77)))),((((((8,(4,48)),(((7,43),(47,19)),85)),(62,18)),((27,5),2)),(((83,39),6),((76,65),55))),((((16,15),71),((67,70),9)),36))),((((((60,44),(79,66)),((74,1),52)),((38,33),(82,56))),((17,13),(((30,87),34),53))),(10,22))),3),(49,(69,72))),46),28),88);
#NNI moves:0/152
Remaining: 0
#NNI moves:2/152
#NNI moves:2/152
(((((((((((((((((60,44),(79,66)),((74,1),52)),((82,56),(33,38))),((17,13),((34,(30,87)),53))),(10,22)),((((69,72),49),((28,88),46)),3)),(((((39,83),6),((76,65),55)),((((((7,43),(47,19)),85),((4,48),8)),(62,18)),((27,5),2))),(((71,(15,16)),((70,67),9)),36))),(((((((31,23),14),50),(24,42)),(29,(89,21))),73),((((26,81),63),((32,68),(61,64))),(12,77)))),((((96,(94,90)),(99,(92,97))),(98,(93,91))),(100,95))),11),((20,37),59)),((40,25),(58,41))),(((86,51),35),78)),((54,75),(84,57))),80),45);
#NNI moves:0/152
Remaining: 1
#NNI moves:2/152
#NNI moves:2/152
((((((((((((((((((51,86),35),78),(((75,54),(84,57)),(45,80))),((40,25),(41,58))),((20,37),59)),11),(((((94,90),96),(99,(92,97))),(98,(91,93))),(95,100))),(((((((23,31),14),50),(24,42)),((21,89),29)),73),((((32,68),(61,64)),((26,81),63)),(77,12)))),((((((((19,47),(7,43)),85),((48,4),8)),(18,62)),(2,(5,27))),((6,(83,39)),((76,65),55))),((((70,67),9),(71,(16,15))),36))),(3,(((72,69),49),(46,(88,28))))),(10,22)),((((87,30),34),53),(13,17))),((38,33),(56,82))),((74,1),52)),(44,60)),79),66);
Current score: 1.19853e+09
Current tree: ((88,(46,(((72,69),49),(3,(((((((((((51,86),35),78),(((75,54),(84,57)),(45,80))),((40,25),(41,58))),((20,37),59)),11),(((((94,90),96),(99,(92,97))),(98,(91,93))),(95,100))),(((((((23,31),14),50),(24,42)),((21,89),29)),73),((((32,68),(61,64)),((26,81),63)),(77,12)))),((((((((19,47),(7,43)),85),((48,4),8)),(18,62)),(2,(5,27))),((6,(83,39)),((76,65),55))),((((70,67),9),(71,(16,15))),36))),((10,22),(((((87,30),34),53),(13,17)),(((38,33),(56,82)),(((74,1),52),((44,60),(79,66))))))))))),28);
Final Tree: ((88,(46,(((72,69),49),(3,(((((((((((51,86),35),78),(((75,54),(84,57)),(45,80))),((40,25),(41,58))),((20,37),59)),11),(((((94,90),96),(99,(92,97))),(98,(91,93))),(95,100))),(((((((23,31),14),50),(24,42)),((21,89),29)),73),((((32,68),(61,64)),((26,81),63)),(77,12)))),((((((((19,47),(7,43)),85),((48,4),8)),(18,62)),(2,(5,27))),((6,(83,39)),((76,65),55))),((((70,67),9),(71,(16,15))),36))),((10,22),(((((87,30),34),53),(13,17)),(((38,33),(56,82)),(((74,1),52),((44,60),(79,66))))))))))),28);
#EqQuartets: 1404562586
Score: 1198533874
ASTRAL for PaRalogs and Orthologs III (ASTRAL-Pro3)
*** NOW with integrated CASTLES-Pro ***
Version: v1.22.3.6
Read 512 genetrees and found 100 species.
#Genetrees: 999
#Duploss: 18151
#Species: 100
#Rounds: 4
#Samples: 4
#Threads: 1
Use two-step algorithm!
Guide Tree 0/16
#NNI moves:0/152
Guide Tree 1/16
#NNI moves:0/152
Guide Tree 2/16
#NNI moves:0/152
Guide Tree 3/16
#NNI moves:0/152
Guide Tree 4/16
#NNI moves:0/152
Guide Tree 5/16
#NNI moves:0/152
Guide Tree 6/16
#NNI moves:0/152
Guide Tree 7/16
#NNI moves:0/152
Guide Tree 8/16
#NNI moves:0/152
Guide Tree 9/16
#NNI moves:0/152
Guide Tree 10/16
#NNI moves:0/152
Guide Tree 11/16
#NNI moves:0/152
Guide Tree 12/16
#NNI moves:0/152
Guide Tree 13/16
#NNI moves:0/152
Guide Tree 14/16
#NNI moves:0/152
Guide Tree 15/16
#NNI moves:0/152
Remaining: 1
#NNI moves:0/152
#NNI moves:0/152
((((((((((((6,84),15),((28,34),(27,2))),((((3,48),(65,32)),(99,21)),((((91,22),58),(((11,13),(7,76)),((9,97),54))),(((38,74),36),40)))),((4,62),(41,57))),(((78,((5,100),90)),18),(49,95))),((82,12),((((25,(63,14)),(46,10)),((44,31),45)),(70,83)))),(((((((55,47),((66,(77,61)),26)),(39,30)),(((23,17),((16,87),(80,52))),75)),(68,93)),((73,(69,79)),8)),1)),((((72,24),33),43),(59,89))),((((19,20),(85,((35,(50,98)),60))),56),(((29,42),((51,92),67)),(71,81)))),(((96,86),((88,53),64)),94)),37);
Guide Tree 0/16
#NNI moves:0/152
Guide Tree 1/16
#NNI moves:0/152
Guide Tree 2/16
#NNI moves:0/152
Guide Tree 3/16
#NNI moves:0/152
Guide Tree 4/16
#NNI moves:0/152
Guide Tree 5/16
#NNI moves:0/152
Guide Tree 6/16
#NNI moves:0/152
Guide Tree 7/16
#NNI moves:0/152
Guide Tree 8/16
#NNI moves:0/152
Guide Tree 9/16
#NNI moves:0/152
Guide Tree 10/16
#NNI moves:0/152
Guide Tree 11/16
#NNI moves:0/152
Guide Tree 12/16
#NNI moves:0/152
Guide Tree 13/16
#NNI moves:0/152
Guide Tree 14/16
#NNI moves:0/152
Guide Tree 15/16
#NNI moves:0/152
Remaining: 0
#NNI moves:6/152
#NNI moves:6/152
(((((((((((((58,(22,91)),(((13,11),(7,76)),((9,97),54))),((36,(74,38)),40)),((21,99),((65,32),(3,48)))),(((2,27),(34,28)),(15,(6,84)))),((57,41),(62,4))),(((78,((100,5),90)),18),(95,49))),((82,12),(((((14,63),25),(46,10)),((44,31),45)),(70,83)))),((((((((66,(77,61)),26),(55,47)),(30,39)),((((52,80),(87,16)),(17,23)),75)),(68,93)),(((69,79),73),8)),1)),(((33,(24,72)),43),(89,59))),(((((((98,50),35),60),85),(20,19)),56),((81,71),((29,42),((92,51),67))))),(((96,86),(64,(88,53))),94)),37);
Guide Tree 0/16
#NNI moves:0/152
Guide Tree 1/16
#NNI moves:0/152
Guide Tree 2/16
#NNI moves:0/152
Guide Tree 3/16
#NNI moves:0/152
Guide Tree 4/16
#NNI moves:0/152
Guide Tree 5/16
#NNI moves:0/152
Guide Tree 6/16
#NNI moves:0/152
Guide Tree 7/16
#NNI moves:0/152
Guide Tree 8/16
#NNI moves:0/152
Guide Tree 9/16
#NNI moves:0/152
Guide Tree 10/16
#NNI moves:0/152
Guide Tree 11/16
#NNI moves:0/152
Guide Tree 12/16
#NNI moves:0/152
Guide Tree 13/16
#NNI moves:0/152
Guide Tree 14/16
#NNI moves:0/152
Guide Tree 15/16
#NNI moves:0/152
Remaining: 0
#NNI moves:0/152
#NNI moves:0/152
(((((((((((46,10),((63,14),25)),((44,31),45)),(70,83)),(82,12)),((((((((22,91),58),(((97,9),54),((11,13),(7,76)))),(((74,38),36),40)),(((48,3),(65,32)),(99,21))),(((2,27),(34,28)),((6,84),15))),((57,41),(62,4))),(((((5,100),90),78),18),(49,95)))),((((((39,30),((((61,77),66),26),(55,47))),((((87,16),(80,52)),(17,23)),75)),(68,93)),(((79,69),73),8)),1)),(((33,(72,24)),43),(89,59))),((((((35,(98,50)),60),85),(20,19)),56),(((29,42),(67,(51,92))),(81,71)))),(((64,(88,53)),(96,86)),94)),37);
Guide Tree 0/16
#NNI moves:0/152
Guide Tree 1/16
#NNI moves:0/152
Guide Tree 2/16
#NNI moves:0/152
Guide Tree 3/16
#NNI moves:0/152
Guide Tree 4/16
#NNI moves:0/152
Guide Tree 5/16
#NNI moves:0/152
Guide Tree 6/16
#NNI moves:0/152
Guide Tree 7/16
#NNI moves:0/152
Guide Tree 8/16
#NNI moves:0/152
Guide Tree 9/16
#NNI moves:0/152
Guide Tree 10/16
#NNI moves:0/152
Guide Tree 11/16
#NNI moves:0/152
Guide Tree 12/16
#NNI moves:0/152
Guide Tree 13/16
#NNI moves:0/152
Guide Tree 14/16
#NNI moves:0/152
Guide Tree 15/16
#NNI moves:0/152
Remaining: 0
#NNI moves:0/152
#NNI moves:0/152
((((((((((((6,84),15),((27,2),(28,34))),((((58,(91,22)),(((9,97),54),((76,7),(13,11)))),(((38,74),36),40)),(((3,48),(65,32)),(99,21)))),((4,62),(57,41))),((49,95),(18,(78,(90,(100,5)))))),((12,82),((((10,46),(25,(63,14))),((44,31),45)),(83,70)))),(((8,(73,(79,69))),((93,68),((((55,47),(((77,61),66),26)),(39,30)),((((52,80),(16,87)),(17,23)),75)))),1)),((89,59),(43,((24,72),33)))),((((67,(51,92)),(29,42)),(71,81)),((((((50,98),35),60),85),(19,20)),56))),(((86,96),((88,53),64)),94)),37);
Initial score: 1.08023e+09
Initial tree: ((((((((((((6,84),15),((27,2),(28,34))),((((58,(91,22)),(((9,97),54),((76,7),(13,11)))),(((38,74),36),40)),(((3,48),(65,32)),(99,21)))),((4,62),(57,41))),((49,95),(18,(78,(90,(100,5)))))),((12,82),((((10,46),(25,(63,14))),((44,31),45)),(83,70)))),(((8,(73,(79,69))),((93,68),((((55,47),(((77,61),66),26)),(39,30)),((((52,80),(16,87)),(17,23)),75)))),1)),((89,59),(43,((24,72),33)))),((((67,(51,92)),(29,42)),(71,81)),((((((50,98),35),60),85),(19,20)),56))),(((86,96),((88,53),64)),94)),37);
*** Subsample Process ***
Use two-step algorithm!
#NNI moves:0/152
Remaining: 1
#NNI moves:0/152
#NNI moves:0/152
(((((((((((((((((66,(77,61)),26),(55,47)),(30,39)),((((87,16),(80,52)),(17,23)),75)),(93,68)),((73,(79,69)),8)),1),((((((29,42),((51,92),67)),(81,71)),((((60,((98,50),35)),85),(19,20)),56)),(((((88,53),64),(86,96)),94),37)),((43,((24,72),33)),(59,89)))),(((((31,44),45),((10,46),((14,63),25))),(70,83)),(82,12))),((((90,(100,5)),78),18),(49,95))),((4,62),(57,41))),((((65,32),(48,3)),(21,99)),((((74,38),36),40),((((9,97),54),((11,13),(7,76))),((91,22),58))))),((6,84),15)),(34,28)),2),27);
#NNI moves:2/152
Remaining: 0
#NNI moves:18/152
#NNI moves:18/152
((((((((((((((((6,84),15),((27,2),(28,34))),(((((54,(9,97)),((76,7),(11,13))),((22,91),58)),(((74,38),36),40)),(((48,3),(65,32)),(21,99)))),((41,57),(4,62))),((((90,(100,5)),78),18),(95,49))),((((((63,14),25),(46,10)),((44,31),45)),(83,70)),(82,12))),((((68,93),((((((61,77),66),26),(47,55)),(39,30)),((((87,16),(80,52)),(17,23)),75))),((73,(79,69)),8)),1)),((59,89),((33,(72,24)),43))),((((85,(60,((98,50),35))),(19,20)),56),((((51,92),67),(42,29)),(81,71)))),37),94),(96,86)),64),53),88);
#NNI moves:0/152
Remaining: 0
#NNI moves:0/152
#NNI moves:0/152
(((((((((((((((((66,(61,77)),26),(47,55)),(39,30)),(75,((23,17),((87,16),(80,52))))),(93,68)),(((79,69),73),8)),1),(((((((51,92),67),(42,29)),(81,71)),(56,((20,19),(((35,(98,50)),60),85)))),((((96,86),(64,(88,53))),94),37)),((89,59),(((24,72),33),43)))),((((((14,63),25),(10,46)),((31,44),45)),(83,70)),(82,12))),((((90,(100,5)),78),18),(49,95))),((41,57),(4,62))),(((((38,74),36),40),(((22,91),58),(((76,7),(11,13)),((9,97),54)))),((21,99),((65,32),(3,48))))),((6,84),15)),(28,34)),2),27);
#NNI moves:0/152
Remaining: 0
#NNI moves:0/152
#NNI moves:0/152
((((((((((((((((((13,11),(7,76)),((97,9),54)),((91,22),58)),(((38,74),36),40)),(((65,32),(48,3)),(21,99))),(((84,6),15),((28,34),(2,27)))),((57,41),(4,62))),((18,(((5,100),90),78)),(49,95))),((((((63,14),25),(10,46)),((44,31),45)),(83,70)),(12,82))),((((((((66,(77,61)),26),(55,47)),(30,39)),(((17,23),((80,52),(16,87))),75)),(93,68)),((73,(69,79)),8)),1)),((89,59),((33,(72,24)),43))),((((29,42),((51,92),67)),(71,81)),(((((35,(98,50)),60),85),(19,20)),56))),37),94),(64,(53,88))),86),96);
Current score: 1.08023e+09
Current tree: (((((((((((((((13,11),(7,76)),((97,9),54)),((91,22),58)),(((38,74),36),40)),(((65,32),(48,3)),(21,99))),(((84,6),15),((28,34),(2,27)))),((57,41),(4,62))),((18,(((5,100),90),78)),(49,95))),((((((63,14),25),(10,46)),((44,31),45)),(83,70)),(12,82))),((((((((66,(77,61)),26),(55,47)),(30,39)),(((17,23),((80,52),(16,87))),75)),(93,68)),((73,(69,79)),8)),1)),((89,59),((33,(72,24)),43))),((((29,42),((51,92),67)),(71,81)),(((((35,(98,50)),60),85),(19,20)),56))),(94,((64,(53,88)),(86,96)))),37);
Final Tree: (((((((((((((((13,11),(7,76)),((97,9),54)),((91,22),58)),(((38,74),36),40)),(((65,32),(48,3)),(21,99))),(((84,6),15),((28,34),(2,27)))),((57,41),(4,62))),((18,(((5,100),90),78)),(49,95))),((((((63,14),25),(10,46)),((44,31),45)),(83,70)),(12,82))),((((((((66,(77,61)),26),(55,47)),(30,39)),(((17,23),((80,52),(16,87))),75)),(93,68)),((73,(69,79)),8)),1)),((89,59),((33,(72,24)),43))),((((29,42),((51,92),67)),(71,81)),(((((35,(98,50)),60),85),(19,20)),56))),(94,((64,(53,88)),(86,96)))),37);
#EqQuartets: 1280321498
Score: 1080232427
ASTRAL for PaRalogs and Orthologs III (ASTRAL-Pro3)
*** NOW with integrated CASTLES-Pro ***
Version: v1.22.3.6
Read 512 genetrees and found 100 species.
#Genetrees: 999
#Duploss: 18168
#Species: 100
#Rounds: 4
#Samples: 4
#Threads: 1
Use two-step algorithm!
Guide Tree 0/16
#NNI moves:0/152
Guide Tree 1/16
#NNI moves:0/152
Guide Tree 2/16
#NNI moves:0/152
Guide Tree 3/16
#NNI moves:0/152
Guide Tree 4/16
#NNI moves:0/152
Guide Tree 5/16
#NNI moves:0/152
Guide Tree 6/16
#NNI moves:0/152
Guide Tree 7/16
#NNI moves:0/152
Guide Tree 8/16
#NNI moves:0/152
Guide Tree 9/16
#NNI moves:0/152
Guide Tree 10/16
#NNI moves:0/152
Guide Tree 11/16
#NNI moves:0/152
Guide Tree 12/16
#NNI moves:0/152
Guide Tree 13/16
#NNI moves:0/152
Guide Tree 14/16
#NNI moves:0/152
Guide Tree 15/16
#NNI moves:0/152
Remaining: 0
#NNI moves:0/152
#NNI moves:0/152
((((((((((((53,82),68),((((49,(78,21)),27),32),((83,96),50))),(46,41)),((86,54),65)),29),((((44,((47,98),35)),60),(((30,67),(71,36)),59)),((20,90),((((((43,64),93),80),(((24,72),99),33)),(81,62)),22)))),((((((((((2,17),((8,18),7)),19),((15,(13,12)),(10,14))),((3,6),5)),(((11,16),9),1)),4),(((75,94),39),(92,51))),(((((28,79),(95,91)),97),(((56,48),((63,66),100)),23)),26)),((87,31),34))),((((74,85),89),((40,88),(38,58))),((((70,76),(25,(57,37))),77),55))),42),(((84,73),69),(45,61))),52);
Guide Tree 0/16
#NNI moves:0/152
Guide Tree 1/16
#NNI moves:0/152
Guide Tree 2/16
#NNI moves:0/152
Guide Tree 3/16
#NNI moves:0/152
Guide Tree 4/16
#NNI moves:0/152
Guide Tree 5/16
#NNI moves:0/152
Guide Tree 6/16
#NNI moves:0/152
Guide Tree 7/16
#NNI moves:0/152
Guide Tree 8/16
#NNI moves:0/152
Guide Tree 9/16
#NNI moves:0/152
Guide Tree 10/16
#NNI moves:0/152
Guide Tree 11/16
#NNI moves:0/152
Guide Tree 12/16
#NNI moves:0/152
Guide Tree 13/16
#NNI moves:0/152
Guide Tree 14/16
#NNI moves:0/152
Guide Tree 15/16
#NNI moves:0/152
Remaining: 0
#NNI moves:6/152
#NNI moves:6/152
((((((((((((((14,10),(15,(12,13))),(((2,17),((18,8),7)),19)),((3,6),5)),(1,(9,(16,11)))),4),((51,92),(39,(94,75)))),(((((48,56),((66,63),100)),23),(((95,91),(28,79)),97)),26)),((87,31),34)),((((((81,62),(((99,(24,72)),33),(80,(93,(43,64))))),22),(90,20)),((((71,36),(67,30)),59),((((98,47),35),44),60))),((((((53,82),68),(((83,96),50),((((21,78),49),27),32))),(46,41)),(65,(54,86))),29))),((((((37,57),25),(70,76)),77),55),(((74,85),89),((58,38),(88,40))))),42),(((73,84),69),(45,61))),52);
Guide Tree 0/16
#NNI moves:0/152
Guide Tree 1/16
#NNI moves:0/152
Guide Tree 2/16
#NNI moves:0/152
Guide Tree 3/16
#NNI moves:0/152
Guide Tree 4/16
#NNI moves:0/152
Guide Tree 5/16
#NNI moves:0/152
Guide Tree 6/16
#NNI moves:0/152
Guide Tree 7/16
#NNI moves:0/152
Guide Tree 8/16
#NNI moves:0/152
Guide Tree 9/16
#NNI moves:0/152
Guide Tree 10/16
#NNI moves:0/152
Guide Tree 11/16
#NNI moves:0/152
Guide Tree 12/16
#NNI moves:0/152
Guide Tree 13/16
#NNI moves:0/152
Guide Tree 14/16
#NNI moves:0/152
Guide Tree 15/16
#NNI moves:0/152
Remaining: 0
#NNI moves:10/152
#NNI moves:12/152
((((((((((((33,((72,24),99)),(((43,64),93),80)),(81,62)),22),(20,90)),((59,((36,71),(30,67))),((44,((98,47),35)),60))),(((((((27,((78,21),49)),32),((96,83),50)),(68,(82,53))),(46,41)),((54,86),65)),29)),((((((((19,((7,(8,18)),(17,2))),((14,10),((12,13),15))),((3,6),5)),(1,((16,11),9))),4),((51,92),((75,94),39))),(((97,((79,28),(91,95))),(((48,56),(100,(66,63))),23)),26)),((87,31),34))),((((38,58),(88,40)),(89,(74,85))),(((((37,57),25),(76,70)),77),55))),42),((45,61),(69,(84,73)))),52);
Guide Tree 0/16
#NNI moves:0/152
Guide Tree 1/16
#NNI moves:0/152
Guide Tree 2/16
#NNI moves:0/152
Guide Tree 3/16
#NNI moves:0/152
Guide Tree 4/16
#NNI moves:0/152
Guide Tree 5/16
#NNI moves:0/152
Guide Tree 6/16
#NNI moves:0/152
Guide Tree 7/16
#NNI moves:0/152
Guide Tree 8/16
#NNI moves:0/152
Guide Tree 9/16
#NNI moves:0/152
Guide Tree 10/16
#NNI moves:0/152
Guide Tree 11/16
#NNI moves:0/152
Guide Tree 12/16
#NNI moves:0/152
Guide Tree 13/16
#NNI moves:0/152
Guide Tree 14/16
#NNI moves:0/152
Guide Tree 15/16
#NNI moves:0/152
Remaining: 0
#NNI moves:0/152
#NNI moves:0/152
(((((((((((((6,3),5),((((7,(8,18)),(2,17)),19),((14,10),((12,13),15)))),(((16,11),9),1)),4),(((94,75),39),(92,51))),(((((91,95),(28,79)),97),(((48,56),((63,66),100)),23)),26)),((31,87),34)),((((((35,(47,98)),44),60),(((30,67),(71,36)),59)),(((((((72,24),99),33),((93,(43,64)),80)),(62,81)),22),(90,20))),(29,(((((82,53),68),((((49,(21,78)),27),32),((96,83),50))),(41,46)),((86,54),65))))),(((((25,(37,57)),(70,76)),77),55),(((58,38),(88,40)),((74,85),89)))),42),((69,(84,73)),(45,61))),52);
Initial score: 1.13437e+09
Initial tree: (((((((((((((6,3),5),((((7,(8,18)),(2,17)),19),((14,10),((12,13),15)))),(((16,11),9),1)),4),(((94,75),39),(92,51))),(((((91,95),(28,79)),97),(((48,56),((63,66),100)),23)),26)),((31,87),34)),((((((35,(47,98)),44),60),(((30,67),(71,36)),59)),(((((((72,24),99),33),((93,(43,64)),80)),(62,81)),22),(90,20))),(29,(((((82,53),68),((((49,(21,78)),27),32),((96,83),50))),(41,46)),((86,54),65))))),(((((25,(37,57)),(70,76)),77),55),(((58,38),(88,40)),((74,85),89)))),42),((69,(84,73)),(45,61))),52);
*** Subsample Process ***
Use two-step algorithm!
#NNI moves:2/152
Remaining: 0
#NNI moves:4/152
#NNI moves:4/152
((((((((((((((((98,47),35),44),60),(((30,67),(36,71)),59)),(((((((64,43),93),80),(((72,24),99),33)),(81,62)),22),(90,20))),(((((((((78,21),49),27),32),(50,(96,83))),((53,82),68)),(46,41)),((54,86),65)),29)),((((((25,(37,57)),(76,70)),77),55),(((38,58),(88,40)),(89,(74,85)))),((((69,(73,84)),(61,45)),52),42))),((31,87),34)),(((97,((28,79),(91,95))),(((56,48),((66,63),100)),23)),26)),(((75,94),39),(51,92))),4),(((16,11),9),1)),((19,((2,17),((8,18),7))),((10,14),((12,13),15)))),(3,6)),5);
#NNI moves:0/152
Remaining: 0
#NNI moves:0/152
#NNI moves:0/152
((((((((((((((47,98),35),44),60),(((30,67),(71,36)),59)),((((((93,(43,64)),80),(((24,72),99),33)),(62,81)),22),(20,90))),((((54,86),65),((((82,53),68),((32,(27,((78,21),49))),((96,83),50))),(41,46))),29)),((((((((((2,17),((8,18),7)),19),(((13,12),15),(10,14))),(5,(3,6))),(((16,11),9),1)),4),((51,92),((94,75),39))),(((((28,79),(91,95)),97),((((63,66),100),(56,48)),23)),26)),((87,31),34))),((((((57,37),25),(76,70)),77),55),(((38,58),(88,40)),((74,85),89)))),42),52),(61,45)),(84,73)),69);
#NNI moves:0/152
Remaining: 0
#NNI moves:0/152
#NNI moves:0/152
(((((((((((((((((8,18),7),(2,17)),19),((15,(12,13)),(10,14))),(5,(3,6))),(((16,11),9),1)),4),(((94,75),39),(51,92))),(((((79,28),(95,91)),97),((((63,66),100),(48,56)),23)),26)),((31,87),34)),(((((((57,37),25),(70,76)),77),55),(((74,85),89),((40,88),(38,58)))),(((((73,84),69),(61,45)),52),42))),((((54,86),65),((((53,82),68),(((((21,78),49),27),32),((83,96),50))),(46,41))),29)),((((((99,(72,24)),33),((93,(64,43)),80)),(62,81)),22),(20,90))),(((36,71),(67,30)),59)),(44,(35,(47,98)))),60);
#NNI moves:0/152
Remaining: 0
#NNI moves:0/152
#NNI moves:0/152
((((((((((((((53,82),68),((((49,(78,21)),27),32),((96,83),50))),(41,46)),(65,(86,54))),29),((((((((72,24),99),33),((93,(43,64)),80)),(81,62)),22),(90,20)),(((44,((98,47),35)),60),(((67,30),(36,71)),59)))),(((((((((15,(12,13)),(10,14)),(19,(((8,18),7),(2,17)))),((6,3),5)),((9,(11,16)),1)),4),(((75,94),39),(92,51))),(((((28,79),(95,91)),97),(((56,48),((63,66),100)),23)),26)),((31,87),34))),(((((76,70),((37,57),25)),77),55),(((88,40),(38,58)),((85,74),89)))),42),52),((84,73),69)),61),45);
Current score: 1.13437e+09
Current tree: ((((((((((((53,82),68),((((49,(78,21)),27),32),((96,83),50))),(41,46)),(65,(86,54))),29),((((((((72,24),99),33),((93,(43,64)),80)),(81,62)),22),(90,20)),(((44,((98,47),35)),60),(((67,30),(36,71)),59)))),(((((((((15,(12,13)),(10,14)),(19,(((8,18),7),(2,17)))),((6,3),5)),((9,(11,16)),1)),4),(((75,94),39),(92,51))),(((((28,79),(95,91)),97),(((56,48),((63,66),100)),23)),26)),((31,87),34))),(((((76,70),((37,57),25)),77),55),(((88,40),(38,58)),((85,74),89)))),42),(((84,73),69),(61,45))),52);
Final Tree: ((((((((((((53,82),68),((((49,(78,21)),27),32),((96,83),50))),(41,46)),(65,(86,54))),29),((((((((72,24),99),33),((93,(43,64)),80)),(81,62)),22),(90,20)),(((44,((98,47),35)),60),(((67,30),(36,71)),59)))),(((((((((15,(12,13)),(10,14)),(19,(((8,18),7),(2,17)))),((6,3),5)),((9,(11,16)),1)),4),(((75,94),39),(92,51))),(((((28,79),(95,91)),97),(((56,48),((63,66),100)),23)),26)),((31,87),34))),(((((76,70),((37,57),25)),77),55),(((88,40),(38,58)),((85,74),89)))),42),(((84,73),69),(61,45))),52);
#EqQuartets: 1325835438
Score: 1134373686
ASTRAL for PaRalogs and Orthologs III (ASTRAL-Pro3)
*** NOW with integrated CASTLES-Pro ***
Version: v1.22.3.6
Read 512 genetrees and found 100 species.
#Genetrees: 1000
#Duploss: 18596
#Species: 100
#Rounds: 4
#Samples: 4
#Threads: 1
Use two-step algorithm!
Guide Tree 0/16
#NNI moves:0/152
Guide Tree 1/16
#NNI moves:0/152
Guide Tree 2/16
#NNI moves:0/152
Guide Tree 3/16
#NNI moves:0/152
Guide Tree 4/16
#NNI moves:0/152
Guide Tree 5/16
#NNI moves:0/152
Guide Tree 6/16
#NNI moves:0/152
Guide Tree 7/16
#NNI moves:0/152
Guide Tree 8/16
#NNI moves:0/152
Guide Tree 9/16
#NNI moves:0/152
Guide Tree 10/16
#NNI moves:0/152
Guide Tree 11/16
#NNI moves:0/152
Guide Tree 12/16
#NNI moves:0/152
Guide Tree 13/16
#NNI moves:0/152
Guide Tree 14/16
#NNI moves:0/152
Guide Tree 15/16
#NNI moves:0/152
Remaining: 0
#NNI moves:0/152
#NNI moves:0/152
(((((((((((((((81,(60,55)),28),84),63),(94,((((78,45),(47,80)),(26,57)),(54,56)))),((27,(74,79)),((((66,29),88),(67,93)),((82,61),32)))),(((((((83,90),(65,(97,36))),(((92,40),31),76)),(((73,34),42),(69,53))),44),(43,71)),(((52,(70,38)),100),89))),49),30),((((50,48),(72,77)),((((75,35),(58,33)),99),(85,(64,(39,51))))),((((((98,46),(95,(87,41))),(25,86)),(62,96)),((37,59),68)),91))),((((((21,24),(1,10)),((19,16),(23,18))),(7,2)),(((15,4),9),(20,11))),(13,3))),((14,8),(12,17))),22),6),5);
Guide Tree 0/16
#NNI moves:0/152
Guide Tree 1/16
#NNI moves:0/152
Guide Tree 2/16
#NNI moves:0/152
Guide Tree 3/16
#NNI moves:0/152
Guide Tree 4/16
#NNI moves:0/152
Guide Tree 5/16
#NNI moves:0/152
Guide Tree 6/16
#NNI moves:0/152
Guide Tree 7/16
#NNI moves:0/152
Guide Tree 8/16
#NNI moves:0/152
Guide Tree 9/16
#NNI moves:0/152
Guide Tree 10/16
#NNI moves:0/152
Guide Tree 11/16
#NNI moves:0/152
Guide Tree 12/16
#NNI moves:0/152
Guide Tree 13/16
#NNI moves:0/152
Guide Tree 14/16
#NNI moves:0/152
Guide Tree 15/16
#NNI moves:0/152
Remaining: 0
#NNI moves:0/152
#NNI moves:0/152
(((((((((((((((81,(55,60)),28),84),63),(94,(((57,26),((45,78),(47,80))),(54,56)))),(((79,74),27),(((88,(66,29)),(93,67)),((82,61),32)))),((((((69,53),((34,73),42)),((((40,92),31),76),((90,83),((97,36),65)))),44),(43,71)),((100,((70,38),52)),89))),49),30),((((50,48),(77,72)),((99,((35,75),(58,33))),(((39,51),64),85))),((((((98,46),((87,41),95)),(25,86)),(62,96)),((59,37),68)),91))),(((((4,15),9),(11,20)),((7,2),(((18,23),(19,16)),((10,1),(21,24))))),(13,3))),((17,12),(14,8))),22),6),5);
Guide Tree 0/16
#NNI moves:0/152
Guide Tree 1/16
#NNI moves:0/152
Guide Tree 2/16
#NNI moves:0/152
Guide Tree 3/16
#NNI moves:0/152
Guide Tree 4/16
#NNI moves:0/152
Guide Tree 5/16
#NNI moves:0/152
Guide Tree 6/16
#NNI moves:0/152
Guide Tree 7/16
#NNI moves:0/152
Guide Tree 8/16
#NNI moves:0/152
Guide Tree 9/16
#NNI moves:0/152
Guide Tree 10/16
#NNI moves:0/152
Guide Tree 11/16
#NNI moves:0/152
Guide Tree 12/16
#NNI moves:0/152
Guide Tree 13/16
#NNI moves:0/152
Guide Tree 14/16
#NNI moves:0/152
Guide Tree 15/16
#NNI moves:0/152
Remaining: 0
#NNI moves:10/152
#NNI moves:10/152
((((((((((((((82,61),32),((67,93),((29,66),88))),((79,74),27)),((((((60,55),81),28),84),63),(((54,56),(((80,47),(78,45)),(57,26))),94))),((((((53,69),((73,34),42)),((((97,36),65),(90,83)),(((92,40),31),76))),44),(43,71)),(((52,(70,38)),100),89))),49),30),((((85,((51,39),64)),(((33,58),(35,75)),99)),((77,72),(48,50))),((((((98,46),((41,87),95)),(86,25)),(96,62)),((59,37),68)),91))),((((((16,19),(23,18)),((21,24),(10,1))),(7,2)),((20,11),((4,15),9))),(3,13))),((17,12),(14,8))),22),6),5);
Guide Tree 0/16
#NNI moves:0/152
Guide Tree 1/16
#NNI moves:0/152
Guide Tree 2/16
#NNI moves:0/152
Guide Tree 3/16
#NNI moves:0/152
Guide Tree 4/16
#NNI moves:0/152
Guide Tree 5/16
#NNI moves:0/152
Guide Tree 6/16
#NNI moves:0/152
Guide Tree 7/16
#NNI moves:0/152
Guide Tree 8/16
#NNI moves:0/152
Guide Tree 9/16
#NNI moves:0/152
Guide Tree 10/16
#NNI moves:0/152
Guide Tree 11/16
#NNI moves:0/152
Guide Tree 12/16
#NNI moves:0/152
Guide Tree 13/16
#NNI moves:0/152
Guide Tree 14/16
#NNI moves:0/152
Guide Tree 15/16
#NNI moves:0/152
Remaining: 0
#NNI moves:10/152
#NNI moves:10/152
((((((((((((((93,67),((66,29),88)),(32,(82,61))),((79,74),27)),((((((80,47),(78,45)),(26,57)),(54,56)),94),((((81,(55,60)),28),84),63))),(((((((31,(92,40)),76),((83,90),((97,36),65))),((69,53),((73,34),42))),44),(43,71)),(((52,(38,70)),100),89))),49),30),(((((96,62),((((87,41),95),(46,98)),(25,86))),(68,(59,37))),91),(((72,77),(48,50)),((99,((75,35),(58,33))),(((39,51),64),85))))),((((((10,1),(24,21)),((19,16),(18,23))),(7,2)),((11,20),((15,4),9))),(3,13))),((14,8),(12,17))),22),6),5);
Initial score: 1.13363e+09
Initial tree: ((((((((((((((93,67),((66,29),88)),(32,(82,61))),((79,74),27)),((((((80,47),(78,45)),(26,57)),(54,56)),94),((((81,(55,60)),28),84),63))),(((((((31,(92,40)),76),((83,90),((97,36),65))),((69,53),((73,34),42))),44),(43,71)),(((52,(38,70)),100),89))),49),30),(((((96,62),((((87,41),95),(46,98)),(25,86))),(68,(59,37))),91),(((72,77),(48,50)),((99,((75,35),(58,33))),(((39,51),64),85))))),((((((10,1),(24,21)),((19,16),(18,23))),(7,2)),((11,20),((15,4),9))),(3,13))),((14,8),(12,17))),22),6),5);
*** Subsample Process ***
Use two-step algorithm!
#NNI moves:0/152
Remaining: 0
#NNI moves:0/152
#NNI moves:0/152
((((((((((((((72,77),(50,48)),((((58,33),(35,75)),99),(((51,39),64),85))),((((96,62),(((46,98),(95,(87,41))),(25,86))),((59,37),68)),91)),(((((((19,16),(23,18)),((24,21),(1,10))),(7,2)),(((15,4),9),(11,20))),(3,13)),(((6,5),22),((14,8),(12,17))))),30),49),((((((((92,40),31),76),((90,83),((36,97),65))),(((34,73),42),(53,69))),44),(43,71)),(((52,(70,38)),100),89))),((((67,93),(88,(66,29))),((61,82),32)),((79,74),27))),(((28,((55,60),81)),84),63)),94),((26,57),((78,45),(47,80)))),54),56);
#NNI moves:0/152
Remaining: 0
#NNI moves:0/152
#NNI moves:0/152
(((((((((((((84,((81,(55,60)),28)),63),(((((78,45),(80,47)),(57,26)),(54,56)),94)),(((((29,66),88),(67,93)),((61,82),32)),((79,74),27))),(((((((31,(40,92)),76),(((36,97),65),(90,83))),(((34,73),42),(53,69))),44),(71,43)),(((52,(38,70)),100),89))),49),30),(((((((98,46),((87,41),95)),(86,25)),(62,96)),((59,37),68)),91),(((48,50),(77,72)),((((33,58),(75,35)),99),(85,((39,51),64)))))),(((((15,4),9),(20,11)),((((1,10),(24,21)),((16,19),(18,23))),(7,2))),(13,3))),((17,12),(8,14))),22),5),6);
#NNI moves:0/152
Remaining: 0
#NNI moves:6/152
#NNI moves:6/152
((((((((((((((62,96),((((41,87),95),(46,98)),(86,25))),((37,59),68)),91),(((50,48),(72,77)),((((35,75),(33,58)),99),(85,(64,(51,39)))))),(((((((23,18),(16,19)),((10,1),(24,21))),(2,7)),((9,(4,15)),(20,11))),(13,3)),(((12,17),(14,8)),((5,6),22)))),30),49),(((71,43),(44,((((34,73),42),(53,69)),(((90,83),((36,97),65)),(((92,40),31),76))))),(((52,(38,70)),100),89))),((((88,(66,29)),(67,93)),((82,61),32)),(27,(74,79)))),(((((78,45),(80,47)),(57,26)),(56,54)),94)),63),((81,(55,60)),28)),84);
#NNI moves:0/152
Remaining: 0
#NNI moves:0/152
#NNI moves:0/152
((((((((((50,48),(72,77)),((((75,35),(58,33)),99),(((39,51),64),85))),((((((95,(87,41)),(46,98)),(25,86)),(62,96)),((59,37),68)),91)),(((((((((((97,36),65),(83,90)),(((92,40),31),76)),((42,(34,73)),(69,53))),44),(71,43)),((100,((70,38),52)),89)),(((((67,93),((29,66),88)),(32,(82,61))),((79,74),27)),((((((60,55),81),28),84),63),(((((45,78),(47,80)),(26,57)),(54,56)),94)))),49),30)),((((((19,16),(18,23)),((10,1),(24,21))),(7,2)),((20,11),((4,15),9))),(13,3))),(22,(6,5))),(17,12)),14),8);
Current score: 1.13363e+09
Current tree: ((6,(22,(((((((50,48),(72,77)),((((75,35),(58,33)),99),(((39,51),64),85))),((((((95,(87,41)),(46,98)),(25,86)),(62,96)),((59,37),68)),91)),(((((((((((97,36),65),(83,90)),(((92,40),31),76)),((42,(34,73)),(69,53))),44),(71,43)),((100,((70,38),52)),89)),(((((67,93),((29,66),88)),(32,(82,61))),((79,74),27)),((((((60,55),81),28),84),63),(((((45,78),(47,80)),(26,57)),(54,56)),94)))),49),30)),((((((19,16),(18,23)),((10,1),(24,21))),(7,2)),((20,11),((4,15),9))),(13,3))),((17,12),(14,8))))),5);
Final Tree: ((6,(22,(((((((50,48),(72,77)),((((75,35),(58,33)),99),(((39,51),64),85))),((((((95,(87,41)),(46,98)),(25,86)),(62,96)),((59,37),68)),91)),(((((((((((97,36),65),(83,90)),(((92,40),31),76)),((42,(34,73)),(69,53))),44),(71,43)),((100,((70,38),52)),89)),(((((67,93),((29,66),88)),(32,(82,61))),((79,74),27)),((((((60,55),81),28),84),63),(((((45,78),(47,80)),(26,57)),(54,56)),94)))),49),30)),((((((19,16),(18,23)),((10,1),(24,21))),(7,2)),((20,11),((4,15),9))),(13,3))),((17,12),(14,8))))),5);
#EqQuartets: 1285490209
Score: 1133629996
ASTRAL for PaRalogs and Orthologs III (ASTRAL-Pro3)
*** NOW with integrated CASTLES-Pro ***
Version: v1.22.3.6
Read 512 genetrees and found 100 species.
#Genetrees: 1000
#Duploss: 16510
#Species: 100
#Rounds: 4
#Samples: 4
#Threads: 1
Use two-step algorithm!
Guide Tree 0/16
#NNI moves:0/152
Guide Tree 1/16
#NNI moves:0/152
Guide Tree 2/16
#NNI moves:0/152
Guide Tree 3/16
#NNI moves:0/152
Guide Tree 4/16
#NNI moves:0/152
Guide Tree 5/16
#NNI moves:0/152
Guide Tree 6/16
#NNI moves:0/152
Guide Tree 7/16
#NNI moves:0/152
Guide Tree 8/16
#NNI moves:0/152
Guide Tree 9/16
#NNI moves:0/152
Guide Tree 10/16
#NNI moves:0/152
Guide Tree 11/16
#NNI moves:0/152
Guide Tree 12/16
#NNI moves:0/152
Guide Tree 13/16
#NNI moves:0/152
Guide Tree 14/16
#NNI moves:0/152
Guide Tree 15/16
#NNI moves:0/152
Remaining: 0
#NNI moves:0/152
#NNI moves:0/152
(((((((((((((((48,87),47),(58,(89,92))),((((76,44),45),65),(96,(86,69)))),((((((36,43),41),(46,59)),70),(68,93)),(39,82))),((88,((67,80),(84,55))),(97,(42,79)))),(((((64,91),62),(54,(((50,34),78),(100,49)))),53),(((((60,71),((35,81),90)),72),66),(74,51)))),((((((83,61),94),((31,((75,77),32)),40)),((63,95),(85,73))),((98,(38,57)),(((52,37),33),99))),56)),((((11,(9,3)),18),(7,2)),27)),((21,((((4,15),25),29),(5,((17,23),16)))),(((6,(30,14)),26),1))),(8,(19,20))),((28,22),12)),13),10),24);
Guide Tree 0/16
#NNI moves:0/152
Guide Tree 1/16
#NNI moves:0/152
Guide Tree 2/16
#NNI moves:0/152
Guide Tree 3/16
#NNI moves:0/152
Guide Tree 4/16
#NNI moves:0/152
Guide Tree 5/16
#NNI moves:0/152
Guide Tree 6/16
#NNI moves:0/152
Guide Tree 7/16
#NNI moves:0/152
Guide Tree 8/16
#NNI moves:0/152
Guide Tree 9/16
#NNI moves:0/152
Guide Tree 10/16
#NNI moves:0/152
Guide Tree 11/16
#NNI moves:0/152
Guide Tree 12/16
#NNI moves:0/152
Guide Tree 13/16
#NNI moves:0/152
Guide Tree 14/16
#NNI moves:0/152
Guide Tree 15/16
#NNI moves:0/152
Remaining: 0
#NNI moves:0/152
#NNI moves:0/152
(((((((((((((((100,49),((34,50),78)),54),(62,(91,64))),53),(((((60,71),((81,35),90)),72),66),(74,51))),(((((((76,44),45),65),((69,86),96)),(((48,87),47),((89,92),58))),(((68,93),(((59,46),(41,(43,36))),70)),(82,39))),(((42,79),97),(((55,84),(80,67)),88)))),(((((40,(((77,75),32),31)),(94,(61,83))),((73,85),(95,63))),((((37,52),33),99),(98,(57,38)))),56)),(((2,7),(18,(11,(9,3)))),27)),((((((23,17),16),5),(((15,4),25),29)),21),(((6,(14,30)),26),1))),((20,19),8)),((28,22),12)),13),10),24);
Guide Tree 0/16
#NNI moves:0/152
Guide Tree 1/16
#NNI moves:0/152
Guide Tree 2/16
#NNI moves:0/152
Guide Tree 3/16
#NNI moves:0/152
Guide Tree 4/16
#NNI moves:0/152
Guide Tree 5/16
#NNI moves:0/152
Guide Tree 6/16
#NNI moves:0/152
Guide Tree 7/16
#NNI moves:0/152
Guide Tree 8/16
#NNI moves:0/152
Guide Tree 9/16
#NNI moves:0/152
Guide Tree 10/16
#NNI moves:0/152
Guide Tree 11/16
#NNI moves:0/152
Guide Tree 12/16
#NNI moves:0/152
Guide Tree 13/16
#NNI moves:0/152
Guide Tree 14/16
#NNI moves:0/152
Guide Tree 15/16
#NNI moves:0/152
Remaining: 0
#NNI moves:0/152
#NNI moves:0/152
((((((((((((((47,(87,48)),((92,89),58)),(((45,(76,44)),65),(96,(86,69)))),(((((46,59),(41,(36,43))),70),(93,68)),(39,82))),((((84,55),(80,67)),88),((42,79),97))),((((((60,71),(90,(35,81))),72),66),(74,51)),(((((49,100),((34,50),78)),54),((64,91),62)),53))),((((((37,52),33),99),((38,57),98)),(((40,(31,((75,77),32))),(94,(61,83))),((73,85),(63,95)))),56)),(((2,7),((11,(3,9)),18)),27)),((((5,((23,17),16)),((25,(15,4)),29)),21),((26,((14,30),6)),1))),((20,19),8)),((22,28),12)),13),10),24);
Guide Tree 0/16
#NNI moves:0/152
Guide Tree 1/16
#NNI moves:0/152
Guide Tree 2/16
#NNI moves:0/152
Guide Tree 3/16
#NNI moves:0/152
Guide Tree 4/16
#NNI moves:0/152
Guide Tree 5/16
#NNI moves:0/152
Guide Tree 6/16
#NNI moves:0/152
Guide Tree 7/16
#NNI moves:0/152
Guide Tree 8/16
#NNI moves:0/152
Guide Tree 9/16
#NNI moves:0/152
Guide Tree 10/16
#NNI moves:0/152
Guide Tree 11/16
#NNI moves:0/152
Guide Tree 12/16
#NNI moves:0/152
Guide Tree 13/16
#NNI moves:0/152
Guide Tree 14/16
#NNI moves:0/152
Guide Tree 15/16
#NNI moves:0/152
Remaining: 0
#NNI moves:0/152
#NNI moves:0/152
((((((((((((((65,((76,44),45)),((86,69),96)),((58,(89,92)),((87,48),47))),(((70,((59,46),(41,(36,43)))),(93,68)),(39,82))),(((79,42),97),(88,((84,55),(67,80))))),((((((71,60),((35,81),90)),72),66),(74,51)),(((((100,49),((50,34),78)),54),((64,91),62)),53))),(((((85,73),(63,95)),(((31,(32,(75,77))),40),(94,(83,61)))),((99,((37,52),33)),(98,(57,38)))),56)),(((18,((3,9),11)),(7,2)),27)),(((((14,30),6),26),1),((((16,(17,23)),5),(29,((4,15),25))),21))),((19,20),8)),(12,(22,28))),13),10),24);
Initial score: 1.24643e+09
Initial tree: ((((((((((((((65,((76,44),45)),((86,69),96)),((58,(89,92)),((87,48),47))),(((70,((59,46),(41,(36,43)))),(93,68)),(39,82))),(((79,42),97),(88,((84,55),(67,80))))),((((((71,60),((35,81),90)),72),66),(74,51)),(((((100,49),((50,34),78)),54),((64,91),62)),53))),(((((85,73),(63,95)),(((31,(32,(75,77))),40),(94,(83,61)))),((99,((37,52),33)),(98,(57,38)))),56)),(((18,((3,9),11)),(7,2)),27)),(((((14,30),6),26),1),((((16,(17,23)),5),(29,((4,15),25))),21))),((19,20),8)),(12,(22,28))),13),10),24);
*** Subsample Process ***
Use two-step algorithm!
#NNI moves:0/152
Remaining: 0
#NNI moves:0/152
#NNI moves:0/152
(((((((((((((63,95),(73,85)),(((31,((75,77),32)),40),((61,83),94))),((99,(33,(52,37))),((38,57),98))),56),(((((26,(6,(30,14))),1),(21,((((4,15),25),29),(((23,17),16),5)))),((((10,24),13),(12,(22,28))),((19,20),8))),(((((3,9),11),18),(2,7)),27))),((((((71,60),((35,81),90)),72),66),(51,74)),(((54,(((34,50),78),(49,100))),((91,64),62)),53))),(((42,79),97),(((80,67),(84,55)),88))),(((((46,59),(41,(36,43))),70),(68,93)),(82,39))),(((89,92),58),((48,87),47))),((86,69),96)),(45,(44,76))),65);
#NNI moves:0/152
Remaining: 0
#NNI moves:0/152
#NNI moves:0/152
(((((((((((((((69,86),96),((45,(76,44)),65)),(((87,48),47),((92,89),58))),((39,82),((((46,59),((43,36),41)),70),(93,68)))),(((79,42),97),(((67,80),(84,55)),88))),((((((60,71),((35,81),90)),72),66),(51,74)),((((((34,50),78),(49,100)),54),((64,91),62)),53))),(((((95,63),(73,85)),(((31,(32,(75,77))),40),((83,61),94))),(((38,57),98),(((52,37),33),99))),56)),(27,((((9,3),11),18),(2,7)))),((((6,(30,14)),26),1),(((((4,15),25),29),(((23,17),16),5)),21))),((20,19),8)),((28,22),12)),13),24),10);
#NNI moves:0/152
Remaining: 0
#NNI moves:0/152
#NNI moves:0/152
((((((((((((((((30,14),6),26),1),(((((17,23),16),5),((25,(15,4)),29)),21)),((((28,22),12),((24,10),13)),((20,19),8))),(((18,((9,3),11)),(2,7)),27)),(((((95,63),(73,85)),(((31,(32,(75,77))),40),((83,61),94))),((99,((52,37),33)),((57,38),98))),56)),(((((((81,35),90),(71,60)),72),66),(51,74)),(((((78,(34,50)),(49,100)),54),((91,64),62)),53))),((((55,84),(80,67)),88),((79,42),97))),((82,39),((68,93),((((36,43),41),(46,59)),70)))),(((48,87),47),(58,(92,89)))),(96,(86,69))),65),(76,44)),45);
#NNI moves:0/152
Remaining: 0
#NNI moves:0/152
#NNI moves:0/152
((((((((((((((93,68),(((41,(36,43)),(46,59)),70)),(39,82)),((((48,87),47),((89,92),58)),((65,((44,76),45)),((86,69),96)))),((88,((67,80),(84,55))),((42,79),97))),((((72,(((35,81),90),(71,60))),66),(74,51)),((((((50,34),78),(100,49)),54),((64,91),62)),53))),(((((85,73),(63,95)),(((((77,75),32),31),40),((83,61),94))),((99,((52,37),33)),((38,57),98))),56)),(((7,2),(18,((3,9),11))),27)),((21,((5,((23,17),16)),(29,(25,(4,15))))),((26,((30,14),6)),1))),(8,(19,20))),(13,(10,24))),12),22),28);
Current score: 1.24643e+09
Current tree: ((10,(13,(((((((((((93,68),(((41,(36,43)),(46,59)),70)),(39,82)),((((48,87),47),((89,92),58)),((65,((44,76),45)),((86,69),96)))),((88,((67,80),(84,55))),((42,79),97))),((((72,(((35,81),90),(71,60))),66),(74,51)),((((((50,34),78),(100,49)),54),((64,91),62)),53))),(((((85,73),(63,95)),(((((77,75),32),31),40),((83,61),94))),((99,((52,37),33)),((38,57),98))),56)),(((7,2),(18,((3,9),11))),27)),((21,((5,((23,17),16)),(29,(25,(4,15))))),((26,((30,14),6)),1))),(8,(19,20))),(12,(22,28))))),24);
Final Tree: ((10,(13,(((((((((((93,68),(((41,(36,43)),(46,59)),70)),(39,82)),((((48,87),47),((89,92),58)),((65,((44,76),45)),((86,69),96)))),((88,((67,80),(84,55))),((42,79),97))),((((72,(((35,81),90),(71,60))),66),(74,51)),((((((50,34),78),(100,49)),54),((64,91),62)),53))),(((((85,73),(63,95)),(((((77,75),32),31),40),((83,61),94))),((99,((52,37),33)),((38,57),98))),56)),(((7,2),(18,((3,9),11))),27)),((21,((5,((23,17),16)),(29,(25,(4,15))))),((26,((30,14),6)),1))),(8,(19,20))),(12,(22,28))))),24);
#EqQuartets: 1408024806
Score: 1246429462
