ASTRAL for PaRalogs and Orthologs III (ASTRAL-Pro3)
*** NOW with integrated CASTLES-Pro ***
Version: v1.22.3.6
Read 512 genetrees and found 100 species.
#Genetrees: 995
#Duploss: 37287
#Species: 100
#Rounds: 4
#Samples: 4
#Threads: 1
Use two-step algorithm!
Guide Tree 0/16
#NNI moves:0/152
Guide Tree 1/16
#NNI moves:0/152
Guide Tree 2/16
#NNI moves:0/152
Guide Tree 3/16
#NNI moves:0/152
Guide Tree 4/16
#NNI moves:0/152
Guide Tree 5/16
#NNI moves:0/152
Guide Tree 6/16
#NNI moves:0/152
Guide Tree 7/16
#NNI moves:0/152
Guide Tree 8/16
#NNI moves:0/152
Guide Tree 9/16
#NNI moves:0/152
Guide Tree 10/16
#NNI moves:0/152
Guide Tree 11/16
#NNI moves:0/152
Guide Tree 12/16
#NNI moves:0/152
Guide Tree 13/16
#NNI moves:0/152
Guide Tree 14/16
#NNI moves:0/152
Guide Tree 15/16
#NNI moves:0/152
Remaining: 0
#NNI moves:4/152
#NNI moves:6/152
((((((((((((((10,(6,9)),((1,11),8)),(3,12)),7),((5,4),2)),((((76,(68,15)),(51,18)),((41,33),(17,39))),(((((44,(23,50)),(16,71)),97),77),(((30,94),36),91)))),(((58,19),63),(((52,47),(25,31)),(20,93)))),(((((((59,84),(73,74)),((85,46),(22,48))),(((64,72),78),((((92,95),100),(13,43)),(((53,(26,56)),((29,(27,60)),45)),80)))),(54,98)),(((24,65),(((86,40),70),((35,(55,69)),34))),((((21,90),87),79),75))),((49,89),((96,32),57)))),(38,37)),((88,81),(62,82))),(42,67)),61),((66,28),(14,99))),83);
Guide Tree 0/16
#NNI moves:0/152
Guide Tree 1/16
#NNI moves:0/152
Guide Tree 2/16
#NNI moves:0/152
Guide Tree 3/16
#NNI moves:0/152
Guide Tree 4/16
#NNI moves:0/152
Guide Tree 5/16
#NNI moves:0/152
Guide Tree 6/16
#NNI moves:0/152
Guide Tree 7/16
#NNI moves:0/152
Guide Tree 8/16
#NNI moves:0/152
Guide Tree 9/16
#NNI moves:0/152
Guide Tree 10/16
#NNI moves:0/152
Guide Tree 11/16
#NNI moves:0/152
Guide Tree 12/16
#NNI moves:0/152
Guide Tree 13/16
#NNI moves:0/152
Guide Tree 14/16
#NNI moves:0/152
Guide Tree 15/16
#NNI moves:0/152
Remaining: 0
#NNI moves:0/152
#NNI moves:0/152
(((((((((((((((11,1),8),((6,9),10)),(12,3)),7),((5,4),2)),((((((71,16),((23,50),44)),97),77),(((94,30),36),91)),((((15,68),76),(51,18)),((41,33),(17,39))))),(((93,20),((31,25),(47,52))),(63,(58,19)))),(((((((59,84),(74,73)),((85,46),(48,22))),(((64,72),78),(((((26,56),53),(45,((60,27),29))),80),(((92,95),100),(13,43))))),(98,54)),(((((35,(69,55)),34),((40,86),70)),(65,24)),(75,(79,((21,90),87))))),(((32,96),57),(49,89)))),(37,38)),((81,88),(62,82))),(67,42)),61),((66,28),(14,99))),83);
Guide Tree 0/16
#NNI moves:0/152
Guide Tree 1/16
#NNI moves:0/152
Guide Tree 2/16
#NNI moves:0/152
Guide Tree 3/16
#NNI moves:0/152
Guide Tree 4/16
#NNI moves:0/152
Guide Tree 5/16
#NNI moves:0/152
Guide Tree 6/16
#NNI moves:0/152
Guide Tree 7/16
#NNI moves:0/152
Guide Tree 8/16
#NNI moves:0/152
Guide Tree 9/16
#NNI moves:0/152
Guide Tree 10/16
#NNI moves:0/152
Guide Tree 11/16
#NNI moves:0/152
Guide Tree 12/16
#NNI moves:0/152
Guide Tree 13/16
#NNI moves:0/152
Guide Tree 14/16
#NNI moves:0/152
Guide Tree 15/16
#NNI moves:0/152
Remaining: 0
#NNI moves:0/152
#NNI moves:0/152
((((((((((((((64,72),78),(((((29,(27,60)),45),((56,26),53)),80),((43,13),((95,92),100)))),(((73,74),(84,59)),((46,85),(48,22)))),(98,54)),((((34,((69,55),35)),(70,(86,40))),(24,65)),((((21,90),87),79),75))),(((32,96),57),(89,49))),(((((((68,15),76),(18,51)),((41,33),(39,17))),(((((71,16),((50,23),44)),97),77),(91,((30,94),36)))),((((((11,1),8),((6,9),10)),(12,3)),7),((4,5),2))),(((58,19),63),(((47,52),(31,25)),(20,93))))),(37,38)),((88,81),(82,62))),(67,42)),61),((28,66),(14,99))),83);
Guide Tree 0/16
#NNI moves:0/152
Guide Tree 1/16
#NNI moves:0/152
Guide Tree 2/16
#NNI moves:0/152
Guide Tree 3/16
#NNI moves:0/152
Guide Tree 4/16
#NNI moves:0/152
Guide Tree 5/16
#NNI moves:0/152
Guide Tree 6/16
#NNI moves:0/152
Guide Tree 7/16
#NNI moves:0/152
Guide Tree 8/16
#NNI moves:0/152
Guide Tree 9/16
#NNI moves:0/152
Guide Tree 10/16
#NNI moves:0/152
Guide Tree 11/16
#NNI moves:0/152
Guide Tree 12/16
#NNI moves:0/152
Guide Tree 13/16
#NNI moves:0/152
Guide Tree 14/16
#NNI moves:0/152
Guide Tree 15/16
#NNI moves:0/152
Remaining: 2
#NNI moves:4/152
#NNI moves:4/152
((((((((((((((8,(11,1)),(10,(6,9))),(12,3)),7),((5,4),2)),((((51,18),((68,15),76)),((33,41),(17,39))),((((94,30),36),91),((((44,(23,50)),(16,71)),97),77)))),(((93,20),((47,52),(31,25))),(63,(58,19)))),(((((((72,64),78),((((95,92),100),(13,43)),(80,((53,(26,56)),(45,(29,(60,27))))))),(((48,22),(46,85)),((59,84),(74,73)))),(54,98)),((((70,(86,40)),((35,(69,55)),34)),(65,24)),((79,((21,90),87)),75))),((89,49),(57,(96,32))))),(37,38)),((82,62),(81,88))),(42,67)),61),((14,99),(28,66))),83);
Initial score: 3.85669e+08
Initial tree: ((((((((((((((8,(11,1)),(10,(6,9))),(12,3)),7),((5,4),2)),((((51,18),((68,15),76)),((33,41),(17,39))),((((94,30),36),91),((((44,(23,50)),(16,71)),97),77)))),(((93,20),((47,52),(31,25))),(63,(58,19)))),(((((((72,64),78),((((95,92),100),(13,43)),(80,((53,(26,56)),(45,(29,(60,27))))))),(((48,22),(46,85)),((59,84),(74,73)))),(54,98)),((((70,(86,40)),((35,(69,55)),34)),(65,24)),((79,((21,90),87)),75))),((89,49),(57,(96,32))))),(37,38)),((82,62),(81,88))),(42,67)),61),((14,99),(28,66))),83);
*** Subsample Process ***
Use two-step algorithm!
#NNI moves:0/152
Remaining: 0
#NNI moves:0/152
#NNI moves:0/152
(((((((((((((((100,(95,92)),(13,43)),(((((27,60),29),45),((26,56),53)),80)),((72,64),78)),(((85,46),(48,22)),((84,59),(74,73)))),(98,54)),(((((90,21),87),79),75),(((70,(40,86)),(((55,69),35),34)),(65,24)))),(((32,96),57),(89,49))),((37,38),((((((14,99),(28,66)),83),61),(67,42)),((82,62),(81,88))))),(((58,19),63),((20,93),((52,47),(31,25))))),((((51,18),((68,15),76)),((41,33),(39,17))),(((((16,71),((23,50),44)),97),77),(91,(36,(30,94)))))),(((3,12),(((9,6),10),((11,1),8))),7)),2),4),5);
#NNI moves:0/152
Remaining: 0
#NNI moves:2/152
#NNI moves:2/152
((((((((((((((91,((94,30),36)),((((16,71),(44,(23,50))),97),77)),(((76,(68,15)),(18,51)),((33,41),(17,39)))),((((3,12),(((1,11),8),(10,(6,9)))),7),((4,5),2))),((((52,47),(31,25)),(20,93)),(63,(19,58)))),(((((((((95,92),100),(43,13)),((((29,(27,60)),45),(53,(56,26))),80)),((64,72),78)),(((46,85),(48,22)),((84,59),(74,73)))),(98,54)),(((79,((21,90),87)),75),((((86,40),70),(((55,69),35),34)),(24,65)))),(((32,96),57),(89,49)))),(38,37)),((62,82),(88,81))),(67,42)),61),83),(66,28)),99),14);
#NNI moves:0/152
Remaining: 0
#NNI moves:6/152
#NNI moves:6/152
(((((((((((((((((((53,(56,26)),(((60,27),29),45)),80),((100,(92,95)),(43,13))),((72,64),78)),(((84,59),(74,73)),((85,46),(22,48)))),(54,98)),(((((40,86),70),(((55,69),35),34)),(24,65)),((79,((90,21),87)),75))),(((96,32),57),(89,49))),(((((((66,28),(14,99)),83),61),(67,42)),((62,82),(81,88))),(38,37))),((((52,47),(31,25)),(20,93)),((19,58),63))),((((((1,11),8),(10,(6,9))),(12,3)),7),(2,(5,4)))),(((51,18),(76,(15,68))),((39,17),(33,41)))),(91,((94,30),36))),77),97),((23,50),44)),71),16);
#NNI moves:0/152
Remaining: 0
#NNI moves:0/152
#NNI moves:0/152
(((((((((((((((((100,(92,95)),(13,43)),(((45,((27,60),29)),(53,(26,56))),80)),(78,(72,64))),(((85,46),(22,48)),((73,74),(84,59)))),(54,98)),(((((86,40),70),(34,((55,69),35))),(65,24)),((79,((21,90),87)),75))),((57,(96,32)),(49,89))),(((((5,4),2),((((8,(11,1)),(10,(9,6))),(12,3)),7)),(((((((50,23),44),(71,16)),97),77),((36,(30,94)),91)),(((18,51),((68,15),76)),((17,39),(41,33))))),(((93,20),((52,47),(25,31))),((58,19),63)))),(37,38)),((82,62),(88,81))),(42,67)),61),83),(99,14)),28),66);
Current score: 3.85669e+08
Current tree: (((((((((((((((100,(92,95)),(13,43)),(((45,((27,60),29)),(53,(26,56))),80)),(78,(72,64))),(((85,46),(22,48)),((73,74),(84,59)))),(54,98)),(((((86,40),70),(34,((55,69),35))),(65,24)),((79,((21,90),87)),75))),((57,(96,32)),(49,89))),(((((5,4),2),((((8,(11,1)),(10,(9,6))),(12,3)),7)),(((((((50,23),44),(71,16)),97),77),((36,(30,94)),91)),(((18,51),((68,15),76)),((17,39),(41,33))))),(((93,20),((52,47),(25,31))),((58,19),63)))),(37,38)),((82,62),(88,81))),(42,67)),61),((99,14),(28,66))),83);
Final Tree: (((((((((((((((100,(92,95)),(13,43)),(((45,((27,60),29)),(53,(26,56))),80)),(78,(72,64))),(((85,46),(22,48)),((73,74),(84,59)))),(54,98)),(((((86,40),70),(34,((55,69),35))),(65,24)),((79,((21,90),87)),75))),((57,(96,32)),(49,89))),(((((5,4),2),((((8,(11,1)),(10,(9,6))),(12,3)),7)),(((((((50,23),44),(71,16)),97),77),((36,(30,94)),91)),(((18,51),((68,15),76)),((17,39),(41,33))))),(((93,20),((52,47),(25,31))),((58,19),63)))),(37,38)),((82,62),(88,81))),(42,67)),61),((99,14),(28,66))),83);
#EqQuartets: 441132085
Score: 385669412
ASTRAL for PaRalogs and Orthologs III (ASTRAL-Pro3)
*** NOW with integrated CASTLES-Pro ***
Version: v1.22.3.6
Read 512 genetrees and found 100 species.
#Genetrees: 996
#Duploss: 36246
#Species: 100
#Rounds: 4
#Samples: 4
#Threads: 1
Use two-step algorithm!
Guide Tree 0/16
#NNI moves:0/152
Guide Tree 1/16
#NNI moves:0/152
Guide Tree 2/16
#NNI moves:0/152
Guide Tree 3/16
#NNI moves:0/152
Guide Tree 4/16
#NNI moves:0/152
Guide Tree 5/16
#NNI moves:0/152
Guide Tree 6/16
#NNI moves:0/152
Guide Tree 7/16
#NNI moves:0/152
Guide Tree 8/16
#NNI moves:0/152
Guide Tree 9/16
#NNI moves:0/152
Guide Tree 10/16
#NNI moves:0/152
Guide Tree 11/16
#NNI moves:0/152
Guide Tree 12/16
#NNI moves:0/152
Guide Tree 13/16
#NNI moves:0/152
Guide Tree 14/16
#NNI moves:0/152
Guide Tree 15/16
#NNI moves:0/152
Remaining: 1
#NNI moves:0/152
#NNI moves:0/152
(((((((((((((((((((77,(74,32)),(75,95)),(((68,66),35),93)),(90,48)),((73,33),43)),(89,99)),((84,(98,64)),58)),(70,36)),(((((((42,(96,72)),((30,82),38)),49),(79,46)),60),((56,(62,76)),((69,80),37))),(((31,44),(97,94)),((((53,91),57),92),((83,(100,(63,40))),34))))),(((((52,((67,(87,61)),59)),47),(85,45)),39),(((((78,41),29),(55,(50,86))),65),((88,71),((51,54),81))))),(25,7)),(14,(15,9))),((4,10),(28,23))),((21,2),6)),((24,5),(1,13))),((((8,12),17),(20,(26,(22,19)))),27)),(18,11)),3),16);
Guide Tree 0/16
#NNI moves:0/152
Guide Tree 1/16
#NNI moves:0/152
Guide Tree 2/16
#NNI moves:0/152
Guide Tree 3/16
#NNI moves:0/152
Guide Tree 4/16
#NNI moves:2/152
Guide Tree 5/16
#NNI moves:0/152
Guide Tree 6/16
#NNI moves:0/152
Guide Tree 7/16
#NNI moves:0/152
Guide Tree 8/16
#NNI moves:0/152
Guide Tree 9/16
#NNI moves:0/152
Guide Tree 10/16
#NNI moves:0/152
Guide Tree 11/16
#NNI moves:0/152
Guide Tree 12/16
#NNI moves:0/152
Guide Tree 13/16
#NNI moves:0/152
Guide Tree 14/16
#NNI moves:0/152
Guide Tree 15/16
#NNI moves:0/152
Remaining: 0
#NNI moves:2/152
#NNI moves:2/152
(((((((((((((((89,99),(((((77,(32,74)),(75,95)),(93,((68,66),35))),(48,90)),((33,73),43))),(58,((64,98),84))),(70,36)),((((((100,(40,63)),83),34),(((91,53),57),92)),((44,31),(94,97))),((((76,62),56),((80,69),37)),(((79,46),((((82,30),38),(42,(72,96))),49)),60)))),((((((86,50),55),((78,41),29)),65),((81,(51,54)),(71,88))),(39,((((((61,87),67),59),52),47),(45,85))))),(25,7)),((15,9),14)),((4,10),(28,23))),(6,(2,21))),((13,1),(24,5))),(((((19,22),26),20),((8,12),17)),27)),(18,11)),3),16);
Guide Tree 0/16
#NNI moves:0/152
Guide Tree 1/16
#NNI moves:0/152
Guide Tree 2/16
#NNI moves:0/152
Guide Tree 3/16
#NNI moves:0/152
Guide Tree 4/16
#NNI moves:0/152
Guide Tree 5/16
#NNI moves:0/152
Guide Tree 6/16
#NNI moves:0/152
Guide Tree 7/16
#NNI moves:0/152
Guide Tree 8/16
#NNI moves:0/152
Guide Tree 9/16
#NNI moves:0/152
Guide Tree 10/16
#NNI moves:0/152
Guide Tree 11/16
#NNI moves:0/152
Guide Tree 12/16
#NNI moves:0/152
Guide Tree 13/16
#NNI moves:0/152
Guide Tree 14/16
#NNI moves:0/152
Guide Tree 15/16
#NNI moves:0/152
Remaining: 0
#NNI moves:14/152
#NNI moves:14/152
(((((((((((((((((((75,95),((74,32),77)),(((66,68),35),93)),(90,48)),((73,33),43)),(89,99)),(((98,64),84),58)),(70,36)),(((((((40,63),100),83),34),((57,(53,91)),92)),((94,97),(44,31))),((((76,62),56),((69,80),37)),((((((96,72),42),(38,(30,82))),49),(79,46)),60)))),((((((50,86),55),(29,(41,78))),65),((88,71),(81,(54,51)))),(((47,(52,(((61,87),67),59))),(45,85)),39))),(25,7)),((9,15),14)),((4,10),(23,28))),(6,(21,2))),((1,13),(5,24))),(((((19,22),26),20),((12,8),17)),27)),(18,11)),3),16);
Guide Tree 0/16
#NNI moves:0/152
Guide Tree 1/16
#NNI moves:0/152
Guide Tree 2/16
#NNI moves:0/152
Guide Tree 3/16
#NNI moves:0/152
Guide Tree 4/16
#NNI moves:0/152
Guide Tree 5/16
#NNI moves:0/152
Guide Tree 6/16
#NNI moves:0/152
Guide Tree 7/16
#NNI moves:0/152
Guide Tree 8/16
#NNI moves:0/152
Guide Tree 9/16
#NNI moves:0/152
Guide Tree 10/16
#NNI moves:0/152
Guide Tree 11/16
#NNI moves:0/152
Guide Tree 12/16
#NNI moves:0/152
Guide Tree 13/16
#NNI moves:0/152
Guide Tree 14/16
#NNI moves:0/152
Guide Tree 15/16
#NNI moves:0/152
Remaining: 0
#NNI moves:2/152
#NNI moves:2/152
((((((((((((((((((42,(72,96)),((82,30),38)),49),(46,79)),60),((56,(76,62)),(37,(80,69)))),(((((100,(40,63)),83),34),(((53,91),57),92)),((31,44),(97,94)))),((((((((95,75),((32,74),77)),(((68,66),35),93)),(90,48)),((73,33),43)),(89,99)),(((64,98),84),58)),(36,70))),((((((41,78),29),(55,(50,86))),65),((81,(54,51)),(88,71))),(((45,85),((52,(59,((87,61),67))),47)),39))),(7,25)),((15,9),14)),((10,4),(28,23))),((21,2),6)),((13,1),(5,24))),(((20,((22,19),26)),((12,8),17)),27)),(18,11)),3),16);
Initial score: 4.10905e+08
Initial tree: ((((((((((((((((((42,(72,96)),((82,30),38)),49),(46,79)),60),((56,(76,62)),(37,(80,69)))),(((((100,(40,63)),83),34),(((53,91),57),92)),((31,44),(97,94)))),((((((((95,75),((32,74),77)),(((68,66),35),93)),(90,48)),((73,33),43)),(89,99)),(((64,98),84),58)),(36,70))),((((((41,78),29),(55,(50,86))),65),((81,(54,51)),(88,71))),(((45,85),((52,(59,((87,61),67))),47)),39))),(7,25)),((15,9),14)),((10,4),(28,23))),((21,2),6)),((13,1),(5,24))),(((20,((22,19),26)),((12,8),17)),27)),(18,11)),3),16);
*** Subsample Process ***
Use two-step algorithm!
#NNI moves:0/152
Remaining: 1
#NNI moves:0/152
#NNI moves:0/152
(((((((((((((((((27,((20,(26,(19,22))),((12,8),17))),((18,11),(3,16))),((5,24),(1,13))),((21,2),6)),((10,4),(28,23))),((9,15),14)),(25,7)),(((((29,(78,41)),((86,50),55)),65),(((54,51),81),(71,88))),(((85,45),(((((87,61),67),59),52),47)),39))),((((((((77,(74,32)),(95,75)),((35,(68,66)),93)),(48,90)),((33,73),43)),(99,89)),(((64,98),84),58)),(70,36))),((((83,((63,40),100)),34),(((91,53),57),92)),((97,94),(44,31)))),((56,(62,76)),((69,80),37))),60),(79,46)),49),(38,(30,82))),(96,72)),42);
#NNI moves:0/152
Remaining: 0
#NNI moves:12/152
#NNI moves:12/152
(((((((((((((((((73,33),43),(((((32,74),77),(75,95)),(((66,68),35),93)),(90,48))),(89,99)),(((98,64),84),58)),(70,36)),(((((((38,(82,30)),((96,72),42)),49),(46,79)),60),((56,(76,62)),(37,(69,80)))),(((97,94),(44,31)),(((((63,40),100),83),34),(((53,91),57),92))))),((((((59,((61,87),67)),52),47),(85,45)),39),(((((78,41),29),((86,50),55)),65),((88,71),(81,(54,51)))))),(25,7)),(14,(15,9))),((4,10),(28,23))),((2,21),6)),((24,5),(13,1))),((((8,12),17),(((19,22),26),20)),27)),(3,16)),11),18);
#NNI moves:0/152
Remaining: 0
#NNI moves:0/152
#NNI moves:0/152
(((((((((((((((2,21),6),(((1,13),(24,5)),(((((8,12),17),((26,(19,22)),20)),27),((16,3),(18,11))))),((10,4),(23,28))),((15,9),14)),(25,7)),(((((52,(59,((61,87),67))),47),(45,85)),39),(((((41,78),29),(55,(50,86))),65),(((54,51),81),(88,71))))),(((((49,((38,(82,30)),(42,(72,96)))),(46,79)),60),((56,(62,76)),(37,(69,80)))),((((((63,40),100),83),34),(((91,53),57),92)),((97,94),(31,44))))),(70,36)),(58,(84,(98,64)))),(89,99)),((((77,(32,74)),(95,75)),(93,((66,68),35))),(90,48))),43),33),73);
#NNI moves:0/152
Remaining: 0
#NNI moves:0/152
#NNI moves:0/152
(((((((((((((((((((((77,(32,74)),(95,75)),(((68,66),35),93)),(48,90)),(43,(33,73))),(99,89)),(((98,64),84),58)),(36,70)),(((((((42,(96,72)),((30,82),38)),49),(79,46)),60),(((80,69),37),((62,76),56))),((((57,(53,91)),92),(34,(83,((63,40),100)))),((97,94),(44,31))))),((((71,88),((51,54),81)),(((55,(50,86)),(29,(78,41))),65)),(((((59,(67,(87,61))),52),47),(45,85)),39))),(25,7)),((15,9),14)),((28,23),(10,4))),(6,(21,2))),((13,1),(5,24))),((3,16),(11,18))),27),(((22,19),26),20)),17),12),8);
Current score: 4.10905e+08
Current tree: ((3,((11,18),((((((((((((((((77,(32,74)),(95,75)),(((68,66),35),93)),(48,90)),(43,(33,73))),(99,89)),(((98,64),84),58)),(36,70)),(((((((42,(96,72)),((30,82),38)),49),(79,46)),60),(((80,69),37),((62,76),56))),((((57,(53,91)),92),(34,(83,((63,40),100)))),((97,94),(44,31))))),((((71,88),((51,54),81)),(((55,(50,86)),(29,(78,41))),65)),(((((59,(67,(87,61))),52),47),(45,85)),39))),(25,7)),((15,9),14)),((28,23),(10,4))),(6,(21,2))),((13,1),(5,24))),(27,((((22,19),26),20),(17,(12,8))))))),16);
Final Tree: ((3,((11,18),((((((((((((((((77,(32,74)),(95,75)),(((68,66),35),93)),(48,90)),(43,(33,73))),(99,89)),(((98,64),84),58)),(36,70)),(((((((42,(96,72)),((30,82),38)),49),(79,46)),60),(((80,69),37),((62,76),56))),((((57,(53,91)),92),(34,(83,((63,40),100)))),((97,94),(44,31))))),((((71,88),((51,54),81)),(((55,(50,86)),(29,(78,41))),65)),(((((59,(67,(87,61))),52),47),(45,85)),39))),(25,7)),((15,9),14)),((28,23),(10,4))),(6,(21,2))),((13,1),(5,24))),(27,((((22,19),26),20),(17,(12,8))))))),16);
#EqQuartets: 464867926
Score: 410905312
ASTRAL for PaRalogs and Orthologs III (ASTRAL-Pro3)
*** NOW with integrated CASTLES-Pro ***
Version: v1.22.3.6
Read 512 genetrees and found 100 species.
#Genetrees: 999
#Duploss: 43017
#Species: 100
#Rounds: 4
#Samples: 4
#Threads: 1
Use two-step algorithm!
Guide Tree 0/16
#NNI moves:0/152
Guide Tree 1/16
#NNI moves:0/152
Guide Tree 2/16
#NNI moves:0/152
Guide Tree 3/16
#NNI moves:0/152
Guide Tree 4/16
#NNI moves:0/152
Guide Tree 5/16
#NNI moves:0/152
Guide Tree 6/16
#NNI moves:0/152
Guide Tree 7/16
#NNI moves:0/152
Guide Tree 8/16
#NNI moves:0/152
Guide Tree 9/16
#NNI moves:0/152
Guide Tree 10/16
#NNI moves:0/152
Guide Tree 11/16
#NNI moves:0/152
Guide Tree 12/16
#NNI moves:0/152
Guide Tree 13/16
#NNI moves:0/152
Guide Tree 14/16
#NNI moves:0/152
Guide Tree 15/16
#NNI moves:0/152
Remaining: 0
#NNI moves:0/152
#NNI moves:0/152
(((((((((((((((17,23),((29,11),32)),19),16),(31,28)),24),((18,1),(15,6))),(((10,12),(25,30)),((((3,(7,33)),(27,14)),((((2,5),34),13),(((21,20),26),22))),((8,4),9)))),((((((80,74),(100,35)),(36,90)),78),((66,94),((79,46),52))),(((88,((72,47),37)),(41,62)),(96,55)))),((((((60,76),81),((54,65),(87,40))),53),(82,57)),(((((84,48),98),(64,45)),38),((((63,44),61),(39,(67,99))),(86,71))))),(((56,92),68),(85,(95,75)))),((((49,77),(91,97)),(58,73)),((((51,83),59),(93,(69,89))),70))),50),43),42);
Guide Tree 0/16
#NNI moves:0/152
Guide Tree 1/16
#NNI moves:0/152
Guide Tree 2/16
#NNI moves:0/152
Guide Tree 3/16
#NNI moves:0/152
Guide Tree 4/16
#NNI moves:0/152
Guide Tree 5/16
#NNI moves:0/152
Guide Tree 6/16
#NNI moves:0/152
Guide Tree 7/16
#NNI moves:0/152
Guide Tree 8/16
#NNI moves:0/152
Guide Tree 9/16
#NNI moves:0/152
Guide Tree 10/16
#NNI moves:0/152
Guide Tree 11/16
#NNI moves:0/152
Guide Tree 12/16
#NNI moves:0/152
Guide Tree 13/16
#NNI moves:0/152
Guide Tree 14/16
#NNI moves:0/152
Guide Tree 15/16
#NNI moves:0/152
Remaining: 0
#NNI moves:6/152
#NNI moves:6/152
(((((((((((((((17,23),((11,29),32)),19),16),(31,28)),24),((6,15),(18,1))),(((12,10),(30,25)),((((3,(7,33)),(14,27)),((((5,2),34),13),(((20,21),26),22))),(9,(4,8))))),((((52,(79,46)),(66,94)),((((100,35),(80,74)),(90,36)),78)),((96,55),((((72,47),37),88),(41,62))))),((((((40,87),(65,54)),((76,60),81)),53),(57,82)),(((86,71),(((44,63),61),(39,(67,99)))),(((98,(84,48)),(45,64)),38)))),(((92,56),68),((75,95),85))),(((((83,51),59),((89,69),93)),70),(((49,77),(97,91)),(58,73)))),50),43),42);
Guide Tree 0/16
#NNI moves:0/152
Guide Tree 1/16
#NNI moves:0/152
Guide Tree 2/16
#NNI moves:0/152
Guide Tree 3/16
#NNI moves:0/152
Guide Tree 4/16
#NNI moves:0/152
Guide Tree 5/16
#NNI moves:0/152
Guide Tree 6/16
#NNI moves:0/152
Guide Tree 7/16
#NNI moves:0/152
Guide Tree 8/16
#NNI moves:0/152
Guide Tree 9/16
#NNI moves:0/152
Guide Tree 10/16
#NNI moves:0/152
Guide Tree 11/16
#NNI moves:0/152
Guide Tree 12/16
#NNI moves:0/152
Guide Tree 13/16
#NNI moves:0/152
Guide Tree 14/16
#NNI moves:0/152
Guide Tree 15/16
#NNI moves:0/152
Remaining: 0
#NNI moves:2/152
#NNI moves:2/152
(((((((((((((((21,20),26),22),((34,(2,5)),13)),((3,(7,33)),(27,14))),((4,8),9)),((12,10),(25,30))),((((((((29,11),32),(17,23)),19),16),(31,28)),24),((1,18),(6,15)))),((((((72,47),37),88),(62,41)),(55,96)),(((((80,74),(35,100)),(90,36)),78),(((46,79),52),(94,66))))),((((((87,40),(65,54)),(81,(76,60))),53),(82,57)),((38,(((48,84),98),(45,64))),((71,86),(((63,44),61),(39,(99,67))))))),(((56,92),68),(85,(95,75)))),(((((83,51),59),((89,69),93)),70),(((97,91),(77,49)),(58,73)))),50),43),42);
Guide Tree 0/16
#NNI moves:0/152
Guide Tree 1/16
#NNI moves:0/152
Guide Tree 2/16
#NNI moves:0/152
Guide Tree 3/16
#NNI moves:0/152
Guide Tree 4/16
#NNI moves:0/152
Guide Tree 5/16
#NNI moves:0/152
Guide Tree 6/16
#NNI moves:0/152
Guide Tree 7/16
#NNI moves:0/152
Guide Tree 8/16
#NNI moves:0/152
Guide Tree 9/16
#NNI moves:0/152
Guide Tree 10/16
#NNI moves:0/152
Guide Tree 11/16
#NNI moves:0/152
Guide Tree 12/16
#NNI moves:0/152
Guide Tree 13/16
#NNI moves:0/152
Guide Tree 14/16
#NNI moves:0/152
Guide Tree 15/16
#NNI moves:0/152
Remaining: 0
#NNI moves:16/152
#NNI moves:16/152
((((((((((((((34,(2,5)),13),(((20,21),26),22)),(((33,7),3),(14,27))),(9,(8,4))),((25,30),(12,10))),(((((((23,17),((11,29),32)),19),16),(31,28)),24),((6,15),(18,1)))),(((((90,36),((80,74),(100,35))),78),(((46,79),52),(94,66))),((96,55),((((72,47),37),88),(62,41))))),((((((76,60),81),((87,40),(54,65))),53),(57,82)),((38,(((84,48),98),(64,45))),((86,71),(((63,44),61),((99,67),39)))))),((68,(56,92)),((75,95),85))),(((((69,89),93),(59,(83,51))),70),((58,73),((91,97),(77,49))))),50),43),42);
Initial score: 3.24734e+08
Initial tree: ((((((((((((((34,(2,5)),13),(((20,21),26),22)),(((33,7),3),(14,27))),(9,(8,4))),((25,30),(12,10))),(((((((23,17),((11,29),32)),19),16),(31,28)),24),((6,15),(18,1)))),(((((90,36),((80,74),(100,35))),78),(((46,79),52),(94,66))),((96,55),((((72,47),37),88),(62,41))))),((((((76,60),81),((87,40),(54,65))),53),(57,82)),((38,(((84,48),98),(64,45))),((86,71),(((63,44),61),((99,67),39)))))),((68,(56,92)),((75,95),85))),(((((69,89),93),(59,(83,51))),70),((58,73),((91,97),(77,49))))),50),43),42);
*** Subsample Process ***
Use two-step algorithm!
#NNI moves:0/152
Remaining: 0
#NNI moves:2/152
#NNI moves:2/152
((((((((((((((70,((59,(83,51)),((89,69),93))),(((97,91),(77,49)),(58,73))),((43,42),50)),(((56,92),68),(85,(95,75)))),((((((87,40),(54,65)),((60,76),81)),53),(82,57)),(((((44,63),61),(39,(99,67))),(71,86)),(38,((98,(84,48)),(45,64)))))),((((((80,74),(35,100)),(36,90)),78),((66,94),(52,(79,46)))),(((62,41),(((47,72),37),88)),(96,55)))),(((((19,((32,(29,11)),(23,17))),16),(28,31)),24),((15,6),(18,1)))),((25,30),(12,10))),((4,8),9)),((27,14),((7,33),3))),((26,(20,21)),22)),13),(2,5)),34);
#NNI moves:0/152
Remaining: 0
#NNI moves:0/152
#NNI moves:0/152
(((((((((((((((32,(11,29)),(17,23)),19),16),(31,28)),24),((1,18),(15,6))),(((((3,(7,33)),(27,14)),((((2,5),34),13),(((21,20),26),22))),((4,8),9)),((25,30),(10,12)))),((((66,94),(52,(46,79))),(((36,90),((100,35),(74,80))),78)),((((37,(47,72)),88),(62,41)),(96,55)))),((((((99,67),39),((44,63),61)),(71,86)),((((48,84),98),(64,45)),38)),(((((60,76),81),((54,65),(87,40))),53),(82,57)))),((68,(92,56)),((75,95),85))),((((93,(89,69)),((83,51),59)),70),(((49,77),(97,91)),(73,58)))),50),42),43);
#NNI moves:0/152
Remaining: 0
#NNI moves:4/152
#NNI moves:4/152
(((((((((((((((((93,(89,69)),(59,(83,51))),70),(((49,77),(97,91)),(58,73))),((42,43),50)),((85,(75,95)),((56,92),68))),(((((98,(84,48)),(64,45)),38),(((39,(67,99)),((44,63),61)),(71,86))),((53,(((54,65),(40,87)),(81,(76,60)))),(82,57)))),((((94,66),((46,79),52)),((((74,80),(35,100)),(90,36)),78)),((((37,(72,47)),88),(62,41)),(96,55)))),(((((((5,2),34),13),(22,((21,20),26))),((3,(7,33)),(14,27))),((8,4),9)),((25,30),(10,12)))),((1,18),(15,6))),24),(31,28)),16),19),(17,23)),(11,29)),32);
#NNI moves:0/152
Remaining: 1
#NNI moves:12/152
#NNI moves:12/152
(((((((((((((((((7,33),3),(27,14)),((((20,21),26),22),(((2,5),34),13))),((8,4),9)),((30,25),(10,12))),(((((19,(((11,29),32),(23,17))),16),(28,31)),24),((18,1),(6,15)))),((((((80,74),(100,35)),(90,36)),78),((94,66),((79,46),52))),(((62,41),((37,(72,47)),88)),(55,96)))),(((((64,45),((48,84),98)),38),(((61,(44,63)),((99,67),39)),(86,71))),(((((54,65),(87,40)),(81,(76,60))),53),(57,82)))),(((56,92),68),((95,75),85))),(50,(43,42))),(((49,77),(91,97)),(73,58))),70),((83,51),59)),93),89),69);
Current score: 3.24734e+08
Current tree: ((43,(50,(((((((((((7,33),3),(27,14)),((((20,21),26),22),(((2,5),34),13))),((8,4),9)),((30,25),(10,12))),(((((19,(((11,29),32),(23,17))),16),(28,31)),24),((18,1),(6,15)))),((((((80,74),(100,35)),(90,36)),78),((94,66),((79,46),52))),(((62,41),((37,(72,47)),88)),(55,96)))),(((((64,45),((48,84),98)),38),(((61,(44,63)),((99,67),39)),(86,71))),(((((54,65),(87,40)),(81,(76,60))),53),(57,82)))),(((56,92),68),((95,75),85))),((((49,77),(91,97)),(73,58)),(70,(((83,51),59),(93,(89,69)))))))),42);
Final Tree: ((43,(50,(((((((((((7,33),3),(27,14)),((((20,21),26),22),(((2,5),34),13))),((8,4),9)),((30,25),(10,12))),(((((19,(((11,29),32),(23,17))),16),(28,31)),24),((18,1),(6,15)))),((((((80,74),(100,35)),(90,36)),78),((94,66),((79,46),52))),(((62,41),((37,(72,47)),88)),(55,96)))),(((((64,45),((48,84),98)),38),(((61,(44,63)),((99,67),39)),(86,71))),(((((54,65),(87,40)),(81,(76,60))),53),(57,82)))),(((56,92),68),((95,75),85))),((((49,77),(91,97)),(73,58)),(70,(((83,51),59),(93,(89,69)))))))),42);
#EqQuartets: 379994640
Score: 324733708
ASTRAL for PaRalogs and Orthologs III (ASTRAL-Pro3)
*** NOW with integrated CASTLES-Pro ***
Version: v1.22.3.6
Read 512 genetrees and found 100 species.
#Genetrees: 1000
#Duploss: 42395
#Species: 100
#Rounds: 4
#Samples: 4
#Threads: 1
Use two-step algorithm!
Guide Tree 0/16
#NNI moves:2/152
Guide Tree 1/16
#NNI moves:2/152
Guide Tree 2/16
#NNI moves:0/152
Guide Tree 3/16
#NNI moves:0/152
Guide Tree 4/16
#NNI moves:2/152
Guide Tree 5/16
#NNI moves:6/152
Guide Tree 6/16
#NNI moves:0/152
Guide Tree 7/16
#NNI moves:0/152
Guide Tree 8/16
#NNI moves:0/152
Guide Tree 9/16
#NNI moves:0/152
Guide Tree 10/16
#NNI moves:0/152
Guide Tree 11/16
#NNI moves:0/152
Guide Tree 12/16
#NNI moves:0/152
Guide Tree 13/16
#NNI moves:0/152
Guide Tree 14/16
#NNI moves:0/152
Guide Tree 15/16
#NNI moves:0/152
Remaining: 0
#NNI moves:0/152
#NNI moves:0/152
((((((((((((((65,63),61),(59,(28,75))),(((6,86),(82,(48,53))),(36,20))),((18,21),78)),((17,14),((((45,(80,27)),(38,67)),76),(((((23,83),74),66),62),(2,7))))),((((92,100),96),97),(98,((95,94),(93,99))))),((((((((5,72),84),((((22,90),58),((46,79),40)),31)),(69,70)),(15,(44,88))),(89,(10,(85,71)))),(((37,25),64),54)),(16,19))),(((34,(4,33)),(51,(49,47))),((39,55),1))),((((((56,8),52),(12,43)),91),(87,24)),((26,73),(77,81)))),(((57,11),60),((41,29),((3,32),50)))),(42,(13,(30,9)))),68),35);
Guide Tree 0/16
#NNI moves:0/152
Guide Tree 1/16
#NNI moves:0/152
Guide Tree 2/16
#NNI moves:0/152
Guide Tree 3/16
#NNI moves:0/152
Guide Tree 4/16
#NNI moves:0/152
Guide Tree 5/16
#NNI moves:0/152
Guide Tree 6/16
#NNI moves:0/152
Guide Tree 7/16
#NNI moves:0/152
Guide Tree 8/16
#NNI moves:0/152
Guide Tree 9/16
#NNI moves:0/152
Guide Tree 10/16
#NNI moves:0/152
Guide Tree 11/16
#NNI moves:0/152
Guide Tree 12/16
#NNI moves:0/152
Guide Tree 13/16
#NNI moves:0/152
Guide Tree 14/16
#NNI moves:0/152
Guide Tree 15/16
#NNI moves:0/152
Remaining: 0
#NNI moves:0/152
#NNI moves:0/152
(((((((((((((61,(65,63)),((75,28),59)),((20,36),((86,6),((48,53),82)))),(78,(21,18))),((((((80,27),45),(38,67)),76),((2,7),(62,(66,(74,(23,83)))))),(14,17))),((((94,95),(99,93)),98),((96,(92,100)),97))),((((((((5,72),84),((((79,46),40),((90,22),58)),31)),(69,70)),((44,88),15)),(((71,85),10),89)),(54,(64,(25,37)))),(16,19))),(((34,(33,4)),(51,(49,47))),((39,55),1))),(((26,73),(81,77)),((24,87),(((43,12),(52,(56,8))),91)))),(((50,(32,3)),(29,41)),((57,11),60))),(((9,30),13),42)),68),35);
Guide Tree 0/16
#NNI moves:0/152
Guide Tree 1/16
#NNI moves:0/152
Guide Tree 2/16
#NNI moves:0/152
Guide Tree 3/16
#NNI moves:0/152
Guide Tree 4/16
#NNI moves:0/152
Guide Tree 5/16
#NNI moves:0/152
Guide Tree 6/16
#NNI moves:0/152
Guide Tree 7/16
#NNI moves:0/152
Guide Tree 8/16
#NNI moves:0/152
Guide Tree 9/16
#NNI moves:0/152
Guide Tree 10/16
#NNI moves:0/152
Guide Tree 11/16
#NNI moves:0/152
Guide Tree 12/16
#NNI moves:0/152
Guide Tree 13/16
#NNI moves:0/152
Guide Tree 14/16
#NNI moves:0/152
Guide Tree 15/16
#NNI moves:0/152
Remaining: 0
#NNI moves:0/152
#NNI moves:0/152
((((((((((((((28,75),59),(61,(65,63))),((((53,48),82),(6,86)),(20,36))),((18,21),78)),((((((27,80),45),(38,67)),76),((((74,(83,23)),66),62),(2,7))),(14,17))),((98,((93,99),(95,94))),(((92,100),96),97))),((((((69,70),((((40,(46,79)),((22,90),58)),31),((72,5),84))),(15,(44,88))),(((85,71),10),89)),(((25,37),64),54)),(19,16))),(((34,(4,33)),((49,47),51)),((39,55),1))),(((91,((52,(56,8)),(43,12))),(87,24)),((77,81),(26,73)))),(((50,(3,32)),(41,29)),((11,57),60))),(((9,30),13),42)),68),35);
Guide Tree 0/16
#NNI moves:0/152
Guide Tree 1/16
#NNI moves:0/152
Guide Tree 2/16
#NNI moves:0/152
Guide Tree 3/16
#NNI moves:0/152
Guide Tree 4/16
#NNI moves:0/152
Guide Tree 5/16
#NNI moves:0/152
Guide Tree 6/16
#NNI moves:0/152
Guide Tree 7/16
#NNI moves:0/152
Guide Tree 8/16
#NNI moves:0/152
Guide Tree 9/16
#NNI moves:0/152
Guide Tree 10/16
#NNI moves:0/152
Guide Tree 11/16
#NNI moves:0/152
Guide Tree 12/16
#NNI moves:0/152
Guide Tree 13/16
#NNI moves:0/152
Guide Tree 14/16
#NNI moves:0/152
Guide Tree 15/16
#NNI moves:0/152
Remaining: 0
#NNI moves:0/152
#NNI moves:0/152
((((((((((((((63,65),61),((28,75),59)),(((82,(48,53)),(6,86)),(36,20))),((21,18),78)),((((7,2),(62,(66,(74,(83,23))))),((((80,27),45),(67,38)),76)),(17,14))),((((92,100),96),97),(((95,94),(99,93)),98))),(((((((((40,(46,79)),((90,22),58)),31),((5,72),84)),(69,70)),((88,44),15)),(((71,85),10),89)),(((25,37),64),54)),(16,19))),((((49,47),51),(34,(33,4))),((55,39),1))),(((((43,12),((8,56),52)),91),(24,87)),((81,77),(26,73)))),((60,(11,57)),(((3,32),50),(29,41)))),(((30,9),13),42)),68),35);
Initial score: 3.02535e+08
Initial tree: ((((((((((((((63,65),61),((28,75),59)),(((82,(48,53)),(6,86)),(36,20))),((21,18),78)),((((7,2),(62,(66,(74,(83,23))))),((((80,27),45),(67,38)),76)),(17,14))),((((92,100),96),97),(((95,94),(99,93)),98))),(((((((((40,(46,79)),((90,22),58)),31),((5,72),84)),(69,70)),((88,44),15)),(((71,85),10),89)),(((25,37),64),54)),(16,19))),((((49,47),51),(34,(33,4))),((55,39),1))),(((((43,12),((8,56),52)),91),(24,87)),((81,77),(26,73)))),((60,(11,57)),(((3,32),50),(29,41)))),(((30,9),13),42)),68),35);
*** Subsample Process ***
Use two-step algorithm!
#NNI moves:0/152
Remaining: 0
#NNI moves:12/152
#NNI moves:14/152
((((((((((((((26,73),(77,81)),((91,(((8,56),52),(12,43))),(87,24))),(((((3,32),50),(41,29)),((11,57),60)),((42,((9,30),13)),(68,35)))),((((49,47),51),((4,33),34)),(1,(39,55)))),((((((85,71),10),89),((((((40,(79,46)),((90,22),58)),31),((72,5),84)),(70,69)),((44,88),15))),(((37,25),64),54)),(19,16))),((((92,100),96),97),(((93,99),(95,94)),98))),((((2,7),((66,((83,23),74)),62)),(((38,67),(45,(27,80))),76)),(14,17))),(78,(21,18))),(((82,(48,53)),(6,86)),(20,36))),(61,(65,63))),59),75),28);
#NNI moves:0/152
Remaining: 1
#NNI moves:0/152
#NNI moves:0/152
(((((((((((((((((46,79),40),((22,90),58)),31),((72,5),84)),(70,69)),((88,44),15)),(89,((85,71),10))),(((37,25),64),54)),(16,19)),(((((((((83,23),74),66),62),(7,2)),(((38,67),((27,80),45)),76)),(14,17)),(((((86,6),(82,(53,48))),(36,20)),((59,(28,75)),(61,(65,63)))),(78,(18,21)))),((98,((95,94),(93,99))),(97,(96,(100,92)))))),(((51,(49,47)),(34,(4,33))),(1,(39,55)))),(((81,77),(73,26)),((((12,43),((8,56),52)),91),(24,87)))),(((57,11),60),(((3,32),50),(41,29)))),(68,35)),(13,(9,30))),42);
#NNI moves:0/152
Remaining: 0
#NNI moves:0/152
#NNI moves:0/152
(((((((((((((((((26,73),(81,77)),((((52,(8,56)),(43,12)),91),(24,87))),((((57,11),60),(((3,32),50),(29,41))),((35,68),(42,((9,30),13))))),((((49,47),51),((33,4),34)),(1,(39,55)))),(((((((86,6),(82,(53,48))),(36,20)),(((65,63),61),((75,28),59))),(78,(18,21))),(((((38,67),((27,80),45)),76),(((66,((83,23),74)),62),(7,2))),(14,17))),((((100,92),96),97),(((99,93),(94,95)),98)))),(19,16)),(((37,25),64),54)),(((85,71),10),89)),((88,44),15)),(69,70)),((72,5),84)),31),((22,90),58)),40),46),79);
#NNI moves:0/152
Remaining: 0
#NNI moves:6/152
#NNI moves:6/152
((((((((((((((92,100),96),97),(((94,95),(93,99)),98)),((((((6,86),(82,(48,53))),(36,20)),(((63,65),61),((28,75),59))),((18,21),78)),((((((74,(23,83)),66),62),(2,7)),(((67,38),(45,(80,27))),76)),(17,14)))),(((((((((40,(46,79)),(58,(90,22))),31),(84,(72,5))),(69,70)),((88,44),15)),(89,(10,(85,71)))),(((37,25),64),54)),(16,19))),((((4,33),34),(51,(47,49))),((39,55),1))),(((26,73),(81,77)),((91,((43,12),((8,56),52))),(87,24)))),((((32,3),50),(41,29)),((57,11),60))),(35,68)),42),13),9),30);
Current score: 3.02535e+08
Current tree: ((68,((((((((((92,100),96),97),(((94,95),(93,99)),98)),((((((6,86),(82,(48,53))),(36,20)),(((63,65),61),((28,75),59))),((18,21),78)),((((((74,(23,83)),66),62),(2,7)),(((67,38),(45,(80,27))),76)),(17,14)))),(((((((((40,(46,79)),(58,(90,22))),31),(84,(72,5))),(69,70)),((88,44),15)),(89,(10,(85,71)))),(((37,25),64),54)),(16,19))),((((4,33),34),(51,(47,49))),((39,55),1))),(((26,73),(81,77)),((91,((43,12),((8,56),52))),(87,24)))),((((32,3),50),(41,29)),((57,11),60))),(42,(13,(9,30))))),35);
Final Tree: ((68,((((((((((92,100),96),97),(((94,95),(93,99)),98)),((((((6,86),(82,(48,53))),(36,20)),(((63,65),61),((28,75),59))),((18,21),78)),((((((74,(23,83)),66),62),(2,7)),(((67,38),(45,(80,27))),76)),(17,14)))),(((((((((40,(46,79)),(58,(90,22))),31),(84,(72,5))),(69,70)),((88,44),15)),(89,(10,(85,71)))),(((37,25),64),54)),(16,19))),((((4,33),34),(51,(47,49))),((39,55),1))),(((26,73),(81,77)),((91,((43,12),((8,56),52))),(87,24)))),((((32,3),50),(41,29)),((57,11),60))),(42,(13,(9,30))))),35);
#EqQuartets: 351707569
Score: 302535255
ASTRAL for PaRalogs and Orthologs III (ASTRAL-Pro3)
*** NOW with integrated CASTLES-Pro ***
Version: v1.22.3.6
Read 512 genetrees and found 100 species.
#Genetrees: 954
#Duploss: 40844
#Species: 100
#Rounds: 4
#Samples: 4
#Threads: 1
Use two-step algorithm!
Guide Tree 0/16
#NNI moves:0/152
Guide Tree 1/16
#NNI moves:0/152
Guide Tree 2/16
#NNI moves:0/152
Guide Tree 3/16
#NNI moves:0/152
Guide Tree 4/16
#NNI moves:0/152
Guide Tree 5/16
#NNI moves:0/152
Guide Tree 6/16
#NNI moves:0/152
Guide Tree 7/16
#NNI moves:0/152
Guide Tree 8/16
#NNI moves:0/152
Guide Tree 9/16
#NNI moves:0/152
Guide Tree 10/16
#NNI moves:0/152
Guide Tree 11/16
#NNI moves:0/152
Guide Tree 12/16
#NNI moves:0/152
Guide Tree 13/16
#NNI moves:0/152
Guide Tree 14/16
#NNI moves:0/152
Guide Tree 15/16
#NNI moves:0/152
Remaining: 0
#NNI moves:2/152
#NNI moves:2/152
((((((((((((((((62,85),25),((4,84),36)),19),15),((((44,(23,40)),17),(37,49)),(8,(7,(14,90))))),(((78,74),53),(50,33))),(((((((((56,38),(68,11)),54),(((31,((98,18),(75,13))),80),(95,20))),(((6,99),93),(42,12))),((24,((76,71),82)),35)),((100,92),81)),(((9,64),73),((16,(46,29)),91))),(3,(2,1)))),(((34,((72,58),77)),65),(48,69))),(((((5,21),96),55),79),94)),(((22,51),(45,60)),89)),32),(47,(((59,70),(39,67)),(52,57)))),27),(((((((86,41),83),10),((26,87),30)),((88,66),63)),43),(97,61))),28);
Guide Tree 0/16
#NNI moves:0/152
Guide Tree 1/16
#NNI moves:0/152
Guide Tree 2/16
#NNI moves:0/152
Guide Tree 3/16
#NNI moves:0/152
Guide Tree 4/16
#NNI moves:0/152
Guide Tree 5/16
#NNI moves:0/152
Guide Tree 6/16
#NNI moves:0/152
Guide Tree 7/16
#NNI moves:0/152
Guide Tree 8/16
#NNI moves:0/152
Guide Tree 9/16
#NNI moves:0/152
Guide Tree 10/16
#NNI moves:0/152
Guide Tree 11/16
#NNI moves:0/152
Guide Tree 12/16
#NNI moves:0/152
Guide Tree 13/16
#NNI moves:0/152
Guide Tree 14/16
#NNI moves:0/152
Guide Tree 15/16
#NNI moves:0/152
Remaining: 0
#NNI moves:2/152
#NNI moves:2/152
((((((63,(66,88)),((((86,41),83),10),(30,(26,87)))),43),(97,61)),((((((((((((((((56,38),(11,68)),54),(((31,((13,75),(18,98))),80),(95,20))),((93,(6,99)),(42,12))),((((76,71),82),24),35)),(81,(100,92))),((91,((29,46),16)),(73,(9,64)))),((1,2),3)),(((((((85,62),25),((4,84),36)),19),15),((((14,90),7),8),((((23,40),44),17),(49,37)))),((33,50),(53,(74,78))))),((69,48),(65,(((58,72),77),34)))),(94,((55,((21,5),96)),79))),(((22,51),(60,45)),89)),32),((((39,67),(70,59)),(57,52)),47)),27)),28);
Guide Tree 0/16
#NNI moves:2/152
Guide Tree 1/16
#NNI moves:0/152
Guide Tree 2/16
#NNI moves:0/152
Guide Tree 3/16
#NNI moves:0/152
Guide Tree 4/16
#NNI moves:0/152
Guide Tree 5/16
#NNI moves:0/152
Guide Tree 6/16
#NNI moves:0/152
Guide Tree 7/16
#NNI moves:0/152
Guide Tree 8/16
#NNI moves:0/152
Guide Tree 9/16
#NNI moves:0/152
Guide Tree 10/16
#NNI moves:0/152
Guide Tree 11/16
#NNI moves:0/152
Guide Tree 12/16
#NNI moves:0/152
Guide Tree 13/16
#NNI moves:0/152
Guide Tree 14/16
#NNI moves:0/152
Guide Tree 15/16
#NNI moves:0/152
Remaining: 0
#NNI moves:2/152
#NNI moves:2/152
((((((63,(88,66)),((((41,86),83),10),((87,26),30))),43),(97,61)),((((((((((((((42,12),((99,6),93)),((((68,11),(56,38)),54),(((((98,18),(75,13)),31),80),(20,95)))),((((71,76),82),24),35)),((100,92),81)),(((16,(46,29)),91),((64,9),73))),((1,2),3)),(((50,33),(53,(78,74))),((((((85,62),25),((4,84),36)),19),15),((((44,(23,40)),17),(37,49)),(8,(7,(90,14))))))),((65,(((58,72),77),34)),(69,48))),((((96,(5,21)),55),79),94)),(((51,22),(45,60)),89)),32),(47,((52,57),((70,59),(67,39))))),27)),28);
Guide Tree 0/16
#NNI moves:0/152
Guide Tree 1/16
#NNI moves:0/152
Guide Tree 2/16
#NNI moves:0/152
Guide Tree 3/16
#NNI moves:0/152
Guide Tree 4/16
#NNI moves:0/152
Guide Tree 5/16
#NNI moves:0/152
Guide Tree 6/16
#NNI moves:0/152
Guide Tree 7/16
#NNI moves:0/152
Guide Tree 8/16
#NNI moves:0/152
Guide Tree 9/16
#NNI moves:0/152
Guide Tree 10/16
#NNI moves:0/152
Guide Tree 11/16
#NNI moves:0/152
Guide Tree 12/16
#NNI moves:0/152
Guide Tree 13/16
#NNI moves:0/152
Guide Tree 14/16
#NNI moves:0/152
Guide Tree 15/16
#NNI moves:0/152
Remaining: 0
#NNI moves:0/152
#NNI moves:0/152
((((((((((((((((40,23),44),17),(49,37)),(8,((90,14),7))),(((((84,4),36),(25,(85,62))),19),15)),((53,(74,78)),(50,33))),((((((((99,6),93),(42,12)),((((((75,13),(18,98)),31),80),(95,20)),(((11,68),(56,38)),54))),((24,((76,71),82)),35)),((100,92),81)),(((9,64),73),(91,(16,(29,46))))),((2,1),3))),((((77,(58,72)),34),65),(69,48))),((((96,(5,21)),55),79),94)),(((51,22),(45,60)),89)),32),((((70,59),(39,67)),(57,52)),47)),27),((((((83,(41,86)),10),((87,26),30)),((66,88),63)),43),(61,97))),28);
Initial score: 3.77221e+08
Initial tree: ((((((((((((((((40,23),44),17),(49,37)),(8,((90,14),7))),(((((84,4),36),(25,(85,62))),19),15)),((53,(74,78)),(50,33))),((((((((99,6),93),(42,12)),((((((75,13),(18,98)),31),80),(95,20)),(((11,68),(56,38)),54))),((24,((76,71),82)),35)),((100,92),81)),(((9,64),73),(91,(16,(29,46))))),((2,1),3))),((((77,(58,72)),34),65),(69,48))),((((96,(5,21)),55),79),94)),(((51,22),(45,60)),89)),32),((((70,59),(39,67)),(57,52)),47)),27),((((((83,(41,86)),10),((87,26),30)),((66,88),63)),43),(61,97))),28);
*** Subsample Process ***
Use two-step algorithm!
#NNI moves:0/152
Remaining: 0
#NNI moves:2/152
#NNI moves:2/152
((((((((((((((((((56,38),(68,11)),54),(((((18,98),(75,13)),31),80),(95,20))),(((99,6),93),(12,42))),((24,(82,(71,76))),35)),((92,100),81)),((((46,29),16),91),(73,(9,64)))),(3,(2,1))),((((((((((((10,(83,(41,86))),((87,26),30)),((66,88),63)),43),(61,97)),28),27),(47,(((59,70),(67,39)),(52,57)))),32),(((22,51),(45,60)),89)),((((96,(21,5)),55),79),94)),((65,(((58,72),77),34)),(69,48)))),((53,(78,74)),(33,50))),((((25,(85,62)),(36,(4,84))),19),15)),((7,(14,90)),8)),(37,49)),17),44),40),23);
#NNI moves:0/152
Remaining: 0
#NNI moves:0/152
#NNI moves:0/152
(((((((((((((((((((((((((98,18),(13,75)),31),80),(20,95)),(((11,68),(38,56)),54)),((12,42),((6,99),93))),(((82,(71,76)),24),35)),((100,92),81)),(((64,9),73),((16,(46,29)),91))),((2,1),3)),(((((17,((40,23),44)),(49,37)),(((90,14),7),8)),((((25,(62,85)),((4,84),36)),19),15)),(((78,74),53),(33,50)))),((65,(((58,72),77),34)),(69,48))),(94,((((21,5),96),55),79))),(((22,51),(45,60)),89)),32),((((59,70),(39,67)),(57,52)),47)),27),28),(97,61)),43),(63,(88,66))),((26,87),30)),((86,41),83)),10);
#NNI moves:0/152
Remaining: 0
#NNI moves:6/152
#NNI moves:6/152
(((((((((((((((((((51,22),(45,60)),89),(((((52,57),((67,39),(70,59))),47),(((((((((86,41),83),10),((26,87),30)),((66,88),63)),43),(61,97)),28),27)),32)),((((96,(21,5)),55),79),94)),(((((72,58),77),34),65),(48,69))),((((8,((90,14),7)),((17,(44,(40,23))),(49,37))),((((25,(62,85)),((4,84),36)),19),15)),((50,33),((74,78),53)))),((2,1),3)),((91,((29,46),16)),((64,9),73))),((92,100),81)),((24,(82,(71,76))),35)),((93,(99,6)),(42,12))),(((56,38),(11,68)),54)),(95,20)),80),31),(75,13)),18),98);
#NNI moves:0/152
Remaining: 0
#NNI moves:0/152
#NNI moves:0/152
(((((((((((((((((((((((((56,38),(11,68)),54),((20,95),((((75,13),(98,18)),31),80))),(((99,6),93),(42,12))),((24,(82,(76,71))),35)),((100,92),81)),(((9,64),73),(((46,29),16),91))),((2,1),3)),((((((14,90),7),8),(((44,(23,40)),17),(37,49))),(((((84,4),36),((62,85),25)),19),15)),(((78,74),53),(50,33)))),(((((58,72),77),34),65),(48,69))),(94,((((21,5),96),55),79))),(((45,60),(22,51)),89)),32),(47,((57,52),((70,59),(67,39))))),27),28),(61,97)),43),(63,(88,66))),(30,(87,26))),10),83),41),86);
Current score: 3.77221e+08
Current tree: ((((((((((((((((((56,38),(11,68)),54),((20,95),((((75,13),(98,18)),31),80))),(((99,6),93),(42,12))),((24,(82,(76,71))),35)),((100,92),81)),(((9,64),73),(((46,29),16),91))),((2,1),3)),((((((14,90),7),8),(((44,(23,40)),17),(37,49))),(((((84,4),36),((62,85),25)),19),15)),(((78,74),53),(50,33)))),(((((58,72),77),34),65),(48,69))),(94,((((21,5),96),55),79))),(((45,60),(22,51)),89)),32),(47,((57,52),((70,59),(67,39))))),27),((61,97),(43,((63,(88,66)),((30,(87,26)),(10,(83,(41,86)))))))),28);
Final Tree: ((((((((((((((((((56,38),(11,68)),54),((20,95),((((75,13),(98,18)),31),80))),(((99,6),93),(42,12))),((24,(82,(76,71))),35)),((100,92),81)),(((9,64),73),(((46,29),16),91))),((2,1),3)),((((((14,90),7),8),(((44,(23,40)),17),(37,49))),(((((84,4),36),((62,85),25)),19),15)),(((78,74),53),(50,33)))),(((((58,72),77),34),65),(48,69))),(94,((((21,5),96),55),79))),(((45,60),(22,51)),89)),32),(47,((57,52),((70,59),(67,39))))),27),((61,97),(43,((63,(88,66)),((30,(87,26)),(10,(83,(41,86)))))))),28);
#EqQuartets: 437925304
Score: 377220511
ASTRAL for PaRalogs and Orthologs III (ASTRAL-Pro3)
*** NOW with integrated CASTLES-Pro ***
Version: v1.22.3.6
Read 512 genetrees and found 100 species.
#Genetrees: 985
#Duploss: 37487
#Species: 100
#Rounds: 4
#Samples: 4
#Threads: 1
Use two-step algorithm!
Guide Tree 0/16
#NNI moves:0/152
Guide Tree 1/16
#NNI moves:0/152
Guide Tree 2/16
#NNI moves:0/152
Guide Tree 3/16
#NNI moves:0/152
Guide Tree 4/16
#NNI moves:0/152
Guide Tree 5/16
#NNI moves:0/152
Guide Tree 6/16
#NNI moves:0/152
Guide Tree 7/16
#NNI moves:0/152
Guide Tree 8/16
#NNI moves:0/152
Guide Tree 9/16
#NNI moves:0/152
Guide Tree 10/16
#NNI moves:0/152
Guide Tree 11/16
#NNI moves:0/152
Guide Tree 12/16
#NNI moves:0/152
Guide Tree 13/16
#NNI moves:0/152
Guide Tree 14/16
#NNI moves:0/152
Guide Tree 15/16
#NNI moves:0/152
Remaining: 0
#NNI moves:4/152
#NNI moves:6/152
(((((((((((((((25,22),59),((15,(87,36)),(10,90))),((85,(17,61)),((75,72),(39,24)))),(((((88,(42,40)),(20,(91,6))),(81,80)),14),63)),(((((73,(74,21)),52),((4,5),(16,1))),(7,(19,60))),((((64,(66,79)),((53,62),54)),27),(48,(13,89))))),(((((((11,68),86),(76,(83,32))),23),26),(8,(12,55))),(50,(67,56)))),((((((69,37),(92,70)),30),(41,77)),(((((71,29),3),(43,31)),45),((44,(33,35)),(49,51)))),82)),((57,58),(84,28))),(34,46)),((38,65),47)),(((18,9),93),(2,78))),(98,((96,100),(95,94)))),97),99);
Guide Tree 0/16
#NNI moves:0/152
Guide Tree 1/16
#NNI moves:0/152
Guide Tree 2/16
#NNI moves:0/152
Guide Tree 3/16
#NNI moves:0/152
Guide Tree 4/16
#NNI moves:0/152
Guide Tree 5/16
#NNI moves:0/152
Guide Tree 6/16
#NNI moves:0/152
Guide Tree 7/16
#NNI moves:0/152
Guide Tree 8/16
#NNI moves:0/152
Guide Tree 9/16
#NNI moves:0/152
Guide Tree 10/16
#NNI moves:0/152
Guide Tree 11/16
#NNI moves:0/152
Guide Tree 12/16
#NNI moves:0/152
Guide Tree 13/16
#NNI moves:0/152
Guide Tree 14/16
#NNI moves:0/152
Guide Tree 15/16
#NNI moves:0/152
Remaining: 0
#NNI moves:4/152
#NNI moves:6/152
(((((((((((((((61,17),85),((72,75),(39,24))),((((87,36),15),(90,10)),(59,(25,22)))),((((((6,91),20),((42,40),88)),(80,81)),14),63)),(((((73,(21,74)),52),((4,5),(1,16))),((19,60),7)),(((((53,62),54),((66,79),64)),27),((89,13),48)))),(((((((32,83),76),(86,(68,11))),23),26),((12,55),8)),((56,67),50))),((((((70,92),(69,37)),30),(77,41)),(((51,49),((33,35),44)),(45,((43,31),((71,29),3))))),82)),((58,57),(28,84))),(46,34)),((38,65),47)),((93,(9,18)),(78,2))),(98,((96,100),(94,95)))),97),99);
Guide Tree 0/16
#NNI moves:0/152
Guide Tree 1/16
#NNI moves:0/152
Guide Tree 2/16
#NNI moves:0/152
Guide Tree 3/16
#NNI moves:0/152
Guide Tree 4/16
#NNI moves:0/152
Guide Tree 5/16
#NNI moves:0/152
Guide Tree 6/16
#NNI moves:0/152
Guide Tree 7/16
#NNI moves:0/152
Guide Tree 8/16
#NNI moves:0/152
Guide Tree 9/16
#NNI moves:0/152
Guide Tree 10/16
#NNI moves:0/152
Guide Tree 11/16
#NNI moves:0/152
Guide Tree 12/16
#NNI moves:0/152
Guide Tree 13/16
#NNI moves:0/152
Guide Tree 14/16
#NNI moves:0/152
Guide Tree 15/16
#NNI moves:0/152
Remaining: 0
#NNI moves:2/152
#NNI moves:2/152
((((((((((((((((20,(6,91)),((40,42),88)),(81,80)),14),63),((((61,17),85),((24,39),(72,75))),(((25,22),59),(((87,36),15),(10,90))))),((((((74,21),73),52),((16,1),(4,5))),(7,(19,60))),(((((53,62),54),((79,66),64)),27),((13,89),48)))),((50,(67,56)),((((((68,11),86),(76,(83,32))),23),26),((55,12),8)))),((((((43,31),((29,71),3)),45),((44,(35,33)),(51,49))),((((70,92),(69,37)),30),(77,41))),82)),((84,28),(57,58))),(46,34)),(47,(38,65))),((93,(18,9)),(78,2))),(((94,95),(96,100)),98)),97),99);
Guide Tree 0/16
#NNI moves:0/152
Guide Tree 1/16
#NNI moves:0/152
Guide Tree 2/16
#NNI moves:0/152
Guide Tree 3/16
#NNI moves:0/152
Guide Tree 4/16
#NNI moves:0/152
Guide Tree 5/16
#NNI moves:0/152
Guide Tree 6/16
#NNI moves:0/152
Guide Tree 7/16
#NNI moves:0/152
Guide Tree 8/16
#NNI moves:0/152
Guide Tree 9/16
#NNI moves:0/152
Guide Tree 10/16
#NNI moves:0/152
Guide Tree 11/16
#NNI moves:0/152
Guide Tree 12/16
#NNI moves:0/152
Guide Tree 13/16
#NNI moves:0/152
Guide Tree 14/16
#NNI moves:0/152
Guide Tree 15/16
#NNI moves:0/152
Remaining: 0
#NNI moves:2/152
#NNI moves:2/152
((((((((((((((59,(25,22)),((10,90),((36,87),15))),(((24,39),(72,75)),((17,61),85))),((14,((((91,6),20),((40,42),88)),(81,80))),63)),((((13,89),48),((((62,53),54),((66,79),64)),27)),((((1,16),(4,5)),((73,(21,74)),52)),(7,(60,19))))),(((((((83,32),76),(86,(11,68))),23),26),(8,(55,12))),((67,56),50))),((((30,((70,92),(69,37))),(41,77)),((((31,43),((71,29),3)),45),(((33,35),44),(49,51)))),82)),((57,58),(28,84))),(46,34)),((38,65),47)),(((18,9),93),(2,78))),(((96,100),(94,95)),98)),97),99);
Initial score: 3.7593e+08
Initial tree: ((((((((((((((59,(25,22)),((10,90),((36,87),15))),(((24,39),(72,75)),((17,61),85))),((14,((((91,6),20),((40,42),88)),(81,80))),63)),((((13,89),48),((((62,53),54),((66,79),64)),27)),((((1,16),(4,5)),((73,(21,74)),52)),(7,(60,19))))),(((((((83,32),76),(86,(11,68))),23),26),(8,(55,12))),((67,56),50))),((((30,((70,92),(69,37))),(41,77)),((((31,43),((71,29),3)),45),(((33,35),44),(49,51)))),82)),((57,58),(28,84))),(46,34)),((38,65),47)),(((18,9),93),(2,78))),(((96,100),(94,95)),98)),97),99);
*** Subsample Process ***
Use two-step algorithm!
#NNI moves:0/152
Remaining: 0
#NNI moves:2/152
#NNI moves:2/152
((((((((((((57,58),(84,28)),((((38,65),47),(((97,99),(((96,100),(94,95)),98)),((78,2),((9,18),93)))),(34,46))),((((41,77),(((37,69),(70,92)),30)),((((35,33),44),(49,51)),(((31,43),(3,(71,29))),45))),82)),(((67,56),50),((((((68,11),86),(76,(83,32))),23),26),(8,(55,12))))),(((((4,5),(16,1)),(52,((21,74),73))),((19,60),7)),(((((62,53),54),(64,(66,79))),27),(48,(13,89))))),((((((40,42),88),((6,91),20)),(81,80)),14),63)),(((24,39),(75,72)),((17,61),85))),((10,90),((87,36),15))),59),22),25);
#NNI moves:0/152
Remaining: 1
#NNI moves:0/152
#NNI moves:0/152
(((((((((((((((((42,40),88),((6,91),20)),(81,80)),14),63),((((24,39),(75,72)),((61,17),85)),(((15,(87,36)),(10,90)),(59,(22,25))))),((((89,13),48),((((53,62),54),(64,(79,66))),27)),((((1,16),(5,4)),(52,(73,(21,74)))),((19,60),7)))),(((8,(55,12)),(((((68,11),86),(76,(83,32))),23),26)),(50,(56,67)))),((((((33,35),44),(51,49)),((((29,71),3),(43,31)),45)),((((92,70),(69,37)),30),(41,77))),82)),((84,28),(58,57))),(46,34)),((38,65),47)),((78,2),(93,(9,18)))),(((95,94),(100,96)),98)),99),97);
#NNI moves:0/152
Remaining: 0
#NNI moves:6/152
#NNI moves:6/152
(((((((((((((((2,78),((18,9),93)),((98,((94,95),(96,100))),(99,97))),((38,65),47)),(46,34)),((57,58),(28,84))),((((((92,70),(69,37)),30),(41,77)),((45,((31,43),((71,29),3))),(((33,35),44),(51,49)))),82)),((((55,12),8),(((((11,68),86),(76,(32,83))),23),26)),((67,56),50))),((((52,(73,(21,74))),((4,5),(16,1))),((19,60),7)),(((((62,53),54),(64,(79,66))),27),(48,(13,89))))),((((22,25),59),((90,10),(15,(87,36)))),(((72,75),(24,39)),((17,61),85)))),63),14),((20,(6,91)),((42,40),88))),80),81);
#NNI moves:0/152
Remaining: 0
#NNI moves:0/152
#NNI moves:0/152
(((((((((((((((4,5),(1,16)),(((74,21),73),52)),((60,19),7)),(((((62,53),54),((66,79),64)),27),((13,89),48))),(((((25,22),59),(((36,87),15),(10,90))),(((75,72),(39,24)),((61,17),85))),(((((20,(6,91)),((40,42),88)),(81,80)),14),63))),((((((76,(32,83)),((11,68),86)),23),26),(8,(12,55))),((56,67),50))),((((((31,43),((29,71),3)),45),(((33,35),44),(49,51))),((30,((70,92),(37,69))),(41,77))),82)),((57,58),(84,28))),(34,46)),(47,(65,38))),((2,78),((18,9),93))),(97,99)),((100,96),(94,95))),98);
Current score: 3.7593e+08
Current tree: ((97,(((((((((((((4,5),(1,16)),(((74,21),73),52)),((60,19),7)),(((((62,53),54),((66,79),64)),27),((13,89),48))),(((((25,22),59),(((36,87),15),(10,90))),(((75,72),(39,24)),((61,17),85))),(((((20,(6,91)),((40,42),88)),(81,80)),14),63))),((((((76,(32,83)),((11,68),86)),23),26),(8,(12,55))),((56,67),50))),((((((31,43),((29,71),3)),45),(((33,35),44),(49,51))),((30,((70,92),(37,69))),(41,77))),82)),((57,58),(84,28))),(34,46)),(47,(65,38))),((2,78),((18,9),93))),(((100,96),(94,95)),98))),99);
Final Tree: ((97,(((((((((((((4,5),(1,16)),(((74,21),73),52)),((60,19),7)),(((((62,53),54),((66,79),64)),27),((13,89),48))),(((((25,22),59),(((36,87),15),(10,90))),(((75,72),(39,24)),((61,17),85))),(((((20,(6,91)),((40,42),88)),(81,80)),14),63))),((((((76,(32,83)),((11,68),86)),23),26),(8,(12,55))),((56,67),50))),((((((31,43),((29,71),3)),45),(((33,35),44),(49,51))),((30,((70,92),(37,69))),(41,77))),82)),((57,58),(84,28))),(34,46)),(47,(65,38))),((2,78),((18,9),93))),(((100,96),(94,95)),98))),99);
#EqQuartets: 451982812
Score: 375929848
ASTRAL for PaRalogs and Orthologs III (ASTRAL-Pro3)
*** NOW with integrated CASTLES-Pro ***
Version: v1.22.3.6
Read 512 genetrees and found 100 species.
#Genetrees: 998
#Duploss: 40351
#Species: 100
#Rounds: 4
#Samples: 4
#Threads: 1
Use two-step algorithm!
Guide Tree 0/16
#NNI moves:0/152
Guide Tree 1/16
#NNI moves:0/152
Guide Tree 2/16
#NNI moves:0/152
Guide Tree 3/16
#NNI moves:0/152
Guide Tree 4/16
#NNI moves:0/152
Guide Tree 5/16
#NNI moves:0/152
Guide Tree 6/16
#NNI moves:0/152
Guide Tree 7/16
#NNI moves:0/152
Guide Tree 8/16
#NNI moves:0/152
Guide Tree 9/16
#NNI moves:6/152
Guide Tree 10/16
#NNI moves:0/152
Guide Tree 11/16
#NNI moves:0/152
Guide Tree 12/16
#NNI moves:0/152
Guide Tree 13/16
#NNI moves:0/152
Guide Tree 14/16
#NNI moves:0/152
Guide Tree 15/16
#NNI moves:0/152
Remaining: 0
#NNI moves:2/152
#NNI moves:2/152
(((((((((((((((41,54),51),((44,12),65)),59),(45,((32,5),50))),(((55,((40,19),35)),(((((39,29),1),46),(17,25)),4)),23)),((31,61),52)),((((27,34),(8,7)),((((26,18),36),43),(60,66))),(((37,14),28),24))),(((((((((97,(95,82)),(84,(71,87))),((((92,76),(89,(85,90))),100),(75,99))),78),((96,73),70)),(94,93)),((((88,91),(68,83)),((((67,72),((79,74),77)),86),(81,80))),98)),69),(((9,10),(11,38)),22))),((30,33),(((49,64),47),((6,62),16)))),((15,53),13)),((2,58),57)),48),((20,56),(63,(3,42)))),21);
Guide Tree 0/16
#NNI moves:2/152
Guide Tree 1/16
#NNI moves:0/152
Guide Tree 2/16
#NNI moves:0/152
Guide Tree 3/16
#NNI moves:0/152
Guide Tree 4/16
#NNI moves:0/152
Guide Tree 5/16
#NNI moves:0/152
Guide Tree 6/16
#NNI moves:0/152
Guide Tree 7/16
#NNI moves:0/152
Guide Tree 8/16
#NNI moves:2/152
Guide Tree 9/16
#NNI moves:6/152
Guide Tree 10/16
#NNI moves:0/152
Guide Tree 11/16
#NNI moves:0/152
Guide Tree 12/16
#NNI moves:0/152
Guide Tree 13/16
#NNI moves:0/152
Guide Tree 14/16
#NNI moves:0/152
Guide Tree 15/16
#NNI moves:0/152
Remaining: 0
#NNI moves:0/152
#NNI moves:0/152
(((((((((((((36,(26,18)),43),(60,66)),((34,27),(7,8))),((28,(37,14)),24)),(((((((44,12),65),((41,54),51)),59),(((5,32),50),45)),(23,((4,((17,25),(((39,29),1),46))),((35,(40,19)),55)))),((61,31),52))),((((((70,(73,96)),((((84,(87,71)),((82,95),97)),((99,75),(((76,92),(89,(85,90))),100))),78)),(93,94)),((((80,81),(((72,67),(77,(74,79))),86)),((83,68),(91,88))),98)),69),(((11,38),(9,10)),22))),((((62,6),16),((49,64),47)),(33,30))),(13,(15,53))),((2,58),57)),48),((20,56),(63,(3,42)))),21);
Guide Tree 0/16
#NNI moves:2/152
Guide Tree 1/16
#NNI moves:2/152
Guide Tree 2/16
#NNI moves:0/152
Guide Tree 3/16
#NNI moves:0/152
Guide Tree 4/16
#NNI moves:2/152
Guide Tree 5/16
#NNI moves:6/152
Guide Tree 6/16
#NNI moves:0/152
Guide Tree 7/16
#NNI moves:2/152
Guide Tree 8/16
#NNI moves:0/152
Guide Tree 9/16
#NNI moves:2/152
Guide Tree 10/16
#NNI moves:2/152
Guide Tree 11/16
#NNI moves:0/152
Guide Tree 12/16
#NNI moves:2/152
Guide Tree 13/16
#NNI moves:0/152
Guide Tree 14/16
#NNI moves:2/152
Guide Tree 15/16
#NNI moves:0/152
Remaining: 0
#NNI moves:14/152
#NNI moves:14/152
((((((((((((((((84,(87,71)),(97,(82,95))),(((((85,90),89),(92,76)),100),(75,99))),78),((73,96),70)),(94,93)),(((((((79,74),77),(67,72)),86),(81,80)),((91,88),(68,83))),98)),69),(((9,10),(38,11)),22)),((((((((46,((39,29),1)),(17,25)),4),(((19,40),35),55)),23),((((51,(41,54)),((12,44),65)),59),(((32,5),50),45))),((31,61),52)),(((28,(37,14)),24),((((36,(26,18)),43),(66,60)),((34,27),(7,8)))))),((((6,62),16),(47,(64,49))),(33,30))),(13,(15,53))),((2,58),57)),48),((56,20),((3,42),63))),21);
Guide Tree 0/16
#NNI moves:0/152
Guide Tree 1/16
#NNI moves:0/152
Guide Tree 2/16
#NNI moves:0/152
Guide Tree 3/16
#NNI moves:2/152
Guide Tree 4/16
#NNI moves:0/152
Guide Tree 5/16
#NNI moves:0/152
Guide Tree 6/16
#NNI moves:2/152
Guide Tree 7/16
#NNI moves:0/152
Guide Tree 8/16
#NNI moves:0/152
Guide Tree 9/16
#NNI moves:0/152
Guide Tree 10/16
#NNI moves:0/152
Guide Tree 11/16
#NNI moves:0/152
Guide Tree 12/16
#NNI moves:2/152
Guide Tree 13/16
#NNI moves:0/152
Guide Tree 14/16
#NNI moves:0/152
Guide Tree 15/16
#NNI moves:2/152
Remaining: 0
#NNI moves:2/152
#NNI moves:2/152
(((((((((((((((((((85,90),89),(92,76)),100),(99,75)),((97,(95,82)),((71,87),84))),78),(70,(96,73))),(94,93)),((((68,83),(91,88)),((((72,67),(77,(74,79))),86),(80,81))),98)),69),(22,((9,10),(11,38)))),(((((((18,26),36),43),(60,66)),((7,8),(27,34))),(((37,14),28),24)),(((((((46,((39,29),1)),(25,17)),4),(55,((19,40),35))),23),(((50,(32,5)),45),(59,(((44,12),65),((41,54),51))))),((31,61),52)))),((((64,49),47),(16,(6,62))),(30,33))),((15,53),13)),(57,(58,2))),48),((63,(3,42)),(56,20))),21);
Initial score: 3.3728e+08
Initial tree: (((((((((((((((((((85,90),89),(92,76)),100),(99,75)),((97,(95,82)),((71,87),84))),78),(70,(96,73))),(94,93)),((((68,83),(91,88)),((((72,67),(77,(74,79))),86),(80,81))),98)),69),(22,((9,10),(11,38)))),(((((((18,26),36),43),(60,66)),((7,8),(27,34))),(((37,14),28),24)),(((((((46,((39,29),1)),(25,17)),4),(55,((19,40),35))),23),(((50,(32,5)),45),(59,(((44,12),65),((41,54),51))))),((31,61),52)))),((((64,49),47),(16,(6,62))),(30,33))),((15,53),13)),(57,(58,2))),48),((63,(3,42)),(56,20))),21);
*** Subsample Process ***
Use two-step algorithm!
#NNI moves:0/152
Remaining: 1
#NNI moves:6/152
#NNI moves:6/152
((((((((((((((((((((((((29,39),1),46),(17,25)),4),(((40,19),35),55)),23),(((((41,54),51),((12,44),65)),59),((50,(32,5)),45))),((31,61),52)),((((7,8),(34,27)),((66,60),((36,(26,18)),43))),(((37,14),28),24))),((((47,(49,64)),((62,6),16)),(30,33)),(((((((3,42),63),(56,20)),21),48),(57,(58,2))),((15,53),13)))),(((9,10),(38,11)),22)),69),((((81,80),(((77,(79,74)),(67,72)),86)),((83,68),(91,88))),98)),(93,94)),((96,73),70)),78),((97,(82,95)),((71,87),84))),(75,99)),100),(92,76)),89),90),85);
#NNI moves:0/152
Remaining: 0
#NNI moves:0/152
#NNI moves:0/152
((((((((((((((((((12,44),65),((54,41),51)),59),(((32,5),50),45)),(((((25,17),(((39,29),1),46)),4),(((19,40),35),55)),23)),((31,61),52)),((((60,66),((36,(26,18)),43)),((8,7),(34,27))),(((37,14),28),24))),(((((((((72,67),((79,74),77)),86),(81,80)),((83,68),(91,88))),98),((((((84,(71,87)),((95,82),97)),((((89,(85,90)),(92,76)),100),(75,99))),78),((73,96),70)),(93,94))),69),(22,((11,38),(10,9))))),((((49,64),47),((62,6),16)),(30,33))),(13,(53,15))),((58,2),57)),48),21),(20,56)),63),42),3);
#NNI moves:0/152
Remaining: 0
#NNI moves:2/152
#NNI moves:2/152
((((((((((((((((((((((85,90),89),(92,76)),100),(75,99)),(((95,82),97),((71,87),84))),78),((73,96),70)),(93,94)),(98,(((88,91),(83,68)),((81,80),(86,(((79,74),77),(72,67))))))),69),(((10,9),(38,11)),22)),(((((64,49),47),((6,62),16)),(33,30)),((((((20,56),((3,42),63)),21),48),((58,2),57)),((53,15),13)))),((((60,66),(((26,18),36),43)),((7,8),(34,27))),(((37,14),28),24))),((31,61),52)),(23,((((46,((29,39),1)),(25,17)),4),((35,(19,40)),55)))),(45,((32,5),50))),59),((41,54),51)),65),44),12);
#NNI moves:2/152
Remaining: 0
#NNI moves:8/152
#NNI moves:8/152
((((((((((((((((((97,(95,82)),((71,87),84)),((99,75),(((89,(90,85)),(92,76)),100))),78),((96,73),70)),(93,94)),((((91,88),(68,83)),((((77,(79,74)),(67,72)),86),(81,80))),98)),69),(((9,10),(11,38)),22)),(((((59,(((41,54),51),(65,(12,44)))),(((32,5),50),45)),(((((46,((39,29),1)),(25,17)),4),(55,((40,19),35))),23)),((31,61),52)),((((((18,26),36),43),(60,66)),((7,8),(27,34))),(((14,37),28),24)))),((((6,62),16),(47,(49,64))),(30,33))),(13,(15,53))),(57,(2,58))),48),21),((42,3),63)),56),20);
Current score: 3.3728e+08
Current tree: ((((((((((((((((97,(95,82)),((71,87),84)),((99,75),(((89,(90,85)),(92,76)),100))),78),((96,73),70)),(93,94)),((((91,88),(68,83)),((((77,(79,74)),(67,72)),86),(81,80))),98)),69),(((9,10),(11,38)),22)),(((((59,(((41,54),51),(65,(12,44)))),(((32,5),50),45)),(((((46,((39,29),1)),(25,17)),4),(55,((40,19),35))),23)),((31,61),52)),((((((18,26),36),43),(60,66)),((7,8),(27,34))),(((14,37),28),24)))),((((6,62),16),(47,(49,64))),(30,33))),(13,(15,53))),(57,(2,58))),48),(((42,3),63),(56,20))),21);
Final Tree: ((((((((((((((((97,(95,82)),((71,87),84)),((99,75),(((89,(90,85)),(92,76)),100))),78),((96,73),70)),(93,94)),((((91,88),(68,83)),((((77,(79,74)),(67,72)),86),(81,80))),98)),69),(((9,10),(11,38)),22)),(((((59,(((41,54),51),(65,(12,44)))),(((32,5),50),45)),(((((46,((39,29),1)),(25,17)),4),(55,((40,19),35))),23)),((31,61),52)),((((((18,26),36),43),(60,66)),((7,8),(27,34))),(((14,37),28),24)))),((((6,62),16),(47,(49,64))),(30,33))),(13,(15,53))),(57,(2,58))),48),(((42,3),63),(56,20))),21);
#EqQuartets: 394157166
Score: 337279842
ASTRAL for PaRalogs and Orthologs III (ASTRAL-Pro3)
*** NOW with integrated CASTLES-Pro ***
Version: v1.22.3.6
Read 512 genetrees and found 100 species.
#Genetrees: 995
#Duploss: 40238
#Species: 100
#Rounds: 4
#Samples: 4
#Threads: 1
Use two-step algorithm!
Guide Tree 0/16
#NNI moves:0/152
Guide Tree 1/16
#NNI moves:0/152
Guide Tree 2/16
#NNI moves:0/152
Guide Tree 3/16
#NNI moves:0/152
Guide Tree 4/16
#NNI moves:0/152
Guide Tree 5/16
#NNI moves:0/152
Guide Tree 6/16
#NNI moves:0/152
Guide Tree 7/16
#NNI moves:0/152
Guide Tree 8/16
#NNI moves:0/152
Guide Tree 9/16
#NNI moves:0/152
Guide Tree 10/16
#NNI moves:0/152
Guide Tree 11/16
#NNI moves:0/152
Guide Tree 12/16
#NNI moves:0/152
Guide Tree 13/16
#NNI moves:0/152
Guide Tree 14/16
#NNI moves:0/152
Guide Tree 15/16
#NNI moves:0/152
Remaining: 0
#NNI moves:4/152
#NNI moves:6/152
(((((((((((((82,96),66),(95,73)),(((((64,56),87),(53,60)),((69,(81,41)),((88,37),(89,92)))),(85,42))),((77,(((79,68),100),59)),((98,50),((36,(44,72)),63)))),(((((((((61,65),48),(52,70)),80),43),(94,(((49,47),38),91))),54),(83,(76,90))),((((84,(78,(39,(55,67)))),(86,75)),(((51,46),(45,40)),(71,(57,74)))),58))),(((62,99),93),97)),((((((1,(4,14)),(33,31)),30),(7,27)),((2,8),3)),(((25,10),(26,5)),(18,35)))),((16,(29,24)),28)),((((15,32),(9,17)),11),(20,22))),((23,(21,12)),(19,13))),6),34);
Guide Tree 0/16
#NNI moves:2/152
Guide Tree 1/16
#NNI moves:0/152
Guide Tree 2/16
#NNI moves:2/152
Guide Tree 3/16
#NNI moves:2/152
Guide Tree 4/16
#NNI moves:0/152
Guide Tree 5/16
#NNI moves:0/152
Guide Tree 6/16
#NNI moves:4/152
Guide Tree 7/16
#NNI moves:6/152
Guide Tree 8/16
#NNI moves:0/152
Guide Tree 9/16
#NNI moves:0/152
Guide Tree 10/16
#NNI moves:2/152
Guide Tree 11/16
#NNI moves:2/152
Guide Tree 12/16
#NNI moves:2/152
Guide Tree 13/16
#NNI moves:0/152
Guide Tree 14/16
#NNI moves:2/152
Guide Tree 15/16
#NNI moves:2/152
Remaining: 0
#NNI moves:4/152
#NNI moves:4/152
((((((((((((((68,79),100),59),77),((50,98),(63,((44,72),36)))),((((((64,56),87),(53,60)),(((37,88),(92,89)),((81,41),69))),(42,85)),(((82,96),66),(73,95)))),(((((94,(((49,47),38),91)),(((((65,61),48),(52,70)),80),43)),54),((90,76),83)),((((75,86),((((67,55),39),78),84)),(((57,74),71),((46,51),(45,40)))),58))),(((99,62),93),97)),((((10,25),(26,5)),(18,35)),((3,(8,2)),((((33,31),(1,(4,14))),30),(7,27))))),(((24,29),16),28)),((11,((15,32),(17,9))),(22,20))),((13,19),((12,21),23))),6),34);
Guide Tree 0/16
#NNI moves:0/152
Guide Tree 1/16
#NNI moves:0/152
Guide Tree 2/16
#NNI moves:2/152
Guide Tree 3/16
#NNI moves:0/152
Guide Tree 4/16
#NNI moves:0/152
Guide Tree 5/16
#NNI moves:0/152
Guide Tree 6/16
#NNI moves:0/152
Guide Tree 7/16
#NNI moves:0/152
Guide Tree 8/16
#NNI moves:4/152
Guide Tree 9/16
#NNI moves:0/152
Guide Tree 10/16
#NNI moves:0/152
Guide Tree 11/16
#NNI moves:0/152
Guide Tree 12/16
#NNI moves:0/152
Guide Tree 13/16
#NNI moves:0/152
Guide Tree 14/16
#NNI moves:0/152
Guide Tree 15/16
#NNI moves:0/152
Remaining: 0
#NNI moves:2/152
#NNI moves:2/152
(((((((((((((((89,92),(88,37)),(69,(41,81))),((53,60),((56,64),87))),(85,42)),((95,73),(66,(96,82)))),(((59,(100,(68,79))),77),((((44,72),36),63),(98,50)))),(((((((39,(67,55)),78),84),(86,75)),(((40,45),(46,51)),((74,57),71))),58),(((((((49,47),38),91),94),(((((65,61),48),(70,52)),80),43)),54),((90,76),83)))),(((62,99),93),97)),((((30,((1,(14,4)),(31,33))),(7,27)),((2,8),3)),((35,18),((26,5),(10,25))))),(((24,29),16),28)),((((32,15),(17,9)),11),(22,20))),(((21,12),23),(19,13))),6),34);
Guide Tree 0/16
#NNI moves:0/152
Guide Tree 1/16
#NNI moves:0/152
Guide Tree 2/16
#NNI moves:0/152
Guide Tree 3/16
#NNI moves:0/152
Guide Tree 4/16
#NNI moves:0/152
Guide Tree 5/16
#NNI moves:0/152
Guide Tree 6/16
#NNI moves:0/152
Guide Tree 7/16
#NNI moves:0/152
Guide Tree 8/16
#NNI moves:0/152
Guide Tree 9/16
#NNI moves:0/152
Guide Tree 10/16
#NNI moves:0/152
Guide Tree 11/16
#NNI moves:0/152
Guide Tree 12/16
#NNI moves:0/152
Guide Tree 13/16
#NNI moves:0/152
Guide Tree 14/16
#NNI moves:0/152
Guide Tree 15/16
#NNI moves:0/152
Remaining: 0
#NNI moves:2/152
#NNI moves:2/152
((((((((((((((((47,49),38),91),94),((((70,52),((65,61),48)),80),43)),54),((76,90),83)),(((((78,((67,55),39)),84),(75,86)),((71,(57,74)),((51,46),(45,40)))),58)),(((((((89,92),(88,37)),((81,41),69)),(((64,56),87),(53,60))),(42,85)),((73,95),(66,(82,96)))),(((((68,79),100),59),77),((98,50),(63,((44,72),36)))))),(97,((62,99),93))),((((((31,33),((14,4),1)),30),(27,7)),(3,(2,8))),((18,35),((25,10),(5,26))))),(((29,24),16),28)),((((17,9),(32,15)),11),(22,20))),(((12,21),23),(13,19))),6),34);
Initial score: 4.00408e+08
Initial tree: ((((((((((((((((47,49),38),91),94),((((70,52),((65,61),48)),80),43)),54),((76,90),83)),(((((78,((67,55),39)),84),(75,86)),((71,(57,74)),((51,46),(45,40)))),58)),(((((((89,92),(88,37)),((81,41),69)),(((64,56),87),(53,60))),(42,85)),((73,95),(66,(82,96)))),(((((68,79),100),59),77),((98,50),(63,((44,72),36)))))),(97,((62,99),93))),((((((31,33),((14,4),1)),30),(27,7)),(3,(2,8))),((18,35),((25,10),(5,26))))),(((29,24),16),28)),((((17,9),(32,15)),11),(22,20))),(((12,21),23),(13,19))),6),34);
*** Subsample Process ***
Use two-step algorithm!
#NNI moves:0/152
Remaining: 0
#NNI moves:18/152
#NNI moves:18/152
((((((((((((((((30,(((14,4),1),(33,31))),(7,27)),((2,8),3)),(((25,10),(26,5)),(35,18))),((((((32,15),(9,17)),11),(22,20)),((6,34),((19,13),(23,(12,21))))),(((29,24),16),28))),(((62,99),93),97)),((((66,(82,96)),(95,73)),(((((41,81),69),((89,92),(37,88))),((60,53),((56,64),87))),(42,85))),(((50,98),(63,((72,44),36))),(((100,(79,68)),59),77)))),(((((78,((67,55),39)),84),(86,75)),((71,(57,74)),((45,40),(46,51)))),58)),((90,76),83)),54),((80,((48,(65,61)),(70,52))),43)),94),91),38),49),47);
#NNI moves:0/152
Remaining: 0
#NNI moves:6/152
#NNI moves:10/152
(((((((((((((((81,41),69),((88,37),(92,89))),(((56,64),87),(60,53))),(85,42)),((73,95),((96,82),66))),(((((72,44),36),63),(50,98)),(((100,(79,68)),59),77))),((((((57,74),71),((40,45),(51,46))),((86,75),(((39,(67,55)),78),84))),58),(((((91,((49,47),38)),94),((80,(((61,65),48),(70,52))),43)),54),((90,76),83)))),(97,((99,62),93))),((((2,8),3),(((((4,14),1),(31,33)),30),(27,7))),(((25,10),(5,26)),(18,35)))),(28,(16,(24,29)))),((((15,32),(9,17)),11),(22,20))),((23,(21,12)),(19,13))),34),6);
#NNI moves:2/152
Remaining: 0
#NNI moves:8/152
#NNI moves:8/152
(((((((((((((((((9,17),(15,32)),11),(22,20)),(((19,13),((21,12),23)),(34,6))),((16,(29,24)),28)),((((2,8),3),((7,27),(((31,33),((4,14),1)),30))),((35,18),((10,25),(5,26))))),((93,(62,99)),97)),((((((((47,49),38),91),94),((((52,70),((61,65),48)),80),43)),54),((90,76),83)),(((((57,74),71),((46,51),(40,45))),(((78,(39,(55,67))),84),(86,75))),58))),((77,((100,(68,79)),59)),((50,98),(63,((72,44),36))))),(((82,96),66),(73,95))),(85,42)),(((56,64),87),(53,60))),((81,41),69)),(89,92)),88),37);
#NNI moves:0/152
Remaining: 0
#NNI moves:0/152
#NNI moves:0/152
((((((((((((((71,(57,74)),((51,46),(45,40))),(((((67,55),39),78),84),(86,75))),58),((((43,(80,((52,70),((61,65),48)))),((91,(38,(47,49))),94)),54),((76,90),83))),(((((82,96),66),(73,95)),(((((89,92),(88,37)),((81,41),69)),((53,60),(87,(56,64)))),(42,85))),(((((44,72),36),63),(50,98)),((((79,68),100),59),77)))),(((62,99),93),97)),((((27,7),(30,((31,33),((14,4),1)))),((8,2),3)),((18,35),((26,5),(25,10))))),((16,(24,29)),28)),((((32,15),(9,17)),11),(20,22))),(6,34)),(23,(21,12))),19),13);
Current score: 4.00408e+08
Current tree: ((6,(((((((((((71,(57,74)),((51,46),(45,40))),(((((67,55),39),78),84),(86,75))),58),((((43,(80,((52,70),((61,65),48)))),((91,(38,(47,49))),94)),54),((76,90),83))),(((((82,96),66),(73,95)),(((((89,92),(88,37)),((81,41),69)),((53,60),(87,(56,64)))),(42,85))),(((((44,72),36),63),(50,98)),((((79,68),100),59),77)))),(((62,99),93),97)),((((27,7),(30,((31,33),((14,4),1)))),((8,2),3)),((18,35),((26,5),(25,10))))),((16,(24,29)),28)),((((32,15),(9,17)),11),(20,22))),((23,(21,12)),(19,13)))),34);
Final Tree: ((6,(((((((((((71,(57,74)),((51,46),(45,40))),(((((67,55),39),78),84),(86,75))),58),((((43,(80,((52,70),((61,65),48)))),((91,(38,(47,49))),94)),54),((76,90),83))),(((((82,96),66),(73,95)),(((((89,92),(88,37)),((81,41),69)),((53,60),(87,(56,64)))),(42,85))),(((((44,72),36),63),(50,98)),((((79,68),100),59),77)))),(((62,99),93),97)),((((27,7),(30,((31,33),((14,4),1)))),((8,2),3)),((18,35),((26,5),(25,10))))),((16,(24,29)),28)),((((32,15),(9,17)),11),(20,22))),((23,(21,12)),(19,13)))),34);
#EqQuartets: 464296590
Score: 400408190
ASTRAL for PaRalogs and Orthologs III (ASTRAL-Pro3)
*** NOW with integrated CASTLES-Pro ***
Version: v1.22.3.6
Read 512 genetrees and found 100 species.
#Genetrees: 999
#Duploss: 34805
#Species: 100
#Rounds: 4
#Samples: 4
#Threads: 1
Use two-step algorithm!
Guide Tree 0/16
#NNI moves:0/152
Guide Tree 1/16
#NNI moves:6/152
Guide Tree 2/16
#NNI moves:0/152
Guide Tree 3/16
#NNI moves:0/152
Guide Tree 4/16
#NNI moves:2/152
Guide Tree 5/16
#NNI moves:0/152
Guide Tree 6/16
#NNI moves:0/152
Guide Tree 7/16
#NNI moves:0/152
Guide Tree 8/16
#NNI moves:0/152
Guide Tree 9/16
#NNI moves:0/152
Guide Tree 10/16
#NNI moves:6/152
Guide Tree 11/16
#NNI moves:0/152
Guide Tree 12/16
#NNI moves:0/152
Guide Tree 13/16
#NNI moves:0/152
Guide Tree 14/16
#NNI moves:0/152
Guide Tree 15/16
#NNI moves:0/152
Remaining: 1
#NNI moves:0/152
#NNI moves:0/152
((((((((((((((((8,(37,17)),35),29),31),(6,1)),(((26,30),(((((24,15),(41,3)),21),4),10)),44)),(((14,28),9),(36,(12,25)))),(22,18)),((((((((((((38,5),20),11),45),27),39),34),(13,40)),2),33),(42,23)),(((16,43),7),(19,32)))),((((((69,83),87),(96,58)),46),84),(75,(82,(68,90))))),(((((((50,(95,52)),(((85,(63,94)),77),((51,64),(47,100)))),56),(71,88)),(((65,61),(((97,86),99),80)),(59,(54,66)))),((((89,78),81),92),74)),(76,93))),((72,53),((48,98),60))),(73,(55,(49,62)))),70),((67,79),57)),91);
Guide Tree 0/16
#NNI moves:0/152
Guide Tree 1/16
#NNI moves:0/152
Guide Tree 2/16
#NNI moves:0/152
Guide Tree 3/16
#NNI moves:0/152
Guide Tree 4/16
#NNI moves:0/152
Guide Tree 5/16
#NNI moves:0/152
Guide Tree 6/16
#NNI moves:0/152
Guide Tree 7/16
#NNI moves:0/152
Guide Tree 8/16
#NNI moves:0/152
Guide Tree 9/16
#NNI moves:0/152
Guide Tree 10/16
#NNI moves:0/152
Guide Tree 11/16
#NNI moves:0/152
Guide Tree 12/16
#NNI moves:0/152
Guide Tree 13/16
#NNI moves:0/152
Guide Tree 14/16
#NNI moves:0/152
Guide Tree 15/16
#NNI moves:0/152
Remaining: 0
#NNI moves:0/152
#NNI moves:0/152
(((((((((((((14,28),9),((25,12),36)),((((((8,(37,17)),35),29),31),(6,1)),(((((((3,41),(24,15)),21),4),10),(30,26)),44))),(18,22)),(((((((((((20,(5,38)),11),45),27),39),34),(40,13)),2),33),(23,42)),((19,32),((43,16),7)))),(((82,(68,90)),75),((((58,96),(87,(69,83))),46),84))),(((((((((51,64),(100,47)),(((94,63),85),77)),(50,(52,95))),56),(88,71)),(((((86,97),99),80),(65,61)),((54,66),59))),(((81,(78,89)),92),74)),(76,93))),((60,(48,98)),(72,53))),(((62,49),55),73)),70),((79,67),57)),91);
Guide Tree 0/16
#NNI moves:0/152
Guide Tree 1/16
#NNI moves:0/152
Guide Tree 2/16
#NNI moves:0/152
Guide Tree 3/16
#NNI moves:0/152
Guide Tree 4/16
#NNI moves:0/152
Guide Tree 5/16
#NNI moves:0/152
Guide Tree 6/16
#NNI moves:0/152
Guide Tree 7/16
#NNI moves:0/152
Guide Tree 8/16
#NNI moves:0/152
Guide Tree 9/16
#NNI moves:0/152
Guide Tree 10/16
#NNI moves:0/152
Guide Tree 11/16
#NNI moves:0/152
Guide Tree 12/16
#NNI moves:0/152
Guide Tree 13/16
#NNI moves:0/152
Guide Tree 14/16
#NNI moves:0/152
Guide Tree 15/16
#NNI moves:0/152
Remaining: 0
#NNI moves:0/152
#NNI moves:0/152
(((((((((((((((47,100),(64,51)),(((63,94),85),77)),((52,95),50)),56),(88,71)),(((((97,86),99),80),(65,61)),(59,(54,66)))),(74,((81,(89,78)),92))),(76,93)),((((((((((21,((24,15),(41,3))),4),10),(30,26)),44),(((29,(((17,37),8),35)),31),(1,6))),(((28,14),9),((25,12),36))),(22,18)),(((7,(16,43)),(19,32)),(((((13,40),(((((((38,5),20),11),45),27),39),34)),2),33),(42,23)))),((((((69,83),87),(58,96)),46),84),(((90,68),82),75)))),((60,(48,98)),(72,53))),(((62,49),55),73)),70),((79,67),57)),91);
Guide Tree 0/16
#NNI moves:0/152
Guide Tree 1/16
#NNI moves:0/152
Guide Tree 2/16
#NNI moves:0/152
Guide Tree 3/16
#NNI moves:0/152
Guide Tree 4/16
#NNI moves:2/152
Guide Tree 5/16
#NNI moves:0/152
Guide Tree 6/16
#NNI moves:0/152
Guide Tree 7/16
#NNI moves:0/152
Guide Tree 8/16
#NNI moves:0/152
Guide Tree 9/16
#NNI moves:0/152
Guide Tree 10/16
#NNI moves:2/152
Guide Tree 11/16
#NNI moves:0/152
Guide Tree 12/16
#NNI moves:0/152
Guide Tree 13/16
#NNI moves:2/152
Guide Tree 14/16
#NNI moves:2/152
Guide Tree 15/16
#NNI moves:0/152
Remaining: 0
#NNI moves:0/152
#NNI moves:0/152
((((((((((((((((((((38,5),20),11),45),27),39),34),(40,13)),2),33),(42,23)),(((16,43),7),(32,19))),(((((12,25),36),((14,28),9)),(((1,6),(((35,(8,(37,17))),29),31)),(((((((3,41),(24,15)),21),4),10),(26,30)),44))),(22,18))),(((((87,(69,83)),(58,96)),46),84),(((68,90),82),75))),((((((89,78),81),92),74),((((((52,95),50),(((51,64),(47,100)),((85,(63,94)),77))),56),(88,71)),((((99,(97,86)),80),(65,61)),((66,54),59)))),(93,76))),(((48,98),60),(72,53))),((55,(62,49)),73)),70),((67,79),57)),91);
Initial score: 4.24337e+08
Initial tree: ((((((((((((((((((((38,5),20),11),45),27),39),34),(40,13)),2),33),(42,23)),(((16,43),7),(32,19))),(((((12,25),36),((14,28),9)),(((1,6),(((35,(8,(37,17))),29),31)),(((((((3,41),(24,15)),21),4),10),(26,30)),44))),(22,18))),(((((87,(69,83)),(58,96)),46),84),(((68,90),82),75))),((((((89,78),81),92),74),((((((52,95),50),(((51,64),(47,100)),((85,(63,94)),77))),56),(88,71)),((((99,(97,86)),80),(65,61)),((66,54),59)))),(93,76))),(((48,98),60),(72,53))),((55,(62,49)),73)),70),((67,79),57)),91);
*** Subsample Process ***
Use two-step algorithm!
#NNI moves:0/152
Remaining: 0
#NNI moves:0/152
#NNI moves:0/152
(((((((((((((((((((((((((47,100),(64,51)),(((63,94),85),77)),(50,(95,52))),56),(88,71)),(((61,65),((99,(86,97)),80)),((54,66),59))),((((89,78),81),92),74)),(93,76)),((((55,(49,62)),73),((((67,79),57),91),70)),(((48,98),60),(53,72)))),((((((69,83),87),(58,96)),46),84),(75,((90,68),82)))),((((((((8,(37,17)),35),29),31),(6,1)),((((4,(((41,3),(24,15)),21)),10),(30,26)),44)),(((25,12),36),((28,14),9))),(22,18))),((19,32),((43,16),7))),(42,23)),33),2),(40,13)),34),39),27),45),11),20),5),38);
#NNI moves:0/152
Remaining: 0
#NNI moves:0/152
#NNI moves:0/152
((((((((((((((((34,(39,(27,((11,((5,38),20)),45)))),(13,40)),2),33),(23,42)),((19,32),((16,43),7))),(((((((35,((17,37),8)),29),31),(1,6)),(((30,26),(((21,((41,3),(15,24))),4),10)),44)),(((28,14),9),((25,12),36))),(22,18))),((75,(82,(68,90))),((((96,58),(87,(83,69))),46),84))),(((((((50,(95,52)),((((63,94),85),77),((47,100),(64,51)))),56),(88,71)),(((66,54),59),((65,61),(80,((97,86),99))))),((((78,89),81),92),74)),(76,93))),((72,53),(60,(98,48)))),((55,(62,49)),73)),70),91),57),79),67);
#NNI moves:0/152
Remaining: 0
#NNI moves:0/152
#NNI moves:0/152
(((((((((((((((((((((95,52),50),(((85,(63,94)),77),((64,51),(100,47)))),56),(88,71)),(((((86,97),99),80),(61,65)),((66,54),59))),((((78,89),81),92),74)),(93,76)),((((55,(49,62)),73),(70,(((79,67),57),91))),((72,53),(60,(48,98))))),((((((83,69),87),(96,58)),46),84),(((90,68),82),75))),(((((28,14),9),((25,12),36)),((((((8,(17,37)),35),29),31),(6,1)),(((10,((((24,15),(41,3)),21),4)),(26,30)),44))),(18,22))),((19,32),((43,16),7))),(42,23)),33),2),(13,40)),34),39),27),(11,((38,5),20))),45);
#NNI moves:0/152
Remaining: 0
#NNI moves:0/152
#NNI moves:0/152
(((((((((((((((((24,15),(41,3)),21),4),10),(26,30)),44),(((((8,(37,17)),35),29),31),(6,1))),(((12,25),36),(9,(28,14)))),(22,18)),((((((((((((38,5),20),11),45),27),39),34),(40,13)),2),33),(42,23)),((7,(16,43)),(32,19)))),((((((69,83),87),(96,58)),46),84),(((68,90),82),75))),(((((((99,(86,97)),80),(65,61)),(59,(66,54))),((56,((((85,(94,63)),77),((47,100),(51,64))),((95,52),50))),(71,88))),(74,(((89,78),81),92))),(93,76))),((((49,62),55),73),(70,(((79,67),57),91)))),((98,48),60)),53),72);
Current score: 4.24337e+08
Current tree: ((((79,67),57),(70,((((49,62),55),73),((((((((((((((24,15),(41,3)),21),4),10),(26,30)),44),(((((8,(37,17)),35),29),31),(6,1))),(((12,25),36),(9,(28,14)))),(22,18)),((((((((((((38,5),20),11),45),27),39),34),(40,13)),2),33),(42,23)),((7,(16,43)),(32,19)))),((((((69,83),87),(96,58)),46),84),(((68,90),82),75))),(((((((99,(86,97)),80),(65,61)),(59,(66,54))),((56,((((85,(94,63)),77),((47,100),(51,64))),((95,52),50))),(71,88))),(74,(((89,78),81),92))),(93,76))),(((98,48),60),(53,72)))))),91);
Final Tree: ((((79,67),57),(70,((((49,62),55),73),((((((((((((((24,15),(41,3)),21),4),10),(26,30)),44),(((((8,(37,17)),35),29),31),(6,1))),(((12,25),36),(9,(28,14)))),(22,18)),((((((((((((38,5),20),11),45),27),39),34),(40,13)),2),33),(42,23)),((7,(16,43)),(32,19)))),((((((69,83),87),(96,58)),46),84),(((68,90),82),75))),(((((((99,(86,97)),80),(65,61)),(59,(66,54))),((56,((((85,(94,63)),77),((47,100),(51,64))),((95,52),50))),(71,88))),(74,(((89,78),81),92))),(93,76))),(((98,48),60),(53,72)))))),91);
#EqQuartets: 481579433
Score: 424337223
ASTRAL for PaRalogs and Orthologs III (ASTRAL-Pro3)
*** NOW with integrated CASTLES-Pro ***
Version: v1.22.3.6
Read 512 genetrees and found 100 species.
#Genetrees: 998
#Duploss: 40912
#Species: 100
#Rounds: 4
#Samples: 4
#Threads: 1
Use two-step algorithm!
Guide Tree 0/16
#NNI moves:0/152
Guide Tree 1/16
#NNI moves:0/152
Guide Tree 2/16
#NNI moves:0/152
Guide Tree 3/16
#NNI moves:0/152
Guide Tree 4/16
#NNI moves:0/152
Guide Tree 5/16
#NNI moves:0/152
Guide Tree 6/16
#NNI moves:0/152
Guide Tree 7/16
#NNI moves:0/152
Guide Tree 8/16
#NNI moves:0/152
Guide Tree 9/16
#NNI moves:0/152
Guide Tree 10/16
#NNI moves:0/152
Guide Tree 11/16
#NNI moves:0/152
Guide Tree 12/16
#NNI moves:0/152
Guide Tree 13/16
#NNI moves:0/152
Guide Tree 14/16
#NNI moves:0/152
Guide Tree 15/16
#NNI moves:0/152
Remaining: 0
#NNI moves:6/152
#NNI moves:6/152
(((((((((((((((((((51,80),90),99),((46,100),((94,67),((60,79),75)))),62),(((((93,53),78),95),89),86)),((((88,76),((72,48),84)),70),(91,69))),(((((52,59),45),(92,97)),64),(((58,81),(((87,63),73),49)),(((77,65),83),82)))),(((61,(((((71,56),44),54),96),((47,(66,98)),(57,50)))),((85,55),68)),74)),(20,36)),((31,11),(7,40))),(((((29,2),13),(4,19)),(((((((((32,42),15),14),24),8),34),37),(((25,(27,28)),16),30)),38)),17)),((12,(((9,6),22),39)),3)),26),(((23,21),5),41)),(35,(10,33))),18),43),1);
Guide Tree 0/16
#NNI moves:0/152
Guide Tree 1/16
#NNI moves:0/152
Guide Tree 2/16
#NNI moves:0/152
Guide Tree 3/16
#NNI moves:0/152
Guide Tree 4/16
#NNI moves:0/152
Guide Tree 5/16
#NNI moves:0/152
Guide Tree 6/16
#NNI moves:0/152
Guide Tree 7/16
#NNI moves:0/152
Guide Tree 8/16
#NNI moves:0/152
Guide Tree 9/16
#NNI moves:0/152
Guide Tree 10/16
#NNI moves:0/152
Guide Tree 11/16
#NNI moves:0/152
Guide Tree 12/16
#NNI moves:0/152
Guide Tree 13/16
#NNI moves:0/152
Guide Tree 14/16
#NNI moves:0/152
Guide Tree 15/16
#NNI moves:0/152
Remaining: 0
#NNI moves:0/152
#NNI moves:0/152
(((((((((((((((((((51,80),90),99),(((67,94),(75,(60,79))),(100,46))),62),((((78,(93,53)),95),89),86)),(((((48,72),84),(76,88)),70),(69,91))),((((92,97),(45,(52,59))),64),(((81,58),(((63,87),73),49)),((83,(65,77)),82)))),(((61,(((54,(44,(56,71))),96),((57,50),((66,98),47)))),(68,(55,85))),74)),(36,20)),((40,7),(11,31))),((((((((27,28),25),16),30),((((((15,(42,32)),14),24),8),34),37)),38),((13,(29,2)),(4,19))),17)),(3,((39,((9,6),22)),12))),26),((5,(21,23)),41)),(35,(33,10))),18),43),1);
Guide Tree 0/16
#NNI moves:0/152
Guide Tree 1/16
#NNI moves:0/152
Guide Tree 2/16
#NNI moves:0/152
Guide Tree 3/16
#NNI moves:0/152
Guide Tree 4/16
#NNI moves:0/152
Guide Tree 5/16
#NNI moves:0/152
Guide Tree 6/16
#NNI moves:0/152
Guide Tree 7/16
#NNI moves:0/152
Guide Tree 8/16
#NNI moves:0/152
Guide Tree 9/16
#NNI moves:0/152
Guide Tree 10/16
#NNI moves:0/152
Guide Tree 11/16
#NNI moves:0/152
Guide Tree 12/16
#NNI moves:0/152
Guide Tree 13/16
#NNI moves:0/152
Guide Tree 14/16
#NNI moves:0/152
Guide Tree 15/16
#NNI moves:0/152
Remaining: 0
#NNI moves:0/152
#NNI moves:0/152
((((((((((((((((((46,100),(((79,60),75),(94,67))),((90,(51,80)),99)),62),(86,((95,((53,93),78)),89))),((((76,88),(84,(48,72))),70),(91,69))),((((92,97),((52,59),45)),64),(((81,58),(49,(73,(87,63)))),(((65,77),83),82)))),((((((47,(98,66)),(50,57)),(((44,(56,71)),54),96)),61),((85,55),68)),74)),(36,20)),((40,7),(31,11))),((((((16,((27,28),25)),30),(((((14,((42,32),15)),24),8),34),37)),38),(((29,2),13),(19,4))),17)),(((((9,6),22),39),12),3)),26),((5,(23,21)),41)),((33,10),35)),18),43),1);
Guide Tree 0/16
#NNI moves:0/152
Guide Tree 1/16
#NNI moves:0/152
Guide Tree 2/16
#NNI moves:0/152
Guide Tree 3/16
#NNI moves:0/152
Guide Tree 4/16
#NNI moves:0/152
Guide Tree 5/16
#NNI moves:0/152
Guide Tree 6/16
#NNI moves:0/152
Guide Tree 7/16
#NNI moves:0/152
Guide Tree 8/16
#NNI moves:0/152
Guide Tree 9/16
#NNI moves:0/152
Guide Tree 10/16
#NNI moves:0/152
Guide Tree 11/16
#NNI moves:0/152
Guide Tree 12/16
#NNI moves:0/152
Guide Tree 13/16
#NNI moves:0/152
Guide Tree 14/16
#NNI moves:0/152
Guide Tree 15/16
#NNI moves:0/152
Remaining: 0
#NNI moves:4/152
#NNI moves:12/152
((((((((((((((((97,92),((52,59),45)),64),((82,((77,65),83)),((((63,87),73),49),(58,81)))),(((((((53,93),78),95),89),86),(((((51,80),90),99),((46,100),((94,67),(75,(60,79))))),62)),((91,69),(((88,76),((48,72),84)),70)))),((((((54,((56,71),44)),96),((57,50),((66,98),47))),61),((85,55),68)),74)),(20,36)),((11,31),(7,40))),((((((34,(((((42,32),15),14),24),8)),37),((16,((28,27),25)),30)),38),((13,(29,2)),(4,19))),17)),(((39,((9,6),22)),12),3)),26),(41,((23,21),5))),((33,10),35)),18),43),1);
Initial score: 3.40949e+08
Initial tree: ((((((((((((((((97,92),((52,59),45)),64),((82,((77,65),83)),((((63,87),73),49),(58,81)))),(((((((53,93),78),95),89),86),(((((51,80),90),99),((46,100),((94,67),(75,(60,79))))),62)),((91,69),(((88,76),((48,72),84)),70)))),((((((54,((56,71),44)),96),((57,50),((66,98),47))),61),((85,55),68)),74)),(20,36)),((11,31),(7,40))),((((((34,(((((42,32),15),14),24),8)),37),((16,((28,27),25)),30)),38),((13,(29,2)),(4,19))),17)),(((39,((9,6),22)),12),3)),26),(41,((23,21),5))),((33,10),35)),18),43),1);
*** Subsample Process ***
Use two-step algorithm!
#NNI moves:0/152
Remaining: 0
#NNI moves:0/152
#NNI moves:0/152
((((((((((((((((23,21),5),41),((18,(43,1)),((33,10),35))),26),(((((6,9),22),39),12),3)),((((((16,((27,28),25)),30),(((((((32,42),15),14),24),8),34),37)),38),(((29,2),13),(19,4))),17)),((7,40),(11,31))),(36,20)),(((((((44,(56,71)),54),96),(((98,66),47),(57,50))),61),((85,55),68)),74)),(((((((67,94),((60,79),75)),(46,100)),(99,(90,(80,51)))),62),(86,(89,(((93,53),78),95)))),(((((72,48),84),(88,76)),70),(91,69)))),((((77,65),83),82),((81,58),((73,(87,63)),49)))),64),((52,59),45)),92),97);
#NNI moves:0/152
Remaining: 0
#NNI moves:6/152
#NNI moves:6/152
(((((((((((((((((100,46),(((79,60),75),(67,94))),((90,(51,80)),99)),62),(((((93,53),78),95),89),86)),((((84,(72,48)),(76,88)),70),(69,91))),(((((73,(63,87)),49),(81,58)),(82,((77,65),83))),(((92,97),((59,52),45)),64))),((((85,55),68),(((((44,(56,71)),54),96),((47,(66,98)),(57,50))),61)),74)),(36,20)),((7,40),(31,11))),(((((((25,(27,28)),16),30),(((((((32,42),15),14),24),8),34),37)),38),((4,19),(13,(2,29)))),17)),(((39,((9,6),22)),12),3)),26),(((21,23),5),41)),((10,33),35)),(43,1)),18);
#NNI moves:0/152
Remaining: 0
#NNI moves:0/152
#NNI moves:0/152
((((((((((((((((((21,23),5),41),((35,(33,10)),((1,43),18))),26),(((39,((6,9),22)),12),3)),((((((34,(8,(((15,(42,32)),14),24))),37),(((25,(28,27)),16),30)),38),(((2,29),13),(4,19))),17)),((7,40),(11,31))),(36,20)),((((85,55),68),((((57,50),(47,(98,66))),((((71,56),44),54),96)),61)),74)),((((97,92),((59,52),45)),64),((((77,65),83),82),(((73,(63,87)),49),(81,58))))),((70,((76,88),(84,(48,72)))),(91,69))),((((78,(93,53)),95),89),86)),62),(((67,94),((79,60),75)),(100,46))),99),(51,80)),90);
#NNI moves:0/152
Remaining: 0
#NNI moves:0/152
#NNI moves:0/152
((((((((((((((((((75,(60,79)),(67,94)),(100,46)),(99,((80,51),90))),62),(86,((((93,53),78),95),89))),((((84,(72,48)),(88,76)),70),(91,69))),(((((52,59),45),(97,92)),64),((((77,65),83),82),((((87,63),73),49),(58,81))))),((((((50,57),((66,98),47)),((((56,71),44),54),96)),61),((85,55),68)),74)),(20,36)),((31,11),(40,7))),(((((29,2),13),(19,4)),((((((28,27),25),16),30),(((((14,((42,32),15)),24),8),34),37)),38)),17)),(((39,((9,6),22)),12),3)),26),(41,(5,(23,21)))),((43,1),18)),(33,10)),35);
Current score: 3.40949e+08
Current tree: ((43,(18,((((((((((((((((75,(60,79)),(67,94)),(100,46)),(99,((80,51),90))),62),(86,((((93,53),78),95),89))),((((84,(72,48)),(88,76)),70),(91,69))),(((((52,59),45),(97,92)),64),((((77,65),83),82),((((87,63),73),49),(58,81))))),((((((50,57),((66,98),47)),((((56,71),44),54),96)),61),((85,55),68)),74)),(20,36)),((31,11),(40,7))),(((((29,2),13),(19,4)),((((((28,27),25),16),30),(((((14,((42,32),15)),24),8),34),37)),38)),17)),(((39,((9,6),22)),12),3)),26),(41,(5,(23,21)))),((33,10),35)))),1);
Final Tree: ((43,(18,((((((((((((((((75,(60,79)),(67,94)),(100,46)),(99,((80,51),90))),62),(86,((((93,53),78),95),89))),((((84,(72,48)),(88,76)),70),(91,69))),(((((52,59),45),(97,92)),64),((((77,65),83),82),((((87,63),73),49),(58,81))))),((((((50,57),((66,98),47)),((((56,71),44),54),96)),61),((85,55),68)),74)),(20,36)),((31,11),(40,7))),(((((29,2),13),(19,4)),((((((28,27),25),16),30),(((((14,((42,32),15)),24),8),34),37)),38)),17)),(((39,((9,6),22)),12),3)),26),(41,(5,(23,21)))),((33,10),35)))),1);
#EqQuartets: 382090493
Score: 340948843
