ASTRAL for PaRalogs and Orthologs III (ASTRAL-Pro3)
*** NOW with integrated CASTLES-Pro ***
Version: v1.22.3.6
Read 512 genetrees and found 100 species.
#Genetrees: 997
#Duploss: 18027
#Species: 100
#Rounds: 4
#Samples: 4
#Threads: 1
Use two-step algorithm!
Guide Tree 0/16
#NNI moves:0/152
Guide Tree 1/16
#NNI moves:0/152
Guide Tree 2/16
#NNI moves:0/152
Guide Tree 3/16
#NNI moves:0/152
Guide Tree 4/16
#NNI moves:0/152
Guide Tree 5/16
#NNI moves:0/152
Guide Tree 6/16
#NNI moves:0/152
Guide Tree 7/16
#NNI moves:0/152
Guide Tree 8/16
#NNI moves:0/152
Guide Tree 9/16
#NNI moves:0/152
Guide Tree 10/16
#NNI moves:0/152
Guide Tree 11/16
#NNI moves:0/152
Guide Tree 12/16
#NNI moves:0/152
Guide Tree 13/16
#NNI moves:0/152
Guide Tree 14/16
#NNI moves:0/152
Guide Tree 15/16
#NNI moves:0/152
Remaining: 0
#NNI moves:0/152
#NNI moves:0/152
(((((((((((42,67),((((14,99),(66,28)),83),61)),((81,88),(62,82))),(38,37)),((((((((69,55),35),34),(70,(40,86))),(24,65)),((((90,21),87),79),75)),(((((((92,95),100),(43,13)),(((((27,60),29),45),80),(53,(56,26)))),(78,(64,72))),(((84,59),(74,73)),((22,48),(85,46)))),(54,98))),(((96,32),57),(49,89)))),(((58,19),63),(((47,52),(25,31)),(20,93)))),(((77,(((16,71),((23,50),44)),97)),(91,(36,(94,30)))),(((41,33),(17,39)),((18,51),(76,(15,68)))))),(7,((((6,9),10),((1,11),8)),(12,3)))),2),5),4);
Guide Tree 0/16
#NNI moves:0/152
Guide Tree 1/16
#NNI moves:0/152
Guide Tree 2/16
#NNI moves:0/152
Guide Tree 3/16
#NNI moves:0/152
Guide Tree 4/16
#NNI moves:0/152
Guide Tree 5/16
#NNI moves:0/152
Guide Tree 6/16
#NNI moves:0/152
Guide Tree 7/16
#NNI moves:0/152
Guide Tree 8/16
#NNI moves:0/152
Guide Tree 9/16
#NNI moves:0/152
Guide Tree 10/16
#NNI moves:0/152
Guide Tree 11/16
#NNI moves:0/152
Guide Tree 12/16
#NNI moves:0/152
Guide Tree 13/16
#NNI moves:0/152
Guide Tree 14/16
#NNI moves:0/152
Guide Tree 15/16
#NNI moves:0/152
Remaining: 0
#NNI moves:2/152
#NNI moves:2/152
(((((((((((((((100,(92,95)),(43,13)),(((45,(29,(60,27))),80),(53,(56,26)))),((72,64),78)),(((84,59),(73,74)),((46,85),(48,22)))),(98,54)),((((((55,69),35),34),((86,40),70)),(65,24)),((79,((90,21),87)),75))),((89,49),((32,96),57))),(((((((14,99),(28,66)),83),61),(42,67)),((62,82),(88,81))),(37,38))),((((52,47),(25,31)),(20,93)),(63,(58,19)))),((((39,17),(41,33)),(((68,15),76),(51,18))),((((((23,50),44),(71,16)),97),77),(((30,94),36),91)))),(((((11,1),8),(10,(6,9))),(3,12)),7)),2),5),4);
Guide Tree 0/16
#NNI moves:0/152
Guide Tree 1/16
#NNI moves:0/152
Guide Tree 2/16
#NNI moves:0/152
Guide Tree 3/16
#NNI moves:0/152
Guide Tree 4/16
#NNI moves:0/152
Guide Tree 5/16
#NNI moves:0/152
Guide Tree 6/16
#NNI moves:0/152
Guide Tree 7/16
#NNI moves:0/152
Guide Tree 8/16
#NNI moves:0/152
Guide Tree 9/16
#NNI moves:0/152
Guide Tree 10/16
#NNI moves:0/152
Guide Tree 11/16
#NNI moves:0/152
Guide Tree 12/16
#NNI moves:0/152
Guide Tree 13/16
#NNI moves:0/152
Guide Tree 14/16
#NNI moves:0/152
Guide Tree 15/16
#NNI moves:0/152
Remaining: 0
#NNI moves:0/152
#NNI moves:0/152
((((((((((((((84,59),(74,73)),((48,22),(46,85))),((((100,(92,95)),(43,13)),(((56,26),53),((45,((60,27),29)),80))),(78,(72,64)))),(54,98)),((((87,(21,90)),79),75),(((((55,69),35),34),((86,40),70)),(65,24)))),(((96,32),57),(49,89))),((38,37),((((((99,14),(28,66)),83),61),(67,42)),((88,81),(82,62))))),(((20,93),((31,25),(47,52))),((58,19),63))),((((17,39),(33,41)),((51,18),((68,15),76))),((91,((94,30),36)),((97,((71,16),((50,23),44))),77)))),(((((11,1),8),((6,9),10)),(3,12)),7)),2),5),4);
Guide Tree 0/16
#NNI moves:0/152
Guide Tree 1/16
#NNI moves:0/152
Guide Tree 2/16
#NNI moves:0/152
Guide Tree 3/16
#NNI moves:0/152
Guide Tree 4/16
#NNI moves:0/152
Guide Tree 5/16
#NNI moves:0/152
Guide Tree 6/16
#NNI moves:0/152
Guide Tree 7/16
#NNI moves:0/152
Guide Tree 8/16
#NNI moves:0/152
Guide Tree 9/16
#NNI moves:0/152
Guide Tree 10/16
#NNI moves:0/152
Guide Tree 11/16
#NNI moves:0/152
Guide Tree 12/16
#NNI moves:0/152
Guide Tree 13/16
#NNI moves:0/152
Guide Tree 14/16
#NNI moves:0/152
Guide Tree 15/16
#NNI moves:0/152
Remaining: 0
#NNI moves:10/152
#NNI moves:10/152
(((((((((((((87,(90,21)),79),75),((((40,86),70),(((55,69),35),34)),(65,24))),(((((((((60,27),29),45),80),(53,(56,26))),(((92,95),100),(13,43))),((64,72),78)),(((22,48),(85,46)),((84,59),(73,74)))),(54,98))),((89,49),((32,96),57))),((((67,42),((((66,28),(14,99)),83),61)),((81,88),(82,62))),(37,38))),((((31,25),(47,52)),(20,93)),(63,(58,19)))),((((36,(94,30)),91),((((71,16),(44,(23,50))),97),77)),(((51,18),((15,68),76)),((33,41),(17,39))))),((((10,(9,6)),(8,(1,11))),(3,12)),7)),2),5),4);
Initial score: 1.18387e+09
Initial tree: (((((((((((((87,(90,21)),79),75),((((40,86),70),(((55,69),35),34)),(65,24))),(((((((((60,27),29),45),80),(53,(56,26))),(((92,95),100),(13,43))),((64,72),78)),(((22,48),(85,46)),((84,59),(73,74)))),(54,98))),((89,49),((32,96),57))),((((67,42),((((66,28),(14,99)),83),61)),((81,88),(82,62))),(37,38))),((((31,25),(47,52)),(20,93)),(63,(58,19)))),((((36,(94,30)),91),((((71,16),(44,(23,50))),97),77)),(((51,18),((15,68),76)),((33,41),(17,39))))),((((10,(9,6)),(8,(1,11))),(3,12)),7)),2),5),4);
*** Subsample Process ***
Use two-step algorithm!
#NNI moves:0/152
Remaining: 0
#NNI moves:4/152
#NNI moves:4/152
(((((((((((((91,((94,30),36)),((((16,71),((50,23),44)),97),77)),(((33,41),(39,17)),(((15,68),76),(18,51)))),((2,(5,4)),(((((9,6),10),((1,11),8)),(3,12)),7))),(((19,58),63),(((31,25),(52,47)),(93,20)))),(((((((14,99),(28,66)),83),61),(42,67)),((88,81),(62,82))),(37,38))),((49,89),((32,96),57))),(((((((45,((60,27),29)),80),(53,(26,56))),(((92,95),100),(43,13))),((64,72),78)),(((22,48),(46,85)),((59,84),(74,73)))),(54,98))),((((35,(55,69)),34),((86,40),70)),(65,24))),75),79),(90,21)),87);
#NNI moves:0/152
Remaining: 0
#NNI moves:0/152
#NNI moves:0/152
(((((((((((((((((60,27),29),45),80),((26,56),53)),((43,13),(100,(95,92)))),((64,72),78)),(((84,59),(74,73)),((22,48),(85,46)))),(54,98)),((((70,(86,40)),(((69,55),35),34)),(65,24)),((((90,21),87),79),75))),((49,89),((96,32),57))),((((67,42),((((99,14),(66,28)),83),61)),((82,62),(88,81))),(37,38))),((((25,31),(47,52)),(93,20)),(63,(58,19)))),(((((30,94),36),91),((((16,71),((23,50),44)),97),77)),(((41,33),(39,17)),((18,51),((68,15),76))))),(((12,3),(((11,1),8),((9,6),10))),7)),(5,4)),2);
#NNI moves:0/152
Remaining: 0
#NNI moves:0/152
#NNI moves:0/152
(((((((((((((((((18,51),((68,15),76)),((17,39),(41,33))),(((97,(((50,23),44),(71,16))),77),((36,(94,30)),91))),((7,((3,12),(((1,11),8),(10,(9,6))))),((5,4),2))),((((25,31),(52,47)),(20,93)),(63,(19,58)))),((((42,67),((((14,99),(28,66)),83),61)),((82,62),(88,81))),(37,38))),((49,89),((96,32),57))),(((((21,90),87),79),75),(((70,(86,40)),(((69,55),35),34)),(24,65)))),(54,98)),(((85,46),(22,48)),((59,84),(73,74)))),((64,72),78)),((53,(26,56)),((((60,27),29),45),80))),(43,13)),100),92),95);
#NNI moves:0/152
Remaining: 0
#NNI moves:0/152
#NNI moves:0/152
(((((((((((((22,48),(85,46)),((74,73),(59,84))),(((((56,26),53),((((27,60),29),45),80)),(((92,95),100),(13,43))),((64,72),78))),(98,54)),(((((40,86),70),(((69,55),35),34)),(65,24)),((((90,21),87),79),75))),(((32,96),57),(49,89))),(((((((14,99),(66,28)),83),61),(67,42)),((62,82),(81,88))),(38,37))),((((31,25),(47,52)),(20,93)),(63,(58,19)))),(((91,(36,(94,30))),((((44,(50,23)),(71,16)),97),77)),(((17,39),(33,41)),((18,51),(76,(15,68)))))),(2,(4,5))),(((8,(11,1)),((9,6),10)),(3,12))),7);
Current score: 1.18387e+09
Current tree: ((5,(2,(((((((((((22,48),(85,46)),((74,73),(59,84))),(((((56,26),53),((((27,60),29),45),80)),(((92,95),100),(13,43))),((64,72),78))),(98,54)),(((((40,86),70),(((69,55),35),34)),(65,24)),((((90,21),87),79),75))),(((32,96),57),(49,89))),(((((((14,99),(66,28)),83),61),(67,42)),((62,82),(81,88))),(38,37))),((((31,25),(47,52)),(20,93)),(63,(58,19)))),(((91,(36,(94,30))),((((44,(50,23)),(71,16)),97),77)),(((17,39),(33,41)),((18,51),(76,(15,68)))))),((((8,(11,1)),((9,6),10)),(3,12)),7)))),4);
Final Tree: ((5,(2,(((((((((((22,48),(85,46)),((74,73),(59,84))),(((((56,26),53),((((27,60),29),45),80)),(((92,95),100),(13,43))),((64,72),78))),(98,54)),(((((40,86),70),(((69,55),35),34)),(65,24)),((((90,21),87),79),75))),(((32,96),57),(49,89))),(((((((14,99),(66,28)),83),61),(67,42)),((62,82),(81,88))),(38,37))),((((31,25),(47,52)),(20,93)),(63,(58,19)))),(((91,(36,(94,30))),((((44,(50,23)),(71,16)),97),77)),(((17,39),(33,41)),((18,51),(76,(15,68)))))),((((8,(11,1)),((9,6),10)),(3,12)),7)))),4);
#EqQuartets: 1375672096
Score: 1183872665
ASTRAL for PaRalogs and Orthologs III (ASTRAL-Pro3)
*** NOW with integrated CASTLES-Pro ***
Version: v1.22.3.6
Read 512 genetrees and found 100 species.
#Genetrees: 1000
#Duploss: 21682
#Species: 100
#Rounds: 4
#Samples: 4
#Threads: 1
Use two-step algorithm!
Guide Tree 0/16
#NNI moves:0/152
Guide Tree 1/16
#NNI moves:0/152
Guide Tree 2/16
#NNI moves:0/152
Guide Tree 3/16
#NNI moves:0/152
Guide Tree 4/16
#NNI moves:0/152
Guide Tree 5/16
#NNI moves:0/152
Guide Tree 6/16
#NNI moves:0/152
Guide Tree 7/16
#NNI moves:0/152
Guide Tree 8/16
#NNI moves:0/152
Guide Tree 9/16
#NNI moves:0/152
Guide Tree 10/16
#NNI moves:0/152
Guide Tree 11/16
#NNI moves:0/152
Guide Tree 12/16
#NNI moves:0/152
Guide Tree 13/16
#NNI moves:0/152
Guide Tree 14/16
#NNI moves:0/152
Guide Tree 15/16
#NNI moves:0/152
Remaining: 0
#NNI moves:12/152
#NNI moves:12/152
((((((((((((((73,(48,58)),((69,85),52)),((((78,96),(100,49)),((64,68),91)),(80,71))),((((77,99),53),75),50)),((60,93),(81,62))),((((((76,90),(95,47)),56),((89,70),(74,79))),67),(((57,98),54),((((((((63,65),82),92),61),59),51),((55,66),(((84,97),88),((72,94),83)))),((46,87),86))))),(((17,(42,43)),((15,31),39)),((((29,(12,37)),((25,(24,41)),44)),((13,35),(20,32))),(((21,10),30),(23,5))))),(((((33,(9,7)),28),14),11),((2,26),8))),36),(((6,27),(22,19)),45)),(38,40)),(34,(3,1))),(18,4)),16);
Guide Tree 0/16
#NNI moves:0/152
Guide Tree 1/16
#NNI moves:0/152
Guide Tree 2/16
#NNI moves:0/152
Guide Tree 3/16
#NNI moves:0/152
Guide Tree 4/16
#NNI moves:0/152
Guide Tree 5/16
#NNI moves:0/152
Guide Tree 6/16
#NNI moves:0/152
Guide Tree 7/16
#NNI moves:0/152
Guide Tree 8/16
#NNI moves:0/152
Guide Tree 9/16
#NNI moves:0/152
Guide Tree 10/16
#NNI moves:0/152
Guide Tree 11/16
#NNI moves:0/152
Guide Tree 12/16
#NNI moves:0/152
Guide Tree 13/16
#NNI moves:0/152
Guide Tree 14/16
#NNI moves:0/152
Guide Tree 15/16
#NNI moves:0/152
Remaining: 0
#NNI moves:0/152
#NNI moves:0/152
(((((((((((((((55,66),(((94,72),83),((84,97),88))),(((61,((82,(65,63)),92)),59),51)),(86,(46,87))),((57,98),54)),((((79,74),(70,89)),(((90,76),(47,95)),56)),67)),(((((73,(58,48)),(52,(69,85))),((((49,100),(96,78)),((68,64),91)),(80,71))),(50,((53,(99,77)),75))),((62,81),(60,93)))),((((((37,12),29),(((41,24),25),44)),((20,32),(13,35))),(((10,21),30),(5,23))),(((42,43),17),(39,(15,31))))),(((26,2),8),(11,((((7,9),33),28),14)))),36),(((27,6),(19,22)),45)),(38,40)),(34,(3,1))),(18,4)),16);
Guide Tree 0/16
#NNI moves:0/152
Guide Tree 1/16
#NNI moves:2/152
Guide Tree 2/16
#NNI moves:0/152
Guide Tree 3/16
#NNI moves:2/152
Guide Tree 4/16
#NNI moves:2/152
Guide Tree 5/16
#NNI moves:2/152
Guide Tree 6/16
#NNI moves:2/152
Guide Tree 7/16
#NNI moves:6/152
Guide Tree 8/16
#NNI moves:0/152
Guide Tree 9/16
#NNI moves:0/152
Guide Tree 10/16
#NNI moves:0/152
Guide Tree 11/16
#NNI moves:6/152
Guide Tree 12/16
#NNI moves:0/152
Guide Tree 13/16
#NNI moves:2/152
Guide Tree 14/16
#NNI moves:0/152
Guide Tree 15/16
#NNI moves:0/152
Remaining: 0
#NNI moves:8/152
#NNI moves:8/152
((((((((((((((((64,68),91),((96,78),(49,100))),(71,80)),(((48,58),73),((69,85),52))),(((53,(99,77)),75),50)),((81,62),(93,60))),((((((55,66),(((97,84),88),((94,72),83))),((((92,((63,65),82)),61),59),51)),(86,(87,46))),((57,98),54)),((((79,74),(89,70)),(((90,76),(95,47)),56)),67))),((((((12,37),29),(44,(25,(41,24)))),((32,20),(13,35))),((23,5),(30,(10,21)))),(((42,43),17),((15,31),39)))),(((((33,(9,7)),28),14),11),((2,26),8))),36),(((27,6),(19,22)),45)),(40,38)),((1,3),34)),(18,4)),16);
Guide Tree 0/16
#NNI moves:0/152
Guide Tree 1/16
#NNI moves:0/152
Guide Tree 2/16
#NNI moves:0/152
Guide Tree 3/16
#NNI moves:0/152
Guide Tree 4/16
#NNI moves:0/152
Guide Tree 5/16
#NNI moves:0/152
Guide Tree 6/16
#NNI moves:0/152
Guide Tree 7/16
#NNI moves:0/152
Guide Tree 8/16
#NNI moves:0/152
Guide Tree 9/16
#NNI moves:0/152
Guide Tree 10/16
#NNI moves:0/152
Guide Tree 11/16
#NNI moves:0/152
Guide Tree 12/16
#NNI moves:0/152
Guide Tree 13/16
#NNI moves:0/152
Guide Tree 14/16
#NNI moves:0/152
Guide Tree 15/16
#NNI moves:0/152
Remaining: 0
#NNI moves:6/152
#NNI moves:8/152
(((((((((((((((((97,84),88),((72,94),83)),(66,55)),(((61,(((63,65),82),92)),59),51)),(86,(87,46))),((98,57),54)),(((((95,47),(76,90)),56),((74,79),(89,70))),67)),((((75,((99,77),53)),50),((((69,85),52),((58,48),73)),((((49,100),(78,96)),((68,64),91)),(80,71)))),((81,62),(60,93)))),(((((44,(25,(41,24))),((12,37),29)),((32,20),(35,13))),((5,23),((21,10),30))),(((42,43),17),(39,(15,31))))),((((((7,9),33),28),14),11),(8,(26,2)))),36),(((22,19),(6,27)),45)),(38,40)),((3,1),34)),(18,4)),16);
Initial score: 9.31796e+08
Initial tree: (((((((((((((((((97,84),88),((72,94),83)),(66,55)),(((61,(((63,65),82),92)),59),51)),(86,(87,46))),((98,57),54)),(((((95,47),(76,90)),56),((74,79),(89,70))),67)),((((75,((99,77),53)),50),((((69,85),52),((58,48),73)),((((49,100),(78,96)),((68,64),91)),(80,71)))),((81,62),(60,93)))),(((((44,(25,(41,24))),((12,37),29)),((32,20),(35,13))),((5,23),((21,10),30))),(((42,43),17),(39,(15,31))))),((((((7,9),33),28),14),11),(8,(26,2)))),36),(((22,19),(6,27)),45)),(38,40)),((3,1),34)),(18,4)),16);
*** Subsample Process ***
Use two-step algorithm!
#NNI moves:2/152
Remaining: 0
#NNI moves:4/152
#NNI moves:4/152
((((((((((((((((69,85),52),(73,(48,58))),(((91,(68,64)),((96,78),(49,100))),(80,71))),(((53,(99,77)),75),50)),((81,62),(60,93))),(((((((12,37),29),((25,(41,24)),44)),((13,35),(20,32))),(((21,10),30),(5,23))),(((31,15),39),(17,(43,42)))),((((((33,(9,7)),28),14),11),((26,2),8)),((((((18,4),16),((3,1),34)),(40,38)),(((22,19),(27,6)),45)),36)))),(((((95,47),(90,76)),56),((74,79),(70,89))),67)),(54,(57,98))),((87,46),86)),(((((82,(65,63)),92),61),59),51)),(66,55)),((94,72),83)),88),84),97);
#NNI moves:0/152
Remaining: 0
#NNI moves:2/152
#NNI moves:2/152
((((((((((((((((55,66),(((84,97),88),((94,72),83))),(((((82,(63,65)),92),61),59),51)),((87,46),86)),((57,98),54)),(((((47,95),(90,76)),56),((74,79),(89,70))),67)),((((((58,48),73),(52,(85,69))),((71,80),(((64,68),91),((49,100),(78,96))))),(((53,(99,77)),75),50)),((93,60),(81,62)))),(((((29,(12,37)),((25,(41,24)),44)),((32,20),(35,13))),(((21,10),30),(23,5))),((39,(15,31)),(17,(43,42))))),((8,(2,26)),(((28,((7,9),33)),14),11))),36),(((22,19),(27,6)),45)),(40,38)),(34,(1,3))),16),4),18);
#NNI moves:0/152
Remaining: 0
#NNI moves:12/152
#NNI moves:12/152
((((((((((((((((40,38),((34,(1,3)),(16,(18,4)))),(((22,19),(27,6)),45)),36),((((((9,7),33),28),14),11),((26,2),8))),(((17,(42,43)),((31,15),39)),(((((25,(41,24)),44),(29,(37,12))),((32,20),(13,35))),((30,(10,21)),(23,5))))),(((((73,(58,48)),((85,69),52)),((((96,78),(100,49)),((64,68),91)),(71,80))),(50,(((77,99),53),75))),((62,81),(60,93)))),(((((47,95),(90,76)),56),((74,79),(89,70))),67)),((57,98),54)),(86,(87,46))),(((((82,(65,63)),92),61),59),51)),(66,55)),((72,94),83)),88),84),97);
#NNI moves:0/152
Remaining: 0
#NNI moves:0/152
#NNI moves:0/152
((((((((((((((73,(58,48)),((69,85),52)),((((78,96),(100,49)),((68,64),91)),(80,71))),((((99,77),53),75),50)),((81,62),(93,60))),((((((((92,(82,(63,65))),61),59),51),((66,55),(((84,97),88),((72,94),83)))),((46,87),86)),((98,57),54)),(((56,((95,47),(76,90))),((70,89),(79,74))),67))),(((((20,32),(35,13)),(((12,37),29),((25,(24,41)),44))),((23,5),(30,(21,10)))),((39,(15,31)),((42,43),17)))),(((((33,(7,9)),28),14),11),((2,26),8))),36),(((6,27),(19,22)),45)),(40,38)),((4,18),16)),(1,3)),34);
Current score: 9.31796e+08
Current tree: (((4,18),((((((((((((73,(58,48)),((69,85),52)),((((78,96),(100,49)),((68,64),91)),(80,71))),((((99,77),53),75),50)),((81,62),(93,60))),((((((((92,(82,(63,65))),61),59),51),((66,55),(((84,97),88),((72,94),83)))),((46,87),86)),((98,57),54)),(((56,((95,47),(76,90))),((70,89),(79,74))),67))),(((((20,32),(35,13)),(((12,37),29),((25,(24,41)),44))),((23,5),(30,(21,10)))),((39,(15,31)),((42,43),17)))),(((((33,(7,9)),28),14),11),((2,26),8))),36),(((6,27),(19,22)),45)),(40,38)),((1,3),34))),16);
Final Tree: (((4,18),((((((((((((73,(58,48)),((69,85),52)),((((78,96),(100,49)),((68,64),91)),(80,71))),((((99,77),53),75),50)),((81,62),(93,60))),((((((((92,(82,(63,65))),61),59),51),((66,55),(((84,97),88),((72,94),83)))),((46,87),86)),((98,57),54)),(((56,((95,47),(76,90))),((70,89),(79,74))),67))),(((((20,32),(35,13)),(((12,37),29),((25,(24,41)),44))),((23,5),(30,(21,10)))),((39,(15,31)),((42,43),17)))),(((((33,(7,9)),28),14),11),((2,26),8))),36),(((6,27),(19,22)),45)),(40,38)),((1,3),34))),16);
#EqQuartets: 1156177504
Score: 931795915
ASTRAL for PaRalogs and Orthologs III (ASTRAL-Pro3)
*** NOW with integrated CASTLES-Pro ***
Version: v1.22.3.6
Read 512 genetrees and found 100 species.
#Genetrees: 1000
#Duploss: 18017
#Species: 100
#Rounds: 4
#Samples: 4
#Threads: 1
Use two-step algorithm!
Guide Tree 0/16
#NNI moves:0/152
Guide Tree 1/16
#NNI moves:0/152
Guide Tree 2/16
#NNI moves:0/152
Guide Tree 3/16
#NNI moves:0/152
Guide Tree 4/16
#NNI moves:0/152
Guide Tree 5/16
#NNI moves:0/152
Guide Tree 6/16
#NNI moves:0/152
Guide Tree 7/16
#NNI moves:0/152
Guide Tree 8/16
#NNI moves:0/152
Guide Tree 9/16
#NNI moves:0/152
Guide Tree 10/16
#NNI moves:0/152
Guide Tree 11/16
#NNI moves:0/152
Guide Tree 12/16
#NNI moves:0/152
Guide Tree 13/16
#NNI moves:0/152
Guide Tree 14/16
#NNI moves:0/152
Guide Tree 15/16
#NNI moves:0/152
Remaining: 0
#NNI moves:0/152
#NNI moves:0/152
((((((((((((((((((((96,77),((83,64),52)),73),((45,80),((66,57),(65,55)))),((75,67),95)),(50,(58,92))),((((((((53,43),63),81),(((59,79),97),88)),87),(51,85)),(((74,60),(98,82)),((100,47),((49,(69,86)),48)))),(72,70))),((((((61,84),94),(89,91)),76),93),(((68,(46,(62,71))),44),54))),(((56,78),90),99)),((9,((37,4),(((31,22),35),1))),((32,19),38))),((((42,29),27),((13,18),((3,6),24))),(((15,17),(40,33)),25))),((16,(14,(12,26))),21)),(((34,39),36),28)),(20,41)),23),7),(10,30)),(8,2)),5),11);
Guide Tree 0/16
#NNI moves:0/152
Guide Tree 1/16
#NNI moves:0/152
Guide Tree 2/16
#NNI moves:0/152
Guide Tree 3/16
#NNI moves:0/152
Guide Tree 4/16
#NNI moves:0/152
Guide Tree 5/16
#NNI moves:0/152
Guide Tree 6/16
#NNI moves:0/152
Guide Tree 7/16
#NNI moves:0/152
Guide Tree 8/16
#NNI moves:0/152
Guide Tree 9/16
#NNI moves:0/152
Guide Tree 10/16
#NNI moves:0/152
Guide Tree 11/16
#NNI moves:0/152
Guide Tree 12/16
#NNI moves:0/152
Guide Tree 13/16
#NNI moves:0/152
Guide Tree 14/16
#NNI moves:0/152
Guide Tree 15/16
#NNI moves:0/152
Remaining: 0
#NNI moves:0/152
#NNI moves:0/152
((((((((((((((((((87,((88,((79,59),97)),((63,(43,53)),81))),(51,85)),(((60,74),(82,98)),((48,(49,(69,86))),(100,47)))),(70,72)),((((((57,66),(55,65)),(45,80)),(((96,77),((64,83),52)),73)),(95,(75,67))),((58,92),50))),((((((62,71),46),68),44),54),(93,(((89,91),((61,84),94)),76)))),(((78,56),90),99)),((9,((4,37),((35,(22,31)),1))),(38,(19,32)))),((((33,40),(15,17)),25),(((24,(3,6)),(18,13)),((29,42),27)))),((16,(14,(12,26))),21)),(((34,39),36),28)),(41,20)),23),7),(30,10)),(8,2)),5),11);
Guide Tree 0/16
#NNI moves:0/152
Guide Tree 1/16
#NNI moves:0/152
Guide Tree 2/16
#NNI moves:0/152
Guide Tree 3/16
#NNI moves:0/152
Guide Tree 4/16
#NNI moves:0/152
Guide Tree 5/16
#NNI moves:0/152
Guide Tree 6/16
#NNI moves:0/152
Guide Tree 7/16
#NNI moves:0/152
Guide Tree 8/16
#NNI moves:0/152
Guide Tree 9/16
#NNI moves:0/152
Guide Tree 10/16
#NNI moves:0/152
Guide Tree 11/16
#NNI moves:0/152
Guide Tree 12/16
#NNI moves:0/152
Guide Tree 13/16
#NNI moves:0/152
Guide Tree 14/16
#NNI moves:0/152
Guide Tree 15/16
#NNI moves:0/152
Remaining: 0
#NNI moves:0/152
#NNI moves:0/152
((((((((((((((((((51,85),(((88,(97,(79,59))),(((53,43),63),81)),87)),(((82,98),(60,74)),((((69,86),49),48),(100,47)))),(70,72)),((((((66,57),(65,55)),(45,80)),(((77,96),(52,(83,64))),73)),(95,(75,67))),((92,58),50))),(((76,(((61,84),94),(91,89))),93),(((((71,62),46),68),44),54))),(((78,56),90),99)),((((((31,22),35),1),(37,4)),9),((32,19),38))),((((18,13),((6,3),24)),((42,29),27)),(((33,40),(15,17)),25))),((((26,12),14),16),21)),((36,(34,39)),28)),(20,41)),23),7),(30,10)),(8,2)),5),11);
Guide Tree 0/16
#NNI moves:0/152
Guide Tree 1/16
#NNI moves:0/152
Guide Tree 2/16
#NNI moves:0/152
Guide Tree 3/16
#NNI moves:0/152
Guide Tree 4/16
#NNI moves:0/152
Guide Tree 5/16
#NNI moves:0/152
Guide Tree 6/16
#NNI moves:0/152
Guide Tree 7/16
#NNI moves:0/152
Guide Tree 8/16
#NNI moves:0/152
Guide Tree 9/16
#NNI moves:0/152
Guide Tree 10/16
#NNI moves:0/152
Guide Tree 11/16
#NNI moves:0/152
Guide Tree 12/16
#NNI moves:0/152
Guide Tree 13/16
#NNI moves:0/152
Guide Tree 14/16
#NNI moves:0/152
Guide Tree 15/16
#NNI moves:0/152
Remaining: 0
#NNI moves:0/152
#NNI moves:0/152
(((((((((((((((((((((69,86),49),48),(47,100)),((74,60),(98,82))),((87,((((53,43),63),81),(((59,79),97),88))),(85,51))),(70,72)),((((((52,(83,64)),(77,96)),73),(((65,55),(66,57)),(45,80))),((67,75),95)),(50,(58,92)))),(((((91,89),((61,84),94)),76),93),((44,(68,((71,62),46))),54))),(99,(90,(56,78)))),(((19,32),38),(9,(((35,(31,22)),1),(4,37))))),((((29,42),27),(((6,3),24),(13,18))),(25,((33,40),(15,17))))),(21,((14,(12,26)),16))),(((34,39),36),28)),(41,20)),23),7),(30,10)),(2,8)),5),11);
Initial score: 1.11926e+09
Initial tree: (((((((((((((((((((((69,86),49),48),(47,100)),((74,60),(98,82))),((87,((((53,43),63),81),(((59,79),97),88))),(85,51))),(70,72)),((((((52,(83,64)),(77,96)),73),(((65,55),(66,57)),(45,80))),((67,75),95)),(50,(58,92)))),(((((91,89),((61,84),94)),76),93),((44,(68,((71,62),46))),54))),(99,(90,(56,78)))),(((19,32),38),(9,(((35,(31,22)),1),(4,37))))),((((29,42),27),(((6,3),24),(13,18))),(25,((33,40),(15,17))))),(21,((14,(12,26)),16))),(((34,39),36),28)),(41,20)),23),7),(30,10)),(2,8)),5),11);
*** Subsample Process ***
Use two-step algorithm!
#NNI moves:0/152
Remaining: 0
#NNI moves:0/152
#NNI moves:0/152
((((((((((((((((((12,26),14),16),21),(((((((5,11),(2,8)),(30,10)),7),23),(41,20)),((36,(39,34)),28))),((((42,29),27),(((6,3),24),(13,18))),(((17,15),(33,40)),25))),((((((22,31),35),1),(4,37)),9),((32,19),38))),(((78,56),90),99)),((((((61,84),94),(91,89)),76),93),((44,(((71,62),46),68)),54))),((((((77,96),((83,64),52)),73),((80,45),((57,66),(65,55)))),((75,67),95)),(50,(92,58)))),(70,72)),(((((63,(53,43)),81),((97,(79,59)),88)),87),(85,51))),((74,60),(82,98))),(100,47)),48),49),86),69);
#NNI moves:0/152
Remaining: 0
#NNI moves:0/152
#NNI moves:0/152
((((((((((((((((((((96,77),((83,64),52)),73),((45,80),((57,66),(65,55)))),((67,75),95)),(50,(58,92))),(((((74,60),(82,98)),(((49,(69,86)),48),(100,47))),((51,85),((((97,(59,79)),88),((63,(53,43)),81)),87))),(70,72))),(((((91,89),((84,61),94)),76),93),((44,((46,(62,71)),68)),54))),(((56,78),90),99)),(((32,19),38),(((((31,22),35),1),(4,37)),9))),(((((3,6),24),(18,13)),((29,42),27)),(((40,33),(15,17)),25))),(21,(((26,12),14),16))),(28,(36,(39,34)))),(20,41)),23),7),(10,30)),(8,2)),11),5);
#NNI moves:0/152
Remaining: 0
#NNI moves:0/152
#NNI moves:0/152
(((((((((((((((((24,(6,3)),(13,18)),(27,(29,42))),(((40,33),(15,17)),25)),(((16,((26,12),14)),21),(((((((8,2),(11,5)),(30,10)),7),23),(41,20)),(28,((39,34),36))))),(((32,19),38),(9,((1,((31,22),35)),(4,37))))),((90,(78,56)),99)),(((44,(68,(46,(62,71)))),54),(((((84,61),94),(91,89)),76),93))),(((((((69,86),49),48),(100,47)),((74,60),(98,82))),((((((59,79),97),88),((63,(53,43)),81)),87),(85,51))),(72,70))),((92,58),50)),((67,75),95)),((80,45),((66,57),(55,65)))),73),(96,77)),52),64),83);
#NNI moves:0/152
Remaining: 0
#NNI moves:0/152
#NNI moves:0/152
(((((((((((((((((((61,84),94),(89,91)),76),93),(((((62,71),46),68),44),54)),((((((100,47),((49,(86,69)),48)),((98,82),(60,74))),((85,51),(((((43,53),63),81),(((59,79),97),88)),87))),(72,70)),((((((66,57),(55,65)),(45,80)),(((77,96),((83,64),52)),73)),((67,75),95)),((92,58),50)))),(99,((78,56),90))),(((((35,(22,31)),1),(37,4)),9),((19,32),38))),(((((6,3),24),(18,13)),((42,29),27)),(25,((33,40),(17,15))))),((16,(14,(12,26))),21)),((36,(39,34)),28)),(20,41)),23),7),(30,10)),(5,11)),2),8);
Current score: 1.11926e+09
Current tree: ((5,(((((((((((((((((61,84),94),(89,91)),76),93),(((((62,71),46),68),44),54)),((((((100,47),((49,(86,69)),48)),((98,82),(60,74))),((85,51),(((((43,53),63),81),(((59,79),97),88)),87))),(72,70)),((((((66,57),(55,65)),(45,80)),(((77,96),((83,64),52)),73)),((67,75),95)),((92,58),50)))),(99,((78,56),90))),(((((35,(22,31)),1),(37,4)),9),((19,32),38))),(((((6,3),24),(18,13)),((42,29),27)),(25,((33,40),(17,15))))),((16,(14,(12,26))),21)),((36,(39,34)),28)),(20,41)),23),7),(30,10)),(2,8))),11);
Final Tree: ((5,(((((((((((((((((61,84),94),(89,91)),76),93),(((((62,71),46),68),44),54)),((((((100,47),((49,(86,69)),48)),((98,82),(60,74))),((85,51),(((((43,53),63),81),(((59,79),97),88)),87))),(72,70)),((((((66,57),(55,65)),(45,80)),(((77,96),((83,64),52)),73)),((67,75),95)),((92,58),50)))),(99,((78,56),90))),(((((35,(22,31)),1),(37,4)),9),((19,32),38))),(((((6,3),24),(18,13)),((42,29),27)),(25,((33,40),(17,15))))),((16,(14,(12,26))),21)),((36,(39,34)),28)),(20,41)),23),7),(30,10)),(2,8))),11);
#EqQuartets: 1312518386
Score: 1119264157
ASTRAL for PaRalogs and Orthologs III (ASTRAL-Pro3)
*** NOW with integrated CASTLES-Pro ***
Version: v1.22.3.6
Read 512 genetrees and found 100 species.
#Genetrees: 999
#Duploss: 19014
#Species: 100
#Rounds: 4
#Samples: 4
#Threads: 1
Use two-step algorithm!
Guide Tree 0/16
#NNI moves:0/152
Guide Tree 1/16
#NNI moves:0/152
Guide Tree 2/16
#NNI moves:0/152
Guide Tree 3/16
#NNI moves:0/152
Guide Tree 4/16
#NNI moves:0/152
Guide Tree 5/16
#NNI moves:0/152
Guide Tree 6/16
#NNI moves:0/152
Guide Tree 7/16
#NNI moves:0/152
Guide Tree 8/16
#NNI moves:0/152
Guide Tree 9/16
#NNI moves:0/152
Guide Tree 10/16
#NNI moves:0/152
Guide Tree 11/16
#NNI moves:0/152
Guide Tree 12/16
#NNI moves:0/152
Guide Tree 13/16
#NNI moves:0/152
Guide Tree 14/16
#NNI moves:0/152
Guide Tree 15/16
#NNI moves:0/152
Remaining: 0
#NNI moves:6/152
#NNI moves:6/152
((((((((((((65,(44,28)),(((((((77,98),(55,(((29,31),25),45))),(59,62)),52),(((95,97),86),((((94,35),47),(36,30)),83))),((((73,42),((99,71),78)),79),((92,41),88))),((67,(74,51)),(84,81)))),(((((((50,54),63),(75,(76,66))),57),(26,80)),49),(61,34))),((((((72,69),46),(64,37)),85),(((39,43),90),(60,(48,(96,38))))),((56,70),(89,40)))),(((((100,53),((33,(68,91)),87)),82),58),(27,(32,93)))),(((((10,4),16),((6,19),24)),3),(22,((11,15),(20,13))))),(23,5)),((18,12),(7,21))),(17,9)),(2,1)),14),8);
Guide Tree 0/16
#NNI moves:0/152
Guide Tree 1/16
#NNI moves:0/152
Guide Tree 2/16
#NNI moves:0/152
Guide Tree 3/16
#NNI moves:0/152
Guide Tree 4/16
#NNI moves:0/152
Guide Tree 5/16
#NNI moves:0/152
Guide Tree 6/16
#NNI moves:0/152
Guide Tree 7/16
#NNI moves:0/152
Guide Tree 8/16
#NNI moves:0/152
Guide Tree 9/16
#NNI moves:0/152
Guide Tree 10/16
#NNI moves:0/152
Guide Tree 11/16
#NNI moves:0/152
Guide Tree 12/16
#NNI moves:0/152
Guide Tree 13/16
#NNI moves:0/152
Guide Tree 14/16
#NNI moves:0/152
Guide Tree 15/16
#NNI moves:0/152
Remaining: 2
#NNI moves:0/152
#NNI moves:0/152
(((((((((((((((52,(((77,98),((((31,29),25),45),55)),(59,62))),(((97,95),86),(((47,(94,35)),(36,30)),83))),(((((71,99),78),(42,73)),79),((41,92),88))),((67,(51,74)),(81,84))),(65,(28,44))),((((57,(((54,50),63),((76,66),75))),(80,26)),49),(34,61))),(((85,((37,64),((69,72),46))),(((43,39),90),((48,(96,38)),60))),((89,40),(70,56)))),(((((87,((91,68),33)),(53,100)),82),58),((32,93),27))),(((((10,4),16),((6,19),24)),3),(22,((13,20),(11,15))))),(5,23)),((21,7),(12,18))),(17,9)),(2,1)),14),8);
Guide Tree 0/16
#NNI moves:0/152
Guide Tree 1/16
#NNI moves:0/152
Guide Tree 2/16
#NNI moves:0/152
Guide Tree 3/16
#NNI moves:0/152
Guide Tree 4/16
#NNI moves:0/152
Guide Tree 5/16
#NNI moves:0/152
Guide Tree 6/16
#NNI moves:0/152
Guide Tree 7/16
#NNI moves:0/152
Guide Tree 8/16
#NNI moves:0/152
Guide Tree 9/16
#NNI moves:0/152
Guide Tree 10/16
#NNI moves:0/152
Guide Tree 11/16
#NNI moves:0/152
Guide Tree 12/16
#NNI moves:0/152
Guide Tree 13/16
#NNI moves:0/152
Guide Tree 14/16
#NNI moves:0/152
Guide Tree 15/16
#NNI moves:0/152
Remaining: 0
#NNI moves:0/152
#NNI moves:0/152
((((((((((((((((((36,30),((35,94),47)),83),(86,(97,95))),(((((((29,31),25),45),55),(77,98)),(62,59)),52)),((((78,(71,99)),(42,73)),79),(88,(92,41)))),(((74,51),67),(81,84))),((44,28),65)),((61,34),(((((75,(66,76)),((54,50),63)),57),(26,80)),49))),((((((96,38),48),60),((43,39),90)),(85,((64,37),(46,(72,69))))),((56,70),(40,89)))),(((82,((((91,68),33),87),(100,53))),58),((93,32),27))),((((20,13),(11,15)),22),(((16,(10,4)),((19,6),24)),3))),(5,23)),((21,7),(18,12))),(17,9)),(1,2)),14),8);
Guide Tree 0/16
#NNI moves:0/152
Guide Tree 1/16
#NNI moves:0/152
Guide Tree 2/16
#NNI moves:0/152
Guide Tree 3/16
#NNI moves:0/152
Guide Tree 4/16
#NNI moves:0/152
Guide Tree 5/16
#NNI moves:0/152
Guide Tree 6/16
#NNI moves:0/152
Guide Tree 7/16
#NNI moves:0/152
Guide Tree 8/16
#NNI moves:0/152
Guide Tree 9/16
#NNI moves:0/152
Guide Tree 10/16
#NNI moves:0/152
Guide Tree 11/16
#NNI moves:0/152
Guide Tree 12/16
#NNI moves:0/152
Guide Tree 13/16
#NNI moves:0/152
Guide Tree 14/16
#NNI moves:0/152
Guide Tree 15/16
#NNI moves:0/152
Remaining: 0
#NNI moves:0/152
#NNI moves:0/152
(((((((((((((((79,(((71,99),78),(42,73))),((92,41),88)),(((((30,36),((94,35),47)),83),(86,(95,97))),((((55,(((31,29),25),45)),(77,98)),(59,62)),52))),((81,84),((74,51),67))),((28,44),65)),((34,61),(((26,80),((((76,66),75),((50,54),63)),57)),49))),(((((46,(69,72)),(64,37)),85),(((39,43),90),((48,(96,38)),60))),((56,70),(40,89)))),(((((87,(33,(91,68))),(100,53)),82),58),(27,(32,93)))),((((13,20),(15,11)),22),((((4,10),16),(24,(6,19))),3))),(5,23)),((7,21),(12,18))),(17,9)),(1,2)),14),8);
Initial score: 1.15335e+09
Initial tree: (((((((((((((((79,(((71,99),78),(42,73))),((92,41),88)),(((((30,36),((94,35),47)),83),(86,(95,97))),((((55,(((31,29),25),45)),(77,98)),(59,62)),52))),((81,84),((74,51),67))),((28,44),65)),((34,61),(((26,80),((((76,66),75),((50,54),63)),57)),49))),(((((46,(69,72)),(64,37)),85),(((39,43),90),((48,(96,38)),60))),((56,70),(40,89)))),(((((87,(33,(91,68))),(100,53)),82),58),(27,(32,93)))),((((13,20),(15,11)),22),((((4,10),16),(24,(6,19))),3))),(5,23)),((7,21),(12,18))),(17,9)),(1,2)),14),8);
*** Subsample Process ***
Use two-step algorithm!
#NNI moves:0/152
Remaining: 0
#NNI moves:0/152
#NNI moves:0/152
(((((((((((((((64,37),(46,(72,69))),85),(((39,43),90),((48,(38,96)),60))),((70,56),(89,40))),((((((53,100),(((68,91),33),87)),82),58),(27,(32,93))),(((22,((11,15),(13,20))),(3,((16,(10,4)),((19,6),24)))),((((17,9),((14,8),(1,2))),((12,18),(21,7))),(23,5))))),((61,34),((((((66,76),75),((54,50),63)),57),(26,80)),49))),((44,28),65)),((84,81),((74,51),67))),(((((55,((25,(31,29)),45)),(77,98)),(59,62)),52),((86,(97,95)),(((30,36),(47,(94,35))),83)))),((92,41),88)),79),(42,73)),(71,99)),78);
#NNI moves:0/152
Remaining: 0
#NNI moves:0/152
#NNI moves:0/152
((((((((((((((((95,97),86),((((35,94),47),(36,30)),83)),((((55,(((29,31),25),45)),(98,77)),(62,59)),52)),(((92,41),88),(((78,(71,99)),(42,73)),79))),(((74,51),67),(84,81))),((28,44),65)),(((((((76,66),75),((50,54),63)),57),(26,80)),49),(34,61))),(((((46,(69,72)),(37,64)),85),((90,(39,43)),(((38,96),48),60))),((40,89),(70,56)))),(((82,((((68,91),33),87),(53,100))),58),(27,(93,32)))),((3,(((6,19),24),((10,4),16))),(((11,15),(20,13)),22))),(23,5)),((21,7),(18,12))),((2,1),(14,8))),9),17);
#NNI moves:0/152
Remaining: 0
#NNI moves:0/152
#NNI moves:0/152
((((((((((((((((((55,(45,((29,31),25))),(77,98)),(62,59)),52),((((47,(94,35)),(30,36)),83),((95,97),86))),(((41,92),88),(((73,42),(78,(99,71))),79))),(((74,51),67),(84,81))),(65,(28,44))),((34,61),(((26,80),((((76,66),75),((50,54),63)),57)),49))),((((90,(39,43)),((48,(38,96)),60)),(((64,37),(46,(69,72))),85)),((56,70),(40,89)))),((58,(((((68,91),33),87),(53,100)),82)),(27,(93,32)))),((((16,(10,4)),((19,6),24)),3),(((20,13),(11,15)),22))),(5,23)),((12,18),(21,7))),(17,9)),(8,14)),1),2);
#NNI moves:0/152
Remaining: 1
#NNI moves:0/152
#NNI moves:0/152
((((((((((((((((((((11,15),(20,13)),22),((((4,10),16),(24,(19,6))),3)),((((7,21),(18,12)),(((2,1),(14,8)),(9,17))),(5,23))),((27,(32,93)),(((((33,(68,91)),87),(53,100)),82),58))),(((((64,37),((72,69),46)),85),((((96,38),48),60),((39,43),90))),((89,40),(56,70)))),(((((((76,66),75),(63,(50,54))),57),(26,80)),49),(61,34))),((28,44),65)),((67,(51,74)),(81,84))),((((42,73),((99,71),78)),79),((92,41),88))),(((((35,94),47),(30,36)),83),(86,(95,97)))),52),(59,62)),(77,98)),55),45),25),29),31);
Current score: 1.15335e+09
Current tree: ((14,((2,1),((9,17),(((7,21),(18,12)),((5,23),(((((11,15),(20,13)),22),((((4,10),16),(24,(19,6))),3)),(((27,(32,93)),(((((33,(68,91)),87),(53,100)),82),58)),((((((64,37),((72,69),46)),85),((((96,38),48),60),((39,43),90))),((89,40),(56,70))),((((((((76,66),75),(63,(50,54))),57),(26,80)),49),(61,34)),(((28,44),65),(((67,(51,74)),(81,84)),(((((42,73),((99,71),78)),79),((92,41),88)),((((((35,94),47),(30,36)),83),(86,(95,97))),(52,((59,62),((77,98),(55,(45,(25,(29,31)))))))))))))))))))),8);
Final Tree: ((14,((2,1),((9,17),(((7,21),(18,12)),((5,23),(((((11,15),(20,13)),22),((((4,10),16),(24,(19,6))),3)),(((27,(32,93)),(((((33,(68,91)),87),(53,100)),82),58)),((((((64,37),((72,69),46)),85),((((96,38),48),60),((39,43),90))),((89,40),(56,70))),((((((((76,66),75),(63,(50,54))),57),(26,80)),49),(61,34)),(((28,44),65),(((67,(51,74)),(81,84)),(((((42,73),((99,71),78)),79),((92,41),88)),((((((35,94),47),(30,36)),83),(86,(95,97))),(52,((59,62),((77,98),(55,(45,(25,(29,31)))))))))))))))))))),8);
#EqQuartets: 1372965329
Score: 1153348425
ASTRAL for PaRalogs and Orthologs III (ASTRAL-Pro3)
*** NOW with integrated CASTLES-Pro ***
Version: v1.22.3.6
Read 512 genetrees and found 100 species.
#Genetrees: 999
#Duploss: 16636
#Species: 100
#Rounds: 4
#Samples: 4
#Threads: 1
Use two-step algorithm!
Guide Tree 0/16
#NNI moves:6/152
Guide Tree 1/16
#NNI moves:0/152
Guide Tree 2/16
#NNI moves:0/152
Guide Tree 3/16
#NNI moves:2/152
Guide Tree 4/16
#NNI moves:2/152
Guide Tree 5/16
#NNI moves:6/152
Guide Tree 6/16
#NNI moves:6/152
Guide Tree 7/16
#NNI moves:2/152
Guide Tree 8/16
#NNI moves:6/152
Guide Tree 9/16
#NNI moves:0/152
Guide Tree 10/16
#NNI moves:0/152
Guide Tree 11/16
#NNI moves:0/152
Guide Tree 12/16
#NNI moves:0/152
Guide Tree 13/16
#NNI moves:6/152
Guide Tree 14/16
#NNI moves:0/152
Guide Tree 15/16
#NNI moves:0/152
Remaining: 0
#NNI moves:6/152
#NNI moves:6/152
(((((((((((((((2,95),(86,(34,27))),((36,70),10)),((15,85),73)),(91,24)),(((((96,99),98),100),97),78)),(((((84,(4,40)),((66,47),45)),(30,12)),(((83,92),31),1)),(((((75,62),((14,41),63)),42),((65,56),81)),(((((((46,(37,77)),72),90),((60,25),26)),(((61,55),(94,43)),67)),((82,22),(35,48))),((69,18),6))))),(((39,21),(((5,57),8),59)),(11,49))),(((93,(89,38)),(76,20)),((53,23),(((33,52),80),32)))),((50,51),28)),((13,(3,88)),(29,71))),(((54,(64,16)),(44,((87,19),9))),(74,68))),58),(7,79)),17);
Guide Tree 0/16
#NNI moves:0/152
Guide Tree 1/16
#NNI moves:0/152
Guide Tree 2/16
#NNI moves:0/152
Guide Tree 3/16
#NNI moves:0/152
Guide Tree 4/16
#NNI moves:0/152
Guide Tree 5/16
#NNI moves:0/152
Guide Tree 6/16
#NNI moves:0/152
Guide Tree 7/16
#NNI moves:0/152
Guide Tree 8/16
#NNI moves:0/152
Guide Tree 9/16
#NNI moves:0/152
Guide Tree 10/16
#NNI moves:2/152
Guide Tree 11/16
#NNI moves:6/152
Guide Tree 12/16
#NNI moves:0/152
Guide Tree 13/16
#NNI moves:0/152
Guide Tree 14/16
#NNI moves:0/152
Guide Tree 15/16
#NNI moves:0/152
Remaining: 0
#NNI moves:12/152
#NNI moves:12/152
((((((((((((((56,65),81),(((62,75),((41,14),63)),42)),(((((((46,(37,77)),72),90),(26,(25,60))),(((55,61),(94,43)),67)),((22,82),(35,48))),(6,(18,69)))),((((92,83),31),1),((30,12),(((66,47),45),(84,(40,4)))))),((((((96,99),98),100),97),78),((((85,15),73),(((70,36),10),(((34,27),86),(95,2)))),(91,24)))),(((59,((5,57),8)),(39,21)),(49,11))),(((20,76),((89,38),93)),((32,(80,(52,33))),(23,53)))),(28,(50,51))),((71,29),(13,(88,3)))),(((((19,87),9),44),((64,16),54)),(74,68))),58),(7,79)),17);
Guide Tree 0/16
#NNI moves:0/152
Guide Tree 1/16
#NNI moves:0/152
Guide Tree 2/16
#NNI moves:0/152
Guide Tree 3/16
#NNI moves:2/152
Guide Tree 4/16
#NNI moves:0/152
Guide Tree 5/16
#NNI moves:0/152
Guide Tree 6/16
#NNI moves:2/152
Guide Tree 7/16
#NNI moves:0/152
Guide Tree 8/16
#NNI moves:0/152
Guide Tree 9/16
#NNI moves:0/152
Guide Tree 10/16
#NNI moves:0/152
Guide Tree 11/16
#NNI moves:0/152
Guide Tree 12/16
#NNI moves:0/152
Guide Tree 13/16
#NNI moves:0/152
Guide Tree 14/16
#NNI moves:0/152
Guide Tree 15/16
#NNI moves:0/152
Remaining: 0
#NNI moves:0/152
#NNI moves:0/152
(((((((((((((((((60,25),26),(((46,(77,37)),72),90)),(((55,61),(94,43)),67)),((35,48),(82,22))),((18,69),6)),((81,(56,65)),(((63,(41,14)),(75,62)),42))),(((((47,66),45),((4,40),84)),(12,30)),(((92,83),31),1))),((((((2,95),(86,(27,34))),((36,70),10)),((85,15),73)),(24,91)),((((98,(96,99)),100),97),78))),(((59,(8,(5,57))),(21,39)),(11,49))),(((20,76),((89,38),93)),((((33,52),80),32),(53,23)))),((51,50),28)),((29,71),((88,3),13))),((74,68),((54,(64,16)),(((19,87),9),44)))),58),(79,7)),17);
Guide Tree 0/16
#NNI moves:0/152
Guide Tree 1/16
#NNI moves:2/152
Guide Tree 2/16
#NNI moves:0/152
Guide Tree 3/16
#NNI moves:0/152
Guide Tree 4/16
#NNI moves:0/152
Guide Tree 5/16
#NNI moves:0/152
Guide Tree 6/16
#NNI moves:6/152
Guide Tree 7/16
#NNI moves:0/152
Guide Tree 8/16
#NNI moves:2/152
Guide Tree 9/16
#NNI moves:2/152
Guide Tree 10/16
#NNI moves:2/152
Guide Tree 11/16
#NNI moves:0/152
Guide Tree 12/16
#NNI moves:0/152
Guide Tree 13/16
#NNI moves:0/152
Guide Tree 14/16
#NNI moves:2/152
Guide Tree 15/16
#NNI moves:0/152
Remaining: 0
#NNI moves:0/152
#NNI moves:0/152
((((((((((((((10,(36,70)),((95,2),((34,27),86))),(73,(15,85))),(24,91)),(78,((100,((96,99),98)),97))),((((((35,48),(82,22)),((((43,94),(61,55)),67),((90,(72,(46,(37,77)))),((25,60),26)))),(6,(69,18))),(((56,65),81),(((75,62),((41,14),63)),42))),((((83,92),31),1),((12,30),((84,(40,4)),((66,47),45)))))),(((((5,57),8),59),(21,39)),(49,11))),((((38,89),93),(20,76)),((53,23),(((33,52),80),32)))),((50,51),28)),(((88,3),13),(29,71))),((68,74),(((9,(87,19)),44),((64,16),54)))),58),(7,79)),17);
Initial score: 1.11467e+09
Initial tree: ((((((((((((((10,(36,70)),((95,2),((34,27),86))),(73,(15,85))),(24,91)),(78,((100,((96,99),98)),97))),((((((35,48),(82,22)),((((43,94),(61,55)),67),((90,(72,(46,(37,77)))),((25,60),26)))),(6,(69,18))),(((56,65),81),(((75,62),((41,14),63)),42))),((((83,92),31),1),((12,30),((84,(40,4)),((66,47),45)))))),(((((5,57),8),59),(21,39)),(49,11))),((((38,89),93),(20,76)),((53,23),(((33,52),80),32)))),((50,51),28)),(((88,3),13),(29,71))),((68,74),(((9,(87,19)),44),((64,16),54)))),58),(7,79)),17);
*** Subsample Process ***
Use two-step algorithm!
#NNI moves:0/152
Remaining: 0
#NNI moves:2/152
#NNI moves:2/152
((((((((((((((((55,61),(94,43)),67),((90,((46,(37,77)),72)),(26,(25,60)))),((35,48),(82,22))),((18,69),6)),((((62,75),((41,14),63)),42),((65,56),81))),((((83,92),31),1),((30,12),((45,(66,47)),((4,40),84))))),(((((((((16,64),54),(((87,19),9),44)),(68,74)),(((7,79),17),58)),((29,71),(13,(3,88)))),(28,(50,51))),(((((33,52),80),32),(23,53)),((76,20),((89,38),93)))),(((((5,57),8),59),(21,39)),(49,11)))),((((98,(99,96)),100),97),78)),(24,91)),((15,85),73)),((2,95),(86,(27,34)))),10),70),36);
#NNI moves:0/152
Remaining: 2
#NNI moves:4/152
#NNI moves:16/152
((((((((((((((((((94,43),(55,61)),67),((((46,(77,37)),72),90),((60,25),26))),((82,22),(35,48))),(6,(69,18))),((42,(((14,41),63),(62,75))),(81,(65,56)))),((1,((92,83),31)),((12,30),(((47,66),45),((4,40),84))))),(((((15,85),73),((10,(70,36)),((95,2),((34,27),86)))),(91,24)),((((98,(96,99)),100),97),78))),(((39,21),(((57,5),8),59)),(11,49))),(((((33,52),80),32),(23,53)),((93,(89,38)),(20,76)))),((51,50),28)),((13,(3,88)),(29,71))),((((9,(19,87)),44),((64,16),54)),(74,68))),58),17),79),7);
#NNI moves:2/152
Remaining: 0
#NNI moves:10/152
#NNI moves:10/152
(((((((((((((((((3,88),13),(71,29)),(((68,74),(((9,(19,87)),44),((16,64),54))),((17,(79,7)),58))),(28,(50,51))),(((((33,52),80),32),(53,23)),((93,(89,38)),(20,76)))),(((39,21),(59,((5,57),8))),(49,11))),(((((98,(96,99)),100),97),78),(((((86,(27,34)),(95,2)),((36,70),10)),((85,15),73)),(91,24)))),((1,((83,92),31)),((30,12),(((47,66),45),((40,4),84))))),((((62,75),((41,14),63)),42),(81,(56,65)))),((18,69),6)),((35,48),(22,82))),(((61,55),(94,43)),67)),(26,(60,25))),90),(46,(77,37))),72);
#NNI moves:4/152
Remaining: 0
#NNI moves:16/152
#NNI moves:16/152
(((((((((((((30,12),(((66,47),45),((4,40),84))),(((92,83),31),1)),(((((((25,60),26),(90,(72,((37,77),46)))),(((94,43),(61,55)),67)),((82,22),(48,35))),((69,18),6)),((((63,(14,41)),(62,75)),42),((65,56),81)))),((((((2,95),((34,27),86)),((36,70),10)),(73,(15,85))),(24,91)),(((((99,96),98),100),97),78))),(((39,21),(((57,5),8),59)),(11,49))),(((32,(80,(33,52))),(53,23)),(((38,89),93),(76,20)))),((51,50),28)),((29,71),((3,88),13))),(((79,7),17),58)),((54,(64,16)),((9,(87,19)),44))),74),68);
Current score: 1.11467e+09
Current tree: (((79,7),(58,((((((((((30,12),(((66,47),45),((4,40),84))),(((92,83),31),1)),(((((((25,60),26),(90,(72,((37,77),46)))),(((94,43),(61,55)),67)),((82,22),(48,35))),((69,18),6)),((((63,(14,41)),(62,75)),42),((65,56),81)))),((((((2,95),((34,27),86)),((36,70),10)),(73,(15,85))),(24,91)),(((((99,96),98),100),97),78))),(((39,21),(((57,5),8),59)),(11,49))),(((32,(80,(33,52))),(53,23)),(((38,89),93),(76,20)))),((51,50),28)),((29,71),((3,88),13))),(((54,(64,16)),((9,(87,19)),44)),(74,68))))),17);
Final Tree: (((79,7),(58,((((((((((30,12),(((66,47),45),((4,40),84))),(((92,83),31),1)),(((((((25,60),26),(90,(72,((37,77),46)))),(((94,43),(61,55)),67)),((82,22),(48,35))),((69,18),6)),((((63,(14,41)),(62,75)),42),((65,56),81)))),((((((2,95),((34,27),86)),((36,70),10)),(73,(15,85))),(24,91)),(((((99,96),98),100),97),78))),(((39,21),(((57,5),8),59)),(11,49))),(((32,(80,(33,52))),(53,23)),(((38,89),93),(76,20)))),((51,50),28)),((29,71),((3,88),13))),(((54,(64,16)),((9,(87,19)),44)),(74,68))))),17);
#EqQuartets: 1337954306
Score: 1114670302
ASTRAL for PaRalogs and Orthologs III (ASTRAL-Pro3)
*** NOW with integrated CASTLES-Pro ***
Version: v1.22.3.6
Read 512 genetrees and found 100 species.
#Genetrees: 1000
#Duploss: 16113
#Species: 100
#Rounds: 4
#Samples: 4
#Threads: 1
Use two-step algorithm!
Guide Tree 0/16
#NNI moves:0/152
Guide Tree 1/16
#NNI moves:0/152
Guide Tree 2/16
#NNI moves:0/152
Guide Tree 3/16
#NNI moves:0/152
Guide Tree 4/16
#NNI moves:0/152
Guide Tree 5/16
#NNI moves:0/152
Guide Tree 6/16
#NNI moves:0/152
Guide Tree 7/16
#NNI moves:0/152
Guide Tree 8/16
#NNI moves:0/152
Guide Tree 9/16
#NNI moves:0/152
Guide Tree 10/16
#NNI moves:0/152
Guide Tree 11/16
#NNI moves:0/152
Guide Tree 12/16
#NNI moves:0/152
Guide Tree 13/16
#NNI moves:0/152
Guide Tree 14/16
#NNI moves:0/152
Guide Tree 15/16
#NNI moves:0/152
Remaining: 0
#NNI moves:0/152
#NNI moves:0/152
(((((((((((((((95,76),((88,54),63)),((((((((99,44),77),49),(92,56)),42),62),(83,55)),43)),(((((50,((47,(78,91)),53)),67),41),(74,82)),(((86,72),90),((71,52),73)))),((35,(80,45)),97)),(((((((1,4),30),(18,(16,25))),9),((((7,32),33),(12,22)),((((19,3),(27,20)),((2,(15,11)),5)),24))),(14,6)),((((10,17),(28,29)),(8,(((31,13),23),21))),26))),(((85,84),(51,96)),58)),100),(((93,68),((69,34),46)),(75,(87,61)))),(((37,39),(70,38)),(((65,((79,66),81)),89),(57,36)))),94),40),(59,(64,98))),48),60);
Guide Tree 0/16
#NNI moves:0/152
Guide Tree 1/16
#NNI moves:0/152
Guide Tree 2/16
#NNI moves:0/152
Guide Tree 3/16
#NNI moves:0/152
Guide Tree 4/16
#NNI moves:0/152
Guide Tree 5/16
#NNI moves:0/152
Guide Tree 6/16
#NNI moves:0/152
Guide Tree 7/16
#NNI moves:0/152
Guide Tree 8/16
#NNI moves:0/152
Guide Tree 9/16
#NNI moves:0/152
Guide Tree 10/16
#NNI moves:0/152
Guide Tree 11/16
#NNI moves:0/152
Guide Tree 12/16
#NNI moves:0/152
Guide Tree 13/16
#NNI moves:0/152
Guide Tree 14/16
#NNI moves:0/152
Guide Tree 15/16
#NNI moves:0/152
Remaining: 0
#NNI moves:0/152
#NNI moves:0/152
(((((((((((((((((31,13),23),21),8),((10,17),(28,29))),26),(((((33,(7,32)),(22,12)),((((20,27),(3,19)),(5,((15,11),2))),24)),((((1,4),30),((16,25),18)),9)),(14,6))),(((((((((49,(77,(44,99))),(92,56)),42),62),(55,83)),43),(((54,88),63),(95,76))),((((((((91,78),47),53),50),67),41),(82,74)),(((72,86),90),((71,52),73)))),(97,((80,45),35)))),(((96,51),(84,85)),58)),100),(((68,93),(46,(34,69))),(75,(87,61)))),(((37,39),(38,70)),(((((66,79),81),65),89),(36,57)))),94),40),((64,98),59)),48),60);
Guide Tree 0/16
#NNI moves:0/152
Guide Tree 1/16
#NNI moves:0/152
Guide Tree 2/16
#NNI moves:0/152
Guide Tree 3/16
#NNI moves:0/152
Guide Tree 4/16
#NNI moves:0/152
Guide Tree 5/16
#NNI moves:0/152
Guide Tree 6/16
#NNI moves:0/152
Guide Tree 7/16
#NNI moves:0/152
Guide Tree 8/16
#NNI moves:0/152
Guide Tree 9/16
#NNI moves:0/152
Guide Tree 10/16
#NNI moves:0/152
Guide Tree 11/16
#NNI moves:0/152
Guide Tree 12/16
#NNI moves:0/152
Guide Tree 13/16
#NNI moves:0/152
Guide Tree 14/16
#NNI moves:0/152
Guide Tree 15/16
#NNI moves:0/152
Remaining: 0
#NNI moves:0/152
#NNI moves:0/152
(((((((((((((((((((((44,99),77),49),(56,92)),42),62),(83,55)),43),((95,76),((54,88),63))),((((71,52),73),((86,72),90)),((41,(((((91,78),47),53),50),67)),(74,82)))),(97,(35,(80,45)))),(((((10,17),(28,29)),((((13,31),23),21),8)),26),((((((((15,11),2),5),((19,3),(27,20))),24),((33,(32,7)),(12,22))),((((1,4),30),(18,(16,25))),9)),(14,6)))),(((96,51),(84,85)),58)),100),((((69,34),46),(93,68)),((61,87),75))),((((65,(81,(66,79))),89),(57,36)),((38,70),(37,39)))),94),40),(59,(98,64))),48),60);
Guide Tree 0/16
#NNI moves:0/152
Guide Tree 1/16
#NNI moves:0/152
Guide Tree 2/16
#NNI moves:0/152
Guide Tree 3/16
#NNI moves:0/152
Guide Tree 4/16
#NNI moves:0/152
Guide Tree 5/16
#NNI moves:0/152
Guide Tree 6/16
#NNI moves:0/152
Guide Tree 7/16
#NNI moves:0/152
Guide Tree 8/16
#NNI moves:0/152
Guide Tree 9/16
#NNI moves:0/152
Guide Tree 10/16
#NNI moves:0/152
Guide Tree 11/16
#NNI moves:0/152
Guide Tree 12/16
#NNI moves:0/152
Guide Tree 13/16
#NNI moves:0/152
Guide Tree 14/16
#NNI moves:0/152
Guide Tree 15/16
#NNI moves:0/152
Remaining: 0
#NNI moves:0/152
#NNI moves:0/152
(((((((((((((((((25,16),18),((4,1),30)),9),(((((27,20),(19,3)),(5,((15,11),2))),24),((22,12),((7,32),33)))),(6,14)),((((28,29),(17,10)),((((31,13),23),21),8)),26)),((((43,((((((77,(99,44)),49),(92,56)),42),62),(55,83))),(((54,88),63),(95,76))),((((52,71),73),((86,72),90)),((74,82),((67,((((78,91),47),53),50)),41)))),(((45,80),35),97))),(((84,85),(96,51)),58)),100),((((34,69),46),(93,68)),(75,(87,61)))),(((39,37),(38,70)),(((((66,79),81),65),89),(36,57)))),94),40),((98,64),59)),48),60);
Initial score: 1.24152e+09
Initial tree: (((((((((((((((((25,16),18),((4,1),30)),9),(((((27,20),(19,3)),(5,((15,11),2))),24),((22,12),((7,32),33)))),(6,14)),((((28,29),(17,10)),((((31,13),23),21),8)),26)),((((43,((((((77,(99,44)),49),(92,56)),42),62),(55,83))),(((54,88),63),(95,76))),((((52,71),73),((86,72),90)),((74,82),((67,((((78,91),47),53),50)),41)))),(((45,80),35),97))),(((84,85),(96,51)),58)),100),((((34,69),46),(93,68)),(75,(87,61)))),(((39,37),(38,70)),(((((66,79),81),65),89),(36,57)))),94),40),((98,64),59)),48),60);
*** Subsample Process ***
Use two-step algorithm!
#NNI moves:0/152
Remaining: 0
#NNI moves:0/152
#NNI moves:0/152
((((((((((((((((89,((81,(66,79)),65)),(57,36)),((39,37),(38,70))),((((48,60),(59,(64,98))),40),94)),(((68,93),(46,(69,34))),((87,61),75))),100),(((84,85),(96,51)),58)),((((((62,(((((99,44),77),49),(56,92)),42)),(83,55)),43),((95,76),(63,(88,54)))),(((90,(72,86)),((52,71),73)),(((((((91,78),47),53),50),67),41),(74,82)))),(((80,45),35),97))),((((28,29),(17,10)),(((23,(13,31)),21),8)),26)),(14,6)),(((((27,20),(19,3)),(5,((11,15),2))),24),((12,22),((32,7),33)))),9),(30,(1,4))),18),25),16);
#NNI moves:0/152
Remaining: 0
#NNI moves:6/152
#NNI moves:6/152
(((((((((((((((((((((99,44),77),49),(92,56)),42),62),(55,83)),43),((76,95),((88,54),63))),((((((((78,91),47),53),50),67),41),(82,74)),(((86,72),90),(73,(71,52))))),(97,((45,80),35))),((((((((20,27),(19,3)),(((11,15),2),5)),24),((22,12),((32,7),33))),(9,(((25,16),18),((1,4),30)))),(14,6)),((((10,17),(28,29)),(((23,(13,31)),21),8)),26))),(((84,85),(51,96)),58)),100),((((34,69),46),(93,68)),((61,87),75))),(((89,(65,(81,(66,79)))),(57,36)),((70,38),(37,39)))),94),40),((98,64),59)),60),48);
#NNI moves:0/152
Remaining: 0
#NNI moves:2/152
#NNI moves:2/152
((((((((((((((((20,27),(19,3)),(5,((11,15),2))),24),((33,(7,32)),(22,12))),(((18,(25,16)),((1,4),30)),9)),(14,6)),((((28,29),(17,10)),(8,((23,(13,31)),21))),26)),((((((93,68),(46,(34,69))),((61,87),75)),((((37,39),(38,70)),((36,57),(89,(65,((79,66),81))))),(((((98,64),59),(60,48)),40),94))),100),(((84,85),(96,51)),58))),(((80,45),35),97)),((((72,86),90),((52,71),73)),(((((((78,91),47),53),50),67),41),(74,82)))),((76,95),((54,88),63))),43),((((56,92),(((44,99),77),49)),42),62)),55),83);
#NNI moves:0/152
Remaining: 0
#NNI moves:2/152
#NNI moves:2/152
((((((((((((((((((((15,11),2),5),((27,20),(19,3))),24),(((32,7),33),(22,12))),(((18,(16,25)),((4,1),30)),9)),(6,14)),((((17,10),(29,28)),(8,(21,(23,(31,13))))),26)),((((((52,71),73),((86,72),90)),((41,(((((78,91),47),53),50),67)),(74,82))),(((95,76),((54,88),63)),((((((((44,99),77),49),(56,92)),42),62),(55,83)),43))),(((45,80),35),97))),(((51,96),(85,84)),58)),100),(((68,93),((34,69),46)),(75,(87,61)))),(((37,39),(38,70)),((((81,(79,66)),65),89),(57,36)))),94),40),(48,60)),59),98),64);
Current score: 1.24152e+09
Current tree: ((48,(((((((((((((((((15,11),2),5),((27,20),(19,3))),24),(((32,7),33),(22,12))),(((18,(16,25)),((4,1),30)),9)),(6,14)),((((17,10),(29,28)),(8,(21,(23,(31,13))))),26)),((((((52,71),73),((86,72),90)),((41,(((((78,91),47),53),50),67)),(74,82))),(((95,76),((54,88),63)),((((((((44,99),77),49),(56,92)),42),62),(55,83)),43))),(((45,80),35),97))),(((51,96),(85,84)),58)),100),(((68,93),((34,69),46)),(75,(87,61)))),(((37,39),(38,70)),((((81,(79,66)),65),89),(57,36)))),94),40),(59,(98,64)))),60);
Final Tree: ((48,(((((((((((((((((15,11),2),5),((27,20),(19,3))),24),(((32,7),33),(22,12))),(((18,(16,25)),((4,1),30)),9)),(6,14)),((((17,10),(29,28)),(8,(21,(23,(31,13))))),26)),((((((52,71),73),((86,72),90)),((41,(((((78,91),47),53),50),67)),(74,82))),(((95,76),((54,88),63)),((((((((44,99),77),49),(56,92)),42),62),(55,83)),43))),(((45,80),35),97))),(((51,96),(85,84)),58)),100),(((68,93),((34,69),46)),(75,(87,61)))),(((37,39),(38,70)),((((81,(79,66)),65),89),(57,36)))),94),40),(59,(98,64)))),60);
#EqQuartets: 1383858927
Score: 1241520083
ASTRAL for PaRalogs and Orthologs III (ASTRAL-Pro3)
*** NOW with integrated CASTLES-Pro ***
Version: v1.22.3.6
Read 512 genetrees and found 100 species.
#Genetrees: 999
#Duploss: 18094
#Species: 100
#Rounds: 4
#Samples: 4
#Threads: 1
Use two-step algorithm!
Guide Tree 0/16
#NNI moves:0/152
Guide Tree 1/16
#NNI moves:0/152
Guide Tree 2/16
#NNI moves:0/152
Guide Tree 3/16
#NNI moves:0/152
Guide Tree 4/16
#NNI moves:0/152
Guide Tree 5/16
#NNI moves:0/152
Guide Tree 6/16
#NNI moves:0/152
Guide Tree 7/16
#NNI moves:0/152
Guide Tree 8/16
#NNI moves:0/152
Guide Tree 9/16
#NNI moves:0/152
Guide Tree 10/16
#NNI moves:0/152
Guide Tree 11/16
#NNI moves:0/152
Guide Tree 12/16
#NNI moves:0/152
Guide Tree 13/16
#NNI moves:0/152
Guide Tree 14/16
#NNI moves:0/152
Guide Tree 15/16
#NNI moves:0/152
Remaining: 0
#NNI moves:2/152
#NNI moves:2/152
(((((((((((((((((78,49),((13,(8,38)),(32,58))),7),((((42,70),87),(75,91)),44)),(((30,47),((((36,(69,67)),(57,76)),29),(66,63))),(48,73))),((((6,1),(2,(3,5))),4),((14,61),(((68,24),37),(99,74))))),((((((94,60),20),((64,27),86)),((72,56),85)),(11,22)),(83,51))),(28,23)),(((((((((84,15),82),100),81),(25,39)),((59,41),(43,93))),16),(((31,90),(97,9)),(95,19))),(80,(65,55)))),((12,(52,50)),46)),(((((35,53),77),(33,10)),((26,(96,45)),89)),79)),(88,92)),((18,21),(62,54))),(34,40)),98),17),71);
Guide Tree 0/16
#NNI moves:0/152
Guide Tree 1/16
#NNI moves:0/152
Guide Tree 2/16
#NNI moves:0/152
Guide Tree 3/16
#NNI moves:0/152
Guide Tree 4/16
#NNI moves:0/152
Guide Tree 5/16
#NNI moves:0/152
Guide Tree 6/16
#NNI moves:0/152
Guide Tree 7/16
#NNI moves:0/152
Guide Tree 8/16
#NNI moves:0/152
Guide Tree 9/16
#NNI moves:0/152
Guide Tree 10/16
#NNI moves:0/152
Guide Tree 11/16
#NNI moves:0/152
Guide Tree 12/16
#NNI moves:0/152
Guide Tree 13/16
#NNI moves:0/152
Guide Tree 14/16
#NNI moves:0/152
Guide Tree 15/16
#NNI moves:0/152
Remaining: 0
#NNI moves:0/152
#NNI moves:0/152
((((((((((((((((((58,32),((8,38),13)),(78,49)),7),(((91,75),((42,70),87)),44)),(((((((67,69),36),(76,57)),29),(66,63)),(30,47)),(73,48))),((((1,6),((3,5),2)),4),((((68,24),37),(99,74)),(61,14)))),((((((94,60),20),((27,64),86)),((56,72),85)),(11,22)),(83,51))),(23,28)),((((((43,93),(41,59)),((((82,(84,15)),100),81),(25,39))),16),((19,95),((90,31),(9,97)))),((55,65),80))),(((52,50),12),46)),(((((96,45),26),89),(((35,53),77),(33,10))),79)),(88,92)),((54,62),(18,21))),(40,34)),98),17),71);
Guide Tree 0/16
#NNI moves:0/152
Guide Tree 1/16
#NNI moves:0/152
Guide Tree 2/16
#NNI moves:0/152
Guide Tree 3/16
#NNI moves:0/152
Guide Tree 4/16
#NNI moves:0/152
Guide Tree 5/16
#NNI moves:0/152
Guide Tree 6/16
#NNI moves:0/152
Guide Tree 7/16
#NNI moves:0/152
Guide Tree 8/16
#NNI moves:0/152
Guide Tree 9/16
#NNI moves:0/152
Guide Tree 10/16
#NNI moves:0/152
Guide Tree 11/16
#NNI moves:0/152
Guide Tree 12/16
#NNI moves:0/152
Guide Tree 13/16
#NNI moves:0/152
Guide Tree 14/16
#NNI moves:0/152
Guide Tree 15/16
#NNI moves:0/152
Remaining: 0
#NNI moves:4/152
#NNI moves:4/152
((((((((((((((((((((69,67),36),(57,76)),29),(63,66)),(30,47)),(73,48)),(((((58,32),(13,(8,38))),(78,49)),7),(((87,(70,42)),(91,75)),44))),(((((68,24),37),(74,99)),(14,61)),((((5,3),2),(6,1)),4))),(((((72,56),85),(((60,94),20),(86,(64,27)))),(22,11)),(51,83))),(23,28)),(((((97,9),(90,31)),(19,95)),(((((((84,15),82),100),81),(39,25)),((41,59),(93,43))),16)),((65,55),80))),(((50,52),12),46)),(((((35,53),77),(10,33)),(((45,96),26),89)),79)),(88,92)),((54,62),(18,21))),(40,34)),98),17),71);
Guide Tree 0/16
#NNI moves:0/152
Guide Tree 1/16
#NNI moves:0/152
Guide Tree 2/16
#NNI moves:0/152
Guide Tree 3/16
#NNI moves:0/152
Guide Tree 4/16
#NNI moves:0/152
Guide Tree 5/16
#NNI moves:0/152
Guide Tree 6/16
#NNI moves:0/152
Guide Tree 7/16
#NNI moves:0/152
Guide Tree 8/16
#NNI moves:0/152
Guide Tree 9/16
#NNI moves:0/152
Guide Tree 10/16
#NNI moves:0/152
Guide Tree 11/16
#NNI moves:0/152
Guide Tree 12/16
#NNI moves:0/152
Guide Tree 13/16
#NNI moves:0/152
Guide Tree 14/16
#NNI moves:0/152
Guide Tree 15/16
#NNI moves:0/152
Remaining: 0
#NNI moves:10/152
#NNI moves:10/152
(((((((((((((((((((8,38),13),(32,58)),(49,78)),7),(((87,(70,42)),(91,75)),44)),((73,48),(((((76,57),((69,67),36)),29),(66,63)),(30,47)))),(((((24,68),37),(99,74)),(14,61)),(((6,1),((3,5),2)),4))),((((((27,64),86),((94,60),20)),((56,72),85)),(22,11)),(83,51))),(23,28)),((((((39,25),((((84,15),82),100),81)),((59,41),(93,43))),16),((95,19),((31,90),(97,9)))),((55,65),80))),((12,(50,52)),46)),(((((53,35),77),(33,10)),(((96,45),26),89)),79)),(92,88)),((21,18),(54,62))),(34,40)),98),17),71);
Initial score: 1.21011e+09
Initial tree: (((((((((((((((((((8,38),13),(32,58)),(49,78)),7),(((87,(70,42)),(91,75)),44)),((73,48),(((((76,57),((69,67),36)),29),(66,63)),(30,47)))),(((((24,68),37),(99,74)),(14,61)),(((6,1),((3,5),2)),4))),((((((27,64),86),((94,60),20)),((56,72),85)),(22,11)),(83,51))),(23,28)),((((((39,25),((((84,15),82),100),81)),((59,41),(93,43))),16),((95,19),((31,90),(97,9)))),((55,65),80))),((12,(50,52)),46)),(((((53,35),77),(33,10)),(((96,45),26),89)),79)),(92,88)),((21,18),(54,62))),(34,40)),98),17),71);
*** Subsample Process ***
Use two-step algorithm!
#NNI moves:0/152
Remaining: 0
#NNI moves:0/152
#NNI moves:0/152
((((((((((((((((((((((84,15),82),100),81),(39,25)),((59,41),(43,93))),16),((95,19),((9,97),(90,31)))),((65,55),80)),((((((34,40),((17,71),98)),((54,62),(18,21))),(88,92)),(((((53,35),77),(33,10)),(89,(26,(45,96)))),79)),(((50,52),12),46))),(23,28)),(((11,22),((((60,94),20),((27,64),86)),((56,72),85))),(83,51))),((((74,99),((24,68),37)),(61,14)),(((1,6),((3,5),2)),4))),(((((42,70),87),(91,75)),44),(((49,78),(((8,38),13),(32,58))),7))),(48,73)),(30,47)),(63,66)),29),(76,57)),36),67),69);
#NNI moves:0/152
Remaining: 0
#NNI moves:6/152
#NNI moves:6/152
(((((((((((((((((60,94),20),(86,(64,27))),((56,72),85)),(22,11)),(51,83)),(((((((42,70),87),(91,75)),44),(7,((78,49),((58,32),((38,8),13))))),((((((36,(69,67)),(57,76)),29),(66,63)),(47,30)),(73,48))),((((2,(3,5)),(1,6)),4),(((99,74),(37,(68,24))),(14,61))))),(28,23)),((((((39,25),((100,(82,(15,84))),81)),((59,41),(93,43))),16),(((97,9),(31,90)),(95,19))),((65,55),80))),(((50,52),12),46)),(((((35,53),77),(33,10)),(89,((45,96),26))),79)),(88,92)),((62,54),(18,21))),(34,40)),98),71),17);
#NNI moves:0/152
Remaining: 0
#NNI moves:0/152
#NNI moves:0/152
(((((((((((((((((53,35),77),(10,33)),((26,(45,96)),89)),79),((((62,54),(18,21)),((34,40),(98,(71,17)))),(88,92))),(((52,50),12),46)),(((((((((15,84),82),100),81),(39,25)),((59,41),(93,43))),16),((95,19),((90,31),(97,9)))),(80,(65,55)))),(23,28)),(((((((70,42),87),(91,75)),44),(((78,49),((32,58),((8,38),13))),7)),(((47,30),((63,66),(((57,76),((67,69),36)),29))),(73,48))),((((1,6),((3,5),2)),4),((((24,68),37),(99,74)),(14,61))))),(51,83)),(11,22)),(85,(56,72))),((64,27),86)),20),94),60);
#NNI moves:0/152
Remaining: 0
#NNI moves:2/152
#NNI moves:2/152
((((((((((((((((78,49),(((38,8),13),(58,32))),7),(44,(((70,42),87),(75,91)))),(((30,47),((((57,76),((69,67),36)),29),(63,66))),(73,48))),(((((5,3),2),(1,6)),4),((((24,68),37),(99,74)),(14,61)))),(((11,22),(((86,(27,64)),(20,(60,94))),((72,56),85))),(83,51))),(23,28)),((((((59,41),(43,93)),(((((84,15),82),100),81),(25,39))),16),(((31,90),(9,97)),(95,19))),((65,55),80))),((12,(50,52)),46)),((((33,10),(77,(53,35))),((26,(96,45)),89)),79)),(88,92)),((98,(17,71)),(40,34))),(54,62)),18),21);
Current score: 1.21011e+09
Current tree: ((17,(98,((40,34),(((((((((((((78,49),(((38,8),13),(58,32))),7),(44,(((70,42),87),(75,91)))),(((30,47),((((57,76),((69,67),36)),29),(63,66))),(73,48))),(((((5,3),2),(1,6)),4),((((24,68),37),(99,74)),(14,61)))),(((11,22),(((86,(27,64)),(20,(60,94))),((72,56),85))),(83,51))),(23,28)),((((((59,41),(43,93)),(((((84,15),82),100),81),(25,39))),16),(((31,90),(9,97)),(95,19))),((65,55),80))),((12,(50,52)),46)),((((33,10),(77,(53,35))),((26,(96,45)),89)),79)),(88,92)),((54,62),(18,21)))))),71);
Final Tree: ((17,(98,((40,34),(((((((((((((78,49),(((38,8),13),(58,32))),7),(44,(((70,42),87),(75,91)))),(((30,47),((((57,76),((69,67),36)),29),(63,66))),(73,48))),(((((5,3),2),(1,6)),4),((((24,68),37),(99,74)),(14,61)))),(((11,22),(((86,(27,64)),(20,(60,94))),((72,56),85))),(83,51))),(23,28)),((((((59,41),(43,93)),(((((84,15),82),100),81),(25,39))),16),(((31,90),(9,97)),(95,19))),((65,55),80))),((12,(50,52)),46)),((((33,10),(77,(53,35))),((26,(96,45)),89)),79)),(88,92)),((54,62),(18,21)))))),71);
#EqQuartets: 1449815550
Score: 1210107964
ASTRAL for PaRalogs and Orthologs III (ASTRAL-Pro3)
*** NOW with integrated CASTLES-Pro ***
Version: v1.22.3.6
Read 512 genetrees and found 100 species.
#Genetrees: 998
#Duploss: 20141
#Species: 100
#Rounds: 4
#Samples: 4
#Threads: 1
Use two-step algorithm!
Guide Tree 0/16
#NNI moves:0/152
Guide Tree 1/16
#NNI moves:0/152
Guide Tree 2/16
#NNI moves:0/152
Guide Tree 3/16
#NNI moves:0/152
Guide Tree 4/16
#NNI moves:0/152
Guide Tree 5/16
#NNI moves:0/152
Guide Tree 6/16
#NNI moves:0/152
Guide Tree 7/16
#NNI moves:0/152
Guide Tree 8/16
#NNI moves:0/152
Guide Tree 9/16
#NNI moves:0/152
Guide Tree 10/16
#NNI moves:0/152
Guide Tree 11/16
#NNI moves:0/152
Guide Tree 12/16
#NNI moves:0/152
Guide Tree 13/16
#NNI moves:0/152
Guide Tree 14/16
#NNI moves:0/152
Guide Tree 15/16
#NNI moves:0/152
Remaining: 0
#NNI moves:12/152
#NNI moves:12/152
(((((((((((((((((24,92),15),((44,75),9)),37),(58,8)),((62,(97,70)),(60,(93,45)))),(77,89)),((10,17),((48,25),88))),(((72,(85,71)),87),(86,(2,32)))),(((((14,20),42),((90,51),((19,35),18))),(66,47)),((49,33),((((78,4),67),61),57)))),((((((13,91),((22,38),11)),64),98),((5,(56,(54,94))),41)),(81,(46,100)))),(((39,((((84,(73,74)),(82,7)),80),((36,76),(31,43)))),(((((52,28),96),68),53),(65,(50,12)))),1)),(59,40)),(79,69)),((((29,99),63),((27,16),30)),(3,23))),(((26,21),83),((6,55),34))),95);
Guide Tree 0/16
#NNI moves:0/152
Guide Tree 1/16
#NNI moves:0/152
Guide Tree 2/16
#NNI moves:6/152
Guide Tree 3/16
#NNI moves:0/152
Guide Tree 4/16
#NNI moves:0/152
Guide Tree 5/16
#NNI moves:0/152
Guide Tree 6/16
#NNI moves:0/152
Guide Tree 7/16
#NNI moves:0/152
Guide Tree 8/16
#NNI moves:0/152
Guide Tree 9/16
#NNI moves:0/152
Guide Tree 10/16
#NNI moves:0/152
Guide Tree 11/16
#NNI moves:2/152
Guide Tree 12/16
#NNI moves:6/152
Guide Tree 13/16
#NNI moves:0/152
Guide Tree 14/16
#NNI moves:2/152
Guide Tree 15/16
#NNI moves:0/152
Remaining: 0
#NNI moves:0/152
#NNI moves:0/152
((((((((((((((((9,(75,44)),(15,(92,24))),37),(8,58)),((62,(97,70)),((45,93),60))),(89,77)),(((25,48),88),(10,17))),(((32,2),86),(87,(72,(71,85))))),(((((14,20),42),((90,51),((19,35),18))),(47,66)),((57,((67,(4,78)),61)),(33,49)))),((((((11,(38,22)),(91,13)),64),98),((((94,54),56),5),41)),(81,(46,100)))),((((((43,31),(76,36)),((((74,73),84),(7,82)),80)),39),((53,((96,(28,52)),68)),(65,(50,12)))),1)),(59,40)),(79,69)),((((16,27),30),((29,99),63)),(23,3))),(((26,21),83),(34,(6,55)))),95);
Guide Tree 0/16
#NNI moves:0/152
Guide Tree 1/16
#NNI moves:0/152
Guide Tree 2/16
#NNI moves:0/152
Guide Tree 3/16
#NNI moves:0/152
Guide Tree 4/16
#NNI moves:0/152
Guide Tree 5/16
#NNI moves:0/152
Guide Tree 6/16
#NNI moves:0/152
Guide Tree 7/16
#NNI moves:0/152
Guide Tree 8/16
#NNI moves:0/152
Guide Tree 9/16
#NNI moves:0/152
Guide Tree 10/16
#NNI moves:0/152
Guide Tree 11/16
#NNI moves:0/152
Guide Tree 12/16
#NNI moves:0/152
Guide Tree 13/16
#NNI moves:0/152
Guide Tree 14/16
#NNI moves:0/152
Guide Tree 15/16
#NNI moves:2/152
Remaining: 0
#NNI moves:4/152
#NNI moves:4/152
(((((((((((87,(72,(85,71))),((2,32),86)),(((77,89),((((70,97),62),(60,(93,45))),((((9,(44,75)),(15,(92,24))),37),(58,8)))),(((48,25),88),(10,17)))),((((((78,4),67),61),57),(33,49)),((((14,20),42),((18,(35,19)),(90,51))),(47,66)))),(((((((38,22),11),(91,13)),64),98),(41,(5,((94,54),56)))),((46,100),81))),((((((76,36),(43,31)),((((74,73),84),(7,82)),80)),39),(((50,12),65),(53,(68,((28,52),96))))),1)),(40,59)),(69,79)),((((16,27),30),((29,99),63)),(3,23))),((34,(6,55)),((26,21),83))),95);
Guide Tree 0/16
#NNI moves:0/152
Guide Tree 1/16
#NNI moves:0/152
Guide Tree 2/16
#NNI moves:0/152
Guide Tree 3/16
#NNI moves:0/152
Guide Tree 4/16
#NNI moves:0/152
Guide Tree 5/16
#NNI moves:0/152
Guide Tree 6/16
#NNI moves:0/152
Guide Tree 7/16
#NNI moves:0/152
Guide Tree 8/16
#NNI moves:0/152
Guide Tree 9/16
#NNI moves:0/152
Guide Tree 10/16
#NNI moves:0/152
Guide Tree 11/16
#NNI moves:0/152
Guide Tree 12/16
#NNI moves:0/152
Guide Tree 13/16
#NNI moves:0/152
Guide Tree 14/16
#NNI moves:0/152
Guide Tree 15/16
#NNI moves:0/152
Remaining: 0
#NNI moves:4/152
#NNI moves:4/152
(((((((((((((18,(19,35)),(51,90)),((20,14),42)),(66,47)),((57,((67,(4,78)),61)),(49,33))),((((10,17),((48,25),88)),(((((93,45),60),(62,(97,70))),(((((44,75),9),(15,(24,92))),37),(8,58))),(89,77))),(((2,32),86),(87,(72,(71,85)))))),(((41,(((54,94),56),5)),(98,((((38,22),11),(13,91)),64))),(81,(46,100)))),(((((((28,52),96),68),53),(65,(50,12))),(((((84,(74,73)),(82,7)),80),((43,31),(76,36))),39)),1)),(59,40)),(79,69)),((23,3),(((99,29),63),((27,16),30)))),(((21,26),83),((55,6),34))),95);
Initial score: 9.9392e+08
Initial tree: (((((((((((((18,(19,35)),(51,90)),((20,14),42)),(66,47)),((57,((67,(4,78)),61)),(49,33))),((((10,17),((48,25),88)),(((((93,45),60),(62,(97,70))),(((((44,75),9),(15,(24,92))),37),(8,58))),(89,77))),(((2,32),86),(87,(72,(71,85)))))),(((41,(((54,94),56),5)),(98,((((38,22),11),(13,91)),64))),(81,(46,100)))),(((((((28,52),96),68),53),(65,(50,12))),(((((84,(74,73)),(82,7)),80),((43,31),(76,36))),39)),1)),(59,40)),(79,69)),((23,3),(((99,29),63),((27,16),30)))),(((21,26),83),((55,6),34))),95);
*** Subsample Process ***
Use two-step algorithm!
#NNI moves:0/152
Remaining: 0
#NNI moves:2/152
#NNI moves:2/152
(((((((((((((62,(97,70)),((93,45),60)),(((((44,75),9),((92,24),15)),37),(58,8))),(89,77)),((10,17),((25,48),88))),((((71,85),72),87),((2,32),86))),(((((((((84,(74,73)),(7,82)),80),((36,76),(31,43))),39),((53,(68,((28,52),96))),((12,50),65))),1),(((((3,23),(((99,29),63),(30,(27,16)))),((((6,55),34),((21,26),83)),95)),(69,79)),(40,59))),(((((((38,22),11),(13,91)),64),98),((((54,94),56),5),41)),((46,100),81)))),(((61,(67,(78,4))),57),(33,49))),(47,66)),((20,14),42)),(90,51)),(19,35)),18);
#NNI moves:0/152
Remaining: 0
#NNI moves:0/152
#NNI moves:0/152
((((((((((((((((((45,93),60),((70,97),62)),(((((44,75),9),((24,92),15)),37),(58,8))),(89,77)),(((48,25),88),(17,10))),((86,(2,32)),((72,(85,71)),87))),(((((14,20),42),(((19,35),18),(90,51))),(66,47)),((33,49),((((78,4),67),61),57)))),((((((13,91),((38,22),11)),64),98),((5,((94,54),56)),41)),((46,100),81))),(((((((28,52),96),68),53),((12,50),65)),((((((73,74),84),(7,82)),80),((36,76),(31,43))),39)),1)),(40,59)),(79,69)),(((63,(99,29)),((16,27),30)),(23,3))),95),(83,(26,21))),34),55),6);
#NNI moves:0/152
Remaining: 0
#NNI moves:8/152
#NNI moves:8/152
((((((((((((((((((73,74),84),(82,7)),80),((36,76),(43,31))),39),(((68,((28,52),96)),53),((12,50),65))),1),((((((30,(27,16)),(63,(99,29))),(23,3)),((((26,21),83),(34,(6,55))),95)),(69,79)),(59,40))),((((64,((91,13),((22,38),11))),98),(41,(((94,54),56),5))),((46,100),81))),((((((35,19),18),(90,51)),((20,14),42)),(47,66)),((49,33),((((78,4),67),61),57)))),(((32,2),86),(((71,85),72),87))),((17,10),(88,(25,48)))),(89,77)),(((((44,75),9),((24,92),15)),37),(58,8))),(60,(93,45))),(70,97)),62);
#NNI moves:0/152
Remaining: 0
#NNI moves:0/152
#NNI moves:0/152
(((((((((((((((10,17),((48,25),88)),((((8,58),((((75,44),9),((24,92),15)),37)),((62,(97,70)),((93,45),60))),(77,89))),(((2,32),86),((72,(71,85)),87))),(((((90,51),((19,35),18)),((20,14),42)),(66,47)),((((67,(78,4)),61),57),(49,33)))),(((((((22,38),11),(13,91)),64),98),((5,(56,(54,94))),41)),((100,46),81))),(((((50,12),65),((((52,28),96),68),53)),((((((74,73),84),(82,7)),80),((31,43),(36,76))),39)),1)),(40,59)),(79,69)),((3,23),(((16,27),30),((99,29),63)))),95),((55,6),34)),83),21),26);
Current score: 9.9392e+08
Current tree: ((((((((((((10,17),((48,25),88)),((((8,58),((((75,44),9),((24,92),15)),37)),((62,(97,70)),((93,45),60))),(77,89))),(((2,32),86),((72,(71,85)),87))),(((((90,51),((19,35),18)),((20,14),42)),(66,47)),((((67,(78,4)),61),57),(49,33)))),(((((((22,38),11),(13,91)),64),98),((5,(56,(54,94))),41)),((100,46),81))),(((((50,12),65),((((52,28),96),68),53)),((((((74,73),84),(82,7)),80),((31,43),(36,76))),39)),1)),(40,59)),(79,69)),((3,23),(((16,27),30),((99,29),63)))),(((55,6),34),(83,(21,26)))),95);
Final Tree: ((((((((((((10,17),((48,25),88)),((((8,58),((((75,44),9),((24,92),15)),37)),((62,(97,70)),((93,45),60))),(77,89))),(((2,32),86),((72,(71,85)),87))),(((((90,51),((19,35),18)),((20,14),42)),(66,47)),((((67,(78,4)),61),57),(49,33)))),(((((((22,38),11),(13,91)),64),98),((5,(56,(54,94))),41)),((100,46),81))),(((((50,12),65),((((52,28),96),68),53)),((((((74,73),84),(82,7)),80),((31,43),(36,76))),39)),1)),(40,59)),(79,69)),((3,23),(((16,27),30),((99,29),63)))),(((55,6),34),(83,(21,26)))),95);
#EqQuartets: 1252538499
Score: 993919773
ASTRAL for PaRalogs and Orthologs III (ASTRAL-Pro3)
*** NOW with integrated CASTLES-Pro ***
Version: v1.22.3.6
Read 512 genetrees and found 100 species.
#Genetrees: 1000
#Duploss: 16950
#Species: 100
#Rounds: 4
#Samples: 4
#Threads: 1
Use two-step algorithm!
Guide Tree 0/16
#NNI moves:0/152
Guide Tree 1/16
#NNI moves:0/152
Guide Tree 2/16
#NNI moves:0/152
Guide Tree 3/16
#NNI moves:0/152
Guide Tree 4/16
#NNI moves:0/152
Guide Tree 5/16
#NNI moves:0/152
Guide Tree 6/16
#NNI moves:0/152
Guide Tree 7/16
#NNI moves:0/152
Guide Tree 8/16
#NNI moves:0/152
Guide Tree 9/16
#NNI moves:0/152
Guide Tree 10/16
#NNI moves:0/152
Guide Tree 11/16
#NNI moves:0/152
Guide Tree 12/16
#NNI moves:0/152
Guide Tree 13/16
#NNI moves:0/152
Guide Tree 14/16
#NNI moves:0/152
Guide Tree 15/16
#NNI moves:0/152
Remaining: 0
#NNI moves:0/152
#NNI moves:0/152
(((((((((((((((((((13,24),(55,79)),(67,65)),(54,1)),(86,(40,64))),(((((73,62),27),(52,50)),((12,82),59)),(((76,36),23),(((((((18,89),85),71),48),19),60),75)))),(10,(51,45))),(((((94,((95,96),91)),92),99),(((97,100),98),93)),(((43,69),22),42))),(((((((57,29),(31,(66,78))),15),63),5),(39,2)),(8,(74,58)))),(((83,4),(70,26)),(14,30))),((32,21),61)),(((53,(11,9)),((((72,47),6),38),(80,7))),(((37,17),46),81))),(87,(25,41))),(((84,49),(20,88)),90)),(33,(35,44))),((3,(34,77)),16)),68),28),56);
Guide Tree 0/16
#NNI moves:6/152
Guide Tree 1/16
#NNI moves:0/152
Guide Tree 2/16
#NNI moves:0/152
Guide Tree 3/16
#NNI moves:0/152
Guide Tree 4/16
#NNI moves:0/152
Guide Tree 5/16
#NNI moves:6/152
Guide Tree 6/16
#NNI moves:6/152
Guide Tree 7/16
#NNI moves:0/152
Guide Tree 8/16
#NNI moves:0/152
Guide Tree 9/16
#NNI moves:0/152
Guide Tree 10/16
#NNI moves:0/152
Guide Tree 11/16
#NNI moves:0/152
Guide Tree 12/16
#NNI moves:0/152
Guide Tree 13/16
#NNI moves:0/152
Guide Tree 14/16
#NNI moves:0/152
Guide Tree 15/16
#NNI moves:0/152
Remaining: 0
#NNI moves:2/152
#NNI moves:2/152
((((((((((((((((((50,52),((73,62),27)),(59,(12,82))),((75,(((48,((85,(89,18)),71)),19),60)),((36,76),23))),(((((24,13),(79,55)),(67,65)),(54,1)),(86,(64,40)))),(10,(45,51))),((((92,(((95,96),91),94)),99),((98,(100,97)),93)),(((69,43),22),42))),(((((((57,29),(31,(66,78))),15),63),5),(39,2)),((58,74),8))),(((26,70),(4,83)),(14,30))),(61,(32,21))),((((38,((72,47),6)),(80,7)),((9,11),53)),(((17,37),46),81))),((25,41),87)),(((49,84),(20,88)),90)),((44,35),33)),((3,(34,77)),16)),68),28),56);
Guide Tree 0/16
#NNI moves:0/152
Guide Tree 1/16
#NNI moves:0/152
Guide Tree 2/16
#NNI moves:0/152
Guide Tree 3/16
#NNI moves:0/152
Guide Tree 4/16
#NNI moves:0/152
Guide Tree 5/16
#NNI moves:0/152
Guide Tree 6/16
#NNI moves:0/152
Guide Tree 7/16
#NNI moves:0/152
Guide Tree 8/16
#NNI moves:0/152
Guide Tree 9/16
#NNI moves:0/152
Guide Tree 10/16
#NNI moves:0/152
Guide Tree 11/16
#NNI moves:0/152
Guide Tree 12/16
#NNI moves:0/152
Guide Tree 13/16
#NNI moves:0/152
Guide Tree 14/16
#NNI moves:0/152
Guide Tree 15/16
#NNI moves:0/152
Remaining: 0
#NNI moves:6/152
#NNI moves:10/152
(((((((((((((((((((((((18,89),85),71),48),19),60),75),((36,76),23)),((((73,62),27),(50,52)),((82,12),59))),(((40,64),86),((((13,24),(55,79)),(65,67)),(1,54)))),(10,(51,45))),((((98,(100,97)),93),(99,((94,(91,(95,96))),92))),(((43,69),22),42))),(((((15,(((78,66),31),(29,57))),63),5),(2,39)),(8,(74,58)))),(((83,4),(26,70)),(30,14))),((21,32),61)),((((((47,72),6),38),(7,80)),((11,9),53)),(((17,37),46),81))),((25,41),87)),(((84,49),(88,20)),90)),((44,35),33)),(16,(3,(34,77)))),68),28),56);
Guide Tree 0/16
#NNI moves:0/152
Guide Tree 1/16
#NNI moves:0/152
Guide Tree 2/16
#NNI moves:0/152
Guide Tree 3/16
#NNI moves:0/152
Guide Tree 4/16
#NNI moves:0/152
Guide Tree 5/16
#NNI moves:0/152
Guide Tree 6/16
#NNI moves:0/152
Guide Tree 7/16
#NNI moves:0/152
Guide Tree 8/16
#NNI moves:0/152
Guide Tree 9/16
#NNI moves:0/152
Guide Tree 10/16
#NNI moves:0/152
Guide Tree 11/16
#NNI moves:0/152
Guide Tree 12/16
#NNI moves:0/152
Guide Tree 13/16
#NNI moves:0/152
Guide Tree 14/16
#NNI moves:0/152
Guide Tree 15/16
#NNI moves:0/152
Remaining: 0
#NNI moves:0/152
#NNI moves:0/152
(((((((((((((((((((79,55),(13,24)),(65,67)),(1,54)),(86,(64,40))),((((27,(62,73)),(50,52)),((12,82),59)),((23,(36,76)),(75,((((((89,18),85),71),48),19),60))))),((45,51),10)),((((92,(94,(91,(96,95)))),99),(((97,100),98),93)),((22,(69,43)),42))),(((74,58),8),((((((29,57),(31,(66,78))),15),63),5),(39,2)))),(((83,4),(70,26)),(14,30))),((21,32),61)),((((7,80),(((47,72),6),38)),((9,11),53)),(81,((17,37),46)))),((25,41),87)),(((49,84),(88,20)),90)),((35,44),33)),(((34,77),3),16)),68),28),56);
Initial score: 1.17595e+09
Initial tree: (((((((((((((((((((79,55),(13,24)),(65,67)),(1,54)),(86,(64,40))),((((27,(62,73)),(50,52)),((12,82),59)),((23,(36,76)),(75,((((((89,18),85),71),48),19),60))))),((45,51),10)),((((92,(94,(91,(96,95)))),99),(((97,100),98),93)),((22,(69,43)),42))),(((74,58),8),((((((29,57),(31,(66,78))),15),63),5),(39,2)))),(((83,4),(70,26)),(14,30))),((21,32),61)),((((7,80),(((47,72),6),38)),((9,11),53)),(81,((17,37),46)))),((25,41),87)),(((49,84),(88,20)),90)),((35,44),33)),(((34,77),3),16)),68),28),56);
*** Subsample Process ***
Use two-step algorithm!
#NNI moves:0/152
Remaining: 0
#NNI moves:0/152
#NNI moves:0/152
(((((((((((((((((((47,72),6),38),(80,7)),(53,(9,11))),(((17,37),46),81)),(((((84,49),(88,20)),90),((((28,56),68),(((34,77),3),16)),((35,44),33))),((41,25),87))),((21,32),61)),((30,14),((70,26),(83,4)))),(((((((57,29),((66,78),31)),15),63),5),(2,39)),((74,58),8))),(((((((95,96),91),94),92),99),(((100,97),98),93)),(((43,69),22),42))),((51,45),10)),((((27,(62,73)),(50,52)),((12,82),59)),(((((((85,(89,18)),71),48),19),60),75),((36,76),23)))),((40,64),86)),(1,54)),(65,67)),(13,24)),55),79);
#NNI moves:0/152
Remaining: 0
#NNI moves:2/152
#NNI moves:2/152
(((((((((((((((((((73,62),27),(52,50)),((12,82),59)),(((((((85,(18,89)),71),48),19),60),75),((36,76),23))),((((65,67),((79,55),(24,13))),(1,54)),((40,64),86))),(10,(51,45))),(((((100,97),98),93),(((((95,96),91),94),92),99)),((22,(43,69)),42))),(((((((29,57),((78,66),31)),15),63),5),(2,39)),((58,74),8))),((14,30),((83,4),(26,70)))),((32,21),61)),((((((72,47),6),38),(7,80)),(53,(11,9))),(((37,17),46),81))),(87,(41,25))),(((20,88),(49,84)),90)),((44,35),33)),((3,(77,34)),16)),68),56),28);
#NNI moves:2/152
Remaining: 0
#NNI moves:8/152
#NNI moves:8/152
(((((((((((((((((6,(72,47)),38),(7,80)),((11,9),53)),((46,(37,17)),81)),(((90,((49,84),(20,88))),((((3,(34,77)),16),((56,28),68)),((35,44),33))),(87,(25,41)))),(61,(21,32))),(((83,4),(26,70)),(14,30))),(((2,39),(((((57,29),((78,66),31)),15),63),5)),(8,(74,58)))),(((((97,100),98),93),(((((95,96),91),94),92),99)),((22,(43,69)),42))),(10,(51,45))),(((((79,55),(13,24)),(65,67)),(1,54)),((64,40),86))),(((76,36),23),((((((85,(18,89)),71),48),19),60),75))),((82,12),59)),(52,50)),(62,73)),27);
#NNI moves:0/152
Remaining: 0
#NNI moves:0/152
#NNI moves:0/152
((((((((((((((((((36,76),23),(((((((89,18),85),71),48),19),60),75)),((((62,73),27),(50,52)),((12,82),59))),(((((13,24),(79,55)),(67,65)),(54,1)),((40,64),86))),((45,51),10)),(((93,((97,100),98)),(((((96,95),91),94),92),99)),(((69,43),22),42))),(((((((57,29),(31,(66,78))),15),63),5),(2,39)),((74,58),8))),((14,30),((83,4),(70,26)))),((21,32),61)),((((11,9),53),((((47,72),6),38),(7,80))),(81,((37,17),46)))),(87,(25,41))),(((84,49),(88,20)),90)),((44,35),33)),(68,(28,56))),16),(77,34)),3);
Current score: 1.17595e+09
Current tree: ((28,(68,(((((((((((((((36,76),23),(((((((89,18),85),71),48),19),60),75)),((((62,73),27),(50,52)),((12,82),59))),(((((13,24),(79,55)),(67,65)),(54,1)),((40,64),86))),((45,51),10)),(((93,((97,100),98)),(((((96,95),91),94),92),99)),(((69,43),22),42))),(((((((57,29),(31,(66,78))),15),63),5),(2,39)),((74,58),8))),((14,30),((83,4),(70,26)))),((21,32),61)),((((11,9),53),((((47,72),6),38),(7,80))),(81,((37,17),46)))),(87,(25,41))),(((84,49),(88,20)),90)),((44,35),33)),(16,((77,34),3))))),56);
Final Tree: ((28,(68,(((((((((((((((36,76),23),(((((((89,18),85),71),48),19),60),75)),((((62,73),27),(50,52)),((12,82),59))),(((((13,24),(79,55)),(67,65)),(54,1)),((40,64),86))),((45,51),10)),(((93,((97,100),98)),(((((96,95),91),94),92),99)),(((69,43),22),42))),(((((((57,29),(31,(66,78))),15),63),5),(2,39)),((74,58),8))),((14,30),((83,4),(70,26)))),((21,32),61)),((((11,9),53),((((47,72),6),38),(7,80))),(81,((37,17),46)))),(87,(25,41))),(((84,49),(88,20)),90)),((44,35),33)),(16,((77,34),3))))),56);
#EqQuartets: 1398495598
Score: 1175954314
ASTRAL for PaRalogs and Orthologs III (ASTRAL-Pro3)
*** NOW with integrated CASTLES-Pro ***
Version: v1.22.3.6
Read 512 genetrees and found 100 species.
#Genetrees: 1000
#Duploss: 17663
#Species: 100
#Rounds: 4
#Samples: 4
#Threads: 1
Use two-step algorithm!
Guide Tree 0/16
#NNI moves:0/152
Guide Tree 1/16
#NNI moves:0/152
Guide Tree 2/16
#NNI moves:0/152
Guide Tree 3/16
#NNI moves:0/152
Guide Tree 4/16
#NNI moves:0/152
Guide Tree 5/16
#NNI moves:0/152
Guide Tree 6/16
#NNI moves:0/152
Guide Tree 7/16
#NNI moves:0/152
Guide Tree 8/16
#NNI moves:2/152
Guide Tree 9/16
#NNI moves:0/152
Guide Tree 10/16
#NNI moves:0/152
Guide Tree 11/16
#NNI moves:0/152
Guide Tree 12/16
#NNI moves:0/152
Guide Tree 13/16
#NNI moves:0/152
Guide Tree 14/16
#NNI moves:0/152
Guide Tree 15/16
#NNI moves:0/152
Remaining: 0
#NNI moves:0/152
#NNI moves:0/152
(((((((((((80,(4,5)),((1,72),29)),64),(44,34)),((69,(13,71)),87)),((((((((30,66),39),70),18),(84,17)),((((89,10),27),65),((59,51),(78,3)))),((20,24),86)),(((((((83,46),(50,25)),((61,40),15)),(38,22)),((((((36,(14,(74,31))),55),((56,8),75)),77),(54,49)),(12,21))),(((48,91),58),((((53,(60,63)),9),(((76,82),(11,81)),(32,68))),7))),((((28,((57,47),(43,88))),52),45),62)))),(((((((((37,26),6),(19,79)),73),16),(23,41)),(85,(42,90))),67),((2,33),35))),(((98,96),97),95)),(93,(99,92))),94),100);
Guide Tree 0/16
#NNI moves:0/152
Guide Tree 1/16
#NNI moves:0/152
Guide Tree 2/16
#NNI moves:0/152
Guide Tree 3/16
#NNI moves:0/152
Guide Tree 4/16
#NNI moves:0/152
Guide Tree 5/16
#NNI moves:0/152
Guide Tree 6/16
#NNI moves:0/152
Guide Tree 7/16
#NNI moves:0/152
Guide Tree 8/16
#NNI moves:0/152
Guide Tree 9/16
#NNI moves:0/152
Guide Tree 10/16
#NNI moves:0/152
Guide Tree 11/16
#NNI moves:0/152
Guide Tree 12/16
#NNI moves:0/152
Guide Tree 13/16
#NNI moves:0/152
Guide Tree 14/16
#NNI moves:2/152
Guide Tree 15/16
#NNI moves:0/152
Remaining: 0
#NNI moves:0/152
#NNI moves:0/152
((((((((((((((((8,56),75),(((14,(74,31)),36),55)),77),(49,54)),(12,21)),((((25,50),(83,46)),((40,61),15)),(38,22))),(((48,91),58),(((((63,60),53),9),(((82,76),(11,81)),(68,32))),7))),(62,(((((88,43),(47,57)),28),52),45))),(((((((30,66),39),70),18),(84,17)),(((3,78),(59,51)),(65,((89,10),27)))),((24,20),86))),((87,((13,71),69)),((34,44),(64,(((72,1),29),(80,(4,5))))))),(((((90,42),85),(((73,(((37,26),6),(79,19))),16),(23,41))),67),(35,(33,2)))),(((98,96),97),95)),((92,99),93)),94),100);
Guide Tree 0/16
#NNI moves:0/152
Guide Tree 1/16
#NNI moves:0/152
Guide Tree 2/16
#NNI moves:0/152
Guide Tree 3/16
#NNI moves:6/152
Guide Tree 4/16
#NNI moves:0/152
Guide Tree 5/16
#NNI moves:0/152
Guide Tree 6/16
#NNI moves:0/152
Guide Tree 7/16
#NNI moves:0/152
Guide Tree 8/16
#NNI moves:6/152
Guide Tree 9/16
#NNI moves:0/152
Guide Tree 10/16
#NNI moves:0/152
Guide Tree 11/16
#NNI moves:0/152
Guide Tree 12/16
#NNI moves:6/152
Guide Tree 13/16
#NNI moves:0/152
Guide Tree 14/16
#NNI moves:0/152
Guide Tree 15/16
#NNI moves:0/152
Remaining: 0
#NNI moves:0/152
#NNI moves:0/152
(((((((((((((((60,63),53),9),(((81,11),(76,82)),(68,32))),7),((48,91),58)),((((((75,(8,56)),((((74,31),14),36),55)),77),(49,54)),(21,12)),((((61,40),15),((83,46),(50,25))),(22,38)))),(((52,(((43,88),(57,47)),28)),45),62)),(((((51,59),(78,3)),(((89,10),27),65)),(((70,(39,(30,66))),18),(17,84))),(86,(20,24)))),((((((1,72),29),(80,(5,4))),64),(34,44)),(87,((13,71),69)))),((((85,(90,42)),((16,((((26,37),6),(19,79)),73)),(41,23))),67),((33,2),35))),(((96,98),97),95)),((92,99),93)),94),100);
Guide Tree 0/16
#NNI moves:0/152
Guide Tree 1/16
#NNI moves:0/152
Guide Tree 2/16
#NNI moves:0/152
Guide Tree 3/16
#NNI moves:2/152
Guide Tree 4/16
#NNI moves:0/152
Guide Tree 5/16
#NNI moves:0/152
Guide Tree 6/16
#NNI moves:0/152
Guide Tree 7/16
#NNI moves:0/152
Guide Tree 8/16
#NNI moves:0/152
Guide Tree 9/16
#NNI moves:2/152
Guide Tree 10/16
#NNI moves:0/152
Guide Tree 11/16
#NNI moves:0/152
Guide Tree 12/16
#NNI moves:0/152
Guide Tree 13/16
#NNI moves:0/152
Guide Tree 14/16
#NNI moves:0/152
Guide Tree 15/16
#NNI moves:0/152
Remaining: 0
#NNI moves:0/152
#NNI moves:0/152
(((((((((((((((11,81),(76,82)),(68,32)),(((63,60),53),9)),7),(58,(48,91))),(((22,38),(((83,46),(25,50)),((61,40),15))),((((((8,56),75),((36,(14,(74,31))),55)),77),(54,49)),(12,21)))),((((((88,43),(47,57)),28),52),45),62)),(((((78,3),(51,59)),(65,((89,10),27))),((17,84),((((30,66),39),70),18))),((24,20),86))),((((((72,1),29),((5,4),80)),64),(44,34)),(87,((13,71),69)))),(((((((((26,37),6),(19,79)),73),16),(23,41)),((42,90),85)),67),((2,33),35))),(95,((96,98),97))),(93,(99,92))),94),100);
Initial score: 1.16019e+09
Initial tree: (((((((((((((((11,81),(76,82)),(68,32)),(((63,60),53),9)),7),(58,(48,91))),(((22,38),(((83,46),(25,50)),((61,40),15))),((((((8,56),75),((36,(14,(74,31))),55)),77),(54,49)),(12,21)))),((((((88,43),(47,57)),28),52),45),62)),(((((78,3),(51,59)),(65,((89,10),27))),((17,84),((((30,66),39),70),18))),((24,20),86))),((((((72,1),29),((5,4),80)),64),(44,34)),(87,((13,71),69)))),(((((((((26,37),6),(19,79)),73),16),(23,41)),((42,90),85)),67),((2,33),35))),(95,((96,98),97))),(93,(99,92))),94),100);
*** Subsample Process ***
Use two-step algorithm!
#NNI moves:0/152
Remaining: 0
#NNI moves:0/152
#NNI moves:0/152
((((((((((((((44,34),((((1,72),29),((5,4),80)),64)),(((71,13),69),87)),((((((16,(((6,(37,26)),(19,79)),73)),(41,23)),((90,42),85)),67),((2,33),35)),((95,((96,98),97)),((93,(92,99)),(94,100))))),(((((27,(10,89)),65),((78,3),(51,59))),((84,17),(((39,(66,30)),70),18))),((24,20),86))),((((((57,47),(43,88)),28),52),45),62)),(((((83,46),(50,25)),((61,40),15)),(22,38)),(((77,((((14,(31,74)),36),55),((56,8),75))),(49,54)),(12,21)))),(58,(48,91))),7),((68,32),((76,82),(11,81)))),9),53),63),60);
#NNI moves:0/152
Remaining: 0
#NNI moves:0/152
#NNI moves:0/152
((((((((((((39,(30,66)),70),18),(17,84)),((65,((89,10),27)),((59,51),(78,3)))),(86,(20,24))),(((((22,38),(((61,40),15),((50,25),(46,83)))),((((((((31,74),14),36),55),(75,(56,8))),77),(54,49)),(21,12))),(((48,91),58),(((((76,82),(11,81)),(68,32)),(((60,63),53),9)),7))),((((((43,88),(57,47)),28),52),45),62))),((((((4,5),80),((72,1),29)),64),(44,34)),((69,(13,71)),87))),(((((((((37,26),6),(19,79)),73),16),(41,23)),((90,42),85)),67),((2,33),35))),(((92,99),93),(94,100))),(97,(98,96))),95);
#NNI moves:0/152
Remaining: 0
#NNI moves:0/152
#NNI moves:0/152
(((((((((((((((61,40),15),((46,83),(50,25))),(22,38)),(((54,49),(77,((75,(8,56)),(((14,(31,74)),36),55)))),(21,12))),((((((82,76),(81,11)),(32,68)),((53,(60,63)),9)),7),(58,(48,91)))),((((((47,57),(43,88)),28),52),45),62)),(((((((((((26,37),6),(19,79)),73),16),(23,41)),(85,(90,42))),67),((33,2),35)),((((98,96),97),95),((94,100),((92,99),93)))),(((((29,(72,1)),((4,5),80)),64),(44,34)),((69,(13,71)),87)))),((20,24),86)),(((59,51),(3,78)),(65,(27,(89,10))))),(84,17)),18),70),(30,66)),39);
#NNI moves:0/152
Remaining: 0
#NNI moves:0/152
#NNI moves:0/152
(((((((((((((((83,46),(25,50)),((40,61),15)),(38,22)),((((((((74,31),14),36),55),((56,8),75)),77),(54,49)),(12,21))),(((((68,32),((76,82),(11,81))),(9,(53,(60,63)))),7),(58,(91,48)))),((((((88,43),(57,47)),28),52),45),62)),((((84,17),((70,((66,30),39)),18)),(((78,3),(51,59)),(65,((89,10),27)))),(86,(24,20)))),((((((1,72),29),((5,4),80)),64),(44,34)),((69,(71,13)),87))),(((((41,23),(16,(((19,79),((37,26),6)),73))),(85,(90,42))),67),((33,2),35))),(((98,96),97),95)),(100,94)),93),92),99);
Current score: 1.16019e+09
Current tree: ((94,((((((((((((83,46),(25,50)),((40,61),15)),(38,22)),((((((((74,31),14),36),55),((56,8),75)),77),(54,49)),(12,21))),(((((68,32),((76,82),(11,81))),(9,(53,(60,63)))),7),(58,(91,48)))),((((((88,43),(57,47)),28),52),45),62)),((((84,17),((70,((66,30),39)),18)),(((78,3),(51,59)),(65,((89,10),27)))),(86,(24,20)))),((((((1,72),29),((5,4),80)),64),(44,34)),((69,(71,13)),87))),(((((41,23),(16,(((19,79),((37,26),6)),73))),(85,(90,42))),67),((33,2),35))),(((98,96),97),95)),(93,(92,99)))),100);
Final Tree: ((94,((((((((((((83,46),(25,50)),((40,61),15)),(38,22)),((((((((74,31),14),36),55),((56,8),75)),77),(54,49)),(12,21))),(((((68,32),((76,82),(11,81))),(9,(53,(60,63)))),7),(58,(91,48)))),((((((88,43),(57,47)),28),52),45),62)),((((84,17),((70,((66,30),39)),18)),(((78,3),(51,59)),(65,((89,10),27)))),(86,(24,20)))),((((((1,72),29),((5,4),80)),64),(44,34)),((69,(71,13)),87))),(((((41,23),(16,(((19,79),((37,26),6)),73))),(85,(90,42))),67),((33,2),35))),(((98,96),97),95)),(93,(92,99)))),100);
#EqQuartets: 1376221981
Score: 1160186142
