ASTRAL for PaRalogs and Orthologs III (ASTRAL-Pro3)
*** NOW with integrated CASTLES-Pro ***
Version: v1.22.3.6
Read 512 genetrees and found 100 species.
#Genetrees: 999
#Duploss: 8992
#Species: 100
#Rounds: 4
#Samples: 4
#Threads: 1
Use two-step algorithm!
Guide Tree 0/16
#NNI moves:0/152
Guide Tree 1/16
#NNI moves:0/152
Guide Tree 2/16
#NNI moves:0/152
Guide Tree 3/16
#NNI moves:0/152
Guide Tree 4/16
#NNI moves:0/152
Guide Tree 5/16
#NNI moves:0/152
Guide Tree 6/16
#NNI moves:0/152
Guide Tree 7/16
#NNI moves:0/152
Guide Tree 8/16
#NNI moves:0/152
Guide Tree 9/16
#NNI moves:0/152
Guide Tree 10/16
#NNI moves:0/152
Guide Tree 11/16
#NNI moves:0/152
Guide Tree 12/16
#NNI moves:0/152
Guide Tree 13/16
#NNI moves:0/152
Guide Tree 14/16
#NNI moves:0/152
Guide Tree 15/16
#NNI moves:0/152
Remaining: 0
#NNI moves:0/152
#NNI moves:0/152
(((((((((((((61,(83,((99,14),(66,28)))),(42,67)),((82,62),(81,88))),(37,38)),((((93,20),((25,31),(52,47))),((19,58),63)),(((((18,51),((68,15),76)),((17,39),(33,41))),(((((71,16),(44,(50,23))),97),77),(91,((30,94),36)))),(((((((1,11),8),10),(9,6)),(3,12)),7),(2,(5,4)))))),((57,(96,32)),(49,89))),((((34,(35,(69,55))),((86,40),70)),(65,24)),(75,(((90,21),87),79)))),(98,54)),(((59,84),(73,74)),((48,22),(46,85)))),(((((26,56),53),(45,(29,(60,27)))),80),(((95,92),100),(13,43)))),78),64),72);
Guide Tree 0/16
#NNI moves:0/152
Guide Tree 1/16
#NNI moves:0/152
Guide Tree 2/16
#NNI moves:0/152
Guide Tree 3/16
#NNI moves:0/152
Guide Tree 4/16
#NNI moves:0/152
Guide Tree 5/16
#NNI moves:0/152
Guide Tree 6/16
#NNI moves:0/152
Guide Tree 7/16
#NNI moves:0/152
Guide Tree 8/16
#NNI moves:0/152
Guide Tree 9/16
#NNI moves:0/152
Guide Tree 10/16
#NNI moves:0/152
Guide Tree 11/16
#NNI moves:0/152
Guide Tree 12/16
#NNI moves:0/152
Guide Tree 13/16
#NNI moves:0/152
Guide Tree 14/16
#NNI moves:0/152
Guide Tree 15/16
#NNI moves:0/152
Remaining: 0
#NNI moves:0/152
#NNI moves:0/152
((((((((((((((77,((((23,50),44),(16,71)),97)),(((94,30),36),91)),(((18,51),((68,15),76)),((33,41),(17,39)))),(((4,5),2),((((((11,1),8),10),(6,9)),(3,12)),7))),(((20,93),((31,25),(47,52))),((19,58),63))),((((61,(((28,66),(14,99)),83)),(67,42)),((88,81),(82,62))),(37,38))),(((32,96),57),(49,89))),(((24,65),(((40,86),70),(((55,69),35),34))),((((21,90),87),79),75))),(98,54)),(((48,22),(46,85)),((84,59),(74,73)))),((((95,92),100),(43,13)),(((53,(56,26)),(((60,27),29),45)),80))),78),64),72);
Guide Tree 0/16
#NNI moves:0/152
Guide Tree 1/16
#NNI moves:0/152
Guide Tree 2/16
#NNI moves:0/152
Guide Tree 3/16
#NNI moves:0/152
Guide Tree 4/16
#NNI moves:0/152
Guide Tree 5/16
#NNI moves:0/152
Guide Tree 6/16
#NNI moves:0/152
Guide Tree 7/16
#NNI moves:0/152
Guide Tree 8/16
#NNI moves:0/152
Guide Tree 9/16
#NNI moves:0/152
Guide Tree 10/16
#NNI moves:0/152
Guide Tree 11/16
#NNI moves:0/152
Guide Tree 12/16
#NNI moves:0/152
Guide Tree 13/16
#NNI moves:0/152
Guide Tree 14/16
#NNI moves:0/152
Guide Tree 15/16
#NNI moves:0/152
Remaining: 0
#NNI moves:0/152
#NNI moves:0/152
((((((((((((((((68,15),76),(18,51)),((39,17),(41,33))),((((((23,50),44),(16,71)),97),77),(((94,30),36),91))),(((5,4),2),(7,(((9,6),(((1,11),8),10)),(12,3))))),((((25,31),(52,47)),(20,93)),((58,19),63))),((((81,88),(82,62)),((42,67),((((14,99),(66,28)),83),61))),(37,38))),((57,(32,96)),(49,89))),(((((90,21),87),79),75),((24,65),((34,((69,55),35)),((86,40),70))))),(98,54)),(((22,48),(85,46)),((74,73),(84,59)))),((((53,(26,56)),((29,(27,60)),45)),80),((13,43),((92,95),100)))),78),64),72);
Guide Tree 0/16
#NNI moves:0/152
Guide Tree 1/16
#NNI moves:0/152
Guide Tree 2/16
#NNI moves:0/152
Guide Tree 3/16
#NNI moves:0/152
Guide Tree 4/16
#NNI moves:0/152
Guide Tree 5/16
#NNI moves:0/152
Guide Tree 6/16
#NNI moves:0/152
Guide Tree 7/16
#NNI moves:0/152
Guide Tree 8/16
#NNI moves:0/152
Guide Tree 9/16
#NNI moves:0/152
Guide Tree 10/16
#NNI moves:0/152
Guide Tree 11/16
#NNI moves:0/152
Guide Tree 12/16
#NNI moves:0/152
Guide Tree 13/16
#NNI moves:0/152
Guide Tree 14/16
#NNI moves:0/152
Guide Tree 15/16
#NNI moves:0/152
Remaining: 0
#NNI moves:0/152
#NNI moves:0/152
(((((((((((((((41,33),(17,39)),(((15,68),76),(51,18))),(((36,(94,30)),91),(77,(((16,71),(44,(23,50))),97)))),(((4,5),2),((((((1,11),8),10),(6,9)),(12,3)),7))),(((19,58),63),(((31,25),(47,52)),(93,20)))),((((81,88),(82,62)),(((((66,28),(14,99)),83),61),(67,42))),(37,38))),((57,(32,96)),(89,49))),((((87,(90,21)),79),75),(((34,(35,(69,55))),(70,(86,40))),(65,24)))),(98,54)),(((85,46),(22,48)),((74,73),(59,84)))),(((100,(92,95)),(13,43)),(80,(((56,26),53),(45,((60,27),29)))))),78),64),72);
Initial score: 1.8956e+09
Initial tree: (((((((((((((((41,33),(17,39)),(((15,68),76),(51,18))),(((36,(94,30)),91),(77,(((16,71),(44,(23,50))),97)))),(((4,5),2),((((((1,11),8),10),(6,9)),(12,3)),7))),(((19,58),63),(((31,25),(47,52)),(93,20)))),((((81,88),(82,62)),(((((66,28),(14,99)),83),61),(67,42))),(37,38))),((57,(32,96)),(89,49))),((((87,(90,21)),79),75),(((34,(35,(69,55))),(70,(86,40))),(65,24)))),(98,54)),(((85,46),(22,48)),((74,73),(59,84)))),(((100,(92,95)),(13,43)),(80,(((56,26),53),(45,((60,27),29)))))),78),64),72);
*** Subsample Process ***
Use two-step algorithm!
#NNI moves:0/152
Remaining: 0
#NNI moves:0/152
#NNI moves:0/152
(((((((((((((((34,((69,55),35)),((86,40),70)),(65,24)),((79,((21,90),87)),75)),((((((13,43),((92,95),100)),(80,(((29,(27,60)),45),((56,26),53)))),((64,72),78)),(((48,22),(85,46)),((59,84),(73,74)))),(98,54))),((49,89),(57,(32,96)))),((((62,82),(81,88)),(((((14,99),(66,28)),83),61),(67,42))),(38,37))),((63,(19,58)),(((52,47),(31,25)),(20,93)))),(((5,4),2),((((((11,1),8),10),(9,6)),(12,3)),7))),((91,((94,30),36)),(((((50,23),44),(16,71)),97),77))),((17,39),(41,33))),(51,18)),76),68),15);
#NNI moves:0/152
Remaining: 0
#NNI moves:0/152
#NNI moves:0/152
(((((((((((((((17,39),(41,33)),(((68,15),76),(51,18))),((((30,94),36),91),(((((50,23),44),(16,71)),97),77))),((((12,3),((9,6),(((11,1),8),10))),7),((5,4),2))),(((58,19),63),(((25,31),(52,47)),(93,20)))),(((((((14,99),(28,66)),83),61),(67,42)),((82,62),(81,88))),(38,37))),((89,49),(57,(32,96)))),(((65,24),((70,(86,40)),(((55,69),35),34))),(75,(79,((21,90),87))))),(54,98)),(((85,46),(22,48)),((59,84),(73,74)))),((((95,92),100),(43,13)),(((53,(26,56)),(((60,27),29),45)),80))),78),72),64);
#NNI moves:0/152
Remaining: 0
#NNI moves:0/152
#NNI moves:0/152
(((((((((((((((73,74),(84,59)),((48,22),(85,46))),(((((95,92),100),(43,13)),((((29,(27,60)),45),((56,26),53)),80)),((72,64),78))),(98,54)),(((65,24),(((35,(55,69)),34),(70,(86,40)))),((((90,21),87),79),75))),((89,49),((32,96),57))),(((((((14,99),(66,28)),83),61),(67,42)),((88,81),(62,82))),(37,38))),((((47,52),(25,31)),(93,20)),((58,19),63))),(((((((11,1),8),10),(6,9)),(12,3)),7),((5,4),2))),((((30,94),36),91),((((44,(50,23)),(71,16)),97),77))),(((15,68),76),(51,18))),(33,41)),17),39);
#NNI moves:0/152
Remaining: 0
#NNI moves:0/152
#NNI moves:0/152
(((((((((((((((((36,(94,30)),91),((((16,71),(44,(50,23))),97),77)),(((51,18),((15,68),76)),((17,39),(33,41)))),(((((9,6),(10,((11,1),8))),(3,12)),7),(2,(5,4)))),((((31,25),(52,47)),(93,20)),((19,58),63))),(((((((99,14),(66,28)),83),61),(42,67)),((81,88),(82,62))),(37,38))),((89,49),((96,32),57))),((((34,(35,(69,55))),((40,86),70)),(24,65)),((((90,21),87),79),75))),(54,98)),(((48,22),(46,85)),((73,74),(59,84)))),(78,(64,72))),(((((60,27),29),45),(53,(26,56))),80)),(13,43)),100),92),95);
Current score: 1.8956e+09
Current tree: ((64,(78,((((((((((((36,(94,30)),91),((((16,71),(44,(50,23))),97),77)),(((51,18),((15,68),76)),((17,39),(33,41)))),(((((9,6),(10,((11,1),8))),(3,12)),7),(2,(5,4)))),((((31,25),(52,47)),(93,20)),((19,58),63))),(((((((99,14),(66,28)),83),61),(42,67)),((81,88),(82,62))),(37,38))),((89,49),((96,32),57))),((((34,(35,(69,55))),((40,86),70)),(24,65)),((((90,21),87),79),75))),(54,98)),(((48,22),(46,85)),((73,74),(59,84)))),((((((60,27),29),45),(53,(26,56))),80),((13,43),(100,(92,95))))))),72);
Final Tree: ((64,(78,((((((((((((36,(94,30)),91),((((16,71),(44,(50,23))),97),77)),(((51,18),((15,68),76)),((17,39),(33,41)))),(((((9,6),(10,((11,1),8))),(3,12)),7),(2,(5,4)))),((((31,25),(52,47)),(93,20)),((19,58),63))),(((((((99,14),(66,28)),83),61),(42,67)),((81,88),(82,62))),(37,38))),((89,49),((96,32),57))),((((34,(35,(69,55))),((40,86),70)),(24,65)),((((90,21),87),79),75))),(54,98)),(((48,22),(46,85)),((73,74),(59,84)))),((((((60,27),29),45),(53,(26,56))),80),((13,43),(100,(92,95))))))),72);
#EqQuartets: 2221637113
Score: 1895604536
ASTRAL for PaRalogs and Orthologs III (ASTRAL-Pro3)
*** NOW with integrated CASTLES-Pro ***
Version: v1.22.3.6
Read 512 genetrees and found 100 species.
#Genetrees: 1000
#Duploss: 8726
#Species: 100
#Rounds: 4
#Samples: 4
#Threads: 1
Use two-step algorithm!
Guide Tree 0/16
#NNI moves:0/152
Guide Tree 1/16
#NNI moves:0/152
Guide Tree 2/16
#NNI moves:0/152
Guide Tree 3/16
#NNI moves:0/152
Guide Tree 4/16
#NNI moves:0/152
Guide Tree 5/16
#NNI moves:0/152
Guide Tree 6/16
#NNI moves:0/152
Guide Tree 7/16
#NNI moves:0/152
Guide Tree 8/16
#NNI moves:0/152
Guide Tree 9/16
#NNI moves:0/152
Guide Tree 10/16
#NNI moves:0/152
Guide Tree 11/16
#NNI moves:0/152
Guide Tree 12/16
#NNI moves:0/152
Guide Tree 13/16
#NNI moves:0/152
Guide Tree 14/16
#NNI moves:0/152
Guide Tree 15/16
#NNI moves:0/152
Remaining: 0
#NNI moves:0/152
#NNI moves:0/152
(((((((((((13,((3,8),25)),(15,72)),(((((76,11),(42,28)),39),12),((1,61),(29,37)))),((54,33),(9,(49,7)))),(5,57)),(((38,51),52),((75,65),(36,71)))),(((((((((92,89),81),94),((97,(79,84)),((96,82),90))),((((77,98),85),100),(83,86))),((((93,99),78),(95,(91,88))),(87,80))),((((55,(16,40)),(47,64)),(70,30)),((23,45),(34,59)))),(((((20,6),(((35,63),60),(53,22))),((32,19),62)),(74,(((68,66),2),(4,(26,27))))),(((31,(41,46)),10),(44,(((43,73),69),58))))),((18,50),(24,21)))),14),48),(67,56)),17);
Guide Tree 0/16
#NNI moves:0/152
Guide Tree 1/16
#NNI moves:0/152
Guide Tree 2/16
#NNI moves:0/152
Guide Tree 3/16
#NNI moves:0/152
Guide Tree 4/16
#NNI moves:0/152
Guide Tree 5/16
#NNI moves:0/152
Guide Tree 6/16
#NNI moves:0/152
Guide Tree 7/16
#NNI moves:0/152
Guide Tree 8/16
#NNI moves:0/152
Guide Tree 9/16
#NNI moves:0/152
Guide Tree 10/16
#NNI moves:0/152
Guide Tree 11/16
#NNI moves:0/152
Guide Tree 12/16
#NNI moves:0/152
Guide Tree 13/16
#NNI moves:0/152
Guide Tree 14/16
#NNI moves:0/152
Guide Tree 15/16
#NNI moves:0/152
Remaining: 0
#NNI moves:0/152
#NNI moves:0/152
((((((((((((((96,82),90),(97,(84,79))),(((89,92),81),94)),((86,83),(((98,77),85),100))),(((78,(93,99)),((91,88),95)),(87,80))),(((59,34),(45,23)),((((40,16),55),(47,64)),(70,30)))),((((31,(46,41)),10),((58,(69,(73,43))),44)),((((20,6),((60,(35,63)),(22,53))),(62,(19,32))),((((68,66),2),(4,(26,27))),74)))),((50,18),(24,21))),(((((((61,1),(37,29)),(12,(((42,28),(76,11)),39))),((((8,3),25),13),(15,72))),(((7,49),9),(54,33))),(5,57)),(((71,36),(65,75)),((38,51),52)))),14),48),(67,56)),17);
Guide Tree 0/16
#NNI moves:0/152
Guide Tree 1/16
#NNI moves:0/152
Guide Tree 2/16
#NNI moves:0/152
Guide Tree 3/16
#NNI moves:0/152
Guide Tree 4/16
#NNI moves:0/152
Guide Tree 5/16
#NNI moves:0/152
Guide Tree 6/16
#NNI moves:0/152
Guide Tree 7/16
#NNI moves:0/152
Guide Tree 8/16
#NNI moves:0/152
Guide Tree 9/16
#NNI moves:0/152
Guide Tree 10/16
#NNI moves:0/152
Guide Tree 11/16
#NNI moves:0/152
Guide Tree 12/16
#NNI moves:0/152
Guide Tree 13/16
#NNI moves:0/152
Guide Tree 14/16
#NNI moves:0/152
Guide Tree 15/16
#NNI moves:0/152
Remaining: 0
#NNI moves:2/152
#NNI moves:2/152
(((((((((((((68,66),2),((27,26),4)),74),(((32,19),62),((6,20),(((63,35),60),(53,22))))),(((((43,73),69),58),44),(((41,46),31),10))),((((((97,(84,79)),((82,96),90)),(((89,92),81),94)),((((77,98),85),100),(86,83))),((87,80),(((93,99),78),((88,91),95)))),(((34,59),(45,23)),((70,30),((47,64),(55,(16,40))))))),((18,50),(24,21))),((((((49,7),9),(33,54)),(((((8,3),25),13),(72,15)),(((((76,11),(28,42)),39),12),((29,37),(61,1))))),(5,57)),(((65,75),(71,36)),((51,38),52)))),14),48),(67,56)),17);
Guide Tree 0/16
#NNI moves:0/152
Guide Tree 1/16
#NNI moves:0/152
Guide Tree 2/16
#NNI moves:6/152
Guide Tree 3/16
#NNI moves:0/152
Guide Tree 4/16
#NNI moves:0/152
Guide Tree 5/16
#NNI moves:0/152
Guide Tree 6/16
#NNI moves:0/152
Guide Tree 7/16
#NNI moves:0/152
Guide Tree 8/16
#NNI moves:0/152
Guide Tree 9/16
#NNI moves:0/152
Guide Tree 10/16
#NNI moves:0/152
Guide Tree 11/16
#NNI moves:0/152
Guide Tree 12/16
#NNI moves:2/152
Guide Tree 13/16
#NNI moves:0/152
Guide Tree 14/16
#NNI moves:0/152
Guide Tree 15/16
#NNI moves:2/152
Remaining: 0
#NNI moves:2/152
#NNI moves:2/152
((((((((((((64,47),((16,40),55)),(70,30)),((59,34),(45,23))),(((((88,91),95),((93,99),78)),(87,80)),(((((96,82),90),((79,84),97)),(((89,92),81),94)),((((77,98),85),100),(83,86))))),(((((19,32),62),(((53,22),((35,63),60)),(20,6))),(((2,(68,66)),((26,27),4)),74)),((((46,41),31),10),((58,((43,73),69)),44)))),((21,24),(50,18))),(((((((39,((76,11),(42,28))),12),((29,37),(1,61))),((72,15),((25,(3,8)),13))),((33,54),((49,7),9))),(57,5)),(((65,75),(71,36)),((38,51),52)))),14),48),(67,56)),17);
Initial score: 1.8829e+09
Initial tree: ((((((((((((64,47),((16,40),55)),(70,30)),((59,34),(45,23))),(((((88,91),95),((93,99),78)),(87,80)),(((((96,82),90),((79,84),97)),(((89,92),81),94)),((((77,98),85),100),(83,86))))),(((((19,32),62),(((53,22),((35,63),60)),(20,6))),(((2,(68,66)),((26,27),4)),74)),((((46,41),31),10),((58,((43,73),69)),44)))),((21,24),(50,18))),(((((((39,((76,11),(42,28))),12),((29,37),(1,61))),((72,15),((25,(3,8)),13))),((33,54),((49,7),9))),(57,5)),(((65,75),(71,36)),((38,51),52)))),14),48),(67,56)),17);
*** Subsample Process ***
Use two-step algorithm!
#NNI moves:0/152
Remaining: 0
#NNI moves:6/152
#NNI moves:6/152
(((((((((((((((((76,11),(28,42)),39),12),((29,37),(1,61))),((72,15),(((3,8),25),13))),(((49,7),9),(54,33))),(57,5)),(((75,65),(71,36)),((51,38),52))),(14,(((67,56),17),48))),((18,50),(24,21))),((((31,(41,46)),10),((((73,43),69),58),44)),(((((27,26),4),(2,(66,68))),74),(((6,20),((53,22),(60,(35,63)))),(62,(32,19)))))),(((((93,99),78),((88,91),95)),(80,87)),(((((79,84),97),(90,(82,96))),((81,(89,92)),94)),((((98,77),85),100),(86,83))))),((34,59),(45,23))),(((16,40),55),(47,64))),30),70);
#NNI moves:0/152
Remaining: 0
#NNI moves:0/152
#NNI moves:0/152
((((((((((((((22,53),((63,35),60)),(6,20)),(62,(19,32))),((((26,27),4),((66,68),2)),74)),((((46,41),31),10),((((43,73),69),58),44))),((((((88,91),95),(78,(99,93))),(80,87)),((((97,(79,84)),(90,(82,96))),(((92,89),81),94)),((((98,77),85),100),(83,86)))),(((((16,40),55),(47,64)),(70,30)),((34,59),(45,23))))),((21,24),(18,50))),(((((((37,29),(1,61)),((39,((42,28),(11,76))),12)),((15,72),(((8,3),25),13))),((54,33),((49,7),9))),(5,57)),(((75,65),(71,36)),((51,38),52)))),14),48),17),56),67);
#NNI moves:2/152
Remaining: 0
#NNI moves:4/152
#NNI moves:4/152
(((((((((((((((((37,29),(61,1)),((((11,76),(28,42)),39),12)),((15,72),(((3,8),25),13))),((9,(7,49)),(54,33))),(5,57)),(((75,65),(71,36)),(52,(38,51)))),(14,(48,(17,(67,56))))),((21,24),(18,50))),((((70,30),(((40,16),55),(47,64))),((34,59),(23,45))),(((((99,93),78),((88,91),95)),(80,87)),(((83,86),(((98,77),85),100)),(((90,(82,96)),((79,84),97)),(((92,89),81),94)))))),(((31,(41,46)),10),(((69,(43,73)),58),44))),(((2,(68,66)),((26,27),4)),74)),(62,(19,32))),(6,20)),(53,22)),(35,63)),60);
#NNI moves:0/152
Remaining: 0
#NNI moves:0/152
#NNI moves:0/152
(((((((((((((((((31,(46,41)),10),(44,(((73,43),69),58))),((((19,32),62),((((63,35),60),(53,22)),(6,20))),(((2,(68,66)),((26,27),4)),74))),((((((93,99),78),(95,(91,88))),(87,80)),(((((79,84),97),(90,(96,82))),(((92,89),81),94)),(((85,(98,77)),100),(83,86)))),((((47,64),(55,(16,40))),(30,70)),((45,23),(34,59))))),((50,18),(24,21))),((48,((56,67),17)),14)),(((51,38),52),((75,65),(36,71)))),(5,57)),((9,(49,7)),(54,33))),(((25,(8,3)),13),(72,15))),((29,37),(1,61))),12),39),(42,28)),11),76);
Current score: 1.8829e+09
Current tree: (((56,67),(48,(14,(((((((31,(46,41)),10),(44,(((73,43),69),58))),((((19,32),62),((((63,35),60),(53,22)),(6,20))),(((2,(68,66)),((26,27),4)),74))),((((((93,99),78),(95,(91,88))),(87,80)),(((((79,84),97),(90,(96,82))),(((92,89),81),94)),(((85,(98,77)),100),(83,86)))),((((47,64),(55,(16,40))),(30,70)),((45,23),(34,59))))),((50,18),(24,21))),((((51,38),52),((75,65),(36,71))),((5,57),(((9,(49,7)),(54,33)),((((25,(8,3)),13),(72,15)),(((29,37),(1,61)),(12,(39,((42,28),(11,76))))))))))))),17);
Final Tree: (((56,67),(48,(14,(((((((31,(46,41)),10),(44,(((73,43),69),58))),((((19,32),62),((((63,35),60),(53,22)),(6,20))),(((2,(68,66)),((26,27),4)),74))),((((((93,99),78),(95,(91,88))),(87,80)),(((((79,84),97),(90,(96,82))),(((92,89),81),94)),(((85,(98,77)),100),(83,86)))),((((47,64),(55,(16,40))),(30,70)),((45,23),(34,59))))),((50,18),(24,21))),((((51,38),52),((75,65),(36,71))),((5,57),(((9,(49,7)),(54,33)),((((25,(8,3)),13),(72,15)),(((29,37),(1,61)),(12,(39,((42,28),(11,76))))))))))))),17);
#EqQuartets: 2216943059
Score: 1882897615
ASTRAL for PaRalogs and Orthologs III (ASTRAL-Pro3)
*** NOW with integrated CASTLES-Pro ***
Version: v1.22.3.6
Read 512 genetrees and found 100 species.
#Genetrees: 1000
#Duploss: 7835
#Species: 100
#Rounds: 4
#Samples: 4
#Threads: 1
Use two-step algorithm!
Guide Tree 0/16
#NNI moves:0/152
Guide Tree 1/16
#NNI moves:0/152
Guide Tree 2/16
#NNI moves:0/152
Guide Tree 3/16
#NNI moves:0/152
Guide Tree 4/16
#NNI moves:0/152
Guide Tree 5/16
#NNI moves:0/152
Guide Tree 6/16
#NNI moves:0/152
Guide Tree 7/16
#NNI moves:0/152
Guide Tree 8/16
#NNI moves:0/152
Guide Tree 9/16
#NNI moves:0/152
Guide Tree 10/16
#NNI moves:0/152
Guide Tree 11/16
#NNI moves:0/152
Guide Tree 12/16
#NNI moves:0/152
Guide Tree 13/16
#NNI moves:0/152
Guide Tree 14/16
#NNI moves:0/152
Guide Tree 15/16
#NNI moves:0/152
Remaining: 0
#NNI moves:2/152
#NNI moves:2/152
(((((((((((((((((61,79),63),((90,75),83)),(87,58)),81),(59,85)),(100,(86,73))),(74,93)),((88,(62,91)),((97,(80,71)),(96,98)))),((((60,84),95),78),(66,72))),((((92,94),89),((64,(99,76)),77)),(((((70,67),65),82),69),68))),((((((29,((48,17),34)),16),7),39),((33,38),42)),41)),(((((54,32),((24,53),9)),19),(27,26)),(3,10))),(((((((((35,40),(((44,15),23),6)),((30,37),(5,45))),52),(((49,43),11),50)),(12,57)),((2,(22,36)),47)),56),(((20,8),25),(55,(51,14))))),((18,1),31)),((21,13),(46,4))),28);
Guide Tree 0/16
#NNI moves:0/152
Guide Tree 1/16
#NNI moves:0/152
Guide Tree 2/16
#NNI moves:0/152
Guide Tree 3/16
#NNI moves:0/152
Guide Tree 4/16
#NNI moves:0/152
Guide Tree 5/16
#NNI moves:0/152
Guide Tree 6/16
#NNI moves:0/152
Guide Tree 7/16
#NNI moves:0/152
Guide Tree 8/16
#NNI moves:0/152
Guide Tree 9/16
#NNI moves:0/152
Guide Tree 10/16
#NNI moves:0/152
Guide Tree 11/16
#NNI moves:0/152
Guide Tree 12/16
#NNI moves:0/152
Guide Tree 13/16
#NNI moves:0/152
Guide Tree 14/16
#NNI moves:0/152
Guide Tree 15/16
#NNI moves:0/152
Remaining: 0
#NNI moves:0/152
#NNI moves:0/152
(((((((((((((((((61,79),63),(83,(75,90))),(58,87)),81),(59,85)),((73,86),100)),(74,93)),((((71,80),97),(96,98)),((91,62),88))),((((60,84),95),78),(66,72))),((((82,(65,(67,70))),69),68),(((94,92),89),(((99,76),64),77)))),((((7,((((17,48),34),29),16)),39),((38,33),42)),41)),(((((32,54),((53,24),9)),19),(27,26)),(10,3))),(((((((11,(43,49)),50),(((((23,(44,15)),6),(40,35)),((45,5),(37,30))),52)),(57,12)),(((36,22),2),47)),56),((25,(8,20)),(55,(14,51))))),(31,(18,1))),((21,13),(4,46))),28);
Guide Tree 0/16
#NNI moves:0/152
Guide Tree 1/16
#NNI moves:0/152
Guide Tree 2/16
#NNI moves:0/152
Guide Tree 3/16
#NNI moves:6/152
Guide Tree 4/16
#NNI moves:0/152
Guide Tree 5/16
#NNI moves:0/152
Guide Tree 6/16
#NNI moves:0/152
Guide Tree 7/16
#NNI moves:0/152
Guide Tree 8/16
#NNI moves:0/152
Guide Tree 9/16
#NNI moves:0/152
Guide Tree 10/16
#NNI moves:0/152
Guide Tree 11/16
#NNI moves:0/152
Guide Tree 12/16
#NNI moves:0/152
Guide Tree 13/16
#NNI moves:0/152
Guide Tree 14/16
#NNI moves:0/152
Guide Tree 15/16
#NNI moves:0/152
Remaining: 0
#NNI moves:0/152
#NNI moves:0/152
(((((((((((((((((90,75),83),((79,61),63)),(58,87)),81),(85,59)),(100,(73,86))),(74,93)),(((96,98),((80,71),97)),(88,(62,91)))),((((60,84),95),78),(66,72))),(((89,(94,92)),((64,(76,99)),77)),((69,(((67,70),65),82)),68))),(((39,(((29,(34,(48,17))),16),7)),((33,38),42)),41)),(((((32,54),((24,53),9)),19),(27,26)),(3,10))),(((((((((((15,44),23),6),(40,35)),((37,30),(45,5))),52),((11,(49,43)),50)),(12,57)),((2,(36,22)),47)),56),((25,(20,8)),((51,14),55)))),((18,1),31)),((4,46),(21,13))),28);
Guide Tree 0/16
#NNI moves:0/152
Guide Tree 1/16
#NNI moves:0/152
Guide Tree 2/16
#NNI moves:0/152
Guide Tree 3/16
#NNI moves:0/152
Guide Tree 4/16
#NNI moves:0/152
Guide Tree 5/16
#NNI moves:0/152
Guide Tree 6/16
#NNI moves:0/152
Guide Tree 7/16
#NNI moves:0/152
Guide Tree 8/16
#NNI moves:0/152
Guide Tree 9/16
#NNI moves:0/152
Guide Tree 10/16
#NNI moves:0/152
Guide Tree 11/16
#NNI moves:0/152
Guide Tree 12/16
#NNI moves:0/152
Guide Tree 13/16
#NNI moves:0/152
Guide Tree 14/16
#NNI moves:0/152
Guide Tree 15/16
#NNI moves:0/152
Remaining: 0
#NNI moves:2/152
#NNI moves:2/152
((((((((((((76,99),64),77),((94,92),89)),(((82,((70,67),65)),69),68)),((((95,(84,60)),78),(72,66)),(((((80,71),97),(96,98)),((62,91),88)),((((((((75,90),83),((61,79),63)),(87,58)),81),(59,85)),((73,86),100)),(74,93))))),((((((29,((17,48),34)),16),7),39),((33,38),42)),41)),((3,10),(((((24,53),9),(32,54)),19),(27,26)))),(((((((((37,30),(45,5)),((40,35),(((15,44),23),6))),52),(((49,43),11),50)),(57,12)),(((36,22),2),47)),56),(((8,20),25),(55,(14,51))))),(31,(18,1))),((13,21),(46,4))),28);
Initial score: 1.95825e+09
Initial tree: ((((((((((((76,99),64),77),((94,92),89)),(((82,((70,67),65)),69),68)),((((95,(84,60)),78),(72,66)),(((((80,71),97),(96,98)),((62,91),88)),((((((((75,90),83),((61,79),63)),(87,58)),81),(59,85)),((73,86),100)),(74,93))))),((((((29,((17,48),34)),16),7),39),((33,38),42)),41)),((3,10),(((((24,53),9),(32,54)),19),(27,26)))),(((((((((37,30),(45,5)),((40,35),(((15,44),23),6))),52),(((49,43),11),50)),(57,12)),(((36,22),2),47)),56),(((8,20),25),(55,(14,51))))),(31,(18,1))),((13,21),(46,4))),28);
*** Subsample Process ***
Use two-step algorithm!
#NNI moves:0/152
Remaining: 0
#NNI moves:0/152
#NNI moves:0/152
(((((((((((((((((45,5),(30,37)),((((15,44),23),6),(35,40))),52),(((49,43),11),50)),(12,57)),((2,(22,36)),47)),56),(((51,14),55),((8,20),25))),(((18,1),31),(((13,21),(4,46)),28))),((((((24,53),9),(32,54)),19),(26,27)),(10,3))),((((((29,(34,(48,17))),16),7),39),((38,33),42)),41)),((((((((((61,79),63),(83,(90,75))),(58,87)),81),(85,59)),((73,86),100)),(93,74)),((((80,71),97),(98,96)),((62,91),88))),(((95,(84,60)),78),(66,72)))),(((((67,70),65),82),69),68)),(77,(64,(76,99)))),(94,92)),89);
#NNI moves:2/152
Remaining: 0
#NNI moves:4/152
#NNI moves:4/152
((((((((((((((((((75,90),83),((79,61),63)),(87,58)),81),(85,59)),(100,(73,86))),(74,93)),(((97,(80,71)),(98,96)),((91,62),88))),((((60,84),95),78),(72,66))),(((77,(64,(76,99))),(89,(94,92))),(((((67,70),65),82),69),68))),(((((((34,(17,48)),29),16),7),39),((38,33),42)),41)),((((((24,53),9),(54,32)),19),(27,26)),(10,3))),(((((((((((44,15),23),6),(35,40)),((30,37),(5,45))),52),(((43,49),11),50)),(57,12)),(((22,36),2),47)),56),(((51,14),55),(25,(20,8))))),(((21,13),(4,46)),28)),31),1),18);
#NNI moves:0/152
Remaining: 0
#NNI moves:0/152
#NNI moves:0/152
(((((((((((((((85,59),(((((61,79),63),(83,(75,90))),(58,87)),81)),(100,(86,73))),(93,74)),((((71,80),97),(96,98)),(88,(62,91)))),(((95,(84,60)),78),(72,66))),((((((70,67),65),82),69),68),((((99,76),64),77),((92,94),89)))),((((38,33),42),(((((34,(17,48)),29),16),7),39)),41)),((((((24,53),9),(54,32)),19),(27,26)),(3,10))),(((((((((30,37),(45,5)),((6,((44,15),23)),(40,35))),52),(((43,49),11),50)),(12,57)),(((36,22),2),47)),56),(((8,20),25),((14,51),55)))),((18,1),31)),28),(4,46)),13),21);
#NNI moves:2/152
Remaining: 0
#NNI moves:8/152
#NNI moves:8/152
(((((((((((((((((((46,4),(21,13)),28),(31,(1,18))),(((((2,(36,22)),47),((((11,(49,43)),50),((((6,((15,44),23)),(40,35)),((30,37),(5,45))),52)),(57,12))),56),(((51,14),55),(25,(20,8))))),(((19,(((53,24),9),(54,32))),(26,27)),(3,10))),((((((29,((48,17),34)),16),7),39),((38,33),42)),41)),((((64,(99,76)),77),((92,94),89)),(((((70,67),65),82),69),68))),((((84,60),95),78),(72,66))),((((80,71),97),(96,98)),((62,91),88))),(74,93)),((73,86),100)),(85,59)),81),(87,58)),((75,90),83)),63),79),61);
Current score: 1.95825e+09
Current tree: ((((46,4),(21,13)),((31,(1,18)),((((((2,(36,22)),47),((((11,(49,43)),50),((((6,((15,44),23)),(40,35)),((30,37),(5,45))),52)),(57,12))),56),(((51,14),55),(25,(20,8)))),((((19,(((53,24),9),(54,32))),(26,27)),(3,10)),(((((((29,((48,17),34)),16),7),39),((38,33),42)),41),(((((64,(99,76)),77),((92,94),89)),(((((70,67),65),82),69),68)),(((((84,60),95),78),(72,66)),(((((80,71),97),(96,98)),((62,91),88)),((74,93),(((73,86),100),((85,59),(81,((87,58),(((75,90),83),(63,(79,61)))))))))))))))),28);
Final Tree: ((((46,4),(21,13)),((31,(1,18)),((((((2,(36,22)),47),((((11,(49,43)),50),((((6,((15,44),23)),(40,35)),((30,37),(5,45))),52)),(57,12))),56),(((51,14),55),(25,(20,8)))),((((19,(((53,24),9),(54,32))),(26,27)),(3,10)),(((((((29,((48,17),34)),16),7),39),((38,33),42)),41),(((((64,(99,76)),77),((92,94),89)),(((((70,67),65),82),69),68)),(((((84,60),95),78),(72,66)),(((((80,71),97),(96,98)),((62,91),88)),((74,93),(((73,86),100),((85,59),(81,((87,58),(((75,90),83),(63,(79,61)))))))))))))))),28);
#EqQuartets: 2233383338
Score: 1958253769
ASTRAL for PaRalogs and Orthologs III (ASTRAL-Pro3)
*** NOW with integrated CASTLES-Pro ***
Version: v1.22.3.6
Read 512 genetrees and found 100 species.
#Genetrees: 1000
#Duploss: 8648
#Species: 100
#Rounds: 4
#Samples: 4
#Threads: 1
Use two-step algorithm!
Guide Tree 0/16
#NNI moves:0/152
Guide Tree 1/16
#NNI moves:0/152
Guide Tree 2/16
#NNI moves:2/152
Guide Tree 3/16
#NNI moves:0/152
Guide Tree 4/16
#NNI moves:0/152
Guide Tree 5/16
#NNI moves:0/152
Guide Tree 6/16
#NNI moves:2/152
Guide Tree 7/16
#NNI moves:0/152
Guide Tree 8/16
#NNI moves:0/152
Guide Tree 9/16
#NNI moves:6/152
Guide Tree 10/16
#NNI moves:0/152
Guide Tree 11/16
#NNI moves:2/152
Guide Tree 12/16
#NNI moves:0/152
Guide Tree 13/16
#NNI moves:0/152
Guide Tree 14/16
#NNI moves:0/152
Guide Tree 15/16
#NNI moves:0/152
Remaining: 0
#NNI moves:2/152
#NNI moves:2/152
(((((((((((((50,55),((47,88),(17,83))),(86,72)),62),((((((((82,14),28),39),37),23),(90,48)),(33,42)),((((3,94),10),38),(13,69)))),(((45,(57,67)),(34,95)),((((11,32),(35,53)),46),((4,58),18)))),((43,87),(((((6,16),20),((91,26),44)),((5,((60,(73,76)),84)),93)),1))),(((((59,(9,2)),(((((56,65),74),12),(68,40)),66)),((49,7),64)),((25,((89,31),24)),92)),(((29,63),((77,(36,41)),22)),((27,61),51)))),((((19,((71,21),85)),(((81,15),(30,79)),75)),(70,80)),(((96,97),99),(98,100)))),78),52),8),54);
Guide Tree 0/16
#NNI moves:0/152
Guide Tree 1/16
#NNI moves:0/152
Guide Tree 2/16
#NNI moves:0/152
Guide Tree 3/16
#NNI moves:0/152
Guide Tree 4/16
#NNI moves:0/152
Guide Tree 5/16
#NNI moves:0/152
Guide Tree 6/16
#NNI moves:0/152
Guide Tree 7/16
#NNI moves:0/152
Guide Tree 8/16
#NNI moves:0/152
Guide Tree 9/16
#NNI moves:0/152
Guide Tree 10/16
#NNI moves:0/152
Guide Tree 11/16
#NNI moves:0/152
Guide Tree 12/16
#NNI moves:0/152
Guide Tree 13/16
#NNI moves:0/152
Guide Tree 14/16
#NNI moves:0/152
Guide Tree 15/16
#NNI moves:0/152
Remaining: 0
#NNI moves:2/152
#NNI moves:2/152
((((((((((((((83,17),(47,88)),(55,50)),(72,86)),62),(((((94,3),10),38),(13,69)),(((((((14,82),28),39),37),23),(90,48)),(42,33)))),(((45,(67,57)),(95,34)),((((11,32),(53,35)),46),(18,(58,4))))),((((((91,26),44),(20,(6,16))),(((84,(60,(73,76))),5),93)),1),(43,87))),(((((7,49),64),((((((56,65),74),12),(68,40)),66),(59,(9,2)))),(((24,(31,89)),25),92)),(((61,27),51),((((36,41),77),22),(29,63))))),((((((81,15),(30,79)),75),((85,(21,71)),19)),(70,80)),((99,(97,96)),(98,100)))),78),52),8),54);
Guide Tree 0/16
#NNI moves:2/152
Guide Tree 1/16
#NNI moves:2/152
Guide Tree 2/16
#NNI moves:0/152
Guide Tree 3/16
#NNI moves:2/152
Guide Tree 4/16
#NNI moves:0/152
Guide Tree 5/16
#NNI moves:2/152
Guide Tree 6/16
#NNI moves:2/152
Guide Tree 7/16
#NNI moves:2/152
Guide Tree 8/16
#NNI moves:0/152
Guide Tree 9/16
#NNI moves:2/152
Guide Tree 10/16
#NNI moves:2/152
Guide Tree 11/16
#NNI moves:2/152
Guide Tree 12/16
#NNI moves:2/152
Guide Tree 13/16
#NNI moves:0/152
Guide Tree 14/16
#NNI moves:0/152
Guide Tree 15/16
#NNI moves:0/152
Remaining: 0
#NNI moves:0/152
#NNI moves:0/152
((((((((((25,((31,89),24)),92),(((7,49),64),(((((74,(56,65)),12),(68,40)),66),(59,(2,9))))),(((27,61),51),((29,63),(((41,36),77),22)))),((((((20,(16,6)),((26,91),44)),((5,(((76,73),60),84)),93)),1),(87,43)),((((34,95),((67,57),45)),((46,((35,53),(11,32))),((4,58),18))),((((72,86),(((83,17),(47,88)),(55,50))),62),((((23,((((82,14),28),39),37)),(48,90)),(33,42)),((((3,94),10),38),(69,13))))))),((((((81,15),(30,79)),75),(((21,71),85),19)),(70,80)),((100,98),((97,96),99)))),78),52),8),54);
Guide Tree 0/16
#NNI moves:0/152
Guide Tree 1/16
#NNI moves:0/152
Guide Tree 2/16
#NNI moves:0/152
Guide Tree 3/16
#NNI moves:0/152
Guide Tree 4/16
#NNI moves:0/152
Guide Tree 5/16
#NNI moves:0/152
Guide Tree 6/16
#NNI moves:2/152
Guide Tree 7/16
#NNI moves:0/152
Guide Tree 8/16
#NNI moves:0/152
Guide Tree 9/16
#NNI moves:0/152
Guide Tree 10/16
#NNI moves:0/152
Guide Tree 11/16
#NNI moves:0/152
Guide Tree 12/16
#NNI moves:0/152
Guide Tree 13/16
#NNI moves:0/152
Guide Tree 14/16
#NNI moves:0/152
Guide Tree 15/16
#NNI moves:0/152
Remaining: 0
#NNI moves:0/152
#NNI moves:0/152
((((((((((((((((28,(82,14)),39),37),23),(48,90)),(33,42)),((((3,94),10),38),(13,69))),(((((88,47),(83,17)),(50,55)),(86,72)),62)),(((((53,35),(11,32)),46),(18,(4,58))),(((67,57),45),(95,34)))),(((((44,(91,26)),((16,6),20)),(((((73,76),60),84),5),93)),1),(87,43))),(((((((((65,56),74),12),(68,40)),66),((2,9),59)),(64,(49,7))),(((24,(31,89)),25),92)),((51,(27,61)),((29,63),(22,(77,(36,41))))))),(((70,80),((19,((71,21),85)),(((30,79),(81,15)),75))),(((96,97),99),(98,100)))),78),52),8),54);
Initial score: 1.97233e+09
Initial tree: ((((((((((((((((28,(82,14)),39),37),23),(48,90)),(33,42)),((((3,94),10),38),(13,69))),(((((88,47),(83,17)),(50,55)),(86,72)),62)),(((((53,35),(11,32)),46),(18,(4,58))),(((67,57),45),(95,34)))),(((((44,(91,26)),((16,6),20)),(((((73,76),60),84),5),93)),1),(87,43))),(((((((((65,56),74),12),(68,40)),66),((2,9),59)),(64,(49,7))),(((24,(31,89)),25),92)),((51,(27,61)),((29,63),(22,(77,(36,41))))))),(((70,80),((19,((71,21),85)),(((30,79),(81,15)),75))),(((96,97),99),(98,100)))),78),52),8),54);
*** Subsample Process ***
Use two-step algorithm!
#NNI moves:0/152
Remaining: 0
#NNI moves:0/152
#NNI moves:0/152
((((((((((((((((((((68,40),(((65,56),74),12)),66),((2,9),59)),((49,7),64)),(92,(((31,89),24),25))),(((29,63),((77,(41,36)),22)),((61,27),51))),((((70,80),((((30,79),(81,15)),75),(((21,71),85),19))),(((97,96),99),(98,100))),(((8,54),52),78))),((((((((76,73),60),84),5),93),(((16,6),20),(44,(26,91)))),1),(87,43))),((((57,67),45),(95,34)),((18,(58,4)),(46,((11,32),(53,35)))))),(((86,72),((55,50),((83,17),(47,88)))),62)),(((10,(3,94)),38),(69,13))),(42,33)),(48,90)),23),37),39),28),14),82);
#NNI moves:0/152
Remaining: 0
#NNI moves:0/152
#NNI moves:0/152
((((((((((((((((((39,(28,(14,82))),37),23),(48,90)),(42,33)),((38,(10,(94,3))),(13,69))),(((86,72),(((17,83),(47,88)),(50,55))),62)),(((46,((32,11),(35,53))),((4,58),18)),(((67,57),45),(95,34)))),((((((((73,76),60),84),5),93),(((6,16),20),(44,(26,91)))),1),(43,87))),(((((((68,40),(((56,65),74),12)),66),((9,2),59)),((7,49),64)),(92,(25,((31,89),24)))),((((77,(36,41)),22),(63,29)),((61,27),51)))),(((8,54),52),78)),((100,98),((97,96),99))),(70,80)),(((21,71),85),19)),75),(30,79)),15),81);
#NNI moves:0/152
Remaining: 0
#NNI moves:2/152
#NNI moves:2/152
((((((((((86,72),(((17,83),(47,88)),(50,55))),62),(((((3,94),10),38),(69,13)),((42,33),(((37,(((82,14),28),39)),23),(48,90))))),(((46,((11,32),(35,53))),((58,4),18)),((45,(57,67)),(95,34)))),((((((6,16),20),(44,(26,91))),(((((73,76),60),84),5),93)),1),(43,87))),(((((((((56,65),74),12),(68,40)),66),((9,2),59)),(64,(49,7))),(92,(25,((89,31),24)))),(((63,29),(((41,36),77),22)),((27,61),51)))),(((70,80),((((71,21),85),19),(((30,79),(81,15)),75))),((99,(96,97)),(100,98)))),((54,8),52)),78);
#NNI moves:0/152
Remaining: 0
#NNI moves:6/152
#NNI moves:6/152
(((((((((((((((((82,14),28),39),37),23),(90,48)),(42,33)),((((94,3),10),38),(13,69))),(((((88,47),(83,17)),(50,55)),(72,86)),62)),(((45,(67,57)),(34,95)),(((4,58),18),(((53,35),(32,11)),46)))),((((((16,6),20),((91,26),44)),(((((73,76),60),84),5),93)),1),(87,43))),(((((((((56,65),74),12),(40,68)),66),((2,9),59)),(64,(7,49))),((((31,89),24),25),92)),(((29,63),(22,((41,36),77))),((27,61),51)))),((((((30,79),(15,81)),75),(((71,21),85),19)),(80,70)),((98,100),((96,97),99)))),78),52),54),8);
Current score: 1.97233e+09
Current tree: (((((((((((((((((82,14),28),39),37),23),(90,48)),(42,33)),((((94,3),10),38),(13,69))),(((((88,47),(83,17)),(50,55)),(72,86)),62)),(((45,(67,57)),(34,95)),(((4,58),18),(((53,35),(32,11)),46)))),((((((16,6),20),((91,26),44)),(((((73,76),60),84),5),93)),1),(87,43))),(((((((((56,65),74),12),(40,68)),66),((2,9),59)),(64,(7,49))),((((31,89),24),25),92)),(((29,63),(22,((41,36),77))),((27,61),51)))),((((((30,79),(15,81)),75),(((71,21),85),19)),(80,70)),((98,100),((96,97),99)))),78),52),8),54);
Final Tree: (((((((((((((((((82,14),28),39),37),23),(90,48)),(42,33)),((((94,3),10),38),(13,69))),(((((88,47),(83,17)),(50,55)),(72,86)),62)),(((45,(67,57)),(34,95)),(((4,58),18),(((53,35),(32,11)),46)))),((((((16,6),20),((91,26),44)),(((((73,76),60),84),5),93)),1),(87,43))),(((((((((56,65),74),12),(40,68)),66),((2,9),59)),(64,(7,49))),((((31,89),24),25),92)),(((29,63),(22,((41,36),77))),((27,61),51)))),((((((30,79),(15,81)),75),(((71,21),85),19)),(80,70)),((98,100),((96,97),99)))),78),52),8),54);
#EqQuartets: 2292587690
Score: 1972326222
ASTRAL for PaRalogs and Orthologs III (ASTRAL-Pro3)
*** NOW with integrated CASTLES-Pro ***
Version: v1.22.3.6
Read 512 genetrees and found 100 species.
#Genetrees: 1000
#Duploss: 9669
#Species: 100
#Rounds: 4
#Samples: 4
#Threads: 1
Use two-step algorithm!
Guide Tree 0/16
#NNI moves:2/152
Guide Tree 1/16
#NNI moves:0/152
Guide Tree 2/16
#NNI moves:0/152
Guide Tree 3/16
#NNI moves:0/152
Guide Tree 4/16
#NNI moves:0/152
Guide Tree 5/16
#NNI moves:6/152
Guide Tree 6/16
#NNI moves:0/152
Guide Tree 7/16
#NNI moves:0/152
Guide Tree 8/16
#NNI moves:0/152
Guide Tree 9/16
#NNI moves:0/152
Guide Tree 10/16
#NNI moves:0/152
Guide Tree 11/16
#NNI moves:0/152
Guide Tree 12/16
#NNI moves:0/152
Guide Tree 13/16
#NNI moves:0/152
Guide Tree 14/16
#NNI moves:2/152
Guide Tree 15/16
#NNI moves:0/152
Remaining: 0
#NNI moves:0/152
#NNI moves:0/152
((((((((((((((72,77),(37,75)),(((81,10),6),13)),(18,58)),((43,1),25)),((54,3),(((((20,(((49,84),23),21)),31),68),87),(((46,52),71),24)))),(((((19,69),(5,80)),(59,(70,17))),(((85,7),65),(12,32))),((63,38),(((42,28),83),78)))),(((((((26,15),36),(16,(40,(45,14)))),((76,4),61)),82),((86,51),56)),(((92,95),(((((98,100),97),89),91),96)),(((90,93),99),94)))),(((50,44),79),(((74,2),62),((((33,34),57),(8,48)),27)))),(41,(29,(55,88)))),((((47,22),60),67),66)),((35,((30,9),53)),(64,39))),73),11);
Guide Tree 0/16
#NNI moves:0/152
Guide Tree 1/16
#NNI moves:0/152
Guide Tree 2/16
#NNI moves:0/152
Guide Tree 3/16
#NNI moves:0/152
Guide Tree 4/16
#NNI moves:0/152
Guide Tree 5/16
#NNI moves:0/152
Guide Tree 6/16
#NNI moves:0/152
Guide Tree 7/16
#NNI moves:0/152
Guide Tree 8/16
#NNI moves:0/152
Guide Tree 9/16
#NNI moves:0/152
Guide Tree 10/16
#NNI moves:0/152
Guide Tree 11/16
#NNI moves:0/152
Guide Tree 12/16
#NNI moves:0/152
Guide Tree 13/16
#NNI moves:0/152
Guide Tree 14/16
#NNI moves:0/152
Guide Tree 15/16
#NNI moves:0/152
Remaining: 0
#NNI moves:6/152
#NNI moves:8/152
((((((((((((65,(7,85)),(32,12)),(((17,70),59),((69,19),(5,80)))),((38,63),(78,(83,(42,28))))),((((((72,77),(37,75)),(((10,81),6),13)),(58,18)),(25,(43,1))),((54,3),(((68,((((23,(49,84)),21),20),31)),87),((71,(52,46)),24))))),((((96,((((98,100),97),89),91)),(95,92)),(94,((93,90),99))),(((((4,76),61),((((14,45),40),16),((26,15),36))),82),((51,86),56)))),(((50,44),79),(((((34,33),57),(8,48)),27),(62,(2,74))))),(41,(29,(88,55)))),(((60,(47,22)),67),66)),((39,64),((53,(30,9)),35))),73),11);
Guide Tree 0/16
#NNI moves:0/152
Guide Tree 1/16
#NNI moves:0/152
Guide Tree 2/16
#NNI moves:0/152
Guide Tree 3/16
#NNI moves:0/152
Guide Tree 4/16
#NNI moves:0/152
Guide Tree 5/16
#NNI moves:0/152
Guide Tree 6/16
#NNI moves:0/152
Guide Tree 7/16
#NNI moves:0/152
Guide Tree 8/16
#NNI moves:0/152
Guide Tree 9/16
#NNI moves:0/152
Guide Tree 10/16
#NNI moves:0/152
Guide Tree 11/16
#NNI moves:0/152
Guide Tree 12/16
#NNI moves:2/152
Guide Tree 13/16
#NNI moves:2/152
Guide Tree 14/16
#NNI moves:0/152
Guide Tree 15/16
#NNI moves:2/152
Remaining: 0
#NNI moves:2/152
#NNI moves:2/152
(((((((((((54,3),((((31,((((49,84),23),21),20)),68),87),(24,((52,46),71)))),((((((81,10),6),13),((75,37),(72,77))),(18,58)),((1,43),25))),(((((7,85),65),(32,12)),(((19,69),(80,5)),(59,(70,17)))),(((83,(28,42)),78),(63,38)))),((((((76,4),61),((36,(15,26)),(16,((14,45),40)))),82),((86,51),56)),(((95,92),(96,((89,((98,100),97)),91))),(94,((90,93),99))))),(((((8,48),(57,(33,34))),27),((74,2),62)),(79,(50,44)))),(((88,55),29),41)),((((47,22),60),67),66)),((39,64),(35,((9,30),53)))),73),11);
Guide Tree 0/16
#NNI moves:0/152
Guide Tree 1/16
#NNI moves:0/152
Guide Tree 2/16
#NNI moves:0/152
Guide Tree 3/16
#NNI moves:0/152
Guide Tree 4/16
#NNI moves:0/152
Guide Tree 5/16
#NNI moves:0/152
Guide Tree 6/16
#NNI moves:0/152
Guide Tree 7/16
#NNI moves:0/152
Guide Tree 8/16
#NNI moves:0/152
Guide Tree 9/16
#NNI moves:0/152
Guide Tree 10/16
#NNI moves:0/152
Guide Tree 11/16
#NNI moves:0/152
Guide Tree 12/16
#NNI moves:0/152
Guide Tree 13/16
#NNI moves:0/152
Guide Tree 14/16
#NNI moves:0/152
Guide Tree 15/16
#NNI moves:0/152
Remaining: 0
#NNI moves:0/152
#NNI moves:0/152
((((((((((((((((((84,49),23),21),20),31),68),87),(24,((46,52),71))),(3,54)),(((58,18),(((37,75),(72,77)),(((10,81),6),13))),((43,1),25))),(((((80,5),(19,69)),(59,(17,70))),((65,(85,7)),(12,32))),((63,38),(78,(83,(28,42)))))),(((((((97,(98,100)),89),91),96),(95,92)),(((90,93),99),94)),((((((15,26),36),(16,((45,14),40))),(61,(76,4))),82),((51,86),56)))),(((((57,(33,34)),(8,48)),27),((2,74),62)),((50,44),79))),((29,(88,55)),41)),(66,(((47,22),60),67))),((((9,30),53),35),(64,39))),73),11);
Initial score: 1.78539e+09
Initial tree: ((((((((((((((((((84,49),23),21),20),31),68),87),(24,((46,52),71))),(3,54)),(((58,18),(((37,75),(72,77)),(((10,81),6),13))),((43,1),25))),(((((80,5),(19,69)),(59,(17,70))),((65,(85,7)),(12,32))),((63,38),(78,(83,(28,42)))))),(((((((97,(98,100)),89),91),96),(95,92)),(((90,93),99),94)),((((((15,26),36),(16,((45,14),40))),(61,(76,4))),82),((51,86),56)))),(((((57,(33,34)),(8,48)),27),((2,74),62)),((50,44),79))),((29,(88,55)),41)),(66,(((47,22),60),67))),((((9,30),53),35),(64,39))),73),11);
*** Subsample Process ***
Use two-step algorithm!
#NNI moves:0/152
Remaining: 1
#NNI moves:0/152
#NNI moves:0/152
(((((((((((((((64,39),(((9,30),53),35)),(73,11)),((((47,22),60),67),66)),((29,(88,55)),41)),(((((57,(34,33)),(48,8)),27),((2,74),62)),(79,(44,50)))),(((((90,93),99),94),((((89,((100,98),97)),91),96),(95,92))),(((((36,(26,15)),(((45,14),40),16)),((4,76),61)),82),(56,(51,86))))),(((((19,69),(80,5)),((70,17),59)),((32,12),((85,7),65))),((38,63),(78,((28,42),83))))),(((((72,77),(37,75)),((6,(10,81)),13)),(18,58)),((1,43),25))),(3,54)),(((46,52),71),24)),87),68),((21,((49,84),23)),20)),31);
#NNI moves:0/152
Remaining: 0
#NNI moves:0/152
#NNI moves:0/152
((((((((((((((26,15),36),(16,((14,45),40))),((4,76),61)),82),((51,86),56)),((((93,90),99),94),((((89,((98,100),97)),91),96),(92,95)))),((((((80,5),(69,19)),((70,17),59)),((32,12),((7,85),65))),((((28,42),83),78),(38,63))),(((54,3),((((((21,((49,84),23)),20),31),68),87),(((46,52),71),24))),(((58,18),(((75,37),(77,72)),(((81,10),6),13))),((1,43),25))))),((((((33,34),57),(48,8)),27),(62,(74,2))),(79,(50,44)))),(((55,88),29),41)),(66,((60,(22,47)),67))),((((30,9),53),35),(39,64))),11),73);
#NNI moves:0/152
Remaining: 0
#NNI moves:0/152
#NNI moves:0/152
(((((((((((((((((((23,(49,84)),21),20),31),68),87),(24,((46,52),71))),(3,54)),(((((72,77),(75,37)),(13,((81,10),6))),(58,18)),(25,(43,1)))),((((59,(70,17)),((19,69),(80,5))),((12,32),((7,85),65))),((38,63),(78,((28,42),83))))),(((79,(50,44)),(((((34,33),57),(8,48)),27),((74,2),62))),((41,((88,55),29)),(((((22,47),60),67),66),(((((30,9),53),35),(39,64)),(11,73)))))),((((93,90),99),94),((((89,((98,100),97)),91),96),(92,95)))),((51,86),56)),82),((76,4),61)),(16,((14,45),40))),36),26),15);
#NNI moves:0/152
Remaining: 0
#NNI moves:0/152
#NNI moves:0/152
(((((((((((((((72,77),(37,75)),(((10,81),6),13)),(58,18)),((1,43),25)),(((((((((49,84),23),21),20),31),68),87),(((46,52),71),24)),(3,54))),(((((17,70),59),((19,69),(5,80))),(((85,7),65),(12,32))),(((83,(42,28)),78),(38,63)))),(((((((97,(100,98)),89),91),96),(92,95)),(((90,93),99),94)),(((((76,4),61),((36,(26,15)),(16,(40,(45,14))))),82),((51,86),56)))),((((((33,34),57),(8,48)),27),((2,74),62)),((44,50),79))),(41,((88,55),29))),((((47,22),60),67),66)),(73,11)),(((9,30),53),35)),39),64);
Current score: 1.78539e+09
Current tree: ((73,((((((((((((72,77),(37,75)),(((10,81),6),13)),(58,18)),((1,43),25)),(((((((((49,84),23),21),20),31),68),87),(((46,52),71),24)),(3,54))),(((((17,70),59),((19,69),(5,80))),(((85,7),65),(12,32))),(((83,(42,28)),78),(38,63)))),(((((((97,(100,98)),89),91),96),(92,95)),(((90,93),99),94)),(((((76,4),61),((36,(26,15)),(16,(40,(45,14))))),82),((51,86),56)))),((((((33,34),57),(8,48)),27),((2,74),62)),((44,50),79))),(41,((88,55),29))),((((47,22),60),67),66)),((((9,30),53),35),(39,64)))),11);
Final Tree: ((73,((((((((((((72,77),(37,75)),(((10,81),6),13)),(58,18)),((1,43),25)),(((((((((49,84),23),21),20),31),68),87),(((46,52),71),24)),(3,54))),(((((17,70),59),((19,69),(5,80))),(((85,7),65),(12,32))),(((83,(42,28)),78),(38,63)))),(((((((97,(100,98)),89),91),96),(92,95)),(((90,93),99),94)),(((((76,4),61),((36,(26,15)),(16,(40,(45,14))))),82),((51,86),56)))),((((((33,34),57),(8,48)),27),((2,74),62)),((44,50),79))),(41,((88,55),29))),((((47,22),60),67),66)),((((9,30),53),35),(39,64)))),11);
#EqQuartets: 2175742409
Score: 1785391708
ASTRAL for PaRalogs and Orthologs III (ASTRAL-Pro3)
*** NOW with integrated CASTLES-Pro ***
Version: v1.22.3.6
Read 512 genetrees and found 100 species.
#Genetrees: 1000
#Duploss: 8415
#Species: 100
#Rounds: 4
#Samples: 4
#Threads: 1
Use two-step algorithm!
Guide Tree 0/16
#NNI moves:0/152
Guide Tree 1/16
#NNI moves:0/152
Guide Tree 2/16
#NNI moves:0/152
Guide Tree 3/16
#NNI moves:0/152
Guide Tree 4/16
#NNI moves:0/152
Guide Tree 5/16
#NNI moves:0/152
Guide Tree 6/16
#NNI moves:0/152
Guide Tree 7/16
#NNI moves:0/152
Guide Tree 8/16
#NNI moves:0/152
Guide Tree 9/16
#NNI moves:0/152
Guide Tree 10/16
#NNI moves:0/152
Guide Tree 11/16
#NNI moves:0/152
Guide Tree 12/16
#NNI moves:0/152
Guide Tree 13/16
#NNI moves:0/152
Guide Tree 14/16
#NNI moves:0/152
Guide Tree 15/16
#NNI moves:0/152
Remaining: 0
#NNI moves:0/152
#NNI moves:0/152
((((((((((((3,((2,4),6)),(5,1)),(((((24,16),(73,29)),72),(((44,(64,45)),94),(((((51,40),49),99),((61,67),(15,39))),(48,18)))),(((38,92),76),(31,(14,93))))),((((((33,(97,65)),(54,((((43,89),35),71),90))),69),((12,77),84)),((47,60),((37,(79,30)),52))),70)),(((((((66,7),10),86),((100,(59,68)),63)),(((20,22),57),81)),(((17,23),95),((((78,13),80),11),46))),(96,28))),(87,53)),((((27,55),(62,((88,25),8))),((26,(34,36)),32)),19)),(((75,74),9),((56,91),50))),(98,21)),((83,42),(82,41))),58),85);
Guide Tree 0/16
#NNI moves:0/152
Guide Tree 1/16
#NNI moves:0/152
Guide Tree 2/16
#NNI moves:0/152
Guide Tree 3/16
#NNI moves:0/152
Guide Tree 4/16
#NNI moves:0/152
Guide Tree 5/16
#NNI moves:0/152
Guide Tree 6/16
#NNI moves:0/152
Guide Tree 7/16
#NNI moves:0/152
Guide Tree 8/16
#NNI moves:0/152
Guide Tree 9/16
#NNI moves:0/152
Guide Tree 10/16
#NNI moves:0/152
Guide Tree 11/16
#NNI moves:0/152
Guide Tree 12/16
#NNI moves:0/152
Guide Tree 13/16
#NNI moves:0/152
Guide Tree 14/16
#NNI moves:0/152
Guide Tree 15/16
#NNI moves:0/152
Remaining: 0
#NNI moves:0/152
#NNI moves:0/152
(((((((((((((((((71,((89,43),35)),90),54),((97,65),33)),69),(84,(12,77))),((((30,79),37),52),(60,47))),70),(((3,(6,(4,2))),(5,1)),(((((24,16),(29,73)),72),(((18,48),(((39,15),(67,61)),((49,(51,40)),99))),(94,((64,45),44)))),(((93,14),31),(76,(92,38)))))),((((95,(17,23)),(((80,(13,78)),11),46)),(((57,(22,20)),81),(((10,(66,7)),86),(63,((68,59),100))))),(28,96))),(53,87)),((((((25,88),8),62),(27,55)),(32,((34,36),26))),19)),(((75,74),9),((56,91),50))),(21,98)),((83,42),(82,41))),58),85);
Guide Tree 0/16
#NNI moves:0/152
Guide Tree 1/16
#NNI moves:0/152
Guide Tree 2/16
#NNI moves:0/152
Guide Tree 3/16
#NNI moves:0/152
Guide Tree 4/16
#NNI moves:0/152
Guide Tree 5/16
#NNI moves:0/152
Guide Tree 6/16
#NNI moves:0/152
Guide Tree 7/16
#NNI moves:0/152
Guide Tree 8/16
#NNI moves:0/152
Guide Tree 9/16
#NNI moves:0/152
Guide Tree 10/16
#NNI moves:0/152
Guide Tree 11/16
#NNI moves:0/152
Guide Tree 12/16
#NNI moves:0/152
Guide Tree 13/16
#NNI moves:0/152
Guide Tree 14/16
#NNI moves:0/152
Guide Tree 15/16
#NNI moves:0/152
Remaining: 0
#NNI moves:2/152
#NNI moves:2/152
(((((((((((((((((61,67),(39,15)),(((40,51),49),99)),(48,18)),(((64,45),44),94)),(((16,24),(73,29)),72)),((31,(14,93)),(76,(38,92)))),((((2,4),6),3),(5,1))),((((69,((((((89,43),35),71),90),54),((97,65),33))),((12,77),84)),((((30,79),37),52),(60,47))),70)),(((((86,((66,7),10)),((100,(59,68)),63)),(81,(57,(20,22)))),(((23,17),95),((11,((78,13),80)),46))),(28,96))),(53,87)),(19,(((27,55),(62,((88,25),8))),(32,((36,34),26))))),((50,(56,91)),((75,74),9))),(21,98)),((42,83),(41,82))),58),85);
Guide Tree 0/16
#NNI moves:0/152
Guide Tree 1/16
#NNI moves:0/152
Guide Tree 2/16
#NNI moves:0/152
Guide Tree 3/16
#NNI moves:0/152
Guide Tree 4/16
#NNI moves:0/152
Guide Tree 5/16
#NNI moves:0/152
Guide Tree 6/16
#NNI moves:0/152
Guide Tree 7/16
#NNI moves:0/152
Guide Tree 8/16
#NNI moves:0/152
Guide Tree 9/16
#NNI moves:0/152
Guide Tree 10/16
#NNI moves:0/152
Guide Tree 11/16
#NNI moves:0/152
Guide Tree 12/16
#NNI moves:0/152
Guide Tree 13/16
#NNI moves:0/152
Guide Tree 14/16
#NNI moves:0/152
Guide Tree 15/16
#NNI moves:0/152
Remaining: 0
#NNI moves:0/152
#NNI moves:0/152
(((((((((((((52,(37,(30,79))),(47,60)),(((12,77),84),(((((71,((43,89),35)),90),54),((97,65),33)),69))),70),(((((((45,64),44),94),((18,48),((((51,40),49),99),((39,15),(61,67))))),(((29,73),(24,16)),72)),(((14,93),31),(76,(92,38)))),((((4,2),6),3),(5,1)))),((((81,((22,20),57)),((((7,66),10),86),((100,(68,59)),63))),(((11,((78,13),80)),46),((23,17),95))),(28,96))),(53,87)),(((((36,34),26),32),((27,55),((8,(88,25)),62))),19)),((9,(74,75)),((56,91),50))),(98,21)),((82,41),(42,83))),58),85);
Initial score: 1.89175e+09
Initial tree: (((((((((((((52,(37,(30,79))),(47,60)),(((12,77),84),(((((71,((43,89),35)),90),54),((97,65),33)),69))),70),(((((((45,64),44),94),((18,48),((((51,40),49),99),((39,15),(61,67))))),(((29,73),(24,16)),72)),(((14,93),31),(76,(92,38)))),((((4,2),6),3),(5,1)))),((((81,((22,20),57)),((((7,66),10),86),((100,(68,59)),63))),(((11,((78,13),80)),46),((23,17),95))),(28,96))),(53,87)),(((((36,34),26),32),((27,55),((8,(88,25)),62))),19)),((9,(74,75)),((56,91),50))),(98,21)),((82,41),(42,83))),58),85);
*** Subsample Process ***
Use two-step algorithm!
#NNI moves:0/152
Remaining: 0
#NNI moves:0/152
#NNI moves:0/152
(((((((((((((98,21),((58,85),((82,41),(42,83)))),(((75,74),9),((56,91),50))),(((32,((36,34),26)),((27,55),(62,((88,25),8)))),19)),(87,53)),((((((100,(59,68)),63),(((7,66),10),86)),(((20,22),57),81)),(((23,17),95),(46,(((78,13),80),11)))),(96,28))),(((((((99,(49,(51,40))),((67,61),(39,15))),(48,18)),(((64,45),44),94)),(((16,24),(29,73)),72)),(((14,93),31),((38,92),76))),((3,(6,(2,4))),(1,5)))),70),(((12,77),84),(((54,(((35,(43,89)),71),90)),((65,97),33)),69))),(60,47)),52),(30,79)),37);
#NNI moves:0/152
Remaining: 0
#NNI moves:0/152
#NNI moves:0/152
(((((((((((((((16,24),(73,29)),72),((((((40,51),49),99),((61,67),(39,15))),(48,18)),(((64,45),44),94))),((76,(38,92)),(31,(14,93)))),((((4,2),6),3),(5,1))),((((69,((54,(((35,(89,43)),71),90)),(33,(97,65)))),((12,77),84)),((((79,30),37),52),(60,47))),70)),((((((20,22),57),81),((((7,66),10),86),(63,((68,59),100)))),(((17,23),95),((((78,13),80),11),46))),(96,28))),(53,87)),(((((36,34),26),32),(((8,(88,25)),62),(55,27))),19)),(((91,56),50),((75,74),9))),(98,21)),((41,82),(83,42))),85),58);
#NNI moves:0/152
Remaining: 0
#NNI moves:0/152
#NNI moves:0/152
((((((((((((((((78,13),80),11),46),((17,23),95)),(((((59,68),100),63),((10,(7,66)),86)),((57,(22,20)),81))),(28,96)),(((((98,21),(((83,42),(82,41)),(85,58))),(((75,74),9),((56,91),50))),((((55,27),((8,(88,25)),62)),(((36,34),26),32)),19)),(53,87))),(((((12,77),84),(((((((43,89),35),71),90),54),(33,(97,65))),69)),((((79,30),37),52),(60,47))),70)),((3,(6,(4,2))),(1,5))),(((93,14),31),(76,(92,38)))),((94,(44,(64,45))),((((49,(40,51)),99),((61,67),(15,39))),(48,18)))),72),(73,29)),24),16);
#NNI moves:0/152
Remaining: 0
#NNI moves:0/152
#NNI moves:0/152
((((((((((((((76,(38,92)),((14,93),31)),(((((((51,40),49),99),((39,15),(67,61))),(48,18)),(((64,45),44),94)),(((29,73),(16,24)),72))),((3,((4,2),6)),(5,1))),((((((54,((((43,89),35),71),90)),(33,(65,97))),69),((77,12),84)),((52,((30,79),37)),(47,60))),70)),((((((100,(59,68)),63),(86,((7,66),10))),(((22,20),57),81)),(((23,17),95),((((78,13),80),11),46))),(28,96))),(53,87)),((((27,55),(((25,88),8),62)),((26,(34,36)),32)),19)),((9,(74,75)),(50,(91,56)))),(21,98)),(58,85)),(41,82)),42),83);
Current score: 1.89175e+09
Current tree: ((58,(((((((((((76,(38,92)),((14,93),31)),(((((((51,40),49),99),((39,15),(67,61))),(48,18)),(((64,45),44),94)),(((29,73),(16,24)),72))),((3,((4,2),6)),(5,1))),((((((54,((((43,89),35),71),90)),(33,(65,97))),69),((77,12),84)),((52,((30,79),37)),(47,60))),70)),((((((100,(59,68)),63),(86,((7,66),10))),(((22,20),57),81)),(((23,17),95),((((78,13),80),11),46))),(28,96))),(53,87)),((((27,55),(((25,88),8),62)),((26,(34,36)),32)),19)),((9,(74,75)),(50,(91,56)))),(21,98)),((41,82),(42,83)))),85);
Final Tree: ((58,(((((((((((76,(38,92)),((14,93),31)),(((((((51,40),49),99),((39,15),(67,61))),(48,18)),(((64,45),44),94)),(((29,73),(16,24)),72))),((3,((4,2),6)),(5,1))),((((((54,((((43,89),35),71),90)),(33,(65,97))),69),((77,12),84)),((52,((30,79),37)),(47,60))),70)),((((((100,(59,68)),63),(86,((7,66),10))),(((22,20),57),81)),(((23,17),95),((((78,13),80),11),46))),(28,96))),(53,87)),((((27,55),(((25,88),8),62)),((26,(34,36)),32)),19)),((9,(74,75)),(50,(91,56)))),(21,98)),((41,82),(42,83)))),85);
#EqQuartets: 2231528072
Score: 1891751605
ASTRAL for PaRalogs and Orthologs III (ASTRAL-Pro3)
*** NOW with integrated CASTLES-Pro ***
Version: v1.22.3.6
Read 512 genetrees and found 100 species.
#Genetrees: 1000
#Duploss: 8760
#Species: 100
#Rounds: 4
#Samples: 4
#Threads: 1
Use two-step algorithm!
Guide Tree 0/16
#NNI moves:0/152
Guide Tree 1/16
#NNI moves:0/152
Guide Tree 2/16
#NNI moves:0/152
Guide Tree 3/16
#NNI moves:0/152
Guide Tree 4/16
#NNI moves:0/152
Guide Tree 5/16
#NNI moves:0/152
Guide Tree 6/16
#NNI moves:0/152
Guide Tree 7/16
#NNI moves:0/152
Guide Tree 8/16
#NNI moves:0/152
Guide Tree 9/16
#NNI moves:0/152
Guide Tree 10/16
#NNI moves:0/152
Guide Tree 11/16
#NNI moves:0/152
Guide Tree 12/16
#NNI moves:0/152
Guide Tree 13/16
#NNI moves:0/152
Guide Tree 14/16
#NNI moves:0/152
Guide Tree 15/16
#NNI moves:0/152
Remaining: 0
#NNI moves:0/152
#NNI moves:0/152
(((((((((((((94,(100,95)),97),((93,96),99)),98),((((((70,5),(14,41)),((31,56),20)),(90,27)),(42,83)),37)),((((((((21,78),71),((3,85),(79,63))),66),((87,61),(33,60))),88),81),(((((46,48),28),2),65),((82,52),(25,47))))),((((((((((80,58),91),(57,8)),6),23),((55,36),7)),49),(((13,43),(30,(10,84))),(73,26))),1),(((86,68),(((92,15),(18,19)),4)),74))),(((11,(16,38)),((34,(50,77)),9)),(((12,(17,72)),((32,22),44)),35))),((((45,51),54),((40,53),39)),67)),(((59,64),(29,76)),(89,69))),62),24),75);
Guide Tree 0/16
#NNI moves:0/152
Guide Tree 1/16
#NNI moves:0/152
Guide Tree 2/16
#NNI moves:0/152
Guide Tree 3/16
#NNI moves:0/152
Guide Tree 4/16
#NNI moves:0/152
Guide Tree 5/16
#NNI moves:0/152
Guide Tree 6/16
#NNI moves:0/152
Guide Tree 7/16
#NNI moves:0/152
Guide Tree 8/16
#NNI moves:0/152
Guide Tree 9/16
#NNI moves:0/152
Guide Tree 10/16
#NNI moves:0/152
Guide Tree 11/16
#NNI moves:0/152
Guide Tree 12/16
#NNI moves:0/152
Guide Tree 13/16
#NNI moves:0/152
Guide Tree 14/16
#NNI moves:0/152
Guide Tree 15/16
#NNI moves:0/152
Remaining: 0
#NNI moves:0/152
#NNI moves:0/152
(((((((((((((94,(95,100)),97),((96,93),99)),98),((((((14,41),(5,70)),((31,56),20)),(90,27)),(83,42)),37)),((81,((((((63,79),(3,85)),(71,(21,78))),66),((61,87),(33,60))),88)),((65,(((46,48),28),2)),((47,25),(82,52))))),((((((19,18),(15,92)),4),(86,68)),74),(((((23,(((8,57),(91,(80,58))),6)),((36,55),7)),49),(((43,13),(30,(10,84))),(26,73))),1))),(((9,((77,50),34)),((16,38),11)),((((22,32),44),((17,72),12)),35))),((((45,51),54),((53,40),39)),67)),((69,89),((76,29),(64,59)))),62),24),75);
Guide Tree 0/16
#NNI moves:0/152
Guide Tree 1/16
#NNI moves:0/152
Guide Tree 2/16
#NNI moves:0/152
Guide Tree 3/16
#NNI moves:0/152
Guide Tree 4/16
#NNI moves:0/152
Guide Tree 5/16
#NNI moves:0/152
Guide Tree 6/16
#NNI moves:0/152
Guide Tree 7/16
#NNI moves:0/152
Guide Tree 8/16
#NNI moves:0/152
Guide Tree 9/16
#NNI moves:0/152
Guide Tree 10/16
#NNI moves:0/152
Guide Tree 11/16
#NNI moves:0/152
Guide Tree 12/16
#NNI moves:0/152
Guide Tree 13/16
#NNI moves:0/152
Guide Tree 14/16
#NNI moves:0/152
Guide Tree 15/16
#NNI moves:0/152
Remaining: 0
#NNI moves:2/152
#NNI moves:2/152
((((((((((((((48,46),28),2),65),((25,47),(52,82))),(81,((((87,61),(60,33)),((((21,78),71),((79,63),(85,3))),66)),88))),(((((90,27),((20,(31,56)),((14,41),(5,70)))),(83,42)),37),(((((100,95),94),97),((93,96),99)),98))),(((((((55,36),7),(((((80,58),91),(57,8)),6),23)),49),((73,26),(((84,10),30),(43,13)))),1),(((((19,18),(92,15)),4),(68,86)),74))),((((44,(32,22)),((17,72),12)),35),(((38,16),11),(9,((50,77),34))))),((((45,51),54),(39,(53,40))),67)),(((76,29),(59,64)),(69,89))),62),24),75);
Guide Tree 0/16
#NNI moves:0/152
Guide Tree 1/16
#NNI moves:0/152
Guide Tree 2/16
#NNI moves:0/152
Guide Tree 3/16
#NNI moves:0/152
Guide Tree 4/16
#NNI moves:0/152
Guide Tree 5/16
#NNI moves:0/152
Guide Tree 6/16
#NNI moves:0/152
Guide Tree 7/16
#NNI moves:0/152
Guide Tree 8/16
#NNI moves:0/152
Guide Tree 9/16
#NNI moves:0/152
Guide Tree 10/16
#NNI moves:0/152
Guide Tree 11/16
#NNI moves:0/152
Guide Tree 12/16
#NNI moves:0/152
Guide Tree 13/16
#NNI moves:0/152
Guide Tree 14/16
#NNI moves:0/152
Guide Tree 15/16
#NNI moves:0/152
Remaining: 0
#NNI moves:8/152
#NNI moves:8/152
((((((((((((((((85,3),(63,79)),((21,78),71)),66),((87,61),(60,33))),88),81),((((28,(48,46)),2),65),((25,47),(82,52)))),(((((((41,14),(70,5)),((56,31),20)),(90,27)),(83,42)),37),(((99,(93,96)),(((95,100),94),97)),98))),(((((((((91,(80,58)),(8,57)),6),23),((36,55),7)),49),((26,73),((30,(10,84)),(13,43)))),1),(((4,((18,19),(15,92))),(68,86)),74))),(((((72,17),12),(44,(32,22))),35),(((34,(77,50)),9),(11,(16,38))))),(((54,(51,45)),((40,53),39)),67)),((69,89),((59,64),(76,29)))),62),24),75);
Initial score: 1.92037e+09
Initial tree: ((((((((((((((((85,3),(63,79)),((21,78),71)),66),((87,61),(60,33))),88),81),((((28,(48,46)),2),65),((25,47),(82,52)))),(((((((41,14),(70,5)),((56,31),20)),(90,27)),(83,42)),37),(((99,(93,96)),(((95,100),94),97)),98))),(((((((((91,(80,58)),(8,57)),6),23),((36,55),7)),49),((26,73),((30,(10,84)),(13,43)))),1),(((4,((18,19),(15,92))),(68,86)),74))),(((((72,17),12),(44,(32,22))),35),(((34,(77,50)),9),(11,(16,38))))),(((54,(51,45)),((40,53),39)),67)),((69,89),((59,64),(76,29)))),62),24),75);
*** Subsample Process ***
Use two-step algorithm!
#NNI moves:0/152
Remaining: 0
#NNI moves:0/152
#NNI moves:0/152
((((((((((((((((54,(51,45)),((53,40),39)),67),((((64,59),(29,76)),(89,69)),((24,75),62))),((((34,(50,77)),9),((16,38),11)),(((44,(32,22)),((17,72),12)),35))),((((((((((80,58),91),(57,8)),6),23),(7,(36,55))),49),((((10,84),30),(13,43)),(26,73))),1),(((4,((15,92),(19,18))),(68,86)),74))),((((((20,(31,56)),((5,70),(14,41))),(27,90)),(83,42)),37),((((94,(100,95)),97),((93,96),99)),98))),(((((48,46),28),2),65),((25,47),(82,52)))),81),88),((87,61),(60,33))),66),((79,63),(85,3))),71),78),21);
#NNI moves:0/152
Remaining: 0
#NNI moves:0/152
#NNI moves:0/152
((((((((((((((87,61),(60,33)),((((85,3),(79,63)),(71,(78,21))),66)),88),81),(((((46,48),28),2),65),((52,82),(25,47)))),(((((93,96),99),(((95,100),94),97)),98),((((((56,31),20),((70,5),(14,41))),(27,90)),(83,42)),37))),((((((13,43),((84,10),30)),(73,26)),(((((((58,80),91),(8,57)),6),23),((55,36),7)),49)),1),(74,((86,68),(((19,18),(92,15)),4))))),(((((77,50),34),9),((16,38),11)),((((32,22),44),((17,72),12)),35))),((((45,51),54),((40,53),39)),67)),(((29,76),(64,59)),(89,69))),62),75),24);
#NNI moves:0/152
Remaining: 0
#NNI moves:0/152
#NNI moves:0/152
(((((((((((((((77,50),34),9),((16,38),11)),((((22,32),44),(12,(17,72))),35)),((((54,(51,45)),((40,53),39)),67),((((29,76),(64,59)),(69,89)),((75,24),62)))),(((((((((57,8),(91,(58,80))),6),23),((55,36),7)),49),(((43,13),((84,10),30)),(73,26))),1),(((86,68),(((15,92),(19,18)),4)),74))),(((((93,96),99),((94,(95,100)),97)),98),((((((56,31),20),((70,5),(14,41))),(90,27)),(83,42)),37))),((((28,(46,48)),2),65),((47,25),(82,52)))),81),88),((((78,21),71),((79,63),(85,3))),66)),(60,33)),61),87);
#NNI moves:0/152
Remaining: 0
#NNI moves:0/152
#NNI moves:0/152
(((((((((((((25,47),(52,82)),((((48,46),28),2),65)),(((((((21,78),71),((63,79),(3,85))),66),((33,60),(61,87))),88),81)),(((((94,(95,100)),97),(99,(96,93))),98),((((((41,14),(70,5)),((56,31),20)),(90,27)),(42,83)),37))),((((((((((80,58),91),(8,57)),6),23),((36,55),7)),49),(((30,(10,84)),(13,43)),(73,26))),1),(((86,68),(((18,19),(92,15)),4)),74))),(((((50,77),34),9),((38,16),11)),((((17,72),12),((32,22),44)),35))),(((89,69),((64,59),(29,76))),(62,(24,75)))),67),((40,53),39)),54),45),51);
Current score: 1.92037e+09
Current tree: ((24,(62,(((89,69),((64,59),(29,76))),((((((((25,47),(52,82)),((((48,46),28),2),65)),(((((((21,78),71),((63,79),(3,85))),66),((33,60),(61,87))),88),81)),(((((94,(95,100)),97),(99,(96,93))),98),((((((41,14),(70,5)),((56,31),20)),(90,27)),(42,83)),37))),((((((((((80,58),91),(8,57)),6),23),((36,55),7)),49),(((30,(10,84)),(13,43)),(73,26))),1),(((86,68),(((18,19),(92,15)),4)),74))),(((((50,77),34),9),((38,16),11)),((((17,72),12),((32,22),44)),35))),(67,(((40,53),39),(54,(45,51)))))))),75);
Final Tree: ((24,(62,(((89,69),((64,59),(29,76))),((((((((25,47),(52,82)),((((48,46),28),2),65)),(((((((21,78),71),((63,79),(3,85))),66),((33,60),(61,87))),88),81)),(((((94,(95,100)),97),(99,(96,93))),98),((((((41,14),(70,5)),((56,31),20)),(90,27)),(42,83)),37))),((((((((((80,58),91),(8,57)),6),23),((36,55),7)),49),(((30,(10,84)),(13,43)),(73,26))),1),(((86,68),(((18,19),(92,15)),4)),74))),(((((50,77),34),9),((38,16),11)),((((17,72),12),((32,22),44)),35))),(67,(((40,53),39),(54,(45,51)))))))),75);
#EqQuartets: 2266587087
Score: 1920365334
ASTRAL for PaRalogs and Orthologs III (ASTRAL-Pro3)
*** NOW with integrated CASTLES-Pro ***
Version: v1.22.3.6
Read 512 genetrees and found 100 species.
#Genetrees: 1000
#Duploss: 9151
#Species: 100
#Rounds: 4
#Samples: 4
#Threads: 1
Use two-step algorithm!
Guide Tree 0/16
#NNI moves:0/152
Guide Tree 1/16
#NNI moves:0/152
Guide Tree 2/16
#NNI moves:0/152
Guide Tree 3/16
#NNI moves:0/152
Guide Tree 4/16
#NNI moves:0/152
Guide Tree 5/16
#NNI moves:0/152
Guide Tree 6/16
#NNI moves:0/152
Guide Tree 7/16
#NNI moves:0/152
Guide Tree 8/16
#NNI moves:0/152
Guide Tree 9/16
#NNI moves:0/152
Guide Tree 10/16
#NNI moves:0/152
Guide Tree 11/16
#NNI moves:0/152
Guide Tree 12/16
#NNI moves:0/152
Guide Tree 13/16
#NNI moves:0/152
Guide Tree 14/16
#NNI moves:0/152
Guide Tree 15/16
#NNI moves:0/152
Remaining: 0
#NNI moves:0/152
#NNI moves:0/152
(((((((((((((((((86,((78,94),96)),(30,23)),(33,(28,71))),63),(((((9,11),2),16),((10,4),(13,8))),((14,((7,15),((3,1),12))),(5,6)))),((((((76,27),83),((46,(82,64)),42)),(47,56)),((54,(17,66)),((84,25),89))),(31,32))),(((((35,90),(21,51)),((39,37),73)),45),((((26,((75,93),53)),74),24),(81,(38,((98,29),(68,50))))))),(((55,61),((20,(48,52)),(77,72))),(58,87))),((43,80),34)),(60,100)),(((97,(91,85)),79),18)),92),(((49,99),(((36,59),69),((22,19),95))),((((65,40),44),62),41))),88),67),70),57);
Guide Tree 0/16
#NNI moves:0/152
Guide Tree 1/16
#NNI moves:0/152
Guide Tree 2/16
#NNI moves:0/152
Guide Tree 3/16
#NNI moves:0/152
Guide Tree 4/16
#NNI moves:0/152
Guide Tree 5/16
#NNI moves:0/152
Guide Tree 6/16
#NNI moves:0/152
Guide Tree 7/16
#NNI moves:0/152
Guide Tree 8/16
#NNI moves:0/152
Guide Tree 9/16
#NNI moves:0/152
Guide Tree 10/16
#NNI moves:0/152
Guide Tree 11/16
#NNI moves:0/152
Guide Tree 12/16
#NNI moves:0/152
Guide Tree 13/16
#NNI moves:0/152
Guide Tree 14/16
#NNI moves:0/152
Guide Tree 15/16
#NNI moves:0/152
Remaining: 0
#NNI moves:0/152
#NNI moves:0/152
(((((((((((((((((86,((94,78),96)),(30,23)),(33,(71,28))),63),((((2,(9,11)),16),((8,13),(4,10))),((((15,7),(12,(3,1))),14),(6,5)))),(((((42,((82,64),46)),((27,76),83)),(56,47)),(((25,84),89),((17,66),54))),(31,32))),((((((29,98),(50,68)),38),81),(((26,((93,75),53)),74),24)),(45,(((90,35),(21,51)),(73,(39,37)))))),((58,87),((55,61),(((48,52),20),(72,77))))),(34,(43,80))),(100,60)),(((97,(85,91)),79),18)),92),((((95,(19,22)),(69,(59,36))),(49,99)),(((44,(40,65)),62),41))),88),67),70),57);
Guide Tree 0/16
#NNI moves:0/152
Guide Tree 1/16
#NNI moves:0/152
Guide Tree 2/16
#NNI moves:0/152
Guide Tree 3/16
#NNI moves:0/152
Guide Tree 4/16
#NNI moves:0/152
Guide Tree 5/16
#NNI moves:0/152
Guide Tree 6/16
#NNI moves:0/152
Guide Tree 7/16
#NNI moves:0/152
Guide Tree 8/16
#NNI moves:0/152
Guide Tree 9/16
#NNI moves:0/152
Guide Tree 10/16
#NNI moves:0/152
Guide Tree 11/16
#NNI moves:0/152
Guide Tree 12/16
#NNI moves:0/152
Guide Tree 13/16
#NNI moves:0/152
Guide Tree 14/16
#NNI moves:0/152
Guide Tree 15/16
#NNI moves:0/152
Remaining: 0
#NNI moves:0/152
#NNI moves:0/152
((((((((((((((((5,6),((((1,3),12),(15,7)),14)),(((13,8),(4,10)),((2,(9,11)),16))),((((((78,94),96),86),(23,30)),((28,71),33)),63)),(((((17,66),54),(89,(84,25))),(((42,(46,(64,82))),(83,(27,76))),(47,56))),(31,32))),(((((26,(53,(75,93))),74),24),((((50,68),(29,98)),38),81)),((((21,51),(35,90)),(73,(37,39))),45))),((58,87),((55,61),((20,(48,52)),(77,72))))),(34,(43,80))),(60,100)),((((85,91),97),79),18)),92),(((((19,22),95),((59,36),69)),(49,99)),((62,((65,40),44)),41))),88),67),70),57);
Guide Tree 0/16
#NNI moves:0/152
Guide Tree 1/16
#NNI moves:0/152
Guide Tree 2/16
#NNI moves:0/152
Guide Tree 3/16
#NNI moves:0/152
Guide Tree 4/16
#NNI moves:0/152
Guide Tree 5/16
#NNI moves:0/152
Guide Tree 6/16
#NNI moves:0/152
Guide Tree 7/16
#NNI moves:0/152
Guide Tree 8/16
#NNI moves:0/152
Guide Tree 9/16
#NNI moves:0/152
Guide Tree 10/16
#NNI moves:0/152
Guide Tree 11/16
#NNI moves:0/152
Guide Tree 12/16
#NNI moves:0/152
Guide Tree 13/16
#NNI moves:0/152
Guide Tree 14/16
#NNI moves:0/152
Guide Tree 15/16
#NNI moves:0/152
Remaining: 0
#NNI moves:0/152
#NNI moves:0/152
(((((((((((((((73,(37,39)),((21,51),(90,35))),45),(((74,(((75,93),53),26)),24),(81,(((29,98),(50,68)),38)))),((((((23,30),((96,(94,78)),86)),((28,71),33)),63),((((8,13),(4,10)),(((9,11),2),16)),((14,((15,7),((3,1),12))),(5,6)))),((((89,(84,25)),(54,(17,66))),((47,56),((83,(76,27)),(((64,82),46),42)))),(31,32)))),(((((52,48),20),(72,77)),(61,55)),(58,87))),((43,80),34)),(60,100)),((((85,91),97),79),18)),92),(((((59,36),69),((19,22),95)),(49,99)),((((65,40),44),62),41))),88),67),70),57);
Initial score: 1.77046e+09
Initial tree: (((((((((((((((73,(37,39)),((21,51),(90,35))),45),(((74,(((75,93),53),26)),24),(81,(((29,98),(50,68)),38)))),((((((23,30),((96,(94,78)),86)),((28,71),33)),63),((((8,13),(4,10)),(((9,11),2),16)),((14,((15,7),((3,1),12))),(5,6)))),((((89,(84,25)),(54,(17,66))),((47,56),((83,(76,27)),(((64,82),46),42)))),(31,32)))),(((((52,48),20),(72,77)),(61,55)),(58,87))),((43,80),34)),(60,100)),((((85,91),97),79),18)),92),(((((59,36),69),((19,22),95)),(49,99)),((((65,40),44),62),41))),88),67),70),57);
*** Subsample Process ***
Use two-step algorithm!
#NNI moves:0/152
Remaining: 0
#NNI moves:0/152
#NNI moves:0/152
(((((((((((((13,8),(4,10)),((2,(11,9)),16)),(((((3,1),12),(15,7)),14),(6,5))),(((33,(28,71)),((((94,78),96),86),(23,30))),63)),(((((83,(27,76)),((46,(82,64)),42)),(56,47)),((89,(25,84)),((66,17),54))),(32,31))),(((((((((((19,22),95),((36,59),69)),(99,49)),(((44,(40,65)),62),41)),(88,((70,57),67))),92),(18,((97,(91,85)),79))),(60,100)),((43,80),34)),(((((48,52),20),(77,72)),(55,61)),(58,87)))),(((74,(((75,93),53),26)),24),((((68,50),(98,29)),38),81))),45),((37,39),73)),(90,35)),51),21);
#NNI moves:0/152
Remaining: 0
#NNI moves:0/152
#NNI moves:0/152
(((((((((((((((71,28),33),(((96,(94,78)),86),(23,30))),63),((((((1,3),12),(15,7)),14),(5,6)),((16,((11,9),2)),((13,8),(4,10))))),(((((83,(76,27)),(((64,82),46),42)),(56,47)),(((84,25),89),((66,17),54))),(31,32))),(((((26,((75,93),53)),74),24),(81,(((68,50),(98,29)),38))),((((39,37),73),((35,90),(51,21))),45))),(((((52,48),20),(72,77)),(55,61)),(87,58))),(34,(80,43))),(100,60)),(((97,(91,85)),79),18)),92),(((((36,59),69),((19,22),95)),(49,99)),(41,((44,(65,40)),62)))),(67,(70,57))),88);
#NNI moves:0/152
Remaining: 0
#NNI moves:0/152
#NNI moves:0/152
(((((((((((((((91,85),97),79),18),(((((49,99),((69,(59,36)),((22,19),95))),(((44,(40,65)),62),41)),(((70,57),67),88)),92)),(100,60)),(34,(43,80))),((87,58),(((20,(52,48)),(72,77)),(55,61)))),((((74,(((75,93),53),26)),24),((((98,29),(68,50)),38),81)),((((51,21),(90,35)),(73,(39,37))),45))),(((((83,(76,27)),(((64,82),46),42)),(47,56)),(((25,84),89),(54,(17,66)))),(32,31))),(((((12,(1,3)),(7,15)),14),(5,6)),(((10,4),(13,8)),(((11,9),2),16)))),63),((86,((94,78),96)),(30,23))),(28,71)),33);
#NNI moves:0/152
Remaining: 0
#NNI moves:0/152
#NNI moves:0/152
((((((((((((((((((15,7),((3,1),12)),14),(6,5)),(((4,10),(13,8)),(16,((11,9),2)))),(((((96,(78,94)),86),(30,23)),(33,(28,71))),63)),(((((84,25),89),((17,66),54)),(((((82,64),46),42),((76,27),83)),(47,56))),(31,32))),(((((((75,93),53),26),74),24),(81,(38,((98,29),(68,50))))),((((21,51),(90,35)),(73,(37,39))),45))),((((20,(48,52)),(77,72)),(61,55)),(58,87))),((80,43),34)),(60,100)),((((91,85),97),79),18)),92),(((70,57),67),88)),((62,(44,(65,40))),41)),(((22,19),95),((59,36),69))),99),49);
Current score: 1.77046e+09
Current tree: ((70,(67,(88,((((((((((((((15,7),((3,1),12)),14),(6,5)),(((4,10),(13,8)),(16,((11,9),2)))),(((((96,(78,94)),86),(30,23)),(33,(28,71))),63)),(((((84,25),89),((17,66),54)),(((((82,64),46),42),((76,27),83)),(47,56))),(31,32))),(((((((75,93),53),26),74),24),(81,(38,((98,29),(68,50))))),((((21,51),(90,35)),(73,(37,39))),45))),((((20,(48,52)),(77,72)),(61,55)),(58,87))),((80,43),34)),(60,100)),((((91,85),97),79),18)),92),(((62,(44,(65,40))),41),((((22,19),95),((59,36),69)),(99,49))))))),57);
Final Tree: ((70,(67,(88,((((((((((((((15,7),((3,1),12)),14),(6,5)),(((4,10),(13,8)),(16,((11,9),2)))),(((((96,(78,94)),86),(30,23)),(33,(28,71))),63)),(((((84,25),89),((17,66),54)),(((((82,64),46),42),((76,27),83)),(47,56))),(31,32))),(((((((75,93),53),26),74),24),(81,(38,((98,29),(68,50))))),((((21,51),(90,35)),(73,(37,39))),45))),((((20,(48,52)),(77,72)),(61,55)),(58,87))),((80,43),34)),(60,100)),((((91,85),97),79),18)),92),(((62,(44,(65,40))),41),((((22,19),95),((59,36),69)),(99,49))))))),57);
#EqQuartets: 2166628578
Score: 1770459371
ASTRAL for PaRalogs and Orthologs III (ASTRAL-Pro3)
*** NOW with integrated CASTLES-Pro ***
Version: v1.22.3.6
Read 512 genetrees and found 100 species.
#Genetrees: 991
#Duploss: 9814
#Species: 100
#Rounds: 4
#Samples: 4
#Threads: 1
Use two-step algorithm!
Guide Tree 0/16
#NNI moves:0/152
Guide Tree 1/16
#NNI moves:0/152
Guide Tree 2/16
#NNI moves:0/152
Guide Tree 3/16
#NNI moves:0/152
Guide Tree 4/16
#NNI moves:0/152
Guide Tree 5/16
#NNI moves:0/152
Guide Tree 6/16
#NNI moves:0/152
Guide Tree 7/16
#NNI moves:0/152
Guide Tree 8/16
#NNI moves:0/152
Guide Tree 9/16
#NNI moves:0/152
Guide Tree 10/16
#NNI moves:0/152
Guide Tree 11/16
#NNI moves:0/152
Guide Tree 12/16
#NNI moves:0/152
Guide Tree 13/16
#NNI moves:0/152
Guide Tree 14/16
#NNI moves:0/152
Guide Tree 15/16
#NNI moves:0/152
Remaining: 0
#NNI moves:0/152
#NNI moves:0/152
(((((((((((((((39,96),72),(21,41)),(((56,55),18),(70,71))),(25,(((27,37),((42,33),(62,49))),16))),(13,20)),((((87,73),30),(43,64)),(((93,22),97),(79,(47,51))))),(((8,46),57),59)),(((((((69,24),((48,52),(82,89))),(((((58,53),50),6),98),((12,77),65))),((3,1),2)),((((80,17),(31,38)),63),((14,34),((40,54),90)))),15),(((28,95),(94,88)),10))),(((((((45,92),4),91),26),100),78),(((83,68),44),(29,(32,67))))),((76,81),(66,(84,86)))),(11,(((7,61),60),19))),(((74,9),(23,5)),(85,35))),(36,99)),75);
Guide Tree 0/16
#NNI moves:0/152
Guide Tree 1/16
#NNI moves:0/152
Guide Tree 2/16
#NNI moves:0/152
Guide Tree 3/16
#NNI moves:0/152
Guide Tree 4/16
#NNI moves:0/152
Guide Tree 5/16
#NNI moves:0/152
Guide Tree 6/16
#NNI moves:0/152
Guide Tree 7/16
#NNI moves:0/152
Guide Tree 8/16
#NNI moves:0/152
Guide Tree 9/16
#NNI moves:0/152
Guide Tree 10/16
#NNI moves:2/152
Guide Tree 11/16
#NNI moves:0/152
Guide Tree 12/16
#NNI moves:0/152
Guide Tree 13/16
#NNI moves:0/152
Guide Tree 14/16
#NNI moves:0/152
Guide Tree 15/16
#NNI moves:0/152
Remaining: 0
#NNI moves:0/152
#NNI moves:0/152
(((((((((((((73,87),30),(64,43)),(((93,22),97),((47,51),79))),((13,20),((((41,21),((96,39),72)),((70,71),(18,(56,55)))),(((((33,42),(62,49)),(27,37)),16),25)))),((57,(46,8)),59)),(((((((98,(((53,58),50),6)),(65,(77,12))),((69,24),((52,48),(82,89)))),((3,1),2)),((((80,17),(31,38)),63),((90,(40,54)),(14,34)))),15),(((95,28),(88,94)),10))),((((((4,(45,92)),91),26),100),78),(((32,67),29),((83,68),44)))),(((86,84),66),(76,81))),((((61,7),60),19),11)),((35,85),((74,9),(23,5)))),(99,36)),75);
Guide Tree 0/16
#NNI moves:0/152
Guide Tree 1/16
#NNI moves:0/152
Guide Tree 2/16
#NNI moves:0/152
Guide Tree 3/16
#NNI moves:0/152
Guide Tree 4/16
#NNI moves:0/152
Guide Tree 5/16
#NNI moves:0/152
Guide Tree 6/16
#NNI moves:0/152
Guide Tree 7/16
#NNI moves:0/152
Guide Tree 8/16
#NNI moves:0/152
Guide Tree 9/16
#NNI moves:0/152
Guide Tree 10/16
#NNI moves:0/152
Guide Tree 11/16
#NNI moves:0/152
Guide Tree 12/16
#NNI moves:0/152
Guide Tree 13/16
#NNI moves:0/152
Guide Tree 14/16
#NNI moves:0/152
Guide Tree 15/16
#NNI moves:0/152
Remaining: 0
#NNI moves:0/152
#NNI moves:0/152
(((((((((((((((48,52),(89,82)),(24,69)),((65,(77,12)),((((58,53),50),6),98))),(2,(3,1))),((((80,17),(38,31)),63),((14,34),((54,40),90)))),15),(((94,88),(95,28)),10)),(((((((41,21),((39,96),72)),(((56,55),18),(71,70))),(((((62,49),(42,33)),(27,37)),16),25)),(13,20)),((((73,87),30),(43,64)),((79,(47,51)),((93,22),97)))),(((46,8),57),59))),((78,(((91,((92,45),4)),26),100)),(((83,68),44),(29,(32,67))))),((81,76),(66,(86,84)))),((((7,61),60),19),11)),((35,85),((9,74),(23,5)))),(99,36)),75);
Guide Tree 0/16
#NNI moves:0/152
Guide Tree 1/16
#NNI moves:0/152
Guide Tree 2/16
#NNI moves:0/152
Guide Tree 3/16
#NNI moves:0/152
Guide Tree 4/16
#NNI moves:0/152
Guide Tree 5/16
#NNI moves:0/152
Guide Tree 6/16
#NNI moves:0/152
Guide Tree 7/16
#NNI moves:0/152
Guide Tree 8/16
#NNI moves:0/152
Guide Tree 9/16
#NNI moves:0/152
Guide Tree 10/16
#NNI moves:0/152
Guide Tree 11/16
#NNI moves:0/152
Guide Tree 12/16
#NNI moves:0/152
Guide Tree 13/16
#NNI moves:0/152
Guide Tree 14/16
#NNI moves:0/152
Guide Tree 15/16
#NNI moves:0/152
Remaining: 0
#NNI moves:2/152
#NNI moves:2/152
(((((((((((((((27,37),((33,42),(62,49))),16),25),(((18,(56,55)),(70,71)),((72,(96,39)),(21,41)))),(13,20)),(((97,(93,22)),(79,(51,47))),((43,64),((73,87),30)))),((57,(8,46)),59)),((((((34,14),((40,54),90)),(63,((17,80),(31,38)))),((((98,(((58,53),50),6)),((12,77),65)),((24,69),((82,89),(52,48)))),((3,1),2))),15),(((28,95),(94,88)),10))),(((((91,((45,92),4)),26),100),78),((29,(67,32)),((83,68),44)))),((81,76),(66,(86,84)))),((19,(60,(7,61))),11)),(((23,5),(9,74)),(35,85))),(36,99)),75);
Initial score: 1.74978e+09
Initial tree: (((((((((((((((27,37),((33,42),(62,49))),16),25),(((18,(56,55)),(70,71)),((72,(96,39)),(21,41)))),(13,20)),(((97,(93,22)),(79,(51,47))),((43,64),((73,87),30)))),((57,(8,46)),59)),((((((34,14),((40,54),90)),(63,((17,80),(31,38)))),((((98,(((58,53),50),6)),((12,77),65)),((24,69),((82,89),(52,48)))),((3,1),2))),15),(((28,95),(94,88)),10))),(((((91,((45,92),4)),26),100),78),((29,(67,32)),((83,68),44)))),((81,76),(66,(86,84)))),((19,(60,(7,61))),11)),(((23,5),(9,74)),(35,85))),(36,99)),75);
*** Subsample Process ***
Use two-step algorithm!
#NNI moves:0/152
Remaining: 0
#NNI moves:0/152
#NNI moves:0/152
(((((((((((((((((69,24),((82,89),(52,48))),(((((53,58),50),6),98),((77,12),65))),(2,(1,3))),((63,((17,80),(31,38))),(((40,54),90),(14,34)))),15),(((88,94),(95,28)),10)),((((((36,99),75),(((23,5),(9,74)),(35,85))),(((60,(61,7)),19),11)),((76,81),(66,(86,84)))),(((44,(68,83)),((32,67),29)),((((91,(4,(45,92))),26),100),78)))),(((46,8),57),59)),(((79,(47,51)),((22,93),97)),((64,43),((73,87),30)))),(13,20)),(25,(((27,37),((49,62),(42,33))),16))),((72,(96,39)),(21,41))),(71,70)),18),55),56);
#NNI moves:0/152
Remaining: 0
#NNI moves:0/152
#NNI moves:0/152
((((((((((((((((((49,62),(33,42)),(37,27)),16),25),(((21,41),(72,(39,96))),((18,(55,56)),(70,71)))),(13,20)),(((79,(51,47)),((93,22),97)),(((87,73),30),(64,43)))),(((46,8),57),59)),(((((((80,17),(38,31)),63),(((40,54),90),(14,34))),((((24,69),((89,82),(52,48))),(((77,12),65),((((53,58),50),6),98))),(2,(1,3)))),15),(((94,88),(95,28)),10))),((((67,32),29),((83,68),44)),((((((92,45),4),91),26),100),78))),((76,81),(66,(86,84)))),((19,(60,(61,7))),11)),((36,99),75)),(85,35)),(74,9)),5),23);
#NNI moves:0/152
Remaining: 0
#NNI moves:6/152
#NNI moves:6/152
(((((((((((((((54,40),90),(14,34)),(63,((17,80),(38,31)))),((((69,24),((89,82),(52,48))),(((12,77),65),((((53,58),50),6),98))),((1,3),2))),15),(10,((94,88),(28,95)))),((((((((55,56),18),(71,70)),((21,41),((96,39),72))),(((((49,62),(33,42)),(27,37)),16),25)),(13,20)),(((79,(51,47)),((93,22),97)),((43,64),((87,73),30)))),(((8,46),57),59))),(((29,(67,32)),(44,(83,68))),(((((4,(45,92)),91),26),100),78))),((81,76),(66,(86,84)))),((((7,61),60),19),11)),((85,35),((74,9),(23,5)))),75),99),36);
#NNI moves:0/152
Remaining: 0
#NNI moves:4/152
#NNI moves:4/152
(((((((((((((((((62,49),(42,33)),(37,27)),16),25),((((56,55),18),(70,71)),((41,21),(72,(39,96))))),(13,20)),(((97,(22,93)),((47,51),79)),((30,(87,73)),(43,64)))),(((8,46),57),59)),((((((((92,45),4),91),26),100),78),(((67,32),29),((83,68),44))),(((11,(((7,61),60),19)),((((74,9),(5,23)),(35,85)),((36,99),75))),((66,(84,86)),(76,81))))),(((28,95),(88,94)),10)),15),((((69,24),((48,52),(82,89))),((((50,(53,58)),6),98),((12,77),65))),(2,(1,3)))),(((17,80),(31,38)),63)),((40,54),90)),34),14);
Current score: 1.74978e+09
Current tree: (((36,99),((((74,9),(5,23)),(35,85)),((11,(((7,61),60),19)),(((66,(84,86)),(76,81)),((((((((92,45),4),91),26),100),78),(((67,32),29),((83,68),44))),((((((((((62,49),(42,33)),(37,27)),16),25),((((56,55),18),(70,71)),((41,21),(72,(39,96))))),(13,20)),(((97,(22,93)),((47,51),79)),((30,(87,73)),(43,64)))),(((8,46),57),59)),((((28,95),(88,94)),10),(15,(((((69,24),((48,52),(82,89))),((((50,(53,58)),6),98),((12,77),65))),(2,(1,3))),((((17,80),(31,38)),63),(((40,54),90),(34,14)))))))))))),75);
Final Tree: (((36,99),((((74,9),(5,23)),(35,85)),((11,(((7,61),60),19)),(((66,(84,86)),(76,81)),((((((((92,45),4),91),26),100),78),(((67,32),29),((83,68),44))),((((((((((62,49),(42,33)),(37,27)),16),25),((((56,55),18),(70,71)),((41,21),(72,(39,96))))),(13,20)),(((97,(22,93)),((47,51),79)),((30,(87,73)),(43,64)))),(((8,46),57),59)),((((28,95),(88,94)),10),(15,(((((69,24),((48,52),(82,89))),((((50,(53,58)),6),98),((12,77),65))),(2,(1,3))),((((17,80),(31,38)),63),(((40,54),90),(34,14)))))))))))),75);
#EqQuartets: 2177746826
Score: 1749782023
ASTRAL for PaRalogs and Orthologs III (ASTRAL-Pro3)
*** NOW with integrated CASTLES-Pro ***
Version: v1.22.3.6
Read 512 genetrees and found 100 species.
#Genetrees: 1000
#Duploss: 7492
#Species: 100
#Rounds: 4
#Samples: 4
#Threads: 1
Use two-step algorithm!
Guide Tree 0/16
#NNI moves:0/152
Guide Tree 1/16
#NNI moves:0/152
Guide Tree 2/16
#NNI moves:0/152
Guide Tree 3/16
#NNI moves:0/152
Guide Tree 4/16
#NNI moves:0/152
Guide Tree 5/16
#NNI moves:0/152
Guide Tree 6/16
#NNI moves:0/152
Guide Tree 7/16
#NNI moves:0/152
Guide Tree 8/16
#NNI moves:0/152
Guide Tree 9/16
#NNI moves:0/152
Guide Tree 10/16
#NNI moves:0/152
Guide Tree 11/16
#NNI moves:0/152
Guide Tree 12/16
#NNI moves:0/152
Guide Tree 13/16
#NNI moves:0/152
Guide Tree 14/16
#NNI moves:0/152
Guide Tree 15/16
#NNI moves:0/152
Remaining: 0
#NNI moves:0/152
#NNI moves:0/152
((((((((((((((76,(30,65)),99),(((73,68),53),57)),(((((23,72),77),80),66),34)),(74,(45,36))),(((86,94),24),((38,82),61))),(((((1,14),(5,20)),((11,(13,9)),12)),((6,16),(2,19))),((((((4,8),21),(10,18)),22),(3,17)),(7,15)))),((((((((69,64),(70,(78,25))),(33,(88,44))),84),((98,((59,50),92)),71)),(((((95,31),35),(58,91)),48),(56,27))),(((((83,32),79),((39,89),52)),(43,54)),((51,(((47,((((62,93),87),40),100)),(28,55)),(63,96))),81))),((49,85),(42,37)))),46),(41,(90,(75,97)))),60),26),29),67);
Guide Tree 0/16
#NNI moves:0/152
Guide Tree 1/16
#NNI moves:0/152
Guide Tree 2/16
#NNI moves:0/152
Guide Tree 3/16
#NNI moves:0/152
Guide Tree 4/16
#NNI moves:0/152
Guide Tree 5/16
#NNI moves:0/152
Guide Tree 6/16
#NNI moves:0/152
Guide Tree 7/16
#NNI moves:0/152
Guide Tree 8/16
#NNI moves:0/152
Guide Tree 9/16
#NNI moves:0/152
Guide Tree 10/16
#NNI moves:0/152
Guide Tree 11/16
#NNI moves:0/152
Guide Tree 12/16
#NNI moves:0/152
Guide Tree 13/16
#NNI moves:0/152
Guide Tree 14/16
#NNI moves:0/152
Guide Tree 15/16
#NNI moves:0/152
Remaining: 0
#NNI moves:0/152
#NNI moves:0/152
(((((((((((((52,(89,39)),((83,32),79)),(54,43)),((51,(((((((93,62),87),40),100),47),(55,28)),(63,96))),81)),((((((44,88),33),(((25,78),70),(69,64))),84),((((59,50),92),98),71)),((27,56),(((58,91),((95,31),35)),48)))),((37,42),(49,85))),((((((14,1),(5,20)),((11,(9,13)),12)),((19,2),(16,6))),(((3,17),((((8,4),21),(10,18)),22)),(7,15))),((((((76,(65,30)),99),(57,((68,73),53))),(((((23,72),77),80),66),34)),((45,36),74)),(((94,86),24),((82,38),61))))),46),(((97,75),90),41)),60),26),29),67);
Guide Tree 0/16
#NNI moves:0/152
Guide Tree 1/16
#NNI moves:0/152
Guide Tree 2/16
#NNI moves:0/152
Guide Tree 3/16
#NNI moves:0/152
Guide Tree 4/16
#NNI moves:0/152
Guide Tree 5/16
#NNI moves:0/152
Guide Tree 6/16
#NNI moves:0/152
Guide Tree 7/16
#NNI moves:0/152
Guide Tree 8/16
#NNI moves:0/152
Guide Tree 9/16
#NNI moves:0/152
Guide Tree 10/16
#NNI moves:0/152
Guide Tree 11/16
#NNI moves:0/152
Guide Tree 12/16
#NNI moves:0/152
Guide Tree 13/16
#NNI moves:0/152
Guide Tree 14/16
#NNI moves:0/152
Guide Tree 15/16
#NNI moves:0/152
Remaining: 0
#NNI moves:0/152
#NNI moves:0/152
(((((((((((((((88,44),33),((64,69),(70,(25,78)))),84),(71,((92,(50,59)),98))),((((58,91),((95,31),35)),48),(56,27))),((((((((((93,62),87),40),100),47),(28,55)),(63,96)),51),81),((54,43),((79,(83,32)),((39,89),52))))),((42,37),(85,49))),(((((38,82),61),(24,(94,86))),((((((30,65),76),99),((53,(68,73)),57)),((((77,(23,72)),80),66),34)),((45,36),74))),(((((14,1),(5,20)),(12,((13,9),11))),((19,2),(16,6))),(((((10,18),((4,8),21)),22),(17,3)),(7,15))))),46),(41,(90,(75,97)))),60),26),29),67);
Guide Tree 0/16
#NNI moves:0/152
Guide Tree 1/16
#NNI moves:0/152
Guide Tree 2/16
#NNI moves:0/152
Guide Tree 3/16
#NNI moves:0/152
Guide Tree 4/16
#NNI moves:0/152
Guide Tree 5/16
#NNI moves:0/152
Guide Tree 6/16
#NNI moves:0/152
Guide Tree 7/16
#NNI moves:0/152
Guide Tree 8/16
#NNI moves:0/152
Guide Tree 9/16
#NNI moves:0/152
Guide Tree 10/16
#NNI moves:0/152
Guide Tree 11/16
#NNI moves:0/152
Guide Tree 12/16
#NNI moves:0/152
Guide Tree 13/16
#NNI moves:0/152
Guide Tree 14/16
#NNI moves:0/152
Guide Tree 15/16
#NNI moves:0/152
Remaining: 0
#NNI moves:0/152
#NNI moves:0/152
((((((((((((71,((92,(59,50)),98)),((((64,69),(70,(25,78))),((88,44),33)),84)),((48,((58,91),((95,31),35))),(56,27))),(((((63,96),((28,55),(47,((((62,93),87),40),100)))),51),81),((((32,83),79),(52,(89,39))),(43,54)))),((85,49),(37,42))),(((((17,3),(22,(((4,8),21),(10,18)))),(15,7)),(((6,16),(19,2)),(((11,(9,13)),12),((14,1),(5,20))))),((((36,45),74),(((99,(76,(65,30))),(((73,68),53),57)),(((80,((23,72),77)),66),34))),(((94,86),24),((82,38),61))))),46),(41,(90,(97,75)))),60),26),29),67);
Initial score: 2.00036e+09
Initial tree: ((((((((((((71,((92,(59,50)),98)),((((64,69),(70,(25,78))),((88,44),33)),84)),((48,((58,91),((95,31),35))),(56,27))),(((((63,96),((28,55),(47,((((62,93),87),40),100)))),51),81),((((32,83),79),(52,(89,39))),(43,54)))),((85,49),(37,42))),(((((17,3),(22,(((4,8),21),(10,18)))),(15,7)),(((6,16),(19,2)),(((11,(9,13)),12),((14,1),(5,20))))),((((36,45),74),(((99,(76,(65,30))),(((73,68),53),57)),(((80,((23,72),77)),66),34))),(((94,86),24),((82,38),61))))),46),(41,(90,(97,75)))),60),26),29),67);
*** Subsample Process ***
Use two-step algorithm!
#NNI moves:0/152
Remaining: 0
#NNI moves:0/152
#NNI moves:0/152
(((((((((((((((6,16),(19,2)),((12,((13,9),11)),((20,5),(14,1)))),((7,15),(((((8,4),21),(18,10)),22),(17,3)))),((((((((23,72),77),80),66),34),(((53,(68,73)),57),(((65,30),76),99))),((45,36),74)),((24,(94,86)),((82,38),61)))),(((60,((29,67),26)),(41,((75,97),90))),46)),((85,49),(42,37))),(((((63,96),((47,(((87,(62,93)),40),100)),(28,55))),51),81),((((32,83),79),((89,39),52)),(54,43)))),(((((31,95),35),(91,58)),48),(27,56))),((98,((50,59),92)),71)),84),((69,64),(70,(25,78)))),33),44),88);
#NNI moves:0/152
Remaining: 0
#NNI moves:0/152
#NNI moves:0/152
((((((((((((17,3),(((18,10),(21,(4,8))),22)),(7,15)),(((2,19),(6,16)),((12,((13,9),11)),((1,14),(5,20))))),((((((80,(77,(72,23))),66),34),((57,(53,(73,68))),((76,(65,30)),99))),(74,(45,36))),((24,(94,86)),((38,82),61)))),((((((((69,64),(70,(25,78))),((88,44),33)),84),((98,(92,(59,50))),71)),((((91,58),((95,31),35)),48),(56,27))),((((((28,55),(47,(((87,(93,62)),40),100))),(63,96)),51),81),((((83,32),79),((39,89),52)),(54,43)))),((49,85),(37,42)))),46),(((75,97),90),41)),60),26),67),29);
#NNI moves:0/152
Remaining: 0
#NNI moves:0/152
#NNI moves:0/152
(((((((((((((((55,28),(((((62,93),87),40),100),47)),(63,96)),51),81),((((83,32),79),((89,39),52)),(54,43))),((((((64,69),(70,(25,78))),(33,(44,88))),84),((((50,59),92),98),71)),((27,56),(48,((91,58),((31,95),35)))))),((42,37),(49,85))),((((90,(75,97)),41),(((67,29),26),60)),46)),((((((((23,72),77),80),66),34),(((76,(65,30)),99),(((68,73),53),57))),(74,(45,36))),(((86,94),24),((38,82),61)))),((7,15),(((((8,4),21),(18,10)),22),(17,3)))),((12,((9,13),11)),((1,14),(5,20)))),(6,16)),19),2);
#NNI moves:0/152
Remaining: 0
#NNI moves:0/152
#NNI moves:0/152
((((((((((((((((23,72),77),80),66),34),((((73,68),53),57),(((30,65),76),99))),((45,36),74)),(((82,38),61),((86,94),24))),((((((10,18),(21,(4,8))),22),(3,17)),(15,7)),(((((13,9),11),12),((1,14),(20,5))),((19,2),(6,16))))),(((((((83,32),79),((39,89),52)),(43,54)),(((((47,((((62,93),87),40),100)),(28,55)),(96,63)),51),81)),(((56,27),(48,((91,58),((95,31),35)))),((71,((92,(50,59)),98)),(((33,(88,44)),((70,(78,25)),(69,64))),84)))),((37,42),(85,49)))),46),(60,(26,(29,67)))),41),90),75),97);
Current score: 2.00036e+09
Current tree: ((29,(26,(60,((((((((((((23,72),77),80),66),34),((((73,68),53),57),(((30,65),76),99))),((45,36),74)),(((82,38),61),((86,94),24))),((((((10,18),(21,(4,8))),22),(3,17)),(15,7)),(((((13,9),11),12),((1,14),(20,5))),((19,2),(6,16))))),(((((((83,32),79),((39,89),52)),(43,54)),(((((47,((((62,93),87),40),100)),(28,55)),(96,63)),51),81)),(((56,27),(48,((91,58),((95,31),35)))),((71,((92,(50,59)),98)),(((33,(88,44)),((70,(78,25)),(69,64))),84)))),((37,42),(85,49)))),46),(41,(90,(75,97))))))),67);
Final Tree: ((29,(26,(60,((((((((((((23,72),77),80),66),34),((((73,68),53),57),(((30,65),76),99))),((45,36),74)),(((82,38),61),((86,94),24))),((((((10,18),(21,(4,8))),22),(3,17)),(15,7)),(((((13,9),11),12),((1,14),(20,5))),((19,2),(6,16))))),(((((((83,32),79),((39,89),52)),(43,54)),(((((47,((((62,93),87),40),100)),(28,55)),(96,63)),51),81)),(((56,27),(48,((91,58),((95,31),35)))),((71,((92,(50,59)),98)),(((33,(88,44)),((70,(78,25)),(69,64))),84)))),((37,42),(85,49)))),46),(41,(90,(75,97))))))),67);
#EqQuartets: 2335147337
Score: 2000361694
