ASTRAL for PaRalogs and Orthologs III (ASTRAL-Pro3)
*** NOW with integrated CASTLES-Pro ***
Version: v1.22.3.6
Read 512 genetrees and found 100 species.
#Genetrees: 1000
#Duploss: 0
#Species: 100
#Rounds: 4
#Samples: 4
#Threads: 1
Use two-step algorithm!
Guide Tree 0/16
#NNI moves:0/152
Guide Tree 1/16
#NNI moves:0/152
Guide Tree 2/16
#NNI moves:0/152
Guide Tree 3/16
#NNI moves:0/152
Guide Tree 4/16
#NNI moves:0/152
Guide Tree 5/16
#NNI moves:0/152
Guide Tree 6/16
#NNI moves:0/152
Guide Tree 7/16
#NNI moves:0/152
Guide Tree 8/16
#NNI moves:0/152
Guide Tree 9/16
#NNI moves:0/152
Guide Tree 10/16
#NNI moves:0/152
Guide Tree 11/16
#NNI moves:0/152
Guide Tree 12/16
#NNI moves:0/152
Guide Tree 13/16
#NNI moves:0/152
Guide Tree 14/16
#NNI moves:0/152
Guide Tree 15/16
#NNI moves:0/152
Remaining: 0
#NNI moves:0/152
#NNI moves:0/152
((((((((((((((48,22),(85,46)),((84,59),(73,74))),(((((((60,27),29),45),((26,56),53)),80),(((92,95),100),(13,43))),(78,(72,64)))),(54,98)),((((((55,69),35),34),((40,86),70)),(65,24)),((79,(87,(21,90))),75))),(((96,32),57),(49,89))),(((((((14,99),(66,28)),83),61),(42,67)),((81,88),(82,62))),(38,37))),(((((18,51),((15,68),76)),((17,39),(41,33))),((77,((((50,23),44),(71,16)),97)),(91,(36,(94,30))))),((((((1,11),8),(10,(6,9))),(3,12)),7),((4,5),2)))),(63,(19,58))),(93,20)),(31,25)),52),47);
Guide Tree 0/16
#NNI moves:0/152
Guide Tree 1/16
#NNI moves:0/152
Guide Tree 2/16
#NNI moves:0/152
Guide Tree 3/16
#NNI moves:0/152
Guide Tree 4/16
#NNI moves:0/152
Guide Tree 5/16
#NNI moves:0/152
Guide Tree 6/16
#NNI moves:0/152
Guide Tree 7/16
#NNI moves:0/152
Guide Tree 8/16
#NNI moves:0/152
Guide Tree 9/16
#NNI moves:0/152
Guide Tree 10/16
#NNI moves:0/152
Guide Tree 11/16
#NNI moves:0/152
Guide Tree 12/16
#NNI moves:0/152
Guide Tree 13/16
#NNI moves:0/152
Guide Tree 14/16
#NNI moves:0/152
Guide Tree 15/16
#NNI moves:0/152
Remaining: 0
#NNI moves:0/152
#NNI moves:0/152
(((((((((((((((55,69),35),34),((40,86),70)),(65,24)),((79,((90,21),87)),75)),(((((64,72),78),((80,((((60,27),29),45),((26,56),53))),((100,(92,95)),(13,43)))),(((73,74),(59,84)),((46,85),(22,48)))),(98,54))),((89,49),((96,32),57))),(((((((14,99),(66,28)),83),61),(67,42)),((88,81),(82,62))),(37,38))),(((((76,(15,68)),(51,18)),((39,17),(33,41))),((((94,30),36),91),((((71,16),(44,(50,23))),97),77))),((((12,3),(((6,9),10),(8,(1,11)))),7),((5,4),2)))),(63,(19,58))),(20,93)),(25,31)),52),47);
Guide Tree 0/16
#NNI moves:0/152
Guide Tree 1/16
#NNI moves:0/152
Guide Tree 2/16
#NNI moves:0/152
Guide Tree 3/16
#NNI moves:0/152
Guide Tree 4/16
#NNI moves:0/152
Guide Tree 5/16
#NNI moves:0/152
Guide Tree 6/16
#NNI moves:0/152
Guide Tree 7/16
#NNI moves:0/152
Guide Tree 8/16
#NNI moves:0/152
Guide Tree 9/16
#NNI moves:0/152
Guide Tree 10/16
#NNI moves:0/152
Guide Tree 11/16
#NNI moves:0/152
Guide Tree 12/16
#NNI moves:0/152
Guide Tree 13/16
#NNI moves:0/152
Guide Tree 14/16
#NNI moves:0/152
Guide Tree 15/16
#NNI moves:0/152
Remaining: 0
#NNI moves:0/152
#NNI moves:0/152
((((((((((((((72,64),78),(((13,43),((92,95),100)),(((((27,60),29),45),(53,(26,56))),80))),(((48,22),(85,46)),((59,84),(74,73)))),(54,98)),(((((35,(69,55)),34),(70,(86,40))),(24,65)),(((87,(21,90)),79),75))),((89,49),((96,32),57))),(((((((14,99),(66,28)),83),61),(42,67)),((82,62),(88,81))),(37,38))),((((((30,94),36),91),((((44,(23,50)),(16,71)),97),77)),(((76,(15,68)),(51,18)),((39,17),(41,33)))),((((12,3),(((1,11),8),(10,(9,6)))),7),(2,(5,4))))),(63,(19,58))),(93,20)),(25,31)),52),47);
Guide Tree 0/16
#NNI moves:0/152
Guide Tree 1/16
#NNI moves:0/152
Guide Tree 2/16
#NNI moves:0/152
Guide Tree 3/16
#NNI moves:0/152
Guide Tree 4/16
#NNI moves:0/152
Guide Tree 5/16
#NNI moves:0/152
Guide Tree 6/16
#NNI moves:0/152
Guide Tree 7/16
#NNI moves:0/152
Guide Tree 8/16
#NNI moves:0/152
Guide Tree 9/16
#NNI moves:0/152
Guide Tree 10/16
#NNI moves:0/152
Guide Tree 11/16
#NNI moves:0/152
Guide Tree 12/16
#NNI moves:0/152
Guide Tree 13/16
#NNI moves:0/152
Guide Tree 14/16
#NNI moves:0/152
Guide Tree 15/16
#NNI moves:0/152
Remaining: 0
#NNI moves:0/152
#NNI moves:0/152
((((((((((((((22,48),(46,85)),((59,84),(73,74))),(((((((27,60),29),45),((56,26),53)),80),((43,13),((92,95),100))),((72,64),78))),(54,98)),(((((21,90),87),79),75),((65,24),((((69,55),35),34),((40,86),70))))),(((32,96),57),(49,89))),(((((((66,28),(99,14)),83),61),(67,42)),((62,82),(81,88))),(37,38))),((((((68,15),76),(18,51)),((41,33),(17,39))),(((((16,71),(44,(23,50))),97),77),(((94,30),36),91))),((((((1,11),8),((9,6),10)),(3,12)),7),((4,5),2)))),((19,58),63)),(20,93)),(25,31)),52),47);
Initial score: 3.34624e+09
Initial tree: ((((((((((((((22,48),(46,85)),((59,84),(73,74))),(((((((27,60),29),45),((56,26),53)),80),((43,13),((92,95),100))),((72,64),78))),(54,98)),(((((21,90),87),79),75),((65,24),((((69,55),35),34),((40,86),70))))),(((32,96),57),(49,89))),(((((((66,28),(99,14)),83),61),(67,42)),((62,82),(81,88))),(37,38))),((((((68,15),76),(18,51)),((41,33),(17,39))),(((((16,71),(44,(23,50))),97),77),(((94,30),36),91))),((((((1,11),8),((9,6),10)),(3,12)),7),((4,5),2)))),((19,58),63)),(20,93)),(25,31)),52),47);
*** Subsample Process ***
Use two-step algorithm!
#NNI moves:0/152
Remaining: 0
#NNI moves:0/152
#NNI moves:0/152
(((((((((((((((41,33),(39,17)),((51,18),(76,(15,68)))),((91,(36,(30,94))),((97,((16,71),((23,50),44))),77))),((((((1,11),8),(10,(6,9))),(3,12)),7),(2,(5,4)))),((((52,47),(25,31)),(93,20)),((19,58),63))),(((((((66,28),(99,14)),83),61),(42,67)),((81,88),(82,62))),(37,38))),(((32,96),57),(49,89))),((((((55,69),35),34),((86,40),70)),(65,24)),(((87,(21,90)),79),75))),(98,54)),(((((53,(26,56)),(((60,27),29),45)),80),((43,13),((95,92),100))),((72,64),78))),((84,59),(74,73))),(85,46)),22),48);
#NNI moves:0/152
Remaining: 0
#NNI moves:0/152
#NNI moves:0/152
(((((((((((((((69,55),35),34),(70,(86,40))),(24,65)),(((87,(90,21)),79),75)),(((((((((60,27),29),45),((56,26),53)),80),(((92,95),100),(13,43))),((72,64),78)),(((84,59),(73,74)),((22,48),(46,85)))),(54,98))),((57,(32,96)),(89,49))),(((((((99,14),(66,28)),83),61),(42,67)),((81,88),(82,62))),(37,38))),(((((((16,71),((23,50),44)),97),77),(91,((30,94),36))),(((33,41),(39,17)),((76,(15,68)),(18,51)))),((((3,12),(((9,6),10),(8,(11,1)))),7),(2,(4,5))))),(63,(58,19))),(93,20)),(31,25)),47),52);
#NNI moves:0/152
Remaining: 0
#NNI moves:0/152
#NNI moves:0/152
((((((((((((((((3,12),(((11,1),8),((9,6),10))),7),((4,5),2)),((((33,41),(39,17)),((18,51),((15,68),76))),((91,((30,94),36)),((97,(((23,50),44),(16,71))),77)))),((63,(19,58)),(((25,31),(47,52)),(20,93)))),(((((((66,28),(14,99)),83),61),(42,67)),((81,88),(82,62))),(38,37))),((57,(32,96)),(49,89))),(((((((((27,60),29),45),((56,26),53)),80),((100,(92,95)),(43,13))),(78,(64,72))),(((85,46),(22,48)),((74,73),(59,84)))),(54,98))),(((87,(21,90)),79),75)),(65,24)),(70,(86,40))),34),35),69),55);
#NNI moves:0/152
Remaining: 0
#NNI moves:0/152
#NNI moves:0/152
((((((((((((((69,55),35),34),((40,86),70)),(24,65)),((((21,90),87),79),75)),((((((43,13),((92,95),100)),((((56,26),53),((29,(60,27)),45)),80)),(78,(72,64))),(((48,22),(46,85)),((59,84),(74,73)))),(98,54))),((89,49),((32,96),57))),((((81,88),(82,62)),((61,(((99,14),(28,66)),83)),(42,67))),(37,38))),(((((((1,11),8),((6,9),10)),(12,3)),7),((4,5),2)),(((((68,15),76),(18,51)),((41,33),(17,39))),(((((44,(50,23)),(71,16)),97),77),((36,(94,30)),91))))),(63,(58,19))),((25,31),(52,47))),20),93);
Current score: 3.34624e+09
Current tree: ((52,((25,31),((((((((((((69,55),35),34),((40,86),70)),(24,65)),((((21,90),87),79),75)),((((((43,13),((92,95),100)),((((56,26),53),((29,(60,27)),45)),80)),(78,(72,64))),(((48,22),(46,85)),((59,84),(74,73)))),(98,54))),((89,49),((32,96),57))),((((81,88),(82,62)),((61,(((99,14),(28,66)),83)),(42,67))),(37,38))),(((((((1,11),8),((6,9),10)),(12,3)),7),((4,5),2)),(((((68,15),76),(18,51)),((41,33),(17,39))),(((((44,(50,23)),(71,16)),97),77),((36,(94,30)),91))))),(63,(58,19))),(20,93)))),47);
Final Tree: ((52,((25,31),((((((((((((69,55),35),34),((40,86),70)),(24,65)),((((21,90),87),79),75)),((((((43,13),((92,95),100)),((((56,26),53),((29,(60,27)),45)),80)),(78,(72,64))),(((48,22),(46,85)),((59,84),(74,73)))),(98,54))),((89,49),((32,96),57))),((((81,88),(82,62)),((61,(((99,14),(28,66)),83)),(42,67))),(37,38))),(((((((1,11),8),((6,9),10)),(12,3)),7),((4,5),2)),(((((68,15),76),(18,51)),((41,33),(17,39))),(((((44,(50,23)),(71,16)),97),77),((36,(94,30)),91))))),(63,(58,19))),(20,93)))),47);
#EqQuartets: 3921225000
Score: 3346235769
ASTRAL for PaRalogs and Orthologs III (ASTRAL-Pro3)
*** NOW with integrated CASTLES-Pro ***
Version: v1.22.3.6
Read 512 genetrees and found 100 species.
#Genetrees: 1000
#Duploss: 0
#Species: 100
#Rounds: 4
#Samples: 4
#Threads: 1
Use two-step algorithm!
Guide Tree 0/16
#NNI moves:0/152
Guide Tree 1/16
#NNI moves:0/152
Guide Tree 2/16
#NNI moves:0/152
Guide Tree 3/16
#NNI moves:0/152
Guide Tree 4/16
#NNI moves:0/152
Guide Tree 5/16
#NNI moves:0/152
Guide Tree 6/16
#NNI moves:0/152
Guide Tree 7/16
#NNI moves:0/152
Guide Tree 8/16
#NNI moves:0/152
Guide Tree 9/16
#NNI moves:0/152
Guide Tree 10/16
#NNI moves:0/152
Guide Tree 11/16
#NNI moves:0/152
Guide Tree 12/16
#NNI moves:0/152
Guide Tree 13/16
#NNI moves:0/152
Guide Tree 14/16
#NNI moves:0/152
Guide Tree 15/16
#NNI moves:0/152
Remaining: 0
#NNI moves:0/152
#NNI moves:0/152
((((((((((((((43,47),45),46),((86,71),99)),(((((15,(26,92)),62),(32,49)),29),31)),((((82,((80,89),14)),((39,91),66)),((30,77),44)),(21,40))),((50,68),84)),(((2,6),(4,7)),(3,(5,1)))),((((61,(23,74)),(55,24)),((((60,67),87),(16,17)),(34,90))),(33,27))),((((((41,69),((94,65),76)),95),(((56,96),18),83)),88),(((((12,10),97),20),((70,((75,98),48)),((51,28),57))),72))),((35,(54,38)),((((((19,73),52),((53,85),(13,100))),(25,9)),81),((42,58),64)))),11),(((((37,36),22),79),59),(63,(78,93)))),8);
Guide Tree 0/16
#NNI moves:0/152
Guide Tree 1/16
#NNI moves:0/152
Guide Tree 2/16
#NNI moves:0/152
Guide Tree 3/16
#NNI moves:0/152
Guide Tree 4/16
#NNI moves:0/152
Guide Tree 5/16
#NNI moves:0/152
Guide Tree 6/16
#NNI moves:0/152
Guide Tree 7/16
#NNI moves:0/152
Guide Tree 8/16
#NNI moves:0/152
Guide Tree 9/16
#NNI moves:0/152
Guide Tree 10/16
#NNI moves:0/152
Guide Tree 11/16
#NNI moves:0/152
Guide Tree 12/16
#NNI moves:0/152
Guide Tree 13/16
#NNI moves:0/152
Guide Tree 14/16
#NNI moves:0/152
Guide Tree 15/16
#NNI moves:0/152
Remaining: 0
#NNI moves:0/152
#NNI moves:0/152
((((((((((((99,(86,71)),(46,((43,47),45))),((((32,49),(((92,26),15),62)),29),31)),(((((91,39),66),(82,(14,(89,80)))),((77,30),44)),(21,40))),((50,68),84)),(((6,2),(4,7)),(3,(1,5)))),((27,33),((((74,23),61),(24,55)),(((87,(60,67)),(16,17)),(34,90))))),((((((41,69),((65,94),76)),95),((18,(56,96)),83)),88),(((20,(97,(12,10))),(((48,(75,98)),70),((51,28),57))),72))),(((((((19,73),52),((13,100),(85,53))),(25,9)),81),(64,(42,58))),((54,38),35))),11),((((22,(36,37)),79),59),((78,93),63))),8);
Guide Tree 0/16
#NNI moves:0/152
Guide Tree 1/16
#NNI moves:0/152
Guide Tree 2/16
#NNI moves:0/152
Guide Tree 3/16
#NNI moves:0/152
Guide Tree 4/16
#NNI moves:0/152
Guide Tree 5/16
#NNI moves:0/152
Guide Tree 6/16
#NNI moves:0/152
Guide Tree 7/16
#NNI moves:0/152
Guide Tree 8/16
#NNI moves:0/152
Guide Tree 9/16
#NNI moves:0/152
Guide Tree 10/16
#NNI moves:0/152
Guide Tree 11/16
#NNI moves:0/152
Guide Tree 12/16
#NNI moves:0/152
Guide Tree 13/16
#NNI moves:0/152
Guide Tree 14/16
#NNI moves:0/152
Guide Tree 15/16
#NNI moves:0/152
Remaining: 0
#NNI moves:0/152
#NNI moves:0/152
((((((((((((((39,91),66),(((89,80),14),82)),((77,30),44)),(21,40)),(((99,(86,71)),(((43,47),45),46)),(((((15,(26,92)),62),(49,32)),29),31))),(84,(68,50))),(((5,1),3),((6,2),(4,7)))),(((((16,17),((67,60),87)),(34,90)),(((74,23),61),(55,24))),(27,33))),(((((((94,65),76),(69,41)),95),(83,((96,56),18))),88),((((70,(48,(98,75))),(57,(51,28))),(((12,10),97),20)),72))),(((((((19,73),52),((85,53),(100,13))),(9,25)),81),(64,(42,58))),((38,54),35))),11),(((((36,37),22),79),59),(63,(93,78)))),8);
Guide Tree 0/16
#NNI moves:0/152
Guide Tree 1/16
#NNI moves:0/152
Guide Tree 2/16
#NNI moves:0/152
Guide Tree 3/16
#NNI moves:0/152
Guide Tree 4/16
#NNI moves:0/152
Guide Tree 5/16
#NNI moves:0/152
Guide Tree 6/16
#NNI moves:0/152
Guide Tree 7/16
#NNI moves:0/152
Guide Tree 8/16
#NNI moves:0/152
Guide Tree 9/16
#NNI moves:0/152
Guide Tree 10/16
#NNI moves:0/152
Guide Tree 11/16
#NNI moves:0/152
Guide Tree 12/16
#NNI moves:0/152
Guide Tree 13/16
#NNI moves:0/152
Guide Tree 14/16
#NNI moves:0/152
Guide Tree 15/16
#NNI moves:0/152
Remaining: 0
#NNI moves:0/152
#NNI moves:0/152
((((((((((((((62,(15,(92,26))),(32,49)),29),31),(((86,71),99),(((47,43),45),46))),((((((89,80),14),82),(66,(39,91))),(44,(30,77))),(21,40))),(84,(68,50))),((3,(5,1)),((6,2),(4,7)))),(((((23,74),61),(24,55)),(((17,16),((60,67),87)),(34,90))),(27,33))),(((((((98,75),48),70),(57,(28,51))),(((12,10),97),20)),72),(((((76,(65,94)),(69,41)),95),(((56,96),18),83)),88))),((((((52,(73,19)),((53,85),(13,100))),(25,9)),81),(64,(58,42))),(35,(54,38)))),11),(((93,78),63),(((22,(37,36)),79),59))),8);
Initial score: 3.38656e+09
Initial tree: ((((((((((((((62,(15,(92,26))),(32,49)),29),31),(((86,71),99),(((47,43),45),46))),((((((89,80),14),82),(66,(39,91))),(44,(30,77))),(21,40))),(84,(68,50))),((3,(5,1)),((6,2),(4,7)))),(((((23,74),61),(24,55)),(((17,16),((60,67),87)),(34,90))),(27,33))),(((((((98,75),48),70),(57,(28,51))),(((12,10),97),20)),72),(((((76,(65,94)),(69,41)),95),(((56,96),18),83)),88))),((((((52,(73,19)),((53,85),(13,100))),(25,9)),81),(64,(58,42))),(35,(54,38)))),11),(((93,78),63),(((22,(37,36)),79),59))),8);
*** Subsample Process ***
Use two-step algorithm!
#NNI moves:0/152
Remaining: 0
#NNI moves:0/152
#NNI moves:0/152
((((((((((((((((((48,(98,75)),70),(57,(51,28))),(((12,10),97),20)),72),(((((41,69),((65,94),76)),95),(((96,56),18),83)),88)),(((((((52,(73,19)),((85,53),(13,100))),(25,9)),81),((42,58),64)),((54,38),35)),(((((((36,37),22),79),59),(63,(93,78))),8),11))),(((((23,74),61),(55,24)),((34,90),((17,16),(87,(60,67))))),(27,33))),(((7,4),(6,2)),((5,1),3))),(84,(68,50))),((40,21),((((91,39),66),(82,((80,89),14))),((30,77),44)))),((((47,43),45),46),((86,71),99))),31),29),(49,32)),62),(26,92)),15);
#NNI moves:0/152
Remaining: 0
#NNI moves:0/152
#NNI moves:0/152
((((((((((((((((((82,((80,89),14)),(66,(91,39))),(44,(77,30))),(21,40)),(((29,((62,((92,26),15)),(32,49))),31),(((45,(47,43)),46),(99,(71,86))))),((50,68),84)),(((5,1),3),((2,6),(4,7)))),((((34,90),(((67,60),87),(16,17))),((55,24),((23,74),61))),(33,27))),(((((((98,75),48),70),(57,(28,51))),((97,(10,12)),20)),72),(((((69,41),((65,94),76)),95),(83,((96,56),18))),88))),(((((((36,37),22),79),59),(63,(93,78))),8),11)),(35,(54,38))),((42,58),64)),81),(25,9)),((85,53),(100,13))),52),73),19);
#NNI moves:0/152
Remaining: 0
#NNI moves:0/152
#NNI moves:0/152
((((((((((((((((((80,89),14),82),((39,91),66)),(44,(77,30))),(40,21)),(((((((26,92),15),62),(49,32)),29),31),(((45,(47,43)),46),(99,(86,71))))),((50,68),84)),(((5,1),3),((2,6),(4,7)))),(((((87,(60,67)),(17,16)),(34,90)),(((23,74),61),(24,55))),(33,27))),(((((70,((98,75),48)),((28,51),57)),(((10,12),97),20)),72),(((((41,69),((65,94),76)),95),((18,(96,56)),83)),88))),(((((((53,85),(100,13)),(52,(73,19))),(9,25)),81),((42,58),64)),((54,38),35))),11),8),((((37,36),22),79),59)),63),93),78);
#NNI moves:0/152
Remaining: 0
#NNI moves:0/152
#NNI moves:0/152
((((((((((((((((((41,69),((94,65),76)),95),(((56,96),18),83)),88),(((((12,10),97),20),((57,(51,28)),((48,(75,98)),70))),72)),(((((59,(((37,36),22),79)),(63,(78,93))),8),11),(((((((73,19),52),((53,85),(13,100))),(25,9)),81),((58,42),64)),((38,54),35)))),((((((67,60),87),(17,16)),(90,34)),((55,24),((23,74),61))),(27,33))),(((2,6),(7,4)),((1,5),3))),((50,68),84)),(((((39,91),66),(((80,89),14),82)),(44,(30,77))),(21,40))),(((71,86),99),(((47,43),45),46))),31),29),(49,32)),62),(92,26)),15);
Current score: 3.38656e+09
Current tree: ((((59,(((37,36),22),79)),(63,(78,93))),(11,((((((((73,19),52),((53,85),(13,100))),(25,9)),81),((58,42),64)),((38,54),35)),(((((((41,69),((94,65),76)),95),(((56,96),18),83)),88),(((((12,10),97),20),((57,(51,28)),((48,(75,98)),70))),72)),(((((((67,60),87),(17,16)),(90,34)),((55,24),((23,74),61))),(27,33)),((((2,6),(7,4)),((1,5),3)),(((50,68),84),((((((39,91),66),(((80,89),14),82)),(44,(30,77))),(21,40)),((((71,86),99),(((47,43),45),46)),(31,(29,((49,32),(62,((92,26),15)))))))))))))),8);
Final Tree: ((((59,(((37,36),22),79)),(63,(78,93))),(11,((((((((73,19),52),((53,85),(13,100))),(25,9)),81),((58,42),64)),((38,54),35)),(((((((41,69),((94,65),76)),95),(((56,96),18),83)),88),(((((12,10),97),20),((57,(51,28)),((48,(75,98)),70))),72)),(((((((67,60),87),(17,16)),(90,34)),((55,24),((23,74),61))),(27,33)),((((2,6),(7,4)),((1,5),3)),(((50,68),84),((((((39,91),66),(((80,89),14),82)),(44,(30,77))),(21,40)),((((71,86),99),(((47,43),45),46)),(31,(29,((49,32),(62,((92,26),15)))))))))))))),8);
#EqQuartets: 3921225000
Score: 3386563987
ASTRAL for PaRalogs and Orthologs III (ASTRAL-Pro3)
*** NOW with integrated CASTLES-Pro ***
Version: v1.22.3.6
Read 512 genetrees and found 100 species.
#Genetrees: 1000
#Duploss: 0
#Species: 100
#Rounds: 4
#Samples: 4
#Threads: 1
Use two-step algorithm!
Guide Tree 0/16
#NNI moves:0/152
Guide Tree 1/16
#NNI moves:0/152
Guide Tree 2/16
#NNI moves:0/152
Guide Tree 3/16
#NNI moves:0/152
Guide Tree 4/16
#NNI moves:0/152
Guide Tree 5/16
#NNI moves:0/152
Guide Tree 6/16
#NNI moves:0/152
Guide Tree 7/16
#NNI moves:0/152
Guide Tree 8/16
#NNI moves:0/152
Guide Tree 9/16
#NNI moves:0/152
Guide Tree 10/16
#NNI moves:0/152
Guide Tree 11/16
#NNI moves:0/152
Guide Tree 12/16
#NNI moves:0/152
Guide Tree 13/16
#NNI moves:0/152
Guide Tree 14/16
#NNI moves:0/152
Guide Tree 15/16
#NNI moves:0/152
Remaining: 1
#NNI moves:0/152
#NNI moves:0/152
(((((((((((((89,82),88),28),60),((((63,15),34),((54,51),90)),(((78,40),33),46))),(((((81,23),66),55),68),(79,(59,(37,26))))),((((57,52),43),(((85,44),94),58)),(50,47))),(((((((8,2),(6,(10,1))),4),(5,12)),(7,((9,13),14))),(3,11)),(67,20))),((((56,61),39),(((75,19),62),(16,35))),((((97,(((25,18),53),72)),27),(80,(93,(41,17)))),(((((((96,87),(65,21)),95),(98,(42,84))),29),70),(92,38))))),(((((((100,(30,36)),69),(76,77)),48),31),(((91,49),86),(73,99))),(74,((45,32),71)))),(83,22)),64),24);
Guide Tree 0/16
#NNI moves:0/152
Guide Tree 1/16
#NNI moves:0/152
Guide Tree 2/16
#NNI moves:0/152
Guide Tree 3/16
#NNI moves:0/152
Guide Tree 4/16
#NNI moves:0/152
Guide Tree 5/16
#NNI moves:0/152
Guide Tree 6/16
#NNI moves:0/152
Guide Tree 7/16
#NNI moves:0/152
Guide Tree 8/16
#NNI moves:0/152
Guide Tree 9/16
#NNI moves:0/152
Guide Tree 10/16
#NNI moves:0/152
Guide Tree 11/16
#NNI moves:0/152
Guide Tree 12/16
#NNI moves:0/152
Guide Tree 13/16
#NNI moves:0/152
Guide Tree 14/16
#NNI moves:0/152
Guide Tree 15/16
#NNI moves:0/152
Remaining: 0
#NNI moves:2/152
#NNI moves:2/152
(((((((((35,16),((75,19),62)),((61,56),39)),(((92,38),(((((42,84),98),(((87,96),(65,21)),95)),29),70)),((((41,17),93),80),(((72,((18,25),53)),97),27)))),((((((((63,15),34),(90,(54,51))),(46,((40,78),33))),((((89,82),88),28),60)),(((((81,23),66),55),68),(((37,26),59),79))),(((58,((44,85),94)),((57,52),43)),(47,50))),((((((((1,10),6),(2,8)),4),(12,5)),((14,(9,13)),7)),(3,11)),(67,20)))),((((48,((69,((30,36),100)),(76,77))),31),(((49,91),86),(99,73))),(((32,45),71),74))),(22,83)),64),24);
Guide Tree 0/16
#NNI moves:0/152
Guide Tree 1/16
#NNI moves:0/152
Guide Tree 2/16
#NNI moves:0/152
Guide Tree 3/16
#NNI moves:0/152
Guide Tree 4/16
#NNI moves:0/152
Guide Tree 5/16
#NNI moves:0/152
Guide Tree 6/16
#NNI moves:6/152
Guide Tree 7/16
#NNI moves:6/152
Guide Tree 8/16
#NNI moves:0/152
Guide Tree 9/16
#NNI moves:0/152
Guide Tree 10/16
#NNI moves:0/152
Guide Tree 11/16
#NNI moves:0/152
Guide Tree 12/16
#NNI moves:0/152
Guide Tree 13/16
#NNI moves:0/152
Guide Tree 14/16
#NNI moves:0/152
Guide Tree 15/16
#NNI moves:0/152
Remaining: 0
#NNI moves:0/152
#NNI moves:0/152
(((((((((((((54,51),90),((15,63),34)),((33,(78,40)),46)),((((82,89),88),28),60)),(((((81,23),66),55),68),((59,(26,37)),79))),(((((85,44),94),58),((52,57),43)),(50,47))),((((((((10,1),6),(2,8)),4),(12,5)),(7,(14,(9,13)))),(3,11)),(20,67))),((((38,92),((((((21,65),(96,87)),95),(98,(84,42))),29),70)),(((97,(72,(53,(25,18)))),27),(80,(93,(17,41))))),(((61,56),39),((35,16),((75,19),62))))),((((32,45),71),74),(((((76,77),((100,(36,30)),69)),48),31),(((49,91),86),(73,99))))),(22,83)),64),24);
Guide Tree 0/16
#NNI moves:0/152
Guide Tree 1/16
#NNI moves:0/152
Guide Tree 2/16
#NNI moves:0/152
Guide Tree 3/16
#NNI moves:0/152
Guide Tree 4/16
#NNI moves:0/152
Guide Tree 5/16
#NNI moves:0/152
Guide Tree 6/16
#NNI moves:0/152
Guide Tree 7/16
#NNI moves:0/152
Guide Tree 8/16
#NNI moves:0/152
Guide Tree 9/16
#NNI moves:0/152
Guide Tree 10/16
#NNI moves:0/152
Guide Tree 11/16
#NNI moves:0/152
Guide Tree 12/16
#NNI moves:0/152
Guide Tree 13/16
#NNI moves:0/152
Guide Tree 14/16
#NNI moves:0/152
Guide Tree 15/16
#NNI moves:0/152
Remaining: 0
#NNI moves:12/152
#NNI moves:12/152
((((((((((((66,(23,81)),55),68),(((26,37),59),79)),(((((51,54),90),((63,15),34)),(((40,78),33),46)),(((88,(89,82)),28),60))),((((57,52),43),((94,(44,85)),58)),(47,50))),(((((12,5),(((2,8),((10,1),6)),4)),(((13,9),14),7)),(11,3)),(67,20))),(((((((53,(18,25)),72),97),27),(((17,41),93),80)),((92,38),((((((96,87),(65,21)),95),(98,(42,84))),29),70))),(((62,(75,19)),(35,16)),(39,(61,56))))),((((((69,((36,30),100)),(76,77)),48),31),((86,(91,49)),(99,73))),(74,(71,(45,32))))),(22,83)),64),24);
Initial score: 3.17327e+09
Initial tree: ((((((((((((66,(23,81)),55),68),(((26,37),59),79)),(((((51,54),90),((63,15),34)),(((40,78),33),46)),(((88,(89,82)),28),60))),((((57,52),43),((94,(44,85)),58)),(47,50))),(((((12,5),(((2,8),((10,1),6)),4)),(((13,9),14),7)),(11,3)),(67,20))),(((((((53,(18,25)),72),97),27),(((17,41),93),80)),((92,38),((((((96,87),(65,21)),95),(98,(42,84))),29),70))),(((62,(75,19)),(35,16)),(39,(61,56))))),((((((69,((36,30),100)),(76,77)),48),31),((86,(91,49)),(99,73))),(74,(71,(45,32))))),(22,83)),64),24);
*** Subsample Process ***
Use two-step algorithm!
#NNI moves:0/152
Remaining: 0
#NNI moves:0/152
#NNI moves:0/152
(((((((((((((((72,(53,(25,18))),97),27),(80,(93,(41,17)))),(((((((87,96),(65,21)),95),(98,(42,84))),29),70),(38,92))),((39,(61,56)),(((19,75),62),(35,16)))),(((((86,(49,91)),(73,99)),((((76,77),(((36,30),100),69)),48),31)),(74,((45,32),71))),((64,24),(22,83)))),(((11,3),((((((10,1),6),(8,2)),4),(5,12)),(((9,13),14),7))),(20,67))),(((43,(57,52)),(((44,85),94),58)),(50,47))),(((((89,82),88),28),60),((((51,54),90),((15,63),34)),(46,((40,78),33))))),((59,(26,37)),79)),68),55),(23,81)),66);
#NNI moves:0/152
Remaining: 0
#NNI moves:12/152
#NNI moves:12/152
(((((((((((((15,63),34),((54,51),90)),((33,(78,40)),46)),(((88,(89,82)),28),60)),((68,(((81,23),66),55)),((59,(26,37)),79))),((((52,57),43),(58,(94,(85,44)))),(50,47))),(((((((8,2),((10,1),6)),4),(5,12)),(((13,9),14),7)),(3,11)),(67,20))),(((((((53,(18,25)),72),97),27),(((17,41),93),80)),((70,(((98,(84,42)),(((87,96),(65,21)),95)),29)),(38,92))),((39,(56,61)),((16,35),((75,19),62))))),((((((((30,36),100),69),(77,76)),48),31),((73,99),(86,(49,91)))),(((32,45),71),74))),(83,22)),24),64);
#NNI moves:0/152
Remaining: 0
#NNI moves:4/152
#NNI moves:10/152
((((((((((((((27,(97,((53,(18,25)),72))),(((17,41),93),80)),(((29,((98,(84,42)),(((87,96),(65,21)),95))),70),(38,92))),((39,(56,61)),((16,35),((75,19),62)))),(((((((77,76),(69,((30,36),100))),48),31),((86,(49,91)),(99,73))),(((45,32),71),74)),((22,83),(24,64)))),(((((5,12),(((6,(1,10)),(2,8)),4)),(((13,9),14),7)),(11,3)),(20,67))),(((((85,44),94),58),((52,57),43)),(47,50))),((((66,(23,81)),55),68),(((37,26),59),79))),((((89,82),88),28),60)),(((78,40),33),46)),(90,(51,54))),34),63),15);
#NNI moves:0/152
Remaining: 0
#NNI moves:0/152
#NNI moves:0/152
(((((((((((((((((89,82),88),28),60),(((33,(40,78)),46),(((51,54),90),(34,(15,63))))),(((((23,81),66),55),68),((59,(37,26)),79))),(((((44,85),94),58),((57,52),43)),(50,47))),(((((((6,(10,1)),(2,8)),4),(5,12)),(((13,9),14),7)),(3,11)),(20,67))),(((((97,(((25,18),53),72)),27),(((41,17),93),80)),(((((((21,65),(87,96)),95),((42,84),98)),29),70),(92,38))),(((62,(19,75)),(35,16)),((56,61),39)))),((22,83),(64,24))),((71,(32,45)),74)),((73,99),(86,(91,49)))),31),48),(69,((36,30),100))),77),76);
Current score: 3.17327e+09
Current tree: ((64,((22,83),((((((((((89,82),88),28),60),(((33,(40,78)),46),(((51,54),90),(34,(15,63))))),(((((23,81),66),55),68),((59,(37,26)),79))),(((((44,85),94),58),((57,52),43)),(50,47))),(((((((6,(10,1)),(2,8)),4),(5,12)),(((13,9),14),7)),(3,11)),(20,67))),(((((97,(((25,18),53),72)),27),(((41,17),93),80)),(((((((21,65),(87,96)),95),((42,84),98)),29),70),(92,38))),(((62,(19,75)),(35,16)),((56,61),39)))),(((71,(32,45)),74),(((73,99),(86,(91,49))),(31,(48,((69,((36,30),100)),(77,76))))))))),24);
Final Tree: ((64,((22,83),((((((((((89,82),88),28),60),(((33,(40,78)),46),(((51,54),90),(34,(15,63))))),(((((23,81),66),55),68),((59,(37,26)),79))),(((((44,85),94),58),((57,52),43)),(50,47))),(((((((6,(10,1)),(2,8)),4),(5,12)),(((13,9),14),7)),(3,11)),(20,67))),(((((97,(((25,18),53),72)),27),(((41,17),93),80)),(((((((21,65),(87,96)),95),((42,84),98)),29),70),(92,38))),(((62,(19,75)),(35,16)),((56,61),39)))),(((71,(32,45)),74),(((73,99),(86,(91,49))),(31,(48,((69,((36,30),100)),(77,76))))))))),24);
#EqQuartets: 3921225000
Score: 3173266717
ASTRAL for PaRalogs and Orthologs III (ASTRAL-Pro3)
*** NOW with integrated CASTLES-Pro ***
Version: v1.22.3.6
Read 512 genetrees and found 100 species.
#Genetrees: 1000
#Duploss: 0
#Species: 100
#Rounds: 4
#Samples: 4
#Threads: 1
Use two-step algorithm!
Guide Tree 0/16
#NNI moves:0/152
Guide Tree 1/16
#NNI moves:0/152
Guide Tree 2/16
#NNI moves:0/152
Guide Tree 3/16
#NNI moves:0/152
Guide Tree 4/16
#NNI moves:0/152
Guide Tree 5/16
#NNI moves:0/152
Guide Tree 6/16
#NNI moves:0/152
Guide Tree 7/16
#NNI moves:0/152
Guide Tree 8/16
#NNI moves:0/152
Guide Tree 9/16
#NNI moves:0/152
Guide Tree 10/16
#NNI moves:0/152
Guide Tree 11/16
#NNI moves:0/152
Guide Tree 12/16
#NNI moves:0/152
Guide Tree 13/16
#NNI moves:0/152
Guide Tree 14/16
#NNI moves:0/152
Guide Tree 15/16
#NNI moves:0/152
Remaining: 0
#NNI moves:0/152
#NNI moves:0/152
((((((((((((((((((((55,81),6),69),38),((24,36),(71,45))),(((61,47),((78,72),63)),((50,52),80))),(26,(33,64))),(((((58,53),73),75),(66,31)),((76,2),((62,4),39)))),(97,(((98,((94,100),95)),((99,96),92)),93))),(((44,((3,28),77)),(((18,40),(7,70)),(1,48))),(23,35))),(((((54,5),85),46),((((56,74),19),((34,91),20)),(((10,16),68),(((65,30),11),59)))),((79,29),(86,22)))),(((((9,49),(84,87)),14),((25,13),15)),(60,27))),((41,57),(67,(37,82)))),((17,90),89)),(43,(83,51))),32),21),12),(88,42)),8);
Guide Tree 0/16
#NNI moves:0/152
Guide Tree 1/16
#NNI moves:0/152
Guide Tree 2/16
#NNI moves:0/152
Guide Tree 3/16
#NNI moves:0/152
Guide Tree 4/16
#NNI moves:0/152
Guide Tree 5/16
#NNI moves:0/152
Guide Tree 6/16
#NNI moves:0/152
Guide Tree 7/16
#NNI moves:0/152
Guide Tree 8/16
#NNI moves:0/152
Guide Tree 9/16
#NNI moves:0/152
Guide Tree 10/16
#NNI moves:0/152
Guide Tree 11/16
#NNI moves:0/152
Guide Tree 12/16
#NNI moves:0/152
Guide Tree 13/16
#NNI moves:0/152
Guide Tree 14/16
#NNI moves:0/152
Guide Tree 15/16
#NNI moves:0/152
Remaining: 0
#NNI moves:0/152
#NNI moves:0/152
(((((((((((((((59,(11,(65,30))),((16,10),68)),((20,(91,34)),(19,(56,74)))),(46,((5,54),85))),((29,79),(22,86))),((((((((61,47),((72,78),63)),(80,(50,52))),(((((55,81),6),69),38),((36,24),(45,71)))),((64,33),26)),(((75,((53,58),73)),(66,31)),(((62,4),39),(76,2)))),((((((100,94),95),98),((96,99),92)),93),97)),((((77,(28,3)),44),((1,48),((7,70),(18,40)))),(23,35)))),(((((9,49),(84,87)),14),((13,25),15)),(27,60))),(((82,37),67),(41,57))),(89,(90,17))),(43,(51,83))),32),21),12),(88,42)),8);
Guide Tree 0/16
#NNI moves:0/152
Guide Tree 1/16
#NNI moves:0/152
Guide Tree 2/16
#NNI moves:0/152
Guide Tree 3/16
#NNI moves:0/152
Guide Tree 4/16
#NNI moves:0/152
Guide Tree 5/16
#NNI moves:0/152
Guide Tree 6/16
#NNI moves:0/152
Guide Tree 7/16
#NNI moves:0/152
Guide Tree 8/16
#NNI moves:0/152
Guide Tree 9/16
#NNI moves:0/152
Guide Tree 10/16
#NNI moves:0/152
Guide Tree 11/16
#NNI moves:0/152
Guide Tree 12/16
#NNI moves:0/152
Guide Tree 13/16
#NNI moves:0/152
Guide Tree 14/16
#NNI moves:0/152
Guide Tree 15/16
#NNI moves:0/152
Remaining: 0
#NNI moves:0/152
#NNI moves:0/152
((((((((((((((((((69,(6,(55,81))),38),((71,45),(36,24))),((((78,72),63),(61,47)),((52,50),80))),((33,64),26)),((((62,4),39),(76,2)),(((73,(58,53)),75),(66,31)))),(((((95,(100,94)),98),(92,(99,96))),93),97)),(((((70,7),(40,18)),(1,48)),(44,((3,28),77))),(23,35))),((((((11,(65,30)),59),((16,10),68)),(((56,74),19),((34,91),20))),(46,((54,5),85))),((86,22),(29,79)))),(((((9,49),(87,84)),14),(15,(13,25))),(60,27))),(((82,37),67),(41,57))),(89,(17,90))),((51,83),43)),32),21),12),(42,88)),8);
Guide Tree 0/16
#NNI moves:6/152
Guide Tree 1/16
#NNI moves:6/152
Guide Tree 2/16
#NNI moves:0/152
Guide Tree 3/16
#NNI moves:2/152
Guide Tree 4/16
#NNI moves:0/152
Guide Tree 5/16
#NNI moves:2/152
Guide Tree 6/16
#NNI moves:0/152
Guide Tree 7/16
#NNI moves:0/152
Guide Tree 8/16
#NNI moves:0/152
Guide Tree 9/16
#NNI moves:6/152
Guide Tree 10/16
#NNI moves:0/152
Guide Tree 11/16
#NNI moves:0/152
Guide Tree 12/16
#NNI moves:0/152
Guide Tree 13/16
#NNI moves:2/152
Guide Tree 14/16
#NNI moves:0/152
Guide Tree 15/16
#NNI moves:0/152
Remaining: 0
#NNI moves:0/152
#NNI moves:0/152
(((((((((((((((((73,(58,53)),75),(31,66)),((39,(62,4)),(76,2))),(((((63,(78,72)),(61,47)),((50,52),80)),((((6,(55,81)),69),38),((24,36),(71,45)))),((33,64),26))),((93,(((99,96),92),(((100,94),95),98))),97)),((((48,1),((7,70),(40,18))),(44,((3,28),77))),(35,23))),(((((19,(56,74)),(20,(91,34))),((68,(10,16)),(59,((30,65),11)))),(((5,54),85),46)),((86,22),(79,29)))),(((14,((49,9),(84,87))),(15,(25,13))),(27,60))),(((37,82),67),(41,57))),((17,90),89)),((51,83),43)),32),21),12),(88,42)),8);
Initial score: 3.21629e+09
Initial tree: (((((((((((((((((73,(58,53)),75),(31,66)),((39,(62,4)),(76,2))),(((((63,(78,72)),(61,47)),((50,52),80)),((((6,(55,81)),69),38),((24,36),(71,45)))),((33,64),26))),((93,(((99,96),92),(((100,94),95),98))),97)),((((48,1),((7,70),(40,18))),(44,((3,28),77))),(35,23))),(((((19,(56,74)),(20,(91,34))),((68,(10,16)),(59,((30,65),11)))),(((5,54),85),46)),((86,22),(79,29)))),(((14,((49,9),(84,87))),(15,(25,13))),(27,60))),(((37,82),67),(41,57))),((17,90),89)),((51,83),43)),32),21),12),(88,42)),8);
*** Subsample Process ***
Use two-step algorithm!
#NNI moves:0/152
Remaining: 0
#NNI moves:0/152
#NNI moves:0/152
(((((((((((((17,90),89),((((((88,42),8),12),21),32),((51,83),43))),((57,41),((82,37),67))),(((14,((49,9),(84,87))),((13,25),15)),(27,60))),((((((10,16),68),(((65,30),11),59)),(((56,74),19),((34,91),20))),(((5,54),85),46)),((79,29),(22,86)))),((((1,48),((40,18),(70,7))),(44,((28,3),77))),(23,35))),(((((95,(100,94)),98),(92,(99,96))),93),97)),(((((((55,81),6),69),38),((45,71),(36,24))),((((78,72),63),(47,61)),(80,(50,52)))),((33,64),26))),((66,31),(((58,53),73),75))),(39,(4,62))),76),2);
#NNI moves:0/152
Remaining: 0
#NNI moves:0/152
#NNI moves:0/152
((((((((((((((((((((78,72),63),(61,47)),((52,50),80)),((((6,(81,55)),69),38),((71,45),(24,36)))),(26,(33,64))),(((31,66),(((58,53),73),75)),((76,2),((4,62),39)))),(((((99,96),92),((95,(100,94)),98)),93),97)),(((((40,18),(7,70)),(48,1)),(((28,3),77),44)),(35,23))),((((((10,16),68),(((65,30),11),59)),(((74,56),19),(20,(91,34)))),(46,(85,(54,5)))),((79,29),(86,22)))),(((((9,49),(87,84)),14),((13,25),15)),(60,27))),(((82,37),67),(41,57))),((90,17),89)),((83,51),43)),32),21),12),8),42),88);
#NNI moves:0/152
Remaining: 0
#NNI moves:0/152
#NNI moves:0/152
((((((((((((((((25,13),15),(14,((49,9),(87,84)))),(60,27)),((((90,17),89),((43,(51,83)),((((8,(88,42)),12),21),32))),((41,57),((82,37),67)))),((((((10,16),68),(((65,30),11),59)),(((34,91),20),(19,(74,56)))),(((5,54),85),46)),((29,79),(22,86)))),(((((3,28),77),44),(((40,18),(7,70)),(48,1))),(35,23))),(((((96,99),92),(98,(95,(94,100)))),93),97)),(((((58,53),73),75),(31,66)),((39,(62,4)),(2,76)))),(26,(64,33))),(((((55,81),6),69),38),((36,24),(71,45)))),(80,(50,52))),(61,47)),63),72),78);
#NNI moves:0/152
Remaining: 0
#NNI moves:0/152
#NNI moves:0/152
(((((((((((((((((((((55,81),6),69),38),((24,36),(45,71))),(((52,50),80),((47,61),(63,(72,78))))),((33,64),26)),(((39,(62,4)),(76,2)),((31,66),(((58,53),73),75)))),((((92,(99,96)),(98,((94,100),95))),93),97)),((((77,(3,28)),44),(((70,7),(18,40)),(1,48))),(23,35))),((((((56,74),19),(20,(34,91))),((((30,65),11),59),(68,(16,10)))),(46,(85,(54,5)))),((86,22),(79,29)))),(((((49,9),(84,87)),14),((25,13),15)),(60,27))),(((37,82),67),(57,41))),((17,90),89)),(43,(51,83))),32),21),12),8),88),42);
Current score: 3.21629e+09
Current tree: ((((((((((((((((((((55,81),6),69),38),((24,36),(45,71))),(((52,50),80),((47,61),(63,(72,78))))),((33,64),26)),(((39,(62,4)),(76,2)),((31,66),(((58,53),73),75)))),((((92,(99,96)),(98,((94,100),95))),93),97)),((((77,(3,28)),44),(((70,7),(18,40)),(1,48))),(23,35))),((((((56,74),19),(20,(34,91))),((((30,65),11),59),(68,(16,10)))),(46,(85,(54,5)))),((86,22),(79,29)))),(((((49,9),(84,87)),14),((25,13),15)),(60,27))),(((37,82),67),(57,41))),((17,90),89)),(43,(51,83))),32),21),12),(88,42)),8);
Final Tree: ((((((((((((((((((((55,81),6),69),38),((24,36),(45,71))),(((52,50),80),((47,61),(63,(72,78))))),((33,64),26)),(((39,(62,4)),(76,2)),((31,66),(((58,53),73),75)))),((((92,(99,96)),(98,((94,100),95))),93),97)),((((77,(3,28)),44),(((70,7),(18,40)),(1,48))),(23,35))),((((((56,74),19),(20,(34,91))),((((30,65),11),59),(68,(16,10)))),(46,(85,(54,5)))),((86,22),(79,29)))),(((((49,9),(84,87)),14),((25,13),15)),(60,27))),(((37,82),67),(57,41))),((17,90),89)),(43,(51,83))),32),21),12),(88,42)),8);
#EqQuartets: 3921225000
Score: 3216289775
ASTRAL for PaRalogs and Orthologs III (ASTRAL-Pro3)
*** NOW with integrated CASTLES-Pro ***
Version: v1.22.3.6
Read 512 genetrees and found 100 species.
#Genetrees: 1000
#Duploss: 0
#Species: 100
#Rounds: 4
#Samples: 4
#Threads: 1
Use two-step algorithm!
Guide Tree 0/16
#NNI moves:0/152
Guide Tree 1/16
#NNI moves:0/152
Guide Tree 2/16
#NNI moves:0/152
Guide Tree 3/16
#NNI moves:0/152
Guide Tree 4/16
#NNI moves:0/152
Guide Tree 5/16
#NNI moves:0/152
Guide Tree 6/16
#NNI moves:0/152
Guide Tree 7/16
#NNI moves:0/152
Guide Tree 8/16
#NNI moves:0/152
Guide Tree 9/16
#NNI moves:0/152
Guide Tree 10/16
#NNI moves:0/152
Guide Tree 11/16
#NNI moves:0/152
Guide Tree 12/16
#NNI moves:0/152
Guide Tree 13/16
#NNI moves:0/152
Guide Tree 14/16
#NNI moves:0/152
Guide Tree 15/16
#NNI moves:0/152
Remaining: 0
#NNI moves:0/152
#NNI moves:0/152
(((((((((((((((((((31,25),88),10),(42,53)),33),((((66,(28,68)),49),((45,21),(((37,(65,69)),87),12))),((((73,(98,55)),(38,(40,64))),(((63,26),81),99)),16))),((48,17),(((((52,14),79),(62,92)),(39,78)),96))),(22,((80,(57,(84,(56,47)))),(18,95)))),((((77,((((70,61),8),(30,41)),23)),27),(((6,76),((94,29),13)),(71,36))),((54,11),(89,97)))),((((1,5),2),3),4)),(85,93)),35),((((15,19),32),51),24)),(((74,91),(43,(72,46))),(((75,100),50),(67,20)))),(9,59)),((60,58),83)),((82,86),(44,90))),34),7);
Guide Tree 0/16
#NNI moves:0/152
Guide Tree 1/16
#NNI moves:0/152
Guide Tree 2/16
#NNI moves:0/152
Guide Tree 3/16
#NNI moves:0/152
Guide Tree 4/16
#NNI moves:0/152
Guide Tree 5/16
#NNI moves:0/152
Guide Tree 6/16
#NNI moves:0/152
Guide Tree 7/16
#NNI moves:0/152
Guide Tree 8/16
#NNI moves:0/152
Guide Tree 9/16
#NNI moves:0/152
Guide Tree 10/16
#NNI moves:0/152
Guide Tree 11/16
#NNI moves:0/152
Guide Tree 12/16
#NNI moves:0/152
Guide Tree 13/16
#NNI moves:0/152
Guide Tree 14/16
#NNI moves:0/152
Guide Tree 15/16
#NNI moves:0/152
Remaining: 0
#NNI moves:0/152
#NNI moves:0/152
(((((((((((((((((((((69,65),37),87),12),(21,45)),(((68,28),66),49)),((((38,(40,64)),((98,55),73)),(((63,26),81),99)),16)),(((53,42),(((25,31),88),10)),33)),((((((14,52),79),(62,92)),(39,78)),96),(48,17))),(((80,(((56,47),84),57)),(95,18)),22)),((((77,(((41,30),((70,61),8)),23)),27),((((29,94),13),(76,6)),(36,71))),((11,54),(89,97)))),((((1,5),2),3),4)),(85,93)),35),((51,(32,(15,19))),24)),(((91,74),((72,46),43)),(((75,100),50),(20,67)))),(9,59)),(83,(58,60))),((86,82),(90,44))),34),7);
Guide Tree 0/16
#NNI moves:0/152
Guide Tree 1/16
#NNI moves:0/152
Guide Tree 2/16
#NNI moves:0/152
Guide Tree 3/16
#NNI moves:0/152
Guide Tree 4/16
#NNI moves:0/152
Guide Tree 5/16
#NNI moves:0/152
Guide Tree 6/16
#NNI moves:0/152
Guide Tree 7/16
#NNI moves:0/152
Guide Tree 8/16
#NNI moves:0/152
Guide Tree 9/16
#NNI moves:0/152
Guide Tree 10/16
#NNI moves:0/152
Guide Tree 11/16
#NNI moves:0/152
Guide Tree 12/16
#NNI moves:0/152
Guide Tree 13/16
#NNI moves:0/152
Guide Tree 14/16
#NNI moves:0/152
Guide Tree 15/16
#NNI moves:0/152
Remaining: 0
#NNI moves:0/152
#NNI moves:0/152
(((((((((((((((((((((65,69),37),87),12),(21,45)),((66,(28,68)),49)),(16,((99,((26,63),81)),(((64,40),38),(73,(98,55)))))),(((53,42),(((31,25),88),10)),33)),(((((62,92),((52,14),79)),(39,78)),96),(17,48))),(((80,(((47,56),84),57)),(95,18)),22)),(((((23,(((61,70),8),(30,41))),77),27),((((94,29),13),(76,6)),(36,71))),((89,97),(54,11)))),(((2,(1,5)),3),4)),(85,93)),35),((51,((19,15),32)),24)),(((91,74),(43,(46,72))),((67,20),((75,100),50)))),(59,9)),(83,(60,58))),((86,82),(44,90))),34),7);
Guide Tree 0/16
#NNI moves:0/152
Guide Tree 1/16
#NNI moves:0/152
Guide Tree 2/16
#NNI moves:0/152
Guide Tree 3/16
#NNI moves:0/152
Guide Tree 4/16
#NNI moves:0/152
Guide Tree 5/16
#NNI moves:0/152
Guide Tree 6/16
#NNI moves:0/152
Guide Tree 7/16
#NNI moves:0/152
Guide Tree 8/16
#NNI moves:0/152
Guide Tree 9/16
#NNI moves:0/152
Guide Tree 10/16
#NNI moves:0/152
Guide Tree 11/16
#NNI moves:0/152
Guide Tree 12/16
#NNI moves:0/152
Guide Tree 13/16
#NNI moves:0/152
Guide Tree 14/16
#NNI moves:0/152
Guide Tree 15/16
#NNI moves:0/152
Remaining: 0
#NNI moves:0/152
#NNI moves:0/152
(((((((((((((((((((87,((65,69),37)),12),(45,21)),((66,(68,28)),49)),(((99,((63,26),81)),((38,(40,64)),(73,(55,98)))),16)),(((10,(88,(25,31))),(42,53)),33)),((17,48),(((((52,14),79),(62,92)),(78,39)),96))),((((57,(84,(56,47))),80),(95,18)),22)),(((89,97),(54,11)),((((13,(29,94)),(76,6)),(36,71)),(27,(((((70,61),8),(41,30)),23),77))))),((3,((1,5),2)),4)),(85,93)),35),(24,((32,(19,15)),51))),((((100,75),50),(67,20)),(((46,72),43),(91,74)))),(59,9)),((60,58),83)),((82,86),(90,44))),34),7);
Initial score: 3.35461e+09
Initial tree: (((((((((((((((((((87,((65,69),37)),12),(45,21)),((66,(68,28)),49)),(((99,((63,26),81)),((38,(40,64)),(73,(55,98)))),16)),(((10,(88,(25,31))),(42,53)),33)),((17,48),(((((52,14),79),(62,92)),(78,39)),96))),((((57,(84,(56,47))),80),(95,18)),22)),(((89,97),(54,11)),((((13,(29,94)),(76,6)),(36,71)),(27,(((((70,61),8),(41,30)),23),77))))),((3,((1,5),2)),4)),(85,93)),35),(24,((32,(19,15)),51))),((((100,75),50),(67,20)),(((46,72),43),(91,74)))),(59,9)),((60,58),83)),((82,86),(90,44))),34),7);
*** Subsample Process ***
Use two-step algorithm!
#NNI moves:0/152
Remaining: 0
#NNI moves:0/152
#NNI moves:0/152
((((((((((((((((((((((86,82),(44,90)),(34,7)),((60,58),83)),(59,9)),(((67,20),(50,(75,100))),((43,(72,46)),(91,74)))),((51,((19,15),32)),24)),35),(85,93)),(((2,(1,5)),3),4)),(((((((8,(70,61)),(30,41)),23),77),27),((((94,29),13),(76,6)),(36,71))),((89,97),(54,11)))),((((57,((56,47),84)),80),(18,95)),22)),(((((92,62),((52,14),79)),(39,78)),96),(48,17))),((((88,(25,31)),10),(53,42)),33)),(((((98,55),73),((40,64),38)),(99,((63,26),81))),16)),((66,(28,68)),49)),(45,21)),12),87),37),69),65);
#NNI moves:0/152
Remaining: 0
#NNI moves:6/152
#NNI moves:6/152
(((((((((((((((((((52,14),79),(62,92)),(78,39)),96),(48,17)),(((((((26,63),81),99),(((98,55),73),((40,64),38))),16),(((45,21),((((65,69),37),87),12)),(((68,28),66),49))),(((53,42),((88,(31,25)),10)),33))),(((80,(57,(84,(47,56)))),(18,95)),22)),(((27,(((((61,70),8),(30,41)),23),77)),((((94,29),13),(76,6)),(36,71))),((54,11),(89,97)))),(((2,(5,1)),3),4)),(93,85)),35),((((19,15),32),51),24)),(((67,20),((75,100),50)),((74,91),((46,72),43)))),(9,59)),((58,60),83)),((44,90),(86,82))),7),34);
#NNI moves:0/152
Remaining: 0
#NNI moves:0/152
#NNI moves:0/152
(((((((((((((((((((58,60),83),((7,34),((90,44),(86,82)))),(9,59)),(((67,20),((75,100),50)),(((46,72),43),(74,91)))),((((19,15),32),51),24)),35),(93,85)),(((2,(1,5)),3),4)),(((89,97),(11,54)),(((77,(((41,30),((61,70),8)),23)),27),(((6,76),((94,29),13)),(71,36))))),(((((84,(47,56)),57),80),(18,95)),22)),((((((81,(26,63)),99),(((98,55),73),((40,64),38))),16),((((28,68),66),49),(((87,(37,(69,65))),12),(21,45)))),(((((25,31),88),10),(53,42)),33))),(17,48)),96),(78,39)),(92,62)),79),14),52);
#NNI moves:0/152
Remaining: 1
#NNI moves:0/152
#NNI moves:0/152
(((((((((((((((((((((26,63),81),99),(((64,40),38),((55,98),73))),16),(((66,(68,28)),49),(((87,(37,(65,69))),12),(45,21)))),(((42,53),((88,(31,25)),10)),33)),((((78,39),((62,92),((52,14),79))),96),(48,17))),((((57,(84,(56,47))),80),(18,95)),22)),((((77,((((70,61),8),(30,41)),23)),27),(((76,6),((94,29),13)),(36,71))),((54,11),(97,89)))),((3,((5,1),2)),4)),(85,93)),35),((((15,19),32),51),24)),((((100,75),50),(20,67)),(((72,46),43),(74,91)))),(9,59)),(83,(60,58))),(34,7)),(82,86)),90),44);
Current score: 3.35461e+09
Current tree: ((34,((((((((((((((((((26,63),81),99),(((64,40),38),((55,98),73))),16),(((66,(68,28)),49),(((87,(37,(65,69))),12),(45,21)))),(((42,53),((88,(31,25)),10)),33)),((((78,39),((62,92),((52,14),79))),96),(48,17))),((((57,(84,(56,47))),80),(18,95)),22)),((((77,((((70,61),8),(30,41)),23)),27),(((76,6),((94,29),13)),(36,71))),((54,11),(97,89)))),((3,((5,1),2)),4)),(85,93)),35),((((15,19),32),51),24)),((((100,75),50),(20,67)),(((72,46),43),(74,91)))),(9,59)),(83,(60,58))),((82,86),(90,44)))),7);
Final Tree: ((34,((((((((((((((((((26,63),81),99),(((64,40),38),((55,98),73))),16),(((66,(68,28)),49),(((87,(37,(65,69))),12),(45,21)))),(((42,53),((88,(31,25)),10)),33)),((((78,39),((62,92),((52,14),79))),96),(48,17))),((((57,(84,(56,47))),80),(18,95)),22)),((((77,((((70,61),8),(30,41)),23)),27),(((76,6),((94,29),13)),(36,71))),((54,11),(97,89)))),((3,((5,1),2)),4)),(85,93)),35),((((15,19),32),51),24)),((((100,75),50),(20,67)),(((72,46),43),(74,91)))),(9,59)),(83,(60,58))),((82,86),(90,44)))),7);
#EqQuartets: 3921225000
Score: 3354610279
ASTRAL for PaRalogs and Orthologs III (ASTRAL-Pro3)
*** NOW with integrated CASTLES-Pro ***
Version: v1.22.3.6
Read 512 genetrees and found 100 species.
#Genetrees: 1000
#Duploss: 0
#Species: 100
#Rounds: 4
#Samples: 4
#Threads: 1
Use two-step algorithm!
Guide Tree 0/16
#NNI moves:0/152
Guide Tree 1/16
#NNI moves:0/152
Guide Tree 2/16
#NNI moves:0/152
Guide Tree 3/16
#NNI moves:0/152
Guide Tree 4/16
#NNI moves:0/152
Guide Tree 5/16
#NNI moves:0/152
Guide Tree 6/16
#NNI moves:0/152
Guide Tree 7/16
#NNI moves:0/152
Guide Tree 8/16
#NNI moves:0/152
Guide Tree 9/16
#NNI moves:0/152
Guide Tree 10/16
#NNI moves:0/152
Guide Tree 11/16
#NNI moves:0/152
Guide Tree 12/16
#NNI moves:0/152
Guide Tree 13/16
#NNI moves:0/152
Guide Tree 14/16
#NNI moves:0/152
Guide Tree 15/16
#NNI moves:0/152
Remaining: 0
#NNI moves:0/152
#NNI moves:0/152
((((((((((((((36,88),91),21),(66,77)),33),(14,((((19,71),17),(30,53)),((74,62),(87,78))))),(20,((((58,41),((((70,28),69),(50,55)),93)),((26,60),49)),(45,(((7,25),10),(80,57)))))),(((((((((56,61),59),72),(65,48)),73),(((92,67),46),89)),76),(38,83)),(((47,37),3),(79,1)))),((((((42,32),9),(52,8)),54),51),((81,(29,39)),(13,2)))),((96,((94,97),100)),((95,99),98))),((((90,(5,4)),(34,84)),((40,31),(82,44))),((22,(11,85)),(68,6)))),(((35,15),((86,16),64)),43)),((((27,24),75),(23,63)),12)),18);
Guide Tree 0/16
#NNI moves:2/152
Guide Tree 1/16
#NNI moves:0/152
Guide Tree 2/16
#NNI moves:2/152
Guide Tree 3/16
#NNI moves:0/152
Guide Tree 4/16
#NNI moves:2/152
Guide Tree 5/16
#NNI moves:0/152
Guide Tree 6/16
#NNI moves:0/152
Guide Tree 7/16
#NNI moves:2/152
Guide Tree 8/16
#NNI moves:0/152
Guide Tree 9/16
#NNI moves:0/152
Guide Tree 10/16
#NNI moves:2/152
Guide Tree 11/16
#NNI moves:6/152
Guide Tree 12/16
#NNI moves:2/152
Guide Tree 13/16
#NNI moves:0/152
Guide Tree 14/16
#NNI moves:0/152
Guide Tree 15/16
#NNI moves:0/152
Remaining: 0
#NNI moves:0/152
#NNI moves:0/152
(((((((((((((((59,(56,61)),72),(48,65)),73),((46,(67,92)),89)),76),(83,38)),(((47,37),3),(1,79))),(((((((36,88),91),21),(77,66)),33),((((62,74),(87,78)),((30,53),((19,71),17))),14)),(20,((((60,26),49),((41,58),(93,(((70,28),69),(55,50))))),((((25,7),10),(80,57)),45))))),(((((52,8),(9,(32,42))),54),51),((13,2),((29,39),81)))),((98,(99,95)),((100,(94,97)),96))),((((84,34),((5,4),90)),((82,44),(31,40))),((6,68),((85,11),22)))),(((35,15),((86,16),64)),43)),(((63,23),((24,27),75)),12)),18);
Guide Tree 0/16
#NNI moves:0/152
Guide Tree 1/16
#NNI moves:0/152
Guide Tree 2/16
#NNI moves:0/152
Guide Tree 3/16
#NNI moves:0/152
Guide Tree 4/16
#NNI moves:0/152
Guide Tree 5/16
#NNI moves:0/152
Guide Tree 6/16
#NNI moves:0/152
Guide Tree 7/16
#NNI moves:0/152
Guide Tree 8/16
#NNI moves:0/152
Guide Tree 9/16
#NNI moves:0/152
Guide Tree 10/16
#NNI moves:0/152
Guide Tree 11/16
#NNI moves:0/152
Guide Tree 12/16
#NNI moves:0/152
Guide Tree 13/16
#NNI moves:0/152
Guide Tree 14/16
#NNI moves:0/152
Guide Tree 15/16
#NNI moves:0/152
Remaining: 0
#NNI moves:0/152
#NNI moves:0/152
(((((((((((((87,78),(74,62)),(((19,71),17),(30,53))),14),(((66,77),(((88,36),91),21)),33)),(((((((50,55),((28,70),69)),93),(41,58)),(49,(60,26))),(((80,57),(10,(7,25))),45)),20)),(((((((72,(59,(61,56))),(65,48)),73),(((67,92),46),89)),76),(38,83)),(((47,37),3),(1,79)))),(((54,(((42,32),9),(52,8))),51),(((29,39),81),(2,13)))),((98,(95,99)),(96,(100,(97,94))))),((((82,44),(40,31)),((84,34),((5,4),90))),((22,(85,11)),(68,6)))),(((15,35),(64,(86,16))),43)),(((63,23),((24,27),75)),12)),18);
Guide Tree 0/16
#NNI moves:0/152
Guide Tree 1/16
#NNI moves:0/152
Guide Tree 2/16
#NNI moves:0/152
Guide Tree 3/16
#NNI moves:0/152
Guide Tree 4/16
#NNI moves:0/152
Guide Tree 5/16
#NNI moves:0/152
Guide Tree 6/16
#NNI moves:0/152
Guide Tree 7/16
#NNI moves:0/152
Guide Tree 8/16
#NNI moves:0/152
Guide Tree 9/16
#NNI moves:0/152
Guide Tree 10/16
#NNI moves:0/152
Guide Tree 11/16
#NNI moves:0/152
Guide Tree 12/16
#NNI moves:0/152
Guide Tree 13/16
#NNI moves:0/152
Guide Tree 14/16
#NNI moves:0/152
Guide Tree 15/16
#NNI moves:0/152
Remaining: 0
#NNI moves:0/152
#NNI moves:0/152
(((((((((((((80,57),((7,25),10)),45),(((60,26),49),((58,41),((((70,28),69),(50,55)),93)))),20),(((((78,87),(74,62)),((53,30),((19,71),17))),14),(((21,((36,88),91)),(77,66)),33))),(((((((((61,56),59),72),(65,48)),73),(((67,92),46),89)),76),(83,38)),(((37,47),3),(79,1)))),(((2,13),((29,39),81)),((((52,8),((42,32),9)),54),51))),(((100,(97,94)),96),((99,95),98))),((((34,84),((5,4),90)),((40,31),(44,82))),((22,(11,85)),(6,68)))),((((86,16),64),(15,35)),43)),((((24,27),75),(63,23)),12)),18);
Initial score: 3.05163e+09
Initial tree: (((((((((((((80,57),((7,25),10)),45),(((60,26),49),((58,41),((((70,28),69),(50,55)),93)))),20),(((((78,87),(74,62)),((53,30),((19,71),17))),14),(((21,((36,88),91)),(77,66)),33))),(((((((((61,56),59),72),(65,48)),73),(((67,92),46),89)),76),(83,38)),(((37,47),3),(79,1)))),(((2,13),((29,39),81)),((((52,8),((42,32),9)),54),51))),(((100,(97,94)),96),((99,95),98))),((((34,84),((5,4),90)),((40,31),(44,82))),((22,(11,85)),(6,68)))),((((86,16),64),(15,35)),43)),((((24,27),75),(63,23)),12)),18);
*** Subsample Process ***
Use two-step algorithm!
#NNI moves:0/152
Remaining: 0
#NNI moves:0/152
#NNI moves:0/152
((((((((((((((22,(85,11)),(68,6)),(((40,31),(82,44)),(((4,5),90),(84,34)))),((((((24,27),75),(63,23)),12),18),(43,(((86,16),64),(15,35))))),((96,((97,94),100)),((99,95),98))),(((((9,(42,32)),(8,52)),54),51),((2,13),((39,29),81)))),(((((((72,(59,(56,61))),(65,48)),73),(((92,67),46),89)),76),(38,83)),(((37,47),3),(1,79)))),(((((17,(71,19)),(30,53)),((78,87),(62,74))),14),(((((88,36),91),21),(66,77)),33))),20),(((((69,(70,28)),(55,50)),93),(41,58)),(49,(60,26)))),45),((7,25),10)),57),80);
#NNI moves:6/152
Remaining: 0
#NNI moves:8/152
#NNI moves:8/152
(((((((((((((((88,36),91),21),(77,66)),33),((((53,30),((19,71),17)),((74,62),(87,78))),14)),((((((7,25),10),(80,57)),45),((((((28,70),69),(50,55)),93),(41,58)),(49,(60,26)))),20)),(((((((((56,61),59),72),(65,48)),73),(((92,67),46),89)),76),(83,38)),(((47,37),3),(79,1)))),(((2,13),((39,29),81)),(51,(((9,(42,32)),(8,52)),54)))),((((94,97),100),96),(98,(95,99)))),((((40,31),(44,82)),((84,34),(90,(5,4)))),((68,6),((85,11),22)))),(43,((64,(16,86)),(35,15)))),18),((23,63),(75,(24,27)))),12);
#NNI moves:0/152
Remaining: 0
#NNI moves:0/152
#NNI moves:0/152
((((((((((((((((((24,27),75),(63,23)),12),18),(((35,15),((86,16),64)),43)),((((40,31),(44,82)),((90,(5,4)),(84,34))),(((11,85),22),(68,6)))),(((100,(94,97)),96),((99,95),98))),((51,(((9,(42,32)),(8,52)),54)),(((39,29),81),(2,13)))),(((((((((61,56),59),72),(65,48)),73),(89,(46,(67,92)))),76),(38,83)),((79,1),((37,47),3)))),((((((25,7),10),(80,57)),45),(((93,(((28,70),69),(50,55))),(58,41)),((26,60),49))),20)),((((62,74),(78,87)),((53,30),(17,(19,71)))),14)),33),(77,66)),21),91),36),88);
#NNI moves:0/152
Remaining: 0
#NNI moves:0/152
#NNI moves:0/152
(((((((((((((((((((70,28),69),(55,50)),93),(58,41)),(49,(26,60))),(45,(((7,25),10),(57,80)))),20),(((((74,62),(78,87)),((53,30),((19,71),17))),14),(((77,66),(21,(91,(88,36)))),33))),((((37,47),3),(79,1)),((((73,((72,((56,61),59)),(65,48))),(((67,92),46),89)),76),(83,38)))),((((29,39),81),(13,2)),(((((32,42),9),(52,8)),54),51))),((96,(100,(97,94))),(98,(95,99)))),(((22,(11,85)),(6,68)),(((34,84),(90,(4,5))),((31,40),(82,44))))),(((35,15),((16,86),64)),43)),18),12),((24,27),75)),63),23);
Current score: 3.05163e+09
Current tree: ((((((((((((((((70,28),69),(55,50)),93),(58,41)),(49,(26,60))),(45,(((7,25),10),(57,80)))),20),(((((74,62),(78,87)),((53,30),((19,71),17))),14),(((77,66),(21,(91,(88,36)))),33))),((((37,47),3),(79,1)),((((73,((72,((56,61),59)),(65,48))),(((67,92),46),89)),76),(83,38)))),((((29,39),81),(13,2)),(((((32,42),9),(52,8)),54),51))),((96,(100,(97,94))),(98,(95,99)))),(((22,(11,85)),(6,68)),(((34,84),(90,(4,5))),((31,40),(82,44))))),(((35,15),((16,86),64)),43)),(12,(((24,27),75),(63,23)))),18);
Final Tree: ((((((((((((((((70,28),69),(55,50)),93),(58,41)),(49,(26,60))),(45,(((7,25),10),(57,80)))),20),(((((74,62),(78,87)),((53,30),((19,71),17))),14),(((77,66),(21,(91,(88,36)))),33))),((((37,47),3),(79,1)),((((73,((72,((56,61),59)),(65,48))),(((67,92),46),89)),76),(83,38)))),((((29,39),81),(13,2)),(((((32,42),9),(52,8)),54),51))),((96,(100,(97,94))),(98,(95,99)))),(((22,(11,85)),(6,68)),(((34,84),(90,(4,5))),((31,40),(82,44))))),(((35,15),((16,86),64)),43)),(12,(((24,27),75),(63,23)))),18);
#EqQuartets: 3921225000
Score: 3051627229
ASTRAL for PaRalogs and Orthologs III (ASTRAL-Pro3)
*** NOW with integrated CASTLES-Pro ***
Version: v1.22.3.6
Read 512 genetrees and found 100 species.
#Genetrees: 1000
#Duploss: 0
#Species: 100
#Rounds: 4
#Samples: 4
#Threads: 1
Use two-step algorithm!
Guide Tree 0/16
#NNI moves:0/152
Guide Tree 1/16
#NNI moves:0/152
Guide Tree 2/16
#NNI moves:0/152
Guide Tree 3/16
#NNI moves:2/152
Guide Tree 4/16
#NNI moves:0/152
Guide Tree 5/16
#NNI moves:0/152
Guide Tree 6/16
#NNI moves:0/152
Guide Tree 7/16
#NNI moves:0/152
Guide Tree 8/16
#NNI moves:0/152
Guide Tree 9/16
#NNI moves:0/152
Guide Tree 10/16
#NNI moves:0/152
Guide Tree 11/16
#NNI moves:0/152
Guide Tree 12/16
#NNI moves:0/152
Guide Tree 13/16
#NNI moves:0/152
Guide Tree 14/16
#NNI moves:0/152
Guide Tree 15/16
#NNI moves:0/152
Remaining: 0
#NNI moves:6/152
#NNI moves:6/152
((((((((((((((((((89,61),79),((67,((96,70),80)),74)),52),((90,(58,(91,82))),68)),((83,51),72)),(((99,(54,66)),71),(69,46))),(((((((((87,(59,100)),62),50),(55,48)),((60,65),(77,(76,(47,56))))),((64,(63,(92,57))),(86,84))),(95,((97,75),93))),(49,(94,81))),(((98,(85,78)),73),(88,53)))),((7,(40,42)),(34,(16,36)))),((((31,6),29),1),(17,18))),((((19,((24,45),32)),(38,35)),25),21)),((((22,41),(23,12)),9),(14,3))),((27,28),43)),(((26,4),((8,44),39)),10)),(2,(33,15))),(5,(13,11))),(30,37)),20);
Guide Tree 0/16
#NNI moves:0/152
Guide Tree 1/16
#NNI moves:0/152
Guide Tree 2/16
#NNI moves:0/152
Guide Tree 3/16
#NNI moves:0/152
Guide Tree 4/16
#NNI moves:0/152
Guide Tree 5/16
#NNI moves:2/152
Guide Tree 6/16
#NNI moves:0/152
Guide Tree 7/16
#NNI moves:0/152
Guide Tree 8/16
#NNI moves:0/152
Guide Tree 9/16
#NNI moves:0/152
Guide Tree 10/16
#NNI moves:0/152
Guide Tree 11/16
#NNI moves:0/152
Guide Tree 12/16
#NNI moves:0/152
Guide Tree 13/16
#NNI moves:0/152
Guide Tree 14/16
#NNI moves:0/152
Guide Tree 15/16
#NNI moves:0/152
Remaining: 0
#NNI moves:4/152
#NNI moves:4/152
((((((((((((((((((65,60),(((47,56),76),77)),(((((100,59),87),62),50),(48,55))),((((57,92),63),64),(86,84))),(((75,97),93),95)),((81,94),49)),(((98,(85,78)),73),(88,53))),((((83,51),72),(((((89,61),79),(((80,(70,96)),67),74)),52),((((82,91),58),90),68))),((46,69),(((66,54),99),71)))),(((40,42),7),(34,(16,36)))),((18,17),((29,(6,31)),1))),((((35,38),(19,((45,24),32))),25),21)),((((23,12),(22,41)),9),(3,14))),((28,27),43)),(((39,(8,44)),(26,4)),10)),(2,(15,33))),((11,13),5)),(30,37)),20);
Guide Tree 0/16
#NNI moves:0/152
Guide Tree 1/16
#NNI moves:0/152
Guide Tree 2/16
#NNI moves:0/152
Guide Tree 3/16
#NNI moves:0/152
Guide Tree 4/16
#NNI moves:0/152
Guide Tree 5/16
#NNI moves:0/152
Guide Tree 6/16
#NNI moves:0/152
Guide Tree 7/16
#NNI moves:0/152
Guide Tree 8/16
#NNI moves:0/152
Guide Tree 9/16
#NNI moves:0/152
Guide Tree 10/16
#NNI moves:0/152
Guide Tree 11/16
#NNI moves:0/152
Guide Tree 12/16
#NNI moves:0/152
Guide Tree 13/16
#NNI moves:0/152
Guide Tree 14/16
#NNI moves:0/152
Guide Tree 15/16
#NNI moves:0/152
Remaining: 0
#NNI moves:4/152
#NNI moves:4/152
((((((((((((((((((((96,70),80),67),74),(79,(89,61))),52),((((91,82),58),90),68)),(72,(83,51))),((71,(99,(54,66))),(69,46))),((((98,(78,85)),73),(53,88)),(((81,94),49),(((((65,60),(77,(76,(56,47)))),((((87,(100,59)),62),50),(55,48))),((84,86),(64,((57,92),63)))),((93,(75,97)),95))))),(((40,42),7),((36,16),34))),((18,17),((29,(6,31)),1))),((((38,35),((32,(24,45)),19)),25),21)),((((22,41),(12,23)),9),(3,14))),((28,27),43)),(((39,(8,44)),(4,26)),10)),(2,(33,15))),((11,13),5)),(30,37)),20);
Guide Tree 0/16
#NNI moves:0/152
Guide Tree 1/16
#NNI moves:0/152
Guide Tree 2/16
#NNI moves:0/152
Guide Tree 3/16
#NNI moves:0/152
Guide Tree 4/16
#NNI moves:0/152
Guide Tree 5/16
#NNI moves:0/152
Guide Tree 6/16
#NNI moves:0/152
Guide Tree 7/16
#NNI moves:0/152
Guide Tree 8/16
#NNI moves:0/152
Guide Tree 9/16
#NNI moves:0/152
Guide Tree 10/16
#NNI moves:6/152
Guide Tree 11/16
#NNI moves:0/152
Guide Tree 12/16
#NNI moves:0/152
Guide Tree 13/16
#NNI moves:0/152
Guide Tree 14/16
#NNI moves:0/152
Guide Tree 15/16
#NNI moves:0/152
Remaining: 0
#NNI moves:4/152
#NNI moves:4/152
((((((((((((((((78,85),98),73),(53,88)),((((((50,((87,(59,100)),62)),(48,55)),((60,65),(((56,47),76),77))),((((57,92),63),64),(86,84))),(95,((97,75),93))),(49,(81,94)))),(((71,((54,66),99)),(69,46)),((((((82,91),58),90),68),(((79,(89,61)),((67,((96,70),80)),74)),52)),((83,51),72)))),(((40,42),7),((16,36),34))),((1,(29,(31,6))),(18,17))),(((((32,(24,45)),19),(38,35)),25),21)),((3,14),(((22,41),(23,12)),9))),((28,27),43)),((((8,44),39),(4,26)),10)),(2,(15,33))),((13,11),5)),(30,37)),20);
Initial score: 3.34141e+09
Initial tree: ((((((((((((((((78,85),98),73),(53,88)),((((((50,((87,(59,100)),62)),(48,55)),((60,65),(((56,47),76),77))),((((57,92),63),64),(86,84))),(95,((97,75),93))),(49,(81,94)))),(((71,((54,66),99)),(69,46)),((((((82,91),58),90),68),(((79,(89,61)),((67,((96,70),80)),74)),52)),((83,51),72)))),(((40,42),7),((16,36),34))),((1,(29,(31,6))),(18,17))),(((((32,(24,45)),19),(38,35)),25),21)),((3,14),(((22,41),(23,12)),9))),((28,27),43)),((((8,44),39),(4,26)),10)),(2,(15,33))),((13,11),5)),(30,37)),20);
*** Subsample Process ***
Use two-step algorithm!
#NNI moves:0/152
Remaining: 6
#NNI moves:6/152
#NNI moves:6/152
(((((((((((((6,31),29),1),(18,17)),((((((((13,11),5),((30,37),20)),((33,15),2)),((((8,44),39),(4,26)),10)),(43,(27,28))),((((22,41),(12,23)),9),(14,3))),((25,((35,38),(19,((24,45),32)))),21))),(((36,16),34),((42,40),7))),(((((((89,61),79),((((70,96),80),67),74)),52),((((91,82),58),90),68)),(72,(51,83))),((71,((54,66),99)),(46,69)))),((((((((87,(100,59)),62),50),(55,48)),((60,65),(77,(76,(47,56))))),(((63,(92,57)),64),(86,84))),(95,((75,97),93))),((94,81),49))),(53,88)),73),98),85),78);
#NNI moves:0/152
Remaining: 0
#NNI moves:0/152
#NNI moves:0/152
((((((((((((((((((((62,((100,59),87)),50),(48,55)),((60,65),(((56,47),76),77))),(((63,(92,57)),64),(86,84))),(95,((97,75),93))),((94,81),49)),(((98,(85,78)),73),(53,88))),((((((79,(61,89)),(74,(((96,70),80),67))),52),((((91,82),58),90),68)),(72,(83,51))),((((66,54),99),71),(69,46)))),(((16,36),34),(7,(42,40)))),((17,18),(((31,6),29),1))),((((19,((24,45),32)),(35,38)),25),21)),((14,3),(((23,12),(41,22)),9))),((27,28),43)),(((26,4),(39,(44,8))),10)),((33,15),2)),((13,11),5)),20),37),30);
#NNI moves:0/152
Remaining: 0
#NNI moves:2/152
#NNI moves:2/152
(((((((((((((((((((((26,4),(39,(8,44))),10),(((15,33),2),(((13,11),5),(20,(30,37))))),((28,27),43)),((((41,22),(12,23)),9),(3,14))),((((((24,45),32),19),(38,35)),25),21)),((17,18),(((31,6),29),1))),(((16,36),34),(7,(40,42)))),(((72,(83,51)),(((((89,61),79),(((80,(96,70)),67),74)),52),((90,((91,82),58)),68))),((46,69),(71,(99,(54,66)))))),((((78,85),98),73),(88,53))),((94,81),49)),(((97,75),93),95)),(((63,(57,92)),64),(86,84))),((60,65),(((56,47),76),77))),(48,55)),50),62),87),100),59);
#NNI moves:0/152
Remaining: 0
#NNI moves:8/152
#NNI moves:12/152
((((((((((((((((((89,61),79),((67,((70,96),80)),74)),52),(68,(90,(58,(91,82))))),((51,83),72)),((69,46),(71,((54,66),99)))),(((((((((47,56),76),77),(65,60)),((((87,(59,100)),62),50),(55,48))),((84,86),(((92,57),63),64))),(95,((97,75),93))),(49,(94,81))),((((85,78),98),73),(88,53)))),(((16,36),34),(7,(40,42)))),((1,((31,6),29)),(18,17))),((25,((38,35),(((24,45),32),19))),21)),((((22,41),(12,23)),9),(3,14))),((28,27),43)),(((26,4),((44,8),39)),10)),(((13,11),5),((37,30),20))),2),15),33);
Current score: 3.34141e+09
Current tree: (((37,30),(((13,11),5),(((((((((((((((89,61),79),((67,((70,96),80)),74)),52),(68,(90,(58,(91,82))))),((51,83),72)),((69,46),(71,((54,66),99)))),(((((((((47,56),76),77),(65,60)),((((87,(59,100)),62),50),(55,48))),((84,86),(((92,57),63),64))),(95,((97,75),93))),(49,(94,81))),((((85,78),98),73),(88,53)))),(((16,36),34),(7,(40,42)))),((1,((31,6),29)),(18,17))),((25,((38,35),(((24,45),32),19))),21)),((((22,41),(12,23)),9),(3,14))),((28,27),43)),(((26,4),((44,8),39)),10)),(2,(15,33))))),20);
Final Tree: (((37,30),(((13,11),5),(((((((((((((((89,61),79),((67,((70,96),80)),74)),52),(68,(90,(58,(91,82))))),((51,83),72)),((69,46),(71,((54,66),99)))),(((((((((47,56),76),77),(65,60)),((((87,(59,100)),62),50),(55,48))),((84,86),(((92,57),63),64))),(95,((97,75),93))),(49,(94,81))),((((85,78),98),73),(88,53)))),(((16,36),34),(7,(40,42)))),((1,((31,6),29)),(18,17))),((25,((38,35),(((24,45),32),19))),21)),((((22,41),(12,23)),9),(3,14))),((28,27),43)),(((26,4),((44,8),39)),10)),(2,(15,33))))),20);
#EqQuartets: 3921225000
Score: 3341409434
ASTRAL for PaRalogs and Orthologs III (ASTRAL-Pro3)
*** NOW with integrated CASTLES-Pro ***
Version: v1.22.3.6
Read 512 genetrees and found 100 species.
#Genetrees: 1000
#Duploss: 0
#Species: 100
#Rounds: 4
#Samples: 4
#Threads: 1
Use two-step algorithm!
Guide Tree 0/16
#NNI moves:0/152
Guide Tree 1/16
#NNI moves:0/152
Guide Tree 2/16
#NNI moves:0/152
Guide Tree 3/16
#NNI moves:0/152
Guide Tree 4/16
#NNI moves:0/152
Guide Tree 5/16
#NNI moves:0/152
Guide Tree 6/16
#NNI moves:0/152
Guide Tree 7/16
#NNI moves:0/152
Guide Tree 8/16
#NNI moves:0/152
Guide Tree 9/16
#NNI moves:0/152
Guide Tree 10/16
#NNI moves:0/152
Guide Tree 11/16
#NNI moves:0/152
Guide Tree 12/16
#NNI moves:0/152
Guide Tree 13/16
#NNI moves:0/152
Guide Tree 14/16
#NNI moves:0/152
Guide Tree 15/16
#NNI moves:0/152
Remaining: 0
#NNI moves:0/152
#NNI moves:0/152
((((((((((((((((37,34),19),((5,4),32)),3),(6,((7,11),8))),(((27,21),10),((38,14),20))),(((1,13),(18,23)),12)),((((36,30),(((22,24),9),15)),(41,31)),(39,26))),(((17,28),16),42)),(((2,(35,29)),25),(33,40))),((89,(67,66)),((72,63),51))),(56,((85,(70,81)),(54,93)))),(((65,((62,53),94)),(59,(43,74))),((((((64,50),(((79,91),(96,76)),(98,46))),(71,61)),((68,90),((44,83),(55,(77,100))))),75),((((86,47),(92,(58,57))),87),82)))),((((80,97),88),(99,(48,49))),45)),(((69,52),(84,95)),(73,78))),60);
Guide Tree 0/16
#NNI moves:0/152
Guide Tree 1/16
#NNI moves:0/152
Guide Tree 2/16
#NNI moves:0/152
Guide Tree 3/16
#NNI moves:0/152
Guide Tree 4/16
#NNI moves:0/152
Guide Tree 5/16
#NNI moves:0/152
Guide Tree 6/16
#NNI moves:0/152
Guide Tree 7/16
#NNI moves:0/152
Guide Tree 8/16
#NNI moves:0/152
Guide Tree 9/16
#NNI moves:0/152
Guide Tree 10/16
#NNI moves:0/152
Guide Tree 11/16
#NNI moves:0/152
Guide Tree 12/16
#NNI moves:0/152
Guide Tree 13/16
#NNI moves:0/152
Guide Tree 14/16
#NNI moves:0/152
Guide Tree 15/16
#NNI moves:0/152
Remaining: 0
#NNI moves:0/152
#NNI moves:0/152
((((((((((((((((5,4),32),((34,37),19)),3),(((11,7),8),6)),(((38,14),20),((21,27),10))),(((13,1),(23,18)),12)),((26,39),(((30,36),(((24,22),9),15)),(41,31)))),(((17,28),16),42)),(((2,(29,35)),25),(33,40))),(((63,72),51),((66,67),89))),((((81,70),85),(54,93)),56)),(((82,(((47,86),((57,58),92)),87)),(((((83,44),(55,(77,100))),(90,68)),((61,71),((64,50),(((76,96),(91,79)),(98,46))))),75)),(((74,43),59),((94,(62,53)),65)))),((((49,48),99),((80,97),88)),45)),(((95,84),(52,69)),(78,73))),60);
Guide Tree 0/16
#NNI moves:0/152
Guide Tree 1/16
#NNI moves:0/152
Guide Tree 2/16
#NNI moves:0/152
Guide Tree 3/16
#NNI moves:0/152
Guide Tree 4/16
#NNI moves:0/152
Guide Tree 5/16
#NNI moves:0/152
Guide Tree 6/16
#NNI moves:6/152
Guide Tree 7/16
#NNI moves:0/152
Guide Tree 8/16
#NNI moves:0/152
Guide Tree 9/16
#NNI moves:0/152
Guide Tree 10/16
#NNI moves:0/152
Guide Tree 11/16
#NNI moves:2/152
Guide Tree 12/16
#NNI moves:0/152
Guide Tree 13/16
#NNI moves:0/152
Guide Tree 14/16
#NNI moves:0/152
Guide Tree 15/16
#NNI moves:2/152
Remaining: 0
#NNI moves:0/152
#NNI moves:0/152
(((((((((((((76,96),(79,91)),(98,46)),(50,64)),(71,61)),((90,68),(((100,77),55),(83,44)))),75),((((92,(58,57)),(47,86)),87),82)),((59,(43,74)),(65,(94,(53,62))))),(((((((17,28),16),42),(((((30,36),(15,(9,(24,22)))),(31,41)),(26,39)),(((((((5,4),32),((34,37),19)),3),(((11,7),8),6)),(((14,38),20),((27,21),10))),(((1,13),(18,23)),12)))),((((35,29),2),25),(40,33))),((51,(63,72)),((67,66),89))),(((85,(70,81)),(93,54)),56))),((((49,48),99),(88,(80,97))),45)),(((95,84),(69,52)),(73,78))),60);
Guide Tree 0/16
#NNI moves:0/152
Guide Tree 1/16
#NNI moves:0/152
Guide Tree 2/16
#NNI moves:0/152
Guide Tree 3/16
#NNI moves:0/152
Guide Tree 4/16
#NNI moves:0/152
Guide Tree 5/16
#NNI moves:0/152
Guide Tree 6/16
#NNI moves:0/152
Guide Tree 7/16
#NNI moves:0/152
Guide Tree 8/16
#NNI moves:0/152
Guide Tree 9/16
#NNI moves:0/152
Guide Tree 10/16
#NNI moves:0/152
Guide Tree 11/16
#NNI moves:0/152
Guide Tree 12/16
#NNI moves:0/152
Guide Tree 13/16
#NNI moves:0/152
Guide Tree 14/16
#NNI moves:0/152
Guide Tree 15/16
#NNI moves:0/152
Remaining: 0
#NNI moves:0/152
#NNI moves:0/152
((((((((((((((8,(7,11)),6),((((4,5),32),((34,37),19)),3)),(((38,14),20),((27,21),10))),(((1,13),(18,23)),12)),(((31,41),((36,30),(((22,24),9),15))),(26,39))),(((28,17),16),42)),((((29,35),2),25),(33,40))),(((63,72),51),((67,66),89))),(56,((54,93),(85,(81,70))))),((((((71,61),((((91,79),(76,96)),(98,46)),(50,64))),((90,68),(((77,100),55),(83,44)))),75),(((((58,57),92),(86,47)),87),82)),(((94,(53,62)),65),(59,(74,43))))),((((97,80),88),((48,49),99)),45)),(((84,95),(69,52)),(78,73))),60);
Initial score: 3.35436e+09
Initial tree: ((((((((((((((8,(7,11)),6),((((4,5),32),((34,37),19)),3)),(((38,14),20),((27,21),10))),(((1,13),(18,23)),12)),(((31,41),((36,30),(((22,24),9),15))),(26,39))),(((28,17),16),42)),((((29,35),2),25),(33,40))),(((63,72),51),((67,66),89))),(56,((54,93),(85,(81,70))))),((((((71,61),((((91,79),(76,96)),(98,46)),(50,64))),((90,68),(((77,100),55),(83,44)))),75),(((((58,57),92),(86,47)),87),82)),(((94,(53,62)),65),(59,(74,43))))),((((97,80),88),((48,49),99)),45)),(((84,95),(69,52)),(78,73))),60);
*** Subsample Process ***
Use two-step algorithm!
#NNI moves:0/152
Remaining: 0
#NNI moves:0/152
#NNI moves:0/152
((((((((((((((((((((50,64),((46,98),((91,79),(76,96)))),(71,61)),((((100,77),55),(83,44)),(68,90))),75),((((86,47),((57,58),92)),87),82)),((59,(43,74)),(((53,62),94),65))),(((((84,95),(69,52)),(73,78)),60),(45,(((97,80),88),((49,48),99))))),(((54,93),((70,81),85)),56)),((51,(63,72)),((66,67),89))),(((2,(35,29)),25),(40,33))),(((28,17),16),42)),((((36,30),(15,((24,22),9))),(31,41)),(39,26))),(((1,13),(23,18)),12)),(((27,21),10),((38,14),20))),(3,((19,(34,37)),((5,4),32)))),6),8),7),11);
#NNI moves:0/152
Remaining: 0
#NNI moves:0/152
#NNI moves:0/152
(((((((((((((((((27,21),10),(20,(38,14))),(((8,(7,11)),6),(((32,(5,4)),((37,34),19)),3))),(12,((23,18),(13,1)))),((((36,30),(15,((22,24),9))),(31,41)),(39,26))),(((17,28),16),42)),((((29,35),2),25),(40,33))),((51,(63,72)),((66,67),89))),(((93,54),(85,(70,81))),56)),(((((((64,50),(((96,76),(79,91)),(98,46))),(71,61)),((((77,100),55),(83,44)),(68,90))),75),((((86,47),(92,(58,57))),87),82)),((((62,53),94),65),((74,43),59)))),(45,((99,(49,48)),((80,97),88)))),60),(73,78)),(84,95)),69),52);
#NNI moves:0/152
Remaining: 0
#NNI moves:0/152
#NNI moves:0/152
((((((((((((((((((68,90),(((77,100),55),(83,44))),((61,71),((((79,91),(96,76)),(98,46)),(64,50)))),75),(((((57,58),92),(47,86)),87),82)),(((43,74),59),((94,(62,53)),65))),(((((84,95),(52,69)),(78,73)),60),((((80,97),88),((49,48),99)),45))),((((81,70),85),(93,54)),56)),((89,(67,66)),(51,(72,63)))),((40,33),((2,(29,35)),25))),(((28,17),16),42)),((((((22,24),9),15),(30,36)),(41,31)),(26,39))),(((18,23),(1,13)),12)),(((((37,34),19),((5,4),32)),3),((8,(7,11)),6))),((38,14),20)),10),21),27);
#NNI moves:0/152
Remaining: 0
#NNI moves:0/152
#NNI moves:0/152
(((((((((((((((1,13),(18,23)),12),((((((4,5),32),((37,34),19)),3),(6,((11,7),8))),(((14,38),20),((21,27),10)))),((((36,30),(((22,24),9),15)),(41,31)),(39,26))),((16,(28,17)),42)),(((2,(29,35)),25),(40,33))),(((67,66),89),((72,63),51))),(56,(((70,81),85),(54,93)))),((((((71,61),((((96,76),(91,79)),(98,46)),(50,64))),((((77,100),55),(44,83)),(68,90))),75),((((92,(58,57)),(86,47)),87),82)),((59,(74,43)),((94,(53,62)),65)))),((((80,97),88),((48,49),99)),45)),60),((84,95),(52,69))),78),73);
Current score: 3.35436e+09
Current tree: (((((((((((((1,13),(18,23)),12),((((((4,5),32),((37,34),19)),3),(6,((11,7),8))),(((14,38),20),((21,27),10)))),((((36,30),(((22,24),9),15)),(41,31)),(39,26))),((16,(28,17)),42)),(((2,(29,35)),25),(40,33))),(((67,66),89),((72,63),51))),(56,(((70,81),85),(54,93)))),((((((71,61),((((96,76),(91,79)),(98,46)),(50,64))),((((77,100),55),(44,83)),(68,90))),75),((((92,(58,57)),(86,47)),87),82)),((59,(74,43)),((94,(53,62)),65)))),((((80,97),88),((48,49),99)),45)),(((84,95),(52,69)),(78,73))),60);
Final Tree: (((((((((((((1,13),(18,23)),12),((((((4,5),32),((37,34),19)),3),(6,((11,7),8))),(((14,38),20),((21,27),10)))),((((36,30),(((22,24),9),15)),(41,31)),(39,26))),((16,(28,17)),42)),(((2,(29,35)),25),(40,33))),(((67,66),89),((72,63),51))),(56,(((70,81),85),(54,93)))),((((((71,61),((((96,76),(91,79)),(98,46)),(50,64))),((((77,100),55),(44,83)),(68,90))),75),((((92,(58,57)),(86,47)),87),82)),((59,(74,43)),((94,(53,62)),65)))),((((80,97),88),((48,49),99)),45)),(((84,95),(52,69)),(78,73))),60);
#EqQuartets: 3921225000
Score: 3354359765
ASTRAL for PaRalogs and Orthologs III (ASTRAL-Pro3)
*** NOW with integrated CASTLES-Pro ***
Version: v1.22.3.6
Read 512 genetrees and found 100 species.
#Genetrees: 1000
#Duploss: 0
#Species: 100
#Rounds: 4
#Samples: 4
#Threads: 1
Use two-step algorithm!
Guide Tree 0/16
#NNI moves:0/152
Guide Tree 1/16
#NNI moves:0/152
Guide Tree 2/16
#NNI moves:0/152
Guide Tree 3/16
#NNI moves:0/152
Guide Tree 4/16
#NNI moves:0/152
Guide Tree 5/16
#NNI moves:0/152
Guide Tree 6/16
#NNI moves:0/152
Guide Tree 7/16
#NNI moves:0/152
Guide Tree 8/16
#NNI moves:0/152
Guide Tree 9/16
#NNI moves:0/152
Guide Tree 10/16
#NNI moves:0/152
Guide Tree 11/16
#NNI moves:0/152
Guide Tree 12/16
#NNI moves:0/152
Guide Tree 13/16
#NNI moves:0/152
Guide Tree 14/16
#NNI moves:0/152
Guide Tree 15/16
#NNI moves:0/152
Remaining: 0
#NNI moves:0/152
#NNI moves:0/152
((((((((((((((69,(89,64)),(((((62,77),99),63),95),(((80,71),((85,60),73)),93))),((78,70),98)),(((((66,88),96),83),(90,(67,82))),((((76,81),(91,(75,59))),(68,(79,86))),(65,72)))),(((94,92),((100,87),(97,61))),(74,84))),((((13,30),(((38,17),((50,(26,1)),31)),(46,45))),(((15,12),(10,(3,(54,47)))),9)),(((((36,18),(48,42)),25),(((39,5),53),(21,29))),44))),7),((((((34,27),11),(55,19)),(20,41)),((((22,2),58),32),14)),(23,16))),(((35,(43,49)),28),(56,8))),(24,(52,37))),(51,33)),(57,6)),40),4);
Guide Tree 0/16
#NNI moves:0/152
Guide Tree 1/16
#NNI moves:0/152
Guide Tree 2/16
#NNI moves:0/152
Guide Tree 3/16
#NNI moves:0/152
Guide Tree 4/16
#NNI moves:0/152
Guide Tree 5/16
#NNI moves:0/152
Guide Tree 6/16
#NNI moves:0/152
Guide Tree 7/16
#NNI moves:0/152
Guide Tree 8/16
#NNI moves:0/152
Guide Tree 9/16
#NNI moves:0/152
Guide Tree 10/16
#NNI moves:0/152
Guide Tree 11/16
#NNI moves:0/152
Guide Tree 12/16
#NNI moves:0/152
Guide Tree 13/16
#NNI moves:0/152
Guide Tree 14/16
#NNI moves:0/152
Guide Tree 15/16
#NNI moves:0/152
Remaining: 0
#NNI moves:0/152
#NNI moves:0/152
((((((((((((((((81,76),((59,75),91)),((86,79),68)),(65,72)),((((66,88),96),83),((67,82),90))),(((69,(64,89)),(((((62,77),99),63),95),((((60,85),73),(71,80)),93))),(98,(70,78)))),((((61,97),(87,100)),(94,92)),(74,84))),(((9,((((54,47),3),10),(12,15))),((((((26,1),50),31),(17,38)),(46,45)),(13,30))),(44,((((42,48),(36,18)),25),((21,29),((39,5),53)))))),7),(((14,(((22,2),58),32)),(((19,55),((34,27),11)),(20,41))),(16,23))),((((49,43),35),28),(8,56))),((52,37),24)),(33,51)),(6,57)),40),4);
Guide Tree 0/16
#NNI moves:0/152
Guide Tree 1/16
#NNI moves:0/152
Guide Tree 2/16
#NNI moves:0/152
Guide Tree 3/16
#NNI moves:0/152
Guide Tree 4/16
#NNI moves:0/152
Guide Tree 5/16
#NNI moves:0/152
Guide Tree 6/16
#NNI moves:0/152
Guide Tree 7/16
#NNI moves:0/152
Guide Tree 8/16
#NNI moves:0/152
Guide Tree 9/16
#NNI moves:0/152
Guide Tree 10/16
#NNI moves:0/152
Guide Tree 11/16
#NNI moves:0/152
Guide Tree 12/16
#NNI moves:0/152
Guide Tree 13/16
#NNI moves:0/152
Guide Tree 14/16
#NNI moves:0/152
Guide Tree 15/16
#NNI moves:0/152
Remaining: 0
#NNI moves:0/152
#NNI moves:0/152
(((((((((((((((((80,71),(73,(60,85))),93),((63,((77,62),99)),95)),((89,64),69)),(98,(70,78))),(((((66,88),96),83),((82,67),90)),(((((59,75),91),(81,76)),(68,(79,86))),(72,65)))),((((61,97),(100,87)),(94,92)),(84,74))),((((25,((48,42),(18,36))),(((39,5),53),(21,29))),44),((9,((15,12),(10,(3,(47,54))))),(((45,46),((38,17),(31,((1,26),50)))),(13,30))))),7),((((((2,22),58),32),14),((((34,27),11),(19,55)),(41,20))),(23,16))),((((49,43),35),28),(8,56))),((52,37),24)),(51,33)),(6,57)),40),4);
Guide Tree 0/16
#NNI moves:0/152
Guide Tree 1/16
#NNI moves:0/152
Guide Tree 2/16
#NNI moves:0/152
Guide Tree 3/16
#NNI moves:0/152
Guide Tree 4/16
#NNI moves:0/152
Guide Tree 5/16
#NNI moves:0/152
Guide Tree 6/16
#NNI moves:0/152
Guide Tree 7/16
#NNI moves:0/152
Guide Tree 8/16
#NNI moves:0/152
Guide Tree 9/16
#NNI moves:0/152
Guide Tree 10/16
#NNI moves:0/152
Guide Tree 11/16
#NNI moves:0/152
Guide Tree 12/16
#NNI moves:0/152
Guide Tree 13/16
#NNI moves:0/152
Guide Tree 14/16
#NNI moves:0/152
Guide Tree 15/16
#NNI moves:0/152
Remaining: 0
#NNI moves:0/152
#NNI moves:0/152
((((((((((((((((88,66),96),83),(90,(67,82))),((72,65),(((79,86),68),((81,76),(91,(59,75)))))),(((((((60,85),73),(71,80)),93),((((77,62),99),63),95)),(69,(64,89))),((70,78),98))),(((92,94),((97,61),(87,100))),(84,74))),((((((((1,26),50),31),(38,17)),(46,45)),(13,30)),(((15,12),(10,((47,54),3))),9)),(((((48,42),(36,18)),25),((29,21),((39,5),53))),44))),7),(((((58,(2,22)),32),14),(((11,(34,27)),(55,19)),(20,41))),(23,16))),((28,(35,(49,43))),(56,8))),((52,37),24)),(33,51)),(6,57)),40),4);
Initial score: 3.42315e+09
Initial tree: ((((((((((((((((88,66),96),83),(90,(67,82))),((72,65),(((79,86),68),((81,76),(91,(59,75)))))),(((((((60,85),73),(71,80)),93),((((77,62),99),63),95)),(69,(64,89))),((70,78),98))),(((92,94),((97,61),(87,100))),(84,74))),((((((((1,26),50),31),(38,17)),(46,45)),(13,30)),(((15,12),(10,((47,54),3))),9)),(((((48,42),(36,18)),25),((29,21),((39,5),53))),44))),7),(((((58,(2,22)),32),14),(((11,(34,27)),(55,19)),(20,41))),(23,16))),((28,(35,(49,43))),(56,8))),((52,37),24)),(33,51)),(6,57)),40),4);
*** Subsample Process ***
Use two-step algorithm!
#NNI moves:0/152
Remaining: 0
#NNI moves:0/152
#NNI moves:0/152
(((((((((((((((17,38),(((1,26),50),31)),(46,45)),(13,30)),(((15,12),(10,(3,(54,47)))),9)),(((((5,39),53),(21,29)),(((48,42),(36,18)),25)),44)),(((((56,8),(((49,43),35),28)),((((40,4),(6,57)),(51,33)),((37,52),24))),((((((2,22),58),32),14),((((34,27),11),(55,19)),(41,20))),(23,16))),7)),((84,74),((92,94),((87,100),(61,97))))),(((((((62,77),99),63),95),(((73,(60,85)),(71,80)),93)),((64,89),69)),(98,(70,78)))),(((((75,59),91),(76,81)),(68,(79,86))),(72,65))),(90,(67,82))),83),96),66),88);
#NNI moves:0/152
Remaining: 0
#NNI moves:0/152
#NNI moves:0/152
(((((((((((((((((1,26),50),31),(17,38)),(46,45)),(30,13)),(((15,12),(((47,54),3),10)),9)),((((29,21),((39,5),53)),(((18,36),(48,42)),25)),44)),((((((68,(86,79)),(((75,59),91),(76,81))),(72,65)),((83,((66,88),96)),(90,(82,67)))),(((((((77,62),99),63),95),(((80,71),((60,85),73)),93)),(69,(64,89))),(98,(70,78)))),((74,84),((94,92),((61,97),(100,87)))))),7),((((((22,2),58),32),14),(((55,19),(11,(27,34))),(20,41))),(23,16))),((((43,49),35),28),(56,8))),(24,(52,37))),(51,33)),(57,6)),4),40);
#NNI moves:0/152
Remaining: 0
#NNI moves:0/152
#NNI moves:0/152
((((((((((((68,(79,86)),((91,(75,59)),(81,76))),(65,72)),((((88,66),96),83),(90,(82,67)))),(((((((62,77),99),63),95),(93,((80,71),((85,60),73)))),(69,(64,89))),((78,70),98))),(((94,92),((87,100),(61,97))),(74,84))),(((((((58,(22,2)),32),14),((((27,34),11),(19,55)),(41,20))),(23,16)),(((((43,49),35),28),(56,8)),((((6,57),(4,40)),(33,51)),(24,(52,37))))),7)),(((((42,48),(36,18)),25),((29,21),((5,39),53))),44)),(((15,12),(((47,54),3),10)),9)),(((17,38),(31,((1,26),50))),(46,45))),13),30);
#NNI moves:0/152
Remaining: 0
#NNI moves:0/152
#NNI moves:0/152
(((((((((((((((((62,77),99),63),95),(((71,80),(73,(85,60))),93)),((89,64),69)),((70,78),98)),(((90,(67,82)),(83,(96,(88,66)))),((((76,81),(91,(75,59))),((79,86),68)),(65,72)))),(((94,92),((97,61),(100,87))),(84,74))),(((((45,46),(((50,(26,1)),31),(17,38))),(13,30)),(((((54,47),3),10),(12,15)),9)),(((((48,42),(18,36)),25),((29,21),((39,5),53))),44))),7),((((((34,27),11),(55,19)),(20,41)),((32,((2,22),58)),14)),(23,16))),((28,((49,43),35)),(56,8))),(24,(37,52))),((6,57),(40,4))),33),51);
Current score: 3.42315e+09
Current tree: ((40,((6,57),(((((((((((((((62,77),99),63),95),(((71,80),(73,(85,60))),93)),((89,64),69)),((70,78),98)),(((90,(67,82)),(83,(96,(88,66)))),((((76,81),(91,(75,59))),((79,86),68)),(65,72)))),(((94,92),((97,61),(100,87))),(84,74))),(((((45,46),(((50,(26,1)),31),(17,38))),(13,30)),(((((54,47),3),10),(12,15)),9)),(((((48,42),(18,36)),25),((29,21),((39,5),53))),44))),7),((((((34,27),11),(55,19)),(20,41)),((32,((2,22),58)),14)),(23,16))),((28,((49,43),35)),(56,8))),(24,(37,52))),(33,51)))),4);
Final Tree: ((40,((6,57),(((((((((((((((62,77),99),63),95),(((71,80),(73,(85,60))),93)),((89,64),69)),((70,78),98)),(((90,(67,82)),(83,(96,(88,66)))),((((76,81),(91,(75,59))),((79,86),68)),(65,72)))),(((94,92),((97,61),(100,87))),(84,74))),(((((45,46),(((50,(26,1)),31),(17,38))),(13,30)),(((((54,47),3),10),(12,15)),9)),(((((48,42),(18,36)),25),((29,21),((39,5),53))),44))),7),((((((34,27),11),(55,19)),(20,41)),((32,((2,22),58)),14)),(23,16))),((28,((49,43),35)),(56,8))),(24,(37,52))),(33,51)))),4);
#EqQuartets: 3921225000
Score: 3423147824
ASTRAL for PaRalogs and Orthologs III (ASTRAL-Pro3)
*** NOW with integrated CASTLES-Pro ***
Version: v1.22.3.6
Read 512 genetrees and found 100 species.
#Genetrees: 1000
#Duploss: 0
#Species: 100
#Rounds: 4
#Samples: 4
#Threads: 1
Use two-step algorithm!
Guide Tree 0/16
#NNI moves:0/152
Guide Tree 1/16
#NNI moves:0/152
Guide Tree 2/16
#NNI moves:0/152
Guide Tree 3/16
#NNI moves:0/152
Guide Tree 4/16
#NNI moves:0/152
Guide Tree 5/16
#NNI moves:0/152
Guide Tree 6/16
#NNI moves:0/152
Guide Tree 7/16
#NNI moves:0/152
Guide Tree 8/16
#NNI moves:0/152
Guide Tree 9/16
#NNI moves:0/152
Guide Tree 10/16
#NNI moves:0/152
Guide Tree 11/16
#NNI moves:0/152
Guide Tree 12/16
#NNI moves:0/152
Guide Tree 13/16
#NNI moves:0/152
Guide Tree 14/16
#NNI moves:0/152
Guide Tree 15/16
#NNI moves:0/152
Remaining: 0
#NNI moves:0/152
#NNI moves:0/152
(((((((((83,(92,80)),(71,90)),((((85,69),73),81),(98,76))),(((((78,94),100),((74,75),(96,95))),((82,99),72)),(((((79,88),93),97),((77,84),91)),(89,87)))),(70,86)),((((((23,((9,52),41)),(51,(((34,6),31),42))),(55,7)),2),((16,(44,56)),(((((1,28),(36,26)),49),(68,57)),((((15,39),(11,13)),58),47)))),(((((((50,33),((37,54),(53,3))),(((40,25),20),((4,(48,61)),38))),8),(67,62)),((22,35),12)),((64,43),(45,30))))),(((((24,19),66),((65,46),21)),((((32,63),((14,10),17)),27),(60,5))),18)),29),59);
Guide Tree 0/16
#NNI moves:0/152
Guide Tree 1/16
#NNI moves:0/152
Guide Tree 2/16
#NNI moves:0/152
Guide Tree 3/16
#NNI moves:0/152
Guide Tree 4/16
#NNI moves:0/152
Guide Tree 5/16
#NNI moves:0/152
Guide Tree 6/16
#NNI moves:0/152
Guide Tree 7/16
#NNI moves:0/152
Guide Tree 8/16
#NNI moves:0/152
Guide Tree 9/16
#NNI moves:0/152
Guide Tree 10/16
#NNI moves:0/152
Guide Tree 11/16
#NNI moves:0/152
Guide Tree 12/16
#NNI moves:0/152
Guide Tree 13/16
#NNI moves:0/152
Guide Tree 14/16
#NNI moves:0/152
Guide Tree 15/16
#NNI moves:0/152
Remaining: 0
#NNI moves:0/152
#NNI moves:0/152
(((((((((((41,(9,52)),23),(((31,(34,6)),42),51)),(55,7)),2),((((57,68),(49,((36,26),(1,28)))),((58,((39,15),(13,11))),47)),(16,(56,44)))),(((43,64),(30,45)),((((((50,33),((3,53),(37,54))),(((25,40),20),(((48,61),4),38))),8),(62,67)),((35,22),12)))),(((((83,(92,80)),(90,71)),((((85,69),73),81),(98,76))),(((((95,96),(75,74)),((78,94),100)),(72,(99,82))),(((91,(77,84)),(97,((79,88),93))),(87,89)))),(70,86))),((((21,(46,65)),((24,19),66)),((27,(((10,14),17),(32,63))),(5,60))),18)),29),59);
Guide Tree 0/16
#NNI moves:0/152
Guide Tree 1/16
#NNI moves:0/152
Guide Tree 2/16
#NNI moves:0/152
Guide Tree 3/16
#NNI moves:0/152
Guide Tree 4/16
#NNI moves:0/152
Guide Tree 5/16
#NNI moves:0/152
Guide Tree 6/16
#NNI moves:0/152
Guide Tree 7/16
#NNI moves:0/152
Guide Tree 8/16
#NNI moves:0/152
Guide Tree 9/16
#NNI moves:0/152
Guide Tree 10/16
#NNI moves:0/152
Guide Tree 11/16
#NNI moves:0/152
Guide Tree 12/16
#NNI moves:0/152
Guide Tree 13/16
#NNI moves:0/152
Guide Tree 14/16
#NNI moves:0/152
Guide Tree 15/16
#NNI moves:0/152
Remaining: 0
#NNI moves:0/152
#NNI moves:0/152
(((((((((((96,95),(74,75)),(100,(94,78))),((99,82),72)),(((97,((79,88),93)),(91,(77,84))),(89,87))),(((71,90),((92,80),83)),((76,98),(((69,85),73),81)))),(86,70)),((((((((50,33),((37,54),(53,3))),((20,(25,40)),(((61,48),4),38))),8),(67,62)),((22,35),12)),((30,45),(43,64))),((((((41,(9,52)),23),(51,(((34,6),31),42))),(55,7)),2),((((((26,36),(1,28)),49),(57,68)),((58,((15,39),(11,13))),47)),((44,56),16))))),((((21,(65,46)),((24,19),66)),((((32,63),((10,14),17)),27),(5,60))),18)),29),59);
Guide Tree 0/16
#NNI moves:0/152
Guide Tree 1/16
#NNI moves:0/152
Guide Tree 2/16
#NNI moves:0/152
Guide Tree 3/16
#NNI moves:0/152
Guide Tree 4/16
#NNI moves:0/152
Guide Tree 5/16
#NNI moves:0/152
Guide Tree 6/16
#NNI moves:0/152
Guide Tree 7/16
#NNI moves:0/152
Guide Tree 8/16
#NNI moves:0/152
Guide Tree 9/16
#NNI moves:0/152
Guide Tree 10/16
#NNI moves:0/152
Guide Tree 11/16
#NNI moves:0/152
Guide Tree 12/16
#NNI moves:0/152
Guide Tree 13/16
#NNI moves:0/152
Guide Tree 14/16
#NNI moves:0/152
Guide Tree 15/16
#NNI moves:0/152
Remaining: 0
#NNI moves:0/152
#NNI moves:0/152
((((((((((((15,39),(13,11)),58),47),((68,57),(((1,28),(36,26)),49))),(16,(56,44))),(((55,7),((51,(42,((6,34),31))),((41,(9,52)),23))),2)),((((((((54,37),(53,3)),(33,50)),(((25,40),20),((4,(48,61)),38))),8),(62,67)),((35,22),12)),((43,64),(30,45)))),(((((((94,78),100),((74,75),(96,95))),((99,82),72)),((89,87),((97,((79,88),93)),((84,77),91)))),((((73,(85,69)),81),(98,76)),((90,71),(83,(80,92))))),(70,86))),(((((((10,14),17),(32,63)),27),(5,60)),(((19,24),66),((46,65),21))),18)),29),59);
Initial score: 3.26041e+09
Initial tree: ((((((((((((15,39),(13,11)),58),47),((68,57),(((1,28),(36,26)),49))),(16,(56,44))),(((55,7),((51,(42,((6,34),31))),((41,(9,52)),23))),2)),((((((((54,37),(53,3)),(33,50)),(((25,40),20),((4,(48,61)),38))),8),(62,67)),((35,22),12)),((43,64),(30,45)))),(((((((94,78),100),((74,75),(96,95))),((99,82),72)),((89,87),((97,((79,88),93)),((84,77),91)))),((((73,(85,69)),81),(98,76)),((90,71),(83,(80,92))))),(70,86))),(((((((10,14),17),(32,63)),27),(5,60)),(((19,24),66),((46,65),21))),18)),29),59);
*** Subsample Process ***
Use two-step algorithm!
#NNI moves:0/152
Remaining: 0
#NNI moves:0/152
#NNI moves:0/152
((((((((((((((((100,(78,94)),((95,96),(74,75))),((82,99),72)),((((93,(88,79)),97),((77,84),91)),(89,87))),(((83,(80,92)),(71,90)),((((69,85),73),81),(98,76)))),(70,86)),(((((((32,63),(17,(14,10))),27),(5,60)),(((19,24),66),((46,65),21))),18),(29,59))),(((((((20,(25,40)),((4,(48,61)),38)),((33,50),((53,3),(37,54)))),8),(67,62)),((35,22),12)),((45,30),(64,43)))),(((55,7),((51,(((34,6),31),42)),(((52,9),41),23))),2)),((44,56),16)),((49,((36,26),(1,28))),(57,68))),47),58),(11,13)),39),15);
#NNI moves:0/152
Remaining: 0
#NNI moves:0/152
#NNI moves:0/152
(((((((((((78,94),100),((74,75),(95,96))),((82,99),72)),((((84,77),91),(((79,88),93),97)),(89,87))),(((((69,85),73),81),(76,98)),((90,71),((80,92),83)))),(86,70)),((((((((13,11),(39,15)),58),47),((((28,1),(36,26)),49),(57,68))),((44,56),16)),((((51,(42,((6,34),31))),(23,(41,(9,52)))),(7,55)),2)),(((((((50,33),((53,3),(37,54))),((20,(25,40)),((4,(61,48)),38))),8),(67,62)),((22,35),12)),((45,30),(64,43))))),(((((((14,10),17),(63,32)),27),(60,5)),(((24,19),66),(21,(65,46)))),18)),59),29);
#NNI moves:0/152
Remaining: 0
#NNI moves:0/152
#NNI moves:0/152
(((((((((((((((((39,15),(13,11)),58),47),((49,((36,26),(28,1))),(57,68))),((56,44),16)),((((51,(42,((34,6),31))),(23,(41,(9,52)))),(7,55)),2)),(((((((33,50),((3,53),(37,54))),((38,(4,(61,48))),((40,25),20))),8),(62,67)),((22,35),12)),((45,30),(43,64)))),(((((((63,32),((10,14),17)),27),(5,60)),(((24,19),66),((46,65),21))),18),(59,29))),(70,86)),(((((69,85),73),81),(76,98)),((83,(92,80)),(90,71)))),((87,89),(((84,77),91),((93,(79,88)),97)))),(72,(99,82))),((74,75),(96,95))),100),78),94);
#NNI moves:0/152
Remaining: 0
#NNI moves:0/152
#NNI moves:0/152
(((((((((((((((((26,36),(28,1)),49),(68,57)),((((11,13),(15,39)),58),47)),((44,56),16)),((((((31,(6,34)),42),51),(23,((52,9),41))),(55,7)),2)),((((((((37,54),(53,3)),(33,50)),(((4,(48,61)),38),((40,25),20))),8),(67,62)),((35,22),12)),((64,43),(45,30)))),(((((83,(92,80)),(90,71)),((98,76),((73,(69,85)),81))),(((89,87),(((84,77),91),(((79,88),93),97))),((((96,95),(74,75)),(100,(78,94))),((99,82),72)))),(86,70))),(29,59)),18),(((24,19),66),(21,(65,46)))),(5,60)),27),((10,14),17)),63),32);
Current score: 3.26041e+09
Current tree: ((29,((((((((((26,36),(28,1)),49),(68,57)),((((11,13),(15,39)),58),47)),((44,56),16)),((((((31,(6,34)),42),51),(23,((52,9),41))),(55,7)),2)),((((((((37,54),(53,3)),(33,50)),(((4,(48,61)),38),((40,25),20))),8),(67,62)),((35,22),12)),((64,43),(45,30)))),(((((83,(92,80)),(90,71)),((98,76),((73,(69,85)),81))),(((89,87),(((84,77),91),(((79,88),93),97))),((((96,95),(74,75)),(100,(78,94))),((99,82),72)))),(86,70))),(18,((((24,19),66),(21,(65,46))),((5,60),(27,(((10,14),17),(63,32)))))))),59);
Final Tree: ((29,((((((((((26,36),(28,1)),49),(68,57)),((((11,13),(15,39)),58),47)),((44,56),16)),((((((31,(6,34)),42),51),(23,((52,9),41))),(55,7)),2)),((((((((37,54),(53,3)),(33,50)),(((4,(48,61)),38),((40,25),20))),8),(67,62)),((35,22),12)),((64,43),(45,30)))),(((((83,(92,80)),(90,71)),((98,76),((73,(69,85)),81))),(((89,87),(((84,77),91),(((79,88),93),97))),((((96,95),(74,75)),(100,(78,94))),((99,82),72)))),(86,70))),(18,((((24,19),66),(21,(65,46))),((5,60),(27,(((10,14),17),(63,32)))))))),59);
#EqQuartets: 3921225000
Score: 3260414128
