ASTRAL for PaRalogs and Orthologs III (ASTRAL-Pro3)
*** NOW with integrated CASTLES-Pro ***
Version: v1.22.3.6
Read 512 genetrees and found 100 species.
#Genetrees: 999
#Duploss: 11138
#Species: 100
#Rounds: 4
#Samples: 4
#Threads: 1
Use two-step algorithm!
Guide Tree 0/16
#NNI moves:0/152
Guide Tree 1/16
#NNI moves:0/152
Guide Tree 2/16
#NNI moves:0/152
Guide Tree 3/16
#NNI moves:0/152
Guide Tree 4/16
#NNI moves:0/152
Guide Tree 5/16
#NNI moves:0/152
Guide Tree 6/16
#NNI moves:0/152
Guide Tree 7/16
#NNI moves:0/152
Guide Tree 8/16
#NNI moves:0/152
Guide Tree 9/16
#NNI moves:0/152
Guide Tree 10/16
#NNI moves:0/152
Guide Tree 11/16
#NNI moves:0/152
Guide Tree 12/16
#NNI moves:0/152
Guide Tree 13/16
#NNI moves:0/152
Guide Tree 14/16
#NNI moves:0/152
Guide Tree 15/16
#NNI moves:0/152
Remaining: 0
#NNI moves:2/152
#NNI moves:2/152
(((((((((((((((((15,68),76),(51,18)),((39,17),(33,41))),((((94,30),36),91),(77,((((50,23),44),(16,71)),97)))),(((((((11,1),8),10),(9,6)),(12,3)),7),((5,4),2))),(((93,20),((19,58),63)),((52,47),(31,25)))),(((((((99,14),(66,28)),83),61),(42,67)),((81,88),(62,82))),(38,37))),((89,49),((32,96),57))),(((((86,40),70),(34,((69,55),35))),(65,24)),((((90,21),87),79),75))),(98,54)),(((46,85),(48,22)),((59,84),(74,73)))),((64,72),78)),((100,(95,92)),(43,13))),(45,((27,60),29))),((56,26),53)),80);
Guide Tree 0/16
#NNI moves:0/152
Guide Tree 1/16
#NNI moves:2/152
Guide Tree 2/16
#NNI moves:2/152
Guide Tree 3/16
#NNI moves:0/152
Guide Tree 4/16
#NNI moves:2/152
Guide Tree 5/16
#NNI moves:0/152
Guide Tree 6/16
#NNI moves:2/152
Guide Tree 7/16
#NNI moves:2/152
Guide Tree 8/16
#NNI moves:0/152
Guide Tree 9/16
#NNI moves:0/152
Guide Tree 10/16
#NNI moves:2/152
Guide Tree 11/16
#NNI moves:0/152
Guide Tree 12/16
#NNI moves:0/152
Guide Tree 13/16
#NNI moves:2/152
Guide Tree 14/16
#NNI moves:2/152
Guide Tree 15/16
#NNI moves:0/152
Remaining: 0
#NNI moves:10/152
#NNI moves:10/152
((((((((((((((((39,17),(33,41)),(((15,68),76),(18,51))),((77,(((44,(50,23)),(16,71)),97)),((36,(94,30)),91))),((2,(5,4)),((((6,9),(((1,11),8),10)),(12,3)),7))),(((93,20),(63,(58,19))),((47,52),(31,25)))),(((((((28,66),(14,99)),83),61),(42,67)),((62,82),(88,81))),(38,37))),((49,89),((96,32),57))),(((((35,(69,55)),34),((40,86),70)),(65,24)),((((21,90),87),79),75))),(54,98)),(((46,85),(22,48)),((74,73),(84,59)))),((64,72),78)),((13,43),((92,95),100))),(((60,27),29),45)),((26,56),53)),80);
Guide Tree 0/16
#NNI moves:0/152
Guide Tree 1/16
#NNI moves:0/152
Guide Tree 2/16
#NNI moves:0/152
Guide Tree 3/16
#NNI moves:0/152
Guide Tree 4/16
#NNI moves:0/152
Guide Tree 5/16
#NNI moves:0/152
Guide Tree 6/16
#NNI moves:0/152
Guide Tree 7/16
#NNI moves:0/152
Guide Tree 8/16
#NNI moves:0/152
Guide Tree 9/16
#NNI moves:0/152
Guide Tree 10/16
#NNI moves:0/152
Guide Tree 11/16
#NNI moves:0/152
Guide Tree 12/16
#NNI moves:0/152
Guide Tree 13/16
#NNI moves:0/152
Guide Tree 14/16
#NNI moves:0/152
Guide Tree 15/16
#NNI moves:0/152
Remaining: 0
#NNI moves:10/152
#NNI moves:10/152
((((((((((((((2,(5,4)),((((((11,1),8),10),(6,9)),(12,3)),7)),((((17,39),(33,41)),(((68,15),76),(51,18))),(((((71,16),((23,50),44)),97),77),((36,(30,94)),91)))),(((47,52),(31,25)),((93,20),((58,19),63)))),((((81,88),(62,82)),(((((99,14),(28,66)),83),61),(42,67))),(38,37))),((57,(32,96)),(89,49))),(((79,((90,21),87)),75),((((86,40),70),(((55,69),35),34)),(65,24)))),(54,98)),(((46,85),(22,48)),((84,59),(73,74)))),((64,72),78)),((43,13),(100,(92,95)))),(((27,60),29),45)),(53,(56,26))),80);
Guide Tree 0/16
#NNI moves:0/152
Guide Tree 1/16
#NNI moves:0/152
Guide Tree 2/16
#NNI moves:0/152
Guide Tree 3/16
#NNI moves:0/152
Guide Tree 4/16
#NNI moves:0/152
Guide Tree 5/16
#NNI moves:0/152
Guide Tree 6/16
#NNI moves:0/152
Guide Tree 7/16
#NNI moves:0/152
Guide Tree 8/16
#NNI moves:0/152
Guide Tree 9/16
#NNI moves:0/152
Guide Tree 10/16
#NNI moves:0/152
Guide Tree 11/16
#NNI moves:0/152
Guide Tree 12/16
#NNI moves:0/152
Guide Tree 13/16
#NNI moves:0/152
Guide Tree 14/16
#NNI moves:0/152
Guide Tree 15/16
#NNI moves:0/152
Remaining: 0
#NNI moves:8/152
#NNI moves:8/152
(((((((((((((((((((1,11),8),10),(6,9)),(12,3)),7),((5,4),2)),(((91,((94,30),36)),(((((50,23),44),(16,71)),97),77)),((((68,15),76),(51,18)),((39,17),(41,33))))),(((20,93),(63,(58,19))),((25,31),(52,47)))),((((61,(((14,99),(66,28)),83)),(42,67)),((82,62),(81,88))),(38,37))),((57,(32,96)),(49,89))),(((((86,40),70),(((69,55),35),34)),(24,65)),((((90,21),87),79),75))),(54,98)),(((85,46),(48,22)),((74,73),(84,59)))),(78,(72,64))),((13,43),(100,(95,92)))),(45,((27,60),29))),(53,(56,26))),80);
Initial score: 1.49443e+09
Initial tree: (((((((((((((((((((1,11),8),10),(6,9)),(12,3)),7),((5,4),2)),(((91,((94,30),36)),(((((50,23),44),(16,71)),97),77)),((((68,15),76),(51,18)),((39,17),(41,33))))),(((20,93),(63,(58,19))),((25,31),(52,47)))),((((61,(((14,99),(66,28)),83)),(42,67)),((82,62),(81,88))),(38,37))),((57,(32,96)),(49,89))),(((((86,40),70),(((69,55),35),34)),(24,65)),((((90,21),87),79),75))),(54,98)),(((85,46),(48,22)),((74,73),(84,59)))),(78,(72,64))),((13,43),(100,(95,92)))),(45,((27,60),29))),(53,(56,26))),80);
*** Subsample Process ***
Use two-step algorithm!
#NNI moves:0/152
Remaining: 0
#NNI moves:10/152
#NNI moves:10/152
((((((((((((((((((86,40),70),(((55,69),35),34)),(65,24)),((((21,90),87),79),75)),(((((85,46),(48,22)),((74,73),(59,84))),(((((29,(27,60)),45),((53,(26,56)),80)),((43,13),(100,(92,95)))),(78,(72,64)))),(98,54))),((57,(32,96)),(49,89))),((((67,42),((((66,28),(14,99)),83),61)),((62,82),(88,81))),(37,38))),(((47,52),(31,25)),((93,20),((58,19),63)))),(((91,(36,(30,94))),((((16,71),((50,23),44)),97),77)),(((17,39),(33,41)),(((15,68),76),(51,18))))),((5,4),2)),7),(12,3)),(6,9)),10),8),1),11);
#NNI moves:0/152
Remaining: 0
#NNI moves:8/152
#NNI moves:8/152
(((((((((((((((((((((50,23),44),(71,16)),97),77),(((30,94),36),91)),((((15,68),76),(51,18)),((41,33),(17,39)))),((((12,3),((9,6),(10,(8,(1,11))))),7),(2,(4,5)))),(((47,52),(31,25)),((93,20),((58,19),63)))),(((((((66,28),(99,14)),83),61),(67,42)),((82,62),(81,88))),(38,37))),(((32,96),57),(49,89))),((((((55,69),35),34),((40,86),70)),(24,65)),((79,((21,90),87)),75))),(98,54)),(((46,85),(48,22)),((59,84),(74,73)))),((64,72),78)),(((95,92),100),(13,43))),(((27,60),29),45)),80),53),26),56);
#NNI moves:0/152
Remaining: 0
#NNI moves:2/152
#NNI moves:2/152
((((((((((((((((((((95,92),100),(13,43)),((((26,56),53),80),(((60,27),29),45))),((64,72),78)),(((85,46),(48,22)),((74,73),(84,59)))),(98,54)),((((70,(40,86)),(((55,69),35),34)),(24,65)),((79,((21,90),87)),75))),(((32,96),57),(49,89))),((((88,81),(82,62)),(((83,((28,66),(14,99))),61),(67,42))),(38,37))),(((52,47),(31,25)),(((19,58),63),(93,20)))),(((((9,6),(((1,11),8),10)),(12,3)),7),(2,(5,4)))),((((68,15),76),(51,18)),((39,17),(41,33)))),(91,(36,(94,30)))),77),97),(71,16)),44),50),23);
#NNI moves:0/152
Remaining: 0
#NNI moves:2/152
#NNI moves:2/152
(((((((((((((((((77,(97,(((50,23),44),(16,71)))),(((30,94),36),91)),(((33,41),(17,39)),((51,18),((15,68),76)))),(((((((11,1),8),10),(6,9)),(3,12)),7),((4,5),2))),((((58,19),63),(20,93)),((31,25),(52,47)))),((((81,88),(82,62)),(((((14,99),(66,28)),83),61),(42,67))),(38,37))),((89,49),(57,(96,32)))),(((((86,40),70),((35,(55,69)),34)),(65,24)),((((21,90),87),79),75))),(98,54)),(((73,74),(59,84)),((48,22),(85,46)))),((64,72),78)),((100,(95,92)),(43,13))),((29,(27,60)),45)),80),53),26),56);
Current score: 1.49443e+09
Current tree: (((((((((((((((77,(97,(((50,23),44),(16,71)))),(((30,94),36),91)),(((33,41),(17,39)),((51,18),((15,68),76)))),(((((((11,1),8),10),(6,9)),(3,12)),7),((4,5),2))),((((58,19),63),(20,93)),((31,25),(52,47)))),((((81,88),(82,62)),(((((14,99),(66,28)),83),61),(42,67))),(38,37))),((89,49),(57,(96,32)))),(((((86,40),70),((35,(55,69)),34)),(65,24)),((((21,90),87),79),75))),(98,54)),(((73,74),(59,84)),((48,22),(85,46)))),((64,72),78)),((100,(95,92)),(43,13))),((29,(27,60)),45)),(53,(26,56))),80);
Final Tree: (((((((((((((((77,(97,(((50,23),44),(16,71)))),(((30,94),36),91)),(((33,41),(17,39)),((51,18),((15,68),76)))),(((((((11,1),8),10),(6,9)),(3,12)),7),((4,5),2))),((((58,19),63),(20,93)),((31,25),(52,47)))),((((81,88),(82,62)),(((((14,99),(66,28)),83),61),(42,67))),(38,37))),((89,49),(57,(96,32)))),(((((86,40),70),((35,(55,69)),34)),(65,24)),((((21,90),87),79),75))),(98,54)),(((73,74),(59,84)),((48,22),(85,46)))),((64,72),78)),((100,(95,92)),(43,13))),((29,(27,60)),45)),(53,(26,56))),80);
#EqQuartets: 2007354562
Score: 1494428865
ASTRAL for PaRalogs and Orthologs III (ASTRAL-Pro3)
*** NOW with integrated CASTLES-Pro ***
Version: v1.22.3.6
Read 512 genetrees and found 100 species.
#Genetrees: 1000
#Duploss: 10618
#Species: 100
#Rounds: 4
#Samples: 4
#Threads: 1
Use two-step algorithm!
Guide Tree 0/16
#NNI moves:0/152
Guide Tree 1/16
#NNI moves:0/152
Guide Tree 2/16
#NNI moves:0/152
Guide Tree 3/16
#NNI moves:0/152
Guide Tree 4/16
#NNI moves:0/152
Guide Tree 5/16
#NNI moves:0/152
Guide Tree 6/16
#NNI moves:0/152
Guide Tree 7/16
#NNI moves:0/152
Guide Tree 8/16
#NNI moves:0/152
Guide Tree 9/16
#NNI moves:0/152
Guide Tree 10/16
#NNI moves:0/152
Guide Tree 11/16
#NNI moves:0/152
Guide Tree 12/16
#NNI moves:0/152
Guide Tree 13/16
#NNI moves:0/152
Guide Tree 14/16
#NNI moves:0/152
Guide Tree 15/16
#NNI moves:0/152
Remaining: 0
#NNI moves:6/152
#NNI moves:8/152
((((((((((((16,40),55),(64,47)),(30,70)),((59,34),(45,23))),(((((81,(92,89)),94),(((96,82),90),((79,84),97))),((((77,98),85),100),(86,83))),((((99,93),78),(95,(88,91))),(87,80)))),((((((43,73),69),58),44),(10,(31,(41,46)))),(((((60,(35,63)),(53,22)),(20,6)),(62,(32,19))),((((68,66),2),(4,(26,27))),74)))),((18,50),(24,21))),(((((((8,3),25),13),(15,72)),((1,61),((37,29),((((28,42),(76,11)),39),12)))),((9,(7,49)),(33,54))),(((52,(51,38)),((71,36),(75,65))),(57,5)))),14),((56,67),17)),48);
Guide Tree 0/16
#NNI moves:0/152
Guide Tree 1/16
#NNI moves:0/152
Guide Tree 2/16
#NNI moves:0/152
Guide Tree 3/16
#NNI moves:0/152
Guide Tree 4/16
#NNI moves:0/152
Guide Tree 5/16
#NNI moves:0/152
Guide Tree 6/16
#NNI moves:0/152
Guide Tree 7/16
#NNI moves:0/152
Guide Tree 8/16
#NNI moves:0/152
Guide Tree 9/16
#NNI moves:0/152
Guide Tree 10/16
#NNI moves:0/152
Guide Tree 11/16
#NNI moves:0/152
Guide Tree 12/16
#NNI moves:0/152
Guide Tree 13/16
#NNI moves:0/152
Guide Tree 14/16
#NNI moves:0/152
Guide Tree 15/16
#NNI moves:0/152
Remaining: 0
#NNI moves:6/152
#NNI moves:6/152
(((((((((((94,((92,89),81)),(((84,79),97),((82,96),90))),((83,86),(100,((77,98),85)))),(((78,(99,93)),((91,88),95)),(80,87))),(((34,59),(45,23)),((70,30),(((40,16),55),(64,47))))),((((((43,73),69),58),44),(10,(31,(46,41)))),(((((22,53),((35,63),60)),(20,6)),((32,19),62)),((((27,26),4),(2,(68,66))),74)))),((21,24),(18,50))),(((((1,61),((29,37),((39,((76,11),(42,28))),12))),((72,15),(((3,8),25),13))),(((49,7),9),(33,54))),((((65,75),(36,71)),(52,(38,51))),(57,5)))),14),((67,56),17)),48);
Guide Tree 0/16
#NNI moves:0/152
Guide Tree 1/16
#NNI moves:0/152
Guide Tree 2/16
#NNI moves:0/152
Guide Tree 3/16
#NNI moves:0/152
Guide Tree 4/16
#NNI moves:0/152
Guide Tree 5/16
#NNI moves:0/152
Guide Tree 6/16
#NNI moves:0/152
Guide Tree 7/16
#NNI moves:0/152
Guide Tree 8/16
#NNI moves:0/152
Guide Tree 9/16
#NNI moves:0/152
Guide Tree 10/16
#NNI moves:0/152
Guide Tree 11/16
#NNI moves:0/152
Guide Tree 12/16
#NNI moves:0/152
Guide Tree 13/16
#NNI moves:0/152
Guide Tree 14/16
#NNI moves:0/152
Guide Tree 15/16
#NNI moves:0/152
Remaining: 0
#NNI moves:0/152
#NNI moves:0/152
((((((((((((93,99),78),((88,91),95)),(80,87)),(((100,((77,98),85)),(86,83)),(((90,(96,82)),((84,79),97)),(94,((92,89),81))))),(((((16,40),55),(47,64)),(30,70)),((23,45),(34,59)))),((((((53,22),((35,63),60)),(20,6)),(62,(19,32))),(((4,(27,26)),((66,68),2)),74)),((44,((69,(43,73)),58)),(((41,46),31),10)))),((21,24),(18,50))),(((((1,61),(((39,((42,28),(11,76))),12),(29,37))),((((8,3),25),13),(15,72))),((54,33),(9,(7,49)))),((((51,38),52),((71,36),(65,75))),(57,5)))),14),((67,56),17)),48);
Guide Tree 0/16
#NNI moves:0/152
Guide Tree 1/16
#NNI moves:0/152
Guide Tree 2/16
#NNI moves:0/152
Guide Tree 3/16
#NNI moves:0/152
Guide Tree 4/16
#NNI moves:0/152
Guide Tree 5/16
#NNI moves:0/152
Guide Tree 6/16
#NNI moves:0/152
Guide Tree 7/16
#NNI moves:0/152
Guide Tree 8/16
#NNI moves:0/152
Guide Tree 9/16
#NNI moves:0/152
Guide Tree 10/16
#NNI moves:0/152
Guide Tree 11/16
#NNI moves:0/152
Guide Tree 12/16
#NNI moves:0/152
Guide Tree 13/16
#NNI moves:0/152
Guide Tree 14/16
#NNI moves:0/152
Guide Tree 15/16
#NNI moves:0/152
Remaining: 0
#NNI moves:8/152
#NNI moves:14/152
((((((((((80,87),(((91,88),95),((93,99),78))),(((86,83),(100,((77,98),85))),((((82,96),90),(97,(79,84))),(94,((92,89),81))))),(((((40,16),55),(47,64)),(70,30)),((45,23),(59,34)))),(((((((35,63),60),(22,53)),(6,20)),((19,32),62)),((((68,66),2),((27,26),4)),74)),((((69,(43,73)),58),44),(10,((41,46),31))))),((50,18),(24,21))),((((((25,(8,3)),13),(72,15)),(((37,29),((((28,42),(76,11)),39),12)),(61,1))),(((49,7),9),(33,54))),((5,57),(((65,75),(71,36)),(52,(38,51)))))),14),((56,67),17)),48);
Initial score: 1.47685e+09
Initial tree: ((((((((((80,87),(((91,88),95),((93,99),78))),(((86,83),(100,((77,98),85))),((((82,96),90),(97,(79,84))),(94,((92,89),81))))),(((((40,16),55),(47,64)),(70,30)),((45,23),(59,34)))),(((((((35,63),60),(22,53)),(6,20)),((19,32),62)),((((68,66),2),((27,26),4)),74)),((((69,(43,73)),58),44),(10,((41,46),31))))),((50,18),(24,21))),((((((25,(8,3)),13),(72,15)),(((37,29),((((28,42),(76,11)),39),12)),(61,1))),(((49,7),9),(33,54))),((5,57),(((65,75),(71,36)),(52,(38,51)))))),14),((56,67),17)),48);
*** Subsample Process ***
Use two-step algorithm!
#NNI moves:0/152
Remaining: 0
#NNI moves:0/152
#NNI moves:0/152
((((((((((((((((37,29),((((42,28),(76,11)),39),12)),(61,1)),((((8,3),25),13),(15,72))),((33,54),(9,(7,49)))),((((36,71),(75,65)),((51,38),52)),(57,5))),(14,(((56,67),17),48))),((50,18),(21,24))),(((((((35,63),60),(53,22)),(20,6)),(62,(19,32))),(74,(((27,26),4),(2,(68,66))))),(((((43,73),69),58),44),(((41,46),31),10)))),(((((16,40),55),(47,64)),(70,30)),((59,34),(23,45)))),(((((98,77),85),100),(86,83)),((((79,84),97),((82,96),90)),(((89,92),81),94)))),(87,80)),((91,88),95)),78),99),93);
#NNI moves:0/152
Remaining: 0
#NNI moves:0/152
#NNI moves:0/152
((((((((((((((97,(84,79)),(90,(96,82))),((81,(92,89)),94)),((((77,98),85),100),(86,83))),((87,80),(((99,93),78),((88,91),95)))),(((59,34),(45,23)),(((64,47),((40,16),55)),(30,70)))),(((((41,46),31),10),(((69,(73,43)),58),44)),(((62,(32,19)),(((53,22),((35,63),60)),(20,6))),((((66,68),2),(4,(27,26))),74)))),((18,50),(21,24))),((((((12,(((42,28),(11,76)),39)),(37,29)),(1,61)),(((25,(3,8)),13),(15,72))),((9,(49,7)),(33,54))),((((51,38),52),((36,71),(75,65))),(5,57)))),14),48),17),67),56);
#NNI moves:0/152
Remaining: 0
#NNI moves:0/152
#NNI moves:0/152
((((((((((((41,46),31),10),((((43,73),69),58),44)),((((((35,63),60),(53,22)),(20,6)),((32,19),62)),(((2,(66,68)),(4,(26,27))),74))),((((((((12,(((28,42),(11,76)),39)),(37,29)),(61,1)),((13,((8,3),25)),(15,72))),((33,54),(9,(49,7)))),((((36,71),(65,75)),((38,51),52)),(5,57))),(14,(((67,56),17),48))),((18,50),(21,24)))),((((55,(40,16)),(64,47)),(70,30)),((23,45),(34,59)))),((87,80),(((88,91),95),((99,93),78)))),(((97,(84,79)),((96,82),90)),((81,(92,89)),94))),(((98,77),85),100)),86),83);
#NNI moves:0/152
Remaining: 0
#NNI moves:8/152
#NNI moves:8/152
((((((((((((((20,6),((60,(63,35)),(53,22))),((19,32),62)),((((68,66),2),((27,26),4)),74)),(((((43,73),69),58),44),((31,(46,41)),10))),((((((90,(82,96)),(97,(79,84))),((81,(89,92)),94)),((86,83),(((77,98),85),100))),((((88,91),95),((93,99),78)),(87,80))),(((((16,40),55),(47,64)),(30,70)),((45,23),(59,34))))),((18,50),(24,21))),((((67,56),17),48),14)),((((51,38),52),((75,65),(36,71))),(57,5))),((54,33),((7,49),9))),((((8,3),25),13),(72,15))),((37,29),((((28,42),(76,11)),39),12))),1),61);
Current score: 1.47685e+09
Current tree: ((((67,56),17),(14,((((((((20,6),((60,(63,35)),(53,22))),((19,32),62)),((((68,66),2),((27,26),4)),74)),(((((43,73),69),58),44),((31,(46,41)),10))),((((((90,(82,96)),(97,(79,84))),((81,(89,92)),94)),((86,83),(((77,98),85),100))),((((88,91),95),((93,99),78)),(87,80))),(((((16,40),55),(47,64)),(30,70)),((45,23),(59,34))))),((18,50),(24,21))),(((((51,38),52),((75,65),(36,71))),(57,5)),(((54,33),((7,49),9)),(((((8,3),25),13),(72,15)),(((37,29),((((28,42),(76,11)),39),12)),(1,61)))))))),48);
Final Tree: ((((67,56),17),(14,((((((((20,6),((60,(63,35)),(53,22))),((19,32),62)),((((68,66),2),((27,26),4)),74)),(((((43,73),69),58),44),((31,(46,41)),10))),((((((90,(82,96)),(97,(79,84))),((81,(89,92)),94)),((86,83),(((77,98),85),100))),((((88,91),95),((93,99),78)),(87,80))),(((((16,40),55),(47,64)),(30,70)),((45,23),(59,34))))),((18,50),(24,21))),(((((51,38),52),((75,65),(36,71))),(57,5)),(((54,33),((7,49),9)),(((((8,3),25),13),(72,15)),(((37,29),((((28,42),(76,11)),39),12)),(1,61)))))))),48);
#EqQuartets: 2001008006
Score: 1476846633
ASTRAL for PaRalogs and Orthologs III (ASTRAL-Pro3)
*** NOW with integrated CASTLES-Pro ***
Version: v1.22.3.6
Read 512 genetrees and found 100 species.
#Genetrees: 1000
#Duploss: 9756
#Species: 100
#Rounds: 4
#Samples: 4
#Threads: 1
Use two-step algorithm!
Guide Tree 0/16
#NNI moves:0/152
Guide Tree 1/16
#NNI moves:0/152
Guide Tree 2/16
#NNI moves:0/152
Guide Tree 3/16
#NNI moves:0/152
Guide Tree 4/16
#NNI moves:0/152
Guide Tree 5/16
#NNI moves:0/152
Guide Tree 6/16
#NNI moves:0/152
Guide Tree 7/16
#NNI moves:0/152
Guide Tree 8/16
#NNI moves:0/152
Guide Tree 9/16
#NNI moves:0/152
Guide Tree 10/16
#NNI moves:0/152
Guide Tree 11/16
#NNI moves:0/152
Guide Tree 12/16
#NNI moves:0/152
Guide Tree 13/16
#NNI moves:0/152
Guide Tree 14/16
#NNI moves:0/152
Guide Tree 15/16
#NNI moves:0/152
Remaining: 0
#NNI moves:2/152
#NNI moves:2/152
(((((((((((((((((87,58),(((75,90),83),((61,79),63))),81),(59,85)),((73,86),100)),(74,93)),(((97,(71,80)),(98,96)),(88,(62,91)))),(((((76,99),64),77),((92,94),89)),(((82,((70,67),65)),69),68))),(((95,(60,84)),78),(66,72))),(((((((34,(48,17)),29),16),7),39),((33,38),42)),41)),(((((9,(24,53)),(54,32)),19),(27,26)),(3,10))),((((((50,((49,43),11)),((((37,30),(5,45)),(((23,(15,44)),6),(40,35))),52)),(57,12)),(47,((36,22),2))),56),((55,(51,14)),(25,(20,8))))),((18,1),31)),28),(21,13)),46),4);
Guide Tree 0/16
#NNI moves:0/152
Guide Tree 1/16
#NNI moves:0/152
Guide Tree 2/16
#NNI moves:0/152
Guide Tree 3/16
#NNI moves:0/152
Guide Tree 4/16
#NNI moves:0/152
Guide Tree 5/16
#NNI moves:0/152
Guide Tree 6/16
#NNI moves:0/152
Guide Tree 7/16
#NNI moves:0/152
Guide Tree 8/16
#NNI moves:0/152
Guide Tree 9/16
#NNI moves:0/152
Guide Tree 10/16
#NNI moves:0/152
Guide Tree 11/16
#NNI moves:0/152
Guide Tree 12/16
#NNI moves:0/152
Guide Tree 13/16
#NNI moves:0/152
Guide Tree 14/16
#NNI moves:0/152
Guide Tree 15/16
#NNI moves:0/152
Remaining: 0
#NNI moves:4/152
#NNI moves:6/152
(((((((((((((((81,((58,87),(((90,75),83),((61,79),63)))),(85,59)),((86,73),100)),(74,93)),((((80,71),97),(98,96)),(88,(62,91)))),(((((76,99),64),77),(89,(94,92))),(68,((((67,70),65),82),69)))),((78,((84,60),95)),(72,66))),((((((29,(34,(17,48))),16),7),39),((38,33),42)),41)),(((26,27),((((53,24),9),(32,54)),19)),(10,3))),((((((50,((43,49),11)),(52,(((35,40),(((44,15),23),6)),((30,37),(5,45))))),(57,12)),(47,((36,22),2))),56),(((14,51),55),(25,(20,8))))),((18,1),31)),28),(21,13)),46),4);
Guide Tree 0/16
#NNI moves:0/152
Guide Tree 1/16
#NNI moves:2/152
Guide Tree 2/16
#NNI moves:0/152
Guide Tree 3/16
#NNI moves:0/152
Guide Tree 4/16
#NNI moves:0/152
Guide Tree 5/16
#NNI moves:0/152
Guide Tree 6/16
#NNI moves:2/152
Guide Tree 7/16
#NNI moves:2/152
Guide Tree 8/16
#NNI moves:0/152
Guide Tree 9/16
#NNI moves:0/152
Guide Tree 10/16
#NNI moves:0/152
Guide Tree 11/16
#NNI moves:0/152
Guide Tree 12/16
#NNI moves:0/152
Guide Tree 13/16
#NNI moves:0/152
Guide Tree 14/16
#NNI moves:0/152
Guide Tree 15/16
#NNI moves:0/152
Remaining: 0
#NNI moves:0/152
#NNI moves:0/152
(((((((((((((((76,99),64),77),(89,(94,92))),((((65,(67,70)),82),69),68)),(((((85,59),(((((79,61),63),(83,(75,90))),(87,58)),81)),((73,86),100)),(74,93)),((((80,71),97),(96,98)),(88,(62,91))))),(((95,(84,60)),78),(66,72))),(((((16,(29,((17,48),34))),7),39),(42,(38,33))),41)),(((26,27),(((54,32),(9,(24,53))),19)),(10,3))),(((((((((40,35),(6,(23,(15,44)))),((37,30),(5,45))),52),(((43,49),11),50)),(57,12)),((2,(22,36)),47)),56),(((14,51),55),((8,20),25)))),((18,1),31)),28),(21,13)),46),4);
Guide Tree 0/16
#NNI moves:0/152
Guide Tree 1/16
#NNI moves:0/152
Guide Tree 2/16
#NNI moves:0/152
Guide Tree 3/16
#NNI moves:0/152
Guide Tree 4/16
#NNI moves:0/152
Guide Tree 5/16
#NNI moves:0/152
Guide Tree 6/16
#NNI moves:0/152
Guide Tree 7/16
#NNI moves:0/152
Guide Tree 8/16
#NNI moves:0/152
Guide Tree 9/16
#NNI moves:0/152
Guide Tree 10/16
#NNI moves:0/152
Guide Tree 11/16
#NNI moves:0/152
Guide Tree 12/16
#NNI moves:0/152
Guide Tree 13/16
#NNI moves:0/152
Guide Tree 14/16
#NNI moves:0/152
Guide Tree 15/16
#NNI moves:0/152
Remaining: 0
#NNI moves:20/152
#NNI moves:20/152
((((((((((((((((((83,(90,75)),((61,79),63)),(87,58)),81),(59,85)),((73,86),100)),(74,93)),(((96,98),((71,80),97)),((91,62),88))),(((((99,76),64),77),((94,92),89)),(((82,((70,67),65)),69),68))),((78,((84,60),95)),(72,66))),((((((((17,48),34),29),16),7),39),(42,(33,38))),41)),(((((32,54),((24,53),9)),19),(26,27)),(10,3))),(((((((((40,35),(((15,44),23),6)),((30,37),(5,45))),52),(((49,43),11),50)),(57,12)),(((36,22),2),47)),56),(((51,14),55),(25,(20,8))))),((1,18),31)),28),(21,13)),46),4);
Initial score: 1.5912e+09
Initial tree: ((((((((((((((((((83,(90,75)),((61,79),63)),(87,58)),81),(59,85)),((73,86),100)),(74,93)),(((96,98),((71,80),97)),((91,62),88))),(((((99,76),64),77),((94,92),89)),(((82,((70,67),65)),69),68))),((78,((84,60),95)),(72,66))),((((((((17,48),34),29),16),7),39),(42,(33,38))),41)),(((((32,54),((24,53),9)),19),(26,27)),(10,3))),(((((((((40,35),(((15,44),23),6)),((30,37),(5,45))),52),(((49,43),11),50)),(57,12)),(((36,22),2),47)),56),(((51,14),55),(25,(20,8))))),((1,18),31)),28),(21,13)),46),4);
*** Subsample Process ***
Use two-step algorithm!
#NNI moves:0/152
Remaining: 0
#NNI moves:0/152
#NNI moves:0/152
(((((((((((((((((((22,36),2),47),(((((43,49),11),50),((((40,35),(((15,44),23),6)),((5,45),(37,30))),52)),(12,57))),56),(((8,20),25),((14,51),55))),((31,(1,18)),(((21,13),(46,4)),28))),(((((54,32),((24,53),9)),19),(27,26)),(10,3))),(((((16,(29,(34,(48,17)))),7),39),((33,38),42)),41)),((66,72),(((84,60),95),78))),(((((99,76),64),77),(89,(94,92))),(((82,(65,(67,70))),69),68))),((((71,80),97),(96,98)),(88,(62,91)))),(93,74)),((86,73),100)),(59,85)),81),(((61,79),63),(83,(75,90)))),58),87);
#NNI moves:0/152
Remaining: 0
#NNI moves:6/152
#NNI moves:8/152
((((((((((((((((((83,(90,75)),(63,(61,79))),(58,87)),81),(85,59)),((86,73),100)),(74,93)),((((71,80),97),(96,98)),((91,62),88))),(((((76,99),64),77),(89,(94,92))),(((82,(65,(70,67))),69),68))),(((95,(84,60)),78),(66,72))),(((((((34,(48,17)),29),16),7),39),((33,38),42)),41)),(((19,(((24,53),9),(32,54))),(26,27)),(10,3))),(((((((((((44,15),23),6),(40,35)),((5,45),(30,37))),52),((11,(43,49)),50)),(12,57)),((2,(22,36)),47)),56),(((20,8),25),(55,(14,51))))),((18,1),31)),28),(46,4)),13),21);
#NNI moves:0/152
Remaining: 0
#NNI moves:14/152
#NNI moves:14/152
((((((((((((((((((((35,40),((23,(15,44)),6)),((5,45),(30,37))),52),(50,((43,49),11))),(57,12)),(47,(2,(22,36)))),56),((55,(14,51)),((20,8),25))),(((18,1),31),(((46,4),(21,13)),28))),(((27,26),(((32,54),((53,24),9)),19)),(10,3))),((((((((48,17),34),29),16),7),39),(42,(38,33))),41)),((72,66),(78,(95,(60,84))))),(((((99,76),64),77),((92,94),89)),(((((70,67),65),82),69),68))),((((71,80),97),(98,96)),((91,62),88))),(74,93)),((86,73),100)),(((((61,79),63),(83,(90,75))),(87,58)),81)),85),59);
#NNI moves:2/152
Remaining: 0
#NNI moves:8/152
#NNI moves:8/152
(((((((((((((40,35),(6,((15,44),23))),((30,37),(45,5))),52),((11,(49,43)),50)),(57,12)),(47,((36,22),2))),56),(((51,14),55),((20,8),25))),((((((((82,((70,67),65)),69),68),(((94,92),89),(77,(64,(99,76))))),(((((((((79,61),63),((75,90),83)),(87,58)),81),(59,85)),(100,(86,73))),(93,74)),(((62,91),88),((98,96),(97,(80,71)))))),((((84,60),95),78),(66,72))),((((7,(16,(((48,17),34),29))),39),(42,(33,38))),41)),(((((54,32),((24,53),9)),19),(26,27)),(3,10)))),((18,1),31)),((46,4),(13,21))),28);
Current score: 1.5912e+09
Current tree: ((46,((13,21),((((((((((((40,35),(6,((15,44),23))),((30,37),(45,5))),52),((11,(49,43)),50)),(57,12)),(47,((36,22),2))),56),(((51,14),55),((20,8),25))),((((((((82,((70,67),65)),69),68),(((94,92),89),(77,(64,(99,76))))),(((((((((79,61),63),((75,90),83)),(87,58)),81),(59,85)),(100,(86,73))),(93,74)),(((62,91),88),((98,96),(97,(80,71)))))),((((84,60),95),78),(66,72))),((((7,(16,(((48,17),34),29))),39),(42,(33,38))),41)),(((((54,32),((24,53),9)),19),(26,27)),(3,10)))),((18,1),31)),28))),4);
Final Tree: ((46,((13,21),((((((((((((40,35),(6,((15,44),23))),((30,37),(45,5))),52),((11,(49,43)),50)),(57,12)),(47,((36,22),2))),56),(((51,14),55),((20,8),25))),((((((((82,((70,67),65)),69),68),(((94,92),89),(77,(64,(99,76))))),(((((((((79,61),63),((75,90),83)),(87,58)),81),(59,85)),(100,(86,73))),(93,74)),(((62,91),88),((98,96),(97,(80,71)))))),((((84,60),95),78),(66,72))),((((7,(16,(((48,17),34),29))),39),(42,(33,38))),41)),(((((54,32),((24,53),9)),19),(26,27)),(3,10)))),((18,1),31)),28))),4);
#EqQuartets: 2033289016
Score: 1591195691
ASTRAL for PaRalogs and Orthologs III (ASTRAL-Pro3)
*** NOW with integrated CASTLES-Pro ***
Version: v1.22.3.6
Read 512 genetrees and found 100 species.
#Genetrees: 1000
#Duploss: 10614
#Species: 100
#Rounds: 4
#Samples: 4
#Threads: 1
Use two-step algorithm!
Guide Tree 0/16
#NNI moves:0/152
Guide Tree 1/16
#NNI moves:2/152
Guide Tree 2/16
#NNI moves:6/152
Guide Tree 3/16
#NNI moves:0/152
Guide Tree 4/16
#NNI moves:0/152
Guide Tree 5/16
#NNI moves:6/152
Guide Tree 6/16
#NNI moves:6/152
Guide Tree 7/16
#NNI moves:2/152
Guide Tree 8/16
#NNI moves:6/152
Guide Tree 9/16
#NNI moves:0/152
Guide Tree 10/16
#NNI moves:0/152
Guide Tree 11/16
#NNI moves:0/152
Guide Tree 12/16
#NNI moves:0/152
Guide Tree 13/16
#NNI moves:0/152
Guide Tree 14/16
#NNI moves:0/152
Guide Tree 15/16
#NNI moves:6/152
Remaining: 0
#NNI moves:8/152
#NNI moves:8/152
(((((((((((((90,48),23),(37,((28,(82,14)),39))),(42,33)),((13,69),(((3,94),10),38))),(((((88,47),(17,83)),(50,55)),(72,86)),62)),((((((53,35),11),32),46),(18,(58,4))),((95,34),((67,57),45)))),(((((((60,(76,73)),84),5),93),(((6,16),20),((26,91),44))),1),(87,43))),((((22,((36,41),77)),(29,63)),(51,(61,27))),((((((12,((65,56),74)),(40,68)),66),((2,9),59)),((7,49),64)),(92,(25,(24,(89,31))))))),((((19,((21,71),85)),(((30,79),(81,15)),75)),(80,70)),((99,(97,96)),(98,100)))),78),(54,8)),52);
Guide Tree 0/16
#NNI moves:0/152
Guide Tree 1/16
#NNI moves:0/152
Guide Tree 2/16
#NNI moves:0/152
Guide Tree 3/16
#NNI moves:0/152
Guide Tree 4/16
#NNI moves:0/152
Guide Tree 5/16
#NNI moves:6/152
Guide Tree 6/16
#NNI moves:0/152
Guide Tree 7/16
#NNI moves:0/152
Guide Tree 8/16
#NNI moves:0/152
Guide Tree 9/16
#NNI moves:0/152
Guide Tree 10/16
#NNI moves:0/152
Guide Tree 11/16
#NNI moves:0/152
Guide Tree 12/16
#NNI moves:0/152
Guide Tree 13/16
#NNI moves:0/152
Guide Tree 14/16
#NNI moves:0/152
Guide Tree 15/16
#NNI moves:0/152
Remaining: 0
#NNI moves:6/152
#NNI moves:6/152
(((((((((((((94,3),10),38),(69,13)),((((39,((82,14),28)),37),((48,90),23)),(33,42))),(62,(((50,55),((47,88),(17,83))),(72,86)))),((((58,4),18),(((11,(53,35)),32),46)),(((57,67),45),(95,34)))),((((((26,91),44),(20,(16,6))),((5,((60,(73,76)),84)),93)),1),(87,43))),((((22,((36,41),77)),(63,29)),((27,61),51)),((((((12,((56,65),74)),(68,40)),66),((9,2),59)),(64,(49,7))),(92,(25,((31,89),24)))))),((((((30,79),(15,81)),75),(((71,21),85),19)),(80,70)),((100,98),((97,96),99)))),78),(8,54)),52);
Guide Tree 0/16
#NNI moves:0/152
Guide Tree 1/16
#NNI moves:0/152
Guide Tree 2/16
#NNI moves:0/152
Guide Tree 3/16
#NNI moves:2/152
Guide Tree 4/16
#NNI moves:0/152
Guide Tree 5/16
#NNI moves:0/152
Guide Tree 6/16
#NNI moves:2/152
Guide Tree 7/16
#NNI moves:6/152
Guide Tree 8/16
#NNI moves:0/152
Guide Tree 9/16
#NNI moves:0/152
Guide Tree 10/16
#NNI moves:0/152
Guide Tree 11/16
#NNI moves:0/152
Guide Tree 12/16
#NNI moves:6/152
Guide Tree 13/16
#NNI moves:0/152
Guide Tree 14/16
#NNI moves:2/152
Guide Tree 15/16
#NNI moves:0/152
Remaining: 0
#NNI moves:2/152
#NNI moves:2/152
((((((((((((16,6),20),((91,26),44)),(((84,((76,73),60)),5),93)),1),(43,87)),((((45,(67,57)),(95,34)),(((((53,35),11),32),46),((4,58),18))),((((((39,(28,(82,14))),37),(23,(48,90))),(42,33)),((((94,3),10),38),(13,69))),(((((83,17),(88,47)),(55,50)),(86,72)),62)))),(((51,(27,61)),((((41,36),77),22),(29,63))),((((66,((40,68),(((65,56),74),12))),((2,9),59)),(64,(7,49))),((((31,89),24),25),92)))),(((98,100),((97,96),99)),(((((30,79),(15,81)),75),((85,(71,21)),19)),(70,80)))),78),(8,54)),52);
Guide Tree 0/16
#NNI moves:2/152
Guide Tree 1/16
#NNI moves:0/152
Guide Tree 2/16
#NNI moves:0/152
Guide Tree 3/16
#NNI moves:0/152
Guide Tree 4/16
#NNI moves:2/152
Guide Tree 5/16
#NNI moves:2/152
Guide Tree 6/16
#NNI moves:0/152
Guide Tree 7/16
#NNI moves:0/152
Guide Tree 8/16
#NNI moves:0/152
Guide Tree 9/16
#NNI moves:0/152
Guide Tree 10/16
#NNI moves:0/152
Guide Tree 11/16
#NNI moves:0/152
Guide Tree 12/16
#NNI moves:0/152
Guide Tree 13/16
#NNI moves:2/152
Guide Tree 14/16
#NNI moves:0/152
Guide Tree 15/16
#NNI moves:0/152
Remaining: 0
#NNI moves:8/152
#NNI moves:8/152
(((((((((((((3,94),10),38),(13,69)),(((37,((28,(14,82)),39)),(23,(90,48))),(42,33))),((((55,50),((88,47),(17,83))),(86,72)),62)),(((46,(((53,35),11),32)),(18,(58,4))),((45,(67,57)),(95,34)))),((((((84,((76,73),60)),5),93),((44,(26,91)),((16,6),20))),1),(87,43))),((((63,29),(((36,41),77),22)),((27,61),51)),((((66,(((74,(65,56)),12),(68,40))),(59,(9,2))),((49,7),64)),((25,(24,(31,89))),92)))),(((80,70),((19,((21,71),85)),(((81,15),(30,79)),75))),(((96,97),99),(100,98)))),78),(54,8)),52);
Initial score: 1.55822e+09
Initial tree: (((((((((((((3,94),10),38),(13,69)),(((37,((28,(14,82)),39)),(23,(90,48))),(42,33))),((((55,50),((88,47),(17,83))),(86,72)),62)),(((46,(((53,35),11),32)),(18,(58,4))),((45,(67,57)),(95,34)))),((((((84,((76,73),60)),5),93),((44,(26,91)),((16,6),20))),1),(87,43))),((((63,29),(((36,41),77),22)),((27,61),51)),((((66,(((74,(65,56)),12),(68,40))),(59,(9,2))),((49,7),64)),((25,(24,(31,89))),92)))),(((80,70),((19,((21,71),85)),(((81,15),(30,79)),75))),(((96,97),99),(100,98)))),78),(54,8)),52);
*** Subsample Process ***
Use two-step algorithm!
#NNI moves:0/152
Remaining: 0
#NNI moves:0/152
#NNI moves:0/152
(((((((((((((((77,(36,41)),22),(29,63)),((27,61),51)),((((66,((((65,56),74),12),(68,40))),(59,(9,2))),((49,7),64)),(((24,(31,89)),25),92))),(((((((81,15),(79,30)),75),((85,(71,21)),19)),(80,70)),((98,100),((97,96),99))),(((8,54),52),78))),((((((16,6),20),(44,(91,26))),(93,(((60,(76,73)),84),5))),1),(43,87))),((((((53,35),11),32),46),((4,58),18)),((45,(57,67)),(34,95)))),(((((47,88),(17,83)),(55,50)),(86,72)),62)),(((((28,(82,14)),39),37),((48,90),23)),(33,42))),(13,69)),38),10),94),3);
#NNI moves:0/152
Remaining: 2
#NNI moves:6/152
#NNI moves:6/152
(((((((((((((((41,36),77),22),(29,63)),((61,27),51)),((((((((65,56),74),12),(68,40)),66),(59,(2,9))),(64,(7,49))),(((24,(89,31)),25),92))),(((((((55,50),((47,88),(17,83))),(86,72)),62),((((((28,(14,82)),39),37),((90,48),23)),(33,42)),((38,((94,3),10)),(69,13)))),((((67,57),45),(95,34)),(((32,(11,(35,53))),46),(18,(58,4))))),(((((((60,(76,73)),84),5),93),(((16,6),20),((91,26),44))),1),(87,43)))),(((8,54),52),78)),((98,100),((97,96),99))),(80,70)),((85,(21,71)),19)),75),(81,15)),79),30);
#NNI moves:0/152
Remaining: 0
#NNI moves:0/152
#NNI moves:0/152
(((((((((((((28,(14,82)),39),37),((90,48),23)),(42,33)),((38,((3,94),10)),(13,69))),(((((47,88),(17,83)),(55,50)),(86,72)),62)),((((57,67),45),(95,34)),(((((35,53),11),32),46),((4,58),18)))),((((((((76,73),60),84),5),93),(((91,26),44),((6,16),20))),1),(87,43))),(((((((((65,56),74),12),(68,40)),66),((9,2),59)),((7,49),64)),(92,(((31,89),24),25))),(((22,((41,36),77)),(63,29)),(51,(61,27))))),(((70,80),((((21,71),85),19),(((81,15),(30,79)),75))),((99,(97,96)),(98,100)))),(52,(8,54))),78);
#NNI moves:0/152
Remaining: 0
#NNI moves:0/152
#NNI moves:0/152
((((((((((((13,69),(((94,3),10),38)),(((37,(((82,14),28),39)),((90,48),23)),(42,33))),(((((83,17),(47,88)),(50,55)),(72,86)),62)),((((67,57),45),(95,34)),(((((53,35),11),32),46),(18,(4,58))))),((((((6,16),20),(44,(26,91))),(((((76,73),60),84),5),93)),1),(87,43))),((((22,((36,41),77)),(29,63)),((27,61),51)),(((((((74,(56,65)),12),(40,68)),66),(59,(2,9))),((49,7),64)),(92,(((31,89),24),25))))),((((((81,15),(79,30)),75),(((21,71),85),19)),(80,70)),(((97,96),99),(98,100)))),78),52),8),54);
Current score: 1.55822e+09
Current tree: (((((((((((13,69),(((94,3),10),38)),(((37,(((82,14),28),39)),((90,48),23)),(42,33))),(((((83,17),(47,88)),(50,55)),(72,86)),62)),((((67,57),45),(95,34)),(((((53,35),11),32),46),(18,(4,58))))),((((((6,16),20),(44,(26,91))),(((((76,73),60),84),5),93)),1),(87,43))),((((22,((36,41),77)),(29,63)),((27,61),51)),(((((((74,(56,65)),12),(40,68)),66),(59,(2,9))),((49,7),64)),(92,(((31,89),24),25))))),((((((81,15),(79,30)),75),(((21,71),85),19)),(80,70)),(((97,96),99),(98,100)))),78),(8,54)),52);
Final Tree: (((((((((((13,69),(((94,3),10),38)),(((37,(((82,14),28),39)),((90,48),23)),(42,33))),(((((83,17),(47,88)),(50,55)),(72,86)),62)),((((67,57),45),(95,34)),(((((53,35),11),32),46),(18,(4,58))))),((((((6,16),20),(44,(26,91))),(((((76,73),60),84),5),93)),1),(87,43))),((((22,((36,41),77)),(29,63)),((27,61),51)),(((((((74,(56,65)),12),(40,68)),66),(59,(2,9))),((49,7),64)),(92,(((31,89),24),25))))),((((((81,15),(79,30)),75),(((21,71),85),19)),(80,70)),(((97,96),99),(98,100)))),78),(8,54)),52);
#EqQuartets: 2064943393
Score: 1558219621
ASTRAL for PaRalogs and Orthologs III (ASTRAL-Pro3)
*** NOW with integrated CASTLES-Pro ***
Version: v1.22.3.6
Read 512 genetrees and found 100 species.
#Genetrees: 1000
#Duploss: 11798
#Species: 100
#Rounds: 4
#Samples: 4
#Threads: 1
Use two-step algorithm!
Guide Tree 0/16
#NNI moves:0/152
Guide Tree 1/16
#NNI moves:0/152
Guide Tree 2/16
#NNI moves:0/152
Guide Tree 3/16
#NNI moves:0/152
Guide Tree 4/16
#NNI moves:0/152
Guide Tree 5/16
#NNI moves:0/152
Guide Tree 6/16
#NNI moves:0/152
Guide Tree 7/16
#NNI moves:0/152
Guide Tree 8/16
#NNI moves:0/152
Guide Tree 9/16
#NNI moves:0/152
Guide Tree 10/16
#NNI moves:0/152
Guide Tree 11/16
#NNI moves:0/152
Guide Tree 12/16
#NNI moves:0/152
Guide Tree 13/16
#NNI moves:0/152
Guide Tree 14/16
#NNI moves:0/152
Guide Tree 15/16
#NNI moves:0/152
Remaining: 0
#NNI moves:4/152
#NNI moves:8/152
((((((((((((((6,(10,81)),13),((72,77),(37,75))),(58,18)),(25,(43,1))),(((24,(71,(52,46))),((((20,(((49,84),23),21)),31),68),87)),(3,54))),((((59,(70,17)),((5,80),(19,69))),(((85,7),65),(32,12))),((78,((28,42),83)),(63,38)))),(((((((97,(98,100)),89),91),96),(95,92)),(((93,90),99),94)),(((((((45,14),40),16),(36,(26,15))),(61,(76,4))),82),((51,86),56)))),(((62,(74,2)),(27,((48,8),((33,34),57)))),(79,(50,44)))),(41,(29,(88,55)))),(11,73)),((64,39),(((9,30),53),35))),(67,((47,22),60))),66);
Guide Tree 0/16
#NNI moves:0/152
Guide Tree 1/16
#NNI moves:0/152
Guide Tree 2/16
#NNI moves:0/152
Guide Tree 3/16
#NNI moves:0/152
Guide Tree 4/16
#NNI moves:0/152
Guide Tree 5/16
#NNI moves:0/152
Guide Tree 6/16
#NNI moves:0/152
Guide Tree 7/16
#NNI moves:0/152
Guide Tree 8/16
#NNI moves:0/152
Guide Tree 9/16
#NNI moves:0/152
Guide Tree 10/16
#NNI moves:0/152
Guide Tree 11/16
#NNI moves:0/152
Guide Tree 12/16
#NNI moves:0/152
Guide Tree 13/16
#NNI moves:6/152
Guide Tree 14/16
#NNI moves:2/152
Guide Tree 15/16
#NNI moves:0/152
Remaining: 0
#NNI moves:0/152
#NNI moves:0/152
((((((((((((((6,(81,10)),13),((72,77),(75,37))),(58,18)),(25,(43,1))),((54,3),((((52,46),71),24),(((((21,((84,49),23)),20),31),68),87)))),(((((42,28),83),78),(63,38)),((((69,19),(80,5)),(59,(17,70))),((12,32),(65,(85,7)))))),((((((((100,98),97),89),91),96),(95,92)),(((90,93),99),94)),((((((15,26),36),((40,(45,14)),16)),((76,4),61)),82),((86,51),56)))),((((74,2),62),(((48,8),(57,(34,33))),27)),(79,(50,44)))),(((88,55),29),41)),(73,11)),(((53,(9,30)),35),(64,39))),(67,(60,(47,22)))),66);
Guide Tree 0/16
#NNI moves:0/152
Guide Tree 1/16
#NNI moves:0/152
Guide Tree 2/16
#NNI moves:0/152
Guide Tree 3/16
#NNI moves:0/152
Guide Tree 4/16
#NNI moves:0/152
Guide Tree 5/16
#NNI moves:0/152
Guide Tree 6/16
#NNI moves:0/152
Guide Tree 7/16
#NNI moves:0/152
Guide Tree 8/16
#NNI moves:0/152
Guide Tree 9/16
#NNI moves:0/152
Guide Tree 10/16
#NNI moves:0/152
Guide Tree 11/16
#NNI moves:0/152
Guide Tree 12/16
#NNI moves:0/152
Guide Tree 13/16
#NNI moves:0/152
Guide Tree 14/16
#NNI moves:0/152
Guide Tree 15/16
#NNI moves:0/152
Remaining: 0
#NNI moves:18/152
#NNI moves:18/152
(((((((((((((28,42),83),78),(63,38)),(((32,12),((85,7),65)),(((19,69),(80,5)),((17,70),59)))),((((((((((49,84),23),21),20),31),68),87),((71,(46,52)),24)),(3,54)),((((((10,81),6),13),((77,72),(37,75))),(18,58)),((43,1),25)))),(((((90,93),99),94),((((((100,98),97),89),91),96),(95,92))),(((((76,4),61),((((45,14),40),16),((26,15),36))),82),((51,86),56)))),(((((48,8),((34,33),57)),27),((2,74),62)),((50,44),79))),(41,(29,(55,88)))),(73,11)),(((53,(9,30)),35),(64,39))),((60,(47,22)),67)),66);
Guide Tree 0/16
#NNI moves:0/152
Guide Tree 1/16
#NNI moves:0/152
Guide Tree 2/16
#NNI moves:2/152
Guide Tree 3/16
#NNI moves:0/152
Guide Tree 4/16
#NNI moves:6/152
Guide Tree 5/16
#NNI moves:2/152
Guide Tree 6/16
#NNI moves:0/152
Guide Tree 7/16
#NNI moves:0/152
Guide Tree 8/16
#NNI moves:0/152
Guide Tree 9/16
#NNI moves:0/152
Guide Tree 10/16
#NNI moves:0/152
Guide Tree 11/16
#NNI moves:0/152
Guide Tree 12/16
#NNI moves:0/152
Guide Tree 13/16
#NNI moves:2/152
Guide Tree 14/16
#NNI moves:0/152
Guide Tree 15/16
#NNI moves:0/152
Remaining: 0
#NNI moves:0/152
#NNI moves:0/152
(((((((((((((16,((45,14),40)),(36,(15,26))),((76,4),61)),82),((51,86),56)),(((((89,(97,(100,98))),91),96),(95,92)),(94,((90,93),99)))),((((((17,70),59),((19,69),(80,5))),((32,12),(65,(85,7)))),(((83,(28,42)),78),(63,38))),((((((46,52),71),24),((((20,(21,((49,84),23))),31),68),87)),(54,3)),(((((37,75),(77,72)),((6,(81,10)),13)),(58,18)),(25,(1,43)))))),(((50,44),79),(((74,2),62),(27,(((33,34),57),(48,8)))))),(41,((88,55),29))),(73,11)),((((9,30),53),35),(39,64))),(((47,22),60),67)),66);
Initial score: 1.40151e+09
Initial tree: (((((((((((((16,((45,14),40)),(36,(15,26))),((76,4),61)),82),((51,86),56)),(((((89,(97,(100,98))),91),96),(95,92)),(94,((90,93),99)))),((((((17,70),59),((19,69),(80,5))),((32,12),(65,(85,7)))),(((83,(28,42)),78),(63,38))),((((((46,52),71),24),((((20,(21,((49,84),23))),31),68),87)),(54,3)),(((((37,75),(77,72)),((6,(81,10)),13)),(58,18)),(25,(1,43)))))),(((50,44),79),(((74,2),62),(27,(((33,34),57),(48,8)))))),(41,((88,55),29))),(73,11)),((((9,30),53),35),(39,64))),(((47,22),60),67)),66);
*** Subsample Process ***
Use two-step algorithm!
#NNI moves:6/152
Remaining: 0
#NNI moves:8/152
#NNI moves:8/152
((((((((((((((((((((23,(49,84)),21),20),31),68),87),((71,(46,52)),24)),(3,54)),(((((72,77),(37,75)),(13,((81,10),6))),(58,18)),((43,1),25))),(((((19,69),(80,5)),(59,(70,17))),(((7,85),65),(32,12))),((78,((42,28),83)),(38,63)))),(((41,(29,(55,88))),((((((47,22),60),67),66),((39,64),(((9,30),53),35))),(11,73))),(((62,(2,74)),(27,(((34,33),57),(48,8)))),((50,44),79)))),(((96,(91,(((100,98),97),89))),(92,95)),(94,((90,93),99)))),((86,51),56)),82),((4,76),61)),((26,15),36)),16),40),14),45);
#NNI moves:0/152
Remaining: 0
#NNI moves:0/152
#NNI moves:0/152
(((((((((((((((((77,72),(75,37)),(13,(6,(81,10)))),(18,58)),((1,43),25)),(((((31,((((49,84),23),21),20)),68),87),((71,(46,52)),24)),(3,54))),((((59,(70,17)),((69,19),(80,5))),((65,(85,7)),(32,12))),((78,((42,28),83)),(38,63)))),((((((36,(26,15)),(16,(40,(14,45)))),((4,76),61)),82),((86,51),56)),(((((((98,100),97),89),91),96),(95,92)),(((93,90),99),94)))),(((27,((48,8),((34,33),57))),(62,(2,74))),(79,(50,44)))),(((88,55),29),41)),(11,73)),(((53,(30,9)),35),(39,64))),66),67),60),22),47);
#NNI moves:0/152
Remaining: 0
#NNI moves:0/152
#NNI moves:0/152
(((((((((((((27,(((33,34),57),(48,8))),((2,74),62)),((50,44),79)),(((29,(55,88)),41),((((67,(60,(47,22))),66),((35,(53,(9,30))),(39,64))),(73,11)))),((((((((98,100),97),89),91),96),(95,92)),(94,((93,90),99))),(((((((14,45),40),16),((26,15),36)),((4,76),61)),82),((86,51),56)))),(((((70,17),59),((69,19),(80,5))),((12,32),(65,(7,85)))),((((28,42),83),78),(63,38)))),(((((52,46),71),24),(((((((84,49),23),21),20),31),68),87)),(3,54))),(25,(1,43))),(58,18)),(13,(6,(81,10)))),(37,75)),77),72);
#NNI moves:2/152
Remaining: 2
#NNI moves:8/152
#NNI moves:8/152
(((((((((((((((((21,(23,(49,84))),20),31),68),87),((71,(52,46)),24)),(3,54)),(((((77,72),(37,75)),(((10,81),6),13)),(18,58)),((43,1),25))),((((32,12),(65,(85,7))),(((19,69),(5,80)),((70,17),59))),((((28,42),83),78),(63,38)))),(((((((15,26),36),(((45,14),40),16)),((76,4),61)),82),(56,(86,51))),(((((89,((100,98),97)),91),96),(92,95)),(94,(99,(93,90)))))),(((62,(74,2)),((((33,34),57),(8,48)),27)),(79,(44,50)))),(41,((88,55),29))),(73,11)),((((30,9),53),35),(39,64))),66),(60,(22,47))),67);
Current score: 1.40151e+09
Current tree: ((((((((((((((((21,(23,(49,84))),20),31),68),87),((71,(52,46)),24)),(3,54)),(((((77,72),(37,75)),(((10,81),6),13)),(18,58)),((43,1),25))),((((32,12),(65,(85,7))),(((19,69),(5,80)),((70,17),59))),((((28,42),83),78),(63,38)))),(((((((15,26),36),(((45,14),40),16)),((76,4),61)),82),(56,(86,51))),(((((89,((100,98),97)),91),96),(92,95)),(94,(99,(93,90)))))),(((62,(74,2)),((((33,34),57),(8,48)),27)),(79,(44,50)))),(41,((88,55),29))),(73,11)),((((30,9),53),35),(39,64))),((60,(22,47)),67)),66);
Final Tree: ((((((((((((((((21,(23,(49,84))),20),31),68),87),((71,(52,46)),24)),(3,54)),(((((77,72),(37,75)),(((10,81),6),13)),(18,58)),((43,1),25))),((((32,12),(65,(85,7))),(((19,69),(5,80)),((70,17),59))),((((28,42),83),78),(63,38)))),(((((((15,26),36),(((45,14),40),16)),((76,4),61)),82),(56,(86,51))),(((((89,((100,98),97)),91),96),(92,95)),(94,(99,(93,90)))))),(((62,(74,2)),((((33,34),57),(8,48)),27)),(79,(44,50)))),(41,((88,55),29))),(73,11)),((((30,9),53),35),(39,64))),((60,(22,47)),67)),66);
#EqQuartets: 1969752244
Score: 1401510079
ASTRAL for PaRalogs and Orthologs III (ASTRAL-Pro3)
*** NOW with integrated CASTLES-Pro ***
Version: v1.22.3.6
Read 512 genetrees and found 100 species.
#Genetrees: 1000
#Duploss: 10583
#Species: 100
#Rounds: 4
#Samples: 4
#Threads: 1
Use two-step algorithm!
Guide Tree 0/16
#NNI moves:0/152
Guide Tree 1/16
#NNI moves:0/152
Guide Tree 2/16
#NNI moves:0/152
Guide Tree 3/16
#NNI moves:0/152
Guide Tree 4/16
#NNI moves:0/152
Guide Tree 5/16
#NNI moves:0/152
Guide Tree 6/16
#NNI moves:0/152
Guide Tree 7/16
#NNI moves:0/152
Guide Tree 8/16
#NNI moves:0/152
Guide Tree 9/16
#NNI moves:0/152
Guide Tree 10/16
#NNI moves:0/152
Guide Tree 11/16
#NNI moves:0/152
Guide Tree 12/16
#NNI moves:0/152
Guide Tree 13/16
#NNI moves:0/152
Guide Tree 14/16
#NNI moves:2/152
Guide Tree 15/16
#NNI moves:2/152
Remaining: 1
#NNI moves:2/152
#NNI moves:2/152
(((((((((((((((((67,61),(39,15)),(18,48)),(((40,51),49),99)),(((64,45),44),94)),(72,((29,73),(16,24)))),(((92,38),76),((14,93),31))),((((2,4),6),3),(1,5))),((((((33,(97,65)),(((((89,43),35),71),90),54)),69),(84,(12,77))),((47,60),(((30,79),37),52))),70)),(((((23,17),95),((((13,78),80),11),46)),((((100,(68,59)),63),(((7,66),10),86)),(((20,57),22),81))),(96,28))),(87,53)),(((((36,34),26),32),((55,27),(62,((25,8),88)))),19)),(((91,56),50),((75,74),9))),(98,21)),(((42,83),82),41)),58),85);
Guide Tree 0/16
#NNI moves:0/152
Guide Tree 1/16
#NNI moves:0/152
Guide Tree 2/16
#NNI moves:0/152
Guide Tree 3/16
#NNI moves:0/152
Guide Tree 4/16
#NNI moves:0/152
Guide Tree 5/16
#NNI moves:0/152
Guide Tree 6/16
#NNI moves:0/152
Guide Tree 7/16
#NNI moves:0/152
Guide Tree 8/16
#NNI moves:0/152
Guide Tree 9/16
#NNI moves:0/152
Guide Tree 10/16
#NNI moves:0/152
Guide Tree 11/16
#NNI moves:0/152
Guide Tree 12/16
#NNI moves:0/152
Guide Tree 13/16
#NNI moves:0/152
Guide Tree 14/16
#NNI moves:0/152
Guide Tree 15/16
#NNI moves:0/152
Remaining: 0
#NNI moves:6/152
#NNI moves:6/152
(((((((((((((((((40,51),49),99),((18,48),((15,39),(67,61)))),(((45,64),44),94)),(72,((73,29),(16,24)))),(((92,38),76),((93,14),31))),((5,1),(3,(6,(2,4))))),(((((37,(79,30)),52),(60,47)),(((((((35,(89,43)),71),90),54),(33,(65,97))),69),((77,12),84))),70)),((((((20,57),22),81),((((59,68),100),63),(((66,7),10),86))),(((((78,13),80),11),46),(95,(17,23)))),(96,28))),(53,87)),((((((25,8),88),62),(27,55)),((26,(36,34)),32)),19)),(((75,74),9),((56,91),50))),(21,98)),(((42,83),82),41)),58),85);
Guide Tree 0/16
#NNI moves:0/152
Guide Tree 1/16
#NNI moves:0/152
Guide Tree 2/16
#NNI moves:0/152
Guide Tree 3/16
#NNI moves:0/152
Guide Tree 4/16
#NNI moves:0/152
Guide Tree 5/16
#NNI moves:0/152
Guide Tree 6/16
#NNI moves:0/152
Guide Tree 7/16
#NNI moves:0/152
Guide Tree 8/16
#NNI moves:0/152
Guide Tree 9/16
#NNI moves:0/152
Guide Tree 10/16
#NNI moves:0/152
Guide Tree 11/16
#NNI moves:0/152
Guide Tree 12/16
#NNI moves:0/152
Guide Tree 13/16
#NNI moves:0/152
Guide Tree 14/16
#NNI moves:0/152
Guide Tree 15/16
#NNI moves:0/152
Remaining: 0
#NNI moves:0/152
#NNI moves:0/152
((((((((((((((94,(44,(64,45))),((((51,40),49),99),(((39,15),(67,61)),(18,48)))),(72,((16,24),(29,73)))),((76,(92,38)),(31,(93,14)))),((((2,4),6),3),(5,1))),((((((((((43,89),35),71),90),54),((97,65),33)),69),((12,77),84)),(((37,(30,79)),52),(60,47))),70)),(((((11,(80,(78,13))),46),((23,17),95)),((81,(22,(57,20))),((86,(10,(7,66))),(63,(100,(59,68)))))),(96,28))),(87,53)),((((((25,8),88),62),(55,27)),(((36,34),26),32)),19)),(((91,56),50),((74,75),9))),(21,98)),(((83,42),82),41)),58),85);
Guide Tree 0/16
#NNI moves:0/152
Guide Tree 1/16
#NNI moves:0/152
Guide Tree 2/16
#NNI moves:0/152
Guide Tree 3/16
#NNI moves:0/152
Guide Tree 4/16
#NNI moves:0/152
Guide Tree 5/16
#NNI moves:0/152
Guide Tree 6/16
#NNI moves:0/152
Guide Tree 7/16
#NNI moves:0/152
Guide Tree 8/16
#NNI moves:0/152
Guide Tree 9/16
#NNI moves:0/152
Guide Tree 10/16
#NNI moves:0/152
Guide Tree 11/16
#NNI moves:0/152
Guide Tree 12/16
#NNI moves:0/152
Guide Tree 13/16
#NNI moves:0/152
Guide Tree 14/16
#NNI moves:0/152
Guide Tree 15/16
#NNI moves:2/152
Remaining: 0
#NNI moves:0/152
#NNI moves:0/152
(((((((((((((52,((30,79),37)),(60,47)),((((((71,((43,89),35)),90),54),(33,(65,97))),69),((77,12),84))),70),((((((16,24),(29,73)),72),(((44,(64,45)),94),((((61,67),(39,15)),(18,48)),(99,((40,51),49))))),(((14,93),31),(76,(92,38)))),(((6,(2,4)),3),(5,1)))),(((((22,(20,57)),81),((((66,7),10),86),((100,(68,59)),63))),(((((78,13),80),11),46),((23,17),95))),(28,96))),(53,87)),(((((34,36),26),32),((55,27),(62,(88,(25,8))))),19)),(((56,91),50),(9,(75,74)))),(98,21)),(41,((83,42),82))),58),85);
Initial score: 1.50815e+09
Initial tree: (((((((((((((52,((30,79),37)),(60,47)),((((((71,((43,89),35)),90),54),(33,(65,97))),69),((77,12),84))),70),((((((16,24),(29,73)),72),(((44,(64,45)),94),((((61,67),(39,15)),(18,48)),(99,((40,51),49))))),(((14,93),31),(76,(92,38)))),(((6,(2,4)),3),(5,1)))),(((((22,(20,57)),81),((((66,7),10),86),((100,(68,59)),63))),(((((78,13),80),11),46),((23,17),95))),(28,96))),(53,87)),(((((34,36),26),32),((55,27),(62,(88,(25,8))))),19)),(((56,91),50),(9,(75,74)))),(98,21)),(41,((83,42),82))),58),85);
*** Subsample Process ***
Use two-step algorithm!
#NNI moves:0/152
Remaining: 0
#NNI moves:0/152
#NNI moves:0/152
((((((((((((((11,(80,(78,13))),46),(95,(23,17))),((((100,(59,68)),63),(86,(10,(7,66)))),(((57,20),22),81))),(96,28)),((((((91,56),50),((74,75),9)),(((58,85),(41,((83,42),82))),(21,98))),((((55,27),(((25,8),88),62)),(((34,36),26),32)),19)),(53,87))),(((((((18,48),((39,15),(61,67))),((49,(51,40)),99)),((44,(45,64)),94)),(((16,24),(29,73)),72)),((31,(93,14)),((38,92),76))),((((4,2),6),3),(1,5)))),70),((((((((43,89),35),71),90),54),((97,65),33)),69),(84,(77,12)))),(60,47)),52),37),79),30);
#NNI moves:0/152
Remaining: 0
#NNI moves:0/152
#NNI moves:0/152
(((((((((((((((((39,15),(67,61)),(48,18)),(99,((40,51),49))),(((64,45),44),94)),(((29,73),(16,24)),72)),((76,(92,38)),(31,(14,93)))),(((6,(2,4)),3),(1,5))),((((((((((89,43),35),71),90),54),((97,65),33)),69),(84,(12,77))),((((79,30),37),52),(47,60))),70)),((((((10,(66,7)),86),((100,(68,59)),63)),(((57,20),22),81)),(((11,((78,13),80)),46),(95,(23,17)))),(28,96))),(87,53)),(((32,((34,36),26)),(((88,(25,8)),62),(27,55))),19)),(((56,91),50),((75,74),9))),(21,98)),((82,(42,83)),41)),85),58);
#NNI moves:0/152
Remaining: 0
#NNI moves:6/152
#NNI moves:6/152
((((((((((((((((((71,((89,43),35)),90),54),((65,97),33)),69),((12,77),84)),((((79,30),37),52),(47,60))),70),((((((50,(56,91)),((74,75),9)),(((((42,83),82),41),(85,58)),(21,98))),((((62,(88,(25,8))),(27,55)),(32,(26,(34,36)))),19)),(87,53)),(((((((68,59),100),63),(86,(10,(66,7)))),(((57,20),22),81)),((95,(23,17)),((((13,78),80),11),46))),(28,96)))),(((6,(4,2)),3),(5,1))),(((93,14),31),(76,(92,38)))),(((16,24),(73,29)),72)),(((45,64),44),94)),(((40,51),49),99)),(18,48)),(67,61)),15),39);
#NNI moves:0/152
Remaining: 0
#NNI moves:6/152
#NNI moves:6/152
((((((((((((((((((64,45),44),94),((99,((51,40),49)),((18,48),((61,67),(15,39))))),(((29,73),(24,16)),72)),(((14,93),31),((38,92),76))),((5,1),((6,(2,4)),3))),(((((((97,65),33),(((((43,89),35),71),90),54)),69),((12,77),84)),((52,(37,(30,79))),(47,60))),70)),((((((100,(68,59)),63),(((7,66),10),86)),((22,(57,20)),81)),((((80,(13,78)),11),46),((17,23),95))),(96,28))),(53,87)),((((((8,25),88),62),(55,27)),(((34,36),26),32)),19)),(((91,56),50),(9,(74,75)))),(98,21)),(58,85)),41),82),83),42);
Current score: 1.50815e+09
Current tree: ((58,((((((((((((((64,45),44),94),((99,((51,40),49)),((18,48),((61,67),(15,39))))),(((29,73),(24,16)),72)),(((14,93),31),((38,92),76))),((5,1),((6,(2,4)),3))),(((((((97,65),33),(((((43,89),35),71),90),54)),69),((12,77),84)),((52,(37,(30,79))),(47,60))),70)),((((((100,(68,59)),63),(((7,66),10),86)),((22,(57,20)),81)),((((80,(13,78)),11),46),((17,23),95))),(96,28))),(53,87)),((((((8,25),88),62),(55,27)),(((34,36),26),32)),19)),(((91,56),50),(9,(74,75)))),(98,21)),(41,(82,(83,42))))),85);
Final Tree: ((58,((((((((((((((64,45),44),94),((99,((51,40),49)),((18,48),((61,67),(15,39))))),(((29,73),(24,16)),72)),(((14,93),31),((38,92),76))),((5,1),((6,(2,4)),3))),(((((((97,65),33),(((((43,89),35),71),90),54)),69),((12,77),84)),((52,(37,(30,79))),(47,60))),70)),((((((100,(68,59)),63),(((7,66),10),86)),((22,(57,20)),81)),((((80,(13,78)),11),46),((17,23),95))),(96,28))),(53,87)),((((((8,25),88),62),(55,27)),(((34,36),26),32)),19)),(((91,56),50),(9,(74,75)))),(98,21)),(41,(82,(83,42))))),85);
#EqQuartets: 2025732634
Score: 1508152898
ASTRAL for PaRalogs and Orthologs III (ASTRAL-Pro3)
*** NOW with integrated CASTLES-Pro ***
Version: v1.22.3.6
Read 512 genetrees and found 100 species.
#Genetrees: 1000
#Duploss: 10710
#Species: 100
#Rounds: 4
#Samples: 4
#Threads: 1
Use two-step algorithm!
Guide Tree 0/16
#NNI moves:0/152
Guide Tree 1/16
#NNI moves:0/152
Guide Tree 2/16
#NNI moves:0/152
Guide Tree 3/16
#NNI moves:0/152
Guide Tree 4/16
#NNI moves:0/152
Guide Tree 5/16
#NNI moves:0/152
Guide Tree 6/16
#NNI moves:0/152
Guide Tree 7/16
#NNI moves:0/152
Guide Tree 8/16
#NNI moves:0/152
Guide Tree 9/16
#NNI moves:0/152
Guide Tree 10/16
#NNI moves:0/152
Guide Tree 11/16
#NNI moves:0/152
Guide Tree 12/16
#NNI moves:0/152
Guide Tree 13/16
#NNI moves:0/152
Guide Tree 14/16
#NNI moves:0/152
Guide Tree 15/16
#NNI moves:0/152
Remaining: 0
#NNI moves:6/152
#NNI moves:6/152
(((((((((((((93,96),99),(((95,100),94),97)),98),(((((90,27),((56,31),20)),((70,5),(14,41))),(42,83)),37)),((((((61,87),(60,33)),88),(((71,(78,21)),((85,3),(63,79))),66)),81),(((47,25),(52,82)),((((48,46),28),2),65)))),((((86,68),(((92,15),(18,19)),4)),74),((((73,26),((43,13),((84,10),30))),(((((((80,58),91),(8,57)),6),23),(7,(36,55))),49)),1))),((((39,(40,53)),((45,51),54)),67),((((29,76),(64,59)),(69,89)),(62,(24,75))))),(((38,16),11),(((77,50),34),9))),35),(44,((17,72),12))),22),32);
Guide Tree 0/16
#NNI moves:0/152
Guide Tree 1/16
#NNI moves:0/152
Guide Tree 2/16
#NNI moves:0/152
Guide Tree 3/16
#NNI moves:0/152
Guide Tree 4/16
#NNI moves:0/152
Guide Tree 5/16
#NNI moves:0/152
Guide Tree 6/16
#NNI moves:0/152
Guide Tree 7/16
#NNI moves:0/152
Guide Tree 8/16
#NNI moves:0/152
Guide Tree 9/16
#NNI moves:0/152
Guide Tree 10/16
#NNI moves:0/152
Guide Tree 11/16
#NNI moves:0/152
Guide Tree 12/16
#NNI moves:0/152
Guide Tree 13/16
#NNI moves:0/152
Guide Tree 14/16
#NNI moves:0/152
Guide Tree 15/16
#NNI moves:2/152
Remaining: 0
#NNI moves:0/152
#NNI moves:0/152
((((((((((((((95,100),94),97),((93,96),99)),98),(((((5,70),(14,41)),(((31,56),20),(27,90))),(83,42)),37)),((((47,25),(82,52)),((2,((48,46),28)),65)),((((((78,21),71),((3,85),(63,79))),66),(((87,61),(33,60)),88)),81))),(((((((((57,8),((58,80),91)),6),23),((36,55),7)),49),((((10,84),30),(43,13)),(26,73))),1),(((((19,18),(15,92)),4),(86,68)),74))),((((75,24),62),(((59,64),(29,76)),(89,69))),(67,(((53,40),39),(54,(51,45)))))),((9,((77,50),34)),(11,(16,38)))),35),(44,((17,72),12))),22),32);
Guide Tree 0/16
#NNI moves:0/152
Guide Tree 1/16
#NNI moves:0/152
Guide Tree 2/16
#NNI moves:0/152
Guide Tree 3/16
#NNI moves:0/152
Guide Tree 4/16
#NNI moves:0/152
Guide Tree 5/16
#NNI moves:0/152
Guide Tree 6/16
#NNI moves:0/152
Guide Tree 7/16
#NNI moves:0/152
Guide Tree 8/16
#NNI moves:0/152
Guide Tree 9/16
#NNI moves:0/152
Guide Tree 10/16
#NNI moves:0/152
Guide Tree 11/16
#NNI moves:0/152
Guide Tree 12/16
#NNI moves:0/152
Guide Tree 13/16
#NNI moves:0/152
Guide Tree 14/16
#NNI moves:0/152
Guide Tree 15/16
#NNI moves:0/152
Remaining: 0
#NNI moves:2/152
#NNI moves:2/152
(((((((((((((((56,31),20),(27,90)),((70,5),(14,41))),(42,83)),37),(((99,(96,93)),(((95,100),94),97)),98)),(((((28,(46,48)),2),65),((47,25),(82,52))),((((((21,78),71),((79,63),(85,3))),66),(((61,87),(60,33)),88)),81))),((((((30,(84,10)),(43,13)),(73,26)),(((((((58,80),91),(57,8)),6),23),((36,55),7)),49)),1),(((68,86),(((15,92),(19,18)),4)),74))),(((((64,59),(29,76)),(89,69)),((75,24),62)),(((39,(40,53)),((51,45),54)),67))),((9,((77,50),34)),(11,(16,38)))),35),(44,((17,72),12))),22),32);
Guide Tree 0/16
#NNI moves:0/152
Guide Tree 1/16
#NNI moves:0/152
Guide Tree 2/16
#NNI moves:0/152
Guide Tree 3/16
#NNI moves:0/152
Guide Tree 4/16
#NNI moves:0/152
Guide Tree 5/16
#NNI moves:0/152
Guide Tree 6/16
#NNI moves:0/152
Guide Tree 7/16
#NNI moves:0/152
Guide Tree 8/16
#NNI moves:0/152
Guide Tree 9/16
#NNI moves:0/152
Guide Tree 10/16
#NNI moves:0/152
Guide Tree 11/16
#NNI moves:0/152
Guide Tree 12/16
#NNI moves:0/152
Guide Tree 13/16
#NNI moves:0/152
Guide Tree 14/16
#NNI moves:0/152
Guide Tree 15/16
#NNI moves:0/152
Remaining: 0
#NNI moves:0/152
#NNI moves:0/152
((((((((((((((33,60),(61,87)),88),((((85,3),(79,63)),(71,(21,78))),66)),81),((((28,(48,46)),2),65),((52,82),(47,25)))),((((83,42),(((90,27),((31,56),20)),((41,14),(5,70)))),37),((((96,93),99),(((95,100),94),97)),98))),((((((30,(84,10)),(43,13)),(26,73)),((((55,36),7),((((57,8),((80,58),91)),6),23)),49)),1),(74,((((15,92),(19,18)),4),(68,86))))),((((89,69),((76,29),(64,59))),((24,75),62)),((((51,45),54),(39,(53,40))),67))),(((34,(77,50)),9),(11,(38,16)))),35),(((17,72),12),44)),22),32);
Initial score: 1.52798e+09
Initial tree: ((((((((((((((33,60),(61,87)),88),((((85,3),(79,63)),(71,(21,78))),66)),81),((((28,(48,46)),2),65),((52,82),(47,25)))),((((83,42),(((90,27),((31,56),20)),((41,14),(5,70)))),37),((((96,93),99),(((95,100),94),97)),98))),((((((30,(84,10)),(43,13)),(26,73)),((((55,36),7),((((57,8),((80,58),91)),6),23)),49)),1),(74,((((15,92),(19,18)),4),(68,86))))),((((89,69),((76,29),(64,59))),((24,75),62)),((((51,45),54),(39,(53,40))),67))),(((34,(77,50)),9),(11,(38,16)))),35),(((17,72),12),44)),22),32);
*** Subsample Process ***
Use two-step algorithm!
#NNI moves:0/152
Remaining: 0
#NNI moves:0/152
#NNI moves:0/152
((((((((((((((((((91,(80,58)),(8,57)),6),23),((36,55),7)),49),(((30,(10,84)),(13,43)),(26,73))),1),(((68,86),(4,((92,15),(19,18)))),74)),(((((((17,72),12),44),(22,32)),35),(((16,38),11),(9,((50,77),34)))),((((39,(40,53)),(54,(45,51))),67),(((69,89),((59,64),(76,29))),(62,(75,24)))))),((((42,83),(((70,5),(14,41)),(((31,56),20),(27,90)))),37),((((93,96),99),(97,(94,(95,100)))),98))),((((28,(48,46)),2),65),((52,82),(47,25)))),81),((((85,3),(79,63)),((78,21),71)),66)),88),(33,60)),87),61);
#NNI moves:0/152
Remaining: 0
#NNI moves:2/152
#NNI moves:2/152
(((((((((((((((3,85),(79,63)),((78,21),71)),66),(((33,60),(87,61)),88)),81),(((((48,46),28),2),65),((47,25),(52,82)))),(((((96,93),99),(((100,95),94),97)),98),(((42,83),((((56,31),20),(90,27)),((41,14),(70,5)))),37))),((((((23,(((91,(58,80)),(8,57)),6)),((36,55),7)),49),((((84,10),30),(43,13)),(73,26))),1),(((86,68),(((92,15),(19,18)),4)),74))),((((69,89),((76,29),(59,64))),((75,24),62)),((((45,51),54),((53,40),39)),67))),((11,(38,16)),(((50,77),34),9))),35),(((17,72),12),44)),32),22);
#NNI moves:0/152
Remaining: 0
#NNI moves:0/152
#NNI moves:0/152
((((((((((((((((23,(6,((91,(58,80)),(57,8)))),(7,(36,55))),49),((((10,84),30),(43,13)),(73,26))),1),(((((92,15),(19,18)),4),(86,68)),74)),((((((40,53),39),(54,(51,45))),67),((62,(75,24)),(((64,59),(76,29)),(89,69)))),((((44,((72,17),12)),(22,32)),35),(((38,16),11),(9,((77,50),34)))))),(((((93,96),99),(((95,100),94),97)),98),(((((41,14),(70,5)),((27,90),((56,31),20))),(42,83)),37))),(((((46,48),28),2),65),((52,82),(47,25)))),81),(((60,33),(61,87)),88)),66),((78,21),71)),(79,63)),3),85);
#NNI moves:2/152
Remaining: 0
#NNI moves:4/152
#NNI moves:4/152
((((((((((((((90,27),((31,56),20)),((5,70),(14,41))),(42,83)),37),((((93,96),99),((94,(100,95)),97)),98)),((((((61,87),(60,33)),88),((((21,78),71),((63,79),(85,3))),66)),81),(((52,82),(25,47)),((((48,46),28),2),65)))),(((((((84,10),30),(43,13)),(26,73)),((((36,55),7),((((8,57),(91,(80,58))),6),23)),49)),1),(((68,86),(((92,15),(18,19)),4)),74))),((((39,(53,40)),((51,45),54)),67),(((24,75),62),(((64,59),(76,29)),(89,69))))),(((34,(50,77)),9),(11,(38,16)))),35),(22,32)),(12,(17,72))),44);
Current score: 1.52798e+09
Current tree: ((22,((((((((((((90,27),((31,56),20)),((5,70),(14,41))),(42,83)),37),((((93,96),99),((94,(100,95)),97)),98)),((((((61,87),(60,33)),88),((((21,78),71),((63,79),(85,3))),66)),81),(((52,82),(25,47)),((((48,46),28),2),65)))),(((((((84,10),30),(43,13)),(26,73)),((((36,55),7),((((8,57),(91,(80,58))),6),23)),49)),1),(((68,86),(((92,15),(18,19)),4)),74))),((((39,(53,40)),((51,45),54)),67),(((24,75),62),(((64,59),(76,29)),(89,69))))),(((34,(50,77)),9),(11,(38,16)))),35),((12,(17,72)),44))),32);
Final Tree: ((22,((((((((((((90,27),((31,56),20)),((5,70),(14,41))),(42,83)),37),((((93,96),99),((94,(100,95)),97)),98)),((((((61,87),(60,33)),88),((((21,78),71),((63,79),(85,3))),66)),81),(((52,82),(25,47)),((((48,46),28),2),65)))),(((((((84,10),30),(43,13)),(26,73)),((((36,55),7),((((8,57),(91,(80,58))),6),23)),49)),1),(((68,86),(((92,15),(18,19)),4)),74))),((((39,(53,40)),((51,45),54)),67),(((24,75),62),(((64,59),(76,29)),(89,69))))),(((34,(50,77)),9),(11,(38,16)))),35),((12,(17,72)),44))),32);
#EqQuartets: 2073061728
Score: 1527976161
ASTRAL for PaRalogs and Orthologs III (ASTRAL-Pro3)
*** NOW with integrated CASTLES-Pro ***
Version: v1.22.3.6
Read 512 genetrees and found 100 species.
#Genetrees: 1000
#Duploss: 11240
#Species: 100
#Rounds: 4
#Samples: 4
#Threads: 1
Use two-step algorithm!
Guide Tree 0/16
#NNI moves:0/152
Guide Tree 1/16
#NNI moves:0/152
Guide Tree 2/16
#NNI moves:0/152
Guide Tree 3/16
#NNI moves:0/152
Guide Tree 4/16
#NNI moves:0/152
Guide Tree 5/16
#NNI moves:0/152
Guide Tree 6/16
#NNI moves:0/152
Guide Tree 7/16
#NNI moves:0/152
Guide Tree 8/16
#NNI moves:0/152
Guide Tree 9/16
#NNI moves:0/152
Guide Tree 10/16
#NNI moves:2/152
Guide Tree 11/16
#NNI moves:0/152
Guide Tree 12/16
#NNI moves:0/152
Guide Tree 13/16
#NNI moves:0/152
Guide Tree 14/16
#NNI moves:0/152
Guide Tree 15/16
#NNI moves:0/152
Remaining: 0
#NNI moves:0/152
#NNI moves:0/152
((((((((((((((56,47),((((82,64),46),42),((27,76),83))),(((84,25),89),(54,(17,66)))),(32,31)),(((((2,(11,9)),16),((10,4),(8,13))),((((7,15),((1,3),12)),14),(5,6))),((((28,71),33),((86,((94,78),96)),(30,23))),63))),(((((39,37),73),((35,90),(51,21))),45),((24,(((53,(75,93)),26),74)),((38,((29,98),(50,68))),81)))),((((20,(48,52)),(72,77)),(61,55)),(58,87))),(34,(80,43))),(100,60)),(((97,(85,91)),79),18)),92),(((((65,40),44),62),41),((((59,36),69),((22,19),95)),(99,49)))),((70,57),67)),88);
Guide Tree 0/16
#NNI moves:0/152
Guide Tree 1/16
#NNI moves:0/152
Guide Tree 2/16
#NNI moves:0/152
Guide Tree 3/16
#NNI moves:0/152
Guide Tree 4/16
#NNI moves:0/152
Guide Tree 5/16
#NNI moves:0/152
Guide Tree 6/16
#NNI moves:0/152
Guide Tree 7/16
#NNI moves:0/152
Guide Tree 8/16
#NNI moves:0/152
Guide Tree 9/16
#NNI moves:0/152
Guide Tree 10/16
#NNI moves:0/152
Guide Tree 11/16
#NNI moves:0/152
Guide Tree 12/16
#NNI moves:0/152
Guide Tree 13/16
#NNI moves:0/152
Guide Tree 14/16
#NNI moves:0/152
Guide Tree 15/16
#NNI moves:0/152
Remaining: 0
#NNI moves:0/152
#NNI moves:0/152
((((((((((((((16,(2,(11,9))),((13,8),(4,10))),((14,((15,7),((1,3),12))),(5,6))),((((28,71),33),((23,30),(((78,94),96),86))),63)),(((((42,((64,82),46)),((76,27),83)),(47,56)),(((66,17),54),(89,(84,25)))),(31,32))),(((((39,37),73),((90,35),(51,21))),45),(((((68,50),(29,98)),38),81),(((26,(53,(75,93))),74),24)))),(((55,61),(((52,48),20),(72,77))),(87,58))),((43,80),34)),(60,100)),((((85,91),97),79),18)),92),((((44,(65,40)),62),41),(((69,(36,59)),((22,19),95)),(49,99)))),((70,57),67)),88);
Guide Tree 0/16
#NNI moves:0/152
Guide Tree 1/16
#NNI moves:0/152
Guide Tree 2/16
#NNI moves:0/152
Guide Tree 3/16
#NNI moves:0/152
Guide Tree 4/16
#NNI moves:0/152
Guide Tree 5/16
#NNI moves:0/152
Guide Tree 6/16
#NNI moves:0/152
Guide Tree 7/16
#NNI moves:0/152
Guide Tree 8/16
#NNI moves:0/152
Guide Tree 9/16
#NNI moves:0/152
Guide Tree 10/16
#NNI moves:0/152
Guide Tree 11/16
#NNI moves:0/152
Guide Tree 12/16
#NNI moves:0/152
Guide Tree 13/16
#NNI moves:0/152
Guide Tree 14/16
#NNI moves:0/152
Guide Tree 15/16
#NNI moves:0/152
Remaining: 0
#NNI moves:0/152
#NNI moves:0/152
(((((((((((((((28,71),33),((23,30),((96,(78,94)),86))),63),((((((3,1),12),(7,15)),14),(6,5)),((16,(2,(9,11))),((10,4),(13,8))))),((((54,(17,66)),((25,84),89)),(((42,((82,64),46)),((27,76),83)),(47,56))),(32,31))),((((38,((50,68),(98,29))),81),((((53,(93,75)),26),74),24)),((((35,90),(21,51)),((37,39),73)),45))),((((20,(48,52)),(77,72)),(55,61)),(87,58))),((43,80),34)),(100,60)),(18,(((91,85),97),79))),92),(((((40,65),44),62),41),((99,49),(((59,36),69),((19,22),95))))),((57,70),67)),88);
Guide Tree 0/16
#NNI moves:0/152
Guide Tree 1/16
#NNI moves:0/152
Guide Tree 2/16
#NNI moves:2/152
Guide Tree 3/16
#NNI moves:0/152
Guide Tree 4/16
#NNI moves:0/152
Guide Tree 5/16
#NNI moves:0/152
Guide Tree 6/16
#NNI moves:6/152
Guide Tree 7/16
#NNI moves:0/152
Guide Tree 8/16
#NNI moves:6/152
Guide Tree 9/16
#NNI moves:0/152
Guide Tree 10/16
#NNI moves:0/152
Guide Tree 11/16
#NNI moves:0/152
Guide Tree 12/16
#NNI moves:6/152
Guide Tree 13/16
#NNI moves:0/152
Guide Tree 14/16
#NNI moves:2/152
Guide Tree 15/16
#NNI moves:0/152
Remaining: 0
#NNI moves:0/152
#NNI moves:0/152
((((((((((((((((9,11),2),16),((10,4),(13,8))),((((12,(1,3)),(7,15)),14),(6,5))),((((71,28),33),((86,((94,78),96)),(23,30))),63)),(((((17,66),54),(89,(84,25))),(((((82,64),46),42),((27,76),83)),(56,47))),(31,32))),(((((((93,75),53),26),74),24),((((68,50),(29,98)),38),81)),((((37,39),73),((51,21),(90,35))),45))),((58,87),((((52,48),20),(77,72)),(61,55)))),(34,(80,43))),(60,100)),((79,(97,(85,91))),18)),92),(((99,49),(((59,36),69),(95,(19,22)))),((((40,65),44),62),41))),((57,70),67)),88);
Initial score: 1.41118e+09
Initial tree: ((((((((((((((((9,11),2),16),((10,4),(13,8))),((((12,(1,3)),(7,15)),14),(6,5))),((((71,28),33),((86,((94,78),96)),(23,30))),63)),(((((17,66),54),(89,(84,25))),(((((82,64),46),42),((27,76),83)),(56,47))),(31,32))),(((((((93,75),53),26),74),24),((((68,50),(29,98)),38),81)),((((37,39),73),((51,21),(90,35))),45))),((58,87),((((52,48),20),(77,72)),(61,55)))),(34,(80,43))),(60,100)),((79,(97,(85,91))),18)),92),(((99,49),(((59,36),69),(95,(19,22)))),((((40,65),44),62),41))),((57,70),67)),88);
*** Subsample Process ***
Use two-step algorithm!
#NNI moves:0/152
Remaining: 0
#NNI moves:0/152
#NNI moves:0/152
(((((((((((((20,(48,52)),(77,72)),(55,61)),(58,87)),((((((((((40,65),44),62),41),((((19,22),95),((59,36),69)),(99,49))),(((57,70),67),88)),92),(((97,(91,85)),79),18)),(100,60)),(34,(43,80)))),((((((50,68),(98,29)),38),81),(((((75,93),53),26),74),24)),((((39,37),73),((90,35),(51,21))),45))),((((((27,76),83),((46,(82,64)),42)),(47,56)),(((17,66),54),(89,(84,25)))),(31,32))),((((71,28),33),((86,((78,94),96)),(30,23))),63)),((((15,7),((1,3),12)),14),(6,5))),(16,(2,(11,9)))),(8,13)),4),10);
#NNI moves:0/152
Remaining: 0
#NNI moves:4/152
#NNI moves:8/152
((((((((((((((((((((12,(1,3)),(15,7)),14),(6,5)),((((11,9),2),16),((8,13),(4,10)))),((((28,71),33),((86,((94,78),96)),(30,23))),63)),((((((27,76),83),(42,(46,(64,82)))),(56,47)),(((25,84),89),(54,(17,66)))),(32,31))),(((((((75,93),53),26),74),24),((((50,68),(98,29)),38),81)),((((37,39),73),((21,51),(90,35))),45))),(((61,55),((72,77),((52,48),20))),(58,87))),((43,80),34)),(100,60)),(((97,(85,91)),79),18)),92),((67,(70,57)),88)),(((95,(19,22)),((59,36),69)),(49,99))),41),62),44),40),65);
#NNI moves:0/152
Remaining: 0
#NNI moves:0/152
#NNI moves:0/152
(((((((((((((((((71,28),33),((((94,78),96),86),(30,23))),63),(((((11,9),2),16),((13,8),(10,4))),((((15,7),((1,3),12)),14),(6,5)))),((((((27,76),83),(((82,64),46),42)),(56,47)),(((66,17),54),((84,25),89))),(31,32))),(((((39,37),73),((21,51),(90,35))),45),((((26,(53,(75,93))),74),24),((((50,68),(29,98)),38),81)))),(((((48,52),20),(72,77)),(55,61)),(58,87))),((43,80),34)),(60,100)),((((91,85),97),79),18)),92),(((((59,36),69),(95,(19,22))),(99,49)),((62,((65,40),44)),41))),88),67),57),70);
#NNI moves:0/152
Remaining: 0
#NNI moves:0/152
#NNI moves:0/152
(((((((((((((39,37),73),((51,21),(35,90))),45),(((((53,(75,93)),26),74),24),(81,(((98,29),(50,68)),38)))),((((100,60),((((((70,57),67),88),(((62,((40,65),44)),41),(((95,(22,19)),((59,36),69)),(49,99)))),92),(18,(79,((91,85),97))))),((80,43),34)),((((20,(52,48)),(77,72)),(61,55)),(58,87)))),(((((17,66),54),((25,84),89)),(((((64,82),46),42),((76,27),83)),(56,47))),(32,31))),(((((9,11),2),16),((10,4),(8,13))),(((((3,1),12),(15,7)),14),(5,6)))),63),((71,28),33)),(30,23)),((94,78),96)),86);
Current score: 1.41118e+09
Current tree: ((((70,57),67),((((62,((40,65),44)),41),(((95,(22,19)),((59,36),69)),(49,99))),(92,((18,(79,((91,85),97))),((100,60),(((80,43),34),(((((20,(52,48)),(77,72)),(61,55)),(58,87)),((((((39,37),73),((51,21),(35,90))),45),(((((53,(75,93)),26),74),24),(81,(((98,29),(50,68)),38)))),((((((17,66),54),((25,84),89)),(((((64,82),46),42),((76,27),83)),(56,47))),(32,31)),((((((9,11),2),16),((10,4),(8,13))),(((((3,1),12),(15,7)),14),(5,6))),(63,(((71,28),33),((30,23),(((94,78),96),86)))))))))))))),88);
Final Tree: ((((70,57),67),((((62,((40,65),44)),41),(((95,(22,19)),((59,36),69)),(49,99))),(92,((18,(79,((91,85),97))),((100,60),(((80,43),34),(((((20,(52,48)),(77,72)),(61,55)),(58,87)),((((((39,37),73),((51,21),(35,90))),45),(((((53,(75,93)),26),74),24),(81,(((98,29),(50,68)),38)))),((((((17,66),54),((25,84),89)),(((((64,82),46),42),((76,27),83)),(56,47))),(32,31)),((((((9,11),2),16),((10,4),(8,13))),(((((3,1),12),(15,7)),14),(5,6))),(63,(((71,28),33),((30,23),(((94,78),96),86)))))))))))))),88);
#EqQuartets: 1953369259
Score: 1411183386
ASTRAL for PaRalogs and Orthologs III (ASTRAL-Pro3)
*** NOW with integrated CASTLES-Pro ***
Version: v1.22.3.6
Read 512 genetrees and found 100 species.
#Genetrees: 991
#Duploss: 12117
#Species: 100
#Rounds: 4
#Samples: 4
#Threads: 1
Use two-step algorithm!
Guide Tree 0/16
#NNI moves:0/152
Guide Tree 1/16
#NNI moves:0/152
Guide Tree 2/16
#NNI moves:0/152
Guide Tree 3/16
#NNI moves:0/152
Guide Tree 4/16
#NNI moves:0/152
Guide Tree 5/16
#NNI moves:0/152
Guide Tree 6/16
#NNI moves:0/152
Guide Tree 7/16
#NNI moves:0/152
Guide Tree 8/16
#NNI moves:0/152
Guide Tree 9/16
#NNI moves:0/152
Guide Tree 10/16
#NNI moves:0/152
Guide Tree 11/16
#NNI moves:0/152
Guide Tree 12/16
#NNI moves:0/152
Guide Tree 13/16
#NNI moves:0/152
Guide Tree 14/16
#NNI moves:0/152
Guide Tree 15/16
#NNI moves:0/152
Remaining: 0
#NNI moves:0/152
#NNI moves:0/152
(((((((((47,51),79),(((93,22),97),((64,43),((73,87),30)))),(((((((49,62),(42,33)),(27,37)),16),25),(((71,70),((55,56),18)),(((39,96),72),(41,21)))),(20,13))),(59,((8,46),57))),((((44,(68,83)),((32,67),29)),(78,(((((45,92),4),91),26),100))),((((((61,7),60),19),11),(((36,99),75),((35,85),((5,23),(74,9))))),(((84,86),66),(76,81))))),(((((69,24),((89,82),(48,52))),((65,(77,12)),(((50,(58,53)),6),98))),(2,(3,1))),(((((17,80),(31,38)),63),(((40,54),90),(34,14))),15))),((28,95),(94,88))),10);
Guide Tree 0/16
#NNI moves:0/152
Guide Tree 1/16
#NNI moves:0/152
Guide Tree 2/16
#NNI moves:0/152
Guide Tree 3/16
#NNI moves:0/152
Guide Tree 4/16
#NNI moves:0/152
Guide Tree 5/16
#NNI moves:0/152
Guide Tree 6/16
#NNI moves:0/152
Guide Tree 7/16
#NNI moves:0/152
Guide Tree 8/16
#NNI moves:0/152
Guide Tree 9/16
#NNI moves:0/152
Guide Tree 10/16
#NNI moves:0/152
Guide Tree 11/16
#NNI moves:0/152
Guide Tree 12/16
#NNI moves:0/152
Guide Tree 13/16
#NNI moves:0/152
Guide Tree 14/16
#NNI moves:0/152
Guide Tree 15/16
#NNI moves:0/152
Remaining: 3
#NNI moves:6/152
#NNI moves:18/152
((((((((((91,(4,(92,45))),26),100),78),((29,(67,32)),((83,68),44))),(((((36,99),75),((85,35),((74,9),(5,23)))),((19,(60,(61,7))),11)),((81,76),((86,84),66)))),(((((51,47),79),(((30,(87,73)),(64,43)),(97,(22,93)))),((((((56,55),18),(71,70)),(((96,39),72),(21,41))),(((((62,49),(42,33)),(27,37)),16),25)),(13,20))),(59,((46,8),57)))),(((((69,24),((48,52),(82,89))),(((12,77),65),((6,((58,53),50)),98))),(2,(1,3))),((((90,(40,54)),(14,34)),(63,((31,38),(80,17)))),15))),((28,95),(88,94))),10);
Guide Tree 0/16
#NNI moves:0/152
Guide Tree 1/16
#NNI moves:0/152
Guide Tree 2/16
#NNI moves:0/152
Guide Tree 3/16
#NNI moves:0/152
Guide Tree 4/16
#NNI moves:0/152
Guide Tree 5/16
#NNI moves:0/152
Guide Tree 6/16
#NNI moves:0/152
Guide Tree 7/16
#NNI moves:0/152
Guide Tree 8/16
#NNI moves:0/152
Guide Tree 9/16
#NNI moves:0/152
Guide Tree 10/16
#NNI moves:0/152
Guide Tree 11/16
#NNI moves:0/152
Guide Tree 12/16
#NNI moves:0/152
Guide Tree 13/16
#NNI moves:0/152
Guide Tree 14/16
#NNI moves:0/152
Guide Tree 15/16
#NNI moves:0/152
Remaining: 1
#NNI moves:4/152
#NNI moves:4/152
((((((((((93,22),97),((30,(73,87)),(64,43))),((47,51),79)),(((((((49,62),(33,42)),(27,37)),16),25),(((18,(56,55)),(71,70)),(((39,96),72),(41,21)))),(13,20))),((57,(8,46)),59)),((((((36,99),75),((85,35),((23,5),(9,74)))),((((61,7),60),19),11)),((76,81),(66,(86,84)))),(((29,(32,67)),((68,83),44)),((((91,(4,(45,92))),26),100),78)))),((((((54,40),90),(34,14)),(((80,17),(38,31)),63)),15),(((((89,82),(52,48)),(24,69)),((((50,(53,58)),6),98),(65,(12,77)))),((3,1),2)))),((88,94),(28,95))),10);
Guide Tree 0/16
#NNI moves:0/152
Guide Tree 1/16
#NNI moves:0/152
Guide Tree 2/16
#NNI moves:0/152
Guide Tree 3/16
#NNI moves:0/152
Guide Tree 4/16
#NNI moves:0/152
Guide Tree 5/16
#NNI moves:0/152
Guide Tree 6/16
#NNI moves:0/152
Guide Tree 7/16
#NNI moves:0/152
Guide Tree 8/16
#NNI moves:0/152
Guide Tree 9/16
#NNI moves:0/152
Guide Tree 10/16
#NNI moves:0/152
Guide Tree 11/16
#NNI moves:0/152
Guide Tree 12/16
#NNI moves:0/152
Guide Tree 13/16
#NNI moves:0/152
Guide Tree 14/16
#NNI moves:0/152
Guide Tree 15/16
#NNI moves:0/152
Remaining: 0
#NNI moves:0/152
#NNI moves:0/152
((((((((((((39,96),72),(21,41)),((70,71),((56,55),18))),((((27,37),((62,49),(42,33))),16),25)),(13,20)),((((64,43),((73,87),30)),((93,22),97)),((51,47),79))),(((46,8),57),59)),((((100,((((45,92),4),91),26)),78),(((67,32),29),((68,83),44))),((((((7,61),60),19),11),(((85,35),((5,23),(74,9))),((99,36),75))),(((84,86),66),(81,76))))),(((((14,34),((54,40),90)),(((31,38),(17,80)),63)),15),((((24,69),((89,82),(52,48))),((65,(12,77)),((((58,53),50),6),98))),(2,(1,3))))),((95,28),(88,94))),10);
Initial score: 1.32554e+09
Initial tree: ((((((((((((39,96),72),(21,41)),((70,71),((56,55),18))),((((27,37),((62,49),(42,33))),16),25)),(13,20)),((((64,43),((73,87),30)),((93,22),97)),((51,47),79))),(((46,8),57),59)),((((100,((((45,92),4),91),26)),78),(((67,32),29),((68,83),44))),((((((7,61),60),19),11),(((85,35),((5,23),(74,9))),((99,36),75))),(((84,86),66),(81,76))))),(((((14,34),((54,40),90)),(((31,38),(17,80)),63)),15),((((24,69),((89,82),(52,48))),((65,(12,77)),((((58,53),50),6),98))),(2,(1,3))))),((95,28),(88,94))),10);
*** Subsample Process ***
Use two-step algorithm!
#NNI moves:0/152
Remaining: 0
#NNI moves:6/152
#NNI moves:6/152
(((((((((((((((((45,92),4),91),26),100),78),(((68,83),44),(29,(32,67)))),(((((99,36),75),(((23,5),(74,9)),(35,85))),((19,((7,61),60)),11)),((66,(86,84)),(81,76)))),(((((((54,40),90),(14,34)),(((17,80),(38,31)),63)),15),((((69,24),((82,89),(48,52))),(((((53,58),50),6),98),(65,(12,77)))),((3,1),2))),(((95,28),(88,94)),10))),(59,((46,8),57))),((((93,22),97),((64,43),(30,(73,87)))),((47,51),79))),(20,13)),((((27,37),((42,33),(49,62))),16),25)),((72,(39,96)),(21,41))),(71,70)),(56,55)),18);
#NNI moves:0/152
Remaining: 0
#NNI moves:2/152
#NNI moves:2/152
(((((((((((((21,41),((39,96),72)),((18,(56,55)),(71,70))),(((((62,49),(33,42)),(27,37)),16),25)),(13,20)),(((((73,87),30),(43,64)),(97,(22,93))),(79,(51,47)))),((57,(8,46)),59)),(((((68,83),44),((67,32),29)),((((((92,45),4),91),26),100),78)),(((((36,99),75),(((23,5),(9,74)),(35,85))),((((7,61),60),19),11)),((76,81),(66,(84,86)))))),((((((40,54),90),(34,14)),(((17,80),(31,38)),63)),15),(((((((58,53),50),6),98),(65,(12,77))),(((52,48),(89,82)),(69,24))),((3,1),2)))),10),(94,88)),28),95);
#NNI moves:0/152
Remaining: 1
#NNI moves:10/152
#NNI moves:10/152
(((((((((((((((86,84),66),(76,81)),(((((5,23),(9,74)),(85,35)),(75,(99,36))),((19,(60,(7,61))),11))),(((((((92,45),4),91),26),100),78),(((68,83),44),(29,(67,32))))),(((((((82,89),(52,48)),(69,24)),((65,(12,77)),((((58,53),50),6),98))),((1,3),2)),(((((80,17),(38,31)),63),((34,14),((40,54),90))),15)),(((28,95),(88,94)),10))),(59,((8,46),57))),(((((73,87),30),(64,43)),(97,(93,22))),((51,47),79))),(13,20)),((((27,37),((33,42),(62,49))),16),25)),((71,70),(18,(55,56)))),(41,21)),72),39),96);
#NNI moves:0/152
Remaining: 0
#NNI moves:0/152
#NNI moves:0/152
((((((((((((43,64),(30,(87,73))),((93,22),97)),((47,51),79)),(((((((62,49),(42,33)),(37,27)),16),25),(((71,70),((55,56),18)),(((39,96),72),(41,21)))),(20,13))),((57,(46,8)),59)),(((((84,86),66),(81,76)),((((99,36),75),((35,85),((5,23),(74,9)))),(11,(((7,61),60),19)))),(((100,((91,((45,92),4)),26)),78),(((32,67),29),((83,68),44))))),(((((69,24),((48,52),(82,89))),(((((58,53),50),6),98),(65,(77,12)))),((3,1),2)),((((34,14),((54,40),90)),(((31,38),(80,17)),63)),15))),10),(88,94)),95),28);
Current score: 1.32554e+09
Current tree: ((((((((((43,64),(30,(87,73))),((93,22),97)),((47,51),79)),(((((((62,49),(42,33)),(37,27)),16),25),(((71,70),((55,56),18)),(((39,96),72),(41,21)))),(20,13))),((57,(46,8)),59)),(((((84,86),66),(81,76)),((((99,36),75),((35,85),((5,23),(74,9)))),(11,(((7,61),60),19)))),(((100,((91,((45,92),4)),26)),78),(((32,67),29),((83,68),44))))),(((((69,24),((48,52),(82,89))),(((((58,53),50),6),98),(65,(77,12)))),((3,1),2)),((((34,14),((54,40),90)),(((31,38),(80,17)),63)),15))),((88,94),(95,28))),10);
Final Tree: ((((((((((43,64),(30,(87,73))),((93,22),97)),((47,51),79)),(((((((62,49),(42,33)),(37,27)),16),25),(((71,70),((55,56),18)),(((39,96),72),(41,21)))),(20,13))),((57,(46,8)),59)),(((((84,86),66),(81,76)),((((99,36),75),((35,85),((5,23),(74,9)))),(11,(((7,61),60),19)))),(((100,((91,((45,92),4)),26)),78),(((32,67),29),((83,68),44))))),(((((69,24),((48,52),(82,89))),(((((58,53),50),6),98),(65,(77,12)))),((3,1),2)),((((34,14),((54,40),90)),(((31,38),(80,17)),63)),15))),((88,94),(95,28))),10);
#EqQuartets: 1898634391
Score: 1325541518
ASTRAL for PaRalogs and Orthologs III (ASTRAL-Pro3)
*** NOW with integrated CASTLES-Pro ***
Version: v1.22.3.6
Read 512 genetrees and found 100 species.
#Genetrees: 1000
#Duploss: 9436
#Species: 100
#Rounds: 4
#Samples: 4
#Threads: 1
Use two-step algorithm!
Guide Tree 0/16
#NNI moves:0/152
Guide Tree 1/16
#NNI moves:0/152
Guide Tree 2/16
#NNI moves:2/152
Guide Tree 3/16
#NNI moves:6/152
Guide Tree 4/16
#NNI moves:0/152
Guide Tree 5/16
#NNI moves:0/152
Guide Tree 6/16
#NNI moves:0/152
Guide Tree 7/16
#NNI moves:0/152
Guide Tree 8/16
#NNI moves:0/152
Guide Tree 9/16
#NNI moves:0/152
Guide Tree 10/16
#NNI moves:0/152
Guide Tree 11/16
#NNI moves:6/152
Guide Tree 12/16
#NNI moves:0/152
Guide Tree 13/16
#NNI moves:0/152
Guide Tree 14/16
#NNI moves:0/152
Guide Tree 15/16
#NNI moves:0/152
Remaining: 1
#NNI moves:6/152
#NNI moves:14/152
((((((((((((((69,64),((78,25),70)),(33,(44,88))),84),(((92,(59,50)),98),71)),(((54,43),(((32,83),79),(52,(89,39)))),((((63,96),((55,28),(((((93,62),87),40),100),47))),51),81))),((56,27),((((95,31),35),(91,58)),48))),((37,42),(49,85))),(((41,(90,(75,97))),(((67,29),60),26)),46)),(((((11,(9,13)),12),((14,1),(5,20))),((19,2),(16,6))),(((17,3),(22,((18,10),((4,8),21)))),(7,15)))),((82,38),(61,((86,94),24)))),(((99,(76,(65,30))),(((73,68),53),57)),(((80,((23,72),77)),66),34))),(45,36)),74);
Guide Tree 0/16
#NNI moves:6/152
Guide Tree 1/16
#NNI moves:6/152
Guide Tree 2/16
#NNI moves:6/152
Guide Tree 3/16
#NNI moves:0/152
Guide Tree 4/16
#NNI moves:0/152
Guide Tree 5/16
#NNI moves:0/152
Guide Tree 6/16
#NNI moves:0/152
Guide Tree 7/16
#NNI moves:0/152
Guide Tree 8/16
#NNI moves:0/152
Guide Tree 9/16
#NNI moves:0/152
Guide Tree 10/16
#NNI moves:0/152
Guide Tree 11/16
#NNI moves:2/152
Guide Tree 12/16
#NNI moves:0/152
Guide Tree 13/16
#NNI moves:0/152
Guide Tree 14/16
#NNI moves:0/152
Guide Tree 15/16
#NNI moves:0/152
Remaining: 0
#NNI moves:2/152
#NNI moves:2/152
((((((((((((54,43),((79,(83,32)),(52,(89,39)))),(81,((((47,((((62,93),87),40),100)),(28,55)),(96,63)),51))),(((((50,59),92),98),71),(((((78,25),70),(69,64)),((88,44),33)),84))),(((((95,31),35),(91,58)),48),(56,27))),((85,49),(37,42))),(((((67,29),60),26),(((97,75),90),41)),46)),((((6,16),(19,2)),(((1,14),(20,5)),(12,(11,(13,9))))),((15,7),(((((4,8),21),(18,10)),22),(17,3))))),((((94,86),24),61),(82,38))),((((((23,72),77),80),66),34),(((53,(73,68)),57),(99,((30,65),76))))),(36,45)),74);
Guide Tree 0/16
#NNI moves:0/152
Guide Tree 1/16
#NNI moves:0/152
Guide Tree 2/16
#NNI moves:0/152
Guide Tree 3/16
#NNI moves:0/152
Guide Tree 4/16
#NNI moves:0/152
Guide Tree 5/16
#NNI moves:2/152
Guide Tree 6/16
#NNI moves:0/152
Guide Tree 7/16
#NNI moves:0/152
Guide Tree 8/16
#NNI moves:0/152
Guide Tree 9/16
#NNI moves:0/152
Guide Tree 10/16
#NNI moves:0/152
Guide Tree 11/16
#NNI moves:0/152
Guide Tree 12/16
#NNI moves:0/152
Guide Tree 13/16
#NNI moves:0/152
Guide Tree 14/16
#NNI moves:0/152
Guide Tree 15/16
#NNI moves:0/152
Remaining: 1
#NNI moves:10/152
#NNI moves:10/152
((((((((((90,(75,97)),41),(((29,67),60),26)),46),((((((((44,88),33),((69,64),((25,78),70))),84),((((59,50),92),98),71)),((((((((((93,62),87),40),100),47),(55,28)),(96,63)),51),81),((((32,83),79),((39,89),52)),(43,54)))),(((((95,31),35),(58,91)),48),(56,27))),((49,85),(42,37)))),(((((((4,8),21),(18,10)),22),(3,17)),(7,15)),((((1,14),(5,20)),(((9,13),11),12)),((6,16),(19,2))))),((61,((94,86),24)),(38,82))),((((53,(73,68)),57),(((30,65),76),99)),(((((72,23),77),80),66),34))),(45,36)),74);
Guide Tree 0/16
#NNI moves:2/152
Guide Tree 1/16
#NNI moves:0/152
Guide Tree 2/16
#NNI moves:2/152
Guide Tree 3/16
#NNI moves:0/152
Guide Tree 4/16
#NNI moves:0/152
Guide Tree 5/16
#NNI moves:0/152
Guide Tree 6/16
#NNI moves:2/152
Guide Tree 7/16
#NNI moves:0/152
Guide Tree 8/16
#NNI moves:0/152
Guide Tree 9/16
#NNI moves:0/152
Guide Tree 10/16
#NNI moves:0/152
Guide Tree 11/16
#NNI moves:0/152
Guide Tree 12/16
#NNI moves:0/152
Guide Tree 13/16
#NNI moves:0/152
Guide Tree 14/16
#NNI moves:0/152
Guide Tree 15/16
#NNI moves:0/152
Remaining: 0
#NNI moves:0/152
#NNI moves:0/152
(((((((((((84,(((88,44),33),((69,64),(70,(78,25))))),((98,((59,50),92)),71)),(((51,(((47,((((62,93),87),40),100)),(55,28)),(63,96))),81),((43,54),(((83,32),79),(52,(89,39)))))),((((35,(31,95)),(91,58)),48),(27,56))),((42,37),(49,85))),(((41,(90,(97,75))),((60,(67,29)),26)),46)),((((22,(((4,8),21),(18,10))),(17,3)),(7,15)),(((16,6),(2,19)),(((11,(13,9)),12),((5,20),(1,14)))))),(((24,(86,94)),61),(38,82))),(((((73,68),53),57),((76,(30,65)),99)),(((((23,72),77),80),66),34))),(45,36)),74);
Initial score: 1.63618e+09
Initial tree: (((((((((((84,(((88,44),33),((69,64),(70,(78,25))))),((98,((59,50),92)),71)),(((51,(((47,((((62,93),87),40),100)),(55,28)),(63,96))),81),((43,54),(((83,32),79),(52,(89,39)))))),((((35,(31,95)),(91,58)),48),(27,56))),((42,37),(49,85))),(((41,(90,(97,75))),((60,(67,29)),26)),46)),((((22,(((4,8),21),(18,10))),(17,3)),(7,15)),(((16,6),(2,19)),(((11,(13,9)),12),((5,20),(1,14)))))),(((24,(86,94)),61),(38,82))),(((((73,68),53),57),((76,(30,65)),99)),(((((23,72),77),80),66),34))),(45,36)),74);
*** Subsample Process ***
Use two-step algorithm!
#NNI moves:0/152
Remaining: 0
#NNI moves:0/152
#NNI moves:0/152
(((((((((((((((22,(((8,4),21),(10,18))),(17,3)),(7,15)),((((5,20),(1,14)),(((9,13),11),12)),((6,16),(19,2)))),(((((57,((73,68),53)),((76,(30,65)),99)),((((77,(72,23)),80),66),34)),((36,45),74)),((((94,86),24),61),(38,82)))),(((41,((75,97),90)),(((29,67),60),26)),46)),((49,85),(42,37))),((((35,(31,95)),(91,58)),48),(56,27))),((((((((40,((62,93),87)),100),47),(55,28)),(96,63)),51),81),((54,43),(((89,39),52),((83,32),79))))),((((59,50),92),98),71)),84),(33,(88,44))),((25,78),70)),64),69);
#NNI moves:0/152
Remaining: 0
#NNI moves:0/152
#NNI moves:0/152
((((((((((((((((92,(59,50)),98),71),(((33,(44,88)),(((78,25),70),(64,69))),84)),(((43,54),(((39,89),52),((83,32),79))),((((96,63),((((((93,62),87),40),100),47),(55,28))),51),81))),(((((95,31),35),(91,58)),48),(27,56))),((49,85),(37,42))),(((((29,67),60),26),(((75,97),90),41)),46)),((((((21,(8,4)),(18,10)),22),(3,17)),(7,15)),((((5,20),(14,1)),(((9,13),11),12)),((2,19),(6,16))))),((((86,94),24),61),(38,82))),((45,36),74)),((((77,(72,23)),80),66),34)),((53,(68,73)),57)),99),(65,30)),76);
#NNI moves:0/152
Remaining: 0
#NNI moves:0/152
#NNI moves:0/152
(((((((((((((22,((21,(8,4)),(18,10))),(17,3)),(15,7)),((((5,20),(14,1)),(((13,9),11),12)),((2,19),(6,16)))),(((((99,((30,65),76)),(57,(53,(73,68)))),((((77,(72,23)),80),66),34)),((36,45),74)),((38,82),((24,(86,94)),61)))),(((((29,67),60),26),((90,(75,97)),41)),46)),((49,85),(37,42))),((((35,(31,95)),(58,91)),48),(27,56))),(((54,43),(((83,32),79),((39,89),52))),(((((28,55),((100,(((93,62),87),40)),47)),(63,96)),51),81))),((((64,69),((25,78),70)),((44,88),33)),84)),71),(92,(50,59))),98);
#NNI moves:2/152
Remaining: 0
#NNI moves:10/152
#NNI moves:10/152
((((((((((((((54,43),((52,(89,39)),((32,83),79))),(((((55,28),(((((62,93),87),40),100),47)),(63,96)),51),81)),(((((69,64),(70,(25,78))),((44,88),33)),84),((((59,50),92),98),71))),(((((31,95),35),(91,58)),48),(27,56))),((49,85),(42,37))),(((((97,75),90),41),((60,(29,67)),26)),46)),((((3,17),(((21,(4,8)),(18,10)),22)),(7,15)),(((((9,13),11),12),((20,5),(14,1))),((16,6),(2,19))))),((61,((94,86),24)),(82,38))),((45,36),74)),(((80,(77,(23,72))),66),34)),(((68,73),53),57)),((30,65),76)),99);
Current score: 1.63618e+09
Current tree: (((45,36),((((((((((54,43),((52,(89,39)),((32,83),79))),(((((55,28),(((((62,93),87),40),100),47)),(63,96)),51),81)),(((((69,64),(70,(25,78))),((44,88),33)),84),((((59,50),92),98),71))),(((((31,95),35),(91,58)),48),(27,56))),((49,85),(42,37))),(((((97,75),90),41),((60,(29,67)),26)),46)),((((3,17),(((21,(4,8)),(18,10)),22)),(7,15)),(((((9,13),11),12),((20,5),(14,1))),((16,6),(2,19))))),((61,((94,86),24)),(82,38))),((((80,(77,(23,72))),66),34),((((68,73),53),57),(((30,65),76),99))))),74);
Final Tree: (((45,36),((((((((((54,43),((52,(89,39)),((32,83),79))),(((((55,28),(((((62,93),87),40),100),47)),(63,96)),51),81)),(((((69,64),(70,(25,78))),((44,88),33)),84),((((59,50),92),98),71))),(((((31,95),35),(91,58)),48),(27,56))),((49,85),(42,37))),(((((97,75),90),41),((60,(29,67)),26)),46)),((((3,17),(((21,(4,8)),(18,10)),22)),(7,15)),(((((9,13),11),12),((20,5),(14,1))),((16,6),(2,19))))),((61,((94,86),24)),(82,38))),((((80,(77,(23,72))),66),34),((((68,73),53),57),(((30,65),76),99))))),74);
#EqQuartets: 2122165986
Score: 1636180796
