ASTRAL for PaRalogs and Orthologs III (ASTRAL-Pro3)
*** NOW with integrated CASTLES-Pro ***
Version: v1.22.3.6
Read 512 genetrees and found 100 species.
#Genetrees: 995
#Duploss: 43376
#Species: 100
#Rounds: 4
#Samples: 4
#Threads: 1
Use two-step algorithm!
Guide Tree 0/16
#NNI moves:0/152
Guide Tree 1/16
#NNI moves:2/152
Guide Tree 2/16
#NNI moves:2/152
Guide Tree 3/16
#NNI moves:0/152
Guide Tree 4/16
#NNI moves:4/152
Guide Tree 5/16
#NNI moves:0/152
Guide Tree 6/16
#NNI moves:6/152
Guide Tree 7/16
#NNI moves:6/152
Guide Tree 8/16
#NNI moves:2/152
Guide Tree 9/16
#NNI moves:0/152
Guide Tree 10/16
#NNI moves:0/152
Guide Tree 11/16
#NNI moves:2/152
Guide Tree 12/16
#NNI moves:0/152
Guide Tree 13/16
#NNI moves:0/152
Guide Tree 14/16
#NNI moves:2/152
Guide Tree 15/16
#NNI moves:0/152
Remaining: 0
#NNI moves:0/152
#NNI moves:0/152
(((((((((((((((12,3),((10,((1,11),8)),(9,6))),7),(2,(4,5))),((((41,33),(39,17)),((76,(15,68)),(51,18))),(((((16,71),((50,23),44)),97),77),(((30,94),36),91)))),((((47,52),(25,31)),((19,58),63)),(93,20))),((((((87,(90,21)),79),75),((24,65),((((55,69),35),34),((86,40),70)))),(((((22,48),(85,46)),((74,73),(59,84))),(((((53,(56,26)),80),(((60,27),29),45)),((100,(95,92)),(13,43))),((72,64),78))),(54,98))),((49,89),((32,96),57)))),(37,38)),((62,82),(88,81))),(42,67)),61),83),(99,14)),28),66);
Guide Tree 0/16
#NNI moves:0/152
Guide Tree 1/16
#NNI moves:0/152
Guide Tree 2/16
#NNI moves:0/152
Guide Tree 3/16
#NNI moves:0/152
Guide Tree 4/16
#NNI moves:0/152
Guide Tree 5/16
#NNI moves:0/152
Guide Tree 6/16
#NNI moves:6/152
Guide Tree 7/16
#NNI moves:2/152
Guide Tree 8/16
#NNI moves:0/152
Guide Tree 9/16
#NNI moves:0/152
Guide Tree 10/16
#NNI moves:0/152
Guide Tree 11/16
#NNI moves:0/152
Guide Tree 12/16
#NNI moves:0/152
Guide Tree 13/16
#NNI moves:0/152
Guide Tree 14/16
#NNI moves:0/152
Guide Tree 15/16
#NNI moves:0/152
Remaining: 0
#NNI moves:0/152
#NNI moves:0/152
((((((((((((((((6,9),(((11,1),8),10)),(3,12)),7),((5,4),2)),((((76,(15,68)),(18,51)),((33,41),(17,39))),((((((50,23),44),(71,16)),97),77),(91,((94,30),36))))),((20,93),(((58,19),63),((52,47),(31,25))))),(((((((72,64),78),(((80,((56,26),53)),(45,((60,27),29))),(((95,92),100),(13,43)))),(((84,59),(73,74)),((46,85),(48,22)))),(98,54)),(((((40,86),70),((35,(55,69)),34)),(24,65)),((((90,21),87),79),75))),((57,(96,32)),(49,89)))),(37,38)),((81,88),(62,82))),(42,67)),61),83),(14,99)),28),66);
Guide Tree 0/16
#NNI moves:0/152
Guide Tree 1/16
#NNI moves:0/152
Guide Tree 2/16
#NNI moves:0/152
Guide Tree 3/16
#NNI moves:0/152
Guide Tree 4/16
#NNI moves:0/152
Guide Tree 5/16
#NNI moves:0/152
Guide Tree 6/16
#NNI moves:0/152
Guide Tree 7/16
#NNI moves:0/152
Guide Tree 8/16
#NNI moves:0/152
Guide Tree 9/16
#NNI moves:0/152
Guide Tree 10/16
#NNI moves:0/152
Guide Tree 11/16
#NNI moves:0/152
Guide Tree 12/16
#NNI moves:0/152
Guide Tree 13/16
#NNI moves:6/152
Guide Tree 14/16
#NNI moves:0/152
Guide Tree 15/16
#NNI moves:0/152
Remaining: 0
#NNI moves:8/152
#NNI moves:8/152
(((((((((((((((((13,43),(100,(92,95))),((((60,27),29),45),(((26,56),53),80))),((64,72),78)),(((85,46),(22,48)),((74,73),(84,59)))),(98,54)),(((((86,40),70),(34,((69,55),35))),(65,24)),(75,(((21,90),87),79)))),((57,(96,32)),(89,49))),(((((((((50,23),44),(16,71)),97),77),((36,(94,30)),91)),((((68,15),76),(18,51)),((17,39),(33,41)))),((((12,3),((((1,11),8),10),(9,6))),7),((5,4),2))),((((25,31),(47,52)),(63,(58,19))),(20,93)))),(37,38)),((81,88),(62,82))),(42,67)),61),83),(14,99)),28),66);
Guide Tree 0/16
#NNI moves:0/152
Guide Tree 1/16
#NNI moves:0/152
Guide Tree 2/16
#NNI moves:2/152
Guide Tree 3/16
#NNI moves:0/152
Guide Tree 4/16
#NNI moves:0/152
Guide Tree 5/16
#NNI moves:0/152
Guide Tree 6/16
#NNI moves:0/152
Guide Tree 7/16
#NNI moves:0/152
Guide Tree 8/16
#NNI moves:2/152
Guide Tree 9/16
#NNI moves:2/152
Guide Tree 10/16
#NNI moves:0/152
Guide Tree 11/16
#NNI moves:0/152
Guide Tree 12/16
#NNI moves:6/152
Guide Tree 13/16
#NNI moves:0/152
Guide Tree 14/16
#NNI moves:0/152
Guide Tree 15/16
#NNI moves:0/152
Remaining: 1
#NNI moves:10/152
#NNI moves:14/152
((((((((((((((((((23,50),44),(16,71)),97),77),((36,(30,94)),91)),(((51,18),(76,(15,68))),((39,17),(41,33)))),(((4,5),2),((((10,((1,11),8)),(6,9)),(3,12)),7))),((((52,47),(25,31)),((58,19),63)),(20,93))),((((((34,(35,(69,55))),(70,(86,40))),(65,24)),(75,((87,(90,21)),79))),((((((43,13),(100,(92,95))),(((53,(56,26)),80),(45,((60,27),29)))),((72,64),78)),(((48,22),(85,46)),((59,84),(74,73)))),(54,98))),((89,49),((96,32),57)))),(38,37)),((62,82),(88,81))),(67,42)),61),83),(14,99)),28),66);
Initial score: 2.28814e+08
Initial tree: ((((((((((((((((((23,50),44),(16,71)),97),77),((36,(30,94)),91)),(((51,18),(76,(15,68))),((39,17),(41,33)))),(((4,5),2),((((10,((1,11),8)),(6,9)),(3,12)),7))),((((52,47),(25,31)),((58,19),63)),(20,93))),((((((34,(35,(69,55))),(70,(86,40))),(65,24)),(75,((87,(90,21)),79))),((((((43,13),(100,(92,95))),(((53,(56,26)),80),(45,((60,27),29)))),((72,64),78)),(((48,22),(85,46)),((59,84),(74,73)))),(54,98))),((89,49),((96,32),57)))),(38,37)),((62,82),(88,81))),(67,42)),61),83),(14,99)),28),66);
*** Subsample Process ***
Use two-step algorithm!
#NNI moves:0/152
Remaining: 1
#NNI moves:0/152
#NNI moves:0/152
(((((((((((((((((((((56,26),53),80),(((27,60),29),45)),((43,13),((95,92),100))),(78,(64,72))),(((85,46),(48,22)),((84,59),(73,74)))),(98,54)),((((70,(40,86)),(((69,55),35),34)),(24,65)),(((87,(21,90)),79),75))),((57,(96,32)),(89,49))),((37,38),((((((28,66),(14,99)),83),61),(67,42)),((62,82),(88,81))))),((((47,52),(31,25)),(63,(58,19))),(20,93))),(((((((1,11),8),10),(9,6)),(3,12)),7),((4,5),2))),(((76,(15,68)),(51,18)),((33,41),(17,39)))),(((30,94),36),91)),77),97),(16,71)),44),50),23);
#NNI moves:0/152
Remaining: 0
#NNI moves:12/152
#NNI moves:12/152
(((((((((((((((((69,55),35),34),(70,(40,86))),(24,65)),(((87,(90,21)),79),75)),(((((85,46),(22,48)),((74,73),(84,59))),((((45,((60,27),29)),(80,(53,(56,26)))),(((95,92),100),(13,43))),((64,72),78))),(54,98))),((57,(96,32)),(89,49))),((((((97,(((50,23),44),(71,16))),77),((36,(30,94)),91)),(((18,51),((68,15),76)),((39,17),(41,33)))),(((((((1,11),8),10),(9,6)),(3,12)),7),((4,5),2))),((93,20),((63,(58,19)),((25,31),(52,47)))))),(37,38)),((81,88),(82,62))),(67,42)),61),83),(99,14)),66),28);
#NNI moves:0/152
Remaining: 0
#NNI moves:12/152
#NNI moves:14/152
((((((((((((((((23,50),44),(16,71)),97),77),(91,((30,94),36))),(((51,18),(76,(68,15))),((17,39),(41,33)))),(((((((1,11),8),10),(6,9)),(3,12)),7),((5,4),2))),((93,20),(((52,47),(25,31)),((19,58),63)))),(((((83,((14,99),(66,28))),61),(67,42)),((88,81),(62,82))),(37,38))),((89,49),((32,96),57))),(((((85,46),(22,48)),((73,74),(84,59))),(((((95,92),100),(43,13)),((80,((56,26),53)),(45,((27,60),29)))),((64,72),78))),(54,98))),(75,(((21,90),87),79))),(((86,40),70),(((69,55),35),34))),24),65);
#NNI moves:0/152
Remaining: 0
#NNI moves:2/152
#NNI moves:2/152
(((((((((((((18,51),(76,(15,68))),((39,17),(41,33))),(((((16,71),(44,(23,50))),97),77),(((30,94),36),91))),(((((6,9),(10,((11,1),8))),(12,3)),7),((4,5),2))),((((47,52),(31,25)),(63,(19,58))),(20,93))),((((((((43,13),(100,(92,95))),((((26,56),53),80),(45,((60,27),29)))),(78,(72,64))),(((74,73),(59,84)),((48,22),(46,85)))),(54,98)),((((((55,69),35),34),((86,40),70)),(24,65)),(75,(79,((21,90),87))))),(((96,32),57),(49,89)))),(38,37)),((82,62),(81,88))),(67,42)),61),((14,99),(28,66))),83);
Current score: 2.28814e+08
Current tree: ((28,((14,99),((((((((((((18,51),(76,(15,68))),((39,17),(41,33))),(((((16,71),(44,(23,50))),97),77),(((30,94),36),91))),(((((6,9),(10,((11,1),8))),(12,3)),7),((4,5),2))),((((47,52),(31,25)),(63,(19,58))),(20,93))),((((((((43,13),(100,(92,95))),((((26,56),53),80),(45,((60,27),29)))),(78,(72,64))),(((74,73),(59,84)),((48,22),(46,85)))),(54,98)),((((((55,69),35),34),((86,40),70)),(24,65)),(75,(79,((21,90),87))))),(((96,32),57),(49,89)))),(38,37)),((82,62),(81,88))),(67,42)),61),83))),66);
Final Tree: ((28,((14,99),((((((((((((18,51),(76,(15,68))),((39,17),(41,33))),(((((16,71),(44,(23,50))),97),77),(((30,94),36),91))),(((((6,9),(10,((11,1),8))),(12,3)),7),((4,5),2))),((((47,52),(31,25)),(63,(19,58))),(20,93))),((((((((43,13),(100,(92,95))),((((26,56),53),80),(45,((60,27),29)))),(78,(72,64))),(((74,73),(59,84)),((48,22),(46,85)))),(54,98)),((((((55,69),35),34),((86,40),70)),(24,65)),(75,(79,((21,90),87))))),(((96,32),57),(49,89)))),(38,37)),((82,62),(81,88))),(67,42)),61),83))),66);
#EqQuartets: 296334847
Score: 228813970
ASTRAL for PaRalogs and Orthologs III (ASTRAL-Pro3)
*** NOW with integrated CASTLES-Pro ***
Version: v1.22.3.6
Read 512 genetrees and found 100 species.
#Genetrees: 996
#Duploss: 42601
#Species: 100
#Rounds: 4
#Samples: 4
#Threads: 1
Use two-step algorithm!
Guide Tree 0/16
#NNI moves:0/152
Guide Tree 1/16
#NNI moves:0/152
Guide Tree 2/16
#NNI moves:0/152
Guide Tree 3/16
#NNI moves:2/152
Guide Tree 4/16
#NNI moves:0/152
Guide Tree 5/16
#NNI moves:0/152
Guide Tree 6/16
#NNI moves:0/152
Guide Tree 7/16
#NNI moves:0/152
Guide Tree 8/16
#NNI moves:0/152
Guide Tree 9/16
#NNI moves:0/152
Guide Tree 10/16
#NNI moves:0/152
Guide Tree 11/16
#NNI moves:0/152
Guide Tree 12/16
#NNI moves:0/152
Guide Tree 13/16
#NNI moves:0/152
Guide Tree 14/16
#NNI moves:0/152
Guide Tree 15/16
#NNI moves:0/152
Remaining: 1
#NNI moves:8/152
#NNI moves:8/152
(((((((((((((((18,11),(16,3)),((((26,(19,22)),20),27),((8,12),17))),((13,1),(24,5))),(6,(2,21))),((23,28),(4,10))),(14,(9,15))),(7,25)),(((((29,(78,41)),((50,86),55)),65),(((51,54),81),(71,88))),(39,(((59,((87,61),67)),52),((85,45),47))))),(((((((63,40),100),83),34),(((91,53),57),92)),((31,(94,97)),44)),((((76,62),56),(37,(80,69))),(((((38,(82,30)),((96,72),42)),49),(46,79)),60)))),(36,70)),(((98,64),84),58)),(((((75,95),(77,(32,74))),(((66,68),35),93)),(90,48)),((73,33),43))),99),89);
Guide Tree 0/16
#NNI moves:0/152
Guide Tree 1/16
#NNI moves:0/152
Guide Tree 2/16
#NNI moves:0/152
Guide Tree 3/16
#NNI moves:0/152
Guide Tree 4/16
#NNI moves:0/152
Guide Tree 5/16
#NNI moves:0/152
Guide Tree 6/16
#NNI moves:0/152
Guide Tree 7/16
#NNI moves:0/152
Guide Tree 8/16
#NNI moves:0/152
Guide Tree 9/16
#NNI moves:0/152
Guide Tree 10/16
#NNI moves:0/152
Guide Tree 11/16
#NNI moves:0/152
Guide Tree 12/16
#NNI moves:0/152
Guide Tree 13/16
#NNI moves:0/152
Guide Tree 14/16
#NNI moves:0/152
Guide Tree 15/16
#NNI moves:2/152
Remaining: 0
#NNI moves:0/152
#NNI moves:0/152
(((((((((((((((18,11),(16,3)),(((12,8),17),((20,((22,19),26)),27))),((13,1),(24,5))),((21,2),6)),((23,28),(4,10))),((15,9),14)),(25,7)),((((((41,78),29),((86,50),55)),65),(((54,51),81),(88,71))),((((((87,61),67),59),52),((45,85),47)),39))),((((((53,91),57),92),((((40,63),100),83),34)),(((97,31),44),94)),((((80,69),37),(56,(76,62))),((((((82,30),38),(42,(72,96))),49),(46,79)),60)))),(36,70)),(((98,64),84),58)),((((((74,32),77),(95,75)),(((68,66),35),93)),(90,48)),((33,73),43))),99),89);
Guide Tree 0/16
#NNI moves:0/152
Guide Tree 1/16
#NNI moves:0/152
Guide Tree 2/16
#NNI moves:0/152
Guide Tree 3/16
#NNI moves:0/152
Guide Tree 4/16
#NNI moves:0/152
Guide Tree 5/16
#NNI moves:0/152
Guide Tree 6/16
#NNI moves:0/152
Guide Tree 7/16
#NNI moves:0/152
Guide Tree 8/16
#NNI moves:0/152
Guide Tree 9/16
#NNI moves:0/152
Guide Tree 10/16
#NNI moves:0/152
Guide Tree 11/16
#NNI moves:0/152
Guide Tree 12/16
#NNI moves:0/152
Guide Tree 13/16
#NNI moves:0/152
Guide Tree 14/16
#NNI moves:0/152
Guide Tree 15/16
#NNI moves:0/152
Remaining: 0
#NNI moves:2/152
#NNI moves:2/152
((((((((((((((87,61),67),59),52),((85,45),47)),39),(((((78,41),29),((86,50),55)),65),(((51,54),81),(71,88)))),(((((23,28),(10,4)),(((((27,(((19,22),26),20)),((12,8),17)),((16,3),(18,11))),((5,24),(1,13))),((21,2),6))),((9,15),14)),(25,7))),(((((57,(53,91)),92),((83,(100,(63,40))),34)),(97,(94,(31,44)))),((((46,79),((((96,72),42),(38,(30,82))),49)),60),(((76,62),56),(37,(69,80)))))),(36,70)),(58,((98,64),84))),((((((74,32),77),(95,75)),((35,(68,66)),93)),(90,48)),((33,73),43))),99),89);
Guide Tree 0/16
#NNI moves:0/152
Guide Tree 1/16
#NNI moves:0/152
Guide Tree 2/16
#NNI moves:0/152
Guide Tree 3/16
#NNI moves:0/152
Guide Tree 4/16
#NNI moves:2/152
Guide Tree 5/16
#NNI moves:0/152
Guide Tree 6/16
#NNI moves:0/152
Guide Tree 7/16
#NNI moves:0/152
Guide Tree 8/16
#NNI moves:0/152
Guide Tree 9/16
#NNI moves:0/152
Guide Tree 10/16
#NNI moves:0/152
Guide Tree 11/16
#NNI moves:0/152
Guide Tree 12/16
#NNI moves:0/152
Guide Tree 13/16
#NNI moves:0/152
Guide Tree 14/16
#NNI moves:0/152
Guide Tree 15/16
#NNI moves:0/152
Remaining: 0
#NNI moves:8/152
#NNI moves:8/152
(((((((((((((86,50),55),((78,41),29)),65),((81,(51,54)),(88,71))),((((45,85),47),((((61,87),67),59),52)),39)),(((((28,23),(4,10)),((6,(21,2)),(((((((22,19),26),20),27),((8,12),17)),((18,11),(16,3))),((24,5),(13,1))))),((15,9),14)),(25,7))),((((((((30,82),38),(42,(72,96))),49),(46,79)),60),(((76,62),56),((69,80),37))),(((92,((91,53),57)),((((63,40),100),83),34)),(97,(94,(31,44)))))),(36,70)),((84,(98,64)),58)),(((((95,75),((32,74),77)),(93,((66,68),35))),(90,48)),(43,(33,73)))),99),89);
Initial score: 2.75083e+08
Initial tree: (((((((((((((86,50),55),((78,41),29)),65),((81,(51,54)),(88,71))),((((45,85),47),((((61,87),67),59),52)),39)),(((((28,23),(4,10)),((6,(21,2)),(((((((22,19),26),20),27),((8,12),17)),((18,11),(16,3))),((24,5),(13,1))))),((15,9),14)),(25,7))),((((((((30,82),38),(42,(72,96))),49),(46,79)),60),(((76,62),56),((69,80),37))),(((92,((91,53),57)),((((63,40),100),83),34)),(((97,31),44),94)))),(36,70)),((84,(98,64)),58)),(((((95,75),((32,74),77)),(93,((66,68),35))),(90,48)),(43,(33,73)))),99),89);
*** Subsample Process ***
Use two-step algorithm!
#NNI moves:0/152
Remaining: 0
#NNI moves:4/152
#NNI moves:4/152
(((((((((((((((91,53),57),92),((((63,40),100),83),34)),(94,(44,(31,97)))),((((76,62),56),(37,(80,69))),(((((42,(96,72)),(38,(30,82))),49),(79,46)),60))),((((((90,48),((((66,68),35),93),((77,(74,32)),(75,95)))),((33,73),43)),(99,89)),((84,(64,98)),58)),(70,36))),(((((((((8,12),17),((((22,19),26),20),27)),((3,16),(11,18))),((13,1),(24,5))),(6,(21,2))),((28,23),(4,10))),((9,15),14)),(25,7))),(((52,(((61,87),67),59)),((45,85),47)),39)),((88,71),((51,54),81))),65),((50,86),55)),29),41),78);
#NNI moves:0/152
Remaining: 1
#NNI moves:16/152
#NNI moves:16/152
((((((((((((((((((19,22),26),20),27),(17,(8,12))),((16,3),(18,11))),((5,24),(13,1))),((2,21),6)),((23,28),(4,10))),(14,(15,9))),(25,7)),((((((50,86),55),(29,(78,41))),65),(((54,51),81),(71,88))),(((47,(85,45)),((59,(67,(87,61))),52)),39))),(((((97,31),44),94),((((91,53),57),92),((((63,40),100),83),34))),(((((((30,82),38),((96,72),42)),49),(79,46)),60),(((69,80),37),(56,(62,76)))))),(36,70)),(((64,98),84),58)),((((((66,68),35),93),((75,95),((74,32),77))),(48,90)),(43,(73,33)))),89),99);
#NNI moves:0/152
Remaining: 0
#NNI moves:2/152
#NNI moves:2/152
((((((((((((((((((91,53),57),92),(34,(83,((63,40),100)))),(94,((97,31),44))),((((62,76),56),((69,80),37)),(((((42,(72,96)),((30,82),38)),49),(79,46)),60))),(((((98,64),84),58),((((48,90),(((35,(68,66)),93),((95,75),(77,(74,32))))),((33,73),43)),(89,99))),(36,70))),((((((50,86),55),(29,(41,78))),65),(((54,51),81),(88,71))),((((((61,87),67),59),52),(47,(85,45))),39))),(7,25)),((15,9),14)),((28,23),(10,4))),((2,21),6)),((13,1),(5,24))),((16,3),(18,11))),(27,((26,(19,22)),20))),17),8),12);
#NNI moves:0/152
Remaining: 0
#NNI moves:4/152
#NNI moves:4/152
((((((((((((((((13,1),(24,5)),((((((19,22),26),20),27),((12,8),17)),((3,16),(11,18)))),((21,2),6)),((4,10),(28,23))),((9,15),14)),(7,25)),(((((51,54),81),(71,88)),(((55,(50,86)),((78,41),29)),65)),((((((61,87),67),59),52),((85,45),47)),39))),(((((76,62),56),((80,69),37)),((((((96,72),42),(38,(82,30))),49),(46,79)),60)),(((92,((53,91),57)),((((63,40),100),83),34)),(((94,97),31),44)))),(70,36)),(((98,64),84),58)),(99,89)),(43,(73,33))),((((32,74),77),(95,75)),(93,(35,(66,68))))),48),90);
Current score: 2.75083e+08
Current tree: ((99,((((((((((((13,1),(24,5)),((((((19,22),26),20),27),((12,8),17)),((3,16),(11,18)))),((21,2),6)),((4,10),(28,23))),((9,15),14)),(7,25)),(((((51,54),81),(71,88)),(((55,(50,86)),((78,41),29)),65)),((((((61,87),67),59),52),((85,45),47)),39))),(((((76,62),56),((80,69),37)),((((((96,72),42),(38,(82,30))),49),(46,79)),60)),(((92,((53,91),57)),((((63,40),100),83),34)),(94,((97,31),44))))),(70,36)),(((98,64),84),58)),((43,(73,33)),(((((32,74),77),(95,75)),(93,(35,(66,68)))),(48,90))))),89);
Final Tree: ((99,((((((((((((13,1),(24,5)),((((((19,22),26),20),27),((12,8),17)),((3,16),(11,18)))),((21,2),6)),((4,10),(28,23))),((9,15),14)),(7,25)),(((((51,54),81),(71,88)),(((55,(50,86)),((78,41),29)),65)),((((((61,87),67),59),52),((85,45),47)),39))),(((((76,62),56),((80,69),37)),((((((96,72),42),(38,(82,30))),49),(46,79)),60)),(((92,((53,91),57)),((((63,40),100),83),34)),(94,((97,31),44))))),(70,36)),(((98,64),84),58)),((43,(73,33)),(((((32,74),77),(95,75)),(93,(35,(66,68)))),(48,90))))),89);
#EqQuartets: 342536425
Score: 275083030
ASTRAL for PaRalogs and Orthologs III (ASTRAL-Pro3)
*** NOW with integrated CASTLES-Pro ***
Version: v1.22.3.6
Read 512 genetrees and found 100 species.
#Genetrees: 999
#Duploss: 49071
#Species: 100
#Rounds: 4
#Samples: 4
#Threads: 1
Use two-step algorithm!
Guide Tree 0/16
#NNI moves:2/152
Guide Tree 1/16
#NNI moves:0/152
Guide Tree 2/16
#NNI moves:2/152
Guide Tree 3/16
#NNI moves:0/152
Guide Tree 4/16
#NNI moves:2/152
Guide Tree 5/16
#NNI moves:8/152
Guide Tree 6/16
#NNI moves:0/152
Guide Tree 7/16
#NNI moves:0/152
Guide Tree 8/16
#NNI moves:2/152
Guide Tree 9/16
#NNI moves:6/152
Guide Tree 10/16
#NNI moves:0/152
Guide Tree 11/16
#NNI moves:0/152
Guide Tree 12/16
#NNI moves:0/152
Guide Tree 13/16
#NNI moves:0/152
Guide Tree 14/16
#NNI moves:6/152
Guide Tree 15/16
#NNI moves:0/152
Remaining: 0
#NNI moves:18/152
#NNI moves:18/152
(((((((((((9,(8,4)),((((7,33),3),(((20,21),(26,22)),(((2,5),34),13))),(27,14))),((12,10),(25,30))),(((18,1),(6,15)),(((28,31),((((23,17),((11,29),32)),19),16)),24))),(((((((100,35),(80,74)),(36,90)),78),((52,(79,46)),(66,94))),(((37,(72,47)),88),(41,62))),(96,55))),((((((87,40),(65,54)),((76,60),81)),53),(57,82)),(((38,(45,64)),(98,(48,84))),((86,71),(((44,63),61),((99,67),39)))))),(((92,56),68),(85,(75,95)))),((((77,49),(97,91)),(58,73)),((((51,83),59),(93,(69,89))),70))),50),42),43);
Guide Tree 0/16
#NNI moves:0/152
Guide Tree 1/16
#NNI moves:2/152
Guide Tree 2/16
#NNI moves:0/152
Guide Tree 3/16
#NNI moves:0/152
Guide Tree 4/16
#NNI moves:0/152
Guide Tree 5/16
#NNI moves:0/152
Guide Tree 6/16
#NNI moves:0/152
Guide Tree 7/16
#NNI moves:0/152
Guide Tree 8/16
#NNI moves:0/152
Guide Tree 9/16
#NNI moves:0/152
Guide Tree 10/16
#NNI moves:0/152
Guide Tree 11/16
#NNI moves:0/152
Guide Tree 12/16
#NNI moves:0/152
Guide Tree 13/16
#NNI moves:0/152
Guide Tree 14/16
#NNI moves:0/152
Guide Tree 15/16
#NNI moves:0/152
Remaining: 1
#NNI moves:10/152
#NNI moves:10/152
((((((((((((((((5,2),34),13),((21,20),(26,22))),((7,33),3)),(14,27)),(9,(4,8))),((10,12),(30,25))),((((28,31),(16,(((23,17),((29,11),32)),19))),24),((1,18),(6,15)))),((((((46,79),52),(94,66)),(((36,90),((100,35),(80,74))),78)),((88,(37,(72,47))),(41,62))),(96,55))),((((((63,44),61),((99,67),39)),(71,86)),(((84,48),98),((64,45),38))),((((81,(76,60)),((40,87),(54,65))),53),(57,82)))),(((56,92),68),((75,95),85))),((((77,49),(91,97)),(58,73)),((((89,69),93),((83,51),59)),70))),50),42),43);
Guide Tree 0/16
#NNI moves:0/152
Guide Tree 1/16
#NNI moves:0/152
Guide Tree 2/16
#NNI moves:0/152
Guide Tree 3/16
#NNI moves:0/152
Guide Tree 4/16
#NNI moves:0/152
Guide Tree 5/16
#NNI moves:2/152
Guide Tree 6/16
#NNI moves:0/152
Guide Tree 7/16
#NNI moves:0/152
Guide Tree 8/16
#NNI moves:0/152
Guide Tree 9/16
#NNI moves:2/152
Guide Tree 10/16
#NNI moves:2/152
Guide Tree 11/16
#NNI moves:0/152
Guide Tree 12/16
#NNI moves:6/152
Guide Tree 13/16
#NNI moves:2/152
Guide Tree 14/16
#NNI moves:0/152
Guide Tree 15/16
#NNI moves:0/152
Remaining: 0
#NNI moves:2/152
#NNI moves:2/152
(((((((((((((46,79),52),(66,94)),((((100,35),(74,80)),(90,36)),78)),((((72,47),37),88),(62,41))),(55,96)),((((((((23,17),(32,(11,29))),19),16),(28,31)),24),((18,1),(6,15))),((((((((20,21),(22,26)),3),(13,((5,2),34))),(7,33)),(27,14)),((8,4),9)),((10,12),(25,30))))),(((53,((81,(60,76)),((54,65),(40,87)))),(82,57)),((((61,(63,44)),((67,99),39)),(86,71)),((38,(64,45)),((84,48),98))))),(((92,56),68),(85,(95,75)))),((((59,(83,51)),((89,69),93)),70),(((91,97),(49,77)),(58,73)))),50),42),43);
Guide Tree 0/16
#NNI moves:0/152
Guide Tree 1/16
#NNI moves:0/152
Guide Tree 2/16
#NNI moves:0/152
Guide Tree 3/16
#NNI moves:6/152
Guide Tree 4/16
#NNI moves:0/152
Guide Tree 5/16
#NNI moves:0/152
Guide Tree 6/16
#NNI moves:0/152
Guide Tree 7/16
#NNI moves:0/152
Guide Tree 8/16
#NNI moves:0/152
Guide Tree 9/16
#NNI moves:6/152
Guide Tree 10/16
#NNI moves:0/152
Guide Tree 11/16
#NNI moves:2/152
Guide Tree 12/16
#NNI moves:0/152
Guide Tree 13/16
#NNI moves:0/152
Guide Tree 14/16
#NNI moves:0/152
Guide Tree 15/16
#NNI moves:2/152
Remaining: 0
#NNI moves:4/152
#NNI moves:4/152
(((((((((((78,(((74,80),(100,35)),(36,90))),((94,66),((79,46),52))),((((72,47),37),88),(41,62))),(55,96)),((((((((32,(11,29)),(17,23)),19),16),(28,31)),24),((6,15),(1,18))),((((4,8),9),((((7,33),3),((((2,5),34),13),((21,20),(26,22)))),(14,27))),((25,30),(10,12))))),((((((60,76),81),((65,54),(87,40))),53),(82,57)),(((((63,44),61),((99,67),39)),(86,71)),((38,(45,64)),((48,84),98))))),(((95,75),85),((92,56),68))),(((((69,89),93),((51,83),59)),70),((58,73),((97,91),(49,77))))),50),42),43);
Initial score: 2.01441e+08
Initial tree: (((((((((((78,(((74,80),(100,35)),(36,90))),((94,66),((79,46),52))),((((72,47),37),88),(41,62))),(55,96)),((((((((32,(11,29)),(17,23)),19),16),(28,31)),24),((6,15),(1,18))),((((4,8),9),((((7,33),3),((((2,5),34),13),((21,20),(26,22)))),(14,27))),((25,30),(10,12))))),((((((60,76),81),((65,54),(87,40))),53),(82,57)),(((((63,44),61),((99,67),39)),(86,71)),((38,(45,64)),((48,84),98))))),(((95,75),85),((92,56),68))),(((((69,89),93),((51,83),59)),70),((58,73),((97,91),(49,77))))),50),42),43);
*** Subsample Process ***
Use two-step algorithm!
#NNI moves:2/152
Remaining: 0
#NNI moves:8/152
#NNI moves:8/152
((((((((((((((70,(((89,69),93),((83,51),59))),(((91,97),(49,77)),(58,73))),((42,43),50)),(((92,56),68),((95,75),85))),((((((65,54),(87,40)),(81,(76,60))),53),(82,57)),(((71,86),((39,(99,67)),((44,63),61))),(((48,84),98),(38,(64,45)))))),((((((((34,(5,2)),13),((22,26),(21,20))),(3,(33,7))),(27,14)),(9,(8,4))),((25,30),(10,12))),(((18,1),(6,15)),((((((17,23),((11,29),32)),19),16),(31,28)),24)))),(96,55)),((62,41),(((72,47),37),88))),(((79,46),52),(94,66))),78),(90,36)),(74,80)),35),100);
#NNI moves:0/152
Remaining: 0
#NNI moves:14/152
#NNI moves:14/152
(((((((((((((3,(7,33)),((13,(34,(2,5))),((20,21),(22,26)))),(27,14)),((4,8),9)),((25,30),(12,10))),(((((((23,17),((11,29),32)),19),16),(28,31)),24),((18,1),(6,15)))),((((41,62),((37,(47,72)),88)),(((((80,74),(35,100)),(36,90)),78),(((46,79),52),(66,94)))),(55,96))),((((((87,40),(65,54)),((76,60),81)),53),(82,57)),(((38,(45,64)),((84,48),98)),(((39,(99,67)),(61,(44,63))),(71,86))))),(((95,75),85),((56,92),68))),((((93,(89,69)),(59,(51,83))),70),(((77,49),(91,97)),(73,58)))),50),43),42);
#NNI moves:0/152
Remaining: 0
#NNI moves:14/152
#NNI moves:14/152
(((((((((((((((93,(89,69)),((83,51),59)),70),(((77,49),(91,97)),(58,73))),((43,42),50)),((85,(95,75)),((56,92),68))),((((38,(45,64)),((84,48),98)),(((39,(99,67)),(61,(63,44))),(71,86))),(((((60,76),81),((40,87),(65,54))),53),(82,57)))),(((((((35,100),(80,74)),(90,36)),78),(((79,46),52),(66,94))),((((72,47),37),88),(41,62))),(55,96))),(((((((17,23),((29,11),32)),19),16),(28,31)),24),((15,6),(18,1)))),((25,30),(12,10))),(9,(4,8))),(14,27)),((((5,2),34),13),((20,21),(26,22)))),(7,33)),3);
#NNI moves:8/152
Remaining: 0
#NNI moves:44/152
#NNI moves:44/152
(((((((((((((((((((2,5),34),13),(3,((21,20),(22,26)))),(33,7)),(27,14)),(9,(4,8))),((30,25),(12,10))),(((1,18),(15,6)),(24,((((((11,29),32),(17,23)),19),16),(31,28))))),(((((((100,35),(74,80)),(36,90)),78),((66,94),((46,79),52))),((((72,47),37),88),(41,62))),(96,55))),((((((67,99),39),((44,63),61)),(71,86)),(((45,64),38),(98,(48,84)))),(((((65,54),(87,40)),((76,60),81)),53),(57,82)))),(((92,56),68),(85,(75,95)))),(50,(42,43))),(((77,49),(97,91)),(73,58))),70),(59,(83,51))),93),89),69);
Current score: 2.01441e+08
Current tree: ((42,(50,(((((((((((((2,5),34),13),((21,20),(22,26))),((33,7),3)),(27,14)),(9,(4,8))),((30,25),(12,10))),(((1,18),(15,6)),(24,((((((11,29),32),(17,23)),19),16),(31,28))))),(((((((100,35),(74,80)),(36,90)),78),((66,94),((46,79),52))),((((72,47),37),88),(41,62))),(96,55))),((((((67,99),39),((44,63),61)),(71,86)),(((45,64),38),(98,(48,84)))),(((((65,54),(87,40)),((76,60),81)),53),(57,82)))),(((92,56),68),(85,(75,95)))),((((77,49),(97,91)),(73,58)),(70,((59,(83,51)),(93,(89,69)))))))),43);
Final Tree: ((42,(50,(((((((((((((2,5),34),13),((21,20),(22,26))),((33,7),3)),(27,14)),(9,(4,8))),((30,25),(12,10))),(((1,18),(15,6)),(24,((((((11,29),32),(17,23)),19),16),(31,28))))),(((((((100,35),(74,80)),(36,90)),78),((66,94),((46,79),52))),((((72,47),37),88),(41,62))),(96,55))),((((((67,99),39),((44,63),61)),(71,86)),(((45,64),38),(98,(48,84)))),(((((65,54),(87,40)),((76,60),81)),53),(57,82)))),(((92,56),68),(85,(75,95)))),((((77,49),(97,91)),(73,58)),(70,((59,(83,51)),(93,(89,69)))))))),43);
#EqQuartets: 261832810
Score: 201440735
ASTRAL for PaRalogs and Orthologs III (ASTRAL-Pro3)
*** NOW with integrated CASTLES-Pro ***
Version: v1.22.3.6
Read 512 genetrees and found 100 species.
#Genetrees: 1000
#Duploss: 49055
#Species: 100
#Rounds: 4
#Samples: 4
#Threads: 1
Use two-step algorithm!
Guide Tree 0/16
#NNI moves:0/152
Guide Tree 1/16
#NNI moves:0/152
Guide Tree 2/16
#NNI moves:0/152
Guide Tree 3/16
#NNI moves:0/152
Guide Tree 4/16
#NNI moves:0/152
Guide Tree 5/16
#NNI moves:0/152
Guide Tree 6/16
#NNI moves:0/152
Guide Tree 7/16
#NNI moves:0/152
Guide Tree 8/16
#NNI moves:0/152
Guide Tree 9/16
#NNI moves:0/152
Guide Tree 10/16
#NNI moves:0/152
Guide Tree 11/16
#NNI moves:0/152
Guide Tree 12/16
#NNI moves:0/152
Guide Tree 13/16
#NNI moves:0/152
Guide Tree 14/16
#NNI moves:0/152
Guide Tree 15/16
#NNI moves:0/152
Remaining: 0
#NNI moves:6/152
#NNI moves:6/152
(((((((((((((60,(11,57)),((68,35),((13,(30,9)),42))),((41,29),((32,3),50))),((((((56,8),52),(43,12)),91),(24,87)),((73,26),(77,81)))),((((4,33),34),(51,(47,49))),(1,(39,55)))),(((((((75,28),59),((63,65),61)),(((((48,53),82),(86,6)),36),20)),((18,21),78)),((14,17),((((66,(74,(83,23))),62),(2,7)),(((38,67),((80,27),45)),76)))),((((100,92),96),97),(((95,94),(99,93)),98)))),(16,19)),((64,(25,37)),54)),(((71,85),10),89)),((((((79,46),40),(58,(90,22))),31),((72,5),84)),(69,70))),15),88),44);
Guide Tree 0/16
#NNI moves:2/152
Guide Tree 1/16
#NNI moves:0/152
Guide Tree 2/16
#NNI moves:0/152
Guide Tree 3/16
#NNI moves:6/152
Guide Tree 4/16
#NNI moves:6/152
Guide Tree 5/16
#NNI moves:0/152
Guide Tree 6/16
#NNI moves:2/152
Guide Tree 7/16
#NNI moves:0/152
Guide Tree 8/16
#NNI moves:0/152
Guide Tree 9/16
#NNI moves:0/152
Guide Tree 10/16
#NNI moves:0/152
Guide Tree 11/16
#NNI moves:0/152
Guide Tree 12/16
#NNI moves:6/152
Guide Tree 13/16
#NNI moves:0/152
Guide Tree 14/16
#NNI moves:0/152
Guide Tree 15/16
#NNI moves:6/152
Remaining: 2
#NNI moves:4/152
#NNI moves:4/152
((((((((((((((57,11),60),(((13,(30,9)),42),(35,68))),((50,(3,32)),(29,41))),(((((12,43),((56,8),52)),91),(24,87)),((26,73),(81,77)))),(((34,(33,4)),((47,49),51)),((39,55),1))),((((((61,(63,65)),((75,28),59)),(((((48,53),82),(86,6)),36),20)),((21,18),78)),((((((27,80),45),(67,38)),76),(((((23,83),74),66),62),(2,7))),(17,14))),(((96,(92,100)),97),(98,((93,99),(94,95)))))),(16,19)),(54,(64,(25,37)))),(((85,71),10),89)),(((((58,(22,90)),((79,46),40)),31),(84,(72,5))),(70,69))),15),88),44);
Guide Tree 0/16
#NNI moves:0/152
Guide Tree 1/16
#NNI moves:0/152
Guide Tree 2/16
#NNI moves:0/152
Guide Tree 3/16
#NNI moves:0/152
Guide Tree 4/16
#NNI moves:0/152
Guide Tree 5/16
#NNI moves:0/152
Guide Tree 6/16
#NNI moves:0/152
Guide Tree 7/16
#NNI moves:0/152
Guide Tree 8/16
#NNI moves:0/152
Guide Tree 9/16
#NNI moves:0/152
Guide Tree 10/16
#NNI moves:0/152
Guide Tree 11/16
#NNI moves:0/152
Guide Tree 12/16
#NNI moves:0/152
Guide Tree 13/16
#NNI moves:0/152
Guide Tree 14/16
#NNI moves:0/152
Guide Tree 15/16
#NNI moves:0/152
Remaining: 1
#NNI moves:14/152
#NNI moves:14/152
((((((((85,71),10),89),((((((((((((48,53),82),(6,86)),36),20),((59,(28,75)),(61,(63,65)))),((18,21),78)),(((((((83,23),74),66),62),(7,2)),((((27,80),45),(67,38)),76)),(17,14))),((((95,94),(99,93)),98),((96,(100,92)),97))),(((((73,26),(81,77)),((((12,43),((56,8),52)),91),(87,24))),((((68,35),(42,(13,(9,30)))),((57,11),60)),((29,41),((32,3),50)))),(((39,55),1),(((4,33),34),((49,47),51))))),(16,19)),(((37,25),64),54))),((((72,5),84),((((46,79),40),((90,22),58)),31)),(70,69))),15),88),44);
Guide Tree 0/16
#NNI moves:0/152
Guide Tree 1/16
#NNI moves:0/152
Guide Tree 2/16
#NNI moves:0/152
Guide Tree 3/16
#NNI moves:0/152
Guide Tree 4/16
#NNI moves:0/152
Guide Tree 5/16
#NNI moves:2/152
Guide Tree 6/16
#NNI moves:0/152
Guide Tree 7/16
#NNI moves:2/152
Guide Tree 8/16
#NNI moves:2/152
Guide Tree 9/16
#NNI moves:0/152
Guide Tree 10/16
#NNI moves:0/152
Guide Tree 11/16
#NNI moves:0/152
Guide Tree 12/16
#NNI moves:2/152
Guide Tree 13/16
#NNI moves:0/152
Guide Tree 14/16
#NNI moves:0/152
Guide Tree 15/16
#NNI moves:0/152
Remaining: 0
#NNI moves:16/152
#NNI moves:16/152
((((((((((((((35,68),(((30,9),13),42)),((57,11),60)),((29,41),((32,3),50))),(((((52,(8,56)),(43,12)),91),(24,87)),((77,81),(73,26)))),((((49,47),51),((33,4),34)),(1,(39,55)))),((((((((6,86),(82,(53,48))),36),20),(((65,63),61),((28,75),59))),(78,(21,18))),((((7,2),((((23,83),74),66),62)),(((38,67),((27,80),45)),76)),(14,17))),((((100,92),96),97),(98,((94,95),(93,99)))))),(16,19)),(((25,37),64),54)),((10,(71,85)),89)),((((5,72),84),((((90,22),58),(40,(79,46))),31)),(69,70))),15),88),44);
Initial score: 1.87381e+08
Initial tree: ((((((((((((((35,68),(((30,9),13),42)),((57,11),60)),((29,41),((32,3),50))),(((((52,(8,56)),(43,12)),91),(24,87)),((77,81),(73,26)))),((((49,47),51),((33,4),34)),(1,(39,55)))),((((((((6,86),(82,(53,48))),36),20),(((65,63),61),((28,75),59))),(78,(21,18))),((((7,2),((((23,83),74),66),62)),(((38,67),((27,80),45)),76)),(14,17))),((((100,92),96),97),(98,((94,95),(93,99)))))),(16,19)),(((25,37),64),54)),((10,(71,85)),89)),((((5,72),84),((((90,22),58),(40,(79,46))),31)),(69,70))),15),88),44);
*** Subsample Process ***
Use two-step algorithm!
#NNI moves:0/152
Remaining: 0
#NNI moves:24/152
#NNI moves:24/152
((((((((((((((((82,(53,48)),(6,86)),36),20),(((75,28),59),(61,(63,65)))),(78,(21,18))),(((((((83,23),74),66),62),(7,2)),((((80,27),45),(67,38)),76)),(17,14))),((((100,92),96),97),(((99,93),(95,94)),98))),((((((85,71),10),89),(((((((46,79),40),((90,22),58)),31),((5,72),84)),(69,70)),((88,44),15))),(((37,25),64),54)),(19,16))),(((34,(33,4)),((49,47),51)),((55,39),1))),(((81,77),(26,73)),((24,87),(((52,(8,56)),(43,12)),91)))),((29,41),((3,32),50))),((11,57),60)),(((9,30),13),42)),35),68);
#NNI moves:0/152
Remaining: 0
#NNI moves:6/152
#NNI moves:6/152
(((((((((((((((((48,53),82),(86,6)),36),20),(((28,75),59),(61,(63,65)))),(78,(21,18))),(((((((83,23),74),66),62),(7,2)),((((80,27),45),(38,67)),76)),(17,14))),((((100,92),96),97),(((95,94),(99,93)),98))),(((((49,47),51),((4,33),34)),((55,39),1)),((((24,87),((((56,8),52),(12,43)),91)),((77,81),(26,73))),((((11,57),60),((35,68),((13,(30,9)),42))),((41,29),((3,32),50)))))),(16,19)),(((25,37),64),54)),(89,((85,71),10))),((((((46,79),40),((22,90),58)),31),((72,5),84)),(69,70))),15),44),88);
#NNI moves:0/152
Remaining: 2
#NNI moves:2/152
#NNI moves:2/152
((((((((((((((((42,((9,30),13)),(35,68)),(60,(57,11))),(((32,3),50),(41,29))),((((((56,8),52),(43,12)),91),(24,87)),((73,26),(81,77)))),((1,(55,39)),(((33,4),34),((49,47),51)))),((((((((((46,79),40),(58,(90,22))),31),(84,(5,72))),(69,70)),((44,88),15)),(((85,71),10),89)),(((25,37),64),54)),(16,19))),((((100,92),96),97),(((94,95),(93,99)),98))),((((2,7),((66,((83,23),74)),62)),(((38,67),((80,27),45)),76)),(17,14))),((21,18),78)),(((75,28),59),((63,65),61))),20),36),(86,6)),(53,48)),82);
#NNI moves:0/152
Remaining: 0
#NNI moves:2/152
#NNI moves:2/152
((((((((((((((50,(32,3)),(29,41)),(((68,35),(42,((30,9),13))),((57,11),60))),((((((56,8),52),(12,43)),91),(24,87)),((73,26),(81,77)))),(((39,55),1),(((4,33),34),(51,(47,49))))),(((((((75,28),59),((65,63),61)),(((((53,48),82),(86,6)),36),20)),(78,(18,21))),((((62,(66,(74,(83,23)))),(2,7)),(((38,67),((80,27),45)),76)),(14,17))),((97,((92,100),96)),(98,((99,93),(95,94)))))),(16,19)),(((25,37),64),54)),((10,(85,71)),89)),(15,(88,44))),(69,70)),((5,72),84)),(((90,22),58),((46,79),40))),31);
Current score: 1.87381e+08
Current tree: ((88,(15,((((((((((50,(32,3)),(29,41)),(((68,35),(42,((30,9),13))),((57,11),60))),((((((56,8),52),(12,43)),91),(24,87)),((73,26),(81,77)))),(((39,55),1),(((4,33),34),(51,(47,49))))),(((((((75,28),59),((65,63),61)),(((((53,48),82),(86,6)),36),20)),(78,(18,21))),((((62,(66,(74,(83,23)))),(2,7)),(((38,67),((80,27),45)),76)),(14,17))),((97,((92,100),96)),(98,((99,93),(95,94)))))),(16,19)),(((25,37),64),54)),((10,(85,71)),89)),((69,70),(((5,72),84),((((90,22),58),((46,79),40)),31)))))),44);
Final Tree: ((88,(15,((((((((((50,(32,3)),(29,41)),(((68,35),(42,((30,9),13))),((57,11),60))),((((((56,8),52),(12,43)),91),(24,87)),((73,26),(81,77)))),(((39,55),1),(((4,33),34),(51,(47,49))))),(((((((75,28),59),((65,63),61)),(((((53,48),82),(86,6)),36),20)),(78,(18,21))),((((62,(66,(74,(83,23)))),(2,7)),(((38,67),((80,27),45)),76)),(14,17))),((97,((92,100),96)),(98,((99,93),(95,94)))))),(16,19)),(((25,37),64),54)),((10,(85,71)),89)),((69,70),(((5,72),84),((((90,22),58),((46,79),40)),31)))))),44);
#EqQuartets: 243931237
Score: 187381132
ASTRAL for PaRalogs and Orthologs III (ASTRAL-Pro3)
*** NOW with integrated CASTLES-Pro ***
Version: v1.22.3.6
Read 512 genetrees and found 100 species.
#Genetrees: 954
#Duploss: 47204
#Species: 100
#Rounds: 4
#Samples: 4
#Threads: 1
Use two-step algorithm!
Guide Tree 0/16
#NNI moves:0/152
Guide Tree 1/16
#NNI moves:0/152
Guide Tree 2/16
#NNI moves:6/152
Guide Tree 3/16
#NNI moves:2/152
Guide Tree 4/16
#NNI moves:0/152
Guide Tree 5/16
#NNI moves:0/152
Guide Tree 6/16
#NNI moves:6/152
Guide Tree 7/16
#NNI moves:0/152
Guide Tree 8/16
#NNI moves:8/152
Guide Tree 9/16
#NNI moves:2/152
Guide Tree 10/16
#NNI moves:2/152
Guide Tree 11/16
#NNI moves:2/152
Guide Tree 12/16
#NNI moves:0/152
Guide Tree 13/16
#NNI moves:6/152
Guide Tree 14/16
#NNI moves:0/152
Guide Tree 15/16
#NNI moves:6/152
Remaining: 0
#NNI moves:0/152
#NNI moves:0/152
((((((((((((68,11),(38,56)),54),((((98,18),(75,13)),31),((20,95),80))),(((99,6),93),(12,42))),((((71,76),82),24),35)),(81,(100,92))),(((((((((((97,61),((((((41,86),83),10),((87,26),30)),(63,(88,66))),43)),28),27),(47,(((70,59),(39,67)),(52,57)))),32),(((51,22),(60,45)),89)),(94,(79,((96,(5,21)),55)))),(((34,((72,58),77)),65),(48,69))),(((53,(74,78)),(33,50)),((((((62,85),25),((4,84),36)),19),15),(((49,37),((44,(23,40)),17)),(8,((90,14),7)))))),(3,(1,2)))),(((46,29),16),91)),73),64),9);
Guide Tree 0/16
#NNI moves:0/152
Guide Tree 1/16
#NNI moves:0/152
Guide Tree 2/16
#NNI moves:0/152
Guide Tree 3/16
#NNI moves:0/152
Guide Tree 4/16
#NNI moves:0/152
Guide Tree 5/16
#NNI moves:0/152
Guide Tree 6/16
#NNI moves:0/152
Guide Tree 7/16
#NNI moves:2/152
Guide Tree 8/16
#NNI moves:6/152
Guide Tree 9/16
#NNI moves:0/152
Guide Tree 10/16
#NNI moves:0/152
Guide Tree 11/16
#NNI moves:0/152
Guide Tree 12/16
#NNI moves:0/152
Guide Tree 13/16
#NNI moves:0/152
Guide Tree 14/16
#NNI moves:0/152
Guide Tree 15/16
#NNI moves:0/152
Remaining: 0
#NNI moves:6/152
#NNI moves:10/152
((((((((((((((((61,97),(((((26,87),30),(10,((41,86),83))),((88,66),63)),43)),28),27),(47,(((59,70),(67,39)),(52,57)))),32),(((51,22),(45,60)),89)),(((((21,5),96),55),79),94)),((((77,(72,58)),34),65),(69,48))),(((((((62,85),25),((84,4),36)),19),15),((((14,90),7),8),((((40,23),44),17),(37,49)))),((50,33),((78,74),53)))),((2,1),3)),((((((31,((98,18),(13,75))),((20,95),80)),(((56,38),(11,68)),54)),((42,12),((99,6),93))),(35,(((76,71),82),24))),(81,(92,100)))),((16,(29,46)),91)),73),64),9);
Guide Tree 0/16
#NNI moves:2/152
Guide Tree 1/16
#NNI moves:4/152
Guide Tree 2/16
#NNI moves:4/152
Guide Tree 3/16
#NNI moves:0/152
Guide Tree 4/16
#NNI moves:2/152
Guide Tree 5/16
#NNI moves:4/152
Guide Tree 6/16
#NNI moves:0/152
Guide Tree 7/16
#NNI moves:2/152
Guide Tree 8/16
#NNI moves:2/152
Guide Tree 9/16
#NNI moves:6/152
Guide Tree 10/16
#NNI moves:6/152
Guide Tree 11/16
#NNI moves:0/152
Guide Tree 12/16
#NNI moves:0/152
Guide Tree 13/16
#NNI moves:2/152
Guide Tree 14/16
#NNI moves:4/152
Guide Tree 15/16
#NNI moves:2/152
Remaining: 0
#NNI moves:0/152
#NNI moves:0/152
((((((((((((((62,85),25),((84,4),36)),19),15),(((37,49),((44,(23,40)),17)),((7,(14,90)),8))),((53,(74,78)),(33,50))),((((((((((((10,((86,41),83)),((87,26),30)),(63,(88,66))),43),(61,97)),28),27),((((39,67),(59,70)),(57,52)),47)),32),(((22,51),(60,45)),89)),(((((21,5),96),55),79),94)),((69,48),(65,(((72,58),77),34))))),(3,(2,1))),((((((31,((18,98),(13,75))),(80,(20,95))),(((68,11),(56,38)),54)),(((99,6),93),(42,12))),((((71,76),82),24),35)),((100,92),81))),((16,(29,46)),91)),73),64),9);
Guide Tree 0/16
#NNI moves:0/152
Guide Tree 1/16
#NNI moves:0/152
Guide Tree 2/16
#NNI moves:0/152
Guide Tree 3/16
#NNI moves:0/152
Guide Tree 4/16
#NNI moves:0/152
Guide Tree 5/16
#NNI moves:0/152
Guide Tree 6/16
#NNI moves:2/152
Guide Tree 7/16
#NNI moves:0/152
Guide Tree 8/16
#NNI moves:0/152
Guide Tree 9/16
#NNI moves:0/152
Guide Tree 10/16
#NNI moves:0/152
Guide Tree 11/16
#NNI moves:2/152
Guide Tree 12/16
#NNI moves:0/152
Guide Tree 13/16
#NNI moves:0/152
Guide Tree 14/16
#NNI moves:0/152
Guide Tree 15/16
#NNI moves:2/152
Remaining: 0
#NNI moves:6/152
#NNI moves:6/152
((((((((((((((((((((87,26),30),(((41,86),83),10)),((66,88),63)),43),(61,97)),28),27),((((70,59),(39,67)),(52,57)),47)),32),(((60,45),(51,22)),89)),(((55,((5,21),96)),79),94)),((48,69),((34,((58,72),77)),65))),(((((17,((23,40),44)),(49,37)),(((14,90),7),8)),(((((85,62),25),((84,4),36)),19),15)),((33,50),((78,74),53)))),((1,2),3)),(((((42,12),(93,(99,6))),((((20,95),80),(((18,98),(13,75)),31)),(((11,68),(38,56)),54))),(((82,(71,76)),24),35)),(81,(92,100)))),(((29,46),16),91)),73),64),9);
Initial score: 2.30774e+08
Initial tree: ((((((((((((((((((((87,26),30),(((41,86),83),10)),((66,88),63)),43),(61,97)),28),27),((((70,59),(39,67)),(52,57)),47)),32),(((60,45),(51,22)),89)),(((55,((5,21),96)),79),94)),((48,69),((34,((58,72),77)),65))),(((((17,((23,40),44)),(49,37)),(((14,90),7),8)),(((((85,62),25),((84,4),36)),19),15)),((33,50),((78,74),53)))),((1,2),3)),(((((42,12),(93,(99,6))),((((20,95),80),(((18,98),(13,75)),31)),(((11,68),(38,56)),54))),(((82,(71,76)),24),35)),(81,(92,100)))),(((29,46),16),91)),73),64),9);
*** Subsample Process ***
Use two-step algorithm!
#NNI moves:0/152
Remaining: 2
#NNI moves:0/152
#NNI moves:0/152
(((((((((((((((((((71,76),82),24),35),((((99,6),93),(12,42)),((((38,56),(11,68)),54),(((20,95),80),(((13,75),(18,98)),31))))),((100,92),81)),(((16,(46,29)),91),((64,9),73))),((2,1),3)),(((((((85,62),25),((4,84),36)),19),15),(((37,49),(((23,40),44),17)),((7,(14,90)),8))),((33,50),((74,78),53)))),((48,69),(65,(((72,58),77),34)))),((79,(((21,5),96),55)),94)),(((22,51),(60,45)),89)),32),((((67,39),(59,70)),(52,57)),47)),27),28),(61,97)),((((87,26),30),((83,(41,86)),10)),((88,66),63))),43);
#NNI moves:0/152
Remaining: 0
#NNI moves:0/152
#NNI moves:0/152
(((((((((((((22,51),(45,60)),89),(((((((((30,(87,26)),(((86,41),83),10)),((66,88),63)),43),(97,61)),28),27),(((57,52),((39,67),(70,59))),47)),32)),(((((21,5),96),55),79),94)),((65,(((58,72),77),34)),(48,69))),(((((((62,85),25),((4,84),36)),19),15),(((((23,40),44),17),(37,49)),((7,(14,90)),8))),((33,50),((74,78),53)))),((2,1),3)),(((((((38,56),(68,11)),54),((80,(95,20)),(((75,13),(98,18)),31))),(((6,99),93),(12,42))),(((82,(76,71)),24),35)),(81,(92,100)))),(((46,29),16),91)),73),9),64);
#NNI moves:0/152
Remaining: 0
#NNI moves:10/152
#NNI moves:10/152
(((((((((((((((85,62),25),((4,84),36)),19),15),(((((40,23),44),17),(49,37)),(8,((90,14),7)))),((33,50),((78,74),53))),((3,(1,2)),(((((((((98,18),(13,75)),31),(80,(20,95))),(54,((56,38),(11,68)))),((42,12),((99,6),93))),((24,((71,76),82)),35)),((100,92),81)),((((29,46),16),91),((9,64),73))))),((65,(((58,72),77),34)),(48,69))),((79,(((5,21),96),55)),94)),((((((((((26,87),30),(((41,86),83),10)),((66,88),63)),43),(97,61)),28),27),(47,(((59,70),(39,67)),(57,52)))),32)),89),(60,45)),51),22);
#NNI moves:0/152
Remaining: 0
#NNI moves:12/152
#NNI moves:12/152
(((((((((((((((((((((((((87,26),30),(((86,41),83),10)),((66,88),63)),43),(97,61)),28),27),(47,(((70,59),(67,39)),(52,57)))),32),(((60,45),(22,51)),89)),(((55,((21,5),96)),79),94)),((((77,(72,58)),34),65),(48,69))),((((((44,(23,40)),17),(49,37)),((7,(90,14)),8)),((((25,(85,62)),((4,84),36)),19),15)),(((74,78),53),(33,50)))),(3,(2,1))),(((16,(46,29)),91),(73,(64,9)))),(81,(92,100))),((((71,76),82),24),35)),(((99,6),93),(42,12))),(((68,11),(38,56)),54)),((95,20),80)),31),(13,75)),18),98);
Current score: 2.30774e+08
Current tree: ((64,(73,(((16,(46,29)),91),((((((((((((((((87,26),30),(((86,41),83),10)),((66,88),63)),43),(97,61)),28),27),(47,(((70,59),(67,39)),(52,57)))),32),(((60,45),(22,51)),89)),(((55,((21,5),96)),79),94)),((((77,(72,58)),34),65),(48,69))),((((((44,(23,40)),17),(49,37)),((7,(90,14)),8)),((((25,(85,62)),((4,84),36)),19),15)),(((74,78),53),(33,50)))),(3,(2,1))),((81,(92,100)),(((((71,76),82),24),35),((((99,6),93),(42,12)),((((68,11),(38,56)),54),(((95,20),80),(31,((13,75),(18,98)))))))))))),9);
Final Tree: ((64,(73,(((16,(46,29)),91),((((((((((((((((87,26),30),(((86,41),83),10)),((66,88),63)),43),(97,61)),28),27),(47,(((70,59),(67,39)),(52,57)))),32),(((60,45),(22,51)),89)),(((55,((21,5),96)),79),94)),((((77,(72,58)),34),65),(48,69))),((((((44,(23,40)),17),(49,37)),((7,(90,14)),8)),((((25,(85,62)),((4,84),36)),19),15)),(((74,78),53),(33,50)))),(3,(2,1))),((81,(92,100)),(((((71,76),82),24),35),((((99,6),93),(42,12)),((((68,11),(38,56)),54),(((95,20),80),(31,((13,75),(18,98)))))))))))),9);
#EqQuartets: 302840567
Score: 230774369
ASTRAL for PaRalogs and Orthologs III (ASTRAL-Pro3)
*** NOW with integrated CASTLES-Pro ***
Version: v1.22.3.6
Read 512 genetrees and found 100 species.
#Genetrees: 985
#Duploss: 43714
#Species: 100
#Rounds: 4
#Samples: 4
#Threads: 1
Use two-step algorithm!
Guide Tree 0/16
#NNI moves:0/152
Guide Tree 1/16
#NNI moves:0/152
Guide Tree 2/16
#NNI moves:0/152
Guide Tree 3/16
#NNI moves:0/152
Guide Tree 4/16
#NNI moves:0/152
Guide Tree 5/16
#NNI moves:0/152
Guide Tree 6/16
#NNI moves:0/152
Guide Tree 7/16
#NNI moves:0/152
Guide Tree 8/16
#NNI moves:0/152
Guide Tree 9/16
#NNI moves:0/152
Guide Tree 10/16
#NNI moves:2/152
Guide Tree 11/16
#NNI moves:0/152
Guide Tree 12/16
#NNI moves:0/152
Guide Tree 13/16
#NNI moves:0/152
Guide Tree 14/16
#NNI moves:0/152
Guide Tree 15/16
#NNI moves:2/152
Remaining: 0
#NNI moves:2/152
#NNI moves:2/152
((((((((((((((((16,1),(4,5)),(((74,21),73),52)),((60,19),7)),(((((64,(66,79)),(53,62)),54),27),((13,89),48))),((((25,(22,59)),((15,(36,87)),(10,90))),(((61,17),85),((75,72),(24,39)))),((((((42,40),88),((91,6),20)),(81,80)),14),63))),((((((86,(68,11)),(76,(32,83))),23),26),(8,(55,12))),((56,67),50))),(((((49,51),(44,(35,33))),(((43,31),((29,71),3)),45)),((77,41),(((70,92),(37,69)),30))),82)),((28,84),(58,57))),((47,(38,65)),(46,34))),(((18,9),93),(2,78))),(99,97)),98),(95,94)),96),100);
Guide Tree 0/16
#NNI moves:0/152
Guide Tree 1/16
#NNI moves:0/152
Guide Tree 2/16
#NNI moves:0/152
Guide Tree 3/16
#NNI moves:0/152
Guide Tree 4/16
#NNI moves:0/152
Guide Tree 5/16
#NNI moves:0/152
Guide Tree 6/16
#NNI moves:0/152
Guide Tree 7/16
#NNI moves:0/152
Guide Tree 8/16
#NNI moves:0/152
Guide Tree 9/16
#NNI moves:0/152
Guide Tree 10/16
#NNI moves:0/152
Guide Tree 11/16
#NNI moves:0/152
Guide Tree 12/16
#NNI moves:0/152
Guide Tree 13/16
#NNI moves:0/152
Guide Tree 14/16
#NNI moves:0/152
Guide Tree 15/16
#NNI moves:0/152
Remaining: 0
#NNI moves:2/152
#NNI moves:2/152
(((((((((((((((85,(17,61)),((72,75),(24,39))),((((87,36),15),(90,10)),((59,22),25))),((((((6,91),20),(88,(40,42))),(80,81)),14),63)),((((((74,21),73),52),((16,1),(5,4))),((19,60),7)),((27,((((66,79),64),(62,53)),54)),((89,13),48)))),((((12,55),8),((23,(((32,83),76),((11,68),86))),26)),(50,(56,67)))),((((((69,37),(92,70)),30),(77,41)),((((33,35),44),(49,51)),((((29,71),3),(43,31)),45))),82)),((57,58),(28,84))),(((38,65),47),(46,34))),((93,(18,9)),(2,78))),(99,97)),98),(95,94)),96),100);
Guide Tree 0/16
#NNI moves:0/152
Guide Tree 1/16
#NNI moves:0/152
Guide Tree 2/16
#NNI moves:0/152
Guide Tree 3/16
#NNI moves:0/152
Guide Tree 4/16
#NNI moves:0/152
Guide Tree 5/16
#NNI moves:0/152
Guide Tree 6/16
#NNI moves:0/152
Guide Tree 7/16
#NNI moves:0/152
Guide Tree 8/16
#NNI moves:6/152
Guide Tree 9/16
#NNI moves:0/152
Guide Tree 10/16
#NNI moves:0/152
Guide Tree 11/16
#NNI moves:0/152
Guide Tree 12/16
#NNI moves:0/152
Guide Tree 13/16
#NNI moves:0/152
Guide Tree 14/16
#NNI moves:0/152
Guide Tree 15/16
#NNI moves:0/152
Remaining: 0
#NNI moves:0/152
#NNI moves:0/152
((((((((((((((((((91,6),20),((40,42),88)),(80,81)),14),63),(((85,(61,17)),((72,75),(24,39))),((25,(22,59)),((10,90),(15,(36,87)))))),(((27,(((62,53),((79,66),64)),54)),((13,89),48)),((((73,(74,21)),52),((4,5),(1,16))),(7,(60,19))))),(((56,67),50),(((55,12),8),(((((68,11),86),((83,32),76)),23),26)))),(((((((29,71),3),(43,31)),45),((51,49),(44,(33,35)))),((((69,37),(92,70)),30),(77,41))),82)),((57,58),(84,28))),((46,34),((38,65),47))),((78,2),(93,(18,9)))),(97,99)),98),(95,94)),96),100);
Guide Tree 0/16
#NNI moves:0/152
Guide Tree 1/16
#NNI moves:0/152
Guide Tree 2/16
#NNI moves:0/152
Guide Tree 3/16
#NNI moves:0/152
Guide Tree 4/16
#NNI moves:0/152
Guide Tree 5/16
#NNI moves:0/152
Guide Tree 6/16
#NNI moves:0/152
Guide Tree 7/16
#NNI moves:0/152
Guide Tree 8/16
#NNI moves:0/152
Guide Tree 9/16
#NNI moves:0/152
Guide Tree 10/16
#NNI moves:0/152
Guide Tree 11/16
#NNI moves:0/152
Guide Tree 12/16
#NNI moves:0/152
Guide Tree 13/16
#NNI moves:0/152
Guide Tree 14/16
#NNI moves:0/152
Guide Tree 15/16
#NNI moves:0/152
Remaining: 0
#NNI moves:2/152
#NNI moves:2/152
((((((((((((((((76,(32,83)),((68,11),86)),23),26),((12,55),8)),((67,56),50)),((((((59,22),25),((10,90),((36,87),15))),(((72,75),(39,24)),((17,61),85))),((((((40,42),88),(20,(91,6))),(80,81)),14),63)),(((((1,16),(4,5)),(((74,21),73),52)),((60,19),7)),(((89,13),48),((54,((53,62),((66,79),64))),27))))),((((30,((70,92),(69,37))),(77,41)),(((51,49),(44,(33,35))),((((29,71),3),(43,31)),45))),82)),((28,84),(58,57))),((46,34),((65,38),47))),(((18,9),93),(78,2))),(97,99)),98),(95,94)),96),100);
Initial score: 2.30467e+08
Initial tree: ((((((((((((((((76,(32,83)),((68,11),86)),23),26),((12,55),8)),((67,56),50)),((((((59,22),25),((10,90),((36,87),15))),(((72,75),(39,24)),((17,61),85))),((((((40,42),88),(20,(91,6))),(80,81)),14),63)),(((((1,16),(4,5)),(((74,21),73),52)),((60,19),7)),(((89,13),48),((54,((53,62),((66,79),64))),27))))),((((30,((70,92),(69,37))),(77,41)),(((51,49),(44,(33,35))),((((29,71),3),(43,31)),45))),82)),((28,84),(58,57))),((46,34),((65,38),47))),(((18,9),93),(78,2))),(97,99)),98),(95,94)),96),100);
*** Subsample Process ***
Use two-step algorithm!
#NNI moves:0/152
Remaining: 1
#NNI moves:2/152
#NNI moves:2/152
(((((((((((46,34),((38,65),47)),((((18,9),93),(78,2)),((((96,100),(95,94)),98),(97,99)))),((58,57),(84,28))),((((((70,92),(69,37)),30),(41,77)),((((31,43),((71,29),3)),45),((49,51),(44,(33,35))))),82)),(((((((74,21),73),52),((4,5),(16,1))),((19,60),7)),(((54,((62,53),(64,(66,79)))),27),(48,(13,89)))),((((25,(22,59)),((10,90),(15,(87,36)))),(((75,72),(24,39)),((17,61),85))),(((((20,(6,91)),((42,40),88)),(81,80)),14),63)))),((67,56),50)),(((((11,68),86),(76,(83,32))),23),26)),8),12),55);
#NNI moves:0/152
Remaining: 1
#NNI moves:8/152
#NNI moves:10/152
((((((((((((((48,(89,13)),(27,(54,((64,(79,66)),(53,62))))),((((4,5),(16,1)),((73,(21,74)),52)),((19,60),7))),(((((((42,40),88),(20,(6,91))),(81,80)),14),63),((((15,(87,36)),(10,90)),((59,22),25)),((85,(61,17)),((39,24),(75,72)))))),((((((76,(32,83)),((11,68),86)),23),26),((55,12),8)),((56,67),50))),(((((49,51),(44,(33,35))),(45,((43,31),(3,(71,29))))),((((37,69),(70,92)),30),(77,41))),82)),((58,57),(84,28))),((47,(65,38)),(34,46))),((2,78),((9,18),93))),(99,97)),98),(94,95)),100),96);
#NNI moves:0/152
Remaining: 0
#NNI moves:8/152
#NNI moves:8/152
((((((((((((((51,49),(44,(33,35))),(45,((31,43),((71,29),3)))),((((37,69),(70,92)),30),(77,41))),82),((((((9,18),93),(78,2)),((99,97),(((100,96),(95,94)),98))),((46,34),((65,38),47))),((58,57),(28,84)))),(((((((83,32),76),(86,(68,11))),23),26),((55,12),8)),((67,56),50))),(((14,((81,80),((88,(40,42)),((91,6),20)))),63),((((22,59),25),((90,10),(15,(87,36)))),(((39,24),(75,72)),((17,61),85))))),(((54,((62,53),(64,(79,66)))),27),(48,(89,13)))),((19,60),7)),(((74,21),73),52)),(16,1)),5),4);
#NNI moves:0/152
Remaining: 0
#NNI moves:2/152
#NNI moves:2/152
(((((((((((((((54,((53,62),((66,79),64))),27),((89,13),48)),((7,(19,60)),((((74,21),73),52),((1,16),(5,4))))),((((25,(59,22)),(((87,36),15),(10,90))),((85,(61,17)),((24,39),(75,72)))),(63,(((((91,6),20),((40,42),88)),(81,80)),14)))),(((((((68,11),86),(76,(32,83))),23),26),(8,(55,12))),(50,(56,67)))),((((30,((69,37),(70,92))),(41,77)),((45,((43,31),((29,71),3))),((44,(35,33)),(49,51)))),82)),((84,28),(57,58))),((47,(38,65)),(34,46))),((78,2),((18,9),93))),(99,97)),98),(96,100)),95),94);
Current score: 2.30467e+08
Current tree: ((96,(((((((((((((54,((53,62),((66,79),64))),27),((89,13),48)),((7,(19,60)),((((74,21),73),52),((1,16),(5,4))))),((((25,(59,22)),(((87,36),15),(10,90))),((85,(61,17)),((24,39),(75,72)))),(63,(((((91,6),20),((40,42),88)),(81,80)),14)))),(((((((68,11),86),(76,(32,83))),23),26),(8,(55,12))),(50,(56,67)))),((((30,((69,37),(70,92))),(41,77)),((45,((43,31),((29,71),3))),((44,(35,33)),(49,51)))),82)),((84,28),(57,58))),((47,(38,65)),(34,46))),((78,2),((18,9),93))),(99,97)),98),(95,94))),100);
Final Tree: ((96,(((((((((((((54,((53,62),((66,79),64))),27),((89,13),48)),((7,(19,60)),((((74,21),73),52),((1,16),(5,4))))),((((25,(59,22)),(((87,36),15),(10,90))),((85,(61,17)),((24,39),(75,72)))),(63,(((((91,6),20),((40,42),88)),(81,80)),14)))),(((((((68,11),86),(76,(32,83))),23),26),(8,(55,12))),(50,(56,67)))),((((30,((69,37),(70,92))),(41,77)),((45,((43,31),((29,71),3))),((44,(35,33)),(49,51)))),82)),((84,28),(57,58))),((47,(38,65)),(34,46))),((78,2),((18,9),93))),(99,97)),98),(95,94))),100);
#EqQuartets: 313486805
Score: 230466818
ASTRAL for PaRalogs and Orthologs III (ASTRAL-Pro3)
*** NOW with integrated CASTLES-Pro ***
Version: v1.22.3.6
Read 512 genetrees and found 100 species.
#Genetrees: 998
#Duploss: 46824
#Species: 100
#Rounds: 4
#Samples: 4
#Threads: 1
Use two-step algorithm!
Guide Tree 0/16
#NNI moves:0/152
Guide Tree 1/16
#NNI moves:0/152
Guide Tree 2/16
#NNI moves:0/152
Guide Tree 3/16
#NNI moves:0/152
Guide Tree 4/16
#NNI moves:0/152
Guide Tree 5/16
#NNI moves:0/152
Guide Tree 6/16
#NNI moves:0/152
Guide Tree 7/16
#NNI moves:0/152
Guide Tree 8/16
#NNI moves:0/152
Guide Tree 9/16
#NNI moves:0/152
Guide Tree 10/16
#NNI moves:0/152
Guide Tree 11/16
#NNI moves:0/152
Guide Tree 12/16
#NNI moves:0/152
Guide Tree 13/16
#NNI moves:0/152
Guide Tree 14/16
#NNI moves:0/152
Guide Tree 15/16
#NNI moves:0/152
Remaining: 0
#NNI moves:6/152
#NNI moves:6/152
(((((((((((((((2,58),57),(((((3,42),63),(20,56)),21),48)),(13,(53,15))),((((6,62),16),((64,49),47)),(33,30))),((((11,38),(10,9)),22),(((((((((99,75),100),((89,(85,90)),(92,76))),(((87,71),84),(97,(95,82)))),((96,73),70)),78),(94,93)),((((86,((77,(79,74)),(72,67))),(80,81)),((91,88),(68,83))),98)),69))),((24,(28,(14,37))),(((43,(36,(26,18))),(66,60)),((27,34),(7,8))))),((61,31),52)),(((50,(5,32)),45),((((12,44),65),((54,41),51)),59))),23),((35,(19,40)),55)),4),(((39,29),1),46)),25),17);
Guide Tree 0/16
#NNI moves:2/152
Guide Tree 1/16
#NNI moves:0/152
Guide Tree 2/16
#NNI moves:0/152
Guide Tree 3/16
#NNI moves:0/152
Guide Tree 4/16
#NNI moves:0/152
Guide Tree 5/16
#NNI moves:0/152
Guide Tree 6/16
#NNI moves:0/152
Guide Tree 7/16
#NNI moves:0/152
Guide Tree 8/16
#NNI moves:0/152
Guide Tree 9/16
#NNI moves:0/152
Guide Tree 10/16
#NNI moves:0/152
Guide Tree 11/16
#NNI moves:0/152
Guide Tree 12/16
#NNI moves:0/152
Guide Tree 13/16
#NNI moves:2/152
Guide Tree 14/16
#NNI moves:0/152
Guide Tree 15/16
#NNI moves:0/152
Remaining: 0
#NNI moves:6/152
#NNI moves:20/152
((((((((((((((((((73,96),70),((((92,76),((90,85),89)),((99,75),100)),(((71,87),84),((95,82),97)))),78),(93,94)),((((86,((72,67),(77,(79,74)))),(81,80)),((68,83),(88,91))),98)),69),(((9,10),(38,11)),22)),(((((2,58),57),(((((3,42),63),(56,20)),21),48)),((53,15),13)),((((62,6),16),((49,64),47)),(30,33)))),((((8,7),(34,27)),((60,66),(43,((26,18),36)))),((28,(37,14)),24))),(52,(61,31))),(((((44,12),65),(51,(54,41))),59),((50,(32,5)),45))),23),(((40,19),35),55)),4),(((39,29),1),46)),25),17);
Guide Tree 0/16
#NNI moves:6/152
Guide Tree 1/16
#NNI moves:0/152
Guide Tree 2/16
#NNI moves:0/152
Guide Tree 3/16
#NNI moves:0/152
Guide Tree 4/16
#NNI moves:6/152
Guide Tree 5/16
#NNI moves:0/152
Guide Tree 6/16
#NNI moves:0/152
Guide Tree 7/16
#NNI moves:0/152
Guide Tree 8/16
#NNI moves:0/152
Guide Tree 9/16
#NNI moves:0/152
Guide Tree 10/16
#NNI moves:6/152
Guide Tree 11/16
#NNI moves:0/152
Guide Tree 12/16
#NNI moves:0/152
Guide Tree 13/16
#NNI moves:2/152
Guide Tree 14/16
#NNI moves:2/152
Guide Tree 15/16
#NNI moves:0/152
Remaining: 0
#NNI moves:8/152
#NNI moves:8/152
((((((((((((((((((((89,(90,85)),(92,76)),((75,99),100)),(((82,95),97),((87,71),84))),(70,(73,96))),78),(94,93)),((((86,(((79,74),77),(67,72))),(81,80)),((88,91),(83,68))),98)),69),(((9,10),(11,38)),22)),((((16,(6,62)),((64,49),47)),(33,30)),(((57,(2,58)),((21,(((42,3),63),(56,20))),48)),(13,(53,15))))),((((8,7),(27,34)),((43,(36,(26,18))),(66,60))),((28,(14,37)),24))),(52,(61,31))),(((((12,44),65),((41,54),51)),59),(45,((5,32),50)))),23),((35,(19,40)),55)),4),((1,(39,29)),46)),25),17);
Guide Tree 0/16
#NNI moves:0/152
Guide Tree 1/16
#NNI moves:0/152
Guide Tree 2/16
#NNI moves:0/152
Guide Tree 3/16
#NNI moves:0/152
Guide Tree 4/16
#NNI moves:0/152
Guide Tree 5/16
#NNI moves:0/152
Guide Tree 6/16
#NNI moves:0/152
Guide Tree 7/16
#NNI moves:0/152
Guide Tree 8/16
#NNI moves:0/152
Guide Tree 9/16
#NNI moves:0/152
Guide Tree 10/16
#NNI moves:0/152
Guide Tree 11/16
#NNI moves:0/152
Guide Tree 12/16
#NNI moves:0/152
Guide Tree 13/16
#NNI moves:0/152
Guide Tree 14/16
#NNI moves:0/152
Guide Tree 15/16
#NNI moves:0/152
Remaining: 0
#NNI moves:44/152
#NNI moves:52/152
((((((((((((((((((((79,74),77),(67,72)),86),(80,81)),((83,68),(91,88))),98),((78,(((96,73),70),((((99,75),100),((92,76),((90,85),89))),(((87,71),84),((95,82),97))))),(93,94))),69),(((10,9),(38,11)),22)),((((((((42,3),63),(20,56)),21),48),((2,58),57)),((53,15),13)),((33,30),(((62,6),16),((64,49),47))))),((((37,14),28),24),(((43,(36,(18,26))),(60,66)),((27,34),(7,8))))),((61,31),52)),((45,((5,32),50)),(((65,(12,44)),((54,41),51)),59))),23),(55,(35,(40,19)))),4),(46,(1,(39,29)))),25),17);
Initial score: 2.20153e+08
Initial tree: ((((((((((((((((((((79,74),77),(67,72)),86),(80,81)),((83,68),(91,88))),98),((78,(((96,73),70),((((99,75),100),((92,76),((90,85),89))),(((87,71),84),((95,82),97))))),(93,94))),69),(((10,9),(38,11)),22)),((((((((42,3),63),(20,56)),21),48),((2,58),57)),((53,15),13)),((33,30),(((62,6),16),((64,49),47))))),((((37,14),28),24),(((43,(36,(18,26))),(60,66)),((27,34),(7,8))))),((61,31),52)),((45,((5,32),50)),(((65,(12,44)),((54,41),51)),59))),23),(55,(35,(40,19)))),4),(46,(1,(39,29)))),25),17);
*** Subsample Process ***
Use two-step algorithm!
#NNI moves:0/152
Remaining: 0
#NNI moves:14/152
#NNI moves:14/152
(((((((((((((((((((65,(44,12)),((41,54),51)),59),((50,(5,32)),45)),((((35,(19,40)),55),(((46,(1,(29,39))),(25,17)),4)),23)),((31,61),52)),((((27,34),(8,7)),((43,((26,18),36)),(66,60))),(((14,37),28),24))),(((33,30),(((49,64),47),((62,6),16))),(((((((3,42),63),(56,20)),21),48),((58,2),57)),((53,15),13)))),(((10,9),(38,11)),22)),69),(((((((92,76),((90,85),89)),((75,99),100)),(((71,87),84),((95,82),97))),((73,96),70)),78),(94,93))),98),((88,91),(83,68))),(80,81)),86),(67,72)),77),74),79);
#NNI moves:6/152
Remaining: 0
#NNI moves:16/152
#NNI moves:16/152
(((((((((((((((((86,((77,(79,74)),(67,72))),(80,81)),((83,68),(88,91))),98),(((((((76,92),(89,(90,85))),(100,(75,99))),(((71,87),84),(97,(95,82)))),((96,73),70)),78),(94,93))),69),(((9,10),(11,38)),22)),((((15,53),13),((((((42,3),63),(20,56)),21),48),((2,58),57))),(((47,(64,49)),(16,(6,62))),(33,30)))),((((27,34),(7,8)),((((18,26),36),43),(66,60))),(24,(28,(14,37))))),((31,61),52)),(((50,(5,32)),45),((((54,41),51),(65,(44,12))),59))),23),(55,((40,19),35))),4),(17,25)),((29,39),1)),46);
#NNI moves:2/152
Remaining: 0
#NNI moves:6/152
#NNI moves:6/152
(((((((((((((((((((5,32),50),45),((((54,41),51),((12,44),65)),59)),(((((19,40),35),55),(((((39,29),1),46),(25,17)),4)),23)),(52,(61,31))),((((27,34),(7,8)),(((36,(18,26)),43),(66,60))),(24,(28,(14,37))))),(((30,33),(((6,62),16),(47,(64,49)))),(((((((3,42),63),(56,20)),21),48),((2,58),57)),(13,(53,15))))),(((38,11),(9,10)),22)),69),((78,(((((71,87),84),((95,82),97)),(((76,92),(89,(85,90))),((99,75),100))),(70,(73,96)))),(94,93))),98),((91,88),(83,68))),(80,81)),86),(72,67)),77),74),79);
#NNI moves:0/152
Remaining: 0
#NNI moves:8/152
#NNI moves:8/152
(((((((((((((((((((((((90,85),89),(76,92)),(100,(75,99))),(((82,95),97),(84,(71,87)))),((96,73),70)),78),(94,93)),(98,(((80,81),(((77,(74,79)),(72,67)),86)),((91,88),(68,83))))),69),(22,((9,10),(11,38)))),((((((((3,42),63),(20,56)),21),48),(57,(58,2))),((53,15),13)),((33,30),((47,(64,49)),((62,6),16))))),((((43,(36,(26,18))),(60,66)),((34,27),(7,8))),(((37,14),28),24))),((61,31),52)),(((((12,44),65),((54,41),51)),59),(((5,32),50),45))),23),((35,(40,19)),55)),4),(17,25)),46),1),29),39);
Current score: 2.20153e+08
Current tree: ((25,(((((((((((((((((((90,85),89),(76,92)),(100,(75,99))),(((82,95),97),(84,(71,87)))),((96,73),70)),78),(94,93)),(98,(((80,81),(((77,(74,79)),(72,67)),86)),((91,88),(68,83))))),69),(22,((9,10),(11,38)))),((((((((3,42),63),(20,56)),21),48),(57,(58,2))),((53,15),13)),((33,30),((47,(64,49)),((62,6),16))))),((((43,(36,(26,18))),(60,66)),((34,27),(7,8))),(((37,14),28),24))),((61,31),52)),(((((12,44),65),((54,41),51)),59),(((5,32),50),45))),23),((35,(40,19)),55)),4),(46,(1,(29,39))))),17);
Final Tree: ((25,(((((((((((((((((((90,85),89),(76,92)),(100,(75,99))),(((82,95),97),(84,(71,87)))),((96,73),70)),78),(94,93)),(98,(((80,81),(((77,(74,79)),(72,67)),86)),((91,88),(68,83))))),69),(22,((9,10),(11,38)))),((((((((3,42),63),(20,56)),21),48),(57,(58,2))),((53,15),13)),((33,30),((47,(64,49)),((62,6),16))))),((((43,(36,(26,18))),(60,66)),((34,27),(7,8))),(((37,14),28),24))),((61,31),52)),(((((12,44),65),((54,41),51)),59),(((5,32),50),45))),23),((35,(40,19)),55)),4),(46,(1,(29,39))))),17);
#EqQuartets: 286189405
Score: 220152872
ASTRAL for PaRalogs and Orthologs III (ASTRAL-Pro3)
*** NOW with integrated CASTLES-Pro ***
Version: v1.22.3.6
Read 512 genetrees and found 100 species.
#Genetrees: 995
#Duploss: 46729
#Species: 100
#Rounds: 4
#Samples: 4
#Threads: 1
Use two-step algorithm!
Guide Tree 0/16
#NNI moves:0/152
Guide Tree 1/16
#NNI moves:0/152
Guide Tree 2/16
#NNI moves:0/152
Guide Tree 3/16
#NNI moves:0/152
Guide Tree 4/16
#NNI moves:0/152
Guide Tree 5/16
#NNI moves:0/152
Guide Tree 6/16
#NNI moves:0/152
Guide Tree 7/16
#NNI moves:0/152
Guide Tree 8/16
#NNI moves:0/152
Guide Tree 9/16
#NNI moves:0/152
Guide Tree 10/16
#NNI moves:0/152
Guide Tree 11/16
#NNI moves:0/152
Guide Tree 12/16
#NNI moves:0/152
Guide Tree 13/16
#NNI moves:0/152
Guide Tree 14/16
#NNI moves:0/152
Guide Tree 15/16
#NNI moves:0/152
Remaining: 0
#NNI moves:2/152
#NNI moves:2/152
((((((((((((((((((49,47),38),91),94),((((48,(61,65)),(70,52)),80),43)),54),((90,76),83)),(((((78,((55,67),39)),84),(86,75)),((71,(74,57)),((40,45),(51,46)))),58)),((((63,(36,(44,72))),(50,98)),((((79,68),100),59),77)),((((((37,88),(92,89)),((41,81),69)),(((56,64),87),(60,53))),(85,42)),((95,73),(66,(82,96)))))),(97,(93,(62,99)))),((((((((14,4),1),(31,33)),30),(27,7)),3),(8,2)),(((26,5),(25,10)),(18,35)))),(16,((29,24),28))),((6,34),(((12,21),23),(13,19)))),(22,20)),11),(17,9)),32),15);
Guide Tree 0/16
#NNI moves:0/152
Guide Tree 1/16
#NNI moves:0/152
Guide Tree 2/16
#NNI moves:0/152
Guide Tree 3/16
#NNI moves:0/152
Guide Tree 4/16
#NNI moves:0/152
Guide Tree 5/16
#NNI moves:0/152
Guide Tree 6/16
#NNI moves:0/152
Guide Tree 7/16
#NNI moves:0/152
Guide Tree 8/16
#NNI moves:0/152
Guide Tree 9/16
#NNI moves:0/152
Guide Tree 10/16
#NNI moves:0/152
Guide Tree 11/16
#NNI moves:2/152
Guide Tree 12/16
#NNI moves:0/152
Guide Tree 13/16
#NNI moves:0/152
Guide Tree 14/16
#NNI moves:0/152
Guide Tree 15/16
#NNI moves:0/152
Remaining: 4
#NNI moves:0/152
#NNI moves:0/152
((((((((((((((((((49,47),38),91),94),(((((61,65),48),(52,70)),80),43)),54),((76,90),83)),(((((40,45),(51,46)),((57,74),71)),((75,86),((((67,55),39),78),84))),58)),(((((82,96),66),(73,95)),(((((37,88),(89,92)),(69,(81,41))),((53,60),(87,(56,64)))),(85,42))),(((98,50),(63,((44,72),36))),(77,(59,((79,68),100)))))),(((62,99),93),97)),(((((30,(((14,4),1),(31,33))),(27,7)),3),(2,8)),(((25,10),(5,26)),(35,18)))),((28,(29,24)),16)),(((19,13),((21,12),23)),(34,6))),(20,22)),11),(9,17)),32),15);
Guide Tree 0/16
#NNI moves:12/152
Guide Tree 1/16
#NNI moves:4/152
Guide Tree 2/16
#NNI moves:0/152
Guide Tree 3/16
#NNI moves:0/152
Guide Tree 4/16
#NNI moves:10/152
Guide Tree 5/16
#NNI moves:2/152
Guide Tree 6/16
#NNI moves:0/152
Guide Tree 7/16
#NNI moves:0/152
Guide Tree 8/16
#NNI moves:4/152
Guide Tree 9/16
#NNI moves:0/152
Guide Tree 10/16
#NNI moves:0/152
Guide Tree 11/16
#NNI moves:6/152
Guide Tree 12/16
#NNI moves:0/152
Guide Tree 13/16
#NNI moves:2/152
Guide Tree 14/16
#NNI moves:0/152
Guide Tree 15/16
#NNI moves:4/152
Remaining: 0
#NNI moves:24/152
#NNI moves:24/152
(((((((((((((((((41,81),69),((37,88),(92,89))),((60,53),((56,64),87))),(85,42)),(((96,82),66),(73,95))),(((((44,72),36),63),(98,50)),((((79,68),100),59),77))),((((((51,46),(45,40)),((57,74),71)),((86,75),((((55,67),39),78),84))),58),((((((38,(49,47)),91),94),((((52,70),((61,65),48)),80),43)),54),((90,76),83)))),((93,(99,62)),97)),(((((30,(((4,14),1),(31,33))),(7,27)),3),(8,2)),(((10,25),(5,26)),(18,35)))),(16,((24,29),28))),((34,6),((13,19),((12,21),23)))),(22,20)),11),(17,9)),32),15);
Guide Tree 0/16
#NNI moves:0/152
Guide Tree 1/16
#NNI moves:0/152
Guide Tree 2/16
#NNI moves:0/152
Guide Tree 3/16
#NNI moves:0/152
Guide Tree 4/16
#NNI moves:0/152
Guide Tree 5/16
#NNI moves:0/152
Guide Tree 6/16
#NNI moves:0/152
Guide Tree 7/16
#NNI moves:0/152
Guide Tree 8/16
#NNI moves:2/152
Guide Tree 9/16
#NNI moves:0/152
Guide Tree 10/16
#NNI moves:0/152
Guide Tree 11/16
#NNI moves:0/152
Guide Tree 12/16
#NNI moves:0/152
Guide Tree 13/16
#NNI moves:0/152
Guide Tree 14/16
#NNI moves:0/152
Guide Tree 15/16
#NNI moves:0/152
Remaining: 0
#NNI moves:6/152
#NNI moves:8/152
(((((((((((((((((64,56),87),(53,60)),(((89,92),(88,37)),(69,(81,41)))),(85,42)),((95,73),(66,(96,82)))),(((((72,44),36),63),(98,50)),((59,((79,68),100)),77))),(((((94,(((49,47),38),91)),((((70,52),((61,65),48)),80),43)),54),((90,76),83)),((((86,75),(((39,(55,67)),78),84)),(((40,45),(51,46)),((74,57),71))),58))),(97,(93,(62,99)))),(((((((1,(4,14)),(33,31)),30),(27,7)),3),(2,8)),((35,18),((26,5),(25,10))))),(((24,29),28),16)),((34,6),(((21,12),23),(19,13)))),(22,20)),11),(9,17)),32),15);
Initial score: 2.68271e+08
Initial tree: (((((((((((((((((64,56),87),(53,60)),(((89,92),(88,37)),(69,(81,41)))),(85,42)),((95,73),(66,(96,82)))),(((((72,44),36),63),(98,50)),((59,((79,68),100)),77))),(((((94,(((49,47),38),91)),((((70,52),((61,65),48)),80),43)),54),((90,76),83)),((((86,75),(((39,(55,67)),78),84)),(((40,45),(51,46)),((74,57),71))),58))),(97,(93,(62,99)))),(((((((1,(4,14)),(33,31)),30),(27,7)),3),(2,8)),((35,18),((26,5),(25,10))))),(((24,29),28),16)),((34,6),(((21,12),23),(19,13)))),(22,20)),11),(9,17)),32),15);
*** Subsample Process ***
Use two-step algorithm!
#NNI moves:4/152
Remaining: 0
#NNI moves:22/152
#NNI moves:22/152
((((((((((((((91,((47,49),38)),94),(43,(80,(((65,61),48),(70,52))))),54),((90,76),83)),(((((57,74),71),((46,51),(45,40))),((86,75),((((55,67),39),78),84))),58)),((((((22,20),(((17,9),(32,15)),11)),((6,34),((13,19),((12,21),23)))),(((24,29),28),16)),(((((27,7),(((1,(4,14)),(31,33)),30)),3),(2,8)),(((26,5),(10,25)),(18,35)))),((93,(62,99)),97))),(((((44,72),36),63),(98,50)),(((100,(68,79)),59),77))),(((82,96),66),(73,95))),(85,42)),(((88,37),(89,92)),(69,(41,81)))),((56,64),87)),53),60);
#NNI moves:0/152
Remaining: 1
#NNI moves:14/152
#NNI moves:20/152
(((((((((((((27,7),(((31,33),((14,4),1)),30)),3),(8,2)),(((26,5),(25,10)),(35,18))),((((((((((55,67),39),78),84),(86,75)),(((46,51),(40,45)),(71,(74,57)))),58),(((((((52,70),(48,(61,65))),80),43),((((49,47),38),91),94)),54),((76,90),83))),(((((36,(72,44)),63),(98,50)),((59,((79,68),100)),77)),((((((37,88),(89,92)),((41,81),69)),((60,53),((56,64),87))),(85,42)),((66,(82,96)),(95,73))))),((93,(99,62)),97))),(((29,24),28),16)),((6,34),(((21,12),23),(13,19)))),(20,22)),11),(9,17)),15),32);
#NNI moves:0/152
Remaining: 1
#NNI moves:6/152
#NNI moves:6/152
((((((((((((((((85,42),(((87,(56,64)),(60,53)),(((88,37),(92,89)),((41,81),69)))),((73,95),((96,82),66))),((((36,(72,44)),63),(98,50)),((59,(100,(79,68))),77))),((((((((49,47),38),91),94),((((70,52),(48,(61,65))),80),43)),54),((76,90),83)),(((((((55,67),39),78),84),(75,86)),((71,(74,57)),((40,45),(46,51)))),58))),(97,(93,(99,62)))),((((11,((9,17),(15,32))),(22,20)),(((23,(21,12)),(13,19)),(34,6))),(((29,24),28),16))),(((26,5),(10,25)),(18,35))),(2,8)),3),(7,27)),30),(31,33)),1),4),14);
#NNI moves:0/152
Remaining: 0
#NNI moves:8/152
#NNI moves:14/152
((((((((((((((((91,(38,(47,49))),94),((((52,70),(48,(65,61))),80),43)),54),(83,(90,76))),((((84,((39,(67,55)),78)),(86,75)),(((45,40),(46,51)),(71,(57,74)))),58)),(((((((88,37),(92,89)),(69,(41,81))),(((56,64),87),(60,53))),(42,85)),((95,73),(66,(82,96)))),(((((79,68),100),59),77),((((44,72),36),63),(50,98))))),(97,((62,99),93))),(((((((33,31),((14,4),1)),30),(7,27)),3),(8,2)),((35,18),((5,26),(10,25))))),(((24,29),28),16)),(((19,13),((12,21),23)),(34,6))),(22,20)),11),(32,15)),9),17);
Current score: 2.68271e+08
Current tree: ((32,((((((((((((((91,(38,(47,49))),94),((((52,70),(48,(65,61))),80),43)),54),(83,(90,76))),((((84,((39,(67,55)),78)),(86,75)),(((45,40),(46,51)),(71,(57,74)))),58)),(((((((88,37),(92,89)),(69,(41,81))),(((56,64),87),(60,53))),(42,85)),((95,73),(66,(82,96)))),(((((79,68),100),59),77),((((44,72),36),63),(50,98))))),(97,((62,99),93))),(((((((33,31),((14,4),1)),30),(7,27)),3),(8,2)),((35,18),((5,26),(10,25))))),(((24,29),28),16)),(((19,13),((12,21),23)),(34,6))),(22,20)),11),(9,17))),15);
Final Tree: ((32,((((((((((((((91,(38,(47,49))),94),((((52,70),(48,(65,61))),80),43)),54),(83,(90,76))),((((84,((39,(67,55)),78)),(86,75)),(((45,40),(46,51)),(71,(57,74)))),58)),(((((((88,37),(92,89)),(69,(41,81))),(((56,64),87),(60,53))),(42,85)),((95,73),(66,(82,96)))),(((((79,68),100),59),77),((((44,72),36),63),(50,98))))),(97,((62,99),93))),(((((((33,31),((14,4),1)),30),(7,27)),3),(8,2)),((35,18),((5,26),(10,25))))),(((24,29),28),16)),(((19,13),((12,21),23)),(34,6))),(22,20)),11),(9,17))),15);
#EqQuartets: 337283376
Score: 268270739
ASTRAL for PaRalogs and Orthologs III (ASTRAL-Pro3)
*** NOW with integrated CASTLES-Pro ***
Version: v1.22.3.6
Read 512 genetrees and found 100 species.
#Genetrees: 999
#Duploss: 40840
#Species: 100
#Rounds: 4
#Samples: 4
#Threads: 1
Use two-step algorithm!
Guide Tree 0/16
#NNI moves:0/152
Guide Tree 1/16
#NNI moves:2/152
Guide Tree 2/16
#NNI moves:0/152
Guide Tree 3/16
#NNI moves:0/152
Guide Tree 4/16
#NNI moves:0/152
Guide Tree 5/16
#NNI moves:0/152
Guide Tree 6/16
#NNI moves:0/152
Guide Tree 7/16
#NNI moves:2/152
Guide Tree 8/16
#NNI moves:6/152
Guide Tree 9/16
#NNI moves:6/152
Guide Tree 10/16
#NNI moves:0/152
Guide Tree 11/16
#NNI moves:0/152
Guide Tree 12/16
#NNI moves:0/152
Guide Tree 13/16
#NNI moves:0/152
Guide Tree 14/16
#NNI moves:6/152
Guide Tree 15/16
#NNI moves:0/152
Remaining: 0
#NNI moves:12/152
#NNI moves:12/152
((((((((((((((((((((15,24),(3,41)),21),4),10),(26,30)),44),((31,((((37,17),8),35),29)),(6,1))),(((25,12),36),((28,14),9))),(18,22)),(((42,23),((((((((((5,38),20),11),45),27),39),34),(40,13)),2),33)),(((43,16),7),(32,19)))),((((53,72),((48,98),60)),(((62,49),55),73)),((((((69,83),87),(58,96)),46),84),(((68,90),82),75)))),((((79,67),57),91),70)),(76,93)),((((89,78),81),92),74)),(((((((85,94),63),77),((100,47),(51,64))),((95,52),50)),56),(71,88))),(59,(54,66))),(((97,86),99),80)),65),61);
Guide Tree 0/16
#NNI moves:0/152
Guide Tree 1/16
#NNI moves:0/152
Guide Tree 2/16
#NNI moves:0/152
Guide Tree 3/16
#NNI moves:0/152
Guide Tree 4/16
#NNI moves:2/152
Guide Tree 5/16
#NNI moves:6/152
Guide Tree 6/16
#NNI moves:2/152
Guide Tree 7/16
#NNI moves:8/152
Guide Tree 8/16
#NNI moves:0/152
Guide Tree 9/16
#NNI moves:2/152
Guide Tree 10/16
#NNI moves:2/152
Guide Tree 11/16
#NNI moves:2/152
Guide Tree 12/16
#NNI moves:0/152
Guide Tree 13/16
#NNI moves:2/152
Guide Tree 14/16
#NNI moves:0/152
Guide Tree 15/16
#NNI moves:0/152
Remaining: 0
#NNI moves:8/152
#NNI moves:24/152
((((((((((((((((((((15,24),(41,3)),21),4),10),(30,26)),44),(((((8,(37,17)),35),29),31),(1,6))),(((12,25),36),((14,28),9))),(18,22)),((((((((((((5,38),20),11),45),27),39),34),(40,13)),2),33),(42,23)),((19,32),((16,43),7)))),(((73,((62,49),55)),((((67,79),57),91),70)),(((98,48),60),(72,53)))),((84,(((96,58),(87,(69,83))),46)),(75,((90,68),82)))),(93,76)),(((81,(78,89)),92),74)),((((((51,64),(100,47)),(77,((94,85),63))),((52,95),50)),56),(88,71))),((66,54),59)),(((97,86),99),80)),65),61);
Guide Tree 0/16
#NNI moves:0/152
Guide Tree 1/16
#NNI moves:0/152
Guide Tree 2/16
#NNI moves:0/152
Guide Tree 3/16
#NNI moves:0/152
Guide Tree 4/16
#NNI moves:0/152
Guide Tree 5/16
#NNI moves:0/152
Guide Tree 6/16
#NNI moves:0/152
Guide Tree 7/16
#NNI moves:0/152
Guide Tree 8/16
#NNI moves:0/152
Guide Tree 9/16
#NNI moves:0/152
Guide Tree 10/16
#NNI moves:0/152
Guide Tree 11/16
#NNI moves:0/152
Guide Tree 12/16
#NNI moves:0/152
Guide Tree 13/16
#NNI moves:0/152
Guide Tree 14/16
#NNI moves:0/152
Guide Tree 15/16
#NNI moves:2/152
Remaining: 0
#NNI moves:10/152
#NNI moves:10/152
((((((((((((((((((((((5,38),20),11),45),27),39),34),(13,40)),2),33),(23,42)),((32,19),((16,43),7))),(((((((35,((17,37),8)),29),31),(6,1)),(((((((3,41),(24,15)),21),4),10),(26,30)),44)),(((12,25),36),((28,14),9))),(22,18))),((((48,98),60),(72,53)),(((91,(57,(67,79))),70),(73,((62,49),55))))),(((((96,58),((69,83),87)),46),84),(((90,68),82),75))),(76,93)),(((81,(89,78)),92),74)),((((((47,100),(64,51)),(((85,94),63),77)),(50,(52,95))),56),(71,88))),((66,54),59)),(((86,97),99),80)),65),61);
Guide Tree 0/16
#NNI moves:0/152
Guide Tree 1/16
#NNI moves:2/152
Guide Tree 2/16
#NNI moves:0/152
Guide Tree 3/16
#NNI moves:0/152
Guide Tree 4/16
#NNI moves:0/152
Guide Tree 5/16
#NNI moves:0/152
Guide Tree 6/16
#NNI moves:2/152
Guide Tree 7/16
#NNI moves:0/152
Guide Tree 8/16
#NNI moves:0/152
Guide Tree 9/16
#NNI moves:2/152
Guide Tree 10/16
#NNI moves:0/152
Guide Tree 11/16
#NNI moves:2/152
Guide Tree 12/16
#NNI moves:0/152
Guide Tree 13/16
#NNI moves:0/152
Guide Tree 14/16
#NNI moves:0/152
Guide Tree 15/16
#NNI moves:0/152
Remaining: 0
#NNI moves:18/152
#NNI moves:20/152
((((((((((((((((((((((38,5),20),11),45),27),39),34),(13,40)),2),33),(42,23)),((19,32),((16,43),7))),((((((((21,((24,15),(41,3))),4),10),(26,30)),44),((31,((((37,17),8),35),29)),(1,6))),(((28,14),9),((12,25),36))),(18,22))),((53,((60,(48,98)),72)),((((49,62),55),73),((91,((79,67),57)),70)))),(((((87,(69,83)),(96,58)),46),84),(((90,68),82),75))),(76,93)),((((89,78),81),92),74)),(((((((85,94),63),77),((47,100),(64,51))),((95,52),50)),56),(71,88))),((54,66),59)),(80,((86,97),99))),65),61);
Initial score: 3.03217e+08
Initial tree: ((((((((((((((((((((((38,5),20),11),45),27),39),34),(13,40)),2),33),(42,23)),((19,32),((16,43),7))),((((((((21,((24,15),(41,3))),4),10),(26,30)),44),((31,((((37,17),8),35),29)),(1,6))),(((28,14),9),((12,25),36))),(18,22))),((((60,(48,98)),(72,53)),(((49,62),55),73)),(((((87,(69,83)),(96,58)),46),84),(((90,68),82),75)))),((91,((79,67),57)),70)),(76,93)),((((89,78),81),92),74)),(((((((85,94),63),77),((47,100),(64,51))),((95,52),50)),56),(71,88))),((54,66),59)),(80,((86,97),99))),65),61);
*** Subsample Process ***
Use two-step algorithm!
#NNI moves:0/152
Remaining: 0
#NNI moves:16/152
#NNI moves:16/152
((((((((((((((((((((((((((85,94),63),77),((100,47),(51,64))),(50,(95,52))),56),(71,88)),(((80,((86,97),99)),(65,61)),((66,54),59))),((((89,78),81),92),74)),(93,76)),((((79,67),57),91),70)),((((60,(98,48)),(72,53)),((55,(62,49)),73)),((((((69,83),87),(96,58)),46),84),((82,(68,90)),75)))),(((((31,((((17,37),8),35),29)),(1,6)),(((10,((((41,3),(15,24)),21),4)),(26,30)),44)),(((14,28),9),(36,(12,25)))),(18,22))),((32,19),((16,43),7))),(23,42)),33),2),(13,40)),34),39),27),45),11),20),5),38);
#NNI moves:0/152
Remaining: 0
#NNI moves:12/152
#NNI moves:26/152
((((((((((((((((26,30),(((((24,15),(41,3)),21),4),10)),44),((31,(29,(35,(8,(17,37))))),(1,6))),((36,(25,12)),((14,28),9))),(18,22)),((((2,((((((((5,38),20),11),45),27),39),34),(13,40))),33),(23,42)),((32,19),(7,(16,43))))),(((84,((((83,69),87),(96,58)),46)),(((68,90),82),75)),(((53,72),(60,(98,48))),(73,((62,49),55))))),((((79,67),57),91),70)),(93,76)),((((78,89),81),92),74)),(((((((94,85),63),77),((100,47),(64,51))),((95,52),50)),56),(71,88))),((66,54),59)),(65,61)),(99,(97,86))),80);
#NNI moves:2/152
Remaining: 0
#NNI moves:12/152
#NNI moves:14/152
((((((((((((((((((((47,100),(64,51)),(((85,94),63),77)),((95,52),50)),56),(71,88)),(((((97,86),99),80),(61,65)),((66,54),59))),((((78,89),81),92),74)),(76,93)),((((57,(67,79)),91),70),(((62,49),55),73))),(((((58,96),(87,(83,69))),46),84),(75,((68,90),82)))),(((48,98),60),(53,72))),((((((((((((38,5),20),11),45),27),39),34),(40,13)),2),33),(23,42)),(((43,16),7),(32,19)))),(18,22)),(((14,28),9),((25,12),36))),((31,(29,(35,((17,37),8)))),(6,1))),44),(((((15,24),(41,3)),21),4),10)),30),26);
#NNI moves:0/152
Remaining: 0
#NNI moves:12/152
#NNI moves:12/152
(((((((((((((((((((((37,17),8),35),29),31),(1,6)),(((((((24,15),(3,41)),21),4),10),(30,26)),44)),((36,(25,12)),(9,(14,28)))),(22,18)),(((((((((45,(11,((38,5),20))),27),39),34),(13,40)),2),33),(42,23)),(((16,43),7),(32,19)))),((((53,72),((48,98),60)),(((49,62),55),73)),(((((96,58),((69,83),87)),46),84),(((68,90),82),75)))),(70,(91,(57,(79,67))))),(76,93)),((((89,78),81),92),74)),((((((51,64),(100,47)),(((85,94),63),77)),((95,52),50)),56),(71,88))),((54,66),59)),(65,61)),80),99),86),97);
Current score: 3.03217e+08
Current tree: ((65,(((((((((((((((((37,17),8),35),29),31),(1,6)),(((((((24,15),(3,41)),21),4),10),(30,26)),44)),((36,(25,12)),(9,(14,28)))),(22,18)),(((((((((45,(11,((38,5),20))),27),39),34),(13,40)),2),33),(42,23)),(((16,43),7),(32,19)))),((((53,72),((48,98),60)),(((49,62),55),73)),(((((96,58),((69,83),87)),46),84),(((68,90),82),75)))),(70,(91,(57,(79,67))))),(76,93)),((((89,78),81),92),74)),((((((51,64),(100,47)),(((85,94),63),77)),((95,52),50)),56),(71,88))),((54,66),59)),(80,(99,(86,97))))),61);
Final Tree: ((65,(((((((((((((((((37,17),8),35),29),31),(1,6)),(((((((24,15),(3,41)),21),4),10),(30,26)),44)),((36,(25,12)),(9,(14,28)))),(22,18)),(((((((((45,(11,((38,5),20))),27),39),34),(13,40)),2),33),(42,23)),(((16,43),7),(32,19)))),((((53,72),((48,98),60)),(((49,62),55),73)),(((((96,58),((69,83),87)),46),84),(((68,90),82),75)))),(70,(91,(57,(79,67))))),(76,93)),((((89,78),81),92),74)),((((((51,64),(100,47)),(((85,94),63),77)),((95,52),50)),56),(71,88))),((54,66),59)),(80,(99,(86,97))))),61);
#EqQuartets: 373268695
Score: 303216636
ASTRAL for PaRalogs and Orthologs III (ASTRAL-Pro3)
*** NOW with integrated CASTLES-Pro ***
Version: v1.22.3.6
Read 512 genetrees and found 100 species.
#Genetrees: 998
#Duploss: 47284
#Species: 100
#Rounds: 4
#Samples: 4
#Threads: 1
Use two-step algorithm!
Guide Tree 0/16
#NNI moves:0/152
Guide Tree 1/16
#NNI moves:0/152
Guide Tree 2/16
#NNI moves:0/152
Guide Tree 3/16
#NNI moves:2/152
Guide Tree 4/16
#NNI moves:0/152
Guide Tree 5/16
#NNI moves:0/152
Guide Tree 6/16
#NNI moves:0/152
Guide Tree 7/16
#NNI moves:0/152
Guide Tree 8/16
#NNI moves:0/152
Guide Tree 9/16
#NNI moves:0/152
Guide Tree 10/16
#NNI moves:0/152
Guide Tree 11/16
#NNI moves:0/152
Guide Tree 12/16
#NNI moves:0/152
Guide Tree 13/16
#NNI moves:0/152
Guide Tree 14/16
#NNI moves:0/152
Guide Tree 15/16
#NNI moves:0/152
Remaining: 0
#NNI moves:12/152
#NNI moves:12/152
(((((((((((((((((((80,51),90),99),((((79,60),75),(67,94)),(100,46))),62),(86,((((93,53),78),95),89))),(((((48,72),84),(88,76)),(91,69)),70)),((((73,(87,63)),49),(58,81)),((64,((45,(52,59)),(92,97))),(((65,77),83),82)))),(((61,(((((71,56),44),54),96),((57,50),(47,(98,66))))),((55,85),68)),74)),(20,36)),((31,11),(40,7))),(((((((25,(27,28)),16),30),((34,(8,((((42,32),15),14),24))),37)),38),((19,4),(13,(2,29)))),17)),((((6,9),22),39),(12,3))),26),(41,(5,(21,23)))),((33,10),35)),18),43),1);
Guide Tree 0/16
#NNI moves:0/152
Guide Tree 1/16
#NNI moves:0/152
Guide Tree 2/16
#NNI moves:0/152
Guide Tree 3/16
#NNI moves:0/152
Guide Tree 4/16
#NNI moves:0/152
Guide Tree 5/16
#NNI moves:0/152
Guide Tree 6/16
#NNI moves:0/152
Guide Tree 7/16
#NNI moves:0/152
Guide Tree 8/16
#NNI moves:0/152
Guide Tree 9/16
#NNI moves:0/152
Guide Tree 10/16
#NNI moves:0/152
Guide Tree 11/16
#NNI moves:0/152
Guide Tree 12/16
#NNI moves:0/152
Guide Tree 13/16
#NNI moves:6/152
Guide Tree 14/16
#NNI moves:0/152
Guide Tree 15/16
#NNI moves:0/152
Remaining: 0
#NNI moves:8/152
#NNI moves:8/152
(((((((((((((((64,(((59,52),45),(92,97))),(((77,65),83),82)),((49,(73,(63,87))),(81,58))),(((((((80,51),90),99),((46,100),((94,67),(75,(79,60))))),62),(86,(89,((78,(53,93)),95)))),(((69,91),(((72,48),84),(76,88))),70))),(((61,(((54,(44,(71,56))),96),(((66,98),47),(50,57)))),((85,55),68)),74)),(20,36)),((7,40),(31,11))),(((((29,2),13),(4,19)),((((((28,27),25),16),30),(37,(((((15,(42,32)),14),24),8),34))),38)),17)),(((22,(9,6)),39),(3,12))),26),(((23,21),5),41)),((33,10),35)),18),43),1);
Guide Tree 0/16
#NNI moves:0/152
Guide Tree 1/16
#NNI moves:0/152
Guide Tree 2/16
#NNI moves:0/152
Guide Tree 3/16
#NNI moves:0/152
Guide Tree 4/16
#NNI moves:0/152
Guide Tree 5/16
#NNI moves:0/152
Guide Tree 6/16
#NNI moves:0/152
Guide Tree 7/16
#NNI moves:0/152
Guide Tree 8/16
#NNI moves:0/152
Guide Tree 9/16
#NNI moves:0/152
Guide Tree 10/16
#NNI moves:0/152
Guide Tree 11/16
#NNI moves:0/152
Guide Tree 12/16
#NNI moves:0/152
Guide Tree 13/16
#NNI moves:0/152
Guide Tree 14/16
#NNI moves:0/152
Guide Tree 15/16
#NNI moves:0/152
Remaining: 1
#NNI moves:4/152
#NNI moves:6/152
((((((((((((((((((100,46),(((60,79),75),(94,67))),((90,(51,80)),99)),62),(((95,(78,(53,93))),89),86)),((((88,76),(84,(48,72))),(69,91)),70)),(((64,((92,97),(45,(52,59)))),(((77,65),83),82)),((81,58),((73,(87,63)),49)))),(((((96,(((56,71),44),54)),((47,(66,98)),(50,57))),61),(68,(85,55))),74)),(36,20)),((7,40),(11,31))),(((((2,29),13),(4,19)),((((((((15,(42,32)),14),24),8),34),37),(((25,(27,28)),16),30)),38)),17)),(((22,(6,9)),39),(3,12))),26),(((23,21),5),41)),((33,10),35)),18),43),1);
Guide Tree 0/16
#NNI moves:0/152
Guide Tree 1/16
#NNI moves:0/152
Guide Tree 2/16
#NNI moves:0/152
Guide Tree 3/16
#NNI moves:0/152
Guide Tree 4/16
#NNI moves:0/152
Guide Tree 5/16
#NNI moves:0/152
Guide Tree 6/16
#NNI moves:0/152
Guide Tree 7/16
#NNI moves:0/152
Guide Tree 8/16
#NNI moves:0/152
Guide Tree 9/16
#NNI moves:0/152
Guide Tree 10/16
#NNI moves:0/152
Guide Tree 11/16
#NNI moves:0/152
Guide Tree 12/16
#NNI moves:0/152
Guide Tree 13/16
#NNI moves:0/152
Guide Tree 14/16
#NNI moves:6/152
Guide Tree 15/16
#NNI moves:0/152
Remaining: 0
#NNI moves:4/152
#NNI moves:4/152
(((((((((((((((((92,97),((59,52),45)),64),((83,(65,77)),82)),(((73,(87,63)),49),(81,58))),(((((((53,93),78),95),89),86),(((((51,80),90),99),((46,100),((67,94),((79,60),75)))),62)),(((69,91),(((48,72),84),(76,88))),70))),(((((96,((44,(71,56)),54)),((47,(98,66)),(57,50))),61),((55,85),68)),74)),(36,20)),((11,31),(40,7))),((((((16,(25,(28,27))),30),((34,((((15,(42,32)),14),24),8)),37)),38),((4,19),((2,29),13))),17)),((((9,6),22),39),(12,3))),26),(((21,23),5),41)),(35,(10,33))),18),43),1);
Initial score: 2.13763e+08
Initial tree: (((((((((((((((((92,97),((59,52),45)),64),((83,(65,77)),82)),(((73,(87,63)),49),(81,58))),(((((((53,93),78),95),89),86),(((((51,80),90),99),((46,100),((67,94),((79,60),75)))),62)),(((69,91),(((48,72),84),(76,88))),70))),(((((96,((44,(71,56)),54)),((47,(98,66)),(57,50))),61),((55,85),68)),74)),(36,20)),((11,31),(40,7))),((((((16,(25,(28,27))),30),((34,((((15,(42,32)),14),24),8)),37)),38),((4,19),((2,29),13))),17)),((((9,6),22),39),(12,3))),26),(((21,23),5),41)),(35,(10,33))),18),43),1);
*** Subsample Process ***
Use two-step algorithm!
#NNI moves:0/152
Remaining: 0
#NNI moves:16/152
#NNI moves:16/152
((((((((((((((((((25,(27,28)),16),30),(((((((32,42),15),14),24),8),34),37)),38),(((2,29),13),(4,19))),17),((((41,((23,21),5)),((18,(43,1)),(35,(10,33)))),26),((39,((9,6),22)),(3,12)))),((40,7),(31,11))),(36,20)),((((((57,50),(47,(66,98))),(96,((44,(71,56)),54))),61),((55,85),68)),74)),((((((46,100),(((79,60),75),(94,67))),(((80,51),90),99)),62),((89,(95,(78,(53,93)))),86)),((((88,76),((72,48),84)),(69,91)),70))),(((73,(63,87)),49),(58,81))),(((65,77),83),82)),64),((52,59),45)),97),92);
#NNI moves:0/152
Remaining: 0
#NNI moves:28/152
#NNI moves:28/152
(((((((((((((((83,(77,65)),82),(64,(((59,52),45),(92,97)))),((58,81),(((63,87),73),49))),(((((((51,80),90),99),((((60,79),75),(67,94)),(46,100))),62),(((95,(78,(53,93))),89),86)),((((88,76),(84,(48,72))),(69,91)),70))),((((((47,(66,98)),(57,50)),((((56,71),44),54),96)),61),((55,85),68)),74)),(20,36)),((40,7),(31,11))),(((((((8,(24,((15,(42,32)),14))),34),37),((16,((28,27),25)),30)),38),(((2,29),13),(4,19))),17)),(((22,(6,9)),39),(12,3))),26),((5,(23,21)),41)),((33,10),35)),(43,1)),18);
#NNI moves:0/152
Remaining: 0
#NNI moves:8/152
#NNI moves:8/152
((((((((((((((((5,(23,21)),41),(((33,10),35),((43,1),18))),26),((39,((9,6),22)),(12,3))),((((((34,(8,(24,(((32,42),15),14)))),37),((16,((28,27),25)),30)),38),((13,(29,2)),(4,19))),17)),((40,7),(11,31))),(20,36)),(((((((98,66),47),(57,50)),((54,((71,56),44)),96)),61),(68,(85,55))),74)),(((((((80,51),90),99),((46,100),((67,94),(75,(60,79))))),62),(((95,((93,53),78)),89),86)),(70,((((72,48),84),(88,76)),(91,69))))),((((87,63),73),49),(81,58))),(((77,65),83),82)),64),((59,52),45)),97),92);
#NNI moves:0/152
Remaining: 2
#NNI moves:2/152
#NNI moves:2/152
(((((((((((((((((65,77),83),82),((((52,59),45),(97,92)),64)),(((73,(87,63)),49),(58,81))),(((((((80,51),90),99),((((79,60),75),(67,94)),(100,46))),62),((((78,(93,53)),95),89),86)),((((84,(48,72)),(76,88)),(91,69)),70))),((((((((56,71),44),54),96),((57,50),(47,(98,66)))),61),(68,(55,85))),74)),(36,20)),((31,11),(7,40))),((((((((28,27),25),16),30),(((8,((((42,32),15),14),24)),34),37)),38),((13,(2,29)),(19,4))),17)),(((22,(6,9)),39),(12,3))),26),(((21,23),5),41)),((43,1),18)),35),10),33);
Current score: 2.13763e+08
Current tree: ((43,(18,((((((((((((((65,77),83),82),((((52,59),45),(97,92)),64)),(((73,(87,63)),49),(58,81))),(((((((80,51),90),99),((((79,60),75),(67,94)),(100,46))),62),((((78,(93,53)),95),89),86)),((((84,(48,72)),(76,88)),(91,69)),70))),((((((((56,71),44),54),96),((57,50),(47,(98,66)))),61),(68,(55,85))),74)),(36,20)),((31,11),(7,40))),((((((((28,27),25),16),30),(((8,((((42,32),15),14),24)),34),37)),38),((13,(2,29)),(19,4))),17)),(((22,(6,9)),39),(12,3))),26),(((21,23),5),41)),(35,(10,33))))),1);
Final Tree: ((43,(18,((((((((((((((65,77),83),82),((((52,59),45),(97,92)),64)),(((73,(87,63)),49),(58,81))),(((((((80,51),90),99),((((79,60),75),(67,94)),(100,46))),62),((((78,(93,53)),95),89),86)),((((84,(48,72)),(76,88)),(91,69)),70))),((((((((56,71),44),54),96),((57,50),(47,(98,66)))),61),(68,(55,85))),74)),(36,20)),((31,11),(7,40))),((((((((28,27),25),16),30),(((8,((((42,32),15),14),24)),34),37)),38),((13,(2,29)),(19,4))),17)),(((22,(6,9)),39),(12,3))),26),(((21,23),5),41)),(35,(10,33))))),1);
#EqQuartets: 268885671
Score: 213763132
