ASTRAL for PaRalogs and Orthologs III (ASTRAL-Pro3)
*** NOW with integrated CASTLES-Pro ***
Version: v1.22.3.6
Read 512 genetrees and found 100 species.
#Genetrees: 994
#Duploss: 45098
#Species: 100
#Rounds: 4
#Samples: 4
#Threads: 1
Use two-step algorithm!
Guide Tree 0/16
#NNI moves:0/152
Guide Tree 1/16
#NNI moves:0/152
Guide Tree 2/16
#NNI moves:6/152
Guide Tree 3/16
#NNI moves:2/152
Guide Tree 4/16
#NNI moves:0/152
Guide Tree 5/16
#NNI moves:0/152
Guide Tree 6/16
#NNI moves:0/152
Guide Tree 7/16
#NNI moves:0/152
Guide Tree 8/16
#NNI moves:6/152
Guide Tree 9/16
#NNI moves:0/152
Guide Tree 10/16
#NNI moves:0/152
Guide Tree 11/16
#NNI moves:2/152
Guide Tree 12/16
#NNI moves:0/152
Guide Tree 13/16
#NNI moves:0/152
Guide Tree 14/16
#NNI moves:0/152
Guide Tree 15/16
#NNI moves:0/152
Remaining: 0
#NNI moves:4/152
#NNI moves:4/152
((((((((((((((((((((60,27),29),45),((56,26),53)),80),(((95,92),100),(43,13))),(78,(64,72))),(((74,73),(84,59)),((22,48),(85,46)))),(54,98)),(((((21,90),87),79),75),((((35,(55,69)),34),((40,86),70)),(24,65)))),((49,89),((96,32),57))),((((((51,18),(76,(68,15))),((39,17),(41,33))),((((94,30),36),91),((((71,16),(44,(50,23))),97),77))),(((5,4),2),(((((9,6),10),((1,11),8)),(12,3)),7))),((((31,25),(52,47)),(20,93)),((19,58),63)))),(37,38)),((62,82),(88,81))),(42,67)),61),83),(66,28)),14),99);
Guide Tree 0/16
#NNI moves:0/152
Guide Tree 1/16
#NNI moves:0/152
Guide Tree 2/16
#NNI moves:0/152
Guide Tree 3/16
#NNI moves:0/152
Guide Tree 4/16
#NNI moves:0/152
Guide Tree 5/16
#NNI moves:0/152
Guide Tree 6/16
#NNI moves:0/152
Guide Tree 7/16
#NNI moves:0/152
Guide Tree 8/16
#NNI moves:2/152
Guide Tree 9/16
#NNI moves:0/152
Guide Tree 10/16
#NNI moves:0/152
Guide Tree 11/16
#NNI moves:0/152
Guide Tree 12/16
#NNI moves:0/152
Guide Tree 13/16
#NNI moves:0/152
Guide Tree 14/16
#NNI moves:0/152
Guide Tree 15/16
#NNI moves:0/152
Remaining: 0
#NNI moves:42/152
#NNI moves:42/152
(((((((((((((((17,39),(33,41)),((76,(15,68)),(18,51))),((((94,30),36),91),(((((50,23),44),(16,71)),97),77))),((2,(4,5)),(((3,12),(((11,1),8),((9,6),10))),7))),((((31,25),(47,52)),(20,93)),(63,(19,58)))),(((((((((53,(26,56)),(((60,27),29),45)),80),(((92,95),100),(13,43))),((72,64),78)),(((84,59),(73,74)),((48,22),(46,85)))),(54,98)),((((((55,69),35),34),((86,40),70)),(65,24)),((79,((21,90),87)),75))),((49,89),((96,32),57)))),(37,38)),((81,88),(62,82))),(42,67)),61),83),(66,28)),14),99);
Guide Tree 0/16
#NNI moves:0/152
Guide Tree 1/16
#NNI moves:0/152
Guide Tree 2/16
#NNI moves:0/152
Guide Tree 3/16
#NNI moves:0/152
Guide Tree 4/16
#NNI moves:0/152
Guide Tree 5/16
#NNI moves:0/152
Guide Tree 6/16
#NNI moves:0/152
Guide Tree 7/16
#NNI moves:0/152
Guide Tree 8/16
#NNI moves:0/152
Guide Tree 9/16
#NNI moves:0/152
Guide Tree 10/16
#NNI moves:0/152
Guide Tree 11/16
#NNI moves:0/152
Guide Tree 12/16
#NNI moves:0/152
Guide Tree 13/16
#NNI moves:0/152
Guide Tree 14/16
#NNI moves:0/152
Guide Tree 15/16
#NNI moves:4/152
Remaining: 0
#NNI moves:14/152
#NNI moves:14/152
((((((((((((((((94,30),36),91),((((71,16),(44,(23,50))),97),77)),(((39,17),(33,41)),(((68,15),76),(51,18)))),((2,(4,5)),((((10,(6,9)),(8,(1,11))),(12,3)),7))),((63,(58,19)),(((52,47),(25,31)),(20,93)))),(((((((85,46),(48,22)),((74,73),(59,84))),(((((45,((27,60),29)),(53,(26,56))),80),(((92,95),100),(13,43))),((64,72),78))),(54,98)),((((34,((69,55),35)),(70,(86,40))),(24,65)),((((21,90),87),79),75))),((49,89),(57,(96,32))))),(38,37)),((81,88),(62,82))),(67,42)),61),83),(66,28)),14),99);
Guide Tree 0/16
#NNI moves:2/152
Guide Tree 1/16
#NNI moves:0/152
Guide Tree 2/16
#NNI moves:0/152
Guide Tree 3/16
#NNI moves:0/152
Guide Tree 4/16
#NNI moves:0/152
Guide Tree 5/16
#NNI moves:0/152
Guide Tree 6/16
#NNI moves:0/152
Guide Tree 7/16
#NNI moves:0/152
Guide Tree 8/16
#NNI moves:0/152
Guide Tree 9/16
#NNI moves:0/152
Guide Tree 10/16
#NNI moves:0/152
Guide Tree 11/16
#NNI moves:0/152
Guide Tree 12/16
#NNI moves:0/152
Guide Tree 13/16
#NNI moves:0/152
Guide Tree 14/16
#NNI moves:0/152
Guide Tree 15/16
#NNI moves:0/152
Remaining: 0
#NNI moves:14/152
#NNI moves:14/152
((((((((((((((91,(36,(30,94))),((97,(((23,50),44),(16,71))),77)),(((41,33),(17,39)),(((15,68),76),(51,18)))),(((5,4),2),((((8,(1,11)),((6,9),10)),(12,3)),7))),((((52,47),(31,25)),(20,93)),((19,58),63))),(((((((((((27,60),29),45),((26,56),53)),80),((100,(95,92)),(13,43))),((64,72),78)),(((73,74),(84,59)),((48,22),(85,46)))),(54,98)),((((((55,69),35),34),((86,40),70)),(65,24)),(75,(((21,90),87),79)))),((89,49),((32,96),57)))),(37,38)),((88,81),(82,62))),(67,42)),61),83),(66,28)),14),99);
Initial score: 2.36928e+08
Initial tree: ((((((((((((((91,(36,(30,94))),((97,(((23,50),44),(16,71))),77)),(((41,33),(17,39)),(((15,68),76),(51,18)))),(((5,4),2),((((8,(1,11)),((6,9),10)),(12,3)),7))),((((52,47),(31,25)),(20,93)),((19,58),63))),(((((((((((27,60),29),45),((26,56),53)),80),((100,(95,92)),(13,43))),((64,72),78)),(((73,74),(84,59)),((48,22),(85,46)))),(54,98)),((((((55,69),35),34),((86,40),70)),(65,24)),(75,(((21,90),87),79)))),((89,49),((32,96),57)))),(37,38)),((88,81),(82,62))),(67,42)),61),83),(66,28)),14),99);
*** Subsample Process ***
Use two-step algorithm!
#NNI moves:0/152
Remaining: 0
#NNI moves:12/152
#NNI moves:12/152
((((((((((((((((45,((60,27),29)),((26,56),53)),80),(((92,95),100),(13,43))),((64,72),78)),(((74,73),(59,84)),((22,48),(46,85)))),(98,54)),(((24,65),((70,(86,40)),(((69,55),35),34))),(((87,(90,21)),79),75))),(((96,32),57),(89,49))),(((((83,((14,99),(28,66))),61),(67,42)),((88,81),(82,62))),(37,38))),((((52,47),(25,31)),(20,93)),((19,58),63))),(((((10,(6,9)),((1,11),8)),(12,3)),7),((4,5),2))),(((41,33),(17,39)),((76,(68,15)),(18,51)))),(77,(((44,(50,23)),(71,16)),97))),((30,94),36)),91);
#NNI moves:0/152
Remaining: 1
#NNI moves:6/152
#NNI moves:6/152
((((((((((((((((((60,27),29),45),((56,26),53)),80),((13,43),((92,95),100))),((64,72),78)),(((22,48),(85,46)),((73,74),(84,59)))),(54,98)),((((((69,55),35),34),(70,(86,40))),(24,65)),(75,(((21,90),87),79)))),(((96,32),57),(89,49))),((((((97,((71,16),((23,50),44))),77),(((94,30),36),91)),((((15,68),76),(18,51)),((17,39),(41,33)))),(((5,4),2),(((((1,11),8),(10,(6,9))),(3,12)),7))),((((25,31),(52,47)),(93,20)),((58,19),63)))),(37,38)),((81,88),(82,62))),(42,67)),61),((28,66),(14,99))),83);
#NNI moves:6/152
Remaining: 2
#NNI moves:8/152
#NNI moves:8/152
(((((((((((((((36,(30,94)),91),(((((23,50),44),(16,71)),97),77)),(((76,(68,15)),(18,51)),((41,33),(17,39)))),(((5,4),2),(((((11,1),8),((9,6),10)),(12,3)),7))),((((25,31),(47,52)),(93,20)),((19,58),63))),((((96,32),57),(49,89)),((((((((((27,60),29),45),((56,26),53)),80),(((95,92),100),(13,43))),((64,72),78)),(((46,85),(48,22)),((59,84),(73,74)))),(54,98)),((75,((87,(21,90)),79)),((65,24),((((69,55),35),34),((40,86),70))))))),(37,38)),((81,88),(62,82))),(42,67)),61),83),(14,99)),28),66);
#NNI moves:0/152
Remaining: 0
#NNI moves:0/152
#NNI moves:0/152
((((((((((((((((80,(((26,56),53),(45,(29,(60,27))))),((100,(95,92)),(43,13))),((72,64),78)),(((74,73),(59,84)),((85,46),(48,22)))),(98,54)),((((70,(40,86)),((35,(69,55)),34)),(24,65)),(75,(((21,90),87),79)))),(((32,96),57),(89,49))),((((82,62),(81,88)),(((((66,28),(14,99)),83),61),(67,42))),(38,37))),((((52,47),(25,31)),(20,93)),((58,19),63))),((((((6,9),10),((1,11),8)),(12,3)),7),((5,4),2))),(((76,(15,68)),(18,51)),((39,17),(41,33)))),(((((50,23),44),(71,16)),97),77)),91),36),94),30);
Current score: 2.36928e+08
Current tree: ((14,((66,28),(83,(61,((67,42),(((82,62),(81,88)),((38,37),((((((((80,(((26,56),53),(45,(29,(60,27))))),((100,(95,92)),(43,13))),((72,64),78)),(((74,73),(59,84)),((85,46),(48,22)))),(98,54)),((((70,(40,86)),((35,(69,55)),34)),(24,65)),(75,(((21,90),87),79)))),(((32,96),57),(89,49))),(((((52,47),(25,31)),(20,93)),((58,19),63)),(((((((6,9),10),((1,11),8)),(12,3)),7),((5,4),2)),((((76,(15,68)),(18,51)),((39,17),(41,33))),((((((50,23),44),(71,16)),97),77),(91,(36,(94,30))))))))))))))),99);
Final Tree: ((14,((66,28),(83,(61,((67,42),(((82,62),(81,88)),((38,37),((((((((80,(((26,56),53),(45,(29,(60,27))))),((100,(95,92)),(43,13))),((72,64),78)),(((74,73),(59,84)),((85,46),(48,22)))),(98,54)),((((70,(40,86)),((35,(69,55)),34)),(24,65)),(75,(((21,90),87),79)))),(((32,96),57),(89,49))),(((((52,47),(25,31)),(20,93)),((58,19),63)),(((((((6,9),10),((1,11),8)),(12,3)),7),((5,4),2)),((((76,(15,68)),(18,51)),((39,17),(41,33))),((((((50,23),44),(71,16)),97),77),(91,(36,(94,30))))))))))))))),99);
#EqQuartets: 309193168
Score: 236927701
ASTRAL for PaRalogs and Orthologs III (ASTRAL-Pro3)
*** NOW with integrated CASTLES-Pro ***
Version: v1.22.3.6
Read 512 genetrees and found 100 species.
#Genetrees: 1000
#Duploss: 47787
#Species: 100
#Rounds: 4
#Samples: 4
#Threads: 1
Use two-step algorithm!
Guide Tree 0/16
#NNI moves:0/152
Guide Tree 1/16
#NNI moves:0/152
Guide Tree 2/16
#NNI moves:0/152
Guide Tree 3/16
#NNI moves:0/152
Guide Tree 4/16
#NNI moves:0/152
Guide Tree 5/16
#NNI moves:0/152
Guide Tree 6/16
#NNI moves:2/152
Guide Tree 7/16
#NNI moves:2/152
Guide Tree 8/16
#NNI moves:0/152
Guide Tree 9/16
#NNI moves:0/152
Guide Tree 10/16
#NNI moves:0/152
Guide Tree 11/16
#NNI moves:0/152
Guide Tree 12/16
#NNI moves:2/152
Guide Tree 13/16
#NNI moves:2/152
Guide Tree 14/16
#NNI moves:0/152
Guide Tree 15/16
#NNI moves:0/152
Remaining: 0
#NNI moves:14/152
#NNI moves:14/152
((((((((((((83,(90,68)),(82,97)),(88,(64,77))),((96,(81,86)),((84,(95,(66,74))),(65,99)))),(((((85,71),94),(((92,67),75),(70,62))),(((91,(72,100)),76),78)),(((63,98),((((79,93),80),(89,87)),73)),69))),((((((((56,23),21),42),(18,33)),(54,(50,43))),(45,11)),(((((3,6),32),28),((53,((13,25),5)),8)),(((((19,17),34),41),((24,12),22)),(38,9)))),(1,59))),(((((2,58),(14,16)),(52,30)),(47,46)),(((7,(44,37)),29),(55,48)))),((((57,49),((10,15),39)),27),(60,20))),40),((35,((61,26),4)),31)),51),36);
Guide Tree 0/16
#NNI moves:6/152
Guide Tree 1/16
#NNI moves:0/152
Guide Tree 2/16
#NNI moves:2/152
Guide Tree 3/16
#NNI moves:0/152
Guide Tree 4/16
#NNI moves:0/152
Guide Tree 5/16
#NNI moves:2/152
Guide Tree 6/16
#NNI moves:2/152
Guide Tree 7/16
#NNI moves:0/152
Guide Tree 8/16
#NNI moves:0/152
Guide Tree 9/16
#NNI moves:0/152
Guide Tree 10/16
#NNI moves:2/152
Guide Tree 11/16
#NNI moves:2/152
Guide Tree 12/16
#NNI moves:0/152
Guide Tree 13/16
#NNI moves:2/152
Guide Tree 14/16
#NNI moves:0/152
Guide Tree 15/16
#NNI moves:6/152
Remaining: 1
#NNI moves:8/152
#NNI moves:8/152
((((((((((((76,((72,100),91)),78),(((70,62),(75,(67,92))),(94,(71,85)))),(((73,(((93,79),80),(87,89))),(98,63)),69)),(((((95,(66,74)),84),(99,65)),((86,81),96)),((((68,90),83),(82,97)),((64,77),88)))),(((((((3,6),32),28),((((25,13),5),53),8)),((9,38),((((17,19),34),41),((12,24),22)))),((((43,50),54),((33,18),(42,(21,(56,23))))),(11,45))),(59,1))),(((((14,16),(58,2)),(52,30)),(47,46)),(((7,(44,37)),29),(48,55)))),((60,20),(27,((49,57),(39,(10,15)))))),40),(((4,(61,26)),35),31)),51),36);
Guide Tree 0/16
#NNI moves:0/152
Guide Tree 1/16
#NNI moves:2/152
Guide Tree 2/16
#NNI moves:4/152
Guide Tree 3/16
#NNI moves:10/152
Guide Tree 4/16
#NNI moves:0/152
Guide Tree 5/16
#NNI moves:6/152
Guide Tree 6/16
#NNI moves:0/152
Guide Tree 7/16
#NNI moves:0/152
Guide Tree 8/16
#NNI moves:2/152
Guide Tree 9/16
#NNI moves:0/152
Guide Tree 10/16
#NNI moves:0/152
Guide Tree 11/16
#NNI moves:2/152
Guide Tree 12/16
#NNI moves:6/152
Guide Tree 13/16
#NNI moves:0/152
Guide Tree 14/16
#NNI moves:6/152
Guide Tree 15/16
#NNI moves:2/152
Remaining: 0
#NNI moves:10/152
#NNI moves:10/152
((((((((((((((72,100),91),76),78),(((62,70),((92,67),75)),((71,85),94))),(69,((((80,(79,93)),(89,87)),73),(63,98)))),((((99,65),((95,(74,66)),84)),((86,81),96)),((88,(77,64)),(((68,90),83),(97,82))))),(((((((3,6),32),28),(8,((5,(13,25)),53))),((((24,12),22),((34,(17,19)),41)),(9,38))),((((50,43),54),((18,33),(((23,56),21),42))),(45,11))),(1,59))),(((((2,58),(14,16)),(52,30)),(46,47)),((29,(7,(37,44))),(55,48)))),((((49,(57,(15,10))),39),27),(20,60))),40),(((4,(61,26)),35),31)),51),36);
Guide Tree 0/16
#NNI moves:6/152
Guide Tree 1/16
#NNI moves:2/152
Guide Tree 2/16
#NNI moves:0/152
Guide Tree 3/16
#NNI moves:0/152
Guide Tree 4/16
#NNI moves:0/152
Guide Tree 5/16
#NNI moves:2/152
Guide Tree 6/16
#NNI moves:4/152
Guide Tree 7/16
#NNI moves:0/152
Guide Tree 8/16
#NNI moves:2/152
Guide Tree 9/16
#NNI moves:2/152
Guide Tree 10/16
#NNI moves:0/152
Guide Tree 11/16
#NNI moves:4/152
Guide Tree 12/16
#NNI moves:0/152
Guide Tree 13/16
#NNI moves:0/152
Guide Tree 14/16
#NNI moves:2/152
Guide Tree 15/16
#NNI moves:2/152
Remaining: 1
#NNI moves:6/152
#NNI moves:6/152
(((((((((((((50,43),54),((18,33),(((56,23),21),42))),(45,11)),(((((5,(13,25)),53),8),((32,(6,3)),28)),((9,38),((((19,17),34),41),(22,(24,12)))))),(59,1)),(((((((87,89),((93,79),80)),73),(63,98)),69),((((62,70),((92,67),75)),(94,(85,71))),((((72,100),91),76),78))),((((81,86),96),(((95,(66,74)),84),(99,65))),(((97,82),(83,(90,68))),((64,77),88))))),(((((16,14),(58,2)),(52,30)),(46,47)),((55,48),(((44,37),7),29)))),((27,(((15,10),39),(57,49))),(20,60))),40),((((26,61),4),35),31)),51),36);
Initial score: 1.97361e+08
Initial tree: (((((((((((((50,43),54),((18,33),(((56,23),21),42))),(45,11)),(((((5,(13,25)),53),8),((32,(6,3)),28)),((9,38),((((19,17),34),41),(22,(24,12)))))),(59,1)),(((((((87,89),((93,79),80)),73),(63,98)),69),((((62,70),((92,67),75)),(94,(85,71))),((((72,100),91),76),78))),((((81,86),96),(((95,(66,74)),84),(99,65))),(((97,82),(83,(90,68))),((64,77),88))))),(((((16,14),(58,2)),(52,30)),(46,47)),((55,48),(((44,37),7),29)))),((27,(((15,10),39),(57,49))),(20,60))),40),((((26,61),4),35),31)),51),36);
*** Subsample Process ***
Use two-step algorithm!
#NNI moves:0/152
Remaining: 0
#NNI moves:16/152
#NNI moves:16/152
(((((((((((((76,((100,72),91)),78),(((75,(67,92)),(62,70)),((71,85),94))),(((63,98),(((87,89),(80,(79,93))),73)),69)),((((81,86),96),((65,99),(((66,74),95),84))),(((83,(68,90)),(97,82)),((77,64),88)))),((((((49,57),(39,(15,10))),27),(20,60)),((((35,((61,26),4)),31),(51,36)),40)),(((47,46),((52,30),((58,2),(14,16)))),((29,(7,(44,37))),(55,48))))),(1,59)),((((32,(3,6)),28),((((13,25),5),53),8)),(((41,((17,19),34)),((12,24),22)),(9,38)))),(45,11)),(54,(43,50))),(42,((23,56),21))),33),18);
#NNI moves:2/152
Remaining: 2
#NNI moves:18/152
#NNI moves:18/152
((((((((((((((33,18),(((23,56),21),42)),(54,(43,50))),(45,11)),(((((3,6),32),28),((((13,25),5),53),8)),((((34,(19,17)),41),((24,12),22)),(9,38)))),(1,59)),(((((((87,89),((93,79),80)),73),(63,98)),69),((((91,(100,72)),76),78),(((75,(92,67)),(70,62)),((85,71),94)))),((((86,81),96),((65,99),(84,((74,66),95)))),(((83,(68,90)),(82,97)),(88,(64,77)))))),(((29,((37,44),7)),(48,55)),((46,47),((52,30),((58,2),(14,16)))))),(((((10,15),39),(57,49)),27),(60,20))),40),(51,36)),31),(4,(26,61))),35);
#NNI moves:0/152
Remaining: 0
#NNI moves:14/152
#NNI moves:20/152
((((((((((((((29,(7,(37,44))),(55,48)),((47,46),((30,52),((58,2),(14,16))))),(((((39,(10,15)),(49,57)),27),(60,20)),((((((61,26),4),35),31),(36,51)),40))),(((((73,((89,87),((93,79),80))),(63,98)),69),((((75,(67,92)),(62,70)),((85,71),94)),(78,((91,(72,100)),76)))),((((81,86),96),((84,(95,(74,66))),(65,99))),(((77,64),88),(((90,68),83),(82,97)))))),(1,59)),(((((6,3),32),28),((((25,13),5),53),8)),(((22,(24,12)),(((17,19),34),41)),(38,9)))),(11,45)),((50,43),54)),(18,33)),42),21),56),23);
#NNI moves:0/152
Remaining: 0
#NNI moves:16/152
#NNI moves:22/152
(((((((((((((((8,(53,((13,25),5))),(28,((6,3),32))),(((((19,17),34),41),((12,24),22)),(38,9))),((45,11),((54,(43,50)),((18,33),(((23,56),21),42))))),(59,1)),(((((((80,(79,93)),(89,87)),73),(98,63)),69),((((62,70),(75,(92,67))),(94,(85,71))),(((91,(72,100)),76),78))),(((((68,90),83),(82,97)),(88,(64,77))),(((86,81),96),((84,((66,74),95)),(65,99)))))),(((47,46),(((16,14),(2,58)),(52,30))),((((37,44),7),29),(55,48)))),((((49,57),((15,10),39)),27),(60,20))),40),(51,36)),31),35),4),61),26);
Current score: 1.97361e+08
Current tree: ((51,((((((((((8,(53,((13,25),5))),(28,((6,3),32))),(((((19,17),34),41),((12,24),22)),(38,9))),((45,11),((54,(43,50)),((18,33),(((23,56),21),42))))),(59,1)),(((((((80,(79,93)),(89,87)),73),(98,63)),69),((((62,70),(75,(92,67))),(94,(85,71))),(((91,(72,100)),76),78))),(((((68,90),83),(82,97)),(88,(64,77))),(((86,81),96),((84,((66,74),95)),(65,99)))))),(((47,46),(((16,14),(2,58)),(52,30))),((((37,44),7),29),(55,48)))),((((49,57),((15,10),39)),27),(60,20))),40),(31,(35,(4,(61,26)))))),36);
Final Tree: ((51,((((((((((8,(53,((13,25),5))),(28,((6,3),32))),(((((19,17),34),41),((12,24),22)),(38,9))),((45,11),((54,(43,50)),((18,33),(((23,56),21),42))))),(59,1)),(((((((80,(79,93)),(89,87)),73),(98,63)),69),((((62,70),(75,(92,67))),(94,(85,71))),(((91,(72,100)),76),78))),(((((68,90),83),(82,97)),(88,(64,77))),(((86,81),96),((84,((66,74),95)),(65,99)))))),(((47,46),(((16,14),(2,58)),(52,30))),((((37,44),7),29),(55,48)))),((((49,57),((15,10),39)),27),(60,20))),40),(31,(35,(4,(61,26)))))),36);
#EqQuartets: 257063622
Score: 197360768
ASTRAL for PaRalogs and Orthologs III (ASTRAL-Pro3)
*** NOW with integrated CASTLES-Pro ***
Version: v1.22.3.6
Read 512 genetrees and found 100 species.
#Genetrees: 999
#Duploss: 46606
#Species: 100
#Rounds: 4
#Samples: 4
#Threads: 1
Use two-step algorithm!
Guide Tree 0/16
#NNI moves:2/152
Guide Tree 1/16
#NNI moves:0/152
Guide Tree 2/16
#NNI moves:0/152
Guide Tree 3/16
#NNI moves:0/152
Guide Tree 4/16
#NNI moves:4/152
Guide Tree 5/16
#NNI moves:4/152
Guide Tree 6/16
#NNI moves:0/152
Guide Tree 7/16
#NNI moves:4/152
Guide Tree 8/16
#NNI moves:0/152
Guide Tree 9/16
#NNI moves:0/152
Guide Tree 10/16
#NNI moves:0/152
Guide Tree 11/16
#NNI moves:0/152
Guide Tree 12/16
#NNI moves:0/152
Guide Tree 13/16
#NNI moves:0/152
Guide Tree 14/16
#NNI moves:0/152
Guide Tree 15/16
#NNI moves:0/152
Remaining: 0
#NNI moves:6/152
#NNI moves:6/152
(((((((((((13,(17,1)),((23,40),(34,41))),(((((5,12),(19,4)),37),(15,11)),22)),((((30,(44,8)),24),36),((21,20),(7,((9,6),42))))),(((16,(45,27)),33),(39,3))),(((29,((43,26),(((2,38),(14,(10,18))),(31,35)))),28),(32,25))),(((((65,69),94),(57,55)),(78,88)),((((64,(61,73)),(((93,48),96),62)),92),71))),(((60,63),85),((((76,90),(89,100)),(51,77)),66))),((((((99,49),50),81),((70,72),58)),(97,(54,(74,87)))),((((56,79),75),95),53))),((((86,59),(98,52)),67),((83,82),(((80,47),(68,91)),84)))),46);
Guide Tree 0/16
#NNI moves:0/152
Guide Tree 1/16
#NNI moves:6/152
Guide Tree 2/16
#NNI moves:0/152
Guide Tree 3/16
#NNI moves:0/152
Guide Tree 4/16
#NNI moves:0/152
Guide Tree 5/16
#NNI moves:6/152
Guide Tree 6/16
#NNI moves:0/152
Guide Tree 7/16
#NNI moves:0/152
Guide Tree 8/16
#NNI moves:0/152
Guide Tree 9/16
#NNI moves:0/152
Guide Tree 10/16
#NNI moves:2/152
Guide Tree 11/16
#NNI moves:0/152
Guide Tree 12/16
#NNI moves:0/152
Guide Tree 13/16
#NNI moves:0/152
Guide Tree 14/16
#NNI moves:0/152
Guide Tree 15/16
#NNI moves:0/152
Remaining: 2
#NNI moves:6/152
#NNI moves:8/152
((((((((((((15,11),(((4,19),(5,12)),37)),22),((13,(1,17)),((40,23),(41,34)))),((36,(((44,8),30),24)),(((42,(9,6)),7),(21,20)))),((39,3),((16,(45,27)),33))),(((((((14,(18,10)),(38,2)),(31,35)),(26,43)),29),28),(32,25))),(((((64,(61,73)),(((48,93),96),62)),92),71),(((55,57),((65,69),94)),(88,78)))),((85,(63,60)),((((90,76),(100,89)),(77,51)),66))),(((((72,70),58),((50,(49,99)),81)),(((74,87),54),97)),((((56,79),75),95),53))),((((59,86),(98,52)),67),((((68,91),(47,80)),84),(83,82)))),46);
Guide Tree 0/16
#NNI moves:0/152
Guide Tree 1/16
#NNI moves:0/152
Guide Tree 2/16
#NNI moves:0/152
Guide Tree 3/16
#NNI moves:0/152
Guide Tree 4/16
#NNI moves:0/152
Guide Tree 5/16
#NNI moves:0/152
Guide Tree 6/16
#NNI moves:0/152
Guide Tree 7/16
#NNI moves:0/152
Guide Tree 8/16
#NNI moves:0/152
Guide Tree 9/16
#NNI moves:0/152
Guide Tree 10/16
#NNI moves:0/152
Guide Tree 11/16
#NNI moves:0/152
Guide Tree 12/16
#NNI moves:0/152
Guide Tree 13/16
#NNI moves:0/152
Guide Tree 14/16
#NNI moves:0/152
Guide Tree 15/16
#NNI moves:0/152
Remaining: 1
#NNI moves:42/152
#NNI moves:52/152
((((((((((((15,11),(((19,4),(12,5)),37)),22),(((23,40),(34,41)),((17,1),13))),(((7,(42,(9,6))),(20,21)),(36,(((8,44),30),24)))),((((45,27),16),33),(3,39))),(((((26,43),28),(((2,38),(14,(10,18))),(31,35))),29),(25,32))),(((((64,(61,73)),(((48,93),96),62)),92),71),(((55,57),((65,69),94)),(88,78)))),(((((76,90),(100,89)),(51,77)),66),((60,63),85))),(((((70,72),58),((50,(49,99)),81)),(97,(54,(87,74)))),(53,((75,(79,56)),95)))),(((84,((47,80),(91,68))),(83,82)),(((98,52),(59,86)),67))),46);
Guide Tree 0/16
#NNI moves:0/152
Guide Tree 1/16
#NNI moves:0/152
Guide Tree 2/16
#NNI moves:2/152
Guide Tree 3/16
#NNI moves:2/152
Guide Tree 4/16
#NNI moves:0/152
Guide Tree 5/16
#NNI moves:0/152
Guide Tree 6/16
#NNI moves:2/152
Guide Tree 7/16
#NNI moves:0/152
Guide Tree 8/16
#NNI moves:2/152
Guide Tree 9/16
#NNI moves:2/152
Guide Tree 10/16
#NNI moves:2/152
Guide Tree 11/16
#NNI moves:2/152
Guide Tree 12/16
#NNI moves:0/152
Guide Tree 13/16
#NNI moves:2/152
Guide Tree 14/16
#NNI moves:4/152
Guide Tree 15/16
#NNI moves:0/152
Remaining: 1
#NNI moves:12/152
#NNI moves:14/152
((((((((((((((19,4),(5,12)),37),(15,11)),22),(((17,1),13),((40,23),(34,41)))),(((((44,8),30),24),36),((((6,9),42),7),(20,21)))),((((27,45),16),33),(39,3))),(((((((10,18),14),(2,38)),(31,35)),(28,(43,26))),29),(32,25))),(((((69,65),94),(57,55)),(88,78)),(((((61,73),64),(((93,48),96),62)),92),71))),((66,(((90,76),(100,89)),(77,51))),((60,63),85))),((((58,(72,70)),(81,(50,(99,49)))),(97,((74,87),54))),(((75,(79,56)),95),53))),((67,((98,52),(86,59))),((((68,91),(47,80)),84),(83,82)))),46);
Initial score: 2.30742e+08
Initial tree: ((((((((((((((19,4),(5,12)),37),(15,11)),22),(((17,1),13),((40,23),(34,41)))),(((((44,8),30),24),36),((((6,9),42),7),(20,21)))),((((27,45),16),33),(39,3))),(((((((10,18),14),(2,38)),(31,35)),(28,(43,26))),29),(32,25))),(((((69,65),94),(57,55)),(88,78)),(((((61,73),64),(((93,48),96),62)),92),71))),((66,(((90,76),(100,89)),(77,51))),((60,63),85))),((((58,(72,70)),(81,(50,(99,49)))),(97,((74,87),54))),(((75,(79,56)),95),53))),((67,((98,52),(86,59))),((((68,91),(47,80)),84),(83,82)))),46);
*** Subsample Process ***
Use two-step algorithm!
#NNI moves:4/152
Remaining: 0
#NNI moves:20/152
#NNI moves:28/152
((((((((((((((((98,52),(86,59)),67),((82,83),(((91,68),(47,80)),84))),46),(((97,(54,(87,74))),((((49,99),50),81),((72,70),58))),(((75,(79,56)),95),53))),((((51,77),((100,89),(76,90))),66),((63,60),85))),((((57,55),((69,65),94)),(88,78)),((92,(((96,(93,48)),62),(64,(61,73)))),71))),((28,(((26,43),(((14,(18,10)),(2,38)),(31,35))),29)),(32,25))),((((45,27),16),33),(39,3))),(((((44,8),30),24),36),((20,21),(((9,6),42),7)))),(((((19,4),(5,12)),37),(11,15)),22)),(13,(17,1))),(23,40)),41),34);
#NNI moves:0/152
Remaining: 8
#NNI moves:8/152
#NNI moves:10/152
((((((((((((((((40,23),(34,41)),((1,17),13)),(((((12,5),(19,4)),37),(11,15)),22)),(((((6,9),42),7),(20,21)),((((8,44),30),24),36))),(((16,(27,45)),33),(3,39))),(((((((18,10),14),(2,38)),(31,35)),(28,(26,43))),29),(25,32))),(((((64,(73,61)),((96,(48,93)),62)),92),71),(((94,(69,65)),(57,55)),(78,88)))),(((((90,76),(100,89)),(51,77)),66),((63,60),85))),(((((74,87),54),97),((81,((99,49),50)),((72,70),58))),((((56,79),75),95),53))),46),((((91,68),(80,47)),84),(83,82))),67),(86,59)),52),98);
#NNI moves:0/152
Remaining: 0
#NNI moves:52/152
#NNI moves:52/152
(((((((((((((((54,(87,74)),97),((81,((99,49),50)),((70,72),58))),((((56,79),75),95),53)),((((82,83),(84,((80,47),(68,91)))),(((59,86),(98,52)),67)),46)),(((60,63),85),(((77,51),((76,90),(89,100))),66))),(((((((93,48),96),62),(64,(61,73))),92),71),(((94,(69,65)),(57,55)),(88,78)))),((((((38,2),((18,10),14)),(35,31)),(28,(43,26))),29),(25,32))),((((27,45),16),33),(39,3))),(((((44,8),30),24),36),((((6,9),42),7),(20,21)))),(((((4,19),(5,12)),37),(15,11)),22)),(13,(17,1))),(40,23)),41),34);
#NNI moves:2/152
Remaining: 0
#NNI moves:6/152
#NNI moves:6/152
(((((((((((((((((((19,4),(12,5)),37),(15,11)),22),(((40,23),(41,34)),((17,1),13))),(((((8,44),30),24),36),((((6,9),42),7),(21,20)))),((39,3),(((45,27),16),33))),((((((2,38),(14,(10,18))),(31,35)),((43,26),28)),29),(32,25))),(((92,((((93,48),96),62),((73,61),64))),71),((78,88),((57,55),((69,65),94))))),((85,(60,63)),((((100,89),(76,90)),(51,77)),66))),(((((56,79),75),95),53),((97,((74,87),54)),((58,(72,70)),(81,((99,49),50)))))),46),(67,((52,98),(86,59)))),(82,83)),84),(91,68)),80),47);
Current score: 2.30742e+08
Current tree: ((((((((((((((19,4),(12,5)),37),(15,11)),22),(((40,23),(41,34)),((17,1),13))),(((((8,44),30),24),36),((((6,9),42),7),(21,20)))),((39,3),(((45,27),16),33))),((((((2,38),(14,(10,18))),(31,35)),((43,26),28)),29),(32,25))),(((92,((((93,48),96),62),((73,61),64))),71),((78,88),((57,55),((69,65),94))))),((85,(60,63)),((((100,89),(76,90)),(51,77)),66))),(((((56,79),75),95),53),((97,((74,87),54)),((58,(72,70)),(81,((99,49),50)))))),((67,((52,98),(86,59))),((82,83),(84,((91,68),(80,47)))))),46);
Final Tree: ((((((((((((((19,4),(12,5)),37),(15,11)),22),(((40,23),(41,34)),((17,1),13))),(((((8,44),30),24),36),((((6,9),42),7),(21,20)))),((39,3),(((45,27),16),33))),((((((2,38),(14,(10,18))),(31,35)),((43,26),28)),29),(32,25))),(((92,((((93,48),96),62),((73,61),64))),71),((78,88),((57,55),((69,65),94))))),((85,(60,63)),((((100,89),(76,90)),(51,77)),66))),(((((56,79),75),95),53),((97,((74,87),54)),((58,(72,70)),(81,((99,49),50)))))),((67,((52,98),(86,59))),((82,83),(84,((91,68),(80,47)))))),46);
#EqQuartets: 299255637
Score: 230741643
ASTRAL for PaRalogs and Orthologs III (ASTRAL-Pro3)
*** NOW with integrated CASTLES-Pro ***
Version: v1.22.3.6
Read 512 genetrees and found 100 species.
#Genetrees: 999
#Duploss: 50260
#Species: 100
#Rounds: 4
#Samples: 4
#Threads: 1
Use two-step algorithm!
Guide Tree 0/16
#NNI moves:0/152
Guide Tree 1/16
#NNI moves:0/152
Guide Tree 2/16
#NNI moves:0/152
Guide Tree 3/16
#NNI moves:0/152
Guide Tree 4/16
#NNI moves:0/152
Guide Tree 5/16
#NNI moves:0/152
Guide Tree 6/16
#NNI moves:0/152
Guide Tree 7/16
#NNI moves:0/152
Guide Tree 8/16
#NNI moves:2/152
Guide Tree 9/16
#NNI moves:0/152
Guide Tree 10/16
#NNI moves:0/152
Guide Tree 11/16
#NNI moves:0/152
Guide Tree 12/16
#NNI moves:0/152
Guide Tree 13/16
#NNI moves:0/152
Guide Tree 14/16
#NNI moves:0/152
Guide Tree 15/16
#NNI moves:0/152
Remaining: 0
#NNI moves:2/152
#NNI moves:2/152
(((((((((((((((((94,90),(78,88)),((83,89),64)),(((75,98),(((((99,85),67),86),62),59)),100)),((74,97),(93,(((66,80),((87,76),63)),(68,84))))),((72,(91,61)),82)),((((71,(95,60)),(77,69)),((81,(96,73)),(92,(70,65)))),79)),21),(((((42,51),((58,1),(17,23))),6),(((((29,36),4),38),3),31)),((16,47),(54,44)))),((((7,34),(14,57)),(((19,43),27),(26,56))),((12,(50,28)),33))),10),((((((41,9),25),(8,18)),((40,11),39)),(2,22)),((24,(37,48)),(20,32)))),(((46,(55,35)),45),(52,(5,15)))),13),49),53),30);
Guide Tree 0/16
#NNI moves:0/152
Guide Tree 1/16
#NNI moves:0/152
Guide Tree 2/16
#NNI moves:0/152
Guide Tree 3/16
#NNI moves:0/152
Guide Tree 4/16
#NNI moves:6/152
Guide Tree 5/16
#NNI moves:2/152
Guide Tree 6/16
#NNI moves:0/152
Guide Tree 7/16
#NNI moves:0/152
Guide Tree 8/16
#NNI moves:0/152
Guide Tree 9/16
#NNI moves:0/152
Guide Tree 10/16
#NNI moves:0/152
Guide Tree 11/16
#NNI moves:0/152
Guide Tree 12/16
#NNI moves:0/152
Guide Tree 13/16
#NNI moves:0/152
Guide Tree 14/16
#NNI moves:0/152
Guide Tree 15/16
#NNI moves:0/152
Remaining: 0
#NNI moves:12/152
#NNI moves:24/152
((((((((((((((((((63,(76,87)),(80,66)),(68,84)),93),(97,74)),((((94,90),(88,78)),((89,83),64)),(((((86,((99,85),67)),62),59),(98,75)),100))),(((61,91),72),82)),((((81,(96,73)),(92,(65,70))),((71,(60,95)),(77,69))),79)),21),((((((17,23),(1,58)),(51,42)),6),(((38,((36,29),4)),3),31)),((54,44),(47,16)))),((33,(12,(50,28))),(((57,14),(34,7)),((27,(43,19)),(56,26))))),10),(((((25,(41,9)),(18,8)),(39,(40,11))),(22,2)),((32,20),(24,(37,48))))),((52,(5,15)),(45,(46,(35,55))))),13),49),53),30);
Guide Tree 0/16
#NNI moves:0/152
Guide Tree 1/16
#NNI moves:0/152
Guide Tree 2/16
#NNI moves:2/152
Guide Tree 3/16
#NNI moves:0/152
Guide Tree 4/16
#NNI moves:0/152
Guide Tree 5/16
#NNI moves:0/152
Guide Tree 6/16
#NNI moves:0/152
Guide Tree 7/16
#NNI moves:0/152
Guide Tree 8/16
#NNI moves:0/152
Guide Tree 9/16
#NNI moves:2/152
Guide Tree 10/16
#NNI moves:0/152
Guide Tree 11/16
#NNI moves:2/152
Guide Tree 12/16
#NNI moves:0/152
Guide Tree 13/16
#NNI moves:2/152
Guide Tree 14/16
#NNI moves:0/152
Guide Tree 15/16
#NNI moves:0/152
Remaining: 0
#NNI moves:18/152
#NNI moves:24/152
((((((((((((((((((62,(((99,85),67),86)),59),(75,98)),100),(((83,89),64),((90,94),(78,88)))),((((((76,87),63),(80,66)),(84,68)),93),(97,74))),((72,(61,91)),82)),((((92,(70,65)),(81,(96,73))),((69,77),((60,95),71))),79)),21),(((31,(((4,(36,29)),38),3)),((((17,23),(58,1)),(42,51)),6)),((47,16),(44,54)))),(((12,(50,28)),33),(((27,(19,43)),(26,56)),((7,34),(57,14))))),10),(((24,(37,48)),(32,20)),((((25,(41,9)),(18,8)),(39,(11,40))),(22,2)))),((((35,55),46),45),((5,15),52))),13),49),53),30);
Guide Tree 0/16
#NNI moves:2/152
Guide Tree 1/16
#NNI moves:2/152
Guide Tree 2/16
#NNI moves:2/152
Guide Tree 3/16
#NNI moves:6/152
Guide Tree 4/16
#NNI moves:0/152
Guide Tree 5/16
#NNI moves:2/152
Guide Tree 6/16
#NNI moves:2/152
Guide Tree 7/16
#NNI moves:2/152
Guide Tree 8/16
#NNI moves:6/152
Guide Tree 9/16
#NNI moves:0/152
Guide Tree 10/16
#NNI moves:2/152
Guide Tree 11/16
#NNI moves:0/152
Guide Tree 12/16
#NNI moves:0/152
Guide Tree 13/16
#NNI moves:0/152
Guide Tree 14/16
#NNI moves:2/152
Guide Tree 15/16
#NNI moves:0/152
Remaining: 0
#NNI moves:8/152
#NNI moves:18/152
(((((((((((((((((((((85,99),67),86),62),59),(75,98)),100),(((78,88),(94,90)),(64,(89,83)))),(((((63,(76,87)),(66,80)),(68,84)),93),(97,74))),(((61,91),72),82)),(((((73,96),81),((65,70),92)),(((60,95),71),(77,69))),79)),21),((((((23,17),(58,1)),(42,51)),6),(((((36,29),4),38),3),31)),((16,47),(44,54)))),(((((19,43),27),(56,26)),((7,34),(57,14))),(((50,28),12),33))),10),((((39,(11,40)),((8,18),((9,41),25))),(22,2)),((24,(37,48)),(20,32)))),((((35,55),46),45),((5,15),52))),13),49),53),30);
Initial score: 2.33145e+08
Initial tree: (((((((((((((((((((((85,99),67),86),62),59),(75,98)),100),(((78,88),(94,90)),(64,(89,83)))),(((((63,(76,87)),(66,80)),(68,84)),93),(97,74))),(((61,91),72),82)),(((((73,96),81),((65,70),92)),(((60,95),71),(77,69))),79)),21),((((((23,17),(58,1)),(42,51)),6),(((((36,29),4),38),3),31)),((16,47),(44,54)))),(((((19,43),27),(56,26)),((7,34),(57,14))),(((50,28),12),33))),10),((((39,(11,40)),((8,18),((9,41),25))),(22,2)),((24,(37,48)),(20,32)))),((((35,55),46),45),((5,15),52))),13),49),53),30);
*** Subsample Process ***
Use two-step algorithm!
#NNI moves:0/152
Remaining: 0
#NNI moves:10/152
#NNI moves:14/152
(((((((((((((((((24,(48,37)),(32,20)),((((11,40),39),((8,18),(25,(9,41)))),(22,2))),((((53,30),49),13),((((55,35),46),45),(52,(15,5))))),10),(((((19,43),27),(26,56)),((34,7),(57,14))),(((50,28),12),33))),(((((42,51),((17,23),(1,58))),6),(31,((((29,36),4),38),3))),((47,16),(54,44)))),21),(((((95,60),71),(77,69)),(((96,73),81),((70,65),92))),79)),(82,((61,91),72))),((93,(((80,66),((87,76),63)),(68,84))),(97,74))),(((90,94),(78,88)),((89,83),64))),100),(75,98)),59),((67,(99,85)),86)),62);
#NNI moves:0/152
Remaining: 0
#NNI moves:12/152
#NNI moves:30/152
(((((((((((((((((75,98),((((67,(99,85)),86),62),59)),100),(((90,94),(88,78)),((89,83),64))),((93,(((80,66),((76,87),63)),(84,68))),(74,97))),((72,(61,91)),82)),(((((60,95),71),(69,77)),((92,(65,70)),((96,73),81))),79)),21),(((((51,42),((23,17),(1,58))),6),(((((29,36),4),38),3),31)),((44,54),(16,47)))),(((((43,19),27),(56,26)),((7,34),(57,14))),(((28,50),12),33))),10),(((((40,11),39),(((41,9),25),(18,8))),(22,2)),((20,32),((37,48),24)))),(((15,5),52),(((55,35),46),45))),13),49),30),53);
#NNI moves:0/152
Remaining: 0
#NNI moves:4/152
#NNI moves:4/152
((((((((((((((((43,19),27),(56,26)),((7,34),(57,14))),(33,((50,28),12))),((((((((41,9),25),(18,8)),(39,(40,11))),(22,2)),(((48,37),24),(20,32))),((((30,53),49),13),((52,(15,5)),(((35,55),46),45)))),10)),((((((23,17),(58,1)),(51,42)),6),((3,((4,(36,29)),38)),31)),((44,54),(47,16)))),21),((((71,(95,60)),(69,77)),(((96,73),81),(92,(70,65)))),79)),((72,(91,61)),82)),(((((66,80),((76,87),63)),(84,68)),93),(74,97))),(((90,94),(78,88)),(64,(89,83)))),100),(((86,((99,85),67)),62),59)),98),75);
#NNI moves:0/152
Remaining: 0
#NNI moves:4/152
#NNI moves:4/152
(((((((((((((((71,(60,95)),(77,69)),(((73,96),81),((70,65),92))),79),((((100,((((((99,85),67),86),62),59),(98,75))),(((83,89),64),((78,88),(90,94)))),((93,(((66,80),((87,76),63)),(68,84))),(74,97))),(((61,91),72),82))),21),(((((42,51),((58,1),(17,23))),6),((((4,(36,29)),38),3),31)),((54,44),(16,47)))),((((50,28),12),33),(((26,56),((19,43),27)),((7,34),(14,57))))),10),((((((41,9),25),(8,18)),(39,(11,40))),(2,22)),((24,(37,48)),(20,32)))),(13,(49,(53,30)))),(((55,35),46),45)),52),15),5);
Current score: 2.33145e+08
Current tree: ((53,(49,(13,(((((((((((71,(60,95)),(77,69)),(((73,96),81),((70,65),92))),79),((((100,((((((99,85),67),86),62),59),(98,75))),(((83,89),64),((78,88),(90,94)))),((93,(((66,80),((87,76),63)),(68,84))),(74,97))),(((61,91),72),82))),21),(((((42,51),((58,1),(17,23))),6),((((4,(36,29)),38),3),31)),((54,44),(16,47)))),((((50,28),12),33),(((26,56),((19,43),27)),((7,34),(14,57))))),10),((((((41,9),25),(8,18)),(39,(11,40))),(2,22)),((24,(37,48)),(20,32)))),((((55,35),46),45),(52,(15,5))))))),30);
Final Tree: ((53,(49,(13,(((((((((((71,(60,95)),(77,69)),(((73,96),81),((70,65),92))),79),((((100,((((((99,85),67),86),62),59),(98,75))),(((83,89),64),((78,88),(90,94)))),((93,(((66,80),((87,76),63)),(68,84))),(74,97))),(((61,91),72),82))),21),(((((42,51),((58,1),(17,23))),6),((((4,(36,29)),38),3),31)),((54,44),(16,47)))),((((50,28),12),33),(((26,56),((19,43),27)),((7,34),(14,57))))),10),((((((41,9),25),(8,18)),(39,(11,40))),(2,22)),((24,(37,48)),(20,32)))),((((55,35),46),45),(52,(15,5))))))),30);
#EqQuartets: 299732484
Score: 233144746
ASTRAL for PaRalogs and Orthologs III (ASTRAL-Pro3)
*** NOW with integrated CASTLES-Pro ***
Version: v1.22.3.6
Read 512 genetrees and found 100 species.
#Genetrees: 999
#Duploss: 44890
#Species: 100
#Rounds: 4
#Samples: 4
#Threads: 1
Use two-step algorithm!
Guide Tree 0/16
#NNI moves:0/152
Guide Tree 1/16
#NNI moves:0/152
Guide Tree 2/16
#NNI moves:0/152
Guide Tree 3/16
#NNI moves:2/152
Guide Tree 4/16
#NNI moves:0/152
Guide Tree 5/16
#NNI moves:0/152
Guide Tree 6/16
#NNI moves:0/152
Guide Tree 7/16
#NNI moves:0/152
Guide Tree 8/16
#NNI moves:0/152
Guide Tree 9/16
#NNI moves:0/152
Guide Tree 10/16
#NNI moves:2/152
Guide Tree 11/16
#NNI moves:0/152
Guide Tree 12/16
#NNI moves:0/152
Guide Tree 13/16
#NNI moves:0/152
Guide Tree 14/16
#NNI moves:0/152
Guide Tree 15/16
#NNI moves:2/152
Remaining: 0
#NNI moves:0/152
#NNI moves:0/152
(((((((((((((((4,(48,49)),(69,44)),(43,39)),(34,28)),37),(((((10,25),(63,7)),(18,65)),41),(71,62))),(((30,22),8),53)),((36,(13,54)),((61,20),(17,46)))),((((((16,47),32),59),((24,33),11)),((((64,58),38),(((57,23),50),(6,19))),42)),45)),56),((((((((92,79),(((89,99),90),77)),(96,88)),86),(81,100)),(97,(82,91))),((73,(83,(98,87))),95)),((74,((85,75),((78,93),((84,80),94)))),76))),(((((27,35),((3,9),29)),70),60),(((((21,26),52),68),55),(((66,14),1),2)))),((40,67),(31,((12,72),15)))),51),5);
Guide Tree 0/16
#NNI moves:0/152
Guide Tree 1/16
#NNI moves:2/152
Guide Tree 2/16
#NNI moves:0/152
Guide Tree 3/16
#NNI moves:0/152
Guide Tree 4/16
#NNI moves:0/152
Guide Tree 5/16
#NNI moves:0/152
Guide Tree 6/16
#NNI moves:0/152
Guide Tree 7/16
#NNI moves:6/152
Guide Tree 8/16
#NNI moves:0/152
Guide Tree 9/16
#NNI moves:2/152
Guide Tree 10/16
#NNI moves:0/152
Guide Tree 11/16
#NNI moves:0/152
Guide Tree 12/16
#NNI moves:4/152
Guide Tree 13/16
#NNI moves:0/152
Guide Tree 14/16
#NNI moves:0/152
Guide Tree 15/16
#NNI moves:2/152
Remaining: 0
#NNI moves:6/152
#NNI moves:6/152
((((((((((((((39,43),((4,(49,48)),(69,44))),(28,34)),37),(((((25,10),(63,7)),(65,18)),41),(71,62))),(((30,22),8),53)),((36,(54,13)),((46,17),(61,20)))),(((((24,33),11),(59,(32,(47,16)))),(((38,(64,58)),((50,(57,23)),(19,6))),42)),45)),56),(((((91,82),97),((81,100),(((((90,(89,99)),77),(92,79)),(88,96)),86))),(95,(((87,98),83),73))),((((((84,80),94),(93,78)),(75,85)),74),76))),(((((14,66),1),2),((68,((26,21),52)),55)),((((27,35),(29,(3,9))),70),60))),((((12,72),15),31),(40,67))),51),5);
Guide Tree 0/16
#NNI moves:6/152
Guide Tree 1/16
#NNI moves:0/152
Guide Tree 2/16
#NNI moves:0/152
Guide Tree 3/16
#NNI moves:6/152
Guide Tree 4/16
#NNI moves:0/152
Guide Tree 5/16
#NNI moves:2/152
Guide Tree 6/16
#NNI moves:0/152
Guide Tree 7/16
#NNI moves:6/152
Guide Tree 8/16
#NNI moves:0/152
Guide Tree 9/16
#NNI moves:0/152
Guide Tree 10/16
#NNI moves:6/152
Guide Tree 11/16
#NNI moves:6/152
Guide Tree 12/16
#NNI moves:6/152
Guide Tree 13/16
#NNI moves:6/152
Guide Tree 14/16
#NNI moves:0/152
Guide Tree 15/16
#NNI moves:2/152
Remaining: 0
#NNI moves:12/152
#NNI moves:12/152
(((((((((52,(26,21)),68),55),(((66,14),1),2)),(60,((((9,3),29),(27,35)),70))),(((((((78,93),(94,(84,80))),(75,85)),74),76),((((91,82),97),((86,((((90,(99,89)),77),(92,79)),(88,96))),(81,100))),(95,(((87,98),83),73)))),((((((((50,(57,23)),(6,19)),((58,64),38)),42),(((24,33),11),(59,((16,47),32)))),45),((((17,46),(20,61)),(36,(54,13))),((((((39,43),(((49,48),4),(44,69))),(28,34)),37),(((((10,25),(63,7)),(65,18)),41),(71,62))),(((30,22),8),53)))),56))),((((72,12),15),31),(40,67))),51),5);
Guide Tree 0/16
#NNI moves:0/152
Guide Tree 1/16
#NNI moves:0/152
Guide Tree 2/16
#NNI moves:0/152
Guide Tree 3/16
#NNI moves:0/152
Guide Tree 4/16
#NNI moves:0/152
Guide Tree 5/16
#NNI moves:0/152
Guide Tree 6/16
#NNI moves:0/152
Guide Tree 7/16
#NNI moves:0/152
Guide Tree 8/16
#NNI moves:0/152
Guide Tree 9/16
#NNI moves:0/152
Guide Tree 10/16
#NNI moves:0/152
Guide Tree 11/16
#NNI moves:0/152
Guide Tree 12/16
#NNI moves:0/152
Guide Tree 13/16
#NNI moves:0/152
Guide Tree 14/16
#NNI moves:0/152
Guide Tree 15/16
#NNI moves:0/152
Remaining: 0
#NNI moves:10/152
#NNI moves:40/152
(((((((((((((((99,89),90),77),(79,92)),(88,96)),86),(81,100)),(97,(82,91))),(((83,(87,98)),73),95)),(((((93,78),((80,84),94)),(85,75)),74),76)),((((((8,(30,22)),53),((((((4,(48,49)),(44,69)),(39,43)),(28,34)),37),(((((10,25),(7,63)),(18,65)),41),(62,71)))),(((20,61),(17,46)),((13,54),36))),((((((6,19),(50,(57,23))),((64,58),38)),42),((59,((16,47),32)),((33,24),11))),45)),56)),(((((14,66),1),2),((((26,21),52),68),55)),((((29,(9,3)),(27,35)),70),60))),((((72,12),15),31),(67,40))),51),5);
Initial score: 2.09149e+08
Initial tree: (((((((((((((((99,89),90),77),(79,92)),(88,96)),86),(81,100)),(97,(82,91))),(((83,(87,98)),73),95)),(((((93,78),((80,84),94)),(85,75)),74),76)),((((((8,(30,22)),53),((((((4,(48,49)),(44,69)),(39,43)),(28,34)),37),(((((10,25),(7,63)),(18,65)),41),(62,71)))),(((20,61),(17,46)),((13,54),36))),((((((6,19),(50,(57,23))),((64,58),38)),42),((59,((16,47),32)),((33,24),11))),45)),56)),(((((14,66),1),2),((((26,21),52),68),55)),((((29,(9,3)),(27,35)),70),60))),((((72,12),15),31),(67,40))),51),5);
*** Subsample Process ***
Use two-step algorithm!
#NNI moves:6/152
Remaining: 0
#NNI moves:18/152
#NNI moves:20/152
(((((((((((((((((((((10,25),(63,7)),(65,18)),41),(71,62)),(((((4,(49,48)),(44,69)),(39,43)),(34,28)),37)),(53,((22,30),8))),(((17,46),(61,20)),((13,54),36))),((((((19,6),((23,57),50)),(38,(64,58))),42),(((33,24),11),(((16,47),32),59))),45)),56),((((((72,12),15),31),(40,67)),(51,5)),(((2,(1,(66,14))),(((52,(26,21)),68),55)),((((27,35),(29,(3,9))),70),60)))),((74,((85,75),((94,(84,80)),(93,78)))),76)),(((83,(87,98)),73),95)),(97,(91,82))),(100,81)),86),(96,88)),(79,92)),77),(99,89)),90);
#NNI moves:2/152
Remaining: 0
#NNI moves:8/152
#NNI moves:8/152
(((((((((((((16,47),32),59),((24,33),11)),((((58,64),38),(((57,23),50),(19,6))),42)),45),((((((((10,25),(7,63)),(65,18)),41),(71,62)),(((((44,69),((49,48),4)),(43,39)),(34,28)),37)),(((30,22),8),53)),(((61,20),(17,46)),((54,13),36)))),56),((((((((((99,89),90),77),(79,92)),(96,88)),86),(100,81)),((91,82),97)),((((98,87),83),73),95)),((((85,75),((78,93),((84,80),94))),74),76))),(((70,(((9,3),29),(35,27))),60),((((52,(26,21)),68),55),(((66,14),1),2)))),((31,((72,12),15)),(40,67))),5),51);
#NNI moves:2/152
Remaining: 0
#NNI moves:4/152
#NNI moves:4/152
((((((((((((((((98,87),83),73),95),(((81,100),(((88,96),((77,((99,89),90)),(79,92))),86)),((91,82),97))),((((75,85),((94,(84,80)),(78,93))),74),76)),((((((27,35),(29,(9,3))),70),60),(((68,((21,26),52)),55),(((14,66),1),2))),(((((72,12),15),31),(40,67)),(5,51)))),56),((((((((10,25),(7,63)),(18,65)),41),(71,62)),((((((48,49),4),(44,69)),(43,39)),(34,28)),37)),(((30,22),8),53)),(((20,61),(46,17)),((54,13),36)))),45),(((38,(64,58)),((6,19),((57,23),50))),42)),((33,24),11)),59),32),47),16);
#NNI moves:0/152
Remaining: 0
#NNI moves:0/152
#NNI moves:0/152
((((((((((((((((4,(48,49)),(69,44)),(43,39)),(28,34)),37),(((((25,10),(63,7)),(18,65)),41),(71,62))),((8,(22,30)),53)),(((17,46),(61,20)),((13,54),36))),((((((58,64),38),((6,19),((57,23),50))),42),(((33,24),11),((32,(16,47)),59))),45)),56),(((((81,100),(((88,96),((79,92),((90,(89,99)),77))),86)),((82,91),97)),(95,((83,(98,87)),73))),((74,(((78,93),((80,84),94)),(75,85))),76))),(((((27,35),((3,9),29)),70),60),(((1,(66,14)),2),((((21,26),52),68),55)))),(51,5)),(31,((12,72),15))),67),40);
Current score: 2.09149e+08
Current tree: ((51,(((((((((((((4,(48,49)),(69,44)),(43,39)),(28,34)),37),(((((25,10),(63,7)),(18,65)),41),(71,62))),((8,(22,30)),53)),(((17,46),(61,20)),((13,54),36))),((((((58,64),38),((6,19),((57,23),50))),42),(((33,24),11),((32,(16,47)),59))),45)),56),(((((81,100),(((88,96),((79,92),((90,(89,99)),77))),86)),((82,91),97)),(95,((83,(98,87)),73))),((74,(((78,93),((80,84),94)),(75,85))),76))),(((((27,35),((3,9),29)),70),60),(((1,(66,14)),2),((((21,26),52),68),55)))),((31,((12,72),15)),(67,40)))),5);
Final Tree: ((51,(((((((((((((4,(48,49)),(69,44)),(43,39)),(28,34)),37),(((((25,10),(63,7)),(18,65)),41),(71,62))),((8,(22,30)),53)),(((17,46),(61,20)),((13,54),36))),((((((58,64),38),((6,19),((57,23),50))),42),(((33,24),11),((32,(16,47)),59))),45)),56),(((((81,100),(((88,96),((79,92),((90,(89,99)),77))),86)),((82,91),97)),(95,((83,(98,87)),73))),((74,(((78,93),((80,84),94)),(75,85))),76))),(((((27,35),((3,9),29)),70),60),(((1,(66,14)),2),((((21,26),52),68),55)))),((31,((12,72),15)),(67,40)))),5);
#EqQuartets: 270440991
Score: 209149182
ASTRAL for PaRalogs and Orthologs III (ASTRAL-Pro3)
*** NOW with integrated CASTLES-Pro ***
Version: v1.22.3.6
Read 512 genetrees and found 100 species.
#Genetrees: 995
#Duploss: 42826
#Species: 100
#Rounds: 4
#Samples: 4
#Threads: 1
Use two-step algorithm!
Guide Tree 0/16
#NNI moves:0/152
Guide Tree 1/16
#NNI moves:2/152
Guide Tree 2/16
#NNI moves:2/152
Guide Tree 3/16
#NNI moves:0/152
Guide Tree 4/16
#NNI moves:0/152
Guide Tree 5/16
#NNI moves:2/152
Guide Tree 6/16
#NNI moves:6/152
Guide Tree 7/16
#NNI moves:0/152
Guide Tree 8/16
#NNI moves:0/152
Guide Tree 9/16
#NNI moves:0/152
Guide Tree 10/16
#NNI moves:6/152
Guide Tree 11/16
#NNI moves:6/152
Guide Tree 12/16
#NNI moves:0/152
Guide Tree 13/16
#NNI moves:0/152
Guide Tree 14/16
#NNI moves:0/152
Guide Tree 15/16
#NNI moves:2/152
Remaining: 0
#NNI moves:8/152
#NNI moves:8/152
(((((((((((48,57),(20,53)),(((64,33),((17,4),27)),((73,39),((42,31),58)))),(((3,49),(46,12)),15)),(((((8,2),56),74),((26,68),(5,(21,61)))),40)),(78,66)),((((((((((67,70),35),28),32),((((25,13),43),11),(9,14))),(44,16)),(62,54)),(((38,(71,(47,80))),37),((((55,18),76),(30,65)),69))),1),(((34,7),(19,(10,6))),((23,75),60)))),(((((81,87),((88,92),(97,82))),(((98,94),90),84)),(((93,99),(96,(100,89))),(95,86))),((85,91),83))),(((((29,(51,79)),((52,63),(41,36))),77),((24,72),59)),50)),22),45);
Guide Tree 0/16
#NNI moves:2/152
Guide Tree 1/16
#NNI moves:0/152
Guide Tree 2/16
#NNI moves:6/152
Guide Tree 3/16
#NNI moves:0/152
Guide Tree 4/16
#NNI moves:2/152
Guide Tree 5/16
#NNI moves:0/152
Guide Tree 6/16
#NNI moves:2/152
Guide Tree 7/16
#NNI moves:2/152
Guide Tree 8/16
#NNI moves:0/152
Guide Tree 9/16
#NNI moves:0/152
Guide Tree 10/16
#NNI moves:2/152
Guide Tree 11/16
#NNI moves:0/152
Guide Tree 12/16
#NNI moves:2/152
Guide Tree 13/16
#NNI moves:0/152
Guide Tree 14/16
#NNI moves:0/152
Guide Tree 15/16
#NNI moves:2/152
Remaining: 2
#NNI moves:0/152
#NNI moves:0/152
(((((((78,66),(((((53,20),(48,57)),((((31,42),58),(73,39)),(((17,4),27),(33,64)))),(((3,49),(12,46)),15)),(40,(((5,(61,21)),(26,68)),(74,(56,(2,8))))))),(((((((((28,((67,70),35)),32),(((43,(13,25)),11),(9,14))),(16,44)),(54,62)),(((((47,80),71),38),37),(((65,30),((18,55),76)),69))),1),(((23,75),60),(((6,10),19),(34,7)))),83)),(((((93,99),(96,(100,89))),(86,95)),((((92,88),(82,97)),(81,87)),(((94,98),90),84))),(91,85))),((((((36,41),(63,52)),(29,(79,51))),77),((72,24),59)),50)),22),45);
Guide Tree 0/16
#NNI moves:2/152
Guide Tree 1/16
#NNI moves:4/152
Guide Tree 2/16
#NNI moves:0/152
Guide Tree 3/16
#NNI moves:0/152
Guide Tree 4/16
#NNI moves:4/152
Guide Tree 5/16
#NNI moves:0/152
Guide Tree 6/16
#NNI moves:0/152
Guide Tree 7/16
#NNI moves:2/152
Guide Tree 8/16
#NNI moves:4/152
Guide Tree 9/16
#NNI moves:2/152
Guide Tree 10/16
#NNI moves:2/152
Guide Tree 11/16
#NNI moves:0/152
Guide Tree 12/16
#NNI moves:0/152
Guide Tree 13/16
#NNI moves:0/152
Guide Tree 14/16
#NNI moves:8/152
Guide Tree 15/16
#NNI moves:0/152
Remaining: 1
#NNI moves:8/152
#NNI moves:8/152
(((((((((((((42,31),58),(39,73)),((27,(4,17)),(64,33))),((57,48),(53,20))),(((49,3),(12,46)),15)),(40,(((68,26),(5,(21,61))),(74,((8,2),56))))),(78,66)),((((19,(10,6)),(7,34)),(60,(23,75))),(((((((18,55),76),(65,30)),69),((38,(71,(80,47))),37)),(((((28,((67,70),35)),32),(((43,(25,13)),11),(9,14))),(16,44)),(62,54))),1))),(((85,91),83),((((93,99),((100,89),96)),(95,86)),((((97,82),(88,92)),(81,87)),(((94,98),90),84))))),((((((36,41),(52,63)),((79,51),29)),77),(59,(72,24))),50)),22),45);
Guide Tree 0/16
#NNI moves:6/152
Guide Tree 1/16
#NNI moves:6/152
Guide Tree 2/16
#NNI moves:6/152
Guide Tree 3/16
#NNI moves:6/152
Guide Tree 4/16
#NNI moves:0/152
Guide Tree 5/16
#NNI moves:2/152
Guide Tree 6/16
#NNI moves:4/152
Guide Tree 7/16
#NNI moves:0/152
Guide Tree 8/16
#NNI moves:0/152
Guide Tree 9/16
#NNI moves:6/152
Guide Tree 10/16
#NNI moves:0/152
Guide Tree 11/16
#NNI moves:0/152
Guide Tree 12/16
#NNI moves:2/152
Guide Tree 13/16
#NNI moves:0/152
Guide Tree 14/16
#NNI moves:2/152
Guide Tree 15/16
#NNI moves:0/152
Remaining: 0
#NNI moves:4/152
#NNI moves:4/152
(((((((((((((((70,67),35),28),32),((((25,13),43),11),(14,9))),(16,44)),(62,54)),((69,((30,65),((18,55),76))),(37,(38,((80,47),71))))),1),(((23,75),60),((34,7),(19,(6,10))))),(((((((39,73),(58,(42,31))),((27,(17,4)),(33,64))),((48,57),(53,20))),(((46,12),(3,49)),15)),((((68,26),(5,(61,21))),(((2,8),56),74)),40)),(78,66))),((((((100,89),96),(99,93)),(86,95)),(((90,(94,98)),84),((81,87),((88,92),(97,82))))),((85,91),83))),((((72,24),59),(77,(((41,36),(63,52)),((79,51),29)))),50)),22),45);
Initial score: 2.61459e+08
Initial tree: (((((((((((((((70,67),35),28),32),((((25,13),43),11),(14,9))),(16,44)),(62,54)),((69,((30,65),((18,55),76))),(37,(38,((80,47),71))))),1),(((23,75),60),((34,7),(19,(6,10))))),(((((((39,73),(58,(42,31))),((27,(17,4)),(33,64))),((48,57),(53,20))),(((46,12),(3,49)),15)),((((68,26),(5,(61,21))),(((2,8),56),74)),40)),(78,66))),((((((100,89),96),(99,93)),(86,95)),(((90,(94,98)),84),((81,87),((88,92),(97,82))))),((85,91),83))),((((72,24),59),(77,(((41,36),(63,52)),((79,51),29)))),50)),22),45);
*** Subsample Process ***
Use two-step algorithm!
#NNI moves:8/152
Remaining: 0
#NNI moves:18/152
#NNI moves:18/152
(((((((((((((((((((58,(31,42)),(73,39)),((64,33),((4,17),27))),((48,57),(53,20))),(((12,46),(49,3)),15)),(((((61,21),5),(68,26)),((56,(2,8)),74)),40)),(78,66)),(((22,45),(50,((77,(((79,51),29),((63,52),(36,41)))),((24,72),59)))),((((84,((94,98),90)),((81,87),((92,88),(82,97)))),((((100,89),96),(99,93)),(95,86))),((85,91),83)))),((((10,6),19),(34,7)),((75,23),60))),1),((((65,30),(76,(18,55))),69),((38,(71,(47,80))),37))),(62,54)),(16,44)),(((35,(67,70)),28),32)),(9,14)),11),43),13),25);
#NNI moves:2/152
Remaining: 2
#NNI moves:8/152
#NNI moves:8/152
((((((((((((73,39),(58,(31,42))),((64,33),(27,(17,4)))),((20,53),(48,57))),(((49,3),(12,46)),15)),(40,((((2,8),56),74),((26,68),((21,61),5))))),(66,78)),(((((((30,65),(76,(55,18))),69),((38,((80,47),71)),37)),(((((((13,25),43),11),(9,14)),((28,(35,(67,70))),32)),(16,44)),(62,54))),1),(((7,34),(19,(10,6))),((75,23),60)))),(((((99,93),((100,89),96)),(95,86)),((((97,82),(88,92)),(87,81)),(84,((94,98),90)))),((91,85),83))),((((24,72),59),((((51,79),29),((36,41),(52,63))),77)),50)),45),22);
#NNI moves:0/152
Remaining: 1
#NNI moves:8/152
#NNI moves:8/152
((((((((((((((((100,89),96),(93,99)),(86,95)),((((82,97),(88,92)),(87,81)),(84,((98,94),90)))),(83,(85,91))),((((((29,(79,51)),((63,52),(36,41))),77),((72,24),59)),50),(45,22))),((((((((((13,25),43),11),(9,14)),((((67,70),35),28),32)),(44,16)),(62,54)),(((38,((80,47),71)),37),(((76,(18,55)),(65,30)),69))),1),(((75,23),60),(((6,10),19),(7,34))))),(66,78)),(((((2,8),56),74),((68,26),((61,21),5))),40)),(((49,3),(12,46)),15)),((48,57),(20,53))),(((4,17),27),(33,64))),((42,31),58)),73),39);
#NNI moves:2/152
Remaining: 0
#NNI moves:6/152
#NNI moves:6/152
(((((((((((((((((((70,67),35),28),32),((14,9),(((25,13),43),11))),(44,16)),(62,54)),(((((47,80),71),38),37),((((18,55),76),(30,65)),69))),1),(((34,7),((10,6),19)),((75,23),60))),((((((68,26),(5,(61,21))),(((2,8),56),74)),40),((((48,57),(20,53)),((((42,31),58),(73,39)),((33,64),(27,(4,17))))),(15,((46,12),(49,3))))),(78,66))),((((((97,82),(92,88)),(81,87)),(84,((94,98),90))),((95,86),((99,93),(96,(89,100))))),((85,91),83))),(22,45)),50),((72,24),59)),77),((41,36),(52,63))),(79,51)),29);
Current score: 2.61459e+08
Current tree: ((22,(((((((((((((70,67),35),28),32),((14,9),(((25,13),43),11))),(44,16)),(62,54)),(((((47,80),71),38),37),((((18,55),76),(30,65)),69))),1),(((34,7),((10,6),19)),((75,23),60))),((((((68,26),(5,(61,21))),(((2,8),56),74)),40),((((48,57),(20,53)),((((42,31),58),(73,39)),((33,64),(27,(4,17))))),(15,((46,12),(49,3))))),(78,66))),((((((97,82),(92,88)),(81,87)),(84,((94,98),90))),((95,86),((99,93),(96,(89,100))))),((85,91),83))),(50,(((72,24),59),(77,(((41,36),(52,63)),((79,51),29))))))),45);
Final Tree: ((22,(((((((((((((70,67),35),28),32),((14,9),(((25,13),43),11))),(44,16)),(62,54)),(((((47,80),71),38),37),((((18,55),76),(30,65)),69))),1),(((34,7),((10,6),19)),((75,23),60))),((((((68,26),(5,(61,21))),(((2,8),56),74)),40),((((48,57),(20,53)),((((42,31),58),(73,39)),((33,64),(27,(4,17))))),(15,((46,12),(49,3))))),(78,66))),((((((97,82),(92,88)),(81,87)),(84,((94,98),90))),((95,86),((99,93),(96,(89,100))))),((85,91),83))),(50,(((72,24),59),(77,(((41,36),(52,63)),((79,51),29))))))),45);
#EqQuartets: 327447736
Score: 261459076
ASTRAL for PaRalogs and Orthologs III (ASTRAL-Pro3)
*** NOW with integrated CASTLES-Pro ***
Version: v1.22.3.6
Read 512 genetrees and found 100 species.
#Genetrees: 1000
#Duploss: 49485
#Species: 100
#Rounds: 4
#Samples: 4
#Threads: 1
Use two-step algorithm!
Guide Tree 0/16
#NNI moves:2/152
Guide Tree 1/16
#NNI moves:0/152
Guide Tree 2/16
#NNI moves:0/152
Guide Tree 3/16
#NNI moves:0/152
Guide Tree 4/16
#NNI moves:0/152
Guide Tree 5/16
#NNI moves:0/152
Guide Tree 6/16
#NNI moves:0/152
Guide Tree 7/16
#NNI moves:0/152
Guide Tree 8/16
#NNI moves:0/152
Guide Tree 9/16
#NNI moves:0/152
Guide Tree 10/16
#NNI moves:0/152
Guide Tree 11/16
#NNI moves:0/152
Guide Tree 12/16
#NNI moves:0/152
Guide Tree 13/16
#NNI moves:0/152
Guide Tree 14/16
#NNI moves:0/152
Guide Tree 15/16
#NNI moves:0/152
Remaining: 0
#NNI moves:12/152
#NNI moves:28/152
(((((((((((((((19,20),36),((17,(31,41)),(4,35))),(15,24)),9),33),(42,13)),((((((((12,38),29),((((27,26),22),30),39)),3),8),((5,23),(32,7))),(((28,34),(14,25)),37)),(((18,1),(2,(21,10))),(((40,11),6),16)))),(((88,(60,49)),((95,90),63)),((82,(((((89,48),(94,91)),46),56),47)),((93,99),(87,(92,(86,62))))))),((43,80),45)),(((70,61),85),51)),(((50,65),(74,97)),(75,78))),((((((66,((76,77),96)),53),((52,64),71)),((84,100),(98,68))),((((69,44),67),81),83)),((((58,55),(73,54)),79),72))),59),57);
Guide Tree 0/16
#NNI moves:6/152
Guide Tree 1/16
#NNI moves:0/152
Guide Tree 2/16
#NNI moves:6/152
Guide Tree 3/16
#NNI moves:2/152
Guide Tree 4/16
#NNI moves:6/152
Guide Tree 5/16
#NNI moves:0/152
Guide Tree 6/16
#NNI moves:0/152
Guide Tree 7/16
#NNI moves:6/152
Guide Tree 8/16
#NNI moves:12/152
Guide Tree 9/16
#NNI moves:0/152
Guide Tree 10/16
#NNI moves:4/152
Guide Tree 11/16
#NNI moves:0/152
Guide Tree 12/16
#NNI moves:6/152
Guide Tree 13/16
#NNI moves:6/152
Guide Tree 14/16
#NNI moves:0/152
Guide Tree 15/16
#NNI moves:2/152
Remaining: 0
#NNI moves:8/152
#NNI moves:10/152
((((((((((((6,(11,40)),16),(((10,21),2),(1,18))),((((((39,(30,((26,27),22))),(29,(12,38))),3),8),((32,7),(5,23))),(((34,28),(14,25)),37))),(((9,((15,24),((((41,31),17),(4,35)),((19,20),36)))),33),(13,42))),((((((((89,48),(91,94)),46),56),47),82),((((62,86),92),87),(93,99))),((88,(60,49)),(63,(90,95))))),((43,80),45)),((85,(61,70)),51)),(((50,65),(74,97)),(78,75))),(((((((96,(77,76)),66),53),((52,64),71)),((68,98),(84,100))),((((44,69),67),81),83)),((79,((54,73),(58,55))),72))),59),57);
Guide Tree 0/16
#NNI moves:2/152
Guide Tree 1/16
#NNI moves:6/152
Guide Tree 2/16
#NNI moves:0/152
Guide Tree 3/16
#NNI moves:0/152
Guide Tree 4/16
#NNI moves:2/152
Guide Tree 5/16
#NNI moves:2/152
Guide Tree 6/16
#NNI moves:0/152
Guide Tree 7/16
#NNI moves:6/152
Guide Tree 8/16
#NNI moves:0/152
Guide Tree 9/16
#NNI moves:2/152
Guide Tree 10/16
#NNI moves:2/152
Guide Tree 11/16
#NNI moves:2/152
Guide Tree 12/16
#NNI moves:6/152
Guide Tree 13/16
#NNI moves:2/152
Guide Tree 14/16
#NNI moves:2/152
Guide Tree 15/16
#NNI moves:0/152
Remaining: 0
#NNI moves:40/152
#NNI moves:40/152
(((((((((((((28,34),(14,25)),37),(((3,(((12,38),29),((30,(22,(27,26))),39))),8),((7,32),(5,23)))),((((11,40),6),16),(((21,10),2),(18,1)))),(((((24,15),((36,(20,19)),((17,(41,31)),(4,35)))),9),33),(42,13))),(((((92,(86,62)),87),(93,99)),((((((89,48),(94,91)),46),56),47),82)),(((95,90),63),((49,60),88)))),(45,(43,80))),((85,(61,70)),51)),(((97,74),(50,65)),(75,78))),(((((68,98),(84,100)),((((96,(76,77)),66),53),((52,64),71))),((((69,44),67),81),83)),(72,(((58,55),(54,73)),79)))),59),57);
Guide Tree 0/16
#NNI moves:6/152
Guide Tree 1/16
#NNI moves:2/152
Guide Tree 2/16
#NNI moves:0/152
Guide Tree 3/16
#NNI moves:2/152
Guide Tree 4/16
#NNI moves:2/152
Guide Tree 5/16
#NNI moves:2/152
Guide Tree 6/16
#NNI moves:0/152
Guide Tree 7/16
#NNI moves:2/152
Guide Tree 8/16
#NNI moves:0/152
Guide Tree 9/16
#NNI moves:0/152
Guide Tree 10/16
#NNI moves:2/152
Guide Tree 11/16
#NNI moves:6/152
Guide Tree 12/16
#NNI moves:6/152
Guide Tree 13/16
#NNI moves:0/152
Guide Tree 14/16
#NNI moves:0/152
Guide Tree 15/16
#NNI moves:6/152
Remaining: 1
#NNI moves:20/152
#NNI moves:20/152
(((((((((((((((29,(12,38)),((((26,27),22),30),39)),3),8),((23,5),(7,32))),(((34,28),(14,25)),37)),(((6,(40,11)),16),((18,1),(2,(21,10))))),((((((36,(20,19)),((4,35),((31,41),17))),(15,24)),9),33),(13,42))),((((90,95),63),(88,(49,60))),((((56,(((48,89),(91,94)),46)),47),82),((((86,62),92),87),(93,99))))),((80,43),45)),(((61,70),85),51)),(((74,97),(50,65)),(78,75))),((((((64,52),71),(53,(((76,77),96),66))),((100,84),(98,68))),((((44,69),67),81),83)),((((54,73),(55,58)),79),72))),59),57);
Initial score: 1.97609e+08
Initial tree: (((((((((((((((29,(12,38)),((((26,27),22),30),39)),3),8),((23,5),(7,32))),(((34,28),(14,25)),37)),(((6,(40,11)),16),((18,1),(2,(21,10))))),((((((36,(20,19)),((4,35),((31,41),17))),(15,24)),9),33),(13,42))),((((90,95),63),(88,(49,60))),((((56,(((48,89),(91,94)),46)),47),82),((((86,62),92),87),(93,99))))),((80,43),45)),(((61,70),85),51)),(((74,97),(50,65)),(78,75))),((((((64,52),71),(53,(((76,77),96),66))),((100,84),(98,68))),((((44,69),67),81),83)),((((54,73),(55,58)),79),72))),59),57);
*** Subsample Process ***
Use two-step algorithm!
#NNI moves:0/152
Remaining: 0
#NNI moves:18/152
#NNI moves:18/152
(((((((((((((((((50,65),(74,97)),(75,78)),(((((((((76,77),96),66),53),(71,(52,64))),((100,84),(68,98))),((((69,44),67),81),83)),(72,(((55,58),(73,54)),79))),(59,57))),(((61,70),85),51)),(45,(80,43))),(((((56,(((48,89),(91,94)),46)),47),82),((((86,62),92),87),(99,93))),(((49,60),88),((95,90),63)))),(((((((35,4),((31,41),17)),((19,20),36)),(24,15)),9),33),(13,42))),((((10,21),2),(1,18)),(16,((40,11),6)))),(37,((28,34),(25,14)))),((7,32),(5,23))),8),3),((30,(22,(27,26))),39)),29),38),12);
#NNI moves:0/152
Remaining: 1
#NNI moves:6/152
#NNI moves:8/152
(((((((((((((((19,20),36),((4,35),((41,31),17))),(15,24)),9),33),(42,13)),(((((((((22,(26,27)),30),39),(29,(38,12))),3),8),((5,23),(32,7))),(((28,34),(25,14)),37)),((((21,10),2),(18,1)),(16,((11,40),6))))),((((90,95),63),((49,60),88)),(((((((89,48),(94,91)),46),56),47),82),((87,(92,(86,62))),(93,99))))),((43,80),45)),(((70,61),85),51)),(((97,74),(65,50)),(75,78))),((((((((76,77),96),66),53),((52,64),71)),((84,100),(68,98))),(83,((67,(44,69)),81))),((((73,54),(55,58)),79),72))),57),59);
#NNI moves:2/152
Remaining: 0
#NNI moves:10/152
#NNI moves:10/152
((((((((((((((((((((((76,77),96),66),53),((52,64),71)),((84,100),(68,98))),((((69,44),67),81),83)),((((54,73),(55,58)),79),72)),(57,59)),(((50,65),(97,74)),(78,75))),(((61,70),85),51)),((43,80),45)),((((((46,((48,89),(94,91))),56),47),82),((((62,86),92),87),(93,99))),(((49,60),88),((90,95),63)))),((((((((38,12),29),(((22,(26,27)),30),39)),3),8),((32,7),(5,23))),(((25,14),(28,34)),37)),((16,((11,40),6)),(((10,21),2),(1,18))))),(42,13)),33),9),(15,24)),((4,35),((41,31),17))),36),19),20);
#NNI moves:0/152
Remaining: 1
#NNI moves:0/152
#NNI moves:0/152
(((((((((((((((((((((12,38),29),(39,(((27,26),22),30))),3),8),((7,32),(5,23))),(37,((28,34),(14,25)))),((((21,10),2),(18,1)),(((40,11),6),16))),(((((15,24),(((4,35),(17,(31,41))),((20,19),36))),9),33),(42,13))),((((((86,62),92),87),(93,99)),((((((48,89),(91,94)),46),56),47),82)),(((90,95),63),((60,49),88)))),((80,43),45)),(((61,70),85),51)),(((50,65),(74,97)),(75,78))),(59,57)),(72,(((54,73),(55,58)),79))),((((44,69),67),81),83)),((84,100),(98,68))),(53,(((77,76),96),66))),71),52),64);
Current score: 1.97609e+08
Current tree: ((59,((((((((((((((12,38),29),(39,(((27,26),22),30))),3),8),((7,32),(5,23))),(37,((28,34),(14,25)))),((((21,10),2),(18,1)),(((40,11),6),16))),(((((15,24),(((4,35),(17,(31,41))),((20,19),36))),9),33),(42,13))),((((((86,62),92),87),(93,99)),((((((48,89),(91,94)),46),56),47),82)),(((90,95),63),((60,49),88)))),((80,43),45)),(((61,70),85),51)),(((50,65),(74,97)),(75,78))),((72,(((54,73),(55,58)),79)),(((((44,69),67),81),83),(((84,100),(98,68)),((53,(((77,76),96),66)),(71,(52,64)))))))),57);
Final Tree: ((59,((((((((((((((12,38),29),(39,(((27,26),22),30))),3),8),((7,32),(5,23))),(37,((28,34),(14,25)))),((((21,10),2),(18,1)),(((40,11),6),16))),(((((15,24),(((4,35),(17,(31,41))),((20,19),36))),9),33),(42,13))),((((((86,62),92),87),(93,99)),((((((48,89),(91,94)),46),56),47),82)),(((90,95),63),((60,49),88)))),((80,43),45)),(((61,70),85),51)),(((50,65),(74,97)),(75,78))),((72,(((54,73),(55,58)),79)),(((((44,69),67),81),83),(((84,100),(98,68)),((53,(((77,76),96),66)),(71,(52,64)))))))),57);
#EqQuartets: 255422116
Score: 197609294
ASTRAL for PaRalogs and Orthologs III (ASTRAL-Pro3)
*** NOW with integrated CASTLES-Pro ***
Version: v1.22.3.6
Read 512 genetrees and found 100 species.
#Genetrees: 999
#Duploss: 41972
#Species: 100
#Rounds: 4
#Samples: 4
#Threads: 1
Use two-step algorithm!
Guide Tree 0/16
#NNI moves:0/152
Guide Tree 1/16
#NNI moves:0/152
Guide Tree 2/16
#NNI moves:0/152
Guide Tree 3/16
#NNI moves:2/152
Guide Tree 4/16
#NNI moves:0/152
Guide Tree 5/16
#NNI moves:0/152
Guide Tree 6/16
#NNI moves:2/152
Guide Tree 7/16
#NNI moves:0/152
Guide Tree 8/16
#NNI moves:0/152
Guide Tree 9/16
#NNI moves:2/152
Guide Tree 10/16
#NNI moves:2/152
Guide Tree 11/16
#NNI moves:0/152
Guide Tree 12/16
#NNI moves:6/152
Guide Tree 13/16
#NNI moves:2/152
Guide Tree 14/16
#NNI moves:2/152
Guide Tree 15/16
#NNI moves:2/152
Remaining: 0
#NNI moves:20/152
#NNI moves:20/152
((((((((((((((((((64,37),(50,7)),14),((6,(42,41)),1)),(((((17,53),15),35),(29,30)),46)),((((((18,3),66),((45,31),56)),(5,12)),((57,59),61)),(21,11))),(43,((36,(4,32)),((9,62),(22,40))))),(((2,54),((52,44),49)),33)),((((48,(13,28)),((8,51),(19,47))),(38,((25,(63,24)),(26,55)))),((65,(58,27)),(((((60,20),34),16),(39,10)),23)))),(99,((81,(((94,82),87),(83,77))),(((70,(73,86)),90),(88,96))))),(75,((100,78),(79,85)))),(95,68)),(((91,92),(84,74)),69)),(((67,80),(93,98)),97)),76),72),71),89);
Guide Tree 0/16
#NNI moves:2/152
Guide Tree 1/16
#NNI moves:2/152
Guide Tree 2/16
#NNI moves:12/152
Guide Tree 3/16
#NNI moves:0/152
Guide Tree 4/16
#NNI moves:0/152
Guide Tree 5/16
#NNI moves:0/152
Guide Tree 6/16
#NNI moves:0/152
Guide Tree 7/16
#NNI moves:0/152
Guide Tree 8/16
#NNI moves:0/152
Guide Tree 9/16
#NNI moves:6/152
Guide Tree 10/16
#NNI moves:0/152
Guide Tree 11/16
#NNI moves:2/152
Guide Tree 12/16
#NNI moves:2/152
Guide Tree 13/16
#NNI moves:12/152
Guide Tree 14/16
#NNI moves:2/152
Guide Tree 15/16
#NNI moves:2/152
Remaining: 0
#NNI moves:6/152
#NNI moves:8/152
(((((((((((((((((12,5),(((31,45),56),(66,(18,3)))),((59,57),61)),(21,11)),((((30,29),(((53,17),15),35)),46),((14,((37,64),(7,50))),((6,(41,42)),1)))),((((40,22),(9,62)),((32,4),36)),43)),((((44,52),49),(2,54)),33)),((((48,(13,28)),((19,47),(51,8))),((((63,24),25),(55,26)),38)),(((27,58),65),(((39,10),(16,((60,20),34))),23)))),((((((82,94),87),(77,83)),81),((((73,86),70),90),(96,88))),99)),(75,((79,85),(100,78)))),(95,68)),(((84,74),(92,91)),69)),(((98,93),(80,67)),97)),76),72),71),89);
Guide Tree 0/16
#NNI moves:2/152
Guide Tree 1/16
#NNI moves:0/152
Guide Tree 2/16
#NNI moves:6/152
Guide Tree 3/16
#NNI moves:0/152
Guide Tree 4/16
#NNI moves:0/152
Guide Tree 5/16
#NNI moves:2/152
Guide Tree 6/16
#NNI moves:0/152
Guide Tree 7/16
#NNI moves:0/152
Guide Tree 8/16
#NNI moves:0/152
Guide Tree 9/16
#NNI moves:0/152
Guide Tree 10/16
#NNI moves:4/152
Guide Tree 11/16
#NNI moves:0/152
Guide Tree 12/16
#NNI moves:0/152
Guide Tree 13/16
#NNI moves:0/152
Guide Tree 14/16
#NNI moves:2/152
Guide Tree 15/16
#NNI moves:0/152
Remaining: 0
#NNI moves:14/152
#NNI moves:14/152
((((((((((((((((40,22),(9,62)),(36,(32,4))),43),(((((29,30),(((53,17),15),35)),46),((((42,41),6),1),(((7,50),(37,64)),14))),((((12,5),(((18,3),66),((45,31),56))),((59,57),61)),(11,21)))),(((54,2),((44,52),49)),33)),(((((39,10),(((60,20),34),16)),23),((27,58),65)),((((8,51),(47,19)),((28,13),48)),(((26,55),((63,24),25)),38)))),(((((77,83),((82,94),87)),81),((88,96),(((86,73),70),90))),99)),(75,((78,100),(85,79)))),(95,68)),(((91,92),(74,84)),69)),(((93,98),(80,67)),97)),76),72),71),89);
Guide Tree 0/16
#NNI moves:2/152
Guide Tree 1/16
#NNI moves:2/152
Guide Tree 2/16
#NNI moves:2/152
Guide Tree 3/16
#NNI moves:2/152
Guide Tree 4/16
#NNI moves:2/152
Guide Tree 5/16
#NNI moves:0/152
Guide Tree 6/16
#NNI moves:2/152
Guide Tree 7/16
#NNI moves:0/152
Guide Tree 8/16
#NNI moves:2/152
Guide Tree 9/16
#NNI moves:0/152
Guide Tree 10/16
#NNI moves:0/152
Guide Tree 11/16
#NNI moves:2/152
Guide Tree 12/16
#NNI moves:0/152
Guide Tree 13/16
#NNI moves:6/152
Guide Tree 14/16
#NNI moves:2/152
Guide Tree 15/16
#NNI moves:2/152
Remaining: 0
#NNI moves:10/152
#NNI moves:20/152
((((((((((((((((1,((41,42),6)),(((7,50),(64,37)),14)),((((15,(17,53)),35),(29,30)),46)),((((57,59),61),((((18,3),66),((45,31),56)),(5,12))),(11,21))),((((32,4),36),((62,9),(22,40))),43)),((((52,44),49),(2,54)),33)),(((((10,39),(16,((60,20),34))),23),((58,27),65)),((((47,19),(51,8)),(48,(13,28))),(38,((26,55),((63,24),25)))))),((((88,96),((70,(73,86)),90)),((((82,94),87),(77,83)),81)),99)),(((85,79),(100,78)),75)),(68,95)),(((84,74),(92,91)),69)),(((98,93),(80,67)),97)),76),72),71),89);
Initial score: 2.74274e+08
Initial tree: ((((((((((((((((1,((41,42),6)),(((7,50),(64,37)),14)),((((15,(17,53)),35),(29,30)),46)),((((57,59),61),((((18,3),66),((45,31),56)),(5,12))),(11,21))),((((32,4),36),((62,9),(22,40))),43)),((((52,44),49),(2,54)),33)),(((((10,39),(16,((60,20),34))),23),((58,27),65)),((((47,19),(51,8)),(48,(13,28))),(38,((26,55),((63,24),25)))))),((((88,96),((70,(73,86)),90)),((((82,94),87),(77,83)),81)),99)),(((85,79),(100,78)),75)),(68,95)),(((84,74),(92,91)),69)),(((98,93),(80,67)),97)),76),72),71),89);
*** Subsample Process ***
Use two-step algorithm!
#NNI moves:0/152
Remaining: 0
#NNI moves:12/152
#NNI moves:12/152
((((((((((((((((88,96),((70,(73,86)),90)),((((94,82),87),(83,77)),81)),99),(((((((93,98),(80,67)),97),(((71,89),72),76)),(((92,91),(84,74)),69)),(68,95)),(((100,78),(85,79)),75))),((((48,(13,28)),((51,8),(19,47))),((((24,63),25),(26,55)),38)),(((((34,(20,60)),16),(10,39)),23),((58,27),65)))),((((44,52),49),(2,54)),33)),(((36,(4,32)),((62,9),(22,40))),43)),((((57,59),61),((((18,3),66),((31,45),56)),(5,12))),(11,21))),((((50,7),(37,64)),14),((6,(42,41)),1))),46),(30,29)),35),15),17),53);
#NNI moves:0/152
Remaining: 5
#NNI moves:8/152
#NNI moves:24/152
((((((((((((((((((50,7),(37,64)),14),((6,(41,42)),1)),((((15,(17,53)),35),(30,29)),46)),((((((45,31),56),(66,(18,3))),(5,12)),((57,59),61)),(11,21))),((((4,32),36),((40,22),(62,9))),43)),(((54,2),((44,52),49)),33)),(((((26,55),(25,(63,24))),38),(((47,19),(51,8)),((28,13),48))),((((16,((60,20),34)),(39,10)),23),((27,58),65)))),((((((82,94),87),(77,83)),81),((88,96),(((86,73),70),90))),99)),(((100,78),(85,79)),75)),(95,68)),(((91,92),(84,74)),69)),(((93,98),(80,67)),97)),76),72),89),71);
#NNI moves:0/152
Remaining: 0
#NNI moves:12/152
#NNI moves:12/152
(((((((((((((((88,96),(90,(70,(86,73)))),(((83,77),((94,82),87)),81)),99),((((78,100),(79,85)),75),((95,68),(((76,((89,71),72)),(((67,80),(93,98)),97)),(((74,84),(91,92)),69))))),(((((26,55),(25,(63,24))),38),((48,(28,13)),((19,47),(8,51)))),((((10,39),(16,(34,(60,20)))),23),((27,58),65)))),(((49,(44,52)),(2,54)),33)),((((32,4),36),((22,40),(62,9))),43)),((((((45,31),56),((3,18),66)),(5,12)),((57,59),61)),(11,21))),(((29,30),((15,(17,53)),35)),46)),(((37,64),(7,50)),14)),1),6),41),42);
#NNI moves:0/152
Remaining: 0
#NNI moves:10/152
#NNI moves:10/152
(((((((((((((((((((31,45),56),((18,3),66)),(12,5)),((57,59),61)),(21,11)),((((35,((53,17),15)),(29,30)),46),((((41,42),6),1),(((64,37),(7,50)),14)))),(((36,(32,4)),((40,22),(62,9))),43)),((((52,44),49),(54,2)),33)),(((((47,19),(51,8)),(48,(13,28))),(((25,(24,63)),(55,26)),38)),((((10,39),(16,((60,20),34))),23),(65,(58,27))))),(((((70,(73,86)),90),(88,96)),(((87,(94,82)),(83,77)),81)),99)),(((100,78),(79,85)),75)),(95,68)),(((84,74),(92,91)),69)),(76,(72,(71,89)))),97),(93,98)),67),80);
Current score: 2.74274e+08
Current tree: ((71,(72,(76,(((((((((((((((31,45),56),((18,3),66)),(12,5)),((57,59),61)),(21,11)),((((35,((53,17),15)),(29,30)),46),((((41,42),6),1),(((64,37),(7,50)),14)))),(((36,(32,4)),((40,22),(62,9))),43)),((((52,44),49),(54,2)),33)),(((((47,19),(51,8)),(48,(13,28))),(((25,(24,63)),(55,26)),38)),((((10,39),(16,((60,20),34))),23),(65,(58,27))))),(((((70,(73,86)),90),(88,96)),(((87,(94,82)),(83,77)),81)),99)),(((100,78),(79,85)),75)),(95,68)),(((84,74),(92,91)),69)),(97,((93,98),(67,80))))))),89);
Final Tree: ((71,(72,(76,(((((((((((((((31,45),56),((18,3),66)),(12,5)),((57,59),61)),(21,11)),((((35,((53,17),15)),(29,30)),46),((((41,42),6),1),(((64,37),(7,50)),14)))),(((36,(32,4)),((40,22),(62,9))),43)),((((52,44),49),(54,2)),33)),(((((47,19),(51,8)),(48,(13,28))),(((25,(24,63)),(55,26)),38)),((((10,39),(16,((60,20),34))),23),(65,(58,27))))),(((((70,(73,86)),90),(88,96)),(((87,(94,82)),(83,77)),81)),99)),(((100,78),(79,85)),75)),(95,68)),(((84,74),(92,91)),69)),(97,((93,98),(67,80))))))),89);
#EqQuartets: 351783933
Score: 274273775
ASTRAL for PaRalogs and Orthologs III (ASTRAL-Pro3)
*** NOW with integrated CASTLES-Pro ***
Version: v1.22.3.6
Read 512 genetrees and found 100 species.
#Genetrees: 985
#Duploss: 48228
#Species: 100
#Rounds: 4
#Samples: 4
#Threads: 1
Use two-step algorithm!
Guide Tree 0/16
#NNI moves:0/152
Guide Tree 1/16
#NNI moves:0/152
Guide Tree 2/16
#NNI moves:2/152
Guide Tree 3/16
#NNI moves:0/152
Guide Tree 4/16
#NNI moves:0/152
Guide Tree 5/16
#NNI moves:0/152
Guide Tree 6/16
#NNI moves:0/152
Guide Tree 7/16
#NNI moves:0/152
Guide Tree 8/16
#NNI moves:0/152
Guide Tree 9/16
#NNI moves:0/152
Guide Tree 10/16
#NNI moves:6/152
Guide Tree 11/16
#NNI moves:0/152
Guide Tree 12/16
#NNI moves:0/152
Guide Tree 13/16
#NNI moves:2/152
Guide Tree 14/16
#NNI moves:6/152
Guide Tree 15/16
#NNI moves:0/152
Remaining: 1
#NNI moves:42/152
#NNI moves:72/152
((((((((((((((98,(100,89)),92),((91,87),((96,97),90))),((93,(99,94)),(95,88))),(39,49)),(64,22)),((((((((((35,(29,31)),20),15),7),(48,70)),(((53,32),6),19)),((16,2),42)),83),(4,14)),((((((((((84,51),28),((24,79),(41,9))),(82,76)),(57,80)),11),13),36),((((((71,30),67),(78,(61,85))),((26,12),37)),(((74,5),38),((18,75),8))),(58,86))),33))),((((((((65,3),25),1),(34,17)),((23,73),(66,(63,40)))),((56,59),(54,50))),(60,(43,44))),((52,47),72))),(((10,69),45),46)),(55,62)),(21,68)),27),81),77);
Guide Tree 0/16
#NNI moves:0/152
Guide Tree 1/16
#NNI moves:6/152
Guide Tree 2/16
#NNI moves:0/152
Guide Tree 3/16
#NNI moves:0/152
Guide Tree 4/16
#NNI moves:8/152
Guide Tree 5/16
#NNI moves:0/152
Guide Tree 6/16
#NNI moves:2/152
Guide Tree 7/16
#NNI moves:4/152
Guide Tree 8/16
#NNI moves:0/152
Guide Tree 9/16
#NNI moves:4/152
Guide Tree 10/16
#NNI moves:0/152
Guide Tree 11/16
#NNI moves:10/152
Guide Tree 12/16
#NNI moves:4/152
Guide Tree 13/16
#NNI moves:4/152
Guide Tree 14/16
#NNI moves:4/152
Guide Tree 15/16
#NNI moves:2/152
Remaining: 0
#NNI moves:14/152
#NNI moves:14/152
(((((((((((((((((85,61),78),((30,71),67)),(37,(12,26))),(((18,75),8),((74,5),38))),(58,86)),(((((80,57),((((9,41),(24,79)),(28,(84,51))),(82,76))),11),13),36)),33),((((((((20,(35,(31,29))),15),7),(70,48)),((6,(53,32)),19)),((2,16),42)),83),(14,4))),((64,22),(((((90,(97,96)),(87,91)),(((89,100),98),92)),(((99,94),93),(95,88))),(49,39)))),(((((((40,63),66),(23,73)),((17,34),(((3,65),25),1))),((54,50),(56,59))),((43,44),60)),(72,(52,47)))),(46,((69,10),45))),(55,62)),(21,68)),27),81),77);
Guide Tree 0/16
#NNI moves:12/152
Guide Tree 1/16
#NNI moves:0/152
Guide Tree 2/16
#NNI moves:4/152
Guide Tree 3/16
#NNI moves:2/152
Guide Tree 4/16
#NNI moves:12/152
Guide Tree 5/16
#NNI moves:2/152
Guide Tree 6/16
#NNI moves:2/152
Guide Tree 7/16
#NNI moves:8/152
Guide Tree 8/16
#NNI moves:6/152
Guide Tree 9/16
#NNI moves:0/152
Guide Tree 10/16
#NNI moves:4/152
Guide Tree 11/16
#NNI moves:2/152
Guide Tree 12/16
#NNI moves:2/152
Guide Tree 13/16
#NNI moves:4/152
Guide Tree 14/16
#NNI moves:2/152
Guide Tree 15/16
#NNI moves:6/152
Remaining: 0
#NNI moves:8/152
#NNI moves:8/152
((((((((((((((((78,(85,61)),(67,(30,71))),((26,12),37)),(((18,75),8),((74,5),38))),(86,58)),(((((80,57),((((84,51),28),((79,24),(41,9))),(76,82))),11),13),36)),33),(((((19,((32,53),6)),(((15,(((31,29),35),20)),7),(70,48))),((16,2),42)),83),(14,4))),((((((91,87),((96,97),90)),(((89,100),98),92)),((88,95),((94,99),93))),(49,39)),(22,64))),(((60,(44,43)),(((((40,63),66),(23,73)),((((3,65),25),1),(17,34))),((59,56),(50,54)))),(72,(47,52)))),(((10,69),45),46)),(62,55)),(68,21)),27),81),77);
Guide Tree 0/16
#NNI moves:0/152
Guide Tree 1/16
#NNI moves:2/152
Guide Tree 2/16
#NNI moves:0/152
Guide Tree 3/16
#NNI moves:0/152
Guide Tree 4/16
#NNI moves:0/152
Guide Tree 5/16
#NNI moves:2/152
Guide Tree 6/16
#NNI moves:2/152
Guide Tree 7/16
#NNI moves:6/152
Guide Tree 8/16
#NNI moves:0/152
Guide Tree 9/16
#NNI moves:0/152
Guide Tree 10/16
#NNI moves:0/152
Guide Tree 11/16
#NNI moves:0/152
Guide Tree 12/16
#NNI moves:2/152
Guide Tree 13/16
#NNI moves:0/152
Guide Tree 14/16
#NNI moves:0/152
Guide Tree 15/16
#NNI moves:0/152
Remaining: 0
#NNI moves:20/152
#NNI moves:20/152
(((((((((((((((((((41,9),(24,79)),(28,(51,84))),(76,82)),(57,80)),11),13),36),((86,58),(((((61,85),78),(67,(71,30))),((26,12),37)),(((18,75),8),((74,5),38))))),33),(((((16,2),42),((19,((53,32),6)),((((((31,29),35),20),15),7),(48,70)))),83),(4,14))),((22,64),(((((90,(97,96)),(91,87)),(((89,100),98),92)),((93,(99,94)),(95,88))),(39,49)))),((((((73,23),((40,63),66)),(((25,(65,3)),1),(17,34))),((59,56),(50,54))),(60,(44,43))),(72,(47,52)))),(((10,69),45),46)),(62,55)),(68,21)),27),81),77);
Initial score: 2.26788e+08
Initial tree: (((((((((((((((((((41,9),(24,79)),(28,(51,84))),(76,82)),(57,80)),11),13),36),((86,58),(((((61,85),78),(67,(71,30))),((26,12),37)),(((18,75),8),((74,5),38))))),33),(((((16,2),42),((19,((53,32),6)),((((((31,29),35),20),15),7),(48,70)))),83),(4,14))),((22,64),(((((90,(97,96)),(91,87)),(((89,100),98),92)),((93,(99,94)),(95,88))),(39,49)))),((((((73,23),((40,63),66)),(((25,(65,3)),1),(17,34))),((59,56),(50,54))),(60,(44,43))),(72,(47,52)))),(((10,69),45),46)),(62,55)),(68,21)),27),81),77);
*** Subsample Process ***
Use two-step algorithm!
#NNI moves:0/152
Remaining: 1
#NNI moves:12/152
#NNI moves:12/152
(((((((((((((((((((((25,(3,65)),1),(34,17)),((66,(63,40)),(23,73))),((59,56),(54,50))),(60,(43,44))),((47,52),72)),((((69,10),45),46),((((81,77),27),(21,68)),(62,55)))),(((((((96,97),90),(87,91)),(92,((89,100),98))),((93,(99,94)),(95,88))),(49,39)),(64,22))),(((((16,2),42),(((((((29,31),35),20),15),7),(48,70)),(19,(6,(53,32))))),83),(4,14))),33),(((((67,(71,30)),((85,61),78)),((26,12),37)),((38,(5,74)),(8,(75,18)))),(86,58))),36),13),11),(57,80)),(76,82)),((79,24),(9,41))),28),51),84);
#NNI moves:0/152
Remaining: 2
#NNI moves:56/152
#NNI moves:62/152
(((((((((((((((((71,30),67),((85,61),78)),((26,12),37)),(((75,18),8),((74,5),38))),(86,58)),((((((82,76),(((41,9),(24,79)),((51,84),28))),(80,57)),11),13),36)),33),((((((((((31,29),35),20),15),7),(70,48)),(((32,53),6),19)),((2,16),42)),83),(4,14))),((((((87,91),(90,(96,97))),(((89,100),98),92)),((88,95),(93,(94,99)))),(49,39)),(22,64))),((((((1,(25,(3,65))),(34,17)),((66,(40,63)),(23,73))),((59,56),(50,54))),((43,44),60)),((47,52),72))),(((69,10),45),46)),(55,62)),(21,68)),27),77),81);
#NNI moves:6/152
Remaining: 2
#NNI moves:12/152
#NNI moves:32/152
((((((((((((((((((63,40),66),(23,73)),((1,(25,(3,65))),(17,34))),((59,56),(50,54))),((44,43),60)),((47,52),72)),(((55,62),((27,(77,81)),(21,68))),(46,((69,10),45)))),((((((98,(100,89)),92),(((97,96),90),(87,91))),((93,(94,99)),(88,95))),(39,49)),(64,22))),(((((((((35,(29,31)),20),15),7),(48,70)),((6,(53,32)),19)),(42,(16,2))),83),(14,4))),33),((((((((79,24),(41,9)),(28,(84,51))),(82,76)),(57,80)),11),13),36)),(86,58)),(((75,18),8),(38,(74,5)))),(((30,71),67),(78,(85,61)))),37),12),26);
#NNI moves:4/152
Remaining: 0
#NNI moves:22/152
#NNI moves:22/152
(((((((((((((((((31,29),35),20),15),7),(48,70)),(((32,53),6),19)),((16,2),42)),83),(4,14)),(33,(((((((((84,51),28),((41,9),(79,24))),(76,82)),(80,57)),11),13),36),(((((78,(85,61)),(67,(71,30))),((26,12),37)),(((75,18),8),((74,5),38))),(58,86))))),(((((((89,100),98),92),(((96,97),90),(91,87))),((95,88),(93,(99,94)))),(39,49)),(64,22))),((((((66,(40,63)),(73,23)),((34,17),((25,(65,3)),1))),((54,50),(56,59))),((43,44),60)),(72,(52,47)))),(((69,10),45),46)),((21,68),((81,77),27))),62),55);
Current score: 2.26788e+08
Current tree: ((81,(27,((21,68),(((((((((((((((31,29),35),20),15),7),(48,70)),(((32,53),6),19)),((16,2),42)),83),(4,14)),(33,(((((((((84,51),28),((41,9),(79,24))),(76,82)),(80,57)),11),13),36),(((((78,(85,61)),(67,(71,30))),((26,12),37)),(((75,18),8),((74,5),38))),(58,86))))),(((((((89,100),98),92),(((96,97),90),(91,87))),((95,88),(93,(99,94)))),(39,49)),(64,22))),((((((66,(40,63)),(73,23)),((34,17),((25,(65,3)),1))),((54,50),(56,59))),((43,44),60)),(72,(52,47)))),(((69,10),45),46)),(62,55))))),77);
Final Tree: ((81,(27,((21,68),(((((((((((((((31,29),35),20),15),7),(48,70)),(((32,53),6),19)),((16,2),42)),83),(4,14)),(33,(((((((((84,51),28),((41,9),(79,24))),(76,82)),(80,57)),11),13),36),(((((78,(85,61)),(67,(71,30))),((26,12),37)),(((75,18),8),((74,5),38))),(58,86))))),(((((((89,100),98),92),(((96,97),90),(91,87))),((95,88),(93,(99,94)))),(39,49)),(64,22))),((((((66,(40,63)),(73,23)),((34,17),((25,(65,3)),1))),((54,50),(56,59))),((43,44),60)),(72,(52,47)))),(((69,10),45),46)),(62,55))))),77);
#EqQuartets: 323721527
Score: 226787514
ASTRAL for PaRalogs and Orthologs III (ASTRAL-Pro3)
*** NOW with integrated CASTLES-Pro ***
Version: v1.22.3.6
Read 512 genetrees and found 100 species.
#Genetrees: 991
#Duploss: 45750
#Species: 100
#Rounds: 4
#Samples: 4
#Threads: 1
Use two-step algorithm!
Guide Tree 0/16
#NNI moves:0/152
Guide Tree 1/16
#NNI moves:0/152
Guide Tree 2/16
#NNI moves:0/152
Guide Tree 3/16
#NNI moves:2/152
Guide Tree 4/16
#NNI moves:0/152
Guide Tree 5/16
#NNI moves:0/152
Guide Tree 6/16
#NNI moves:0/152
Guide Tree 7/16
#NNI moves:0/152
Guide Tree 8/16
#NNI moves:0/152
Guide Tree 9/16
#NNI moves:0/152
Guide Tree 10/16
#NNI moves:0/152
Guide Tree 11/16
#NNI moves:0/152
Guide Tree 12/16
#NNI moves:0/152
Guide Tree 13/16
#NNI moves:6/152
Guide Tree 14/16
#NNI moves:0/152
Guide Tree 15/16
#NNI moves:0/152
Remaining: 1
#NNI moves:12/152
#NNI moves:14/152
(((((((((((((((10,(((((25,56),48),55),4),(60,9))),62),31),(53,(36,11))),(((((2,35),24),((66,((47,18),52)),50)),61),45)),((22,49),42)),5),((8,16),28)),((((23,(21,19)),(6,68)),(15,12)),30)),((((((((74,71),((99,83),91)),77),((79,87),85)),(73,((81,88),100))),(95,98)),((((((93,78),(75,89)),(94,(90,76))),(92,86)),(97,82)),((((72,80),70),84),96))),(43,44))),(((37,(59,1)),3),((((32,69),((27,51),(40,41))),(((14,20),(33,65)),(34,29))),7))),(((((58,63),67),39),17),((57,(64,38)),26))),46),54),13);
Guide Tree 0/16
#NNI moves:2/152
Guide Tree 1/16
#NNI moves:2/152
Guide Tree 2/16
#NNI moves:2/152
Guide Tree 3/16
#NNI moves:0/152
Guide Tree 4/16
#NNI moves:0/152
Guide Tree 5/16
#NNI moves:0/152
Guide Tree 6/16
#NNI moves:0/152
Guide Tree 7/16
#NNI moves:0/152
Guide Tree 8/16
#NNI moves:0/152
Guide Tree 9/16
#NNI moves:0/152
Guide Tree 10/16
#NNI moves:2/152
Guide Tree 11/16
#NNI moves:0/152
Guide Tree 12/16
#NNI moves:0/152
Guide Tree 13/16
#NNI moves:0/152
Guide Tree 14/16
#NNI moves:0/152
Guide Tree 15/16
#NNI moves:0/152
Remaining: 0
#NNI moves:12/152
#NNI moves:12/152
(((((((((((((((((60,9),((55,((56,25),48)),4)),10),62),31),(53,(11,36))),((((50,(((47,18),52),66)),((35,2),24)),61),45)),(42,(22,49))),5),((8,16),28)),(((12,15),((6,68),(23,(21,19)))),30)),((((((((74,71),((83,99),91)),77),((79,87),85)),(((88,81),100),73)),(95,98)),((((86,92),(((78,93),(75,89)),((76,90),94))),(82,97)),(((70,(80,72)),84),96))),(44,43))),((((((65,33),(20,14)),(34,29)),(((40,41),(27,51)),(69,32))),7),((37,(59,1)),3))),(((57,(38,64)),26),((39,(67,(63,58))),17))),46),54),13);
Guide Tree 0/16
#NNI moves:0/152
Guide Tree 1/16
#NNI moves:0/152
Guide Tree 2/16
#NNI moves:2/152
Guide Tree 3/16
#NNI moves:0/152
Guide Tree 4/16
#NNI moves:0/152
Guide Tree 5/16
#NNI moves:6/152
Guide Tree 6/16
#NNI moves:6/152
Guide Tree 7/16
#NNI moves:0/152
Guide Tree 8/16
#NNI moves:6/152
Guide Tree 9/16
#NNI moves:0/152
Guide Tree 10/16
#NNI moves:0/152
Guide Tree 11/16
#NNI moves:0/152
Guide Tree 12/16
#NNI moves:6/152
Guide Tree 13/16
#NNI moves:0/152
Guide Tree 14/16
#NNI moves:0/152
Guide Tree 15/16
#NNI moves:6/152
Remaining: 0
#NNI moves:14/152
#NNI moves:14/152
((((((((((((100,(81,88)),73),(((((99,83),91),(71,74)),77),(85,(87,79)))),(95,98)),((((86,92),(((89,75),(93,78)),((76,90),94))),(82,97)),((((80,72),70),84),96))),(43,44)),(((((42,(49,22)),(((((10,(((55,((25,56),48)),4),(9,60))),62),31),(53,(36,11))),((((50,(((18,47),52),66)),(24,(35,2))),61),45))),5),(28,(16,8))),(((12,15),((68,6),(23,(19,21)))),30))),((((((41,40),(51,27)),(32,69)),(((14,20),(65,33)),(34,29))),7),(3,(37,(59,1))))),(((((58,63),67),39),17),((57,(64,38)),26))),46),54),13);
Guide Tree 0/16
#NNI moves:0/152
Guide Tree 1/16
#NNI moves:0/152
Guide Tree 2/16
#NNI moves:0/152
Guide Tree 3/16
#NNI moves:0/152
Guide Tree 4/16
#NNI moves:0/152
Guide Tree 5/16
#NNI moves:0/152
Guide Tree 6/16
#NNI moves:0/152
Guide Tree 7/16
#NNI moves:0/152
Guide Tree 8/16
#NNI moves:0/152
Guide Tree 9/16
#NNI moves:0/152
Guide Tree 10/16
#NNI moves:0/152
Guide Tree 11/16
#NNI moves:0/152
Guide Tree 12/16
#NNI moves:0/152
Guide Tree 13/16
#NNI moves:0/152
Guide Tree 14/16
#NNI moves:0/152
Guide Tree 15/16
#NNI moves:0/152
Remaining: 0
#NNI moves:8/152
#NNI moves:8/152
(((((((((((((((((4,(((25,56),48),55)),(9,60)),10),62),31),((11,36),53)),(((((35,2),24),(((52,(47,18)),66),50)),61),45)),((49,22),42)),5),(28,(8,16))),(((((19,21),23),(68,6)),(15,12)),30)),((((((77,((91,(99,83)),(71,74))),((87,79),85)),((100,(81,88)),73)),(95,98)),((((((89,75),(93,78)),((90,76),94)),(86,92)),(82,97)),(((70,(72,80)),84),96))),(43,44))),(((((32,69),((40,41),(51,27))),((29,34),((65,33),(14,20)))),7),(3,((59,1),37)))),((17,((67,(63,58)),39)),(26,(57,(38,64))))),46),54),13);
Initial score: 2.38314e+08
Initial tree: (((((((((((((((((4,(((25,56),48),55)),(9,60)),10),62),31),((11,36),53)),(((((35,2),24),(((52,(47,18)),66),50)),61),45)),((49,22),42)),5),(28,(8,16))),(((((19,21),23),(68,6)),(15,12)),30)),((((((77,((91,(99,83)),(71,74))),((87,79),85)),((100,(81,88)),73)),(95,98)),((((((89,75),(93,78)),((90,76),94)),(86,92)),(82,97)),(((70,(72,80)),84),96))),(43,44))),(((((32,69),((40,41),(51,27))),((29,34),((65,33),(14,20)))),7),(3,((59,1),37)))),((17,((67,(63,58)),39)),(26,(57,(38,64))))),46),54),13);
*** Subsample Process ***
Use two-step algorithm!
#NNI moves:0/152
Remaining: 0
#NNI moves:6/152
#NNI moves:6/152
((((((((((((((((((((17,((67,(58,63)),39)),(((64,38),57),26)),((54,13),46)),(((((34,29),((20,14),(33,65))),((32,69),((51,27),(41,40)))),7),(((59,1),37),3))),(((((((80,72),70),84),96),(((92,86),(((76,90),94),((93,78),(75,89)))),(82,97))),((95,98),(((77,(((99,83),91),(74,71))),((87,79),85)),(((88,81),100),73)))),(44,43))),((((6,68),((19,21),23)),(15,12)),30)),(28,(8,16))),5),((49,22),42)),(45,((((66,((18,47),52)),50),(24,(2,35))),61))),((36,11),53)),31),62),10),(9,60)),4),55),48),56),25);
#NNI moves:0/152
Remaining: 0
#NNI moves:18/152
#NNI moves:18/152
(((((((((((((((99,83),91),(74,71)),77),((87,79),85)),(((81,88),100),73)),(98,95)),((((((93,78),(75,89)),((90,76),94)),(92,86)),(82,97)),((((80,72),70),84),96))),(44,43)),((((((45,((((66,((47,18),52)),50),((35,2),24)),61)),(((((((((56,25),48),55),4),(60,9)),10),62),31),((36,11),53))),(42,(49,22))),5),(28,(16,8))),((((68,6),((21,19),23)),(12,15)),30))),((((((51,27),(40,41)),(69,32)),((29,34),((20,14),(33,65)))),7),((37,(1,59)),3))),(((57,(64,38)),26),((((63,58),67),39),17))),46),13),54);
#NNI moves:0/152
Remaining: 2
#NNI moves:8/152
#NNI moves:8/152
(((((((((((((((((((((((((56,25),48),55),4),(60,9)),10),62),31),(53,(11,36))),(45,((((((18,47),52),66),50),((35,2),24)),61))),((49,22),42)),5),((8,16),28)),((((6,68),((21,19),23)),(15,12)),30)),((((37,(59,1)),3),(((((20,14),(65,33)),(29,34)),((69,32),((51,27),(40,41)))),7)),(((17,(((63,58),67),39)),((57,(38,64)),26)),((13,54),46)))),(43,44)),((((((93,78),(89,75)),((90,76),94)),(92,86)),(97,82)),((84,((72,80),70)),96))),(95,98)),(((88,81),100),73)),((79,87),85)),77),(74,71)),91),83),99);
#NNI moves:2/152
Remaining: 1
#NNI moves:8/152
#NNI moves:8/152
((((((((((((((((4,(55,((25,56),48))),(60,9)),10),62),31),((36,11),53)),(((((35,2),24),(((52,(18,47)),66),50)),61),45)),5),((42,(22,49)),((8,16),28))),((((6,68),((19,21),23)),(12,15)),30)),(((((82,97),((((75,89),(93,78)),((90,76),94)),(92,86))),(96,(((72,80),70),84))),((95,98),((((81,88),100),73),((77,((91,(83,99)),(74,71))),((79,87),85))))),(43,44))),(((37,(1,59)),3),((((32,69),((41,40),(27,51))),(((33,65),(20,14)),(34,29))),7))),(46,(54,13))),(26,((64,38),57))),(((58,63),67),39)),17);
Current score: 2.38314e+08
Current tree: ((54,(46,((((((((((((((4,(55,((25,56),48))),(60,9)),10),62),31),((36,11),53)),(((((35,2),24),(((52,(18,47)),66),50)),61),45)),(42,(22,49))),5),((8,16),28)),((((6,68),((19,21),23)),(12,15)),30)),(((((82,97),((((75,89),(93,78)),((90,76),94)),(92,86))),(96,(((72,80),70),84))),((95,98),((((81,88),100),73),((77,((91,(83,99)),(74,71))),((79,87),85))))),(43,44))),(((37,(1,59)),3),((((32,69),((41,40),(27,51))),(((33,65),(20,14)),(34,29))),7))),((26,((64,38),57)),((((58,63),67),39),17))))),13);
Final Tree: ((54,(46,((((((((((((((4,(55,((25,56),48))),(60,9)),10),62),31),((36,11),53)),(((((35,2),24),(((52,(18,47)),66),50)),61),45)),(42,(22,49))),5),((8,16),28)),((((6,68),((19,21),23)),(12,15)),30)),(((((82,97),((((75,89),(93,78)),((90,76),94)),(92,86))),(96,(((72,80),70),84))),((95,98),((((81,88),100),73),((77,((91,(83,99)),(74,71))),((79,87),85))))),(43,44))),(((37,(1,59)),3),((((32,69),((41,40),(27,51))),(((33,65),(20,14)),(34,29))),7))),((26,((64,38),57)),((((58,63),67),39),17))))),13);
#EqQuartets: 306516482
Score: 238314225
