ASTRAL for PaRalogs and Orthologs III (ASTRAL-Pro3)
*** NOW with integrated CASTLES-Pro ***
Version: v1.22.3.6
Read 512 genetrees and found 100 species.
#Genetrees: 997
#Duploss: 21692
#Species: 100
#Rounds: 4
#Samples: 4
#Threads: 1
Use two-step algorithm!
Guide Tree 0/16
#NNI moves:0/152
Guide Tree 1/16
#NNI moves:0/152
Guide Tree 2/16
#NNI moves:0/152
Guide Tree 3/16
#NNI moves:0/152
Guide Tree 4/16
#NNI moves:0/152
Guide Tree 5/16
#NNI moves:0/152
Guide Tree 6/16
#NNI moves:0/152
Guide Tree 7/16
#NNI moves:0/152
Guide Tree 8/16
#NNI moves:0/152
Guide Tree 9/16
#NNI moves:0/152
Guide Tree 10/16
#NNI moves:0/152
Guide Tree 11/16
#NNI moves:0/152
Guide Tree 12/16
#NNI moves:0/152
Guide Tree 13/16
#NNI moves:0/152
Guide Tree 14/16
#NNI moves:0/152
Guide Tree 15/16
#NNI moves:0/152
Remaining: 0
#NNI moves:4/152
#NNI moves:4/152
(((((((((((((((90,21),87),79),75),(((((55,69),35),34),(70,(86,40))),(65,24))),(((((((95,92),100),(13,43)),(((29,(60,27)),45),(80,((56,26),53)))),((64,72),78)),(((46,85),(22,48)),((73,74),(59,84)))),(54,98))),(((32,96),57),(89,49))),((((81,88),(62,82)),((61,(83,((14,99),(28,66)))),(67,42))),(37,38))),(((20,93),((52,47),(31,25))),((19,58),63))),(((((9,6),(10,((11,1),8))),(12,3)),7),((4,5),2))),(((17,39),(33,41)),(((15,68),76),(18,51)))),((((44,(23,50)),(71,16)),97),77)),91),(94,30)),36);
Guide Tree 0/16
#NNI moves:0/152
Guide Tree 1/16
#NNI moves:0/152
Guide Tree 2/16
#NNI moves:0/152
Guide Tree 3/16
#NNI moves:0/152
Guide Tree 4/16
#NNI moves:0/152
Guide Tree 5/16
#NNI moves:0/152
Guide Tree 6/16
#NNI moves:0/152
Guide Tree 7/16
#NNI moves:0/152
Guide Tree 8/16
#NNI moves:0/152
Guide Tree 9/16
#NNI moves:0/152
Guide Tree 10/16
#NNI moves:0/152
Guide Tree 11/16
#NNI moves:0/152
Guide Tree 12/16
#NNI moves:0/152
Guide Tree 13/16
#NNI moves:0/152
Guide Tree 14/16
#NNI moves:0/152
Guide Tree 15/16
#NNI moves:0/152
Remaining: 0
#NNI moves:2/152
#NNI moves:2/152
((((((((((((((((13,43),((95,92),100)),((45,((60,27),29)),(80,((56,26),53)))),(78,(72,64))),(((46,85),(48,22)),((84,59),(74,73)))),(98,54)),((((34,(35,(69,55))),((40,86),70)),(24,65)),((((90,21),87),79),75))),(((32,96),57),(49,89))),(((((((99,14),(28,66)),83),61),(42,67)),((62,82),(81,88))),(37,38))),((((47,52),(25,31)),(20,93)),((19,58),63))),((7,(((6,9),((8,(11,1)),10)),(3,12))),(2,(4,5)))),(((51,18),((15,68),76)),((33,41),(39,17)))),((((44,(23,50)),(16,71)),97),77)),91),(30,94)),36);
Guide Tree 0/16
#NNI moves:0/152
Guide Tree 1/16
#NNI moves:0/152
Guide Tree 2/16
#NNI moves:0/152
Guide Tree 3/16
#NNI moves:0/152
Guide Tree 4/16
#NNI moves:0/152
Guide Tree 5/16
#NNI moves:0/152
Guide Tree 6/16
#NNI moves:0/152
Guide Tree 7/16
#NNI moves:0/152
Guide Tree 8/16
#NNI moves:0/152
Guide Tree 9/16
#NNI moves:0/152
Guide Tree 10/16
#NNI moves:0/152
Guide Tree 11/16
#NNI moves:0/152
Guide Tree 12/16
#NNI moves:0/152
Guide Tree 13/16
#NNI moves:0/152
Guide Tree 14/16
#NNI moves:0/152
Guide Tree 15/16
#NNI moves:0/152
Remaining: 0
#NNI moves:6/152
#NNI moves:6/152
(((((((((((((((46,85),(48,22)),((73,74),(84,59))),((78,(64,72)),(((80,((56,26),53)),(45,(29,(60,27)))),(((95,92),100),(13,43))))),(54,98)),((75,(79,(87,(90,21)))),(((34,(35,(69,55))),((40,86),70)),(65,24)))),(((96,32),57),(49,89))),(((((((14,99),(28,66)),83),61),(67,42)),((88,81),(62,82))),(37,38))),(((19,58),63),((20,93),((25,31),(47,52))))),((7,(((10,(8,(1,11))),(9,6)),(12,3))),((5,4),2))),(((18,51),((68,15),76)),((39,17),(41,33)))),((((71,16),(44,(23,50))),97),77)),91),(30,94)),36);
Guide Tree 0/16
#NNI moves:0/152
Guide Tree 1/16
#NNI moves:0/152
Guide Tree 2/16
#NNI moves:0/152
Guide Tree 3/16
#NNI moves:0/152
Guide Tree 4/16
#NNI moves:0/152
Guide Tree 5/16
#NNI moves:0/152
Guide Tree 6/16
#NNI moves:0/152
Guide Tree 7/16
#NNI moves:0/152
Guide Tree 8/16
#NNI moves:0/152
Guide Tree 9/16
#NNI moves:0/152
Guide Tree 10/16
#NNI moves:0/152
Guide Tree 11/16
#NNI moves:0/152
Guide Tree 12/16
#NNI moves:0/152
Guide Tree 13/16
#NNI moves:0/152
Guide Tree 14/16
#NNI moves:0/152
Guide Tree 15/16
#NNI moves:0/152
Remaining: 0
#NNI moves:2/152
#NNI moves:2/152
((((((((((((((((((26,56),53),80),((29,(27,60)),45)),(((95,92),100),(13,43))),((64,72),78)),(((22,48),(46,85)),((59,84),(74,73)))),(98,54)),(((((86,40),70),(34,(35,(55,69)))),(24,65)),(((87,(90,21)),79),75))),(((32,96),57),(89,49))),(((((((28,66),(99,14)),83),61),(67,42)),((81,88),(82,62))),(38,37))),(((58,19),63),(((25,31),(52,47)),(20,93)))),((((((8,(1,11)),10),(6,9)),(12,3)),7),((4,5),2))),(((76,(68,15)),(18,51)),((39,17),(33,41)))),(((((23,50),44),(16,71)),97),77)),91),(30,94)),36);
Initial score: 8.26707e+08
Initial tree: ((((((((((((((((((26,56),53),80),((29,(27,60)),45)),(((95,92),100),(13,43))),((64,72),78)),(((22,48),(46,85)),((59,84),(74,73)))),(98,54)),(((((86,40),70),(34,(35,(55,69)))),(24,65)),(((87,(90,21)),79),75))),(((32,96),57),(89,49))),(((((((28,66),(99,14)),83),61),(67,42)),((81,88),(82,62))),(38,37))),(((58,19),63),(((25,31),(52,47)),(20,93)))),((((((8,(1,11)),10),(6,9)),(12,3)),7),((4,5),2))),(((76,(68,15)),(18,51)),((39,17),(33,41)))),(((((23,50),44),(16,71)),97),77)),91),(30,94)),36);
*** Subsample Process ***
Use two-step algorithm!
#NNI moves:0/152
Remaining: 0
#NNI moves:4/152
#NNI moves:8/152
(((((((((((((((((((68,15),76),(51,18)),((17,39),(41,33))),((91,((30,94),36)),((((71,16),((23,50),44)),97),77))),(((((10,((1,11),8)),(6,9)),(12,3)),7),(2,(4,5)))),(((93,20),((52,47),(31,25))),((58,19),63))),(((((((28,66),(14,99)),83),61),(67,42)),((88,81),(62,82))),(37,38))),(((32,96),57),(49,89))),(((((90,21),87),79),75),((65,24),((((69,55),35),34),((40,86),70))))),(54,98)),(((22,48),(85,46)),((73,74),(84,59)))),((64,72),78)),(((95,92),100),(43,13))),(((60,27),29),45)),80),53),26),56);
#NNI moves:0/152
Remaining: 0
#NNI moves:2/152
#NNI moves:2/152
(((((((((((((((43,13),(100,(92,95))),((((26,56),53),80),(((60,27),29),45))),((72,64),78)),(((46,85),(22,48)),((73,74),(59,84)))),(54,98)),((((87,(21,90)),79),75),(((70,(40,86)),(((55,69),35),34)),(65,24)))),(((96,32),57),(89,49))),((((67,42),((((14,99),(28,66)),83),61)),((88,81),(82,62))),(37,38))),((((31,25),(47,52)),(20,93)),(63,(19,58)))),((((12,3),((((11,1),8),10),(9,6))),7),((5,4),2))),((((15,68),76),(51,18)),((17,39),(33,41)))),(77,(((44,(50,23)),(16,71)),97))),((30,94),36)),91);
#NNI moves:0/152
Remaining: 0
#NNI moves:8/152
#NNI moves:8/152
(((((((((((((((((((44,(23,50)),(71,16)),97),77),((36,(94,30)),91)),(((76,(15,68)),(18,51)),((41,33),(39,17)))),((((12,3),(((8,(11,1)),10),(6,9))),7),(2,(4,5)))),(((58,19),63),(((31,25),(47,52)),(93,20)))),(((((((28,66),(14,99)),83),61),(42,67)),((88,81),(82,62))),(37,38))),(((96,32),57),(49,89))),(((((90,21),87),79),75),(((70,(40,86)),(((55,69),35),34)),(24,65)))),(54,98)),(((59,84),(74,73)),((85,46),(22,48)))),((64,72),78)),((((60,27),29),45),((53,(26,56)),80))),(13,43)),100),95),92);
#NNI moves:0/152
Remaining: 0
#NNI moves:8/152
#NNI moves:8/152
((((((((((((((((73,74),(59,84)),((22,48),(85,46))),((((80,((56,26),53)),(((27,60),29),45)),(((95,92),100),(43,13))),((64,72),78))),(98,54)),(((((90,21),87),79),75),((((86,40),70),(((55,69),35),34)),(65,24)))),((89,49),(57,(96,32)))),((37,38),(((61,(83,((14,99),(66,28)))),(67,42)),((62,82),(81,88))))),(((58,19),63),(((31,25),(52,47)),(20,93)))),(((((10,(8,(1,11))),(9,6)),(12,3)),7),((5,4),2))),(((18,51),((68,15),76)),((39,17),(41,33)))),((((44,(50,23)),(16,71)),97),77)),91),36),94),30);
Current score: 8.26707e+08
Current tree: (((((((((((((((73,74),(59,84)),((22,48),(85,46))),((((80,((56,26),53)),(((27,60),29),45)),(((95,92),100),(43,13))),((64,72),78))),(98,54)),(((((90,21),87),79),75),((((86,40),70),(((55,69),35),34)),(65,24)))),((89,49),(57,(96,32)))),((37,38),(((61,(83,((14,99),(66,28)))),(67,42)),((62,82),(81,88))))),(((58,19),63),(((31,25),(52,47)),(20,93)))),(((((10,(8,(1,11))),(9,6)),(12,3)),7),((5,4),2))),(((18,51),((68,15),76)),((39,17),(41,33)))),((((44,(50,23)),(16,71)),97),77)),91),(94,30)),36);
Final Tree: (((((((((((((((73,74),(59,84)),((22,48),(85,46))),((((80,((56,26),53)),(((27,60),29),45)),(((95,92),100),(43,13))),((64,72),78))),(98,54)),(((((90,21),87),79),75),((((86,40),70),(((55,69),35),34)),(65,24)))),((89,49),(57,(96,32)))),((37,38),(((61,(83,((14,99),(66,28)))),(67,42)),((62,82),(81,88))))),(((58,19),63),(((31,25),(52,47)),(20,93)))),(((((10,(8,(1,11))),(9,6)),(12,3)),7),((5,4),2))),(((18,51),((68,15),76)),((39,17),(41,33)))),((((44,(50,23)),(16,71)),97),77)),91),(94,30)),36);
#EqQuartets: 1116755510
Score: 826706717
ASTRAL for PaRalogs and Orthologs III (ASTRAL-Pro3)
*** NOW with integrated CASTLES-Pro ***
Version: v1.22.3.6
Read 512 genetrees and found 100 species.
#Genetrees: 1000
#Duploss: 25818
#Species: 100
#Rounds: 4
#Samples: 4
#Threads: 1
Use two-step algorithm!
Guide Tree 0/16
#NNI moves:0/152
Guide Tree 1/16
#NNI moves:0/152
Guide Tree 2/16
#NNI moves:0/152
Guide Tree 3/16
#NNI moves:0/152
Guide Tree 4/16
#NNI moves:0/152
Guide Tree 5/16
#NNI moves:0/152
Guide Tree 6/16
#NNI moves:0/152
Guide Tree 7/16
#NNI moves:0/152
Guide Tree 8/16
#NNI moves:6/152
Guide Tree 9/16
#NNI moves:0/152
Guide Tree 10/16
#NNI moves:0/152
Guide Tree 11/16
#NNI moves:0/152
Guide Tree 12/16
#NNI moves:0/152
Guide Tree 13/16
#NNI moves:0/152
Guide Tree 14/16
#NNI moves:0/152
Guide Tree 15/16
#NNI moves:0/152
Remaining: 0
#NNI moves:6/152
#NNI moves:16/152
((((((((((((((((((82,92),(63,65)),61),59),51),(((83,(72,94)),(88,(84,97))),(66,55))),((87,46),86)),((57,98),54)),(((((90,76),(95,47)),56),((79,74),(70,89))),67)),((((((85,69),52),((48,58),73)),((((64,68),91),((78,96),(49,100))),(71,80))),(50,((77,99),(75,53)))),((81,62),(60,93)))),((17,(43,42)),((15,31),39))),((((35,13),(20,32)),((44,((41,24),25)),((12,37),29))),(((10,21),30),(23,5)))),((((((7,9),33),28),14),11),((2,26),8))),36),(((27,6),(22,19)),45)),((40,38),(34,(1,3)))),(18,4)),16);
Guide Tree 0/16
#NNI moves:0/152
Guide Tree 1/16
#NNI moves:0/152
Guide Tree 2/16
#NNI moves:0/152
Guide Tree 3/16
#NNI moves:0/152
Guide Tree 4/16
#NNI moves:0/152
Guide Tree 5/16
#NNI moves:2/152
Guide Tree 6/16
#NNI moves:0/152
Guide Tree 7/16
#NNI moves:0/152
Guide Tree 8/16
#NNI moves:0/152
Guide Tree 9/16
#NNI moves:0/152
Guide Tree 10/16
#NNI moves:0/152
Guide Tree 11/16
#NNI moves:2/152
Guide Tree 12/16
#NNI moves:2/152
Guide Tree 13/16
#NNI moves:0/152
Guide Tree 14/16
#NNI moves:0/152
Guide Tree 15/16
#NNI moves:0/152
Remaining: 0
#NNI moves:10/152
#NNI moves:10/152
((((((((((((((74,79),(89,70)),(56,((47,95),(90,76)))),67),((54,(98,57)),(((((((82,92),(65,63)),61),59),51),((((97,84),88),((94,72),83)),(55,66))),(86,(87,46))))),((((((48,58),73),((69,85),52)),((((96,78),(100,49)),(91,(68,64))),(71,80))),(((99,77),(75,53)),50)),((93,60),(81,62)))),((39,(15,31)),(17,(43,42)))),((((20,32),(13,35)),(((12,37),29),(((24,41),25),44))),((30,(10,21)),(5,23)))),(((2,26),8),((((33,(7,9)),28),14),11))),36),(((6,27),(19,22)),45)),((40,38),(34,(1,3)))),(18,4)),16);
Guide Tree 0/16
#NNI moves:2/152
Guide Tree 1/16
#NNI moves:0/152
Guide Tree 2/16
#NNI moves:0/152
Guide Tree 3/16
#NNI moves:0/152
Guide Tree 4/16
#NNI moves:6/152
Guide Tree 5/16
#NNI moves:0/152
Guide Tree 6/16
#NNI moves:0/152
Guide Tree 7/16
#NNI moves:6/152
Guide Tree 8/16
#NNI moves:0/152
Guide Tree 9/16
#NNI moves:0/152
Guide Tree 10/16
#NNI moves:6/152
Guide Tree 11/16
#NNI moves:0/152
Guide Tree 12/16
#NNI moves:0/152
Guide Tree 13/16
#NNI moves:0/152
Guide Tree 14/16
#NNI moves:0/152
Guide Tree 15/16
#NNI moves:0/152
Remaining: 0
#NNI moves:18/152
#NNI moves:20/152
(((((((((((((((48,58),73),((85,69),52)),((71,80),(((64,68),91),((96,78),(49,100))))),(((99,77),(53,75)),50)),((60,93),(62,81))),(((((((88,(84,97)),((72,94),83)),(55,66)),((59,(61,((65,63),(82,92)))),51)),((87,46),86)),(54,(98,57))),(((56,((76,90),(95,47))),((79,74),(89,70))),67))),(((43,42),17),(39,(15,31)))),((((21,10),30),(23,5)),((((25,(41,24)),44),(29,(12,37))),((20,32),(13,35))))),(((2,26),8),(((((7,9),33),28),14),11))),36),(((6,27),(19,22)),45)),((38,40),((3,1),34))),(18,4)),16);
Guide Tree 0/16
#NNI moves:0/152
Guide Tree 1/16
#NNI moves:0/152
Guide Tree 2/16
#NNI moves:0/152
Guide Tree 3/16
#NNI moves:0/152
Guide Tree 4/16
#NNI moves:0/152
Guide Tree 5/16
#NNI moves:0/152
Guide Tree 6/16
#NNI moves:0/152
Guide Tree 7/16
#NNI moves:2/152
Guide Tree 8/16
#NNI moves:0/152
Guide Tree 9/16
#NNI moves:0/152
Guide Tree 10/16
#NNI moves:0/152
Guide Tree 11/16
#NNI moves:2/152
Guide Tree 12/16
#NNI moves:2/152
Guide Tree 13/16
#NNI moves:2/152
Guide Tree 14/16
#NNI moves:2/152
Guide Tree 15/16
#NNI moves:0/152
Remaining: 0
#NNI moves:24/152
#NNI moves:32/152
((((((((((((((73,(58,48)),((85,69),52)),((((100,49),(96,78)),((64,68),91)),(71,80))),(50,((99,77),(75,53)))),((60,93),(81,62))),(((((51,((61,((63,65),(82,92))),59)),((((97,84),88),(83,(72,94))),(55,66))),((46,87),86)),((57,98),54)),(((((95,47),(90,76)),56),((89,70),(74,79))),67))),((39,(31,15)),(17,(43,42)))),(((((25,(41,24)),44),((37,12),29)),((32,20),(35,13))),((5,23),((21,10),30)))),(((((33,(7,9)),28),14),11),((2,26),8))),36),(((22,19),(27,6)),45)),(((1,3),34),(40,38))),(18,4)),16);
Initial score: 6.49142e+08
Initial tree: ((((((((((((((73,(58,48)),((85,69),52)),((((100,49),(96,78)),((64,68),91)),(71,80))),(50,((99,77),(75,53)))),((60,93),(81,62))),(((((51,((61,((63,65),(82,92))),59)),((((97,84),88),(83,(72,94))),(55,66))),((46,87),86)),((57,98),54)),(((((95,47),(90,76)),56),((89,70),(74,79))),67))),((39,(31,15)),(17,(43,42)))),(((((25,(41,24)),44),((37,12),29)),((32,20),(35,13))),((5,23),((21,10),30)))),(((((33,(7,9)),28),14),11),((2,26),8))),36),(((22,19),(27,6)),45)),(((1,3),34),(40,38))),(18,4)),16);
*** Subsample Process ***
Use two-step algorithm!
#NNI moves:2/152
Remaining: 0
#NNI moves:10/152
#NNI moves:12/152
((((((((((((((((82,92),(65,63)),61),59),51),(((88,(84,97)),((94,72),83)),(55,66))),((87,46),86)),((57,98),54)),(((((95,47),(76,90)),56),((79,74),(70,89))),67)),(((((((((7,9),33),28),14),11),((26,2),8)),(((((18,4),16),(((1,3),34),(38,40))),(((22,19),(6,27)),45)),36)),((((21,10),30),(5,23)),(((44,((41,24),25)),(29,(12,37))),((13,35),(20,32))))),(((42,43),17),((15,31),39)))),((60,93),(81,62))),(((77,99),(75,53)),50)),(((91,(68,64)),((49,100),(78,96))),(80,71))),((85,69),52)),(58,48)),73);
#NNI moves:2/152
Remaining: 0
#NNI moves:18/152
#NNI moves:20/152
(((((((((((((((((61,((92,82),(63,65))),59),51),((((84,97),88),((72,94),83)),(55,66))),((46,87),86)),((57,98),54)),(((((47,95),(76,90)),56),((89,70),(79,74))),67)),(((((((100,49),(78,96)),(91,(64,68))),(80,71)),(((48,58),73),((69,85),52))),(((77,99),(75,53)),50)),((62,81),(60,93)))),(((31,15),39),((43,42),17))),((((44,((41,24),25)),((12,37),29)),((35,13),(20,32))),(((10,21),30),(23,5)))),((((((9,7),33),28),14),11),((26,2),8))),36),(((22,19),(6,27)),45)),((38,40),(34,(3,1)))),16),4),18);
#NNI moves:0/152
Remaining: 0
#NNI moves:12/152
#NNI moves:16/152
(((((((((((((((((((38,40),(34,(3,1))),(16,(18,4))),(((22,19),(6,27)),45)),36),(((14,((33,(9,7)),28)),11),(8,(2,26)))),((((((41,24),25),44),(29,(12,37))),((35,13),(20,32))),((23,5),((10,21),30)))),(((42,43),17),((15,31),39))),(((((73,(58,48)),(52,(85,69))),(((91,(68,64)),((96,78),(100,49))),(80,71))),(50,((77,99),(75,53)))),((93,60),(81,62)))),(((((47,95),(90,76)),56),((89,70),(79,74))),67)),((57,98),54)),(86,(87,46))),(((83,(72,94)),((84,97),88)),(66,55))),51),59),61),(65,63)),92),82);
#NNI moves:0/152
Remaining: 0
#NNI moves:30/152
#NNI moves:30/152
(((((((((((((((((((63,65),(82,92)),61),59),51),((55,66),((83,(94,72)),(88,(97,84))))),((87,46),86)),((98,57),54)),(((((76,90),(95,47)),56),((74,79),(70,89))),67)),((((((58,48),73),((85,69),52)),((71,80),(((49,100),(78,96)),(91,(64,68))))),(50,((75,53),(77,99)))),((60,93),(62,81)))),((17,(43,42)),(39,(31,15)))),((((32,20),(35,13)),(((37,12),29),(((41,24),25),44))),((23,5),((21,10),30)))),((((((7,9),33),28),14),11),((2,26),8))),36),(((27,6),(19,22)),45)),((4,18),16)),(38,40)),(3,1)),34);
Current score: 6.49142e+08
Current tree: (((4,18),((((((((((((((((63,65),(82,92)),61),59),51),((55,66),((83,(94,72)),(88,(97,84))))),((87,46),86)),((98,57),54)),(((((76,90),(95,47)),56),((74,79),(70,89))),67)),((((((58,48),73),((85,69),52)),((71,80),(((49,100),(78,96)),(91,(64,68))))),(50,((75,53),(77,99)))),((60,93),(62,81)))),((17,(43,42)),(39,(31,15)))),((((32,20),(35,13)),(((37,12),29),(((41,24),25),44))),((23,5),((21,10),30)))),((((((7,9),33),28),14),11),((2,26),8))),36),(((27,6),(19,22)),45)),((38,40),((3,1),34)))),16);
Final Tree: (((4,18),((((((((((((((((63,65),(82,92)),61),59),51),((55,66),((83,(94,72)),(88,(97,84))))),((87,46),86)),((98,57),54)),(((((76,90),(95,47)),56),((74,79),(70,89))),67)),((((((58,48),73),((85,69),52)),((71,80),(((49,100),(78,96)),(91,(64,68))))),(50,((75,53),(77,99)))),((60,93),(62,81)))),((17,(43,42)),(39,(31,15)))),((((32,20),(35,13)),(((37,12),29),(((41,24),25),44))),((23,5),((21,10),30)))),((((((7,9),33),28),14),11),((2,26),8))),36),(((27,6),(19,22)),45)),((38,40),((3,1),34)))),16);
#EqQuartets: 916230128
Score: 649141664
ASTRAL for PaRalogs and Orthologs III (ASTRAL-Pro3)
*** NOW with integrated CASTLES-Pro ***
Version: v1.22.3.6
Read 512 genetrees and found 100 species.
#Genetrees: 1000
#Duploss: 21924
#Species: 100
#Rounds: 4
#Samples: 4
#Threads: 1
Use two-step algorithm!
Guide Tree 0/16
#NNI moves:0/152
Guide Tree 1/16
#NNI moves:0/152
Guide Tree 2/16
#NNI moves:0/152
Guide Tree 3/16
#NNI moves:0/152
Guide Tree 4/16
#NNI moves:0/152
Guide Tree 5/16
#NNI moves:0/152
Guide Tree 6/16
#NNI moves:0/152
Guide Tree 7/16
#NNI moves:0/152
Guide Tree 8/16
#NNI moves:0/152
Guide Tree 9/16
#NNI moves:0/152
Guide Tree 10/16
#NNI moves:0/152
Guide Tree 11/16
#NNI moves:0/152
Guide Tree 12/16
#NNI moves:0/152
Guide Tree 13/16
#NNI moves:0/152
Guide Tree 14/16
#NNI moves:0/152
Guide Tree 15/16
#NNI moves:0/152
Remaining: 0
#NNI moves:0/152
#NNI moves:0/152
((((((((((((((36,(34,39)),28),(((7,(((5,11),(2,8)),(30,10))),23),(20,41))),(((14,(26,12)),16),21)),((((42,29),27),(((3,6),24),(13,18))),(((17,15),(40,33)),25))),(((19,32),38),(9,((((31,22),35),1),(37,4))))),(((56,78),90),99)),(((((((((43,53),63),81),(88,((59,79),97))),87),(51,85)),(((60,74),(98,82)),((((69,86),49),48),(100,47)))),(70,72)),((((((57,66),(55,65)),(45,80)),((((83,64),52),(77,96)),73)),((75,67),95)),((92,58),50)))),(((68,(46,(71,62))),44),54)),93),76),(94,(84,61))),91),89);
Guide Tree 0/16
#NNI moves:0/152
Guide Tree 1/16
#NNI moves:0/152
Guide Tree 2/16
#NNI moves:0/152
Guide Tree 3/16
#NNI moves:0/152
Guide Tree 4/16
#NNI moves:0/152
Guide Tree 5/16
#NNI moves:0/152
Guide Tree 6/16
#NNI moves:0/152
Guide Tree 7/16
#NNI moves:0/152
Guide Tree 8/16
#NNI moves:0/152
Guide Tree 9/16
#NNI moves:0/152
Guide Tree 10/16
#NNI moves:0/152
Guide Tree 11/16
#NNI moves:0/152
Guide Tree 12/16
#NNI moves:0/152
Guide Tree 13/16
#NNI moves:0/152
Guide Tree 14/16
#NNI moves:0/152
Guide Tree 15/16
#NNI moves:0/152
Remaining: 0
#NNI moves:0/152
#NNI moves:0/152
((((((((((((((((43,53),63),81),(88,((79,59),97))),87),(85,51)),(((74,60),(82,98)),((((86,69),49),48),(47,100)))),(72,70)),(((92,58),50),(((((52,(83,64)),(77,96)),73),(((55,65),(57,66)),(80,45))),(95,(67,75))))),(((((((33,40),(17,15)),25),((((3,6),24),(18,13)),(27,(29,42)))),(((((((10,30),((2,8),(11,5))),7),23),(41,20)),(28,(36,(39,34)))),((((12,26),14),16),21))),((((1,((31,22),35)),(37,4)),9),((19,32),38))),(((78,56),90),99))),(((((62,71),46),68),44),54)),93),76),(94,(84,61))),91),89);
Guide Tree 0/16
#NNI moves:0/152
Guide Tree 1/16
#NNI moves:0/152
Guide Tree 2/16
#NNI moves:0/152
Guide Tree 3/16
#NNI moves:0/152
Guide Tree 4/16
#NNI moves:0/152
Guide Tree 5/16
#NNI moves:0/152
Guide Tree 6/16
#NNI moves:0/152
Guide Tree 7/16
#NNI moves:0/152
Guide Tree 8/16
#NNI moves:0/152
Guide Tree 9/16
#NNI moves:0/152
Guide Tree 10/16
#NNI moves:0/152
Guide Tree 11/16
#NNI moves:0/152
Guide Tree 12/16
#NNI moves:0/152
Guide Tree 13/16
#NNI moves:0/152
Guide Tree 14/16
#NNI moves:0/152
Guide Tree 15/16
#NNI moves:0/152
Remaining: 0
#NNI moves:0/152
#NNI moves:0/152
(((((((((((((((((30,10),((8,2),(11,5))),7),23),(20,41)),(28,((34,39),36))),((16,((26,12),14)),21)),(((((3,6),24),(13,18)),((42,29),27)),(((33,40),(17,15)),25))),((((((31,22),35),1),(37,4)),9),(38,(32,19)))),(99,((78,56),90))),((((((((63,(43,53)),81),((97,(79,59)),88)),87),(51,85)),(((82,98),(74,60)),((100,47),((49,(86,69)),48)))),(70,72)),((50,(58,92)),(((67,75),95),((((57,66),(55,65)),(45,80)),(((77,96),((83,64),52)),73)))))),(((((62,71),46),68),44),54)),93),76),((61,84),94)),91),89);
Guide Tree 0/16
#NNI moves:0/152
Guide Tree 1/16
#NNI moves:0/152
Guide Tree 2/16
#NNI moves:0/152
Guide Tree 3/16
#NNI moves:0/152
Guide Tree 4/16
#NNI moves:0/152
Guide Tree 5/16
#NNI moves:0/152
Guide Tree 6/16
#NNI moves:0/152
Guide Tree 7/16
#NNI moves:0/152
Guide Tree 8/16
#NNI moves:0/152
Guide Tree 9/16
#NNI moves:0/152
Guide Tree 10/16
#NNI moves:0/152
Guide Tree 11/16
#NNI moves:0/152
Guide Tree 12/16
#NNI moves:0/152
Guide Tree 13/16
#NNI moves:0/152
Guide Tree 14/16
#NNI moves:0/152
Guide Tree 15/16
#NNI moves:0/152
Remaining: 0
#NNI moves:0/152
#NNI moves:0/152
((((((((((((((24,(6,3)),(13,18)),((29,42),27)),(25,((33,40),(17,15)))),((((((((11,5),(8,2)),(30,10)),7),23),(41,20)),(28,(36,(39,34)))),(21,((14,(26,12)),16)))),((38,(32,19)),(((4,37),(((31,22),35),1)),9))),(99,(90,(56,78)))),(((((((57,66),(65,55)),(80,45)),(((96,77),((64,83),52)),73)),((75,67),95)),((92,58),50)),((72,70),((((48,((86,69),49)),(100,47)),((60,74),(98,82))),((87,((((43,53),63),81),(((59,79),97),88))),(51,85)))))),((44,((46,(71,62)),68)),54)),93),76),((84,61),94)),91),89);
Initial score: 8.41919e+08
Initial tree: ((((((((((((((24,(6,3)),(13,18)),((29,42),27)),(25,((33,40),(17,15)))),((((((((11,5),(8,2)),(30,10)),7),23),(41,20)),(28,(36,(39,34)))),(21,((14,(26,12)),16)))),((38,(32,19)),(((4,37),(((31,22),35),1)),9))),(99,(90,(56,78)))),(((((((57,66),(65,55)),(80,45)),(((96,77),((64,83),52)),73)),((75,67),95)),((92,58),50)),((72,70),((((48,((86,69),49)),(100,47)),((60,74),(98,82))),((87,((((43,53),63),81),(((59,79),97),88))),(51,85)))))),((44,((46,(71,62)),68)),54)),93),76),((84,61),94)),91),89);
*** Subsample Process ***
Use two-step algorithm!
#NNI moves:0/152
Remaining: 0
#NNI moves:0/152
#NNI moves:0/152
((((((((((((((((81,((53,43),63)),(88,((79,59),97))),87),(85,51)),(((60,74),(82,98)),(((49,(86,69)),48),(100,47)))),(70,72)),((((((77,96),((83,64),52)),73),(((57,66),(55,65)),(45,80))),(95,(75,67))),((58,92),50))),((((((71,62),46),68),44),54),((((91,89),((84,61),94)),76),93))),(99,((78,56),90))),((((((22,31),35),1),(37,4)),9),((19,32),38))),((((((((8,2),(5,11)),(10,30)),7),23),(20,41)),(28,((34,39),36))),(21,(((12,26),14),16)))),(((15,17),(33,40)),25)),((29,42),27)),(13,18)),(3,6)),24);
#NNI moves:0/152
Remaining: 0
#NNI moves:0/152
#NNI moves:0/152
((((((((((((((13,18),((3,6),24)),((42,29),27)),(((40,33),(17,15)),25)),((((((((5,11),(8,2)),(10,30)),7),23),(41,20)),(((34,39),36),28)),((((26,12),14),16),21))),(((19,32),38),(((4,37),(1,((31,22),35))),9))),(99,((56,78),90))),((((((100,47),((49,(86,69)),48)),((60,74),(82,98))),((87,(((97,(59,79)),88),(81,((43,53),63)))),(51,85))),(72,70)),((((((65,55),(66,57)),(80,45)),(((96,77),((83,64),52)),73)),((75,67),95)),((58,92),50)))),(((68,((62,71),46)),44),54)),93),76),(94,(61,84))),89),91);
#NNI moves:0/152
Remaining: 0
#NNI moves:0/152
#NNI moves:0/152
((((((((((((((((100,47),(((69,86),49),48)),((60,74),(98,82))),((((88,((79,59),97)),(((43,53),63),81)),87),(51,85))),(72,70)),((((((66,57),(55,65)),(80,45)),(73,(((83,64),52),(96,77)))),(95,(75,67))),((58,92),50))),(((44,(68,((71,62),46))),54),((((94,(61,84)),(89,91)),76),93))),((90,(78,56)),99)),(((32,19),38),(((4,37),(((22,31),35),1)),9))),((((20,41),(23,((((2,8),(11,5)),(30,10)),7))),(((39,34),36),28)),((((12,26),14),16),21))),(((40,33),(17,15)),25)),(27,(29,42))),(18,13)),24),3),6);
#NNI moves:0/152
Remaining: 0
#NNI moves:0/152
#NNI moves:0/152
((((((((((((((88,((59,79),97)),((63,(53,43)),81)),87),(85,51)),((((49,(69,86)),48),(47,100)),((98,82),(74,60)))),(70,72)),((((((57,66),(65,55)),(45,80)),(((52,(64,83)),(77,96)),73)),((67,75),95)),((58,92),50))),((((((((34,39),36),28),(((((30,10),((8,2),(11,5))),7),23),(41,20))),((((26,12),14),16),21)),((25,((33,40),(15,17))),(((13,18),((6,3),24)),(27,(29,42))))),((((4,37),(((31,22),35),1)),9),((32,19),38))),(99,((78,56),90)))),(((68,(46,(62,71))),44),54)),93),76),(91,89)),(61,84)),94);
Current score: 8.41919e+08
Current tree: ((91,((((((((((((88,((59,79),97)),((63,(53,43)),81)),87),(85,51)),((((49,(69,86)),48),(47,100)),((98,82),(74,60)))),(70,72)),((((((57,66),(65,55)),(45,80)),(((52,(64,83)),(77,96)),73)),((67,75),95)),((58,92),50))),((((((((34,39),36),28),(((((30,10),((8,2),(11,5))),7),23),(41,20))),((((26,12),14),16),21)),((25,((33,40),(15,17))),(((13,18),((6,3),24)),(27,(29,42))))),((((4,37),(((31,22),35),1)),9),((32,19),38))),(99,((78,56),90)))),(((68,(46,(62,71))),44),54)),93),76),((61,84),94))),89);
Final Tree: ((91,((((((((((((88,((59,79),97)),((63,(53,43)),81)),87),(85,51)),((((49,(69,86)),48),(47,100)),((98,82),(74,60)))),(70,72)),((((((57,66),(65,55)),(45,80)),(((52,(64,83)),(77,96)),73)),((67,75),95)),((58,92),50))),((((((((34,39),36),28),(((((30,10),((8,2),(11,5))),7),23),(41,20))),((((26,12),14),16),21)),((25,((33,40),(15,17))),(((13,18),((6,3),24)),(27,(29,42))))),((((4,37),(((31,22),35),1)),9),((32,19),38))),(99,((78,56),90)))),(((68,(46,(62,71))),44),54)),93),76),((61,84),94))),89);
#EqQuartets: 1106229382
Score: 841919039
ASTRAL for PaRalogs and Orthologs III (ASTRAL-Pro3)
*** NOW with integrated CASTLES-Pro ***
Version: v1.22.3.6
Read 512 genetrees and found 100 species.
#Genetrees: 999
#Duploss: 23226
#Species: 100
#Rounds: 4
#Samples: 4
#Threads: 1
Use two-step algorithm!
Guide Tree 0/16
#NNI moves:0/152
Guide Tree 1/16
#NNI moves:0/152
Guide Tree 2/16
#NNI moves:0/152
Guide Tree 3/16
#NNI moves:2/152
Guide Tree 4/16
#NNI moves:2/152
Guide Tree 5/16
#NNI moves:0/152
Guide Tree 6/16
#NNI moves:0/152
Guide Tree 7/16
#NNI moves:0/152
Guide Tree 8/16
#NNI moves:0/152
Guide Tree 9/16
#NNI moves:0/152
Guide Tree 10/16
#NNI moves:0/152
Guide Tree 11/16
#NNI moves:2/152
Guide Tree 12/16
#NNI moves:0/152
Guide Tree 13/16
#NNI moves:0/152
Guide Tree 14/16
#NNI moves:0/152
Guide Tree 15/16
#NNI moves:0/152
Remaining: 0
#NNI moves:6/152
#NNI moves:6/152
(((((((((((((((99,71),78),(42,73)),79),((41,92),88)),((((((35,94),47),(36,30)),83),(86,(97,95))),((((55,(((31,29),25),45)),(77,98)),(62,59)),52))),((67,(51,74)),(84,81))),((44,28),65)),(((((((50,54),63),(75,(66,76))),57),(80,26)),49),(61,34))),((((((2,1),(9,17)),(8,14)),((21,7),(18,12))),(23,5)),((((4,10),(((19,6),24),16)),3),(22,((11,15),(20,13)))))),(((((46,(69,72)),(37,64)),85),(((39,43),90),(60,((96,38),48)))),((70,56),(89,40)))),(((((33,(91,68)),87),(53,100)),82),58)),27),32),93);
Guide Tree 0/16
#NNI moves:0/152
Guide Tree 1/16
#NNI moves:0/152
Guide Tree 2/16
#NNI moves:0/152
Guide Tree 3/16
#NNI moves:0/152
Guide Tree 4/16
#NNI moves:0/152
Guide Tree 5/16
#NNI moves:0/152
Guide Tree 6/16
#NNI moves:0/152
Guide Tree 7/16
#NNI moves:0/152
Guide Tree 8/16
#NNI moves:0/152
Guide Tree 9/16
#NNI moves:2/152
Guide Tree 10/16
#NNI moves:2/152
Guide Tree 11/16
#NNI moves:0/152
Guide Tree 12/16
#NNI moves:0/152
Guide Tree 13/16
#NNI moves:0/152
Guide Tree 14/16
#NNI moves:0/152
Guide Tree 15/16
#NNI moves:0/152
Remaining: 0
#NNI moves:10/152
#NNI moves:10/152
((((((((((((((((((31,29),25),45),55),(77,98)),(59,62)),52),(((((94,35),47),(36,30)),83),((95,97),86))),((((78,(99,71)),(73,42)),79),(88,(41,92)))),((81,84),((51,74),67))),((44,28),65)),((61,34),((((((76,66),75),((54,50),63)),57),(26,80)),49))),(((((21,7),(12,18)),(((2,1),(9,17)),(14,8))),(23,5)),((((4,10),(((6,19),24),16)),3),(((15,11),(20,13)),22)))),((((((96,38),48),60),((43,39),90)),((((72,69),46),(64,37)),85)),((89,40),(70,56)))),((((((68,91),33),87),(53,100)),82),58)),27),32),93);
Guide Tree 0/16
#NNI moves:0/152
Guide Tree 1/16
#NNI moves:12/152
Guide Tree 2/16
#NNI moves:0/152
Guide Tree 3/16
#NNI moves:0/152
Guide Tree 4/16
#NNI moves:0/152
Guide Tree 5/16
#NNI moves:0/152
Guide Tree 6/16
#NNI moves:0/152
Guide Tree 7/16
#NNI moves:0/152
Guide Tree 8/16
#NNI moves:0/152
Guide Tree 9/16
#NNI moves:12/152
Guide Tree 10/16
#NNI moves:0/152
Guide Tree 11/16
#NNI moves:0/152
Guide Tree 12/16
#NNI moves:0/152
Guide Tree 13/16
#NNI moves:2/152
Guide Tree 14/16
#NNI moves:6/152
Guide Tree 15/16
#NNI moves:0/152
Remaining: 0
#NNI moves:10/152
#NNI moves:10/152
((((((((((((((((((31,29),25),45),55),(98,77)),(59,62)),52),((86,(97,95)),(((36,30),((35,94),47)),83))),((((73,42),((71,99),78)),79),((41,92),88))),((81,84),((51,74),67))),(65,(28,44))),(((((((66,76),75),((54,50),63)),57),(26,80)),49),(34,61))),(((((((6,19),24),16),(4,10)),3),(22,((11,15),(13,20)))),((((8,14),((1,2),(17,9))),((18,12),(21,7))),(23,5)))),(((((46,(72,69)),(64,37)),85),(((43,39),90),(((38,96),48),60))),((56,70),(40,89)))),((((((68,91),33),87),(53,100)),82),58)),27),32),93);
Guide Tree 0/16
#NNI moves:0/152
Guide Tree 1/16
#NNI moves:2/152
Guide Tree 2/16
#NNI moves:2/152
Guide Tree 3/16
#NNI moves:2/152
Guide Tree 4/16
#NNI moves:0/152
Guide Tree 5/16
#NNI moves:6/152
Guide Tree 6/16
#NNI moves:6/152
Guide Tree 7/16
#NNI moves:0/152
Guide Tree 8/16
#NNI moves:0/152
Guide Tree 9/16
#NNI moves:0/152
Guide Tree 10/16
#NNI moves:0/152
Guide Tree 11/16
#NNI moves:2/152
Guide Tree 12/16
#NNI moves:0/152
Guide Tree 13/16
#NNI moves:0/152
Guide Tree 14/16
#NNI moves:0/152
Guide Tree 15/16
#NNI moves:0/152
Remaining: 0
#NNI moves:0/152
#NNI moves:0/152
(((((((((((((41,92),88),((((71,99),78),(73,42)),79)),((((((45,(25,(31,29))),55),(98,77)),(59,62)),52),(((((35,94),47),(36,30)),83),(86,(95,97))))),(((74,51),67),(84,81))),((44,28),65)),((34,61),((((((76,66),75),((50,54),63)),57),(80,26)),49))),(((((10,4),((24,(19,6)),16)),3),(((20,13),(15,11)),22)),((23,5),((((1,2),(9,17)),(14,8)),((21,7),(18,12)))))),((((((69,72),46),(37,64)),85),((90,(39,43)),((48,(96,38)),60))),((56,70),(40,89)))),((((((91,68),33),87),(100,53)),82),58)),27),32),93);
Initial score: 8.26866e+08
Initial tree: (((((((((((((41,92),88),((((71,99),78),(73,42)),79)),((((((45,(25,(31,29))),55),(98,77)),(59,62)),52),(((((35,94),47),(36,30)),83),(86,(95,97))))),(((74,51),67),(84,81))),((44,28),65)),((34,61),((((((76,66),75),((50,54),63)),57),(80,26)),49))),(((((10,4),((24,(19,6)),16)),3),(((20,13),(15,11)),22)),((23,5),((((1,2),(9,17)),(14,8)),((21,7),(18,12)))))),((((((69,72),46),(37,64)),85),((90,(39,43)),((48,(96,38)),60))),((56,70),(40,89)))),((((((91,68),33),87),(100,53)),82),58)),27),32),93);
*** Subsample Process ***
Use two-step algorithm!
#NNI moves:2/152
Remaining: 0
#NNI moves:20/152
#NNI moves:20/152
((((((((((((((90,(43,39)),(60,((38,96),48))),(((46,(72,69)),(64,37)),85)),((70,56),(89,40))),((27,(32,93)),((((100,53),(((91,68),33),87)),82),58))),((((((2,1),(9,17)),(8,14)),((18,12),(7,21))),(5,23)),((((13,20),(15,11)),22),((((24,(19,6)),16),(4,10)),3)))),(((((((66,76),75),((54,50),63)),57),(26,80)),49),(34,61))),((44,28),65)),(((51,74),67),(81,84))),((((((45,(25,(31,29))),55),(77,98)),(59,62)),52),(((((94,35),47),(30,36)),83),((97,95),86)))),(((73,42),((99,71),78)),79)),88),92),41);
#NNI moves:2/152
Remaining: 0
#NNI moves:18/152
#NNI moves:18/152
(((((((((((((((((31,29),25),45),55),(77,98)),(59,62)),52),((((30,36),((94,35),47)),83),(86,(97,95)))),(((((99,71),78),(73,42)),79),(88,(92,41)))),(((74,51),67),(81,84))),((44,28),65)),(((((((66,76),75),((50,54),63)),57),(80,26)),49),(34,61))),(((((18,12),(21,7)),(((1,2),(17,9)),(14,8))),(5,23)),((((20,13),(11,15)),22),(3,((((6,19),24),16),(4,10)))))),((((60,((96,38),48)),(90,(43,39))),(((37,64),((72,69),46)),85)),((40,89),(56,70)))),(((((33,(68,91)),87),(100,53)),82),58)),(32,93)),27);
#NNI moves:0/152
Remaining: 0
#NNI moves:8/152
#NNI moves:8/152
(((((((((((((((((18,12),(21,7)),(((2,1),(17,9)),(14,8))),(23,5)),((((16,((19,6),24)),(4,10)),3),(((20,13),(15,11)),22))),((((((64,37),((69,72),46)),85),((90,(43,39)),(((38,96),48),60))),((40,89),(70,56))),((((((33,(68,91)),87),(100,53)),82),58),((93,32),27)))),((((80,26),(57,(((66,76),75),((50,54),63)))),49),(34,61))),((28,44),65)),((67,(74,51)),(84,81))),(((((71,99),78),(73,42)),79),((41,92),88))),(((((94,35),47),(30,36)),83),((95,97),86))),52),(62,59)),(77,98)),55),(25,(31,29))),45);
#NNI moves:0/152
Remaining: 1
#NNI moves:0/152
#NNI moves:0/152
(((((((((((((((2,1),(9,17)),(14,8)),((7,21),(12,18))),(23,5)),((((10,4),((24,(6,19)),16)),3),(((11,15),(20,13)),22))),(((((((((36,30),((94,35),47)),83),((97,95),86)),((((((25,(29,31)),45),55),(98,77)),(62,59)),52)),(((41,92),88),(((73,42),((99,71),78)),79))),((67,(51,74)),(84,81))),((44,28),65)),((49,((57,((63,(50,54)),(75,(66,76)))),(80,26))),(34,61)))),(((((46,(69,72)),(37,64)),85),((90,(39,43)),((48,(38,96)),60))),((89,40),(56,70)))),((32,93),27)),58),82),(100,53)),87),(68,91)),33);
Current score: 8.26866e+08
Current tree: ((32,(27,(((((((((2,1),(9,17)),(14,8)),((7,21),(12,18))),(23,5)),((((10,4),((24,(6,19)),16)),3),(((11,15),(20,13)),22))),(((((((((36,30),((94,35),47)),83),((97,95),86)),((((((25,(29,31)),45),55),(98,77)),(62,59)),52)),(((41,92),88),(((73,42),((99,71),78)),79))),((67,(51,74)),(84,81))),((44,28),65)),((49,((57,((63,(50,54)),(75,(66,76)))),(80,26))),(34,61)))),(((((46,(69,72)),(37,64)),85),((90,(39,43)),((48,(38,96)),60))),((89,40),(56,70)))),(58,(82,((100,53),(87,((68,91),33)))))))),93);
Final Tree: ((32,(27,(((((((((2,1),(9,17)),(14,8)),((7,21),(12,18))),(23,5)),((((10,4),((24,(6,19)),16)),3),(((11,15),(20,13)),22))),(((((((((36,30),((94,35),47)),83),((97,95),86)),((((((25,(29,31)),45),55),(98,77)),(62,59)),52)),(((41,92),88),(((73,42),((99,71),78)),79))),((67,(51,74)),(84,81))),((44,28),65)),((49,((57,((63,(50,54)),(75,(66,76)))),(80,26))),(34,61)))),(((((46,(69,72)),(37,64)),85),((90,(39,43)),((48,(38,96)),60))),((89,40),(56,70)))),(58,(82,((100,53),(87,((68,91),33)))))))),93);
#EqQuartets: 1115083284
Score: 826865663
ASTRAL for PaRalogs and Orthologs III (ASTRAL-Pro3)
*** NOW with integrated CASTLES-Pro ***
Version: v1.22.3.6
Read 512 genetrees and found 100 species.
#Genetrees: 999
#Duploss: 20583
#Species: 100
#Rounds: 4
#Samples: 4
#Threads: 1
Use two-step algorithm!
Guide Tree 0/16
#NNI moves:6/152
Guide Tree 1/16
#NNI moves:0/152
Guide Tree 2/16
#NNI moves:0/152
Guide Tree 3/16
#NNI moves:0/152
Guide Tree 4/16
#NNI moves:0/152
Guide Tree 5/16
#NNI moves:6/152
Guide Tree 6/16
#NNI moves:6/152
Guide Tree 7/16
#NNI moves:0/152
Guide Tree 8/16
#NNI moves:0/152
Guide Tree 9/16
#NNI moves:0/152
Guide Tree 10/16
#NNI moves:2/152
Guide Tree 11/16
#NNI moves:0/152
Guide Tree 12/16
#NNI moves:0/152
Guide Tree 13/16
#NNI moves:6/152
Guide Tree 14/16
#NNI moves:0/152
Guide Tree 15/16
#NNI moves:2/152
Remaining: 0
#NNI moves:0/152
#NNI moves:0/152
((((((((((((((84,(4,40)),(45,(66,47))),(30,12)),(((83,92),31),1)),((((((67,((55,61),(94,43))),((60,25),26)),(90,((46,(77,37)),72))),((82,22),(48,35))),(6,(69,18))),((((63,(14,41)),(62,75)),42),(81,(56,65))))),((((((2,95),((27,34),86)),((36,70),10)),((15,85),73)),(91,24)),((((96,99),98),(100,97)),78))),(((21,39),(((57,5),8),59)),(11,49))),(((93,(89,38)),(20,76)),((32,(80,(33,52))),(53,23)))),((50,51),28)),(((3,88),13),(71,29))),((((64,16),54),(((19,87),9),44)),(68,74))),58),(7,79)),17);
Guide Tree 0/16
#NNI moves:2/152
Guide Tree 1/16
#NNI moves:6/152
Guide Tree 2/16
#NNI moves:2/152
Guide Tree 3/16
#NNI moves:0/152
Guide Tree 4/16
#NNI moves:0/152
Guide Tree 5/16
#NNI moves:2/152
Guide Tree 6/16
#NNI moves:0/152
Guide Tree 7/16
#NNI moves:0/152
Guide Tree 8/16
#NNI moves:0/152
Guide Tree 9/16
#NNI moves:6/152
Guide Tree 10/16
#NNI moves:0/152
Guide Tree 11/16
#NNI moves:2/152
Guide Tree 12/16
#NNI moves:0/152
Guide Tree 13/16
#NNI moves:0/152
Guide Tree 14/16
#NNI moves:6/152
Guide Tree 15/16
#NNI moves:0/152
Remaining: 0
#NNI moves:14/152
#NNI moves:16/152
((((((((((((((((((43,94),(61,55)),67),(26,(60,25))),(90,(((37,77),46),72))),((22,82),(48,35))),(6,(69,18))),(((((41,14),63),(75,62)),42),(81,(65,56)))),(((30,12),((45,(66,47)),(84,(40,4)))),(((92,83),31),1))),((((((86,(27,34)),(95,2)),(10,(70,36))),(73,(85,15))),(24,91)),(((97,100),(98,(99,96))),78))),((11,49),(((8,(5,57)),59),(21,39)))),(((20,76),((38,89),93)),(((80,(52,33)),32),(53,23)))),((50,51),28)),((71,29),((88,3),13))),((((64,16),54),(44,((19,87),9))),(68,74))),58),(7,79)),17);
Guide Tree 0/16
#NNI moves:2/152
Guide Tree 1/16
#NNI moves:0/152
Guide Tree 2/16
#NNI moves:2/152
Guide Tree 3/16
#NNI moves:0/152
Guide Tree 4/16
#NNI moves:0/152
Guide Tree 5/16
#NNI moves:0/152
Guide Tree 6/16
#NNI moves:0/152
Guide Tree 7/16
#NNI moves:2/152
Guide Tree 8/16
#NNI moves:0/152
Guide Tree 9/16
#NNI moves:0/152
Guide Tree 10/16
#NNI moves:2/152
Guide Tree 11/16
#NNI moves:6/152
Guide Tree 12/16
#NNI moves:0/152
Guide Tree 13/16
#NNI moves:2/152
Guide Tree 14/16
#NNI moves:2/152
Guide Tree 15/16
#NNI moves:4/152
Remaining: 1
#NNI moves:14/152
#NNI moves:22/152
((((((((((((((69,18),6),(((90,(((77,37),46),72)),(((25,60),26),(((43,94),(55,61)),67))),((22,82),(48,35)))),((42,(((14,41),63),(75,62))),((56,65),81))),(((((47,66),45),((4,40),84)),(12,30)),(((92,83),31),1))),(((((99,96),98),(97,100)),78),(((((86,(34,27)),(2,95)),(10,(36,70))),((15,85),73)),(91,24)))),((49,11),((39,21),(((57,5),8),59)))),(((53,23),(32,((52,33),80))),((93,(89,38)),(20,76)))),(28,(50,51))),((13,(3,88)),(71,29))),((68,74),((54,(64,16)),(((19,87),9),44)))),58),(7,79)),17);
Guide Tree 0/16
#NNI moves:0/152
Guide Tree 1/16
#NNI moves:0/152
Guide Tree 2/16
#NNI moves:6/152
Guide Tree 3/16
#NNI moves:0/152
Guide Tree 4/16
#NNI moves:0/152
Guide Tree 5/16
#NNI moves:0/152
Guide Tree 6/16
#NNI moves:0/152
Guide Tree 7/16
#NNI moves:0/152
Guide Tree 8/16
#NNI moves:0/152
Guide Tree 9/16
#NNI moves:0/152
Guide Tree 10/16
#NNI moves:2/152
Guide Tree 11/16
#NNI moves:0/152
Guide Tree 12/16
#NNI moves:0/152
Guide Tree 13/16
#NNI moves:2/152
Guide Tree 14/16
#NNI moves:6/152
Guide Tree 15/16
#NNI moves:0/152
Remaining: 0
#NNI moves:0/152
#NNI moves:0/152
(((((((((((((((36,70),10),(((34,27),86),(95,2))),((85,15),73)),(24,91)),(((98,(96,99)),(100,97)),78)),(((((69,18),6),((((((77,37),46),72),90),((67,((43,94),(61,55))),(26,(60,25)))),((82,22),(35,48)))),(((((41,14),63),(75,62)),42),(81,(65,56)))),((1,((92,83),31)),((12,30),((84,(40,4)),(45,(66,47))))))),(((39,21),(((57,5),8),59)),(11,49))),(((93,(38,89)),(76,20)),((32,((52,33),80)),(53,23)))),((51,50),28)),((29,71),((3,88),13))),((74,68),(((64,16),54),(44,((19,87),9))))),58),(7,79)),17);
Initial score: 8.42445e+08
Initial tree: (((((((((((((((36,70),10),(((34,27),86),(95,2))),((85,15),73)),(24,91)),(((98,(96,99)),(100,97)),78)),(((((69,18),6),((((((77,37),46),72),90),((67,((43,94),(61,55))),(26,(60,25)))),((82,22),(35,48)))),(((((41,14),63),(75,62)),42),(81,(65,56)))),((1,((92,83),31)),((12,30),((84,(40,4)),(45,(66,47))))))),(((39,21),(((57,5),8),59)),(11,49))),(((93,(38,89)),(76,20)),((32,((52,33),80)),(53,23)))),((51,50),28)),((29,71),((3,88),13))),((74,68),(((64,16),54),(44,((19,87),9))))),58),(7,79)),17);
*** Subsample Process ***
Use two-step algorithm!
#NNI moves:0/152
Remaining: 0
#NNI moves:8/152
#NNI moves:8/152
((((((((((((((((46,(77,37)),72),90),((((94,43),(55,61)),67),(26,(60,25)))),((82,22),(48,35))),((69,18),6)),(((((14,41),63),(75,62)),42),((56,65),81))),(((30,12),(((66,47),45),((4,40),84))),((31,(92,83)),1))),((((59,((57,5),8)),(39,21)),(49,11)),((((93,(89,38)),(20,76)),(((80,(52,33)),32),(23,53))),(((((((9,(87,19)),44),((16,64),54)),(74,68)),(((7,79),17),58)),((29,71),((3,88),13))),((51,50),28))))),(78,(((96,99),98),(97,100)))),(91,24)),((15,85),73)),(((34,27),86),(95,2))),10),70),36);
#NNI moves:0/152
Remaining: 1
#NNI moves:4/152
#NNI moves:4/152
(((((((((((((((((((55,61),(94,43)),67),((25,60),26)),((((77,37),46),72),90)),((82,22),(35,48))),((69,18),6)),(((((14,41),63),(75,62)),42),((56,65),81))),(((12,30),(((47,66),45),((4,40),84))),(((83,92),31),1))),(((((96,99),98),(97,100)),78),(((((70,36),10),(((27,34),86),(2,95))),((85,15),73)),(24,91)))),(((((57,5),8),59),(21,39)),(11,49))),((((38,89),93),(76,20)),((23,53),((80,(33,52)),32)))),((50,51),28)),(((88,3),13),(29,71))),(((44,((19,87),9)),((64,16),54)),(68,74))),58),17),79),7);
#NNI moves:0/152
Remaining: 0
#NNI moves:16/152
#NNI moves:18/152
(((((((((((((((((44,(9,(19,87))),((64,16),54)),(74,68)),(58,(17,(7,79)))),((71,29),((3,88),13))),((50,51),28)),((((80,(52,33)),32),(23,53)),((93,(38,89)),(76,20)))),(((((57,5),8),59),(39,21)),(49,11))),((78,((100,97),((99,96),98))),(((((70,36),10),(((27,34),86),(95,2))),((85,15),73)),(91,24)))),(((30,12),(((47,66),45),((40,4),84))),(((83,92),31),1))),(((65,56),81),(((63,(14,41)),(62,75)),42))),((69,18),6)),((82,22),(35,48))),((((37,77),46),72),90)),((25,60),26)),((94,43),(55,61))),67);
#NNI moves:2/152
Remaining: 0
#NNI moves:28/152
#NNI moves:28/152
(((((((((((((30,12),((45,(66,47)),((4,40),84))),(1,((83,92),31))),(((81,(56,65)),(((75,62),(63,(14,41))),42)),((((((46,(77,37)),72),90),(((60,25),26),(((61,55),(94,43)),67))),((48,35),(22,82))),((18,69),6)))),((78,(((99,96),98),(97,100))),((((15,85),73),((10,(36,70)),((86,(34,27)),(2,95)))),(24,91)))),((11,49),((((57,5),8),59),(21,39)))),(((53,23),(((33,52),80),32)),((93,(89,38)),(20,76)))),((50,51),28)),((13,(88,3)),(29,71))),(58,((79,7),17))),((54,(16,64)),(((19,87),9),44))),68),74);
Current score: 8.42445e+08
Current tree: (((79,7),(58,((((((((((30,12),((45,(66,47)),((4,40),84))),(1,((83,92),31))),(((81,(56,65)),(((75,62),(63,(14,41))),42)),((((((46,(77,37)),72),90),(((60,25),26),(((61,55),(94,43)),67))),((48,35),(22,82))),((18,69),6)))),((78,(((99,96),98),(97,100))),((((15,85),73),((10,(36,70)),((86,(34,27)),(2,95)))),(24,91)))),((11,49),((((57,5),8),59),(21,39)))),(((53,23),(((33,52),80),32)),((93,(89,38)),(20,76)))),((50,51),28)),((13,(88,3)),(29,71))),(((54,(16,64)),(((19,87),9),44)),(68,74))))),17);
Final Tree: (((79,7),(58,((((((((((30,12),((45,(66,47)),((4,40),84))),(1,((83,92),31))),(((81,(56,65)),(((75,62),(63,(14,41))),42)),((((((46,(77,37)),72),90),(((60,25),26),(((61,55),(94,43)),67))),((48,35),(22,82))),((18,69),6)))),((78,(((99,96),98),(97,100))),((((15,85),73),((10,(36,70)),((86,(34,27)),(2,95)))),(24,91)))),((11,49),((((57,5),8),59),(21,39)))),(((53,23),(((33,52),80),32)),((93,(89,38)),(20,76)))),((50,51),28)),((13,(88,3)),(29,71))),(((54,(16,64)),(((19,87),9),44)),(68,74))))),17);
#EqQuartets: 1119159404
Score: 842445098
ASTRAL for PaRalogs and Orthologs III (ASTRAL-Pro3)
*** NOW with integrated CASTLES-Pro ***
Version: v1.22.3.6
Read 512 genetrees and found 100 species.
#Genetrees: 1000
#Duploss: 19624
#Species: 100
#Rounds: 4
#Samples: 4
#Threads: 1
Use two-step algorithm!
Guide Tree 0/16
#NNI moves:0/152
Guide Tree 1/16
#NNI moves:0/152
Guide Tree 2/16
#NNI moves:0/152
Guide Tree 3/16
#NNI moves:0/152
Guide Tree 4/16
#NNI moves:0/152
Guide Tree 5/16
#NNI moves:0/152
Guide Tree 6/16
#NNI moves:0/152
Guide Tree 7/16
#NNI moves:0/152
Guide Tree 8/16
#NNI moves:0/152
Guide Tree 9/16
#NNI moves:0/152
Guide Tree 10/16
#NNI moves:0/152
Guide Tree 11/16
#NNI moves:0/152
Guide Tree 12/16
#NNI moves:0/152
Guide Tree 13/16
#NNI moves:0/152
Guide Tree 14/16
#NNI moves:0/152
Guide Tree 15/16
#NNI moves:0/152
Remaining: 0
#NNI moves:0/152
#NNI moves:0/152
((((((((((((((37,39),(38,70)),((57,36),((65,(81,(66,79))),89))),(94,((((98,64),59),(48,60)),40))),(((46,(34,69)),(93,68)),((61,87),75))),100),(((51,96),(84,85)),58)),(((((((4,1),30),(18,(25,16))),9),(((((3,19),(20,27)),(5,(2,(11,15)))),24),(((32,7),33),(12,22)))),(6,14)),((((23,(31,13)),21),(((28,29),(10,17)),8)),26))),((35,(45,80)),97)),(((41,(((((78,91),47),53),50),67)),(82,74)),(((71,52),73),(90,(86,72))))),((((((((99,44),77),49),(92,56)),42),62),(55,83)),43)),(95,76)),(54,88)),63);
Guide Tree 0/16
#NNI moves:0/152
Guide Tree 1/16
#NNI moves:0/152
Guide Tree 2/16
#NNI moves:0/152
Guide Tree 3/16
#NNI moves:0/152
Guide Tree 4/16
#NNI moves:0/152
Guide Tree 5/16
#NNI moves:0/152
Guide Tree 6/16
#NNI moves:0/152
Guide Tree 7/16
#NNI moves:0/152
Guide Tree 8/16
#NNI moves:0/152
Guide Tree 9/16
#NNI moves:0/152
Guide Tree 10/16
#NNI moves:0/152
Guide Tree 11/16
#NNI moves:0/152
Guide Tree 12/16
#NNI moves:0/152
Guide Tree 13/16
#NNI moves:0/152
Guide Tree 14/16
#NNI moves:0/152
Guide Tree 15/16
#NNI moves:0/152
Remaining: 0
#NNI moves:0/152
#NNI moves:0/152
(((((((((((((33,(7,32)),(12,22)),(((5,((11,15),2)),((3,19),(27,20))),24)),(((30,(1,4)),((25,16),18)),9)),(14,6)),(((((13,31),23),21),(((10,17),(28,29)),8)),26)),(((((((37,39),(70,38)),((((81,(79,66)),65),89),(57,36))),((((59,(64,98)),(60,48)),40),94)),(((46,(34,69)),(68,93)),((87,61),75))),100),(((85,84),(51,96)),58))),(((45,80),35),97)),(((74,82),((((((91,78),47),53),50),67),41)),((90,(86,72)),((71,52),73)))),((((42,((((44,99),77),49),(56,92))),62),(55,83)),43)),(95,76)),(54,88)),63);
Guide Tree 0/16
#NNI moves:0/152
Guide Tree 1/16
#NNI moves:0/152
Guide Tree 2/16
#NNI moves:0/152
Guide Tree 3/16
#NNI moves:0/152
Guide Tree 4/16
#NNI moves:0/152
Guide Tree 5/16
#NNI moves:0/152
Guide Tree 6/16
#NNI moves:0/152
Guide Tree 7/16
#NNI moves:0/152
Guide Tree 8/16
#NNI moves:0/152
Guide Tree 9/16
#NNI moves:0/152
Guide Tree 10/16
#NNI moves:0/152
Guide Tree 11/16
#NNI moves:0/152
Guide Tree 12/16
#NNI moves:0/152
Guide Tree 13/16
#NNI moves:0/152
Guide Tree 14/16
#NNI moves:0/152
Guide Tree 15/16
#NNI moves:0/152
Remaining: 0
#NNI moves:0/152
#NNI moves:0/152
(((((((((((((((65,((66,79),81)),89),(36,57)),((38,70),(37,39))),((((48,60),(59,(98,64))),40),94)),((((69,34),46),(93,68)),(75,(87,61)))),100),(((84,85),(51,96)),58)),(((((((5,((15,11),2)),((20,27),(3,19))),24),((12,22),(33,(32,7)))),((((16,25),18),(30,(1,4))),9)),(14,6)),(((((17,10),(29,28)),8),((23,(13,31)),21)),26))),(((80,45),35),97)),(((82,74),(((((47,(91,78)),53),50),67),41)),((90,(86,72)),((71,52),73)))),((((42,((92,56),(((99,44),77),49))),62),(83,55)),43)),(95,76)),(88,54)),63);
Guide Tree 0/16
#NNI moves:0/152
Guide Tree 1/16
#NNI moves:0/152
Guide Tree 2/16
#NNI moves:0/152
Guide Tree 3/16
#NNI moves:0/152
Guide Tree 4/16
#NNI moves:0/152
Guide Tree 5/16
#NNI moves:0/152
Guide Tree 6/16
#NNI moves:2/152
Guide Tree 7/16
#NNI moves:0/152
Guide Tree 8/16
#NNI moves:0/152
Guide Tree 9/16
#NNI moves:0/152
Guide Tree 10/16
#NNI moves:0/152
Guide Tree 11/16
#NNI moves:0/152
Guide Tree 12/16
#NNI moves:0/152
Guide Tree 13/16
#NNI moves:0/152
Guide Tree 14/16
#NNI moves:0/152
Guide Tree 15/16
#NNI moves:0/152
Remaining: 0
#NNI moves:0/152
#NNI moves:0/152
(((((((((((((12,22),(33,(7,32))),(24,(((3,19),(20,27)),((2,(11,15)),5)))),(((18,(16,25)),(30,(4,1))),9)),(14,6)),(((((10,17),(29,28)),8),(((13,31),23),21)),26)),(((((((((98,64),59),(60,48)),40),94),(((70,38),(37,39)),((57,36),(((81,(79,66)),65),89)))),(((93,68),(46,(69,34))),((61,87),75))),100),(58,((51,96),(85,84))))),(((80,45),35),97)),((((((53,(47,(78,91))),50),67),41),(82,74)),((90,(72,86)),((71,52),73)))),((((((49,(77,(44,99))),(56,92)),42),62),(83,55)),43)),(95,76)),(88,54)),63);
Initial score: 9.6594e+08
Initial tree: (((((((((((((12,22),(33,(7,32))),(24,(((3,19),(20,27)),((2,(11,15)),5)))),(((18,(16,25)),(30,(4,1))),9)),(14,6)),(((((10,17),(29,28)),8),(((13,31),23),21)),26)),(((((((((98,64),59),(60,48)),40),94),(((70,38),(37,39)),((57,36),(((81,(79,66)),65),89)))),(((93,68),(46,(69,34))),((61,87),75))),100),(58,((51,96),(85,84))))),(((80,45),35),97)),((((((53,(47,(78,91))),50),67),41),(82,74)),((90,(72,86)),((71,52),73)))),((((((49,(77,(44,99))),(56,92)),42),62),(83,55)),43)),(95,76)),(88,54)),63);
*** Subsample Process ***
Use two-step algorithm!
#NNI moves:0/152
Remaining: 0
#NNI moves:0/152
#NNI moves:0/152
(((((((((((((((37,39),(38,70)),(((((66,79),81),65),89),(57,36))),(((((98,64),59),(48,60)),40),94)),((((69,34),46),(93,68)),((87,61),75))),100),(((84,85),(51,96)),58)),(((((((((47,(91,78)),53),50),67),41),(74,82)),((73,(52,71)),((86,72),90))),((((62,(((92,56),(((44,99),77),49)),42)),(83,55)),43),((95,76),((88,54),63)))),((35,(80,45)),97))),(((21,(23,(31,13))),(8,((29,28),(17,10)))),26)),(6,14)),(9,(((1,4),30),(18,(16,25))))),((((3,19),(20,27)),((2,(11,15)),5)),24)),((32,7),33)),22),12);
#NNI moves:0/152
Remaining: 0
#NNI moves:2/152
#NNI moves:2/152
(((((((((((((((20,27),(19,3)),(5,(2,(15,11)))),24),(((32,7),33),(12,22))),(((18,(16,25)),((4,1),30)),9)),(6,14)),(((((29,28),(10,17)),8),(21,(23,(31,13)))),26)),(((((((69,34),46),(68,93)),(75,(61,87))),((((70,38),(39,37)),((89,(65,(81,(66,79)))),(57,36))),(((((64,98),59),(48,60)),40),94))),100),(((96,51),(84,85)),58))),((35,(80,45)),97)),((((((((78,91),47),53),50),67),41),(74,82)),(((72,86),90),((71,52),73)))),(((55,83),((42,((49,((99,44),77)),(56,92))),62)),43)),((54,88),63)),76),95);
#NNI moves:0/152
Remaining: 0
#NNI moves:0/152
#NNI moves:0/152
((((((((((((((((20,27),(19,3)),((2,(15,11)),5)),24),((12,22),(33,(7,32)))),((((16,25),18),((4,1),30)),9)),(6,14)),(26,((21,((13,31),23)),(8,((29,28),(10,17)))))),(((((((69,34),46),(93,68)),((87,61),75)),((((((64,98),59),(48,60)),40),94),(((37,39),(70,38)),(((((79,66),81),65),89),(36,57))))),100),(((96,51),(84,85)),58))),(97,((45,80),35))),((((((((78,91),47),53),50),67),41),(82,74)),(((72,86),90),(73,(71,52))))),((((((92,56),(49,((44,99),77))),42),62),(55,83)),43)),(95,76)),63),88),54);
#NNI moves:0/152
Remaining: 0
#NNI moves:0/152
#NNI moves:0/152
(((((((((((((((((37,39),(70,38)),((((81,(66,79)),65),89),(57,36))),((40,((59,(98,64)),(48,60))),94)),((75,(87,61)),(((34,69),46),(93,68)))),100),(((85,84),(51,96)),58)),((((((((((77,(99,44)),49),(56,92)),42),62),(83,55)),43),(((54,88),63),(76,95))),(((82,74),(((((47,(78,91)),53),50),67),41)),(((72,86),90),((71,52),73)))),(((80,45),35),97))),(((((17,10),(28,29)),8),(((31,13),23),21)),26)),(6,14)),(((18,(25,16)),((4,1),30)),9)),(((32,7),33),(22,12))),24),((2,(11,15)),5)),(27,20)),19),3);
Current score: 9.6594e+08
Current tree: (((54,88),((76,95),((((((((77,(99,44)),49),(56,92)),42),62),(83,55)),43),((((82,74),(((((47,(78,91)),53),50),67),41)),(((72,86),90),((71,52),73))),((((80,45),35),97),((((((((37,39),(70,38)),((((81,(66,79)),65),89),(57,36))),((40,((59,(98,64)),(48,60))),94)),((75,(87,61)),(((34,69),46),(93,68)))),100),(((85,84),(51,96)),58)),((((((17,10),(28,29)),8),(((31,13),23),21)),26),((6,14),((((18,(25,16)),((4,1),30)),9),((((32,7),33),(22,12)),(24,(((2,(11,15)),5),((27,20),(19,3)))))))))))))),63);
Final Tree: (((54,88),((76,95),((((((((77,(99,44)),49),(56,92)),42),62),(83,55)),43),((((82,74),(((((47,(78,91)),53),50),67),41)),(((72,86),90),((71,52),73))),((((80,45),35),97),((((((((37,39),(70,38)),((((81,(66,79)),65),89),(57,36))),((40,((59,(98,64)),(48,60))),94)),((75,(87,61)),(((34,69),46),(93,68)))),100),(((85,84),(51,96)),58)),((((((17,10),(28,29)),8),(((31,13),23),21)),26),((6,14),((((18,(25,16)),((4,1),30)),9),((((32,7),33),(22,12)),(24,(((2,(11,15)),5),((27,20),(19,3)))))))))))))),63);
#EqQuartets: 1195867322
Score: 965940198
ASTRAL for PaRalogs and Orthologs III (ASTRAL-Pro3)
*** NOW with integrated CASTLES-Pro ***
Version: v1.22.3.6
Read 512 genetrees and found 100 species.
#Genetrees: 999
#Duploss: 21784
#Species: 100
#Rounds: 4
#Samples: 4
#Threads: 1
Use two-step algorithm!
Guide Tree 0/16
#NNI moves:0/152
Guide Tree 1/16
#NNI moves:2/152
Guide Tree 2/16
#NNI moves:0/152
Guide Tree 3/16
#NNI moves:0/152
Guide Tree 4/16
#NNI moves:2/152
Guide Tree 5/16
#NNI moves:0/152
Guide Tree 6/16
#NNI moves:0/152
Guide Tree 7/16
#NNI moves:2/152
Guide Tree 8/16
#NNI moves:2/152
Guide Tree 9/16
#NNI moves:0/152
Guide Tree 10/16
#NNI moves:0/152
Guide Tree 11/16
#NNI moves:0/152
Guide Tree 12/16
#NNI moves:0/152
Guide Tree 13/16
#NNI moves:0/152
Guide Tree 14/16
#NNI moves:0/152
Guide Tree 15/16
#NNI moves:0/152
Remaining: 0
#NNI moves:12/152
#NNI moves:12/152
((((((((((((((((39,25),((81,100),((84,15),82))),((41,59),(43,93))),16),((19,95),((90,31),(97,9)))),(80,(55,65))),((((((21,18),(54,62)),(((17,71),98),(40,34))),(88,92)),((((77,(53,35)),(10,33)),(((45,96),26),89)),79)),((12,(52,50)),46))),(23,28)),(((((72,56),85),(((64,27),86),((60,94),20))),(22,11)),(83,51))),((((24,68),37),(99,74)),(14,61))),(((1,6),(2,(3,5))),4)),(((((58,32),(13,(8,38))),(78,49)),7),(((75,91),(87,(42,70))),44))),(48,73)),((((36,(69,67)),(57,76)),29),(63,66))),30),47);
Guide Tree 0/16
#NNI moves:0/152
Guide Tree 1/16
#NNI moves:0/152
Guide Tree 2/16
#NNI moves:0/152
Guide Tree 3/16
#NNI moves:0/152
Guide Tree 4/16
#NNI moves:0/152
Guide Tree 5/16
#NNI moves:0/152
Guide Tree 6/16
#NNI moves:2/152
Guide Tree 7/16
#NNI moves:0/152
Guide Tree 8/16
#NNI moves:0/152
Guide Tree 9/16
#NNI moves:2/152
Guide Tree 10/16
#NNI moves:0/152
Guide Tree 11/16
#NNI moves:0/152
Guide Tree 12/16
#NNI moves:0/152
Guide Tree 13/16
#NNI moves:0/152
Guide Tree 14/16
#NNI moves:0/152
Guide Tree 15/16
#NNI moves:0/152
Remaining: 0
#NNI moves:22/152
#NNI moves:22/152
((((((((((((((((62,54),(21,18)),(((71,17),98),(34,40))),(88,92)),((((77,(53,35)),(33,10)),(((96,45),26),89)),79)),(46,((50,52),12))),((((((41,59),(43,93)),(((100,81),(82,(15,84))),(25,39))),16),(((31,90),(97,9)),(95,19))),((65,55),80))),(23,28)),((((((94,60),20),((27,64),86)),(85,(72,56))),(22,11)),(83,51))),((((24,68),37),(74,99)),(14,61))),(((1,6),((3,5),2)),4)),((((49,78),((32,58),((38,8),13))),7),((((42,70),87),(91,75)),44))),(48,73)),((29,(((69,67),36),(76,57))),(63,66))),30),47);
Guide Tree 0/16
#NNI moves:6/152
Guide Tree 1/16
#NNI moves:6/152
Guide Tree 2/16
#NNI moves:6/152
Guide Tree 3/16
#NNI moves:2/152
Guide Tree 4/16
#NNI moves:0/152
Guide Tree 5/16
#NNI moves:0/152
Guide Tree 6/16
#NNI moves:6/152
Guide Tree 7/16
#NNI moves:0/152
Guide Tree 8/16
#NNI moves:0/152
Guide Tree 9/16
#NNI moves:8/152
Guide Tree 10/16
#NNI moves:2/152
Guide Tree 11/16
#NNI moves:0/152
Guide Tree 12/16
#NNI moves:0/152
Guide Tree 13/16
#NNI moves:2/152
Guide Tree 14/16
#NNI moves:4/152
Guide Tree 15/16
#NNI moves:2/152
Remaining: 0
#NNI moves:2/152
#NNI moves:2/152
((((((((((((((((77,(53,35)),(33,10)),(((96,45),26),89)),79),(((((71,17),98),(40,34)),((62,54),(21,18))),(88,92))),(46,(12,(52,50)))),(((55,65),80),(((((59,41),(43,93)),((39,25),((81,100),((15,84),82)))),16),(((97,9),(90,31)),(95,19))))),(23,28)),(((((20,(60,94)),((64,27),86)),((56,72),85)),(11,22)),(83,51))),(((99,74),((68,24),37)),(61,14))),(4,(((5,3),2),(6,1)))),((((78,49),(((8,38),13),(58,32))),7),(((75,91),((42,70),87)),44))),(73,48)),((29,((36,(67,69)),(57,76))),(66,63))),30),47);
Guide Tree 0/16
#NNI moves:0/152
Guide Tree 1/16
#NNI moves:0/152
Guide Tree 2/16
#NNI moves:0/152
Guide Tree 3/16
#NNI moves:0/152
Guide Tree 4/16
#NNI moves:0/152
Guide Tree 5/16
#NNI moves:0/152
Guide Tree 6/16
#NNI moves:0/152
Guide Tree 7/16
#NNI moves:0/152
Guide Tree 8/16
#NNI moves:0/152
Guide Tree 9/16
#NNI moves:0/152
Guide Tree 10/16
#NNI moves:0/152
Guide Tree 11/16
#NNI moves:0/152
Guide Tree 12/16
#NNI moves:0/152
Guide Tree 13/16
#NNI moves:0/152
Guide Tree 14/16
#NNI moves:0/152
Guide Tree 15/16
#NNI moves:0/152
Remaining: 0
#NNI moves:14/152
#NNI moves:14/152
((((((((((((((((((15,84),82),(100,81)),(39,25)),((93,43),(41,59))),16),(((9,97),(90,31)),(19,95))),((65,55),80)),((((((18,21),(62,54)),(((17,71),98),(40,34))),(88,92)),(((((53,35),77),(10,33)),(((45,96),26),89)),79)),(((52,50),12),46))),(23,28)),(((((56,72),85),((20,(60,94)),((64,27),86))),(22,11)),(51,83))),((((68,24),37),(99,74)),(14,61))),(((6,1),((3,5),2)),4)),((((91,75),(87,(70,42))),44),(((((8,38),13),(32,58)),(78,49)),7))),(48,73)),((66,63),(((36,(69,67)),(76,57)),29))),30),47);
Initial score: 8.93546e+08
Initial tree: ((((((((((((((((((15,84),82),(100,81)),(39,25)),((93,43),(41,59))),16),(((9,97),(90,31)),(19,95))),((65,55),80)),((((((18,21),(62,54)),(((17,71),98),(40,34))),(88,92)),(((((53,35),77),(10,33)),(((45,96),26),89)),79)),(((52,50),12),46))),(23,28)),(((((56,72),85),((20,(60,94)),((64,27),86))),(22,11)),(51,83))),((((68,24),37),(99,74)),(14,61))),(((6,1),((3,5),2)),4)),((((91,75),(87,(70,42))),44),(((((8,38),13),(32,58)),(78,49)),7))),(48,73)),((66,63),(((36,(69,67)),(76,57)),29))),30),47);
*** Subsample Process ***
Use two-step algorithm!
#NNI moves:2/152
Remaining: 0
#NNI moves:12/152
#NNI moves:12/152
(((((((((((((((((((36,(67,69)),(57,76)),29),(66,63)),(30,47)),(73,48)),((((78,49),((58,32),(13,(38,8)))),7),(((87,(42,70)),(75,91)),44))),(((1,6),((3,5),2)),4)),(((74,99),((68,24),37)),(14,61))),((((((27,64),86),((94,60),20)),((56,72),85)),(22,11)),(83,51))),(23,28)),(((((((53,35),77),(33,10)),(((45,96),26),89)),79),(((((17,71),98),(40,34)),((62,54),(21,18))),(92,88))),(46,((50,52),12)))),((55,65),80)),((95,19),((97,9),(90,31)))),16),((43,93),(59,41))),((100,81),((15,84),82))),25),39);
#NNI moves:0/152
Remaining: 1
#NNI moves:12/152
#NNI moves:18/152
(((((((((((8,38),13),(58,32)),(78,49)),7),(((91,75),((70,42),87)),44)),((((((((((((17,71),98),(40,34)),((54,62),(21,18))),(92,88)),((((77,(53,35)),(33,10)),(((45,96),26),89)),79)),(((52,50),12),46)),((((((((15,84),82),(100,81)),(25,39)),((59,41),(43,93))),16),((19,95),((97,9),(31,90)))),((55,65),80))),(28,23)),((((((60,94),20),((64,27),86)),((72,56),85)),(22,11)),(51,83))),(((37,(24,68)),(99,74)),(14,61))),(((6,1),((5,3),2)),4))),(73,48)),((63,66),(29,(((69,67),36),(76,57))))),47),30);
#NNI moves:0/152
Remaining: 0
#NNI moves:6/152
#NNI moves:6/152
((((((((((((((((((((53,35),77),(10,33)),(((96,45),26),89)),79),(((((17,71),98),(40,34)),((54,62),(21,18))),(92,88))),(((50,52),12),46)),((((((59,41),(43,93)),(((81,100),((15,84),82)),(39,25))),16),(((31,90),(97,9)),(19,95))),((55,65),80))),(23,28)),((((((94,60),20),((27,64),86)),((56,72),85)),(11,22)),(51,83))),((((24,68),37),(99,74)),(61,14))),(((1,6),((5,3),2)),4)),((((((57,76),((67,69),36)),29),(63,66)),(47,30)),(48,73))),(((91,75),((42,70),87)),44)),7),(49,78)),(32,58)),13),38),8);
#NNI moves:2/152
Remaining: 0
#NNI moves:12/152
#NNI moves:12/152
(((((((((((((((((((34,40),((71,17),98)),((18,21),(62,54))),(88,92)),(((((45,96),26),89),((10,33),((35,53),77))),79)),(((52,50),12),46)),((((((39,25),((81,100),((84,15),82))),((93,43),(59,41))),16),(((97,9),(90,31)),(19,95))),(80,(55,65)))),(23,28)),((((((60,94),20),((64,27),86)),((56,72),85)),(22,11)),(51,83))),((((24,68),37),(74,99)),(14,61))),(((1,6),(2,(3,5))),4)),(((((70,42),87),(91,75)),44),(((78,49),((13,(38,8)),(58,32))),7))),(48,73)),(30,47)),(66,63)),29),(76,57)),(67,69)),36);
Current score: 8.93546e+08
Current tree: ((30,((((((((((((((34,40),((71,17),98)),((18,21),(62,54))),(88,92)),(((((45,96),26),89),((10,33),((35,53),77))),79)),(((52,50),12),46)),((((((39,25),((81,100),((84,15),82))),((93,43),(59,41))),16),(((97,9),(90,31)),(19,95))),(80,(55,65)))),(23,28)),((((((60,94),20),((64,27),86)),((56,72),85)),(22,11)),(51,83))),((((24,68),37),(74,99)),(14,61))),(((1,6),(2,(3,5))),4)),(((((70,42),87),(91,75)),44),(((78,49),((13,(38,8)),(58,32))),7))),(48,73)),((66,63),(29,((76,57),((67,69),36)))))),47);
Final Tree: ((30,((((((((((((((34,40),((71,17),98)),((18,21),(62,54))),(88,92)),(((((45,96),26),89),((10,33),((35,53),77))),79)),(((52,50),12),46)),((((((39,25),((81,100),((84,15),82))),((93,43),(59,41))),16),(((97,9),(90,31)),(19,95))),(80,(55,65)))),(23,28)),((((((60,94),20),((64,27),86)),((56,72),85)),(22,11)),(51,83))),((((24,68),37),(74,99)),(14,61))),(((1,6),(2,(3,5))),4)),(((((70,42),87),(91,75)),44),(((78,49),((13,(38,8)),(58,32))),7))),(48,73)),((66,63),(29,((76,57),((67,69),36)))))),47);
#EqQuartets: 1193968945
Score: 893545658
ASTRAL for PaRalogs and Orthologs III (ASTRAL-Pro3)
*** NOW with integrated CASTLES-Pro ***
Version: v1.22.3.6
Read 512 genetrees and found 100 species.
#Genetrees: 998
#Duploss: 23994
#Species: 100
#Rounds: 4
#Samples: 4
#Threads: 1
Use two-step algorithm!
Guide Tree 0/16
#NNI moves:0/152
Guide Tree 1/16
#NNI moves:0/152
Guide Tree 2/16
#NNI moves:0/152
Guide Tree 3/16
#NNI moves:0/152
Guide Tree 4/16
#NNI moves:0/152
Guide Tree 5/16
#NNI moves:0/152
Guide Tree 6/16
#NNI moves:0/152
Guide Tree 7/16
#NNI moves:0/152
Guide Tree 8/16
#NNI moves:0/152
Guide Tree 9/16
#NNI moves:0/152
Guide Tree 10/16
#NNI moves:0/152
Guide Tree 11/16
#NNI moves:0/152
Guide Tree 12/16
#NNI moves:0/152
Guide Tree 13/16
#NNI moves:0/152
Guide Tree 14/16
#NNI moves:0/152
Guide Tree 15/16
#NNI moves:0/152
Remaining: 1
#NNI moves:18/152
#NNI moves:18/152
(((((((((((((((((15,92),24),((75,44),9)),37),(58,8)),(((93,45),60),((70,97),62))),(77,89)),(((48,25),88),(10,17))),((87,((85,71),72)),(86,(2,32)))),((((((78,4),67),61),57),(49,33)),(((((35,19),18),(51,90)),((14,20),42)),(47,66)))),(((41,(((54,94),56),5)),((((13,91),((38,22),11)),64),98)),(81,(100,46)))),(((((68,((28,52),96)),53),((50,12),65)),((((31,43),(76,36)),(((82,7),((74,73),84)),80)),39)),1)),(59,40)),(79,69)),(((30,(16,27)),((29,99),63)),(3,23))),(((34,6),55),((26,21),83))),95);
Guide Tree 0/16
#NNI moves:0/152
Guide Tree 1/16
#NNI moves:2/152
Guide Tree 2/16
#NNI moves:0/152
Guide Tree 3/16
#NNI moves:0/152
Guide Tree 4/16
#NNI moves:2/152
Guide Tree 5/16
#NNI moves:0/152
Guide Tree 6/16
#NNI moves:0/152
Guide Tree 7/16
#NNI moves:2/152
Guide Tree 8/16
#NNI moves:0/152
Guide Tree 9/16
#NNI moves:0/152
Guide Tree 10/16
#NNI moves:2/152
Guide Tree 11/16
#NNI moves:0/152
Guide Tree 12/16
#NNI moves:0/152
Guide Tree 13/16
#NNI moves:0/152
Guide Tree 14/16
#NNI moves:0/152
Guide Tree 15/16
#NNI moves:0/152
Remaining: 0
#NNI moves:8/152
#NNI moves:8/152
(((((((((((((((((92,15),24),((44,75),9)),37),(8,58)),(((70,97),62),(60,(45,93)))),(89,77)),(((25,48),88),(10,17))),((((71,85),72),87),((2,32),86))),((((((78,4),67),61),57),(49,33)),((66,47),((42,(20,14)),((90,51),((19,35),18)))))),((((((94,54),56),5),41),((((91,13),((38,22),11)),64),98)),(81,(46,100)))),((((((31,43),(36,76)),((((73,74),84),(7,82)),80)),39),(((68,(96,(52,28))),53),((50,12),65))),1)),(59,40)),(79,69)),((23,3),(((16,27),30),(63,(29,99))))),(((34,6),55),(83,(26,21)))),95);
Guide Tree 0/16
#NNI moves:0/152
Guide Tree 1/16
#NNI moves:0/152
Guide Tree 2/16
#NNI moves:0/152
Guide Tree 3/16
#NNI moves:0/152
Guide Tree 4/16
#NNI moves:0/152
Guide Tree 5/16
#NNI moves:0/152
Guide Tree 6/16
#NNI moves:0/152
Guide Tree 7/16
#NNI moves:4/152
Guide Tree 8/16
#NNI moves:0/152
Guide Tree 9/16
#NNI moves:0/152
Guide Tree 10/16
#NNI moves:0/152
Guide Tree 11/16
#NNI moves:0/152
Guide Tree 12/16
#NNI moves:0/152
Guide Tree 13/16
#NNI moves:0/152
Guide Tree 14/16
#NNI moves:0/152
Guide Tree 15/16
#NNI moves:0/152
Remaining: 0
#NNI moves:4/152
#NNI moves:4/152
((((((((((((56,(94,54)),5),41),(((((38,22),11),(91,13)),64),98)),((46,100),81)),(((((((19,35),18),(90,51)),((14,20),42)),(66,47)),(((((78,4),67),61),57),(33,49))),((((((37,(((92,15),24),((75,44),9))),(58,8)),(((45,93),60),(62,(70,97)))),(89,77)),((10,17),((25,48),88))),((87,((71,85),72)),((32,2),86))))),((((53,((96,(52,28)),68)),((12,50),65)),((((76,36),(31,43)),(80,(((73,74),84),(82,7)))),39)),1)),(40,59)),(69,79)),((23,3),((63,(99,29)),((16,27),30)))),((83,(26,21)),((34,6),55))),95);
Guide Tree 0/16
#NNI moves:0/152
Guide Tree 1/16
#NNI moves:0/152
Guide Tree 2/16
#NNI moves:6/152
Guide Tree 3/16
#NNI moves:0/152
Guide Tree 4/16
#NNI moves:0/152
Guide Tree 5/16
#NNI moves:0/152
Guide Tree 6/16
#NNI moves:2/152
Guide Tree 7/16
#NNI moves:0/152
Guide Tree 8/16
#NNI moves:6/152
Guide Tree 9/16
#NNI moves:0/152
Guide Tree 10/16
#NNI moves:0/152
Guide Tree 11/16
#NNI moves:0/152
Guide Tree 12/16
#NNI moves:0/152
Guide Tree 13/16
#NNI moves:0/152
Guide Tree 14/16
#NNI moves:0/152
Guide Tree 15/16
#NNI moves:0/152
Remaining: 0
#NNI moves:20/152
#NNI moves:20/152
(((((((((((((((45,93),60),((97,70),62)),((58,8),(((9,(44,75)),((92,15),24)),37))),(77,89)),((88,(48,25)),(10,17))),(((32,2),86),(((71,85),72),87))),((((((4,78),67),61),57),(49,33)),((((14,20),42),((18,(35,19)),(51,90))),(66,47)))),(((41,(((54,94),56),5)),(((((22,38),11),(13,91)),64),98)),((100,46),81))),(((((((84,(73,74)),(7,82)),80),((31,43),(76,36))),39),((65,(50,12)),(((96,(28,52)),68),53))),1)),(59,40)),(79,69)),(((63,(99,29)),((16,27),30)),(3,23))),(((6,34),55),((26,21),83))),95);
Initial score: 7.23392e+08
Initial tree: (((((((((((((((45,93),60),((97,70),62)),((58,8),(((9,(44,75)),((92,15),24)),37))),(77,89)),((88,(48,25)),(10,17))),(((32,2),86),(((71,85),72),87))),((((((4,78),67),61),57),(49,33)),((((14,20),42),((18,(35,19)),(51,90))),(66,47)))),(((41,(((54,94),56),5)),(((((22,38),11),(13,91)),64),98)),((100,46),81))),(((((((84,(73,74)),(7,82)),80),((31,43),(76,36))),39),((65,(50,12)),(((96,(28,52)),68),53))),1)),(59,40)),(79,69)),(((63,(99,29)),((16,27),30)),(3,23))),(((6,34),55),((26,21),83))),95);
*** Subsample Process ***
Use two-step algorithm!
#NNI moves:0/152
Remaining: 0
#NNI moves:2/152
#NNI moves:2/152
(((((((((((((((((28,52),96),68),53),(65,(50,12))),((((((73,74),84),(7,82)),80),((76,36),(43,31))),39)),1),(((((((16,27),30),((99,29),63)),(3,23)),((((26,21),83),((6,34),55)),95)),(69,79)),(40,59))),(((41,(((94,54),56),5)),((((13,91),((22,38),11)),64),98)),((46,100),81))),((((((4,78),67),61),57),(49,33)),(((((19,35),18),(90,51)),((14,20),42)),(66,47)))),((((85,71),72),87),((32,2),86))),(((48,25),88),(17,10))),(89,77)),((58,8),((((75,44),9),(24,(92,15))),37))),((93,45),60)),(70,97)),62);
#NNI moves:0/152
Remaining: 0
#NNI moves:2/152
#NNI moves:2/152
((((((((((((((((((93,45),60),((97,70),62)),((58,8),((((15,92),24),(9,(75,44))),37))),(89,77)),((17,10),(88,(48,25)))),(((32,2),86),(((85,71),72),87))),((((((78,4),67),61),57),(33,49)),(((((19,35),18),(90,51)),(42,(14,20))),(66,47)))),((((((13,91),(11,(38,22))),64),98),((5,((94,54),56)),41)),(81,(46,100)))),((((((((74,73),84),(82,7)),80),((76,36),(31,43))),39),((((96,(28,52)),68),53),((12,50),65))),1)),(40,59)),(79,69)),((((29,99),63),(30,(27,16))),(23,3))),95),((34,6),55)),83),21),26);
#NNI moves:0/152
Remaining: 0
#NNI moves:8/152
#NNI moves:8/152
(((((((((((((((((76,36),(31,43)),((((74,73),84),(82,7)),80)),39),(((68,((52,28),96)),53),(65,(12,50)))),1),(((((((27,16),30),(63,(29,99))),(3,23)),((((34,6),55),(83,(26,21))),95)),(69,79)),(59,40))),((((((54,94),56),5),41),(((((22,38),11),(91,13)),64),98)),(81,(46,100)))),((((((4,78),67),61),57),(33,49)),((((51,90),((35,19),18)),((20,14),42)),(66,47)))),((((85,71),72),87),((32,2),86))),((88,(25,48)),(17,10))),(77,89)),((58,8),(((9,(75,44)),((15,92),24)),37))),((97,70),62)),60),45),93);
#NNI moves:0/152
Remaining: 0
#NNI moves:8/152
#NNI moves:12/152
(((((((((((((((89,77),((((93,45),60),((97,70),62)),(((((44,75),9),((15,92),24)),37),(8,58)))),((10,17),((48,25),88))),((86,(2,32)),((72,(85,71)),87))),(((57,(61,(67,(4,78)))),(49,33)),((((18,(35,19)),(51,90)),((20,14),42)),(47,66)))),(((41,((56,(54,94)),5)),(((((22,38),11),(13,91)),64),98)),((46,100),81))),(((((68,(96,(28,52))),53),((50,12),65)),(((((84,(73,74)),(7,82)),80),((43,31),(36,76))),39)),1)),(40,59)),(79,69)),((((16,27),30),(63,(99,29))),(23,3))),95),(83,(21,26))),55),6),34);
Current score: 7.23392e+08
Current tree: ((((((((((((89,77),((((93,45),60),((97,70),62)),(((((44,75),9),((15,92),24)),37),(8,58)))),((10,17),((48,25),88))),((86,(2,32)),((72,(85,71)),87))),(((57,(61,(67,(4,78)))),(49,33)),((((18,(35,19)),(51,90)),((20,14),42)),(47,66)))),(((41,((56,(54,94)),5)),(((((22,38),11),(13,91)),64),98)),((46,100),81))),(((((68,(96,(28,52))),53),((50,12),65)),(((((84,(73,74)),(7,82)),80),((43,31),(36,76))),39)),1)),(40,59)),(79,69)),((((16,27),30),(63,(99,29))),(23,3))),((83,(21,26)),(55,(6,34)))),95);
Final Tree: ((((((((((((89,77),((((93,45),60),((97,70),62)),(((((44,75),9),((15,92),24)),37),(8,58)))),((10,17),((48,25),88))),((86,(2,32)),((72,(85,71)),87))),(((57,(61,(67,(4,78)))),(49,33)),((((18,(35,19)),(51,90)),((20,14),42)),(47,66)))),(((41,((56,(54,94)),5)),(((((22,38),11),(13,91)),64),98)),((46,100),81))),(((((68,(96,(28,52))),53),((50,12),65)),(((((84,(73,74)),(7,82)),80),((43,31),(36,76))),39)),1)),(40,59)),(79,69)),((((16,27),30),(63,(99,29))),(23,3))),((83,(21,26)),(55,(6,34)))),95);
#EqQuartets: 1014565787
Score: 723391587
ASTRAL for PaRalogs and Orthologs III (ASTRAL-Pro3)
*** NOW with integrated CASTLES-Pro ***
Version: v1.22.3.6
Read 512 genetrees and found 100 species.
#Genetrees: 1000
#Duploss: 20622
#Species: 100
#Rounds: 4
#Samples: 4
#Threads: 1
Use two-step algorithm!
Guide Tree 0/16
#NNI moves:0/152
Guide Tree 1/16
#NNI moves:0/152
Guide Tree 2/16
#NNI moves:0/152
Guide Tree 3/16
#NNI moves:0/152
Guide Tree 4/16
#NNI moves:0/152
Guide Tree 5/16
#NNI moves:0/152
Guide Tree 6/16
#NNI moves:0/152
Guide Tree 7/16
#NNI moves:0/152
Guide Tree 8/16
#NNI moves:0/152
Guide Tree 9/16
#NNI moves:0/152
Guide Tree 10/16
#NNI moves:0/152
Guide Tree 11/16
#NNI moves:2/152
Guide Tree 12/16
#NNI moves:0/152
Guide Tree 13/16
#NNI moves:0/152
Guide Tree 14/16
#NNI moves:0/152
Guide Tree 15/16
#NNI moves:0/152
Remaining: 0
#NNI moves:2/152
#NNI moves:2/152
((((((((((((81,((17,37),46)),(((((72,47),6),38),(7,80)),((9,11),53))),((((16,(3,(34,77))),((68,(56,28)),((44,35),33))),(((20,88),(49,84)),90)),((41,25),87))),(61,(21,32))),((14,30),((26,70),(83,4)))),((((((57,29),15),((66,78),31)),63),5),((8,(58,74)),(2,39)))),((((((95,96),91),94),92),99),(((97,100),98),93))),((((((50,52),(27,(62,73))),((82,12),59)),(((((19,48),(((18,89),85),71)),60),75),((36,76),23))),(((((55,79),(13,24)),(65,67)),(1,54)),((64,40),86))),((51,45),10))),42),22),43),69);
Guide Tree 0/16
#NNI moves:2/152
Guide Tree 1/16
#NNI moves:0/152
Guide Tree 2/16
#NNI moves:2/152
Guide Tree 3/16
#NNI moves:0/152
Guide Tree 4/16
#NNI moves:0/152
Guide Tree 5/16
#NNI moves:2/152
Guide Tree 6/16
#NNI moves:0/152
Guide Tree 7/16
#NNI moves:6/152
Guide Tree 8/16
#NNI moves:0/152
Guide Tree 9/16
#NNI moves:0/152
Guide Tree 10/16
#NNI moves:0/152
Guide Tree 11/16
#NNI moves:2/152
Guide Tree 12/16
#NNI moves:0/152
Guide Tree 13/16
#NNI moves:0/152
Guide Tree 14/16
#NNI moves:0/152
Guide Tree 15/16
#NNI moves:0/152
Remaining: 2
#NNI moves:0/152
#NNI moves:0/152
((((((((((39,2),(8,(58,74))),((63,((15,(57,29)),((78,66),31))),5)),((((((((6,(72,47)),38),(7,80)),((11,9),53)),(81,((17,37),46))),((((((35,44),33),((56,28),68)),(((77,34),3),16)),(((49,84),(20,88)),90)),((41,25),87))),(61,(21,32))),(((70,26),(83,4)),(30,14)))),(((98,(100,97)),93),(99,(92,(((96,95),91),94))))),(((((75,((((85,(18,89)),71),(48,19)),60)),((36,76),23)),((((73,62),27),(52,50)),((82,12),59))),(((((24,13),(79,55)),(65,67)),(54,1)),(86,(40,64)))),((45,51),10))),42),22),43),69);
Guide Tree 0/16
#NNI moves:0/152
Guide Tree 1/16
#NNI moves:0/152
Guide Tree 2/16
#NNI moves:0/152
Guide Tree 3/16
#NNI moves:0/152
Guide Tree 4/16
#NNI moves:0/152
Guide Tree 5/16
#NNI moves:0/152
Guide Tree 6/16
#NNI moves:0/152
Guide Tree 7/16
#NNI moves:0/152
Guide Tree 8/16
#NNI moves:0/152
Guide Tree 9/16
#NNI moves:0/152
Guide Tree 10/16
#NNI moves:0/152
Guide Tree 11/16
#NNI moves:0/152
Guide Tree 12/16
#NNI moves:0/152
Guide Tree 13/16
#NNI moves:0/152
Guide Tree 14/16
#NNI moves:0/152
Guide Tree 15/16
#NNI moves:0/152
Remaining: 0
#NNI moves:0/152
#NNI moves:0/152
((((((((((((((((77,34),3),16),(((28,56),68),((35,44),33))),(((84,49),(20,88)),90)),((41,25),87)),(((53,(11,9)),((80,7),(((47,72),6),38))),(((37,17),46),81))),((21,32),61)),(((26,70),(4,83)),(30,14))),(((63,(((57,29),15),((78,66),31))),5),((2,39),((74,58),8)))),((99,((((95,96),91),94),92)),(((97,100),98),93))),((((((((71,((18,89),85)),(19,48)),60),75),((76,36),23)),((59,(12,82)),((52,50),((73,62),27)))),((((65,67),((13,24),(55,79))),(1,54)),((64,40),86))),((45,51),10))),42),22),43),69);
Guide Tree 0/16
#NNI moves:0/152
Guide Tree 1/16
#NNI moves:0/152
Guide Tree 2/16
#NNI moves:0/152
Guide Tree 3/16
#NNI moves:0/152
Guide Tree 4/16
#NNI moves:0/152
Guide Tree 5/16
#NNI moves:0/152
Guide Tree 6/16
#NNI moves:0/152
Guide Tree 7/16
#NNI moves:0/152
Guide Tree 8/16
#NNI moves:0/152
Guide Tree 9/16
#NNI moves:0/152
Guide Tree 10/16
#NNI moves:0/152
Guide Tree 11/16
#NNI moves:0/152
Guide Tree 12/16
#NNI moves:0/152
Guide Tree 13/16
#NNI moves:0/152
Guide Tree 14/16
#NNI moves:0/152
Guide Tree 15/16
#NNI moves:0/152
Remaining: 0
#NNI moves:0/152
#NNI moves:0/152
(((((((((((((78,66),31),((29,57),15)),63),5),(((58,74),8),(39,2))),((((21,32),61),((((((68,(28,56)),((35,44),33)),((3,(77,34)),16)),(((20,88),(84,49)),90)),((25,41),87)),((((11,9),53),((38,((72,47),6)),(7,80))),(((37,17),46),81)))),((14,30),((70,26),(83,4))))),(((((91,(95,96)),94),92),99),(((100,97),98),93))),((((((12,82),59),((52,50),((62,73),27))),((((((85,(18,89)),71),(48,19)),60),75),(23,(36,76)))),((((67,65),((55,79),(13,24))),(1,54)),(86,(40,64)))),((45,51),10))),42),22),43),69);
Initial score: 8.72078e+08
Initial tree: (((((((((((((78,66),31),((29,57),15)),63),5),(((58,74),8),(39,2))),((((21,32),61),((((((68,(28,56)),((35,44),33)),((3,(77,34)),16)),(((20,88),(84,49)),90)),((25,41),87)),((((11,9),53),((38,((72,47),6)),(7,80))),(((37,17),46),81)))),((14,30),((70,26),(83,4))))),(((((91,(95,96)),94),92),99),(((100,97),98),93))),((((((12,82),59),((52,50),((62,73),27))),((((((85,(18,89)),71),(48,19)),60),75),(23,(36,76)))),((((67,65),((55,79),(13,24))),(1,54)),(86,(40,64)))),((45,51),10))),42),22),43),69);
*** Subsample Process ***
Use two-step algorithm!
#NNI moves:6/152
Remaining: 0
#NNI moves:12/152
#NNI moves:12/152
(((((((((((37,17),46),81),((53,(11,9)),(((6,(47,72)),38),(7,80)))),(((((49,84),(20,88)),90),((((34,77),3),16),((68,(28,56)),((44,35),33)))),((25,41),87))),((21,32),61)),(((4,83),(70,26)),(30,14))),(((((((59,(82,12)),((52,50),((62,73),27))),((23,(76,36)),((((19,48),(((89,18),85),71)),60),75))),((((67,65),((24,13),(55,79))),(1,54)),((64,40),86))),(10,(45,51))),(((43,69),22),42)),((((((95,96),91),94),92),99),(((97,100),98),93)))),((2,39),((58,74),8))),(((31,(66,78)),(15,(29,57))),63)),5);
#NNI moves:0/152
Remaining: 0
#NNI moves:0/152
#NNI moves:0/152
((((((((((((((((47,72),6),38),(80,7)),(53,(11,9))),(((37,17),46),81)),(((((88,20),(49,84)),90),(((68,(28,56)),((44,35),33)),(((34,77),3),16))),((41,25),87))),((21,32),61)),(((26,70),(4,83)),(14,30))),((((((66,78),31),((29,57),15)),63),5),((8,(74,58)),(39,2)))),(((((91,(96,95)),94),92),99),(((100,97),98),93))),((((((((19,48),(((18,89),85),71)),60),75),(23,(36,76))),(((82,12),59),(((73,62),27),(52,50)))),(((((13,24),(79,55)),(65,67)),(54,1)),((64,40),86))),((51,45),10))),42),22),69),43);
#NNI moves:0/152
Remaining: 1
#NNI moves:12/152
#NNI moves:18/152
(((((((((((((((((57,29),15),((78,66),31)),63),5),((8,(74,58)),(2,39))),((((((((12,82),59),((52,50),((73,62),27))),(((60,((48,19),(((18,89),85),71))),75),((76,36),23))),(((((24,13),(79,55)),(67,65)),(1,54)),((40,64),86))),((51,45),10)),(42,((43,69),22))),((((94,((95,96),91)),92),99),(93,(98,(100,97)))))),((30,14),((26,70),(83,4)))),((21,32),61)),((((((28,56),68),((35,44),33)),((3,(34,77)),16)),(((49,84),(88,20)),90)),((25,41),87))),(((37,17),46),81)),((9,11),53)),(80,7)),38),6),72),47);
#NNI moves:0/152
Remaining: 0
#NNI moves:2/152
#NNI moves:2/152
(((((((((((((((((((84,49),(88,20)),90),(((68,(56,28)),((44,35),33)),(16,(3,(34,77))))),((25,41),87)),((81,(46,(37,17))),(((38,(6,(47,72))),(7,80)),((9,11),53)))),(61,(32,21))),((14,30),((70,26),(4,83)))),((((((29,57),15),((78,66),31)),63),5),((39,2),(8,(74,58))))),((((((95,96),91),94),92),99),((98,(97,100)),93))),(42,(22,(43,69)))),((51,45),10)),((((((71,((18,89),85)),(48,19)),60),75),((76,36),23)),(((52,50),(27,(62,73))),(59,(82,12))))),((64,40),86)),(1,54)),(67,65)),(79,55)),24),13);
Current score: 8.72078e+08
Current tree: ((43,(22,(42,(((((((((((84,49),(88,20)),90),(((68,(56,28)),((44,35),33)),(16,(3,(34,77))))),((25,41),87)),((81,(46,(37,17))),(((38,(6,(47,72))),(7,80)),((9,11),53)))),(61,(32,21))),((14,30),((70,26),(4,83)))),((((((29,57),15),((78,66),31)),63),5),((39,2),(8,(74,58))))),((((((95,96),91),94),92),99),((98,(97,100)),93))),(((51,45),10),(((((((71,((18,89),85)),(48,19)),60),75),((76,36),23)),(((52,50),(27,(62,73))),(59,(82,12)))),(((64,40),86),((1,54),((67,65),((79,55),(24,13))))))))))),69);
Final Tree: ((43,(22,(42,(((((((((((84,49),(88,20)),90),(((68,(56,28)),((44,35),33)),(16,(3,(34,77))))),((25,41),87)),((81,(46,(37,17))),(((38,(6,(47,72))),(7,80)),((9,11),53)))),(61,(32,21))),((14,30),((70,26),(4,83)))),((((((29,57),15),((78,66),31)),63),5),((39,2),(8,(74,58))))),((((((95,96),91),94),92),99),((98,(97,100)),93))),(((51,45),10),(((((((71,((18,89),85)),(48,19)),60),75),((76,36),23)),(((52,50),(27,(62,73))),(59,(82,12)))),(((64,40),86),((1,54),((67,65),((79,55),(24,13))))))))))),69);
#EqQuartets: 1167635433
Score: 872077940
ASTRAL for PaRalogs and Orthologs III (ASTRAL-Pro3)
*** NOW with integrated CASTLES-Pro ***
Version: v1.22.3.6
Read 512 genetrees and found 100 species.
#Genetrees: 1000
#Duploss: 21242
#Species: 100
#Rounds: 4
#Samples: 4
#Threads: 1
Use two-step algorithm!
Guide Tree 0/16
#NNI moves:0/152
Guide Tree 1/16
#NNI moves:0/152
Guide Tree 2/16
#NNI moves:0/152
Guide Tree 3/16
#NNI moves:0/152
Guide Tree 4/16
#NNI moves:0/152
Guide Tree 5/16
#NNI moves:0/152
Guide Tree 6/16
#NNI moves:0/152
Guide Tree 7/16
#NNI moves:0/152
Guide Tree 8/16
#NNI moves:0/152
Guide Tree 9/16
#NNI moves:0/152
Guide Tree 10/16
#NNI moves:0/152
Guide Tree 11/16
#NNI moves:0/152
Guide Tree 12/16
#NNI moves:0/152
Guide Tree 13/16
#NNI moves:0/152
Guide Tree 14/16
#NNI moves:0/152
Guide Tree 15/16
#NNI moves:0/152
Remaining: 0
#NNI moves:0/152
#NNI moves:0/152
((((((((((((29,(1,72)),((5,4),80)),64),(34,44)),(((13,71),69),87)),(((((52,(((57,47),(88,43)),28)),45),62),((((((46,83),(50,25)),((40,61),15)),(22,38)),((21,((49,54),(((75,(56,8)),(((14,(74,31)),36),55)),77))),12)),(((((11,81),(76,82)),(32,68)),(9,((63,60),53))),((58,(91,48)),7)))),((((18,((39,(30,66)),70)),(84,17)),((((10,89),27),65),((59,51),(78,3)))),((20,24),86)))),((((((73,((79,19),((26,37),6))),16),(23,41)),(85,(42,90))),67),((2,33),35))),((97,(96,98)),95)),(94,100)),93),92),99);
Guide Tree 0/16
#NNI moves:0/152
Guide Tree 1/16
#NNI moves:0/152
Guide Tree 2/16
#NNI moves:0/152
Guide Tree 3/16
#NNI moves:0/152
Guide Tree 4/16
#NNI moves:2/152
Guide Tree 5/16
#NNI moves:2/152
Guide Tree 6/16
#NNI moves:2/152
Guide Tree 7/16
#NNI moves:0/152
Guide Tree 8/16
#NNI moves:0/152
Guide Tree 9/16
#NNI moves:2/152
Guide Tree 10/16
#NNI moves:0/152
Guide Tree 11/16
#NNI moves:0/152
Guide Tree 12/16
#NNI moves:0/152
Guide Tree 13/16
#NNI moves:6/152
Guide Tree 14/16
#NNI moves:0/152
Guide Tree 15/16
#NNI moves:0/152
Remaining: 0
#NNI moves:0/152
#NNI moves:0/152
((((((((((((((48,91),58),7),(((53,(63,60)),9),(((76,82),(11,81)),(68,32)))),(((21,(((((36,(14,(74,31))),55),((56,8),75)),77),(54,49))),12),((((25,50),(46,83)),((61,40),15)),(38,22)))),(((52,(((47,57),(43,88)),28)),45),62)),((((18,(70,(39,(66,30)))),(84,17)),(((3,78),(59,51)),((27,(10,89)),65))),(86,(20,24)))),(((69,(71,13)),87),(((((72,1),29),((4,5),80)),64),(44,34)))),(((((42,90),85),((41,23),(((((37,26),6),(19,79)),73),16))),67),(35,(33,2)))),(95,(97,(96,98)))),(94,100)),93),92),99);
Guide Tree 0/16
#NNI moves:0/152
Guide Tree 1/16
#NNI moves:0/152
Guide Tree 2/16
#NNI moves:0/152
Guide Tree 3/16
#NNI moves:6/152
Guide Tree 4/16
#NNI moves:0/152
Guide Tree 5/16
#NNI moves:0/152
Guide Tree 6/16
#NNI moves:0/152
Guide Tree 7/16
#NNI moves:2/152
Guide Tree 8/16
#NNI moves:0/152
Guide Tree 9/16
#NNI moves:0/152
Guide Tree 10/16
#NNI moves:0/152
Guide Tree 11/16
#NNI moves:0/152
Guide Tree 12/16
#NNI moves:6/152
Guide Tree 13/16
#NNI moves:0/152
Guide Tree 14/16
#NNI moves:0/152
Guide Tree 15/16
#NNI moves:0/152
Remaining: 0
#NNI moves:0/152
#NNI moves:0/152
(((((((((((((((54,49),((((((74,31),14),36),55),((8,56),75)),77)),21),12),((((40,61),15),((46,83),(50,25))),(38,22))),((((53,(60,63)),9),(((82,76),(11,81)),(68,32))),(7,((48,91),58)))),((((((57,47),(43,88)),28),52),45),62)),(((((51,59),(78,3)),(((10,89),27),65)),(((((30,66),39),70),18),(17,84))),((24,20),86))),(((((29,(1,72)),((4,5),80)),64),(34,44)),((69,(71,13)),87))),(((2,33),35),((((16,(((19,79),((37,26),6)),73)),(41,23)),((90,42),85)),67))),(95,(97,(96,98)))),(100,94)),93),92),99);
Guide Tree 0/16
#NNI moves:0/152
Guide Tree 1/16
#NNI moves:0/152
Guide Tree 2/16
#NNI moves:0/152
Guide Tree 3/16
#NNI moves:2/152
Guide Tree 4/16
#NNI moves:0/152
Guide Tree 5/16
#NNI moves:0/152
Guide Tree 6/16
#NNI moves:0/152
Guide Tree 7/16
#NNI moves:6/152
Guide Tree 8/16
#NNI moves:0/152
Guide Tree 9/16
#NNI moves:0/152
Guide Tree 10/16
#NNI moves:0/152
Guide Tree 11/16
#NNI moves:2/152
Guide Tree 12/16
#NNI moves:0/152
Guide Tree 13/16
#NNI moves:0/152
Guide Tree 14/16
#NNI moves:0/152
Guide Tree 15/16
#NNI moves:0/152
Remaining: 0
#NNI moves:0/152
#NNI moves:0/152
((((((((((((((((((((74,31),14),36),55),(75,(56,8))),77),(49,54)),21),12),((((46,83),(25,50)),((40,61),15)),(38,22))),(((((60,63),53),9),(((11,81),(76,82)),(32,68))),(((48,91),58),7))),((((((88,43),(47,57)),28),52),45),62)),(((((78,3),(51,59)),((27,(10,89)),65)),((((39,(30,66)),70),18),(84,17))),(86,(20,24)))),((((((4,5),80),(29,(72,1))),64),(44,34)),((69,(13,71)),87))),((((((((19,79),(6,(37,26))),73),16),(23,41)),(85,(42,90))),67),((33,2),35))),(((96,98),97),95)),(94,100)),93),92),99);
Initial score: 8.67625e+08
Initial tree: ((((((((((((((((((((74,31),14),36),55),(75,(56,8))),77),(49,54)),21),12),((((46,83),(25,50)),((40,61),15)),(38,22))),(((((60,63),53),9),(((11,81),(76,82)),(32,68))),(((48,91),58),7))),((((((88,43),(47,57)),28),52),45),62)),(((((78,3),(51,59)),((27,(10,89)),65)),((((39,(30,66)),70),18),(84,17))),(86,(20,24)))),((((((4,5),80),(29,(72,1))),64),(44,34)),((69,(13,71)),87))),((((((((19,79),(6,(37,26))),73),16),(23,41)),(85,(42,90))),67),((33,2),35))),(((96,98),97),95)),(94,100)),93),92),99);
*** Subsample Process ***
Use two-step algorithm!
#NNI moves:0/152
Remaining: 0
#NNI moves:4/152
#NNI moves:4/152
(((((((((((((((((((((16,(((6,(37,26)),(79,19)),73)),(41,23)),(85,(90,42))),67),(35,(33,2))),((((92,99),93),(100,94)),(((96,98),97),95))),(((((29,(1,72)),(80,(5,4))),64),(34,44)),(((71,13),69),87))),(((((((66,30),39),70),18),(84,17)),((((89,10),27),65),((78,3),(51,59)))),(86,(20,24)))),(62,(45,((28,((47,57),(88,43))),52)))),(((58,(91,48)),7),(((68,32),((76,82),(11,81))),(((60,63),53),9)))),((((46,83),(50,25)),((40,61),15)),(38,22))),12),21),(54,49)),77),(75,(56,8))),55),36),14),31),74);
#NNI moves:0/152
Remaining: 0
#NNI moves:0/152
#NNI moves:0/152
(((((((((((((21,((((((14,(74,31)),36),55),(75,(8,56))),77),(54,49))),12),((((40,61),15),((50,25),(83,46))),(38,22))),(((((60,63),53),9),(((81,11),(76,82)),(68,32))),((58,(91,48)),7))),((((28,((43,88),(47,57))),52),45),62)),(((((27,(10,89)),65),((59,51),(78,3))),((17,84),((((30,66),39),70),18))),((24,20),86))),((((((5,4),80),((72,1),29)),64),(34,44)),(((13,71),69),87))),((((((((79,19),((37,26),6)),73),16),(41,23)),(85,(42,90))),67),(35,(2,33)))),((97,(98,96)),95)),(100,94)),93),99),92);
#NNI moves:0/152
Remaining: 0
#NNI moves:0/152
#NNI moves:0/152
((((((((((((((((((((((((79,19),((37,26),6)),73),16),(41,23)),((90,42),85)),67),((2,33),35)),(((97,(96,98)),95),((100,94),((99,92),93)))),((((((1,72),29),((4,5),80)),64),(44,34)),(((13,71),69),87))),(((((59,51),(3,78)),((27,(89,10)),65)),((18,(70,((30,66),39))),(17,84))),((20,24),86))),((((28,((47,57),(88,43))),52),45),62)),((((32,68),((76,82),(81,11))),((53,(60,63)),9)),((58,(48,91)),7))),((((40,61),15),((83,46),(50,25))),(22,38))),12),21),(49,54)),77),(75,(8,56))),55),36),14),31),74);
#NNI moves:0/152
Remaining: 0
#NNI moves:0/152
#NNI moves:0/152
((((((((((((((77,((75,(56,8)),(((14,(31,74)),36),55))),(49,54)),21),12),((((46,83),(25,50)),((61,40),15)),(22,38))),(((((82,76),(81,11)),(32,68)),(9,((63,60),53))),(((91,48),58),7))),((((((88,43),(57,47)),28),52),45),62)),((((18,((39,(66,30)),70)),(84,17)),(((78,3),(51,59)),((27,(10,89)),65))),((24,20),86))),(((((29,(72,1)),((4,5),80)),64),(34,44)),(((13,71),69),87))),(((2,33),35),(67,(((16,(((79,19),((26,37),6)),73)),(23,41)),((90,42),85))))),((100,94),(93,(92,99)))),95),(98,96)),97);
Current score: 8.67625e+08
Current tree: ((92,(93,((100,94),(((((((((((77,((75,(56,8)),(((14,(31,74)),36),55))),(49,54)),21),12),((((46,83),(25,50)),((61,40),15)),(22,38))),(((((82,76),(81,11)),(32,68)),(9,((63,60),53))),(((91,48),58),7))),((((((88,43),(57,47)),28),52),45),62)),((((18,((39,(66,30)),70)),(84,17)),(((78,3),(51,59)),((27,(10,89)),65))),((24,20),86))),(((((29,(72,1)),((4,5),80)),64),(34,44)),(((13,71),69),87))),(((2,33),35),(67,(((16,(((79,19),((26,37),6)),73)),(23,41)),((90,42),85))))),(95,((98,96),97)))))),99);
Final Tree: ((92,(93,((100,94),(((((((((((77,((75,(56,8)),(((14,(31,74)),36),55))),(49,54)),21),12),((((46,83),(25,50)),((61,40),15)),(22,38))),(((((82,76),(81,11)),(32,68)),(9,((63,60),53))),(((91,48),58),7))),((((((88,43),(57,47)),28),52),45),62)),((((18,((39,(66,30)),70)),(84,17)),(((78,3),(51,59)),((27,(10,89)),65))),((24,20),86))),(((((29,(72,1)),((4,5),80)),64),(34,44)),(((13,71),69),87))),(((2,33),35),(67,(((16,(((79,19),((26,37),6)),73)),(23,41)),((90,42),85))))),(95,((98,96),97)))))),99);
#EqQuartets: 1160711934
Score: 867625436
