ASTRAL for PaRalogs and Orthologs III (ASTRAL-Pro3)
*** NOW with integrated CASTLES-Pro ***
Version: v1.22.3.6
Read 512 genetrees and found 100 species.
#Genetrees: 1000
#Duploss: 0
#Species: 100
#Rounds: 4
#Samples: 4
#Threads: 1
Use two-step algorithm!
Guide Tree 0/16
#NNI moves:0/152
Guide Tree 1/16
#NNI moves:0/152
Guide Tree 2/16
#NNI moves:0/152
Guide Tree 3/16
#NNI moves:0/152
Guide Tree 4/16
#NNI moves:0/152
Guide Tree 5/16
#NNI moves:0/152
Guide Tree 6/16
#NNI moves:0/152
Guide Tree 7/16
#NNI moves:0/152
Guide Tree 8/16
#NNI moves:0/152
Guide Tree 9/16
#NNI moves:0/152
Guide Tree 10/16
#NNI moves:0/152
Guide Tree 11/16
#NNI moves:0/152
Guide Tree 12/16
#NNI moves:0/152
Guide Tree 13/16
#NNI moves:0/152
Guide Tree 14/16
#NNI moves:0/152
Guide Tree 15/16
#NNI moves:0/152
Remaining: 1
#NNI moves:0/152
#NNI moves:0/152
((((((((((((((26,56),53),80),(((60,27),29),45)),(((92,95),100),(43,13))),(78,(64,72))),(((84,59),(74,73)),((85,46),(22,48)))),(98,54)),((((((((51,18),((68,15),76)),((39,17),(41,33))),((((30,94),36),91),((((44,(50,23)),(16,71)),97),77))),((((((6,9),10),((11,1),8)),(3,12)),7),(2,(4,5)))),(((19,58),63),((93,20),((25,31),(47,52))))),((37,38),((((((66,28),(99,14)),83),61),(42,67)),((82,62),(88,81))))),(((96,32),57),(89,49)))),((((21,90),87),79),75)),(65,24)),(34,((55,69),35))),(40,86)),70);
Guide Tree 0/16
#NNI moves:0/152
Guide Tree 1/16
#NNI moves:0/152
Guide Tree 2/16
#NNI moves:0/152
Guide Tree 3/16
#NNI moves:0/152
Guide Tree 4/16
#NNI moves:0/152
Guide Tree 5/16
#NNI moves:0/152
Guide Tree 6/16
#NNI moves:0/152
Guide Tree 7/16
#NNI moves:0/152
Guide Tree 8/16
#NNI moves:0/152
Guide Tree 9/16
#NNI moves:0/152
Guide Tree 10/16
#NNI moves:0/152
Guide Tree 11/16
#NNI moves:0/152
Guide Tree 12/16
#NNI moves:0/152
Guide Tree 13/16
#NNI moves:0/152
Guide Tree 14/16
#NNI moves:0/152
Guide Tree 15/16
#NNI moves:0/152
Remaining: 1
#NNI moves:0/152
#NNI moves:0/152
((((((((((((((26,56),53),80),((29,(60,27)),45)),((100,(95,92)),(13,43))),(78,(72,64))),(((84,59),(73,74)),((46,85),(48,22)))),(98,54)),(((((((((15,68),76),(18,51)),((41,33),(17,39))),((91,(36,(30,94))),((((16,71),((50,23),44)),97),77))),(((((10,(6,9)),(8,(11,1))),(3,12)),7),((4,5),2))),(((93,20),((52,47),(25,31))),((58,19),63))),((((81,88),(62,82)),(((((99,14),(28,66)),83),61),(67,42))),(38,37))),((57,(96,32)),(89,49)))),(75,(((21,90),87),79))),(65,24)),(((69,55),35),34)),(86,40)),70);
Guide Tree 0/16
#NNI moves:0/152
Guide Tree 1/16
#NNI moves:0/152
Guide Tree 2/16
#NNI moves:0/152
Guide Tree 3/16
#NNI moves:0/152
Guide Tree 4/16
#NNI moves:0/152
Guide Tree 5/16
#NNI moves:0/152
Guide Tree 6/16
#NNI moves:0/152
Guide Tree 7/16
#NNI moves:0/152
Guide Tree 8/16
#NNI moves:0/152
Guide Tree 9/16
#NNI moves:0/152
Guide Tree 10/16
#NNI moves:0/152
Guide Tree 11/16
#NNI moves:0/152
Guide Tree 12/16
#NNI moves:0/152
Guide Tree 13/16
#NNI moves:0/152
Guide Tree 14/16
#NNI moves:0/152
Guide Tree 15/16
#NNI moves:0/152
Remaining: 0
#NNI moves:2/152
#NNI moves:2/152
((((((((((((93,20),((52,47),(25,31))),(63,(19,58))),((((((8,(1,11)),((6,9),10)),(12,3)),7),((5,4),2)),((((41,33),(39,17)),(((15,68),76),(18,51))),((((((50,23),44),(16,71)),97),77),(((30,94),36),91))))),(((((83,((28,66),(14,99))),61),(42,67)),((81,88),(62,82))),(37,38))),((49,89),((32,96),57))),((((((((27,60),29),45),(((56,26),53),80)),((43,13),((95,92),100))),((64,72),78)),(((22,48),(46,85)),((74,73),(59,84)))),(98,54))),(75,((87,(21,90)),79))),(65,24)),(((69,55),35),34)),(40,86)),70);
Guide Tree 0/16
#NNI moves:0/152
Guide Tree 1/16
#NNI moves:0/152
Guide Tree 2/16
#NNI moves:0/152
Guide Tree 3/16
#NNI moves:0/152
Guide Tree 4/16
#NNI moves:0/152
Guide Tree 5/16
#NNI moves:0/152
Guide Tree 6/16
#NNI moves:0/152
Guide Tree 7/16
#NNI moves:0/152
Guide Tree 8/16
#NNI moves:0/152
Guide Tree 9/16
#NNI moves:0/152
Guide Tree 10/16
#NNI moves:0/152
Guide Tree 11/16
#NNI moves:0/152
Guide Tree 12/16
#NNI moves:0/152
Guide Tree 13/16
#NNI moves:0/152
Guide Tree 14/16
#NNI moves:0/152
Guide Tree 15/16
#NNI moves:0/152
Remaining: 0
#NNI moves:0/152
#NNI moves:0/152
((((((((((((((((71,16),((50,23),44)),97),77),(((30,94),36),91)),(((76,(15,68)),(51,18)),((39,17),(33,41)))),((((((1,11),8),((6,9),10)),(3,12)),7),(2,(4,5)))),((63,(58,19)),(((31,25),(52,47)),(20,93)))),(((((((14,99),(28,66)),83),61),(67,42)),((62,82),(81,88))),(38,37))),(((32,96),57),(89,49))),(((((((95,92),100),(43,13)),(((53,(26,56)),80),(((27,60),29),45))),((64,72),78)),(((73,74),(84,59)),((46,85),(22,48)))),(98,54))),((((90,21),87),79),75)),(65,24)),(((55,69),35),34)),(86,40)),70);
Initial score: 2.81812e+09
Initial tree: ((((((((((((((((71,16),((50,23),44)),97),77),(((30,94),36),91)),(((76,(15,68)),(51,18)),((39,17),(33,41)))),((((((1,11),8),((6,9),10)),(3,12)),7),(2,(4,5)))),((63,(58,19)),(((31,25),(52,47)),(20,93)))),(((((((14,99),(28,66)),83),61),(67,42)),((62,82),(81,88))),(38,37))),(((32,96),57),(89,49))),(((((((95,92),100),(43,13)),(((53,(26,56)),80),(((27,60),29),45))),((64,72),78)),(((73,74),(84,59)),((46,85),(22,48)))),(98,54))),((((90,21),87),79),75)),(65,24)),(((55,69),35),34)),(86,40)),70);
*** Subsample Process ***
Use two-step algorithm!
#NNI moves:0/152
Remaining: 0
#NNI moves:0/152
#NNI moves:0/152
((((((((((((((((((((27,60),29),45),(((26,56),53),80)),(((92,95),100),(43,13))),(78,(64,72))),(((84,59),(74,73)),((22,48),(46,85)))),(98,54)),((((((55,69),35),34),((40,86),70)),(65,24)),((((90,21),87),79),75))),((89,49),(57,(32,96)))),(((((83,((28,66),(14,99))),61),(67,42)),((82,62),(81,88))),(38,37))),((((25,31),(47,52)),(20,93)),(63,(19,58)))),((((12,3),(((1,11),8),((9,6),10))),7),((4,5),2))),(((39,17),(41,33)),((18,51),((15,68),76)))),(((30,94),36),91)),77),97),((23,50),44)),71),16);
#NNI moves:0/152
Remaining: 0
#NNI moves:0/152
#NNI moves:0/152
((((((((((((((((((23,50),44),(71,16)),97),77),((36,(94,30)),91)),(((39,17),(33,41)),(((15,68),76),(51,18)))),((((3,12),(((11,1),8),((6,9),10))),7),(2,(5,4)))),(((93,20),((47,52),(25,31))),((19,58),63))),((((61,(83,((28,66),(14,99)))),(67,42)),((81,88),(82,62))),(37,38))),((49,89),((96,32),57))),((((((43,13),((92,95),100)),((((60,27),29),45),(((26,56),53),80))),(78,(64,72))),(((73,74),(59,84)),((22,48),(46,85)))),(54,98))),((((21,90),87),79),75)),(65,24)),((40,86),70)),34),(55,69)),35);
#NNI moves:0/152
Remaining: 0
#NNI moves:0/152
#NNI moves:0/152
((((((((((((((((((92,95),100),(43,13)),((45,((60,27),29)),(80,((56,26),53)))),(78,(64,72))),(((84,59),(73,74)),((48,22),(46,85)))),(54,98)),((((((55,69),35),34),(70,(86,40))),(65,24)),((((21,90),87),79),75))),(((96,32),57),(49,89))),(((((((99,14),(66,28)),83),61),(42,67)),((62,82),(88,81))),(38,37))),((63,(58,19)),(((47,52),(25,31)),(20,93)))),(((((10,(6,9)),((1,11),8)),(3,12)),7),(2,(5,4)))),(((39,17),(33,41)),((51,18),((68,15),76)))),(77,((((23,50),44),(71,16)),97))),91),36),30),94);
#NNI moves:0/152
Remaining: 0
#NNI moves:0/152
#NNI moves:0/152
((((((((((((((91,((30,94),36)),(((((50,23),44),(16,71)),97),77)),(((76,(15,68)),(51,18)),((17,39),(41,33)))),((((((1,11),8),((6,9),10)),(3,12)),7),(2,(4,5)))),(((20,93),((31,25),(47,52))),((19,58),63))),(((((((28,66),(99,14)),83),61),(67,42)),((82,62),(88,81))),(37,38))),((89,49),((32,96),57))),(((((84,59),(73,74)),((46,85),(22,48))),((((((56,26),53),80),(((27,60),29),45)),(((92,95),100),(13,43))),((72,64),78))),(98,54))),((((21,90),87),79),75)),(24,65)),(((55,69),35),34)),70),86),40);
Current score: 2.81812e+09
Current tree: (((((((((((((91,((30,94),36)),(((((50,23),44),(16,71)),97),77)),(((76,(15,68)),(51,18)),((17,39),(41,33)))),((((((1,11),8),((6,9),10)),(3,12)),7),(2,(4,5)))),(((20,93),((31,25),(47,52))),((19,58),63))),(((((((28,66),(99,14)),83),61),(67,42)),((82,62),(88,81))),(37,38))),((89,49),((32,96),57))),(((((84,59),(73,74)),((46,85),(22,48))),((((((56,26),53),80),(((27,60),29),45)),(((92,95),100),(13,43))),((72,64),78))),(98,54))),((((21,90),87),79),75)),(24,65)),(((55,69),35),34)),(86,40)),70);
Final Tree: (((((((((((((91,((30,94),36)),(((((50,23),44),(16,71)),97),77)),(((76,(15,68)),(51,18)),((17,39),(41,33)))),((((((1,11),8),((6,9),10)),(3,12)),7),(2,(4,5)))),(((20,93),((31,25),(47,52))),((19,58),63))),(((((((28,66),(99,14)),83),61),(67,42)),((82,62),(88,81))),(37,38))),((89,49),((32,96),57))),(((((84,59),(73,74)),((46,85),(22,48))),((((((56,26),53),80),(((27,60),29),45)),(((92,95),100),(13,43))),((72,64),78))),(98,54))),((((21,90),87),79),75)),(24,65)),(((55,69),35),34)),(86,40)),70);
#EqQuartets: 3921225000
Score: 2818118199
ASTRAL for PaRalogs and Orthologs III (ASTRAL-Pro3)
*** NOW with integrated CASTLES-Pro ***
Version: v1.22.3.6
Read 512 genetrees and found 100 species.
#Genetrees: 1000
#Duploss: 0
#Species: 100
#Rounds: 4
#Samples: 4
#Threads: 1
Use two-step algorithm!
Guide Tree 0/16
#NNI moves:0/152
Guide Tree 1/16
#NNI moves:0/152
Guide Tree 2/16
#NNI moves:0/152
Guide Tree 3/16
#NNI moves:0/152
Guide Tree 4/16
#NNI moves:0/152
Guide Tree 5/16
#NNI moves:0/152
Guide Tree 6/16
#NNI moves:0/152
Guide Tree 7/16
#NNI moves:0/152
Guide Tree 8/16
#NNI moves:0/152
Guide Tree 9/16
#NNI moves:0/152
Guide Tree 10/16
#NNI moves:0/152
Guide Tree 11/16
#NNI moves:0/152
Guide Tree 12/16
#NNI moves:0/152
Guide Tree 13/16
#NNI moves:0/152
Guide Tree 14/16
#NNI moves:0/152
Guide Tree 15/16
#NNI moves:0/152
Remaining: 0
#NNI moves:22/152
#NNI moves:22/152
((((((((((((((((((95,85),90),(93,84)),(96,(81,87))),(97,94)),((((92,91),86),83),98)),99),((89,88),(100,82))),(((22,71),(47,60)),(38,37))),((((46,25),((((24,80),(48,(63,68))),5),(59,42))),((((8,74),39),(((((45,30),((28,13),79)),(((64,10),54),23)),(((15,34),41),4)),((43,33),19))),(50,(51,35)))),((31,75),55))),((3,((77,12),73)),((9,17),20))),(((14,(18,(2,67))),(((72,((27,26),16)),76),((11,40),53))),(((((6,44),56),52),(57,32)),66))),29),(65,((1,78),49))),(21,58)),((69,36),(61,7))),70),62);
Guide Tree 0/16
#NNI moves:0/152
Guide Tree 1/16
#NNI moves:0/152
Guide Tree 2/16
#NNI moves:0/152
Guide Tree 3/16
#NNI moves:0/152
Guide Tree 4/16
#NNI moves:0/152
Guide Tree 5/16
#NNI moves:0/152
Guide Tree 6/16
#NNI moves:0/152
Guide Tree 7/16
#NNI moves:0/152
Guide Tree 8/16
#NNI moves:0/152
Guide Tree 9/16
#NNI moves:2/152
Guide Tree 10/16
#NNI moves:0/152
Guide Tree 11/16
#NNI moves:0/152
Guide Tree 12/16
#NNI moves:0/152
Guide Tree 13/16
#NNI moves:0/152
Guide Tree 14/16
#NNI moves:0/152
Guide Tree 15/16
#NNI moves:0/152
Remaining: 0
#NNI moves:26/152
#NNI moves:26/152
((((((((((((((((((95,85),90),(84,93)),((87,81),96)),(94,97)),(((86,(91,92)),83),98)),99),((88,89),(82,100))),(((71,22),(60,47)),(38,37))),((((((((41,(15,34)),4),(((45,30),((13,28),79)),((54,(10,64)),23))),((43,33),19)),(39,(74,8))),((35,51),50)),(((((80,24),(48,(63,68))),5),(42,59)),(46,25))),((75,31),55))),(((17,9),20),((73,(77,12)),3))),((((53,(40,11)),((((26,27),16),72),76)),(((67,2),18),14)),((((56,(44,6)),52),(32,57)),66))),29),(((78,1),49),65)),(58,21)),((69,36),(7,61))),70),62);
Guide Tree 0/16
#NNI moves:0/152
Guide Tree 1/16
#NNI moves:0/152
Guide Tree 2/16
#NNI moves:0/152
Guide Tree 3/16
#NNI moves:0/152
Guide Tree 4/16
#NNI moves:0/152
Guide Tree 5/16
#NNI moves:0/152
Guide Tree 6/16
#NNI moves:0/152
Guide Tree 7/16
#NNI moves:0/152
Guide Tree 8/16
#NNI moves:0/152
Guide Tree 9/16
#NNI moves:0/152
Guide Tree 10/16
#NNI moves:0/152
Guide Tree 11/16
#NNI moves:0/152
Guide Tree 12/16
#NNI moves:0/152
Guide Tree 13/16
#NNI moves:0/152
Guide Tree 14/16
#NNI moves:0/152
Guide Tree 15/16
#NNI moves:0/152
Remaining: 3
#NNI moves:0/152
#NNI moves:0/152
(((((((((((((((((81,87),96),((93,84),(90,(95,85)))),(97,94)),((83,((91,92),86)),98)),99),((100,82),(88,89))),(((47,60),(71,22)),(37,38))),(((((51,35),50),((((((45,30),(79,(28,13))),((54,(10,64)),23)),(4,(41,(15,34)))),((43,33),19)),((74,8),39))),(((((24,80),((68,63),48)),5),(59,42)),(25,46))),(55,(75,31)))),(((9,17),20),(3,(73,(12,77))))),(((((56,(44,6)),52),(57,32)),66),(((53,(11,40)),((((26,27),16),72),76)),(14,(18,(2,67)))))),29),(((78,1),49),65)),(58,21)),((7,61),(69,36))),70),62);
Guide Tree 0/16
#NNI moves:0/152
Guide Tree 1/16
#NNI moves:0/152
Guide Tree 2/16
#NNI moves:0/152
Guide Tree 3/16
#NNI moves:0/152
Guide Tree 4/16
#NNI moves:0/152
Guide Tree 5/16
#NNI moves:0/152
Guide Tree 6/16
#NNI moves:0/152
Guide Tree 7/16
#NNI moves:0/152
Guide Tree 8/16
#NNI moves:0/152
Guide Tree 9/16
#NNI moves:0/152
Guide Tree 10/16
#NNI moves:0/152
Guide Tree 11/16
#NNI moves:0/152
Guide Tree 12/16
#NNI moves:0/152
Guide Tree 13/16
#NNI moves:0/152
Guide Tree 14/16
#NNI moves:0/152
Guide Tree 15/16
#NNI moves:0/152
Remaining: 1
#NNI moves:4/152
#NNI moves:6/152
((((((((((((((((((79,(28,13)),(30,45)),(((10,64),54),23)),((41,(34,15)),4)),((33,43),19)),((8,74),39)),((51,35),50)),((25,46),(((((63,68),48),(24,80)),5),(59,42)))),(55,(75,31))),((((((((81,87),96),(((95,85),90),(93,84))),(94,97)),(((86,(92,91)),83),98)),99),((89,88),(100,82))),(((60,47),(22,71)),(38,37)))),(((73,(12,77)),3),((9,17),20))),((((76,(((27,26),16),72)),(53,(40,11))),(14,(18,(67,2)))),(((57,32),(52,(56,(6,44)))),66))),29),((49,(1,78)),65)),(21,58)),((36,69),(61,7))),70),62);
Initial score: 2.68091e+09
Initial tree: ((((((((((((((((((79,(28,13)),(30,45)),(((10,64),54),23)),((41,(34,15)),4)),((33,43),19)),((8,74),39)),((51,35),50)),((25,46),(((((63,68),48),(24,80)),5),(59,42)))),(55,(75,31))),((((((((81,87),96),(((95,85),90),(93,84))),(94,97)),(((86,(92,91)),83),98)),99),((89,88),(100,82))),(((60,47),(22,71)),(38,37)))),(((73,(12,77)),3),((9,17),20))),((((76,(((27,26),16),72)),(53,(40,11))),(14,(18,(67,2)))),(((57,32),(52,(56,(6,44)))),66))),29),((49,(1,78)),65)),(21,58)),((36,69),(61,7))),70),62);
*** Subsample Process ***
Use two-step algorithm!
#NNI moves:0/152
Remaining: 1
#NNI moves:4/152
#NNI moves:30/152
(((((((((((((((((((93,84),((95,85),90)),((81,87),96)),(94,97)),((((92,91),86),83),98)),99),((82,100),(88,89))),(((22,71),(60,47)),(37,38))),(((((((((27,26),16),72),76),((11,40),53)),(14,((2,67),18))),(((57,32),(((44,6),56),52)),66)),(((((78,1),49),65),((((61,7),(36,69)),(70,62)),(58,21))),29)),(((9,17),20),(((12,77),73),3)))),(55,(75,31))),((((((68,63),48),(80,24)),5),(59,42)),(46,25))),(50,(35,51))),(39,(8,74))),((43,33),19)),(((15,34),41),4)),((54,(10,64)),23)),((28,13),79)),45),30);
#NNI moves:2/152
Remaining: 0
#NNI moves:10/152
#NNI moves:10/152
((((((((((((((((((63,68),48),(80,24)),5),(59,42)),(46,25)),((((((((28,13),79),(45,30)),((54,(10,64)),23)),(((15,34),41),4)),((33,43),19)),((8,74),39)),(50,(51,35)))),((75,31),55)),((((((((84,93),(90,(95,85))),(96,(81,87))),(97,94)),(((86,(91,92)),83),98)),99),((100,82),(89,88))),(((22,71),(47,60)),(38,37)))),((((77,12),73),3),((17,9),20))),((((((16,(27,26)),72),76),((11,40),53)),(((2,67),18),14)),(((57,32),(((6,44),56),52)),66))),29),(((1,78),49),65)),(58,21)),(70,62)),(69,36)),7),61);
#NNI moves:0/152
Remaining: 0
#NNI moves:16/152
#NNI moves:20/152
(((((((((((((((16,(27,26)),72),76),((40,11),53)),((18,(2,67)),14)),(((57,32),(52,((6,44),56))),66)),((((((69,36),(7,61)),(62,70)),(58,21)),((49,(1,78)),65)),29)),((20,(17,9)),((73,(77,12)),3))),((((((((90,(95,85)),(93,84)),((87,81),96)),(97,94)),((((91,92),86),83),98)),99),((88,89),(100,82))),((37,38),((47,60),(71,22))))),((31,75),55)),((((((((13,28),79),(30,45)),(23,((64,10),54))),(((15,34),41),4)),((43,33),19)),(39,(8,74))),((51,35),50))),(25,46)),((((63,68),48),(80,24)),5)),42),59);
#NNI moves:0/152
Remaining: 0
#NNI moves:4/152
#NNI moves:4/152
((((((((((((((((((81,87),96),((93,84),((85,95),90))),(94,97)),(((86,(92,91)),83),98)),99),((89,88),(82,100))),(((47,60),(71,22)),(37,38))),((((((((((10,64),54),23),(((28,13),79),(30,45))),(((34,15),41),4)),((33,43),19)),((74,8),39)),(50,(51,35))),((46,25),(((((63,68),48),(24,80)),5),(59,42)))),(55,(31,75)))),(((9,17),20),((73,(12,77)),3))),((((76,(((27,26),16),72)),((11,40),53)),(((67,2),18),14)),(((32,57),(((6,44),56),52)),66))),29),(65,((78,1),49))),(21,58)),(70,62)),(7,61)),36),69);
Current score: 2.68091e+09
Current tree: ((70,(((((((((((((((81,87),96),((93,84),((85,95),90))),(94,97)),(((86,(92,91)),83),98)),99),((89,88),(82,100))),(((47,60),(71,22)),(37,38))),((((((((((10,64),54),23),(((28,13),79),(30,45))),(((34,15),41),4)),((33,43),19)),((74,8),39)),(50,(51,35))),((46,25),(((((63,68),48),(24,80)),5),(59,42)))),(55,(31,75)))),(((9,17),20),((73,(12,77)),3))),((((76,(((27,26),16),72)),((11,40),53)),(((67,2),18),14)),(((32,57),(((6,44),56),52)),66))),29),(65,((78,1),49))),(21,58)),((7,61),(36,69)))),62);
Final Tree: ((70,(((((((((((((((81,87),96),((93,84),((85,95),90))),(94,97)),(((86,(92,91)),83),98)),99),((89,88),(82,100))),(((47,60),(71,22)),(37,38))),((((((((((10,64),54),23),(((28,13),79),(30,45))),(((34,15),41),4)),((33,43),19)),((74,8),39)),(50,(51,35))),((46,25),(((((63,68),48),(24,80)),5),(59,42)))),(55,(31,75)))),(((9,17),20),((73,(12,77)),3))),((((76,(((27,26),16),72)),((11,40),53)),(((67,2),18),14)),(((32,57),(((6,44),56),52)),66))),29),(65,((78,1),49))),(21,58)),((7,61),(36,69)))),62);
#EqQuartets: 3921225000
Score: 2680905589
ASTRAL for PaRalogs and Orthologs III (ASTRAL-Pro3)
*** NOW with integrated CASTLES-Pro ***
Version: v1.22.3.6
Read 512 genetrees and found 100 species.
#Genetrees: 1000
#Duploss: 0
#Species: 100
#Rounds: 4
#Samples: 4
#Threads: 1
Use two-step algorithm!
Guide Tree 0/16
#NNI moves:2/152
Guide Tree 1/16
#NNI moves:8/152
Guide Tree 2/16
#NNI moves:2/152
Guide Tree 3/16
#NNI moves:4/152
Guide Tree 4/16
#NNI moves:2/152
Guide Tree 5/16
#NNI moves:6/152
Guide Tree 6/16
#NNI moves:2/152
Guide Tree 7/16
#NNI moves:6/152
Guide Tree 8/16
#NNI moves:2/152
Guide Tree 9/16
#NNI moves:8/152
Guide Tree 10/16
#NNI moves:0/152
Guide Tree 11/16
#NNI moves:0/152
Guide Tree 12/16
#NNI moves:0/152
Guide Tree 13/16
#NNI moves:8/152
Guide Tree 14/16
#NNI moves:0/152
Guide Tree 15/16
#NNI moves:0/152
Remaining: 0
#NNI moves:2/152
#NNI moves:2/152
(((((((((((((((((55,4),10),36),(((27,66),83),(((46,((57,18),(42,70))),(87,25)),22))),(35,14)),(59,89)),((((68,19),(((91,52),13),(77,76))),((47,49),(30,26))),((((84,53),(51,75)),21),((((50,33),(43,5)),9),((65,12),67))))),(((((79,56),11),94),(96,45)),(((98,99),100),97))),((((29,((1,60),90)),34),93),((3,72),(54,86)))),((44,23),15)),(((((24,7),81),20),(63,(39,41))),(62,31))),(((28,8),(69,71)),61)),(((38,(((74,16),73),2)),85),((82,(78,(37,6))),95))),((48,80),64)),(((58,32),40),92)),88),17);
Guide Tree 0/16
#NNI moves:2/152
Guide Tree 1/16
#NNI moves:0/152
Guide Tree 2/16
#NNI moves:0/152
Guide Tree 3/16
#NNI moves:0/152
Guide Tree 4/16
#NNI moves:0/152
Guide Tree 5/16
#NNI moves:0/152
Guide Tree 6/16
#NNI moves:2/152
Guide Tree 7/16
#NNI moves:0/152
Guide Tree 8/16
#NNI moves:2/152
Guide Tree 9/16
#NNI moves:0/152
Guide Tree 10/16
#NNI moves:0/152
Guide Tree 11/16
#NNI moves:0/152
Guide Tree 12/16
#NNI moves:0/152
Guide Tree 13/16
#NNI moves:0/152
Guide Tree 14/16
#NNI moves:0/152
Guide Tree 15/16
#NNI moves:0/152
Remaining: 0
#NNI moves:2/152
#NNI moves:2/152
(((((((((((((((((27,66),83),(((25,87),(((42,70),(18,57)),46)),22)),(((4,55),10),36)),(14,35)),(59,89)),(((((84,53),(75,51)),21),((((5,43),(50,33)),9),((65,12),67))),((((76,77),((52,91),13)),(68,19)),((26,30),(49,47))))),((((99,98),100),97),((94,(11,(79,56))),(45,96)))),(((54,86),(3,72)),((((90,(1,60)),29),34),93))),((23,44),15)),((((41,39),63),((81,(7,24)),20)),(31,62))),(((71,69),(28,8)),61)),((85,((2,(73,(74,16))),38)),((((37,6),78),82),95))),((48,80),64)),(((32,58),40),92)),88),17);
Guide Tree 0/16
#NNI moves:0/152
Guide Tree 1/16
#NNI moves:0/152
Guide Tree 2/16
#NNI moves:0/152
Guide Tree 3/16
#NNI moves:0/152
Guide Tree 4/16
#NNI moves:0/152
Guide Tree 5/16
#NNI moves:0/152
Guide Tree 6/16
#NNI moves:0/152
Guide Tree 7/16
#NNI moves:0/152
Guide Tree 8/16
#NNI moves:2/152
Guide Tree 9/16
#NNI moves:0/152
Guide Tree 10/16
#NNI moves:0/152
Guide Tree 11/16
#NNI moves:0/152
Guide Tree 12/16
#NNI moves:0/152
Guide Tree 13/16
#NNI moves:0/152
Guide Tree 14/16
#NNI moves:0/152
Guide Tree 15/16
#NNI moves:0/152
Remaining: 0
#NNI moves:2/152
#NNI moves:2/152
((((((((((((((((((((57,18),(70,42)),46),(25,87)),22),(83,(27,66))),(((55,4),10),36)),(14,35)),(59,89)),((((9,((33,50),(43,5))),((65,12),67)),(((51,75),(84,53)),21)),(((19,68),(((91,52),13),(76,77))),((47,49),(30,26))))),((((98,99),100),97),((((79,56),11),94),(45,96)))),(((86,54),(3,72)),((34,(29,(90,(60,1)))),93))),((23,44),15)),((((41,39),63),((81,(7,24)),20)),(62,31))),(((71,69),(28,8)),61)),((85,(((73,(16,74)),2),38)),((82,(78,(6,37))),95))),((80,48),64)),(92,((32,58),40))),88),17);
Guide Tree 0/16
#NNI moves:0/152
Guide Tree 1/16
#NNI moves:0/152
Guide Tree 2/16
#NNI moves:0/152
Guide Tree 3/16
#NNI moves:2/152
Guide Tree 4/16
#NNI moves:0/152
Guide Tree 5/16
#NNI moves:0/152
Guide Tree 6/16
#NNI moves:0/152
Guide Tree 7/16
#NNI moves:0/152
Guide Tree 8/16
#NNI moves:0/152
Guide Tree 9/16
#NNI moves:0/152
Guide Tree 10/16
#NNI moves:0/152
Guide Tree 11/16
#NNI moves:0/152
Guide Tree 12/16
#NNI moves:0/152
Guide Tree 13/16
#NNI moves:0/152
Guide Tree 14/16
#NNI moves:2/152
Guide Tree 15/16
#NNI moves:0/152
Remaining: 0
#NNI moves:2/152
#NNI moves:4/152
(((((((((((((((19,68),(((91,52),13),(76,77))),((30,26),(47,49))),(((((33,50),(43,5)),9),((65,12),67)),(((75,51),(84,53)),21))),((59,89),((((10,(4,55)),36),((((25,87),(46,((42,70),(57,18)))),22),((27,66),83))),(35,14)))),(((45,96),(((79,56),11),94)),((100,(98,99)),97))),((((((60,1),90),29),34),93),((54,86),(72,3)))),((44,23),15)),((((39,41),63),(((7,24),81),20)),(62,31))),(((8,28),(69,71)),61)),((((2,(73,(16,74))),38),85),((82,((6,37),78)),95))),(64,(80,48))),(((58,32),40),92)),88),17);
Initial score: 2.71608e+09
Initial tree: (((((((((((((((19,68),(((91,52),13),(76,77))),((30,26),(47,49))),(((((33,50),(43,5)),9),((65,12),67)),(((75,51),(84,53)),21))),((59,89),((((10,(4,55)),36),((((25,87),(46,((42,70),(57,18)))),22),((27,66),83))),(35,14)))),(((45,96),(((79,56),11),94)),((100,(98,99)),97))),((((((60,1),90),29),34),93),((54,86),(72,3)))),((44,23),15)),((((39,41),63),(((7,24),81),20)),(62,31))),(((8,28),(69,71)),61)),((((2,(73,(16,74))),38),85),((82,((6,37),78)),95))),(64,(80,48))),(((58,32),40),92)),88),17);
*** Subsample Process ***
Use two-step algorithm!
#NNI moves:0/152
Remaining: 0
#NNI moves:0/152
#NNI moves:0/152
(((((((((((((((7,24),81),20),((41,39),63)),(62,31)),(((((((58,32),40),92),(88,17)),(64,(80,48))),((((2,((16,74),73)),38),85),(((78,(37,6)),82),95))),(((8,28),(69,71)),61))),((44,23),15)),(((((90,(60,1)),29),34),93),((3,72),(86,54)))),(((((79,56),11),94),(96,45)),(97,((99,98),100)))),((((((27,66),83),(((((70,42),(57,18)),46),(25,87)),22)),(36,(10,(55,4)))),(14,35)),(59,89))),(((49,47),(30,26)),((((52,91),13),(76,77)),(68,19)))),(((51,75),(84,53)),21)),(((33,50),(5,43)),9)),(12,65)),67);
#NNI moves:0/152
Remaining: 4
#NNI moves:6/152
#NNI moves:10/152
(((((((((((((((((91,52),13),(76,77)),(68,19)),((30,26),(49,47))),((((51,75),(53,84)),21),((((43,5),(50,33)),9),((65,12),67)))),(((((22,((((57,18),(42,70)),46),(25,87))),(83,(66,27))),(36,((4,55),10))),(14,35)),(59,89))),(((((56,79),11),94),(96,45)),(97,((99,98),100)))),((((((60,1),90),29),34),93),((3,72),(86,54)))),((44,23),15)),(((20,((7,24),81)),((41,39),63)),(62,31))),(((71,69),(8,28)),61)),((((((16,74),73),2),38),85),((((6,37),78),82),95))),((48,80),64)),(92,((58,32),40))),17),88);
#NNI moves:0/152
Remaining: 0
#NNI moves:0/152
#NNI moves:0/152
(((((((((((((((20,((7,24),81)),(63,(41,39))),(31,62)),(((((82,((6,37),78)),95),(((2,((16,74),73)),38),85)),(((48,80),64),((((58,32),40),92),(17,88)))),(((69,71),(8,28)),61))),((44,23),15)),((93,((29,((60,1),90)),34)),((3,72),(86,54)))),(((((56,79),11),94),(45,96)),(((98,99),100),97))),((59,89),(((((27,66),83),(((((18,57),(70,42)),46),(87,25)),22)),(((4,55),10),36)),(35,14)))),((((51,75),(84,53)),21),((((5,43),(33,50)),9),(67,(65,12))))),((26,30),(49,47))),(19,68)),(76,77)),13),52),91);
#NNI moves:0/152
Remaining: 0
#NNI moves:0/152
#NNI moves:0/152
((((((((((((((((((((((42,70),(57,18)),46),(87,25)),22),((27,66),83)),(((55,4),10),36)),(35,14)),(89,59)),((((((43,5),(33,50)),9),((65,12),67)),(21,((75,51),(53,84)))),(((47,49),(30,26)),(((13,(91,52)),(77,76)),(68,19))))),(((((79,56),11),94),(45,96)),(((98,99),100),97))),((((29,(90,(1,60))),34),93),((72,3),(54,86)))),(15,(23,44))),((((39,41),63),(((7,24),81),20)),(62,31))),(61,((71,69),(8,28)))),(((((37,6),78),82),95),((((73,(74,16)),2),38),85))),((48,80),64)),(88,17)),92),40),32),58);
Current score: 2.71608e+09
Current tree: ((88,((((((((((((((((((42,70),(57,18)),46),(87,25)),22),((27,66),83)),(((55,4),10),36)),(35,14)),(89,59)),((((((43,5),(33,50)),9),((65,12),67)),(21,((75,51),(53,84)))),(((47,49),(30,26)),(((13,(91,52)),(77,76)),(68,19))))),(((((79,56),11),94),(45,96)),(((98,99),100),97))),((((29,(90,(1,60))),34),93),((72,3),(54,86)))),(15,(23,44))),((((39,41),63),(((7,24),81),20)),(62,31))),(61,((71,69),(8,28)))),(((((37,6),78),82),95),((((73,(74,16)),2),38),85))),((48,80),64)),(92,(40,(32,58))))),17);
Final Tree: ((88,((((((((((((((((((42,70),(57,18)),46),(87,25)),22),((27,66),83)),(((55,4),10),36)),(35,14)),(89,59)),((((((43,5),(33,50)),9),((65,12),67)),(21,((75,51),(53,84)))),(((47,49),(30,26)),(((13,(91,52)),(77,76)),(68,19))))),(((((79,56),11),94),(45,96)),(((98,99),100),97))),((((29,(90,(1,60))),34),93),((72,3),(54,86)))),(15,(23,44))),((((39,41),63),(((7,24),81),20)),(62,31))),(61,((71,69),(8,28)))),(((((37,6),78),82),95),((((73,(74,16)),2),38),85))),((48,80),64)),(92,(40,(32,58))))),17);
#EqQuartets: 3921225000
Score: 2716078032
ASTRAL for PaRalogs and Orthologs III (ASTRAL-Pro3)
*** NOW with integrated CASTLES-Pro ***
Version: v1.22.3.6
Read 512 genetrees and found 100 species.
#Genetrees: 1000
#Duploss: 0
#Species: 100
#Rounds: 4
#Samples: 4
#Threads: 1
Use two-step algorithm!
Guide Tree 0/16
#NNI moves:0/152
Guide Tree 1/16
#NNI moves:0/152
Guide Tree 2/16
#NNI moves:0/152
Guide Tree 3/16
#NNI moves:0/152
Guide Tree 4/16
#NNI moves:0/152
Guide Tree 5/16
#NNI moves:0/152
Guide Tree 6/16
#NNI moves:0/152
Guide Tree 7/16
#NNI moves:0/152
Guide Tree 8/16
#NNI moves:0/152
Guide Tree 9/16
#NNI moves:0/152
Guide Tree 10/16
#NNI moves:0/152
Guide Tree 11/16
#NNI moves:0/152
Guide Tree 12/16
#NNI moves:0/152
Guide Tree 13/16
#NNI moves:0/152
Guide Tree 14/16
#NNI moves:0/152
Guide Tree 15/16
#NNI moves:0/152
Remaining: 0
#NNI moves:2/152
#NNI moves:2/152
(((((((((((((88,85),78),98),61),(((19,((77,84),14)),((92,21),80)),(((94,63),((13,96),(58,36))),(51,64)))),((((39,59),18),10),(90,62))),((((83,35),28),(((((26,81),(11,69)),((99,(24,46)),12)),65),(73,71))),(((((((32,15),42),(74,31)),(25,50)),47),((16,93),9)),((((76,(41,75)),34),95),54)))),((((6,5),(4,7)),1),(3,2))),(((30,49),(((((((33,44),((29,56),66)),(100,37)),(55,20)),45),86),8)),(40,97))),((60,82),((23,22),17))),((((27,53),87),38),(((68,((91,79),89)),(48,52)),67))),((43,72),70)),57);
Guide Tree 0/16
#NNI moves:0/152
Guide Tree 1/16
#NNI moves:0/152
Guide Tree 2/16
#NNI moves:0/152
Guide Tree 3/16
#NNI moves:0/152
Guide Tree 4/16
#NNI moves:0/152
Guide Tree 5/16
#NNI moves:0/152
Guide Tree 6/16
#NNI moves:0/152
Guide Tree 7/16
#NNI moves:0/152
Guide Tree 8/16
#NNI moves:0/152
Guide Tree 9/16
#NNI moves:0/152
Guide Tree 10/16
#NNI moves:0/152
Guide Tree 11/16
#NNI moves:0/152
Guide Tree 12/16
#NNI moves:0/152
Guide Tree 13/16
#NNI moves:0/152
Guide Tree 14/16
#NNI moves:0/152
Guide Tree 15/16
#NNI moves:0/152
Remaining: 0
#NNI moves:6/152
#NNI moves:6/152
((((((((((((34,((41,75),76)),95),54),(((((31,74),(42,(15,32))),(50,25)),47),(9,(16,93)))),(((((((46,24),99),12),((26,81),(69,11))),65),(73,71)),(28,(83,35)))),(((((19,((84,77),14)),((92,21),80)),((((96,13),(36,58)),(63,94)),(51,64))),(61,(98,(78,(88,85))))),((((39,59),18),10),(62,90)))),((((5,6),(4,7)),1),(2,3))),(((((((((33,44),((56,29),66)),(100,37)),(55,20)),45),86),8),(49,30)),(97,40))),((17,(23,22)),(82,60))),((((((79,91),89),68),(52,48)),67),(((53,27),87),38))),(70,(43,72))),57);
Guide Tree 0/16
#NNI moves:0/152
Guide Tree 1/16
#NNI moves:0/152
Guide Tree 2/16
#NNI moves:0/152
Guide Tree 3/16
#NNI moves:0/152
Guide Tree 4/16
#NNI moves:0/152
Guide Tree 5/16
#NNI moves:0/152
Guide Tree 6/16
#NNI moves:0/152
Guide Tree 7/16
#NNI moves:0/152
Guide Tree 8/16
#NNI moves:0/152
Guide Tree 9/16
#NNI moves:0/152
Guide Tree 10/16
#NNI moves:0/152
Guide Tree 11/16
#NNI moves:0/152
Guide Tree 12/16
#NNI moves:0/152
Guide Tree 13/16
#NNI moves:0/152
Guide Tree 14/16
#NNI moves:0/152
Guide Tree 15/16
#NNI moves:0/152
Remaining: 0
#NNI moves:12/152
#NNI moves:20/152
((((((((((((((99,(24,46)),12),((81,26),(69,11))),65),(73,71)),((83,35),28)),((((((74,31),((15,32),42)),(25,50)),47),((93,16),9)),(((34,(76,(41,75))),95),54))),(((((((77,84),14),19),((92,21),80)),((((58,36),(13,96)),(94,63)),(51,64))),((((88,85),78),98),61)),((10,((59,39),18)),(90,62)))),((2,3),(((5,6),(4,7)),1))),(((((((((33,44),(66,(56,29))),(100,37)),(20,55)),45),86),8),(30,49)),(40,97))),((82,60),(17,(23,22)))),((((((79,91),89),68),(52,48)),67),(38,((27,53),87)))),(70,(72,43))),57);
Guide Tree 0/16
#NNI moves:0/152
Guide Tree 1/16
#NNI moves:0/152
Guide Tree 2/16
#NNI moves:0/152
Guide Tree 3/16
#NNI moves:0/152
Guide Tree 4/16
#NNI moves:0/152
Guide Tree 5/16
#NNI moves:0/152
Guide Tree 6/16
#NNI moves:0/152
Guide Tree 7/16
#NNI moves:0/152
Guide Tree 8/16
#NNI moves:0/152
Guide Tree 9/16
#NNI moves:0/152
Guide Tree 10/16
#NNI moves:0/152
Guide Tree 11/16
#NNI moves:0/152
Guide Tree 12/16
#NNI moves:0/152
Guide Tree 13/16
#NNI moves:0/152
Guide Tree 14/16
#NNI moves:0/152
Guide Tree 15/16
#NNI moves:0/152
Remaining: 0
#NNI moves:0/152
#NNI moves:0/152
(((((((((((((88,85),78),98),61),((((14,(77,84)),19),((92,21),80)),(((63,94),((58,36),(13,96))),(64,51)))),((((59,39),18),10),(90,62))),(((28,(83,35)),(((((81,26),(69,11)),(((46,24),99),12)),65),(73,71))),(((((((15,32),42),(74,31)),(25,50)),47),((16,93),9)),((((76,(75,41)),34),95),54)))),((1,((5,6),(4,7))),(2,3))),(((((((20,55),((100,37),((44,33),((29,56),66)))),45),86),8),(30,49)),(97,40))),((60,82),(17,(22,23)))),((((((91,79),89),68),(52,48)),67),(((53,27),87),38))),((72,43),70)),57);
Initial score: 2.70722e+09
Initial tree: (((((((((((((88,85),78),98),61),((((14,(77,84)),19),((92,21),80)),(((63,94),((58,36),(13,96))),(64,51)))),((((59,39),18),10),(90,62))),(((28,(83,35)),(((((81,26),(69,11)),(((46,24),99),12)),65),(73,71))),(((((((15,32),42),(74,31)),(25,50)),47),((16,93),9)),((((76,(75,41)),34),95),54)))),((1,((5,6),(4,7))),(2,3))),(((((((20,55),((100,37),((44,33),((29,56),66)))),45),86),8),(30,49)),(97,40))),((60,82),(17,(22,23)))),((((((91,79),89),68),(52,48)),67),(((53,27),87),38))),((72,43),70)),57);
*** Subsample Process ***
Use two-step algorithm!
#NNI moves:0/152
Remaining: 0
#NNI moves:2/152
#NNI moves:2/152
(((((((((((((60,82),((23,22),17)),(((70,(72,43)),57),((67,((((91,79),89),68),(52,48))),(((53,27),87),38)))),((((((((100,37),((44,33),((56,29),66))),(55,20)),45),86),8),(49,30)),(40,97))),((3,2),(((7,4),(5,6)),1))),((((((25,50),(((32,15),42),(31,74))),47),((93,16),9)),((((76,(41,75)),34),95),54)),(((83,35),28),((((((24,46),99),12),((26,81),(69,11))),65),(71,73))))),((((39,59),18),10),(90,62))),(((80,(21,92)),((14,(84,77)),19)),((51,64),(((58,36),(96,13)),(63,94))))),61),98),78),85),88);
#NNI moves:0/152
Remaining: 0
#NNI moves:2/152
#NNI moves:2/152
(((((((((((((((58,36),(13,96)),(94,63)),(64,51)),(((92,21),80),(((84,77),14),19))),(((78,(85,88)),98),61)),((((59,39),18),10),(90,62))),((((((76,(75,41)),34),95),54),((((((32,15),42),(31,74)),(25,50)),47),((93,16),9))),((((((26,81),(69,11)),(12,((24,46),99))),65),(71,73)),(28,(35,83))))),((3,2),(((5,6),(4,7)),1))),(((((((((33,44),((29,56),66)),(100,37)),(55,20)),45),86),8),(30,49)),(40,97))),(((23,22),17),(60,82))),((67,((48,52),(68,((79,91),89)))),(((27,53),87),38))),57),(43,72)),70);
#NNI moves:0/152
Remaining: 0
#NNI moves:6/152
#NNI moves:8/152
(((((((((((((((((((100,37),(((29,56),66),(44,33))),(55,20)),45),86),8),(49,30)),(97,40)),(((60,82),((23,22),17)),(((((68,((79,91),89)),(52,48)),67),(((53,27),87),38)),(((43,72),70),57)))),((3,2),(((6,5),(4,7)),1))),((((((76,(75,41)),34),95),54),((((50,25),((42,(15,32)),(74,31))),47),(9,(93,16)))),((((((81,26),(11,69)),(12,((24,46),99))),65),(71,73)),((35,83),28)))),((((39,59),18),10),(90,62))),((((85,88),78),98),61)),((19,(14,(84,77))),(80,(92,21)))),(64,51)),(94,63)),(96,13)),36),58);
#NNI moves:0/152
Remaining: 1
#NNI moves:6/152
#NNI moves:6/152
((((((((((((((((21,92),80),((14,(77,84)),19)),((((13,96),(36,58)),(63,94)),(64,51))),((((88,85),78),98),61)),((((39,59),18),10),(90,62))),(((((((69,11),(26,81)),((99,(24,46)),12)),65),(73,71)),((83,35),28)),(((95,(((41,75),76),34)),54),(((16,93),9),((((74,31),((15,32),42)),(25,50)),47))))),((1,((5,6),(7,4))),(3,2))),(((((((((44,33),((29,56),66)),(37,100)),(55,20)),45),86),8),(30,49)),(40,97))),(((22,23),17),(60,82))),(((72,43),70),57)),(38,(87,(27,53)))),67),(52,48)),(89,(79,91))),68);
Current score: 2.70722e+09
Current tree: ((((72,43),70),(((((((((((21,92),80),((14,(77,84)),19)),((((13,96),(36,58)),(63,94)),(64,51))),((((88,85),78),98),61)),((((39,59),18),10),(90,62))),(((((((69,11),(26,81)),((99,(24,46)),12)),65),(73,71)),((83,35),28)),(((95,(((41,75),76),34)),54),(((16,93),9),((((74,31),((15,32),42)),(25,50)),47))))),((1,((5,6),(7,4))),(3,2))),(((((((((44,33),((29,56),66)),(37,100)),(55,20)),45),86),8),(30,49)),(40,97))),(((22,23),17),(60,82))),((38,(87,(27,53))),(67,((52,48),((89,(79,91)),68)))))),57);
Final Tree: ((((72,43),70),(((((((((((21,92),80),((14,(77,84)),19)),((((13,96),(36,58)),(63,94)),(64,51))),((((88,85),78),98),61)),((((39,59),18),10),(90,62))),(((((((69,11),(26,81)),((99,(24,46)),12)),65),(73,71)),((83,35),28)),(((95,(((41,75),76),34)),54),(((16,93),9),((((74,31),((15,32),42)),(25,50)),47))))),((1,((5,6),(7,4))),(3,2))),(((((((((44,33),((29,56),66)),(37,100)),(55,20)),45),86),8),(30,49)),(40,97))),(((22,23),17),(60,82))),((38,(87,(27,53))),(67,((52,48),((89,(79,91)),68)))))),57);
#EqQuartets: 3921225000
Score: 2707222108
ASTRAL for PaRalogs and Orthologs III (ASTRAL-Pro3)
*** NOW with integrated CASTLES-Pro ***
Version: v1.22.3.6
Read 512 genetrees and found 100 species.
#Genetrees: 1000
#Duploss: 0
#Species: 100
#Rounds: 4
#Samples: 4
#Threads: 1
Use two-step algorithm!
Guide Tree 0/16
#NNI moves:0/152
Guide Tree 1/16
#NNI moves:0/152
Guide Tree 2/16
#NNI moves:0/152
Guide Tree 3/16
#NNI moves:0/152
Guide Tree 4/16
#NNI moves:0/152
Guide Tree 5/16
#NNI moves:0/152
Guide Tree 6/16
#NNI moves:0/152
Guide Tree 7/16
#NNI moves:0/152
Guide Tree 8/16
#NNI moves:0/152
Guide Tree 9/16
#NNI moves:0/152
Guide Tree 10/16
#NNI moves:0/152
Guide Tree 11/16
#NNI moves:0/152
Guide Tree 12/16
#NNI moves:6/152
Guide Tree 13/16
#NNI moves:0/152
Guide Tree 14/16
#NNI moves:0/152
Guide Tree 15/16
#NNI moves:0/152
Remaining: 0
#NNI moves:2/152
#NNI moves:2/152
((((((((((((((((82,71),(((48,65),51),90)),99),79),(((((49,78),50),(89,(62,76))),96),(((((60,70),((57,87),93)),84),(74,67)),47))),54),(((((((66,((77,73),45)),(58,85)),95),((((80,68),92),63),((46,59),64))),(((52,56),(61,(100,88))),((94,83),((55,53),69)))),((86,72),((97,91),81))),(75,98))),((((((((32,44),16),5),(42,35)),(2,24)),43),((28,41),(4,17))),((20,9),((((34,3),8),6),1)))),(((21,(10,37)),(19,31)),((7,14),33))),(((18,36),12),27)),13),((39,23),25)),(26,38)),((22,11),(15,29))),40),30);
Guide Tree 0/16
#NNI moves:0/152
Guide Tree 1/16
#NNI moves:0/152
Guide Tree 2/16
#NNI moves:6/152
Guide Tree 3/16
#NNI moves:0/152
Guide Tree 4/16
#NNI moves:0/152
Guide Tree 5/16
#NNI moves:0/152
Guide Tree 6/16
#NNI moves:0/152
Guide Tree 7/16
#NNI moves:0/152
Guide Tree 8/16
#NNI moves:0/152
Guide Tree 9/16
#NNI moves:0/152
Guide Tree 10/16
#NNI moves:0/152
Guide Tree 11/16
#NNI moves:2/152
Guide Tree 12/16
#NNI moves:0/152
Guide Tree 13/16
#NNI moves:0/152
Guide Tree 14/16
#NNI moves:2/152
Guide Tree 15/16
#NNI moves:0/152
Remaining: 0
#NNI moves:0/152
#NNI moves:0/152
(((((((((((((((((66,(45,(73,77))),(58,85)),95),((63,((68,80),92)),(64,(59,46)))),(((83,94),((55,53),69)),(((88,100),61),(56,52)))),((72,86),(81,(91,97)))),(98,75)),((((((((93,(87,57)),(60,70)),84),(67,74)),47),((((76,62),89),((49,78),50)),96)),((((((65,48),51),90),(82,71)),99),79)),54)),(((20,9),(1,(((3,34),8),6))),((43,((24,2),(((16,(44,32)),5),(42,35)))),((41,28),(4,17))))),((((37,10),21),(31,19)),(33,(14,7)))),((12,(36,18)),27)),13),(25,(39,23))),(26,38)),((22,11),(29,15))),40),30);
Guide Tree 0/16
#NNI moves:0/152
Guide Tree 1/16
#NNI moves:0/152
Guide Tree 2/16
#NNI moves:0/152
Guide Tree 3/16
#NNI moves:0/152
Guide Tree 4/16
#NNI moves:0/152
Guide Tree 5/16
#NNI moves:0/152
Guide Tree 6/16
#NNI moves:0/152
Guide Tree 7/16
#NNI moves:0/152
Guide Tree 8/16
#NNI moves:0/152
Guide Tree 9/16
#NNI moves:0/152
Guide Tree 10/16
#NNI moves:0/152
Guide Tree 11/16
#NNI moves:0/152
Guide Tree 12/16
#NNI moves:0/152
Guide Tree 13/16
#NNI moves:0/152
Guide Tree 14/16
#NNI moves:0/152
Guide Tree 15/16
#NNI moves:0/152
Remaining: 0
#NNI moves:0/152
#NNI moves:0/152
((((((((((((((((63,(92,(68,80))),((46,59),64)),(((((77,73),45),66),(58,85)),95)),((((55,53),69),(94,83)),((61,(100,88)),(52,56)))),((72,86),((97,91),81))),(98,75)),((((((((93,(87,57)),(60,70)),84),(74,67)),47),((((62,76),89),((78,49),50)),96)),((99,((((48,65),51),90),(82,71))),79)),54)),(((20,9),(1,((8,(3,34)),6))),(((4,17),(28,41)),((((42,35),(((32,44),16),5)),(2,24)),43)))),((((37,10),21),(19,31)),((7,14),33))),((12,(18,36)),27)),13),((39,23),25)),(38,26)),((15,29),(22,11))),40),30);
Guide Tree 0/16
#NNI moves:0/152
Guide Tree 1/16
#NNI moves:0/152
Guide Tree 2/16
#NNI moves:0/152
Guide Tree 3/16
#NNI moves:0/152
Guide Tree 4/16
#NNI moves:0/152
Guide Tree 5/16
#NNI moves:0/152
Guide Tree 6/16
#NNI moves:0/152
Guide Tree 7/16
#NNI moves:0/152
Guide Tree 8/16
#NNI moves:0/152
Guide Tree 9/16
#NNI moves:0/152
Guide Tree 10/16
#NNI moves:0/152
Guide Tree 11/16
#NNI moves:0/152
Guide Tree 12/16
#NNI moves:0/152
Guide Tree 13/16
#NNI moves:0/152
Guide Tree 14/16
#NNI moves:0/152
Guide Tree 15/16
#NNI moves:0/152
Remaining: 0
#NNI moves:0/152
#NNI moves:0/152
((((((((((((((((((70,60),((87,57),93)),84),(67,74)),47),((((78,49),50),((62,76),89)),96)),((((90,((65,48),51)),(71,82)),99),79)),54),(((((((53,55),69),(94,83)),((56,52),((100,88),61))),((((((73,77),45),66),(58,85)),95),((((80,68),92),63),(64,(46,59))))),(((97,91),81),(72,86))),(75,98))),((((4,17),(28,41)),(((24,2),((((32,44),16),5),(42,35))),43)),((9,20),((((34,3),8),6),1)))),(((7,14),33),(((37,10),21),(31,19)))),(((18,36),12),27)),13),((39,23),25)),(26,38)),((11,22),(29,15))),40),30);
Initial score: 2.82647e+09
Initial tree: ((((((((((((((((((70,60),((87,57),93)),84),(67,74)),47),((((78,49),50),((62,76),89)),96)),((((90,((65,48),51)),(71,82)),99),79)),54),(((((((53,55),69),(94,83)),((56,52),((100,88),61))),((((((73,77),45),66),(58,85)),95),((((80,68),92),63),(64,(46,59))))),(((97,91),81),(72,86))),(75,98))),((((4,17),(28,41)),(((24,2),((((32,44),16),5),(42,35))),43)),((9,20),((((34,3),8),6),1)))),(((7,14),33),(((37,10),21),(31,19)))),(((18,36),12),27)),13),((39,23),25)),(26,38)),((11,22),(29,15))),40),30);
*** Subsample Process ***
Use two-step algorithm!
#NNI moves:0/152
Remaining: 0
#NNI moves:12/152
#NNI moves:12/152
((((((((((((((((39,23),25),((((15,29),(22,11)),(40,30)),(38,26))),13),(((18,36),12),27)),(((7,14),33),((19,31),((10,37),21)))),((((4,17),(28,41)),(((((16,(32,44)),5),(35,42)),(2,24)),43)),((9,20),(((8,(3,34)),6),1)))),(((((((58,85),((45,(77,73)),66)),95),((63,((68,80),92)),((59,46),64))),((((53,55),69),(94,83)),(((100,88),61),(56,52)))),(((91,97),81),(72,86))),(75,98))),54),((99,((71,82),(((48,65),51),90))),79)),(((((70,60),((87,57),93)),84),(67,74)),47)),96),((49,78),50)),89),76),62);
#NNI moves:0/152
Remaining: 0
#NNI moves:2/152
#NNI moves:2/152
((((((((((((((((((100,88),61),(52,56)),((94,83),((55,53),69))),((((((73,77),45),66),(85,58)),95),(((92,(80,68)),63),((46,59),64)))),((81,(91,97)),(72,86))),(75,98)),(((((((49,78),50),((62,76),89)),96),((((((57,87),93),(60,70)),84),(74,67)),47)),(79,(((71,82),(90,((65,48),51))),99))),54)),((((((35,42),((16,(32,44)),5)),(24,2)),43),((28,41),(4,17))),((20,9),(((8,(34,3)),6),1)))),(((7,14),33),((21,(37,10)),(19,31)))),(((36,18),12),27)),13),(25,(23,39))),(38,26)),(40,30)),(22,11)),29),15);
#NNI moves:0/152
Remaining: 0
#NNI moves:4/152
#NNI moves:4/152
((((((((((((((4,17),(41,28)),(((((16,(32,44)),5),(35,42)),(24,2)),43)),(((((34,3),8),6),1),(9,20))),(((((36,18),12),27),((((23,39),25),(((30,40),((29,15),(22,11))),(26,38))),13)),(((7,14),33),((19,31),(21,(37,10)))))),(((((((78,49),50),((76,62),89)),96),(((((60,70),((87,57),93)),84),(74,67)),47)),((((((48,65),51),90),(71,82)),99),79)),54)),(98,75)),((86,72),(81,(91,97)))),((((66,(45,(73,77))),(58,85)),95),((((68,80),92),63),((46,59),64)))),((83,94),((53,55),69))),(52,56)),61),88),100);
#NNI moves:0/152
Remaining: 0
#NNI moves:2/152
#NNI moves:2/152
((((((((((((((((((((73,77),45),66),(58,85)),95),((((80,68),92),63),((59,46),64))),(((94,83),((53,55),69)),((61,(88,100)),(56,52)))),((72,86),(81,(97,91)))),(75,98)),((((((((60,70),(93,(87,57))),84),(74,67)),47),((((62,76),89),(50,(49,78))),96)),((99,((90,((65,48),51)),(71,82))),79)),54)),((((((42,35),(((44,32),16),5)),(2,24)),43),((28,41),(17,4))),((9,20),((((34,3),8),6),1)))),(((31,19),(21,(10,37))),(33,(7,14)))),((12,(18,36)),27)),13),((39,23),25)),(38,26)),(40,30)),(29,15)),22),11);
Current score: 2.82647e+09
Current tree: ((40,(((((((((((((((((73,77),45),66),(58,85)),95),((((80,68),92),63),((59,46),64))),(((94,83),((53,55),69)),((61,(88,100)),(56,52)))),((72,86),(81,(97,91)))),(75,98)),((((((((60,70),(93,(87,57))),84),(74,67)),47),((((62,76),89),(50,(49,78))),96)),((99,((90,((65,48),51)),(71,82))),79)),54)),((((((42,35),(((44,32),16),5)),(2,24)),43),((28,41),(17,4))),((9,20),((((34,3),8),6),1)))),(((31,19),(21,(10,37))),(33,(7,14)))),((12,(18,36)),27)),13),((39,23),25)),(38,26)),((29,15),(22,11)))),30);
Final Tree: ((40,(((((((((((((((((73,77),45),66),(58,85)),95),((((80,68),92),63),((59,46),64))),(((94,83),((53,55),69)),((61,(88,100)),(56,52)))),((72,86),(81,(97,91)))),(75,98)),((((((((60,70),(93,(87,57))),84),(74,67)),47),((((62,76),89),(50,(49,78))),96)),((99,((90,((65,48),51)),(71,82))),79)),54)),((((((42,35),(((44,32),16),5)),(2,24)),43),((28,41),(17,4))),((9,20),((((34,3),8),6),1)))),(((31,19),(21,(10,37))),(33,(7,14)))),((12,(18,36)),27)),13),((39,23),25)),(38,26)),((29,15),(22,11)))),30);
#EqQuartets: 3921225000
Score: 2826472958
ASTRAL for PaRalogs and Orthologs III (ASTRAL-Pro3)
*** NOW with integrated CASTLES-Pro ***
Version: v1.22.3.6
Read 512 genetrees and found 100 species.
#Genetrees: 1000
#Duploss: 0
#Species: 100
#Rounds: 4
#Samples: 4
#Threads: 1
Use two-step algorithm!
Guide Tree 0/16
#NNI moves:0/152
Guide Tree 1/16
#NNI moves:0/152
Guide Tree 2/16
#NNI moves:0/152
Guide Tree 3/16
#NNI moves:0/152
Guide Tree 4/16
#NNI moves:0/152
Guide Tree 5/16
#NNI moves:0/152
Guide Tree 6/16
#NNI moves:0/152
Guide Tree 7/16
#NNI moves:0/152
Guide Tree 8/16
#NNI moves:0/152
Guide Tree 9/16
#NNI moves:0/152
Guide Tree 10/16
#NNI moves:0/152
Guide Tree 11/16
#NNI moves:0/152
Guide Tree 12/16
#NNI moves:0/152
Guide Tree 13/16
#NNI moves:0/152
Guide Tree 14/16
#NNI moves:0/152
Guide Tree 15/16
#NNI moves:0/152
Remaining: 0
#NNI moves:0/152
#NNI moves:0/152
(((((((((((((58,(75,43)),84),(((56,47),77),(71,38))),(((93,88),82),(85,55))),((81,(((62,87),(54,99)),50)),(((86,78),(65,83)),((98,(46,67)),(((53,(((90,100),69),68)),(57,41)),45))))),((70,(64,97)),((37,(49,94)),((80,((74,73),61)),(48,95))))),(((((((((((((6,35),8),10),((30,1),((15,23),27))),(13,3)),(34,26)),((4,32),11)),28),((((21,18),(16,22)),14),(17,2))),((19,7),((9,31),(12,25)))),(((5,36),(24,33)),(29,20))),((96,72),92)),(44,(60,79)))),39),(((91,51),((52,42),59)),89)),66),40),63),76);
Guide Tree 0/16
#NNI moves:0/152
Guide Tree 1/16
#NNI moves:0/152
Guide Tree 2/16
#NNI moves:0/152
Guide Tree 3/16
#NNI moves:0/152
Guide Tree 4/16
#NNI moves:0/152
Guide Tree 5/16
#NNI moves:0/152
Guide Tree 6/16
#NNI moves:0/152
Guide Tree 7/16
#NNI moves:0/152
Guide Tree 8/16
#NNI moves:0/152
Guide Tree 9/16
#NNI moves:0/152
Guide Tree 10/16
#NNI moves:0/152
Guide Tree 11/16
#NNI moves:0/152
Guide Tree 12/16
#NNI moves:0/152
Guide Tree 13/16
#NNI moves:0/152
Guide Tree 14/16
#NNI moves:0/152
Guide Tree 15/16
#NNI moves:0/152
Remaining: 0
#NNI moves:8/152
#NNI moves:8/152
((((((((((((((((((100,90),69),68),53),(57,41)),45),((46,67),98)),((86,78),(65,83))),((((54,99),(62,87)),50),81)),(((((47,56),77),(38,71)),(84,((43,75),58))),((85,55),((88,93),82)))),((((95,48),(((73,74),61),80)),((94,49),37)),((64,97),70))),(((((((((((((23,15),27),(1,30)),((8,(35,6)),10)),(13,3)),(26,34)),(11,(32,4))),28),((17,2),(((18,21),(16,22)),14))),(((25,12),(31,9)),(19,7))),(((5,36),(33,24)),(20,29))),((96,72),92)),((79,60),44))),39),(((91,51),(59,(52,42))),89)),66),40),63),76);
Guide Tree 0/16
#NNI moves:0/152
Guide Tree 1/16
#NNI moves:0/152
Guide Tree 2/16
#NNI moves:0/152
Guide Tree 3/16
#NNI moves:2/152
Guide Tree 4/16
#NNI moves:0/152
Guide Tree 5/16
#NNI moves:0/152
Guide Tree 6/16
#NNI moves:0/152
Guide Tree 7/16
#NNI moves:0/152
Guide Tree 8/16
#NNI moves:0/152
Guide Tree 9/16
#NNI moves:0/152
Guide Tree 10/16
#NNI moves:0/152
Guide Tree 11/16
#NNI moves:0/152
Guide Tree 12/16
#NNI moves:0/152
Guide Tree 13/16
#NNI moves:0/152
Guide Tree 14/16
#NNI moves:0/152
Guide Tree 15/16
#NNI moves:2/152
Remaining: 0
#NNI moves:8/152
#NNI moves:8/152
((((((((((((((((((((15,23),27),(1,30)),(((35,6),8),10)),(3,13)),(26,34)),((4,32),11)),28),((((22,16),(18,21)),14),(17,2))),(((31,9),(12,25)),(19,7))),(((24,33),(5,36)),(29,20))),(92,(72,96))),((60,79),44)),(((((((67,46),98),((((68,(69,(100,90))),53),(41,57)),45)),((86,78),(83,65))),((((99,54),(87,62)),50),81)),(((((47,56),77),(71,38)),((58,(43,75)),84)),(((93,88),82),(55,85)))),((((95,48),(80,((74,73),61))),((94,49),37)),((64,97),70)))),39),(((59,(42,52)),(91,51)),89)),66),40),63),76);
Guide Tree 0/16
#NNI moves:0/152
Guide Tree 1/16
#NNI moves:0/152
Guide Tree 2/16
#NNI moves:0/152
Guide Tree 3/16
#NNI moves:0/152
Guide Tree 4/16
#NNI moves:0/152
Guide Tree 5/16
#NNI moves:0/152
Guide Tree 6/16
#NNI moves:0/152
Guide Tree 7/16
#NNI moves:0/152
Guide Tree 8/16
#NNI moves:0/152
Guide Tree 9/16
#NNI moves:0/152
Guide Tree 10/16
#NNI moves:0/152
Guide Tree 11/16
#NNI moves:0/152
Guide Tree 12/16
#NNI moves:0/152
Guide Tree 13/16
#NNI moves:0/152
Guide Tree 14/16
#NNI moves:0/152
Guide Tree 15/16
#NNI moves:0/152
Remaining: 0
#NNI moves:0/152
#NNI moves:0/152
((((((((((((((43,75),58),84),((71,38),(77,(47,56)))),(((88,93),82),(85,55))),(((((67,46),98),(((57,41),((((100,90),69),68),53)),45)),((83,65),(86,78))),(81,(((54,99),(87,62)),50)))),((((49,94),37),((80,(61,(74,73))),(95,48))),((64,97),70))),((((((((((((1,30),(27,(15,23))),(((35,6),8),10)),(13,3)),(26,34)),(11,(4,32))),28),((2,17),(14,((21,18),(16,22))))),(((12,25),(31,9)),(19,7))),((20,29),((5,36),(24,33)))),((72,96),92)),((79,60),44))),39),(((51,91),((52,42),59)),89)),66),40),63),76);
Initial score: 2.94923e+09
Initial tree: ((((((((((((((43,75),58),84),((71,38),(77,(47,56)))),(((88,93),82),(85,55))),(((((67,46),98),(((57,41),((((100,90),69),68),53)),45)),((83,65),(86,78))),(81,(((54,99),(87,62)),50)))),((((49,94),37),((80,(61,(74,73))),(95,48))),((64,97),70))),((((((((((((1,30),(27,(15,23))),(((35,6),8),10)),(13,3)),(26,34)),(11,(4,32))),28),((2,17),(14,((21,18),(16,22))))),(((12,25),(31,9)),(19,7))),((20,29),((5,36),(24,33)))),((72,96),92)),((79,60),44))),39),(((51,91),((52,42),59)),89)),66),40),63),76);
*** Subsample Process ***
Use two-step algorithm!
#NNI moves:0/152
Remaining: 0
#NNI moves:2/152
#NNI moves:2/152
((((((((((((((((((((27,(23,15)),(1,30)),(((6,35),8),10)),(3,13)),(34,26)),((32,4),11)),28),((14,((16,22),(18,21))),(17,2))),(((12,25),(31,9)),(7,19))),(((24,33),(36,5)),(20,29))),((96,72),92)),((60,79),44)),(39,((66,(40,(63,76))),((((42,52),59),(51,91)),89)))),((((80,((74,73),61)),(48,95)),(37,(94,49))),((97,64),70))),(((((67,46),98),(((53,((69,(90,100)),68)),(57,41)),45)),((83,65),(86,78))),((((54,99),(87,62)),50),81))),(((93,88),82),(55,85))),((71,38),(77,(47,56)))),84),(43,75)),58);
#NNI moves:0/152
Remaining: 0
#NNI moves:0/152
#NNI moves:0/152
((((((((((((((((((6,35),8),10),((30,1),(27,(23,15)))),(13,3)),(26,34)),((4,32),11)),28),((2,17),(((22,16),(21,18)),14))),(((9,31),(12,25)),(19,7))),(((24,33),(5,36)),(29,20))),((72,96),92)),((60,79),44)),((((((((57,41),(((69,(90,100)),68),53)),45),(98,(67,46))),((86,78),(83,65))),((((87,62),(54,99)),50),81)),((((38,71),((47,56),77)),(((43,75),58),84)),((85,55),(82,(88,93))))),((((80,(61,(74,73))),(95,48)),((94,49),37)),(70,(64,97))))),39),((((42,52),59),(91,51)),89)),((63,76),40)),66);
#NNI moves:0/152
Remaining: 0
#NNI moves:8/152
#NNI moves:8/152
((((((((((((((((((((((41,57),(((69,(100,90)),68),53)),45),((67,46),98)),((65,83),(86,78))),((((54,99),(87,62)),50),81)),((((38,71),(77,(47,56))),(((75,43),58),84)),((55,85),((88,93),82)))),((((80,(61,(74,73))),(48,95)),(37,(94,49))),(70,(64,97)))),(((((91,51),(59,(52,42))),89),(((76,63),40),66)),39)),(44,(60,79))),((96,72),92)),(((24,33),(5,36)),(29,20))),(((25,12),(9,31)),(19,7))),((2,17),(14,((18,21),(22,16))))),28),((4,32),11)),(26,34)),(3,13)),((8,(35,6)),10)),((23,15),27)),1),30);
#NNI moves:0/152
Remaining: 0
#NNI moves:0/152
#NNI moves:0/152
((((((((((((((46,67),98),(((57,41),((((90,100),69),68),53)),45)),((65,83),(78,86))),((((99,54),(62,87)),50),81)),((((58,(43,75)),84),((71,38),((47,56),77))),(((93,88),82),(85,55)))),((((((73,74),61),80),(48,95)),((49,94),37)),(70,(97,64)))),(((((((12,25),(9,31)),(19,7)),(((((21,18),(16,22)),14),(2,17)),(((11,(32,4)),((((((15,23),27),(30,1)),(10,((35,6),8))),(13,3)),(26,34))),28))),(((36,5),(33,24)),(20,29))),((96,72),92)),(44,(60,79)))),39),((40,(63,76)),66)),89),((42,52),59)),51),91);
Current score: 2.94923e+09
Current tree: ((63,(40,(66,((((((((((46,67),98),(((57,41),((((90,100),69),68),53)),45)),((65,83),(78,86))),((((99,54),(62,87)),50),81)),((((58,(43,75)),84),((71,38),((47,56),77))),(((93,88),82),(85,55)))),((((((73,74),61),80),(48,95)),((49,94),37)),(70,(97,64)))),(((((((12,25),(9,31)),(19,7)),(((((21,18),(16,22)),14),(2,17)),(((11,(32,4)),((((((15,23),27),(30,1)),(10,((35,6),8))),(13,3)),(26,34))),28))),(((36,5),(33,24)),(20,29))),((96,72),92)),(44,(60,79)))),39),(89,(((42,52),59),(51,91))))))),76);
Final Tree: ((63,(40,(66,((((((((((46,67),98),(((57,41),((((90,100),69),68),53)),45)),((65,83),(78,86))),((((99,54),(62,87)),50),81)),((((58,(43,75)),84),((71,38),((47,56),77))),(((93,88),82),(85,55)))),((((((73,74),61),80),(48,95)),((49,94),37)),(70,(97,64)))),(((((((12,25),(9,31)),(19,7)),(((((21,18),(16,22)),14),(2,17)),(((11,(32,4)),((((((15,23),27),(30,1)),(10,((35,6),8))),(13,3)),(26,34))),28))),(((36,5),(33,24)),(20,29))),((96,72),92)),(44,(60,79)))),39),(89,(((42,52),59),(51,91))))))),76);
#EqQuartets: 3921225000
Score: 2949232137
ASTRAL for PaRalogs and Orthologs III (ASTRAL-Pro3)
*** NOW with integrated CASTLES-Pro ***
Version: v1.22.3.6
Read 512 genetrees and found 100 species.
#Genetrees: 1000
#Duploss: 0
#Species: 100
#Rounds: 4
#Samples: 4
#Threads: 1
Use two-step algorithm!
Guide Tree 0/16
#NNI moves:0/152
Guide Tree 1/16
#NNI moves:0/152
Guide Tree 2/16
#NNI moves:0/152
Guide Tree 3/16
#NNI moves:0/152
Guide Tree 4/16
#NNI moves:0/152
Guide Tree 5/16
#NNI moves:0/152
Guide Tree 6/16
#NNI moves:0/152
Guide Tree 7/16
#NNI moves:0/152
Guide Tree 8/16
#NNI moves:0/152
Guide Tree 9/16
#NNI moves:0/152
Guide Tree 10/16
#NNI moves:0/152
Guide Tree 11/16
#NNI moves:0/152
Guide Tree 12/16
#NNI moves:0/152
Guide Tree 13/16
#NNI moves:0/152
Guide Tree 14/16
#NNI moves:0/152
Guide Tree 15/16
#NNI moves:0/152
Remaining: 0
#NNI moves:0/152
#NNI moves:0/152
(((((((((((((87,20),31),63),((25,98),(39,1))),(((12,(79,61)),(30,16)),57)),((((37,84),(6,(60,18))),88),((11,((52,85),80)),(56,68)))),100),((((95,94),44),((32,29),4)),(((72,77),(65,67)),(83,24)))),((((((47,99),((22,((42,48),46)),69)),((((74,34),(50,38)),(((9,(2,43)),(96,41)),53)),(((26,(28,66)),62),3))),(93,33)),(((((23,59),21),((8,75),(64,13))),5),(27,(78,90)))),(45,(82,54)))),((70,((51,10),49)),((17,(36,55)),7))),(((19,92),((73,81),58)),(((((76,14),40),97),89),(91,15)))),(71,86)),35);
Guide Tree 0/16
#NNI moves:0/152
Guide Tree 1/16
#NNI moves:0/152
Guide Tree 2/16
#NNI moves:0/152
Guide Tree 3/16
#NNI moves:0/152
Guide Tree 4/16
#NNI moves:0/152
Guide Tree 5/16
#NNI moves:0/152
Guide Tree 6/16
#NNI moves:0/152
Guide Tree 7/16
#NNI moves:0/152
Guide Tree 8/16
#NNI moves:0/152
Guide Tree 9/16
#NNI moves:0/152
Guide Tree 10/16
#NNI moves:0/152
Guide Tree 11/16
#NNI moves:0/152
Guide Tree 12/16
#NNI moves:0/152
Guide Tree 13/16
#NNI moves:0/152
Guide Tree 14/16
#NNI moves:0/152
Guide Tree 15/16
#NNI moves:0/152
Remaining: 0
#NNI moves:0/152
#NNI moves:0/152
((((((((((((37,84),((60,18),6)),88),((((85,52),80),11),(56,68))),((((1,39),(25,98)),(((87,20),31),63)),(((16,30),((61,79),12)),57))),100),((((72,77),(67,65)),(24,83)),(((95,94),44),((32,29),4)))),((((27,(90,78)),((((23,59),21),((64,13),(8,75))),5)),(((((53,((96,41),((43,2),9))),((50,38),(34,74))),(((26,(66,28)),62),3)),(((((42,48),46),22),69),(99,47))),(93,33))),((54,82),45))),((((10,51),49),70),(((55,36),17),7))),(((92,19),((73,81),58)),((15,91),((((14,76),40),97),89)))),(71,86)),35);
Guide Tree 0/16
#NNI moves:0/152
Guide Tree 1/16
#NNI moves:0/152
Guide Tree 2/16
#NNI moves:0/152
Guide Tree 3/16
#NNI moves:0/152
Guide Tree 4/16
#NNI moves:0/152
Guide Tree 5/16
#NNI moves:0/152
Guide Tree 6/16
#NNI moves:0/152
Guide Tree 7/16
#NNI moves:0/152
Guide Tree 8/16
#NNI moves:0/152
Guide Tree 9/16
#NNI moves:0/152
Guide Tree 10/16
#NNI moves:0/152
Guide Tree 11/16
#NNI moves:0/152
Guide Tree 12/16
#NNI moves:0/152
Guide Tree 13/16
#NNI moves:2/152
Guide Tree 14/16
#NNI moves:0/152
Guide Tree 15/16
#NNI moves:0/152
Remaining: 0
#NNI moves:2/152
#NNI moves:2/152
((((((((((57,((12,(61,79)),(30,16))),(((1,39),(25,98)),(((20,87),31),63))),(((((52,85),80),11),(68,56)),(88,((6,(18,60)),(37,84))))),100),((((32,29),4),(44,(94,95))),(((65,67),(72,77)),(83,24)))),(((((((23,59),21),((13,64),(8,75))),5),((90,78),27)),((((((((2,43),9),(41,96)),53),((38,50),(74,34))),((62,((66,28),26)),3)),((47,99),((((48,42),46),22),69))),(33,93))),((54,82),45))),((7,((36,55),17)),(((10,51),49),70))),(((92,19),((73,81),58)),((15,91),((((14,76),40),97),89)))),(71,86)),35);
Guide Tree 0/16
#NNI moves:0/152
Guide Tree 1/16
#NNI moves:0/152
Guide Tree 2/16
#NNI moves:0/152
Guide Tree 3/16
#NNI moves:0/152
Guide Tree 4/16
#NNI moves:0/152
Guide Tree 5/16
#NNI moves:0/152
Guide Tree 6/16
#NNI moves:0/152
Guide Tree 7/16
#NNI moves:0/152
Guide Tree 8/16
#NNI moves:0/152
Guide Tree 9/16
#NNI moves:0/152
Guide Tree 10/16
#NNI moves:0/152
Guide Tree 11/16
#NNI moves:0/152
Guide Tree 12/16
#NNI moves:0/152
Guide Tree 13/16
#NNI moves:0/152
Guide Tree 14/16
#NNI moves:0/152
Guide Tree 15/16
#NNI moves:0/152
Remaining: 0
#NNI moves:0/152
#NNI moves:0/152
(((((((((((63,(31,(20,87))),((98,25),(39,1))),((((61,79),12),(16,30)),57)),((((80,(52,85)),11),(56,68)),(88,((37,84),((18,60),6))))),100),(((44,(94,95)),((32,29),4)),((24,83),((72,77),(65,67))))),((((((((38,50),(74,34)),(53,((9,(2,43)),(96,41)))),(3,(62,((28,66),26)))),((99,47),((22,((42,48),46)),69))),(93,33)),((((21,(59,23)),((8,75),(64,13))),5),(27,(90,78)))),(45,(54,82)))),((((36,55),17),7),((49,(51,10)),70))),(((58,(73,81)),(92,19)),((89,(((76,14),40),97)),(15,91)))),(71,86)),35);
Initial score: 2.61717e+09
Initial tree: (((((((((((63,(31,(20,87))),((98,25),(39,1))),((((61,79),12),(16,30)),57)),((((80,(52,85)),11),(56,68)),(88,((37,84),((18,60),6))))),100),(((44,(94,95)),((32,29),4)),((24,83),((72,77),(65,67))))),((((((((38,50),(74,34)),(53,((9,(2,43)),(96,41)))),(3,(62,((28,66),26)))),((99,47),((22,((42,48),46)),69))),(93,33)),((((21,(59,23)),((8,75),(64,13))),5),(27,(90,78)))),(45,(54,82)))),((((36,55),17),7),((49,(51,10)),70))),(((58,(73,81)),(92,19)),((89,(((76,14),40),97)),(15,91)))),(71,86)),35);
*** Subsample Process ***
Use two-step algorithm!
#NNI moves:0/152
Remaining: 0
#NNI moves:0/152
#NNI moves:0/152
((((((((((((((((62,(26,(28,66))),3),((((41,96),((2,43),9)),53),((38,50),(74,34)))),(((((42,48),46),22),69),(99,47))),(33,93)),((((21,(59,23)),((8,75),(64,13))),5),((78,90),27))),((54,82),45)),(((((89,(((14,76),40),97)),(91,15)),(((81,73),58),(92,19))),((71,86),35)),((((36,55),17),7),(((51,10),49),70)))),((((29,32),4),((95,94),44)),(((65,67),(77,72)),(24,83)))),100),((((37,84),(6,(60,18))),88),((11,((85,52),80)),(68,56)))),(((98,25),(39,1)),(63,((20,87),31)))),57),(30,16)),(79,61)),12);
#NNI moves:0/152
Remaining: 0
#NNI moves:0/152
#NNI moves:0/152
(((((((((((((((66,28),26),62),3),(((((2,43),9),(96,41)),53),((34,74),(38,50)))),((((46,(42,48)),22),69),(99,47))),(93,33)),(((((23,59),21),((75,8),(13,64))),5),((78,90),27))),((82,54),45)),(((((95,94),44),((32,29),4)),(((65,67),(72,77)),(83,24))),(((((11,((85,52),80)),(56,68)),(((84,37),((18,60),6)),88)),(((((79,61),12),(16,30)),57),((((87,20),31),63),((1,39),(98,25))))),100))),(((17,(36,55)),7),((49,(10,51)),70))),(((91,15),((97,(40,(14,76))),89)),((19,92),((73,81),58)))),35),86),71);
#NNI moves:0/152
Remaining: 0
#NNI moves:0/152
#NNI moves:0/152
(((((((((((((((94,95),44),((29,32),4)),(((65,67),(72,77)),(83,24))),((((((30,16),((61,79),12)),57),((((87,20),31),63),((39,1),(98,25)))),((((37,84),((18,60),6)),88),((68,56),(((52,85),80),11)))),100)),(((((91,15),(89,((40,(14,76)),97))),((19,92),((73,81),58))),(35,(71,86))),((((55,36),17),7),((49,(10,51)),70)))),((82,54),45)),((((21,(59,23)),((75,8),(13,64))),5),((78,90),27))),(33,93)),(((((42,48),46),22),69),(99,47))),(((26,(28,66)),62),3)),((((43,2),9),(41,96)),53)),(74,34)),38),50);
#NNI moves:0/152
Remaining: 0
#NNI moves:2/152
#NNI moves:2/152
((((((((((((((((87,20),31),63),((1,39),(98,25))),(((12,(61,79)),(16,30)),57)),((((37,84),((60,18),6)),88),((((52,85),80),11),(68,56)))),100),((((77,72),(67,65)),(24,83)),(((32,29),4),((94,95),44)))),(((((((((28,66),26),62),3),((((9,(2,43)),(96,41)),53),((74,34),(50,38)))),(((((48,42),46),22),69),(47,99))),(33,93)),(((((59,23),21),((8,75),(64,13))),5),((78,90),27))),(45,(54,82)))),((((36,55),17),7),((49,(51,10)),70))),((86,71),35)),((58,(81,73)),(19,92))),(15,91)),89),(40,(76,14))),97);
Current score: 2.61717e+09
Current tree: (((86,71),(((((((((((87,20),31),63),((1,39),(98,25))),(((12,(61,79)),(16,30)),57)),((((37,84),((60,18),6)),88),((((52,85),80),11),(68,56)))),100),((((77,72),(67,65)),(24,83)),(((32,29),4),((94,95),44)))),(((((((((28,66),26),62),3),((((9,(2,43)),(96,41)),53),((74,34),(50,38)))),(((((48,42),46),22),69),(47,99))),(33,93)),(((((59,23),21),((8,75),(64,13))),5),((78,90),27))),(45,(54,82)))),((((36,55),17),7),((49,(51,10)),70))),(((58,(81,73)),(19,92)),((15,91),(89,((40,(76,14)),97)))))),35);
Final Tree: (((86,71),(((((((((((87,20),31),63),((1,39),(98,25))),(((12,(61,79)),(16,30)),57)),((((37,84),((60,18),6)),88),((((52,85),80),11),(68,56)))),100),((((77,72),(67,65)),(24,83)),(((32,29),4),((94,95),44)))),(((((((((28,66),26),62),3),((((9,(2,43)),(96,41)),53),((74,34),(50,38)))),(((((48,42),46),22),69),(47,99))),(33,93)),(((((59,23),21),((8,75),(64,13))),5),((78,90),27))),(45,(54,82)))),((((36,55),17),7),((49,(51,10)),70))),(((58,(81,73)),(19,92)),((15,91),(89,((40,(76,14)),97)))))),35);
#EqQuartets: 3921225000
Score: 2617169203
ASTRAL for PaRalogs and Orthologs III (ASTRAL-Pro3)
*** NOW with integrated CASTLES-Pro ***
Version: v1.22.3.6
Read 512 genetrees and found 100 species.
#Genetrees: 1000
#Duploss: 0
#Species: 100
#Rounds: 4
#Samples: 4
#Threads: 1
Use two-step algorithm!
Guide Tree 0/16
#NNI moves:0/152
Guide Tree 1/16
#NNI moves:0/152
Guide Tree 2/16
#NNI moves:0/152
Guide Tree 3/16
#NNI moves:0/152
Guide Tree 4/16
#NNI moves:0/152
Guide Tree 5/16
#NNI moves:0/152
Guide Tree 6/16
#NNI moves:0/152
Guide Tree 7/16
#NNI moves:0/152
Guide Tree 8/16
#NNI moves:0/152
Guide Tree 9/16
#NNI moves:0/152
Guide Tree 10/16
#NNI moves:0/152
Guide Tree 11/16
#NNI moves:0/152
Guide Tree 12/16
#NNI moves:0/152
Guide Tree 13/16
#NNI moves:0/152
Guide Tree 14/16
#NNI moves:0/152
Guide Tree 15/16
#NNI moves:0/152
Remaining: 0
#NNI moves:0/152
#NNI moves:0/152
(((((((((((((((((((77,94),74),(93,81)),80),(79,64)),((82,(((66,70),97),95)),(98,((99,76),91)))),(((((((84,62),(63,89)),69),83),(72,(60,96))),(((100,73),((61,(92,86)),88)),75)),(((87,(71,85)),90),((65,(78,68)),67)))),(7,48)),((((3,(27,50)),6),34),(14,26))),(((4,47),((29,54),(52,33))),((16,12),25))),((((((((39,5),2),43),((23,(37,46)),10)),58),1),(42,(31,(44,18)))),(45,(56,55)))),(((38,(((36,11),((20,24),9)),19)),((13,8),(28,40))),(59,30))),((17,(15,53)),41)),51),49),(57,21)),35),22),32);
Guide Tree 0/16
#NNI moves:0/152
Guide Tree 1/16
#NNI moves:0/152
Guide Tree 2/16
#NNI moves:0/152
Guide Tree 3/16
#NNI moves:0/152
Guide Tree 4/16
#NNI moves:0/152
Guide Tree 5/16
#NNI moves:0/152
Guide Tree 6/16
#NNI moves:0/152
Guide Tree 7/16
#NNI moves:0/152
Guide Tree 8/16
#NNI moves:0/152
Guide Tree 9/16
#NNI moves:0/152
Guide Tree 10/16
#NNI moves:0/152
Guide Tree 11/16
#NNI moves:0/152
Guide Tree 12/16
#NNI moves:0/152
Guide Tree 13/16
#NNI moves:0/152
Guide Tree 14/16
#NNI moves:0/152
Guide Tree 15/16
#NNI moves:0/152
Remaining: 0
#NNI moves:0/152
#NNI moves:0/152
((((((((((((((((((93,81),((77,94),74)),80),(64,79)),(((((70,66),97),95),82),((91,(99,76)),98))),(((((96,60),72),((((63,89),(84,62)),69),83)),(((100,73),(((92,86),61),88)),75)),((((85,71),87),90),(((78,68),65),67)))),(7,48)),(((((27,50),3),6),34),(26,14))),((((33,52),(29,54)),(4,47)),((12,16),25))),(((56,55),45),((((18,44),31),42),(((((23,(37,46)),10),((2,(5,39)),43)),58),1)))),((((((36,11),(9,(20,24))),19),38),((13,8),(40,28))),(59,30))),(((53,15),17),41)),51),49),(21,57)),35),22),32);
Guide Tree 0/16
#NNI moves:0/152
Guide Tree 1/16
#NNI moves:0/152
Guide Tree 2/16
#NNI moves:0/152
Guide Tree 3/16
#NNI moves:0/152
Guide Tree 4/16
#NNI moves:0/152
Guide Tree 5/16
#NNI moves:0/152
Guide Tree 6/16
#NNI moves:0/152
Guide Tree 7/16
#NNI moves:0/152
Guide Tree 8/16
#NNI moves:0/152
Guide Tree 9/16
#NNI moves:0/152
Guide Tree 10/16
#NNI moves:0/152
Guide Tree 11/16
#NNI moves:0/152
Guide Tree 12/16
#NNI moves:0/152
Guide Tree 13/16
#NNI moves:0/152
Guide Tree 14/16
#NNI moves:0/152
Guide Tree 15/16
#NNI moves:0/152
Remaining: 0
#NNI moves:10/152
#NNI moves:10/152
((((((((((((((((((100,73),(88,((86,92),61))),75),(((96,60),72),((((84,62),(63,89)),69),83))),(((65,(68,78)),67),(((71,85),87),90))),((((((94,77),74),(93,81)),80),(79,64)),((((76,99),91),98),(((97,(66,70)),95),82)))),(48,7)),((34,((3,(50,27)),6)),(26,14))),((((29,54),(52,33)),(4,47)),(25,(16,12)))),((((31,(18,44)),42),((((10,((46,37),23)),((2,(39,5)),43)),58),1)),((55,56),45))),((((8,13),(28,40)),(((((20,24),9),(36,11)),19),38)),(59,30))),(((53,15),17),41)),51),49),(21,57)),35),22),32);
Guide Tree 0/16
#NNI moves:0/152
Guide Tree 1/16
#NNI moves:0/152
Guide Tree 2/16
#NNI moves:0/152
Guide Tree 3/16
#NNI moves:0/152
Guide Tree 4/16
#NNI moves:0/152
Guide Tree 5/16
#NNI moves:0/152
Guide Tree 6/16
#NNI moves:0/152
Guide Tree 7/16
#NNI moves:0/152
Guide Tree 8/16
#NNI moves:0/152
Guide Tree 9/16
#NNI moves:0/152
Guide Tree 10/16
#NNI moves:0/152
Guide Tree 11/16
#NNI moves:0/152
Guide Tree 12/16
#NNI moves:0/152
Guide Tree 13/16
#NNI moves:0/152
Guide Tree 14/16
#NNI moves:0/152
Guide Tree 15/16
#NNI moves:0/152
Remaining: 0
#NNI moves:2/152
#NNI moves:2/152
((((((((((((((((((((89,63),(84,62)),69),83),((60,96),72)),(((73,100),((61,(92,86)),88)),75)),((((85,71),87),90),(((78,68),65),67))),((((95,((66,70),97)),82),(98,((99,76),91))),((79,64),(((74,(77,94)),(93,81)),80)))),(48,7)),((26,14),(((3,(50,27)),6),34))),((25,(16,12)),(((29,54),(52,33)),(4,47)))),(((1,(((10,((37,46),23)),(43,((39,5),2))),58)),(((44,18),31),42)),((56,55),45))),((((19,(((20,24),9),(36,11))),38),((8,13),(40,28))),(30,59))),(41,((15,53),17))),51),49),(21,57)),35),22),32);
Initial score: 2.99828e+09
Initial tree: ((((((((((((((((((((89,63),(84,62)),69),83),((60,96),72)),(((73,100),((61,(92,86)),88)),75)),((((85,71),87),90),(((78,68),65),67))),((((95,((66,70),97)),82),(98,((99,76),91))),((79,64),(((74,(77,94)),(93,81)),80)))),(48,7)),((26,14),(((3,(50,27)),6),34))),((25,(16,12)),(((29,54),(52,33)),(4,47)))),(((1,(((10,((37,46),23)),(43,((39,5),2))),58)),(((44,18),31),42)),((56,55),45))),((((19,(((20,24),9),(36,11))),38),((8,13),(40,28))),(30,59))),(41,((15,53),17))),51),49),(21,57)),35),22),32);
*** Subsample Process ***
Use two-step algorithm!
#NNI moves:0/152
Remaining: 0
#NNI moves:2/152
#NNI moves:2/152
((((((((((((((((((19,(((20,24),9),(11,36))),38),((28,40),(8,13))),(59,30)),((51,(((35,(22,32)),(57,21)),49)),(((15,53),17),41))),((((((10,((46,37),23)),(((39,5),2),43)),58),1),(42,((18,44),31))),(45,(55,56)))),(((47,4),((52,33),(54,29))),(25,(12,16)))),(((((27,50),3),6),34),(14,26))),(48,7)),(((((99,76),91),98),((((66,70),97),95),82)),(((((77,94),74),(81,93)),80),(79,64)))),((((71,85),87),90),(((68,78),65),67))),(((73,100),(88,((92,86),61))),75)),((60,96),72)),83),69),(84,62)),89),63);
#NNI moves:0/152
Remaining: 0
#NNI moves:4/152
#NNI moves:4/152
(((((((((((((((((74,(77,94)),(93,81)),80),(64,79)),(((((66,70),97),95),82),(((76,99),91),98))),((((83,(((89,63),(62,84)),69)),((96,60),72)),(((100,73),(88,(61,(86,92)))),75)),((((71,85),87),90),((65,(78,68)),67)))),(48,7)),(((6,((27,50),3)),34),(14,26))),(((16,12),25),(((33,52),(54,29)),(4,47)))),((((((((39,5),2),43),(10,(23,(37,46)))),58),1),(((18,44),31),42)),(45,(55,56)))),(((((((20,24),9),(36,11)),19),38),((28,40),(13,8))),(30,59))),((17,(53,15)),41)),51),49),(21,57)),(22,32)),35);
#NNI moves:0/152
Remaining: 0
#NNI moves:0/152
#NNI moves:0/152
(((((((((((((((((((9,(20,24)),(36,11)),19),38),((13,8),(40,28))),(30,59)),(((((35,(32,22)),(57,21)),49),51),((17,(53,15)),41))),(((((((2,(5,39)),43),(((46,37),23),10)),58),1),((31,(18,44)),42)),((55,56),45))),(((12,16),25),((47,4),((33,52),(29,54))))),(((((27,50),3),6),34),(26,14))),(7,48)),(((((73,100),((61,(86,92)),88)),75),(((69,((84,62),(89,63))),83),((60,96),72))),(((87,(71,85)),90),((65,(68,78)),67)))),(((((70,66),97),95),82),((91,(76,99)),98))),(79,64)),80),(93,81)),74),94),77);
#NNI moves:0/152
Remaining: 0
#NNI moves:0/152
#NNI moves:0/152
((((((((((((((((75,(((61,(92,86)),88),(73,100))),(((((84,62),(63,89)),69),83),((96,60),72))),((90,(87,(71,85))),(((78,68),65),67))),(((((74,(77,94)),(81,93)),80),(79,64)),((98,((99,76),91)),((((66,70),97),95),82)))),(7,48)),((34,(6,((27,50),3))),(26,14))),(((16,12),25),((4,47),((29,54),(52,33))))),(((42,(31,(18,44))),((((10,((37,46),23)),(43,((5,39),2))),58),1)),(45,(56,55)))),((((13,8),(28,40)),((19,((9,(24,20)),(11,36))),38)),(59,30))),(41,(17,(53,15)))),51),49),(21,57)),35),32),22);
Current score: 2.99828e+09
Current tree: ((((((((((((((((75,(((61,(92,86)),88),(73,100))),(((((84,62),(63,89)),69),83),((96,60),72))),((90,(87,(71,85))),(((78,68),65),67))),(((((74,(77,94)),(81,93)),80),(79,64)),((98,((99,76),91)),((((66,70),97),95),82)))),(7,48)),((34,(6,((27,50),3))),(26,14))),(((16,12),25),((4,47),((29,54),(52,33))))),(((42,(31,(18,44))),((((10,((37,46),23)),(43,((5,39),2))),58),1)),(45,(56,55)))),((((13,8),(28,40)),((19,((9,(24,20)),(11,36))),38)),(59,30))),(41,(17,(53,15)))),51),49),(21,57)),35),22),32);
Final Tree: ((((((((((((((((75,(((61,(92,86)),88),(73,100))),(((((84,62),(63,89)),69),83),((96,60),72))),((90,(87,(71,85))),(((78,68),65),67))),(((((74,(77,94)),(81,93)),80),(79,64)),((98,((99,76),91)),((((66,70),97),95),82)))),(7,48)),((34,(6,((27,50),3))),(26,14))),(((16,12),25),((4,47),((29,54),(52,33))))),(((42,(31,(18,44))),((((10,((37,46),23)),(43,((5,39),2))),58),1)),(45,(56,55)))),((((13,8),(28,40)),((19,((9,(24,20)),(11,36))),38)),(59,30))),(41,(17,(53,15)))),51),49),(21,57)),35),22),32);
#EqQuartets: 3921225000
Score: 2998284614
ASTRAL for PaRalogs and Orthologs III (ASTRAL-Pro3)
*** NOW with integrated CASTLES-Pro ***
Version: v1.22.3.6
Read 512 genetrees and found 100 species.
#Genetrees: 1000
#Duploss: 0
#Species: 100
#Rounds: 4
#Samples: 4
#Threads: 1
Use two-step algorithm!
Guide Tree 0/16
#NNI moves:0/152
Guide Tree 1/16
#NNI moves:0/152
Guide Tree 2/16
#NNI moves:0/152
Guide Tree 3/16
#NNI moves:0/152
Guide Tree 4/16
#NNI moves:0/152
Guide Tree 5/16
#NNI moves:0/152
Guide Tree 6/16
#NNI moves:0/152
Guide Tree 7/16
#NNI moves:0/152
Guide Tree 8/16
#NNI moves:0/152
Guide Tree 9/16
#NNI moves:0/152
Guide Tree 10/16
#NNI moves:0/152
Guide Tree 11/16
#NNI moves:0/152
Guide Tree 12/16
#NNI moves:0/152
Guide Tree 13/16
#NNI moves:0/152
Guide Tree 14/16
#NNI moves:0/152
Guide Tree 15/16
#NNI moves:0/152
Remaining: 0
#NNI moves:2/152
#NNI moves:2/152
(((((((((((((((((((88,93),(79,77)),72),80),(((73,81),(74,84)),97)),((91,87),86)),((95,89),76)),(99,((((85,(78,92)),96),(((98,94),100),((82,90),83))),75))),(((21,38),((((((30,33),28),((14,68),36)),(((((71,35),43),7),(19,((31,5),22))),(50,15))),44),56)),(32,((52,45),(24,70))))),(9,61)),((55,39),((13,51),3))),(((18,67),((8,41),46)),((((63,58),(65,48)),20),60))),(((12,(1,(64,66))),(69,17)),((((29,4),(42,(16,2))),(49,11)),37))),((25,((27,57),6)),53)),(((59,(26,54)),10),47)),40),23),34),62);
Guide Tree 0/16
#NNI moves:0/152
Guide Tree 1/16
#NNI moves:0/152
Guide Tree 2/16
#NNI moves:0/152
Guide Tree 3/16
#NNI moves:0/152
Guide Tree 4/16
#NNI moves:0/152
Guide Tree 5/16
#NNI moves:0/152
Guide Tree 6/16
#NNI moves:0/152
Guide Tree 7/16
#NNI moves:0/152
Guide Tree 8/16
#NNI moves:0/152
Guide Tree 9/16
#NNI moves:0/152
Guide Tree 10/16
#NNI moves:0/152
Guide Tree 11/16
#NNI moves:0/152
Guide Tree 12/16
#NNI moves:0/152
Guide Tree 13/16
#NNI moves:0/152
Guide Tree 14/16
#NNI moves:0/152
Guide Tree 15/16
#NNI moves:0/152
Remaining: 0
#NNI moves:2/152
#NNI moves:2/152
(((((((((((((((((((30,33),28),((68,14),36)),((((22,(5,31)),19),(((35,71),43),7)),(15,50))),44),56),(38,21)),(32,((24,70),(45,52)))),((((((((88,93),(77,79)),72),80),(((84,74),(81,73)),97)),((87,91),86)),((89,95),76)),((((((94,98),100),((82,90),83)),((85,(78,92)),96)),75),99))),(9,61)),(((51,13),3),(55,39))),(((20,((63,58),(48,65))),60),((67,18),(46,(8,41))))),(((((66,64),1),12),(17,69)),((((42,(16,2)),(4,29)),(11,49)),37))),((((57,27),6),25),53)),((10,((54,26),59)),47)),40),23),34),62);
Guide Tree 0/16
#NNI moves:2/152
Guide Tree 1/16
#NNI moves:0/152
Guide Tree 2/16
#NNI moves:2/152
Guide Tree 3/16
#NNI moves:0/152
Guide Tree 4/16
#NNI moves:2/152
Guide Tree 5/16
#NNI moves:2/152
Guide Tree 6/16
#NNI moves:0/152
Guide Tree 7/16
#NNI moves:0/152
Guide Tree 8/16
#NNI moves:2/152
Guide Tree 9/16
#NNI moves:2/152
Guide Tree 10/16
#NNI moves:0/152
Guide Tree 11/16
#NNI moves:0/152
Guide Tree 12/16
#NNI moves:0/152
Guide Tree 13/16
#NNI moves:2/152
Guide Tree 14/16
#NNI moves:0/152
Guide Tree 15/16
#NNI moves:0/152
Remaining: 0
#NNI moves:2/152
#NNI moves:2/152
((((((((((((((((((74,84),(73,81)),97),((((79,77),(93,88)),72),80)),((91,87),86)),(76,(89,95))),((((((78,92),85),96),((100,(94,98)),(83,(82,90)))),75),99)),(((((((((43,(71,35)),7),((22,(5,31)),19)),(50,15)),(((30,33),28),(36,(14,68)))),44),56),(21,38)),(((24,70),(45,52)),32))),(9,61)),((55,39),((51,13),3))),(((67,18),((8,41),46)),((20,((65,48),(63,58))),60))),(((((66,64),1),12),(17,69)),((((42,(2,16)),(4,29)),(11,49)),37))),((25,((57,27),6)),53)),((((26,54),59),10),47)),40),23),34),62);
Guide Tree 0/16
#NNI moves:0/152
Guide Tree 1/16
#NNI moves:0/152
Guide Tree 2/16
#NNI moves:0/152
Guide Tree 3/16
#NNI moves:0/152
Guide Tree 4/16
#NNI moves:0/152
Guide Tree 5/16
#NNI moves:0/152
Guide Tree 6/16
#NNI moves:0/152
Guide Tree 7/16
#NNI moves:0/152
Guide Tree 8/16
#NNI moves:0/152
Guide Tree 9/16
#NNI moves:0/152
Guide Tree 10/16
#NNI moves:0/152
Guide Tree 11/16
#NNI moves:0/152
Guide Tree 12/16
#NNI moves:0/152
Guide Tree 13/16
#NNI moves:0/152
Guide Tree 14/16
#NNI moves:0/152
Guide Tree 15/16
#NNI moves:0/152
Remaining: 0
#NNI moves:4/152
#NNI moves:6/152
((((((((((((((((((28,(33,30)),((14,68),36)),((50,15),((((5,31),22),19),(7,((71,35),43))))),44),56),(21,38)),(((24,70),(45,52)),32)),(((((((74,84),(81,73)),97),((72,((88,93),(79,77))),80)),((87,91),86)),((95,89),76)),((((96,((78,92),85)),(((90,82),83),(100,(94,98)))),75),99))),(9,61)),((3,(13,51)),(55,39))),(((((58,63),(65,48)),20),60),(((8,41),46),(67,18)))),((((1,(64,66)),12),(69,17)),(((49,11),(((16,2),42),(4,29))),37))),((((57,27),6),25),53)),((((54,26),59),10),47)),40),23),34),62);
Initial score: 2.98886e+09
Initial tree: ((((((((((((((((((28,(33,30)),((14,68),36)),((50,15),((((5,31),22),19),(7,((71,35),43))))),44),56),(21,38)),(((24,70),(45,52)),32)),(((((((74,84),(81,73)),97),((72,((88,93),(79,77))),80)),((87,91),86)),((95,89),76)),((((96,((78,92),85)),(((90,82),83),(100,(94,98)))),75),99))),(9,61)),((3,(13,51)),(55,39))),(((((58,63),(65,48)),20),60),(((8,41),46),(67,18)))),((((1,(64,66)),12),(69,17)),(((49,11),(((16,2),42),(4,29))),37))),((((57,27),6),25),53)),((((54,26),59),10),47)),40),23),34),62);
*** Subsample Process ***
Use two-step algorithm!
#NNI moves:0/152
Remaining: 0
#NNI moves:0/152
#NNI moves:0/152
((((((((((((((((17,69),((1,(66,64)),12)),(((49,11),((42,(2,16)),(4,29))),37)),(((25,(6,(27,57))),53),((((34,62),23),40),(((59,(54,26)),10),47)))),(((((65,48),(63,58)),20),60),((67,18),(46,(41,8))))),(((51,13),3),(55,39))),(9,61)),((((((83,(82,90)),((94,98),100)),((85,(92,78)),96)),75),99),(((86,(87,91)),((((74,84),(81,73)),97),((((93,88),(79,77)),72),80))),((89,95),76)))),(32,((70,24),(52,45)))),(38,21)),56),44),(((7,(43,(71,35))),(((31,5),22),19)),(50,15))),((14,68),36)),(33,30)),28);
#NNI moves:0/152
Remaining: 1
#NNI moves:0/152
#NNI moves:0/152
((((((((((((((((((90,82),83),((94,98),100)),((85,(92,78)),96)),75),99),(((((((93,88),(77,79)),72),80),(97,((73,81),(74,84)))),((91,87),86)),(76,(95,89)))),((((((((14,68),36),((30,33),28)),((((43,(35,71)),7),(((5,31),22),19)),(50,15))),44),56),(21,38)),(((70,24),(52,45)),32))),(61,9)),(((13,51),3),(39,55))),(((((65,48),(63,58)),20),60),(((8,41),46),(18,67)))),(((12,((66,64),1)),(17,69)),((((4,29),(42,(16,2))),(49,11)),37))),((((27,57),6),25),53)),(((59,(26,54)),10),47)),40),23),62),34);
#NNI moves:0/152
Remaining: 1
#NNI moves:2/152
#NNI moves:2/152
((((((((((((((12,((66,64),1)),(17,69)),(((49,11),(((2,16),42),(4,29))),37)),((53,(25,((57,27),6))),(((10,((26,54),59)),47),(((62,34),23),40)))),(((((65,48),(63,58)),20),60),(((8,41),46),(18,67)))),((39,55),(3,(13,51)))),(9,61)),((((((((68,14),36),(28,(30,33))),(((19,((31,5),22)),(7,((71,35),43))),(50,15))),44),56),(38,21)),(32,((70,24),(45,52))))),(((((((93,88),(79,77)),72),80),(((84,74),(73,81)),97)),((91,87),86)),((89,95),76))),99),75),(((90,82),83),((94,98),100))),(85,(78,92))),96);
#NNI moves:0/152
Remaining: 0
#NNI moves:0/152
#NNI moves:0/152
((((((((((((((((74,84),(81,73)),97),((72,((79,77),(93,88))),80)),((87,91),86)),((95,89),76)),((((((90,82),83),(100,(98,94))),(((78,92),85),96)),75),99)),((((((((7,((71,35),43)),(19,((31,5),22))),(50,15)),(((14,68),36),((33,30),28))),44),56),(21,38)),(((24,70),(52,45)),32))),(9,61)),((55,39),((51,13),3))),(((((58,63),(48,65)),20),60),((46,(8,41)),(18,67)))),(((12,((64,66),1)),(69,17)),(((49,11),(((16,2),42),(29,4))),37))),((25,((57,27),6)),53)),(40,(23,(34,62)))),(((26,54),59),10)),47);
Current score: 2.98886e+09
Current tree: ((34,(23,(40,((((((((((((((74,84),(81,73)),97),((72,((79,77),(93,88))),80)),((87,91),86)),((95,89),76)),((((((90,82),83),(100,(98,94))),(((78,92),85),96)),75),99)),((((((((7,((71,35),43)),(19,((31,5),22))),(50,15)),(((14,68),36),((33,30),28))),44),56),(21,38)),(((24,70),(52,45)),32))),(9,61)),((55,39),((51,13),3))),(((((58,63),(48,65)),20),60),((46,(8,41)),(18,67)))),(((12,((64,66),1)),(69,17)),(((49,11),(((16,2),42),(29,4))),37))),((25,((57,27),6)),53)),((((26,54),59),10),47))))),62);
Final Tree: ((34,(23,(40,((((((((((((((74,84),(81,73)),97),((72,((79,77),(93,88))),80)),((87,91),86)),((95,89),76)),((((((90,82),83),(100,(98,94))),(((78,92),85),96)),75),99)),((((((((7,((71,35),43)),(19,((31,5),22))),(50,15)),(((14,68),36),((33,30),28))),44),56),(21,38)),(((24,70),(52,45)),32))),(9,61)),((55,39),((51,13),3))),(((((58,63),(48,65)),20),60),((46,(8,41)),(18,67)))),(((12,((64,66),1)),(69,17)),(((49,11),(((16,2),42),(29,4))),37))),((25,((57,27),6)),53)),((((26,54),59),10),47))))),62);
#EqQuartets: 3921225000
Score: 2988862004
ASTRAL for PaRalogs and Orthologs III (ASTRAL-Pro3)
*** NOW with integrated CASTLES-Pro ***
Version: v1.22.3.6
Read 512 genetrees and found 100 species.
#Genetrees: 1000
#Duploss: 0
#Species: 100
#Rounds: 4
#Samples: 4
#Threads: 1
Use two-step algorithm!
Guide Tree 0/16
#NNI moves:0/152
Guide Tree 1/16
#NNI moves:0/152
Guide Tree 2/16
#NNI moves:0/152
Guide Tree 3/16
#NNI moves:0/152
Guide Tree 4/16
#NNI moves:0/152
Guide Tree 5/16
#NNI moves:0/152
Guide Tree 6/16
#NNI moves:0/152
Guide Tree 7/16
#NNI moves:0/152
Guide Tree 8/16
#NNI moves:0/152
Guide Tree 9/16
#NNI moves:0/152
Guide Tree 10/16
#NNI moves:0/152
Guide Tree 11/16
#NNI moves:0/152
Guide Tree 12/16
#NNI moves:0/152
Guide Tree 13/16
#NNI moves:0/152
Guide Tree 14/16
#NNI moves:0/152
Guide Tree 15/16
#NNI moves:0/152
Remaining: 0
#NNI moves:0/152
#NNI moves:0/152
((((((((((39,18),(((38,(17,23)),36),2)),27),((((((9,61),45),53),(((44,31),25),((34,19),8))),(70,(68,43))),(57,72))),((((49,13),(((56,12),(15,74)),52)),((37,4),33)),((64,75),(47,3)))),((26,16),((14,20),76))),((((((99,(((((86,91),87),78),81),(88,98))),((80,83),79)),((((89,97),(94,93)),(84,(100,96))),(((90,(85,92)),77),95))),82),((7,69),6)),((((((63,21),29),((54,5),51)),(41,((10,1),((71,66),(50,24))))),30),((67,58),((28,(46,59)),11))))),((((32,60),55),62),(48,73))),((42,(40,35)),22)),65);
Guide Tree 0/16
#NNI moves:0/152
Guide Tree 1/16
#NNI moves:0/152
Guide Tree 2/16
#NNI moves:0/152
Guide Tree 3/16
#NNI moves:0/152
Guide Tree 4/16
#NNI moves:0/152
Guide Tree 5/16
#NNI moves:0/152
Guide Tree 6/16
#NNI moves:0/152
Guide Tree 7/16
#NNI moves:0/152
Guide Tree 8/16
#NNI moves:0/152
Guide Tree 9/16
#NNI moves:0/152
Guide Tree 10/16
#NNI moves:0/152
Guide Tree 11/16
#NNI moves:0/152
Guide Tree 12/16
#NNI moves:0/152
Guide Tree 13/16
#NNI moves:0/152
Guide Tree 14/16
#NNI moves:0/152
Guide Tree 15/16
#NNI moves:0/152
Remaining: 0
#NNI moves:0/152
#NNI moves:0/152
((((((((((39,18),((36,((23,17),38)),2)),27),((((68,43),70),(((45,(9,61)),53),((8,(19,34)),((31,44),25)))),(72,57))),((((13,49),(((74,15),(12,56)),52)),(33,(4,37))),((64,75),(47,3)))),((16,26),((14,20),76))),((((((((93,94),(97,89)),((100,96),84)),((((92,85),90),77),95)),(((83,80),79),(((98,88),(((87,(86,91)),78),81)),99))),82),((69,7),6)),((((((63,21),29),((54,5),51)),((((66,71),(24,50)),(10,1)),41)),30),((58,67),(((46,59),28),11))))),(((55,(60,32)),62),(73,48))),(22,(42,(35,40)))),65);
Guide Tree 0/16
#NNI moves:0/152
Guide Tree 1/16
#NNI moves:0/152
Guide Tree 2/16
#NNI moves:0/152
Guide Tree 3/16
#NNI moves:0/152
Guide Tree 4/16
#NNI moves:0/152
Guide Tree 5/16
#NNI moves:0/152
Guide Tree 6/16
#NNI moves:0/152
Guide Tree 7/16
#NNI moves:0/152
Guide Tree 8/16
#NNI moves:0/152
Guide Tree 9/16
#NNI moves:0/152
Guide Tree 10/16
#NNI moves:0/152
Guide Tree 11/16
#NNI moves:0/152
Guide Tree 12/16
#NNI moves:0/152
Guide Tree 13/16
#NNI moves:0/152
Guide Tree 14/16
#NNI moves:0/152
Guide Tree 15/16
#NNI moves:0/152
Remaining: 0
#NNI moves:0/152
#NNI moves:0/152
((((((((((((((87,(86,91)),78),81),(88,98)),99),((83,80),79)),((((94,93),(97,89)),(84,(96,100))),(95,((90,(92,85)),77)))),82),((7,69),6)),((((28,(59,46)),11),(67,58)),((((((24,50),(66,71)),(10,1)),41),(((21,63),29),(51,(54,5)))),30))),(((((64,75),(3,47)),(((13,49),(((12,56),(15,74)),52)),((4,37),33))),((((((38,(17,23)),36),2),(39,18)),27),((((43,68),70),(((25,(44,31)),((19,34),8)),(((9,61),45),53))),(72,57)))),((16,26),(76,(20,14))))),(((55,(60,32)),62),(48,73))),(22,((40,35),42))),65);
Guide Tree 0/16
#NNI moves:0/152
Guide Tree 1/16
#NNI moves:0/152
Guide Tree 2/16
#NNI moves:0/152
Guide Tree 3/16
#NNI moves:0/152
Guide Tree 4/16
#NNI moves:0/152
Guide Tree 5/16
#NNI moves:0/152
Guide Tree 6/16
#NNI moves:0/152
Guide Tree 7/16
#NNI moves:0/152
Guide Tree 8/16
#NNI moves:0/152
Guide Tree 9/16
#NNI moves:0/152
Guide Tree 10/16
#NNI moves:0/152
Guide Tree 11/16
#NNI moves:0/152
Guide Tree 12/16
#NNI moves:0/152
Guide Tree 13/16
#NNI moves:0/152
Guide Tree 14/16
#NNI moves:0/152
Guide Tree 15/16
#NNI moves:0/152
Remaining: 0
#NNI moves:0/152
#NNI moves:0/152
((((((((((((15,74),(56,12)),52),(13,49)),((37,4),33)),((75,64),(47,3))),(((((((19,34),8),((44,31),25)),(((9,61),45),53)),((68,43),70)),(57,72)),((((((23,17),38),36),2),(39,18)),27))),(((20,14),76),(26,16))),((((((((97,89),(94,93)),((100,96),84)),(95,((90,(85,92)),77))),((((81,((87,(86,91)),78)),(98,88)),99),(79,(80,83)))),82),(6,(69,7))),((((((54,5),51),((21,63),29)),(((1,10),((66,71),(50,24))),41)),30),((58,67),(((46,59),28),11))))),((48,73),((55,(32,60)),62))),((42,(35,40)),22)),65);
Initial score: 2.76198e+09
Initial tree: ((((((((((((15,74),(56,12)),52),(13,49)),((37,4),33)),((75,64),(47,3))),(((((((19,34),8),((44,31),25)),(((9,61),45),53)),((68,43),70)),(57,72)),((((((23,17),38),36),2),(39,18)),27))),(((20,14),76),(26,16))),((((((((97,89),(94,93)),((100,96),84)),(95,((90,(85,92)),77))),((((81,((87,(86,91)),78)),(98,88)),99),(79,(80,83)))),82),(6,(69,7))),((((((54,5),51),((21,63),29)),(((1,10),((66,71),(50,24))),41)),30),((58,67),(((46,59),28),11))))),((48,73),((55,(32,60)),62))),((42,(35,40)),22)),65);
*** Subsample Process ***
Use two-step algorithm!
#NNI moves:0/152
Remaining: 0
#NNI moves:0/152
#NNI moves:0/152
(((((((((((((((((78,((91,86),87)),81),(88,98)),99),((80,83),79)),((((94,93),(89,97)),((96,100),84)),((((85,92),90),77),95))),82),((7,69),6)),(((((51,(54,5)),((21,63),29)),((((24,50),(66,71)),(10,1)),41)),30),((11,((46,59),28)),(58,67)))),(((48,73),(((60,32),55),62)),((22,((40,35),42)),65))),((26,16),(76,(14,20)))),(((((((9,61),45),53),(((31,44),25),((19,34),8))),(70,(43,68))),(72,57)),(((39,18),((36,(38,(17,23))),2)),27))),((75,64),(47,3))),((52,((12,56),(74,15))),(13,49))),33),4),37);
#NNI moves:0/152
Remaining: 0
#NNI moves:0/152
#NNI moves:0/152
((((((((((64,75),(47,3)),(((((12,56),(74,15)),52),(13,49)),((37,4),33))),(((((((19,34),8),((44,31),25)),(53,(45,(61,9)))),(70,(43,68))),(72,57)),((((((23,17),38),36),2),(18,39)),27))),(((14,20),76),(16,26))),(((((((80,83),79),((((((86,91),87),78),81),(98,88)),99)),((((89,97),(94,93)),(84,(100,96))),(((90,(92,85)),77),95))),82),(6,(7,69))),(((((51,(5,54)),(29,(63,21))),((((24,50),(66,71)),(10,1)),41)),30),(((28,(46,59)),11),(67,58))))),((((40,35),42),22),65)),(((32,60),55),62)),73),48);
#NNI moves:0/152
Remaining: 0
#NNI moves:0/152
#NNI moves:0/152
((((((((((((((83,80),79),(((88,98),(81,(78,((86,91),87)))),99)),((((97,89),(93,94)),((96,100),84)),(((90,(92,85)),77),95))),82),(6,(7,69))),((((((63,21),29),(51,(54,5))),((((71,66),(24,50)),(10,1)),41)),30),((67,58),(((59,46),28),11)))),(((48,73),(((32,60),55),62)),(65,(((35,40),42),22)))),(((14,20),76),(26,16))),(((((((61,9),45),53),(((31,44),25),((19,34),8))),(70,(43,68))),(57,72)),(((39,18),((((17,23),38),36),2)),27))),(((((12,56),(15,74)),52),(13,49)),((37,4),33))),(3,47)),64),75);
#NNI moves:0/152
Remaining: 0
#NNI moves:0/152
#NNI moves:0/152
(((((((((((((((81,(((86,91),87),78)),(98,88)),99),(79,(83,80))),(((84,(96,100)),((94,93),(97,89))),(((90,(85,92)),77),95))),82),((69,7),6)),((((((63,21),29),((5,54),51)),(((10,1),((50,24),(71,66))),41)),30),((((46,59),28),11),(58,67)))),(((((((((23,17),38),36),2),(39,18)),27),((((((9,61),45),53),((25,(44,31)),((34,19),8))),(70,(68,43))),(57,72))),((((37,4),33),((((15,74),(56,12)),52),(13,49))),((47,3),(75,64)))),(((20,14),76),(16,26)))),((73,48),(((32,60),55),62))),65),22),42),35),40);
Current score: 2.76198e+09
Current tree: ((((((((((((81,(((86,91),87),78)),(98,88)),99),(79,(83,80))),(((84,(96,100)),((94,93),(97,89))),(((90,(85,92)),77),95))),82),((69,7),6)),((((((63,21),29),((5,54),51)),(((10,1),((50,24),(71,66))),41)),30),((((46,59),28),11),(58,67)))),(((((((((23,17),38),36),2),(39,18)),27),((((((9,61),45),53),((25,(44,31)),((34,19),8))),(70,(68,43))),(57,72))),((((37,4),33),((((15,74),(56,12)),52),(13,49))),((47,3),(75,64)))),(((20,14),76),(16,26)))),((73,48),(((32,60),55),62))),(22,(42,(35,40)))),65);
Final Tree: ((((((((((((81,(((86,91),87),78)),(98,88)),99),(79,(83,80))),(((84,(96,100)),((94,93),(97,89))),(((90,(85,92)),77),95))),82),((69,7),6)),((((((63,21),29),((5,54),51)),(((10,1),((50,24),(71,66))),41)),30),((((46,59),28),11),(58,67)))),(((((((((23,17),38),36),2),(39,18)),27),((((((9,61),45),53),((25,(44,31)),((34,19),8))),(70,(68,43))),(57,72))),((((37,4),33),((((15,74),(56,12)),52),(13,49))),((47,3),(75,64)))),(((20,14),76),(16,26)))),((73,48),(((32,60),55),62))),(22,(42,(35,40)))),65);
#EqQuartets: 3921225000
Score: 2761983758
