ASTRAL for PaRalogs and Orthologs III (ASTRAL-Pro3)
*** NOW with integrated CASTLES-Pro ***
Version: v1.22.3.6
Read 512 genetrees and found 100 species.
#Genetrees: 1000
#Duploss: 0
#Species: 100
#Rounds: 4
#Samples: 4
#Threads: 1
Use two-step algorithm!
Guide Tree 0/16
#NNI moves:0/152
Guide Tree 1/16
#NNI moves:0/152
Guide Tree 2/16
#NNI moves:0/152
Guide Tree 3/16
#NNI moves:0/152
Guide Tree 4/16
#NNI moves:0/152
Guide Tree 5/16
#NNI moves:0/152
Guide Tree 6/16
#NNI moves:0/152
Guide Tree 7/16
#NNI moves:0/152
Guide Tree 8/16
#NNI moves:0/152
Guide Tree 9/16
#NNI moves:0/152
Guide Tree 10/16
#NNI moves:0/152
Guide Tree 11/16
#NNI moves:0/152
Guide Tree 12/16
#NNI moves:0/152
Guide Tree 13/16
#NNI moves:0/152
Guide Tree 14/16
#NNI moves:0/152
Guide Tree 15/16
#NNI moves:0/152
Remaining: 0
#NNI moves:0/152
#NNI moves:0/152
((((((((((((((((((((56,26),53),80),((29,(27,60)),45)),((13,43),((95,92),100))),(78,(64,72))),(((22,48),(85,46)),((74,73),(59,84)))),(98,54)),(((((40,86),70),(((55,69),35),34)),(24,65)),((((21,90),87),79),75))),((49,89),(57,(32,96)))),((37,38),(((82,62),(88,81)),(((((66,28),(99,14)),83),61),(67,42))))),(((58,19),63),(((25,31),(47,52)),(93,20)))),(((((68,15),76),(18,51)),((33,41),(39,17))),((((30,94),36),91),((((16,71),(44,(23,50))),97),77)))),((5,4),2)),7),(3,12)),((6,9),10)),8),1),11);
Guide Tree 0/16
#NNI moves:0/152
Guide Tree 1/16
#NNI moves:0/152
Guide Tree 2/16
#NNI moves:0/152
Guide Tree 3/16
#NNI moves:0/152
Guide Tree 4/16
#NNI moves:0/152
Guide Tree 5/16
#NNI moves:0/152
Guide Tree 6/16
#NNI moves:0/152
Guide Tree 7/16
#NNI moves:0/152
Guide Tree 8/16
#NNI moves:0/152
Guide Tree 9/16
#NNI moves:0/152
Guide Tree 10/16
#NNI moves:0/152
Guide Tree 11/16
#NNI moves:0/152
Guide Tree 12/16
#NNI moves:0/152
Guide Tree 13/16
#NNI moves:0/152
Guide Tree 14/16
#NNI moves:0/152
Guide Tree 15/16
#NNI moves:0/152
Remaining: 0
#NNI moves:4/152
#NNI moves:4/152
(((((((((((((((((73,74),(59,84)),((46,85),(22,48))),((((13,43),(100,(92,95))),(((53,(26,56)),80),(((27,60),29),45))),((64,72),78))),(98,54)),((((((69,55),35),34),((86,40),70)),(24,65)),((((21,90),87),79),75))),((89,49),((96,32),57))),((((82,62),(88,81)),((61,(((99,14),(28,66)),83)),(42,67))),(38,37))),(((20,93),((47,52),(31,25))),(63,(58,19)))),((((76,(15,68)),(18,51)),((33,41),(39,17))),((((((50,23),44),(16,71)),97),77),((36,(94,30)),91)))),(2,(4,5))),7),(12,3)),((6,9),10)),8),1),11);
Guide Tree 0/16
#NNI moves:0/152
Guide Tree 1/16
#NNI moves:0/152
Guide Tree 2/16
#NNI moves:0/152
Guide Tree 3/16
#NNI moves:0/152
Guide Tree 4/16
#NNI moves:0/152
Guide Tree 5/16
#NNI moves:0/152
Guide Tree 6/16
#NNI moves:0/152
Guide Tree 7/16
#NNI moves:0/152
Guide Tree 8/16
#NNI moves:0/152
Guide Tree 9/16
#NNI moves:0/152
Guide Tree 10/16
#NNI moves:0/152
Guide Tree 11/16
#NNI moves:0/152
Guide Tree 12/16
#NNI moves:0/152
Guide Tree 13/16
#NNI moves:0/152
Guide Tree 14/16
#NNI moves:0/152
Guide Tree 15/16
#NNI moves:0/152
Remaining: 0
#NNI moves:6/152
#NNI moves:6/152
((((((((((((((82,62),(81,88)),(((83,((28,66),(14,99))),61),(42,67))),(37,38)),(((((((90,21),87),79),75),((((40,86),70),((35,(69,55)),34)),(65,24))),((54,98),((((73,74),(59,84)),((22,48),(85,46))),((((80,((26,56),53)),(45,((60,27),29))),((100,(95,92)),(13,43))),((72,64),78))))),(((96,32),57),(49,89)))),((63,(19,58)),(((25,31),(52,47)),(20,93)))),(((((((23,50),44),(16,71)),97),77),(((30,94),36),91)),(((76,(68,15)),(18,51)),((17,39),(33,41))))),(2,(5,4))),7),(12,3)),((9,6),10)),8),1),11);
Guide Tree 0/16
#NNI moves:0/152
Guide Tree 1/16
#NNI moves:0/152
Guide Tree 2/16
#NNI moves:0/152
Guide Tree 3/16
#NNI moves:0/152
Guide Tree 4/16
#NNI moves:0/152
Guide Tree 5/16
#NNI moves:0/152
Guide Tree 6/16
#NNI moves:0/152
Guide Tree 7/16
#NNI moves:0/152
Guide Tree 8/16
#NNI moves:0/152
Guide Tree 9/16
#NNI moves:0/152
Guide Tree 10/16
#NNI moves:0/152
Guide Tree 11/16
#NNI moves:0/152
Guide Tree 12/16
#NNI moves:0/152
Guide Tree 13/16
#NNI moves:0/152
Guide Tree 14/16
#NNI moves:0/152
Guide Tree 15/16
#NNI moves:0/152
Remaining: 0
#NNI moves:4/152
#NNI moves:4/152
((((((((((((((75,(79,((90,21),87))),((((86,40),70),(34,((55,69),35))),(65,24))),((((((((60,27),29),45),((53,(56,26)),80)),((43,13),((95,92),100))),((64,72),78)),(((22,48),(46,85)),((74,73),(84,59)))),(98,54))),((89,49),(57,(96,32)))),((((62,82),(88,81)),(((((14,99),(28,66)),83),61),(42,67))),(38,37))),(((58,19),63),((93,20),((47,52),(31,25))))),(((((((23,50),44),(16,71)),97),77),(((94,30),36),91)),(((18,51),((15,68),76)),((39,17),(33,41))))),((5,4),2)),7),(12,3)),((6,9),10)),8),1),11);
Initial score: 2.85182e+09
Initial tree: ((((((((((((((75,(79,((90,21),87))),((((86,40),70),(34,((55,69),35))),(65,24))),((((((((60,27),29),45),((53,(56,26)),80)),((43,13),((95,92),100))),((64,72),78)),(((22,48),(46,85)),((74,73),(84,59)))),(98,54))),((89,49),(57,(96,32)))),((((62,82),(88,81)),(((((14,99),(28,66)),83),61),(42,67))),(38,37))),(((58,19),63),((93,20),((47,52),(31,25))))),(((((((23,50),44),(16,71)),97),77),(((94,30),36),91)),(((18,51),((15,68),76)),((39,17),(33,41))))),((5,4),2)),7),(12,3)),((6,9),10)),8),1),11);
*** Subsample Process ***
Use two-step algorithm!
#NNI moves:0/152
Remaining: 0
#NNI moves:2/152
#NNI moves:2/152
(((((((((((((((33,41),(39,17)),((18,51),((15,68),76))),(((((71,16),((23,50),44)),97),77),(91,((94,30),36)))),((7,((((1,11),8),((9,6),10)),(12,3))),(2,(5,4)))),((((25,31),(47,52)),(93,20)),((58,19),63))),((((62,82),(88,81)),(((83,((28,66),(14,99))),61),(42,67))),(38,37))),(((32,96),57),(89,49))),(((((((92,95),100),(13,43)),(((53,(26,56)),80),(((60,27),29),45))),((64,72),78)),(((22,48),(85,46)),((74,73),(59,84)))),(54,98))),((((40,86),70),(((55,69),35),34)),(65,24))),75),79),87),21),90);
#NNI moves:0/152
Remaining: 0
#NNI moves:2/152
#NNI moves:2/152
((((((((((((((((((((60,27),29),45),(((56,26),53),80)),(((92,95),100),(13,43))),((72,64),78)),(((74,73),(84,59)),((85,46),(48,22)))),(54,98)),((((((55,69),35),34),((86,40),70)),(24,65)),((((21,90),87),79),75))),((49,89),((32,96),57))),((((82,62),(81,88)),(((83,((28,66),(14,99))),61),(42,67))),(38,37))),(((58,19),63),((20,93),((25,31),(52,47))))),(((91,(36,(30,94))),((((44,(23,50)),(16,71)),97),77)),(((17,39),(41,33)),((76,(68,15)),(51,18))))),((5,4),2)),7),(3,12)),((9,6),10)),8),11),1);
#NNI moves:0/152
Remaining: 0
#NNI moves:2/152
#NNI moves:2/152
(((((((((((((7,((3,12),(((11,1),8),(10,(6,9))))),((5,4),2)),(((((((50,23),44),(71,16)),97),77),(91,((30,94),36))),(((33,41),(17,39)),(((15,68),76),(18,51))))),(((19,58),63),((20,93),((31,25),(52,47))))),((((62,82),(88,81)),(((((99,14),(66,28)),83),61),(67,42))),(38,37))),((49,89),(57,(32,96)))),((((70,(86,40)),((35,(69,55)),34)),(24,65)),(75,((87,(21,90)),79)))),(54,98)),(((((92,95),100),(13,43)),((((56,26),53),80),(45,((60,27),29)))),((64,72),78))),((48,22),(85,46))),(84,59)),73),74);
#NNI moves:0/152
Remaining: 0
#NNI moves:6/152
#NNI moves:6/152
((((((((((((((((((43,13),((92,95),100)),((80,((56,26),53)),((29,(27,60)),45))),(78,(72,64))),(((22,48),(46,85)),((59,84),(73,74)))),(54,98)),(((((40,86),70),(34,(35,(55,69)))),(65,24)),(((87,(90,21)),79),75))),((49,89),(57,(32,96)))),(((((((28,66),(99,14)),83),61),(42,67)),((88,81),(62,82))),(37,38))),((63,(58,19)),(((25,31),(47,52)),(93,20)))),((((33,41),(39,17)),((51,18),(76,(68,15)))),((((((23,50),44),(16,71)),97),77),(91,((94,30),36))))),((5,4),2)),7),(12,3)),(8,(1,11))),10),6),9);
Current score: 2.85182e+09
Current tree: ((1,(8,(((((((((((((((43,13),((92,95),100)),((80,((56,26),53)),((29,(27,60)),45))),(78,(72,64))),(((22,48),(46,85)),((59,84),(73,74)))),(54,98)),(((((40,86),70),(34,(35,(55,69)))),(65,24)),(((87,(90,21)),79),75))),((49,89),(57,(32,96)))),(((((((28,66),(99,14)),83),61),(42,67)),((88,81),(62,82))),(37,38))),((63,(58,19)),(((25,31),(47,52)),(93,20)))),((((33,41),(39,17)),((51,18),(76,(68,15)))),((((((23,50),44),(16,71)),97),77),(91,((94,30),36))))),((5,4),2)),7),(12,3)),(10,(6,9))))),11);
Final Tree: ((1,(8,(((((((((((((((43,13),((92,95),100)),((80,((56,26),53)),((29,(27,60)),45))),(78,(72,64))),(((22,48),(46,85)),((59,84),(73,74)))),(54,98)),(((((40,86),70),(34,(35,(55,69)))),(65,24)),(((87,(90,21)),79),75))),((49,89),(57,(32,96)))),(((((((28,66),(99,14)),83),61),(42,67)),((88,81),(62,82))),(37,38))),((63,(58,19)),(((25,31),(47,52)),(93,20)))),((((33,41),(39,17)),((51,18),(76,(68,15)))),((((((23,50),44),(16,71)),97),77),(91,((94,30),36))))),((5,4),2)),7),(12,3)),(10,(6,9))))),11);
#EqQuartets: 3921225000
Score: 2851817558
ASTRAL for PaRalogs and Orthologs III (ASTRAL-Pro3)
*** NOW with integrated CASTLES-Pro ***
Version: v1.22.3.6
Read 512 genetrees and found 100 species.
#Genetrees: 1000
#Duploss: 0
#Species: 100
#Rounds: 4
#Samples: 4
#Threads: 1
Use two-step algorithm!
Guide Tree 0/16
#NNI moves:0/152
Guide Tree 1/16
#NNI moves:0/152
Guide Tree 2/16
#NNI moves:0/152
Guide Tree 3/16
#NNI moves:0/152
Guide Tree 4/16
#NNI moves:0/152
Guide Tree 5/16
#NNI moves:0/152
Guide Tree 6/16
#NNI moves:0/152
Guide Tree 7/16
#NNI moves:0/152
Guide Tree 8/16
#NNI moves:0/152
Guide Tree 9/16
#NNI moves:0/152
Guide Tree 10/16
#NNI moves:0/152
Guide Tree 11/16
#NNI moves:0/152
Guide Tree 12/16
#NNI moves:0/152
Guide Tree 13/16
#NNI moves:0/152
Guide Tree 14/16
#NNI moves:0/152
Guide Tree 15/16
#NNI moves:0/152
Remaining: 0
#NNI moves:22/152
#NNI moves:22/152
(((((((((((((((((67,60),87),(16,17)),(34,90)),(24,55)),((74,23),61)),(33,27)),(((((((32,49),(((26,92),15),62)),29),31),((99,(86,71)),(46,((43,47),45)))),((((((14,80),89),82),((91,39),66)),((30,77),44)),(21,40))),((50,68),84))),(((4,7),(2,6)),((5,1),3))),((((((((100,13),(85,53)),((19,73),52)),(9,25)),81),(64,(58,42))),((54,38),35)),(((((93,78),63),((((37,36),22),79),59)),8),11))),(((((51,28),57),(((98,75),48),70)),(20,(97,(12,10)))),72)),88),(((56,96),18),83)),95),((94,65),76)),41),69);
Guide Tree 0/16
#NNI moves:0/152
Guide Tree 1/16
#NNI moves:0/152
Guide Tree 2/16
#NNI moves:0/152
Guide Tree 3/16
#NNI moves:0/152
Guide Tree 4/16
#NNI moves:0/152
Guide Tree 5/16
#NNI moves:0/152
Guide Tree 6/16
#NNI moves:0/152
Guide Tree 7/16
#NNI moves:0/152
Guide Tree 8/16
#NNI moves:0/152
Guide Tree 9/16
#NNI moves:0/152
Guide Tree 10/16
#NNI moves:0/152
Guide Tree 11/16
#NNI moves:0/152
Guide Tree 12/16
#NNI moves:0/152
Guide Tree 13/16
#NNI moves:0/152
Guide Tree 14/16
#NNI moves:0/152
Guide Tree 15/16
#NNI moves:0/152
Remaining: 0
#NNI moves:4/152
#NNI moves:6/152
((((((((((((((((((15,(26,92)),62),(49,32)),29),31),((99,(86,71)),(((47,43),45),46))),((((77,30),44),((82,((14,80),89)),(66,(39,91)))),(40,21))),((68,50),84)),(((61,(23,74)),(((90,34),((87,(67,60)),(16,17))),(55,24))),(27,33))),((3,(1,5)),((7,4),(2,6)))),((((((((85,53),(100,13)),(52,(73,19))),(25,9)),81),((42,58),64)),((38,54),35)),((((((22,(36,37)),79),59),((93,78),63)),8),11))),((((57,(28,51)),((48,(98,75)),70)),(((12,10),97),20)),72)),88),(((96,56),18),83)),95),((94,65),76)),41),69);
Guide Tree 0/16
#NNI moves:0/152
Guide Tree 1/16
#NNI moves:0/152
Guide Tree 2/16
#NNI moves:0/152
Guide Tree 3/16
#NNI moves:0/152
Guide Tree 4/16
#NNI moves:0/152
Guide Tree 5/16
#NNI moves:0/152
Guide Tree 6/16
#NNI moves:0/152
Guide Tree 7/16
#NNI moves:0/152
Guide Tree 8/16
#NNI moves:0/152
Guide Tree 9/16
#NNI moves:0/152
Guide Tree 10/16
#NNI moves:0/152
Guide Tree 11/16
#NNI moves:0/152
Guide Tree 12/16
#NNI moves:0/152
Guide Tree 13/16
#NNI moves:0/152
Guide Tree 14/16
#NNI moves:0/152
Guide Tree 15/16
#NNI moves:0/152
Remaining: 0
#NNI moves:12/152
#NNI moves:30/152
(((((((((((((((44,(77,30)),((((80,14),89),82),((39,91),66))),(21,40)),(((99,(86,71)),((45,(47,43)),46)),((((62,(15,(26,92))),(32,49)),29),31))),(84,(68,50))),(((((90,34),(((67,60),87),(17,16))),(24,55)),((23,74),61)),(33,27))),(((4,7),(6,2)),((5,1),3))),((((54,38),35),((((((19,73),52),((13,100),(85,53))),(9,25)),81),((58,42),64))),(((((78,93),63),(59,(((37,36),22),79))),8),11))),((((57,(28,51)),((48,(75,98)),70)),(20,(97,(10,12)))),72)),88),(((96,56),18),83)),95),(76,(94,65))),41),69);
Guide Tree 0/16
#NNI moves:0/152
Guide Tree 1/16
#NNI moves:0/152
Guide Tree 2/16
#NNI moves:0/152
Guide Tree 3/16
#NNI moves:0/152
Guide Tree 4/16
#NNI moves:0/152
Guide Tree 5/16
#NNI moves:0/152
Guide Tree 6/16
#NNI moves:0/152
Guide Tree 7/16
#NNI moves:0/152
Guide Tree 8/16
#NNI moves:0/152
Guide Tree 9/16
#NNI moves:0/152
Guide Tree 10/16
#NNI moves:0/152
Guide Tree 11/16
#NNI moves:0/152
Guide Tree 12/16
#NNI moves:0/152
Guide Tree 13/16
#NNI moves:0/152
Guide Tree 14/16
#NNI moves:0/152
Guide Tree 15/16
#NNI moves:0/152
Remaining: 0
#NNI moves:0/152
#NNI moves:0/152
((((((((((((((((17,16),((67,60),87)),(34,90)),(55,24)),((74,23),61)),(27,33)),((((((((80,14),89),82),((39,91),66)),((77,30),44)),(21,40)),((((((15,(92,26)),62),(32,49)),29),31),((46,((43,47),45)),((86,71),99)))),(84,(50,68)))),(((7,4),(6,2)),((1,5),3))),(((((63,(78,93)),(59,(((37,36),22),79))),8),11),((35,(54,38)),((81,((((73,19),52),((100,13),(85,53))),(9,25))),(64,(58,42)))))),((((((75,98),48),70),(57,(28,51))),(((10,12),97),20)),72)),88),((18,(56,96)),83)),95),((94,65),76)),41),69);
Initial score: 3.03066e+09
Initial tree: ((((((((((((((((17,16),((67,60),87)),(34,90)),(55,24)),((74,23),61)),(27,33)),((((((((80,14),89),82),((39,91),66)),((77,30),44)),(21,40)),((((((15,(92,26)),62),(32,49)),29),31),((46,((43,47),45)),((86,71),99)))),(84,(50,68)))),(((7,4),(6,2)),((1,5),3))),(((((63,(78,93)),(59,(((37,36),22),79))),8),11),((35,(54,38)),((81,((((73,19),52),((100,13),(85,53))),(9,25))),(64,(58,42)))))),((((((75,98),48),70),(57,(28,51))),(((10,12),97),20)),72)),88),((18,(56,96)),83)),95),((94,65),76)),41),69);
*** Subsample Process ***
Use two-step algorithm!
#NNI moves:0/152
Remaining: 0
#NNI moves:0/152
#NNI moves:0/152
(((((((((((((((((((85,53),(13,100)),(52,(19,73))),(9,25)),81),((42,58),64)),((38,54),35)),(((((78,93),63),(59,(79,((37,36),22)))),8),11)),((72,((20,(97,(12,10))),((70,(48,(98,75))),(57,(28,51))))),(((((76,(94,65)),(41,69)),95),((18,(96,56)),83)),88))),(((4,7),(6,2)),(3,(1,5)))),((((((((80,14),89),82),(66,(39,91))),(44,(77,30))),(40,21)),(((((((26,92),15),62),(49,32)),29),31),((46,((47,43),45)),((71,86),99)))),((68,50),84))),(33,27)),((74,23),61)),(55,24)),(34,90)),(17,16)),87),60),67);
#NNI moves:0/152
Remaining: 0
#NNI moves:0/152
#NNI moves:0/152
((((((((((((((((71,86),99),(46,((43,47),45))),(31,(29,((((26,92),15),62),(32,49))))),((((((14,80),89),82),(66,(39,91))),(44,(77,30))),(21,40))),((50,68),84)),((((((17,16),(87,(60,67))),(34,90)),(24,55)),((74,23),61)),(27,33))),(((1,5),3),((2,6),(7,4)))),((((((((13,100),(53,85)),((73,19),52)),(25,9)),81),((58,42),64)),((38,54),35)),(((((93,78),63),((((37,36),22),79),59)),8),11))),(72,(((((98,75),48),70),((51,28),57)),(((10,12),97),20)))),88),(83,((56,96),18))),95),(41,69)),(65,94)),76);
#NNI moves:0/152
Remaining: 0
#NNI moves:6/152
#NNI moves:6/152
(((((((((((((((((((13,100),(85,53)),(52,(73,19))),(9,25)),81),((42,58),64)),((54,38),35)),((((63,(93,78)),((((37,36),22),79),59)),8),11)),((72,(((((98,75),48),70),((51,28),57)),(((10,12),97),20))),(((((56,96),18),83),(((69,41),(76,(94,65))),95)),88))),(((7,4),(2,6)),((1,5),3))),(((((((60,67),87),(17,16)),(34,90)),(55,24)),((23,74),61)),(33,27))),(84,(68,50))),((((((80,14),89),82),((91,39),66)),(44,(30,77))),(21,40))),((29,((((26,92),15),62),(49,32))),31)),(99,(71,86))),46),45),47),43);
#NNI moves:0/152
Remaining: 0
#NNI moves:6/152
#NNI moves:6/152
((((((((((((((((((39,91),66),(((14,80),89),82)),((30,77),44)),(40,21)),((((86,71),99),(46,((43,47),45))),(31,(((((92,26),15),62),(32,49)),29)))),((50,68),84)),(((((((67,60),87),(16,17)),(34,90)),(24,55)),((23,74),61)),(27,33))),(((4,7),(6,2)),((1,5),3))),((((((((85,53),(13,100)),((73,19),52)),(25,9)),81),((58,42),64)),((54,38),35)),((((59,(((37,36),22),79)),((78,93),63)),8),11))),((((((75,98),48),70),((51,28),57)),(((12,10),97),20)),72)),88),(((56,96),18),83)),95),(41,69)),76),94),65);
Current score: 3.03066e+09
Current tree: ((41,(((((((((((((((39,91),66),(((14,80),89),82)),((30,77),44)),(40,21)),((((86,71),99),(46,((43,47),45))),(31,(((((92,26),15),62),(32,49)),29)))),((50,68),84)),(((((((67,60),87),(16,17)),(34,90)),(24,55)),((23,74),61)),(27,33))),(((4,7),(6,2)),((1,5),3))),((((((((85,53),(13,100)),((73,19),52)),(25,9)),81),((58,42),64)),((54,38),35)),((((59,(((37,36),22),79)),((78,93),63)),8),11))),((((((75,98),48),70),((51,28),57)),(((12,10),97),20)),72)),88),(((56,96),18),83)),95),(76,(94,65)))),69);
Final Tree: ((41,(((((((((((((((39,91),66),(((14,80),89),82)),((30,77),44)),(40,21)),((((86,71),99),(46,((43,47),45))),(31,(((((92,26),15),62),(32,49)),29)))),((50,68),84)),(((((((67,60),87),(16,17)),(34,90)),(24,55)),((23,74),61)),(27,33))),(((4,7),(6,2)),((1,5),3))),((((((((85,53),(13,100)),((73,19),52)),(25,9)),81),((58,42),64)),((54,38),35)),((((59,(((37,36),22),79)),((78,93),63)),8),11))),((((((75,98),48),70),((51,28),57)),(((12,10),97),20)),72)),88),(((56,96),18),83)),95),(76,(94,65)))),69);
#EqQuartets: 3921225000
Score: 3030661318
ASTRAL for PaRalogs and Orthologs III (ASTRAL-Pro3)
*** NOW with integrated CASTLES-Pro ***
Version: v1.22.3.6
Read 512 genetrees and found 100 species.
#Genetrees: 1000
#Duploss: 0
#Species: 100
#Rounds: 4
#Samples: 4
#Threads: 1
Use two-step algorithm!
Guide Tree 0/16
#NNI moves:0/152
Guide Tree 1/16
#NNI moves:0/152
Guide Tree 2/16
#NNI moves:0/152
Guide Tree 3/16
#NNI moves:0/152
Guide Tree 4/16
#NNI moves:0/152
Guide Tree 5/16
#NNI moves:0/152
Guide Tree 6/16
#NNI moves:0/152
Guide Tree 7/16
#NNI moves:0/152
Guide Tree 8/16
#NNI moves:0/152
Guide Tree 9/16
#NNI moves:0/152
Guide Tree 10/16
#NNI moves:0/152
Guide Tree 11/16
#NNI moves:0/152
Guide Tree 12/16
#NNI moves:0/152
Guide Tree 13/16
#NNI moves:0/152
Guide Tree 14/16
#NNI moves:0/152
Guide Tree 15/16
#NNI moves:0/152
Remaining: 0
#NNI moves:0/152
#NNI moves:0/152
((((((((((((((((((14,(9,13)),7),((12,5),((((10,1),6),(8,2)),4))),(3,11)),(20,67)),((50,47),(((52,57),43),(58,((44,85),94))))),((((((15,63),34),(90,(51,54))),(((78,40),33),46)),(((88,(89,82)),28),60)),(((55,((23,81),66)),68),((59,(37,26)),79)))),((((((((18,25),53),72),97),27),(((41,17),93),80)),(((29,(((42,84),98),(95,((96,87),(65,21))))),70),(38,92))),(((16,35),((19,75),62)),((61,56),39)))),((64,24),(22,83))),(((45,32),71),74)),(((91,49),86),(73,99))),31),48),(77,76)),69),100),30),36);
Guide Tree 0/16
#NNI moves:0/152
Guide Tree 1/16
#NNI moves:0/152
Guide Tree 2/16
#NNI moves:0/152
Guide Tree 3/16
#NNI moves:0/152
Guide Tree 4/16
#NNI moves:0/152
Guide Tree 5/16
#NNI moves:0/152
Guide Tree 6/16
#NNI moves:0/152
Guide Tree 7/16
#NNI moves:0/152
Guide Tree 8/16
#NNI moves:0/152
Guide Tree 9/16
#NNI moves:0/152
Guide Tree 10/16
#NNI moves:0/152
Guide Tree 11/16
#NNI moves:0/152
Guide Tree 12/16
#NNI moves:0/152
Guide Tree 13/16
#NNI moves:0/152
Guide Tree 14/16
#NNI moves:0/152
Guide Tree 15/16
#NNI moves:0/152
Remaining: 0
#NNI moves:0/152
#NNI moves:0/152
((((((((((((((((((15,63),34),((54,51),90)),(46,((78,40),33))),(((88,(82,89)),28),60)),((((26,37),59),79),((((23,81),66),55),68))),((((((((6,(1,10)),(8,2)),4),(12,5)),(((13,9),14),7)),(11,3)),(67,20)),((((94,(85,44)),58),(43,(52,57))),(47,50)))),(((((((((65,21),(87,96)),95),(98,(84,42))),29),70),(38,92)),(((93,(41,17)),80),((97,((53,(25,18)),72)),27))),(((62,(19,75)),(16,35)),(39,(61,56))))),((24,64),(22,83))),((71,(32,45)),74)),((99,73),((49,91),86))),31),48),(77,76)),69),100),30),36);
Guide Tree 0/16
#NNI moves:0/152
Guide Tree 1/16
#NNI moves:0/152
Guide Tree 2/16
#NNI moves:0/152
Guide Tree 3/16
#NNI moves:0/152
Guide Tree 4/16
#NNI moves:0/152
Guide Tree 5/16
#NNI moves:0/152
Guide Tree 6/16
#NNI moves:0/152
Guide Tree 7/16
#NNI moves:0/152
Guide Tree 8/16
#NNI moves:0/152
Guide Tree 9/16
#NNI moves:0/152
Guide Tree 10/16
#NNI moves:0/152
Guide Tree 11/16
#NNI moves:0/152
Guide Tree 12/16
#NNI moves:0/152
Guide Tree 13/16
#NNI moves:0/152
Guide Tree 14/16
#NNI moves:0/152
Guide Tree 15/16
#NNI moves:0/152
Remaining: 1
#NNI moves:6/152
#NNI moves:6/152
(((((((((((((((((33,(40,78)),46),((90,(51,54)),(34,(15,63)))),((((89,82),88),28),60)),((((37,26),59),79),(68,(((81,23),66),55)))),(((47,50),(((52,57),43),(((85,44),94),58))),(((((((6,(10,1)),(2,8)),4),(12,5)),(7,((9,13),14))),(11,3)),(67,20)))),(((((29,((((21,65),(87,96)),95),((84,42),98))),70),(38,92)),((((41,17),93),80),(27,((((18,25),53),72),97)))),(((16,35),(62,(19,75))),(39,(56,61))))),((64,24),(83,22))),((71,(45,32)),74)),((99,73),((49,91),86))),31),48),(76,77)),69),100),30),36);
Guide Tree 0/16
#NNI moves:0/152
Guide Tree 1/16
#NNI moves:0/152
Guide Tree 2/16
#NNI moves:0/152
Guide Tree 3/16
#NNI moves:0/152
Guide Tree 4/16
#NNI moves:0/152
Guide Tree 5/16
#NNI moves:0/152
Guide Tree 6/16
#NNI moves:0/152
Guide Tree 7/16
#NNI moves:0/152
Guide Tree 8/16
#NNI moves:0/152
Guide Tree 9/16
#NNI moves:0/152
Guide Tree 10/16
#NNI moves:0/152
Guide Tree 11/16
#NNI moves:0/152
Guide Tree 12/16
#NNI moves:0/152
Guide Tree 13/16
#NNI moves:0/152
Guide Tree 14/16
#NNI moves:0/152
Guide Tree 15/16
#NNI moves:0/152
Remaining: 0
#NNI moves:0/152
#NNI moves:0/152
(((((((((((((((((57,52),43),(58,(94,(85,44)))),(50,47)),(((((4,(((10,1),6),(2,8))),(12,5)),(7,((9,13),14))),(3,11)),(20,67))),(((68,((66,(23,81)),55)),(79,((37,26),59))),((60,(28,(88,(89,82)))),(((34,(15,63)),(90,(54,51))),(((78,40),33),46))))),((((((72,(53,(18,25))),97),27),(((17,41),93),80)),((38,92),((((((65,21),(96,87)),95),((42,84),98)),29),70))),((((75,19),62),(16,35)),(39,(56,61))))),((24,64),(83,22))),(74,((32,45),71))),((86,(91,49)),(99,73))),31),48),(76,77)),69),100),30),36);
Initial score: 2.766e+09
Initial tree: (((((((((((((((((57,52),43),(58,(94,(85,44)))),(50,47)),(((((4,(((10,1),6),(2,8))),(12,5)),(7,((9,13),14))),(3,11)),(20,67))),(((68,((66,(23,81)),55)),(79,((37,26),59))),((60,(28,(88,(89,82)))),(((34,(15,63)),(90,(54,51))),(((78,40),33),46))))),((((((72,(53,(18,25))),97),27),(((17,41),93),80)),((38,92),((((((65,21),(96,87)),95),((42,84),98)),29),70))),((((75,19),62),(16,35)),(39,(56,61))))),((24,64),(83,22))),(74,((32,45),71))),((86,(91,49)),(99,73))),31),48),(76,77)),69),100),30),36);
*** Subsample Process ***
Use two-step algorithm!
#NNI moves:0/152
Remaining: 0
#NNI moves:0/152
#NNI moves:0/152
((((((((((((((42,84),98),(((87,96),(21,65)),95)),29),70),(38,92)),(((97,(((25,18),53),72)),27),(((17,41),93),80))),(((35,16),((19,75),62)),((56,61),39))),(((((86,(49,91)),(99,73)),((((((30,36),100),69),(76,77)),48),31)),(((32,45),71),74)),((64,24),(83,22)))),((((((15,63),34),((51,54),90)),((33,(78,40)),46)),((((89,82),88),28),60)),((((37,26),59),79),((55,((81,23),66)),68)))),((((((((10,1),6),(8,2)),4),(5,12)),(7,((13,9),14))),(3,11)),(20,67))),((((85,44),94),58),((52,57),43))),50),47);
#NNI moves:0/152
Remaining: 0
#NNI moves:0/152
#NNI moves:0/152
((((((((((((((((((89,82),88),28),60),(((34,(63,15)),((51,54),90)),(((40,78),33),46))),(((55,((23,81),66)),68),(((37,26),59),79))),(((((((((10,1),6),(2,8)),4),(12,5)),((14,(13,9)),7)),(3,11)),(20,67)),(((58,((85,44),94)),((52,57),43)),(47,50)))),(((((((53,(18,25)),72),97),27),(80,((41,17),93))),(((29,(((42,84),98),(((87,96),(21,65)),95))),70),(38,92))),((((75,19),62),(16,35)),((56,61),39)))),((22,83),(24,64))),((71,(45,32)),74)),((73,99),(86,(49,91)))),31),48),(77,76)),69),100),36),30);
#NNI moves:0/152
Remaining: 0
#NNI moves:0/152
#NNI moves:0/152
(((((((((((((38,92),((((((96,87),(21,65)),95),((42,84),98)),29),70)),(((93,(17,41)),80),(((((25,18),53),72),97),27))),((((75,19),62),(35,16)),((56,61),39))),(((((73,99),(86,(49,91))),((((77,76),(((36,30),100),69)),48),31)),(((32,45),71),74)),((24,64),(22,83)))),(((((((((10,1),6),(2,8)),4),(12,5)),(((9,13),14),7)),(11,3)),(20,67)),(((43,(52,57)),(((44,85),94),58)),(50,47)))),((68,(((81,23),66),55)),((59,(26,37)),79))),((((15,63),34),((54,51),90)),(((40,78),33),46))),60),28),88),82),89);
#NNI moves:0/152
Remaining: 0
#NNI moves:0/152
#NNI moves:0/152
((((((((((((((((((8,2),((1,10),6)),4),(5,12)),(7,((9,13),14))),(11,3)),(20,67)),((((52,57),43),(((85,44),94),58)),(50,47))),((((((15,63),34),(90,(51,54))),(((78,40),33),46)),(60,(((82,89),88),28))),(((59,(37,26)),79),(((66,(81,23)),55),68)))),((((((17,41),93),80),(27,((((18,25),53),72),97))),((((((42,84),98),(95,((96,87),(65,21)))),29),70),(92,38))),((39,(61,56)),(((75,19),62),(16,35))))),((64,24),(83,22))),(74,(71,(45,32)))),((99,73),(86,(91,49)))),31),48),(69,((30,36),100))),76),77);
Current score: 2.766e+09
Current tree: ((30,(100,(69,((((((((((((((((8,2),((1,10),6)),4),(5,12)),(7,((9,13),14))),(11,3)),(20,67)),((((52,57),43),(((85,44),94),58)),(50,47))),((((((15,63),34),(90,(51,54))),(((78,40),33),46)),(60,(((82,89),88),28))),(((59,(37,26)),79),(((66,(81,23)),55),68)))),((((((17,41),93),80),(27,((((18,25),53),72),97))),((((((42,84),98),(95,((96,87),(65,21)))),29),70),(92,38))),((39,(61,56)),(((75,19),62),(16,35))))),((64,24),(83,22))),(74,(71,(45,32)))),((99,73),(86,(91,49)))),31),48),(76,77))))),36);
Final Tree: ((30,(100,(69,((((((((((((((((8,2),((1,10),6)),4),(5,12)),(7,((9,13),14))),(11,3)),(20,67)),((((52,57),43),(((85,44),94),58)),(50,47))),((((((15,63),34),(90,(51,54))),(((78,40),33),46)),(60,(((82,89),88),28))),(((59,(37,26)),79),(((66,(81,23)),55),68)))),((((((17,41),93),80),(27,((((18,25),53),72),97))),((((((42,84),98),(95,((96,87),(65,21)))),29),70),(92,38))),((39,(61,56)),(((75,19),62),(16,35))))),((64,24),(83,22))),(74,(71,(45,32)))),((99,73),(86,(91,49)))),31),48),(76,77))))),36);
#EqQuartets: 3921225000
Score: 2765999457
ASTRAL for PaRalogs and Orthologs III (ASTRAL-Pro3)
*** NOW with integrated CASTLES-Pro ***
Version: v1.22.3.6
Read 512 genetrees and found 100 species.
#Genetrees: 1000
#Duploss: 0
#Species: 100
#Rounds: 4
#Samples: 4
#Threads: 1
Use two-step algorithm!
Guide Tree 0/16
#NNI moves:0/152
Guide Tree 1/16
#NNI moves:0/152
Guide Tree 2/16
#NNI moves:0/152
Guide Tree 3/16
#NNI moves:0/152
Guide Tree 4/16
#NNI moves:0/152
Guide Tree 5/16
#NNI moves:0/152
Guide Tree 6/16
#NNI moves:0/152
Guide Tree 7/16
#NNI moves:0/152
Guide Tree 8/16
#NNI moves:0/152
Guide Tree 9/16
#NNI moves:0/152
Guide Tree 10/16
#NNI moves:0/152
Guide Tree 11/16
#NNI moves:0/152
Guide Tree 12/16
#NNI moves:0/152
Guide Tree 13/16
#NNI moves:0/152
Guide Tree 14/16
#NNI moves:0/152
Guide Tree 15/16
#NNI moves:0/152
Remaining: 0
#NNI moves:2/152
#NNI moves:2/152
(((((((((((((((11,(65,30)),59),((10,16),68)),((19,(56,74)),((34,91),20))),(((54,5),85),46)),((29,79),(22,86))),((((15,(25,13)),(((84,87),(49,9)),14)),(27,60)),((((17,90),89),(((83,51),43),((((42,88),(8,12)),21),32))),((67,(82,37)),(57,41))))),(((((3,28),77),44),(((40,18),(70,7)),(1,48))),(23,35))),((((31,66),(((58,53),73),75)),(((62,4),39),(76,2))),((((((72,78),63),(47,61)),((52,50),80)),(((36,24),(45,71)),(38,(69,((81,55),6))))),((33,64),26)))),97),93),((95,(100,94)),98)),92),96),99);
Guide Tree 0/16
#NNI moves:0/152
Guide Tree 1/16
#NNI moves:0/152
Guide Tree 2/16
#NNI moves:0/152
Guide Tree 3/16
#NNI moves:0/152
Guide Tree 4/16
#NNI moves:0/152
Guide Tree 5/16
#NNI moves:0/152
Guide Tree 6/16
#NNI moves:0/152
Guide Tree 7/16
#NNI moves:0/152
Guide Tree 8/16
#NNI moves:0/152
Guide Tree 9/16
#NNI moves:0/152
Guide Tree 10/16
#NNI moves:0/152
Guide Tree 11/16
#NNI moves:0/152
Guide Tree 12/16
#NNI moves:0/152
Guide Tree 13/16
#NNI moves:0/152
Guide Tree 14/16
#NNI moves:0/152
Guide Tree 15/16
#NNI moves:0/152
Remaining: 0
#NNI moves:2/152
#NNI moves:2/152
(((((((((((((57,41),((37,82),67)),(((17,90),89),((32,(((8,12),(88,42)),21)),((51,83),43)))),((((13,25),15),(14,((9,49),(84,87)))),(60,27))),(((((59,((65,30),11)),((16,10),68)),(((34,91),20),((74,56),19))),(46,((5,54),85))),((86,22),(29,79)))),(((((18,40),(70,7)),(48,1)),((77,(3,28)),44)),(35,23))),((((((58,53),73),75),(31,66)),(((4,62),39),(76,2))),(((((61,47),((72,78),63)),(80,(50,52))),(((71,45),(36,24)),(38,(((81,55),6),69)))),(26,(64,33))))),97),93),((95,(94,100)),98)),92),96),99);
Guide Tree 0/16
#NNI moves:0/152
Guide Tree 1/16
#NNI moves:0/152
Guide Tree 2/16
#NNI moves:0/152
Guide Tree 3/16
#NNI moves:0/152
Guide Tree 4/16
#NNI moves:0/152
Guide Tree 5/16
#NNI moves:0/152
Guide Tree 6/16
#NNI moves:0/152
Guide Tree 7/16
#NNI moves:0/152
Guide Tree 8/16
#NNI moves:0/152
Guide Tree 9/16
#NNI moves:0/152
Guide Tree 10/16
#NNI moves:0/152
Guide Tree 11/16
#NNI moves:0/152
Guide Tree 12/16
#NNI moves:0/152
Guide Tree 13/16
#NNI moves:0/152
Guide Tree 14/16
#NNI moves:0/152
Guide Tree 15/16
#NNI moves:0/152
Remaining: 0
#NNI moves:2/152
#NNI moves:2/152
(((((((((((((47,61),(63,(78,72))),((52,50),80)),((38,(69,(6,(81,55)))),((36,24),(45,71)))),((33,64),26)),((((62,4),39),(2,76)),((66,31),((73,(58,53)),75)))),((((((67,(37,82)),(41,57)),(((17,90),89),(((51,83),43),((21,((88,42),(8,12))),32)))),(((((9,49),(87,84)),14),((13,25),15)),(60,27))),(((((68,(16,10)),(59,((65,30),11))),((19,(56,74)),((91,34),20))),(((54,5),85),46)),((86,22),(29,79)))),(((((18,40),(7,70)),(1,48)),(((3,28),77),44)),(35,23)))),97),93),((95,(100,94)),98)),92),96),99);
Guide Tree 0/16
#NNI moves:0/152
Guide Tree 1/16
#NNI moves:0/152
Guide Tree 2/16
#NNI moves:0/152
Guide Tree 3/16
#NNI moves:0/152
Guide Tree 4/16
#NNI moves:0/152
Guide Tree 5/16
#NNI moves:0/152
Guide Tree 6/16
#NNI moves:0/152
Guide Tree 7/16
#NNI moves:0/152
Guide Tree 8/16
#NNI moves:0/152
Guide Tree 9/16
#NNI moves:0/152
Guide Tree 10/16
#NNI moves:0/152
Guide Tree 11/16
#NNI moves:0/152
Guide Tree 12/16
#NNI moves:0/152
Guide Tree 13/16
#NNI moves:0/152
Guide Tree 14/16
#NNI moves:0/152
Guide Tree 15/16
#NNI moves:0/152
Remaining: 1
#NNI moves:2/152
#NNI moves:2/152
((((((((((((((43,(51,83)),((21,((42,88),(8,12))),32)),((90,17),89)),((57,41),((37,82),67))),((((25,13),15),(14,((9,49),(87,84)))),(27,60))),((((((74,56),19),(20,(34,91))),(((16,10),68),(((30,65),11),59))),(((54,5),85),46)),((79,29),(86,22)))),(((44,((3,28),77)),((1,48),((7,70),(18,40)))),(23,35))),(((((((78,72),63),(47,61)),((52,50),80)),(((69,((55,81),6)),38),((36,24),(45,71)))),((64,33),26)),(((39,(4,62)),(76,2)),((31,66),(((58,53),73),75))))),97),93),(98,(95,(94,100)))),92),96),99);
Initial score: 2.85244e+09
Initial tree: ((((((((((((((43,(51,83)),((21,((42,88),(8,12))),32)),((90,17),89)),((57,41),((37,82),67))),((((25,13),15),(14,((9,49),(87,84)))),(27,60))),((((((74,56),19),(20,(34,91))),(((16,10),68),(((30,65),11),59))),(((54,5),85),46)),((79,29),(86,22)))),(((44,((3,28),77)),((1,48),((7,70),(18,40)))),(23,35))),(((((((78,72),63),(47,61)),((52,50),80)),(((69,((55,81),6)),38),((36,24),(45,71)))),((64,33),26)),(((39,(4,62)),(76,2)),((31,66),(((58,53),73),75))))),97),93),(98,(95,(94,100)))),92),96),99);
*** Subsample Process ***
Use two-step algorithm!
#NNI moves:0/152
Remaining: 0
#NNI moves:2/152
#NNI moves:2/152
((((((((((((((((((58,53),73),75),(66,31)),(((4,62),39),(76,2))),(((((63,(72,78)),(61,47)),((52,50),80)),((((6,(81,55)),69),38),((24,36),(71,45)))),((64,33),26))),(((((96,99),92),(((100,94),95),98)),93),97)),(((((3,28),77),44),((1,48),((18,40),(70,7)))),(35,23))),(((((19,(56,74)),((91,34),20)),(((10,16),68),(((65,30),11),59))),(46,((5,54),85))),((86,22),(79,29)))),((27,60),((((49,9),(87,84)),14),((13,25),15)))),((67,(82,37)),(41,57))),((90,17),89)),((51,83),43)),32),21),(12,8)),88),42);
#NNI moves:0/152
Remaining: 0
#NNI moves:4/152
#NNI moves:4/152
(((((((((((((((87,84),(49,9)),14),((13,25),15)),(27,60)),((((17,90),89),(((21,((42,88),(8,12))),32),((51,83),43))),((67,(82,37)),(41,57)))),((((((10,16),68),((11,(30,65)),59)),(((74,56),19),((34,91),20))),(46,((54,5),85))),((86,22),(79,29)))),(((44,(77,(28,3))),((1,48),((40,18),(7,70)))),(23,35))),(((((((72,78),63),(61,47)),((52,50),80)),(((((55,81),6),69),38),((45,71),(36,24)))),(26,(33,64))),(((66,31),(((53,58),73),75)),((39,(4,62)),(2,76))))),97),93),(((100,94),95),98)),92),99),96);
#NNI moves:0/152
Remaining: 0
#NNI moves:6/152
#NNI moves:6/152
((((((((((((((78,72),63),(47,61)),((52,50),80)),(((71,45),(36,24)),((69,((55,81),6)),38))),((33,64),26)),(((66,31),(((58,53),73),75)),((2,76),((4,62),39)))),(((((95,(94,100)),98),(92,(99,96))),93),97)),(((((28,3),77),44),((1,48),((7,70),(40,18)))),(23,35))),((((((56,74),19),((91,34),20)),(((11,(65,30)),59),(68,(16,10)))),(46,((5,54),85))),((22,86),(79,29)))),((((90,17),89),(((((12,8),(42,88)),21),32),((83,51),43))),(((82,37),67),(57,41)))),((((87,84),(49,9)),14),(15,(13,25)))),60),27);
#NNI moves:0/152
Remaining: 0
#NNI moves:2/152
#NNI moves:2/152
(((((((((((((((((42,88),(8,12)),21),32),((51,83),43)),(89,(90,17))),((67,(82,37)),(57,41))),(((((9,49),(84,87)),14),((25,13),15)),(27,60))),(((((19,(74,56)),(20,(91,34))),((((30,65),11),59),(68,(16,10)))),((85,(54,5)),46)),((86,22),(79,29)))),(((((3,28),77),44),(((70,7),(40,18)),(48,1))),(23,35))),((((76,2),(39,(62,4))),((((58,53),73),75),(66,31))),(((((45,71),(36,24)),((69,((55,81),6)),38)),(((47,61),(63,(72,78))),((52,50),80))),((64,33),26)))),97),93),(92,(96,99))),98),(100,94)),95);
Current score: 2.85244e+09
Current tree: ((96,(92,((((((((((((((42,88),(8,12)),21),32),((51,83),43)),(89,(90,17))),((67,(82,37)),(57,41))),(((((9,49),(84,87)),14),((25,13),15)),(27,60))),(((((19,(74,56)),(20,(91,34))),((((30,65),11),59),(68,(16,10)))),((85,(54,5)),46)),((86,22),(79,29)))),(((((3,28),77),44),(((70,7),(40,18)),(48,1))),(23,35))),((((76,2),(39,(62,4))),((((58,53),73),75),(66,31))),(((((45,71),(36,24)),((69,((55,81),6)),38)),(((47,61),(63,(72,78))),((52,50),80))),((64,33),26)))),97),93),(98,((100,94),95))))),99);
Final Tree: ((96,(92,((((((((((((((42,88),(8,12)),21),32),((51,83),43)),(89,(90,17))),((67,(82,37)),(57,41))),(((((9,49),(84,87)),14),((25,13),15)),(27,60))),(((((19,(74,56)),(20,(91,34))),((((30,65),11),59),(68,(16,10)))),((85,(54,5)),46)),((86,22),(79,29)))),(((((3,28),77),44),(((70,7),(40,18)),(48,1))),(23,35))),((((76,2),(39,(62,4))),((((58,53),73),75),(66,31))),(((((45,71),(36,24)),((69,((55,81),6)),38)),(((47,61),(63,(72,78))),((52,50),80))),((64,33),26)))),97),93),(98,((100,94),95))))),99);
#EqQuartets: 3921225000
Score: 2852437188
ASTRAL for PaRalogs and Orthologs III (ASTRAL-Pro3)
*** NOW with integrated CASTLES-Pro ***
Version: v1.22.3.6
Read 512 genetrees and found 100 species.
#Genetrees: 1000
#Duploss: 0
#Species: 100
#Rounds: 4
#Samples: 4
#Threads: 1
Use two-step algorithm!
Guide Tree 0/16
#NNI moves:0/152
Guide Tree 1/16
#NNI moves:0/152
Guide Tree 2/16
#NNI moves:0/152
Guide Tree 3/16
#NNI moves:0/152
Guide Tree 4/16
#NNI moves:0/152
Guide Tree 5/16
#NNI moves:0/152
Guide Tree 6/16
#NNI moves:0/152
Guide Tree 7/16
#NNI moves:0/152
Guide Tree 8/16
#NNI moves:0/152
Guide Tree 9/16
#NNI moves:0/152
Guide Tree 10/16
#NNI moves:0/152
Guide Tree 11/16
#NNI moves:0/152
Guide Tree 12/16
#NNI moves:0/152
Guide Tree 13/16
#NNI moves:0/152
Guide Tree 14/16
#NNI moves:0/152
Guide Tree 15/16
#NNI moves:0/152
Remaining: 0
#NNI moves:0/152
#NNI moves:0/152
(((((((((((((((((((58,60),83),((7,34),((44,90),(86,82)))),(9,59)),((((46,72),43),(74,91)),(((100,75),50),(67,20)))),(((32,(19,15)),51),24)),35),(85,93)),((((5,1),2),3),4)),(((((23,(((61,70),8),(30,41))),77),27),(((29,94),((6,76),13)),(71,36))),((54,11),(89,97)))),((((((56,47),84),57),80),(18,95)),22)),((((((12,87),((69,65),37)),(45,21)),(((28,68),66),49)),(((((40,64),38),((55,98),73)),(((26,63),81),99)),16)),(((42,53),((88,(31,25)),10)),33))),(48,17)),96),(39,78)),(92,62)),79),14),52);
Guide Tree 0/16
#NNI moves:0/152
Guide Tree 1/16
#NNI moves:0/152
Guide Tree 2/16
#NNI moves:0/152
Guide Tree 3/16
#NNI moves:0/152
Guide Tree 4/16
#NNI moves:0/152
Guide Tree 5/16
#NNI moves:0/152
Guide Tree 6/16
#NNI moves:0/152
Guide Tree 7/16
#NNI moves:0/152
Guide Tree 8/16
#NNI moves:0/152
Guide Tree 9/16
#NNI moves:0/152
Guide Tree 10/16
#NNI moves:0/152
Guide Tree 11/16
#NNI moves:0/152
Guide Tree 12/16
#NNI moves:0/152
Guide Tree 13/16
#NNI moves:0/152
Guide Tree 14/16
#NNI moves:0/152
Guide Tree 15/16
#NNI moves:0/152
Remaining: 0
#NNI moves:2/152
#NNI moves:2/152
((((((((((((((((((((82,86),(90,44)),(7,34)),((60,58),83)),(59,9)),(((50,(75,100)),(67,20)),((91,74),((72,46),43)))),(24,(((19,15),32),51))),35),(93,85)),(4,(3,(2,(1,5))))),(((((23,((8,(70,61)),(41,30))),77),27),((((76,6),13),(94,29)),(36,71))),((54,11),(89,97)))),((((((56,47),84),57),80),(95,18)),22)),(((((66,(68,28)),49),((((65,69),37),(87,12)),(45,21))),(((((64,40),38),((55,98),73)),((81,(63,26)),99)),16)),(((((31,25),88),10),(42,53)),33))),(17,48)),96),(78,39)),(62,92)),79),14),52);
Guide Tree 0/16
#NNI moves:0/152
Guide Tree 1/16
#NNI moves:0/152
Guide Tree 2/16
#NNI moves:0/152
Guide Tree 3/16
#NNI moves:0/152
Guide Tree 4/16
#NNI moves:0/152
Guide Tree 5/16
#NNI moves:0/152
Guide Tree 6/16
#NNI moves:0/152
Guide Tree 7/16
#NNI moves:0/152
Guide Tree 8/16
#NNI moves:0/152
Guide Tree 9/16
#NNI moves:0/152
Guide Tree 10/16
#NNI moves:0/152
Guide Tree 11/16
#NNI moves:0/152
Guide Tree 12/16
#NNI moves:0/152
Guide Tree 13/16
#NNI moves:0/152
Guide Tree 14/16
#NNI moves:0/152
Guide Tree 15/16
#NNI moves:0/152
Remaining: 0
#NNI moves:2/152
#NNI moves:2/152
((((((((((((((71,36),((13,(76,6)),(94,29))),((((((61,70),8),(30,41)),23),77),27)),((11,54),(97,89))),((((2,(1,5)),3),4),((((((59,9),((((82,86),(44,90)),(7,34)),((60,58),83))),(((50,(100,75)),(20,67)),(((46,72),43),(74,91)))),((((15,19),32),51),24)),35),(85,93)))),((((((56,47),84),57),80),(95,18)),22)),((((53,42),(((31,25),88),10)),33),((((66,(28,68)),49),(((12,87),((69,65),37)),(21,45))),((((38,(64,40)),(73,(55,98))),(((63,26),81),99)),16)))),(48,17)),96),(78,39)),(62,92)),79),14),52);
Guide Tree 0/16
#NNI moves:0/152
Guide Tree 1/16
#NNI moves:0/152
Guide Tree 2/16
#NNI moves:0/152
Guide Tree 3/16
#NNI moves:0/152
Guide Tree 4/16
#NNI moves:0/152
Guide Tree 5/16
#NNI moves:0/152
Guide Tree 6/16
#NNI moves:0/152
Guide Tree 7/16
#NNI moves:0/152
Guide Tree 8/16
#NNI moves:0/152
Guide Tree 9/16
#NNI moves:0/152
Guide Tree 10/16
#NNI moves:0/152
Guide Tree 11/16
#NNI moves:0/152
Guide Tree 12/16
#NNI moves:0/152
Guide Tree 13/16
#NNI moves:0/152
Guide Tree 14/16
#NNI moves:0/152
Guide Tree 15/16
#NNI moves:0/152
Remaining: 0
#NNI moves:2/152
#NNI moves:2/152
((((((((((((((((((((86,82),(44,90)),(7,34)),((58,60),83)),(59,9)),(((43,(46,72)),(74,91)),(((100,75),50),(20,67)))),(24,(((19,15),32),51))),35),(85,93)),(4,(3,((1,5),2)))),((((77,((((70,61),8),(30,41)),23)),27),(((29,94),((76,6),13)),(36,71))),((89,97),(11,54)))),((((((47,56),84),57),80),(95,18)),22)),((((((87,12),((65,69),37)),(21,45)),(49,((68,28),66))),(((((63,26),81),99),(((98,55),73),(38,(64,40)))),16)),(((((25,31),88),10),(42,53)),33))),(17,48)),96),(78,39)),(92,62)),79),14),52);
Initial score: 2.8929e+09
Initial tree: ((((((((((((((((((((86,82),(44,90)),(7,34)),((58,60),83)),(59,9)),(((43,(46,72)),(74,91)),(((100,75),50),(20,67)))),(24,(((19,15),32),51))),35),(85,93)),(4,(3,((1,5),2)))),((((77,((((70,61),8),(30,41)),23)),27),(((29,94),((76,6),13)),(36,71))),((89,97),(11,54)))),((((((47,56),84),57),80),(95,18)),22)),((((((87,12),((65,69),37)),(21,45)),(49,((68,28),66))),(((((63,26),81),99),(((98,55),73),(38,(64,40)))),16)),(((((25,31),88),10),(42,53)),33))),(17,48)),96),(78,39)),(92,62)),79),14),52);
*** Subsample Process ***
Use two-step algorithm!
#NNI moves:0/152
Remaining: 1
#NNI moves:0/152
#NNI moves:0/152
(((((((((((((((((((47,56),84),57),80),(18,95)),22),(((((((12,87),((69,65),37)),(21,45)),(49,((68,28),66))),((((73,(55,98)),((64,40),38)),(((63,26),81),99)),16)),(((((31,25),88),10),(42,53)),33)),((((((14,52),79),(92,62)),(78,39)),96),(48,17)))),(((27,((((30,41),(8,(61,70))),23),77)),(((13,(76,6)),(94,29)),(71,36))),((11,54),(89,97)))),(((2,(1,5)),3),4)),(93,85)),35),((((19,15),32),51),24)),((((46,72),43),(91,74)),(((100,75),50),(67,20)))),(9,59)),((60,58),83)),(34,7)),(82,86)),90),44);
#NNI moves:0/152
Remaining: 0
#NNI moves:2/152
#NNI moves:2/152
(((((((((((((((((30,41),((70,61),8)),23),77),27),((36,71),(((76,6),13),(29,94)))),((54,11),(97,89))),((((((((43,(72,46)),(91,74)),(((100,75),50),(20,67))),(((((90,44),(82,86)),(7,34)),(83,(60,58))),(9,59))),((51,(32,(19,15))),24)),35),(93,85)),(((2,(1,5)),3),4))),((((((56,47),84),57),80),(95,18)),22)),(((((((98,55),73),((64,40),38)),(((26,63),81),99)),16),(((45,21),((87,12),((65,69),37))),((66,(28,68)),49))),(((42,53),(((25,31),88),10)),33))),(48,17)),96),(39,78)),(92,62)),79),52),14);
#NNI moves:0/152
Remaining: 0
#NNI moves:6/152
#NNI moves:6/152
(((((((((((((((((25,31),88),10),(42,53)),33),((((((26,63),81),99),(((98,55),73),((64,40),38))),16),(((((69,65),37),(87,12)),(45,21)),(((68,28),66),49)))),(((((79,(52,14)),(62,92)),(78,39)),96),(17,48))),((((((47,56),84),57),80),(18,95)),22)),((((((((74,91),((46,72),43)),(((100,75),50),(20,67))),(((((90,44),(82,86)),(7,34)),(83,(60,58))),(9,59))),((((19,15),32),51),24)),35),(93,85)),((((5,1),2),3),4))),((89,97),(54,11))),(((94,29),((6,76),13)),(36,71))),27),77),23),(8,(70,61))),41),30);
#NNI moves:0/152
Remaining: 1
#NNI moves:2/152
#NNI moves:2/152
((((((((((((((((((100,75),50),(67,20)),(((46,72),43),(74,91))),(((((86,82),(44,90)),(34,7)),(83,(58,60))),(9,59))),((((15,19),32),51),24)),35),(93,85)),((((1,5),2),3),4)),(((((29,94),((76,6),13)),(71,36)),(27,(((((70,61),8),(41,30)),23),77))),((97,89),(11,54)))),(((18,95),((57,(84,(47,56))),80)),22)),((((((12,87),((65,69),37)),(21,45)),((66,(28,68)),49)),(((((98,55),73),(38,(40,64))),(((26,63),81),99)),16)),(((53,42),(10,((31,25),88))),33))),(48,17)),96),(78,39)),(92,62)),(14,52)),79);
Current score: 2.8929e+09
Current tree: ((14,(((((((((((((((((100,75),50),(67,20)),(((46,72),43),(74,91))),(((((86,82),(44,90)),(34,7)),(83,(58,60))),(9,59))),((((15,19),32),51),24)),35),(93,85)),((((1,5),2),3),4)),(((((29,94),((76,6),13)),(71,36)),(27,(((((70,61),8),(41,30)),23),77))),((97,89),(11,54)))),(((18,95),((57,(84,(47,56))),80)),22)),((((((12,87),((65,69),37)),(21,45)),((66,(28,68)),49)),(((((98,55),73),(38,(40,64))),(((26,63),81),99)),16)),(((53,42),(10,((31,25),88))),33))),(48,17)),96),(78,39)),(92,62)),79)),52);
Final Tree: ((14,(((((((((((((((((100,75),50),(67,20)),(((46,72),43),(74,91))),(((((86,82),(44,90)),(34,7)),(83,(58,60))),(9,59))),((((15,19),32),51),24)),35),(93,85)),((((1,5),2),3),4)),(((((29,94),((76,6),13)),(71,36)),(27,(((((70,61),8),(41,30)),23),77))),((97,89),(11,54)))),(((18,95),((57,(84,(47,56))),80)),22)),((((((12,87),((65,69),37)),(21,45)),((66,(28,68)),49)),(((((98,55),73),(38,(40,64))),(((26,63),81),99)),16)),(((53,42),(10,((31,25),88))),33))),(48,17)),96),(78,39)),(92,62)),79)),52);
#EqQuartets: 3921225000
Score: 2892900393
ASTRAL for PaRalogs and Orthologs III (ASTRAL-Pro3)
*** NOW with integrated CASTLES-Pro ***
Version: v1.22.3.6
Read 512 genetrees and found 100 species.
#Genetrees: 1000
#Duploss: 0
#Species: 100
#Rounds: 4
#Samples: 4
#Threads: 1
Use two-step algorithm!
Guide Tree 0/16
#NNI moves:0/152
Guide Tree 1/16
#NNI moves:0/152
Guide Tree 2/16
#NNI moves:0/152
Guide Tree 3/16
#NNI moves:0/152
Guide Tree 4/16
#NNI moves:0/152
Guide Tree 5/16
#NNI moves:0/152
Guide Tree 6/16
#NNI moves:0/152
Guide Tree 7/16
#NNI moves:0/152
Guide Tree 8/16
#NNI moves:0/152
Guide Tree 9/16
#NNI moves:0/152
Guide Tree 10/16
#NNI moves:0/152
Guide Tree 11/16
#NNI moves:0/152
Guide Tree 12/16
#NNI moves:0/152
Guide Tree 13/16
#NNI moves:0/152
Guide Tree 14/16
#NNI moves:0/152
Guide Tree 15/16
#NNI moves:2/152
Remaining: 0
#NNI moves:4/152
#NNI moves:4/152
((((((((((((21,((88,36),91)),(77,66)),33),(((87,78),(74,62)),(((17,(71,19)),(53,30)),14))),(((((60,26),49),((((50,55),((70,28),69)),93),(58,41))),(45,((80,57),((7,25),10)))),20)),((3,(47,37)),(79,1))),((((((9,(42,32)),(8,52)),54),51),((81,(29,39)),(13,2))),(((((94,97),100),96),(98,(99,95))),(((((11,85),22),(68,6)),(((82,44),(31,40)),(((4,5),90),(34,84)))),(((((23,63),((75,24),27)),12),18),((((16,86),64),(35,15)),43)))))),(83,38)),76),(((((56,61),59),72),(48,65)),73)),(46,(67,92))),89);
Guide Tree 0/16
#NNI moves:0/152
Guide Tree 1/16
#NNI moves:0/152
Guide Tree 2/16
#NNI moves:0/152
Guide Tree 3/16
#NNI moves:0/152
Guide Tree 4/16
#NNI moves:0/152
Guide Tree 5/16
#NNI moves:0/152
Guide Tree 6/16
#NNI moves:0/152
Guide Tree 7/16
#NNI moves:0/152
Guide Tree 8/16
#NNI moves:0/152
Guide Tree 9/16
#NNI moves:0/152
Guide Tree 10/16
#NNI moves:0/152
Guide Tree 11/16
#NNI moves:0/152
Guide Tree 12/16
#NNI moves:0/152
Guide Tree 13/16
#NNI moves:0/152
Guide Tree 14/16
#NNI moves:0/152
Guide Tree 15/16
#NNI moves:0/152
Remaining: 0
#NNI moves:2/152
#NNI moves:2/152
(((((((((((((44,82),(40,31)),((34,84),((5,4),90))),(((85,11),22),(6,68))),(((((23,63),((24,75),27)),12),18),(43,((15,35),((86,16),64))))),((((97,94),100),96),((95,99),98))),(((((9,(42,32)),(52,8)),54),51),((81,(29,39)),(2,13)))),((((((62,74),(78,87)),((((71,19),17),(53,30)),14)),((((91,(88,36)),21),(77,66)),33)),((((((((28,70),69),(55,50)),93),(58,41)),(49,(60,26))),(((57,80),((7,25),10)),45)),20)),(((37,47),3),(1,79)))),(83,38)),76),(((((61,56),59),72),(48,65)),73)),(46,(92,67))),89);
Guide Tree 0/16
#NNI moves:0/152
Guide Tree 1/16
#NNI moves:0/152
Guide Tree 2/16
#NNI moves:0/152
Guide Tree 3/16
#NNI moves:0/152
Guide Tree 4/16
#NNI moves:0/152
Guide Tree 5/16
#NNI moves:0/152
Guide Tree 6/16
#NNI moves:0/152
Guide Tree 7/16
#NNI moves:0/152
Guide Tree 8/16
#NNI moves:0/152
Guide Tree 9/16
#NNI moves:0/152
Guide Tree 10/16
#NNI moves:0/152
Guide Tree 11/16
#NNI moves:0/152
Guide Tree 12/16
#NNI moves:0/152
Guide Tree 13/16
#NNI moves:0/152
Guide Tree 14/16
#NNI moves:0/152
Guide Tree 15/16
#NNI moves:0/152
Remaining: 0
#NNI moves:0/152
#NNI moves:0/152
((((((((((((((((70,28),69),(50,55)),93),(58,41)),((26,60),49)),((((7,25),10),(80,57)),45)),20),(((((91,(88,36)),21),(77,66)),33),(((62,74),(78,87)),(((53,30),(17,(19,71))),14)))),((3,(37,47)),(79,1))),((((((((23,63),(27,(75,24))),12),18),((((86,16),64),(35,15)),43)),((((40,31),(44,82)),((34,84),(90,(4,5)))),((6,68),((11,85),22)))),((98,(99,95)),(((94,97),100),96))),(((54,(((32,42),9),(8,52))),51),(((39,29),81),(2,13))))),(38,83)),76),(((((61,56),59),72),(65,48)),73)),((67,92),46)),89);
Guide Tree 0/16
#NNI moves:0/152
Guide Tree 1/16
#NNI moves:0/152
Guide Tree 2/16
#NNI moves:0/152
Guide Tree 3/16
#NNI moves:6/152
Guide Tree 4/16
#NNI moves:0/152
Guide Tree 5/16
#NNI moves:0/152
Guide Tree 6/16
#NNI moves:0/152
Guide Tree 7/16
#NNI moves:0/152
Guide Tree 8/16
#NNI moves:0/152
Guide Tree 9/16
#NNI moves:0/152
Guide Tree 10/16
#NNI moves:6/152
Guide Tree 11/16
#NNI moves:2/152
Guide Tree 12/16
#NNI moves:2/152
Guide Tree 13/16
#NNI moves:0/152
Guide Tree 14/16
#NNI moves:0/152
Guide Tree 15/16
#NNI moves:2/152
Remaining: 0
#NNI moves:6/152
#NNI moves:8/152
((((((((((((((27,(75,24)),(63,23)),12),18),(((64,(16,86)),(35,15)),43)),((((84,34),((5,4),90)),((44,82),(40,31))),(((11,85),22),(68,6)))),(((95,99),98),((100,(97,94)),96))),(((((8,52),(9,(32,42))),54),51),((2,13),(81,(29,39))))),(((((14,((17,(19,71)),(30,53))),((74,62),(87,78))),(((77,66),((91,(88,36)),21)),33)),(((((26,60),49),((58,41),(((69,(70,28)),(50,55)),93))),((((25,7),10),(80,57)),45)),20)),(((37,47),3),(1,79)))),(83,38)),76),((((59,(56,61)),72),(48,65)),73)),(46,(92,67))),89);
Initial score: 2.70617e+09
Initial tree: ((((((((((((((27,(75,24)),(63,23)),12),18),(((64,(16,86)),(35,15)),43)),((((84,34),((5,4),90)),((44,82),(40,31))),(((11,85),22),(68,6)))),(((95,99),98),((100,(97,94)),96))),(((((8,52),(9,(32,42))),54),51),((2,13),(81,(29,39))))),(((((14,((17,(19,71)),(30,53))),((74,62),(87,78))),(((77,66),((91,(88,36)),21)),33)),(((((26,60),49),((58,41),(((69,(70,28)),(50,55)),93))),((((25,7),10),(80,57)),45)),20)),(((37,47),3),(1,79)))),(83,38)),76),((((59,(56,61)),72),(48,65)),73)),(46,(92,67))),89);
*** Subsample Process ***
Use two-step algorithm!
#NNI moves:2/152
Remaining: 0
#NNI moves:8/152
#NNI moves:8/152
((((((((((((((((74,62),(78,87)),(((53,30),((71,19),17)),14)),(((77,66),(((36,88),91),21)),33)),(((((((69,(28,70)),(50,55)),93),(58,41)),((60,26),49)),((((25,7),10),(57,80)),45)),20)),((79,1),((37,47),3))),(((((46,(67,92)),89),((((59,(61,56)),72),(65,48)),73)),76),(38,83))),(((81,(29,39)),(13,2)),(((((32,42),9),(8,52)),54),51))),((98,(99,95)),((100,(97,94)),96))),((((34,84),(90,(4,5))),((31,40),(82,44))),(((85,11),22),(6,68)))),((((86,16),64),(35,15)),43)),18),12),(23,63)),(75,24)),27);
#NNI moves:0/152
Remaining: 0
#NNI moves:0/152
#NNI moves:0/152
((((((((((((((90,(5,4)),(84,34)),((31,40),(82,44))),(((85,11),22),(68,6))),(((((23,63),((75,24),27)),12),18),((((86,16),64),(35,15)),43))),((96,(100,(94,97))),((95,99),98))),((((((32,42),9),(52,8)),54),51),((2,13),((39,29),81)))),(((((((((50,55),(69,(28,70))),93),(41,58)),((60,26),49)),(((80,57),(10,(7,25))),45)),20),(((((17,(19,71)),(30,53)),14),((62,74),(78,87))),(33,((21,(91,(88,36))),(66,77))))),((3,(37,47)),(79,1)))),(83,38)),76),(73,((((56,61),59),72),(65,48)))),89),(67,92)),46);
#NNI moves:0/152
Remaining: 0
#NNI moves:12/152
#NNI moves:12/152
((((((((((((((((17,(19,71)),(53,30)),14),((74,62),(78,87))),(33,((66,77),(21,(91,(88,36)))))),(((((((50,55),((70,28),69)),93),(41,58)),((26,60),49)),(((57,80),((25,7),10)),45)),20)),((1,79),((47,37),3))),((((((((56,61),59),72),(65,48)),73),(89,((92,67),46))),76),(38,83))),((((((32,42),9),(8,52)),54),51),((81,(39,29)),(13,2)))),(((99,95),98),(96,((97,94),100)))),(((((63,23),(27,(24,75))),12),18),(((15,35),((16,86),64)),43))),(((85,11),22),(6,68))),((90,(5,4)),(84,34))),(31,40)),44),82);
#NNI moves:6/152
Remaining: 0
#NNI moves:8/152
#NNI moves:8/152
((((((((((((((12,(((75,24),27),(63,23))),18),(((35,15),((16,86),64)),43)),(((6,68),((85,11),22)),((((4,5),90),(34,84)),((82,44),(31,40))))),((98,(95,99)),(((97,94),100),96))),(((13,2),(81,(29,39))),((54,(((42,32),9),(8,52))),51))),((((((((71,19),17),(30,53)),14),((62,74),(87,78))),(((77,66),(21,((36,88),91))),33)),(((((80,57),((25,7),10)),45),((((((70,28),69),(50,55)),93),(41,58)),((60,26),49))),20)),(((37,47),3),(79,1)))),(38,83)),76),(((((56,61),59),72),(65,48)),73)),89),46),92),67);
Current score: 2.70617e+09
Current tree: ((((((((((((12,(((75,24),27),(63,23))),18),(((35,15),((16,86),64)),43)),(((6,68),((85,11),22)),((((4,5),90),(34,84)),((82,44),(31,40))))),((98,(95,99)),(((97,94),100),96))),(((13,2),(81,(29,39))),((54,(((42,32),9),(8,52))),51))),((((((((71,19),17),(30,53)),14),((62,74),(87,78))),(((77,66),(21,((36,88),91))),33)),(((((80,57),((25,7),10)),45),((((((70,28),69),(50,55)),93),(41,58)),((60,26),49))),20)),(((37,47),3),(79,1)))),(38,83)),76),(((((56,61),59),72),(65,48)),73)),(46,(92,67))),89);
Final Tree: ((((((((((((12,(((75,24),27),(63,23))),18),(((35,15),((16,86),64)),43)),(((6,68),((85,11),22)),((((4,5),90),(34,84)),((82,44),(31,40))))),((98,(95,99)),(((97,94),100),96))),(((13,2),(81,(29,39))),((54,(((42,32),9),(8,52))),51))),((((((((71,19),17),(30,53)),14),((62,74),(87,78))),(((77,66),(21,((36,88),91))),33)),(((((80,57),((25,7),10)),45),((((((70,28),69),(50,55)),93),(41,58)),((60,26),49))),20)),(((37,47),3),(79,1)))),(38,83)),76),(((((56,61),59),72),(65,48)),73)),(46,(92,67))),89);
#EqQuartets: 3921225000
Score: 2706173218
ASTRAL for PaRalogs and Orthologs III (ASTRAL-Pro3)
*** NOW with integrated CASTLES-Pro ***
Version: v1.22.3.6
Read 512 genetrees and found 100 species.
#Genetrees: 1000
#Duploss: 0
#Species: 100
#Rounds: 4
#Samples: 4
#Threads: 1
Use two-step algorithm!
Guide Tree 0/16
#NNI moves:0/152
Guide Tree 1/16
#NNI moves:2/152
Guide Tree 2/16
#NNI moves:0/152
Guide Tree 3/16
#NNI moves:0/152
Guide Tree 4/16
#NNI moves:2/152
Guide Tree 5/16
#NNI moves:2/152
Guide Tree 6/16
#NNI moves:0/152
Guide Tree 7/16
#NNI moves:0/152
Guide Tree 8/16
#NNI moves:0/152
Guide Tree 9/16
#NNI moves:0/152
Guide Tree 10/16
#NNI moves:0/152
Guide Tree 11/16
#NNI moves:0/152
Guide Tree 12/16
#NNI moves:0/152
Guide Tree 13/16
#NNI moves:2/152
Guide Tree 14/16
#NNI moves:0/152
Guide Tree 15/16
#NNI moves:0/152
Remaining: 0
#NNI moves:8/152
#NNI moves:8/152
(((((((((((((((((((56,76),47),77),(65,60)),((48,55),((((59,100),87),62),50))),((((57,92),63),64),(86,84))),(95,((97,75),93))),((81,94),49)),((((78,85),98),73),(53,88))),(((46,69),(((54,66),99),71)),((((((82,91),58),90),68),((((((96,70),80),67),74),(79,(61,89))),52)),((51,83),72)))),(((36,16),34),((40,42),7))),((((31,6),29),1),(18,17))),((25,(((32,(24,45)),19),(35,38))),21)),((((12,23),(41,22)),9),(3,14))),(43,(28,27))),(((((8,44),39),(4,26)),10),(2,(15,33)))),((13,11),5)),(37,30)),20);
Guide Tree 0/16
#NNI moves:0/152
Guide Tree 1/16
#NNI moves:0/152
Guide Tree 2/16
#NNI moves:0/152
Guide Tree 3/16
#NNI moves:0/152
Guide Tree 4/16
#NNI moves:0/152
Guide Tree 5/16
#NNI moves:0/152
Guide Tree 6/16
#NNI moves:0/152
Guide Tree 7/16
#NNI moves:0/152
Guide Tree 8/16
#NNI moves:0/152
Guide Tree 9/16
#NNI moves:0/152
Guide Tree 10/16
#NNI moves:0/152
Guide Tree 11/16
#NNI moves:0/152
Guide Tree 12/16
#NNI moves:2/152
Guide Tree 13/16
#NNI moves:0/152
Guide Tree 14/16
#NNI moves:2/152
Guide Tree 15/16
#NNI moves:2/152
Remaining: 0
#NNI moves:10/152
#NNI moves:10/152
((((((((((((((((((47,(56,76)),77),(65,60)),(((((100,59),87),62),50),(48,55))),(((63,(57,92)),64),(86,84))),(((97,75),93),95)),((81,94),49)),((73,((85,78),98)),(88,53))),(((46,69),(71,((66,54),99))),((((((82,91),58),90),68),((((((70,96),80),67),74),(79,(61,89))),52)),((83,51),72)))),((34,(16,36)),(7,(40,42)))),(((29,(31,6)),1),(17,18))),((25,((19,((45,24),32)),(35,38))),21)),((14,3),(((12,23),(22,41)),9))),((28,27),43)),((((39,(44,8)),(4,26)),10),(2,(33,15)))),((13,11),5)),(30,37)),20);
Guide Tree 0/16
#NNI moves:0/152
Guide Tree 1/16
#NNI moves:0/152
Guide Tree 2/16
#NNI moves:0/152
Guide Tree 3/16
#NNI moves:0/152
Guide Tree 4/16
#NNI moves:2/152
Guide Tree 5/16
#NNI moves:0/152
Guide Tree 6/16
#NNI moves:0/152
Guide Tree 7/16
#NNI moves:0/152
Guide Tree 8/16
#NNI moves:0/152
Guide Tree 9/16
#NNI moves:0/152
Guide Tree 10/16
#NNI moves:0/152
Guide Tree 11/16
#NNI moves:0/152
Guide Tree 12/16
#NNI moves:0/152
Guide Tree 13/16
#NNI moves:6/152
Guide Tree 14/16
#NNI moves:0/152
Guide Tree 15/16
#NNI moves:0/152
Remaining: 0
#NNI moves:6/152
#NNI moves:6/152
(((((((((((((((((82,91),58),90),68),(((((80,(70,96)),67),74),(79,(89,61))),52)),((51,83),72)),(((99,(66,54)),71),(46,69))),((((((75,97),93),95),(((((47,(76,56)),77),(65,60)),(((((59,100),87),62),50),(48,55))),((64,((92,57),63)),(86,84)))),((81,94),49)),((73,((85,78),98)),(53,88)))),((34,(16,36)),(7,(40,42)))),((1,(29,(6,31))),(18,17))),((((((24,45),32),19),(38,35)),25),21)),((((12,23),(41,22)),9),(3,14))),((28,27),43)),((((39,(8,44)),(4,26)),10),(2,(15,33)))),((11,13),5)),(37,30)),20);
Guide Tree 0/16
#NNI moves:0/152
Guide Tree 1/16
#NNI moves:0/152
Guide Tree 2/16
#NNI moves:0/152
Guide Tree 3/16
#NNI moves:0/152
Guide Tree 4/16
#NNI moves:0/152
Guide Tree 5/16
#NNI moves:0/152
Guide Tree 6/16
#NNI moves:2/152
Guide Tree 7/16
#NNI moves:0/152
Guide Tree 8/16
#NNI moves:0/152
Guide Tree 9/16
#NNI moves:0/152
Guide Tree 10/16
#NNI moves:0/152
Guide Tree 11/16
#NNI moves:0/152
Guide Tree 12/16
#NNI moves:0/152
Guide Tree 13/16
#NNI moves:0/152
Guide Tree 14/16
#NNI moves:2/152
Guide Tree 15/16
#NNI moves:0/152
Remaining: 0
#NNI moves:2/152
#NNI moves:2/152
((((((((((((((((84,86),((63,(92,57)),64)),(((48,55),((((59,100),87),62),50)),((((76,56),47),77),(65,60)))),(((97,75),93),95)),(49,(94,81))),((53,88),(((78,85),98),73))),((((((74,(67,((70,96),80))),(79,(89,61))),52),((90,((91,82),58)),68)),((83,51),72)),((71,((54,66),99)),(46,69)))),(((16,36),34),((42,40),7))),((((6,31),29),1),(18,17))),((((((45,24),32),19),(35,38)),25),21)),((3,14),(((12,23),(22,41)),9))),((28,27),43)),((10,(((44,8),39),(4,26))),((33,15),2))),(5,(11,13))),(37,30)),20);
Initial score: 3.01677e+09
Initial tree: ((((((((((((((((84,86),((63,(92,57)),64)),(((48,55),((((59,100),87),62),50)),((((76,56),47),77),(65,60)))),(((97,75),93),95)),(49,(94,81))),((53,88),(((78,85),98),73))),((((((74,(67,((70,96),80))),(79,(89,61))),52),((90,((91,82),58)),68)),((83,51),72)),((71,((54,66),99)),(46,69)))),(((16,36),34),((42,40),7))),((((6,31),29),1),(18,17))),((((((45,24),32),19),(35,38)),25),21)),((3,14),(((12,23),(22,41)),9))),((28,27),43)),((10,(((44,8),39),(4,26))),((33,15),2))),(5,(11,13))),(37,30)),20);
*** Subsample Process ***
Use two-step algorithm!
#NNI moves:0/152
Remaining: 0
#NNI moves:12/152
#NNI moves:12/152
((((((((((((((90,((91,82),58)),68),(((((80,(70,96)),67),74),(79,(89,61))),52)),(72,(83,51))),((46,69),(((66,54),99),71))),((((((((12,23),(41,22)),9),(3,14)),((((((4,26),((44,8),39)),10),((33,15),2)),((5,(11,13)),((37,30),20))),((27,28),43))),(21,((((32,(45,24)),19),(38,35)),25))),((1,(29,(31,6))),(18,17))),(((40,42),7),((36,16),34)))),((53,88),(((85,78),98),73))),((81,94),49)),((93,(75,97)),95)),((86,84),(((92,57),63),64))),((((76,56),47),77),(60,65))),((62,((59,100),87)),50)),55),48);
#NNI moves:0/152
Remaining: 0
#NNI moves:6/152
#NNI moves:6/152
(((((((((((((((((((92,57),63),64),(84,86)),(((((76,56),47),77),(65,60)),((((87,(59,100)),62),50),(55,48)))),((93,(75,97)),95)),((81,94),49)),((88,53),((98,(85,78)),73))),(((((((82,91),58),90),68),((((67,(80,(70,96))),74),((61,89),79)),52)),((51,83),72)),((71,(99,(54,66))),(69,46)))),(((42,40),7),((36,16),34))),((((31,6),29),1),(18,17))),(((((32,(24,45)),19),(35,38)),25),21)),((9,((22,41),(23,12))),(3,14))),(43,(27,28))),((((4,26),(39,(8,44))),10),(2,(15,33)))),((13,11),5)),20),30),37);
#NNI moves:0/152
Remaining: 0
#NNI moves:2/152
#NNI moves:2/152
(((((((((((((((((((23,12),(22,41)),9),(14,3)),(((((13,11),5),((37,30),20)),(((15,33),2),((((44,8),39),(4,26)),10))),(43,(28,27)))),((25,((38,35),(19,((24,45),32)))),21)),((((6,31),29),1),(18,17))),(((16,36),34),((42,40),7))),(((((((89,61),79),((((96,70),80),67),74)),52),((90,((91,82),58)),68)),((51,83),72)),((46,69),(((66,54),99),71)))),((88,53),(73,((85,78),98)))),((81,94),49)),(95,(93,(75,97)))),((86,84),(((92,57),63),64))),((55,48),(((87,(100,59)),62),50))),(65,60)),77),47),56),76);
#NNI moves:0/152
Remaining: 0
#NNI moves:2/152
#NNI moves:2/152
(((((((((((((((((79,(61,89)),((((96,70),80),67),74)),52),((((91,82),58),90),68)),((83,51),72)),((((54,66),99),71),(46,69))),(((((((48,55),((((100,59),87),62),50)),((77,((56,76),47)),(60,65))),((64,((57,92),63)),(84,86))),(95,(93,(97,75)))),(49,(94,81))),(((98,(78,85)),73),(53,88)))),(((16,36),34),((42,40),7))),((1,((31,6),29)),(18,17))),((((((24,45),32),19),(35,38)),25),21)),((((12,23),(41,22)),9),(3,14))),(43,(28,27))),((2,(33,15)),(((39,(8,44)),(26,4)),10))),((30,37),20)),5),11),13);
Current score: 3.01677e+09
Current tree: (((30,37),((((((((((((((79,(61,89)),((((96,70),80),67),74)),52),((((91,82),58),90),68)),((83,51),72)),((((54,66),99),71),(46,69))),(((((((48,55),((((100,59),87),62),50)),((77,((56,76),47)),(60,65))),((64,((57,92),63)),(84,86))),(95,(93,(97,75)))),(49,(94,81))),(((98,(78,85)),73),(53,88)))),(((16,36),34),((42,40),7))),((1,((31,6),29)),(18,17))),((((((24,45),32),19),(35,38)),25),21)),((((12,23),(41,22)),9),(3,14))),(43,(28,27))),((2,(33,15)),(((39,(8,44)),(26,4)),10))),(5,(11,13)))),20);
Final Tree: (((30,37),((((((((((((((79,(61,89)),((((96,70),80),67),74)),52),((((91,82),58),90),68)),((83,51),72)),((((54,66),99),71),(46,69))),(((((((48,55),((((100,59),87),62),50)),((77,((56,76),47)),(60,65))),((64,((57,92),63)),(84,86))),(95,(93,(97,75)))),(49,(94,81))),(((98,(78,85)),73),(53,88)))),(((16,36),34),((42,40),7))),((1,((31,6),29)),(18,17))),((((((24,45),32),19),(35,38)),25),21)),((((12,23),(41,22)),9),(3,14))),(43,(28,27))),((2,(33,15)),(((39,(8,44)),(26,4)),10))),(5,(11,13)))),20);
#EqQuartets: 3921225000
Score: 3016772663
ASTRAL for PaRalogs and Orthologs III (ASTRAL-Pro3)
*** NOW with integrated CASTLES-Pro ***
Version: v1.22.3.6
Read 512 genetrees and found 100 species.
#Genetrees: 1000
#Duploss: 0
#Species: 100
#Rounds: 4
#Samples: 4
#Threads: 1
Use two-step algorithm!
Guide Tree 0/16
#NNI moves:0/152
Guide Tree 1/16
#NNI moves:0/152
Guide Tree 2/16
#NNI moves:0/152
Guide Tree 3/16
#NNI moves:0/152
Guide Tree 4/16
#NNI moves:0/152
Guide Tree 5/16
#NNI moves:0/152
Guide Tree 6/16
#NNI moves:0/152
Guide Tree 7/16
#NNI moves:0/152
Guide Tree 8/16
#NNI moves:0/152
Guide Tree 9/16
#NNI moves:0/152
Guide Tree 10/16
#NNI moves:0/152
Guide Tree 11/16
#NNI moves:0/152
Guide Tree 12/16
#NNI moves:0/152
Guide Tree 13/16
#NNI moves:0/152
Guide Tree 14/16
#NNI moves:0/152
Guide Tree 15/16
#NNI moves:0/152
Remaining: 0
#NNI moves:0/152
#NNI moves:0/152
(((((((((((((((77,100),55),(44,83)),(90,68)),(((((79,91),(96,76)),(46,98)),(64,50)),(71,61))),75),(((((58,57),92),(86,47)),87),82)),((59,(74,43)),(((53,62),94),65))),((45,(((48,49),99),((97,80),88))),((((95,84),(69,52)),(78,73)),60))),((((70,81),85),(93,54)),56)),(((((((30,36),(((24,22),9),15)),(31,41)),(26,39)),((((13,1),(23,18)),12),(((((19,(37,34)),(32,(5,4))),3),((8,(11,7)),6)),(((27,21),10),((14,38),20))))),((16,(17,28)),42)),((40,33),((2,(35,29)),25)))),((63,72),51)),89),66),67);
Guide Tree 0/16
#NNI moves:0/152
Guide Tree 1/16
#NNI moves:0/152
Guide Tree 2/16
#NNI moves:0/152
Guide Tree 3/16
#NNI moves:0/152
Guide Tree 4/16
#NNI moves:0/152
Guide Tree 5/16
#NNI moves:0/152
Guide Tree 6/16
#NNI moves:0/152
Guide Tree 7/16
#NNI moves:0/152
Guide Tree 8/16
#NNI moves:0/152
Guide Tree 9/16
#NNI moves:0/152
Guide Tree 10/16
#NNI moves:2/152
Guide Tree 11/16
#NNI moves:0/152
Guide Tree 12/16
#NNI moves:0/152
Guide Tree 13/16
#NNI moves:0/152
Guide Tree 14/16
#NNI moves:0/152
Guide Tree 15/16
#NNI moves:0/152
Remaining: 0
#NNI moves:0/152
#NNI moves:0/152
(((((((((((41,31),((30,36),(((22,24),9),15))),(39,26)),((((((32,(4,5)),((37,34),19)),3),(6,((11,7),8))),(((38,14),20),((21,27),10))),(((1,13),(18,23)),12))),(42,(16,(17,28)))),((40,33),(((29,35),2),25))),((((((88,(80,97)),((48,49),99)),45),(((73,78),((84,95),(52,69))),60)),((((((61,71),((((76,96),(91,79)),(46,98)),(50,64))),(((55,(77,100)),(44,83)),(68,90))),75),(((((57,58),92),(47,86)),87),82)),(((43,74),59),(65,((53,62),94))))),((((70,81),85),(54,93)),56))),((63,72),51)),89),66),67);
Guide Tree 0/16
#NNI moves:0/152
Guide Tree 1/16
#NNI moves:0/152
Guide Tree 2/16
#NNI moves:2/152
Guide Tree 3/16
#NNI moves:2/152
Guide Tree 4/16
#NNI moves:0/152
Guide Tree 5/16
#NNI moves:0/152
Guide Tree 6/16
#NNI moves:2/152
Guide Tree 7/16
#NNI moves:2/152
Guide Tree 8/16
#NNI moves:0/152
Guide Tree 9/16
#NNI moves:0/152
Guide Tree 10/16
#NNI moves:2/152
Guide Tree 11/16
#NNI moves:0/152
Guide Tree 12/16
#NNI moves:0/152
Guide Tree 13/16
#NNI moves:0/152
Guide Tree 14/16
#NNI moves:2/152
Guide Tree 15/16
#NNI moves:2/152
Remaining: 0
#NNI moves:0/152
#NNI moves:0/152
(((((((((((((71,61),((((96,76),(79,91)),(98,46)),(50,64))),((((77,100),55),(44,83)),(68,90))),75),(82,(((92,(57,58)),(86,47)),87))),((((53,62),94),65),((43,74),59))),(((((95,84),(69,52)),(73,78)),60),(((88,(97,80)),((48,49),99)),45))),((((70,81),85),(93,54)),56)),(((((((((24,22),9),15),(36,30)),(41,31)),(39,26)),((((18,23),(13,1)),12),((((((4,5),32),(19,(37,34))),3),(((11,7),8),6)),(((21,27),10),(20,(14,38)))))),((16,(17,28)),42)),((((29,35),2),25),(40,33)))),(51,(63,72))),89),66),67);
Guide Tree 0/16
#NNI moves:0/152
Guide Tree 1/16
#NNI moves:0/152
Guide Tree 2/16
#NNI moves:0/152
Guide Tree 3/16
#NNI moves:0/152
Guide Tree 4/16
#NNI moves:0/152
Guide Tree 5/16
#NNI moves:0/152
Guide Tree 6/16
#NNI moves:0/152
Guide Tree 7/16
#NNI moves:0/152
Guide Tree 8/16
#NNI moves:0/152
Guide Tree 9/16
#NNI moves:0/152
Guide Tree 10/16
#NNI moves:0/152
Guide Tree 11/16
#NNI moves:0/152
Guide Tree 12/16
#NNI moves:0/152
Guide Tree 13/16
#NNI moves:0/152
Guide Tree 14/16
#NNI moves:0/152
Guide Tree 15/16
#NNI moves:0/152
Remaining: 0
#NNI moves:2/152
#NNI moves:2/152
((((((((((((((55,(77,100)),(83,44)),(68,90)),((71,61),((((91,79),(76,96)),(46,98)),(64,50)))),75),((((92,(58,57)),(47,86)),87),82)),((65,((53,62),94)),((74,43),59))),(((((49,48),99),((97,80),88)),45),(((73,78),((84,95),(52,69))),60))),(((93,54),((81,70),85)),56)),(((((((20,(14,38)),((21,27),10)),((3,((32,(4,5)),(19,(34,37)))),(6,((11,7),8)))),(((13,1),(23,18)),12)),((26,39),(((((22,24),9),15),(30,36)),(31,41)))),(((28,17),16),42)),((((35,29),2),25),(40,33)))),(51,(63,72))),89),66),67);
Initial score: 2.97978e+09
Initial tree: ((((((((((((((55,(77,100)),(83,44)),(68,90)),((71,61),((((91,79),(76,96)),(46,98)),(64,50)))),75),((((92,(58,57)),(47,86)),87),82)),((65,((53,62),94)),((74,43),59))),(((((49,48),99),((97,80),88)),45),(((73,78),((84,95),(52,69))),60))),(((93,54),((81,70),85)),56)),(((((((20,(14,38)),((21,27),10)),((3,((32,(4,5)),(19,(34,37)))),(6,((11,7),8)))),(((13,1),(23,18)),12)),((26,39),(((((22,24),9),15),(30,36)),(31,41)))),(((28,17),16),42)),((((35,29),2),25),(40,33)))),(51,(63,72))),89),66),67);
*** Subsample Process ***
Use two-step algorithm!
#NNI moves:0/152
Remaining: 0
#NNI moves:10/152
#NNI moves:10/152
(((((((((((((((((((13,1),(18,23)),12),((((((37,34),19),((5,4),32)),3),(6,((7,11),8))),(((14,38),20),((21,27),10)))),((((15,(9,(24,22))),(30,36)),(31,41)),(39,26))),((16,(17,28)),42)),((((35,29),2),25),(33,40))),((89,(66,67)),(51,(72,63)))),(((93,54),((81,70),85)),56)),(((((69,52),(84,95)),(73,78)),60),(((99,(48,49)),((97,80),88)),45))),((((62,53),94),65),((74,43),59))),((((92,(57,58)),(47,86)),87),82)),75),(((((91,79),(96,76)),(98,46)),(64,50)),(71,61))),(90,68)),(83,44)),55),100),77);
#NNI moves:0/152
Remaining: 0
#NNI moves:6/152
#NNI moves:10/152
(((((((((((((64,50),(((96,76),(79,91)),(46,98))),(71,61)),((90,68),(((100,77),55),(83,44)))),75),((((86,47),((58,57),92)),87),82)),((65,((53,62),94)),((43,74),59))),((60,(((95,84),(69,52)),(73,78))),((((80,97),88),((48,49),99)),45))),((((70,81),85),(93,54)),56)),(((((((3,(((5,4),32),((37,34),19))),(((7,11),8),6)),(((14,38),20),((21,27),10))),(12,((18,23),(1,13)))),((((((22,24),9),15),(36,30)),(31,41)),(39,26))),(((28,17),16),42)),((25,((35,29),2)),(40,33)))),((72,63),51)),(66,67)),89);
#NNI moves:0/152
Remaining: 0
#NNI moves:0/152
#NNI moves:0/152
((((((((((((((((((38,14),20),(10,(27,21))),(((((5,4),32),((37,34),19)),3),(6,((7,11),8)))),(((23,18),(13,1)),12)),((((30,36),(15,(9,(22,24)))),(31,41)),(39,26))),(((28,17),16),42)),((((35,29),2),25),(40,33))),(((63,72),51),((67,66),89))),(((93,54),((81,70),85)),56)),((60,(((52,69),(95,84)),(78,73))),((((80,97),88),((48,49),99)),45))),((65,((62,53),94)),((43,74),59))),(((((57,58),92),(86,47)),87),82)),75),((((98,46),((76,96),(91,79))),(64,50)),(61,71))),((44,83),(55,(100,77)))),90),68);
#NNI moves:0/152
Remaining: 0
#NNI moves:2/152
#NNI moves:2/152
(((((((((((((9,(22,24)),15),(30,36)),(41,31)),(26,39)),(((((21,27),10),((14,38),20)),((((11,7),8),6),((((34,37),19),((5,4),32)),3))),(((13,1),(23,18)),12))),(42,((17,28),16))),((25,((35,29),2)),(33,40))),((((((((92,(57,58)),(86,47)),87),82),((((((77,100),55),(83,44)),(68,90)),((71,61),((((96,76),(79,91)),(46,98)),(64,50)))),75)),((65,((53,62),94)),(59,(74,43)))),(((((84,95),(69,52)),(78,73)),60),((((49,48),99),(88,(80,97))),45))),((((81,70),85),(54,93)),56))),((66,67),89)),51),72),63);
Current score: 2.97978e+09
Current tree: ((66,(89,((((((((((9,(22,24)),15),(30,36)),(41,31)),(26,39)),(((((21,27),10),((14,38),20)),((((11,7),8),6),((((34,37),19),((5,4),32)),3))),(((13,1),(23,18)),12))),(42,((17,28),16))),((25,((35,29),2)),(33,40))),((((((((92,(57,58)),(86,47)),87),82),((((((77,100),55),(83,44)),(68,90)),((71,61),((((96,76),(79,91)),(46,98)),(64,50)))),75)),((65,((53,62),94)),(59,(74,43)))),(((((84,95),(69,52)),(78,73)),60),((((49,48),99),(88,(80,97))),45))),((((81,70),85),(54,93)),56))),(51,(72,63))))),67);
Final Tree: ((66,(89,((((((((((9,(22,24)),15),(30,36)),(41,31)),(26,39)),(((((21,27),10),((14,38),20)),((((11,7),8),6),((((34,37),19),((5,4),32)),3))),(((13,1),(23,18)),12))),(42,((17,28),16))),((25,((35,29),2)),(33,40))),((((((((92,(57,58)),(86,47)),87),82),((((((77,100),55),(83,44)),(68,90)),((71,61),((((96,76),(79,91)),(46,98)),(64,50)))),75)),((65,((53,62),94)),(59,(74,43)))),(((((84,95),(69,52)),(78,73)),60),((((49,48),99),(88,(80,97))),45))),((((81,70),85),(54,93)),56))),(51,(72,63))))),67);
#EqQuartets: 3921225000
Score: 2979777313
ASTRAL for PaRalogs and Orthologs III (ASTRAL-Pro3)
*** NOW with integrated CASTLES-Pro ***
Version: v1.22.3.6
Read 512 genetrees and found 100 species.
#Genetrees: 1000
#Duploss: 0
#Species: 100
#Rounds: 4
#Samples: 4
#Threads: 1
Use two-step algorithm!
Guide Tree 0/16
#NNI moves:0/152
Guide Tree 1/16
#NNI moves:0/152
Guide Tree 2/16
#NNI moves:0/152
Guide Tree 3/16
#NNI moves:0/152
Guide Tree 4/16
#NNI moves:0/152
Guide Tree 5/16
#NNI moves:0/152
Guide Tree 6/16
#NNI moves:0/152
Guide Tree 7/16
#NNI moves:0/152
Guide Tree 8/16
#NNI moves:0/152
Guide Tree 9/16
#NNI moves:0/152
Guide Tree 10/16
#NNI moves:0/152
Guide Tree 11/16
#NNI moves:0/152
Guide Tree 12/16
#NNI moves:0/152
Guide Tree 13/16
#NNI moves:0/152
Guide Tree 14/16
#NNI moves:0/152
Guide Tree 15/16
#NNI moves:0/152
Remaining: 0
#NNI moves:0/152
#NNI moves:0/152
(((((((((((((((31,((26,1),50)),(17,38)),(45,46)),(13,30)),(((12,15),(10,(3,(54,47)))),9)),(((((39,5),53),(29,21)),(((48,42),(18,36)),25)),44)),(((((((40,4),(6,57)),(51,33)),((52,37),24)),((28,(35,(43,49))),(8,56))),(((((58,(2,22)),32),14),(((55,19),(11,(34,27))),(41,20))),(23,16))),7)),(((92,94),((61,97),(100,87))),(74,84))),((((((73,(60,85)),(71,80)),93),((((77,62),99),63),95)),((64,89),69)),(98,(70,78)))),((90,(82,67)),(83,((88,66),96)))),(72,65)),((79,86),68)),((59,75),91)),81),76);
Guide Tree 0/16
#NNI moves:0/152
Guide Tree 1/16
#NNI moves:0/152
Guide Tree 2/16
#NNI moves:0/152
Guide Tree 3/16
#NNI moves:0/152
Guide Tree 4/16
#NNI moves:0/152
Guide Tree 5/16
#NNI moves:0/152
Guide Tree 6/16
#NNI moves:0/152
Guide Tree 7/16
#NNI moves:0/152
Guide Tree 8/16
#NNI moves:0/152
Guide Tree 9/16
#NNI moves:0/152
Guide Tree 10/16
#NNI moves:0/152
Guide Tree 11/16
#NNI moves:0/152
Guide Tree 12/16
#NNI moves:0/152
Guide Tree 13/16
#NNI moves:0/152
Guide Tree 14/16
#NNI moves:0/152
Guide Tree 15/16
#NNI moves:0/152
Remaining: 0
#NNI moves:6/152
#NNI moves:6/152
((((((((((((((((43,49),35),28),(56,8)),((((40,4),(57,6)),(51,33)),(24,(37,52)))),(((((58,(22,2)),32),14),((((34,27),11),(19,55)),(41,20))),(16,23))),7),(((((46,45),((38,17),(((26,1),50),31))),(30,13)),(((12,15),(10,(3,(54,47)))),9)),(((((39,5),53),(29,21)),(((36,18),(42,48)),25)),44))),((84,74),(((100,87),(97,61)),(92,94)))),(((((63,((62,77),99)),95),((((60,85),73),(80,71)),93)),((89,64),69)),((78,70),98))),((90,(82,67)),(((88,66),96),83))),(65,72)),((79,86),68)),((59,75),91)),81),76);
Guide Tree 0/16
#NNI moves:0/152
Guide Tree 1/16
#NNI moves:0/152
Guide Tree 2/16
#NNI moves:0/152
Guide Tree 3/16
#NNI moves:0/152
Guide Tree 4/16
#NNI moves:0/152
Guide Tree 5/16
#NNI moves:0/152
Guide Tree 6/16
#NNI moves:0/152
Guide Tree 7/16
#NNI moves:0/152
Guide Tree 8/16
#NNI moves:0/152
Guide Tree 9/16
#NNI moves:0/152
Guide Tree 10/16
#NNI moves:0/152
Guide Tree 11/16
#NNI moves:0/152
Guide Tree 12/16
#NNI moves:0/152
Guide Tree 13/16
#NNI moves:0/152
Guide Tree 14/16
#NNI moves:0/152
Guide Tree 15/16
#NNI moves:0/152
Remaining: 0
#NNI moves:6/152
#NNI moves:6/152
((((((((((((((((6,57),(40,4)),(33,51)),((52,37),24)),((((49,43),35),28),(8,56))),(((((58,(22,2)),32),14),((41,20),((11,(27,34)),(55,19)))),(23,16))),7),(((((29,21),((5,39),53)),(25,((18,36),(48,42)))),44),((((46,45),((38,17),(((26,1),50),31))),(30,13)),(((((54,47),3),10),(12,15)),9)))),(((92,94),((100,87),(61,97))),(74,84))),((((((99,(77,62)),63),95),(93,((80,71),(73,(85,60))))),((89,64),69)),((78,70),98))),(((82,67),90),(83,(96,(88,66))))),(65,72)),(68,(79,86))),((75,59),91)),81),76);
Guide Tree 0/16
#NNI moves:0/152
Guide Tree 1/16
#NNI moves:0/152
Guide Tree 2/16
#NNI moves:0/152
Guide Tree 3/16
#NNI moves:0/152
Guide Tree 4/16
#NNI moves:0/152
Guide Tree 5/16
#NNI moves:0/152
Guide Tree 6/16
#NNI moves:0/152
Guide Tree 7/16
#NNI moves:0/152
Guide Tree 8/16
#NNI moves:0/152
Guide Tree 9/16
#NNI moves:0/152
Guide Tree 10/16
#NNI moves:0/152
Guide Tree 11/16
#NNI moves:0/152
Guide Tree 12/16
#NNI moves:0/152
Guide Tree 13/16
#NNI moves:0/152
Guide Tree 14/16
#NNI moves:0/152
Guide Tree 15/16
#NNI moves:0/152
Remaining: 0
#NNI moves:6/152
#NNI moves:6/152
(((((((((((((((3,(54,47)),10),(15,12)),9),((13,30),(((38,17),(((1,26),50),31)),(45,46)))),(((25,((42,48),(18,36))),(((39,5),53),(29,21))),44)),((((((((27,34),11),(19,55)),(41,20)),((((2,22),58),32),14)),(16,23)),(((((43,49),35),28),(56,8)),((((57,6),(40,4)),(51,33)),(24,(37,52))))),7)),((((87,100),(97,61)),(92,94)),(84,74))),(((78,70),98),((((((62,77),99),63),95),(93,(((60,85),73),(71,80)))),(69,(64,89))))),(((82,67),90),(83,((66,88),96)))),(65,72)),((86,79),68)),((59,75),91)),81),76);
Initial score: 2.95887e+09
Initial tree: (((((((((((((((3,(54,47)),10),(15,12)),9),((13,30),(((38,17),(((1,26),50),31)),(45,46)))),(((25,((42,48),(18,36))),(((39,5),53),(29,21))),44)),((((((((27,34),11),(19,55)),(41,20)),((((2,22),58),32),14)),(16,23)),(((((43,49),35),28),(56,8)),((((57,6),(40,4)),(51,33)),(24,(37,52))))),7)),((((87,100),(97,61)),(92,94)),(84,74))),(((78,70),98),((((((62,77),99),63),95),(93,(((60,85),73),(71,80)))),(69,(64,89))))),(((82,67),90),(83,((66,88),96)))),(65,72)),((86,79),68)),((59,75),91)),81),76);
*** Subsample Process ***
Use two-step algorithm!
#NNI moves:0/152
Remaining: 0
#NNI moves:0/152
#NNI moves:0/152
((((((((((((((40,4),(6,57)),(51,33)),(24,(52,37))),((8,56),((35,(49,43)),28))),((((41,20),((19,55),(11,(27,34)))),((((22,2),58),32),14)),(23,16))),7),((((((((99,(62,77)),63),95),(93,((71,80),((85,60),73)))),((64,89),69)),((70,78),98)),((((82,67),90),((96,(88,66)),83)),(((((75,59),91),(81,76)),((86,79),68)),(65,72)))),((((100,87),(61,97)),(92,94)),(74,84)))),(((25,((42,48),(36,18))),((21,29),((5,39),53))),44)),((13,30),((45,46),((((26,1),50),31),(38,17))))),9),(15,12)),((47,54),3)),10);
#NNI moves:0/152
Remaining: 0
#NNI moves:0/152
#NNI moves:0/152
((((((((((((((5,39),53),(21,29)),(((18,36),(48,42)),25)),44),((((45,46),((17,38),(31,((1,26),50)))),(13,30)),(((((47,54),3),10),(15,12)),9))),(((((((19,55),(11,(27,34))),(41,20)),(((58,(22,2)),32),14)),(23,16)),(((((57,6),(4,40)),(33,51)),((52,37),24)),((8,56),(((49,43),35),28)))),7)),((((87,100),(97,61)),(94,92)),(74,84))),((((((71,80),(73,(60,85))),93),(((99,(77,62)),63),95)),((89,64),69)),(98,(70,78)))),(((((75,59),91),(81,76)),((79,86),68)),(65,72))),(((66,88),96),83)),90),67),82);
#NNI moves:0/152
Remaining: 0
#NNI moves:6/152
#NNI moves:6/152
(((((((((((((((5,39),53),(29,21)),(((36,18),(48,42)),25)),44),((((45,46),((17,38),(((1,26),50),31))),(13,30)),(((10,((47,54),3)),(15,12)),9))),((((((41,20),(((34,27),11),(55,19))),((((2,22),58),32),14)),(23,16)),(((((40,4),(57,6)),(33,51)),((52,37),24)),((((49,43),35),28),(56,8)))),7)),(((94,92),((87,100),(97,61))),(74,84))),((((((80,71),((85,60),73)),93),(95,(((77,62),99),63))),((64,89),69)),((78,70),98))),((83,((66,88),96)),(90,(82,67)))),(65,72)),((79,86),68)),(91,(59,75))),76),81);
#NNI moves:0/152
Remaining: 0
#NNI moves:0/152
#NNI moves:0/152
(((((((((((((((40,4),(57,6)),(51,33)),(24,(52,37))),((8,56),(28,(35,(43,49))))),(((((11,(34,27)),(55,19)),(20,41)),((((2,22),58),32),14)),(23,16))),7),((((((93,(((60,85),73),(80,71))),((((77,62),99),63),95)),(69,(89,64))),((78,70),98)),(((((79,86),68),(((75,59),91),(76,81))),(72,65)),((((66,88),96),83),(90,(67,82))))),(((92,94),((61,97),(100,87))),(84,74)))),((((((54,47),3),10),(15,12)),9),((((38,17),((50,(26,1)),31)),(46,45)),(13,30)))),44),((29,21),(53,(5,39)))),25),(42,48)),36),18);
Current score: 2.95887e+09
Current tree: ((81,(((75,59),91),(((79,86),68),((72,65),(((((66,88),96),83),(90,(67,82))),(((((93,(((60,85),73),(80,71))),((((77,62),99),63),95)),(69,(89,64))),((78,70),98)),((((92,94),((61,97),(100,87))),(84,74)),((((((((40,4),(57,6)),(51,33)),(24,(52,37))),((8,56),(28,(35,(43,49))))),(((((11,(34,27)),(55,19)),(20,41)),((((2,22),58),32),14)),(23,16))),7),(((((((54,47),3),10),(15,12)),9),((((38,17),((50,(26,1)),31)),(46,45)),(13,30))),(44,(((29,21),(53,(5,39))),(25,((42,48),(36,18)))))))))))))),76);
Final Tree: ((81,(((75,59),91),(((79,86),68),((72,65),(((((66,88),96),83),(90,(67,82))),(((((93,(((60,85),73),(80,71))),((((77,62),99),63),95)),(69,(89,64))),((78,70),98)),((((92,94),((61,97),(100,87))),(84,74)),((((((((40,4),(57,6)),(51,33)),(24,(52,37))),((8,56),(28,(35,(43,49))))),(((((11,(34,27)),(55,19)),(20,41)),((((2,22),58),32),14)),(23,16))),7),(((((((54,47),3),10),(15,12)),9),((((38,17),((50,(26,1)),31)),(46,45)),(13,30))),(44,(((29,21),(53,(5,39))),(25,((42,48),(36,18)))))))))))))),76);
#EqQuartets: 3921225000
Score: 2958867758
ASTRAL for PaRalogs and Orthologs III (ASTRAL-Pro3)
*** NOW with integrated CASTLES-Pro ***
Version: v1.22.3.6
Read 512 genetrees and found 100 species.
#Genetrees: 1000
#Duploss: 0
#Species: 100
#Rounds: 4
#Samples: 4
#Threads: 1
Use two-step algorithm!
Guide Tree 0/16
#NNI moves:0/152
Guide Tree 1/16
#NNI moves:0/152
Guide Tree 2/16
#NNI moves:0/152
Guide Tree 3/16
#NNI moves:0/152
Guide Tree 4/16
#NNI moves:0/152
Guide Tree 5/16
#NNI moves:0/152
Guide Tree 6/16
#NNI moves:0/152
Guide Tree 7/16
#NNI moves:0/152
Guide Tree 8/16
#NNI moves:0/152
Guide Tree 9/16
#NNI moves:0/152
Guide Tree 10/16
#NNI moves:0/152
Guide Tree 11/16
#NNI moves:0/152
Guide Tree 12/16
#NNI moves:0/152
Guide Tree 13/16
#NNI moves:0/152
Guide Tree 14/16
#NNI moves:0/152
Guide Tree 15/16
#NNI moves:0/152
Remaining: 0
#NNI moves:0/152
#NNI moves:0/152
(((((((((((((91,(84,77)),((93,(79,88)),97)),(87,89)),((((75,74),(96,95)),(100,(78,94))),((82,99),72))),(((((85,69),73),81),(76,98)),((83,(92,80)),(71,90)))),(70,86)),((((((((9,52),41),23),(51,(((6,34),31),42))),(7,55)),2),((((58,((13,11),(39,15))),47),((68,57),(((36,26),(28,1)),49))),(16,(56,44)))),(((30,45),(43,64)),(((((((53,3),(37,54)),(50,33)),(((4,(48,61)),38),((40,25),20))),8),(67,62)),(12,(22,35)))))),(59,29)),18),(((32,63),(17,(14,10))),((5,60),27))),((19,24),66)),(46,65)),21);
Guide Tree 0/16
#NNI moves:0/152
Guide Tree 1/16
#NNI moves:0/152
Guide Tree 2/16
#NNI moves:0/152
Guide Tree 3/16
#NNI moves:0/152
Guide Tree 4/16
#NNI moves:0/152
Guide Tree 5/16
#NNI moves:0/152
Guide Tree 6/16
#NNI moves:0/152
Guide Tree 7/16
#NNI moves:0/152
Guide Tree 8/16
#NNI moves:0/152
Guide Tree 9/16
#NNI moves:0/152
Guide Tree 10/16
#NNI moves:0/152
Guide Tree 11/16
#NNI moves:0/152
Guide Tree 12/16
#NNI moves:0/152
Guide Tree 13/16
#NNI moves:0/152
Guide Tree 14/16
#NNI moves:0/152
Guide Tree 15/16
#NNI moves:0/152
Remaining: 0
#NNI moves:2/152
#NNI moves:2/152
((((((((((((((((40,25),20),(38,((48,61),4))),((33,50),((54,37),(3,53)))),8),(62,67)),(12,(22,35))),((43,64),(30,45))),(((((((9,52),41),23),(51,(((34,6),31),42))),(55,7)),2),((((57,68),(49,((1,28),(36,26)))),(47,(((15,39),(11,13)),58))),((44,56),16)))),(((((((96,95),(74,75)),((78,94),100)),(72,(99,82))),((87,89),((((79,88),93),97),(91,(84,77))))),((((73,(85,69)),81),(76,98)),((90,71),((92,80),83)))),(86,70))),(59,29)),18),(((60,5),27),((32,63),(17,(14,10))))),((19,24),66)),(65,46)),21);
Guide Tree 0/16
#NNI moves:0/152
Guide Tree 1/16
#NNI moves:0/152
Guide Tree 2/16
#NNI moves:0/152
Guide Tree 3/16
#NNI moves:0/152
Guide Tree 4/16
#NNI moves:0/152
Guide Tree 5/16
#NNI moves:0/152
Guide Tree 6/16
#NNI moves:0/152
Guide Tree 7/16
#NNI moves:0/152
Guide Tree 8/16
#NNI moves:0/152
Guide Tree 9/16
#NNI moves:0/152
Guide Tree 10/16
#NNI moves:0/152
Guide Tree 11/16
#NNI moves:0/152
Guide Tree 12/16
#NNI moves:0/152
Guide Tree 13/16
#NNI moves:0/152
Guide Tree 14/16
#NNI moves:0/152
Guide Tree 15/16
#NNI moves:0/152
Remaining: 0
#NNI moves:0/152
#NNI moves:0/152
(((((((((((((((39,15),(13,11)),58),47),((((36,26),(28,1)),49),(57,68))),((56,44),16)),((((((52,9),41),23),(((31,(34,6)),42),51)),(7,55)),2)),(((12,(22,35)),(((((20,(25,40)),(((48,61),4),38)),(((53,3),(37,54)),(33,50))),8),(62,67))),((30,45),(43,64)))),(((((81,(73,(69,85))),(98,76)),((71,90),((92,80),83))),(((((93,(88,79)),97),(91,(77,84))),(89,87)),((((96,95),(74,75)),(100,(78,94))),((99,82),72)))),(86,70))),(59,29)),18),(((60,5),27),((63,32),((14,10),17)))),(66,(19,24))),(65,46)),21);
Guide Tree 0/16
#NNI moves:0/152
Guide Tree 1/16
#NNI moves:0/152
Guide Tree 2/16
#NNI moves:0/152
Guide Tree 3/16
#NNI moves:0/152
Guide Tree 4/16
#NNI moves:0/152
Guide Tree 5/16
#NNI moves:0/152
Guide Tree 6/16
#NNI moves:0/152
Guide Tree 7/16
#NNI moves:0/152
Guide Tree 8/16
#NNI moves:0/152
Guide Tree 9/16
#NNI moves:0/152
Guide Tree 10/16
#NNI moves:0/152
Guide Tree 11/16
#NNI moves:0/152
Guide Tree 12/16
#NNI moves:0/152
Guide Tree 13/16
#NNI moves:0/152
Guide Tree 14/16
#NNI moves:0/152
Guide Tree 15/16
#NNI moves:0/152
Remaining: 0
#NNI moves:0/152
#NNI moves:0/152
((((((((((((((((37,54),(53,3)),(50,33)),(((40,25),20),(38,((48,61),4)))),8),(67,62)),((22,35),12)),((64,43),(30,45))),(((((((39,15),(13,11)),58),47),((((1,28),(36,26)),49),(57,68))),(16,(56,44))),((((23,((9,52),41)),(51,(((6,34),31),42))),(7,55)),2))),((((((((88,79),93),97),((77,84),91)),(89,87)),(((100,(94,78)),((96,95),(75,74))),((82,99),72))),(((((69,85),73),81),(98,76)),((90,71),((92,80),83)))),(70,86))),(29,59)),18),(((17,(14,10)),(63,32)),(27,(60,5)))),((19,24),66)),(46,65)),21);
Initial score: 2.79638e+09
Initial tree: ((((((((((((((((37,54),(53,3)),(50,33)),(((40,25),20),(38,((48,61),4)))),8),(67,62)),((22,35),12)),((64,43),(30,45))),(((((((39,15),(13,11)),58),47),((((1,28),(36,26)),49),(57,68))),(16,(56,44))),((((23,((9,52),41)),(51,(((6,34),31),42))),(7,55)),2))),((((((((88,79),93),97),((77,84),91)),(89,87)),(((100,(94,78)),((96,95),(75,74))),((82,99),72))),(((((69,85),73),81),(98,76)),((90,71),((92,80),83)))),(70,86))),(29,59)),18),(((17,(14,10)),(63,32)),(27,(60,5)))),((19,24),66)),(46,65)),21);
*** Subsample Process ***
Use two-step algorithm!
#NNI moves:0/152
Remaining: 0
#NNI moves:0/152
#NNI moves:0/152
((((((((((((((((((93,(79,88)),97),((77,84),91)),(87,89)),(((100,(78,94)),((74,75),(96,95))),((82,99),72))),(((81,(73,(85,69))),(98,76)),((71,90),((92,80),83)))),(70,86)),((((((46,65),21),(66,(24,19))),((((14,10),17),(63,32)),((60,5),27))),18),(59,29))),(((((((11,13),(39,15)),58),47),((((26,36),(28,1)),49),(57,68))),((44,56),16)),((((((9,52),41),23),((42,((34,6),31)),51)),(7,55)),2))),((43,64),(30,45))),((22,35),12)),(67,62)),8),(((25,40),20),(38,((61,48),4)))),(33,50)),(37,54)),53),3);
#NNI moves:0/152
Remaining: 0
#NNI moves:0/152
#NNI moves:0/152
(((((((((((((((58,((11,13),(15,39))),47),((((1,28),(36,26)),49),(57,68))),((56,44),16)),(((7,55),((23,(41,(9,52))),(((31,(6,34)),42),51))),2)),((((((((37,54),(3,53)),(50,33)),((((61,48),4),38),((25,40),20))),8),(67,62)),(12,(22,35))),((64,43),(45,30)))),((((((100,(94,78)),((75,74),(96,95))),((82,99),72)),((((84,77),91),(((88,79),93),97)),(89,87))),(((((85,69),73),81),(98,76)),((71,90),((80,92),83)))),(86,70))),(59,29)),18),((66,(24,19)),((46,65),21))),((5,60),27)),(32,63)),17),10),14);
#NNI moves:0/152
Remaining: 0
#NNI moves:0/152
#NNI moves:0/152
((((((((((((((((9,52),41),23),(51,(((34,6),31),42))),(7,55)),2),((((58,((39,15),(13,11))),47),((((1,28),(26,36)),49),(57,68))),((44,56),16))),((((22,35),12),(((((50,33),((3,53),(37,54))),(((25,40),20),(38,((61,48),4)))),8),(67,62))),((45,30),(64,43)))),((((((100,(94,78)),((75,74),(96,95))),((99,82),72)),(((97,((88,79),93)),((84,77),91)),(87,89))),(((((69,85),73),81),(76,98)),((83,(92,80)),(71,90)))),(70,86))),(59,29)),18),(((5,60),27),((32,63),((14,10),17)))),((24,19),66)),21),65),46);
#NNI moves:0/152
Remaining: 0
#NNI moves:14/152
#NNI moves:14/152
(((((((((((((((27,(5,60)),((32,63),((10,14),17))),((66,(24,19)),((46,65),21))),18),(29,59)),(((((((95,96),(75,74)),((78,94),100)),((99,82),72)),((((93,(88,79)),97),((77,84),91)),(89,87))),((((92,80),83),(71,90)),((81,((85,69),73)),(76,98)))),(86,70))),(((((((((48,61),4),38),((25,40),20)),(((37,54),(3,53)),(50,33))),8),(67,62)),((35,22),12)),((30,45),(43,64)))),((((((39,15),(11,13)),58),47),((((1,28),(36,26)),49),(68,57))),((56,44),16))),2),(55,7)),((((6,34),31),42),51)),23),41),52),9);
Current score: 2.79638e+09
Current tree: (((46,65),((66,(24,19)),(((27,(5,60)),((32,63),((10,14),17))),(18,((29,59),((((((((95,96),(75,74)),((78,94),100)),((99,82),72)),((((93,(88,79)),97),((77,84),91)),(89,87))),((((92,80),83),(71,90)),((81,((85,69),73)),(76,98)))),(86,70)),((((((((((48,61),4),38),((25,40),20)),(((37,54),(3,53)),(50,33))),8),(67,62)),((35,22),12)),((30,45),(43,64))),(((((((39,15),(11,13)),58),47),((((1,28),(36,26)),49),(68,57))),((56,44),16)),(2,((55,7),(((((6,34),31),42),51),(23,(41,(52,9)))))))))))))),21);
Final Tree: (((46,65),((66,(24,19)),(((27,(5,60)),((32,63),((10,14),17))),(18,((29,59),((((((((95,96),(75,74)),((78,94),100)),((99,82),72)),((((93,(88,79)),97),((77,84),91)),(89,87))),((((92,80),83),(71,90)),((81,((85,69),73)),(76,98)))),(86,70)),((((((((((48,61),4),38),((25,40),20)),(((37,54),(3,53)),(50,33))),8),(67,62)),((35,22),12)),((30,45),(43,64))),(((((((39,15),(11,13)),58),47),((((1,28),(36,26)),49),(68,57))),((56,44),16)),(2,((55,7),(((((6,34),31),42),51),(23,(41,(52,9)))))))))))))),21);
#EqQuartets: 3921225000
Score: 2796384997
