ASTRAL for PaRalogs and Orthologs III (ASTRAL-Pro3)
*** NOW with integrated CASTLES-Pro ***
Version: v1.22.3.6
Read 512 genetrees and found 100 species.
#Genetrees: 1000
#Duploss: 11551
#Species: 100
#Rounds: 4
#Samples: 4
#Threads: 1
Use two-step algorithm!
Guide Tree 0/16
#NNI moves:0/152
Guide Tree 1/16
#NNI moves:0/152
Guide Tree 2/16
#NNI moves:0/152
Guide Tree 3/16
#NNI moves:0/152
Guide Tree 4/16
#NNI moves:0/152
Guide Tree 5/16
#NNI moves:0/152
Guide Tree 6/16
#NNI moves:0/152
Guide Tree 7/16
#NNI moves:0/152
Guide Tree 8/16
#NNI moves:0/152
Guide Tree 9/16
#NNI moves:0/152
Guide Tree 10/16
#NNI moves:0/152
Guide Tree 11/16
#NNI moves:0/152
Guide Tree 12/16
#NNI moves:0/152
Guide Tree 13/16
#NNI moves:0/152
Guide Tree 14/16
#NNI moves:0/152
Guide Tree 15/16
#NNI moves:0/152
Remaining: 0
#NNI moves:2/152
#NNI moves:2/152
((((((((((((((((9,6),10),(8,(1,11))),(12,3)),7),((4,5),2)),(((((30,94),36),91),(((((50,23),44),(16,71)),97),77)),(((18,51),((15,68),76)),((33,41),(17,39))))),((((58,19),63),((47,52),(31,25))),(93,20))),((((88,81),(82,62)),((67,42),(61,(((28,66),(14,99)),83)))),(38,37))),(((96,32),57),(49,89))),(((((74,73),(84,59)),((46,85),(48,22))),(((((56,26),53),(((29,(27,60)),45),80)),(((95,92),100),(43,13))),(78,(64,72)))),(98,54))),(((87,(21,90)),79),75)),(65,24)),((86,40),70)),((69,55),35)),34);
Guide Tree 0/16
#NNI moves:0/152
Guide Tree 1/16
#NNI moves:0/152
Guide Tree 2/16
#NNI moves:0/152
Guide Tree 3/16
#NNI moves:0/152
Guide Tree 4/16
#NNI moves:0/152
Guide Tree 5/16
#NNI moves:0/152
Guide Tree 6/16
#NNI moves:0/152
Guide Tree 7/16
#NNI moves:0/152
Guide Tree 8/16
#NNI moves:0/152
Guide Tree 9/16
#NNI moves:0/152
Guide Tree 10/16
#NNI moves:0/152
Guide Tree 11/16
#NNI moves:0/152
Guide Tree 12/16
#NNI moves:0/152
Guide Tree 13/16
#NNI moves:0/152
Guide Tree 14/16
#NNI moves:0/152
Guide Tree 15/16
#NNI moves:0/152
Remaining: 0
#NNI moves:6/152
#NNI moves:6/152
((((((((((((((18,51),((68,15),76)),((17,39),(41,33))),((((((50,23),44),(16,71)),97),77),(((94,30),36),91))),(((4,5),2),(7,((((1,11),8),(10,(6,9))),(3,12))))),((20,93),(((52,47),(31,25)),((58,19),63)))),((38,37),(((42,67),(61,(((14,99),(28,66)),83))),((81,88),(62,82))))),((89,49),(57,(96,32)))),(((((((56,26),53),((((60,27),29),45),80)),((100,(95,92)),(43,13))),(78,(72,64))),(((22,48),(46,85)),((73,74),(59,84)))),(98,54))),((((90,21),87),79),75)),(65,24)),((40,86),70)),((55,69),35)),34);
Guide Tree 0/16
#NNI moves:0/152
Guide Tree 1/16
#NNI moves:0/152
Guide Tree 2/16
#NNI moves:0/152
Guide Tree 3/16
#NNI moves:0/152
Guide Tree 4/16
#NNI moves:0/152
Guide Tree 5/16
#NNI moves:0/152
Guide Tree 6/16
#NNI moves:0/152
Guide Tree 7/16
#NNI moves:0/152
Guide Tree 8/16
#NNI moves:0/152
Guide Tree 9/16
#NNI moves:0/152
Guide Tree 10/16
#NNI moves:0/152
Guide Tree 11/16
#NNI moves:0/152
Guide Tree 12/16
#NNI moves:0/152
Guide Tree 13/16
#NNI moves:0/152
Guide Tree 14/16
#NNI moves:0/152
Guide Tree 15/16
#NNI moves:0/152
Remaining: 0
#NNI moves:8/152
#NNI moves:8/152
(((((((((((((((15,68),76),(51,18)),((33,41),(39,17))),((((((50,23),44),(16,71)),97),77),(((94,30),36),91))),((((12,3),((8,(11,1)),(10,(6,9)))),7),((4,5),2))),((((31,25),(52,47)),((58,19),63)),(20,93))),((37,38),((((83,((66,28),(99,14))),61),(42,67)),((88,81),(82,62))))),((89,49),((96,32),57))),((((((53,(26,56)),((((27,60),29),45),80)),(((95,92),100),(13,43))),((72,64),78)),(((74,73),(84,59)),((85,46),(22,48)))),(98,54))),((((21,90),87),79),75)),(65,24)),((40,86),70)),((55,69),35)),34);
Guide Tree 0/16
#NNI moves:0/152
Guide Tree 1/16
#NNI moves:0/152
Guide Tree 2/16
#NNI moves:0/152
Guide Tree 3/16
#NNI moves:0/152
Guide Tree 4/16
#NNI moves:0/152
Guide Tree 5/16
#NNI moves:0/152
Guide Tree 6/16
#NNI moves:0/152
Guide Tree 7/16
#NNI moves:0/152
Guide Tree 8/16
#NNI moves:0/152
Guide Tree 9/16
#NNI moves:0/152
Guide Tree 10/16
#NNI moves:0/152
Guide Tree 11/16
#NNI moves:0/152
Guide Tree 12/16
#NNI moves:0/152
Guide Tree 13/16
#NNI moves:0/152
Guide Tree 14/16
#NNI moves:0/152
Guide Tree 15/16
#NNI moves:0/152
Remaining: 2
#NNI moves:6/152
#NNI moves:6/152
((((((((((((((((16,71),((23,50),44)),97),77),(91,((30,94),36))),(((76,(15,68)),(51,18)),((33,41),(39,17)))),((((3,12),(((1,11),8),(10,(9,6)))),7),((5,4),2))),((((52,47),(25,31)),((58,19),63)),(93,20))),(((((((99,14),(66,28)),83),61),(67,42)),((88,81),(62,82))),(38,37))),(((32,96),57),(49,89))),(((((((((27,60),29),45),80),((56,26),53)),(((95,92),100),(43,13))),((72,64),78)),(((85,46),(48,22)),((73,74),(84,59)))),(98,54))),(((87,(21,90)),79),75)),(24,65)),((86,40),70)),((69,55),35)),34);
Initial score: 1.50412e+09
Initial tree: ((((((((((((((((16,71),((23,50),44)),97),77),(91,((30,94),36))),(((76,(15,68)),(51,18)),((33,41),(39,17)))),((((3,12),(((1,11),8),(10,(9,6)))),7),((5,4),2))),((((52,47),(25,31)),((58,19),63)),(93,20))),(((((((99,14),(66,28)),83),61),(67,42)),((88,81),(62,82))),(38,37))),(((32,96),57),(49,89))),(((((((((27,60),29),45),80),((56,26),53)),(((95,92),100),(43,13))),((72,64),78)),(((85,46),(48,22)),((73,74),(84,59)))),(98,54))),(((87,(21,90)),79),75)),(24,65)),((86,40),70)),((69,55),35)),34);
*** Subsample Process ***
Use two-step algorithm!
#NNI moves:0/152
Remaining: 1
#NNI moves:4/152
#NNI moves:6/152
((((((((((((((98,54),((((((92,95),100),(13,43)),(((((27,60),29),45),80),((26,56),53))),(78,(64,72))),(((48,22),(46,85)),((84,59),(74,73))))),(((((86,40),70),(((69,55),35),34)),(65,24)),((79,((21,90),87)),75))),(((32,96),57),(89,49))),((((42,67),((((99,14),(66,28)),83),61)),((81,88),(82,62))),(37,38))),((20,93),(((58,19),63),((31,25),(52,47))))),((((12,3),((8,(11,1)),(10,(6,9)))),7),((5,4),2))),(((51,18),((68,15),76)),((41,33),(17,39)))),(91,((94,30),36))),77),97),((23,50),44)),71),16);
#NNI moves:0/152
Remaining: 0
#NNI moves:26/152
#NNI moves:26/152
((((((((((((((80,((29,(27,60)),45)),((26,56),53)),((100,(95,92)),(13,43))),((64,72),78)),(((84,59),(73,74)),((46,85),(22,48)))),(54,98)),((((((((97,(((50,23),44),(16,71))),77),((36,(94,30)),91)),(((51,18),((68,15),76)),((39,17),(41,33)))),(((((10,(9,6)),((1,11),8)),(3,12)),7),((4,5),2))),(((63,(19,58)),((31,25),(52,47))),(20,93))),(((((((99,14),(66,28)),83),61),(67,42)),((82,62),(81,88))),(37,38))),((89,49),((32,96),57)))),(75,(((21,90),87),79))),(65,24)),((86,40),70)),34),35),55),69);
#NNI moves:0/152
Remaining: 0
#NNI moves:2/152
#NNI moves:2/152
(((((((((((((((((((((16,71),((23,50),44)),97),77),((36,(94,30)),91)),(((39,17),(41,33)),(((15,68),76),(18,51)))),(((((8,(11,1)),(10,(9,6))),(3,12)),7),((4,5),2))),((((19,58),63),((31,25),(47,52))),(20,93))),((((61,(((66,28),(99,14)),83)),(42,67)),((82,62),(81,88))),(37,38))),((57,(32,96)),(89,49))),(((((86,40),70),(((55,69),35),34)),(65,24)),((((90,21),87),79),75))),(98,54)),(((84,59),(73,74)),((85,46),(22,48)))),((64,72),78)),(((92,95),100),(43,13))),((26,56),53)),80),45),29),27),60);
#NNI moves:0/152
Remaining: 0
#NNI moves:6/152
#NNI moves:6/152
((((((((((((((((23,50),44),(71,16)),97),77),(91,(36,(30,94)))),(((17,39),(33,41)),(((15,68),76),(51,18)))),((((12,3),(((1,11),8),((9,6),10))),7),((4,5),2))),((((58,19),63),((25,31),(47,52))),(93,20))),(((((83,((28,66),(14,99))),61),(67,42)),((81,88),(82,62))),(38,37))),((49,89),((32,96),57))),(((((((45,((27,60),29)),80),(53,(26,56))),((100,(95,92)),(43,13))),(78,(64,72))),(((73,74),(84,59)),((46,85),(48,22)))),(98,54))),(((87,(21,90)),79),75)),((70,(40,86)),(((55,69),35),34))),24),65);
Current score: 1.50412e+09
Current tree: ((((55,69),35),((70,(40,86)),((((((((((((((23,50),44),(71,16)),97),77),(91,(36,(30,94)))),(((17,39),(33,41)),(((15,68),76),(51,18)))),((((12,3),(((1,11),8),((9,6),10))),7),((4,5),2))),((((58,19),63),((25,31),(47,52))),(93,20))),(((((83,((28,66),(14,99))),61),(67,42)),((81,88),(82,62))),(38,37))),((49,89),((32,96),57))),(((((((45,((27,60),29)),80),(53,(26,56))),((100,(95,92)),(43,13))),(78,(64,72))),(((73,74),(84,59)),((46,85),(48,22)))),(98,54))),(((87,(21,90)),79),75)),(24,65)))),34);
Final Tree: ((((55,69),35),((70,(40,86)),((((((((((((((23,50),44),(71,16)),97),77),(91,(36,(30,94)))),(((17,39),(33,41)),(((15,68),76),(51,18)))),((((12,3),(((1,11),8),((9,6),10))),7),((4,5),2))),((((58,19),63),((25,31),(47,52))),(93,20))),(((((83,((28,66),(14,99))),61),(67,42)),((81,88),(82,62))),(38,37))),((49,89),((32,96),57))),(((((((45,((27,60),29)),80),(53,(26,56))),((100,(95,92)),(43,13))),(78,(64,72))),(((73,74),(84,59)),((46,85),(48,22)))),(98,54))),(((87,(21,90)),79),75)),(24,65)))),34);
#EqQuartets: 2058599421
Score: 1504124931
ASTRAL for PaRalogs and Orthologs III (ASTRAL-Pro3)
*** NOW with integrated CASTLES-Pro ***
Version: v1.22.3.6
Read 512 genetrees and found 100 species.
#Genetrees: 1000
#Duploss: 10826
#Species: 100
#Rounds: 4
#Samples: 4
#Threads: 1
Use two-step algorithm!
Guide Tree 0/16
#NNI moves:0/152
Guide Tree 1/16
#NNI moves:0/152
Guide Tree 2/16
#NNI moves:0/152
Guide Tree 3/16
#NNI moves:0/152
Guide Tree 4/16
#NNI moves:0/152
Guide Tree 5/16
#NNI moves:0/152
Guide Tree 6/16
#NNI moves:0/152
Guide Tree 7/16
#NNI moves:0/152
Guide Tree 8/16
#NNI moves:0/152
Guide Tree 9/16
#NNI moves:0/152
Guide Tree 10/16
#NNI moves:0/152
Guide Tree 11/16
#NNI moves:0/152
Guide Tree 12/16
#NNI moves:0/152
Guide Tree 13/16
#NNI moves:0/152
Guide Tree 14/16
#NNI moves:0/152
Guide Tree 15/16
#NNI moves:0/152
Remaining: 0
#NNI moves:4/152
#NNI moves:4/152
((((((((((((((((((52,95),(78,87)),62),((((79,45),66),((96,91),44)),(58,88))),74),(54,64)),(41,100)),((((((48,43),83),85),((46,60),89)),((68,71),(59,49))),(47,51))),((((53,(94,92)),69),((((55,98),65),67),57)),((97,84),(81,76)))),((((63,((99,42),70)),(75,77)),(((50,(80,(56,(93,72)))),(73,86)),(61,82))),90)),19),((16,(3,32)),(((((24,1),(30,15)),((((9,22),12),(((18,35),4),2)),5)),((10,11),(39,23))),(8,(37,6))))),(((28,((27,21),26)),14),((((20,36),7),(25,33)),29))),13),(34,40)),31),17),38);
Guide Tree 0/16
#NNI moves:10/152
Guide Tree 1/16
#NNI moves:4/152
Guide Tree 2/16
#NNI moves:0/152
Guide Tree 3/16
#NNI moves:2/152
Guide Tree 4/16
#NNI moves:6/152
Guide Tree 5/16
#NNI moves:2/152
Guide Tree 6/16
#NNI moves:6/152
Guide Tree 7/16
#NNI moves:6/152
Guide Tree 8/16
#NNI moves:0/152
Guide Tree 9/16
#NNI moves:0/152
Guide Tree 10/16
#NNI moves:0/152
Guide Tree 11/16
#NNI moves:8/152
Guide Tree 12/16
#NNI moves:10/152
Guide Tree 13/16
#NNI moves:6/152
Guide Tree 14/16
#NNI moves:12/152
Guide Tree 15/16
#NNI moves:2/152
Remaining: 0
#NNI moves:0/152
#NNI moves:0/152
((((((((((((((((((95,52),(78,87)),62),((88,58),((66,(79,45)),((91,96),44)))),74),(54,64)),(41,100)),((((((48,43),83),85),(89,(46,60))),((49,59),(71,68))),(47,51))),(((84,97),(81,76)),((57,(67,(65,(55,98)))),((53,(92,94)),69)))),((((63,((42,99),70)),(77,75)),((((((72,93),56),80),50),(86,73)),(61,82))),90)),19),((((((((22,9),12),(2,((35,18),4))),5),((1,24),(30,15))),((39,23),(11,10))),(8,(37,6))),((3,32),16))),(((((21,27),26),28),14),((((36,20),7),(25,33)),29))),13),(40,34)),31),17),38);
Guide Tree 0/16
#NNI moves:0/152
Guide Tree 1/16
#NNI moves:2/152
Guide Tree 2/16
#NNI moves:0/152
Guide Tree 3/16
#NNI moves:0/152
Guide Tree 4/16
#NNI moves:2/152
Guide Tree 5/16
#NNI moves:0/152
Guide Tree 6/16
#NNI moves:0/152
Guide Tree 7/16
#NNI moves:0/152
Guide Tree 8/16
#NNI moves:0/152
Guide Tree 9/16
#NNI moves:2/152
Guide Tree 10/16
#NNI moves:0/152
Guide Tree 11/16
#NNI moves:0/152
Guide Tree 12/16
#NNI moves:2/152
Guide Tree 13/16
#NNI moves:0/152
Guide Tree 14/16
#NNI moves:2/152
Guide Tree 15/16
#NNI moves:0/152
Remaining: 0
#NNI moves:6/152
#NNI moves:6/152
(((((((((((((((59,49),(68,71)),((((43,48),83),85),((60,46),89))),(47,51)),(((54,64),(74,((((95,52),(78,87)),62),((88,58),((66,(45,79)),((96,91),44)))))),(100,41))),((((((55,98),65),67),57),(((92,94),53),69)),((76,81),(84,97)))),((((((((93,72),56),80),50),(86,73)),(82,61)),(((70,(42,99)),63),(77,75))),90)),19),(((((((2,(4,(35,18))),((22,9),12)),5),((30,15),(24,1))),((10,11),(23,39))),((6,37),8)),(16,(3,32)))),(((((21,27),26),28),14),(29,(((20,36),7),(33,25))))),13),(34,40)),31),17),38);
Guide Tree 0/16
#NNI moves:2/152
Guide Tree 1/16
#NNI moves:2/152
Guide Tree 2/16
#NNI moves:2/152
Guide Tree 3/16
#NNI moves:0/152
Guide Tree 4/16
#NNI moves:2/152
Guide Tree 5/16
#NNI moves:0/152
Guide Tree 6/16
#NNI moves:2/152
Guide Tree 7/16
#NNI moves:6/152
Guide Tree 8/16
#NNI moves:0/152
Guide Tree 9/16
#NNI moves:2/152
Guide Tree 10/16
#NNI moves:0/152
Guide Tree 11/16
#NNI moves:6/152
Guide Tree 12/16
#NNI moves:0/152
Guide Tree 13/16
#NNI moves:0/152
Guide Tree 14/16
#NNI moves:0/152
Guide Tree 15/16
#NNI moves:6/152
Remaining: 0
#NNI moves:0/152
#NNI moves:0/152
(((((((((((((((((((91,96),44),((79,45),66)),(88,58)),(((95,52),(87,78)),62)),74),(54,64)),(41,100)),((((71,68),(59,49)),((89,(46,60)),(((48,43),83),85))),(51,47))),(((((92,94),53),69),(((65,(55,98)),67),57)),((81,76),(97,84)))),((((((((72,93),56),80),50),(86,73)),(61,82)),((((42,99),70),63),(77,75))),90)),19),(((32,3),16),(((6,37),8),(((11,10),(23,39)),(((((22,9),12),(((18,35),4),2)),5),((24,1),(30,15))))))),((((7,(36,20)),(33,25)),29),((((27,21),26),28),14))),13),(34,40)),31),17),38);
Initial score: 1.45844e+09
Initial tree: (((((((((((((((((((91,96),44),((79,45),66)),(88,58)),(((95,52),(87,78)),62)),74),(54,64)),(41,100)),((((71,68),(59,49)),((89,(46,60)),(((48,43),83),85))),(51,47))),(((((92,94),53),69),(((65,(55,98)),67),57)),((81,76),(97,84)))),((((((((72,93),56),80),50),(86,73)),(61,82)),((((42,99),70),63),(77,75))),90)),19),(((32,3),16),(((6,37),8),(((11,10),(23,39)),(((((22,9),12),(((18,35),4),2)),5),((24,1),(30,15))))))),((((7,(36,20)),(33,25)),29),((((27,21),26),28),14))),13),(34,40)),31),17),38);
*** Subsample Process ***
Use two-step algorithm!
#NNI moves:4/152
Remaining: 0
#NNI moves:8/152
#NNI moves:8/152
((((((((((((((((((((93,72),56),80),50),(86,73)),(61,82)),((63,(70,(99,42))),(75,77))),90),(((((3,32),16),(((((((9,22),12),((4,(35,18)),2)),5),((1,24),(15,30))),((10,11),(39,23))),((37,6),8))),(((14,(((27,21),26),28)),(((33,25),((36,20),7)),29)),((((17,38),31),(40,34)),13))),19)),((((((98,55),65),67),57),((53,(94,92)),69)),((97,84),(76,81)))),((51,47),(((59,49),(71,68)),((((43,48),83),85),(89,(46,60)))))),(41,100)),(64,54)),74),(((78,87),(95,52)),62)),(88,58)),(66,(45,79))),44),91),96);
#NNI moves:0/152
Remaining: 0
#NNI moves:0/152
#NNI moves:0/152
(((((((((((((((((43,48),83),85),((60,46),89)),((59,49),(68,71))),(47,51)),((((((58,88),(((96,91),44),((45,79),66))),(((52,95),(87,78)),62)),74),(64,54)),(41,100))),((((53,(94,92)),69),(((65,(55,98)),67),57)),((97,84),(81,76)))),((((((42,99),70),63),(75,77)),((82,61),(((((93,72),56),80),50),(86,73)))),90)),19),((((((15,30),(24,1)),((((4,(18,35)),2),((9,22),12)),5)),((11,10),(23,39))),((37,6),8)),((32,3),16))),((((25,33),(7,(20,36))),29),((28,((21,27),26)),14))),13),(40,34)),31),38),17);
#NNI moves:2/152
Remaining: 0
#NNI moves:10/152
#NNI moves:10/152
(((((((((((((((29,((7,(36,20)),(25,33))),((28,((21,27),26)),14)),(((34,40),((38,17),31)),13)),(((((((((18,35),4),2),((9,22),12)),5),((1,24),(15,30))),((23,39),(11,10))),(8,(37,6))),(16,(32,3)))),19),((((63,(70,(99,42))),(77,75)),((((80,(56,(93,72))),50),(73,86)),(82,61))),90)),(((((94,92),53),69),(((65,(98,55)),67),57)),((76,81),(84,97)))),((((((((96,91),44),(66,(79,45))),(58,88)),(((52,95),(87,78)),62)),74),(54,64)),(100,41))),(51,47)),((68,71),(49,59))),((46,60),89)),85),83),48),43);
#NNI moves:0/152
Remaining: 0
#NNI moves:14/152
#NNI moves:38/152
((((((((((((((99,42),70),63),(77,75)),(((((56,(93,72)),80),50),(86,73)),(61,82))),90),((((((((((91,96),44),((45,79),66)),(88,58)),(((87,78),(52,95)),62)),74),(54,64)),(41,100)),(((((60,46),89),(85,(83,(43,48)))),((68,71),(59,49))),(51,47))),(((69,((92,94),53)),(57,((65,(55,98)),67))),((81,76),(97,84))))),19),((((((30,15),(24,1)),(((12,(9,22)),(((18,35),4),2)),5)),((39,23),(10,11))),((37,6),8)),(16,(3,32)))),(((34,40),(31,(17,38))),13)),(((7,(20,36)),(33,25)),29)),14),(26,(21,27))),28);
Current score: 1.45844e+09
Current tree: ((17,(31,((34,40),(13,((((((((((99,42),70),63),(77,75)),(((((56,(93,72)),80),50),(86,73)),(61,82))),90),((((((((((91,96),44),((45,79),66)),(88,58)),(((87,78),(52,95)),62)),74),(54,64)),(41,100)),(((((60,46),89),(85,(83,(43,48)))),((68,71),(59,49))),(51,47))),(((69,((92,94),53)),(57,((65,(55,98)),67))),((81,76),(97,84))))),19),((((((30,15),(24,1)),(((12,(9,22)),(((18,35),4),2)),5)),((39,23),(10,11))),((37,6),8)),(16,(3,32)))),((((7,(20,36)),(33,25)),29),(14,((26,(21,27)),28)))))))),38);
Final Tree: ((17,(31,((34,40),(13,((((((((((99,42),70),63),(77,75)),(((((56,(93,72)),80),50),(86,73)),(61,82))),90),((((((((((91,96),44),((45,79),66)),(88,58)),(((87,78),(52,95)),62)),74),(54,64)),(41,100)),(((((60,46),89),(85,(83,(43,48)))),((68,71),(59,49))),(51,47))),(((69,((92,94),53)),(57,((65,(55,98)),67))),((81,76),(97,84))))),19),((((((30,15),(24,1)),(((12,(9,22)),(((18,35),4),2)),5)),((39,23),(10,11))),((37,6),8)),(16,(3,32)))),((((7,(20,36)),(33,25)),29),(14,((26,(21,27)),28)))))))),38);
#EqQuartets: 1952679684
Score: 1458442154
ASTRAL for PaRalogs and Orthologs III (ASTRAL-Pro3)
*** NOW with integrated CASTLES-Pro ***
Version: v1.22.3.6
Read 512 genetrees and found 100 species.
#Genetrees: 1000
#Duploss: 10738
#Species: 100
#Rounds: 4
#Samples: 4
#Threads: 1
Use two-step algorithm!
Guide Tree 0/16
#NNI moves:0/152
Guide Tree 1/16
#NNI moves:0/152
Guide Tree 2/16
#NNI moves:0/152
Guide Tree 3/16
#NNI moves:0/152
Guide Tree 4/16
#NNI moves:6/152
Guide Tree 5/16
#NNI moves:2/152
Guide Tree 6/16
#NNI moves:0/152
Guide Tree 7/16
#NNI moves:0/152
Guide Tree 8/16
#NNI moves:2/152
Guide Tree 9/16
#NNI moves:0/152
Guide Tree 10/16
#NNI moves:0/152
Guide Tree 11/16
#NNI moves:0/152
Guide Tree 12/16
#NNI moves:2/152
Guide Tree 13/16
#NNI moves:2/152
Guide Tree 14/16
#NNI moves:6/152
Guide Tree 15/16
#NNI moves:0/152
Remaining: 0
#NNI moves:2/152
#NNI moves:2/152
(((((((((((((((3,(23,1)),(22,8)),5),20),15),(16,(14,19))),(((10,18),21),(11,(9,(7,13))))),(((17,4),2),(12,6))),((((81,((76,(62,28)),71)),(((((49,75),30),99),((33,(36,24)),(48,26))),((65,83),92))),((59,91),50)),(((((53,82),((94,57),(((69,46),(90,74)),(96,60)))),((((38,(54,52)),88),35),((85,((72,56),84)),(86,27)))),(61,(47,63))),(39,98)))),((((31,(((40,80),34),95)),42),((97,79),(66,89))),(70,100))),(((55,(87,77)),(64,37)),58)),((((45,67),78),((68,73),((25,(44,43)),93))),51)),41),32),29);
Guide Tree 0/16
#NNI moves:0/152
Guide Tree 1/16
#NNI moves:0/152
Guide Tree 2/16
#NNI moves:0/152
Guide Tree 3/16
#NNI moves:2/152
Guide Tree 4/16
#NNI moves:0/152
Guide Tree 5/16
#NNI moves:0/152
Guide Tree 6/16
#NNI moves:0/152
Guide Tree 7/16
#NNI moves:2/152
Guide Tree 8/16
#NNI moves:0/152
Guide Tree 9/16
#NNI moves:2/152
Guide Tree 10/16
#NNI moves:2/152
Guide Tree 11/16
#NNI moves:0/152
Guide Tree 12/16
#NNI moves:0/152
Guide Tree 13/16
#NNI moves:0/152
Guide Tree 14/16
#NNI moves:0/152
Guide Tree 15/16
#NNI moves:0/152
Remaining: 0
#NNI moves:0/152
#NNI moves:0/152
((((((((((((((((90,74),(46,69)),(60,96)),(57,94)),(53,82)),(((27,86),(85,((72,56),84))),(35,(((54,52),38),88)))),(61,(63,47))),(39,98)),((((((28,62),76),71),81),(((99,((75,49),30)),(((36,24),33),(26,48))),((65,83),92))),((59,91),50))),(((((10,18),21),(((13,7),9),11)),((((((3,(1,23)),(22,8)),5),20),15),((14,19),16))),((2,(4,17)),(12,6)))),(((((95,((40,80),34)),31),42),((89,66),(97,79))),(70,100))),(((37,64),(55,(87,77))),58)),((((73,68),((25,(44,43)),93)),((45,67),78)),51)),41),32),29);
Guide Tree 0/16
#NNI moves:0/152
Guide Tree 1/16
#NNI moves:0/152
Guide Tree 2/16
#NNI moves:0/152
Guide Tree 3/16
#NNI moves:0/152
Guide Tree 4/16
#NNI moves:0/152
Guide Tree 5/16
#NNI moves:0/152
Guide Tree 6/16
#NNI moves:0/152
Guide Tree 7/16
#NNI moves:0/152
Guide Tree 8/16
#NNI moves:0/152
Guide Tree 9/16
#NNI moves:0/152
Guide Tree 10/16
#NNI moves:0/152
Guide Tree 11/16
#NNI moves:2/152
Guide Tree 12/16
#NNI moves:0/152
Guide Tree 13/16
#NNI moves:0/152
Guide Tree 14/16
#NNI moves:0/152
Guide Tree 15/16
#NNI moves:0/152
Remaining: 0
#NNI moves:20/152
#NNI moves:20/152
((((((((((39,98),(((((((46,69),(74,90)),(60,96)),(57,94)),(53,82)),(((((52,54),38),88),35),((85,(84,(56,72))),(27,86)))),(61,(47,63)))),((((((48,26),((24,36),33)),(((75,49),30),99)),(92,(83,65))),(81,(71,(76,(62,28))))),(50,(59,91)))),(((12,6),((17,4),2)),((((((((23,1),3),(8,22)),5),20),15),((14,19),16)),(((18,10),21),(((13,7),9),11))))),((70,100),((((95,(34,(40,80))),31),42),((97,79),(89,66))))),(((37,64),((77,87),55)),58)),((((68,73),(93,((43,44),25))),(78,(67,45))),51)),41),32),29);
Guide Tree 0/16
#NNI moves:0/152
Guide Tree 1/16
#NNI moves:0/152
Guide Tree 2/16
#NNI moves:0/152
Guide Tree 3/16
#NNI moves:0/152
Guide Tree 4/16
#NNI moves:0/152
Guide Tree 5/16
#NNI moves:0/152
Guide Tree 6/16
#NNI moves:0/152
Guide Tree 7/16
#NNI moves:2/152
Guide Tree 8/16
#NNI moves:0/152
Guide Tree 9/16
#NNI moves:0/152
Guide Tree 10/16
#NNI moves:6/152
Guide Tree 11/16
#NNI moves:0/152
Guide Tree 12/16
#NNI moves:2/152
Guide Tree 13/16
#NNI moves:0/152
Guide Tree 14/16
#NNI moves:0/152
Guide Tree 15/16
#NNI moves:0/152
Remaining: 0
#NNI moves:6/152
#NNI moves:6/152
((((((((((((((((56,72),84),85),(27,86)),(((38,(54,52)),88),35)),(((((90,74),(46,69)),(96,60)),(94,57)),(53,82))),(61,(63,47))),(98,39)),(((((83,65),92),((99,((49,75),30)),((33,(36,24)),(48,26)))),(81,((76,(28,62)),71))),((91,59),50))),((((((7,13),9),11),((10,18),21)),(((((((1,23),3),(22,8)),5),20),15),((19,14),16))),((6,12),((17,4),2)))),((((89,66),(79,97)),((((34,(40,80)),95),31),42)),(70,100))),(((64,37),((87,77),55)),58)),((((67,45),78),((93,((44,43),25)),(68,73))),51)),41),32),29);
Initial score: 1.47711e+09
Initial tree: ((((((((((((((((56,72),84),85),(27,86)),(((38,(54,52)),88),35)),(((((90,74),(46,69)),(96,60)),(94,57)),(53,82))),(61,(63,47))),(98,39)),(((((83,65),92),((99,((49,75),30)),((33,(36,24)),(48,26)))),(81,((76,(28,62)),71))),((91,59),50))),((((((7,13),9),11),((10,18),21)),(((((((1,23),3),(22,8)),5),20),15),((19,14),16))),((6,12),((17,4),2)))),((((89,66),(79,97)),((((34,(40,80)),95),31),42)),(70,100))),(((64,37),((87,77),55)),58)),((((67,45),78),((93,((44,43),25)),(68,73))),51)),41),32),29);
*** Subsample Process ***
Use two-step algorithm!
#NNI moves:0/152
Remaining: 0
#NNI moves:2/152
#NNI moves:2/152
((((((((((((((((34,(80,40)),95),31),42),((79,97),(66,89))),(70,100)),(((((78,(45,67)),((73,68),(((43,44),25),93))),51),(41,(32,29))),(((64,37),((77,87),55)),58))),((((((((3,(23,1)),(22,8)),5),20),15),(16,(14,19))),((11,((13,7),9)),((18,10),21))),((6,12),((17,4),2)))),(((((((75,49),30),99),((26,48),((36,24),33))),((83,65),92)),(81,(71,((62,28),76)))),((59,91),50))),(98,39)),((63,47),61)),(((94,57),(((74,90),(69,46)),(60,96))),(82,53))),(35,(((54,52),38),88))),(((72,56),84),85)),86),27);
#NNI moves:0/152
Remaining: 0
#NNI moves:4/152
#NNI moves:6/152
((((((((((((((8,22),(3,(1,23))),5),20),15),((19,14),16)),(((9,(13,7)),11),((18,10),21))),(((17,4),2),(12,6))),((((((83,65),92),((((75,49),30),99),((48,26),((36,24),33)))),((((62,28),76),71),81)),(50,(91,59))),((39,98),(((((((72,56),84),85),(86,27)),(35,((38,(54,52)),88))),(((82,(((69,46),(74,90)),(96,60))),(94,57)),53)),(61,(47,63)))))),((((((34,(40,80)),95),31),42),((66,89),(79,97))),(100,70))),(((55,(77,87)),(37,64)),58)),((((45,67),78),((73,68),(93,(25,(44,43))))),51)),(32,29)),41);
#NNI moves:0/152
Remaining: 0
#NNI moves:4/152
#NNI moves:4/152
((((((((((((((((((84,(72,56)),85),(86,27)),(35,(((54,52),38),88))),((((96,60),((74,90),(46,69))),(94,57)),(53,82))),((63,47),61)),(98,39)),(((((76,(62,28)),71),81),(((((24,36),33),(48,26)),(((49,75),30),99)),(92,(83,65)))),((91,59),50))),(((((((34,(40,80)),95),31),42),((89,66),(79,97))),(100,70)),((((55,(77,87)),(37,64)),58),(((((67,45),78),((((43,44),25),93),(68,73))),51),((29,32),41))))),(((17,4),2),(6,12))),(((9,(13,7)),11),((18,10),21))),((19,14),16)),15),20),5),(22,8)),(1,23)),3);
#NNI moves:0/152
Remaining: 0
#NNI moves:0/152
#NNI moves:0/152
((((((((((((((85,((72,56),84)),(86,27)),((((52,54),38),88),35)),((((((69,46),(74,90)),(96,60)),82),(94,57)),53)),(61,(63,47))),(98,39)),((((((28,62),76),71),81),(((((36,24),33),(26,48)),(((49,75),30),99)),(92,(65,83)))),((59,91),50))),((((((((8,22),(3,(23,1))),5),20),15),((19,14),16)),((((7,13),9),11),(21,(18,10)))),((6,12),((17,4),2)))),((70,100),(((89,66),(79,97)),((31,(((80,40),34),95)),42)))),(((((68,73),(((44,43),25),93)),(78,(45,67))),51),((32,29),41))),58),(37,64)),(77,87)),55);
Current score: 1.47711e+09
Current tree: ((32,(41,(((((68,73),(((44,43),25),93)),(78,(45,67))),51),((((((((((85,((72,56),84)),(86,27)),((((52,54),38),88),35)),(((((69,46),(74,90)),(96,60)),(94,57)),(53,82))),(61,(63,47))),(98,39)),((((((28,62),76),71),81),(((((36,24),33),(26,48)),(((49,75),30),99)),(92,(65,83)))),((59,91),50))),((((((((8,22),(3,(23,1))),5),20),15),((19,14),16)),((((7,13),9),11),(21,(18,10)))),((6,12),((17,4),2)))),((70,100),(((89,66),(79,97)),((31,(((80,40),34),95)),42)))),(58,((37,64),((77,87),55))))))),29);
Final Tree: ((32,(41,(((((68,73),(((44,43),25),93)),(78,(45,67))),51),((((((((((85,((72,56),84)),(86,27)),((((52,54),38),88),35)),(((((69,46),(74,90)),(96,60)),(94,57)),(53,82))),(61,(63,47))),(98,39)),((((((28,62),76),71),81),(((((36,24),33),(26,48)),(((49,75),30),99)),(92,(65,83)))),((59,91),50))),((((((((8,22),(3,(23,1))),5),20),15),((19,14),16)),((((7,13),9),11),(21,(18,10)))),((6,12),((17,4),2)))),((70,100),(((89,66),(79,97)),((31,(((80,40),34),95)),42)))),(58,((37,64),((77,87),55))))))),29);
#EqQuartets: 1934880038
Score: 1477111857
ASTRAL for PaRalogs and Orthologs III (ASTRAL-Pro3)
*** NOW with integrated CASTLES-Pro ***
Version: v1.22.3.6
Read 512 genetrees and found 100 species.
#Genetrees: 998
#Duploss: 10947
#Species: 100
#Rounds: 4
#Samples: 4
#Threads: 1
Use two-step algorithm!
Guide Tree 0/16
#NNI moves:0/152
Guide Tree 1/16
#NNI moves:2/152
Guide Tree 2/16
#NNI moves:0/152
Guide Tree 3/16
#NNI moves:0/152
Guide Tree 4/16
#NNI moves:0/152
Guide Tree 5/16
#NNI moves:2/152
Guide Tree 6/16
#NNI moves:2/152
Guide Tree 7/16
#NNI moves:0/152
Guide Tree 8/16
#NNI moves:0/152
Guide Tree 9/16
#NNI moves:0/152
Guide Tree 10/16
#NNI moves:6/152
Guide Tree 11/16
#NNI moves:0/152
Guide Tree 12/16
#NNI moves:0/152
Guide Tree 13/16
#NNI moves:2/152
Guide Tree 14/16
#NNI moves:6/152
Guide Tree 15/16
#NNI moves:6/152
Remaining: 0
#NNI moves:0/152
#NNI moves:0/152
((((((((((((((((93,90),(11,((17,40),87))),65),(((((19,63),(61,27)),55),((9,94),51)),42)),25),100),((((((34,24),37),(48,79)),(60,98)),(((67,1),38),16)),((((72,64),(80,(99,29))),73),(((((47,83),(39,68)),20),((70,71),(96,23))),(69,36))))),((((((7,54),66),(53,78)),(((8,10),89),((62,45),(81,52)))),((43,((95,91),(13,97))),(58,84))),(88,33))),(((92,74),((((56,3),46),(50,(31,5))),82)),2)),(((77,32),57),75)),(((((41,26),6),(49,59)),((12,76),15)),(((28,22),4),((18,85),30)))),86),44),14),21),35);
Guide Tree 0/16
#NNI moves:0/152
Guide Tree 1/16
#NNI moves:2/152
Guide Tree 2/16
#NNI moves:0/152
Guide Tree 3/16
#NNI moves:0/152
Guide Tree 4/16
#NNI moves:0/152
Guide Tree 5/16
#NNI moves:0/152
Guide Tree 6/16
#NNI moves:0/152
Guide Tree 7/16
#NNI moves:0/152
Guide Tree 8/16
#NNI moves:0/152
Guide Tree 9/16
#NNI moves:0/152
Guide Tree 10/16
#NNI moves:0/152
Guide Tree 11/16
#NNI moves:0/152
Guide Tree 12/16
#NNI moves:0/152
Guide Tree 13/16
#NNI moves:6/152
Guide Tree 14/16
#NNI moves:0/152
Guide Tree 15/16
#NNI moves:0/152
Remaining: 0
#NNI moves:6/152
#NNI moves:6/152
(((((((((((((((1,67),38),16),((((34,24),37),(79,48)),(98,60))),((((64,72),(80,(99,29))),73),(((((47,83),(68,39)),20),((71,70),(96,23))),(69,36)))),((((((((40,17),87),11),(90,93)),65),(((((63,19),(61,27)),55),((9,94),51)),42)),25),100)),((((((8,10),89),((81,52),(45,62))),((78,53),(66,(7,54)))),((((13,97),(91,95)),43),(58,84))),(88,33))),((((((5,31),50),(46,(56,3))),82),(92,74)),2)),(75,((32,77),57))),((((12,76),15),(((41,26),6),(59,49))),(((85,18),30),((28,22),4)))),86),44),14),21),35);
Guide Tree 0/16
#NNI moves:2/152
Guide Tree 1/16
#NNI moves:2/152
Guide Tree 2/16
#NNI moves:0/152
Guide Tree 3/16
#NNI moves:0/152
Guide Tree 4/16
#NNI moves:0/152
Guide Tree 5/16
#NNI moves:0/152
Guide Tree 6/16
#NNI moves:0/152
Guide Tree 7/16
#NNI moves:0/152
Guide Tree 8/16
#NNI moves:0/152
Guide Tree 9/16
#NNI moves:0/152
Guide Tree 10/16
#NNI moves:0/152
Guide Tree 11/16
#NNI moves:2/152
Guide Tree 12/16
#NNI moves:0/152
Guide Tree 13/16
#NNI moves:2/152
Guide Tree 14/16
#NNI moves:6/152
Guide Tree 15/16
#NNI moves:0/152
Remaining: 0
#NNI moves:0/152
#NNI moves:0/152
(((((((((((((((95,91),(97,13)),43),(58,84)),(((53,78),(66,(54,7))),(((10,8),89),((62,45),(81,52))))),(88,33)),(((((60,98),((37,(24,34)),(48,79))),((38,(1,67)),16)),((((((47,83),(39,68)),20),((96,23),(71,70))),(69,36)),(((64,72),(80,(99,29))),73))),(100,((((((94,9),51),(((19,63),(27,61)),55)),42),(((((40,17),87),11),(90,93)),65)),25)))),((((((5,31),50),((3,56),46)),82),(92,74)),2)),(75,((77,32),57))),(((((41,26),6),(49,59)),((76,12),15)),(((22,28),4),((85,18),30)))),86),44),14),21),35);
Guide Tree 0/16
#NNI moves:0/152
Guide Tree 1/16
#NNI moves:0/152
Guide Tree 2/16
#NNI moves:0/152
Guide Tree 3/16
#NNI moves:6/152
Guide Tree 4/16
#NNI moves:2/152
Guide Tree 5/16
#NNI moves:0/152
Guide Tree 6/16
#NNI moves:0/152
Guide Tree 7/16
#NNI moves:6/152
Guide Tree 8/16
#NNI moves:0/152
Guide Tree 9/16
#NNI moves:0/152
Guide Tree 10/16
#NNI moves:6/152
Guide Tree 11/16
#NNI moves:0/152
Guide Tree 12/16
#NNI moves:0/152
Guide Tree 13/16
#NNI moves:0/152
Guide Tree 14/16
#NNI moves:0/152
Guide Tree 15/16
#NNI moves:0/152
Remaining: 1
#NNI moves:10/152
#NNI moves:16/152
((((((((((((((((((27,61),(19,63)),55),((9,94),51)),42),((((87,(40,17)),11),(93,90)),65)),25),100),(((((((39,68),(47,83)),20),((96,23),(70,71))),(69,36)),(((72,64),((29,99),80)),73)),((((1,67),38),16),((98,60),(((24,34),37),(79,48)))))),((33,88),(((((52,81),(62,45)),((8,10),89)),((66,(7,54)),(78,53))),((((13,97),(95,91)),43),(58,84))))),(((((46,(3,56)),((31,5),50)),82),(74,92)),2)),(75,((32,77),57))),((((22,28),4),(30,(85,18))),(((59,49),((41,26),6)),(15,(12,76))))),86),44),14),21),35);
Initial score: 1.37287e+09
Initial tree: ((((((((((((((((((27,61),(19,63)),55),((9,94),51)),42),((((87,(40,17)),11),(93,90)),65)),25),100),(((((((39,68),(47,83)),20),((96,23),(70,71))),(69,36)),(((72,64),((29,99),80)),73)),((((1,67),38),16),((98,60),(((24,34),37),(79,48)))))),((33,88),(((((52,81),(62,45)),((8,10),89)),((66,(7,54)),(78,53))),((((13,97),(95,91)),43),(58,84))))),(((((46,(3,56)),((31,5),50)),82),(74,92)),2)),(75,((32,77),57))),((((22,28),4),(30,(85,18))),(((59,49),((41,26),6)),(15,(12,76))))),86),44),14),21),35);
*** Subsample Process ***
Use two-step algorithm!
#NNI moves:0/152
Remaining: 0
#NNI moves:4/152
#NNI moves:6/152
((((((((((((((75,(57,(32,77))),((((((41,26),6),(49,59)),((76,12),15)),((30,(85,18)),((28,22),4))),((((21,35),14),44),86))),(((((46,(3,56)),(50,(5,31))),82),(74,92)),2)),((((((81,52),(45,62)),((10,8),89)),(((54,7),66),(78,53))),((((91,95),(13,97)),43),(84,58))),(33,88))),((((((96,23),(70,71)),(20,((39,68),(47,83)))),(69,36)),(((72,64),(80,(99,29))),73)),(((((34,24),37),(79,48)),(60,98)),(16,((67,1),38))))),100),25),(((((40,17),87),11),(90,93)),65)),42),((9,94),51)),55),(27,61)),63),19);
#NNI moves:0/152
Remaining: 1
#NNI moves:4/152
#NNI moves:6/152
((((((((((((((((((27,61),(63,19)),55),(51,(9,94))),42),(((((17,40),87),11),(93,90)),65)),25),100),(((((20,((47,83),(39,68))),((70,71),(96,23))),(36,69)),(((72,64),((29,99),80)),73)),(((60,98),((37,(34,24)),(79,48))),(16,(38,(67,1)))))),((((((10,8),89),((62,45),(52,81))),(((54,7),66),(78,53))),((((97,13),(95,91)),43),(58,84))),(88,33))),(((74,92),((((56,3),46),((5,31),50)),82)),2)),(((32,77),57),75)),((((28,22),4),((85,18),30)),(((6,(26,41)),(59,49)),((12,76),15)))),86),44),14),35),21);
#NNI moves:0/152
Remaining: 0
#NNI moves:2/152
#NNI moves:2/152
((((((((((((((((((22,28),4),((85,18),30)),(((49,59),((26,41),6)),((76,12),15))),((44,((35,21),14)),86)),(((32,77),57),75)),(((92,74),(((46,(56,3)),(50,(5,31))),82)),2)),((((((10,8),89),((45,62),(52,81))),((66,(7,54)),(78,53))),((((13,97),(95,91)),43),(58,84))),(33,88))),((((((96,23),(70,71)),(((83,47),(39,68)),20)),(36,69)),(((72,64),((29,99),80)),73)),(((((34,24),37),(79,48)),(60,98)),(16,(38,(1,67)))))),100),25),((((9,94),51),(((19,63),(27,61)),55)),42)),65),(93,90)),11),87),40),17);
#NNI moves:2/152
Remaining: 1
#NNI moves:4/152
#NNI moves:4/152
(((((((((((((((((70,71),(23,96)),(20,((83,47),(68,39)))),(69,36)),(73,(((99,29),80),(64,72)))),(((((34,24),37),(79,48)),(60,98)),(((67,1),38),16))),(((((((94,9),51),(((19,63),(61,27)),55)),42),((((87,(40,17)),11),(93,90)),65)),25),100)),((((((62,45),(52,81)),(89,(10,8))),(((54,7),66),(53,78))),((43,((91,95),(13,97))),(58,84))),(33,88))),(((92,74),((((31,5),50),(46,(3,56))),82)),2)),(((32,77),57),75)),((44,(14,(21,35))),86)),((4,(28,22)),((18,85),30))),(15,(76,12))),(59,49)),6),26),41);
Current score: 1.37287e+09
Current tree: ((21,(14,(44,(86,(((((((((((70,71),(23,96)),(20,((83,47),(68,39)))),(69,36)),(73,(((99,29),80),(64,72)))),(((((34,24),37),(79,48)),(60,98)),(((67,1),38),16))),(((((((94,9),51),(((19,63),(61,27)),55)),42),((((87,(40,17)),11),(93,90)),65)),25),100)),((((((62,45),(52,81)),(89,(10,8))),(((54,7),66),(53,78))),((43,((91,95),(13,97))),(58,84))),(33,88))),(((92,74),((((31,5),50),(46,(3,56))),82)),2)),(((32,77),57),75)),(((4,(28,22)),((18,85),30)),((15,(76,12)),((59,49),(6,(26,41)))))))))),35);
Final Tree: ((21,(14,(44,(86,(((((((((((70,71),(23,96)),(20,((83,47),(68,39)))),(69,36)),(73,(((99,29),80),(64,72)))),(((((34,24),37),(79,48)),(60,98)),(((67,1),38),16))),(((((((94,9),51),(((19,63),(61,27)),55)),42),((((87,(40,17)),11),(93,90)),65)),25),100)),((((((62,45),(52,81)),(89,(10,8))),(((54,7),66),(53,78))),((43,((91,95),(13,97))),(58,84))),(33,88))),(((92,74),((((31,5),50),(46,(3,56))),82)),2)),(((32,77),57),75)),(((4,(28,22)),((18,85),30)),((15,(76,12)),((59,49),(6,(26,41)))))))))),35);
#EqQuartets: 1894283960
Score: 1372868263
ASTRAL for PaRalogs and Orthologs III (ASTRAL-Pro3)
*** NOW with integrated CASTLES-Pro ***
Version: v1.22.3.6
Read 512 genetrees and found 100 species.
#Genetrees: 1000
#Duploss: 10230
#Species: 100
#Rounds: 4
#Samples: 4
#Threads: 1
Use two-step algorithm!
Guide Tree 0/16
#NNI moves:0/152
Guide Tree 1/16
#NNI moves:0/152
Guide Tree 2/16
#NNI moves:0/152
Guide Tree 3/16
#NNI moves:0/152
Guide Tree 4/16
#NNI moves:0/152
Guide Tree 5/16
#NNI moves:0/152
Guide Tree 6/16
#NNI moves:0/152
Guide Tree 7/16
#NNI moves:0/152
Guide Tree 8/16
#NNI moves:0/152
Guide Tree 9/16
#NNI moves:0/152
Guide Tree 10/16
#NNI moves:0/152
Guide Tree 11/16
#NNI moves:0/152
Guide Tree 12/16
#NNI moves:0/152
Guide Tree 13/16
#NNI moves:0/152
Guide Tree 14/16
#NNI moves:0/152
Guide Tree 15/16
#NNI moves:0/152
Remaining: 0
#NNI moves:0/152
#NNI moves:0/152
(((((((((((((((7,(17,9)),(26,18)),19),(((27,1),(22,13)),2)),(((16,(29,28)),((10,34),15)),((30,20),4))),(5,11)),(((((21,25),((31,14),3)),23),(((32,33),12),8)),(24,6))),(((((59,39),69),((78,(77,52)),(67,(68,86)))),(((35,42),(81,64)),85)),43)),(((((89,80),46),((49,70),(41,97))),47),((82,60),(99,44)))),((57,(((((62,79),56),(66,92)),93),83)),((98,75),((91,36),37)))),(((((((63,48),90),53),45),(((40,55),58),76)),((54,((84,95),72)),((73,94),74))),(100,(96,65)))),(38,61)),(87,71)),(50,88)),51);
Guide Tree 0/16
#NNI moves:0/152
Guide Tree 1/16
#NNI moves:0/152
Guide Tree 2/16
#NNI moves:0/152
Guide Tree 3/16
#NNI moves:0/152
Guide Tree 4/16
#NNI moves:0/152
Guide Tree 5/16
#NNI moves:0/152
Guide Tree 6/16
#NNI moves:0/152
Guide Tree 7/16
#NNI moves:0/152
Guide Tree 8/16
#NNI moves:0/152
Guide Tree 9/16
#NNI moves:0/152
Guide Tree 10/16
#NNI moves:0/152
Guide Tree 11/16
#NNI moves:0/152
Guide Tree 12/16
#NNI moves:0/152
Guide Tree 13/16
#NNI moves:0/152
Guide Tree 14/16
#NNI moves:0/152
Guide Tree 15/16
#NNI moves:0/152
Remaining: 0
#NNI moves:0/152
#NNI moves:0/152
(((((((((((((59,39),69),((78,(52,77)),(67,(68,86)))),(85,((81,64),(42,35)))),43),(((((((18,26),((17,9),7)),19),(((22,13),(1,27)),2)),((((34,10),15),((29,28),16)),((30,20),4))),(11,5)),(((8,(12,(32,33))),(((25,21),((14,31),3)),23)),(6,24)))),(((((97,41),(70,49)),((89,80),46)),47),((99,44),(82,60)))),((57,(83,(((56,(79,62)),(92,66)),93))),((75,98),(37,(91,36))))),(((((58,(55,40)),76),((53,(90,(63,48))),45)),((74,(73,94)),((72,(95,84)),54))),(100,(96,65)))),(38,61)),(87,71)),(50,88)),51);
Guide Tree 0/16
#NNI moves:0/152
Guide Tree 1/16
#NNI moves:0/152
Guide Tree 2/16
#NNI moves:0/152
Guide Tree 3/16
#NNI moves:0/152
Guide Tree 4/16
#NNI moves:0/152
Guide Tree 5/16
#NNI moves:0/152
Guide Tree 6/16
#NNI moves:0/152
Guide Tree 7/16
#NNI moves:0/152
Guide Tree 8/16
#NNI moves:0/152
Guide Tree 9/16
#NNI moves:0/152
Guide Tree 10/16
#NNI moves:0/152
Guide Tree 11/16
#NNI moves:0/152
Guide Tree 12/16
#NNI moves:0/152
Guide Tree 13/16
#NNI moves:0/152
Guide Tree 14/16
#NNI moves:0/152
Guide Tree 15/16
#NNI moves:0/152
Remaining: 0
#NNI moves:0/152
#NNI moves:0/152
((((((((((((((((9,17),7),(18,26)),19),(((1,27),(22,13)),2)),(((30,20),4),((15,(34,10)),(16,(29,28))))),(5,11)),(((((32,33),12),8),(23,((21,25),((14,31),3)))),(24,6))),(((((78,(52,77)),((68,86),67)),(69,(59,39))),(85,((64,81),(42,35)))),43)),(((44,99),(60,82)),((((97,41),(70,49)),(46,(89,80))),47))),(((75,98),((36,91),37)),((((((62,79),56),(66,92)),93),83),57))),((((54,((84,95),72)),(74,(73,94))),(((58,(55,40)),76),((((63,48),90),53),45))),((96,65),100))),(38,61)),(71,87)),(50,88)),51);
Guide Tree 0/16
#NNI moves:0/152
Guide Tree 1/16
#NNI moves:0/152
Guide Tree 2/16
#NNI moves:0/152
Guide Tree 3/16
#NNI moves:0/152
Guide Tree 4/16
#NNI moves:0/152
Guide Tree 5/16
#NNI moves:0/152
Guide Tree 6/16
#NNI moves:0/152
Guide Tree 7/16
#NNI moves:0/152
Guide Tree 8/16
#NNI moves:0/152
Guide Tree 9/16
#NNI moves:0/152
Guide Tree 10/16
#NNI moves:0/152
Guide Tree 11/16
#NNI moves:0/152
Guide Tree 12/16
#NNI moves:0/152
Guide Tree 13/16
#NNI moves:0/152
Guide Tree 14/16
#NNI moves:0/152
Guide Tree 15/16
#NNI moves:0/152
Remaining: 0
#NNI moves:0/152
#NNI moves:0/152
(((((((((((((((14,31),3),(25,21)),23),(((33,32),12),8)),(6,24)),(((((15,(34,10)),(16,(28,29))),((30,20),4)),((((1,27),(13,22)),2),(((7,(9,17)),(26,18)),19))),(5,11))),((((((68,86),67),((77,52),78)),(69,(59,39))),(((64,81),(35,42)),85)),43)),((47,(((49,70),(97,41)),((89,80),46))),((99,44),(60,82)))),(((83,(((56,(79,62)),(92,66)),93)),57),((98,75),((91,36),37)))),(((65,96),100),((((((63,48),90),53),45),(((55,40),58),76)),((74,(94,73)),(((84,95),72),54))))),(38,61)),(71,87)),(50,88)),51);
Initial score: 1.44947e+09
Initial tree: (((((((((((((((14,31),3),(25,21)),23),(((33,32),12),8)),(6,24)),(((((15,(34,10)),(16,(28,29))),((30,20),4)),((((1,27),(13,22)),2),(((7,(9,17)),(26,18)),19))),(5,11))),((((((68,86),67),((77,52),78)),(69,(59,39))),(((64,81),(35,42)),85)),43)),((47,(((49,70),(97,41)),((89,80),46))),((99,44),(60,82)))),(((83,(((56,(79,62)),(92,66)),93)),57),((98,75),((91,36),37)))),(((65,96),100),((((((63,48),90),53),45),(((55,40),58),76)),((74,(94,73)),(((84,95),72),54))))),(38,61)),(71,87)),(50,88)),51);
*** Subsample Process ***
Use two-step algorithm!
#NNI moves:0/152
Remaining: 0
#NNI moves:0/152
#NNI moves:0/152
(((((((((((((((((63,48),90),53),45),(((55,40),58),76)),(((73,94),74),(((95,84),72),54))),((96,65),100)),((((50,88),51),(71,87)),(38,61))),((((((66,92),((62,79),56)),93),83),57),((75,98),(37,(91,36))))),(((((49,70),(97,41)),(46,(80,89))),47),((60,82),(44,99)))),((((((68,86),67),((77,52),78)),((39,59),69)),(((42,35),(64,81)),85)),43)),(((((33,32),12),8),(((3,(31,14)),(25,21)),23)),(6,24))),(11,5)),((((7,(9,17)),(18,26)),19),(((27,1),(22,13)),2))),(((29,28),16),((34,10),15))),(20,30)),4);
#NNI moves:0/152
Remaining: 0
#NNI moves:0/152
#NNI moves:0/152
(((((((((((((((((17,9),7),(18,26)),19),(((27,1),(22,13)),2)),((((28,29),16),((34,10),15)),((30,20),4))),(5,11)),(((((25,21),((31,14),3)),23),(8,((32,33),12))),(24,6))),(((((67,(68,86)),(78,(77,52))),(69,(59,39))),(((42,35),(64,81)),85)),43)),(((60,82),(99,44)),((((41,97),(49,70)),(46,(80,89))),47))),((((((56,(62,79)),(66,92)),93),83),57),(((36,91),37),(75,98)))),((((((55,40),58),76),(45,((90,(48,63)),53))),(((73,94),74),((72,(84,95)),54))),((65,96),100))),(61,38)),(87,71)),51),88),50);
#NNI moves:0/152
Remaining: 0
#NNI moves:0/152
#NNI moves:0/152
((((((((((((((((((55,40),58),76),((((48,63),90),53),45)),(((73,94),74),(((95,84),72),54))),(100,(65,96))),(((87,71),(51,(50,88))),(38,61))),((57,((((92,66),((62,79),56)),93),83)),((98,75),((36,91),37)))),(((((41,97),(49,70)),((80,89),46)),47),((60,82),(99,44)))),((((((68,86),67),((77,52),78)),(69,(59,39))),(((35,42),(81,64)),85)),43)),(((23,(((14,31),3),(25,21))),(((33,32),12),8)),(24,6))),(11,5)),(((16,(28,29)),(15,(34,10))),(4,(30,20)))),(2,((22,13),(1,27)))),19),((17,9),7)),18),26);
#NNI moves:0/152
Remaining: 0
#NNI moves:0/152
#NNI moves:0/152
(((((((((((5,11),(((((7,(9,17)),(18,26)),19),(((13,22),(1,27)),2)),((((28,29),16),((10,34),15)),((30,20),4)))),(((((33,32),12),8),((((14,31),3),(25,21)),23)),(6,24))),((((((77,52),78),(67,(86,68))),(69,(39,59))),(((35,42),(81,64)),85)),43)),((((46,(80,89)),((97,41),(49,70))),47),((44,99),(82,60)))),((57,((((56,(62,79)),(66,92)),93),83)),(((91,36),37),(98,75)))),(((((((63,48),90),53),45),(76,((40,55),58))),((54,(72,(84,95))),((94,73),74))),((96,65),100))),(61,38)),((88,50),51)),71),87);
Current score: 1.44947e+09
Current tree: (((88,50),(((((((((5,11),(((((7,(9,17)),(18,26)),19),(((13,22),(1,27)),2)),((((28,29),16),((10,34),15)),((30,20),4)))),(((((33,32),12),8),((((14,31),3),(25,21)),23)),(6,24))),((((((77,52),78),(67,(86,68))),(69,(39,59))),(((35,42),(81,64)),85)),43)),((((46,(80,89)),((97,41),(49,70))),47),((44,99),(82,60)))),((57,((((56,(62,79)),(66,92)),93),83)),(((91,36),37),(98,75)))),(((((((63,48),90),53),45),(76,((40,55),58))),((54,(72,(84,95))),((94,73),74))),((96,65),100))),(61,38)),(71,87))),51);
Final Tree: (((88,50),(((((((((5,11),(((((7,(9,17)),(18,26)),19),(((13,22),(1,27)),2)),((((28,29),16),((10,34),15)),((30,20),4)))),(((((33,32),12),8),((((14,31),3),(25,21)),23)),(6,24))),((((((77,52),78),(67,(86,68))),(69,(39,59))),(((35,42),(81,64)),85)),43)),((((46,(80,89)),((97,41),(49,70))),47),((44,99),(82,60)))),((57,((((56,(62,79)),(66,92)),93),83)),(((91,36),37),(98,75)))),(((((((63,48),90),53),45),(76,((40,55),58))),((54,(72,(84,95))),((94,73),74))),((96,65),100))),(61,38)),(71,87))),51);
#EqQuartets: 1933174111
Score: 1449471203
ASTRAL for PaRalogs and Orthologs III (ASTRAL-Pro3)
*** NOW with integrated CASTLES-Pro ***
Version: v1.22.3.6
Read 512 genetrees and found 100 species.
#Genetrees: 1000
#Duploss: 11314
#Species: 100
#Rounds: 4
#Samples: 4
#Threads: 1
Use two-step algorithm!
Guide Tree 0/16
#NNI moves:6/152
Guide Tree 1/16
#NNI moves:0/152
Guide Tree 2/16
#NNI moves:0/152
Guide Tree 3/16
#NNI moves:2/152
Guide Tree 4/16
#NNI moves:6/152
Guide Tree 5/16
#NNI moves:0/152
Guide Tree 6/16
#NNI moves:0/152
Guide Tree 7/16
#NNI moves:0/152
Guide Tree 8/16
#NNI moves:6/152
Guide Tree 9/16
#NNI moves:0/152
Guide Tree 10/16
#NNI moves:0/152
Guide Tree 11/16
#NNI moves:0/152
Guide Tree 12/16
#NNI moves:0/152
Guide Tree 13/16
#NNI moves:0/152
Guide Tree 14/16
#NNI moves:0/152
Guide Tree 15/16
#NNI moves:6/152
Remaining: 2
#NNI moves:4/152
#NNI moves:4/152
(((((((((((((((((86,85),75),(92,56)),(((68,71),65),(99,93))),((88,(76,69)),((83,90),(98,64)))),(((((77,79),(((61,84),62),89)),(((95,((70,60),((87,96),72))),(81,(82,74))),((94,73),66))),100),(((91,59),57),80))),(((67,(58,78)),97),63)),(42,(((8,33),(30,28)),4))),(((44,11),2),(55,25))),(10,((((((35,45),34),(37,6)),(51,24)),38),(9,((36,49),40))))),(((31,13),(20,12)),(16,32))),((47,(26,48)),(((22,29),(43,21)),17))),((18,3),(((((((23,46),52),5),19),53),15),(39,50)))),14),(1,41)),(27,7)),54);
Guide Tree 0/16
#NNI moves:0/152
Guide Tree 1/16
#NNI moves:0/152
Guide Tree 2/16
#NNI moves:0/152
Guide Tree 3/16
#NNI moves:2/152
Guide Tree 4/16
#NNI moves:0/152
Guide Tree 5/16
#NNI moves:0/152
Guide Tree 6/16
#NNI moves:0/152
Guide Tree 7/16
#NNI moves:2/152
Guide Tree 8/16
#NNI moves:2/152
Guide Tree 9/16
#NNI moves:0/152
Guide Tree 10/16
#NNI moves:0/152
Guide Tree 11/16
#NNI moves:0/152
Guide Tree 12/16
#NNI moves:6/152
Guide Tree 13/16
#NNI moves:0/152
Guide Tree 14/16
#NNI moves:0/152
Guide Tree 15/16
#NNI moves:0/152
Remaining: 1
#NNI moves:6/152
#NNI moves:10/152
(((((((((((((((((86,85),75),(92,56)),((65,(71,68)),(93,99))),(((69,76),88),((64,98),(83,90)))),(((((77,79),(((84,61),62),89)),(((95,(((96,87),72),(60,70))),((74,82),81)),((73,94),66))),100),((57,(91,59)),80))),(63,(97,((58,78),67)))),((((33,8),(30,28)),4),42)),((2,(44,11)),(25,55))),(((38,(((34,(45,35)),(37,6)),(24,51))),(((36,49),40),9)),10)),(((12,20),(13,31)),(16,32))),(((48,26),47),(((43,21),(29,22)),17))),(((39,50),(15,((((52,(23,46)),5),19),53))),(3,18))),14),(1,41)),(27,7)),54);
Guide Tree 0/16
#NNI moves:0/152
Guide Tree 1/16
#NNI moves:0/152
Guide Tree 2/16
#NNI moves:0/152
Guide Tree 3/16
#NNI moves:0/152
Guide Tree 4/16
#NNI moves:0/152
Guide Tree 5/16
#NNI moves:0/152
Guide Tree 6/16
#NNI moves:0/152
Guide Tree 7/16
#NNI moves:0/152
Guide Tree 8/16
#NNI moves:0/152
Guide Tree 9/16
#NNI moves:0/152
Guide Tree 10/16
#NNI moves:0/152
Guide Tree 11/16
#NNI moves:0/152
Guide Tree 12/16
#NNI moves:0/152
Guide Tree 13/16
#NNI moves:0/152
Guide Tree 14/16
#NNI moves:0/152
Guide Tree 15/16
#NNI moves:0/152
Remaining: 0
#NNI moves:0/152
#NNI moves:0/152
((((((((((((((((83,90),(64,98)),((69,76),88)),((((85,86),75),(56,92)),((93,99),((68,71),65)))),((((((95,((72,(96,87)),(60,70))),(81,(74,82))),((73,94),66)),(((62,(61,84)),89),(77,79))),100),(((91,59),57),80))),((((78,58),67),97),63)),((((8,33),(28,30)),4),42)),(((44,11),2),(25,55))),(((38,(((34,(45,35)),(6,37)),(51,24))),(((49,36),40),9)),10)),((32,16),((31,13),(12,20)))),(((48,26),47),(((22,29),(21,43)),17))),((3,18),(((((((23,46),52),5),19),53),15),(50,39)))),14),(41,1)),(7,27)),54);
Guide Tree 0/16
#NNI moves:0/152
Guide Tree 1/16
#NNI moves:0/152
Guide Tree 2/16
#NNI moves:0/152
Guide Tree 3/16
#NNI moves:0/152
Guide Tree 4/16
#NNI moves:0/152
Guide Tree 5/16
#NNI moves:0/152
Guide Tree 6/16
#NNI moves:0/152
Guide Tree 7/16
#NNI moves:0/152
Guide Tree 8/16
#NNI moves:0/152
Guide Tree 9/16
#NNI moves:0/152
Guide Tree 10/16
#NNI moves:0/152
Guide Tree 11/16
#NNI moves:0/152
Guide Tree 12/16
#NNI moves:0/152
Guide Tree 13/16
#NNI moves:0/152
Guide Tree 14/16
#NNI moves:0/152
Guide Tree 15/16
#NNI moves:0/152
Remaining: 0
#NNI moves:2/152
#NNI moves:2/152
((((((((((((((80,((59,91),57)),(((((((72,(87,96)),(70,60)),95),((74,82),81)),(66,(94,73))),((79,77),(89,(62,(84,61))))),100)),((((90,83),(64,98)),((76,69),88)),((((71,68),65),(93,99)),((75,(86,85)),(92,56))))),((((58,78),67),97),63)),((((28,30),(8,33)),4),42)),(((44,11),2),(25,55))),(10,(((((6,37),((45,35),34)),(24,51)),38),((40,(36,49)),9)))),(((12,20),(31,13)),(16,32))),((((22,29),(21,43)),17),((48,26),47))),(((((((52,(23,46)),5),19),53),15),(39,50)),(18,3))),14),(41,1)),(27,7)),54);
Initial score: 1.45689e+09
Initial tree: ((((((((((((((80,((59,91),57)),(((((((72,(87,96)),(70,60)),95),((74,82),81)),(66,(94,73))),((79,77),(89,(62,(84,61))))),100)),((((90,83),(64,98)),((76,69),88)),((((71,68),65),(93,99)),((75,(86,85)),(92,56))))),((((58,78),67),97),63)),((((28,30),(8,33)),4),42)),(((44,11),2),(25,55))),(10,(((((6,37),((45,35),34)),(24,51)),38),((40,(36,49)),9)))),(((12,20),(31,13)),(16,32))),((((22,29),(21,43)),17),((48,26),47))),(((((((52,(23,46)),5),19),53),15),(39,50)),(18,3))),14),(41,1)),(27,7)),54);
*** Subsample Process ***
Use two-step algorithm!
#NNI moves:0/152
Remaining: 0
#NNI moves:6/152
#NNI moves:6/152
(((((((((((((((((((((((((23,46),52),5),19),53),15),(50,39)),(3,18)),((((7,27),54),(41,1)),14)),((((22,29),(43,21)),17),((26,48),47))),(((13,31),(20,12)),(16,32))),(((((((45,35),34),(37,6)),(51,24)),38),((40,(49,36)),9)),10)),(((44,11),2),(55,25))),((4,((33,8),(30,28))),42)),((((78,58),67),97),63)),((((76,69),88),((90,83),(98,64))),(((56,92),((85,86),75)),((93,99),((71,68),65))))),(((59,91),57),80)),100),((89,((61,84),62)),(77,79))),((73,94),66)),((74,82),81)),95),(70,60)),(96,87)),72);
#NNI moves:0/152
Remaining: 0
#NNI moves:6/152
#NNI moves:6/152
(((((((((((((((((93,99),(65,(68,71))),((75,(86,85)),(56,92))),((88,(69,76)),((98,64),(83,90)))),((((59,91),57),80),(((((95,((70,60),((87,96),72))),(81,(74,82))),((73,94),66)),(((62,(61,84)),89),(79,77))),100))),((((58,78),67),97),63)),(42,(((28,30),(33,8)),4))),((55,25),(2,(11,44)))),(((((49,36),40),9),((((37,6),((45,35),34)),(51,24)),38)),10)),(((13,31),(20,12)),(16,32))),((((22,29),(21,43)),17),(47,(48,26)))),((((((5,(52,(46,23))),19),53),15),(39,50)),(3,18))),14),(1,41)),54),27),7);
#NNI moves:0/152
Remaining: 0
#NNI moves:0/152
#NNI moves:0/152
(((((((((((((((((((((46,23),52),5),19),53),15),(50,39)),(3,18)),(((1,41),(54,(7,27))),14)),((((22,29),(21,43)),17),(47,(48,26)))),(((13,31),(12,20)),(16,32))),((((((37,6),((45,35),34)),(24,51)),38),(((49,36),40),9)),10)),((25,55),((11,44),2))),((((28,30),(8,33)),4),42)),((((58,78),67),97),63)),(((((((((87,96),72),(70,60)),95),(81,(82,74))),(66,(94,73))),((77,79),(((84,61),62),89))),100),((57,(91,59)),80))),(((64,98),(90,83)),((69,76),88))),(((86,85),75),(56,92))),((68,71),65)),99),93);
#NNI moves:0/152
Remaining: 0
#NNI moves:0/152
#NNI moves:0/152
((((((((((((((((((((70,60),((87,96),72)),95),((74,82),81)),((94,73),66)),((77,79),(((61,84),62),89))),100),(((91,59),57),80)),((((75,(85,86)),(92,56)),((99,93),((71,68),65))),(((90,83),(64,98)),(88,(76,69))))),((((58,78),67),97),63)),((((8,33),(30,28)),4),42)),(((44,11),2),(25,55))),((((((6,37),((45,35),34)),(51,24)),38),(9,((49,36),40))),10)),((32,16),((20,12),(13,31)))),((((43,21),(29,22)),17),(47,(26,48)))),((((((((23,46),52),5),19),53),15),(39,50)),(18,3))),14),((7,27),54)),41),1);
Current score: 1.45689e+09
Current tree: (((7,27),((((((((((((((((((70,60),((87,96),72)),95),((74,82),81)),((94,73),66)),((77,79),(((61,84),62),89))),100),(((91,59),57),80)),((((75,(85,86)),(92,56)),((99,93),((71,68),65))),(((90,83),(64,98)),(88,(76,69))))),((((58,78),67),97),63)),((((8,33),(30,28)),4),42)),(((44,11),2),(25,55))),((((((6,37),((45,35),34)),(51,24)),38),(9,((49,36),40))),10)),((32,16),((20,12),(13,31)))),((((43,21),(29,22)),17),(47,(26,48)))),((((((((23,46),52),5),19),53),15),(39,50)),(18,3))),14),(41,1))),54);
Final Tree: (((7,27),((((((((((((((((((70,60),((87,96),72)),95),((74,82),81)),((94,73),66)),((77,79),(((61,84),62),89))),100),(((91,59),57),80)),((((75,(85,86)),(92,56)),((99,93),((71,68),65))),(((90,83),(64,98)),(88,(76,69))))),((((58,78),67),97),63)),((((8,33),(30,28)),4),42)),(((44,11),2),(25,55))),((((((6,37),((45,35),34)),(51,24)),38),(9,((49,36),40))),10)),((32,16),((20,12),(13,31)))),((((43,21),(29,22)),17),(47,(26,48)))),((((((((23,46),52),5),19),53),15),(39,50)),(18,3))),14),(41,1))),54);
#EqQuartets: 1945324424
Score: 1456886412
ASTRAL for PaRalogs and Orthologs III (ASTRAL-Pro3)
*** NOW with integrated CASTLES-Pro ***
Version: v1.22.3.6
Read 512 genetrees and found 100 species.
#Genetrees: 1000
#Duploss: 11216
#Species: 100
#Rounds: 4
#Samples: 4
#Threads: 1
Use two-step algorithm!
Guide Tree 0/16
#NNI moves:2/152
Guide Tree 1/16
#NNI moves:0/152
Guide Tree 2/16
#NNI moves:0/152
Guide Tree 3/16
#NNI moves:0/152
Guide Tree 4/16
#NNI moves:0/152
Guide Tree 5/16
#NNI moves:2/152
Guide Tree 6/16
#NNI moves:0/152
Guide Tree 7/16
#NNI moves:0/152
Guide Tree 8/16
#NNI moves:0/152
Guide Tree 9/16
#NNI moves:0/152
Guide Tree 10/16
#NNI moves:0/152
Guide Tree 11/16
#NNI moves:0/152
Guide Tree 12/16
#NNI moves:2/152
Guide Tree 13/16
#NNI moves:0/152
Guide Tree 14/16
#NNI moves:0/152
Guide Tree 15/16
#NNI moves:0/152
Remaining: 0
#NNI moves:0/152
#NNI moves:0/152
(((((((((((((((5,(17,39)),(11,19)),(36,(45,69))),(((12,(62,(16,30))),((49,18),1)),(((60,52),54),68))),2),61),(((((34,13),26),(20,(56,42))),(10,28)),50)),(((((71,85),((100,83),95)),(93,(88,74))),(((98,77),84),79)),((((99,(75,72)),((94,97),91)),(((87,81),(82,73)),((80,76),89))),((90,92),(78,(96,86)))))),(41,(43,44))),(((63,46),48),(47,((65,27),35)))),((29,(58,64)),(59,(7,38)))),40),(((((9,(21,((8,57),22))),((53,51),31)),(((67,25),15),((37,3),33))),(((55,24),6),4)),(23,32))),(14,70)),66);
Guide Tree 0/16
#NNI moves:0/152
Guide Tree 1/16
#NNI moves:0/152
Guide Tree 2/16
#NNI moves:0/152
Guide Tree 3/16
#NNI moves:0/152
Guide Tree 4/16
#NNI moves:0/152
Guide Tree 5/16
#NNI moves:0/152
Guide Tree 6/16
#NNI moves:0/152
Guide Tree 7/16
#NNI moves:0/152
Guide Tree 8/16
#NNI moves:0/152
Guide Tree 9/16
#NNI moves:0/152
Guide Tree 10/16
#NNI moves:0/152
Guide Tree 11/16
#NNI moves:0/152
Guide Tree 12/16
#NNI moves:0/152
Guide Tree 13/16
#NNI moves:0/152
Guide Tree 14/16
#NNI moves:0/152
Guide Tree 15/16
#NNI moves:0/152
Remaining: 0
#NNI moves:10/152
#NNI moves:10/152
(((((((((((((((5,(39,17)),(19,11)),(36,(69,45))),(((1,(49,18)),((62,(16,30)),12)),(((52,60),54),68))),2),61),(((((42,56),20),((13,34),26)),(10,28)),50)),(((((96,86),78),(90,92)),(((89,(76,80)),((73,82),(81,87))),((91,(94,97)),((72,75),99)))),((((74,88),93),(((100,83),95),(71,85))),(((77,98),84),79)))),(41,(43,44))),((((27,65),35),47),(48,(46,63)))),((29,(58,64)),(59,(7,38)))),40),((((((((57,8),22),21),9),(31,(53,51))),(((25,67),15),(33,(3,37)))),(4,(6,(24,55)))),(32,23))),(14,70)),66);
Guide Tree 0/16
#NNI moves:0/152
Guide Tree 1/16
#NNI moves:0/152
Guide Tree 2/16
#NNI moves:0/152
Guide Tree 3/16
#NNI moves:0/152
Guide Tree 4/16
#NNI moves:0/152
Guide Tree 5/16
#NNI moves:0/152
Guide Tree 6/16
#NNI moves:0/152
Guide Tree 7/16
#NNI moves:0/152
Guide Tree 8/16
#NNI moves:0/152
Guide Tree 9/16
#NNI moves:0/152
Guide Tree 10/16
#NNI moves:0/152
Guide Tree 11/16
#NNI moves:0/152
Guide Tree 12/16
#NNI moves:0/152
Guide Tree 13/16
#NNI moves:0/152
Guide Tree 14/16
#NNI moves:0/152
Guide Tree 15/16
#NNI moves:0/152
Remaining: 0
#NNI moves:0/152
#NNI moves:0/152
((((((((((((((((62,(16,30)),12),((49,18),1)),((54,(60,52)),68)),(((11,19),((17,39),5)),((45,69),36))),2),61),(((((34,13),26),((56,42),20)),(28,10)),50)),((((((72,75),99),((97,94),91)),(((87,81),(82,73)),(89,(76,80)))),(((86,96),78),(92,90))),(((((83,100),95),(85,71)),(93,(74,88))),((84,(98,77)),79)))),(41,(43,44))),((48,(46,63)),(((27,65),35),47))),((29,(58,64)),(59,(7,38)))),40),(((((15,(25,67)),((37,3),33)),(((((57,8),22),21),9),(31,(51,53)))),(4,((55,24),6))),(23,32))),(14,70)),66);
Guide Tree 0/16
#NNI moves:0/152
Guide Tree 1/16
#NNI moves:6/152
Guide Tree 2/16
#NNI moves:2/152
Guide Tree 3/16
#NNI moves:2/152
Guide Tree 4/16
#NNI moves:0/152
Guide Tree 5/16
#NNI moves:0/152
Guide Tree 6/16
#NNI moves:0/152
Guide Tree 7/16
#NNI moves:0/152
Guide Tree 8/16
#NNI moves:6/152
Guide Tree 9/16
#NNI moves:6/152
Guide Tree 10/16
#NNI moves:0/152
Guide Tree 11/16
#NNI moves:2/152
Guide Tree 12/16
#NNI moves:0/152
Guide Tree 13/16
#NNI moves:0/152
Guide Tree 14/16
#NNI moves:0/152
Guide Tree 15/16
#NNI moves:2/152
Remaining: 0
#NNI moves:0/152
#NNI moves:0/152
(((((((((((((((54,(60,52)),68),((((16,30),62),12),((18,49),1))),((((39,17),5),(19,11)),(36,(45,69)))),2),61),(((28,10),(((34,13),26),(20,(56,42)))),50)),((((((83,100),95),(71,85)),(93,(74,88))),(((98,77),84),79)),((((96,86),78),(92,90)),((((73,82),(87,81)),(89,(76,80))),(((75,72),99),((94,97),91)))))),(41,(44,43))),(((35,(27,65)),47),(48,(63,46)))),(((58,64),29),((7,38),59))),40),((((((21,(22,(8,57))),9),((51,53),31)),(((3,37),33),(15,(67,25)))),(((24,55),6),4)),(32,23))),(14,70)),66);
Initial score: 1.41234e+09
Initial tree: (((((((((((((((54,(60,52)),68),((((16,30),62),12),((18,49),1))),((((39,17),5),(19,11)),(36,(45,69)))),2),61),(((28,10),(((34,13),26),(20,(56,42)))),50)),((((((83,100),95),(71,85)),(93,(74,88))),(((98,77),84),79)),((((96,86),78),(92,90)),((((73,82),(87,81)),(89,(76,80))),(((75,72),99),((94,97),91)))))),(41,(44,43))),(((35,(27,65)),47),(48,(63,46)))),(((58,64),29),((7,38),59))),40),((((((21,(22,(8,57))),9),((51,53),31)),(((3,37),33),(15,(67,25)))),(((24,55),6),4)),(32,23))),(14,70)),66);
*** Subsample Process ***
Use two-step algorithm!
#NNI moves:0/152
Remaining: 0
#NNI moves:8/152
#NNI moves:8/152
((((((((((((((((((15,(67,25)),(33,(3,37))),(((51,53),31),((((8,57),22),21),9))),(4,(6,(55,24)))),(23,32)),((14,70),66)),40),(((58,64),29),(59,(38,7)))),(((46,63),48),(((27,65),35),47))),(41,(43,44))),((((((81,87),(82,73)),(89,(76,80))),(((72,75),99),(91,(94,97)))),((90,92),(78,(86,96)))),((((98,77),84),79),((((100,83),95),(85,71)),(93,(74,88)))))),(((((34,13),26),((56,42),20)),(28,10)),50)),61),2),(((5,(39,17)),(11,19)),((45,69),36))),(((18,49),1),(((16,30),62),12))),((60,52),54)),68);
#NNI moves:0/152
Remaining: 0
#NNI moves:16/152
#NNI moves:16/152
((((((((((((((((45,69),36),((19,11),(5,(17,39)))),((((49,18),1),(12,((30,16),62))),(((60,52),54),68))),2),61),(((28,10),((26,(13,34)),((56,42),20))),50)),(((((95,(83,100)),(85,71)),(93,(74,88))),(((98,77),84),79)),(((((97,94),91),((72,75),99)),(((87,81),(73,82)),((76,80),89))),((90,92),((86,96),78))))),(41,(44,43))),((((65,27),35),47),((63,46),48))),((29,(58,64)),((38,7),59))),40),((((((67,25),15),((37,3),33)),(((53,51),31),((((57,8),22),21),9))),((6,(24,55)),4)),(32,23))),66),70),14);
#NNI moves:0/152
Remaining: 0
#NNI moves:6/152
#NNI moves:6/152
(((((((((((((((((((9,(((8,57),22),21)),((53,51),31)),((33,(37,3)),((25,67),15))),(((24,55),6),4)),(23,32)),(66,(14,70))),40),(((58,64),29),((38,7),59))),((((65,27),35),47),((63,46),48))),(41,(44,43))),((((((83,100),95),(71,85)),(93,(74,88))),(79,((98,77),84))),((((91,(97,94)),(99,(75,72))),(((82,73),(87,81)),((80,76),89))),((90,92),((86,96),78))))),((((20,(42,56)),((13,34),26)),(28,10)),50)),61),2),(((1,(18,49)),(((16,30),62),12)),(((52,60),54),68))),((5,(17,39)),(19,11))),36),69),45);
#NNI moves:0/152
Remaining: 2
#NNI moves:6/152
#NNI moves:6/152
((((((((((((((((((((49,18),1),(((16,30),62),12)),(((60,52),54),68)),(((5,(39,17)),(19,11)),((69,45),36))),2),61),(((((42,56),20),((34,13),26)),(10,28)),50)),((((((94,97),91),((75,72),99)),(((76,80),89),((81,87),(82,73)))),((78,(96,86)),(90,92))),((((85,71),(95,(100,83))),(93,(88,74))),(((98,77),84),79)))),(41,(43,44))),(((35,(27,65)),47),((63,46),48))),(((7,38),59),((64,58),29))),40),((70,14),66)),(32,23)),(4,((24,55),6))),(((25,67),15),((37,3),33))),((51,53),31)),((22,(57,8)),21)),9);
Current score: 1.41234e+09
Current tree: (((70,14),((((((((((((((49,18),1),(((16,30),62),12)),(((60,52),54),68)),(((5,(39,17)),(19,11)),((69,45),36))),2),61),(((((42,56),20),((34,13),26)),(10,28)),50)),((((((94,97),91),((75,72),99)),(((76,80),89),((81,87),(82,73)))),((78,(96,86)),(90,92))),((((85,71),(95,(100,83))),(93,(88,74))),(((98,77),84),79)))),(41,(43,44))),(((35,(27,65)),47),((63,46),48))),(((7,38),59),((64,58),29))),40),((32,23),((4,((24,55),6)),((((25,67),15),((37,3),33)),(((51,53),31),(((22,(57,8)),21),9))))))),66);
Final Tree: (((70,14),((((((((((((((49,18),1),(((16,30),62),12)),(((60,52),54),68)),(((5,(39,17)),(19,11)),((69,45),36))),2),61),(((((42,56),20),((34,13),26)),(10,28)),50)),((((((94,97),91),((75,72),99)),(((76,80),89),((81,87),(82,73)))),((78,(96,86)),(90,92))),((((85,71),(95,(100,83))),(93,(88,74))),(((98,77),84),79)))),(41,(43,44))),(((35,(27,65)),47),((63,46),48))),(((7,38),59),((64,58),29))),40),((32,23),((4,((24,55),6)),((((25,67),15),((37,3),33)),(((51,53),31),(((22,(57,8)),21),9))))))),66);
#EqQuartets: 1902149605
Score: 1412335967
ASTRAL for PaRalogs and Orthologs III (ASTRAL-Pro3)
*** NOW with integrated CASTLES-Pro ***
Version: v1.22.3.6
Read 512 genetrees and found 100 species.
#Genetrees: 1000
#Duploss: 11382
#Species: 100
#Rounds: 4
#Samples: 4
#Threads: 1
Use two-step algorithm!
Guide Tree 0/16
#NNI moves:0/152
Guide Tree 1/16
#NNI moves:0/152
Guide Tree 2/16
#NNI moves:0/152
Guide Tree 3/16
#NNI moves:0/152
Guide Tree 4/16
#NNI moves:0/152
Guide Tree 5/16
#NNI moves:0/152
Guide Tree 6/16
#NNI moves:0/152
Guide Tree 7/16
#NNI moves:0/152
Guide Tree 8/16
#NNI moves:0/152
Guide Tree 9/16
#NNI moves:0/152
Guide Tree 10/16
#NNI moves:0/152
Guide Tree 11/16
#NNI moves:0/152
Guide Tree 12/16
#NNI moves:0/152
Guide Tree 13/16
#NNI moves:0/152
Guide Tree 14/16
#NNI moves:0/152
Guide Tree 15/16
#NNI moves:0/152
Remaining: 1
#NNI moves:4/152
#NNI moves:4/152
((((((((((((22,8),38),((52,11),14)),34),(44,((66,12),33))),(((((((55,72),71),70),19),(57,(48,(49,45)))),9),(((27,((((29,31),64),69),(37,32))),21),(73,25)))),((((61,3),((1,36),((50,62),35))),(((56,18),((7,30),10)),58)),((5,28),42))),((((((((78,88),(((82,98),89),91)),79),90),((((93,83),77),100),94)),((76,97),95)),((80,84),(87,86))),((92,((96,99),85)),81))),(((((53,(39,41)),(23,59)),(47,46)),(20,(54,17))),(60,((68,6),75)))),(((((40,51),26),4),43),(((16,2),((63,74),67)),(15,13)))),24),65);
Guide Tree 0/16
#NNI moves:0/152
Guide Tree 1/16
#NNI moves:2/152
Guide Tree 2/16
#NNI moves:2/152
Guide Tree 3/16
#NNI moves:0/152
Guide Tree 4/16
#NNI moves:0/152
Guide Tree 5/16
#NNI moves:0/152
Guide Tree 6/16
#NNI moves:0/152
Guide Tree 7/16
#NNI moves:0/152
Guide Tree 8/16
#NNI moves:0/152
Guide Tree 9/16
#NNI moves:0/152
Guide Tree 10/16
#NNI moves:0/152
Guide Tree 11/16
#NNI moves:6/152
Guide Tree 12/16
#NNI moves:2/152
Guide Tree 13/16
#NNI moves:0/152
Guide Tree 14/16
#NNI moves:0/152
Guide Tree 15/16
#NNI moves:2/152
Remaining: 0
#NNI moves:14/152
#NNI moves:14/152
((((((((((((11,52),14),(38,(22,8))),34),((33,(12,66)),44)),(((((((55,72),71),70),19),(((45,49),48),57)),9),(((((32,37),((64,(29,31)),69)),27),21),(73,25)))),((((61,3),((35,(62,50)),(1,36))),(((18,56),((7,30),10)),58)),(42,(5,28)))),((((((79,(((89,(98,82)),91),(88,78))),90),(((77,(93,83)),100),94)),((76,97),95)),((86,87),(84,80))),(((85,(96,99)),92),81))),(((((59,23),((41,39),53)),(47,46)),(20,(54,17))),((75,(68,6)),60))),(((13,15),(((74,63),67),(16,2))),((((51,40),26),4),43))),24),65);
Guide Tree 0/16
#NNI moves:0/152
Guide Tree 1/16
#NNI moves:0/152
Guide Tree 2/16
#NNI moves:0/152
Guide Tree 3/16
#NNI moves:0/152
Guide Tree 4/16
#NNI moves:0/152
Guide Tree 5/16
#NNI moves:0/152
Guide Tree 6/16
#NNI moves:0/152
Guide Tree 7/16
#NNI moves:6/152
Guide Tree 8/16
#NNI moves:0/152
Guide Tree 9/16
#NNI moves:0/152
Guide Tree 10/16
#NNI moves:0/152
Guide Tree 11/16
#NNI moves:0/152
Guide Tree 12/16
#NNI moves:0/152
Guide Tree 13/16
#NNI moves:0/152
Guide Tree 14/16
#NNI moves:0/152
Guide Tree 15/16
#NNI moves:0/152
Remaining: 7
#NNI moves:20/152
#NNI moves:20/152
((((((((((((11,52),14),((8,22),38)),34),(((12,66),33),44)),(((73,25),((((((29,31),64),69),(32,37)),27),21)),(((((71,(72,55)),70),19),(((49,45),48),57)),9))),(((58,((10,(30,7)),(56,18))),((((50,62),35),(36,1)),(3,61))),(42,(28,5)))),(((((76,97),95),((((77,(93,83)),100),94),((((78,88),(((98,82),89),91)),79),90))),((87,86),(84,80))),((((96,99),85),92),81))),(((((59,23),(53,(41,39))),(47,46)),((54,17),20)),(((68,6),75),60))),(((((63,74),67),(2,16)),(15,13)),((4,(26,(51,40))),43))),24),65);
Guide Tree 0/16
#NNI moves:0/152
Guide Tree 1/16
#NNI moves:0/152
Guide Tree 2/16
#NNI moves:0/152
Guide Tree 3/16
#NNI moves:0/152
Guide Tree 4/16
#NNI moves:0/152
Guide Tree 5/16
#NNI moves:0/152
Guide Tree 6/16
#NNI moves:0/152
Guide Tree 7/16
#NNI moves:2/152
Guide Tree 8/16
#NNI moves:2/152
Guide Tree 9/16
#NNI moves:0/152
Guide Tree 10/16
#NNI moves:2/152
Guide Tree 11/16
#NNI moves:2/152
Guide Tree 12/16
#NNI moves:2/152
Guide Tree 13/16
#NNI moves:2/152
Guide Tree 14/16
#NNI moves:2/152
Guide Tree 15/16
#NNI moves:0/152
Remaining: 0
#NNI moves:10/152
#NNI moves:10/152
(((((((((((10,(7,30)),(56,18)),58),((((62,50),35),(1,36)),(61,3))),((28,5),42)),(((((66,12),33),44),((((22,8),38),(14,(11,52))),34)),((9,((((45,49),48),57),((((55,72),71),70),19))),((25,73),((27,(((64,(29,31)),69),(37,32))),21))))),(((((99,96),85),92),81),(((((79,((78,88),(((82,98),89),91))),90),((((83,93),77),100),94)),((97,76),95)),((86,87),(84,80))))),((((((41,39),53),(23,59)),(46,47)),((17,54),20)),((75,(68,6)),60))),((((2,16),(67,(63,74))),(13,15)),(43,(((40,51),26),4)))),24),65);
Initial score: 1.3944e+09
Initial tree: (((((((((((10,(7,30)),(56,18)),58),((((62,50),35),(1,36)),(61,3))),((28,5),42)),(((((66,12),33),44),((((22,8),38),(14,(11,52))),34)),((9,((((45,49),48),57),((((55,72),71),70),19))),((25,73),((27,(((64,(29,31)),69),(37,32))),21))))),(((((99,96),85),92),81),(((((79,((78,88),(((82,98),89),91))),90),((((83,93),77),100),94)),((97,76),95)),((86,87),(84,80))))),((((((41,39),53),(23,59)),(46,47)),((17,54),20)),((75,(68,6)),60))),((((2,16),(67,(63,74))),(13,15)),(43,(((40,51),26),4)))),24),65);
*** Subsample Process ***
Use two-step algorithm!
#NNI moves:6/152
Remaining: 0
#NNI moves:16/152
#NNI moves:16/152
(((((((((((((((55,72),71),70),19),((48,(49,45)),57)),9),(((((((31,29),64),69),(37,32)),27),21),(25,73))),((((66,12),33),44),(((14,(11,52)),((8,22),38)),34))),(((((((((93,83),77),100),94),((((((98,82),89),91),(88,78)),79),90)),((97,76),95)),((87,86),(84,80))),((((96,99),85),92),81)),((((((53,(39,41)),(59,23)),(46,47)),((17,54),20)),(((68,6),75),60)),(((((67,(74,63)),(16,2)),(15,13)),((((40,51),26),4),43)),(24,65))))),(42,(28,5))),((((50,62),35),(1,36)),(61,3))),58),(56,18)),(7,30)),10);
#NNI moves:2/152
Remaining: 1
#NNI moves:8/152
#NNI moves:8/152
(((((((((((((((((64,(29,31)),69),(32,37)),27),21),(73,25)),(((((45,49),48),57),((70,((72,55),71)),19)),9)),((((12,66),33),44),(((14,(11,52)),((8,22),38)),34))),((((((50,62),35),(36,1)),(61,3)),((((7,30),10),(18,56)),58)),((28,5),42))),(((((90,(((((98,82),89),91),(78,88)),79)),((((93,83),77),100),94)),((76,97),95)),((87,86),(84,80))),(81,(((96,99),85),92)))),((((68,6),75),60),(((((39,41),53),(59,23)),(47,46)),((17,54),20)))),(24,65)),((((40,51),26),4),43)),(15,13)),(67,(74,63))),2),16);
#NNI moves:2/152
Remaining: 0
#NNI moves:14/152
#NNI moves:16/152
(((((((((((61,3),(((50,62),35),(1,36))),((((30,7),10),(56,18)),58)),(42,(5,28))),((((60,((68,6),75)),(((47,46),(((41,39),53),(59,23))),(20,(17,54)))),((((4,(26,(51,40))),43),((15,13),(((63,74),67),(16,2)))),(24,65))),((((((((((82,98),89),91),(88,78)),79),90),((((93,83),77),100),94)),((97,76),95)),((87,86),(80,84))),(((85,(96,99)),92),81)))),((((12,66),33),44),(((14,(11,52)),(38,(22,8))),34))),((((((55,72),71),70),19),(((49,45),48),57)),9)),(25,73)),21),(((64,(31,29)),69),(32,37))),27);
#NNI moves:0/152
Remaining: 0
#NNI moves:10/152
#NNI moves:10/152
(((((((((((((((45,49),48),57),((((55,72),71),70),19)),9),((25,73),(((((64,(29,31)),69),(37,32)),27),21))),(((((8,22),38),((11,52),14)),34),((33,(66,12)),44))),(((((36,1),((62,50),35)),(3,61)),(((56,18),((7,30),10)),58)),(42,(5,28)))),((((((100,((83,93),77)),94),(90,(((((82,98),89),91),(78,88)),79))),((97,76),95)),((84,80),(87,86))),((((96,99),85),92),81))),(((((53,(41,39)),(23,59)),(47,46)),((17,54),20)),((75,(6,68)),60))),(24,65)),(43,(4,(26,(40,51))))),(((63,74),67),(16,2))),15),13);
Current score: 1.3944e+09
Current tree: ((24,(((((((((((45,49),48),57),((((55,72),71),70),19)),9),((25,73),(((((64,(29,31)),69),(37,32)),27),21))),(((((8,22),38),((11,52),14)),34),((33,(66,12)),44))),(((((36,1),((62,50),35)),(3,61)),(((56,18),((7,30),10)),58)),(42,(5,28)))),((((((100,((83,93),77)),94),(90,(((((82,98),89),91),(78,88)),79))),((97,76),95)),((84,80),(87,86))),((((96,99),85),92),81))),(((((53,(41,39)),(23,59)),(47,46)),((17,54),20)),((75,(6,68)),60))),((43,(4,(26,(40,51)))),((((63,74),67),(16,2)),(15,13))))),65);
Final Tree: ((24,(((((((((((45,49),48),57),((((55,72),71),70),19)),9),((25,73),(((((64,(29,31)),69),(37,32)),27),21))),(((((8,22),38),((11,52),14)),34),((33,(66,12)),44))),(((((36,1),((62,50),35)),(3,61)),(((56,18),((7,30),10)),58)),(42,(5,28)))),((((((100,((83,93),77)),94),(90,(((((82,98),89),91),(78,88)),79))),((97,76),95)),((84,80),(87,86))),((((96,99),85),92),81))),(((((53,(41,39)),(23,59)),(47,46)),((17,54),20)),((75,(6,68)),60))),((43,(4,(26,(40,51)))),((((63,74),67),(16,2)),(15,13))))),65);
#EqQuartets: 1966166403
Score: 1394398744
ASTRAL for PaRalogs and Orthologs III (ASTRAL-Pro3)
*** NOW with integrated CASTLES-Pro ***
Version: v1.22.3.6
Read 512 genetrees and found 100 species.
#Genetrees: 1000
#Duploss: 12153
#Species: 100
#Rounds: 4
#Samples: 4
#Threads: 1
Use two-step algorithm!
Guide Tree 0/16
#NNI moves:0/152
Guide Tree 1/16
#NNI moves:0/152
Guide Tree 2/16
#NNI moves:0/152
Guide Tree 3/16
#NNI moves:0/152
Guide Tree 4/16
#NNI moves:0/152
Guide Tree 5/16
#NNI moves:0/152
Guide Tree 6/16
#NNI moves:0/152
Guide Tree 7/16
#NNI moves:0/152
Guide Tree 8/16
#NNI moves:0/152
Guide Tree 9/16
#NNI moves:0/152
Guide Tree 10/16
#NNI moves:0/152
Guide Tree 11/16
#NNI moves:0/152
Guide Tree 12/16
#NNI moves:0/152
Guide Tree 13/16
#NNI moves:0/152
Guide Tree 14/16
#NNI moves:0/152
Guide Tree 15/16
#NNI moves:0/152
Remaining: 1
#NNI moves:8/152
#NNI moves:8/152
((((((((((((((21,4),((((10,34),(27,52)),64),19)),2),18),(22,36)),17),26),(((((((((50,((5,49),55)),15),(54,14)),((51,25),28)),(((((((((42,11),((56,57),((8,9),68))),33),47),((20,44),(31,16))),((39,60),62)),(58,(69,53))),71),32)),((12,(48,3)),30)),41),((37,(38,6)),((((61,43),((23,24),67)),(((40,59),35),(45,63))),((((46,66),(1,13)),7),(29,70))))),65)),(89,(85,91))),((((84,((77,(82,100)),93)),(((((97,78),74),96),88),95)),(81,83)),(((79,90),92),(99,86)))),(98,87)),((80,75),76)),(72,94)),73);
Guide Tree 0/16
#NNI moves:0/152
Guide Tree 1/16
#NNI moves:0/152
Guide Tree 2/16
#NNI moves:0/152
Guide Tree 3/16
#NNI moves:0/152
Guide Tree 4/16
#NNI moves:0/152
Guide Tree 5/16
#NNI moves:0/152
Guide Tree 6/16
#NNI moves:0/152
Guide Tree 7/16
#NNI moves:0/152
Guide Tree 8/16
#NNI moves:0/152
Guide Tree 9/16
#NNI moves:0/152
Guide Tree 10/16
#NNI moves:0/152
Guide Tree 11/16
#NNI moves:0/152
Guide Tree 12/16
#NNI moves:0/152
Guide Tree 13/16
#NNI moves:0/152
Guide Tree 14/16
#NNI moves:0/152
Guide Tree 15/16
#NNI moves:0/152
Remaining: 0
#NNI moves:8/152
#NNI moves:8/152
((((((((((((((((50,((49,5),55)),15),(54,14)),(28,(51,25))),((((((39,60),62),(((16,31),(44,20)),((((((9,8),68),(57,56)),(11,42)),33),47))),((69,53),58)),71),32)),(30,((3,48),12))),41),(((((43,61),((24,23),67)),(((40,59),35),(45,63))),((70,29),(((13,1),(66,46)),7))),((6,38),37))),65),((((((((64,((52,27),(34,10))),19),(21,4)),2),18),(22,36)),17),26)),(89,(91,85))),((((((96,(74,(78,97))),88),95),((((82,100),77),93),84)),(83,81)),((92,(79,90)),(99,86)))),(87,98)),((80,75),76)),(72,94)),73);
Guide Tree 0/16
#NNI moves:0/152
Guide Tree 1/16
#NNI moves:0/152
Guide Tree 2/16
#NNI moves:0/152
Guide Tree 3/16
#NNI moves:0/152
Guide Tree 4/16
#NNI moves:0/152
Guide Tree 5/16
#NNI moves:0/152
Guide Tree 6/16
#NNI moves:0/152
Guide Tree 7/16
#NNI moves:0/152
Guide Tree 8/16
#NNI moves:0/152
Guide Tree 9/16
#NNI moves:0/152
Guide Tree 10/16
#NNI moves:0/152
Guide Tree 11/16
#NNI moves:0/152
Guide Tree 12/16
#NNI moves:0/152
Guide Tree 13/16
#NNI moves:0/152
Guide Tree 14/16
#NNI moves:0/152
Guide Tree 15/16
#NNI moves:0/152
Remaining: 0
#NNI moves:8/152
#NNI moves:8/152
(((72,94),(((((((((((((((((20,44),(16,31)),((((11,42),((56,57),(68,(8,9)))),33),47)),((39,60),62)),((53,69),58)),71),32),((((((5,49),55),50),15),(14,54)),(28,(51,25)))),((12,(48,3)),30)),41),(((6,38),37),(((((66,46),(1,13)),7),(70,29)),(((63,45),(35,(40,59))),((43,61),((23,24),67)))))),65),((((((((((27,52),(34,10)),64),19),(4,21)),2),18),(22,36)),17),26)),((91,85),89)),((((95,((96,(74,(97,78))),88)),(((77,(100,82)),93),84)),(83,81)),((92,(79,90)),(86,99)))),(87,98)),((80,75),76))),73);
Guide Tree 0/16
#NNI moves:0/152
Guide Tree 1/16
#NNI moves:0/152
Guide Tree 2/16
#NNI moves:0/152
Guide Tree 3/16
#NNI moves:0/152
Guide Tree 4/16
#NNI moves:0/152
Guide Tree 5/16
#NNI moves:0/152
Guide Tree 6/16
#NNI moves:0/152
Guide Tree 7/16
#NNI moves:0/152
Guide Tree 8/16
#NNI moves:0/152
Guide Tree 9/16
#NNI moves:0/152
Guide Tree 10/16
#NNI moves:0/152
Guide Tree 11/16
#NNI moves:0/152
Guide Tree 12/16
#NNI moves:0/152
Guide Tree 13/16
#NNI moves:0/152
Guide Tree 14/16
#NNI moves:0/152
Guide Tree 15/16
#NNI moves:0/152
Remaining: 0
#NNI moves:2/152
#NNI moves:2/152
(((((((((((((12,(48,3)),30),((((((((((((9,8),68),(57,56)),(42,11)),33),47),((16,31),(20,44))),((39,60),62)),(58,(69,53))),71),32),((28,(25,51)),((14,54),((50,(55,(49,5))),15))))),41),((((7,((1,13),(46,66))),(70,29)),(((45,63),((40,59),35)),(((23,24),67),(43,61)))),(37,(38,6)))),65),((((((((((34,10),(52,27)),64),19),(4,21)),2),18),(22,36)),17),26)),((91,85),89)),(((((88,(((97,78),74),96)),95),((((82,100),77),93),84)),(81,83)),((99,86),((79,90),92)))),(98,87)),(76,(75,80))),(94,72)),73);
Initial score: 1.42523e+09
Initial tree: (((((((((((((12,(48,3)),30),((((((((((((9,8),68),(57,56)),(42,11)),33),47),((16,31),(20,44))),((39,60),62)),(58,(69,53))),71),32),((28,(25,51)),((14,54),((50,(55,(49,5))),15))))),41),((((7,((1,13),(46,66))),(70,29)),(((45,63),((40,59),35)),(((23,24),67),(43,61)))),(37,(38,6)))),65),((((((((((34,10),(52,27)),64),19),(4,21)),2),18),(22,36)),17),26)),((91,85),89)),(((((88,(((97,78),74),96)),95),((((82,100),77),93),84)),(81,83)),((99,86),((79,90),92)))),(98,87)),(76,(75,80))),(94,72)),73);
*** Subsample Process ***
Use two-step algorithm!
#NNI moves:0/152
Remaining: 1
#NNI moves:0/152
#NNI moves:0/152
(((((((((((((((19,(((10,34),(52,27)),64)),(4,21)),2),18),(22,36)),17),26),((((((((((97,78),74),96),88),95),((((100,82),77),93),84)),(81,83)),(((79,90),92),(99,86))),((((94,72),73),(76,(75,80))),(98,87))),(89,(85,91)))),65),((((((66,46),(1,13)),7),(70,29)),((((23,24),67),(43,61)),(((59,40),35),(45,63)))),((38,6),37))),41),((((54,14),(((55,(49,5)),50),15)),((51,25),28)),(((((((44,20),(31,16)),(((((68,(8,9)),(56,57)),(11,42)),33),47)),((39,60),62)),((69,53),58)),71),32))),30),(3,48)),12);
#NNI moves:0/152
Remaining: 0
#NNI moves:2/152
#NNI moves:2/152
((((((((((((((((((((23,24),67),(61,43)),((63,45),((40,59),35))),((((66,46),(1,13)),7),(70,29))),((38,6),37)),((((((((((((((9,8),68),(56,57)),(42,11)),33),47),((20,44),(31,16))),((39,60),62)),((69,53),58)),71),32),(((14,54),(15,((55,(49,5)),50))),((51,25),28))),(((3,48),12),30)),41)),65),((((((((((10,34),(27,52)),64),19),(21,4)),2),18),(36,22)),17),26)),(89,(85,91))),((((80,75),76),((72,94),73)),(87,98))),(((79,90),92),(99,86))),(83,81)),((((82,100),77),93),84)),95),88),96),74),97),78);
#NNI moves:0/152
Remaining: 0
#NNI moves:0/152
#NNI moves:0/152
((((((((((((((((23,24),67),(61,43)),((35,(40,59)),(45,63))),((((13,1),(46,66)),7),(29,70))),((38,6),37)),((((((54,14),((50,((49,5),55)),15)),((51,25),28)),((71,(((((31,16),(20,44)),(((((68,(9,8)),(57,56)),(11,42)),33),47)),((39,60),62)),((53,69),58))),32)),(((48,3),12),30)),41)),65),((((36,22),(18,((((((52,27),(34,10)),64),19),(21,4)),2))),17),26)),((85,91),89)),((((((((97,78),74),96),88),95),((((82,100),77),93),84)),(83,81)),((86,99),(92,(79,90))))),(98,87)),((94,72),73)),76),75),80);
#NNI moves:0/152
Remaining: 0
#NNI moves:2/152
#NNI moves:2/152
(((((((((((((((((((((((56,57),((8,9),68)),(11,42)),33),47),((44,20),(31,16))),(62,(60,39))),((69,53),58)),71),32),(((54,14),((((5,49),55),50),15)),((25,51),28))),((12,(48,3)),30)),41),(((((63,45),(35,(59,40))),(((24,23),67),(61,43))),((((1,13),(46,66)),7),(29,70))),(37,(6,38)))),65),((((22,36),(((((((27,52),(34,10)),64),19),(4,21)),2),18)),17),26)),((85,91),89)),(((((88,(96,((97,78),74))),95),((((82,100),77),93),84)),(81,83)),((99,86),(92,(90,79))))),(87,98)),((75,80),76)),73),72),94);
Current score: 1.42523e+09
Current tree: ((((((((((((((((((((((56,57),((8,9),68)),(11,42)),33),47),((44,20),(31,16))),(62,(60,39))),((69,53),58)),71),32),(((54,14),((((5,49),55),50),15)),((25,51),28))),((12,(48,3)),30)),41),(((((63,45),(35,(59,40))),(((24,23),67),(61,43))),((((1,13),(46,66)),7),(29,70))),(37,(6,38)))),65),((((22,36),(((((((27,52),(34,10)),64),19),(4,21)),2),18)),17),26)),((85,91),89)),(((((88,(96,((97,78),74))),95),((((82,100),77),93),84)),(81,83)),((99,86),(92,(90,79))))),(87,98)),((75,80),76)),(72,94)),73);
Final Tree: ((((((((((((((((((((((56,57),((8,9),68)),(11,42)),33),47),((44,20),(31,16))),(62,(60,39))),((69,53),58)),71),32),(((54,14),((((5,49),55),50),15)),((25,51),28))),((12,(48,3)),30)),41),(((((63,45),(35,(59,40))),(((24,23),67),(61,43))),((((1,13),(46,66)),7),(29,70))),(37,(6,38)))),65),((((22,36),(((((((27,52),(34,10)),64),19),(4,21)),2),18)),17),26)),((85,91),89)),(((((88,(96,((97,78),74))),95),((((82,100),77),93),84)),(81,83)),((99,86),(92,(90,79))))),(87,98)),((75,80),76)),(72,94)),73);
#EqQuartets: 1960990545
Score: 1425232596
ASTRAL for PaRalogs and Orthologs III (ASTRAL-Pro3)
*** NOW with integrated CASTLES-Pro ***
Version: v1.22.3.6
Read 512 genetrees and found 100 species.
#Genetrees: 1000
#Duploss: 11593
#Species: 100
#Rounds: 4
#Samples: 4
#Threads: 1
Use two-step algorithm!
Guide Tree 0/16
#NNI moves:0/152
Guide Tree 1/16
#NNI moves:0/152
Guide Tree 2/16
#NNI moves:0/152
Guide Tree 3/16
#NNI moves:0/152
Guide Tree 4/16
#NNI moves:0/152
Guide Tree 5/16
#NNI moves:0/152
Guide Tree 6/16
#NNI moves:2/152
Guide Tree 7/16
#NNI moves:0/152
Guide Tree 8/16
#NNI moves:0/152
Guide Tree 9/16
#NNI moves:0/152
Guide Tree 10/16
#NNI moves:0/152
Guide Tree 11/16
#NNI moves:0/152
Guide Tree 12/16
#NNI moves:0/152
Guide Tree 13/16
#NNI moves:0/152
Guide Tree 14/16
#NNI moves:0/152
Guide Tree 15/16
#NNI moves:0/152
Remaining: 0
#NNI moves:0/152
#NNI moves:0/152
(((((((((((((((86,47),((89,95),79)),(72,75)),(((64,(71,100)),91),59)),((((((90,65),(61,74)),98),((57,58),(94,(52,49)))),((((53,46),87),(92,63)),50)),(((((((55,93),(67,73)),(88,60)),((((77,62),((78,81),76)),(83,99)),82)),84),(69,66)),(56,51)))),(((96,97),(((80,54),((68,48),44)),(70,45))),85)),(((((((37,21),7),19),(17,15)),31),38),((20,29),41))),36),(((11,42),8),9)),(10,2)),(((4,14),((22,((12,1),6)),18)),(39,(13,(16,23))))),((26,24),(32,30))),((34,25),27)),(((40,(35,43)),28),(5,33))),3);
Guide Tree 0/16
#NNI moves:0/152
Guide Tree 1/16
#NNI moves:2/152
Guide Tree 2/16
#NNI moves:0/152
Guide Tree 3/16
#NNI moves:0/152
Guide Tree 4/16
#NNI moves:0/152
Guide Tree 5/16
#NNI moves:0/152
Guide Tree 6/16
#NNI moves:0/152
Guide Tree 7/16
#NNI moves:0/152
Guide Tree 8/16
#NNI moves:0/152
Guide Tree 9/16
#NNI moves:2/152
Guide Tree 10/16
#NNI moves:2/152
Guide Tree 11/16
#NNI moves:6/152
Guide Tree 12/16
#NNI moves:0/152
Guide Tree 13/16
#NNI moves:0/152
Guide Tree 14/16
#NNI moves:0/152
Guide Tree 15/16
#NNI moves:0/152
Remaining: 0
#NNI moves:2/152
#NNI moves:2/152
(((((((((((((((86,47),(79,(89,95))),(75,72)),(59,(((71,100),64),91))),((((((((55,93),(67,73)),(88,60)),((((76,(78,81)),(62,77)),(83,99)),82)),84),(66,69)),(51,56)),(((((90,65),(74,61)),98),(((49,52),94),(57,58))),(50,((92,63),((46,53),87)))))),(((((44,(68,48)),(54,80)),(70,45)),(97,96)),85)),(((((17,15),((7,(21,37)),19)),31),38),((29,20),41))),36),(9,((11,42),8))),(10,2)),((((23,16),13),39),((14,4),((((1,12),6),22),18)))),((26,24),(32,30))),(27,(34,25))),((((43,35),40),28),(5,33))),3);
Guide Tree 0/16
#NNI moves:0/152
Guide Tree 1/16
#NNI moves:0/152
Guide Tree 2/16
#NNI moves:0/152
Guide Tree 3/16
#NNI moves:0/152
Guide Tree 4/16
#NNI moves:0/152
Guide Tree 5/16
#NNI moves:0/152
Guide Tree 6/16
#NNI moves:0/152
Guide Tree 7/16
#NNI moves:0/152
Guide Tree 8/16
#NNI moves:0/152
Guide Tree 9/16
#NNI moves:0/152
Guide Tree 10/16
#NNI moves:0/152
Guide Tree 11/16
#NNI moves:0/152
Guide Tree 12/16
#NNI moves:0/152
Guide Tree 13/16
#NNI moves:0/152
Guide Tree 14/16
#NNI moves:0/152
Guide Tree 15/16
#NNI moves:0/152
Remaining: 0
#NNI moves:8/152
#NNI moves:8/152
(((((((((((((((((((93,55),(73,67)),(60,88)),((((62,77),(76,(81,78))),(83,99)),82)),84),(69,66)),(51,56)),(((((52,49),94),(57,58)),(((65,90),(61,74)),98)),((((46,53),87),(92,63)),50))),(((72,75),((47,86),(79,(95,89)))),(59,(((71,100),64),91)))),((((70,45),((80,54),(44,(68,48)))),(96,97)),85)),((41,(29,20)),((((((37,21),7),19),(17,15)),31),38))),36),(((42,11),8),9)),(10,2)),((((23,16),13),39),((4,14),((22,(6,(12,1))),18)))),((32,30),(24,26))),((25,34),27)),((((43,35),40),28),(5,33))),3);
Guide Tree 0/16
#NNI moves:0/152
Guide Tree 1/16
#NNI moves:0/152
Guide Tree 2/16
#NNI moves:0/152
Guide Tree 3/16
#NNI moves:0/152
Guide Tree 4/16
#NNI moves:0/152
Guide Tree 5/16
#NNI moves:0/152
Guide Tree 6/16
#NNI moves:0/152
Guide Tree 7/16
#NNI moves:0/152
Guide Tree 8/16
#NNI moves:0/152
Guide Tree 9/16
#NNI moves:0/152
Guide Tree 10/16
#NNI moves:0/152
Guide Tree 11/16
#NNI moves:0/152
Guide Tree 12/16
#NNI moves:0/152
Guide Tree 13/16
#NNI moves:0/152
Guide Tree 14/16
#NNI moves:0/152
Guide Tree 15/16
#NNI moves:0/152
Remaining: 0
#NNI moves:2/152
#NNI moves:2/152
(((((((((((((((((((73,67),(93,55)),(88,60)),(((99,83),((76,(81,78)),(77,62))),82)),84),(66,69)),(56,51)),(((((52,49),94),(57,58)),(((61,74),(90,65)),98)),(((63,92),((46,53),87)),50))),(((((100,71),64),91),59),(((47,86),((89,95),79)),(75,72)))),(((96,97),(((44,(48,68)),(80,54)),(70,45))),85)),((38,(((((37,21),7),19),(17,15)),31)),((29,20),41))),36),((8,(42,11)),9)),(2,10)),(((((6,(1,12)),22),18),(4,14)),(39,((16,23),13)))),((32,30),(26,24))),((34,25),27)),((28,((43,35),40)),(33,5))),3);
Initial score: 1.58424e+09
Initial tree: (((((((((((((((((((73,67),(93,55)),(88,60)),(((99,83),((76,(81,78)),(77,62))),82)),84),(66,69)),(56,51)),(((((52,49),94),(57,58)),(((61,74),(90,65)),98)),(((63,92),((46,53),87)),50))),(((((100,71),64),91),59),(((47,86),((89,95),79)),(75,72)))),(((96,97),(((44,(48,68)),(80,54)),(70,45))),85)),((38,(((((37,21),7),19),(17,15)),31)),((29,20),41))),36),((8,(42,11)),9)),(2,10)),(((((6,(1,12)),22),18),(4,14)),(39,((16,23),13)))),((32,30),(26,24))),((34,25),27)),((28,((43,35),40)),(33,5))),3);
*** Subsample Process ***
Use two-step algorithm!
#NNI moves:0/152
Remaining: 1
#NNI moves:0/152
#NNI moves:0/152
((((((((((((((((((((25,34),27),(((28,((35,43),40)),(5,33)),3)),((32,30),(24,26))),(((4,14),((22,(6,(12,1))),18)),(39,(13,(23,16))))),(2,10)),(((42,11),8),9)),36),(((((((37,21),7),19),(15,17)),31),38),((29,20),41))),((((((68,48),44),(54,80)),(45,70)),(97,96)),85)),(((((71,100),64),91),59),(((86,47),((95,89),79)),(75,72)))),((((87,(53,46)),(92,63)),50),((((52,49),94),(58,57)),(((65,90),(61,74)),98)))),(51,56)),(66,69)),84),((((62,77),(76,(81,78))),(83,99)),82)),(88,60)),(55,93)),67),73);
#NNI moves:0/152
Remaining: 0
#NNI moves:0/152
#NNI moves:0/152
(((((((((((((((((((65,90),(74,61)),98),((94,(52,49)),(58,57))),(((63,92),((46,53),87)),50)),((((((88,60),((93,55),(67,73))),((((62,77),(76,(81,78))),(83,99)),82)),84),(69,66)),(51,56))),(((91,(64,(71,100))),59),(((47,86),((95,89),79)),(75,72)))),((((((68,48),44),(80,54)),(70,45)),(97,96)),85)),(((31,((15,17),((7,(21,37)),19))),38),(41,(29,20)))),36),(((11,42),8),9)),(2,10)),(((((6,(1,12)),22),18),(14,4)),(((23,16),13),39))),((32,30),(26,24))),((34,25),27)),3),(33,5)),(40,(43,35))),28);
#NNI moves:0/152
Remaining: 0
#NNI moves:4/152
#NNI moves:4/152
(((((((((((((((((26,24),(32,30)),((((28,(40,(43,35))),(33,5)),3),((34,25),27))),((((22,(6,(1,12))),18),(4,14)),((13,(23,16)),39))),(2,10)),((8,(11,42)),9)),36),(((((19,((21,37),7)),(17,15)),31),38),(41,(29,20)))),(((96,97),((((68,48),44),(54,80)),(70,45))),85)),(((91,(64,(71,100))),59),(((86,47),(79,(95,89))),(75,72)))),((((((60,88),((73,67),(93,55))),(((((78,81),76),(77,62)),(83,99)),82)),84),(69,66)),(56,51))),(((63,92),(87,(46,53))),50)),(((49,52),94),(57,58))),98),(61,74)),90),65);
#NNI moves:0/152
Remaining: 0
#NNI moves:4/152
#NNI moves:14/152
((((((((((((((((((((67,73),(93,55)),(88,60)),(((83,99),((77,62),((81,78),76))),82)),84),(66,69)),(56,51)),(((((52,49),94),(57,58)),(98,((61,74),(65,90)))),(((63,92),((46,53),87)),50))),((((86,47),((89,95),79)),(72,75)),((((100,71),64),91),59))),((((45,70),(((48,68),44),(80,54))),(96,97)),85)),(((((((37,21),7),19),(15,17)),31),38),(41,(20,29)))),36),(((42,11),8),9)),(2,10)),(((4,14),((((12,1),6),22),18)),(((16,23),13),39))),((26,24),(30,32))),((((40,(43,35)),28),(5,33)),3)),27),34),25);
Current score: 1.58424e+09
Current tree: (((((40,(43,35)),28),(5,33)),(((((((((((((((((67,73),(93,55)),(88,60)),(((83,99),((77,62),((81,78),76))),82)),84),(66,69)),(56,51)),(((((52,49),94),(57,58)),(98,((61,74),(65,90)))),(((63,92),((46,53),87)),50))),((((86,47),((89,95),79)),(72,75)),((((100,71),64),91),59))),((((45,70),(((48,68),44),(80,54))),(96,97)),85)),(((((((37,21),7),19),(15,17)),31),38),(41,(20,29)))),36),(((42,11),8),9)),(2,10)),(((4,14),((((12,1),6),22),18)),(((16,23),13),39))),((26,24),(30,32))),(27,(34,25)))),3);
Final Tree: (((((40,(43,35)),28),(5,33)),(((((((((((((((((67,73),(93,55)),(88,60)),(((83,99),((77,62),((81,78),76))),82)),84),(66,69)),(56,51)),(((((52,49),94),(57,58)),(98,((61,74),(65,90)))),(((63,92),((46,53),87)),50))),((((86,47),((89,95),79)),(72,75)),((((100,71),64),91),59))),((((45,70),(((48,68),44),(80,54))),(96,97)),85)),(((((((37,21),7),19),(15,17)),31),38),(41,(20,29)))),36),(((42,11),8),9)),(2,10)),(((4,14),((((12,1),6),22),18)),(((16,23),13),39))),((26,24),(30,32))),(27,(34,25)))),3);
#EqQuartets: 2043302617
Score: 1584244605
