ASTRAL for PaRalogs and Orthologs III (ASTRAL-Pro3)
*** NOW with integrated CASTLES-Pro ***
Version: v1.22.3.6
Read 512 genetrees and found 100 species.
#Genetrees: 999
#Duploss: 21174
#Species: 100
#Rounds: 4
#Samples: 4
#Threads: 1
Use two-step algorithm!
Guide Tree 0/16
#NNI moves:0/152
Guide Tree 1/16
#NNI moves:0/152
Guide Tree 2/16
#NNI moves:0/152
Guide Tree 3/16
#NNI moves:0/152
Guide Tree 4/16
#NNI moves:0/152
Guide Tree 5/16
#NNI moves:0/152
Guide Tree 6/16
#NNI moves:0/152
Guide Tree 7/16
#NNI moves:0/152
Guide Tree 8/16
#NNI moves:0/152
Guide Tree 9/16
#NNI moves:0/152
Guide Tree 10/16
#NNI moves:0/152
Guide Tree 11/16
#NNI moves:0/152
Guide Tree 12/16
#NNI moves:0/152
Guide Tree 13/16
#NNI moves:0/152
Guide Tree 14/16
#NNI moves:0/152
Guide Tree 15/16
#NNI moves:0/152
Remaining: 0
#NNI moves:2/152
#NNI moves:2/152
(((((((((((((24,65),((34,((55,69),35)),((40,86),70))),((((21,90),87),79),75)),(((((85,46),(22,48)),((59,84),(74,73))),(((((56,26),53),(80,(((27,60),29),45))),(((13,43),100),(92,95))),((64,72),78))),(98,54))),(((96,32),57),(49,89))),(((((((99,14),(28,66)),83),61),(42,67)),((88,81),(82,62))),(38,37))),(((19,58),63),((20,93),((52,47),(31,25))))),((((12,3),((10,(6,9)),(8,(11,1)))),7),((4,5),2))),(((39,17),(41,33)),((18,51),((68,15),76)))),(91,((30,94),36))),77),((44,(23,50)),(16,71))),97);
Guide Tree 0/16
#NNI moves:0/152
Guide Tree 1/16
#NNI moves:0/152
Guide Tree 2/16
#NNI moves:0/152
Guide Tree 3/16
#NNI moves:0/152
Guide Tree 4/16
#NNI moves:0/152
Guide Tree 5/16
#NNI moves:0/152
Guide Tree 6/16
#NNI moves:0/152
Guide Tree 7/16
#NNI moves:0/152
Guide Tree 8/16
#NNI moves:0/152
Guide Tree 9/16
#NNI moves:0/152
Guide Tree 10/16
#NNI moves:0/152
Guide Tree 11/16
#NNI moves:0/152
Guide Tree 12/16
#NNI moves:0/152
Guide Tree 13/16
#NNI moves:0/152
Guide Tree 14/16
#NNI moves:0/152
Guide Tree 15/16
#NNI moves:0/152
Remaining: 0
#NNI moves:6/152
#NNI moves:6/152
(((((((((((((((85,46),(48,22)),((59,84),(73,74))),((((53,(26,56)),((((60,27),29),45),80)),((95,92),((43,13),100))),((64,72),78))),(98,54)),(((((35,(69,55)),34),((86,40),70)),(24,65)),(((87,(90,21)),79),75))),(((96,32),57),(49,89))),((38,37),((((((14,99),(66,28)),83),61),(67,42)),((82,62),(81,88))))),((63,(19,58)),(((25,31),(52,47)),(20,93)))),((((((6,9),10),(8,(11,1))),(12,3)),7),((5,4),2))),((((15,68),76),(51,18)),((39,17),(33,41)))),(((94,30),36),91)),77),((71,16),((50,23),44))),97);
Guide Tree 0/16
#NNI moves:0/152
Guide Tree 1/16
#NNI moves:0/152
Guide Tree 2/16
#NNI moves:0/152
Guide Tree 3/16
#NNI moves:0/152
Guide Tree 4/16
#NNI moves:0/152
Guide Tree 5/16
#NNI moves:0/152
Guide Tree 6/16
#NNI moves:0/152
Guide Tree 7/16
#NNI moves:0/152
Guide Tree 8/16
#NNI moves:0/152
Guide Tree 9/16
#NNI moves:0/152
Guide Tree 10/16
#NNI moves:0/152
Guide Tree 11/16
#NNI moves:0/152
Guide Tree 12/16
#NNI moves:0/152
Guide Tree 13/16
#NNI moves:0/152
Guide Tree 14/16
#NNI moves:0/152
Guide Tree 15/16
#NNI moves:0/152
Remaining: 1
#NNI moves:0/152
#NNI moves:0/152
(((((((((((52,47),(31,25)),(93,20)),((19,58),63)),((((((((((((27,60),29),45),80),((26,56),53)),((100,(43,13)),(92,95))),(78,(72,64))),(((59,84),(73,74)),((85,46),(48,22)))),(54,98)),(((((35,(55,69)),34),((40,86),70)),(65,24)),(((87,(21,90)),79),75))),((57,(96,32)),(89,49))),((((67,42),((((99,14),(28,66)),83),61)),((88,81),(82,62))),(38,37)))),(((((10,(9,6)),((1,11),8)),(12,3)),7),(2,(5,4)))),((((68,15),76),(51,18)),((33,41),(39,17)))),(((30,94),36),91)),77),((71,16),((50,23),44))),97);
Guide Tree 0/16
#NNI moves:0/152
Guide Tree 1/16
#NNI moves:0/152
Guide Tree 2/16
#NNI moves:0/152
Guide Tree 3/16
#NNI moves:0/152
Guide Tree 4/16
#NNI moves:0/152
Guide Tree 5/16
#NNI moves:0/152
Guide Tree 6/16
#NNI moves:0/152
Guide Tree 7/16
#NNI moves:0/152
Guide Tree 8/16
#NNI moves:0/152
Guide Tree 9/16
#NNI moves:0/152
Guide Tree 10/16
#NNI moves:0/152
Guide Tree 11/16
#NNI moves:0/152
Guide Tree 12/16
#NNI moves:0/152
Guide Tree 13/16
#NNI moves:0/152
Guide Tree 14/16
#NNI moves:0/152
Guide Tree 15/16
#NNI moves:0/152
Remaining: 0
#NNI moves:0/152
#NNI moves:0/152
(((((((((((((((72,64),78),(((92,95),((13,43),100)),((53,(56,26)),(80,(((60,27),29),45))))),(((84,59),(74,73)),((22,48),(85,46)))),(98,54)),((75,(((21,90),87),79)),((24,65),(((40,86),70),((35,(69,55)),34))))),((89,49),((96,32),57))),(((((((99,14),(66,28)),83),61),(42,67)),((88,81),(62,82))),(38,37))),((((31,25),(52,47)),(93,20)),((19,58),63))),((((((1,11),8),(10,(6,9))),(3,12)),7),((4,5),2))),(((33,41),(17,39)),((51,18),(76,(68,15))))),(91,(36,(30,94)))),77),((16,71),(44,(50,23)))),97);
Initial score: 8.5121e+08
Initial tree: (((((((((((((((72,64),78),(((92,95),((13,43),100)),((53,(56,26)),(80,(((60,27),29),45))))),(((84,59),(74,73)),((22,48),(85,46)))),(98,54)),((75,(((21,90),87),79)),((24,65),(((40,86),70),((35,(69,55)),34))))),((89,49),((96,32),57))),(((((((99,14),(66,28)),83),61),(42,67)),((88,81),(62,82))),(38,37))),((((31,25),(52,47)),(93,20)),((19,58),63))),((((((1,11),8),(10,(6,9))),(3,12)),7),((4,5),2))),(((33,41),(17,39)),((51,18),(76,(68,15))))),(91,(36,(30,94)))),77),((16,71),(44,(50,23)))),97);
*** Subsample Process ***
Use two-step algorithm!
#NNI moves:0/152
Remaining: 0
#NNI moves:8/152
#NNI moves:8/152
((((((((((((((((((99,14),(28,66)),83),61),(67,42)),((82,62),(81,88))),(38,37)),((((((76,(15,68)),(18,51)),((39,17),(41,33))),(((((44,(50,23)),(16,71)),97),77),(91,((30,94),36)))),(((((10,(9,6)),((11,1),8)),(3,12)),7),((5,4),2))),(((58,19),63),((20,93),((31,25),(47,52)))))),(((32,96),57),(89,49))),(((((21,90),87),79),75),((((40,86),70),(((55,69),35),34)),(65,24)))),(54,98)),(((84,59),(74,73)),((48,22),(46,85)))),((72,64),78)),((92,95),((43,13),100))),(((29,(60,27)),45),80)),53),56),26);
#NNI moves:0/152
Remaining: 0
#NNI moves:10/152
#NNI moves:16/152
(((((((((((((((((90,21),87),79),75),((((40,86),70),(34,(35,(55,69)))),(65,24))),(((((59,84),(74,73)),((48,22),(85,46))),((((92,95),(100,(13,43))),(((26,56),53),((((27,60),29),45),80))),((64,72),78))),(54,98))),(((96,32),57),(89,49))),(((((((66,28),(14,99)),83),61),(67,42)),((82,62),(88,81))),(37,38))),(((93,20),((25,31),(47,52))),((58,19),63))),((2,(4,5)),(7,((3,12),(((1,11),8),((6,9),10)))))),(((39,17),(41,33)),((18,51),(76,(15,68))))),(((30,94),36),91)),77),97),(71,16)),(23,50)),44);
#NNI moves:0/152
Remaining: 0
#NNI moves:2/152
#NNI moves:2/152
(((((((((((((((41,33),(39,17)),(((68,15),76),(51,18))),((((30,94),36),91),(77,((((50,23),44),(16,71)),97)))),(((5,4),2),(((((9,6),10),((11,1),8)),(3,12)),7))),((((31,25),(52,47)),(93,20)),((58,19),63))),((((42,67),(61,(((99,14),(66,28)),83))),((82,62),(81,88))),(38,37))),(((96,32),57),(89,49))),(((((84,59),(74,73)),((22,48),(85,46))),((((95,92),((43,13),100)),(((56,26),53),(80,(((27,60),29),45)))),(78,(64,72)))),(54,98))),((((40,86),70),(((55,69),35),34)),(24,65))),75),79),87),21),90);
#NNI moves:0/152
Remaining: 0
#NNI moves:8/152
#NNI moves:8/152
(((((((((((((((80,(((60,27),29),45)),(53,(56,26))),(((13,43),100),(92,95))),((64,72),78)),(((74,73),(84,59)),((22,48),(46,85)))),(98,54)),((((((69,55),35),34),((86,40),70)),(65,24)),(75,((87,(21,90)),79)))),((57,(32,96)),(89,49))),((((67,42),(61,(((99,14),(28,66)),83))),((62,82),(88,81))),(38,37))),((((31,25),(52,47)),(93,20)),((19,58),63))),((2,(5,4)),((((10,(9,6)),((1,11),8)),(3,12)),7))),((((68,15),76),(51,18)),((41,33),(39,17)))),((36,(94,30)),91)),(((71,16),((50,23),44)),97)),77);
Current score: 8.5121e+08
Current tree: ((((71,16),((50,23),44)),((((((((((((((80,(((60,27),29),45)),(53,(56,26))),(((13,43),100),(92,95))),((64,72),78)),(((74,73),(84,59)),((22,48),(46,85)))),(98,54)),((((((69,55),35),34),((86,40),70)),(65,24)),(75,((87,(21,90)),79)))),((57,(32,96)),(89,49))),((((67,42),(61,(((99,14),(28,66)),83))),((62,82),(88,81))),(38,37))),((((31,25),(52,47)),(93,20)),((19,58),63))),((2,(5,4)),((((10,(9,6)),((1,11),8)),(3,12)),7))),((((68,15),76),(51,18)),((41,33),(39,17)))),((36,(94,30)),91)),77)),97);
Final Tree: ((((71,16),((50,23),44)),((((((((((((((80,(((60,27),29),45)),(53,(56,26))),(((13,43),100),(92,95))),((64,72),78)),(((74,73),(84,59)),((22,48),(46,85)))),(98,54)),((((((69,55),35),34),((86,40),70)),(65,24)),(75,((87,(21,90)),79)))),((57,(32,96)),(89,49))),((((67,42),(61,(((99,14),(28,66)),83))),((62,82),(88,81))),(38,37))),((((31,25),(52,47)),(93,20)),((19,58),63))),((2,(5,4)),((((10,(9,6)),((1,11),8)),(3,12)),7))),((((68,15),76),(51,18)),((41,33),(39,17)))),((36,(94,30)),91)),77)),97);
#EqQuartets: 1141768148
Score: 851210435
ASTRAL for PaRalogs and Orthologs III (ASTRAL-Pro3)
*** NOW with integrated CASTLES-Pro ***
Version: v1.22.3.6
Read 512 genetrees and found 100 species.
#Genetrees: 1000
#Duploss: 21501
#Species: 100
#Rounds: 4
#Samples: 4
#Threads: 1
Use two-step algorithm!
Guide Tree 0/16
#NNI moves:0/152
Guide Tree 1/16
#NNI moves:0/152
Guide Tree 2/16
#NNI moves:0/152
Guide Tree 3/16
#NNI moves:0/152
Guide Tree 4/16
#NNI moves:0/152
Guide Tree 5/16
#NNI moves:0/152
Guide Tree 6/16
#NNI moves:0/152
Guide Tree 7/16
#NNI moves:6/152
Guide Tree 8/16
#NNI moves:0/152
Guide Tree 9/16
#NNI moves:0/152
Guide Tree 10/16
#NNI moves:0/152
Guide Tree 11/16
#NNI moves:0/152
Guide Tree 12/16
#NNI moves:0/152
Guide Tree 13/16
#NNI moves:0/152
Guide Tree 14/16
#NNI moves:0/152
Guide Tree 15/16
#NNI moves:0/152
Remaining: 0
#NNI moves:0/152
#NNI moves:0/152
(((((((((((((((((64,56),55),(((69,(81,60)),(70,65)),((52,89),(59,58)))),(((78,97),62),(50,76))),74),(((((99,82),72),61),((((79,48),95),84),(((((54,63),57),91),(86,96)),((((((90,67),68),100),73),94),66)))),(((83,(((53,(98,93)),(92,88)),(71,51))),75),((((47,(80,49)),77),87),85)))),(16,36)),(((11,45),29),((39,5),((((25,32),7),35),(27,38))))),(13,(3,20))),((((12,1),22),(((28,(4,31)),(24,9)),44)),(34,(21,40)))),((((46,14),(42,(33,41))),43),((23,37),6))),30),(26,15)),((17,8),19)),10),18),2);
Guide Tree 0/16
#NNI moves:0/152
Guide Tree 1/16
#NNI moves:0/152
Guide Tree 2/16
#NNI moves:0/152
Guide Tree 3/16
#NNI moves:0/152
Guide Tree 4/16
#NNI moves:0/152
Guide Tree 5/16
#NNI moves:0/152
Guide Tree 6/16
#NNI moves:0/152
Guide Tree 7/16
#NNI moves:0/152
Guide Tree 8/16
#NNI moves:0/152
Guide Tree 9/16
#NNI moves:0/152
Guide Tree 10/16
#NNI moves:0/152
Guide Tree 11/16
#NNI moves:0/152
Guide Tree 12/16
#NNI moves:0/152
Guide Tree 13/16
#NNI moves:0/152
Guide Tree 14/16
#NNI moves:0/152
Guide Tree 15/16
#NNI moves:0/152
Remaining: 0
#NNI moves:6/152
#NNI moves:10/152
((((((((((((((((((51,71),((88,92),((93,98),53))),83),75),((((47,(80,49)),77),87),85)),(((((((63,54),57),91),(96,86)),((((((67,90),68),100),73),94),66)),(((79,48),95),84)),(61,((82,99),72)))),((((((58,59),(89,52)),(((81,60),69),(65,70))),((56,64),55)),((76,50),((97,78),62))),74)),(16,36)),(((11,45),29),(((((32,25),7),35),(38,27)),(5,39)))),((20,3),13)),((((12,1),22),(((9,24),((31,4),28)),44)),(34,(40,21)))),(((23,37),6),(43,(((41,33),42),(46,14))))),30),(15,26)),(19,(8,17))),10),18),2);
Guide Tree 0/16
#NNI moves:0/152
Guide Tree 1/16
#NNI moves:0/152
Guide Tree 2/16
#NNI moves:0/152
Guide Tree 3/16
#NNI moves:0/152
Guide Tree 4/16
#NNI moves:0/152
Guide Tree 5/16
#NNI moves:0/152
Guide Tree 6/16
#NNI moves:0/152
Guide Tree 7/16
#NNI moves:0/152
Guide Tree 8/16
#NNI moves:0/152
Guide Tree 9/16
#NNI moves:0/152
Guide Tree 10/16
#NNI moves:0/152
Guide Tree 11/16
#NNI moves:0/152
Guide Tree 12/16
#NNI moves:0/152
Guide Tree 13/16
#NNI moves:0/152
Guide Tree 14/16
#NNI moves:0/152
Guide Tree 15/16
#NNI moves:0/152
Remaining: 0
#NNI moves:8/152
#NNI moves:8/152
((((((((((((((((50,76),(62,(97,78))),(((64,56),55),(((58,59),(52,89)),((70,65),((60,81),69))))),74),((((((47,(49,80)),77),87),85),(((((88,92),(53,(93,98))),(51,71)),83),75)),(((((((63,54),57),91),(86,96)),(66,(((((67,90),68),100),73),94))),((95,(79,48)),84)),(61,(72,(82,99)))))),(16,36)),((29,(11,45)),(((27,38),(((32,25),7),35)),(5,39)))),((20,3),13)),(((22,(12,1)),(((24,9),((4,31),28)),44)),((40,21),34))),(((23,37),6),(((42,(33,41)),(14,46)),43))),30),(15,26)),(19,(8,17))),10),18),2);
Guide Tree 0/16
#NNI moves:6/152
Guide Tree 1/16
#NNI moves:4/152
Guide Tree 2/16
#NNI moves:0/152
Guide Tree 3/16
#NNI moves:6/152
Guide Tree 4/16
#NNI moves:2/152
Guide Tree 5/16
#NNI moves:0/152
Guide Tree 6/16
#NNI moves:2/152
Guide Tree 7/16
#NNI moves:0/152
Guide Tree 8/16
#NNI moves:0/152
Guide Tree 9/16
#NNI moves:0/152
Guide Tree 10/16
#NNI moves:0/152
Guide Tree 11/16
#NNI moves:2/152
Guide Tree 12/16
#NNI moves:0/152
Guide Tree 13/16
#NNI moves:0/152
Guide Tree 14/16
#NNI moves:0/152
Guide Tree 15/16
#NNI moves:0/152
Remaining: 0
#NNI moves:0/152
#NNI moves:0/152
(((((((((((((((((((((68,(67,90)),100),73),94),66),((((54,63),57),91),(96,86))),(((79,48),95),84)),(((82,99),72),61)),(((87,(((49,80),47),77)),85),(((((53,(98,93)),(88,92)),(51,71)),83),75))),((((((70,65),(69,(81,60))),((52,89),(58,59))),((56,64),55)),((62,(78,97)),(50,76))),74)),(36,16)),(((45,11),29),((5,39),((35,(7,(32,25))),(27,38))))),((3,20),13)),((((((31,4),28),(24,9)),44),((12,1),22)),((40,21),34))),(((37,23),6),(((46,14),(42,(41,33))),43))),30),(15,26)),((8,17),19)),10),18),2);
Initial score: 9.40038e+08
Initial tree: (((((((((((((((((((((68,(67,90)),100),73),94),66),((((54,63),57),91),(96,86))),(((79,48),95),84)),(((82,99),72),61)),(((87,(((49,80),47),77)),85),(((((53,(98,93)),(88,92)),(51,71)),83),75))),((((((70,65),(69,(81,60))),((52,89),(58,59))),((56,64),55)),((62,(78,97)),(50,76))),74)),(36,16)),(((45,11),29),((5,39),((35,(7,(32,25))),(27,38))))),((3,20),13)),((((((31,4),28),(24,9)),44),((12,1),22)),((40,21),34))),(((37,23),6),(((46,14),(42,(41,33))),43))),30),(15,26)),((8,17),19)),10),18),2);
*** Subsample Process ***
Use two-step algorithm!
#NNI moves:0/152
Remaining: 1
#NNI moves:12/152
#NNI moves:12/152
(((((((((((((((((45,11),29),(((38,27),((7,(32,25)),35)),(39,5))),(((((((19,(8,17)),((18,2),10)),(15,26)),30),(((((33,41),42),(46,14)),43),((37,23),6))),(((21,40),34),((((24,9),((31,4),28)),44),((1,12),22)))),(13,(20,3)))),(36,16)),((((((70,65),(69,(60,81))),((59,58),(52,89))),((64,56),55)),((62,(97,78)),(76,50))),74)),(((87,(((80,49),47),77)),85),(75,((((92,88),(53,(93,98))),(71,51)),83)))),((72,(99,82)),61)),(((79,48),95),84)),((((54,63),57),91),(86,96))),66),94),73),100),68),90),67);
#NNI moves:0/152
Remaining: 0
#NNI moves:0/152
#NNI moves:0/152
((((((((((((((((((((100,(68,(90,67))),73),94),66),((((54,63),57),91),(86,96))),((95,(48,79)),84)),(((99,82),72),61)),(((((47,(80,49)),77),87),85),(((((53,(98,93)),(92,88)),(71,51)),83),75))),((((((65,70),(69,(81,60))),((58,59),(52,89))),((56,64),55)),(((97,78),62),(76,50))),74)),(36,16)),((((35,((32,25),7)),(27,38)),(39,5)),((11,45),29))),((20,3),13)),(((((24,9),((4,31),28)),44),((12,1),22)),((40,21),34))),((((14,46),(42,(33,41))),43),(6,(23,37)))),30),(15,26)),(19,(8,17))),10),2),18);
#NNI moves:0/152
Remaining: 0
#NNI moves:0/152
#NNI moves:0/152
(((((((((((((((((((24,9),(28,(4,31))),44),((12,1),22)),(34,(21,40))),((((37,23),6),((((41,33),42),(14,46)),43)),(((((17,8),19),((2,18),10)),(26,15)),30))),(13,(20,3))),(((39,5),((35,((32,25),7)),(38,27))),((11,45),29))),(36,16)),((((((65,70),((60,81),69)),((58,59),(89,52))),(55,(56,64))),(((78,97),62),(50,76))),74)),((((((49,80),47),77),87),85),((((((98,93),53),(92,88)),(51,71)),83),75))),(((99,82),72),61)),(((48,79),95),84)),(((73,((68,(67,90)),100)),94),66)),(86,96)),91),57),63),54);
#NNI moves:0/152
Remaining: 0
#NNI moves:8/152
#NNI moves:10/152
((((((((((((((((((79,48),95),84),((66,(((((90,67),68),100),73),94)),((96,86),((57,(63,54)),91)))),(((82,99),72),61)),((((((80,49),47),77),87),85),(((((53,(98,93)),(92,88)),(71,51)),83),75))),(((((64,56),55),(((58,59),(89,52)),((70,65),((60,81),69)))),((50,76),(62,(97,78)))),74)),(36,16)),(((11,45),29),(((35,((25,32),7)),(27,38)),(39,5)))),((3,20),13)),((34,(40,21)),(((((4,31),28),(9,24)),44),(22,(1,12))))),((((46,14),((33,41),42)),43),((37,23),6))),30),(26,15)),(10,(18,2))),19),17),8);
Current score: 9.40038e+08
Current tree: ((18,(10,(((((((((((((((79,48),95),84),((66,(((((90,67),68),100),73),94)),((96,86),((57,(63,54)),91)))),(((82,99),72),61)),((((((80,49),47),77),87),85),(((((53,(98,93)),(92,88)),(71,51)),83),75))),(((((64,56),55),(((58,59),(89,52)),((70,65),((60,81),69)))),((50,76),(62,(97,78)))),74)),(36,16)),(((11,45),29),(((35,((25,32),7)),(27,38)),(39,5)))),((3,20),13)),((34,(40,21)),(((((4,31),28),(9,24)),44),(22,(1,12))))),((((46,14),((33,41),42)),43),((37,23),6))),30),(26,15)),(19,(17,8))))),2);
Final Tree: ((18,(10,(((((((((((((((79,48),95),84),((66,(((((90,67),68),100),73),94)),((96,86),((57,(63,54)),91)))),(((82,99),72),61)),((((((80,49),47),77),87),85),(((((53,(98,93)),(92,88)),(71,51)),83),75))),(((((64,56),55),(((58,59),(89,52)),((70,65),((60,81),69)))),((50,76),(62,(97,78)))),74)),(36,16)),(((11,45),29),(((35,((25,32),7)),(27,38)),(39,5)))),((3,20),13)),((34,(40,21)),(((((4,31),28),(9,24)),44),(22,(1,12))))),((((46,14),((33,41),42)),43),((37,23),6))),30),(26,15)),(19,(17,8))))),2);
#EqQuartets: 1187367572
Score: 940038432
ASTRAL for PaRalogs and Orthologs III (ASTRAL-Pro3)
*** NOW with integrated CASTLES-Pro ***
Version: v1.22.3.6
Read 512 genetrees and found 100 species.
#Genetrees: 1000
#Duploss: 19798
#Species: 100
#Rounds: 4
#Samples: 4
#Threads: 1
Use two-step algorithm!
Guide Tree 0/16
#NNI moves:6/152
Guide Tree 1/16
#NNI moves:0/152
Guide Tree 2/16
#NNI moves:0/152
Guide Tree 3/16
#NNI moves:0/152
Guide Tree 4/16
#NNI moves:0/152
Guide Tree 5/16
#NNI moves:0/152
Guide Tree 6/16
#NNI moves:0/152
Guide Tree 7/16
#NNI moves:0/152
Guide Tree 8/16
#NNI moves:0/152
Guide Tree 9/16
#NNI moves:0/152
Guide Tree 10/16
#NNI moves:0/152
Guide Tree 11/16
#NNI moves:0/152
Guide Tree 12/16
#NNI moves:0/152
Guide Tree 13/16
#NNI moves:0/152
Guide Tree 14/16
#NNI moves:0/152
Guide Tree 15/16
#NNI moves:0/152
Remaining: 0
#NNI moves:6/152
#NNI moves:6/152
((((((((((((((((((((35,(81,66)),50),((28,80),55)),100),((24,77),21)),(((((27,39),(94,32)),((51,52),67)),(70,68)),(48,82))),(((((((((95,45),93),58),33),64),(90,65)),((((((53,61),(88,85)),57),((84,79),((92,98),37))),46),((36,34),(62,31)))),(75,78)),73)),(((((((3,(6,4)),(20,8)),(12,19)),10),(2,(18,14))),(5,11)),(((7,(15,(9,16))),(1,13)),17))),91),(((96,42),(22,((89,59),54))),(47,74))),((((((72,29),60),71),83),44),(30,(26,23)))),((97,76),87)),49),(38,69)),25),((43,56),86)),63),99),40),41);
Guide Tree 0/16
#NNI moves:0/152
Guide Tree 1/16
#NNI moves:0/152
Guide Tree 2/16
#NNI moves:0/152
Guide Tree 3/16
#NNI moves:4/152
Guide Tree 4/16
#NNI moves:2/152
Guide Tree 5/16
#NNI moves:0/152
Guide Tree 6/16
#NNI moves:0/152
Guide Tree 7/16
#NNI moves:2/152
Guide Tree 8/16
#NNI moves:0/152
Guide Tree 9/16
#NNI moves:0/152
Guide Tree 10/16
#NNI moves:2/152
Guide Tree 11/16
#NNI moves:2/152
Guide Tree 12/16
#NNI moves:2/152
Guide Tree 13/16
#NNI moves:2/152
Guide Tree 14/16
#NNI moves:2/152
Guide Tree 15/16
#NNI moves:2/152
Remaining: 0
#NNI moves:0/152
#NNI moves:0/152
(((((((((((((((((((((((95,45),93),58),33),64),(90,65)),((((((88,85),(61,53)),57),((37,(92,98)),(84,79))),46),((62,31),(36,34)))),(75,78)),73),((((((35,(66,81)),50),(55,(28,80))),100),((24,77),21)),((((67,(52,51)),((39,27),(94,32))),(68,70)),(48,82)))),((((13,1),(((16,9),15),7)),17),((((((3,(4,6)),(20,8)),(19,12)),10),((18,14),2)),(5,11)))),91),((74,47),((((89,59),54),22),(42,96)))),((((((72,29),60),71),83),44),((23,26),30))),(87,(76,97))),49),(69,38)),25),(86,(56,43))),63),99),40),41);
Guide Tree 0/16
#NNI moves:0/152
Guide Tree 1/16
#NNI moves:0/152
Guide Tree 2/16
#NNI moves:0/152
Guide Tree 3/16
#NNI moves:0/152
Guide Tree 4/16
#NNI moves:0/152
Guide Tree 5/16
#NNI moves:0/152
Guide Tree 6/16
#NNI moves:0/152
Guide Tree 7/16
#NNI moves:0/152
Guide Tree 8/16
#NNI moves:0/152
Guide Tree 9/16
#NNI moves:0/152
Guide Tree 10/16
#NNI moves:0/152
Guide Tree 11/16
#NNI moves:0/152
Guide Tree 12/16
#NNI moves:0/152
Guide Tree 13/16
#NNI moves:0/152
Guide Tree 14/16
#NNI moves:0/152
Guide Tree 15/16
#NNI moves:0/152
Remaining: 1
#NNI moves:6/152
#NNI moves:12/152
((((((((((((((((((((51,52),67),((27,39),(32,94))),(68,70)),(82,48)),((((((81,66),35),50),((80,28),55)),100),((77,24),21))),(((((90,65),((((93,(95,45)),58),33),64)),((46,((((88,85),(53,61)),57),((79,84),(37,(98,92))))),((31,62),(36,34)))),(78,75)),73)),(((((((20,8),((6,4),3)),(19,12)),10),(2,(14,18))),(5,11)),(((13,1),(((16,9),15),7)),17))),91),(((((59,89),54),22),(42,96)),(47,74))),(((83,(71,((72,29),60))),44),((26,23),30))),((97,76),87)),49),(69,38)),25),(86,(43,56))),63),99),40),41);
Guide Tree 0/16
#NNI moves:0/152
Guide Tree 1/16
#NNI moves:0/152
Guide Tree 2/16
#NNI moves:0/152
Guide Tree 3/16
#NNI moves:2/152
Guide Tree 4/16
#NNI moves:0/152
Guide Tree 5/16
#NNI moves:0/152
Guide Tree 6/16
#NNI moves:0/152
Guide Tree 7/16
#NNI moves:0/152
Guide Tree 8/16
#NNI moves:0/152
Guide Tree 9/16
#NNI moves:0/152
Guide Tree 10/16
#NNI moves:2/152
Guide Tree 11/16
#NNI moves:0/152
Guide Tree 12/16
#NNI moves:0/152
Guide Tree 13/16
#NNI moves:0/152
Guide Tree 14/16
#NNI moves:0/152
Guide Tree 15/16
#NNI moves:0/152
Remaining: 1
#NNI moves:2/152
#NNI moves:2/152
(((((((((((((((((((((((85,88),(53,61)),57),((84,79),(37,(92,98)))),46),((34,36),(62,31))),((65,90),((((93,(95,45)),58),33),64))),(75,78)),73),((((((32,94),(27,39)),((52,51),67)),(70,68)),(48,82)),((100,(((35,(66,81)),50),((28,80),55))),(21,(77,24))))),(((((((8,20),((6,4),3)),(12,19)),10),((14,18),2)),(11,5)),((((15,(16,9)),7),(13,1)),17))),91),((74,47),((((89,59),54),22),(42,96)))),((30,(23,26)),(((((29,72),60),71),83),44))),(87,(97,76))),49),(38,69)),25),((56,43),86)),63),99),40),41);
Initial score: 8.91893e+08
Initial tree: (((((((((((((((((((((((85,88),(53,61)),57),((84,79),(37,(92,98)))),46),((34,36),(62,31))),((65,90),((((93,(95,45)),58),33),64))),(75,78)),73),((((((32,94),(27,39)),((52,51),67)),(70,68)),(48,82)),((100,(((35,(66,81)),50),((28,80),55))),(21,(77,24))))),(((((((8,20),((6,4),3)),(12,19)),10),((14,18),2)),(11,5)),((((15,(16,9)),7),(13,1)),17))),91),((74,47),((((89,59),54),22),(42,96)))),((30,(23,26)),(((((29,72),60),71),83),44))),(87,(97,76))),49),(38,69)),25),((56,43),86)),63),99),40),41);
*** Subsample Process ***
Use two-step algorithm!
#NNI moves:2/152
Remaining: 0
#NNI moves:4/152
#NNI moves:4/152
((((((((((((((((((19,12),((3,(6,4)),(8,20))),10),((14,18),2)),(5,11)),((((15,(16,9)),7),(13,1)),17)),((((((76,97),87),(((((63,(99,(40,41))),((56,43),86)),25),(69,38)),49)),((30,(23,26)),(((((29,72),60),71),83),44))),(((((89,59),54),22),(96,42)),(47,74))),91)),(((21,(24,77)),((((28,80),55),(50,((66,81),35))),100)),(((((27,39),(94,32)),(67,(52,51))),(70,68)),(82,48)))),73),(78,75)),((((58,((45,95),93)),33),64),(65,90))),((36,34),(62,31))),46),(((88,85),(53,61)),57)),(84,79)),37),98),92);
#NNI moves:0/152
Remaining: 1
#NNI moves:0/152
#NNI moves:0/152
((((((((((((21,(77,24)),(((55,(80,28)),(50,(35,(66,81)))),100)),(((70,68),((67,(51,52)),((32,94),(39,27)))),(48,82))),(((((((58,((95,45),93)),33),64),(90,65)),(((((84,79),(37,(98,92))),(57,((88,85),(53,61)))),46),((34,36),(31,62)))),(75,78)),73)),(((((((3,(6,4)),(8,20)),(19,12)),10),((14,18),2)),(5,11)),(((1,13),(((9,16),15),7)),17))),91),((((54,(89,59)),22),(96,42)),(47,74))),((((((((40,41),99),63),(86,(43,56))),25),(38,69)),49),((97,76),87))),((26,23),30)),44),((60,(72,29)),71)),83);
#NNI moves:2/152
Remaining: 0
#NNI moves:8/152
#NNI moves:8/152
(((((((((((((((((58,((95,45),93)),33),64),(65,90)),((((57,((61,53),(88,85))),((79,84),((98,92),37))),46),((34,36),(31,62)))),(75,78)),73),(((((50,(35,(66,81))),((80,28),55)),100),((24,77),21)),((82,48),((68,70),(((32,94),(39,27)),((51,52),67)))))),((((((((6,4),3),(8,20)),(12,19)),10),(2,(14,18))),(5,11)),(((1,13),((15,(16,9)),7)),17))),91),(((((89,59),54),22),(96,42)),(74,47))),((((((72,29),60),71),83),44),((26,23),30))),((97,76),87)),49),(69,38)),((((40,41),99),63),((56,43),86))),25);
#NNI moves:0/152
Remaining: 0
#NNI moves:0/152
#NNI moves:0/152
((((((((((((((((((((72,29),60),71),83),44),(30,(23,26))),((87,(76,97)),(((38,69),(((63,(99,(40,41))),(86,(43,56))),25)),49))),(((((59,89),54),22),(42,96)),(47,74))),91),((((((9,16),15),7),(13,1)),17),(((((12,19),(((6,4),3),(20,8))),10),(2,(18,14))),(11,5)))),((((24,77),21),(100,((((81,66),35),50),((28,80),55)))),(((((27,39),(32,94)),((51,52),67)),(68,70)),(82,48)))),73),(75,78)),((((((53,61),(88,85)),57),((84,79),((92,98),37))),46),((36,34),(62,31)))),(65,90)),64),33),58),(45,95)),93);
Current score: 8.91893e+08
Current tree: ((40,(99,(63,((86,(43,56)),(25,((38,69),(49,((87,(76,97)),(((((((72,29),60),71),83),44),(30,(23,26))),((((((59,89),54),22),(42,96)),(47,74)),(91,(((((((9,16),15),7),(13,1)),17),(((((12,19),(((6,4),3),(20,8))),10),(2,(18,14))),(11,5))),(((((24,77),21),(100,((((81,66),35),50),((28,80),55)))),(((((27,39),(32,94)),((51,52),67)),(68,70)),(82,48))),(73,((75,78),(((((((53,61),(88,85)),57),((84,79),((92,98),37))),46),((36,34),(62,31))),((65,90),(64,(33,(58,((45,95),93))))))))))))))))))))),41);
Final Tree: ((40,(99,(63,((86,(43,56)),(25,((38,69),(49,((87,(76,97)),(((((((72,29),60),71),83),44),(30,(23,26))),((((((59,89),54),22),(42,96)),(47,74)),(91,(((((((9,16),15),7),(13,1)),17),(((((12,19),(((6,4),3),(20,8))),10),(2,(18,14))),(11,5))),(((((24,77),21),(100,((((81,66),35),50),((28,80),55)))),(((((27,39),(32,94)),((51,52),67)),(68,70)),(82,48))),(73,((75,78),(((((((53,61),(88,85)),57),((84,79),((92,98),37))),46),((36,34),(62,31))),((65,90),(64,(33,(58,((45,95),93))))))))))))))))))))),41);
#EqQuartets: 1167552970
Score: 891892549
ASTRAL for PaRalogs and Orthologs III (ASTRAL-Pro3)
*** NOW with integrated CASTLES-Pro ***
Version: v1.22.3.6
Read 512 genetrees and found 100 species.
#Genetrees: 998
#Duploss: 24829
#Species: 100
#Rounds: 4
#Samples: 4
#Threads: 1
Use two-step algorithm!
Guide Tree 0/16
#NNI moves:0/152
Guide Tree 1/16
#NNI moves:2/152
Guide Tree 2/16
#NNI moves:0/152
Guide Tree 3/16
#NNI moves:0/152
Guide Tree 4/16
#NNI moves:0/152
Guide Tree 5/16
#NNI moves:0/152
Guide Tree 6/16
#NNI moves:0/152
Guide Tree 7/16
#NNI moves:0/152
Guide Tree 8/16
#NNI moves:0/152
Guide Tree 9/16
#NNI moves:0/152
Guide Tree 10/16
#NNI moves:0/152
Guide Tree 11/16
#NNI moves:0/152
Guide Tree 12/16
#NNI moves:0/152
Guide Tree 13/16
#NNI moves:0/152
Guide Tree 14/16
#NNI moves:0/152
Guide Tree 15/16
#NNI moves:0/152
Remaining: 0
#NNI moves:26/152
#NNI moves:30/152
((((((((((((50,66),((93,78),28)),75),((89,29),62)),((((65,20),100),45),92)),(((68,88),85),(27,18))),((((((((12,26),31),44),97),(((60,39),((10,81),47)),69)),((((52,74),57),73),(((((53,13),87),95),99),11))),((((((82,41),30),(64,67)),38),((25,(90,8)),46)),((((70,33),(7,24)),54),(86,35)))),((3,1),((4,5),2)))),(((79,19),(42,91)),(59,15))),((((((14,6),(77,17)),((37,63),((9,(71,23)),16))),94),(((49,(36,40)),61),((83,80),(((48,21),56),32)))),(((84,96),72),(((58,43),22),34)))),(98,76)),55),51);
Guide Tree 0/16
#NNI moves:0/152
Guide Tree 1/16
#NNI moves:0/152
Guide Tree 2/16
#NNI moves:6/152
Guide Tree 3/16
#NNI moves:0/152
Guide Tree 4/16
#NNI moves:0/152
Guide Tree 5/16
#NNI moves:2/152
Guide Tree 6/16
#NNI moves:6/152
Guide Tree 7/16
#NNI moves:4/152
Guide Tree 8/16
#NNI moves:8/152
Guide Tree 9/16
#NNI moves:0/152
Guide Tree 10/16
#NNI moves:4/152
Guide Tree 11/16
#NNI moves:0/152
Guide Tree 12/16
#NNI moves:4/152
Guide Tree 13/16
#NNI moves:2/152
Guide Tree 14/16
#NNI moves:0/152
Guide Tree 15/16
#NNI moves:0/152
Remaining: 0
#NNI moves:4/152
#NNI moves:4/152
(((((((((((((60,39),((81,10),47)),69),(97,(44,((26,12),31)))),((73,((52,74),57)),((99,(95,(87,(13,53)))),11))),(((((30,(41,82)),(64,67)),38),(46,(25,(90,8)))),((((7,24),(33,70)),54),(35,86)))),((2,(5,4)),(3,1))),((((((50,66),((78,93),28)),75),(62,(29,89))),(((100,(65,20)),45),92)),((18,27),((68,88),85)))),(((79,19),(91,42)),(15,59))),(((94,((((9,(23,71)),16),(37,63)),((17,77),(14,6)))),(((80,83),(32,(56,(48,21)))),((49,(36,40)),61))),((72,(96,84)),((22,(58,43)),34)))),(76,98)),55),51);
Guide Tree 0/16
#NNI moves:6/152
Guide Tree 1/16
#NNI moves:2/152
Guide Tree 2/16
#NNI moves:2/152
Guide Tree 3/16
#NNI moves:2/152
Guide Tree 4/16
#NNI moves:6/152
Guide Tree 5/16
#NNI moves:6/152
Guide Tree 6/16
#NNI moves:2/152
Guide Tree 7/16
#NNI moves:2/152
Guide Tree 8/16
#NNI moves:6/152
Guide Tree 9/16
#NNI moves:2/152
Guide Tree 10/16
#NNI moves:6/152
Guide Tree 11/16
#NNI moves:0/152
Guide Tree 12/16
#NNI moves:6/152
Guide Tree 13/16
#NNI moves:0/152
Guide Tree 14/16
#NNI moves:2/152
Guide Tree 15/16
#NNI moves:0/152
Remaining: 0
#NNI moves:14/152
#NNI moves:14/152
((((((((((37,63),(((71,23),9),16)),((14,6),(17,77))),94),((61,((36,40),49)),((((48,21),56),32),(80,83)))),((((58,43),22),34),(72,(84,96)))),(((((((((60,39),((81,10),47)),69),(97,(((26,12),31),44))),(((((87,(13,53)),95),99),11),(73,((52,74),57)))),(((((90,8),25),46),(((30,(41,82)),(64,67)),38)),((86,35),(((70,33),(24,7)),54)))),(((4,5),2),(1,3))),(((((((93,78),28),(66,50)),75),(62,(89,29))),((((65,20),100),45),92)),((85,(88,68)),(27,18)))),(((91,42),(19,79)),(15,59)))),(98,76)),55),51);
Guide Tree 0/16
#NNI moves:0/152
Guide Tree 1/16
#NNI moves:0/152
Guide Tree 2/16
#NNI moves:6/152
Guide Tree 3/16
#NNI moves:0/152
Guide Tree 4/16
#NNI moves:0/152
Guide Tree 5/16
#NNI moves:6/152
Guide Tree 6/16
#NNI moves:6/152
Guide Tree 7/16
#NNI moves:0/152
Guide Tree 8/16
#NNI moves:0/152
Guide Tree 9/16
#NNI moves:6/152
Guide Tree 10/16
#NNI moves:2/152
Guide Tree 11/16
#NNI moves:6/152
Guide Tree 12/16
#NNI moves:0/152
Guide Tree 13/16
#NNI moves:0/152
Guide Tree 14/16
#NNI moves:0/152
Guide Tree 15/16
#NNI moves:6/152
Remaining: 1
#NNI moves:12/152
#NNI moves:12/152
((((((((((45,((65,20),100)),92),(((29,89),62),(((66,50),(28,(78,93))),75))),((27,18),((68,88),85))),(((((((74,52),57),73),(11,((95,((13,53),87)),99))),(((((12,26),31),44),97),(((39,60),((10,81),47)),69))),(((((90,8),25),46),((((41,82),30),(64,67)),38)),((((70,33),(24,7)),54),(86,35)))),((3,1),((4,5),2)))),((59,15),((91,42),(19,79)))),((((((17,77),(6,14)),((37,63),(((23,71),9),16))),94),((((36,40),49),61),(((56,(48,21)),32),(80,83)))),(((84,96),72),(((43,58),22),34)))),(76,98)),55),51);
Initial score: 7.61759e+08
Initial tree: ((((((((((45,((65,20),100)),92),(((29,89),62),(((66,50),(28,(78,93))),75))),((27,18),((68,88),85))),(((((((74,52),57),73),(11,((95,((13,53),87)),99))),(((((12,26),31),44),97),(((39,60),((10,81),47)),69))),(((((90,8),25),46),((((41,82),30),(64,67)),38)),((((70,33),(24,7)),54),(86,35)))),((3,1),((4,5),2)))),((59,15),((91,42),(19,79)))),((((((17,77),(6,14)),((37,63),(((23,71),9),16))),94),((((36,40),49),61),(((56,(48,21)),32),(80,83)))),(((84,96),72),(((43,58),22),34)))),(76,98)),55),51);
*** Subsample Process ***
Use two-step algorithm!
#NNI moves:2/152
Remaining: 0
#NNI moves:20/152
#NNI moves:20/152
((((((((((((((((87,(13,53)),95),99),11),(73,((52,74),57))),(((((26,12),31),44),97),(((39,60),((81,10),47)),69))),(((((90,8),25),46),((((41,82),30),(67,64)),38)),((35,86),(((33,70),(7,24)),54)))),(((5,4),2),(3,1))),((((((61,(49,(36,40))),((((21,48),56),32),(80,83))),((((37,63),(((71,23),9),16)),((6,14),(77,17))),94)),(((84,96),72),(((43,58),22),34))),((55,51),(98,76))),(((42,91),(19,79)),(59,15)))),((27,18),(85,(68,88)))),((((50,66),(28,(78,93))),75),(62,(89,29)))),92),45),100),20),65);
#NNI moves:2/152
Remaining: 0
#NNI moves:32/152
#NNI moves:32/152
(((((((((85,(88,68)),(18,27)),((92,(45,((20,65),100))),((((66,50),(28,(78,93))),75),(62,(29,89))))),((((((((41,82),30),(67,64)),38),((25,(90,8)),46)),((((24,7),(33,70)),54),(86,35))),((((((87,(53,13)),95),99),11),(73,((52,74),57))),((((60,39),((81,10),47)),69),((((26,12),31),44),97)))),((1,3),((4,5),2)))),(((42,91),(79,19)),(59,15))),((((96,84),72),(34,((58,43),22))),((((49,(40,36)),61),(((56,(48,21)),32),(80,83))),((((63,37),((9,(23,71)),16)),((77,17),(6,14))),94)))),(76,98)),51),55);
#NNI moves:0/152
Remaining: 1
#NNI moves:36/152
#NNI moves:36/152
(((((((((((96,84),72),((22,(43,58)),34)),(((((((71,23),9),16),(37,63)),((17,77),(6,14))),94),((((56,(21,48)),32),(80,83)),((49,(36,40)),61)))),((51,55),(76,98))),(((42,91),(79,19)),(15,59))),(((((((90,8),25),46),((((41,82),30),(67,64)),38)),((((70,33),(24,7)),54),(35,86))),(((((((53,13),87),95),99),11),(((52,74),57),73)),(((((10,81),47),(39,60)),69),((((26,12),31),44),97)))),((2,(4,5)),(1,3)))),(((45,((65,20),100)),92),((((50,66),((78,93),28)),75),((29,89),62)))),(27,18)),(68,88)),85);
#NNI moves:0/152
Remaining: 0
#NNI moves:6/152
#NNI moves:8/152
((((((((((((((((((13,53),87),95),99),11),(((74,52),57),73)),((((39,60),((10,81),47)),69),(((31,(26,12)),44),97))),(((((64,67),((82,41),30)),38),((25,(8,90)),46)),((((7,24),(70,33)),54),(86,35)))),((3,1),((5,4),2))),((((((50,66),((93,78),28)),75),((89,29),62)),((((65,20),100),45),92)),(((88,68),85),(27,18)))),(((79,19),(42,91)),(59,15))),((76,98),(55,51))),(((((37,63),(((23,71),9),16)),((17,77),(6,14))),94),((((40,36),49),61),(((56,(48,21)),32),(83,80))))),((84,96),72)),34),22),58),43);
Current score: 7.61759e+08
Current tree: ((55,((76,98),((((((((((((13,53),87),95),99),11),(((74,52),57),73)),((((39,60),((10,81),47)),69),(((31,(26,12)),44),97))),(((((64,67),((82,41),30)),38),((25,(8,90)),46)),((((7,24),(70,33)),54),(86,35)))),((3,1),((5,4),2))),((((((50,66),((93,78),28)),75),((89,29),62)),((((65,20),100),45),92)),(((88,68),85),(27,18)))),(((79,19),(42,91)),(59,15))),((((((37,63),(((23,71),9),16)),((17,77),(6,14))),94),((((40,36),49),61),(((56,(48,21)),32),(83,80)))),(((84,96),72),(34,(22,(58,43)))))))),51);
Final Tree: ((55,((76,98),((((((((((((13,53),87),95),99),11),(((74,52),57),73)),((((39,60),((10,81),47)),69),(((31,(26,12)),44),97))),(((((64,67),((82,41),30)),38),((25,(8,90)),46)),((((7,24),(70,33)),54),(86,35)))),((3,1),((5,4),2))),((((((50,66),((93,78),28)),75),((89,29),62)),((((65,20),100),45),92)),(((88,68),85),(27,18)))),(((79,19),(42,91)),(59,15))),((((((37,63),(((23,71),9),16)),((17,77),(6,14))),94),((((40,36),49),61),(((56,(48,21)),32),(83,80)))),(((84,96),72),(34,(22,(58,43)))))))),51);
#EqQuartets: 1037736608
Score: 761758692
ASTRAL for PaRalogs and Orthologs III (ASTRAL-Pro3)
*** NOW with integrated CASTLES-Pro ***
Version: v1.22.3.6
Read 512 genetrees and found 100 species.
#Genetrees: 999
#Duploss: 21813
#Species: 100
#Rounds: 4
#Samples: 4
#Threads: 1
Use two-step algorithm!
Guide Tree 0/16
#NNI moves:2/152
Guide Tree 1/16
#NNI moves:6/152
Guide Tree 2/16
#NNI moves:2/152
Guide Tree 3/16
#NNI moves:4/152
Guide Tree 4/16
#NNI moves:0/152
Guide Tree 5/16
#NNI moves:2/152
Guide Tree 6/16
#NNI moves:0/152
Guide Tree 7/16
#NNI moves:0/152
Guide Tree 8/16
#NNI moves:10/152
Guide Tree 9/16
#NNI moves:6/152
Guide Tree 10/16
#NNI moves:0/152
Guide Tree 11/16
#NNI moves:2/152
Guide Tree 12/16
#NNI moves:0/152
Guide Tree 13/16
#NNI moves:0/152
Guide Tree 14/16
#NNI moves:4/152
Guide Tree 15/16
#NNI moves:6/152
Remaining: 0
#NNI moves:10/152
#NNI moves:10/152
((((((((((((((42,((((5,17),43),27),24)),18),((34,35),67)),((((72,50),21),22),(((33,73),(6,55)),(54,29)))),((40,(65,56)),10)),(((((38,68),66),45),(44,37)),(((74,51),71),((19,28),64)))),((((((((99,84),85),((88,(95,90)),79)),86),((83,(87,(92,89))),((76,78),98))),((93,91),((81,((96,94),77)),80))),(82,(100,75))),97)),((23,47),62)),((20,4),25)),((((((70,26),(8,((36,11),61))),69),(46,32)),((16,((48,7),1)),41)),((14,(3,(2,31))),(((58,59),60),53)))),(((39,63),13),((57,52),49))),15),(12,30)),9);
Guide Tree 0/16
#NNI moves:2/152
Guide Tree 1/16
#NNI moves:2/152
Guide Tree 2/16
#NNI moves:2/152
Guide Tree 3/16
#NNI moves:0/152
Guide Tree 4/16
#NNI moves:0/152
Guide Tree 5/16
#NNI moves:2/152
Guide Tree 6/16
#NNI moves:2/152
Guide Tree 7/16
#NNI moves:6/152
Guide Tree 8/16
#NNI moves:0/152
Guide Tree 9/16
#NNI moves:6/152
Guide Tree 10/16
#NNI moves:0/152
Guide Tree 11/16
#NNI moves:2/152
Guide Tree 12/16
#NNI moves:0/152
Guide Tree 13/16
#NNI moves:2/152
Guide Tree 14/16
#NNI moves:0/152
Guide Tree 15/16
#NNI moves:0/152
Remaining: 0
#NNI moves:0/152
#NNI moves:0/152
(((((((((((((((24,((43,(5,17)),27)),42),18),((34,35),67)),((((50,72),21),22),((54,29),((6,55),(33,73))))),(((56,65),40),10)),(((64,(28,19)),((51,74),71)),((((38,68),66),45),(37,44)))),(((((91,93),((((94,96),77),81),80)),(((((92,89),87),83),((78,76),98)),((((84,99),85),(((95,90),88),79)),86))),((75,100),82)),97)),((23,47),62)),((4,20),25)),((((((((11,36),61),8),(70,26)),69),(32,46)),((16,((48,7),1)),41)),((((59,58),60),53),(((2,31),3),14)))),(((63,39),13),((52,57),49))),15),(12,30)),9);
Guide Tree 0/16
#NNI moves:0/152
Guide Tree 1/16
#NNI moves:2/152
Guide Tree 2/16
#NNI moves:2/152
Guide Tree 3/16
#NNI moves:0/152
Guide Tree 4/16
#NNI moves:0/152
Guide Tree 5/16
#NNI moves:6/152
Guide Tree 6/16
#NNI moves:0/152
Guide Tree 7/16
#NNI moves:2/152
Guide Tree 8/16
#NNI moves:0/152
Guide Tree 9/16
#NNI moves:0/152
Guide Tree 10/16
#NNI moves:2/152
Guide Tree 11/16
#NNI moves:2/152
Guide Tree 12/16
#NNI moves:0/152
Guide Tree 13/16
#NNI moves:2/152
Guide Tree 14/16
#NNI moves:0/152
Guide Tree 15/16
#NNI moves:2/152
Remaining: 0
#NNI moves:4/152
#NNI moves:4/152
(((((((((((((((6,55),(33,73)),(54,29)),(((50,72),21),22)),((18,((((43,(17,5)),27),24),42)),(67,(35,34)))),(10,(40,(65,56)))),((((19,28),64),(71,(51,74))),(((66,(68,38)),45),(44,37)))),((((((((94,96),77),81),80),(91,93)),((((((95,90),88),79),((99,84),85)),86),(((76,78),98),(83,(87,(89,92)))))),((75,100),82)),97)),((23,47),62)),((20,4),25)),((((46,32),(((((11,36),61),8),(70,26)),69)),((16,(1,(48,7))),41)),(((60,(59,58)),53),(((31,2),3),14)))),(((63,39),13),(49,(57,52)))),15),(12,30)),9);
Guide Tree 0/16
#NNI moves:0/152
Guide Tree 1/16
#NNI moves:6/152
Guide Tree 2/16
#NNI moves:8/152
Guide Tree 3/16
#NNI moves:6/152
Guide Tree 4/16
#NNI moves:0/152
Guide Tree 5/16
#NNI moves:2/152
Guide Tree 6/16
#NNI moves:6/152
Guide Tree 7/16
#NNI moves:6/152
Guide Tree 8/16
#NNI moves:0/152
Guide Tree 9/16
#NNI moves:0/152
Guide Tree 10/16
#NNI moves:0/152
Guide Tree 11/16
#NNI moves:2/152
Guide Tree 12/16
#NNI moves:0/152
Guide Tree 13/16
#NNI moves:6/152
Guide Tree 14/16
#NNI moves:6/152
Guide Tree 15/16
#NNI moves:10/152
Remaining: 1
#NNI moves:14/152
#NNI moves:16/152
(((((((((((((((((95,90),88),79),(85,(99,84))),86),((83,((89,92),87)),((76,78),98))),((91,93),((81,((94,96),77)),80))),(82,(75,100))),97),(((((((55,6),(33,73)),(29,54)),(22,(21,(50,72)))),(((35,34),67),((((((5,17),43),27),24),42),18))),(((65,56),40),10)),(((((68,38),66),45),(37,44)),(((28,19),64),((74,51),71))))),((47,23),62)),((4,20),25)),((((((26,70),((61,(36,11)),8)),69),(46,32)),(((1,(7,48)),16),41)),((((59,58),60),53),(14,(3,(31,2)))))),(((57,52),49),(13,(63,39)))),15),(12,30)),9);
Initial score: 7.85809e+08
Initial tree: (((((((((((((((((95,90),88),79),(85,(99,84))),86),((83,((89,92),87)),((76,78),98))),((91,93),((81,((94,96),77)),80))),(82,(75,100))),97),(((((((55,6),(33,73)),(29,54)),(22,(21,(50,72)))),(((35,34),67),((((((5,17),43),27),24),42),18))),(((65,56),40),10)),(((((68,38),66),45),(37,44)),(((28,19),64),((74,51),71))))),((47,23),62)),((4,20),25)),((((((26,70),((61,(36,11)),8)),69),(46,32)),(((1,(7,48)),16),41)),((((59,58),60),53),(14,(3,(31,2)))))),(((57,52),49),(13,(63,39)))),15),(12,30)),9);
*** Subsample Process ***
Use two-step algorithm!
#NNI moves:6/152
Remaining: 1
#NNI moves:18/152
#NNI moves:18/152
(((((((((((((((((32,46),(69,((26,70),(((36,11),61),8)))),(((1,(48,7)),16),41)),(((3,(2,31)),14),((60,(59,58)),53))),(((13,(63,39)),((57,52),49)),(((12,30),9),15))),((20,4),25)),(62,(23,47))),((((((34,35),67),(((((43,(17,5)),27),24),42),18)),(((29,54),((55,6),(73,33))),((21,(50,72)),22))),(((65,56),40),10)),((((66,(38,68)),45),(44,37)),(((74,51),71),(64,(28,19)))))),97),(82,(75,100))),((93,91),((((96,94),77),81),80))),(((78,76),98),((87,(92,89)),83))),86),(((90,95),88),79)),85),84),99);
#NNI moves:2/152
Remaining: 0
#NNI moves:34/152
#NNI moves:34/152
(((((((((((((((35,34),67),((((((17,5),43),27),24),42),18)),((22,((50,72),21)),(((33,73),(6,55)),(29,54)))),(((56,65),40),10)),(((((38,68),66),45),(37,44)),(((74,51),71),(64,(19,28))))),(((((((((90,95),88),79),(85,(84,99))),86),((98,(78,76)),(((89,92),87),83))),((93,91),((((96,94),77),81),80))),((100,75),82)),97)),((23,47),62)),(25,(4,20))),((((16,(1,(48,7))),41),((46,32),(((70,26),(((11,36),61),8)),69))),(((60,(59,58)),53),(((31,2),3),14)))),((13,(39,63)),((57,52),49))),15),9),30),12);
#NNI moves:0/152
Remaining: 0
#NNI moves:0/152
#NNI moves:0/152
(((((((((((((((52,57),49),(13,(39,63))),(15,(9,(12,30)))),(((((1,(48,7)),16),41),((((70,26),(((36,11),61),8)),69),(46,32))),((((2,31),3),14),((60,(58,59)),53)))),((4,20),25)),((23,47),62)),((((((83,((89,92),87)),((78,76),98)),(((((90,95),88),79),((99,84),85)),86)),(((81,((96,94),77)),80),(93,91))),((100,75),82)),97)),(((((68,38),66),45),(44,37)),((71,(51,74)),((19,28),64)))),((40,(65,56)),10)),(((54,29),((55,6),(33,73))),(22,((50,72),21)))),((42,(24,(27,(43,(5,17))))),18)),67),35),34);
#NNI moves:2/152
Remaining: 0
#NNI moves:10/152
#NNI moves:26/152
(((((((((((((((((35,34),67),((((((17,5),43),27),24),42),18)),((((55,6),(33,73)),(54,29)),(22,((72,50),21)))),(10,((65,56),40))),((((66,(68,38)),45),(37,44)),((64,(28,19)),(71,(74,51))))),(((((((((95,90),88),79),((99,84),85)),86),((((92,89),87),83),((78,76),98))),((93,91),((81,(77,(96,94))),80))),((75,100),82)),97)),((47,23),62)),((20,4),25)),((((57,52),49),((39,63),13)),(15,((30,12),9)))),((14,(3,(2,31))),(53,((58,59),60)))),((((70,26),((61,(11,36)),8)),69),(32,46))),41),16),1),7),48);
Current score: 7.85809e+08
Current tree: (((30,12),(15,((((57,52),49),((39,63),13)),((((((((((35,34),67),((((((17,5),43),27),24),42),18)),((((55,6),(33,73)),(54,29)),(22,((72,50),21)))),(10,((65,56),40))),((((66,(68,38)),45),(37,44)),((64,(28,19)),(71,(74,51))))),(((((((((95,90),88),79),((99,84),85)),86),((((92,89),87),83),((78,76),98))),((93,91),((81,(77,(96,94))),80))),((75,100),82)),97)),((47,23),62)),((20,4),25)),(((14,(3,(2,31))),(53,((58,59),60))),(((((70,26),((61,(11,36)),8)),69),(32,46)),(41,(16,(1,(7,48)))))))))),9);
Final Tree: (((30,12),(15,((((57,52),49),((39,63),13)),((((((((((35,34),67),((((((17,5),43),27),24),42),18)),((((55,6),(33,73)),(54,29)),(22,((72,50),21)))),(10,((65,56),40))),((((66,(68,38)),45),(37,44)),((64,(28,19)),(71,(74,51))))),(((((((((95,90),88),79),((99,84),85)),86),((((92,89),87),83),((78,76),98))),((93,91),((81,(77,(96,94))),80))),((75,100),82)),97)),((47,23),62)),((20,4),25)),(((14,(3,(2,31))),(53,((58,59),60))),(((((70,26),((61,(11,36)),8)),69),(32,46)),(41,(16,(1,(7,48)))))))))),9);
#EqQuartets: 1049378271
Score: 785809394
ASTRAL for PaRalogs and Orthologs III (ASTRAL-Pro3)
*** NOW with integrated CASTLES-Pro ***
Version: v1.22.3.6
Read 512 genetrees and found 100 species.
#Genetrees: 999
#Duploss: 19414
#Species: 100
#Rounds: 4
#Samples: 4
#Threads: 1
Use two-step algorithm!
Guide Tree 0/16
#NNI moves:0/152
Guide Tree 1/16
#NNI moves:0/152
Guide Tree 2/16
#NNI moves:0/152
Guide Tree 3/16
#NNI moves:0/152
Guide Tree 4/16
#NNI moves:0/152
Guide Tree 5/16
#NNI moves:0/152
Guide Tree 6/16
#NNI moves:0/152
Guide Tree 7/16
#NNI moves:0/152
Guide Tree 8/16
#NNI moves:0/152
Guide Tree 9/16
#NNI moves:0/152
Guide Tree 10/16
#NNI moves:0/152
Guide Tree 11/16
#NNI moves:0/152
Guide Tree 12/16
#NNI moves:0/152
Guide Tree 13/16
#NNI moves:0/152
Guide Tree 14/16
#NNI moves:0/152
Guide Tree 15/16
#NNI moves:0/152
Remaining: 0
#NNI moves:4/152
#NNI moves:4/152
((((((((((((71,(16,15)),((70,67),9)),36),((((27,5),2),(((((4,48),8),((47,19),(43,7))),85),(18,62))),(((65,76),55),(6,(39,83))))),((((((52,(74,1)),((66,79),(44,60))),((82,56),(38,33))),((((87,30),34),53),(13,17))),(10,22)),(3,((46,(28,88)),((69,72),49))))),(((((24,42),(((31,23),14),50)),((89,21),29)),73),((((64,61),(68,32)),(63,(26,81))),(77,12)))),(((((((84,57),(54,75)),(80,45)),((35,(51,86)),78)),((25,40),(58,41))),((37,20),59)),11)),(95,100)),((93,91),98)),((97,92),99)),(90,94)),96);
Guide Tree 0/16
#NNI moves:0/152
Guide Tree 1/16
#NNI moves:0/152
Guide Tree 2/16
#NNI moves:0/152
Guide Tree 3/16
#NNI moves:0/152
Guide Tree 4/16
#NNI moves:0/152
Guide Tree 5/16
#NNI moves:0/152
Guide Tree 6/16
#NNI moves:0/152
Guide Tree 7/16
#NNI moves:0/152
Guide Tree 8/16
#NNI moves:0/152
Guide Tree 9/16
#NNI moves:0/152
Guide Tree 10/16
#NNI moves:2/152
Guide Tree 11/16
#NNI moves:0/152
Guide Tree 12/16
#NNI moves:2/152
Guide Tree 13/16
#NNI moves:0/152
Guide Tree 14/16
#NNI moves:0/152
Guide Tree 15/16
#NNI moves:0/152
Remaining: 0
#NNI moves:0/152
#NNI moves:0/152
((((((((((((((52,(1,74)),((44,60),(79,66))),((56,82),(38,33))),((17,13),(53,(34,(87,30))))),(22,10)),(3,((49,(72,69)),(46,(28,88))))),(((((27,5),2),(((((48,4),8),((7,43),(19,47))),85),(18,62))),(((83,39),6),(55,(65,76)))),(36,((9,(70,67)),(71,(16,15)))))),(((12,77),(((81,26),63),((68,32),(64,61)))),((((24,42),(((23,31),14),50)),(29,(21,89))),73))),(11,((((((57,84),(54,75)),(80,45)),(78,((51,86),35))),((41,58),(25,40))),((20,37),59)))),(100,95)),((91,93),98)),((97,92),99)),(90,94)),96);
Guide Tree 0/16
#NNI moves:0/152
Guide Tree 1/16
#NNI moves:0/152
Guide Tree 2/16
#NNI moves:2/152
Guide Tree 3/16
#NNI moves:0/152
Guide Tree 4/16
#NNI moves:0/152
Guide Tree 5/16
#NNI moves:0/152
Guide Tree 6/16
#NNI moves:0/152
Guide Tree 7/16
#NNI moves:0/152
Guide Tree 8/16
#NNI moves:6/152
Guide Tree 9/16
#NNI moves:0/152
Guide Tree 10/16
#NNI moves:0/152
Guide Tree 11/16
#NNI moves:0/152
Guide Tree 12/16
#NNI moves:0/152
Guide Tree 13/16
#NNI moves:0/152
Guide Tree 14/16
#NNI moves:0/152
Guide Tree 15/16
#NNI moves:0/152
Remaining: 0
#NNI moves:0/152
#NNI moves:0/152
((((((((((((6,(39,83)),((76,65),55)),((((((4,48),8),((47,19),(43,7))),85),(18,62)),((5,27),2))),((((70,67),9),(71,(15,16))),36)),(((((69,72),49),((88,28),46)),3),(((((56,82),(38,33)),((52,(74,1)),((79,66),(60,44)))),((17,13),(53,((30,87),34)))),(10,22)))),(((((24,42),(50,(14,(31,23)))),(29,(21,89))),73),((((81,26),63),((32,68),(64,61))),(12,77)))),(((59,(37,20)),(((((54,75),(57,84)),(45,80)),(((86,51),35),78)),((40,25),(41,58)))),11)),(100,95)),((93,91),98)),(99,(97,92))),(90,94)),96);
Guide Tree 0/16
#NNI moves:2/152
Guide Tree 1/16
#NNI moves:0/152
Guide Tree 2/16
#NNI moves:0/152
Guide Tree 3/16
#NNI moves:0/152
Guide Tree 4/16
#NNI moves:0/152
Guide Tree 5/16
#NNI moves:0/152
Guide Tree 6/16
#NNI moves:6/152
Guide Tree 7/16
#NNI moves:0/152
Guide Tree 8/16
#NNI moves:0/152
Guide Tree 9/16
#NNI moves:0/152
Guide Tree 10/16
#NNI moves:0/152
Guide Tree 11/16
#NNI moves:0/152
Guide Tree 12/16
#NNI moves:0/152
Guide Tree 13/16
#NNI moves:0/152
Guide Tree 14/16
#NNI moves:0/152
Guide Tree 15/16
#NNI moves:0/152
Remaining: 0
#NNI moves:6/152
#NNI moves:6/152
(((((((((((((39,83),6),(55,(65,76))),((((((7,43),(47,19)),(8,(48,4))),85),(18,62)),((27,5),2))),(((9,(70,67)),((15,16),71)),36)),(((((((60,44),(66,79)),((74,1),52)),((82,56),(33,38))),(((34,(87,30)),53),(17,13))),(22,10)),(((46,(28,88)),(49,(72,69))),3))),((((((14,(31,23)),50),(42,24)),((21,89),29)),73),((12,77),(((64,61),(68,32)),(63,(81,26)))))),(((((((86,51),35),78),(((54,75),(84,57)),(45,80))),((25,40),(58,41))),((20,37),59)),11)),(95,100)),(98,(93,91))),((92,97),99)),(90,94)),96);
Initial score: 9.47306e+08
Initial tree: (((((((((((((39,83),6),(55,(65,76))),((((((7,43),(47,19)),(8,(48,4))),85),(18,62)),((27,5),2))),(((9,(70,67)),((15,16),71)),36)),(((((((60,44),(66,79)),((74,1),52)),((82,56),(33,38))),(((34,(87,30)),53),(17,13))),(22,10)),(((46,(28,88)),(49,(72,69))),3))),((((((14,(31,23)),50),(42,24)),((21,89),29)),73),((12,77),(((64,61),(68,32)),(63,(81,26)))))),(((((((86,51),35),78),(((54,75),(84,57)),(45,80))),((25,40),(58,41))),((20,37),59)),11)),(95,100)),(98,(93,91))),((92,97),99)),(90,94)),96);
*** Subsample Process ***
Use two-step algorithm!
#NNI moves:0/152
Remaining: 0
#NNI moves:2/152
#NNI moves:2/152
((((((((((((((((93,91),98),(((90,94),96),((92,97),99))),(100,95)),((((((45,80),((84,57),(75,54))),((35,(51,86)),78)),((58,41),(40,25))),(59,(20,37))),11)),(((((42,24),(((31,23),14),50)),(29,(21,89))),73),((((64,61),(68,32)),((26,81),63)),(77,12)))),((((((34,(30,87)),53),(17,13)),(((82,56),(38,33)),(((1,74),52),((79,66),(44,60))))),(10,22)),((((28,88),46),(49,(69,72))),3))),((((70,67),9),((15,16),71)),36)),(((39,83),6),(55,(65,76)))),((5,27),2)),(62,18)),85),(8,(48,4))),(43,7)),47),19);
#NNI moves:0/152
Remaining: 0
#NNI moves:14/152
#NNI moves:14/152
((((((((((((((85,(((7,43),(19,47)),((48,4),8))),(62,18)),((5,27),2)),(((76,65),55),(6,(39,83)))),((((16,15),71),(9,(67,70))),36)),(((((13,17),(((30,87),34),53)),(((82,56),(33,38)),(((1,74),52),((66,79),(44,60))))),(10,22)),((((88,28),46),((69,72),49)),3))),(((((24,42),(((31,23),14),50)),(29,(21,89))),73),((((64,61),(32,68)),((26,81),63)),(77,12)))),((((((80,45),((84,57),(54,75))),((35,(86,51)),78)),((41,58),(25,40))),(59,(37,20))),11)),(100,95)),(98,(91,93))),((97,92),99)),96),94),90);
#NNI moves:0/152
Remaining: 0
#NNI moves:2/152
#NNI moves:2/152
(((((((((((((((23,31),14),50),(42,24)),((89,21),29)),73),(((63,(26,81)),((64,61),(32,68))),(12,77))),(((((((35,(86,51)),78),(((57,84),(54,75)),(45,80))),((40,25),(41,58))),((37,20),59)),11),(((((97,92),99),(96,(90,94))),((93,91),98)),(100,95)))),(((((13,17),((34,(87,30)),53)),(((82,56),(33,38)),(((74,1),52),((66,79),(44,60))))),(22,10)),(3,(((88,28),46),((69,72),49))))),((((67,70),9),((16,15),71)),36)),(((83,39),6),((65,76),55))),(((((19,47),(7,43)),(8,(48,4))),85),(62,18))),2),27),5);
#NNI moves:2/152
Remaining: 0
#NNI moves:10/152
#NNI moves:10/152
((((((((((((((((44,60),(66,79)),((74,1),52)),((38,33),(56,82))),((((30,87),34),53),(17,13))),(10,22)),(((46,(28,88)),(49,(69,72))),3)),(((((39,83),6),((76,65),55)),(((85,(((43,7),(19,47)),((4,48),8))),(18,62)),(2,(5,27)))),((((70,67),9),((15,16),71)),36))),(((((21,89),29),((((31,23),14),50),(42,24))),73),((((64,61),(68,32)),(63,(26,81))),(77,12)))),((((37,20),59),(((78,(35,(51,86))),(((54,75),(84,57)),(80,45))),((25,40),(58,41)))),11)),(95,100)),((93,91),98)),((94,90),96)),99),92),97);
Current score: 9.47306e+08
Current tree: (((94,90),(((((((((((((44,60),(66,79)),((74,1),52)),((38,33),(56,82))),((((30,87),34),53),(17,13))),(10,22)),(((46,(28,88)),(49,(69,72))),3)),(((((39,83),6),((76,65),55)),(((85,(((43,7),(19,47)),((4,48),8))),(18,62)),(2,(5,27)))),((((70,67),9),((15,16),71)),36))),(((((21,89),29),((((31,23),14),50),(42,24))),73),((((64,61),(68,32)),(63,(26,81))),(77,12)))),((((37,20),59),(((78,(35,(51,86))),(((54,75),(84,57)),(80,45))),((25,40),(58,41)))),11)),(95,100)),((93,91),98)),(99,(92,97)))),96);
Final Tree: (((94,90),(((((((((((((44,60),(66,79)),((74,1),52)),((38,33),(56,82))),((((30,87),34),53),(17,13))),(10,22)),(((46,(28,88)),(49,(69,72))),3)),(((((39,83),6),((76,65),55)),(((85,(((43,7),(19,47)),((4,48),8))),(18,62)),(2,(5,27)))),((((70,67),9),((15,16),71)),36))),(((((21,89),29),((((31,23),14),50),(42,24))),73),((((64,61),(68,32)),(63,(26,81))),(77,12)))),((((37,20),59),(((78,(35,(51,86))),(((54,75),(84,57)),(80,45))),((25,40),(58,41)))),11)),(95,100)),((93,91),98)),(99,(92,97)))),96);
#EqQuartets: 1226010829
Score: 947306350
ASTRAL for PaRalogs and Orthologs III (ASTRAL-Pro3)
*** NOW with integrated CASTLES-Pro ***
Version: v1.22.3.6
Read 512 genetrees and found 100 species.
#Genetrees: 999
#Duploss: 22220
#Species: 100
#Rounds: 4
#Samples: 4
#Threads: 1
Use two-step algorithm!
Guide Tree 0/16
#NNI moves:0/152
Guide Tree 1/16
#NNI moves:0/152
Guide Tree 2/16
#NNI moves:0/152
Guide Tree 3/16
#NNI moves:0/152
Guide Tree 4/16
#NNI moves:0/152
Guide Tree 5/16
#NNI moves:0/152
Guide Tree 6/16
#NNI moves:2/152
Guide Tree 7/16
#NNI moves:0/152
Guide Tree 8/16
#NNI moves:0/152
Guide Tree 9/16
#NNI moves:0/152
Guide Tree 10/16
#NNI moves:0/152
Guide Tree 11/16
#NNI moves:0/152
Guide Tree 12/16
#NNI moves:0/152
Guide Tree 13/16
#NNI moves:0/152
Guide Tree 14/16
#NNI moves:0/152
Guide Tree 15/16
#NNI moves:0/152
Remaining: 0
#NNI moves:0/152
#NNI moves:0/152
((((((((((((((78,(90,(100,5))),18),(49,95)),(((((((3,48),(65,32)),(99,21)),(((((9,97),54),((13,11),(76,7))),(58,(91,22))),(40,((74,38),36)))),((28,34),(27,2))),(15,(84,6))),((62,4),(41,57)))),((12,82),((70,83),(((25,(63,14)),(10,46)),((31,44),45))))),(((((((55,47),((66,(61,77)),26)),(30,39)),(75,(((52,80),(87,16)),(23,17)))),(68,93)),((73,(69,79)),8)),1)),((((72,24),33),43),(89,59))),(((((88,53),64),(86,96)),94),37)),(((((35,(50,98)),60),85),(20,19)),56)),(71,81)),(42,29)),67),51),92);
Guide Tree 0/16
#NNI moves:0/152
Guide Tree 1/16
#NNI moves:0/152
Guide Tree 2/16
#NNI moves:6/152
Guide Tree 3/16
#NNI moves:0/152
Guide Tree 4/16
#NNI moves:6/152
Guide Tree 5/16
#NNI moves:0/152
Guide Tree 6/16
#NNI moves:0/152
Guide Tree 7/16
#NNI moves:2/152
Guide Tree 8/16
#NNI moves:0/152
Guide Tree 9/16
#NNI moves:2/152
Guide Tree 10/16
#NNI moves:0/152
Guide Tree 11/16
#NNI moves:0/152
Guide Tree 12/16
#NNI moves:2/152
Guide Tree 13/16
#NNI moves:0/152
Guide Tree 14/16
#NNI moves:2/152
Guide Tree 15/16
#NNI moves:0/152
Remaining: 0
#NNI moves:0/152
#NNI moves:0/152
((((((((((((((((((58,(91,22)),(((11,13),(76,7)),((97,9),54))),(((74,38),36),40)),((99,21),((65,32),(3,48)))),((2,27),(34,28))),((6,84),15)),((57,41),(4,62))),(((78,((100,5),90)),18),(49,95))),((12,82),((((46,10),((63,14),25)),((31,44),45)),(70,83)))),((((73,(69,79)),8),(((((17,23),((87,16),(80,52))),75),(((47,55),((66,(77,61)),26)),(39,30))),(68,93))),1)),((59,89),(((72,24),33),43))),((((96,86),(64,(53,88))),94),37)),((((((98,50),35),60),85),(19,20)),56)),(81,71)),(29,42)),67),51),92);
Guide Tree 0/16
#NNI moves:0/152
Guide Tree 1/16
#NNI moves:0/152
Guide Tree 2/16
#NNI moves:0/152
Guide Tree 3/16
#NNI moves:0/152
Guide Tree 4/16
#NNI moves:0/152
Guide Tree 5/16
#NNI moves:0/152
Guide Tree 6/16
#NNI moves:0/152
Guide Tree 7/16
#NNI moves:0/152
Guide Tree 8/16
#NNI moves:0/152
Guide Tree 9/16
#NNI moves:0/152
Guide Tree 10/16
#NNI moves:0/152
Guide Tree 11/16
#NNI moves:0/152
Guide Tree 12/16
#NNI moves:0/152
Guide Tree 13/16
#NNI moves:0/152
Guide Tree 14/16
#NNI moves:0/152
Guide Tree 15/16
#NNI moves:0/152
Remaining: 0
#NNI moves:2/152
#NNI moves:2/152
((((((((((((((((63,14),25),(10,46)),((44,31),45)),(83,70)),(12,82)),(((((6,84),15),(((2,27),(34,28)),(((((22,91),58),(((9,97),54),((13,11),(76,7)))),((36,(38,74)),40)),(((48,3),(65,32)),(21,99))))),((57,41),(4,62))),((((90,(5,100)),78),18),(95,49)))),((((((((66,(77,61)),26),(55,47)),(39,30)),((((52,80),(16,87)),(17,23)),75)),(93,68)),((73,(69,79)),8)),1)),(((33,(24,72)),43),(59,89))),((((86,96),((53,88),64)),94),37)),((((((98,50),35),60),85),(20,19)),56)),(81,71)),(29,42)),67),51),92);
Guide Tree 0/16
#NNI moves:0/152
Guide Tree 1/16
#NNI moves:0/152
Guide Tree 2/16
#NNI moves:0/152
Guide Tree 3/16
#NNI moves:0/152
Guide Tree 4/16
#NNI moves:0/152
Guide Tree 5/16
#NNI moves:0/152
Guide Tree 6/16
#NNI moves:0/152
Guide Tree 7/16
#NNI moves:0/152
Guide Tree 8/16
#NNI moves:0/152
Guide Tree 9/16
#NNI moves:0/152
Guide Tree 10/16
#NNI moves:0/152
Guide Tree 11/16
#NNI moves:0/152
Guide Tree 12/16
#NNI moves:0/152
Guide Tree 13/16
#NNI moves:0/152
Guide Tree 14/16
#NNI moves:0/152
Guide Tree 15/16
#NNI moves:0/152
Remaining: 0
#NNI moves:0/152
#NNI moves:0/152
(((((((((((((((((((38,74),36),40),((58,(91,22)),(((9,97),54),((7,76),(11,13))))),(((3,48),(65,32)),(99,21))),((27,2),(28,34))),(15,(6,84))),((62,4),(57,41))),((95,49),((78,((5,100),90)),18))),((82,12),((((10,46),((63,14),25)),(45,(44,31))),(70,83)))),(((((((55,47),(((77,61),66),26)),(39,30)),(((17,23),((87,16),(52,80))),75)),(93,68)),(((69,79),73),8)),1)),((((24,72),33),43),(59,89))),(((((53,88),64),(86,96)),94),37)),(((85,(60,((50,98),35))),(19,20)),56)),(71,81)),(29,42)),67),51),92);
Initial score: 8.19665e+08
Initial tree: (((((((((((((((((((38,74),36),40),((58,(91,22)),(((9,97),54),((7,76),(11,13))))),(((3,48),(65,32)),(99,21))),((27,2),(28,34))),(15,(6,84))),((62,4),(57,41))),((95,49),((78,((5,100),90)),18))),((82,12),((((10,46),((63,14),25)),(45,(44,31))),(70,83)))),(((((((55,47),(((77,61),66),26)),(39,30)),(((17,23),((87,16),(52,80))),75)),(93,68)),(((69,79),73),8)),1)),((((24,72),33),43),(59,89))),(((((53,88),64),(86,96)),94),37)),(((85,(60,((50,98),35))),(19,20)),56)),(71,81)),(29,42)),67),51),92);
*** Subsample Process ***
Use two-step algorithm!
#NNI moves:0/152
Remaining: 0
#NNI moves:0/152
#NNI moves:0/152
((((((((((((((((((((55,47),(((61,77),66),26)),(39,30)),((((16,87),(52,80)),(17,23)),75)),(93,68)),(((69,79),73),8)),1),(((((((60,((50,98),35)),85),(19,20)),56),((71,81),((67,(51,92)),(42,29)))),(((((88,53),64),(96,86)),94),37)),(((33,(72,24)),43),(59,89)))),(((((44,31),45),((10,46),((14,63),25))),(70,83)),(12,82))),((49,95),((((5,100),90),78),18))),((62,4),(57,41))),((84,6),15)),((27,2),(34,28))),(((65,32),(48,3)),(99,21))),(((38,74),36),40)),((91,22),58)),((13,11),(76,7))),54),9),97);
#NNI moves:0/152
Remaining: 0
#NNI moves:0/152
#NNI moves:0/152
(((((((((((((((((38,74),36),40),((((97,9),54),((7,76),(13,11))),((91,22),58))),(((48,3),(65,32)),(21,99))),((27,2),(28,34))),((84,6),15)),((41,57),(62,4))),(((((5,100),90),78),18),(95,49))),((((45,(44,31)),((25,(14,63)),(10,46))),(83,70)),(12,82))),((((73,(69,79)),8),(((((26,(66,(61,77))),(47,55)),(39,30)),((((52,80),(87,16)),(17,23)),75)),(93,68))),1)),((((72,24),33),43),(59,89))),(((((88,53),64),(96,86)),94),37)),(56,((((35,(98,50)),60),85),(20,19)))),(((51,92),67),(29,42))),81),71);
#NNI moves:2/152
Remaining: 0
#NNI moves:14/152
#NNI moves:24/152
((((((((((((((69,79),73),8),((68,93),(((((80,52),(16,87)),(23,17)),75),((30,39),((26,(66,(61,77))),(55,47)))))),1),(((((24,72),33),43),(59,89)),(((((((35,(50,98)),60),85),(19,20)),56),((81,71),((29,42),((92,51),67)))),((((64,(53,88)),(86,96)),94),37)))),(((((46,10),(25,(63,14))),(45,(44,31))),(70,83)),(12,82))),(((((5,100),90),78),18),(49,95))),((41,57),(62,4))),(15,(84,6))),(((((91,22),58),(((97,9),54),((7,76),(13,11)))),((36,(38,74)),40)),(((65,32),(3,48)),(21,99)))),(28,34)),2),27);
#NNI moves:0/152
Remaining: 0
#NNI moves:6/152
#NNI moves:6/152
((((((((((((((((((22,91),58),(((11,13),(76,7)),(54,(97,9)))),(40,(36,(74,38)))),(((65,32),(48,3)),(99,21))),((28,34),(2,27))),(15,(84,6))),((57,41),(62,4))),((49,95),(((90,(100,5)),78),18))),(((((10,46),(25,(63,14))),(45,(31,44))),(83,70)),(82,12))),((((((((87,16),(52,80)),(23,17)),75),((39,30),((55,47),(((77,61),66),26)))),(68,93)),(8,((79,69),73))),1)),(((33,(72,24)),43),(89,59))),((((86,96),((53,88),64)),94),37)),(((((35,(98,50)),60),85),(20,19)),56)),(71,81)),(67,(51,92))),29),42);
Current score: 8.19665e+08
Current tree: ((51,(67,((((((((((((((((22,91),58),(((11,13),(76,7)),(54,(97,9)))),(40,(36,(74,38)))),(((65,32),(48,3)),(99,21))),((28,34),(2,27))),(15,(84,6))),((57,41),(62,4))),((49,95),(((90,(100,5)),78),18))),(((((10,46),(25,(63,14))),(45,(31,44))),(83,70)),(82,12))),((((((((87,16),(52,80)),(23,17)),75),((39,30),((55,47),(((77,61),66),26)))),(68,93)),(8,((79,69),73))),1)),(((33,(72,24)),43),(89,59))),((((86,96),((53,88),64)),94),37)),(((((35,(98,50)),60),85),(20,19)),56)),(71,81)),(29,42)))),92);
Final Tree: ((51,(67,((((((((((((((((22,91),58),(((11,13),(76,7)),(54,(97,9)))),(40,(36,(74,38)))),(((65,32),(48,3)),(99,21))),((28,34),(2,27))),(15,(84,6))),((57,41),(62,4))),((49,95),(((90,(100,5)),78),18))),(((((10,46),(25,(63,14))),(45,(31,44))),(83,70)),(82,12))),((((((((87,16),(52,80)),(23,17)),75),((39,30),((55,47),(((77,61),66),26)))),(68,93)),(8,((79,69),73))),1)),(((33,(72,24)),43),(89,59))),((((86,96),((53,88),64)),94),37)),(((((35,(98,50)),60),85),(20,19)),56)),(71,81)),(29,42)))),92);
#EqQuartets: 1081299589
Score: 819664910
ASTRAL for PaRalogs and Orthologs III (ASTRAL-Pro3)
*** NOW with integrated CASTLES-Pro ***
Version: v1.22.3.6
Read 512 genetrees and found 100 species.
#Genetrees: 999
#Duploss: 21873
#Species: 100
#Rounds: 4
#Samples: 4
#Threads: 1
Use two-step algorithm!
Guide Tree 0/16
#NNI moves:0/152
Guide Tree 1/16
#NNI moves:0/152
Guide Tree 2/16
#NNI moves:0/152
Guide Tree 3/16
#NNI moves:0/152
Guide Tree 4/16
#NNI moves:0/152
Guide Tree 5/16
#NNI moves:0/152
Guide Tree 6/16
#NNI moves:0/152
Guide Tree 7/16
#NNI moves:0/152
Guide Tree 8/16
#NNI moves:0/152
Guide Tree 9/16
#NNI moves:0/152
Guide Tree 10/16
#NNI moves:0/152
Guide Tree 11/16
#NNI moves:0/152
Guide Tree 12/16
#NNI moves:0/152
Guide Tree 13/16
#NNI moves:0/152
Guide Tree 14/16
#NNI moves:0/152
Guide Tree 15/16
#NNI moves:0/152
Remaining: 0
#NNI moves:12/152
#NNI moves:12/152
((((((((((((((((((95,91),(28,79)),97),(((56,48),((63,66),100)),23)),26),(((((((((18,8),7),(17,2)),19),((10,14),(15,(13,12)))),(5,(3,6))),(1,((16,11),9))),4),((39,(75,94)),(92,51)))),(34,(87,31))),((((((25,(37,57)),(76,70)),77),55),(((88,40),(38,58)),((74,85),89))),(42,((((73,84),69),52),(61,45))))),((((86,54),65),((((((49,(78,21)),27),32),((53,82),68)),(50,(96,83))),(46,41))),29)),(((60,(((47,98),35),44)),59),(((36,71),67),30))),(20,90)),22),(62,81)),(80,(93,(43,64)))),33),99),72),24);
Guide Tree 0/16
#NNI moves:0/152
Guide Tree 1/16
#NNI moves:0/152
Guide Tree 2/16
#NNI moves:0/152
Guide Tree 3/16
#NNI moves:0/152
Guide Tree 4/16
#NNI moves:0/152
Guide Tree 5/16
#NNI moves:0/152
Guide Tree 6/16
#NNI moves:0/152
Guide Tree 7/16
#NNI moves:0/152
Guide Tree 8/16
#NNI moves:0/152
Guide Tree 9/16
#NNI moves:0/152
Guide Tree 10/16
#NNI moves:0/152
Guide Tree 11/16
#NNI moves:0/152
Guide Tree 12/16
#NNI moves:0/152
Guide Tree 13/16
#NNI moves:0/152
Guide Tree 14/16
#NNI moves:0/152
Guide Tree 15/16
#NNI moves:0/152
Remaining: 0
#NNI moves:2/152
#NNI moves:2/152
((((((((((((((((((5,(3,6)),((((7,(8,18)),(17,2)),19),(((12,13),15),(10,14)))),((9,(11,16)),1)),4),((51,92),((94,75),39))),(((((91,95),(79,28)),97),((((63,66),100),(48,56)),23)),26)),(34,(87,31))),(((((85,74),89),((58,38),(88,40))),(((((37,57),25),(70,76)),77),55)),(((((84,73),69),52),(61,45)),42))),((((((32,((49,(21,78)),27)),(68,(82,53))),((83,96),50)),(41,46)),((86,54),65)),29)),((((44,(35,(98,47))),60),59),(((36,71),67),30))),(90,20)),22),(62,81)),(80,(93,(64,43)))),33),99),72),24);
Guide Tree 0/16
#NNI moves:0/152
Guide Tree 1/16
#NNI moves:0/152
Guide Tree 2/16
#NNI moves:0/152
Guide Tree 3/16
#NNI moves:0/152
Guide Tree 4/16
#NNI moves:0/152
Guide Tree 5/16
#NNI moves:0/152
Guide Tree 6/16
#NNI moves:0/152
Guide Tree 7/16
#NNI moves:0/152
Guide Tree 8/16
#NNI moves:0/152
Guide Tree 9/16
#NNI moves:0/152
Guide Tree 10/16
#NNI moves:0/152
Guide Tree 11/16
#NNI moves:0/152
Guide Tree 12/16
#NNI moves:0/152
Guide Tree 13/16
#NNI moves:0/152
Guide Tree 14/16
#NNI moves:0/152
Guide Tree 15/16
#NNI moves:0/152
Remaining: 0
#NNI moves:12/152
#NNI moves:12/152
((((((((((((((((((((15,(12,13)),(10,14)),(((7,(18,8)),(17,2)),19)),(5,(6,3))),((9,(16,11)),1)),4),((39,(75,94)),(92,51))),(((((28,79),(95,91)),97),(((48,56),(100,(66,63))),23)),26)),((31,87),34)),(((((74,85),89),((40,88),(58,38))),(55,(((25,(37,57)),(76,70)),77))),(((52,((84,73),69)),(45,61)),42))),(((((((27,((21,78),49)),32),((53,82),68)),(50,(96,83))),(46,41)),((86,54),65)),29)),((((36,71),67),30),(59,(60,(44,(35,(47,98))))))),(20,90)),22),(62,81)),(((64,43),93),80)),33),99),72),24);
Guide Tree 0/16
#NNI moves:2/152
Guide Tree 1/16
#NNI moves:2/152
Guide Tree 2/16
#NNI moves:0/152
Guide Tree 3/16
#NNI moves:0/152
Guide Tree 4/16
#NNI moves:0/152
Guide Tree 5/16
#NNI moves:2/152
Guide Tree 6/16
#NNI moves:2/152
Guide Tree 7/16
#NNI moves:2/152
Guide Tree 8/16
#NNI moves:0/152
Guide Tree 9/16
#NNI moves:4/152
Guide Tree 10/16
#NNI moves:0/152
Guide Tree 11/16
#NNI moves:0/152
Guide Tree 12/16
#NNI moves:2/152
Guide Tree 13/16
#NNI moves:2/152
Guide Tree 14/16
#NNI moves:0/152
Guide Tree 15/16
#NNI moves:2/152
Remaining: 0
#NNI moves:4/152
#NNI moves:4/152
((((((((((((((((((57,37),25),(70,76)),77),55),((89,(85,74)),((88,40),(38,58)))),(((((73,84),69),52),(45,61)),42)),((((((((19,((2,17),((8,18),7))),((10,14),((12,13),15))),(5,(6,3))),(((16,11),9),1)),4),((92,51),((94,75),39))),(((((100,(63,66)),(48,56)),23),(((95,91),(79,28)),97)),26)),((87,31),34))),(((((((((21,78),49),27),32),((82,53),68)),((96,83),50)),(41,46)),(65,(86,54))),29)),((59,((((47,98),35),44),60)),((67,(71,36)),30))),(20,90)),22),(62,81)),((93,(64,43)),80)),33),99),72),24);
Initial score: 7.78221e+08
Initial tree: ((((((((((((((((((57,37),25),(70,76)),77),55),((89,(85,74)),((88,40),(38,58)))),(((((73,84),69),52),(45,61)),42)),((((((((19,((2,17),((8,18),7))),((10,14),((12,13),15))),(5,(6,3))),(((16,11),9),1)),4),((92,51),((94,75),39))),(((((100,(63,66)),(48,56)),23),(((95,91),(79,28)),97)),26)),((87,31),34))),(((((((((21,78),49),27),32),((82,53),68)),((96,83),50)),(41,46)),(65,(86,54))),29)),((59,((((47,98),35),44),60)),((67,(71,36)),30))),(20,90)),22),(62,81)),((93,(64,43)),80)),33),99),72),24);
*** Subsample Process ***
Use two-step algorithm!
#NNI moves:0/152
Remaining: 0
#NNI moves:2/152
#NNI moves:2/152
(((((((((((((((((47,98),35),44),60),59),(30,((71,36),67))),((90,20),((((((72,24),99),33),(((64,43),93),80)),(81,62)),22))),(((((((27,(49,(78,21))),32),((82,53),68)),((96,83),50)),(46,41)),((86,54),65)),29)),(((((((91,95),(79,28)),97),(23,(((66,63),100),(48,56)))),26),((((((16,11),9),1),(((((12,13),15),(14,10)),(19,((17,2),((8,18),7)))),((3,6),5))),4),(((75,94),39),(92,51)))),((87,31),34))),(((45,61),((69,(84,73)),52)),42)),(((74,85),89),((38,58),(88,40)))),55),77),(76,70)),25),57),37);
#NNI moves:0/152
Remaining: 0
#NNI moves:2/152
#NNI moves:2/152
(((((((((((((((((((16,11),9),1),((((15,(12,13)),(10,14)),(((7,(18,8)),(2,17)),19)),((6,3),5))),4),((39,(94,75)),(51,92))),(26,((97,((95,91),(79,28))),(((100,(63,66)),(48,56)),23)))),((87,31),34)),(((((69,(73,84)),52),(45,61)),42),(((((70,76),((57,37),25)),77),55),(((40,88),(38,58)),((74,85),89))))),((((((((49,(78,21)),27),32),((53,82),68)),((96,83),50)),(46,41)),((54,86),65)),29)),((((71,36),67),30),(((((98,47),35),44),60),59))),(90,20)),22),(62,81)),(((43,64),93),80)),33),99),24),72);
#NNI moves:0/152
Remaining: 0
#NNI moves:20/152
#NNI moves:20/152
((((((((((((((((((98,47),35),44),60),59),((67,(36,71)),30)),((22,(((80,((64,43),93)),(33,((24,72),99))),(62,81))),(90,20))),(((((((((78,21),49),27),32),(68,(53,82))),(50,(83,96))),(41,46)),((54,86),65)),29)),((((((84,73),69),52),(45,61)),42),(((77,((25,(57,37)),(70,76))),55),(((85,74),89),((58,38),(40,88)))))),((87,31),34)),(((((95,91),(79,28)),97),((((66,63),100),(56,48)),23)),26)),(((75,94),39),(92,51))),4),(((6,3),5),((((17,2),((8,18),7)),19),((10,14),(15,(13,12)))))),1),9),11),16);
#NNI moves:0/152
Remaining: 0
#NNI moves:6/152
#NNI moves:6/152
(((((((((((((((((((2,17),(7,(18,8))),19),(((12,13),15),(10,14))),((3,6),5)),(1,((11,16),9))),4),((39,(94,75)),(92,51))),(((((91,95),(28,79)),97),(((48,56),(100,(66,63))),23)),26)),((31,87),34)),((((((25,(37,57)),(76,70)),77),55),(((88,40),(38,58)),((74,85),89))),((((69,(84,73)),52),(61,45)),42))),((((46,41),((((53,82),68),((27,((78,21),49)),32)),((96,83),50))),((86,54),65)),29)),(((67,(71,36)),30),(((44,((47,98),35)),60),59))),(90,20)),22),(81,62)),((99,(72,24)),33)),(93,(64,43))),80);
Current score: 7.78221e+08
Current tree: ((72,(99,(33,(((((((((((((((((2,17),(7,(18,8))),19),(((12,13),15),(10,14))),((3,6),5)),(1,((11,16),9))),4),((39,(94,75)),(92,51))),(((((91,95),(28,79)),97),(((48,56),(100,(66,63))),23)),26)),((31,87),34)),((((((25,(37,57)),(76,70)),77),55),(((88,40),(38,58)),((74,85),89))),((((69,(84,73)),52),(61,45)),42))),((((46,41),((((53,82),68),((27,((78,21),49)),32)),((96,83),50))),((86,54),65)),29)),(((67,(71,36)),30),(((44,((47,98),35)),60),59))),(90,20)),22),(81,62)),((93,(64,43)),80))))),24);
Final Tree: ((72,(99,(33,(((((((((((((((((2,17),(7,(18,8))),19),(((12,13),15),(10,14))),((3,6),5)),(1,((11,16),9))),4),((39,(94,75)),(92,51))),(((((91,95),(28,79)),97),(((48,56),(100,(66,63))),23)),26)),((31,87),34)),((((((25,(37,57)),(76,70)),77),55),(((88,40),(38,58)),((74,85),89))),((((69,(84,73)),52),(61,45)),42))),((((46,41),((((53,82),68),((27,((78,21),49)),32)),((96,83),50))),((86,54),65)),29)),(((67,(71,36)),30),(((44,((47,98),35)),60),59))),(90,20)),22),(81,62)),((93,(64,43)),80))))),24);
#EqQuartets: 1056506490
Score: 778220538
ASTRAL for PaRalogs and Orthologs III (ASTRAL-Pro3)
*** NOW with integrated CASTLES-Pro ***
Version: v1.22.3.6
Read 512 genetrees and found 100 species.
#Genetrees: 1000
#Duploss: 22421
#Species: 100
#Rounds: 4
#Samples: 4
#Threads: 1
Use two-step algorithm!
Guide Tree 0/16
#NNI moves:0/152
Guide Tree 1/16
#NNI moves:0/152
Guide Tree 2/16
#NNI moves:0/152
Guide Tree 3/16
#NNI moves:0/152
Guide Tree 4/16
#NNI moves:0/152
Guide Tree 5/16
#NNI moves:0/152
Guide Tree 6/16
#NNI moves:0/152
Guide Tree 7/16
#NNI moves:0/152
Guide Tree 8/16
#NNI moves:0/152
Guide Tree 9/16
#NNI moves:0/152
Guide Tree 10/16
#NNI moves:0/152
Guide Tree 11/16
#NNI moves:0/152
Guide Tree 12/16
#NNI moves:0/152
Guide Tree 13/16
#NNI moves:0/152
Guide Tree 14/16
#NNI moves:0/152
Guide Tree 15/16
#NNI moves:0/152
Remaining: 0
#NNI moves:14/152
#NNI moves:14/152
((((((((((75,35),((58,33),99)),(((39,51),64),85)),((50,48),(72,77))),((((((98,46),(95,(41,87))),(86,25)),(62,96)),((37,59),68)),91)),((((((((((83,90),((97,36),65)),(76,((40,92),31))),((69,53),((34,73),42))),44),(71,43)),((100,((70,38),52)),89)),(((27,(79,74)),(((88,(66,29)),(67,93)),((82,61),32))),(((((57,26),((47,80),(45,78))),(56,54)),94),(((((55,60),81),28),84),63)))),49),30)),((((((21,24),(10,1)),((16,19),(23,18))),((20,11),((15,4),9))),(2,7)),(3,13))),((8,14),(12,17))),(6,5)),22);
Guide Tree 0/16
#NNI moves:0/152
Guide Tree 1/16
#NNI moves:0/152
Guide Tree 2/16
#NNI moves:0/152
Guide Tree 3/16
#NNI moves:0/152
Guide Tree 4/16
#NNI moves:0/152
Guide Tree 5/16
#NNI moves:0/152
Guide Tree 6/16
#NNI moves:0/152
Guide Tree 7/16
#NNI moves:0/152
Guide Tree 8/16
#NNI moves:0/152
Guide Tree 9/16
#NNI moves:0/152
Guide Tree 10/16
#NNI moves:0/152
Guide Tree 11/16
#NNI moves:0/152
Guide Tree 12/16
#NNI moves:0/152
Guide Tree 13/16
#NNI moves:0/152
Guide Tree 14/16
#NNI moves:0/152
Guide Tree 15/16
#NNI moves:0/152
Remaining: 0
#NNI moves:2/152
#NNI moves:2/152
(((((((((((27,(79,74)),(((88,(66,29)),(93,67)),((61,82),32))),((94,((((78,45),(80,47)),(26,57)),(54,56))),(63,((28,((60,55),81)),84)))),(((100,(52,(38,70))),89),((((((90,83),((36,97),65)),(((92,40),31),76)),(((34,73),42),(69,53))),44),(43,71)))),49),30),((((((((87,41),95),(98,46)),(25,86)),(62,96)),(68,(37,59))),91),(((((51,39),64),85),(((33,58),99),(35,75))),((77,72),(50,48))))),((((((15,4),9),(20,11)),(((23,18),(16,19)),((24,21),(1,10)))),(2,7)),(3,13))),((17,12),(8,14))),(6,5)),22);
Guide Tree 0/16
#NNI moves:2/152
Guide Tree 1/16
#NNI moves:0/152
Guide Tree 2/16
#NNI moves:0/152
Guide Tree 3/16
#NNI moves:0/152
Guide Tree 4/16
#NNI moves:0/152
Guide Tree 5/16
#NNI moves:0/152
Guide Tree 6/16
#NNI moves:0/152
Guide Tree 7/16
#NNI moves:0/152
Guide Tree 8/16
#NNI moves:0/152
Guide Tree 9/16
#NNI moves:0/152
Guide Tree 10/16
#NNI moves:0/152
Guide Tree 11/16
#NNI moves:0/152
Guide Tree 12/16
#NNI moves:0/152
Guide Tree 13/16
#NNI moves:2/152
Guide Tree 14/16
#NNI moves:0/152
Guide Tree 15/16
#NNI moves:0/152
Remaining: 0
#NNI moves:6/152
#NNI moves:6/152
(((((((((((((((34,73),42),(69,53)),((((97,36),65),(83,90)),(((40,92),31),76))),44),(71,43)),((((70,38),52),100),89)),(((((56,54),(((80,47),(45,78)),(26,57))),94),(((((60,55),81),28),84),63)),((((88,(66,29)),(67,93)),(32,(82,61))),(27,(79,74))))),49),30),((((((((41,87),95),(46,98)),(86,25)),(96,62)),(68,(37,59))),91),((((75,35),((58,33),99)),((64,(51,39)),85)),((50,48),(77,72))))),((((((4,15),9),(20,11)),(((1,10),(21,24)),((19,16),(18,23)))),(7,2)),(3,13))),((8,14),(12,17))),(6,5)),22);
Guide Tree 0/16
#NNI moves:0/152
Guide Tree 1/16
#NNI moves:0/152
Guide Tree 2/16
#NNI moves:0/152
Guide Tree 3/16
#NNI moves:0/152
Guide Tree 4/16
#NNI moves:0/152
Guide Tree 5/16
#NNI moves:0/152
Guide Tree 6/16
#NNI moves:0/152
Guide Tree 7/16
#NNI moves:0/152
Guide Tree 8/16
#NNI moves:0/152
Guide Tree 9/16
#NNI moves:0/152
Guide Tree 10/16
#NNI moves:0/152
Guide Tree 11/16
#NNI moves:0/152
Guide Tree 12/16
#NNI moves:0/152
Guide Tree 13/16
#NNI moves:0/152
Guide Tree 14/16
#NNI moves:0/152
Guide Tree 15/16
#NNI moves:0/152
Remaining: 0
#NNI moves:24/152
#NNI moves:24/152
((((((((((((32,(82,61)),(((66,29),88),(67,93))),((79,74),27)),((((28,(81,(55,60))),84),63),(((((78,45),(47,80)),(26,57)),(56,54)),94))),(((71,43),((((76,((40,92),31)),((83,90),((97,36),65))),(((34,73),42),(69,53))),44)),(89,(((38,70),52),100)))),49),30),(((((35,75),((33,58),99)),((64,(39,51)),85)),((48,50),(77,72))),((((37,59),68),((96,62),(((46,98),(95,(41,87))),(86,25)))),91))),((((((18,23),(19,16)),((21,24),(10,1))),(((15,4),9),(11,20))),(2,7)),(13,3))),((8,14),(17,12))),(6,5)),22);
Initial score: 8.6668e+08
Initial tree: ((((((((((((32,(82,61)),(((66,29),88),(67,93))),((79,74),27)),((((28,(81,(55,60))),84),63),(((((78,45),(47,80)),(26,57)),(56,54)),94))),(((71,43),((((76,((40,92),31)),((83,90),((97,36),65))),(((34,73),42),(69,53))),44)),(89,(((38,70),52),100)))),49),30),(((((35,75),((33,58),99)),((64,(39,51)),85)),((48,50),(77,72))),((((37,59),68),((96,62),(((46,98),(95,(41,87))),(86,25)))),91))),((((((18,23),(19,16)),((21,24),(10,1))),(((15,4),9),(11,20))),(2,7)),(13,3))),((8,14),(17,12))),(6,5)),22);
*** Subsample Process ***
Use two-step algorithm!
#NNI moves:2/152
Remaining: 0
#NNI moves:8/152
#NNI moves:8/152
((((((((((((((((((10,1),(24,21)),((18,23),(19,16))),((20,11),(9,(4,15)))),(2,7)),(3,13)),(((8,14),(12,17)),((6,5),22))),(((((62,96),(((46,98),((87,41),95)),(86,25))),((37,59),68)),91),((((75,35),((58,33),99)),(((39,51),64),85)),((48,50),(77,72))))),30),49),(((((((90,83),(65,(36,97))),(((92,40),31),76)),((53,69),((73,34),42))),44),(71,43)),(((52,(70,38)),100),89))),((((((80,47),(45,78)),(26,57)),(54,56)),94),(((((60,55),81),28),84),63))),((79,74),27)),((82,61),32)),(67,93)),88),29),66);
#NNI moves:0/152
Remaining: 0
#NNI moves:2/152
#NNI moves:2/152
(((((((((((((((((40,92),31),76),(((97,36),65),(90,83))),((42,(73,34)),(69,53))),44),(43,71)),((((38,70),52),100),89)),(((((93,67),(88,(66,29))),((82,61),32)),((74,79),27)),((((((80,47),(45,78)),(26,57)),(56,54)),94),(((((55,60),81),28),84),63)))),49),30),(((((((98,46),(95,(87,41))),(86,25)),(96,62)),(68,(59,37))),91),(((((39,51),64),85),((99,(33,58)),(35,75))),((48,50),(72,77))))),((((((18,23),(19,16)),((10,1),(21,24))),((9,(4,15)),(20,11))),(2,7)),(13,3))),((12,17),(14,8))),22),5),6);
#NNI moves:0/152
Remaining: 0
#NNI moves:0/152
#NNI moves:0/152
((((((((((((((((66,29),88),(93,67)),((61,82),32)),((79,74),27)),(((((81,(60,55)),28),84),63),((((57,26),((80,47),(45,78))),(56,54)),94))),(((((((((86,25),(((41,87),95),(98,46))),(96,62)),(68,(37,59))),91),(((((58,33),99),(35,75)),(85,((51,39),64))),((77,72),(48,50)))),(((((((10,1),(24,21)),((19,16),(18,23))),((9,(4,15)),(20,11))),(7,2)),(13,3)),(((14,8),(12,17)),(22,(6,5))))),30),49)),((100,(52,(38,70))),89)),(71,43)),44),((42,(34,73)),(53,69))),(((97,36),65),(90,83))),76),31),40),92);
#NNI moves:0/152
Remaining: 0
#NNI moves:6/152
#NNI moves:6/152
((((((((((((((((55,60),81),28),84),63),((((26,57),((45,78),(47,80))),(54,56)),94)),((((67,93),((29,66),88)),((82,61),32)),((79,74),27))),(((((((90,83),(65,(36,97))),(((40,92),31),76)),((42,(34,73)),(69,53))),44),(71,43)),((((38,70),52),100),89))),49),30),(((((((95,(41,87)),(46,98)),(86,25)),(62,96)),((59,37),68)),91),((((75,35),((33,58),99)),((64,(39,51)),85)),((48,50),(72,77))))),((((((1,10),(21,24)),((16,19),(23,18))),((11,20),(9,(15,4)))),(2,7)),(3,13))),((5,6),22)),(17,12)),14),8);
Current score: 8.6668e+08
Current tree: (((5,6),(((((((((((((55,60),81),28),84),63),((((26,57),((45,78),(47,80))),(54,56)),94)),((((67,93),((29,66),88)),((82,61),32)),((79,74),27))),(((((((90,83),(65,(36,97))),(((40,92),31),76)),((42,(34,73)),(69,53))),44),(71,43)),((((38,70),52),100),89))),49),30),(((((((95,(41,87)),(46,98)),(86,25)),(62,96)),((59,37),68)),91),((((75,35),((33,58),99)),((64,(39,51)),85)),((48,50),(72,77))))),((((((1,10),(21,24)),((16,19),(23,18))),((11,20),(9,(15,4)))),(2,7)),(3,13))),((17,12),(14,8)))),22);
Final Tree: (((5,6),(((((((((((((55,60),81),28),84),63),((((26,57),((45,78),(47,80))),(54,56)),94)),((((67,93),((29,66),88)),((82,61),32)),((79,74),27))),(((((((90,83),(65,(36,97))),(((40,92),31),76)),((42,(34,73)),(69,53))),44),(71,43)),((((38,70),52),100),89))),49),30),(((((((95,(41,87)),(46,98)),(86,25)),(62,96)),((59,37),68)),91),((((75,35),((33,58),99)),((64,(39,51)),85)),((48,50),(72,77))))),((((((1,10),(21,24)),((16,19),(23,18))),((11,20),(9,(15,4)))),(2,7)),(3,13))),((17,12),(14,8)))),22);
#EqQuartets: 1094359059
Score: 866680457
ASTRAL for PaRalogs and Orthologs III (ASTRAL-Pro3)
*** NOW with integrated CASTLES-Pro ***
Version: v1.22.3.6
Read 512 genetrees and found 100 species.
#Genetrees: 1000
#Duploss: 20067
#Species: 100
#Rounds: 4
#Samples: 4
#Threads: 1
Use two-step algorithm!
Guide Tree 0/16
#NNI moves:0/152
Guide Tree 1/16
#NNI moves:0/152
Guide Tree 2/16
#NNI moves:0/152
Guide Tree 3/16
#NNI moves:0/152
Guide Tree 4/16
#NNI moves:0/152
Guide Tree 5/16
#NNI moves:0/152
Guide Tree 6/16
#NNI moves:0/152
Guide Tree 7/16
#NNI moves:0/152
Guide Tree 8/16
#NNI moves:0/152
Guide Tree 9/16
#NNI moves:0/152
Guide Tree 10/16
#NNI moves:0/152
Guide Tree 11/16
#NNI moves:0/152
Guide Tree 12/16
#NNI moves:0/152
Guide Tree 13/16
#NNI moves:0/152
Guide Tree 14/16
#NNI moves:0/152
Guide Tree 15/16
#NNI moves:0/152
Remaining: 0
#NNI moves:6/152
#NNI moves:6/152
((((((((((((((80,67),(84,55)),88),(97,(79,42))),(((((69,86),96),(((44,76),45),65)),(((87,48),47),((92,89),58))),(((((59,46),((36,43),41)),70),(93,68)),(82,39)))),(((((((34,50),78),(100,49)),54),(62,(91,64))),53),((51,74),((((60,71),((35,81),90)),72),66)))),(((((((31,(32,(75,77))),40),(61,83)),94),((95,63),(85,73))),(((57,38),98),(((52,37),33),99))),56)),(((18,((9,3),11)),(7,2)),27)),(((((25,(15,4)),29),(((17,23),16),5)),21),(((6,(30,14)),26),1))),(8,(20,19))),((28,22),12)),13),10),24);
Guide Tree 0/16
#NNI moves:0/152
Guide Tree 1/16
#NNI moves:0/152
Guide Tree 2/16
#NNI moves:0/152
Guide Tree 3/16
#NNI moves:0/152
Guide Tree 4/16
#NNI moves:0/152
Guide Tree 5/16
#NNI moves:0/152
Guide Tree 6/16
#NNI moves:0/152
Guide Tree 7/16
#NNI moves:0/152
Guide Tree 8/16
#NNI moves:0/152
Guide Tree 9/16
#NNI moves:0/152
Guide Tree 10/16
#NNI moves:0/152
Guide Tree 11/16
#NNI moves:0/152
Guide Tree 12/16
#NNI moves:0/152
Guide Tree 13/16
#NNI moves:0/152
Guide Tree 14/16
#NNI moves:0/152
Guide Tree 15/16
#NNI moves:0/152
Remaining: 0
#NNI moves:8/152
#NNI moves:8/152
((((((((((((((80,67),(84,55)),88),((42,79),97)),(((((69,86),96),(65,((76,44),45))),((47,(48,87)),((92,89),58))),(((70,(((43,36),41),(46,59))),(68,93)),(39,82)))),((((62,(64,91)),(((100,49),((50,34),78)),54)),53),((51,74),(((((81,35),90),(71,60)),72),66)))),(((((((((77,75),32),31),40),(61,83)),94),((73,85),(63,95))),((99,(33,(52,37))),((57,38),98))),56)),(((2,7),(18,((9,3),11))),27)),(((((16,(17,23)),5),(((15,4),25),29)),21),(1,(((14,30),6),26)))),((19,20),8)),((22,28),12)),13),10),24);
Guide Tree 0/16
#NNI moves:0/152
Guide Tree 1/16
#NNI moves:0/152
Guide Tree 2/16
#NNI moves:0/152
Guide Tree 3/16
#NNI moves:0/152
Guide Tree 4/16
#NNI moves:0/152
Guide Tree 5/16
#NNI moves:0/152
Guide Tree 6/16
#NNI moves:0/152
Guide Tree 7/16
#NNI moves:0/152
Guide Tree 8/16
#NNI moves:0/152
Guide Tree 9/16
#NNI moves:0/152
Guide Tree 10/16
#NNI moves:0/152
Guide Tree 11/16
#NNI moves:0/152
Guide Tree 12/16
#NNI moves:0/152
Guide Tree 13/16
#NNI moves:0/152
Guide Tree 14/16
#NNI moves:0/152
Guide Tree 15/16
#NNI moves:0/152
Remaining: 0
#NNI moves:2/152
#NNI moves:2/152
(((((((((((((((48,87),47),((92,89),58)),((96,(69,86)),((45,(44,76)),65))),((((((36,43),41),(46,59)),70),(68,93)),(82,39))),((((55,84),(67,80)),88),(97,(79,42)))),(((51,74),((((90,(35,81)),(71,60)),72),66)),((((64,91),62),(((78,(34,50)),(49,100)),54)),53))),((((99,((52,37),33)),((38,57),98)),(((((((77,75),32),31),40),(61,83)),94),((73,85),(63,95)))),56)),(((2,7),((11,(9,3)),18)),27)),((((5,(16,(23,17))),(29,((4,15),25))),21),(((6,(14,30)),26),1))),((20,19),8)),((22,28),12)),13),10),24);
Guide Tree 0/16
#NNI moves:0/152
Guide Tree 1/16
#NNI moves:0/152
Guide Tree 2/16
#NNI moves:0/152
Guide Tree 3/16
#NNI moves:0/152
Guide Tree 4/16
#NNI moves:0/152
Guide Tree 5/16
#NNI moves:0/152
Guide Tree 6/16
#NNI moves:0/152
Guide Tree 7/16
#NNI moves:0/152
Guide Tree 8/16
#NNI moves:0/152
Guide Tree 9/16
#NNI moves:0/152
Guide Tree 10/16
#NNI moves:0/152
Guide Tree 11/16
#NNI moves:0/152
Guide Tree 12/16
#NNI moves:0/152
Guide Tree 13/16
#NNI moves:0/152
Guide Tree 14/16
#NNI moves:0/152
Guide Tree 15/16
#NNI moves:0/152
Remaining: 0
#NNI moves:6/152
#NNI moves:6/152
((((((((((((((65,((76,44),45)),((69,86),96)),(((89,92),58),(47,(87,48)))),(((68,93),(((59,46),((43,36),41)),70)),(82,39))),((((67,80),(84,55)),88),(97,(42,79)))),(((74,51),(((((35,81),90),(60,71)),72),66)),(((62,(64,91)),((((34,50),78),(49,100)),54)),53))),((((((83,61),(((32,(77,75)),31),40)),94),((95,63),(73,85))),(((57,38),98),(99,(33,(52,37))))),56)),(((((9,3),11),18),(7,2)),27)),((((((23,17),16),5),(((4,15),25),29)),21),((((14,30),6),26),1))),((19,20),8)),(12,(22,28))),13),10),24);
Initial score: 9.56287e+08
Initial tree: ((((((((((((((65,((76,44),45)),((69,86),96)),(((89,92),58),(47,(87,48)))),(((68,93),(((59,46),((43,36),41)),70)),(82,39))),((((67,80),(84,55)),88),(97,(42,79)))),(((74,51),(((((35,81),90),(60,71)),72),66)),(((62,(64,91)),((((34,50),78),(49,100)),54)),53))),((((((83,61),(((32,(77,75)),31),40)),94),((95,63),(73,85))),(((57,38),98),(99,(33,(52,37))))),56)),(((((9,3),11),18),(7,2)),27)),((((((23,17),16),5),(((4,15),25),29)),21),((((14,30),6),26),1))),((19,20),8)),(12,(22,28))),13),10),24);
*** Subsample Process ***
Use two-step algorithm!
#NNI moves:0/152
Remaining: 0
#NNI moves:0/152
#NNI moves:0/152
((((((((((((((95,63),(73,85)),(((((32,(75,77)),31),40),(61,83)),94)),((((37,52),33),99),((38,57),98))),56),((((((5,(16,(17,23))),((25,(4,15)),29)),21),(((6,(30,14)),26),1)),((((10,24),13),(12,(22,28))),((20,19),8))),(((((9,3),11),18),(7,2)),27))),(((74,51),((((60,71),((35,81),90)),72),66)),(((((100,49),((50,34),78)),54),((91,64),62)),53))),((((67,80),(84,55)),88),((79,42),97))),(((((41,(43,36)),(46,59)),70),(68,93)),(82,39))),(((86,69),96),(((76,44),45),65))),(58,(92,89))),47),87),48);
#NNI moves:0/152
Remaining: 0
#NNI moves:6/152
#NNI moves:10/152
(((((((((((((82,39),((68,93),((((36,43),41),(59,46)),70))),((((45,(44,76)),65),((69,86),96)),((58,(92,89)),((48,87),47)))),((88,((55,84),(80,67))),((79,42),97))),(((51,74),(((((35,81),90),(60,71)),72),66)),(((((49,100),((34,50),78)),54),((91,64),62)),53))),(((((85,73),(95,63)),(((((32,(77,75)),31),40),(61,83)),94)),(((33,(52,37)),99),((38,57),98))),56)),(((18,(11,(3,9))),(2,7)),27)),((((((17,23),16),5),((25,(4,15)),29)),21),((((30,14),6),26),1))),(8,(19,20))),((22,28),12)),13),24),10);
#NNI moves:0/152
Remaining: 0
#NNI moves:2/152
#NNI moves:2/152
(((((((((((((((23,17),16),5),(((15,4),25),29)),21),(1,(((14,30),6),26))),(((20,19),8),(((22,28),12),((24,10),13)))),(((18,(11,(9,3))),(7,2)),27)),(((((85,73),(95,63)),(((((32,(77,75)),31),40),(61,83)),94)),(((33,(37,52)),99),(98,(57,38)))),56)),(((((((81,35),90),(60,71)),72),66),(74,51)),((((91,64),62),(((100,49),((50,34),78)),54)),53))),((((80,67),(55,84)),88),(97,(79,42)))),((((69,86),96),(((44,76),45),65)),(((87,48),47),((92,89),58)))),((70,((46,59),((36,43),41))),(93,68))),39),82);
#NNI moves:0/152
Remaining: 0
#NNI moves:6/152
#NNI moves:6/152
((((((((((((((80,67),(84,55)),88),((42,79),97)),(((((45,(76,44)),65),(96,(86,69))),(((92,89),58),((87,48),47))),(((((59,46),((43,36),41)),70),(93,68)),(39,82)))),((((((60,71),((35,81),90)),72),66),(74,51)),(((((78,(34,50)),(49,100)),54),((91,64),62)),53))),((((((83,61),(40,(31,((75,77),32)))),94),((73,85),(95,63))),(((38,57),98),((33,(52,37)),99))),56)),(((18,((3,9),11)),(2,7)),27)),(((19,20),8),(((28,22),12),(13,(10,24))))),(((29,((4,15),25)),(5,((17,23),16))),21)),1),26),(14,30)),6);
Current score: 9.56287e+08
Current tree: ((10,(13,(((28,22),12),(((19,20),8),(((((((((80,67),(84,55)),88),((42,79),97)),(((((45,(76,44)),65),(96,(86,69))),(((92,89),58),((87,48),47))),(((((59,46),((43,36),41)),70),(93,68)),(39,82)))),((((((60,71),((35,81),90)),72),66),(74,51)),(((((78,(34,50)),(49,100)),54),((91,64),62)),53))),((((((83,61),(40,(31,((75,77),32)))),94),((73,85),(95,63))),(((38,57),98),((33,(52,37)),99))),56)),(((18,((3,9),11)),(2,7)),27)),((((29,((4,15),25)),(5,((17,23),16))),21),(1,(26,((14,30),6))))))))),24);
Final Tree: ((10,(13,(((28,22),12),(((19,20),8),(((((((((80,67),(84,55)),88),((42,79),97)),(((((45,(76,44)),65),(96,(86,69))),(((92,89),58),((87,48),47))),(((((59,46),((43,36),41)),70),(93,68)),(39,82)))),((((((60,71),((35,81),90)),72),66),(74,51)),(((((78,(34,50)),(49,100)),54),((91,64),62)),53))),((((((83,61),(40,(31,((75,77),32)))),94),((73,85),(95,63))),(((38,57),98),((33,(52,37)),99))),56)),(((18,((3,9),11)),(2,7)),27)),((((29,((4,15),25)),(5,((17,23),16))),21),(1,(26,((14,30),6))))))))),24);
#EqQuartets: 1194062507
Score: 956286786
