ASTRAL for PaRalogs and Orthologs III (ASTRAL-Pro3)
*** NOW with integrated CASTLES-Pro ***
Version: v1.22.3.6
Read 512 genetrees and found 100 species.
#Genetrees: 1000
#Duploss: 0
#Species: 100
#Rounds: 4
#Samples: 4
#Threads: 1
Use two-step algorithm!
Guide Tree 0/16
#NNI moves:0/152
Guide Tree 1/16
#NNI moves:0/152
Guide Tree 2/16
#NNI moves:0/152
Guide Tree 3/16
#NNI moves:0/152
Guide Tree 4/16
#NNI moves:0/152
Guide Tree 5/16
#NNI moves:0/152
Guide Tree 6/16
#NNI moves:0/152
Guide Tree 7/16
#NNI moves:0/152
Guide Tree 8/16
#NNI moves:0/152
Guide Tree 9/16
#NNI moves:0/152
Guide Tree 10/16
#NNI moves:0/152
Guide Tree 11/16
#NNI moves:0/152
Guide Tree 12/16
#NNI moves:0/152
Guide Tree 13/16
#NNI moves:0/152
Guide Tree 14/16
#NNI moves:0/152
Guide Tree 15/16
#NNI moves:0/152
Remaining: 0
#NNI moves:6/152
#NNI moves:12/152
((((((((((((((((((14,68),36),((33,30),28)),(((((5,31),22),19),(((71,35),43),7)),(50,15))),44),56),(21,38)),(((52,45),(70,24)),32)),((((((((88,93),(77,79)),72),80),(((84,74),(73,81)),97)),(86,(87,91))),((89,95),76)),((((((90,82),83),((94,98),100)),(((78,92),85),96)),75),99))),(61,9)),(((51,13),3),(55,39))),((((41,8),46),(18,67)),((((63,58),(48,65)),20),60))),((((((34,62),23),40),((10,(59,(54,26))),47)),((53,25),((27,57),6))),(((1,(66,64)),12),(69,17)))),37),(49,11)),(42,(2,16))),29),4);
Guide Tree 0/16
#NNI moves:0/152
Guide Tree 1/16
#NNI moves:0/152
Guide Tree 2/16
#NNI moves:0/152
Guide Tree 3/16
#NNI moves:2/152
Guide Tree 4/16
#NNI moves:0/152
Guide Tree 5/16
#NNI moves:0/152
Guide Tree 6/16
#NNI moves:0/152
Guide Tree 7/16
#NNI moves:0/152
Guide Tree 8/16
#NNI moves:0/152
Guide Tree 9/16
#NNI moves:0/152
Guide Tree 10/16
#NNI moves:0/152
Guide Tree 11/16
#NNI moves:2/152
Guide Tree 12/16
#NNI moves:2/152
Guide Tree 13/16
#NNI moves:0/152
Guide Tree 14/16
#NNI moves:0/152
Guide Tree 15/16
#NNI moves:2/152
Remaining: 0
#NNI moves:2/152
#NNI moves:2/152
((((((((((((((((((((31,5),22),19),(((35,71),43),7)),(50,15)),((28,(30,33)),((68,14),36))),44),56),(21,38)),(32,((24,70),(45,52)))),((((((72,((88,93),(77,79))),80),(((74,84),(81,73)),97)),((91,87),86)),(76,(95,89))),((((((82,90),83),(100,(98,94))),(((92,78),85),96)),75),99))),(61,9)),((3,(13,51)),(55,39))),(((((65,48),(58,63)),20),60),(((41,8),46),(67,18)))),(((((10,((54,26),59)),47),((23,(34,62)),40)),(((57,27),6),(53,25))),((12,((64,66),1)),(69,17)))),37),(11,49)),(42,(16,2))),29),4);
Guide Tree 0/16
#NNI moves:0/152
Guide Tree 1/16
#NNI moves:2/152
Guide Tree 2/16
#NNI moves:0/152
Guide Tree 3/16
#NNI moves:0/152
Guide Tree 4/16
#NNI moves:0/152
Guide Tree 5/16
#NNI moves:0/152
Guide Tree 6/16
#NNI moves:2/152
Guide Tree 7/16
#NNI moves:6/152
Guide Tree 8/16
#NNI moves:0/152
Guide Tree 9/16
#NNI moves:0/152
Guide Tree 10/16
#NNI moves:0/152
Guide Tree 11/16
#NNI moves:0/152
Guide Tree 12/16
#NNI moves:2/152
Guide Tree 13/16
#NNI moves:0/152
Guide Tree 14/16
#NNI moves:2/152
Guide Tree 15/16
#NNI moves:2/152
Remaining: 0
#NNI moves:6/152
#NNI moves:8/152
((((((((((((((((85,(78,92)),96),(((98,94),100),(83,(82,90)))),75),99),(((86,(91,87)),(((((93,88),(79,77)),72),80),(((84,74),(73,81)),97))),((89,95),76))),((32,((52,45),(24,70))),(((((((((31,5),22),19),(7,((35,71),43))),(50,15)),(((14,68),36),((30,33),28))),44),56),(21,38)))),(61,9)),((55,39),((13,51),3))),(((((65,48),(63,58)),20),60),((18,67),(46,(41,8))))),(((((27,57),6),(25,53)),(((10,((26,54),59)),47),((23,(62,34)),40))),(((1,(64,66)),12),(17,69)))),37),(49,11)),(42,(16,2))),29),4);
Guide Tree 0/16
#NNI moves:0/152
Guide Tree 1/16
#NNI moves:0/152
Guide Tree 2/16
#NNI moves:0/152
Guide Tree 3/16
#NNI moves:2/152
Guide Tree 4/16
#NNI moves:0/152
Guide Tree 5/16
#NNI moves:0/152
Guide Tree 6/16
#NNI moves:0/152
Guide Tree 7/16
#NNI moves:0/152
Guide Tree 8/16
#NNI moves:6/152
Guide Tree 9/16
#NNI moves:6/152
Guide Tree 10/16
#NNI moves:0/152
Guide Tree 11/16
#NNI moves:0/152
Guide Tree 12/16
#NNI moves:0/152
Guide Tree 13/16
#NNI moves:0/152
Guide Tree 14/16
#NNI moves:0/152
Guide Tree 15/16
#NNI moves:0/152
Remaining: 0
#NNI moves:10/152
#NNI moves:18/152
((((((((((((((((((14,68),36),((33,30),28)),(((19,(22,(31,5))),(((35,71),43),7)),(15,50))),44),56),(38,21)),(((45,52),(24,70)),32)),((99,(((96,((92,78),85)),(((90,82),83),((94,98),100))),75)),((((80,(((88,93),(77,79)),72)),(((84,74),(81,73)),97)),((91,87),86)),((95,89),76)))),(9,61)),((39,55),((51,13),3))),(((67,18),((8,41),46)),((20,((48,65),(58,63))),60))),((((25,53),(6,(27,57))),((((34,62),23),40),(47,((59,(54,26)),10)))),((17,69),((1,(66,64)),12)))),37),(11,49)),((16,2),42)),29),4);
Initial score: 2.55931e+09
Initial tree: ((((((((((((((((((14,68),36),((33,30),28)),(((19,(22,(31,5))),(((35,71),43),7)),(15,50))),44),56),(38,21)),(((45,52),(24,70)),32)),((99,(((96,((92,78),85)),(((90,82),83),((94,98),100))),75)),((((80,(((88,93),(77,79)),72)),(((84,74),(81,73)),97)),((91,87),86)),((95,89),76)))),(9,61)),((39,55),((51,13),3))),(((67,18),((8,41),46)),((20,((48,65),(58,63))),60))),((((25,53),(6,(27,57))),((((34,62),23),40),(47,((59,(54,26)),10)))),((17,69),((1,(66,64)),12)))),37),(11,49)),((16,2),42)),29),4);
*** Subsample Process ***
Use two-step algorithm!
#NNI moves:0/152
Remaining: 0
#NNI moves:0/152
#NNI moves:0/152
((((((((((((((((((79,77),(88,93)),72),80),(((73,81),(84,74)),97)),((91,87),86)),(76,(89,95))),(99,(((((78,92),85),96),((100,(98,94)),((82,90),83))),75))),(((((((((23,(62,34)),40),(((59,(54,26)),10),47)),((6,(57,27)),(53,25))),(((1,(64,66)),12),(17,69))),(37,((49,11),(((2,16),42),(29,4))))),(((18,67),((8,41),46)),((20,((58,63),(65,48))),60))),(((51,13),3),(55,39))),(9,61))),(((52,45),(24,70)),32)),(21,38)),56),44),(((19,(22,(31,5))),(((35,71),43),7)),(50,15))),((30,33),28)),36),68),14);
#NNI moves:0/152
Remaining: 0
#NNI moves:6/152
#NNI moves:6/152
((((((((((((((((((((22,(5,31)),19),((43,(71,35)),7)),(15,50)),(((33,30),28),((68,14),36))),44),56),(21,38)),(((52,45),(24,70)),32)),(((((((84,74),(73,81)),97),((((93,88),(79,77)),72),80)),(86,(91,87))),((95,89),76)),(((((83,(90,82)),((98,94),100)),(((78,92),85),96)),75),99))),(9,61)),(((51,13),3),(39,55))),((60,(((65,48),(63,58)),20)),(((41,8),46),(67,18)))),((((29,4),((2,16),42)),(11,49)),37)),((17,69),((1,(64,66)),12))),((53,25),(6,(57,27)))),(((62,34),23),40)),47),(59,(26,54))),10);
#NNI moves:6/152
Remaining: 0
#NNI moves:16/152
#NNI moves:16/152
(((((((((((((((((88,93),(79,77)),72),80),(((84,74),(81,73)),97)),(86,(87,91))),(76,(95,89))),((((((82,90),83),((98,94),100)),(96,((78,92),85))),75),99)),(((((((((22,(5,31)),19),(((35,71),43),7)),(15,50)),((36,(14,68)),((30,33),28))),44),56),(21,38)),(((52,45),(24,70)),32))),(61,9)),(((13,51),3),(55,39))),((((41,8),46),(67,18)),(60,(((58,63),(65,48)),20)))),((((25,53),((27,57),6)),((40,(23,(34,62))),(47,((59,(26,54)),10)))),((69,17),(((66,64),1),12)))),37),(((16,2),42),(4,29))),11),49);
#NNI moves:0/152
Remaining: 0
#NNI moves:2/152
#NNI moves:2/152
((((((((((((((((((14,68),36),(28,(30,33))),(((7,((71,35),43)),(19,((5,31),22))),(50,15))),44),56),(21,38)),(((45,52),(70,24)),32)),(((((((41,8),46),(18,67)),((((48,65),(63,58)),20),60)),(((((((62,34),23),40),(((59,(54,26)),10),47)),(((27,57),6),(53,25))),((17,69),(12,((66,64),1)))),(((((2,16),42),(29,4)),(11,49)),37))),((39,55),((13,51),3))),(9,61))),(((((83,(82,90)),((94,98),100)),(96,(85,(78,92)))),75),99)),((95,89),76)),((91,87),86)),(((73,81),(74,84)),97)),80),72),(88,93)),79),77);
Current score: 2.55931e+09
Current tree: ((29,(((2,16),42),((11,49),(37,(((((((62,34),23),40),(((59,(54,26)),10),47)),(((27,57),6),(53,25))),((17,69),(12,((66,64),1)))),(((((41,8),46),(18,67)),((((48,65),(63,58)),20),60)),(((39,55),((13,51),3)),((9,61),(((((((((14,68),36),(28,(30,33))),(((7,((71,35),43)),(19,((5,31),22))),(50,15))),44),56),(21,38)),(((45,52),(70,24)),32)),((((((83,(82,90)),((94,98),100)),(96,(85,(78,92)))),75),99),(((95,89),76),(((91,87),86),((((73,81),(74,84)),97),(80,(72,((88,93),(79,77))))))))))))))))),4);
Final Tree: ((29,(((2,16),42),((11,49),(37,(((((((62,34),23),40),(((59,(54,26)),10),47)),(((27,57),6),(53,25))),((17,69),(12,((66,64),1)))),(((((41,8),46),(18,67)),((((48,65),(63,58)),20),60)),(((39,55),((13,51),3)),((9,61),(((((((((14,68),36),(28,(30,33))),(((7,((71,35),43)),(19,((5,31),22))),(50,15))),44),56),(21,38)),(((45,52),(70,24)),32)),((((((83,(82,90)),((94,98),100)),(96,(85,(78,92)))),75),99),(((95,89),76),(((91,87),86),((((73,81),(74,84)),97),(80,(72,((88,93),(79,77))))))))))))))))),4);
#EqQuartets: 3921225000
Score: 2559307604
ASTRAL for PaRalogs and Orthologs III (ASTRAL-Pro3)
*** NOW with integrated CASTLES-Pro ***
Version: v1.22.3.6
Read 512 genetrees and found 100 species.
#Genetrees: 1000
#Duploss: 0
#Species: 100
#Rounds: 4
#Samples: 4
#Threads: 1
Use two-step algorithm!
Guide Tree 0/16
#NNI moves:0/152
Guide Tree 1/16
#NNI moves:0/152
Guide Tree 2/16
#NNI moves:0/152
Guide Tree 3/16
#NNI moves:0/152
Guide Tree 4/16
#NNI moves:0/152
Guide Tree 5/16
#NNI moves:0/152
Guide Tree 6/16
#NNI moves:0/152
Guide Tree 7/16
#NNI moves:0/152
Guide Tree 8/16
#NNI moves:0/152
Guide Tree 9/16
#NNI moves:0/152
Guide Tree 10/16
#NNI moves:0/152
Guide Tree 11/16
#NNI moves:0/152
Guide Tree 12/16
#NNI moves:0/152
Guide Tree 13/16
#NNI moves:0/152
Guide Tree 14/16
#NNI moves:0/152
Guide Tree 15/16
#NNI moves:0/152
Remaining: 0
#NNI moves:0/152
#NNI moves:0/152
((((((((((((((((49,13),((((15,74),56),12),52)),((4,37),33)),((75,64),(3,47))),(((((((61,9),45),53),(((19,34),8),((31,44),25))),((68,43),70)),(72,57)),(((39,18),(((38,(23,17)),36),2)),27))),(((14,20),76),(26,16))),(((48,73),(((60,32),55),62)),((((42,35),40),22),65))),(((((((66,71),(24,50)),(10,1)),41),((51,(5,54)),((21,63),29))),30),((((59,46),28),11),(67,58)))),((69,7),6)),82),(((77,((85,92),90)),95),(((93,94),(89,97)),((96,100),84)))),(79,(83,80))),99),((((86,91),87),78),81)),98),88);
Guide Tree 0/16
#NNI moves:0/152
Guide Tree 1/16
#NNI moves:0/152
Guide Tree 2/16
#NNI moves:0/152
Guide Tree 3/16
#NNI moves:0/152
Guide Tree 4/16
#NNI moves:0/152
Guide Tree 5/16
#NNI moves:0/152
Guide Tree 6/16
#NNI moves:0/152
Guide Tree 7/16
#NNI moves:0/152
Guide Tree 8/16
#NNI moves:0/152
Guide Tree 9/16
#NNI moves:2/152
Guide Tree 10/16
#NNI moves:0/152
Guide Tree 11/16
#NNI moves:0/152
Guide Tree 12/16
#NNI moves:0/152
Guide Tree 13/16
#NNI moves:0/152
Guide Tree 14/16
#NNI moves:0/152
Guide Tree 15/16
#NNI moves:0/152
Remaining: 0
#NNI moves:6/152
#NNI moves:6/152
(((((((((((((((47,3),(64,75)),((((((15,74),56),12),52),(13,49)),((37,4),33))),(((((((9,61),45),53),(((31,44),25),(8,(19,34)))),((43,68),70)),(72,57)),((((((17,23),38),36),2),(18,39)),27))),((26,16),((14,20),76))),(((48,73),((55,(60,32)),62)),((((42,35),40),22),65))),(((((((66,71),(24,50)),(1,10)),41),((51,(5,54)),((63,21),29))),30),((58,67),((28,(59,46)),11)))),((7,69),6)),82),((((89,97),(93,94)),((96,100),84)),((((92,85),90),77),95))),((80,83),79)),99),(81,(78,((91,86),87)))),98),88);
Guide Tree 0/16
#NNI moves:0/152
Guide Tree 1/16
#NNI moves:0/152
Guide Tree 2/16
#NNI moves:0/152
Guide Tree 3/16
#NNI moves:0/152
Guide Tree 4/16
#NNI moves:0/152
Guide Tree 5/16
#NNI moves:0/152
Guide Tree 6/16
#NNI moves:0/152
Guide Tree 7/16
#NNI moves:0/152
Guide Tree 8/16
#NNI moves:0/152
Guide Tree 9/16
#NNI moves:0/152
Guide Tree 10/16
#NNI moves:0/152
Guide Tree 11/16
#NNI moves:0/152
Guide Tree 12/16
#NNI moves:0/152
Guide Tree 13/16
#NNI moves:0/152
Guide Tree 14/16
#NNI moves:0/152
Guide Tree 15/16
#NNI moves:0/152
Remaining: 0
#NNI moves:0/152
#NNI moves:0/152
((((((((((((((51,(5,54)),((63,21),29)),(((10,1),((50,24),(66,71))),41)),30),((67,58),(((46,59),28),11))),((((((((((31,44),25),((34,19),8)),(53,((61,9),45))),((68,43),70)),(57,72)),(((2,(36,(38,(23,17)))),(39,18)),27)),(((((12,((74,15),56)),52),(13,49)),((4,37),33)),((47,3),(64,75)))),((16,26),((14,20),76))),(((((35,42),40),22),65),((48,73),(((60,32),55),62))))),((7,69),6)),82),(((77,(90,(92,85))),95),(((100,96),84),((93,94),(89,97))))),((80,83),79)),99),(((87,(91,86)),78),81)),98),88);
Guide Tree 0/16
#NNI moves:0/152
Guide Tree 1/16
#NNI moves:0/152
Guide Tree 2/16
#NNI moves:0/152
Guide Tree 3/16
#NNI moves:0/152
Guide Tree 4/16
#NNI moves:0/152
Guide Tree 5/16
#NNI moves:0/152
Guide Tree 6/16
#NNI moves:0/152
Guide Tree 7/16
#NNI moves:0/152
Guide Tree 8/16
#NNI moves:0/152
Guide Tree 9/16
#NNI moves:0/152
Guide Tree 10/16
#NNI moves:0/152
Guide Tree 11/16
#NNI moves:0/152
Guide Tree 12/16
#NNI moves:0/152
Guide Tree 13/16
#NNI moves:0/152
Guide Tree 14/16
#NNI moves:0/152
Guide Tree 15/16
#NNI moves:0/152
Remaining: 0
#NNI moves:0/152
#NNI moves:0/152
((((((((((((((((((25,(31,44)),(8,(19,34))),(((61,9),45),53)),((68,43),70)),(72,57)),((((((17,23),38),36),2),(39,18)),27)),(((33,(4,37)),((52,(((15,74),56),12)),(49,13))),((75,64),(47,3)))),(((14,20),76),(26,16))),(((73,48),(((32,60),55),62)),(65,(22,(40,(35,42)))))),((((((5,54),51),(29,(21,63))),((((50,24),(66,71)),(1,10)),41)),30),((11,((59,46),28)),(58,67)))),(6,(69,7))),82),((((96,100),84),((94,93),(97,89))),((((92,85),90),77),95))),(79,(80,83))),99),((((91,86),87),78),81)),98),88);
Initial score: 2.37629e+09
Initial tree: ((((((((((((((((((25,(31,44)),(8,(19,34))),(((61,9),45),53)),((68,43),70)),(72,57)),((((((17,23),38),36),2),(39,18)),27)),(((33,(4,37)),((52,(((15,74),56),12)),(49,13))),((75,64),(47,3)))),(((14,20),76),(26,16))),(((73,48),(((32,60),55),62)),(65,(22,(40,(35,42)))))),((((((5,54),51),(29,(21,63))),((((50,24),(66,71)),(1,10)),41)),30),((11,((59,46),28)),(58,67)))),(6,(69,7))),82),((((96,100),84),((94,93),(97,89))),((((92,85),90),77),95))),(79,(80,83))),99),((((91,86),87),78),81)),98),88);
*** Subsample Process ***
Use two-step algorithm!
#NNI moves:0/152
Remaining: 0
#NNI moves:0/152
#NNI moves:0/152
((((((((((((((21,63),29),((5,54),51)),((((24,50),(66,71)),(10,1)),41)),30),((11,((46,59),28)),(58,67))),((((((77,(90,(85,92))),95),(((94,93),(89,97)),((96,100),84))),((((98,88),((((86,91),87),78),81)),99),((83,80),79))),82),((69,7),6))),(((22,((42,35),40)),65),((((60,32),55),62),(48,73)))),(((14,20),76),(16,26))),(((((((15,74),56),12),52),(13,49)),((4,37),33)),((64,75),(47,3)))),(27,((18,39),((36,((23,17),38)),2)))),((((25,(44,31)),(8,(19,34))),(((61,9),45),53)),(70,(68,43)))),72),57);
#NNI moves:0/152
Remaining: 0
#NNI moves:0/152
#NNI moves:0/152
((((((((((((((((((((((34,19),8),((44,31),25)),(((61,9),45),53)),((68,43),70)),(72,57)),((((36,((17,23),38)),2),(39,18)),27)),(((3,47),(64,75)),((((12,(56,(15,74))),52),(49,13)),((4,37),33)))),((16,26),(76,(20,14)))),(((((42,35),40),22),65),((((32,60),55),62),(48,73)))),(((((29,(63,21)),(51,(5,54))),(((1,10),((50,24),(71,66))),41)),30),((67,58),(((46,59),28),11)))),((69,7),6)),82),((95,(((85,92),90),77)),((84,(100,96)),((94,93),(97,89))))),((80,83),79)),99),(98,88)),81),78),87),91),86);
#NNI moves:0/152
Remaining: 0
#NNI moves:0/152
#NNI moves:0/152
((((((((((((((((((5,54),51),((21,63),29)),((((71,66),(24,50)),(1,10)),41)),30),((11,(28,(46,59))),(67,58))),(((69,7),6),((((((90,(92,85)),77),95),(((100,96),84),((89,97),(94,93)))),((99,(((78,(87,(91,86))),81),(88,98))),((83,80),79))),82))),(((22,((42,35),40)),65),((((32,60),55),62),(48,73)))),(((20,14),76),(16,26))),(((((((15,74),56),12),52),(49,13)),((37,4),33)),((3,47),(64,75)))),(27,((18,39),((36,((17,23),38)),2)))),(72,57)),((68,43),70)),((25,(31,44)),((19,34),8))),53),45),9),61);
#NNI moves:0/152
Remaining: 0
#NNI moves:0/152
#NNI moves:0/152
((((((((((((((((25,(31,44)),((34,19),8)),(53,((61,9),45))),((43,68),70)),(72,57)),(((2,(((23,17),38),36)),(39,18)),27)),(((((((15,74),56),12),52),(49,13)),((4,37),33)),((47,3),(75,64)))),(((14,20),76),(26,16))),((((55,(60,32)),62),(73,48)),((((35,42),40),22),65))),((((((21,63),29),((54,5),51)),(((1,10),((24,50),(71,66))),41)),30),((((59,46),28),11),(58,67)))),((7,69),6)),82),(((77,((92,85),90)),95),(((97,89),(94,93)),((100,96),84)))),(79,(80,83))),((((87,(91,86)),78),81),(98,88))),99);
Current score: 2.37629e+09
Current tree: ((98,((((87,(91,86)),78),81),(((((((((((((((25,(31,44)),((34,19),8)),(53,((61,9),45))),((43,68),70)),(72,57)),(((2,(((23,17),38),36)),(39,18)),27)),(((((((15,74),56),12),52),(49,13)),((4,37),33)),((47,3),(75,64)))),(((14,20),76),(26,16))),((((55,(60,32)),62),(73,48)),((((35,42),40),22),65))),((((((21,63),29),((54,5),51)),(((1,10),((24,50),(71,66))),41)),30),((((59,46),28),11),(58,67)))),((7,69),6)),82),(((77,((92,85),90)),95),(((97,89),(94,93)),((100,96),84)))),(79,(80,83))),99))),88);
Final Tree: ((98,((((87,(91,86)),78),81),(((((((((((((((25,(31,44)),((34,19),8)),(53,((61,9),45))),((43,68),70)),(72,57)),(((2,(((23,17),38),36)),(39,18)),27)),(((((((15,74),56),12),52),(49,13)),((4,37),33)),((47,3),(75,64)))),(((14,20),76),(26,16))),((((55,(60,32)),62),(73,48)),((((35,42),40),22),65))),((((((21,63),29),((54,5),51)),(((1,10),((24,50),(71,66))),41)),30),((((59,46),28),11),(58,67)))),((7,69),6)),82),(((77,((92,85),90)),95),(((97,89),(94,93)),((100,96),84)))),(79,(80,83))),99))),88);
#EqQuartets: 3921225000
Score: 2376294563
