01
Skipping 01, e2500_apro-cleaned.tre already exists and is not empty.
02
Skipping 02, e2500_apro-cleaned.tre already exists and is not empty.
03
Skipping 03, e2500_apro-cleaned.tre already exists and is not empty.
04
Skipping 04, e2500_apro-cleaned.tre already exists and is not empty.
05
Skipping 05, e2500_apro-cleaned.tre already exists and is not empty.
06
Skipping 06, e2500_apro-cleaned.tre already exists and is not empty.
07
Skipping 07, e2500_apro-cleaned.tre already exists and is not empty.
08
Skipping 08, e2500_apro-cleaned.tre already exists and is not empty.
09
Skipping 09, e2500_apro-cleaned.tre already exists and is not empty.
10
Skipping 10, e2500_apro-cleaned.tre already exists and is not empty.
01
Skipping WQFM Tree for 01: Output '100taxa/DOI-10-13012-b2idb-5721322_v1/estimated/ntaxa-100.dlrate-0.0000000005.psize-10000000/01/g_trees-raxml-sqlen-25-wqfm-tree.tre' already exists and is not empty.
02
Skipping WQFM Tree for 02: Output '100taxa/DOI-10-13012-b2idb-5721322_v1/estimated/ntaxa-100.dlrate-0.0000000005.psize-10000000/02/g_trees-raxml-sqlen-25-wqfm-tree.tre' already exists and is not empty.
03
Skipping WQFM Tree for 03: Output '100taxa/DOI-10-13012-b2idb-5721322_v1/estimated/ntaxa-100.dlrate-0.0000000005.psize-10000000/03/g_trees-raxml-sqlen-25-wqfm-tree.tre' already exists and is not empty.
04
Skipping WQFM Tree for 04: Output '100taxa/DOI-10-13012-b2idb-5721322_v1/estimated/ntaxa-100.dlrate-0.0000000005.psize-10000000/04/g_trees-raxml-sqlen-25-wqfm-tree.tre' already exists and is not empty.
05
Running WQFM Tree for 05...
Input file: 100taxa/DOI-10-13012-b2idb-5721322_v1/estimated/ntaxa-100.dlrate-0.0000000005.psize-10000000/05/g_trees-raxml-sqlen-25-disco-rooted-cleaned.tre
Consensus file: 100taxa/DOI-10-13012-b2idb-5721322_v1/estimated/ntaxa-100.dlrate-0.0000000005.psize-10000000/05/cons-25.greedy.tree
Output file: 100taxa/DOI-10-13012-b2idb-5721322_v1/estimated/ntaxa-100.dlrate-0.0000000005.psize-10000000/05/g_trees-raxml-sqlen-25-wqfm-tree.tre
Comp graph nodes count : 176239
Internal nodes count : 74221
taxa count : 100
Gene trees count : 954
Level: 1
swaps size : 100
Total taxon count : 100
Cg : 0.0
#iterations: 0
Level: 2
swaps size : 24
Total taxon count : 24
Cg : -2.9103830456733704E-11
#iterations: 0
Level: 3
swaps size : 11
Total taxon count : 11
Cg : -1.8189894035458565E-12
#iterations: 0
Level: 4
swaps size : 7
Total taxon count : 7
Cg : 2.2737367544323206E-12
#iterations: 0
Level: 5
swaps size : 6
Total taxon count : 6
Cg : -1.1368683772161603E-12
#iterations: 0
Level: 6
swaps size : 5
Total taxon count : 5
Cg : -2.2737367544323206E-13
#iterations: 0
Level: 7
swaps size : 1
Total taxon count : 4
Cg : -43.21419294990727
swaps size : 0
Total taxon count : 4
Cg : 0.0
#iterations: 1
Level: 4
swaps size : 6
Total taxon count : 6
Cg : -2.0463630789890885E-12
#iterations: 0
Level: 5
swaps size : 0
Total taxon count : 4
Cg : 0.0
#iterations: 0
Level: 5
swaps size : 0
Total taxon count : 4
Cg : 0.0
#iterations: 0
Level: 3
swaps size : 15
Total taxon count : 15
Cg : 1.4551915228366852E-11
#iterations: 0
Level: 4
swaps size : 8
Total taxon count : 8
Cg : 1.8189894035458565E-12
#iterations: 0
Level: 5
swaps size : 0
Total taxon count : 4
Cg : 0.0
#iterations: 0
Level: 5
swaps size : 6
Total taxon count : 6
Cg : -1.3642420526593924E-12
#iterations: 0
Level: 6
swaps size : 5
Total taxon count : 5
Cg : 2.8421709430404007E-13
#iterations: 0
Level: 7
swaps size : 1
Total taxon count : 4
Cg : -25.363135822510955
swaps size : 0
Total taxon count : 4
Cg : 0.0
#iterations: 1
Level: 4
swaps size : 9
Total taxon count : 9
Cg : 1.8189894035458565E-12
#iterations: 0
Level: 5
swaps size : 0
Total taxon count : 4
Cg : 0.0
#iterations: 0
Level: 5
swaps size : 7
Total taxon count : 7
Cg : -9.094947017729282E-13
#iterations: 0
Level: 6
swaps size : 6
Total taxon count : 6
Cg : 2.8421709430404007E-13
#iterations: 0
Level: 7
swaps size : 4
Total taxon count : 5
Cg : -94.23220470006208
swaps size : 5
Total taxon count : 5
Cg : 7.105427357601002E-14
#iterations: 1
Level: 8
swaps size : 1
Total taxon count : 4
Cg : -6.6102272727272435
swaps size : 0
Total taxon count : 4
Cg : 0.0
#iterations: 1
Level: 2
swaps size : 78
Total taxon count : 78
Cg : -1.862645149230957E-9
swaps size : 78
Total taxon count : 78
Cg : -1.862645149230957E-9
swaps size : 78
Total taxon count : 78
Cg : 1.30385160446167E-8
#iterations: 2
Level: 3
swaps size : 42
Total taxon count : 42
Cg : -5.820766091346741E-10
#iterations: 0
Level: 4
swaps size : 16
Total taxon count : 16
Cg : -2.9103830456733704E-11
#iterations: 0
Level: 5
swaps size : 5
Total taxon count : 5
Cg : -1.1368683772161603E-13
#iterations: 0
Level: 6
swaps size : 1
Total taxon count : 4
Cg : -123.7542179861021
swaps size : 0
Total taxon count : 4
Cg : 0.0
#iterations: 1
Level: 5
swaps size : 13
Total taxon count : 13
Cg : 2.1827872842550278E-11
#iterations: 0
Level: 6
swaps size : 0
Total taxon count : 4
Cg : 0.0
#iterations: 0
Level: 6
swaps size : 11
Total taxon count : 11
Cg : 3.637978807091713E-12
#iterations: 0
Level: 7
swaps size : 10
Total taxon count : 10
Cg : 4.547473508864641E-12
#iterations: 0
Level: 8
swaps size : 9
Total taxon count : 9
Cg : -1.4551915228366852E-11
#iterations: 0
Level: 9
swaps size : 7
Total taxon count : 7
Cg : -1.8189894035458565E-12
#iterations: 0
Level: 10
swaps size : 1
Total taxon count : 4
Cg : -95.32810867933144
swaps size : 0
Total taxon count : 4
Cg : 0.0
#iterations: 1
Level: 10
swaps size : 4
Total taxon count : 5
Cg : -230.61547799812803
swaps size : 5
Total taxon count : 5
Cg : -2.842170943040401E-14
#iterations: 1
Level: 11
swaps size : 1
Total taxon count : 4
Cg : -42.502726659832135
swaps size : 0
Total taxon count : 4
Cg : 0.0
#iterations: 1
Level: 9
swaps size : 1
Total taxon count : 4
Cg : -24.594978432538888
swaps size : 0
Total taxon count : 4
Cg : 0.0
#iterations: 1
Level: 4
swaps size : 28
Total taxon count : 28
Cg : -8.731149137020111E-11
#iterations: 0
Level: 5
swaps size : 8
Total taxon count : 8
Cg : 4.092726157978177E-12
#iterations: 0
Level: 6
swaps size : 7
Total taxon count : 7
Cg : -1.8189894035458565E-12
#iterations: 0
Level: 7
swaps size : 5
Total taxon count : 5
Cg : -2.8421709430404007E-13
#iterations: 0
Level: 8
swaps size : 1
Total taxon count : 4
Cg : -68.70831266048663
swaps size : 0
Total taxon count : 4
Cg : 0.0
#iterations: 1
Level: 7
swaps size : 0
Total taxon count : 4
Cg : 0.0
#iterations: 0
Level: 5
swaps size : 22
Total taxon count : 22
Cg : 7.275957614183426E-11
#iterations: 0
Level: 6
swaps size : 8
Total taxon count : 8
Cg : 0.0
#iterations: 0
Level: 7
swaps size : 5
Total taxon count : 5
Cg : 2.2737367544323206E-13
#iterations: 0
Level: 8
swaps size : 1
Total taxon count : 4
Cg : -67.73145431145426
swaps size : 0
Total taxon count : 4
Cg : 0.0
#iterations: 1
Level: 7
swaps size : 5
Total taxon count : 5
Cg : -2.2737367544323206E-13
#iterations: 0
Level: 8
swaps size : 1
Total taxon count : 4
Cg : -30.660900714378954
swaps size : 0
Total taxon count : 4
Cg : 0.0
#iterations: 1
Level: 6
swaps size : 16
Total taxon count : 16
Cg : 1.0913936421275139E-11
#iterations: 0
Level: 7
swaps size : 5
Total taxon count : 5
Cg : 1.7053025658242404E-13
#iterations: 0
Level: 8
swaps size : 1
Total taxon count : 4
Cg : -4.82696221065784
swaps size : 0
Total taxon count : 4
Cg : 0.0
#iterations: 1
Level: 7
swaps size : 13
Total taxon count : 13
Cg : -2.7284841053187847E-12
#iterations: 0
Level: 8
swaps size : 5
Total taxon count : 5
Cg : 3.410605131648481E-13
#iterations: 0
Level: 9
swaps size : 0
Total taxon count : 4
Cg : 0.0
#iterations: 0
Level: 8
swaps size : 9
Total taxon count : 10
Cg : -465.9326077963465
swaps size : 10
Total taxon count : 10
Cg : 2.2737367544323206E-12
#iterations: 1
Level: 9
swaps size : 8
Total taxon count : 9
Cg : -303.3483917480024
swaps size : 9
Total taxon count : 9
Cg : -1.4779288903810084E-12
#iterations: 1
Level: 10
swaps size : 7
Total taxon count : 8
Cg : -247.60968318584696
swaps size : 8
Total taxon count : 8
Cg : 2.2737367544323206E-13
swaps size : 8
Total taxon count : 8
Cg : 0.0
#iterations: 2
Level: 11
swaps size : 6
Total taxon count : 7
Cg : -175.93977418523235
swaps size : 7
Total taxon count : 7
Cg : 1.2789769243681803E-12
#iterations: 1
Level: 12
swaps size : 5
Total taxon count : 6
Cg : -102.34629198991549
swaps size : 6
Total taxon count : 6
Cg : 8.526512829121202E-14
#iterations: 1
Level: 13
swaps size : 4
Total taxon count : 5
Cg : -41.01892936393837
swaps size : 5
Total taxon count : 5
Cg : 2.1316282072803006E-14
#iterations: 1
Level: 14
swaps size : 1
Total taxon count : 4
Cg : -11.010743356905007
swaps size : 0
Total taxon count : 4
Cg : 0.0
#iterations: 1
Level: 3
swaps size : 38
Total taxon count : 38
Cg : 0.0
#iterations: 0
Level: 4
swaps size : 14
Total taxon count : 14
Cg : -5.4569682106375694E-12
swaps size : 14
Total taxon count : 14
Cg : 3.637978807091713E-12
#iterations: 1
Level: 5
swaps size : 11
Total taxon count : 11
Cg : 2.7284841053187847E-12
#iterations: 0
Level: 6
swaps size : 10
Total taxon count : 10
Cg : -1.5006662579253316E-11
#iterations: 0
Level: 7
swaps size : 9
Total taxon count : 9
Cg : 3.410605131648481E-13
#iterations: 0
Level: 8
swaps size : 1
Total taxon count : 4
Cg : -37.1915712265818
swaps size : 0
Total taxon count : 4
Cg : 0.0
#iterations: 1
Level: 8
swaps size : 6
Total taxon count : 7
Cg : -428.77464651820446
swaps size : 7
Total taxon count : 7
Cg : -2.8421709430404007E-13
#iterations: 1
Level: 9
swaps size : 5
Total taxon count : 6
Cg : -174.82409331919303
swaps size : 6
Total taxon count : 6
Cg : 1.1368683772161603E-13
#iterations: 1
Level: 10
swaps size : 4
Total taxon count : 5
Cg : -111.2042921527042
swaps size : 5
Total taxon count : 5
Cg : 1.4210854715202004E-14
#iterations: 1
Level: 11
swaps size : 1
Total taxon count : 4
Cg : -34.52824518381042
swaps size : 0
Total taxon count : 4
Cg : 0.0
#iterations: 1
Level: 5
swaps size : 5
Total taxon count : 5
Cg : 0.0
#iterations: 0
Level: 6
swaps size : 0
Total taxon count : 4
Cg : 0.0
#iterations: 0
Level: 4
swaps size : 26
Total taxon count : 26
Cg : 1.6007106751203537E-10
#iterations: 0
Level: 5
swaps size : 6
Total taxon count : 6
Cg : 2.7284841053187847E-12
#iterations: 0
Level: 6
swaps size : 5
Total taxon count : 5
Cg : 0.0
#iterations: 0
Level: 7
swaps size : 1
Total taxon count : 4
Cg : -35.73604426679722
swaps size : 0
Total taxon count : 4
Cg : 0.0
#iterations: 1
Level: 5
swaps size : 22
Total taxon count : 22
Cg : 0.0
#iterations: 0
Level: 6
swaps size : 6
Total taxon count : 6
Cg : 2.2737367544323206E-13
#iterations: 0
Level: 7
swaps size : 1
Total taxon count : 4
Cg : -23.751600504791213
swaps size : 0
Total taxon count : 4
Cg : 0.0
#iterations: 1
Level: 7
swaps size : 0
Total taxon count : 4
Cg : 0.0
#iterations: 0
Level: 6
swaps size : 18
Total taxon count : 18
Cg : 4.729372449219227E-11
#iterations: 0
Level: 7
swaps size : 1
Total taxon count : 4
Cg : -33.66012235908312
swaps size : 0
Total taxon count : 4
Cg : 0.0
#iterations: 1
Level: 7
swaps size : 16
Total taxon count : 16
Cg : 9.094947017729282E-13
#iterations: 0
Level: 8
swaps size : 1
Total taxon count : 4
Cg : -19.393777465430922
swaps size : 0
Total taxon count : 4
Cg : 0.0
#iterations: 1
Level: 8
swaps size : 14
Total taxon count : 14
Cg : 4.547473508864641E-12
#iterations: 0
Level: 9
swaps size : 0
Total taxon count : 4
Cg : 0.0
#iterations: 0
Level: 9
swaps size : 12
Total taxon count : 12
Cg : 9.777068044058979E-12
#iterations: 0
Level: 10
swaps size : 0
Total taxon count : 4
Cg : 0.0
#iterations: 0
Level: 10
swaps size : 10
Total taxon count : 10
Cg : 2.3874235921539366E-12
swaps size : 10
Total taxon count : 10
Cg : -6.59383658785373E-12
#iterations: 1
Level: 11
swaps size : 7
Total taxon count : 7
Cg : -8.526512829121202E-13
#iterations: 0
Level: 12
swaps size : 5
Total taxon count : 6
Cg : -69.23574977416423
swaps size : 6
Total taxon count : 6
Cg : -2.6290081223123707E-13
#iterations: 1
Level: 13
swaps size : 4
Total taxon count : 5
Cg : -32.82628164845386
swaps size : 5
Total taxon count : 5
Cg : 1.0658141036401503E-14
#iterations: 1
Level: 14
swaps size : 1
Total taxon count : 4
Cg : -9.45915561910169
swaps size : 0
Total taxon count : 4
Cg : 0.0
#iterations: 1
Level: 11
swaps size : 4
Total taxon count : 5
Cg : -53.510207587471776
swaps size : 5
Total taxon count : 5
Cg : -9.237055564881302E-14
#iterations: 1
Level: 12
swaps size : 1
Total taxon count : 4
Cg : -12.138881275434814
swaps size : 0
Total taxon count : 4
Cg : 0.0
#iterations: 1

Elapsed Time taken = 144827 ms ==> 2 minutes and 24 seconds.
CPU time used: 2 minutes, 24 seconds
06
Running WQFM Tree for 06...
Input file: 100taxa/DOI-10-13012-b2idb-5721322_v1/estimated/ntaxa-100.dlrate-0.0000000005.psize-10000000/06/g_trees-raxml-sqlen-25-disco-rooted-cleaned.tre
Consensus file: 100taxa/DOI-10-13012-b2idb-5721322_v1/estimated/ntaxa-100.dlrate-0.0000000005.psize-10000000/06/cons-25.greedy.tree
Output file: 100taxa/DOI-10-13012-b2idb-5721322_v1/estimated/ntaxa-100.dlrate-0.0000000005.psize-10000000/06/g_trees-raxml-sqlen-25-wqfm-tree.tre
Comp graph nodes count : 168652
Internal nodes count : 71496
taxa count : 100
Gene trees count : 985
Level: 1
swaps size : 100
Total taxon count : 100
Cg : 0.0
swaps size : 100
Total taxon count : 100
Cg : 0.0
#iterations: 1
Level: 2
swaps size : 41
Total taxon count : 41
Cg : -9.313225746154785E-10
#iterations: 0
Level: 3
swaps size : 19
Total taxon count : 19
Cg : -4.3655745685100555E-11
#iterations: 0
Level: 4
swaps size : 8
Total taxon count : 8
Cg : -4.547473508864641E-13
#iterations: 0
Level: 5
swaps size : 6
Total taxon count : 6
Cg : -2.2737367544323206E-13
#iterations: 0
Level: 6
swaps size : 5
Total taxon count : 5
Cg : 1.7053025658242404E-13
#iterations: 0
Level: 7
swaps size : 1
Total taxon count : 4
Cg : -53.49201388888898
swaps size : 0
Total taxon count : 4
Cg : 0.0
#iterations: 1
Level: 5
swaps size : 0
Total taxon count : 4
Cg : 0.0
#iterations: 0
Level: 4
swaps size : 13
Total taxon count : 13
Cg : 7.275957614183426E-12
#iterations: 0
Level: 5
swaps size : 7
Total taxon count : 7
Cg : -2.2737367544323206E-12
#iterations: 0
Level: 6
swaps size : 6
Total taxon count : 6
Cg : 3.410605131648481E-13
#iterations: 0
Level: 7
swaps size : 4
Total taxon count : 5
Cg : -451.8533237207924
swaps size : 5
Total taxon count : 5
Cg : -1.7053025658242404E-13
#iterations: 1
Level: 8
swaps size : 1
Total taxon count : 4
Cg : -54.373278985507184
swaps size : 0
Total taxon count : 4
Cg : 0.0
#iterations: 1
Level: 5
swaps size : 8
Total taxon count : 8
Cg : 9.094947017729282E-13
#iterations: 0
Level: 6
swaps size : 1
Total taxon count : 4
Cg : -86.53122153209115
swaps size : 0
Total taxon count : 4
Cg : 0.0
#iterations: 1
Level: 6
swaps size : 6
Total taxon count : 6
Cg : -1.5063505998114124E-12
#iterations: 0
Level: 7
swaps size : 1
Total taxon count : 4
Cg : -33.22391304347822
swaps size : 0
Total taxon count : 4
Cg : 0.0
#iterations: 1
Level: 7
swaps size : 1
Total taxon count : 4
Cg : -2.9254083275822786
swaps size : 0
Total taxon count : 4
Cg : 0.0
#iterations: 1
Level: 3
swaps size : 24
Total taxon count : 24
Cg : 5.820766091346741E-11
#iterations: 0
Level: 4
swaps size : 8
Total taxon count : 8
Cg : 0.0
#iterations: 0
Level: 5
swaps size : 7
Total taxon count : 7
Cg : -9.094947017729282E-13
#iterations: 0
Level: 6
swaps size : 6
Total taxon count : 6
Cg : -1.1368683772161603E-13
#iterations: 0
Level: 7
swaps size : 5
Total taxon count : 5
Cg : -1.5631940186722204E-13
#iterations: 0
Level: 8
swaps size : 1
Total taxon count : 4
Cg : -6.969771241830081
swaps size : 0
Total taxon count : 4
Cg : 0.0
#iterations: 1
Level: 4
swaps size : 18
Total taxon count : 18
Cg : 5.093170329928398E-11
#iterations: 0
Level: 5
swaps size : 5
Total taxon count : 5
Cg : 1.1368683772161603E-13
#iterations: 0
Level: 6
swaps size : 0
Total taxon count : 4
Cg : 0.0
#iterations: 0
Level: 5
swaps size : 15
Total taxon count : 15
Cg : 7.275957614183426E-12
#iterations: 0
Level: 6
swaps size : 0
Total taxon count : 4
Cg : 0.0
#iterations: 0
Level: 6
swaps size : 13
Total taxon count : 13
Cg : -4.092726157978177E-12
#iterations: 0
Level: 7
swaps size : 0
Total taxon count : 4
Cg : 0.0
#iterations: 0
Level: 7
swaps size : 11
Total taxon count : 11
Cg : 4.547473508864641E-13
#iterations: 0
Level: 8
swaps size : 10
Total taxon count : 10
Cg : 1.8189894035458565E-12
#iterations: 0
Level: 9
swaps size : 8
Total taxon count : 9
Cg : -280.93933348030504
swaps size : 9
Total taxon count : 9
Cg : -1.9326762412674725E-12
#iterations: 1
Level: 10
swaps size : 7
Total taxon count : 8
Cg : -180.0539572310392
swaps size : 8
Total taxon count : 8
Cg : 9.379164112033322E-13
#iterations: 1
Level: 11
swaps size : 6
Total taxon count : 7
Cg : -104.64113756613784
swaps size : 7
Total taxon count : 7
Cg : 1.1368683772161603E-13
#iterations: 1
Level: 12
swaps size : 5
Total taxon count : 6
Cg : -68.0641548170193
swaps size : 6
Total taxon count : 6
Cg : -7.105427357601002E-15
#iterations: 1
Level: 13
swaps size : 4
Total taxon count : 5
Cg : -27.654954805996404
swaps size : 5
Total taxon count : 5
Cg : -1.7763568394002505E-14
#iterations: 1
Level: 14
swaps size : 1
Total taxon count : 4
Cg : -8.930457727072291
swaps size : 0
Total taxon count : 4
Cg : 0.0
#iterations: 1
Level: 2
swaps size : 61
Total taxon count : 61
Cg : 1.862645149230957E-9
swaps size : 61
Total taxon count : 61
Cg : 2.7939677238464355E-9
swaps size : 61
Total taxon count : 61
Cg : 6.51925802230835E-9
#iterations: 2
Level: 3
swaps size : 26
Total taxon count : 26
Cg : -2.9103830456733704E-11
#iterations: 0
Level: 4
swaps size : 16
Total taxon count : 16
Cg : -1.4551915228366852E-11
#iterations: 0
Level: 5
swaps size : 9
Total taxon count : 9
Cg : -3.637978807091713E-12
#iterations: 0
Level: 6
swaps size : 1
Total taxon count : 4
Cg : -167.14132602062264
swaps size : 0
Total taxon count : 4
Cg : 0.0
#iterations: 1
Level: 6
swaps size : 7
Total taxon count : 7
Cg : 4.547473508864641E-13
#iterations: 0
Level: 7
swaps size : 6
Total taxon count : 6
Cg : 1.2505552149377763E-12
#iterations: 0
Level: 8
swaps size : 4
Total taxon count : 5
Cg : -243.21606165824934
swaps size : 5
Total taxon count : 5
Cg : -4.831690603168681E-13
#iterations: 1
Level: 9
swaps size : 1
Total taxon count : 4
Cg : -78.43686178188139
swaps size : 0
Total taxon count : 4
Cg : 0.0
#iterations: 1
Level: 5
swaps size : 9
Total taxon count : 9
Cg : 0.0
#iterations: 0
Level: 6
swaps size : 0
Total taxon count : 4
Cg : 0.0
#iterations: 0
Level: 6
swaps size : 7
Total taxon count : 7
Cg : 1.1368683772161603E-12
#iterations: 0
Level: 7
swaps size : 6
Total taxon count : 6
Cg : -5.115907697472721E-13
#iterations: 0
Level: 8
swaps size : 4
Total taxon count : 5
Cg : -125.30670901725586
swaps size : 5
Total taxon count : 5
Cg : 7.105427357601002E-14
#iterations: 1
Level: 9
swaps size : 1
Total taxon count : 4
Cg : -29.8082228535352
swaps size : 0
Total taxon count : 4
Cg : 0.0
#iterations: 1
Level: 4
swaps size : 12
Total taxon count : 12
Cg : 2.3646862246096134E-11
#iterations: 0
Level: 5
swaps size : 0
Total taxon count : 4
Cg : 0.0
#iterations: 0
Level: 5
swaps size : 10
Total taxon count : 10
Cg : -2.1827872842550278E-11
#iterations: 0
Level: 6
swaps size : 9
Total taxon count : 9
Cg : 5.002220859751105E-12
#iterations: 0
Level: 7
swaps size : 8
Total taxon count : 8
Cg : 6.821210263296962E-13
#iterations: 0
Level: 8
swaps size : 6
Total taxon count : 6
Cg : 4.547473508864641E-13
#iterations: 0
Level: 9
swaps size : 4
Total taxon count : 5
Cg : -331.4626639660494
swaps size : 5
Total taxon count : 5
Cg : 1.4210854715202004E-13
#iterations: 1
Level: 10
swaps size : 1
Total taxon count : 4
Cg : -48.96387924382714
swaps size : 0
Total taxon count : 4
Cg : 0.0
#iterations: 1
Level: 8
swaps size : 1
Total taxon count : 4
Cg : -17.351057098765416
swaps size : 0
Total taxon count : 4
Cg : 0.0
#iterations: 1
Level: 3
swaps size : 37
Total taxon count : 37
Cg : 1.280568540096283E-9
#iterations: 0
Level: 4
swaps size : 15
Total taxon count : 15
Cg : -1.4551915228366852E-11
#iterations: 0
Level: 5
swaps size : 9
Total taxon count : 9
Cg : -9.094947017729282E-13
#iterations: 0
Level: 6
swaps size : 0
Total taxon count : 4
Cg : 0.0
#iterations: 0
Level: 6
swaps size : 7
Total taxon count : 7
Cg : 1.1368683772161603E-12
#iterations: 0
Level: 7
swaps size : 6
Total taxon count : 6
Cg : -2.0463630789890885E-12
#iterations: 0
Level: 8
swaps size : 4
Total taxon count : 5
Cg : -274.4445859213256
swaps size : 5
Total taxon count : 5
Cg : 3.694822225952521E-13
#iterations: 1
Level: 9
swaps size : 1
Total taxon count : 4
Cg : -44.51792313664599
swaps size : 0
Total taxon count : 4
Cg : 0.0
#iterations: 1
Level: 5
swaps size : 8
Total taxon count : 8
Cg : -9.094947017729282E-13
#iterations: 0
Level: 6
swaps size : 1
Total taxon count : 4
Cg : -90.39760869565205
swaps size : 0
Total taxon count : 4
Cg : 0.0
#iterations: 1
Level: 6
swaps size : 6
Total taxon count : 6
Cg : -4.547473508864641E-13
#iterations: 0
Level: 7
swaps size : 1
Total taxon count : 4
Cg : -31.932246376811605
swaps size : 0
Total taxon count : 4
Cg : 0.0
#iterations: 1
Level: 7
swaps size : 0
Total taxon count : 4
Cg : 0.0
#iterations: 0
Level: 4
swaps size : 24
Total taxon count : 24
Cg : 1.4551915228366852E-11
#iterations: 0
Level: 5
swaps size : 9
Total taxon count : 9
Cg : 0.0
#iterations: 0
Level: 6
swaps size : 5
Total taxon count : 5
Cg : 7.958078640513122E-13
#iterations: 0
Level: 7
swaps size : 1
Total taxon count : 4
Cg : -28.147084821428507
swaps size : 0
Total taxon count : 4
Cg : 0.0
#iterations: 1
Level: 6
swaps size : 6
Total taxon count : 6
Cg : -6.821210263296962E-13
#iterations: 0
Level: 7
swaps size : 5
Total taxon count : 5
Cg : 1.7053025658242404E-13
#iterations: 0
Level: 8
swaps size : 0
Total taxon count : 4
Cg : 0.0
#iterations: 0
Level: 5
swaps size : 17
Total taxon count : 17
Cg : 7.275957614183426E-12
#iterations: 0
Level: 6
swaps size : 8
Total taxon count : 8
Cg : 9.094947017729282E-13
#iterations: 0
Level: 7
swaps size : 7
Total taxon count : 7
Cg : 2.2737367544323206E-13
#iterations: 0
Level: 8
swaps size : 0
Total taxon count : 4
Cg : 0.0
#iterations: 0
Level: 8
swaps size : 5
Total taxon count : 5
Cg : -1.7053025658242404E-13
#iterations: 0
Level: 9
swaps size : 1
Total taxon count : 4
Cg : -39.500380952380794
swaps size : 0
Total taxon count : 4
Cg : 0.0
#iterations: 1
Level: 6
swaps size : 11
Total taxon count : 11
Cg : 0.0
#iterations: 0
Level: 7
swaps size : 0
Total taxon count : 4
Cg : 0.0
#iterations: 0
Level: 7
swaps size : 9
Total taxon count : 9
Cg : -6.821210263296962E-13
#iterations: 0
Level: 8
swaps size : 7
Total taxon count : 8
Cg : -258.28486777211003
swaps size : 8
Total taxon count : 8
Cg : 3.581135388230905E-12
#iterations: 1
Level: 9
swaps size : 1
Total taxon count : 4
Cg : -16.564959183673494
swaps size : 0
Total taxon count : 4
Cg : 0.0
#iterations: 1
Level: 9
swaps size : 5
Total taxon count : 6
Cg : -114.7589786706342
swaps size : 6
Total taxon count : 6
Cg : -6.821210263296962E-13
#iterations: 1
Level: 10
swaps size : 4
Total taxon count : 5
Cg : -65.51726466836746
swaps size : 5
Total taxon count : 5
Cg : 5.684341886080802E-14
#iterations: 1
Level: 11
swaps size : 1
Total taxon count : 4
Cg : -11.90581926729027
swaps size : 0
Total taxon count : 4
Cg : 0.0
#iterations: 1

Elapsed Time taken = 134548 ms ==> 2 minutes and 14 seconds.
CPU time used: 2 minutes, 14 seconds
07
Running WQFM Tree for 07...
Input file: 100taxa/DOI-10-13012-b2idb-5721322_v1/estimated/ntaxa-100.dlrate-0.0000000005.psize-10000000/07/g_trees-raxml-sqlen-25-disco-rooted-cleaned.tre
Consensus file: 100taxa/DOI-10-13012-b2idb-5721322_v1/estimated/ntaxa-100.dlrate-0.0000000005.psize-10000000/07/cons-25.greedy.tree
Output file: 100taxa/DOI-10-13012-b2idb-5721322_v1/estimated/ntaxa-100.dlrate-0.0000000005.psize-10000000/07/g_trees-raxml-sqlen-25-wqfm-tree.tre
Comp graph nodes count : 171021
Internal nodes count : 73443
taxa count : 100
Gene trees count : 998
Level: 1
swaps size : 100
Total taxon count : 100
Cg : 0.0
swaps size : 100
Total taxon count : 100
Cg : 0.0
#iterations: 1
Level: 2
swaps size : 35
Total taxon count : 35
Cg : -2.3283064365386963E-10
swaps size : 35
Total taxon count : 35
Cg : -1.0477378964424133E-9
#iterations: 1
Level: 3
swaps size : 16
Total taxon count : 16
Cg : -7.275957614183426E-12
#iterations: 0
Level: 4
swaps size : 7
Total taxon count : 7
Cg : -2.2737367544323206E-12
#iterations: 0
Level: 5
swaps size : 1
Total taxon count : 4
Cg : -104.22333333333341
swaps size : 0
Total taxon count : 4
Cg : 0.0
#iterations: 1
Level: 5
swaps size : 5
Total taxon count : 5
Cg : 3.979039320256561E-13
#iterations: 0
Level: 6
swaps size : 1
Total taxon count : 4
Cg : -82.48260101010092
swaps size : 0
Total taxon count : 4
Cg : 0.0
#iterations: 1
Level: 4
swaps size : 11
Total taxon count : 11
Cg : 8.185452315956354E-12
#iterations: 0
Level: 5
swaps size : 5
Total taxon count : 5
Cg : 9.094947017729282E-13
#iterations: 0
Level: 6
swaps size : 1
Total taxon count : 4
Cg : -9.009090909090915
swaps size : 0
Total taxon count : 4
Cg : 0.0
#iterations: 1
Level: 5
swaps size : 8
Total taxon count : 8
Cg : 9.094947017729282E-13
#iterations: 0
Level: 6
swaps size : 7
Total taxon count : 7
Cg : 1.0231815394945443E-12
swaps size : 7
Total taxon count : 7
Cg : -2.2737367544323206E-13
#iterations: 1
Level: 7
swaps size : 5
Total taxon count : 5
Cg : -1.4210854715202004E-14
#iterations: 0
Level: 8
swaps size : 1
Total taxon count : 4
Cg : -23.230708122895514
swaps size : 0
Total taxon count : 4
Cg : 0.0
#iterations: 1
Level: 7
swaps size : 1
Total taxon count : 4
Cg : -4.338415404040388
swaps size : 0
Total taxon count : 4
Cg : 0.0
#iterations: 1
Level: 3
swaps size : 21
Total taxon count : 21
Cg : 5.820766091346741E-11
#iterations: 0
Level: 4
swaps size : 9
Total taxon count : 9
Cg : 3.637978807091713E-12
#iterations: 0
Level: 5
swaps size : 6
Total taxon count : 6
Cg : 9.094947017729282E-13
#iterations: 0
Level: 6
swaps size : 5
Total taxon count : 5
Cg : -1.0231815394945443E-12
#iterations: 0
Level: 7
swaps size : 1
Total taxon count : 4
Cg : -4.083391608391565
swaps size : 0
Total taxon count : 4
Cg : 0.0
#iterations: 1
Level: 5
swaps size : 5
Total taxon count : 5
Cg : 0.0
#iterations: 0
Level: 6
swaps size : 1
Total taxon count : 4
Cg : -60.475376845377085
swaps size : 0
Total taxon count : 4
Cg : 0.0
#iterations: 1
Level: 4
swaps size : 14
Total taxon count : 14
Cg : -9.094947017729282E-12
#iterations: 0
Level: 5
swaps size : 7
Total taxon count : 7
Cg : -1.8189894035458565E-12
#iterations: 0
Level: 6
swaps size : 6
Total taxon count : 6
Cg : 9.094947017729282E-13
#iterations: 0
Level: 7
swaps size : 4
Total taxon count : 5
Cg : -210.07395833333325
swaps size : 5
Total taxon count : 5
Cg : 5.684341886080802E-14
#iterations: 1
Level: 8
swaps size : 1
Total taxon count : 4
Cg : -35.46610243055554
swaps size : 0
Total taxon count : 4
Cg : 0.0
#iterations: 1
Level: 5
swaps size : 9
Total taxon count : 9
Cg : 9.094947017729282E-13
#iterations: 0
Level: 6
swaps size : 8
Total taxon count : 8
Cg : 4.547473508864641E-12
#iterations: 0
Level: 7
swaps size : 1
Total taxon count : 4
Cg : -43.6510101010101
swaps size : 0
Total taxon count : 4
Cg : 0.0
#iterations: 1
Level: 7
swaps size : 5
Total taxon count : 6
Cg : -183.02791105499392
swaps size : 6
Total taxon count : 6
Cg : -5.400124791776761E-13
#iterations: 1
Level: 8
swaps size : 4
Total taxon count : 5
Cg : -102.2801276655442
swaps size : 5
Total taxon count : 5
Cg : 4.263256414560601E-14
#iterations: 1
Level: 9
swaps size : 1
Total taxon count : 4
Cg : -22.008357884399533
swaps size : 0
Total taxon count : 4
Cg : 0.0
#iterations: 1
Level: 2
swaps size : 67
Total taxon count : 67
Cg : 2.7939677238464355E-9
#iterations: 0
Level: 3
swaps size : 14
Total taxon count : 14
Cg : 7.275957614183426E-12
#iterations: 0
Level: 4
swaps size : 7
Total taxon count : 7
Cg : 0.0
#iterations: 0
Level: 5
swaps size : 6
Total taxon count : 6
Cg : -4.547473508864641E-13
#iterations: 0
Level: 6
swaps size : 4
Total taxon count : 5
Cg : -358.9918811274513
swaps size : 5
Total taxon count : 5
Cg : -3.410605131648481E-13
#iterations: 1
Level: 7
swaps size : 1
Total taxon count : 4
Cg : -36.21023965141602
swaps size : 0
Total taxon count : 4
Cg : 0.0
#iterations: 1
Level: 4
swaps size : 9
Total taxon count : 9
Cg : 7.73070496506989E-12
#iterations: 0
Level: 5
swaps size : 0
Total taxon count : 4
Cg : 0.0
#iterations: 0
Level: 5
swaps size : 7
Total taxon count : 7
Cg : -1.1368683772161603E-13
#iterations: 0
Level: 6
swaps size : 6
Total taxon count : 6
Cg : -9.663381206337363E-13
#iterations: 0
Level: 7
swaps size : 1
Total taxon count : 4
Cg : -26.010348583878006
swaps size : 0
Total taxon count : 4
Cg : 0.0
#iterations: 1
Level: 7
swaps size : 1
Total taxon count : 4
Cg : -7.830070402646626
swaps size : 0
Total taxon count : 4
Cg : 0.0
#iterations: 1
Level: 3
swaps size : 55
Total taxon count : 55
Cg : 0.0
swaps size : 55
Total taxon count : 55
Cg : -2.3283064365386963E-9
swaps size : 55
Total taxon count : 55
Cg : -2.7939677238464355E-9
#iterations: 2
Level: 4
swaps size : 30
Total taxon count : 30
Cg : 1.1641532182693481E-10
#iterations: 0
Level: 5
swaps size : 9
Total taxon count : 9
Cg : 4.547473508864641E-12
#iterations: 0
Level: 6
swaps size : 7
Total taxon count : 7
Cg : 1.8189894035458565E-12
#iterations: 0
Level: 7
swaps size : 6
Total taxon count : 6
Cg : -9.094947017729282E-13
#iterations: 0
Level: 8
swaps size : 5
Total taxon count : 5
Cg : -2.8421709430404007E-13
#iterations: 0
Level: 9
swaps size : 1
Total taxon count : 4
Cg : -31.769886363636147
swaps size : 0
Total taxon count : 4
Cg : 0.0
#iterations: 1
Level: 6
swaps size : 0
Total taxon count : 4
Cg : 0.0
#iterations: 0
Level: 5
swaps size : 23
Total taxon count : 23
Cg : 1.0186340659856796E-10
#iterations: 0
Level: 6
swaps size : 7
Total taxon count : 7
Cg : 0.0
#iterations: 0
Level: 7
swaps size : 0
Total taxon count : 4
Cg : 0.0
#iterations: 0
Level: 7
swaps size : 5
Total taxon count : 5
Cg : 5.684341886080801E-13
#iterations: 0
Level: 8
swaps size : 1
Total taxon count : 4
Cg : -32.301099059533485
swaps size : 0
Total taxon count : 4
Cg : 0.0
#iterations: 1
Level: 6
swaps size : 18
Total taxon count : 18
Cg : 2.1827872842550278E-11
#iterations: 0
Level: 7
swaps size : 6
Total taxon count : 6
Cg : -1.1368683772161603E-12
#iterations: 0
Level: 8
swaps size : 4
Total taxon count : 5
Cg : -185.57442133658148
swaps size : 5
Total taxon count : 5
Cg : -1.7053025658242404E-13
#iterations: 1
Level: 9
swaps size : 1
Total taxon count : 4
Cg : -31.963213539853726
swaps size : 0
Total taxon count : 4
Cg : 0.0
#iterations: 1
Level: 7
swaps size : 14
Total taxon count : 14
Cg : -1.8189894035458565E-11
#iterations: 0
Level: 8
swaps size : 5
Total taxon count : 5
Cg : 5.115907697472721E-13
#iterations: 0
Level: 9
swaps size : 0
Total taxon count : 4
Cg : 0.0
#iterations: 0
Level: 8
swaps size : 11
Total taxon count : 11
Cg : 9.094947017729282E-12
#iterations: 0
Level: 9
swaps size : 10
Total taxon count : 10
Cg : 7.844391802791506E-12
swaps size : 10
Total taxon count : 10
Cg : 2.6716406864579767E-12
#iterations: 1
Level: 10
swaps size : 6
Total taxon count : 6
Cg : 2.8421709430404007E-13
#iterations: 0
Level: 11
swaps size : 4
Total taxon count : 5
Cg : -61.370610859728615
swaps size : 5
Total taxon count : 5
Cg : 8.526512829121202E-14
#iterations: 1
Level: 12
swaps size : 1
Total taxon count : 4
Cg : -12.171896681749633
swaps size : 0
Total taxon count : 4
Cg : 0.0
#iterations: 1
Level: 10
swaps size : 5
Total taxon count : 6
Cg : -63.39169842789139
swaps size : 6
Total taxon count : 6
Cg : 4.263256414560601E-14
#iterations: 1
Level: 11
swaps size : 4
Total taxon count : 5
Cg : -26.4500678007889
swaps size : 5
Total taxon count : 5
Cg : 4.263256414560601E-14
#iterations: 1
Level: 12
swaps size : 1
Total taxon count : 4
Cg : -8.461172863006123
swaps size : 0
Total taxon count : 4
Cg : 0.0
#iterations: 1
Level: 4
swaps size : 27
Total taxon count : 27
Cg : 8.731149137020111E-11
#iterations: 0
Level: 5
swaps size : 13
Total taxon count : 13
Cg : 0.0
#iterations: 0
Level: 6
swaps size : 7
Total taxon count : 7
Cg : 2.2737367544323206E-12
#iterations: 0
Level: 7
swaps size : 6
Total taxon count : 6
Cg : 1.7053025658242404E-12
#iterations: 0
Level: 8
swaps size : 1
Total taxon count : 4
Cg : -24.06365725777485
swaps size : 0
Total taxon count : 4
Cg : 0.0
#iterations: 1
Level: 8
swaps size : 1
Total taxon count : 4
Cg : -11.200076529285468
swaps size : 0
Total taxon count : 4
Cg : 0.0
#iterations: 1
Level: 6
swaps size : 8
Total taxon count : 8
Cg : -6.59383658785373E-12
#iterations: 0
Level: 7
swaps size : 4
Total taxon count : 5
Cg : -264.29414105164614
swaps size : 5
Total taxon count : 5
Cg : -3.126388037344441E-13
#iterations: 1
Level: 8
swaps size : 1
Total taxon count : 4
Cg : -30.94146512716499
swaps size : 0
Total taxon count : 4
Cg : 0.0
#iterations: 1
Level: 7
swaps size : 5
Total taxon count : 5
Cg : 1.2789769243681803E-13
#iterations: 0
Level: 8
swaps size : 1
Total taxon count : 4
Cg : -17.35140308333758
swaps size : 0
Total taxon count : 4
Cg : 0.0
#iterations: 1
Level: 5
swaps size : 16
Total taxon count : 16
Cg : 4.001776687800884E-11
#iterations: 0
Level: 6
swaps size : 5
Total taxon count : 5
Cg : -4.547473508864641E-13
#iterations: 0
Level: 7
swaps size : 0
Total taxon count : 4
Cg : 0.0
#iterations: 0
Level: 6
swaps size : 13
Total taxon count : 13
Cg : -5.4569682106375694E-12
#iterations: 0
Level: 7
swaps size : 1
Total taxon count : 4
Cg : -3.4789358714307923
swaps size : 0
Total taxon count : 4
Cg : 0.0
#iterations: 1
Level: 7
swaps size : 11
Total taxon count : 11
Cg : -1.3642420526593924E-11
#iterations: 0
Level: 8
swaps size : 7
Total taxon count : 7
Cg : 2.0463630789890885E-12
#iterations: 0
Level: 9
swaps size : 5
Total taxon count : 6
Cg : -280.82312980010863
swaps size : 6
Total taxon count : 6
Cg : -7.389644451905042E-13
#iterations: 1
Level: 10
swaps size : 4
Total taxon count : 5
Cg : -111.09551655874593
swaps size : 5
Total taxon count : 5
Cg : -8.526512829121202E-14
#iterations: 1
Level: 11
swaps size : 1
Total taxon count : 4
Cg : -31.226924377177944
swaps size : 0
Total taxon count : 4
Cg : 0.0
#iterations: 1
Level: 8
swaps size : 6
Total taxon count : 6
Cg : 5.684341886080801E-13
#iterations: 0
Level: 9
swaps size : 1
Total taxon count : 4
Cg : -14.942981657738251
swaps size : 0
Total taxon count : 4
Cg : 0.0
#iterations: 1
Level: 9
swaps size : 1
Total taxon count : 4
Cg : -8.713911456738074
swaps size : 0
Total taxon count : 4
Cg : 0.0
#iterations: 1

Elapsed Time taken = 138379 ms ==> 2 minutes and 18 seconds.
CPU time used: 2 minutes, 17 seconds
08
Running WQFM Tree for 08...
Input file: 100taxa/DOI-10-13012-b2idb-5721322_v1/estimated/ntaxa-100.dlrate-0.0000000005.psize-10000000/08/g_trees-raxml-sqlen-25-disco-rooted-cleaned.tre
Consensus file: 100taxa/DOI-10-13012-b2idb-5721322_v1/estimated/ntaxa-100.dlrate-0.0000000005.psize-10000000/08/cons-25.greedy.tree
Output file: 100taxa/DOI-10-13012-b2idb-5721322_v1/estimated/ntaxa-100.dlrate-0.0000000005.psize-10000000/08/g_trees-raxml-sqlen-25-wqfm-tree.tre
Comp graph nodes count : 177891
Internal nodes count : 75445
taxa count : 100
Gene trees count : 995
Level: 1
swaps size : 100
Total taxon count : 100
Cg : 0.0
swaps size : 100
Total taxon count : 100
Cg : 0.0
swaps size : 100
Total taxon count : 100
Cg : 0.0
#iterations: 2
Level: 2
swaps size : 36
Total taxon count : 36
Cg : 1.1641532182693481E-10
#iterations: 0
Level: 3
swaps size : 15
Total taxon count : 15
Cg : 2.9103830456733704E-11
#iterations: 0
Level: 4
swaps size : 8
Total taxon count : 8
Cg : -5.002220859751105E-12
#iterations: 0
Level: 5
swaps size : 7
Total taxon count : 7
Cg : 1.8189894035458565E-12
#iterations: 0
Level: 6
swaps size : 6
Total taxon count : 6
Cg : -1.1368683772161603E-13
#iterations: 0
Level: 7
swaps size : 5
Total taxon count : 5
Cg : 0.0
#iterations: 0
Level: 8
swaps size : 1
Total taxon count : 4
Cg : -7.5417832167831165
swaps size : 0
Total taxon count : 4
Cg : 0.0
#iterations: 1
Level: 4
swaps size : 9
Total taxon count : 9
Cg : 6.366462912410498E-12
#iterations: 0
Level: 5
swaps size : 6
Total taxon count : 6
Cg : 1.1368683772161603E-13
#iterations: 0
Level: 6
swaps size : 5
Total taxon count : 5
Cg : -2.2737367544323206E-13
#iterations: 0
Level: 7
swaps size : 1
Total taxon count : 4
Cg : -25.328490259740178
swaps size : 0
Total taxon count : 4
Cg : 0.0
#iterations: 1
Level: 5
swaps size : 5
Total taxon count : 5
Cg : 1.2789769243681803E-13
#iterations: 0
Level: 6
swaps size : 1
Total taxon count : 4
Cg : -7.841708291708265
swaps size : 0
Total taxon count : 4
Cg : 0.0
#iterations: 1
Level: 3
swaps size : 23
Total taxon count : 23
Cg : 0.0
#iterations: 0
Level: 4
swaps size : 7
Total taxon count : 7
Cg : 5.4569682106375694E-12
#iterations: 0
Level: 5
swaps size : 0
Total taxon count : 4
Cg : 0.0
#iterations: 0
Level: 5
swaps size : 5
Total taxon count : 5
Cg : -3.979039320256561E-13
#iterations: 0
Level: 6
swaps size : 1
Total taxon count : 4
Cg : -7.636339151045078
swaps size : 0
Total taxon count : 4
Cg : 0.0
#iterations: 1
Level: 4
swaps size : 18
Total taxon count : 18
Cg : -2.9103830456733704E-11
#iterations: 0
Level: 5
swaps size : 7
Total taxon count : 7
Cg : -9.094947017729282E-13
#iterations: 0
Level: 6
swaps size : 6
Total taxon count : 6
Cg : 1.1368683772161603E-13
#iterations: 0
Level: 7
swaps size : 5
Total taxon count : 5
Cg : -8.526512829121202E-14
#iterations: 0
Level: 8
swaps size : 0
Total taxon count : 4
Cg : 0.0
#iterations: 0
Level: 5
swaps size : 13
Total taxon count : 13
Cg : 9.094947017729282E-12
#iterations: 0
Level: 6
swaps size : 5
Total taxon count : 5
Cg : 2.842170943040401E-14
#iterations: 0
Level: 7
swaps size : 1
Total taxon count : 4
Cg : -38.818966218966246
swaps size : 0
Total taxon count : 4
Cg : 0.0
#iterations: 1
Level: 6
swaps size : 10
Total taxon count : 10
Cg : -4.320099833421409E-12
#iterations: 0
Level: 7
swaps size : 1
Total taxon count : 4
Cg : -20.87121925693357
swaps size : 0
Total taxon count : 4
Cg : 0.0
#iterations: 1
Level: 7
swaps size : 8
Total taxon count : 8
Cg : -1.7053025658242404E-13
swaps size : 8
Total taxon count : 8
Cg : 2.8421709430404007E-12
#iterations: 1
Level: 8
swaps size : 5
Total taxon count : 6
Cg : -177.6671041921041
swaps size : 6
Total taxon count : 6
Cg : -3.126388037344441E-13
#iterations: 1
Level: 9
swaps size : 4
Total taxon count : 5
Cg : -62.68408458825096
swaps size : 5
Total taxon count : 5
Cg : 0.0
#iterations: 1
Level: 10
swaps size : 1
Total taxon count : 4
Cg : -21.934559422059404
swaps size : 0
Total taxon count : 4
Cg : 0.0
#iterations: 1
Level: 8
swaps size : 1
Total taxon count : 4
Cg : -8.316657509157555
swaps size : 0
Total taxon count : 4
Cg : 0.0
#iterations: 1
Level: 2
swaps size : 66
Total taxon count : 66
Cg : 5.122274160385132E-9
swaps size : 66
Total taxon count : 66
Cg : -1.1175870895385742E-8
#iterations: 1
Level: 3
swaps size : 36
Total taxon count : 36
Cg : -6.984919309616089E-10
#iterations: 0
Level: 4
swaps size : 12
Total taxon count : 12
Cg : 7.275957614183426E-12
#iterations: 0
Level: 5
swaps size : 7
Total taxon count : 7
Cg : 1.8189894035458565E-12
#iterations: 0
Level: 6
swaps size : 5
Total taxon count : 5
Cg : -7.958078640513122E-13
#iterations: 0
Level: 7
swaps size : 0
Total taxon count : 4
Cg : 0.0
#iterations: 0
Level: 6
swaps size : 0
Total taxon count : 4
Cg : 0.0
#iterations: 0
Level: 5
swaps size : 7
Total taxon count : 7
Cg : -5.9117155615240335E-12
#iterations: 0
Level: 6
swaps size : 6
Total taxon count : 6
Cg : -4.547473508864641E-13
#iterations: 0
Level: 7
swaps size : 5
Total taxon count : 5
Cg : -3.979039320256561E-13
#iterations: 0
Level: 8
swaps size : 1
Total taxon count : 4
Cg : -112.41128878648217
swaps size : 0
Total taxon count : 4
Cg : 0.0
#iterations: 1
Level: 4
swaps size : 26
Total taxon count : 26
Cg : -2.6193447411060333E-10
#iterations: 0
Level: 5
swaps size : 15
Total taxon count : 15
Cg : -3.637978807091713E-11
#iterations: 0
Level: 6
swaps size : 8
Total taxon count : 8
Cg : -9.094947017729282E-13
#iterations: 0
Level: 7
swaps size : 0
Total taxon count : 4
Cg : 0.0
#iterations: 0
Level: 7
swaps size : 6
Total taxon count : 6
Cg : 2.2737367544323206E-13
#iterations: 0
Level: 8
swaps size : 5
Total taxon count : 5
Cg : -5.115907697472721E-13
#iterations: 0
Level: 9
swaps size : 0
Total taxon count : 4
Cg : 0.0
#iterations: 0
Level: 6
swaps size : 9
Total taxon count : 9
Cg : -9.094947017729282E-13
#iterations: 0
Level: 7
swaps size : 0
Total taxon count : 4
Cg : 0.0
#iterations: 0
Level: 7
swaps size : 7
Total taxon count : 7
Cg : 2.2737367544323206E-13
#iterations: 0
Level: 8
swaps size : 6
Total taxon count : 6
Cg : -3.410605131648481E-13
#iterations: 0
Level: 9
swaps size : 4
Total taxon count : 5
Cg : -106.09511316256734
swaps size : 5
Total taxon count : 5
Cg : -2.842170943040401E-14
#iterations: 1
Level: 10
swaps size : 1
Total taxon count : 4
Cg : -22.189519204553633
swaps size : 0
Total taxon count : 4
Cg : 0.0
#iterations: 1
Level: 5
swaps size : 13
Total taxon count : 13
Cg : -5.4569682106375694E-12
#iterations: 0
Level: 6
swaps size : 6
Total taxon count : 6
Cg : 1.3073986337985843E-12
#iterations: 0
Level: 7
swaps size : 1
Total taxon count : 4
Cg : -9.065198645440688
swaps size : 0
Total taxon count : 4
Cg : 0.0
#iterations: 1
Level: 7
swaps size : 1
Total taxon count : 4
Cg : -12.06057464041315
swaps size : 0
Total taxon count : 4
Cg : 0.0
#iterations: 1
Level: 6
swaps size : 9
Total taxon count : 9
Cg : 0.0
#iterations: 0
Level: 7
swaps size : 5
Total taxon count : 5
Cg : 1.7053025658242404E-13
#iterations: 0
Level: 8
swaps size : 1
Total taxon count : 4
Cg : -7.961864264767414
swaps size : 0
Total taxon count : 4
Cg : 0.0
#iterations: 1
Level: 7
swaps size : 5
Total taxon count : 6
Cg : -73.93073732718875
swaps size : 6
Total taxon count : 6
Cg : -2.842170943040401E-14
#iterations: 1
Level: 8
swaps size : 4
Total taxon count : 5
Cg : -42.52650113711177
swaps size : 5
Total taxon count : 5
Cg : -1.2789769243681803E-13
#iterations: 1
Level: 9
swaps size : 1
Total taxon count : 4
Cg : -13.813101771500307
swaps size : 0
Total taxon count : 4
Cg : 0.0
#iterations: 1
Level: 3
swaps size : 32
Total taxon count : 32
Cg : -1.1641532182693481E-10
swaps size : 32
Total taxon count : 32
Cg : -1.1641532182693481E-10
#iterations: 1
Level: 4
swaps size : 14
Total taxon count : 14
Cg : 3.637978807091713E-11
#iterations: 0
Level: 5
swaps size : 8
Total taxon count : 8
Cg : -8.185452315956354E-12
#iterations: 0
Level: 6
swaps size : 7
Total taxon count : 7
Cg : -4.547473508864641E-13
#iterations: 0
Level: 7
swaps size : 5
Total taxon count : 5
Cg : 5.684341886080802E-14
#iterations: 0
Level: 8
swaps size : 1
Total taxon count : 4
Cg : -65.42260088998033
swaps size : 0
Total taxon count : 4
Cg : 0.0
#iterations: 1
Level: 7
swaps size : 1
Total taxon count : 4
Cg : -29.527057695258478
swaps size : 0
Total taxon count : 4
Cg : 0.0
#iterations: 1
Level: 5
swaps size : 8
Total taxon count : 8
Cg : -5.9117155615240335E-12
#iterations: 0
Level: 6
swaps size : 0
Total taxon count : 4
Cg : 0.0
#iterations: 0
Level: 6
swaps size : 6
Total taxon count : 6
Cg : -1.4210854715202004E-12
#iterations: 0
Level: 7
swaps size : 1
Total taxon count : 4
Cg : -33.971738870987
swaps size : 0
Total taxon count : 4
Cg : 0.0
#iterations: 1
Level: 7
swaps size : 1
Total taxon count : 4
Cg : -21.81939474536687
swaps size : 0
Total taxon count : 4
Cg : 0.0
#iterations: 1
Level: 4
swaps size : 20
Total taxon count : 20
Cg : 2.1827872842550278E-11
#iterations: 0
Level: 5
swaps size : 8
Total taxon count : 8
Cg : -3.637978807091713E-12
#iterations: 0
Level: 6
swaps size : 5
Total taxon count : 5
Cg : 1.1368683772161603E-13
#iterations: 0
Level: 7
swaps size : 0
Total taxon count : 4
Cg : 0.0
#iterations: 0
Level: 6
swaps size : 5
Total taxon count : 5
Cg : 1.1368683772161603E-13
#iterations: 0
Level: 7
swaps size : 0
Total taxon count : 4
Cg : 0.0
#iterations: 0
Level: 5
swaps size : 14
Total taxon count : 14
Cg : -1.8189894035458565E-11
#iterations: 0
Level: 6
swaps size : 8
Total taxon count : 8
Cg : 1.8189894035458565E-12
#iterations: 0
Level: 7
swaps size : 7
Total taxon count : 7
Cg : 1.3642420526593924E-12
#iterations: 0
Level: 8
swaps size : 6
Total taxon count : 6
Cg : -1.1368683772161603E-12
#iterations: 0
Level: 9
swaps size : 1
Total taxon count : 4
Cg : -77.61179786200191
swaps size : 0
Total taxon count : 4
Cg : 0.0
#iterations: 1
Level: 9
swaps size : 1
Total taxon count : 4
Cg : -33.22568662629894
swaps size : 0
Total taxon count : 4
Cg : 0.0
#iterations: 1
Level: 6
swaps size : 8
Total taxon count : 8
Cg : 3.410605131648481E-12
#iterations: 0
Level: 7
swaps size : 7
Total taxon count : 7
Cg : -5.684341886080802E-14
#iterations: 0
Level: 8
swaps size : 5
Total taxon count : 6
Cg : -180.77931599013363
swaps size : 6
Total taxon count : 6
Cg : -7.673861546209082E-13
#iterations: 1
Level: 9
swaps size : 4
Total taxon count : 5
Cg : -81.64975923493407
swaps size : 5
Total taxon count : 5
Cg : -5.684341886080802E-14
#iterations: 1
Level: 10
swaps size : 1
Total taxon count : 4
Cg : -24.820253179764826
swaps size : 0
Total taxon count : 4
Cg : 0.0
#iterations: 1

Elapsed Time taken = 138794 ms ==> 2 minutes and 18 seconds.
CPU time used: 2 minutes, 18 seconds
09
Running WQFM Tree for 09...
Input file: 100taxa/DOI-10-13012-b2idb-5721322_v1/estimated/ntaxa-100.dlrate-0.0000000005.psize-10000000/09/g_trees-raxml-sqlen-25-disco-rooted-cleaned.tre
Consensus file: 100taxa/DOI-10-13012-b2idb-5721322_v1/estimated/ntaxa-100.dlrate-0.0000000005.psize-10000000/09/cons-25.greedy.tree
Output file: 100taxa/DOI-10-13012-b2idb-5721322_v1/estimated/ntaxa-100.dlrate-0.0000000005.psize-10000000/09/g_trees-raxml-sqlen-25-wqfm-tree.tre
Comp graph nodes count : 173780
Internal nodes count : 76393
taxa count : 100
Gene trees count : 999
Level: 1
swaps size : 100
Total taxon count : 100
Cg : 0.0
swaps size : 100
Total taxon count : 100
Cg : 0.0
#iterations: 1
Level: 2
swaps size : 56
Total taxon count : 56
Cg : 3.725290298461914E-9
#iterations: 0
Level: 3
swaps size : 24
Total taxon count : 24
Cg : 2.9103830456733704E-11
#iterations: 0
Level: 4
swaps size : 10
Total taxon count : 10
Cg : -9.094947017729282E-12
#iterations: 0
Level: 5
swaps size : 4
Total taxon count : 5
Cg : -677.8626561915444
swaps size : 5
Total taxon count : 5
Cg : -1.1368683772161603E-13
#iterations: 1
Level: 6
swaps size : 1
Total taxon count : 4
Cg : -184.00280209502412
swaps size : 0
Total taxon count : 4
Cg : 0.0
#iterations: 1
Level: 5
swaps size : 7
Total taxon count : 7
Cg : 1.8189894035458565E-12
#iterations: 0
Level: 6
swaps size : 0
Total taxon count : 4
Cg : 0.0
#iterations: 0
Level: 6
swaps size : 5
Total taxon count : 5
Cg : 7.389644451905042E-13
#iterations: 0
Level: 7
swaps size : 1
Total taxon count : 4
Cg : -5.778460531238295
swaps size : 0
Total taxon count : 4
Cg : 0.0
#iterations: 1
Level: 4
swaps size : 16
Total taxon count : 16
Cg : -1.4551915228366852E-11
#iterations: 0
Level: 5
swaps size : 5
Total taxon count : 5
Cg : 9.094947017729282E-13
#iterations: 0
Level: 6
swaps size : 0
Total taxon count : 4
Cg : 0.0
#iterations: 0
Level: 5
swaps size : 13
Total taxon count : 13
Cg : 2.546585164964199E-11
#iterations: 0
Level: 6
swaps size : 5
Total taxon count : 5
Cg : -1.7053025658242404E-13
#iterations: 0
Level: 7
swaps size : 1
Total taxon count : 4
Cg : -116.71741488963715
swaps size : 0
Total taxon count : 4
Cg : 0.0
#iterations: 1
Level: 6
swaps size : 10
Total taxon count : 10
Cg : 1.8189894035458565E-11
#iterations: 0
Level: 7
swaps size : 0
Total taxon count : 4
Cg : 0.0
#iterations: 0
Level: 7
swaps size : 8
Total taxon count : 8
Cg : -3.410605131648481E-12
#iterations: 0
Level: 8
swaps size : 7
Total taxon count : 7
Cg : -5.684341886080801E-13
#iterations: 0
Level: 9
swaps size : 5
Total taxon count : 6
Cg : -348.02978395061547
swaps size : 6
Total taxon count : 6
Cg : 2.0463630789890885E-12
#iterations: 1
Level: 10
swaps size : 4
Total taxon count : 5
Cg : -175.41258417508413
swaps size : 5
Total taxon count : 5
Cg : 0.0
#iterations: 1
Level: 11
swaps size : 1
Total taxon count : 4
Cg : -45.29115460157121
swaps size : 0
Total taxon count : 4
Cg : 0.0
#iterations: 1
Level: 3
swaps size : 34
Total taxon count : 34
Cg : -2.3283064365386963E-10
#iterations: 0
Level: 4
swaps size : 12
Total taxon count : 12
Cg : 0.0
#iterations: 0
Level: 5
swaps size : 7
Total taxon count : 7
Cg : -9.094947017729282E-13
#iterations: 0
Level: 6
swaps size : 6
Total taxon count : 6
Cg : -7.958078640513122E-13
#iterations: 0
Level: 7
swaps size : 5
Total taxon count : 5
Cg : 5.684341886080802E-14
#iterations: 0
Level: 8
swaps size : 1
Total taxon count : 4
Cg : -78.29768956101657
swaps size : 0
Total taxon count : 4
Cg : 0.0
#iterations: 1
Level: 5
swaps size : 7
Total taxon count : 7
Cg : -1.8189894035458565E-12
#iterations: 0
Level: 6
swaps size : 0
Total taxon count : 4
Cg : 0.0
#iterations: 0
Level: 6
swaps size : 4
Total taxon count : 5
Cg : -188.29289598357025
swaps size : 5
Total taxon count : 5
Cg : -8.526512829121202E-14
#iterations: 1
Level: 7
swaps size : 1
Total taxon count : 4
Cg : -16.845115405260323
swaps size : 0
Total taxon count : 4
Cg : 0.0
#iterations: 1
Level: 4
swaps size : 24
Total taxon count : 24
Cg : -2.9103830456733704E-11
swaps size : 24
Total taxon count : 24
Cg : 0.0
#iterations: 1
Level: 5
swaps size : 15
Total taxon count : 15
Cg : -2.1827872842550278E-11
#iterations: 0
Level: 6
swaps size : 5
Total taxon count : 5
Cg : 1.1368683772161603E-13
#iterations: 0
Level: 7
swaps size : 1
Total taxon count : 4
Cg : -48.161829760051006
swaps size : 0
Total taxon count : 4
Cg : 0.0
#iterations: 1
Level: 6
swaps size : 12
Total taxon count : 12
Cg : 1.2732925824820995E-11
#iterations: 0
Level: 7
swaps size : 0
Total taxon count : 4
Cg : 0.0
#iterations: 0
Level: 7
swaps size : 10
Total taxon count : 10
Cg : -1.3642420526593924E-12
#iterations: 0
Level: 8
swaps size : 0
Total taxon count : 4
Cg : 0.0
#iterations: 0
Level: 8
swaps size : 8
Total taxon count : 8
Cg : 2.2737367544323206E-13
#iterations: 0
Level: 9
swaps size : 6
Total taxon count : 7
Cg : -193.28781303371827
swaps size : 7
Total taxon count : 7
Cg : -1.9895196601282805E-13
#iterations: 1
Level: 10
swaps size : 5
Total taxon count : 6
Cg : -102.25788372859023
swaps size : 6
Total taxon count : 6
Cg : 8.526512829121202E-14
#iterations: 1
Level: 11
swaps size : 4
Total taxon count : 5
Cg : -45.06370364270724
swaps size : 5
Total taxon count : 5
Cg : -4.973799150320701E-14
#iterations: 1
Level: 12
swaps size : 1
Total taxon count : 4
Cg : -14.248848539745257
swaps size : 0
Total taxon count : 4
Cg : 0.0
#iterations: 1
Level: 5
swaps size : 11
Total taxon count : 11
Cg : 1.8189894035458565E-12
#iterations: 0
Level: 6
swaps size : 6
Total taxon count : 6
Cg : -4.547473508864641E-13
#iterations: 0
Level: 7
swaps size : 1
Total taxon count : 4
Cg : -81.86297132818873
swaps size : 0
Total taxon count : 4
Cg : 0.0
#iterations: 1
Level: 7
swaps size : 1
Total taxon count : 4
Cg : -8.792970421955985
swaps size : 0
Total taxon count : 4
Cg : 0.0
#iterations: 1
Level: 6
swaps size : 7
Total taxon count : 7
Cg : 0.0
#iterations: 0
Level: 7
swaps size : 0
Total taxon count : 4
Cg : 0.0
#iterations: 0
Level: 7
swaps size : 5
Total taxon count : 5
Cg : 2.2737367544323206E-13
#iterations: 0
Level: 8
swaps size : 0
Total taxon count : 4
Cg : 0.0
#iterations: 0
Level: 2
swaps size : 46
Total taxon count : 46
Cg : -3.259629011154175E-9
swaps size : 46
Total taxon count : 46
Cg : 2.3283064365386963E-10
#iterations: 1
Level: 3
swaps size : 23
Total taxon count : 23
Cg : 1.7462298274040222E-10
#iterations: 0
Level: 4
swaps size : 7
Total taxon count : 7
Cg : 3.183231456205249E-12
#iterations: 0
Level: 5
swaps size : 5
Total taxon count : 5
Cg : 0.0
#iterations: 0
Level: 6
swaps size : 1
Total taxon count : 4
Cg : -187.78092691622112
swaps size : 0
Total taxon count : 4
Cg : 0.0
#iterations: 1
Level: 5
swaps size : 0
Total taxon count : 4
Cg : 0.0
#iterations: 0
Level: 4
swaps size : 18
Total taxon count : 18
Cg : 0.0
#iterations: 0
Level: 5
swaps size : 10
Total taxon count : 10
Cg : 9.094947017729282E-12
#iterations: 0
Level: 6
swaps size : 9
Total taxon count : 9
Cg : 1.5916157281026244E-11
#iterations: 0
Level: 7
swaps size : 1
Total taxon count : 4
Cg : -36.04316778900113
swaps size : 0
Total taxon count : 4
Cg : 0.0
#iterations: 1
Level: 7
swaps size : 6
Total taxon count : 7
Cg : -442.5197811447789
swaps size : 7
Total taxon count : 7
Cg : 3.069544618483633E-12
swaps size : 7
Total taxon count : 7
Cg : -2.8421709430404007E-12
#iterations: 2
Level: 8
swaps size : 5
Total taxon count : 6
Cg : -292.55793350168295
swaps size : 6
Total taxon count : 6
Cg : -7.389644451905042E-13
#iterations: 1
Level: 9
swaps size : 4
Total taxon count : 5
Cg : -133.02853886083057
swaps size : 5
Total taxon count : 5
Cg : -1.4210854715202004E-13
#iterations: 1
Level: 10
swaps size : 1
Total taxon count : 4
Cg : -37.87764683875781
swaps size : 0
Total taxon count : 4
Cg : 0.0
#iterations: 1
Level: 5
swaps size : 10
Total taxon count : 10
Cg : 1.7280399333685637E-11
#iterations: 0
Level: 6
swaps size : 6
Total taxon count : 6
Cg : -9.094947017729282E-13
#iterations: 0
Level: 7
swaps size : 5
Total taxon count : 5
Cg : -5.115907697472721E-13
#iterations: 0
Level: 8
swaps size : 0
Total taxon count : 4
Cg : 0.0
#iterations: 0
Level: 6
swaps size : 6
Total taxon count : 6
Cg : -5.684341886080801E-13
#iterations: 0
Level: 7
swaps size : 4
Total taxon count : 5
Cg : -50.034319584736345
swaps size : 5
Total taxon count : 5
Cg : 7.105427357601002E-14
#iterations: 1
Level: 8
swaps size : 1
Total taxon count : 4
Cg : -12.772771464646386
swaps size : 0
Total taxon count : 4
Cg : 0.0
#iterations: 1
Level: 3
swaps size : 25
Total taxon count : 25
Cg : 1.1641532182693481E-10
#iterations: 0
Level: 4
swaps size : 10
Total taxon count : 10
Cg : 5.4569682106375694E-12
#iterations: 0
Level: 5
swaps size : 6
Total taxon count : 6
Cg : 4.547473508864641E-12
#iterations: 0
Level: 6
swaps size : 5
Total taxon count : 5
Cg : 2.2737367544323206E-13
#iterations: 0
Level: 7
swaps size : 1
Total taxon count : 4
Cg : -6.731567665289106
swaps size : 0
Total taxon count : 4
Cg : 0.0
#iterations: 1
Level: 5
swaps size : 6
Total taxon count : 6
Cg : 3.410605131648481E-12
#iterations: 0
Level: 6
swaps size : 5
Total taxon count : 5
Cg : 1.1368683772161603E-13
#iterations: 0
Level: 7
swaps size : 1
Total taxon count : 4
Cg : -9.504550619834703
swaps size : 0
Total taxon count : 4
Cg : 0.0
#iterations: 1
Level: 4
swaps size : 17
Total taxon count : 17
Cg : -1.0913936421275139E-11
#iterations: 0
Level: 5
swaps size : 7
Total taxon count : 7
Cg : 1.8189894035458565E-12
#iterations: 0
Level: 6
swaps size : 0
Total taxon count : 4
Cg : 0.0
#iterations: 0
Level: 6
swaps size : 5
Total taxon count : 5
Cg : -1.1368683772161603E-12
#iterations: 0
Level: 7
swaps size : 0
Total taxon count : 4
Cg : 0.0
#iterations: 0
Level: 5
swaps size : 12
Total taxon count : 12
Cg : -1.8189894035458565E-12
#iterations: 0
Level: 6
swaps size : 0
Total taxon count : 4
Cg : 0.0
#iterations: 0
Level: 6
swaps size : 10
Total taxon count : 10
Cg : 4.547473508864641E-12
#iterations: 0
Level: 7
swaps size : 9
Total taxon count : 9
Cg : 6.59383658785373E-12
#iterations: 0
Level: 8
swaps size : 7
Total taxon count : 8
Cg : -813.5101163146514
swaps size : 8
Total taxon count : 8
Cg : 4.092726157978177E-12
swaps size : 8
Total taxon count : 8
Cg : -3.979039320256561E-12
#iterations: 2
Level: 9
swaps size : 6
Total taxon count : 7
Cg : -597.5593281297814
swaps size : 7
Total taxon count : 7
Cg : 1.4779288903810084E-12
#iterations: 1
Level: 10
swaps size : 5
Total taxon count : 6
Cg : -351.8488049688795
swaps size : 6
Total taxon count : 6
Cg : -9.094947017729282E-13
#iterations: 1
Level: 11
swaps size : 4
Total taxon count : 5
Cg : -161.43220079583674
swaps size : 5
Total taxon count : 5
Cg : 0.0
#iterations: 1
Level: 12
swaps size : 1
Total taxon count : 4
Cg : -37.96730276247315
swaps size : 0
Total taxon count : 4
Cg : 0.0
#iterations: 1

Elapsed Time taken = 139257 ms ==> 2 minutes and 19 seconds.
CPU time used: 2 minutes, 18 seconds
10
Running WQFM Tree for 10...
Input file: 100taxa/DOI-10-13012-b2idb-5721322_v1/estimated/ntaxa-100.dlrate-0.0000000005.psize-10000000/10/g_trees-raxml-sqlen-25-disco-rooted-cleaned.tre
Consensus file: 100taxa/DOI-10-13012-b2idb-5721322_v1/estimated/ntaxa-100.dlrate-0.0000000005.psize-10000000/10/cons-25.greedy.tree
Output file: 100taxa/DOI-10-13012-b2idb-5721322_v1/estimated/ntaxa-100.dlrate-0.0000000005.psize-10000000/10/g_trees-raxml-sqlen-25-wqfm-tree.tre
Comp graph nodes count : 171310
Internal nodes count : 70384
taxa count : 100
Gene trees count : 998
Level: 1
swaps size : 100
Total taxon count : 100
Cg : 0.0
swaps size : 100
Total taxon count : 100
Cg : 0.0
#iterations: 1
Level: 2
swaps size : 44
Total taxon count : 44
Cg : -6.984919309616089E-10
#iterations: 0
Level: 3
swaps size : 21
Total taxon count : 21
Cg : -1.4551915228366852E-11
#iterations: 0
Level: 4
swaps size : 15
Total taxon count : 15
Cg : 1.4551915228366852E-11
#iterations: 0
Level: 5
swaps size : 6
Total taxon count : 6
Cg : -2.5011104298755527E-12
#iterations: 0
Level: 6
swaps size : 5
Total taxon count : 5
Cg : -3.979039320256561E-13
#iterations: 0
Level: 7
swaps size : 1
Total taxon count : 4
Cg : -80.12833907685886
swaps size : 0
Total taxon count : 4
Cg : 0.0
#iterations: 1
Level: 5
swaps size : 11
Total taxon count : 11
Cg : 2.7284841053187847E-11
#iterations: 0
Level: 6
swaps size : 1
Total taxon count : 4
Cg : -57.351770050125396
swaps size : 0
Total taxon count : 4
Cg : 0.0
#iterations: 1
Level: 6
swaps size : 8
Total taxon count : 9
Cg : -1334.5981551099856
swaps size : 9
Total taxon count : 9
Cg : 2.7284841053187847E-12
#iterations: 1
Level: 7
swaps size : 7
Total taxon count : 8
Cg : -886.7198099415165
swaps size : 8
Total taxon count : 8
Cg : -3.637978807091713E-12
swaps size : 8
Total taxon count : 8
Cg : 4.320099833421409E-12
#iterations: 2
Level: 8
swaps size : 6
Total taxon count : 7
Cg : -658.2070436507911
swaps size : 7
Total taxon count : 7
Cg : 4.547473508864641E-12
#iterations: 1
Level: 9
swaps size : 5
Total taxon count : 6
Cg : -370.67482856446577
swaps size : 6
Total taxon count : 6
Cg : 4.547473508864641E-13
#iterations: 1
Level: 10
swaps size : 4
Total taxon count : 5
Cg : -187.71113721804517
swaps size : 5
Total taxon count : 5
Cg : 5.684341886080802E-14
#iterations: 1
Level: 11
swaps size : 1
Total taxon count : 4
Cg : -56.18872441520469
swaps size : 0
Total taxon count : 4
Cg : 0.0
#iterations: 1
Level: 4
swaps size : 8
Total taxon count : 8
Cg : 4.092726157978177E-12
#iterations: 0
Level: 5
swaps size : 0
Total taxon count : 4
Cg : 0.0
#iterations: 0
Level: 5
swaps size : 6
Total taxon count : 6
Cg : -5.684341886080801E-13
#iterations: 0
Level: 6
swaps size : 4
Total taxon count : 5
Cg : -69.87831558061796
swaps size : 5
Total taxon count : 5
Cg : -7.105427357601002E-14
#iterations: 1
Level: 7
swaps size : 1
Total taxon count : 4
Cg : -13.736463554720125
swaps size : 0
Total taxon count : 4
Cg : 0.0
#iterations: 1
Level: 3
swaps size : 25
Total taxon count : 25
Cg : -1.7462298274040222E-10
#iterations: 0
Level: 4
swaps size : 12
Total taxon count : 12
Cg : -2.546585164964199E-11
#iterations: 0
Level: 5
swaps size : 0
Total taxon count : 4
Cg : 0.0
#iterations: 0
Level: 5
swaps size : 10
Total taxon count : 10
Cg : 2.4556356947869062E-11
#iterations: 0
Level: 6
swaps size : 0
Total taxon count : 4
Cg : 0.0
#iterations: 0
Level: 6
swaps size : 8
Total taxon count : 8
Cg : -9.094947017729282E-13
#iterations: 0
Level: 7
swaps size : 4
Total taxon count : 5
Cg : -304.21170634920634
swaps size : 5
Total taxon count : 5
Cg : -1.1368683772161603E-13
#iterations: 1
Level: 8
swaps size : 1
Total taxon count : 4
Cg : -54.83759659565568
swaps size : 0
Total taxon count : 4
Cg : 0.0
#iterations: 1
Level: 7
swaps size : 4
Total taxon count : 5
Cg : -139.90992585630678
swaps size : 5
Total taxon count : 5
Cg : -5.684341886080802E-14
swaps size : 5
Total taxon count : 5
Cg : 1.4210854715202004E-14
#iterations: 2
Level: 8
swaps size : 1
Total taxon count : 4
Cg : -31.118428884711747
swaps size : 0
Total taxon count : 4
Cg : 0.0
#iterations: 1
Level: 4
swaps size : 15
Total taxon count : 15
Cg : -9.094947017729282E-12
#iterations: 0
Level: 5
swaps size : 5
Total taxon count : 5
Cg : -6.821210263296962E-13
#iterations: 0
Level: 6
swaps size : 0
Total taxon count : 4
Cg : 0.0
#iterations: 0
Level: 5
swaps size : 12
Total taxon count : 12
Cg : 9.094947017729282E-12
#iterations: 0
Level: 6
swaps size : 8
Total taxon count : 8
Cg : 4.320099833421409E-12
#iterations: 0
Level: 7
swaps size : 4
Total taxon count : 5
Cg : -228.54427830940995
swaps size : 5
Total taxon count : 5
Cg : -1.1368683772161603E-13
#iterations: 1
Level: 8
swaps size : 1
Total taxon count : 4
Cg : -62.19946371610844
swaps size : 0
Total taxon count : 4
Cg : 0.0
#iterations: 1
Level: 7
swaps size : 4
Total taxon count : 5
Cg : -69.12258373205734
swaps size : 5
Total taxon count : 5
Cg : 1.4210854715202004E-14
#iterations: 1
Level: 8
swaps size : 1
Total taxon count : 4
Cg : -27.17658293460923
swaps size : 0
Total taxon count : 4
Cg : 0.0
#iterations: 1
Level: 6
swaps size : 6
Total taxon count : 6
Cg : 1.1368683772161603E-13
#iterations: 0
Level: 7
swaps size : 4
Total taxon count : 5
Cg : -38.22661483253585
swaps size : 5
Total taxon count : 5
Cg : -1.7763568394002505E-14
#iterations: 1
Level: 8
swaps size : 1
Total taxon count : 4
Cg : -11.281524122807005
swaps size : 0
Total taxon count : 4
Cg : 0.0
#iterations: 1
Level: 2
swaps size : 58
Total taxon count : 58
Cg : 3.259629011154175E-9
#iterations: 0
Level: 3
swaps size : 16
Total taxon count : 16
Cg : 4.3655745685100555E-11
#iterations: 0
Level: 4
swaps size : 5
Total taxon count : 5
Cg : -1.1368683772161603E-13
#iterations: 0
Level: 5
swaps size : 0
Total taxon count : 4
Cg : 0.0
#iterations: 0
Level: 4
swaps size : 13
Total taxon count : 13
Cg : 1.4551915228366852E-11
#iterations: 0
Level: 5
swaps size : 1
Total taxon count : 4
Cg : -71.44659275283922
swaps size : 0
Total taxon count : 4
Cg : 0.0
#iterations: 1
Level: 5
swaps size : 11
Total taxon count : 11
Cg : 6.366462912410498E-12
#iterations: 0
Level: 6
swaps size : 0
Total taxon count : 4
Cg : 0.0
#iterations: 0
Level: 6
swaps size : 9
Total taxon count : 9
Cg : 9.094947017729282E-13
#iterations: 0
Level: 7
swaps size : 8
Total taxon count : 8
Cg : -3.865352482534945E-12
#iterations: 0
Level: 8
swaps size : 5
Total taxon count : 6
Cg : -286.5231606674296
swaps size : 6
Total taxon count : 6
Cg : -4.547473508864641E-13
#iterations: 1
Level: 9
swaps size : 4
Total taxon count : 5
Cg : -147.8374396570714
swaps size : 5
Total taxon count : 5
Cg : 1.1368683772161603E-13
#iterations: 1
Level: 10
swaps size : 1
Total taxon count : 4
Cg : -45.52154881016754
swaps size : 0
Total taxon count : 4
Cg : 0.0
#iterations: 1
Level: 8
swaps size : 1
Total taxon count : 4
Cg : -15.456108406946708
swaps size : 0
Total taxon count : 4
Cg : 0.0
#iterations: 1
Level: 3
swaps size : 44
Total taxon count : 44
Cg : 4.656612873077393E-10
swaps size : 44
Total taxon count : 44
Cg : -1.0477378964424133E-9
swaps size : 44
Total taxon count : 44
Cg : -2.3283064365386963E-10
#iterations: 2
Level: 4
swaps size : 27
Total taxon count : 27
Cg : 1.1641532182693481E-10
#iterations: 0
Level: 5
swaps size : 12
Total taxon count : 12
Cg : 9.094947017729282E-12
#iterations: 0
Level: 6
swaps size : 5
Total taxon count : 5
Cg : -1.1368683772161603E-13
#iterations: 0
Level: 7
swaps size : 0
Total taxon count : 4
Cg : 0.0
#iterations: 0
Level: 6
swaps size : 9
Total taxon count : 9
Cg : 2.2737367544323206E-12
#iterations: 0
Level: 7
swaps size : 8
Total taxon count : 8
Cg : 2.7284841053187847E-12
#iterations: 0
Level: 8
swaps size : 7
Total taxon count : 7
Cg : 6.821210263296962E-13
#iterations: 0
Level: 9
swaps size : 5
Total taxon count : 6
Cg : -244.63286868809269
swaps size : 6
Total taxon count : 6
Cg : -1.0800249583553523E-12
#iterations: 1
Level: 10
swaps size : 4
Total taxon count : 5
Cg : -131.360598184485
swaps size : 5
Total taxon count : 5
Cg : 7.105427357601002E-14
#iterations: 1
Level: 11
swaps size : 1
Total taxon count : 4
Cg : -25.67065686234924
swaps size : 0
Total taxon count : 4
Cg : 0.0
#iterations: 1
Level: 5
swaps size : 17
Total taxon count : 17
Cg : 1.0913936421275139E-11
#iterations: 0
Level: 6
swaps size : 6
Total taxon count : 6
Cg : -2.2737367544323206E-13
#iterations: 0
Level: 7
swaps size : 4
Total taxon count : 5
Cg : -178.067863388406
swaps size : 5
Total taxon count : 5
Cg : -8.526512829121202E-14
#iterations: 1
Level: 8
swaps size : 1
Total taxon count : 4
Cg : -37.37400637512072
swaps size : 0
Total taxon count : 4
Cg : 0.0
#iterations: 1
Level: 6
swaps size : 13
Total taxon count : 13
Cg : 6.366462912410498E-12
#iterations: 0
Level: 7
swaps size : 0
Total taxon count : 4
Cg : 0.0
#iterations: 0
Level: 7
swaps size : 11
Total taxon count : 11
Cg : 1.3642420526593924E-12
#iterations: 0
Level: 8
swaps size : 1
Total taxon count : 4
Cg : -13.437369822253487
swaps size : 0
Total taxon count : 4
Cg : 0.0
#iterations: 1
Level: 8
swaps size : 8
Total taxon count : 9
Cg : -488.87967130390246
swaps size : 9
Total taxon count : 9
Cg : 6.934897101018578E-12
#iterations: 1
Level: 9
swaps size : 7
Total taxon count : 8
Cg : -288.46191458077664
swaps size : 8
Total taxon count : 8
Cg : -3.296918293926865E-12
swaps size : 8
Total taxon count : 8
Cg : 3.240074875066057E-12
#iterations: 2
Level: 10
swaps size : 6
Total taxon count : 7
Cg : -198.94209036967416
swaps size : 7
Total taxon count : 7
Cg : -5.684341886080802E-14
#iterations: 1
Level: 11
swaps size : 5
Total taxon count : 6
Cg : -100.38550183140576
swaps size : 6
Total taxon count : 6
Cg : -3.694822225952521E-13
#iterations: 1
Level: 12
swaps size : 4
Total taxon count : 5
Cg : -77.12526927326633
swaps size : 5
Total taxon count : 5
Cg : -1.4210854715202004E-14
#iterations: 1
Level: 13
swaps size : 1
Total taxon count : 4
Cg : -15.452166366507402
swaps size : 0
Total taxon count : 4
Cg : 0.0
#iterations: 1
Level: 4
swaps size : 19
Total taxon count : 19
Cg : -1.4551915228366852E-11
#iterations: 0
Level: 5
swaps size : 7
Total taxon count : 7
Cg : 0.0
#iterations: 0
Level: 6
swaps size : 0
Total taxon count : 4
Cg : 0.0
#iterations: 0
Level: 6
swaps size : 5
Total taxon count : 5
Cg : 1.1368683772161603E-12
#iterations: 0
Level: 7
swaps size : 0
Total taxon count : 4
Cg : 0.0
#iterations: 0
Level: 5
swaps size : 14
Total taxon count : 14
Cg : 1.8189894035458565E-12
#iterations: 0
Level: 6
swaps size : 0
Total taxon count : 4
Cg : 0.0
#iterations: 0
Level: 6
swaps size : 12
Total taxon count : 12
Cg : 9.094947017729282E-13
#iterations: 0
Level: 7
swaps size : 5
Total taxon count : 5
Cg : 2.842170943040401E-14
#iterations: 0
Level: 8
swaps size : 1
Total taxon count : 4
Cg : -34.343839445438284
swaps size : 0
Total taxon count : 4
Cg : 0.0
#iterations: 1
Level: 7
swaps size : 9
Total taxon count : 9
Cg : -3.979039320256561E-12
#iterations: 0
Level: 8
swaps size : 7
Total taxon count : 8
Cg : -175.2772560127227
swaps size : 8
Total taxon count : 8
Cg : -7.673861546209082E-13
#iterations: 1
Level: 9
swaps size : 6
Total taxon count : 7
Cg : -117.2719538859079
swaps size : 7
Total taxon count : 7
Cg : 1.5063505998114124E-12
#iterations: 1
Level: 10
swaps size : 5
Total taxon count : 6
Cg : -70.69851876697862
swaps size : 6
Total taxon count : 6
Cg : 4.831690603168681E-13
#iterations: 1
Level: 11
swaps size : 4
Total taxon count : 5
Cg : -42.11936742198408
swaps size : 5
Total taxon count : 5
Cg : 0.0
#iterations: 1
Level: 12
swaps size : 1
Total taxon count : 4
Cg : -14.790529343073011
swaps size : 0
Total taxon count : 4
Cg : 0.0
#iterations: 1

Elapsed Time taken = 141234 ms ==> 2 minutes and 21 seconds.
CPU time used: 2 minutes, 20 seconds
01
02
03
04
05
06
07
08
09
10
01
02
03
04
05
06
07
08
09
10
